[2024-10-13T17:58:48.291-0400] {local_task_job_runner.py:123} INFO - ::group::Pre task execution logs
[2024-10-13T17:58:48.304-0400] {taskinstance.py:2612} INFO - Dependencies all met for dep_context=non-requeueable deps ti=<TaskInstance: bixi_etl_pipeline.extract_task manual__2024-10-13T21:58:32.343179+00:00 [queued]>
[2024-10-13T17:58:48.312-0400] {taskinstance.py:2612} INFO - Dependencies all met for dep_context=requeueable deps ti=<TaskInstance: bixi_etl_pipeline.extract_task manual__2024-10-13T21:58:32.343179+00:00 [queued]>
[2024-10-13T17:58:48.312-0400] {taskinstance.py:2865} INFO - Starting attempt 1 of 1
[2024-10-13T17:58:48.330-0400] {taskinstance.py:2888} INFO - Executing <Task(PythonOperator): extract_task> on 2024-10-13 21:58:32.343179+00:00
[2024-10-13T17:58:48.339-0400] {standard_task_runner.py:72} INFO - Started process 86144 to run task
[2024-10-13T17:58:48.346-0400] {clientserver.py:543} INFO - Closing down clientserver connection
[2024-10-13T17:58:48.357-0400] {standard_task_runner.py:104} INFO - Running: ['airflow', 'tasks', 'run', 'bixi_etl_pipeline', 'extract_task', 'manual__2024-10-13T21:58:32.343179+00:00', '--job-id', '194', '--raw', '--subdir', 'DAGS_FOLDER/bixi_etl_pipeline.py', '--cfg-path', '/var/folders/bj/4z3t139j7xj2qng4wk4y16ym0000gn/T/tmpuyw3gp2i']
[2024-10-13T17:58:48.358-0400] {standard_task_runner.py:105} INFO - Job 194: Subtask extract_task
[2024-10-13T17:58:48.425-0400] {task_command.py:467} INFO - Running <TaskInstance: bixi_etl_pipeline.extract_task manual__2024-10-13T21:58:32.343179+00:00 [running]> on host karendembp.home
[2024-10-13T17:58:48.709-0400] {taskinstance.py:3131} INFO - Exporting env vars: AIRFLOW_CTX_DAG_OWNER='airflow' AIRFLOW_CTX_DAG_ID='bixi_etl_pipeline' AIRFLOW_CTX_TASK_ID='extract_task' AIRFLOW_CTX_EXECUTION_DATE='2024-10-13T21:58:32.343179+00:00' AIRFLOW_CTX_TRY_NUMBER='1' AIRFLOW_CTX_DAG_RUN_ID='manual__2024-10-13T21:58:32.343179+00:00'
[2024-10-13T17:58:48.711-0400] {logging_mixin.py:190} INFO - Task instance is in running state
[2024-10-13T17:58:48.712-0400] {logging_mixin.py:190} INFO -  Previous state of the Task instance: queued
[2024-10-13T17:58:48.713-0400] {logging_mixin.py:190} INFO - Current task name:extract_task state:running start_date:2024-10-13 21:58:48.304876+00:00
[2024-10-13T17:58:48.714-0400] {logging_mixin.py:190} INFO - Dag name:bixi_etl_pipeline and current dag run status:running
[2024-10-13T17:58:48.715-0400] {taskinstance.py:731} INFO - ::endgroup::
[2024-10-13T17:58:49.120-0400] {logging_mixin.py:190} INFO - 1 1728855818
[2024-10-13T17:58:49.121-0400] {logging_mixin.py:190} INFO - 2 1728856707
[2024-10-13T17:58:49.122-0400] {logging_mixin.py:190} INFO - 3 1728856547
[2024-10-13T17:58:49.123-0400] {logging_mixin.py:190} INFO - 4 1728855843
[2024-10-13T17:58:49.124-0400] {logging_mixin.py:190} INFO - 5 1728853785
[2024-10-13T17:58:49.125-0400] {logging_mixin.py:190} INFO - 6 1728856648
[2024-10-13T17:58:49.125-0400] {logging_mixin.py:190} INFO - 7 1728856516
[2024-10-13T17:58:49.126-0400] {logging_mixin.py:190} INFO - 8 1728856443
[2024-10-13T17:58:49.127-0400] {logging_mixin.py:190} INFO - 9 1728856695
[2024-10-13T17:58:49.128-0400] {logging_mixin.py:190} INFO - 10 1728853478
[2024-10-13T17:58:49.129-0400] {logging_mixin.py:190} INFO - 11 1728856506
[2024-10-13T17:58:49.130-0400] {logging_mixin.py:190} INFO - 12 1728856512
[2024-10-13T17:58:49.131-0400] {logging_mixin.py:190} INFO - 13 1728856495
[2024-10-13T17:58:49.132-0400] {logging_mixin.py:190} INFO - 14 1728856496
[2024-10-13T17:58:49.133-0400] {logging_mixin.py:190} INFO - 15 1728856510
[2024-10-13T17:58:49.134-0400] {logging_mixin.py:190} INFO - 16 1728852968
[2024-10-13T17:58:49.135-0400] {logging_mixin.py:190} INFO - 17 1728856640
[2024-10-13T17:58:49.136-0400] {logging_mixin.py:190} INFO - 18 1728856608
[2024-10-13T17:58:49.137-0400] {logging_mixin.py:190} INFO - 19 1728856475
[2024-10-13T17:58:49.138-0400] {logging_mixin.py:190} INFO - 20 1728856657
[2024-10-13T17:58:49.139-0400] {logging_mixin.py:190} INFO - 21 1728856372
[2024-10-13T17:58:49.140-0400] {logging_mixin.py:190} INFO - 22 1728856289
[2024-10-13T17:58:49.141-0400] {logging_mixin.py:190} INFO - 24 1728856053
[2024-10-13T17:58:49.142-0400] {logging_mixin.py:190} INFO - 25 1728856716
[2024-10-13T17:58:49.142-0400] {logging_mixin.py:190} INFO - 26 1728856095
[2024-10-13T17:58:49.143-0400] {logging_mixin.py:190} INFO - 28 1728856012
[2024-10-13T17:58:49.143-0400] {logging_mixin.py:190} INFO - 30 1728856504
[2024-10-13T17:58:49.144-0400] {logging_mixin.py:190} INFO - 31 1728856579
[2024-10-13T17:58:49.145-0400] {logging_mixin.py:190} INFO - 32 1728856369
[2024-10-13T17:58:49.146-0400] {logging_mixin.py:190} INFO - 34 1728856500
[2024-10-13T17:58:49.147-0400] {logging_mixin.py:190} INFO - 35 1728856606
[2024-10-13T17:58:49.148-0400] {logging_mixin.py:190} INFO - 36 1728856539
[2024-10-13T17:58:49.149-0400] {logging_mixin.py:190} INFO - 37 1728856627
[2024-10-13T17:58:49.149-0400] {logging_mixin.py:190} INFO - 38 1728855293
[2024-10-13T17:58:49.150-0400] {logging_mixin.py:190} INFO - 39 1728856590
[2024-10-13T17:58:49.151-0400] {logging_mixin.py:190} INFO - 40 1728855986
[2024-10-13T17:58:49.152-0400] {logging_mixin.py:190} INFO - 41 1728855189
[2024-10-13T17:58:49.153-0400] {logging_mixin.py:190} INFO - 43 1728855397
[2024-10-13T17:58:49.154-0400] {logging_mixin.py:190} INFO - 45 1728850821
[2024-10-13T17:58:49.155-0400] {logging_mixin.py:190} INFO - 46 1728856705
[2024-10-13T17:58:49.156-0400] {logging_mixin.py:190} INFO - 47 1728856094
[2024-10-13T17:58:49.157-0400] {logging_mixin.py:190} INFO - 48 1728855146
[2024-10-13T17:58:49.157-0400] {logging_mixin.py:190} INFO - 49 1728856283
[2024-10-13T17:58:49.158-0400] {logging_mixin.py:190} INFO - 50 1728856464
[2024-10-13T17:58:49.159-0400] {logging_mixin.py:190} INFO - 51 1728856310
[2024-10-13T17:58:49.160-0400] {logging_mixin.py:190} INFO - 52 1728855902
[2024-10-13T17:58:49.161-0400] {logging_mixin.py:190} INFO - 55 1728855430
[2024-10-13T17:58:49.162-0400] {logging_mixin.py:190} INFO - 56 1728855866
[2024-10-13T17:58:49.163-0400] {logging_mixin.py:190} INFO - 57 1728856392
[2024-10-13T17:58:49.164-0400] {logging_mixin.py:190} INFO - 59 1728856713
[2024-10-13T17:58:49.165-0400] {logging_mixin.py:190} INFO - 60 1728855287
[2024-10-13T17:58:49.165-0400] {logging_mixin.py:190} INFO - 61 1728856010
[2024-10-13T17:58:49.166-0400] {logging_mixin.py:190} INFO - 62 1728856658
[2024-10-13T17:58:49.167-0400] {logging_mixin.py:190} INFO - 63 1728856085
[2024-10-13T17:58:49.167-0400] {logging_mixin.py:190} INFO - 64 1728854171
[2024-10-13T17:58:49.168-0400] {logging_mixin.py:190} INFO - 65 1728856113
[2024-10-13T17:58:49.168-0400] {logging_mixin.py:190} INFO - 67 1728856624
[2024-10-13T17:58:49.169-0400] {logging_mixin.py:190} INFO - 68 1728856662
[2024-10-13T17:58:49.170-0400] {logging_mixin.py:190} INFO - 69 1728855758
[2024-10-13T17:58:49.170-0400] {logging_mixin.py:190} INFO - 71 1728856038
[2024-10-13T17:58:49.171-0400] {logging_mixin.py:190} INFO - 72 1728856625
[2024-10-13T17:58:49.171-0400] {logging_mixin.py:190} INFO - 73 1728856657
[2024-10-13T17:58:49.172-0400] {logging_mixin.py:190} INFO - 74 1728855728
[2024-10-13T17:58:49.173-0400] {logging_mixin.py:190} INFO - 75 1728854046
[2024-10-13T17:58:49.174-0400] {logging_mixin.py:190} INFO - 76 1728854620
[2024-10-13T17:58:49.175-0400] {logging_mixin.py:190} INFO - 77 1728856631
[2024-10-13T17:58:49.176-0400] {logging_mixin.py:190} INFO - 78 1728856686
[2024-10-13T17:58:49.177-0400] {logging_mixin.py:190} INFO - 79 1728856389
[2024-10-13T17:58:49.178-0400] {logging_mixin.py:190} INFO - 80 1728854804
[2024-10-13T17:58:49.178-0400] {logging_mixin.py:190} INFO - 81 1728856691
[2024-10-13T17:58:49.179-0400] {logging_mixin.py:190} INFO - 82 1728856683
[2024-10-13T17:58:49.180-0400] {logging_mixin.py:190} INFO - 83 1728856706
[2024-10-13T17:58:49.181-0400] {logging_mixin.py:190} INFO - 84 1728856699
[2024-10-13T17:58:49.181-0400] {logging_mixin.py:190} INFO - 85 1728856037
[2024-10-13T17:58:49.182-0400] {logging_mixin.py:190} INFO - 86 1728856559
[2024-10-13T17:58:49.183-0400] {logging_mixin.py:190} INFO - 87 1728856278
[2024-10-13T17:58:49.184-0400] {logging_mixin.py:190} INFO - 88 1728856320
[2024-10-13T17:58:49.185-0400] {logging_mixin.py:190} INFO - 89 1728856117
[2024-10-13T17:58:49.186-0400] {logging_mixin.py:190} INFO - 91 1728855112
[2024-10-13T17:58:49.186-0400] {logging_mixin.py:190} INFO - 92 1728854175
[2024-10-13T17:58:49.187-0400] {logging_mixin.py:190} INFO - 93 1728855432
[2024-10-13T17:58:49.188-0400] {logging_mixin.py:190} INFO - 94 1728856404
[2024-10-13T17:58:49.189-0400] {logging_mixin.py:190} INFO - 95 1728856565
[2024-10-13T17:58:49.190-0400] {logging_mixin.py:190} INFO - 96 1728856659
[2024-10-13T17:58:49.190-0400] {logging_mixin.py:190} INFO - 97 1728851819
[2024-10-13T17:58:49.191-0400] {logging_mixin.py:190} INFO - 99 1728854375
[2024-10-13T17:58:49.191-0400] {logging_mixin.py:190} INFO - 100 1728856105
[2024-10-13T17:58:49.192-0400] {logging_mixin.py:190} INFO - 101 1728856452
[2024-10-13T17:58:49.193-0400] {logging_mixin.py:190} INFO - 102 1728856071
[2024-10-13T17:58:49.193-0400] {logging_mixin.py:190} INFO - 103 1728856570
[2024-10-13T17:58:49.194-0400] {logging_mixin.py:190} INFO - 105 1728856068
[2024-10-13T17:58:49.194-0400] {logging_mixin.py:190} INFO - 106 1728856624
[2024-10-13T17:58:49.195-0400] {logging_mixin.py:190} INFO - 107 1728855777
[2024-10-13T17:58:49.196-0400] {logging_mixin.py:190} INFO - 108 1728856657
[2024-10-13T17:58:49.197-0400] {logging_mixin.py:190} INFO - 109 1728856377
[2024-10-13T17:58:49.198-0400] {logging_mixin.py:190} INFO - 110 1728855805
[2024-10-13T17:58:49.199-0400] {logging_mixin.py:190} INFO - 111 1728855952
[2024-10-13T17:58:49.199-0400] {logging_mixin.py:190} INFO - 112 1728854550
[2024-10-13T17:58:49.200-0400] {logging_mixin.py:190} INFO - 113 1728856255
[2024-10-13T17:58:49.201-0400] {logging_mixin.py:190} INFO - 114 1728854967
[2024-10-13T17:58:49.201-0400] {logging_mixin.py:190} INFO - 115 1728856503
[2024-10-13T17:58:49.202-0400] {logging_mixin.py:190} INFO - 116 1728855340
[2024-10-13T17:58:49.203-0400] {logging_mixin.py:190} INFO - 118 1728856115
[2024-10-13T17:58:49.203-0400] {logging_mixin.py:190} INFO - 119 1728856331
[2024-10-13T17:58:49.204-0400] {logging_mixin.py:190} INFO - 120 1728856323
[2024-10-13T17:58:49.205-0400] {logging_mixin.py:190} INFO - 121 1728855377
[2024-10-13T17:58:49.206-0400] {logging_mixin.py:190} INFO - 122 1728856656
[2024-10-13T17:58:49.207-0400] {logging_mixin.py:190} INFO - 123 1728856251
[2024-10-13T17:58:49.207-0400] {logging_mixin.py:190} INFO - 124 1728856201
[2024-10-13T17:58:49.208-0400] {logging_mixin.py:190} INFO - 125 1728856419
[2024-10-13T17:58:49.208-0400] {logging_mixin.py:190} INFO - 126 1728856692
[2024-10-13T17:58:49.209-0400] {logging_mixin.py:190} INFO - 127 1728856661
[2024-10-13T17:58:49.210-0400] {logging_mixin.py:190} INFO - 128 1728856519
[2024-10-13T17:58:49.210-0400] {logging_mixin.py:190} INFO - 129 1728856509
[2024-10-13T17:58:49.211-0400] {logging_mixin.py:190} INFO - 131 1728855583
[2024-10-13T17:58:49.212-0400] {logging_mixin.py:190} INFO - 132 1728856393
[2024-10-13T17:58:49.212-0400] {logging_mixin.py:190} INFO - 133 1728856637
[2024-10-13T17:58:49.213-0400] {logging_mixin.py:190} INFO - 134 1728856712
[2024-10-13T17:58:49.213-0400] {logging_mixin.py:190} INFO - 135 1728856118
[2024-10-13T17:58:49.214-0400] {logging_mixin.py:190} INFO - 136 1728854406
[2024-10-13T17:58:49.215-0400] {logging_mixin.py:190} INFO - 137 1728856091
[2024-10-13T17:58:49.215-0400] {logging_mixin.py:190} INFO - 138 1728856416
[2024-10-13T17:58:49.216-0400] {logging_mixin.py:190} INFO - 139 1728855723
[2024-10-13T17:58:49.217-0400] {logging_mixin.py:190} INFO - 140 1728856370
[2024-10-13T17:58:49.217-0400] {logging_mixin.py:190} INFO - 141 1728856624
[2024-10-13T17:58:49.218-0400] {logging_mixin.py:190} INFO - 142 1728856324
[2024-10-13T17:58:49.219-0400] {logging_mixin.py:190} INFO - 143 1728856680
[2024-10-13T17:58:49.220-0400] {logging_mixin.py:190} INFO - 144 1728856456
[2024-10-13T17:58:49.220-0400] {logging_mixin.py:190} INFO - 145 1728856041
[2024-10-13T17:58:49.221-0400] {logging_mixin.py:190} INFO - 146 1728856080
[2024-10-13T17:58:49.221-0400] {logging_mixin.py:190} INFO - 147 1728856686
[2024-10-13T17:58:49.222-0400] {logging_mixin.py:190} INFO - 148 1728856689
[2024-10-13T17:58:49.223-0400] {logging_mixin.py:190} INFO - 149 1728855896
[2024-10-13T17:58:49.223-0400] {logging_mixin.py:190} INFO - 150 1728856681
[2024-10-13T17:58:49.224-0400] {logging_mixin.py:190} INFO - 151 1728856020
[2024-10-13T17:58:49.224-0400] {logging_mixin.py:190} INFO - 152 1728856711
[2024-10-13T17:58:49.225-0400] {logging_mixin.py:190} INFO - 153 1728856287
[2024-10-13T17:58:49.226-0400] {logging_mixin.py:190} INFO - 154 1728856673
[2024-10-13T17:58:49.226-0400] {logging_mixin.py:190} INFO - 155 1728856462
[2024-10-13T17:58:49.227-0400] {logging_mixin.py:190} INFO - 156 1728856201
[2024-10-13T17:58:49.227-0400] {logging_mixin.py:190} INFO - 157 1728856692
[2024-10-13T17:58:49.228-0400] {logging_mixin.py:190} INFO - 158 1728856458
[2024-10-13T17:58:49.229-0400] {logging_mixin.py:190} INFO - 159 1728855617
[2024-10-13T17:58:49.230-0400] {logging_mixin.py:190} INFO - 160 1728856429
[2024-10-13T17:58:49.230-0400] {logging_mixin.py:190} INFO - 161 1728856707
[2024-10-13T17:58:49.231-0400] {logging_mixin.py:190} INFO - 162 1728854857
[2024-10-13T17:58:49.232-0400] {logging_mixin.py:190} INFO - 163 1728856670
[2024-10-13T17:58:49.233-0400] {logging_mixin.py:190} INFO - 164 1728856671
[2024-10-13T17:58:49.233-0400] {logging_mixin.py:190} INFO - 165 1728856560
[2024-10-13T17:58:49.234-0400] {logging_mixin.py:190} INFO - 166 1728856277
[2024-10-13T17:58:49.235-0400] {logging_mixin.py:190} INFO - 167 1728856428
[2024-10-13T17:58:49.236-0400] {logging_mixin.py:190} INFO - 168 1728856356
[2024-10-13T17:58:49.236-0400] {logging_mixin.py:190} INFO - 169 1728856617
[2024-10-13T17:58:49.237-0400] {logging_mixin.py:190} INFO - 170 1728856637
[2024-10-13T17:58:49.238-0400] {logging_mixin.py:190} INFO - 171 1728856715
[2024-10-13T17:58:49.238-0400] {logging_mixin.py:190} INFO - 173 1728856263
[2024-10-13T17:58:49.239-0400] {logging_mixin.py:190} INFO - 174 1728856673
[2024-10-13T17:58:49.239-0400] {logging_mixin.py:190} INFO - 176 1728856633
[2024-10-13T17:58:49.240-0400] {logging_mixin.py:190} INFO - 177 1728856559
[2024-10-13T17:58:49.241-0400] {logging_mixin.py:190} INFO - 178 1728856576
[2024-10-13T17:58:49.241-0400] {logging_mixin.py:190} INFO - 179 1728856707
[2024-10-13T17:58:49.242-0400] {logging_mixin.py:190} INFO - 180 1728852932
[2024-10-13T17:58:49.242-0400] {logging_mixin.py:190} INFO - 181 1728856351
[2024-10-13T17:58:49.243-0400] {logging_mixin.py:190} INFO - 182 1728856634
[2024-10-13T17:58:49.244-0400] {logging_mixin.py:190} INFO - 183 1728856150
[2024-10-13T17:58:49.244-0400] {logging_mixin.py:190} INFO - 184 1728856682
[2024-10-13T17:58:49.245-0400] {logging_mixin.py:190} INFO - 185 1728854879
[2024-10-13T17:58:49.245-0400] {logging_mixin.py:190} INFO - 186 1728856058
[2024-10-13T17:58:49.246-0400] {logging_mixin.py:190} INFO - 187 1728854921
[2024-10-13T17:58:49.247-0400] {logging_mixin.py:190} INFO - 188 1728855700
[2024-10-13T17:58:49.247-0400] {logging_mixin.py:190} INFO - 189 1728856630
[2024-10-13T17:58:49.248-0400] {logging_mixin.py:190} INFO - 190 1728856612
[2024-10-13T17:58:49.248-0400] {logging_mixin.py:190} INFO - 191 1728856141
[2024-10-13T17:58:49.249-0400] {logging_mixin.py:190} INFO - 192 1728856597
[2024-10-13T17:58:49.250-0400] {logging_mixin.py:190} INFO - 193 1728855631
[2024-10-13T17:58:49.250-0400] {logging_mixin.py:190} INFO - 194 1728856184
[2024-10-13T17:58:49.251-0400] {logging_mixin.py:190} INFO - 195 1728856191
[2024-10-13T17:58:49.251-0400] {logging_mixin.py:190} INFO - 196 1728856557
[2024-10-13T17:58:49.252-0400] {logging_mixin.py:190} INFO - 197 1728856317
[2024-10-13T17:58:49.253-0400] {logging_mixin.py:190} INFO - 198 1728855125
[2024-10-13T17:58:49.253-0400] {logging_mixin.py:190} INFO - 199 1728856606
[2024-10-13T17:58:49.254-0400] {logging_mixin.py:190} INFO - 200 1728855801
[2024-10-13T17:58:49.254-0400] {logging_mixin.py:190} INFO - 201 1728856557
[2024-10-13T17:58:49.255-0400] {logging_mixin.py:190} INFO - 202 1728854252
[2024-10-13T17:58:49.256-0400] {logging_mixin.py:190} INFO - 203 1728856688
[2024-10-13T17:58:49.256-0400] {logging_mixin.py:190} INFO - 204 1728856590
[2024-10-13T17:58:49.257-0400] {logging_mixin.py:190} INFO - 205 1728856646
[2024-10-13T17:58:49.258-0400] {logging_mixin.py:190} INFO - 206 1728856600
[2024-10-13T17:58:49.259-0400] {logging_mixin.py:190} INFO - 207 1728856464
[2024-10-13T17:58:49.260-0400] {logging_mixin.py:190} INFO - 208 1728856698
[2024-10-13T17:58:49.261-0400] {logging_mixin.py:190} INFO - 209 1728856541
[2024-10-13T17:58:49.262-0400] {logging_mixin.py:190} INFO - 210 1728856532
[2024-10-13T17:58:49.263-0400] {logging_mixin.py:190} INFO - 211 1728856583
[2024-10-13T17:58:49.263-0400] {logging_mixin.py:190} INFO - 212 1728391856
[2024-10-13T17:58:49.264-0400] {logging_mixin.py:190} INFO - 213 1728856670
[2024-10-13T17:58:49.265-0400] {logging_mixin.py:190} INFO - 214 1728856508
[2024-10-13T17:58:49.266-0400] {logging_mixin.py:190} INFO - 215 1728856564
[2024-10-13T17:58:49.267-0400] {logging_mixin.py:190} INFO - 216 1728856272
[2024-10-13T17:58:49.268-0400] {logging_mixin.py:190} INFO - 217 1728856421
[2024-10-13T17:58:49.269-0400] {logging_mixin.py:190} INFO - 218 1728856690
[2024-10-13T17:58:49.270-0400] {logging_mixin.py:190} INFO - 219 1728856550
[2024-10-13T17:58:49.270-0400] {logging_mixin.py:190} INFO - 220 1728856443
[2024-10-13T17:58:49.271-0400] {logging_mixin.py:190} INFO - 221 1728856666
[2024-10-13T17:58:49.271-0400] {logging_mixin.py:190} INFO - 222 1728856710
[2024-10-13T17:58:49.272-0400] {logging_mixin.py:190} INFO - 223 1728856678
[2024-10-13T17:58:49.273-0400] {logging_mixin.py:190} INFO - 224 1728856297
[2024-10-13T17:58:49.273-0400] {logging_mixin.py:190} INFO - 225 1728856587
[2024-10-13T17:58:49.274-0400] {logging_mixin.py:190} INFO - 226 1728856716
[2024-10-13T17:58:49.275-0400] {logging_mixin.py:190} INFO - 227 1728856632
[2024-10-13T17:58:49.276-0400] {logging_mixin.py:190} INFO - 228 1728856629
[2024-10-13T17:58:49.277-0400] {logging_mixin.py:190} INFO - 229 1728856685
[2024-10-13T17:58:49.278-0400] {logging_mixin.py:190} INFO - 230 1728856671
[2024-10-13T17:58:49.279-0400] {logging_mixin.py:190} INFO - 232 1728855967
[2024-10-13T17:58:49.279-0400] {logging_mixin.py:190} INFO - 233 1728856334
[2024-10-13T17:58:49.280-0400] {logging_mixin.py:190} INFO - 234 1728856656
[2024-10-13T17:58:49.280-0400] {logging_mixin.py:190} INFO - 236 1728856676
[2024-10-13T17:58:49.281-0400] {logging_mixin.py:190} INFO - 237 1728856462
[2024-10-13T17:58:49.282-0400] {logging_mixin.py:190} INFO - 239 1728856466
[2024-10-13T17:58:49.282-0400] {logging_mixin.py:190} INFO - 241 1728856212
[2024-10-13T17:58:49.283-0400] {logging_mixin.py:190} INFO - 242 1728856449
[2024-10-13T17:58:49.284-0400] {logging_mixin.py:190} INFO - 243 1728856575
[2024-10-13T17:58:49.285-0400] {logging_mixin.py:190} INFO - 244 1728856641
[2024-10-13T17:58:49.286-0400] {logging_mixin.py:190} INFO - 245 1728659352
[2024-10-13T17:58:49.287-0400] {logging_mixin.py:190} INFO - 246 1728856597
[2024-10-13T17:58:49.287-0400] {logging_mixin.py:190} INFO - 247 1728854599
[2024-10-13T17:58:49.288-0400] {logging_mixin.py:190} INFO - 248 1728856480
[2024-10-13T17:58:49.289-0400] {logging_mixin.py:190} INFO - 249 1728856516
[2024-10-13T17:58:49.290-0400] {logging_mixin.py:190} INFO - 250 1728856667
[2024-10-13T17:58:49.291-0400] {logging_mixin.py:190} INFO - 251 1728856309
[2024-10-13T17:58:49.291-0400] {logging_mixin.py:190} INFO - 253 1728856159
[2024-10-13T17:58:49.292-0400] {logging_mixin.py:190} INFO - 254 1728856562
[2024-10-13T17:58:49.293-0400] {logging_mixin.py:190} INFO - 255 1728852846
[2024-10-13T17:58:49.293-0400] {logging_mixin.py:190} INFO - 256 1728856658
[2024-10-13T17:58:49.294-0400] {logging_mixin.py:190} INFO - 257 1728856037
[2024-10-13T17:58:49.295-0400] {logging_mixin.py:190} INFO - 258 1728856642
[2024-10-13T17:58:49.295-0400] {logging_mixin.py:190} INFO - 259 1728854974
[2024-10-13T17:58:49.296-0400] {logging_mixin.py:190} INFO - 260 1728856501
[2024-10-13T17:58:49.297-0400] {logging_mixin.py:190} INFO - 261 1728848862
[2024-10-13T17:58:49.298-0400] {logging_mixin.py:190} INFO - 262 1728856594
[2024-10-13T17:58:49.299-0400] {logging_mixin.py:190} INFO - 263 1728855259
[2024-10-13T17:58:49.300-0400] {logging_mixin.py:190} INFO - 264 1728856409
[2024-10-13T17:58:49.300-0400] {logging_mixin.py:190} INFO - 265 1728856539
[2024-10-13T17:58:49.301-0400] {logging_mixin.py:190} INFO - 266 1728855827
[2024-10-13T17:58:49.301-0400] {logging_mixin.py:190} INFO - 267 1728854175
[2024-10-13T17:58:49.302-0400] {logging_mixin.py:190} INFO - 268 1728853556
[2024-10-13T17:58:49.303-0400] {logging_mixin.py:190} INFO - 269 1728855979
[2024-10-13T17:58:49.303-0400] {logging_mixin.py:190} INFO - 270 1728856715
[2024-10-13T17:58:49.304-0400] {logging_mixin.py:190} INFO - 271 1728855292
[2024-10-13T17:58:49.304-0400] {logging_mixin.py:190} INFO - 272 1728856257
[2024-10-13T17:58:49.305-0400] {logging_mixin.py:190} INFO - 273 1728856693
[2024-10-13T17:58:49.306-0400] {logging_mixin.py:190} INFO - 274 1728854709
[2024-10-13T17:58:49.307-0400] {logging_mixin.py:190} INFO - 275 1728856220
[2024-10-13T17:58:49.308-0400] {logging_mixin.py:190} INFO - 276 1728856179
[2024-10-13T17:58:49.309-0400] {logging_mixin.py:190} INFO - 277 1728856224
[2024-10-13T17:58:49.309-0400] {logging_mixin.py:190} INFO - 278 1728856650
[2024-10-13T17:58:49.310-0400] {logging_mixin.py:190} INFO - 279 1728854177
[2024-10-13T17:58:49.310-0400] {logging_mixin.py:190} INFO - 280 1728856565
[2024-10-13T17:58:49.311-0400] {logging_mixin.py:190} INFO - 281 1728855071
[2024-10-13T17:58:49.312-0400] {logging_mixin.py:190} INFO - 282 1728854866
[2024-10-13T17:58:49.312-0400] {logging_mixin.py:190} INFO - 283 1728856656
[2024-10-13T17:58:49.313-0400] {logging_mixin.py:190} INFO - 284 1728853153
[2024-10-13T17:58:49.313-0400] {logging_mixin.py:190} INFO - 285 1728856000
[2024-10-13T17:58:49.314-0400] {logging_mixin.py:190} INFO - 286 1728856181
[2024-10-13T17:58:49.315-0400] {logging_mixin.py:190} INFO - 287 1728855962
[2024-10-13T17:58:49.315-0400] {logging_mixin.py:190} INFO - 288 1728854950
[2024-10-13T17:58:49.316-0400] {logging_mixin.py:190} INFO - 289 1728856446
[2024-10-13T17:58:49.316-0400] {logging_mixin.py:190} INFO - 290 1728856704
[2024-10-13T17:58:49.317-0400] {logging_mixin.py:190} INFO - 291 1728856608
[2024-10-13T17:58:49.318-0400] {logging_mixin.py:190} INFO - 292 1728855744
[2024-10-13T17:58:49.318-0400] {logging_mixin.py:190} INFO - 293 1728856662
[2024-10-13T17:58:49.319-0400] {logging_mixin.py:190} INFO - 294 1728856501
[2024-10-13T17:58:49.319-0400] {logging_mixin.py:190} INFO - 297 1728856598
[2024-10-13T17:58:49.320-0400] {logging_mixin.py:190} INFO - 301 1728854315
[2024-10-13T17:58:49.321-0400] {logging_mixin.py:190} INFO - 302 1728851739
[2024-10-13T17:58:49.321-0400] {logging_mixin.py:190} INFO - 303 1728856622
[2024-10-13T17:58:49.322-0400] {logging_mixin.py:190} INFO - 304 1728846249
[2024-10-13T17:58:49.322-0400] {logging_mixin.py:190} INFO - 305 1728856597
[2024-10-13T17:58:49.323-0400] {logging_mixin.py:190} INFO - 306 1728854718
[2024-10-13T17:58:49.324-0400] {logging_mixin.py:190} INFO - 307 1728855585
[2024-10-13T17:58:49.324-0400] {logging_mixin.py:190} INFO - 308 1728856523
[2024-10-13T17:58:49.325-0400] {logging_mixin.py:190} INFO - 309 1728856484
[2024-10-13T17:58:49.325-0400] {logging_mixin.py:190} INFO - 311 1728856361
[2024-10-13T17:58:49.326-0400] {logging_mixin.py:190} INFO - 312 1728856027
[2024-10-13T17:58:49.326-0400] {logging_mixin.py:190} INFO - 313 1728853123
[2024-10-13T17:58:49.327-0400] {logging_mixin.py:190} INFO - 314 1728856544
[2024-10-13T17:58:49.328-0400] {logging_mixin.py:190} INFO - 315 1728856648
[2024-10-13T17:58:49.328-0400] {logging_mixin.py:190} INFO - 316 1728856467
[2024-10-13T17:58:49.329-0400] {logging_mixin.py:190} INFO - 317 1728856666
[2024-10-13T17:58:49.329-0400] {logging_mixin.py:190} INFO - 318 1728856647
[2024-10-13T17:58:49.330-0400] {logging_mixin.py:190} INFO - 319 1728856424
[2024-10-13T17:58:49.331-0400] {logging_mixin.py:190} INFO - 320 1728856502
[2024-10-13T17:58:49.331-0400] {logging_mixin.py:190} INFO - 321 1728809832
[2024-10-13T17:58:49.332-0400] {logging_mixin.py:190} INFO - 322 1728856075
[2024-10-13T17:58:49.333-0400] {logging_mixin.py:190} INFO - 323 1728856362
[2024-10-13T17:58:49.333-0400] {logging_mixin.py:190} INFO - 324 1728855209
[2024-10-13T17:58:49.334-0400] {logging_mixin.py:190} INFO - 325 1728856215
[2024-10-13T17:58:49.334-0400] {logging_mixin.py:190} INFO - 327 1728855424
[2024-10-13T17:58:49.335-0400] {logging_mixin.py:190} INFO - 328 1728856521
[2024-10-13T17:58:49.336-0400] {logging_mixin.py:190} INFO - 329 1728855683
[2024-10-13T17:58:49.336-0400] {logging_mixin.py:190} INFO - 330 1728856519
[2024-10-13T17:58:49.337-0400] {logging_mixin.py:190} INFO - 331 1728856102
[2024-10-13T17:58:49.337-0400] {logging_mixin.py:190} INFO - 332 1728856205
[2024-10-13T17:58:49.338-0400] {logging_mixin.py:190} INFO - 333 1728856509
[2024-10-13T17:58:49.339-0400] {logging_mixin.py:190} INFO - 334 1728856416
[2024-10-13T17:58:49.339-0400] {logging_mixin.py:190} INFO - 335 1728854465
[2024-10-13T17:58:49.340-0400] {logging_mixin.py:190} INFO - 336 1728856530
[2024-10-13T17:58:49.340-0400] {logging_mixin.py:190} INFO - 337 1728856677
[2024-10-13T17:58:49.341-0400] {logging_mixin.py:190} INFO - 338 1728854982
[2024-10-13T17:58:49.342-0400] {logging_mixin.py:190} INFO - 339 1728856672
[2024-10-13T17:58:49.342-0400] {logging_mixin.py:190} INFO - 340 1728856590
[2024-10-13T17:58:49.343-0400] {logging_mixin.py:190} INFO - 341 1728856379
[2024-10-13T17:58:49.343-0400] {logging_mixin.py:190} INFO - 342 1728856456
[2024-10-13T17:58:49.344-0400] {logging_mixin.py:190} INFO - 343 1728856456
[2024-10-13T17:58:49.345-0400] {logging_mixin.py:190} INFO - 344 1728856576
[2024-10-13T17:58:49.345-0400] {logging_mixin.py:190} INFO - 345 1728856574
[2024-10-13T17:58:49.346-0400] {logging_mixin.py:190} INFO - 346 1728856010
[2024-10-13T17:58:49.346-0400] {logging_mixin.py:190} INFO - 347 1728856677
[2024-10-13T17:58:49.347-0400] {logging_mixin.py:190} INFO - 348 1728853050
[2024-10-13T17:58:49.348-0400] {logging_mixin.py:190} INFO - 349 1728853925
[2024-10-13T17:58:49.348-0400] {logging_mixin.py:190} INFO - 350 1728856440
[2024-10-13T17:58:49.349-0400] {logging_mixin.py:190} INFO - 351 1728854415
[2024-10-13T17:58:49.349-0400] {logging_mixin.py:190} INFO - 355 1728856614
[2024-10-13T17:58:49.350-0400] {logging_mixin.py:190} INFO - 356 1728856038
[2024-10-13T17:58:49.350-0400] {logging_mixin.py:190} INFO - 357 1728665345
[2024-10-13T17:58:49.351-0400] {logging_mixin.py:190} INFO - 358 1728855034
[2024-10-13T17:58:49.352-0400] {logging_mixin.py:190} INFO - 359 1728856377
[2024-10-13T17:58:49.352-0400] {logging_mixin.py:190} INFO - 360 1728855771
[2024-10-13T17:58:49.353-0400] {logging_mixin.py:190} INFO - 361 1728856271
[2024-10-13T17:58:49.354-0400] {logging_mixin.py:190} INFO - 362 1728856528
[2024-10-13T17:58:49.355-0400] {logging_mixin.py:190} INFO - 363 1728856570
[2024-10-13T17:58:49.356-0400] {logging_mixin.py:190} INFO - 364 1728856597
[2024-10-13T17:58:49.356-0400] {logging_mixin.py:190} INFO - 365 1728856693
[2024-10-13T17:58:49.357-0400] {logging_mixin.py:190} INFO - 366 1728856711
[2024-10-13T17:58:49.358-0400] {logging_mixin.py:190} INFO - 367 1728856124
[2024-10-13T17:58:49.360-0400] {logging_mixin.py:190} INFO - 368 1728856510
[2024-10-13T17:58:49.361-0400] {logging_mixin.py:190} INFO - 370 1728855973
[2024-10-13T17:58:49.362-0400] {logging_mixin.py:190} INFO - 371 1728856557
[2024-10-13T17:58:49.363-0400] {logging_mixin.py:190} INFO - 372 1728856696
[2024-10-13T17:58:49.363-0400] {logging_mixin.py:190} INFO - 373 1728856677
[2024-10-13T17:58:49.364-0400] {logging_mixin.py:190} INFO - 374 1728856275
[2024-10-13T17:58:49.365-0400] {logging_mixin.py:190} INFO - 375 1728856302
[2024-10-13T17:58:49.366-0400] {logging_mixin.py:190} INFO - 376 1728856672
[2024-10-13T17:58:49.367-0400] {logging_mixin.py:190} INFO - 377 1728855630
[2024-10-13T17:58:49.367-0400] {logging_mixin.py:190} INFO - 378 1728856249
[2024-10-13T17:58:49.368-0400] {logging_mixin.py:190} INFO - 379 1728855397
[2024-10-13T17:58:49.369-0400] {logging_mixin.py:190} INFO - 380 1728855449
[2024-10-13T17:58:49.370-0400] {logging_mixin.py:190} INFO - 381 1728856447
[2024-10-13T17:58:49.370-0400] {logging_mixin.py:190} INFO - 383 1728856197
[2024-10-13T17:58:49.371-0400] {logging_mixin.py:190} INFO - 384 1728856528
[2024-10-13T17:58:49.373-0400] {logging_mixin.py:190} INFO - 385 1728856574
[2024-10-13T17:58:49.373-0400] {logging_mixin.py:190} INFO - 387 1728854563
[2024-10-13T17:58:49.374-0400] {logging_mixin.py:190} INFO - 388 1728854775
[2024-10-13T17:58:49.375-0400] {logging_mixin.py:190} INFO - 389 1728854795
[2024-10-13T17:58:49.376-0400] {logging_mixin.py:190} INFO - 390 1728856634
[2024-10-13T17:58:49.377-0400] {logging_mixin.py:190} INFO - 391 1728856150
[2024-10-13T17:58:49.378-0400] {logging_mixin.py:190} INFO - 392 1728856451
[2024-10-13T17:58:49.378-0400] {logging_mixin.py:190} INFO - 393 1728856181
[2024-10-13T17:58:49.379-0400] {logging_mixin.py:190} INFO - 394 1728855840
[2024-10-13T17:58:49.380-0400] {logging_mixin.py:190} INFO - 396 1728856345
[2024-10-13T17:58:49.380-0400] {logging_mixin.py:190} INFO - 397 1728856016
[2024-10-13T17:58:49.381-0400] {logging_mixin.py:190} INFO - 399 1728855865
[2024-10-13T17:58:49.381-0400] {logging_mixin.py:190} INFO - 400 1728856439
[2024-10-13T17:58:49.382-0400] {logging_mixin.py:190} INFO - 401 1728856712
[2024-10-13T17:58:49.383-0400] {logging_mixin.py:190} INFO - 403 1728856349
[2024-10-13T17:58:49.383-0400] {logging_mixin.py:190} INFO - 404 1728856697
[2024-10-13T17:58:49.384-0400] {logging_mixin.py:190} INFO - 406 1728856209
[2024-10-13T17:58:49.386-0400] {logging_mixin.py:190} INFO - 407 1728856259
[2024-10-13T17:58:49.386-0400] {logging_mixin.py:190} INFO - 408 1728856532
[2024-10-13T17:58:49.387-0400] {logging_mixin.py:190} INFO - 409 1728856140
[2024-10-13T17:58:49.387-0400] {logging_mixin.py:190} INFO - 413 1728856366
[2024-10-13T17:58:49.388-0400] {logging_mixin.py:190} INFO - 414 1728856158
[2024-10-13T17:58:49.389-0400] {logging_mixin.py:190} INFO - 417 1728854908
[2024-10-13T17:58:49.389-0400] {logging_mixin.py:190} INFO - 418 1728856136
[2024-10-13T17:58:49.390-0400] {logging_mixin.py:190} INFO - 419 1728853773
[2024-10-13T17:58:49.391-0400] {logging_mixin.py:190} INFO - 421 1728855668
[2024-10-13T17:58:49.392-0400] {logging_mixin.py:190} INFO - 422 1728856025
[2024-10-13T17:58:49.393-0400] {logging_mixin.py:190} INFO - 423 1728855897
[2024-10-13T17:58:49.394-0400] {logging_mixin.py:190} INFO - 424 1728856640
[2024-10-13T17:58:49.395-0400] {logging_mixin.py:190} INFO - 425 1728854156
[2024-10-13T17:58:49.396-0400] {logging_mixin.py:190} INFO - 426 1728856676
[2024-10-13T17:58:49.397-0400] {logging_mixin.py:190} INFO - 427 1728855144
[2024-10-13T17:58:49.398-0400] {logging_mixin.py:190} INFO - 428 1728855844
[2024-10-13T17:58:49.399-0400] {logging_mixin.py:190} INFO - 429 1728856179
[2024-10-13T17:58:49.400-0400] {logging_mixin.py:190} INFO - 430 1728855677
[2024-10-13T17:58:49.401-0400] {logging_mixin.py:190} INFO - 431 1728856328
[2024-10-13T17:58:49.401-0400] {logging_mixin.py:190} INFO - 432 1728856601
[2024-10-13T17:58:49.402-0400] {logging_mixin.py:190} INFO - 433 1728856051
[2024-10-13T17:58:49.403-0400] {logging_mixin.py:190} INFO - 437 1728856599
[2024-10-13T17:58:49.405-0400] {logging_mixin.py:190} INFO - 438 1728855648
[2024-10-13T17:58:49.406-0400] {logging_mixin.py:190} INFO - 439 1728856423
[2024-10-13T17:58:49.407-0400] {logging_mixin.py:190} INFO - 440 1728855791
[2024-10-13T17:58:49.407-0400] {logging_mixin.py:190} INFO - 441 1728856193
[2024-10-13T17:58:49.410-0400] {logging_mixin.py:190} INFO - 442 1728856348
[2024-10-13T17:58:49.410-0400] {logging_mixin.py:190} INFO - 443 1728853989
[2024-10-13T17:58:49.411-0400] {logging_mixin.py:190} INFO - 444 1728840483
[2024-10-13T17:58:49.412-0400] {logging_mixin.py:190} INFO - 445 1728853218
[2024-10-13T17:58:49.412-0400] {logging_mixin.py:190} INFO - 446 1728856170
[2024-10-13T17:58:49.413-0400] {logging_mixin.py:190} INFO - 447 1728856679
[2024-10-13T17:58:49.413-0400] {logging_mixin.py:190} INFO - 448 1728854859
[2024-10-13T17:58:49.414-0400] {logging_mixin.py:190} INFO - 452 1728856605
[2024-10-13T17:58:49.415-0400] {logging_mixin.py:190} INFO - 453 1728856579
[2024-10-13T17:58:49.415-0400] {logging_mixin.py:190} INFO - 454 1728856558
[2024-10-13T17:58:49.416-0400] {logging_mixin.py:190} INFO - 455 1728856468
[2024-10-13T17:58:49.417-0400] {logging_mixin.py:190} INFO - 456 1728855718
[2024-10-13T17:58:49.419-0400] {logging_mixin.py:190} INFO - 457 1728856477
[2024-10-13T17:58:49.419-0400] {logging_mixin.py:190} INFO - 458 1728856592
[2024-10-13T17:58:49.420-0400] {logging_mixin.py:190} INFO - 459 1728856275
[2024-10-13T17:58:49.421-0400] {logging_mixin.py:190} INFO - 460 1728856099
[2024-10-13T17:58:49.422-0400] {logging_mixin.py:190} INFO - 461 1728855312
[2024-10-13T17:58:49.423-0400] {logging_mixin.py:190} INFO - 462 1728661129
[2024-10-13T17:58:49.423-0400] {logging_mixin.py:190} INFO - 463 1728852776
[2024-10-13T17:58:49.424-0400] {logging_mixin.py:190} INFO - 464 1728855962
[2024-10-13T17:58:49.425-0400] {logging_mixin.py:190} INFO - 465 1728856678
[2024-10-13T17:58:49.426-0400] {logging_mixin.py:190} INFO - 466 1728856663
[2024-10-13T17:58:49.427-0400] {logging_mixin.py:190} INFO - 467 1728854363
[2024-10-13T17:58:49.428-0400] {logging_mixin.py:190} INFO - 468 1728850964
[2024-10-13T17:58:49.429-0400] {logging_mixin.py:190} INFO - 469 1728856632
[2024-10-13T17:58:49.430-0400] {logging_mixin.py:190} INFO - 470 1728856042
[2024-10-13T17:58:49.431-0400] {logging_mixin.py:190} INFO - 471 1728855803
[2024-10-13T17:58:49.432-0400] {logging_mixin.py:190} INFO - 472 1728856715
[2024-10-13T17:58:49.432-0400] {logging_mixin.py:190} INFO - 473 1728855528
[2024-10-13T17:58:49.433-0400] {logging_mixin.py:190} INFO - 474 1728856669
[2024-10-13T17:58:49.434-0400] {logging_mixin.py:190} INFO - 475 1728856546
[2024-10-13T17:58:49.434-0400] {logging_mixin.py:190} INFO - 476 1728854742
[2024-10-13T17:58:49.435-0400] {logging_mixin.py:190} INFO - 477 1728856269
[2024-10-13T17:58:49.435-0400] {logging_mixin.py:190} INFO - 478 1728856676
[2024-10-13T17:58:49.436-0400] {logging_mixin.py:190} INFO - 479 1728856072
[2024-10-13T17:58:49.437-0400] {logging_mixin.py:190} INFO - 480 1728855057
[2024-10-13T17:58:49.438-0400] {logging_mixin.py:190} INFO - 481 1728856332
[2024-10-13T17:58:49.439-0400] {logging_mixin.py:190} INFO - 482 1728855728
[2024-10-13T17:58:49.440-0400] {logging_mixin.py:190} INFO - 483 1728856299
[2024-10-13T17:58:49.441-0400] {logging_mixin.py:190} INFO - 484 1728856377
[2024-10-13T17:58:49.442-0400] {logging_mixin.py:190} INFO - 485 1728856298
[2024-10-13T17:58:49.443-0400] {logging_mixin.py:190} INFO - 486 1728855588
[2024-10-13T17:58:49.443-0400] {logging_mixin.py:190} INFO - 487 1728855745
[2024-10-13T17:58:49.445-0400] {logging_mixin.py:190} INFO - 489 1728856642
[2024-10-13T17:58:49.446-0400] {logging_mixin.py:190} INFO - 490 1728854678
[2024-10-13T17:58:49.446-0400] {logging_mixin.py:190} INFO - 491 1728854152
[2024-10-13T17:58:49.447-0400] {logging_mixin.py:190} INFO - 492 1728853818
[2024-10-13T17:58:49.448-0400] {logging_mixin.py:190} INFO - 493 1728853770
[2024-10-13T17:58:49.449-0400] {logging_mixin.py:190} INFO - 495 1728855808
[2024-10-13T17:58:49.450-0400] {logging_mixin.py:190} INFO - 496 1728856705
[2024-10-13T17:58:49.451-0400] {logging_mixin.py:190} INFO - 497 1728855366
[2024-10-13T17:58:49.452-0400] {logging_mixin.py:190} INFO - 498 1728856350
[2024-10-13T17:58:49.453-0400] {logging_mixin.py:190} INFO - 499 1728853886
[2024-10-13T17:58:49.453-0400] {logging_mixin.py:190} INFO - 500 1728856572
[2024-10-13T17:58:49.454-0400] {logging_mixin.py:190} INFO - 501 1728855639
[2024-10-13T17:58:49.454-0400] {logging_mixin.py:190} INFO - 502 1728855157
[2024-10-13T17:58:49.455-0400] {logging_mixin.py:190} INFO - 503 1728856024
[2024-10-13T17:58:49.456-0400] {logging_mixin.py:190} INFO - 504 1728855881
[2024-10-13T17:58:49.456-0400] {logging_mixin.py:190} INFO - 505 1728856642
[2024-10-13T17:58:49.457-0400] {logging_mixin.py:190} INFO - 508 1728856424
[2024-10-13T17:58:49.457-0400] {logging_mixin.py:190} INFO - 511 1728855647
[2024-10-13T17:58:49.458-0400] {logging_mixin.py:190} INFO - 512 1728856329
[2024-10-13T17:58:49.459-0400] {logging_mixin.py:190} INFO - 514 1728856618
[2024-10-13T17:58:49.460-0400] {logging_mixin.py:190} INFO - 515 1728856000
[2024-10-13T17:58:49.461-0400] {logging_mixin.py:190} INFO - 516 1728856531
[2024-10-13T17:58:49.462-0400] {logging_mixin.py:190} INFO - 517 1728856417
[2024-10-13T17:58:49.463-0400] {logging_mixin.py:190} INFO - 518 1728852465
[2024-10-13T17:58:49.464-0400] {logging_mixin.py:190} INFO - 519 1728854810
[2024-10-13T17:58:49.465-0400] {logging_mixin.py:190} INFO - 520 1728855703
[2024-10-13T17:58:49.466-0400] {logging_mixin.py:190} INFO - 521 1728856466
[2024-10-13T17:58:49.466-0400] {logging_mixin.py:190} INFO - 522 1728856043
[2024-10-13T17:58:49.467-0400] {logging_mixin.py:190} INFO - 523 1728854718
[2024-10-13T17:58:49.467-0400] {logging_mixin.py:190} INFO - 524 1728856328
[2024-10-13T17:58:49.468-0400] {logging_mixin.py:190} INFO - 525 1728855809
[2024-10-13T17:58:49.469-0400] {logging_mixin.py:190} INFO - 526 1728856433
[2024-10-13T17:58:49.469-0400] {logging_mixin.py:190} INFO - 527 1728856072
[2024-10-13T17:58:49.470-0400] {logging_mixin.py:190} INFO - 528 1728856128
[2024-10-13T17:58:49.471-0400] {logging_mixin.py:190} INFO - 529 1728853971
[2024-10-13T17:58:49.471-0400] {logging_mixin.py:190} INFO - 530 1728856691
[2024-10-13T17:58:49.472-0400] {logging_mixin.py:190} INFO - 531 1728856350
[2024-10-13T17:58:49.472-0400] {logging_mixin.py:190} INFO - 532 1728855747
[2024-10-13T17:58:49.473-0400] {logging_mixin.py:190} INFO - 533 1728856076
[2024-10-13T17:58:49.474-0400] {logging_mixin.py:190} INFO - 534 1728856015
[2024-10-13T17:58:49.475-0400] {logging_mixin.py:190} INFO - 535 1728856576
[2024-10-13T17:58:49.476-0400] {logging_mixin.py:190} INFO - 536 1728853772
[2024-10-13T17:58:49.476-0400] {logging_mixin.py:190} INFO - 537 1728856246
[2024-10-13T17:58:49.477-0400] {logging_mixin.py:190} INFO - 538 1728856677
[2024-10-13T17:58:49.478-0400] {logging_mixin.py:190} INFO - 539 1728856693
[2024-10-13T17:58:49.479-0400] {logging_mixin.py:190} INFO - 540 1728855945
[2024-10-13T17:58:49.480-0400] {logging_mixin.py:190} INFO - 541 1728856623
[2024-10-13T17:58:49.481-0400] {logging_mixin.py:190} INFO - 542 1728855976
[2024-10-13T17:58:49.482-0400] {logging_mixin.py:190} INFO - 543 1728856494
[2024-10-13T17:58:49.483-0400] {logging_mixin.py:190} INFO - 544 1728852234
[2024-10-13T17:58:49.484-0400] {logging_mixin.py:190} INFO - 545 1728856600
[2024-10-13T17:58:49.484-0400] {logging_mixin.py:190} INFO - 546 1728855757
[2024-10-13T17:58:49.485-0400] {logging_mixin.py:190} INFO - 547 1728856645
[2024-10-13T17:58:49.486-0400] {logging_mixin.py:190} INFO - 548 1728853042
[2024-10-13T17:58:49.487-0400] {logging_mixin.py:190} INFO - 549 1728855838
[2024-10-13T17:58:49.487-0400] {logging_mixin.py:190} INFO - 550 1728855520
[2024-10-13T17:58:49.488-0400] {logging_mixin.py:190} INFO - 551 1728854916
[2024-10-13T17:58:49.489-0400] {logging_mixin.py:190} INFO - 552 1728856425
[2024-10-13T17:58:49.490-0400] {logging_mixin.py:190} INFO - 553 1728856360
[2024-10-13T17:58:49.491-0400] {logging_mixin.py:190} INFO - 554 1728856406
[2024-10-13T17:58:49.491-0400] {logging_mixin.py:190} INFO - 555 1728856463
[2024-10-13T17:58:49.492-0400] {logging_mixin.py:190} INFO - 556 1728856654
[2024-10-13T17:58:49.493-0400] {logging_mixin.py:190} INFO - 557 1728856520
[2024-10-13T17:58:49.494-0400] {logging_mixin.py:190} INFO - 558 1728856702
[2024-10-13T17:58:49.495-0400] {logging_mixin.py:190} INFO - 559 1728852098
[2024-10-13T17:58:49.496-0400] {logging_mixin.py:190} INFO - 560 1728856392
[2024-10-13T17:58:49.497-0400] {logging_mixin.py:190} INFO - 561 1728856209
[2024-10-13T17:58:49.497-0400] {logging_mixin.py:190} INFO - 562 1728856485
[2024-10-13T17:58:49.498-0400] {logging_mixin.py:190} INFO - 563 1728856289
[2024-10-13T17:58:49.499-0400] {logging_mixin.py:190} INFO - 564 1728851862
[2024-10-13T17:58:49.500-0400] {logging_mixin.py:190} INFO - 565 1728856485
[2024-10-13T17:58:49.501-0400] {logging_mixin.py:190} INFO - 566 1728856280
[2024-10-13T17:58:49.502-0400] {logging_mixin.py:190} INFO - 567 1728851805
[2024-10-13T17:58:49.503-0400] {logging_mixin.py:190} INFO - 568 1728854667
[2024-10-13T17:58:49.504-0400] {logging_mixin.py:190} INFO - 569 1728853252
[2024-10-13T17:58:49.504-0400] {logging_mixin.py:190} INFO - 570 1728854052
[2024-10-13T17:58:49.505-0400] {logging_mixin.py:190} INFO - 571 1728855967
[2024-10-13T17:58:49.505-0400] {logging_mixin.py:190} INFO - 572 1728856143
[2024-10-13T17:58:49.506-0400] {logging_mixin.py:190} INFO - 573 1728856146
[2024-10-13T17:58:49.507-0400] {logging_mixin.py:190} INFO - 574 1728855893
[2024-10-13T17:58:49.507-0400] {logging_mixin.py:190} INFO - 575 1728856334
[2024-10-13T17:58:49.508-0400] {logging_mixin.py:190} INFO - 576 1728854965
[2024-10-13T17:58:49.508-0400] {logging_mixin.py:190} INFO - 577 1728856352
[2024-10-13T17:58:49.509-0400] {logging_mixin.py:190} INFO - 578 1728856701
[2024-10-13T17:58:49.510-0400] {logging_mixin.py:190} INFO - 579 1728856709
[2024-10-13T17:58:49.511-0400] {logging_mixin.py:190} INFO - 580 1728850749
[2024-10-13T17:58:49.512-0400] {logging_mixin.py:190} INFO - 581 1728856531
[2024-10-13T17:58:49.512-0400] {logging_mixin.py:190} INFO - 582 1728856685
[2024-10-13T17:58:49.513-0400] {logging_mixin.py:190} INFO - 583 1728855977
[2024-10-13T17:58:49.514-0400] {logging_mixin.py:190} INFO - 584 1728856512
[2024-10-13T17:58:49.515-0400] {logging_mixin.py:190} INFO - 585 1728856526
[2024-10-13T17:58:49.516-0400] {logging_mixin.py:190} INFO - 586 1728855706
[2024-10-13T17:58:49.517-0400] {logging_mixin.py:190} INFO - 587 1728854546
[2024-10-13T17:58:49.518-0400] {logging_mixin.py:190} INFO - 588 1728855606
[2024-10-13T17:58:49.518-0400] {logging_mixin.py:190} INFO - 589 1728853476
[2024-10-13T17:58:49.519-0400] {logging_mixin.py:190} INFO - 590 1728853664
[2024-10-13T17:58:49.520-0400] {logging_mixin.py:190} INFO - 591 1728856329
[2024-10-13T17:58:49.521-0400] {logging_mixin.py:190} INFO - 592 1728855668
[2024-10-13T17:58:49.521-0400] {logging_mixin.py:190} INFO - 593 1728855275
[2024-10-13T17:58:49.522-0400] {logging_mixin.py:190} INFO - 594 1728856707
[2024-10-13T17:58:49.523-0400] {logging_mixin.py:190} INFO - 595 1728856702
[2024-10-13T17:58:49.524-0400] {logging_mixin.py:190} INFO - 605 1728856131
[2024-10-13T17:58:49.525-0400] {logging_mixin.py:190} INFO - 606 1728856373
[2024-10-13T17:58:49.526-0400] {logging_mixin.py:190} INFO - 607 1728856566
[2024-10-13T17:58:49.527-0400] {logging_mixin.py:190} INFO - 608 1728856196
[2024-10-13T17:58:49.527-0400] {logging_mixin.py:190} INFO - 609 1728856647
[2024-10-13T17:58:49.528-0400] {logging_mixin.py:190} INFO - 610 1728855952
[2024-10-13T17:58:49.529-0400] {logging_mixin.py:190} INFO - 611 1728856099
[2024-10-13T17:58:49.530-0400] {logging_mixin.py:190} INFO - 612 1728854419
[2024-10-13T17:58:49.531-0400] {logging_mixin.py:190} INFO - 613 1728853870
[2024-10-13T17:58:49.532-0400] {logging_mixin.py:190} INFO - 614 1728846104
[2024-10-13T17:58:49.533-0400] {logging_mixin.py:190} INFO - 617 1728855093
[2024-10-13T17:58:49.534-0400] {logging_mixin.py:190} INFO - 618 1728850468
[2024-10-13T17:58:49.534-0400] {logging_mixin.py:190} INFO - 619 1728856630
[2024-10-13T17:58:49.536-0400] {logging_mixin.py:190} INFO - 620 1728855538
[2024-10-13T17:58:49.537-0400] {logging_mixin.py:190} INFO - 621 1728856463
[2024-10-13T17:58:49.537-0400] {logging_mixin.py:190} INFO - 622 1728855793
[2024-10-13T17:58:49.538-0400] {logging_mixin.py:190} INFO - 623 1728854387
[2024-10-13T17:58:49.539-0400] {logging_mixin.py:190} INFO - 624 1728854326
[2024-10-13T17:58:49.540-0400] {logging_mixin.py:190} INFO - 625 1728856524
[2024-10-13T17:58:49.541-0400] {logging_mixin.py:190} INFO - 626 1728856706
[2024-10-13T17:58:49.542-0400] {logging_mixin.py:190} INFO - 627 1728853073
[2024-10-13T17:58:49.542-0400] {logging_mixin.py:190} INFO - 628 1728856684
[2024-10-13T17:58:49.543-0400] {logging_mixin.py:190} INFO - 629 1728855256
[2024-10-13T17:58:49.544-0400] {logging_mixin.py:190} INFO - 630 1728851660
[2024-10-13T17:58:49.545-0400] {logging_mixin.py:190} INFO - 631 1728852912
[2024-10-13T17:58:49.545-0400] {logging_mixin.py:190} INFO - 632 1728856089
[2024-10-13T17:58:49.546-0400] {logging_mixin.py:190} INFO - 633 1728850624
[2024-10-13T17:58:49.546-0400] {logging_mixin.py:190} INFO - 634 1728852865
[2024-10-13T17:58:49.547-0400] {logging_mixin.py:190} INFO - 635 1728852769
[2024-10-13T17:58:49.548-0400] {logging_mixin.py:190} INFO - 636 1728855842
[2024-10-13T17:58:49.548-0400] {logging_mixin.py:190} INFO - 637 1728846385
[2024-10-13T17:58:49.549-0400] {logging_mixin.py:190} INFO - 638 1728855805
[2024-10-13T17:58:49.549-0400] {logging_mixin.py:190} INFO - 639 1728856590
[2024-10-13T17:58:49.550-0400] {logging_mixin.py:190} INFO - 640 1728855075
[2024-10-13T17:58:49.551-0400] {logging_mixin.py:190} INFO - 641 1728856371
[2024-10-13T17:58:49.551-0400] {logging_mixin.py:190} INFO - 642 1728854064
[2024-10-13T17:58:49.552-0400] {logging_mixin.py:190} INFO - 643 1728856665
[2024-10-13T17:58:49.552-0400] {logging_mixin.py:190} INFO - 644 1728852452
[2024-10-13T17:58:49.553-0400] {logging_mixin.py:190} INFO - 645 1728855258
[2024-10-13T17:58:49.554-0400] {logging_mixin.py:190} INFO - 646 1728856472
[2024-10-13T17:58:49.555-0400] {logging_mixin.py:190} INFO - 647 1728856123
[2024-10-13T17:58:49.556-0400] {logging_mixin.py:190} INFO - 648 1728853203
[2024-10-13T17:58:49.557-0400] {logging_mixin.py:190} INFO - 649 1728856308
[2024-10-13T17:58:49.557-0400] {logging_mixin.py:190} INFO - 650 1728851653
[2024-10-13T17:58:49.558-0400] {logging_mixin.py:190} INFO - 651 1728855598
[2024-10-13T17:58:49.559-0400] {logging_mixin.py:190} INFO - 652 1728855506
[2024-10-13T17:58:49.560-0400] {logging_mixin.py:190} INFO - 653 1728856270
[2024-10-13T17:58:49.560-0400] {logging_mixin.py:190} INFO - 654 1728855017
[2024-10-13T17:58:49.561-0400] {logging_mixin.py:190} INFO - 655 1728853640
[2024-10-13T17:58:49.562-0400] {logging_mixin.py:190} INFO - 656 1728855567
[2024-10-13T17:58:49.563-0400] {logging_mixin.py:190} INFO - 657 1728854324
[2024-10-13T17:58:49.564-0400] {logging_mixin.py:190} INFO - 658 1728856164
[2024-10-13T17:58:49.565-0400] {logging_mixin.py:190} INFO - 659 1728854077
[2024-10-13T17:58:49.566-0400] {logging_mixin.py:190} INFO - 660 1728856614
[2024-10-13T17:58:49.566-0400] {logging_mixin.py:190} INFO - 661 1728856654
[2024-10-13T17:58:49.567-0400] {logging_mixin.py:190} INFO - 662 1728827473
[2024-10-13T17:58:49.568-0400] {logging_mixin.py:190} INFO - 663 1728855402
[2024-10-13T17:58:49.569-0400] {logging_mixin.py:190} INFO - 664 1728856542
[2024-10-13T17:58:49.570-0400] {logging_mixin.py:190} INFO - 665 1728854008
[2024-10-13T17:58:49.571-0400] {logging_mixin.py:190} INFO - 666 1728852528
[2024-10-13T17:58:49.572-0400] {logging_mixin.py:190} INFO - 667 1728856633
[2024-10-13T17:58:49.572-0400] {logging_mixin.py:190} INFO - 668 1728856660
[2024-10-13T17:58:49.573-0400] {logging_mixin.py:190} INFO - 669 1728852449
[2024-10-13T17:58:49.573-0400] {logging_mixin.py:190} INFO - 670 1728855093
[2024-10-13T17:58:49.574-0400] {logging_mixin.py:190} INFO - 671 1728855311
[2024-10-13T17:58:49.575-0400] {logging_mixin.py:190} INFO - 672 1728855412
[2024-10-13T17:58:49.575-0400] {logging_mixin.py:190} INFO - 673 1728855223
[2024-10-13T17:58:49.576-0400] {logging_mixin.py:190} INFO - 674 1728854959
[2024-10-13T17:58:49.576-0400] {logging_mixin.py:190} INFO - 675 1728855192
[2024-10-13T17:58:49.577-0400] {logging_mixin.py:190} INFO - 676 1728855659
[2024-10-13T17:58:49.578-0400] {logging_mixin.py:190} INFO - 681 1728856627
[2024-10-13T17:58:49.578-0400] {logging_mixin.py:190} INFO - 682 1728854077
[2024-10-13T17:58:49.579-0400] {logging_mixin.py:190} INFO - 683 1728841475
[2024-10-13T17:58:49.579-0400] {logging_mixin.py:190} INFO - 684 1728856351
[2024-10-13T17:58:49.580-0400] {logging_mixin.py:190} INFO - 685 1728856310
[2024-10-13T17:58:49.581-0400] {logging_mixin.py:190} INFO - 686 1728843635
[2024-10-13T17:58:49.581-0400] {logging_mixin.py:190} INFO - 687 1728853205
[2024-10-13T17:58:49.582-0400] {logging_mixin.py:190} INFO - 688 1728856620
[2024-10-13T17:58:49.582-0400] {logging_mixin.py:190} INFO - 692 1728856533
[2024-10-13T17:58:49.583-0400] {logging_mixin.py:190} INFO - 693 1728791696
[2024-10-13T17:58:49.584-0400] {logging_mixin.py:190} INFO - 694 1728856600
[2024-10-13T17:58:49.584-0400] {logging_mixin.py:190} INFO - 695 1728856589
[2024-10-13T17:58:49.585-0400] {logging_mixin.py:190} INFO - 696 1728856517
[2024-10-13T17:58:49.585-0400] {logging_mixin.py:190} INFO - 697 1728856564
[2024-10-13T17:58:49.586-0400] {logging_mixin.py:190} INFO - 698 1728856627
[2024-10-13T17:58:49.587-0400] {logging_mixin.py:190} INFO - 699 1728856627
[2024-10-13T17:58:49.587-0400] {logging_mixin.py:190} INFO - 700 1728856471
[2024-10-13T17:58:49.588-0400] {logging_mixin.py:190} INFO - 701 1728856682
[2024-10-13T17:58:49.588-0400] {logging_mixin.py:190} INFO - 702 1728856459
[2024-10-13T17:58:49.589-0400] {logging_mixin.py:190} INFO - 703 1728856505
[2024-10-13T17:58:49.590-0400] {logging_mixin.py:190} INFO - 704 1728856665
[2024-10-13T17:58:49.590-0400] {logging_mixin.py:190} INFO - 705 1728856674
[2024-10-13T17:58:49.591-0400] {logging_mixin.py:190} INFO - 706 1728856714
[2024-10-13T17:58:49.591-0400] {logging_mixin.py:190} INFO - 707 1728856426
[2024-10-13T17:58:49.592-0400] {logging_mixin.py:190} INFO - 708 1728856617
[2024-10-13T17:58:49.593-0400] {logging_mixin.py:190} INFO - 709 1728856491
[2024-10-13T17:58:49.593-0400] {logging_mixin.py:190} INFO - 710 1728856670
[2024-10-13T17:58:49.594-0400] {logging_mixin.py:190} INFO - 711 1728856681
[2024-10-13T17:58:49.594-0400] {logging_mixin.py:190} INFO - 712 1728856672
[2024-10-13T17:58:49.595-0400] {logging_mixin.py:190} INFO - 716 1728856455
[2024-10-13T17:58:49.595-0400] {logging_mixin.py:190} INFO - 717 1728856638
[2024-10-13T17:58:49.596-0400] {logging_mixin.py:190} INFO - 718 1728856495
[2024-10-13T17:58:49.598-0400] {logging_mixin.py:190} INFO - 719 1728856494
[2024-10-13T17:58:49.599-0400] {logging_mixin.py:190} INFO - 720 1728856418
[2024-10-13T17:58:49.600-0400] {logging_mixin.py:190} INFO - 721 1728856671
[2024-10-13T17:58:49.601-0400] {logging_mixin.py:190} INFO - 722 1728856629
[2024-10-13T17:58:49.601-0400] {logging_mixin.py:190} INFO - 723 1728856554
[2024-10-13T17:58:49.602-0400] {logging_mixin.py:190} INFO - 724 1728856495
[2024-10-13T17:58:49.603-0400] {logging_mixin.py:190} INFO - 725 1728856580
[2024-10-13T17:58:49.604-0400] {logging_mixin.py:190} INFO - 726 1728856677
[2024-10-13T17:58:49.605-0400] {logging_mixin.py:190} INFO - 727 1728856447
[2024-10-13T17:58:49.605-0400] {logging_mixin.py:190} INFO - 728 1728856674
[2024-10-13T17:58:49.606-0400] {logging_mixin.py:190} INFO - 729 1728856639
[2024-10-13T17:58:49.607-0400] {logging_mixin.py:190} INFO - 730 1728856471
[2024-10-13T17:58:49.608-0400] {logging_mixin.py:190} INFO - 731 1728856415
[2024-10-13T17:58:49.609-0400] {logging_mixin.py:190} INFO - 732 1728856614
[2024-10-13T17:58:49.610-0400] {logging_mixin.py:190} INFO - 733 1728856461
[2024-10-13T17:58:49.611-0400] {logging_mixin.py:190} INFO - 734 1728855483
[2024-10-13T17:58:49.612-0400] {logging_mixin.py:190} INFO - 735 1728856570
[2024-10-13T17:58:49.612-0400] {logging_mixin.py:190} INFO - 736 1728856532
[2024-10-13T17:58:49.613-0400] {logging_mixin.py:190} INFO - 737 1728856653
[2024-10-13T17:58:49.614-0400] {logging_mixin.py:190} INFO - 738 1728856639
[2024-10-13T17:58:49.615-0400] {logging_mixin.py:190} INFO - 739 1728856553
[2024-10-13T17:58:49.616-0400] {logging_mixin.py:190} INFO - 740 1728856399
[2024-10-13T17:58:49.618-0400] {logging_mixin.py:190} INFO - 741 1728856458
[2024-10-13T17:58:49.619-0400] {logging_mixin.py:190} INFO - 742 1728856554
[2024-10-13T17:58:49.620-0400] {logging_mixin.py:190} INFO - 743 1728856638
[2024-10-13T17:58:49.621-0400] {logging_mixin.py:190} INFO - 744 1728856650
[2024-10-13T17:58:49.621-0400] {logging_mixin.py:190} INFO - 745 1728856434
[2024-10-13T17:58:49.622-0400] {logging_mixin.py:190} INFO - 746 1728856661
[2024-10-13T17:58:49.623-0400] {logging_mixin.py:190} INFO - 747 1728856442
[2024-10-13T17:58:49.623-0400] {logging_mixin.py:190} INFO - 748 1728856573
[2024-10-13T17:58:49.624-0400] {logging_mixin.py:190} INFO - 749 1728856663
[2024-10-13T17:58:49.624-0400] {logging_mixin.py:190} INFO - 750 1728856645
[2024-10-13T17:58:49.625-0400] {logging_mixin.py:190} INFO - 751 1728856593
[2024-10-13T17:58:49.626-0400] {logging_mixin.py:190} INFO - 752 1728856585
[2024-10-13T17:58:49.626-0400] {logging_mixin.py:190} INFO - 753 1728856516
[2024-10-13T17:58:49.627-0400] {logging_mixin.py:190} INFO - 754 1728856598
[2024-10-13T17:58:49.627-0400] {logging_mixin.py:190} INFO - 755 1728856554
[2024-10-13T17:58:49.628-0400] {logging_mixin.py:190} INFO - 756 1728856544
[2024-10-13T17:58:49.629-0400] {logging_mixin.py:190} INFO - 757 1728856597
[2024-10-13T17:58:49.629-0400] {logging_mixin.py:190} INFO - 758 1728856616
[2024-10-13T17:58:49.630-0400] {logging_mixin.py:190} INFO - 759 1728856503
[2024-10-13T17:58:49.631-0400] {logging_mixin.py:190} INFO - 760 1728856499
[2024-10-13T17:58:49.632-0400] {logging_mixin.py:190} INFO - 761 1728856716
[2024-10-13T17:58:49.633-0400] {logging_mixin.py:190} INFO - 762 1728856566
[2024-10-13T17:58:49.634-0400] {logging_mixin.py:190} INFO - 768 1728856477
[2024-10-13T17:58:49.635-0400] {logging_mixin.py:190} INFO - 769 1728856650
[2024-10-13T17:58:49.636-0400] {logging_mixin.py:190} INFO - 770 1728856681
[2024-10-13T17:58:49.636-0400] {logging_mixin.py:190} INFO - 771 1728856713
[2024-10-13T17:58:49.637-0400] {logging_mixin.py:190} INFO - 772 1728856710
[2024-10-13T17:58:49.638-0400] {logging_mixin.py:190} INFO - 773 1728856541
[2024-10-13T17:58:49.639-0400] {logging_mixin.py:190} INFO - 774 1728856689
[2024-10-13T17:58:49.640-0400] {logging_mixin.py:190} INFO - 775 1728856539
[2024-10-13T17:58:49.641-0400] {logging_mixin.py:190} INFO - 776 1728856473
[2024-10-13T17:58:49.642-0400] {logging_mixin.py:190} INFO - 777 1728856564
[2024-10-13T17:58:49.643-0400] {logging_mixin.py:190} INFO - 778 1728856487
[2024-10-13T17:58:49.644-0400] {logging_mixin.py:190} INFO - 779 1728856491
[2024-10-13T17:58:49.645-0400] {logging_mixin.py:190} INFO - 780 1728856580
[2024-10-13T17:58:49.645-0400] {logging_mixin.py:190} INFO - 781 1728856632
[2024-10-13T17:58:49.646-0400] {logging_mixin.py:190} INFO - 782 1728856587
[2024-10-13T17:58:49.646-0400] {logging_mixin.py:190} INFO - 783 1728856496
[2024-10-13T17:58:49.647-0400] {logging_mixin.py:190} INFO - 784 1728856644
[2024-10-13T17:58:49.648-0400] {logging_mixin.py:190} INFO - 785 1728856712
[2024-10-13T17:58:49.648-0400] {logging_mixin.py:190} INFO - 786 1728856706
[2024-10-13T17:58:49.649-0400] {logging_mixin.py:190} INFO - 787 1728856572
[2024-10-13T17:58:49.649-0400] {logging_mixin.py:190} INFO - 788 1728856676
[2024-10-13T17:58:49.650-0400] {logging_mixin.py:190} INFO - 789 1728856671
[2024-10-13T17:58:49.650-0400] {logging_mixin.py:190} INFO - 790 1728856435
[2024-10-13T17:58:49.651-0400] {logging_mixin.py:190} INFO - 791 1728856682
[2024-10-13T17:58:49.652-0400] {logging_mixin.py:190} INFO - 793 1728856579
[2024-10-13T17:58:49.652-0400] {logging_mixin.py:190} INFO - 794 1728856591
[2024-10-13T17:58:49.653-0400] {logging_mixin.py:190} INFO - 795 1728856700
[2024-10-13T17:58:49.654-0400] {logging_mixin.py:190} INFO - 796 1728856495
[2024-10-13T17:58:49.655-0400] {logging_mixin.py:190} INFO - 797 1728856646
[2024-10-13T17:58:49.656-0400] {logging_mixin.py:190} INFO - 798 1728856548
[2024-10-13T17:58:49.656-0400] {logging_mixin.py:190} INFO - 799 1728856650
[2024-10-13T17:58:49.658-0400] {logging_mixin.py:190} INFO - 800 1728856512
[2024-10-13T17:58:49.659-0400] {logging_mixin.py:190} INFO - 801 1728856710
[2024-10-13T17:58:49.659-0400] {logging_mixin.py:190} INFO - 802 1728856453
[2024-10-13T17:58:49.660-0400] {logging_mixin.py:190} INFO - 803 1728856702
[2024-10-13T17:58:49.661-0400] {logging_mixin.py:190} INFO - 806 1728856701
[2024-10-13T17:58:49.661-0400] {logging_mixin.py:190} INFO - 807 1728856579
[2024-10-13T17:58:49.662-0400] {logging_mixin.py:190} INFO - 808 1728856474
[2024-10-13T17:58:49.663-0400] {logging_mixin.py:190} INFO - 809 1728856555
[2024-10-13T17:58:49.665-0400] {logging_mixin.py:190} INFO - 810 1728856422
[2024-10-13T17:58:49.666-0400] {logging_mixin.py:190} INFO - 815 1728856583
[2024-10-13T17:58:49.666-0400] {logging_mixin.py:190} INFO - 816 1728856552
[2024-10-13T17:58:49.667-0400] {logging_mixin.py:190} INFO - 817 1728856536
[2024-10-13T17:58:49.668-0400] {logging_mixin.py:190} INFO - 818 1728856657
[2024-10-13T17:58:49.668-0400] {logging_mixin.py:190} INFO - 819 1728856482
[2024-10-13T17:58:49.669-0400] {logging_mixin.py:190} INFO - 820 1728856445
[2024-10-13T17:58:49.669-0400] {logging_mixin.py:190} INFO - 821 1728856562
[2024-10-13T17:58:49.670-0400] {logging_mixin.py:190} INFO - 822 1728856644
[2024-10-13T17:58:49.671-0400] {logging_mixin.py:190} INFO - 823 1728856635
[2024-10-13T17:58:49.672-0400] {logging_mixin.py:190} INFO - 824 1728856445
[2024-10-13T17:58:49.672-0400] {logging_mixin.py:190} INFO - 825 1728856659
[2024-10-13T17:58:49.673-0400] {logging_mixin.py:190} INFO - 826 1728856448
[2024-10-13T17:58:49.673-0400] {logging_mixin.py:190} INFO - 827 1728855458
[2024-10-13T17:58:49.674-0400] {logging_mixin.py:190} INFO - 828 1728856590
[2024-10-13T17:58:49.675-0400] {logging_mixin.py:190} INFO - 829 1728856706
[2024-10-13T17:58:49.676-0400] {logging_mixin.py:190} INFO - 830 1728856638
[2024-10-13T17:58:49.677-0400] {logging_mixin.py:190} INFO - 831 1728856483
[2024-10-13T17:58:49.678-0400] {logging_mixin.py:190} INFO - 832 1728856573
[2024-10-13T17:58:49.679-0400] {logging_mixin.py:190} INFO - 833 1728856675
[2024-10-13T17:58:49.680-0400] {logging_mixin.py:190} INFO - 834 1728856709
[2024-10-13T17:58:49.681-0400] {logging_mixin.py:190} INFO - 835 1728823460
[2024-10-13T17:58:49.682-0400] {logging_mixin.py:190} INFO - 836 1728856558
[2024-10-13T17:58:49.683-0400] {logging_mixin.py:190} INFO - 837 1728856484
[2024-10-13T17:58:49.684-0400] {logging_mixin.py:190} INFO - 838 1728856586
[2024-10-13T17:58:49.684-0400] {logging_mixin.py:190} INFO - 839 1728856427
[2024-10-13T17:58:49.685-0400] {logging_mixin.py:190} INFO - 840 1728856563
[2024-10-13T17:58:49.686-0400] {logging_mixin.py:190} INFO - 841 1728856505
[2024-10-13T17:58:49.687-0400] {logging_mixin.py:190} INFO - 842 1728856656
[2024-10-13T17:58:49.688-0400] {logging_mixin.py:190} INFO - 843 1728856562
[2024-10-13T17:58:49.689-0400] {logging_mixin.py:190} INFO - 844 1728856705
[2024-10-13T17:58:49.689-0400] {logging_mixin.py:190} INFO - 845 1728856607
[2024-10-13T17:58:49.690-0400] {logging_mixin.py:190} INFO - 846 1728855135
[2024-10-13T17:58:49.690-0400] {logging_mixin.py:190} INFO - 847 1728856591
[2024-10-13T17:58:49.691-0400] {logging_mixin.py:190} INFO - 848 1728856441
[2024-10-13T17:58:49.692-0400] {logging_mixin.py:190} INFO - 849 1728856685
[2024-10-13T17:58:49.692-0400] {logging_mixin.py:190} INFO - 850 1728856482
[2024-10-13T17:58:49.693-0400] {logging_mixin.py:190} INFO - 851 1728856549
[2024-10-13T17:58:49.694-0400] {logging_mixin.py:190} INFO - 852 1728856494
[2024-10-13T17:58:49.695-0400] {logging_mixin.py:190} INFO - 853 1728705308
[2024-10-13T17:58:49.695-0400] {logging_mixin.py:190} INFO - 854 1728856661
[2024-10-13T17:58:49.696-0400] {logging_mixin.py:190} INFO - 855 1728856562
[2024-10-13T17:58:49.697-0400] {logging_mixin.py:190} INFO - 857 1728856508
[2024-10-13T17:58:49.697-0400] {logging_mixin.py:190} INFO - 858 1728856409
[2024-10-13T17:58:49.698-0400] {logging_mixin.py:190} INFO - 859 1728856556
[2024-10-13T17:58:49.699-0400] {logging_mixin.py:190} INFO - 860 1728856494
[2024-10-13T17:58:49.700-0400] {logging_mixin.py:190} INFO - 861 1728856670
[2024-10-13T17:58:49.701-0400] {logging_mixin.py:190} INFO - 862 1728856564
[2024-10-13T17:58:49.701-0400] {logging_mixin.py:190} INFO - 863 1728856666
[2024-10-13T17:58:49.702-0400] {logging_mixin.py:190} INFO - 866 1728856577
[2024-10-13T17:58:49.702-0400] {logging_mixin.py:190} INFO - 867 1728791982
[2024-10-13T17:58:49.703-0400] {logging_mixin.py:190} INFO - 868 1728856683
[2024-10-13T17:58:49.704-0400] {logging_mixin.py:190} INFO - 870 1728856596
[2024-10-13T17:58:49.704-0400] {logging_mixin.py:190} INFO - 871 1728619102
[2024-10-13T17:58:49.705-0400] {logging_mixin.py:190} INFO - 872 1728856583
[2024-10-13T17:58:49.705-0400] {logging_mixin.py:190} INFO - 873 1728856671
[2024-10-13T17:58:49.706-0400] {logging_mixin.py:190} INFO - 874 1728856436
[2024-10-13T17:58:49.707-0400] {logging_mixin.py:190} INFO - 875 1728856629
[2024-10-13T17:58:49.707-0400] {logging_mixin.py:190} INFO - 877 1728856444
[2024-10-13T17:58:49.708-0400] {logging_mixin.py:190} INFO - 878 1728856534
[2024-10-13T17:58:49.708-0400] {logging_mixin.py:190} INFO - 879 1728856455
[2024-10-13T17:58:49.709-0400] {logging_mixin.py:190} INFO - 880 1728856565
[2024-10-13T17:58:49.710-0400] {logging_mixin.py:190} INFO - 881 1728856581
[2024-10-13T17:58:49.710-0400] {logging_mixin.py:190} INFO - 882 1728856710
[2024-10-13T17:58:49.711-0400] {logging_mixin.py:190} INFO - 883 1728856440
[2024-10-13T17:58:49.712-0400] {logging_mixin.py:190} INFO - 884 1728856429
[2024-10-13T17:58:49.712-0400] {logging_mixin.py:190} INFO - 885 1728856601
[2024-10-13T17:58:49.713-0400] {logging_mixin.py:190} INFO - 886 1728856542
[2024-10-13T17:58:49.713-0400] {logging_mixin.py:190} INFO - 887 1728856400
[2024-10-13T17:58:49.714-0400] {logging_mixin.py:190} INFO - 888 1728856461
[2024-10-13T17:58:49.715-0400] {logging_mixin.py:190} INFO - 889 1728856523
[2024-10-13T17:58:49.715-0400] {logging_mixin.py:190} INFO - 890 1728856524
[2024-10-13T17:58:49.716-0400] {logging_mixin.py:190} INFO - 891 1728856457
[2024-10-13T17:58:49.717-0400] {logging_mixin.py:190} INFO - 892 1728856556
[2024-10-13T17:58:49.718-0400] {logging_mixin.py:190} INFO - 895 1728856649
[2024-10-13T17:58:49.719-0400] {logging_mixin.py:190} INFO - 896 1728856693
[2024-10-13T17:58:49.720-0400] {logging_mixin.py:190} INFO - 897 1728856637
[2024-10-13T17:58:49.720-0400] {logging_mixin.py:190} INFO - 898 1728856581
[2024-10-13T17:58:49.721-0400] {logging_mixin.py:190} INFO - 899 1728856523
[2024-10-13T17:58:49.722-0400] {logging_mixin.py:190} INFO - 900 1728856506
[2024-10-13T17:58:49.722-0400] {logging_mixin.py:190} INFO - 901 1728856587
[2024-10-13T17:58:49.723-0400] {logging_mixin.py:190} INFO - 902 1728856475
[2024-10-13T17:58:49.724-0400] {logging_mixin.py:190} INFO - 903 1728856423
[2024-10-13T17:58:49.725-0400] {logging_mixin.py:190} INFO - 904 1728856565
[2024-10-13T17:58:49.726-0400] {logging_mixin.py:190} INFO - 905 1728856693
[2024-10-13T17:58:49.727-0400] {logging_mixin.py:190} INFO - 906 1728856625
[2024-10-13T17:58:49.727-0400] {logging_mixin.py:190} INFO - 907 1728856526
[2024-10-13T17:58:49.728-0400] {logging_mixin.py:190} INFO - 908 1728856546
[2024-10-13T17:58:49.729-0400] {logging_mixin.py:190} INFO - 909 1728856697
[2024-10-13T17:58:49.730-0400] {logging_mixin.py:190} INFO - 910 1728856701
[2024-10-13T17:58:49.731-0400] {logging_mixin.py:190} INFO - 911 1728856616
[2024-10-13T17:58:49.731-0400] {logging_mixin.py:190} INFO - 912 1728856564
[2024-10-13T17:58:49.732-0400] {logging_mixin.py:190} INFO - 913 1728856614
[2024-10-13T17:58:49.732-0400] {logging_mixin.py:190} INFO - 914 1728856624
[2024-10-13T17:58:49.733-0400] {logging_mixin.py:190} INFO - 915 1728856626
[2024-10-13T17:58:49.734-0400] {logging_mixin.py:190} INFO - 916 1728856660
[2024-10-13T17:58:49.734-0400] {logging_mixin.py:190} INFO - 917 1728856604
[2024-10-13T17:58:49.735-0400] {logging_mixin.py:190} INFO - 918 1728856671
[2024-10-13T17:58:49.735-0400] {logging_mixin.py:190} INFO - 919 1728856556
[2024-10-13T17:58:49.736-0400] {logging_mixin.py:190} INFO - 920 1728856471
[2024-10-13T17:58:49.736-0400] {logging_mixin.py:190} INFO - 921 1728856589
[2024-10-13T17:58:49.737-0400] {logging_mixin.py:190} INFO - 922 1728856579
[2024-10-13T17:58:49.738-0400] {logging_mixin.py:190} INFO - 923 1728856640
[2024-10-13T17:58:49.738-0400] {logging_mixin.py:190} INFO - 924 1728856669
[2024-10-13T17:58:49.739-0400] {logging_mixin.py:190} INFO - 925 1728856561
[2024-10-13T17:58:49.739-0400] {logging_mixin.py:190} INFO - 926 1728856564
[2024-10-13T17:58:49.740-0400] {logging_mixin.py:190} INFO - 927 1728856604
[2024-10-13T17:58:49.741-0400] {logging_mixin.py:190} INFO - 928 1728856570
[2024-10-13T17:58:49.741-0400] {logging_mixin.py:190} INFO - 929 1728856535
[2024-10-13T17:58:49.742-0400] {logging_mixin.py:190} INFO - 930 1728856549
[2024-10-13T17:58:49.742-0400] {logging_mixin.py:190} INFO - 931 1728856589
[2024-10-13T17:58:49.743-0400] {logging_mixin.py:190} INFO - 932 1728856532
[2024-10-13T17:58:49.744-0400] {logging_mixin.py:190} INFO - 933 1728856665
[2024-10-13T17:58:49.744-0400] {logging_mixin.py:190} INFO - 934 1728856435
[2024-10-13T17:58:49.745-0400] {logging_mixin.py:190} INFO - 935 1728856686
[2024-10-13T17:58:49.745-0400] {logging_mixin.py:190} INFO - 936 1728856701
[2024-10-13T17:58:49.746-0400] {logging_mixin.py:190} INFO - 940 1728856710
[2024-10-13T17:58:49.747-0400] {logging_mixin.py:190} INFO - 941 1728856660
[2024-10-13T17:58:49.747-0400] {logging_mixin.py:190} INFO - 942 1728856534
[2024-10-13T17:58:49.748-0400] {logging_mixin.py:190} INFO - 943 1728856464
[2024-10-13T17:58:49.748-0400] {logging_mixin.py:190} INFO - 944 1728856635
[2024-10-13T17:58:49.749-0400] {logging_mixin.py:190} INFO - 945 1728856442
[2024-10-13T17:58:49.749-0400] {logging_mixin.py:190} INFO - 946 1728856548
[2024-10-13T17:58:49.750-0400] {logging_mixin.py:190} INFO - 947 1728856502
[2024-10-13T17:58:49.751-0400] {logging_mixin.py:190} INFO - 948 1728856566
[2024-10-13T17:58:49.751-0400] {logging_mixin.py:190} INFO - 949 1728856693
[2024-10-13T17:58:49.752-0400] {logging_mixin.py:190} INFO - 950 1728856652
[2024-10-13T17:58:49.752-0400] {logging_mixin.py:190} INFO - 951 1728856653
[2024-10-13T17:58:49.753-0400] {logging_mixin.py:190} INFO - 952 1728856600
[2024-10-13T17:58:49.754-0400] {logging_mixin.py:190} INFO - 953 1728856480
[2024-10-13T17:58:49.754-0400] {logging_mixin.py:190} INFO - 954 1728856628
[2024-10-13T17:58:49.755-0400] {logging_mixin.py:190} INFO - 955 1728856439
[2024-10-13T17:58:49.756-0400] {logging_mixin.py:190} INFO - 956 1728856438
[2024-10-13T17:58:49.757-0400] {logging_mixin.py:190} INFO - 957 1728856660
[2024-10-13T17:58:49.757-0400] {logging_mixin.py:190} INFO - 958 1728856556
[2024-10-13T17:58:49.758-0400] {logging_mixin.py:190} INFO - 959 1728856670
[2024-10-13T17:58:49.759-0400] {logging_mixin.py:190} INFO - 960 1728856694
[2024-10-13T17:58:49.760-0400] {logging_mixin.py:190} INFO - 961 1728856707
[2024-10-13T17:58:49.762-0400] {logging_mixin.py:190} INFO - 962 1728856688
[2024-10-13T17:58:49.762-0400] {logging_mixin.py:190} INFO - 963 1728856692
[2024-10-13T17:58:49.763-0400] {logging_mixin.py:190} INFO - 964 1728856426
[2024-10-13T17:58:49.764-0400] {logging_mixin.py:190} INFO - 965 1728856562
[2024-10-13T17:58:49.765-0400] {logging_mixin.py:190} INFO - 966 1728856715
[2024-10-13T17:58:49.766-0400] {logging_mixin.py:190} INFO - 967 1728856539
[2024-10-13T17:58:49.766-0400] {logging_mixin.py:190} INFO - 968 1728856567
[2024-10-13T17:58:49.767-0400] {logging_mixin.py:190} INFO - 969 1728856537
[2024-10-13T17:58:49.768-0400] {logging_mixin.py:190} INFO - 970 1728856611
[2024-10-13T17:58:49.769-0400] {logging_mixin.py:190} INFO - 971 1728856688
[2024-10-13T17:58:49.770-0400] {logging_mixin.py:190} INFO - 977 1728856461
[2024-10-13T17:58:49.770-0400] {logging_mixin.py:190} INFO - 978 1728856671
[2024-10-13T17:58:49.771-0400] {logging_mixin.py:190} INFO - 979 1728856650
[2024-10-13T17:58:49.772-0400] {logging_mixin.py:190} INFO - 980 1728856677
[2024-10-13T17:58:49.773-0400] {logging_mixin.py:190} INFO - 981 1728856664
[2024-10-13T17:58:49.773-0400] {logging_mixin.py:190} INFO - 982 1728856680
[2024-10-13T17:58:49.774-0400] {logging_mixin.py:190} INFO - 983 1728856501
[2024-10-13T17:58:49.775-0400] {logging_mixin.py:190} INFO - 984 1728791847
[2024-10-13T17:58:49.776-0400] {logging_mixin.py:190} INFO - 985 1728856476
[2024-10-13T17:58:49.777-0400] {logging_mixin.py:190} INFO - 986 1728856428
[2024-10-13T17:58:49.778-0400] {logging_mixin.py:190} INFO - 987 1728856552
[2024-10-13T17:58:49.778-0400] {logging_mixin.py:190} INFO - 988 1728856468
[2024-10-13T17:58:49.779-0400] {logging_mixin.py:190} INFO - 989 1728856534
[2024-10-13T17:58:49.780-0400] {logging_mixin.py:190} INFO - 990 1727957747
[2024-10-13T17:58:49.781-0400] {logging_mixin.py:190} INFO - 991 1727957013
[2024-10-13T17:58:49.782-0400] {logging_mixin.py:190} INFO - 992 1728791897
[2024-10-13T17:58:49.783-0400] {logging_mixin.py:190} INFO - 993 1728856619
[2024-10-13T17:58:49.784-0400] {logging_mixin.py:190} INFO - 994 86400
[2024-10-13T17:58:49.821-0400] {python.py:240} INFO - Done. Returned value was: None
[2024-10-13T17:58:49.827-0400] {taskinstance.py:340} INFO - ::group::Post task execution logs
[2024-10-13T17:58:49.829-0400] {taskinstance.py:352} INFO - Marking task as SUCCESS. dag_id=bixi_etl_pipeline, task_id=extract_task, run_id=manual__2024-10-13T21:58:32.343179+00:00, execution_date=20241013T215832, start_date=20241013T215848, end_date=20241013T215849
[2024-10-13T17:58:49.839-0400] {logging_mixin.py:190} INFO - Task instance in success state
[2024-10-13T17:58:49.840-0400] {logging_mixin.py:190} INFO -  Previous state of the Task instance: running
[2024-10-13T17:58:49.841-0400] {logging_mixin.py:190} INFO - Dag name:bixi_etl_pipeline queued_at:2024-10-13 21:58:32.386101+00:00
[2024-10-13T17:58:49.842-0400] {logging_mixin.py:190} INFO - Task hostname:karendembp.home operator:PythonOperator
[2024-10-13T17:58:49.876-0400] {local_task_job_runner.py:266} INFO - Task exited with return code 0
[2024-10-13T17:58:49.909-0400] {taskinstance.py:3900} INFO - 1 downstream tasks scheduled from follow-on schedule check
[2024-10-13T17:58:49.911-0400] {local_task_job_runner.py:245} INFO - ::endgroup::
