[2024-10-13T18:38:19.356-0400] {local_task_job_runner.py:123} INFO - ::group::Pre task execution logs
[2024-10-13T18:38:19.373-0400] {taskinstance.py:2612} INFO - Dependencies all met for dep_context=non-requeueable deps ti=<TaskInstance: bixi_etl_pipeline.transform_task manual__2024-10-13T22:37:38.384105+00:00 [queued]>
[2024-10-13T18:38:19.380-0400] {taskinstance.py:2612} INFO - Dependencies all met for dep_context=requeueable deps ti=<TaskInstance: bixi_etl_pipeline.transform_task manual__2024-10-13T22:37:38.384105+00:00 [queued]>
[2024-10-13T18:38:19.380-0400] {taskinstance.py:2865} INFO - Starting attempt 1 of 1
[2024-10-13T18:38:19.396-0400] {taskinstance.py:2888} INFO - Executing <Task(PythonOperator): transform_task> on 2024-10-13 22:37:38.384105+00:00
[2024-10-13T18:38:19.405-0400] {standard_task_runner.py:72} INFO - Started process 98777 to run task
[2024-10-13T18:38:19.411-0400] {clientserver.py:543} INFO - Closing down clientserver connection
[2024-10-13T18:38:19.422-0400] {standard_task_runner.py:104} INFO - Running: ['airflow', 'tasks', 'run', 'bixi_etl_pipeline', 'transform_task', 'manual__2024-10-13T22:37:38.384105+00:00', '--job-id', '213', '--raw', '--subdir', 'DAGS_FOLDER/bixi_etl_pipeline.py', '--cfg-path', '/var/folders/bj/4z3t139j7xj2qng4wk4y16ym0000gn/T/tmpeav5ehm5']
[2024-10-13T18:38:19.423-0400] {standard_task_runner.py:105} INFO - Job 213: Subtask transform_task
[2024-10-13T18:38:19.499-0400] {task_command.py:467} INFO - Running <TaskInstance: bixi_etl_pipeline.transform_task manual__2024-10-13T22:37:38.384105+00:00 [running]> on host karendembp.home
[2024-10-13T18:38:19.788-0400] {taskinstance.py:3131} INFO - Exporting env vars: AIRFLOW_CTX_DAG_OWNER='airflow' AIRFLOW_CTX_DAG_ID='bixi_etl_pipeline' AIRFLOW_CTX_TASK_ID='transform_task' AIRFLOW_CTX_EXECUTION_DATE='2024-10-13T22:37:38.384105+00:00' AIRFLOW_CTX_TRY_NUMBER='1' AIRFLOW_CTX_DAG_RUN_ID='manual__2024-10-13T22:37:38.384105+00:00'
[2024-10-13T18:38:19.789-0400] {logging_mixin.py:190} INFO - Task instance is in running state
[2024-10-13T18:38:19.790-0400] {logging_mixin.py:190} INFO -  Previous state of the Task instance: queued
[2024-10-13T18:38:19.791-0400] {logging_mixin.py:190} INFO - Current task name:transform_task state:running start_date:2024-10-13 22:38:19.374313+00:00
[2024-10-13T18:38:19.792-0400] {logging_mixin.py:190} INFO - Dag name:bixi_etl_pipeline and current dag run status:running
[2024-10-13T18:38:19.793-0400] {taskinstance.py:731} INFO - ::endgroup::
[2024-10-13T18:38:33.402-0400] {python.py:240} INFO - Done. Returned value was: None
[2024-10-13T18:38:33.411-0400] {taskinstance.py:340} INFO - ::group::Post task execution logs
[2024-10-13T18:38:33.413-0400] {taskinstance.py:352} INFO - Marking task as SUCCESS. dag_id=bixi_etl_pipeline, task_id=transform_task, run_id=manual__2024-10-13T22:37:38.384105+00:00, execution_date=20241013T223738, start_date=20241013T223819, end_date=20241013T223833
[2024-10-13T18:38:33.425-0400] {logging_mixin.py:190} INFO - Task instance in success state
[2024-10-13T18:38:33.425-0400] {logging_mixin.py:190} INFO -  Previous state of the Task instance: running
[2024-10-13T18:38:33.426-0400] {logging_mixin.py:190} INFO - Dag name:bixi_etl_pipeline queued_at:2024-10-13 22:37:38.428438+00:00
[2024-10-13T18:38:33.427-0400] {logging_mixin.py:190} INFO - Task hostname:karendembp.home operator:PythonOperator
[2024-10-13T18:38:33.441-0400] {local_task_job_runner.py:266} INFO - Task exited with return code 0
[2024-10-13T18:38:33.464-0400] {taskinstance.py:3900} INFO - 1 downstream tasks scheduled from follow-on schedule check
[2024-10-13T18:38:33.466-0400] {local_task_job_runner.py:245} INFO - ::endgroup::
