[2024-10-13T18:27:58.310-0400] {local_task_job_runner.py:123} INFO - ::group::Pre task execution logs
[2024-10-13T18:27:58.329-0400] {taskinstance.py:2612} INFO - Dependencies all met for dep_context=non-requeueable deps ti=<TaskInstance: bixi_etl_pipeline.extract_task manual__2024-10-13T22:27:36.589125+00:00 [queued]>
[2024-10-13T18:27:58.341-0400] {taskinstance.py:2612} INFO - Dependencies all met for dep_context=requeueable deps ti=<TaskInstance: bixi_etl_pipeline.extract_task manual__2024-10-13T22:27:36.589125+00:00 [queued]>
[2024-10-13T18:27:58.341-0400] {taskinstance.py:2865} INFO - Starting attempt 1 of 1
[2024-10-13T18:27:58.366-0400] {taskinstance.py:2888} INFO - Executing <Task(PythonOperator): extract_task> on 2024-10-13 22:27:36.589125+00:00
[2024-10-13T18:27:58.375-0400] {standard_task_runner.py:72} INFO - Started process 95461 to run task
[2024-10-13T18:27:58.382-0400] {clientserver.py:543} INFO - Closing down clientserver connection
[2024-10-13T18:27:58.393-0400] {standard_task_runner.py:104} INFO - Running: ['airflow', 'tasks', 'run', 'bixi_etl_pipeline', 'extract_task', 'manual__2024-10-13T22:27:36.589125+00:00', '--job-id', '209', '--raw', '--subdir', 'DAGS_FOLDER/bixi_etl_pipeline.py', '--cfg-path', '/var/folders/bj/4z3t139j7xj2qng4wk4y16ym0000gn/T/tmp1nin151w']
[2024-10-13T18:27:58.394-0400] {standard_task_runner.py:105} INFO - Job 209: Subtask extract_task
[2024-10-13T18:27:58.464-0400] {task_command.py:467} INFO - Running <TaskInstance: bixi_etl_pipeline.extract_task manual__2024-10-13T22:27:36.589125+00:00 [running]> on host karendembp.home
[2024-10-13T18:27:58.752-0400] {taskinstance.py:3131} INFO - Exporting env vars: AIRFLOW_CTX_DAG_OWNER='airflow' AIRFLOW_CTX_DAG_ID='bixi_etl_pipeline' AIRFLOW_CTX_TASK_ID='extract_task' AIRFLOW_CTX_EXECUTION_DATE='2024-10-13T22:27:36.589125+00:00' AIRFLOW_CTX_TRY_NUMBER='1' AIRFLOW_CTX_DAG_RUN_ID='manual__2024-10-13T22:27:36.589125+00:00'
[2024-10-13T18:27:58.753-0400] {logging_mixin.py:190} INFO - Task instance is in running state
[2024-10-13T18:27:58.753-0400] {logging_mixin.py:190} INFO -  Previous state of the Task instance: queued
[2024-10-13T18:27:58.754-0400] {logging_mixin.py:190} INFO - Current task name:extract_task state:running start_date:2024-10-13 22:27:58.329836+00:00
[2024-10-13T18:27:58.755-0400] {logging_mixin.py:190} INFO - Dag name:bixi_etl_pipeline and current dag run status:running
[2024-10-13T18:27:58.756-0400] {taskinstance.py:731} INFO - ::endgroup::
[2024-10-13T18:27:59.135-0400] {logging_mixin.py:190} INFO - 1 1728856872
[2024-10-13T18:27:59.136-0400] {logging_mixin.py:190} INFO - 2 1728857964
[2024-10-13T18:27:59.137-0400] {logging_mixin.py:190} INFO - 3 1728858353
[2024-10-13T18:27:59.137-0400] {logging_mixin.py:190} INFO - 4 1728858244
[2024-10-13T18:27:59.138-0400] {logging_mixin.py:190} INFO - 5 1728853785
[2024-10-13T18:27:59.139-0400] {logging_mixin.py:190} INFO - 6 1728857142
[2024-10-13T18:27:59.139-0400] {logging_mixin.py:190} INFO - 7 1728858281
[2024-10-13T18:27:59.140-0400] {logging_mixin.py:190} INFO - 8 1728858366
[2024-10-13T18:27:59.140-0400] {logging_mixin.py:190} INFO - 9 1728858408
[2024-10-13T18:27:59.141-0400] {logging_mixin.py:190} INFO - 10 1728853478
[2024-10-13T18:27:59.142-0400] {logging_mixin.py:190} INFO - 11 1728857235
[2024-10-13T18:27:59.142-0400] {logging_mixin.py:190} INFO - 12 1728857741
[2024-10-13T18:27:59.143-0400] {logging_mixin.py:190} INFO - 13 1728858164
[2024-10-13T18:27:59.143-0400] {logging_mixin.py:190} INFO - 14 1728858362
[2024-10-13T18:27:59.144-0400] {logging_mixin.py:190} INFO - 15 1728857207
[2024-10-13T18:27:59.145-0400] {logging_mixin.py:190} INFO - 16 1728852968
[2024-10-13T18:27:59.146-0400] {logging_mixin.py:190} INFO - 17 1728858311
[2024-10-13T18:27:59.147-0400] {logging_mixin.py:190} INFO - 18 1728857989
[2024-10-13T18:27:59.147-0400] {logging_mixin.py:190} INFO - 19 1728858393
[2024-10-13T18:27:59.148-0400] {logging_mixin.py:190} INFO - 20 1728856878
[2024-10-13T18:27:59.149-0400] {logging_mixin.py:190} INFO - 21 1728858435
[2024-10-13T18:27:59.150-0400] {logging_mixin.py:190} INFO - 22 1728858443
[2024-10-13T18:27:59.151-0400] {logging_mixin.py:190} INFO - 24 1728857768
[2024-10-13T18:27:59.152-0400] {logging_mixin.py:190} INFO - 25 1728858449
[2024-10-13T18:27:59.153-0400] {logging_mixin.py:190} INFO - 26 1728858429
[2024-10-13T18:27:59.154-0400] {logging_mixin.py:190} INFO - 28 1728857983
[2024-10-13T18:27:59.155-0400] {logging_mixin.py:190} INFO - 30 1728857933
[2024-10-13T18:27:59.155-0400] {logging_mixin.py:190} INFO - 31 1728857842
[2024-10-13T18:27:59.157-0400] {logging_mixin.py:190} INFO - 32 1728858432
[2024-10-13T18:27:59.158-0400] {logging_mixin.py:190} INFO - 34 1728857889
[2024-10-13T18:27:59.160-0400] {logging_mixin.py:190} INFO - 35 1728858430
[2024-10-13T18:27:59.160-0400] {logging_mixin.py:190} INFO - 36 1728858260
[2024-10-13T18:27:59.161-0400] {logging_mixin.py:190} INFO - 37 1728858445
[2024-10-13T18:27:59.162-0400] {logging_mixin.py:190} INFO - 38 1728858276
[2024-10-13T18:27:59.162-0400] {logging_mixin.py:190} INFO - 39 1728858416
[2024-10-13T18:27:59.163-0400] {logging_mixin.py:190} INFO - 40 1728858266
[2024-10-13T18:27:59.164-0400] {logging_mixin.py:190} INFO - 41 1728857726
[2024-10-13T18:27:59.164-0400] {logging_mixin.py:190} INFO - 43 1728857936
[2024-10-13T18:27:59.165-0400] {logging_mixin.py:190} INFO - 45 1728858219
[2024-10-13T18:27:59.166-0400] {logging_mixin.py:190} INFO - 46 1728857449
[2024-10-13T18:27:59.166-0400] {logging_mixin.py:190} INFO - 47 1728858249
[2024-10-13T18:27:59.167-0400] {logging_mixin.py:190} INFO - 48 1728857962
[2024-10-13T18:27:59.167-0400] {logging_mixin.py:190} INFO - 49 1728857582
[2024-10-13T18:27:59.168-0400] {logging_mixin.py:190} INFO - 50 1728858350
[2024-10-13T18:27:59.169-0400] {logging_mixin.py:190} INFO - 51 1728858361
[2024-10-13T18:27:59.169-0400] {logging_mixin.py:190} INFO - 52 1728858038
[2024-10-13T18:27:59.170-0400] {logging_mixin.py:190} INFO - 55 1728858428
[2024-10-13T18:27:59.171-0400] {logging_mixin.py:190} INFO - 56 1728858335
[2024-10-13T18:27:59.171-0400] {logging_mixin.py:190} INFO - 57 1728858164
[2024-10-13T18:27:59.172-0400] {logging_mixin.py:190} INFO - 59 1728857431
[2024-10-13T18:27:59.173-0400] {logging_mixin.py:190} INFO - 60 1728857669
[2024-10-13T18:27:59.173-0400] {logging_mixin.py:190} INFO - 61 1728858455
[2024-10-13T18:27:59.174-0400] {logging_mixin.py:190} INFO - 62 1728858449
[2024-10-13T18:27:59.175-0400] {logging_mixin.py:190} INFO - 63 1728858364
[2024-10-13T18:27:59.176-0400] {logging_mixin.py:190} INFO - 64 1728856955
[2024-10-13T18:27:59.177-0400] {logging_mixin.py:190} INFO - 65 1728858281
[2024-10-13T18:27:59.178-0400] {logging_mixin.py:190} INFO - 67 1728857768
[2024-10-13T18:27:59.178-0400] {logging_mixin.py:190} INFO - 68 1728858034
[2024-10-13T18:27:59.179-0400] {logging_mixin.py:190} INFO - 69 1728857585
[2024-10-13T18:27:59.179-0400] {logging_mixin.py:190} INFO - 71 1728858351
[2024-10-13T18:27:59.180-0400] {logging_mixin.py:190} INFO - 72 1728858164
[2024-10-13T18:27:59.180-0400] {logging_mixin.py:190} INFO - 73 1728858413
[2024-10-13T18:27:59.181-0400] {logging_mixin.py:190} INFO - 74 1728857676
[2024-10-13T18:27:59.182-0400] {logging_mixin.py:190} INFO - 75 1728858306
[2024-10-13T18:27:59.182-0400] {logging_mixin.py:190} INFO - 76 1728858135
[2024-10-13T18:27:59.183-0400] {logging_mixin.py:190} INFO - 77 1728858276
[2024-10-13T18:27:59.183-0400] {logging_mixin.py:190} INFO - 78 1728858440
[2024-10-13T18:27:59.184-0400] {logging_mixin.py:190} INFO - 79 1728858339
[2024-10-13T18:27:59.185-0400] {logging_mixin.py:190} INFO - 80 1728858017
[2024-10-13T18:27:59.185-0400] {logging_mixin.py:190} INFO - 81 1728858136
[2024-10-13T18:27:59.186-0400] {logging_mixin.py:190} INFO - 82 1728858296
[2024-10-13T18:27:59.187-0400] {logging_mixin.py:190} INFO - 83 1728858244
[2024-10-13T18:27:59.188-0400] {logging_mixin.py:190} INFO - 84 1728858406
[2024-10-13T18:27:59.189-0400] {logging_mixin.py:190} INFO - 85 1728857446
[2024-10-13T18:27:59.190-0400] {logging_mixin.py:190} INFO - 86 1728858260
[2024-10-13T18:27:59.190-0400] {logging_mixin.py:190} INFO - 87 1728858443
[2024-10-13T18:27:59.191-0400] {logging_mixin.py:190} INFO - 88 1728858398
[2024-10-13T18:27:59.192-0400] {logging_mixin.py:190} INFO - 89 1728857942
[2024-10-13T18:27:59.194-0400] {logging_mixin.py:190} INFO - 91 1728857743
[2024-10-13T18:27:59.194-0400] {logging_mixin.py:190} INFO - 92 1728858356
[2024-10-13T18:27:59.195-0400] {logging_mixin.py:190} INFO - 93 1728855432
[2024-10-13T18:27:59.197-0400] {logging_mixin.py:190} INFO - 94 1728857785
[2024-10-13T18:27:59.198-0400] {logging_mixin.py:190} INFO - 95 1728857801
[2024-10-13T18:27:59.199-0400] {logging_mixin.py:190} INFO - 96 1728858242
[2024-10-13T18:27:59.200-0400] {logging_mixin.py:190} INFO - 97 1728858035
[2024-10-13T18:27:59.201-0400] {logging_mixin.py:190} INFO - 99 1728856866
[2024-10-13T18:27:59.202-0400] {logging_mixin.py:190} INFO - 100 1728858134
[2024-10-13T18:27:59.203-0400] {logging_mixin.py:190} INFO - 101 1728858171
[2024-10-13T18:27:59.203-0400] {logging_mixin.py:190} INFO - 102 1728857803
[2024-10-13T18:27:59.204-0400] {logging_mixin.py:190} INFO - 103 1728858418
[2024-10-13T18:27:59.205-0400] {logging_mixin.py:190} INFO - 105 1728856971
[2024-10-13T18:27:59.205-0400] {logging_mixin.py:190} INFO - 106 1728858213
[2024-10-13T18:27:59.206-0400] {logging_mixin.py:190} INFO - 107 1728857508
[2024-10-13T18:27:59.206-0400] {logging_mixin.py:190} INFO - 108 1728858378
[2024-10-13T18:27:59.207-0400] {logging_mixin.py:190} INFO - 109 1728858401
[2024-10-13T18:27:59.208-0400] {logging_mixin.py:190} INFO - 110 1728857446
[2024-10-13T18:27:59.209-0400] {logging_mixin.py:190} INFO - 111 1728858280
[2024-10-13T18:27:59.210-0400] {logging_mixin.py:190} INFO - 112 1728857825
[2024-10-13T18:27:59.211-0400] {logging_mixin.py:190} INFO - 113 1728858105
[2024-10-13T18:27:59.212-0400] {logging_mixin.py:190} INFO - 114 1728858131
[2024-10-13T18:27:59.213-0400] {logging_mixin.py:190} INFO - 115 1728857315
[2024-10-13T18:27:59.214-0400] {logging_mixin.py:190} INFO - 116 1728858248
[2024-10-13T18:27:59.215-0400] {logging_mixin.py:190} INFO - 118 1728857357
[2024-10-13T18:27:59.216-0400] {logging_mixin.py:190} INFO - 119 1728858402
[2024-10-13T18:27:59.217-0400] {logging_mixin.py:190} INFO - 120 1728858464
[2024-10-13T18:27:59.217-0400] {logging_mixin.py:190} INFO - 121 1728858425
[2024-10-13T18:27:59.218-0400] {logging_mixin.py:190} INFO - 122 1728858324
[2024-10-13T18:27:59.219-0400] {logging_mixin.py:190} INFO - 123 1728858289
[2024-10-13T18:27:59.219-0400] {logging_mixin.py:190} INFO - 124 1728857358
[2024-10-13T18:27:59.220-0400] {logging_mixin.py:190} INFO - 125 1728858187
[2024-10-13T18:27:59.221-0400] {logging_mixin.py:190} INFO - 126 1728857465
[2024-10-13T18:27:59.221-0400] {logging_mixin.py:190} INFO - 127 1728858275
[2024-10-13T18:27:59.222-0400] {logging_mixin.py:190} INFO - 128 1728858224
[2024-10-13T18:27:59.223-0400] {logging_mixin.py:190} INFO - 129 1728857755
[2024-10-13T18:27:59.224-0400] {logging_mixin.py:190} INFO - 131 1728857700
[2024-10-13T18:27:59.225-0400] {logging_mixin.py:190} INFO - 132 1728858284
[2024-10-13T18:27:59.226-0400] {logging_mixin.py:190} INFO - 133 1728858334
[2024-10-13T18:27:59.227-0400] {logging_mixin.py:190} INFO - 134 1728857775
[2024-10-13T18:27:59.228-0400] {logging_mixin.py:190} INFO - 135 1728858383
[2024-10-13T18:27:59.229-0400] {logging_mixin.py:190} INFO - 136 1728857292
[2024-10-13T18:27:59.230-0400] {logging_mixin.py:190} INFO - 137 1728858204
[2024-10-13T18:27:59.230-0400] {logging_mixin.py:190} INFO - 138 1728858119
[2024-10-13T18:27:59.231-0400] {logging_mixin.py:190} INFO - 139 1728858181
[2024-10-13T18:27:59.231-0400] {logging_mixin.py:190} INFO - 140 1728858263
[2024-10-13T18:27:59.232-0400] {logging_mixin.py:190} INFO - 141 1728858419
[2024-10-13T18:27:59.233-0400] {logging_mixin.py:190} INFO - 142 1728857085
[2024-10-13T18:27:59.233-0400] {logging_mixin.py:190} INFO - 143 1728858149
[2024-10-13T18:27:59.234-0400] {logging_mixin.py:190} INFO - 144 1728858446
[2024-10-13T18:27:59.234-0400] {logging_mixin.py:190} INFO - 145 1728858182
[2024-10-13T18:27:59.235-0400] {logging_mixin.py:190} INFO - 146 1728858343
[2024-10-13T18:27:59.235-0400] {logging_mixin.py:190} INFO - 147 1728858100
[2024-10-13T18:27:59.236-0400] {logging_mixin.py:190} INFO - 148 1728858215
[2024-10-13T18:27:59.237-0400] {logging_mixin.py:190} INFO - 149 1728857757
[2024-10-13T18:27:59.237-0400] {logging_mixin.py:190} INFO - 150 1728858173
[2024-10-13T18:27:59.238-0400] {logging_mixin.py:190} INFO - 151 1728858456
[2024-10-13T18:27:59.239-0400] {logging_mixin.py:190} INFO - 152 1728858416
[2024-10-13T18:27:59.240-0400] {logging_mixin.py:190} INFO - 153 1728858002
[2024-10-13T18:27:59.241-0400] {logging_mixin.py:190} INFO - 154 1728858379
[2024-10-13T18:27:59.241-0400] {logging_mixin.py:190} INFO - 155 1728856462
[2024-10-13T18:27:59.242-0400] {logging_mixin.py:190} INFO - 156 1728858345
[2024-10-13T18:27:59.242-0400] {logging_mixin.py:190} INFO - 157 1728858357
[2024-10-13T18:27:59.243-0400] {logging_mixin.py:190} INFO - 158 1728858281
[2024-10-13T18:27:59.244-0400] {logging_mixin.py:190} INFO - 159 1728857928
[2024-10-13T18:27:59.244-0400] {logging_mixin.py:190} INFO - 160 1728857232
[2024-10-13T18:27:59.245-0400] {logging_mixin.py:190} INFO - 161 1728857807
[2024-10-13T18:27:59.245-0400] {logging_mixin.py:190} INFO - 162 1728858389
[2024-10-13T18:27:59.246-0400] {logging_mixin.py:190} INFO - 163 1728858317
[2024-10-13T18:27:59.247-0400] {logging_mixin.py:190} INFO - 164 1728858467
[2024-10-13T18:27:59.247-0400] {logging_mixin.py:190} INFO - 165 1728858175
[2024-10-13T18:27:59.248-0400] {logging_mixin.py:190} INFO - 166 1728858309
[2024-10-13T18:27:59.248-0400] {logging_mixin.py:190} INFO - 167 1728858340
[2024-10-13T18:27:59.249-0400] {logging_mixin.py:190} INFO - 168 1728858212
[2024-10-13T18:27:59.249-0400] {logging_mixin.py:190} INFO - 169 1728858273
[2024-10-13T18:27:59.250-0400] {logging_mixin.py:190} INFO - 170 1728857430
[2024-10-13T18:27:59.251-0400] {logging_mixin.py:190} INFO - 171 1728856715
[2024-10-13T18:27:59.251-0400] {logging_mixin.py:190} INFO - 173 1728858371
[2024-10-13T18:27:59.252-0400] {logging_mixin.py:190} INFO - 174 1728858242
[2024-10-13T18:27:59.253-0400] {logging_mixin.py:190} INFO - 176 1728858395
[2024-10-13T18:27:59.254-0400] {logging_mixin.py:190} INFO - 177 1728857453
[2024-10-13T18:27:59.255-0400] {logging_mixin.py:190} INFO - 178 1728857865
[2024-10-13T18:27:59.256-0400] {logging_mixin.py:190} INFO - 179 1728858240
[2024-10-13T18:27:59.256-0400] {logging_mixin.py:190} INFO - 180 1728857514
[2024-10-13T18:27:59.257-0400] {logging_mixin.py:190} INFO - 181 1728858419
[2024-10-13T18:27:59.257-0400] {logging_mixin.py:190} INFO - 182 1728858331
[2024-10-13T18:27:59.258-0400] {logging_mixin.py:190} INFO - 183 1728858167
[2024-10-13T18:27:59.259-0400] {logging_mixin.py:190} INFO - 184 1728858334
[2024-10-13T18:27:59.260-0400] {logging_mixin.py:190} INFO - 185 1728857827
[2024-10-13T18:27:59.260-0400] {logging_mixin.py:190} INFO - 186 1728858433
[2024-10-13T18:27:59.261-0400] {logging_mixin.py:190} INFO - 187 1728858018
[2024-10-13T18:27:59.262-0400] {logging_mixin.py:190} INFO - 188 1728857635
[2024-10-13T18:27:59.262-0400] {logging_mixin.py:190} INFO - 189 1728857498
[2024-10-13T18:27:59.263-0400] {logging_mixin.py:190} INFO - 190 1728858427
[2024-10-13T18:27:59.263-0400] {logging_mixin.py:190} INFO - 191 1728858412
[2024-10-13T18:27:59.264-0400] {logging_mixin.py:190} INFO - 192 1728858456
[2024-10-13T18:27:59.265-0400] {logging_mixin.py:190} INFO - 193 1728857927
[2024-10-13T18:27:59.266-0400] {logging_mixin.py:190} INFO - 194 1728858446
[2024-10-13T18:27:59.267-0400] {logging_mixin.py:190} INFO - 195 1728858299
[2024-10-13T18:27:59.267-0400] {logging_mixin.py:190} INFO - 196 1728858456
[2024-10-13T18:27:59.268-0400] {logging_mixin.py:190} INFO - 197 1728858003
[2024-10-13T18:27:59.269-0400] {logging_mixin.py:190} INFO - 198 1728857413
[2024-10-13T18:27:59.270-0400] {logging_mixin.py:190} INFO - 199 1728858454
[2024-10-13T18:27:59.271-0400] {logging_mixin.py:190} INFO - 200 1728855801
[2024-10-13T18:27:59.272-0400] {logging_mixin.py:190} INFO - 201 1728858131
[2024-10-13T18:27:59.273-0400] {logging_mixin.py:190} INFO - 202 1728854252
[2024-10-13T18:27:59.274-0400] {logging_mixin.py:190} INFO - 203 1728858442
[2024-10-13T18:27:59.275-0400] {logging_mixin.py:190} INFO - 204 1728858395
[2024-10-13T18:27:59.276-0400] {logging_mixin.py:190} INFO - 205 1728857630
[2024-10-13T18:27:59.276-0400] {logging_mixin.py:190} INFO - 206 1728857605
[2024-10-13T18:27:59.277-0400] {logging_mixin.py:190} INFO - 207 1728857983
[2024-10-13T18:27:59.278-0400] {logging_mixin.py:190} INFO - 208 1728857179
[2024-10-13T18:27:59.279-0400] {logging_mixin.py:190} INFO - 209 1728858457
[2024-10-13T18:27:59.280-0400] {logging_mixin.py:190} INFO - 210 1728858162
[2024-10-13T18:27:59.281-0400] {logging_mixin.py:190} INFO - 211 1728858260
[2024-10-13T18:27:59.281-0400] {logging_mixin.py:190} INFO - 212 1728391856
[2024-10-13T18:27:59.282-0400] {logging_mixin.py:190} INFO - 213 1728857683
[2024-10-13T18:27:59.283-0400] {logging_mixin.py:190} INFO - 214 1728858439
[2024-10-13T18:27:59.284-0400] {logging_mixin.py:190} INFO - 215 1728857669
[2024-10-13T18:27:59.285-0400] {logging_mixin.py:190} INFO - 216 1728858412
[2024-10-13T18:27:59.286-0400] {logging_mixin.py:190} INFO - 217 1728858175
[2024-10-13T18:27:59.287-0400] {logging_mixin.py:190} INFO - 218 1728858394
[2024-10-13T18:27:59.287-0400] {logging_mixin.py:190} INFO - 219 1728858425
[2024-10-13T18:27:59.288-0400] {logging_mixin.py:190} INFO - 220 1728858016
[2024-10-13T18:27:59.289-0400] {logging_mixin.py:190} INFO - 221 1728858363
[2024-10-13T18:27:59.290-0400] {logging_mixin.py:190} INFO - 222 1728857634
[2024-10-13T18:27:59.291-0400] {logging_mixin.py:190} INFO - 223 1728856678
[2024-10-13T18:27:59.292-0400] {logging_mixin.py:190} INFO - 224 1728858371
[2024-10-13T18:27:59.293-0400] {logging_mixin.py:190} INFO - 225 1728856587
[2024-10-13T18:27:59.294-0400] {logging_mixin.py:190} INFO - 226 1728858304
[2024-10-13T18:27:59.295-0400] {logging_mixin.py:190} INFO - 227 1728858354
[2024-10-13T18:27:59.295-0400] {logging_mixin.py:190} INFO - 228 1728858055
[2024-10-13T18:27:59.296-0400] {logging_mixin.py:190} INFO - 229 1728858312
[2024-10-13T18:27:59.296-0400] {logging_mixin.py:190} INFO - 230 1728857695
[2024-10-13T18:27:59.297-0400] {logging_mixin.py:190} INFO - 232 1728858091
[2024-10-13T18:27:59.298-0400] {logging_mixin.py:190} INFO - 233 1728858025
[2024-10-13T18:27:59.298-0400] {logging_mixin.py:190} INFO - 234 1728858246
[2024-10-13T18:27:59.299-0400] {logging_mixin.py:190} INFO - 236 1728858440
[2024-10-13T18:27:59.299-0400] {logging_mixin.py:190} INFO - 237 1728858102
[2024-10-13T18:27:59.300-0400] {logging_mixin.py:190} INFO - 239 1728858299
[2024-10-13T18:27:59.301-0400] {logging_mixin.py:190} INFO - 241 1728858126
[2024-10-13T18:27:59.301-0400] {logging_mixin.py:190} INFO - 242 1728858091
[2024-10-13T18:27:59.302-0400] {logging_mixin.py:190} INFO - 243 1728857917
[2024-10-13T18:27:59.302-0400] {logging_mixin.py:190} INFO - 244 1728857344
[2024-10-13T18:27:59.303-0400] {logging_mixin.py:190} INFO - 245 1728659352
[2024-10-13T18:27:59.304-0400] {logging_mixin.py:190} INFO - 246 1728857818
[2024-10-13T18:27:59.304-0400] {logging_mixin.py:190} INFO - 247 1728858278
[2024-10-13T18:27:59.305-0400] {logging_mixin.py:190} INFO - 248 1728858178
[2024-10-13T18:27:59.306-0400] {logging_mixin.py:190} INFO - 249 1728858261
[2024-10-13T18:27:59.306-0400] {logging_mixin.py:190} INFO - 250 1728858042
[2024-10-13T18:27:59.307-0400] {logging_mixin.py:190} INFO - 251 1728858223
[2024-10-13T18:27:59.308-0400] {logging_mixin.py:190} INFO - 253 1728858417
[2024-10-13T18:27:59.309-0400] {logging_mixin.py:190} INFO - 254 1728858323
[2024-10-13T18:27:59.310-0400] {logging_mixin.py:190} INFO - 255 1728857738
[2024-10-13T18:27:59.311-0400] {logging_mixin.py:190} INFO - 256 1728858286
[2024-10-13T18:27:59.312-0400] {logging_mixin.py:190} INFO - 257 1728857451
[2024-10-13T18:27:59.313-0400] {logging_mixin.py:190} INFO - 258 1728858370
[2024-10-13T18:27:59.314-0400] {logging_mixin.py:190} INFO - 259 1728857516
[2024-10-13T18:27:59.315-0400] {logging_mixin.py:190} INFO - 260 1728858369
[2024-10-13T18:27:59.316-0400] {logging_mixin.py:190} INFO - 261 1728857254
[2024-10-13T18:27:59.316-0400] {logging_mixin.py:190} INFO - 262 1728858457
[2024-10-13T18:27:59.317-0400] {logging_mixin.py:190} INFO - 263 1728858267
[2024-10-13T18:27:59.318-0400] {logging_mixin.py:190} INFO - 264 1728858379
[2024-10-13T18:27:59.318-0400] {logging_mixin.py:190} INFO - 265 1728858143
[2024-10-13T18:27:59.319-0400] {logging_mixin.py:190} INFO - 266 1728858422
[2024-10-13T18:27:59.320-0400] {logging_mixin.py:190} INFO - 267 1728854175
[2024-10-13T18:27:59.322-0400] {logging_mixin.py:190} INFO - 268 1728858024
[2024-10-13T18:27:59.322-0400] {logging_mixin.py:190} INFO - 269 1728858320
[2024-10-13T18:27:59.323-0400] {logging_mixin.py:190} INFO - 270 1728857376
[2024-10-13T18:27:59.324-0400] {logging_mixin.py:190} INFO - 271 1728857159
[2024-10-13T18:27:59.325-0400] {logging_mixin.py:190} INFO - 272 1728856257
[2024-10-13T18:27:59.326-0400] {logging_mixin.py:190} INFO - 273 1728857868
[2024-10-13T18:27:59.327-0400] {logging_mixin.py:190} INFO - 274 1728858035
[2024-10-13T18:27:59.327-0400] {logging_mixin.py:190} INFO - 275 1728858320
[2024-10-13T18:27:59.328-0400] {logging_mixin.py:190} INFO - 276 1728858267
[2024-10-13T18:27:59.329-0400] {logging_mixin.py:190} INFO - 277 1728858366
[2024-10-13T18:27:59.329-0400] {logging_mixin.py:190} INFO - 278 1728857955
[2024-10-13T18:27:59.330-0400] {logging_mixin.py:190} INFO - 279 1728858401
[2024-10-13T18:27:59.330-0400] {logging_mixin.py:190} INFO - 280 1728858426
[2024-10-13T18:27:59.331-0400] {logging_mixin.py:190} INFO - 281 1728857818
[2024-10-13T18:27:59.332-0400] {logging_mixin.py:190} INFO - 282 1728857699
[2024-10-13T18:27:59.333-0400] {logging_mixin.py:190} INFO - 283 1728858205
[2024-10-13T18:27:59.333-0400] {logging_mixin.py:190} INFO - 284 1728857858
[2024-10-13T18:27:59.334-0400] {logging_mixin.py:190} INFO - 285 1728857878
[2024-10-13T18:27:59.335-0400] {logging_mixin.py:190} INFO - 286 1728858242
[2024-10-13T18:27:59.335-0400] {logging_mixin.py:190} INFO - 287 1728858116
[2024-10-13T18:27:59.336-0400] {logging_mixin.py:190} INFO - 288 1728857539
[2024-10-13T18:27:59.336-0400] {logging_mixin.py:190} INFO - 289 1728858190
[2024-10-13T18:27:59.337-0400] {logging_mixin.py:190} INFO - 290 1728858459
[2024-10-13T18:27:59.338-0400] {logging_mixin.py:190} INFO - 291 1728857323
[2024-10-13T18:27:59.338-0400] {logging_mixin.py:190} INFO - 292 1728858240
[2024-10-13T18:27:59.339-0400] {logging_mixin.py:190} INFO - 293 1728858404
[2024-10-13T18:27:59.339-0400] {logging_mixin.py:190} INFO - 294 1728858296
[2024-10-13T18:27:59.340-0400] {logging_mixin.py:190} INFO - 297 1728857391
[2024-10-13T18:27:59.341-0400] {logging_mixin.py:190} INFO - 301 1728858163
[2024-10-13T18:27:59.342-0400] {logging_mixin.py:190} INFO - 302 1728851739
[2024-10-13T18:27:59.342-0400] {logging_mixin.py:190} INFO - 303 1728857064
[2024-10-13T18:27:59.343-0400] {logging_mixin.py:190} INFO - 304 1728857477
[2024-10-13T18:27:59.344-0400] {logging_mixin.py:190} INFO - 305 1728857805
[2024-10-13T18:27:59.345-0400] {logging_mixin.py:190} INFO - 306 1728858278
[2024-10-13T18:27:59.346-0400] {logging_mixin.py:190} INFO - 307 1728857028
[2024-10-13T18:27:59.347-0400] {logging_mixin.py:190} INFO - 308 1728857105
[2024-10-13T18:27:59.348-0400] {logging_mixin.py:190} INFO - 309 1728858013
[2024-10-13T18:27:59.349-0400] {logging_mixin.py:190} INFO - 311 1728857896
[2024-10-13T18:27:59.349-0400] {logging_mixin.py:190} INFO - 312 1728858019
[2024-10-13T18:27:59.350-0400] {logging_mixin.py:190} INFO - 313 1728853123
[2024-10-13T18:27:59.351-0400] {logging_mixin.py:190} INFO - 314 1728858375
[2024-10-13T18:27:59.351-0400] {logging_mixin.py:190} INFO - 315 1728857667
[2024-10-13T18:27:59.352-0400] {logging_mixin.py:190} INFO - 316 1728858295
[2024-10-13T18:27:59.353-0400] {logging_mixin.py:190} INFO - 317 1728858321
[2024-10-13T18:27:59.353-0400] {logging_mixin.py:190} INFO - 318 1728856647
[2024-10-13T18:27:59.354-0400] {logging_mixin.py:190} INFO - 319 1728858342
[2024-10-13T18:27:59.354-0400] {logging_mixin.py:190} INFO - 320 1728858461
[2024-10-13T18:27:59.355-0400] {logging_mixin.py:190} INFO - 321 1728858222
[2024-10-13T18:27:59.356-0400] {logging_mixin.py:190} INFO - 322 1728858287
[2024-10-13T18:27:59.356-0400] {logging_mixin.py:190} INFO - 323 1728857882
[2024-10-13T18:27:59.357-0400] {logging_mixin.py:190} INFO - 324 1728857842
[2024-10-13T18:27:59.357-0400] {logging_mixin.py:190} INFO - 325 1728858425
[2024-10-13T18:27:59.358-0400] {logging_mixin.py:190} INFO - 327 1728857693
[2024-10-13T18:27:59.359-0400] {logging_mixin.py:190} INFO - 328 1728858034
[2024-10-13T18:27:59.360-0400] {logging_mixin.py:190} INFO - 329 1728857280
[2024-10-13T18:27:59.361-0400] {logging_mixin.py:190} INFO - 330 1728858036
[2024-10-13T18:27:59.361-0400] {logging_mixin.py:190} INFO - 331 1728858134
[2024-10-13T18:27:59.362-0400] {logging_mixin.py:190} INFO - 332 1728857735
[2024-10-13T18:27:59.363-0400] {logging_mixin.py:190} INFO - 333 1728856815
[2024-10-13T18:27:59.363-0400] {logging_mixin.py:190} INFO - 334 1728858280
[2024-10-13T18:27:59.364-0400] {logging_mixin.py:190} INFO - 335 1728854465
[2024-10-13T18:27:59.365-0400] {logging_mixin.py:190} INFO - 336 1728857061
[2024-10-13T18:27:59.365-0400] {logging_mixin.py:190} INFO - 337 1728858106
[2024-10-13T18:27:59.366-0400] {logging_mixin.py:190} INFO - 338 1728858250
[2024-10-13T18:27:59.366-0400] {logging_mixin.py:190} INFO - 339 1728857079
[2024-10-13T18:27:59.367-0400] {logging_mixin.py:190} INFO - 340 1728857418
[2024-10-13T18:27:59.368-0400] {logging_mixin.py:190} INFO - 341 1728858316
[2024-10-13T18:27:59.368-0400] {logging_mixin.py:190} INFO - 342 1728857071
[2024-10-13T18:27:59.369-0400] {logging_mixin.py:190} INFO - 343 1728857022
[2024-10-13T18:27:59.370-0400] {logging_mixin.py:190} INFO - 344 1728858160
[2024-10-13T18:27:59.371-0400] {logging_mixin.py:190} INFO - 345 1728858435
[2024-10-13T18:27:59.371-0400] {logging_mixin.py:190} INFO - 346 1728857705
[2024-10-13T18:27:59.372-0400] {logging_mixin.py:190} INFO - 347 1728858463
[2024-10-13T18:27:59.373-0400] {logging_mixin.py:190} INFO - 348 1728858371
[2024-10-13T18:27:59.374-0400] {logging_mixin.py:190} INFO - 349 1728853925
[2024-10-13T18:27:59.375-0400] {logging_mixin.py:190} INFO - 350 1728856440
[2024-10-13T18:27:59.376-0400] {logging_mixin.py:190} INFO - 351 1728857910
[2024-10-13T18:27:59.376-0400] {logging_mixin.py:190} INFO - 355 1728858196
[2024-10-13T18:27:59.377-0400] {logging_mixin.py:190} INFO - 356 1728857711
[2024-10-13T18:27:59.378-0400] {logging_mixin.py:190} INFO - 357 1728665345
[2024-10-13T18:27:59.378-0400] {logging_mixin.py:190} INFO - 358 1728858124
[2024-10-13T18:27:59.379-0400] {logging_mixin.py:190} INFO - 359 1728858380
[2024-10-13T18:27:59.380-0400] {logging_mixin.py:190} INFO - 360 1728857940
[2024-10-13T18:27:59.381-0400] {logging_mixin.py:190} INFO - 361 1728856985
[2024-10-13T18:27:59.382-0400] {logging_mixin.py:190} INFO - 362 1728858418
[2024-10-13T18:27:59.383-0400] {logging_mixin.py:190} INFO - 363 1728858023
[2024-10-13T18:27:59.383-0400] {logging_mixin.py:190} INFO - 364 1728856597
[2024-10-13T18:27:59.384-0400] {logging_mixin.py:190} INFO - 365 1728856693
[2024-10-13T18:27:59.385-0400] {logging_mixin.py:190} INFO - 366 1728857866
[2024-10-13T18:27:59.385-0400] {logging_mixin.py:190} INFO - 367 1728857057
[2024-10-13T18:27:59.386-0400] {logging_mixin.py:190} INFO - 368 1728858296
[2024-10-13T18:27:59.387-0400] {logging_mixin.py:190} INFO - 370 1728858168
[2024-10-13T18:27:59.388-0400] {logging_mixin.py:190} INFO - 371 1728858376
[2024-10-13T18:27:59.389-0400] {logging_mixin.py:190} INFO - 372 1728857962
[2024-10-13T18:27:59.390-0400] {logging_mixin.py:190} INFO - 373 1728858141
[2024-10-13T18:27:59.391-0400] {logging_mixin.py:190} INFO - 374 1728858464
[2024-10-13T18:27:59.391-0400] {logging_mixin.py:190} INFO - 375 1728856302
[2024-10-13T18:27:59.392-0400] {logging_mixin.py:190} INFO - 376 1728858340
[2024-10-13T18:27:59.393-0400] {logging_mixin.py:190} INFO - 377 1728858214
[2024-10-13T18:27:59.394-0400] {logging_mixin.py:190} INFO - 378 1728858000
[2024-10-13T18:27:59.394-0400] {logging_mixin.py:190} INFO - 379 1728857961
[2024-10-13T18:27:59.395-0400] {logging_mixin.py:190} INFO - 380 1728858218
[2024-10-13T18:27:59.395-0400] {logging_mixin.py:190} INFO - 381 1728858431
[2024-10-13T18:27:59.396-0400] {logging_mixin.py:190} INFO - 383 1728856197
[2024-10-13T18:27:59.397-0400] {logging_mixin.py:190} INFO - 384 1728856528
[2024-10-13T18:27:59.397-0400] {logging_mixin.py:190} INFO - 385 1728858438
[2024-10-13T18:27:59.398-0400] {logging_mixin.py:190} INFO - 387 1728857197
[2024-10-13T18:27:59.399-0400] {logging_mixin.py:190} INFO - 388 1728858011
[2024-10-13T18:27:59.400-0400] {logging_mixin.py:190} INFO - 389 1728857869
[2024-10-13T18:27:59.401-0400] {logging_mixin.py:190} INFO - 390 1728857664
[2024-10-13T18:27:59.401-0400] {logging_mixin.py:190} INFO - 391 1728856150
[2024-10-13T18:27:59.402-0400] {logging_mixin.py:190} INFO - 392 1728856451
[2024-10-13T18:27:59.403-0400] {logging_mixin.py:190} INFO - 393 1728858418
[2024-10-13T18:27:59.404-0400] {logging_mixin.py:190} INFO - 394 1728855840
[2024-10-13T18:27:59.405-0400] {logging_mixin.py:190} INFO - 396 1728857900
[2024-10-13T18:27:59.406-0400] {logging_mixin.py:190} INFO - 397 1728858262
[2024-10-13T18:27:59.407-0400] {logging_mixin.py:190} INFO - 399 1728857885
[2024-10-13T18:27:59.408-0400] {logging_mixin.py:190} INFO - 400 1728858262
[2024-10-13T18:27:59.409-0400] {logging_mixin.py:190} INFO - 401 1728858206
[2024-10-13T18:27:59.410-0400] {logging_mixin.py:190} INFO - 403 1728858138
[2024-10-13T18:27:59.411-0400] {logging_mixin.py:190} INFO - 404 1728857670
[2024-10-13T18:27:59.412-0400] {logging_mixin.py:190} INFO - 406 1728857051
[2024-10-13T18:27:59.413-0400] {logging_mixin.py:190} INFO - 407 1728857820
[2024-10-13T18:27:59.415-0400] {logging_mixin.py:190} INFO - 408 1728858406
[2024-10-13T18:27:59.415-0400] {logging_mixin.py:190} INFO - 409 1728858048
[2024-10-13T18:27:59.416-0400] {logging_mixin.py:190} INFO - 413 1728857925
[2024-10-13T18:27:59.417-0400] {logging_mixin.py:190} INFO - 414 1728856158
[2024-10-13T18:27:59.417-0400] {logging_mixin.py:190} INFO - 417 1728858458
[2024-10-13T18:27:59.418-0400] {logging_mixin.py:190} INFO - 418 1728857000
[2024-10-13T18:27:59.419-0400] {logging_mixin.py:190} INFO - 419 1728853773
[2024-10-13T18:27:59.420-0400] {logging_mixin.py:190} INFO - 421 1728858455
[2024-10-13T18:27:59.421-0400] {logging_mixin.py:190} INFO - 422 1728858395
[2024-10-13T18:27:59.422-0400] {logging_mixin.py:190} INFO - 423 1728855897
[2024-10-13T18:27:59.423-0400] {logging_mixin.py:190} INFO - 424 1728858305
[2024-10-13T18:27:59.424-0400] {logging_mixin.py:190} INFO - 425 1728857879
[2024-10-13T18:27:59.425-0400] {logging_mixin.py:190} INFO - 426 1728858387
[2024-10-13T18:27:59.426-0400] {logging_mixin.py:190} INFO - 427 1728857150
[2024-10-13T18:27:59.427-0400] {logging_mixin.py:190} INFO - 428 1728857504
[2024-10-13T18:27:59.428-0400] {logging_mixin.py:190} INFO - 429 1728858393
[2024-10-13T18:27:59.429-0400] {logging_mixin.py:190} INFO - 430 1728858076
[2024-10-13T18:27:59.430-0400] {logging_mixin.py:190} INFO - 431 1728858049
[2024-10-13T18:27:59.431-0400] {logging_mixin.py:190} INFO - 432 1728858134
[2024-10-13T18:27:59.431-0400] {logging_mixin.py:190} INFO - 433 1728856725
[2024-10-13T18:27:59.432-0400] {logging_mixin.py:190} INFO - 437 1728856599
[2024-10-13T18:27:59.432-0400] {logging_mixin.py:190} INFO - 438 1728857953
[2024-10-13T18:27:59.433-0400] {logging_mixin.py:190} INFO - 439 1728857648
[2024-10-13T18:27:59.434-0400] {logging_mixin.py:190} INFO - 440 1728857936
[2024-10-13T18:27:59.434-0400] {logging_mixin.py:190} INFO - 441 1728856193
[2024-10-13T18:27:59.435-0400] {logging_mixin.py:190} INFO - 442 1728856348
[2024-10-13T18:27:59.436-0400] {logging_mixin.py:190} INFO - 443 1728853989
[2024-10-13T18:27:59.436-0400] {logging_mixin.py:190} INFO - 444 1728840483
[2024-10-13T18:27:59.437-0400] {logging_mixin.py:190} INFO - 445 1728853218
[2024-10-13T18:27:59.437-0400] {logging_mixin.py:190} INFO - 446 1728856170
[2024-10-13T18:27:59.438-0400] {logging_mixin.py:190} INFO - 447 1728857990
[2024-10-13T18:27:59.439-0400] {logging_mixin.py:190} INFO - 448 1728854859
[2024-10-13T18:27:59.440-0400] {logging_mixin.py:190} INFO - 452 1728858145
[2024-10-13T18:27:59.441-0400] {logging_mixin.py:190} INFO - 453 1728856859
[2024-10-13T18:27:59.442-0400] {logging_mixin.py:190} INFO - 454 1728856558
[2024-10-13T18:27:59.443-0400] {logging_mixin.py:190} INFO - 455 1728858243
[2024-10-13T18:27:59.443-0400] {logging_mixin.py:190} INFO - 456 1728857558
[2024-10-13T18:27:59.444-0400] {logging_mixin.py:190} INFO - 457 1728858293
[2024-10-13T18:27:59.445-0400] {logging_mixin.py:190} INFO - 458 1728856994
[2024-10-13T18:27:59.445-0400] {logging_mixin.py:190} INFO - 459 1728857706
[2024-10-13T18:27:59.446-0400] {logging_mixin.py:190} INFO - 460 1728857883
[2024-10-13T18:27:59.446-0400] {logging_mixin.py:190} INFO - 461 1728856988
[2024-10-13T18:27:59.447-0400] {logging_mixin.py:190} INFO - 462 1728661129
[2024-10-13T18:27:59.448-0400] {logging_mixin.py:190} INFO - 463 1728858329
[2024-10-13T18:27:59.448-0400] {logging_mixin.py:190} INFO - 464 1728857682
[2024-10-13T18:27:59.449-0400] {logging_mixin.py:190} INFO - 465 1728856678
[2024-10-13T18:27:59.449-0400] {logging_mixin.py:190} INFO - 466 1728858091
[2024-10-13T18:27:59.450-0400] {logging_mixin.py:190} INFO - 467 1728857808
[2024-10-13T18:27:59.451-0400] {logging_mixin.py:190} INFO - 468 1728850964
[2024-10-13T18:27:59.451-0400] {logging_mixin.py:190} INFO - 469 1728857247
[2024-10-13T18:27:59.452-0400] {logging_mixin.py:190} INFO - 470 1728857722
[2024-10-13T18:27:59.453-0400] {logging_mixin.py:190} INFO - 471 1728857224
[2024-10-13T18:27:59.454-0400] {logging_mixin.py:190} INFO - 472 1728857297
[2024-10-13T18:27:59.454-0400] {logging_mixin.py:190} INFO - 473 1728857224
[2024-10-13T18:27:59.455-0400] {logging_mixin.py:190} INFO - 474 1728856921
[2024-10-13T18:27:59.456-0400] {logging_mixin.py:190} INFO - 475 1728858365
[2024-10-13T18:27:59.456-0400] {logging_mixin.py:190} INFO - 476 1728857907
[2024-10-13T18:27:59.457-0400] {logging_mixin.py:190} INFO - 477 1728856269
[2024-10-13T18:27:59.457-0400] {logging_mixin.py:190} INFO - 478 1728858006
[2024-10-13T18:27:59.458-0400] {logging_mixin.py:190} INFO - 479 1728856072
[2024-10-13T18:27:59.459-0400] {logging_mixin.py:190} INFO - 480 1728857480
[2024-10-13T18:27:59.459-0400] {logging_mixin.py:190} INFO - 481 1728856332
[2024-10-13T18:27:59.460-0400] {logging_mixin.py:190} INFO - 482 1728857667
[2024-10-13T18:27:59.461-0400] {logging_mixin.py:190} INFO - 483 1728858462
[2024-10-13T18:27:59.461-0400] {logging_mixin.py:190} INFO - 484 1728857451
[2024-10-13T18:27:59.462-0400] {logging_mixin.py:190} INFO - 485 1728856917
[2024-10-13T18:27:59.463-0400] {logging_mixin.py:190} INFO - 486 1728858011
[2024-10-13T18:27:59.463-0400] {logging_mixin.py:190} INFO - 487 1728855745
[2024-10-13T18:27:59.464-0400] {logging_mixin.py:190} INFO - 489 1728858430
[2024-10-13T18:27:59.464-0400] {logging_mixin.py:190} INFO - 490 1728857997
[2024-10-13T18:27:59.465-0400] {logging_mixin.py:190} INFO - 491 1728857147
[2024-10-13T18:27:59.466-0400] {logging_mixin.py:190} INFO - 492 1728853818
[2024-10-13T18:27:59.467-0400] {logging_mixin.py:190} INFO - 493 1728857095
[2024-10-13T18:27:59.468-0400] {logging_mixin.py:190} INFO - 495 1728857318
[2024-10-13T18:27:59.468-0400] {logging_mixin.py:190} INFO - 496 1728858452
[2024-10-13T18:27:59.469-0400] {logging_mixin.py:190} INFO - 497 1728857893
[2024-10-13T18:27:59.469-0400] {logging_mixin.py:190} INFO - 498 1728858444
[2024-10-13T18:27:59.470-0400] {logging_mixin.py:190} INFO - 499 1728853886
[2024-10-13T18:27:59.471-0400] {logging_mixin.py:190} INFO - 500 1728856572
[2024-10-13T18:27:59.471-0400] {logging_mixin.py:190} INFO - 501 1728857330
[2024-10-13T18:27:59.472-0400] {logging_mixin.py:190} INFO - 502 1728857694
[2024-10-13T18:27:59.472-0400] {logging_mixin.py:190} INFO - 503 1728858055
[2024-10-13T18:27:59.473-0400] {logging_mixin.py:190} INFO - 504 1728856753
[2024-10-13T18:27:59.473-0400] {logging_mixin.py:190} INFO - 505 1728858411
[2024-10-13T18:27:59.474-0400] {logging_mixin.py:190} INFO - 508 1728858335
[2024-10-13T18:27:59.475-0400] {logging_mixin.py:190} INFO - 511 1728857114
[2024-10-13T18:27:59.476-0400] {logging_mixin.py:190} INFO - 512 1728858327
[2024-10-13T18:27:59.476-0400] {logging_mixin.py:190} INFO - 514 1728857487
[2024-10-13T18:27:59.477-0400] {logging_mixin.py:190} INFO - 515 1728856000
[2024-10-13T18:27:59.477-0400] {logging_mixin.py:190} INFO - 516 1728858298
[2024-10-13T18:27:59.478-0400] {logging_mixin.py:190} INFO - 517 1728857591
[2024-10-13T18:27:59.479-0400] {logging_mixin.py:190} INFO - 518 1728858215
[2024-10-13T18:27:59.480-0400] {logging_mixin.py:190} INFO - 519 1728858201
[2024-10-13T18:27:59.481-0400] {logging_mixin.py:190} INFO - 520 1728857704
[2024-10-13T18:27:59.482-0400] {logging_mixin.py:190} INFO - 521 1728858219
[2024-10-13T18:27:59.483-0400] {logging_mixin.py:190} INFO - 522 1728858166
[2024-10-13T18:27:59.483-0400] {logging_mixin.py:190} INFO - 523 1728858341
[2024-10-13T18:27:59.484-0400] {logging_mixin.py:190} INFO - 524 1728858295
[2024-10-13T18:27:59.484-0400] {logging_mixin.py:190} INFO - 525 1728858261
[2024-10-13T18:27:59.485-0400] {logging_mixin.py:190} INFO - 526 1728857753
[2024-10-13T18:27:59.486-0400] {logging_mixin.py:190} INFO - 527 1728858145
[2024-10-13T18:27:59.486-0400] {logging_mixin.py:190} INFO - 528 1728856128
[2024-10-13T18:27:59.487-0400] {logging_mixin.py:190} INFO - 529 1728857463
[2024-10-13T18:27:59.487-0400] {logging_mixin.py:190} INFO - 530 1728858349
[2024-10-13T18:27:59.488-0400] {logging_mixin.py:190} INFO - 531 1728858207
[2024-10-13T18:27:59.489-0400] {logging_mixin.py:190} INFO - 532 1728858146
[2024-10-13T18:27:59.489-0400] {logging_mixin.py:190} INFO - 533 1728856076
[2024-10-13T18:27:59.490-0400] {logging_mixin.py:190} INFO - 534 1728858055
[2024-10-13T18:27:59.490-0400] {logging_mixin.py:190} INFO - 535 1728857941
[2024-10-13T18:27:59.491-0400] {logging_mixin.py:190} INFO - 536 1728857811
[2024-10-13T18:27:59.492-0400] {logging_mixin.py:190} INFO - 537 1728858105
[2024-10-13T18:27:59.493-0400] {logging_mixin.py:190} INFO - 538 1728858270
[2024-10-13T18:27:59.494-0400] {logging_mixin.py:190} INFO - 539 1728858388
[2024-10-13T18:27:59.495-0400] {logging_mixin.py:190} INFO - 540 1728857548
[2024-10-13T18:27:59.496-0400] {logging_mixin.py:190} INFO - 541 1728857839
[2024-10-13T18:27:59.496-0400] {logging_mixin.py:190} INFO - 542 1728857815
[2024-10-13T18:27:59.497-0400] {logging_mixin.py:190} INFO - 543 1728858434
[2024-10-13T18:27:59.498-0400] {logging_mixin.py:190} INFO - 544 1728858385
[2024-10-13T18:27:59.499-0400] {logging_mixin.py:190} INFO - 545 1728858464
[2024-10-13T18:27:59.500-0400] {logging_mixin.py:190} INFO - 546 1728858292
[2024-10-13T18:27:59.501-0400] {logging_mixin.py:190} INFO - 547 1728858113
[2024-10-13T18:27:59.502-0400] {logging_mixin.py:190} INFO - 548 1728856907
[2024-10-13T18:27:59.503-0400] {logging_mixin.py:190} INFO - 549 1728858041
[2024-10-13T18:27:59.504-0400] {logging_mixin.py:190} INFO - 550 1728858376
[2024-10-13T18:27:59.504-0400] {logging_mixin.py:190} INFO - 551 1728858316
[2024-10-13T18:27:59.505-0400] {logging_mixin.py:190} INFO - 552 1728857673
[2024-10-13T18:27:59.506-0400] {logging_mixin.py:190} INFO - 553 1728858180
[2024-10-13T18:27:59.507-0400] {logging_mixin.py:190} INFO - 554 1728857864
[2024-10-13T18:27:59.508-0400] {logging_mixin.py:190} INFO - 555 1728857330
[2024-10-13T18:27:59.508-0400] {logging_mixin.py:190} INFO - 556 1728858169
[2024-10-13T18:27:59.509-0400] {logging_mixin.py:190} INFO - 557 1728858331
[2024-10-13T18:27:59.509-0400] {logging_mixin.py:190} INFO - 558 1728858414
[2024-10-13T18:27:59.510-0400] {logging_mixin.py:190} INFO - 559 1728852098
[2024-10-13T18:27:59.511-0400] {logging_mixin.py:190} INFO - 560 1728858389
[2024-10-13T18:27:59.511-0400] {logging_mixin.py:190} INFO - 561 1728858237
[2024-10-13T18:27:59.512-0400] {logging_mixin.py:190} INFO - 562 1728858442
[2024-10-13T18:27:59.512-0400] {logging_mixin.py:190} INFO - 563 1728857840
[2024-10-13T18:27:59.513-0400] {logging_mixin.py:190} INFO - 564 1728851862
[2024-10-13T18:27:59.514-0400] {logging_mixin.py:190} INFO - 565 1728856485
[2024-10-13T18:27:59.514-0400] {logging_mixin.py:190} INFO - 566 1728858329
[2024-10-13T18:27:59.515-0400] {logging_mixin.py:190} INFO - 567 1728858398
[2024-10-13T18:27:59.515-0400] {logging_mixin.py:190} INFO - 568 1728858271
[2024-10-13T18:27:59.516-0400] {logging_mixin.py:190} INFO - 569 1728857229
[2024-10-13T18:27:59.517-0400] {logging_mixin.py:190} INFO - 570 1728857971
[2024-10-13T18:27:59.517-0400] {logging_mixin.py:190} INFO - 571 1728858376
[2024-10-13T18:27:59.518-0400] {logging_mixin.py:190} INFO - 572 1728857717
[2024-10-13T18:27:59.518-0400] {logging_mixin.py:190} INFO - 573 1728856146
[2024-10-13T18:27:59.519-0400] {logging_mixin.py:190} INFO - 574 1728858123
[2024-10-13T18:27:59.520-0400] {logging_mixin.py:190} INFO - 575 1728857965
[2024-10-13T18:27:59.521-0400] {logging_mixin.py:190} INFO - 576 1728857911
[2024-10-13T18:27:59.521-0400] {logging_mixin.py:190} INFO - 577 1728858206
[2024-10-13T18:27:59.522-0400] {logging_mixin.py:190} INFO - 578 1728858337
[2024-10-13T18:27:59.522-0400] {logging_mixin.py:190} INFO - 579 1728858451
[2024-10-13T18:27:59.523-0400] {logging_mixin.py:190} INFO - 580 1728858455
[2024-10-13T18:27:59.524-0400] {logging_mixin.py:190} INFO - 581 1728858292
[2024-10-13T18:27:59.524-0400] {logging_mixin.py:190} INFO - 582 1728858338
[2024-10-13T18:27:59.525-0400] {logging_mixin.py:190} INFO - 583 1728858429
[2024-10-13T18:27:59.525-0400] {logging_mixin.py:190} INFO - 584 1728858326
[2024-10-13T18:27:59.526-0400] {logging_mixin.py:190} INFO - 585 1728858020
[2024-10-13T18:27:59.527-0400] {logging_mixin.py:190} INFO - 586 1728858441
[2024-10-13T18:27:59.528-0400] {logging_mixin.py:190} INFO - 587 1728854546
[2024-10-13T18:27:59.529-0400] {logging_mixin.py:190} INFO - 588 1728855606
[2024-10-13T18:27:59.529-0400] {logging_mixin.py:190} INFO - 589 1728858231
[2024-10-13T18:27:59.530-0400] {logging_mixin.py:190} INFO - 590 1728857245
[2024-10-13T18:27:59.531-0400] {logging_mixin.py:190} INFO - 591 1728857813
[2024-10-13T18:27:59.531-0400] {logging_mixin.py:190} INFO - 592 1728857501
[2024-10-13T18:27:59.532-0400] {logging_mixin.py:190} INFO - 593 1728858192
[2024-10-13T18:27:59.533-0400] {logging_mixin.py:190} INFO - 594 1728857692
[2024-10-13T18:27:59.534-0400] {logging_mixin.py:190} INFO - 595 1728858352
[2024-10-13T18:27:59.535-0400] {logging_mixin.py:190} INFO - 605 1728857398
[2024-10-13T18:27:59.536-0400] {logging_mixin.py:190} INFO - 606 1728857661
[2024-10-13T18:27:59.537-0400] {logging_mixin.py:190} INFO - 607 1728858385
[2024-10-13T18:27:59.538-0400] {logging_mixin.py:190} INFO - 608 1728858280
[2024-10-13T18:27:59.539-0400] {logging_mixin.py:190} INFO - 609 1728858405
[2024-10-13T18:27:59.540-0400] {logging_mixin.py:190} INFO - 610 1728855952
[2024-10-13T18:27:59.541-0400] {logging_mixin.py:190} INFO - 611 1728858433
[2024-10-13T18:27:59.541-0400] {logging_mixin.py:190} INFO - 612 1728854419
[2024-10-13T18:27:59.542-0400] {logging_mixin.py:190} INFO - 613 1728853870
[2024-10-13T18:27:59.543-0400] {logging_mixin.py:190} INFO - 614 1728856956
[2024-10-13T18:27:59.544-0400] {logging_mixin.py:190} INFO - 617 1728858093
[2024-10-13T18:27:59.545-0400] {logging_mixin.py:190} INFO - 618 1728858150
[2024-10-13T18:27:59.546-0400] {logging_mixin.py:190} INFO - 619 1728858077
[2024-10-13T18:27:59.546-0400] {logging_mixin.py:190} INFO - 620 1728858460
[2024-10-13T18:27:59.547-0400] {logging_mixin.py:190} INFO - 621 1728856463
[2024-10-13T18:27:59.548-0400] {logging_mixin.py:190} INFO - 622 1728857134
[2024-10-13T18:27:59.549-0400] {logging_mixin.py:190} INFO - 623 1728858277
[2024-10-13T18:27:59.549-0400] {logging_mixin.py:190} INFO - 624 1728854326
[2024-10-13T18:27:59.550-0400] {logging_mixin.py:190} INFO - 625 1728858410
[2024-10-13T18:27:59.551-0400] {logging_mixin.py:190} INFO - 626 1728858205
[2024-10-13T18:27:59.551-0400] {logging_mixin.py:190} INFO - 627 1728853073
[2024-10-13T18:27:59.552-0400] {logging_mixin.py:190} INFO - 628 1728858312
[2024-10-13T18:27:59.553-0400] {logging_mixin.py:190} INFO - 629 1728857431
[2024-10-13T18:27:59.553-0400] {logging_mixin.py:190} INFO - 630 1728858408
[2024-10-13T18:27:59.554-0400] {logging_mixin.py:190} INFO - 631 1728858143
[2024-10-13T18:27:59.554-0400] {logging_mixin.py:190} INFO - 632 1728856089
[2024-10-13T18:27:59.555-0400] {logging_mixin.py:190} INFO - 633 1728850624
[2024-10-13T18:27:59.556-0400] {logging_mixin.py:190} INFO - 634 1728857600
[2024-10-13T18:27:59.557-0400] {logging_mixin.py:190} INFO - 635 1728858122
[2024-10-13T18:27:59.558-0400] {logging_mixin.py:190} INFO - 636 1728855842
[2024-10-13T18:27:59.559-0400] {logging_mixin.py:190} INFO - 637 1728846385
[2024-10-13T18:27:59.560-0400] {logging_mixin.py:190} INFO - 638 1728855805
[2024-10-13T18:27:59.560-0400] {logging_mixin.py:190} INFO - 639 1728857132
[2024-10-13T18:27:59.561-0400] {logging_mixin.py:190} INFO - 640 1728858277
[2024-10-13T18:27:59.562-0400] {logging_mixin.py:190} INFO - 641 1728858402
[2024-10-13T18:27:59.562-0400] {logging_mixin.py:190} INFO - 642 1728856952
[2024-10-13T18:27:59.563-0400] {logging_mixin.py:190} INFO - 643 1728858283
[2024-10-13T18:27:59.564-0400] {logging_mixin.py:190} INFO - 644 1728857195
[2024-10-13T18:27:59.564-0400] {logging_mixin.py:190} INFO - 645 1728855258
[2024-10-13T18:27:59.565-0400] {logging_mixin.py:190} INFO - 646 1728858360
[2024-10-13T18:27:59.565-0400] {logging_mixin.py:190} INFO - 647 1728858053
[2024-10-13T18:27:59.566-0400] {logging_mixin.py:190} INFO - 648 1728853203
[2024-10-13T18:27:59.567-0400] {logging_mixin.py:190} INFO - 649 1728857753
[2024-10-13T18:27:59.567-0400] {logging_mixin.py:190} INFO - 650 1728851653
[2024-10-13T18:27:59.568-0400] {logging_mixin.py:190} INFO - 651 1728856949
[2024-10-13T18:27:59.568-0400] {logging_mixin.py:190} INFO - 652 1728855506
[2024-10-13T18:27:59.569-0400] {logging_mixin.py:190} INFO - 653 1728858245
[2024-10-13T18:27:59.570-0400] {logging_mixin.py:190} INFO - 654 1728857964
[2024-10-13T18:27:59.570-0400] {logging_mixin.py:190} INFO - 655 1728853640
[2024-10-13T18:27:59.571-0400] {logging_mixin.py:190} INFO - 656 1728858452
[2024-10-13T18:27:59.571-0400] {logging_mixin.py:190} INFO - 657 1728854324
[2024-10-13T18:27:59.572-0400] {logging_mixin.py:190} INFO - 658 1728858084
[2024-10-13T18:27:59.573-0400] {logging_mixin.py:190} INFO - 659 1728857153
[2024-10-13T18:27:59.574-0400] {logging_mixin.py:190} INFO - 660 1728858391
[2024-10-13T18:27:59.575-0400] {logging_mixin.py:190} INFO - 661 1728858004
[2024-10-13T18:27:59.576-0400] {logging_mixin.py:190} INFO - 662 1728827473
[2024-10-13T18:27:59.577-0400] {logging_mixin.py:190} INFO - 663 1728857078
[2024-10-13T18:27:59.578-0400] {logging_mixin.py:190} INFO - 664 1728857494
[2024-10-13T18:27:59.579-0400] {logging_mixin.py:190} INFO - 665 1728854008
[2024-10-13T18:27:59.580-0400] {logging_mixin.py:190} INFO - 666 1728852528
[2024-10-13T18:27:59.580-0400] {logging_mixin.py:190} INFO - 667 1728858362
[2024-10-13T18:27:59.582-0400] {logging_mixin.py:190} INFO - 668 1728858277
[2024-10-13T18:27:59.582-0400] {logging_mixin.py:190} INFO - 669 1728852449
[2024-10-13T18:27:59.583-0400] {logging_mixin.py:190} INFO - 670 1728858207
[2024-10-13T18:27:59.584-0400] {logging_mixin.py:190} INFO - 671 1728858414
[2024-10-13T18:27:59.586-0400] {logging_mixin.py:190} INFO - 672 1728858317
[2024-10-13T18:27:59.587-0400] {logging_mixin.py:190} INFO - 673 1728856881
[2024-10-13T18:27:59.587-0400] {logging_mixin.py:190} INFO - 674 1728858287
[2024-10-13T18:27:59.588-0400] {logging_mixin.py:190} INFO - 675 1728858309
[2024-10-13T18:27:59.588-0400] {logging_mixin.py:190} INFO - 676 1728857962
[2024-10-13T18:27:59.589-0400] {logging_mixin.py:190} INFO - 681 1728858221
[2024-10-13T18:27:59.590-0400] {logging_mixin.py:190} INFO - 682 1728854077
[2024-10-13T18:27:59.591-0400] {logging_mixin.py:190} INFO - 683 1728841475
[2024-10-13T18:27:59.592-0400] {logging_mixin.py:190} INFO - 684 1728856351
[2024-10-13T18:27:59.592-0400] {logging_mixin.py:190} INFO - 685 1728856310
[2024-10-13T18:27:59.593-0400] {logging_mixin.py:190} INFO - 686 1728843635
[2024-10-13T18:27:59.594-0400] {logging_mixin.py:190} INFO - 687 1728853205
[2024-10-13T18:27:59.595-0400] {logging_mixin.py:190} INFO - 688 1728856620
[2024-10-13T18:27:59.596-0400] {logging_mixin.py:190} INFO - 692 1728858431
[2024-10-13T18:27:59.597-0400] {logging_mixin.py:190} INFO - 693 1728791696
[2024-10-13T18:27:59.598-0400] {logging_mixin.py:190} INFO - 694 1728858417
[2024-10-13T18:27:59.599-0400] {logging_mixin.py:190} INFO - 695 1728858407
[2024-10-13T18:27:59.599-0400] {logging_mixin.py:190} INFO - 696 1728858337
[2024-10-13T18:27:59.600-0400] {logging_mixin.py:190} INFO - 697 1728858445
[2024-10-13T18:27:59.601-0400] {logging_mixin.py:190} INFO - 698 1728858165
[2024-10-13T18:27:59.602-0400] {logging_mixin.py:190} INFO - 699 1728858447
[2024-10-13T18:27:59.603-0400] {logging_mixin.py:190} INFO - 700 1728858295
[2024-10-13T18:27:59.604-0400] {logging_mixin.py:190} INFO - 701 1728858196
[2024-10-13T18:27:59.604-0400] {logging_mixin.py:190} INFO - 702 1728858280
[2024-10-13T18:27:59.605-0400] {logging_mixin.py:190} INFO - 703 1728858331
[2024-10-13T18:27:59.606-0400] {logging_mixin.py:190} INFO - 704 1728858463
[2024-10-13T18:27:59.606-0400] {logging_mixin.py:190} INFO - 705 1728858194
[2024-10-13T18:27:59.607-0400] {logging_mixin.py:190} INFO - 706 1728858231
[2024-10-13T18:27:59.607-0400] {logging_mixin.py:190} INFO - 707 1728858242
[2024-10-13T18:27:59.608-0400] {logging_mixin.py:190} INFO - 708 1728858435
[2024-10-13T18:27:59.609-0400] {logging_mixin.py:190} INFO - 709 1728858307
[2024-10-13T18:27:59.609-0400] {logging_mixin.py:190} INFO - 710 1728858235
[2024-10-13T18:27:59.610-0400] {logging_mixin.py:190} INFO - 711 1728858199
[2024-10-13T18:27:59.610-0400] {logging_mixin.py:190} INFO - 712 1728858352
[2024-10-13T18:27:59.611-0400] {logging_mixin.py:190} INFO - 716 1728858278
[2024-10-13T18:27:59.612-0400] {logging_mixin.py:190} INFO - 717 1728858219
[2024-10-13T18:27:59.613-0400] {logging_mixin.py:190} INFO - 718 1728858397
[2024-10-13T18:27:59.614-0400] {logging_mixin.py:190} INFO - 719 1728858450
[2024-10-13T18:27:59.615-0400] {logging_mixin.py:190} INFO - 720 1728858319
[2024-10-13T18:27:59.615-0400] {logging_mixin.py:190} INFO - 721 1728858331
[2024-10-13T18:27:59.616-0400] {logging_mixin.py:190} INFO - 722 1728858449
[2024-10-13T18:27:59.617-0400] {logging_mixin.py:190} INFO - 723 1728858378
[2024-10-13T18:27:59.618-0400] {logging_mixin.py:190} INFO - 724 1728858317
[2024-10-13T18:27:59.618-0400] {logging_mixin.py:190} INFO - 725 1728858447
[2024-10-13T18:27:59.619-0400] {logging_mixin.py:190} INFO - 726 1728858198
[2024-10-13T18:27:59.620-0400] {logging_mixin.py:190} INFO - 727 1728858266
[2024-10-13T18:27:59.621-0400] {logging_mixin.py:190} INFO - 728 1728858190
[2024-10-13T18:27:59.622-0400] {logging_mixin.py:190} INFO - 729 1728858456
[2024-10-13T18:27:59.623-0400] {logging_mixin.py:190} INFO - 730 1728858300
[2024-10-13T18:27:59.624-0400] {logging_mixin.py:190} INFO - 731 1728858237
[2024-10-13T18:27:59.625-0400] {logging_mixin.py:190} INFO - 732 1728858431
[2024-10-13T18:27:59.626-0400] {logging_mixin.py:190} INFO - 733 1728858282
[2024-10-13T18:27:59.627-0400] {logging_mixin.py:190} INFO - 734 1728856737
[2024-10-13T18:27:59.628-0400] {logging_mixin.py:190} INFO - 735 1728858398
[2024-10-13T18:27:59.629-0400] {logging_mixin.py:190} INFO - 736 1728858460
[2024-10-13T18:27:59.630-0400] {logging_mixin.py:190} INFO - 737 1728858171
[2024-10-13T18:27:59.631-0400] {logging_mixin.py:190} INFO - 738 1728858464
[2024-10-13T18:27:59.631-0400] {logging_mixin.py:190} INFO - 739 1728858371
[2024-10-13T18:27:59.632-0400] {logging_mixin.py:190} INFO - 740 1728858283
[2024-10-13T18:27:59.632-0400] {logging_mixin.py:190} INFO - 741 1728858286
[2024-10-13T18:27:59.633-0400] {logging_mixin.py:190} INFO - 742 1728858288
[2024-10-13T18:27:59.634-0400] {logging_mixin.py:190} INFO - 743 1728858459
[2024-10-13T18:27:59.634-0400] {logging_mixin.py:190} INFO - 744 1728858168
[2024-10-13T18:27:59.635-0400] {logging_mixin.py:190} INFO - 745 1728858254
[2024-10-13T18:27:59.635-0400] {logging_mixin.py:190} INFO - 746 1728858177
[2024-10-13T18:27:59.636-0400] {logging_mixin.py:190} INFO - 747 1728858271
[2024-10-13T18:27:59.637-0400] {logging_mixin.py:190} INFO - 748 1728858390
[2024-10-13T18:27:59.637-0400] {logging_mixin.py:190} INFO - 749 1728858183
[2024-10-13T18:27:59.638-0400] {logging_mixin.py:190} INFO - 750 1728858465
[2024-10-13T18:27:59.639-0400] {logging_mixin.py:190} INFO - 751 1728858420
[2024-10-13T18:27:59.640-0400] {logging_mixin.py:190} INFO - 752 1728858414
[2024-10-13T18:27:59.641-0400] {logging_mixin.py:190} INFO - 753 1728858344
[2024-10-13T18:27:59.643-0400] {logging_mixin.py:190} INFO - 754 1728858307
[2024-10-13T18:27:59.644-0400] {logging_mixin.py:190} INFO - 755 1728858373
[2024-10-13T18:27:59.645-0400] {logging_mixin.py:190} INFO - 756 1728858392
[2024-10-13T18:27:59.646-0400] {logging_mixin.py:190} INFO - 757 1728858419
[2024-10-13T18:27:59.647-0400] {logging_mixin.py:190} INFO - 758 1728858437
[2024-10-13T18:27:59.648-0400] {logging_mixin.py:190} INFO - 759 1728858318
[2024-10-13T18:27:59.648-0400] {logging_mixin.py:190} INFO - 760 1728858404
[2024-10-13T18:27:59.649-0400] {logging_mixin.py:190} INFO - 761 1728858343
[2024-10-13T18:27:59.650-0400] {logging_mixin.py:190} INFO - 762 1728858463
[2024-10-13T18:27:59.651-0400] {logging_mixin.py:190} INFO - 768 1728858465
[2024-10-13T18:27:59.652-0400] {logging_mixin.py:190} INFO - 769 1728858165
[2024-10-13T18:27:59.653-0400] {logging_mixin.py:190} INFO - 770 1728858194
[2024-10-13T18:27:59.654-0400] {logging_mixin.py:190} INFO - 771 1728858296
[2024-10-13T18:27:59.655-0400] {logging_mixin.py:190} INFO - 772 1728858235
[2024-10-13T18:27:59.655-0400] {logging_mixin.py:190} INFO - 773 1728858421
[2024-10-13T18:27:59.656-0400] {logging_mixin.py:190} INFO - 774 1728858435
[2024-10-13T18:27:59.657-0400] {logging_mixin.py:190} INFO - 775 1728858386
[2024-10-13T18:27:59.657-0400] {logging_mixin.py:190} INFO - 776 1728858321
[2024-10-13T18:27:59.658-0400] {logging_mixin.py:190} INFO - 777 1728858382
[2024-10-13T18:27:59.659-0400] {logging_mixin.py:190} INFO - 778 1728858318
[2024-10-13T18:27:59.660-0400] {logging_mixin.py:190} INFO - 779 1728858311
[2024-10-13T18:27:59.660-0400] {logging_mixin.py:190} INFO - 780 1728858425
[2024-10-13T18:27:59.661-0400] {logging_mixin.py:190} INFO - 781 1728858447
[2024-10-13T18:27:59.661-0400] {logging_mixin.py:190} INFO - 782 1728858422
[2024-10-13T18:27:59.662-0400] {logging_mixin.py:190} INFO - 783 1728858383
[2024-10-13T18:27:59.663-0400] {logging_mixin.py:190} INFO - 784 1728858178
[2024-10-13T18:27:59.663-0400] {logging_mixin.py:190} INFO - 785 1728858227
[2024-10-13T18:27:59.664-0400] {logging_mixin.py:190} INFO - 786 1728858387
[2024-10-13T18:27:59.664-0400] {logging_mixin.py:190} INFO - 787 1728858406
[2024-10-13T18:27:59.665-0400] {logging_mixin.py:190} INFO - 788 1728858359
[2024-10-13T18:27:59.666-0400] {logging_mixin.py:190} INFO - 789 1728858331
[2024-10-13T18:27:59.667-0400] {logging_mixin.py:190} INFO - 790 1728858259
[2024-10-13T18:27:59.668-0400] {logging_mixin.py:190} INFO - 791 1728858211
[2024-10-13T18:27:59.669-0400] {logging_mixin.py:190} INFO - 793 1728858458
[2024-10-13T18:27:59.670-0400] {logging_mixin.py:190} INFO - 794 1728858463
[2024-10-13T18:27:59.671-0400] {logging_mixin.py:190} INFO - 795 1728858218
[2024-10-13T18:27:59.672-0400] {logging_mixin.py:190} INFO - 796 1728858341
[2024-10-13T18:27:59.673-0400] {logging_mixin.py:190} INFO - 797 1728858466
[2024-10-13T18:27:59.673-0400] {logging_mixin.py:190} INFO - 798 1728858380
[2024-10-13T18:27:59.674-0400] {logging_mixin.py:190} INFO - 799 1728858170
[2024-10-13T18:27:59.675-0400] {logging_mixin.py:190} INFO - 800 1728858344
[2024-10-13T18:27:59.677-0400] {logging_mixin.py:190} INFO - 801 1728858245
[2024-10-13T18:27:59.678-0400] {logging_mixin.py:190} INFO - 802 1728858290
[2024-10-13T18:27:59.679-0400] {logging_mixin.py:190} INFO - 803 1728858227
[2024-10-13T18:27:59.679-0400] {logging_mixin.py:190} INFO - 806 1728858215
[2024-10-13T18:27:59.681-0400] {logging_mixin.py:190} INFO - 807 1728858414
[2024-10-13T18:27:59.682-0400] {logging_mixin.py:190} INFO - 808 1728858466
[2024-10-13T18:27:59.683-0400] {logging_mixin.py:190} INFO - 809 1728858382
[2024-10-13T18:27:59.684-0400] {logging_mixin.py:190} INFO - 810 1728858249
[2024-10-13T18:27:59.684-0400] {logging_mixin.py:190} INFO - 815 1728858403
[2024-10-13T18:27:59.685-0400] {logging_mixin.py:190} INFO - 816 1728858457
[2024-10-13T18:27:59.686-0400] {logging_mixin.py:190} INFO - 817 1728858355
[2024-10-13T18:27:59.686-0400] {logging_mixin.py:190} INFO - 818 1728858172
[2024-10-13T18:27:59.687-0400] {logging_mixin.py:190} INFO - 819 1728858316
[2024-10-13T18:27:59.687-0400] {logging_mixin.py:190} INFO - 820 1728858318
[2024-10-13T18:27:59.688-0400] {logging_mixin.py:190} INFO - 821 1728858397
[2024-10-13T18:27:59.689-0400] {logging_mixin.py:190} INFO - 822 1728858459
[2024-10-13T18:27:59.689-0400] {logging_mixin.py:190} INFO - 823 1728858454
[2024-10-13T18:27:59.690-0400] {logging_mixin.py:190} INFO - 824 1728858455
[2024-10-13T18:27:59.690-0400] {logging_mixin.py:190} INFO - 825 1728858173
[2024-10-13T18:27:59.692-0400] {logging_mixin.py:190} INFO - 826 1728858290
[2024-10-13T18:27:59.693-0400] {logging_mixin.py:190} INFO - 827 1728857288
[2024-10-13T18:27:59.693-0400] {logging_mixin.py:190} INFO - 828 1728858406
[2024-10-13T18:27:59.694-0400] {logging_mixin.py:190} INFO - 829 1728858294
[2024-10-13T18:27:59.695-0400] {logging_mixin.py:190} INFO - 830 1728858168
[2024-10-13T18:27:59.696-0400] {logging_mixin.py:190} INFO - 831 1728858315
[2024-10-13T18:27:59.697-0400] {logging_mixin.py:190} INFO - 832 1728858409
[2024-10-13T18:27:59.698-0400] {logging_mixin.py:190} INFO - 833 1728858189
[2024-10-13T18:27:59.699-0400] {logging_mixin.py:190} INFO - 834 1728858185
[2024-10-13T18:27:59.700-0400] {logging_mixin.py:190} INFO - 835 1728823460
[2024-10-13T18:27:59.701-0400] {logging_mixin.py:190} INFO - 836 1728858464
[2024-10-13T18:27:59.702-0400] {logging_mixin.py:190} INFO - 837 1728858296
[2024-10-13T18:27:59.702-0400] {logging_mixin.py:190} INFO - 838 1728858170
[2024-10-13T18:27:59.703-0400] {logging_mixin.py:190} INFO - 839 1728858335
[2024-10-13T18:27:59.704-0400] {logging_mixin.py:190} INFO - 840 1728858392
[2024-10-13T18:27:59.705-0400] {logging_mixin.py:190} INFO - 841 1728858344
[2024-10-13T18:27:59.706-0400] {logging_mixin.py:190} INFO - 842 1728858178
[2024-10-13T18:27:59.707-0400] {logging_mixin.py:190} INFO - 843 1728858385
[2024-10-13T18:27:59.708-0400] {logging_mixin.py:190} INFO - 844 1728858221
[2024-10-13T18:27:59.709-0400] {logging_mixin.py:190} INFO - 845 1728858427
[2024-10-13T18:27:59.709-0400] {logging_mixin.py:190} INFO - 846 1728855135
[2024-10-13T18:27:59.710-0400] {logging_mixin.py:190} INFO - 847 1728858411
[2024-10-13T18:27:59.711-0400] {logging_mixin.py:190} INFO - 848 1728858440
[2024-10-13T18:27:59.712-0400] {logging_mixin.py:190} INFO - 849 1728858216
[2024-10-13T18:27:59.713-0400] {logging_mixin.py:190} INFO - 850 1728858318
[2024-10-13T18:27:59.713-0400] {logging_mixin.py:190} INFO - 851 1728858368
[2024-10-13T18:27:59.714-0400] {logging_mixin.py:190} INFO - 852 1728858333
[2024-10-13T18:27:59.714-0400] {logging_mixin.py:190} INFO - 853 1728705308
[2024-10-13T18:27:59.715-0400] {logging_mixin.py:190} INFO - 854 1728858260
[2024-10-13T18:27:59.716-0400] {logging_mixin.py:190} INFO - 855 1728858434
[2024-10-13T18:27:59.716-0400] {logging_mixin.py:190} INFO - 857 1728858458
[2024-10-13T18:27:59.717-0400] {logging_mixin.py:190} INFO - 858 1728858248
[2024-10-13T18:27:59.718-0400] {logging_mixin.py:190} INFO - 859 1728858376
[2024-10-13T18:27:59.719-0400] {logging_mixin.py:190} INFO - 860 1728858324
[2024-10-13T18:27:59.720-0400] {logging_mixin.py:190} INFO - 861 1728858188
[2024-10-13T18:27:59.721-0400] {logging_mixin.py:190} INFO - 862 1728858378
[2024-10-13T18:27:59.721-0400] {logging_mixin.py:190} INFO - 863 1728858434
[2024-10-13T18:27:59.722-0400] {logging_mixin.py:190} INFO - 866 1728858167
[2024-10-13T18:27:59.723-0400] {logging_mixin.py:190} INFO - 867 1728791982
[2024-10-13T18:27:59.724-0400] {logging_mixin.py:190} INFO - 868 1728858200
[2024-10-13T18:27:59.725-0400] {logging_mixin.py:190} INFO - 870 1728858417
[2024-10-13T18:27:59.725-0400] {logging_mixin.py:190} INFO - 871 1728619102
[2024-10-13T18:27:59.726-0400] {logging_mixin.py:190} INFO - 872 1728858403
[2024-10-13T18:27:59.726-0400] {logging_mixin.py:190} INFO - 873 1728858468
[2024-10-13T18:27:59.727-0400] {logging_mixin.py:190} INFO - 874 1728858339
[2024-10-13T18:27:59.728-0400] {logging_mixin.py:190} INFO - 875 1728858447
[2024-10-13T18:27:59.728-0400] {logging_mixin.py:190} INFO - 877 1728858260
[2024-10-13T18:27:59.729-0400] {logging_mixin.py:190} INFO - 878 1728858361
[2024-10-13T18:27:59.730-0400] {logging_mixin.py:190} INFO - 879 1728858276
[2024-10-13T18:27:59.731-0400] {logging_mixin.py:190} INFO - 880 1728858387
[2024-10-13T18:27:59.732-0400] {logging_mixin.py:190} INFO - 881 1728858398
[2024-10-13T18:27:59.733-0400] {logging_mixin.py:190} INFO - 882 1728858240
[2024-10-13T18:27:59.734-0400] {logging_mixin.py:190} INFO - 883 1728858333
[2024-10-13T18:27:59.735-0400] {logging_mixin.py:190} INFO - 884 1728858247
[2024-10-13T18:27:59.736-0400] {logging_mixin.py:190} INFO - 885 1728858452
[2024-10-13T18:27:59.736-0400] {logging_mixin.py:190} INFO - 886 1728858384
[2024-10-13T18:27:59.737-0400] {logging_mixin.py:190} INFO - 887 1728858299
[2024-10-13T18:27:59.738-0400] {logging_mixin.py:190} INFO - 888 1728858282
[2024-10-13T18:27:59.739-0400] {logging_mixin.py:190} INFO - 889 1728858351
[2024-10-13T18:27:59.740-0400] {logging_mixin.py:190} INFO - 890 1728858338
[2024-10-13T18:27:59.740-0400] {logging_mixin.py:190} INFO - 891 1728858296
[2024-10-13T18:27:59.741-0400] {logging_mixin.py:190} INFO - 892 1728858382
[2024-10-13T18:27:59.741-0400] {logging_mixin.py:190} INFO - 895 1728858240
[2024-10-13T18:27:59.742-0400] {logging_mixin.py:190} INFO - 896 1728858344
[2024-10-13T18:27:59.743-0400] {logging_mixin.py:190} INFO - 897 1728858172
[2024-10-13T18:27:59.743-0400] {logging_mixin.py:190} INFO - 898 1728858402
[2024-10-13T18:27:59.744-0400] {logging_mixin.py:190} INFO - 899 1728858340
[2024-10-13T18:27:59.744-0400] {logging_mixin.py:190} INFO - 900 1728858324
[2024-10-13T18:27:59.745-0400] {logging_mixin.py:190} INFO - 901 1728858406
[2024-10-13T18:27:59.746-0400] {logging_mixin.py:190} INFO - 902 1728858292
[2024-10-13T18:27:59.747-0400] {logging_mixin.py:190} INFO - 903 1728858239
[2024-10-13T18:27:59.748-0400] {logging_mixin.py:190} INFO - 904 1728858384
[2024-10-13T18:27:59.749-0400] {logging_mixin.py:190} INFO - 905 1728858271
[2024-10-13T18:27:59.749-0400] {logging_mixin.py:190} INFO - 906 1728858330
[2024-10-13T18:27:59.750-0400] {logging_mixin.py:190} INFO - 907 1728858342
[2024-10-13T18:27:59.751-0400] {logging_mixin.py:190} INFO - 908 1728858378
[2024-10-13T18:27:59.752-0400] {logging_mixin.py:190} INFO - 909 1728858411
[2024-10-13T18:27:59.753-0400] {logging_mixin.py:190} INFO - 910 1728858323
[2024-10-13T18:27:59.753-0400] {logging_mixin.py:190} INFO - 911 1728858431
[2024-10-13T18:27:59.754-0400] {logging_mixin.py:190} INFO - 912 1728858376
[2024-10-13T18:27:59.755-0400] {logging_mixin.py:190} INFO - 913 1728858434
[2024-10-13T18:27:59.756-0400] {logging_mixin.py:190} INFO - 914 1728858379
[2024-10-13T18:27:59.757-0400] {logging_mixin.py:190} INFO - 915 1728858444
[2024-10-13T18:27:59.758-0400] {logging_mixin.py:190} INFO - 916 1728858212
[2024-10-13T18:27:59.759-0400] {logging_mixin.py:190} INFO - 917 1728858419
[2024-10-13T18:27:59.759-0400] {logging_mixin.py:190} INFO - 918 1728858185
[2024-10-13T18:27:59.760-0400] {logging_mixin.py:190} INFO - 919 1728858455
[2024-10-13T18:27:59.761-0400] {logging_mixin.py:190} INFO - 920 1728858378
[2024-10-13T18:27:59.762-0400] {logging_mixin.py:190} INFO - 921 1728858178
[2024-10-13T18:27:59.762-0400] {logging_mixin.py:190} INFO - 922 1728858425
[2024-10-13T18:27:59.763-0400] {logging_mixin.py:190} INFO - 923 1728858459
[2024-10-13T18:27:59.764-0400] {logging_mixin.py:190} INFO - 924 1728858182
[2024-10-13T18:27:59.764-0400] {logging_mixin.py:190} INFO - 925 1728858388
[2024-10-13T18:27:59.765-0400] {logging_mixin.py:190} INFO - 926 1728858466
[2024-10-13T18:27:59.765-0400] {logging_mixin.py:190} INFO - 927 1728858303
[2024-10-13T18:27:59.766-0400] {logging_mixin.py:190} INFO - 928 1728858308
[2024-10-13T18:27:59.767-0400] {logging_mixin.py:190} INFO - 929 1728858328
[2024-10-13T18:27:59.768-0400] {logging_mixin.py:190} INFO - 930 1728858365
[2024-10-13T18:27:59.768-0400] {logging_mixin.py:190} INFO - 931 1728858386
[2024-10-13T18:27:59.769-0400] {logging_mixin.py:190} INFO - 932 1728858348
[2024-10-13T18:27:59.769-0400] {logging_mixin.py:190} INFO - 933 1728858177
[2024-10-13T18:27:59.770-0400] {logging_mixin.py:190} INFO - 934 1728858251
[2024-10-13T18:27:59.771-0400] {logging_mixin.py:190} INFO - 935 1728858401
[2024-10-13T18:27:59.771-0400] {logging_mixin.py:190} INFO - 936 1728858217
[2024-10-13T18:27:59.772-0400] {logging_mixin.py:190} INFO - 940 1728857841
[2024-10-13T18:27:59.773-0400] {logging_mixin.py:190} INFO - 941 1728858183
[2024-10-13T18:27:59.774-0400] {logging_mixin.py:190} INFO - 942 1728858375
[2024-10-13T18:27:59.774-0400] {logging_mixin.py:190} INFO - 943 1728858277
[2024-10-13T18:27:59.775-0400] {logging_mixin.py:190} INFO - 944 1728858223
[2024-10-13T18:27:59.776-0400] {logging_mixin.py:190} INFO - 945 1728858323
[2024-10-13T18:27:59.776-0400] {logging_mixin.py:190} INFO - 946 1728858368
[2024-10-13T18:27:59.777-0400] {logging_mixin.py:190} INFO - 947 1728858389
[2024-10-13T18:27:59.777-0400] {logging_mixin.py:190} INFO - 948 1728858359
[2024-10-13T18:27:59.778-0400] {logging_mixin.py:190} INFO - 949 1728858459
[2024-10-13T18:27:59.779-0400] {logging_mixin.py:190} INFO - 950 1728858467
[2024-10-13T18:27:59.779-0400] {logging_mixin.py:190} INFO - 951 1728858166
[2024-10-13T18:27:59.780-0400] {logging_mixin.py:190} INFO - 952 1728858465
[2024-10-13T18:27:59.780-0400] {logging_mixin.py:190} INFO - 953 1728858296
[2024-10-13T18:27:59.781-0400] {logging_mixin.py:190} INFO - 954 1728858443
[2024-10-13T18:27:59.782-0400] {logging_mixin.py:190} INFO - 955 1728858257
[2024-10-13T18:27:59.782-0400] {logging_mixin.py:190} INFO - 956 1728858252
[2024-10-13T18:27:59.783-0400] {logging_mixin.py:190} INFO - 957 1728858176
[2024-10-13T18:27:59.783-0400] {logging_mixin.py:190} INFO - 958 1728858437
[2024-10-13T18:27:59.784-0400] {logging_mixin.py:190} INFO - 959 1728858181
[2024-10-13T18:27:59.785-0400] {logging_mixin.py:190} INFO - 960 1728858443
[2024-10-13T18:27:59.785-0400] {logging_mixin.py:190} INFO - 961 1728858221
[2024-10-13T18:27:59.786-0400] {logging_mixin.py:190} INFO - 962 1728858201
[2024-10-13T18:27:59.787-0400] {logging_mixin.py:190} INFO - 963 1728858435
[2024-10-13T18:27:59.788-0400] {logging_mixin.py:190} INFO - 964 1728858241
[2024-10-13T18:27:59.789-0400] {logging_mixin.py:190} INFO - 965 1728858348
[2024-10-13T18:27:59.790-0400] {logging_mixin.py:190} INFO - 966 1728858448
[2024-10-13T18:27:59.791-0400] {logging_mixin.py:190} INFO - 967 1728858359
[2024-10-13T18:27:59.792-0400] {logging_mixin.py:190} INFO - 968 1728858453
[2024-10-13T18:27:59.793-0400] {logging_mixin.py:190} INFO - 969 1728858353
[2024-10-13T18:27:59.794-0400] {logging_mixin.py:190} INFO - 970 1728858426
[2024-10-13T18:27:59.794-0400] {logging_mixin.py:190} INFO - 971 1728858201
[2024-10-13T18:27:59.795-0400] {logging_mixin.py:190} INFO - 977 1728858310
[2024-10-13T18:27:59.796-0400] {logging_mixin.py:190} INFO - 978 1728858240
[2024-10-13T18:27:59.797-0400] {logging_mixin.py:190} INFO - 979 1728858221
[2024-10-13T18:27:59.797-0400] {logging_mixin.py:190} INFO - 980 1728858266
[2024-10-13T18:27:59.798-0400] {logging_mixin.py:190} INFO - 981 1728858320
[2024-10-13T18:27:59.799-0400] {logging_mixin.py:190} INFO - 982 1728858192
[2024-10-13T18:27:59.800-0400] {logging_mixin.py:190} INFO - 983 1728858316
[2024-10-13T18:27:59.801-0400] {logging_mixin.py:190} INFO - 984 1728791847
[2024-10-13T18:27:59.802-0400] {logging_mixin.py:190} INFO - 985 1728858292
[2024-10-13T18:27:59.803-0400] {logging_mixin.py:190} INFO - 986 1728858252
[2024-10-13T18:27:59.803-0400] {logging_mixin.py:190} INFO - 987 1728858410
[2024-10-13T18:27:59.804-0400] {logging_mixin.py:190} INFO - 988 1728858283
[2024-10-13T18:27:59.804-0400] {logging_mixin.py:190} INFO - 989 1728858358
[2024-10-13T18:27:59.805-0400] {logging_mixin.py:190} INFO - 990 1727957747
[2024-10-13T18:27:59.806-0400] {logging_mixin.py:190} INFO - 991 1727957013
[2024-10-13T18:27:59.806-0400] {logging_mixin.py:190} INFO - 992 1728791897
[2024-10-13T18:27:59.807-0400] {logging_mixin.py:190} INFO - 993 1728858438
[2024-10-13T18:27:59.807-0400] {logging_mixin.py:190} INFO - 994 86400
[2024-10-13T18:27:59.841-0400] {python.py:240} INFO - Done. Returned value was: None
[2024-10-13T18:27:59.848-0400] {taskinstance.py:340} INFO - ::group::Post task execution logs
[2024-10-13T18:27:59.850-0400] {taskinstance.py:352} INFO - Marking task as SUCCESS. dag_id=bixi_etl_pipeline, task_id=extract_task, run_id=manual__2024-10-13T22:27:36.589125+00:00, execution_date=20241013T222736, start_date=20241013T222758, end_date=20241013T222759
[2024-10-13T18:27:59.860-0400] {logging_mixin.py:190} INFO - Task instance in success state
[2024-10-13T18:27:59.860-0400] {logging_mixin.py:190} INFO -  Previous state of the Task instance: running
[2024-10-13T18:27:59.861-0400] {logging_mixin.py:190} INFO - Dag name:bixi_etl_pipeline queued_at:2024-10-13 22:27:36.630702+00:00
[2024-10-13T18:27:59.862-0400] {logging_mixin.py:190} INFO - Task hostname:karendembp.home operator:PythonOperator
[2024-10-13T18:27:59.887-0400] {local_task_job_runner.py:266} INFO - Task exited with return code 0
[2024-10-13T18:27:59.918-0400] {taskinstance.py:3900} INFO - 1 downstream tasks scheduled from follow-on schedule check
[2024-10-13T18:27:59.920-0400] {local_task_job_runner.py:245} INFO - ::endgroup::
