[2024-10-13T19:06:05.135-0400] {local_task_job_runner.py:123} INFO - ::group::Pre task execution logs
[2024-10-13T19:06:05.150-0400] {taskinstance.py:2612} INFO - Dependencies all met for dep_context=non-requeueable deps ti=<TaskInstance: bixi_etl_pipeline.extract_task manual__2024-10-13T23:05:49.379846+00:00 [queued]>
[2024-10-13T19:06:05.159-0400] {taskinstance.py:2612} INFO - Dependencies all met for dep_context=requeueable deps ti=<TaskInstance: bixi_etl_pipeline.extract_task manual__2024-10-13T23:05:49.379846+00:00 [queued]>
[2024-10-13T19:06:05.159-0400] {taskinstance.py:2865} INFO - Starting attempt 1 of 1
[2024-10-13T19:06:05.174-0400] {taskinstance.py:2888} INFO - Executing <Task(PythonOperator): extract_task> on 2024-10-13 23:05:49.379846+00:00
[2024-10-13T19:06:05.182-0400] {standard_task_runner.py:72} INFO - Started process 8160 to run task
[2024-10-13T19:06:05.190-0400] {clientserver.py:543} INFO - Closing down clientserver connection
[2024-10-13T19:06:05.201-0400] {standard_task_runner.py:104} INFO - Running: ['airflow', 'tasks', 'run', 'bixi_etl_pipeline', 'extract_task', 'manual__2024-10-13T23:05:49.379846+00:00', '--job-id', '220', '--raw', '--subdir', 'DAGS_FOLDER/bixi_etl_pipeline.py', '--cfg-path', '/var/folders/bj/4z3t139j7xj2qng4wk4y16ym0000gn/T/tmpt11_v3if']
[2024-10-13T19:06:05.201-0400] {standard_task_runner.py:105} INFO - Job 220: Subtask extract_task
[2024-10-13T19:06:05.257-0400] {task_command.py:467} INFO - Running <TaskInstance: bixi_etl_pipeline.extract_task manual__2024-10-13T23:05:49.379846+00:00 [running]> on host karendembp.home
[2024-10-13T19:06:05.534-0400] {taskinstance.py:3131} INFO - Exporting env vars: AIRFLOW_CTX_DAG_OWNER='airflow' AIRFLOW_CTX_DAG_ID='bixi_etl_pipeline' AIRFLOW_CTX_TASK_ID='extract_task' AIRFLOW_CTX_EXECUTION_DATE='2024-10-13T23:05:49.379846+00:00' AIRFLOW_CTX_TRY_NUMBER='1' AIRFLOW_CTX_DAG_RUN_ID='manual__2024-10-13T23:05:49.379846+00:00'
[2024-10-13T19:06:05.536-0400] {logging_mixin.py:190} INFO - Task instance is in running state
[2024-10-13T19:06:05.536-0400] {logging_mixin.py:190} INFO -  Previous state of the Task instance: queued
[2024-10-13T19:06:05.537-0400] {logging_mixin.py:190} INFO - Current task name:extract_task state:running start_date:2024-10-13 23:06:05.150886+00:00
[2024-10-13T19:06:05.538-0400] {logging_mixin.py:190} INFO - Dag name:bixi_etl_pipeline and current dag run status:running
[2024-10-13T19:06:05.539-0400] {taskinstance.py:731} INFO - ::endgroup::
[2024-10-13T19:06:06.109-0400] {logging_mixin.py:190} INFO - 1 1728856872
[2024-10-13T19:06:06.110-0400] {logging_mixin.py:190} INFO - 2 1728860666
[2024-10-13T19:06:06.111-0400] {logging_mixin.py:190} INFO - 3 1728860505
[2024-10-13T19:06:06.112-0400] {logging_mixin.py:190} INFO - 4 1728860525
[2024-10-13T19:06:06.113-0400] {logging_mixin.py:190} INFO - 5 1728860046
[2024-10-13T19:06:06.114-0400] {logging_mixin.py:190} INFO - 6 1728859501
[2024-10-13T19:06:06.115-0400] {logging_mixin.py:190} INFO - 7 1728860739
[2024-10-13T19:06:06.116-0400] {logging_mixin.py:190} INFO - 8 1728860611
[2024-10-13T19:06:06.117-0400] {logging_mixin.py:190} INFO - 9 1728860711
[2024-10-13T19:06:06.118-0400] {logging_mixin.py:190} INFO - 10 1728858721
[2024-10-13T19:06:06.119-0400] {logging_mixin.py:190} INFO - 11 1728860141
[2024-10-13T19:06:06.120-0400] {logging_mixin.py:190} INFO - 12 1728859900
[2024-10-13T19:06:06.121-0400] {logging_mixin.py:190} INFO - 13 1728860555
[2024-10-13T19:06:06.122-0400] {logging_mixin.py:190} INFO - 14 1728860651
[2024-10-13T19:06:06.123-0400] {logging_mixin.py:190} INFO - 15 1728860184
[2024-10-13T19:06:06.124-0400] {logging_mixin.py:190} INFO - 16 1728852968
[2024-10-13T19:06:06.125-0400] {logging_mixin.py:190} INFO - 17 1728860651
[2024-10-13T19:06:06.126-0400] {logging_mixin.py:190} INFO - 18 1728860757
[2024-10-13T19:06:06.127-0400] {logging_mixin.py:190} INFO - 19 1728860744
[2024-10-13T19:06:06.128-0400] {logging_mixin.py:190} INFO - 20 1728858743
[2024-10-13T19:06:06.129-0400] {logging_mixin.py:190} INFO - 21 1728860594
[2024-10-13T19:06:06.130-0400] {logging_mixin.py:190} INFO - 22 1728860744
[2024-10-13T19:06:06.131-0400] {logging_mixin.py:190} INFO - 24 1728859598
[2024-10-13T19:06:06.132-0400] {logging_mixin.py:190} INFO - 25 1728860706
[2024-10-13T19:06:06.133-0400] {logging_mixin.py:190} INFO - 26 1728859366
[2024-10-13T19:06:06.134-0400] {logging_mixin.py:190} INFO - 28 1728860735
[2024-10-13T19:06:06.135-0400] {logging_mixin.py:190} INFO - 30 1728860457
[2024-10-13T19:06:06.135-0400] {logging_mixin.py:190} INFO - 31 1728860430
[2024-10-13T19:06:06.136-0400] {logging_mixin.py:190} INFO - 32 1728860363
[2024-10-13T19:06:06.137-0400] {logging_mixin.py:190} INFO - 34 1728858939
[2024-10-13T19:06:06.138-0400] {logging_mixin.py:190} INFO - 35 1728860200
[2024-10-13T19:06:06.139-0400] {logging_mixin.py:190} INFO - 36 1728860513
[2024-10-13T19:06:06.140-0400] {logging_mixin.py:190} INFO - 37 1728860699
[2024-10-13T19:06:06.141-0400] {logging_mixin.py:190} INFO - 38 1728858276
[2024-10-13T19:06:06.142-0400] {logging_mixin.py:190} INFO - 39 1728859989
[2024-10-13T19:06:06.144-0400] {logging_mixin.py:190} INFO - 40 1728859990
[2024-10-13T19:06:06.145-0400] {logging_mixin.py:190} INFO - 41 1728859196
[2024-10-13T19:06:06.163-0400] {logging_mixin.py:190} INFO - 43 1728859240
[2024-10-13T19:06:06.164-0400] {logging_mixin.py:190} INFO - 45 1728860673
[2024-10-13T19:06:06.165-0400] {logging_mixin.py:190} INFO - 46 1728860517
[2024-10-13T19:06:06.166-0400] {logging_mixin.py:190} INFO - 47 1728860557
[2024-10-13T19:06:06.166-0400] {logging_mixin.py:190} INFO - 48 1728860611
[2024-10-13T19:06:06.167-0400] {logging_mixin.py:190} INFO - 49 1728858770
[2024-10-13T19:06:06.167-0400] {logging_mixin.py:190} INFO - 50 1728860551
[2024-10-13T19:06:06.168-0400] {logging_mixin.py:190} INFO - 51 1728860497
[2024-10-13T19:06:06.169-0400] {logging_mixin.py:190} INFO - 52 1728860582
[2024-10-13T19:06:06.169-0400] {logging_mixin.py:190} INFO - 55 1728860124
[2024-10-13T19:06:06.170-0400] {logging_mixin.py:190} INFO - 56 1728860584
[2024-10-13T19:06:06.171-0400] {logging_mixin.py:190} INFO - 57 1728858164
[2024-10-13T19:06:06.172-0400] {logging_mixin.py:190} INFO - 59 1728859777
[2024-10-13T19:06:06.173-0400] {logging_mixin.py:190} INFO - 60 1728860604
[2024-10-13T19:06:06.173-0400] {logging_mixin.py:190} INFO - 61 1728860657
[2024-10-13T19:06:06.174-0400] {logging_mixin.py:190} INFO - 62 1728860559
[2024-10-13T19:06:06.174-0400] {logging_mixin.py:190} INFO - 63 1728859744
[2024-10-13T19:06:06.176-0400] {logging_mixin.py:190} INFO - 64 1728859254
[2024-10-13T19:06:06.176-0400] {logging_mixin.py:190} INFO - 65 1728859081
[2024-10-13T19:06:06.177-0400] {logging_mixin.py:190} INFO - 67 1728860479
[2024-10-13T19:06:06.178-0400] {logging_mixin.py:190} INFO - 68 1728859925
[2024-10-13T19:06:06.179-0400] {logging_mixin.py:190} INFO - 69 1728859163
[2024-10-13T19:06:06.179-0400] {logging_mixin.py:190} INFO - 71 1728860190
[2024-10-13T19:06:06.180-0400] {logging_mixin.py:190} INFO - 72 1728860523
[2024-10-13T19:06:06.181-0400] {logging_mixin.py:190} INFO - 73 1728860519
[2024-10-13T19:06:06.181-0400] {logging_mixin.py:190} INFO - 74 1728860733
[2024-10-13T19:06:06.182-0400] {logging_mixin.py:190} INFO - 75 1728860215
[2024-10-13T19:06:06.182-0400] {logging_mixin.py:190} INFO - 76 1728860493
[2024-10-13T19:06:06.183-0400] {logging_mixin.py:190} INFO - 77 1728860096
[2024-10-13T19:06:06.184-0400] {logging_mixin.py:190} INFO - 78 1728860543
[2024-10-13T19:06:06.184-0400] {logging_mixin.py:190} INFO - 79 1728860192
[2024-10-13T19:06:06.185-0400] {logging_mixin.py:190} INFO - 80 1728860179
[2024-10-13T19:06:06.186-0400] {logging_mixin.py:190} INFO - 81 1728858600
[2024-10-13T19:06:06.187-0400] {logging_mixin.py:190} INFO - 82 1728860486
[2024-10-13T19:06:06.188-0400] {logging_mixin.py:190} INFO - 83 1728860515
[2024-10-13T19:06:06.189-0400] {logging_mixin.py:190} INFO - 84 1728860533
[2024-10-13T19:06:06.190-0400] {logging_mixin.py:190} INFO - 85 1728860669
[2024-10-13T19:06:06.190-0400] {logging_mixin.py:190} INFO - 86 1728860725
[2024-10-13T19:06:06.191-0400] {logging_mixin.py:190} INFO - 87 1728858443
[2024-10-13T19:06:06.192-0400] {logging_mixin.py:190} INFO - 88 1728860286
[2024-10-13T19:06:06.193-0400] {logging_mixin.py:190} INFO - 89 1728860308
[2024-10-13T19:06:06.194-0400] {logging_mixin.py:190} INFO - 91 1728858940
[2024-10-13T19:06:06.195-0400] {logging_mixin.py:190} INFO - 92 1728859624
[2024-10-13T19:06:06.196-0400] {logging_mixin.py:190} INFO - 93 1728855432
[2024-10-13T19:06:06.197-0400] {logging_mixin.py:190} INFO - 94 1728857785
[2024-10-13T19:06:06.198-0400] {logging_mixin.py:190} INFO - 95 1728860216
[2024-10-13T19:06:06.199-0400] {logging_mixin.py:190} INFO - 96 1728860193
[2024-10-13T19:06:06.199-0400] {logging_mixin.py:190} INFO - 97 1728860587
[2024-10-13T19:06:06.200-0400] {logging_mixin.py:190} INFO - 99 1728859545
[2024-10-13T19:06:06.201-0400] {logging_mixin.py:190} INFO - 100 1728860603
[2024-10-13T19:06:06.202-0400] {logging_mixin.py:190} INFO - 101 1728860618
[2024-10-13T19:06:06.203-0400] {logging_mixin.py:190} INFO - 102 1728859088
[2024-10-13T19:06:06.204-0400] {logging_mixin.py:190} INFO - 103 1728860493
[2024-10-13T19:06:06.205-0400] {logging_mixin.py:190} INFO - 105 1728856971
[2024-10-13T19:06:06.206-0400] {logging_mixin.py:190} INFO - 106 1728858213
[2024-10-13T19:06:06.207-0400] {logging_mixin.py:190} INFO - 107 1728859764
[2024-10-13T19:06:06.207-0400] {logging_mixin.py:190} INFO - 108 1728860595
[2024-10-13T19:06:06.208-0400] {logging_mixin.py:190} INFO - 109 1728860536
[2024-10-13T19:06:06.209-0400] {logging_mixin.py:190} INFO - 110 1728859264
[2024-10-13T19:06:06.209-0400] {logging_mixin.py:190} INFO - 111 1728860211
[2024-10-13T19:06:06.210-0400] {logging_mixin.py:190} INFO - 112 1728860488
[2024-10-13T19:06:06.210-0400] {logging_mixin.py:190} INFO - 113 1728860243
[2024-10-13T19:06:06.211-0400] {logging_mixin.py:190} INFO - 114 1728858738
[2024-10-13T19:06:06.212-0400] {logging_mixin.py:190} INFO - 115 1728860029
[2024-10-13T19:06:06.213-0400] {logging_mixin.py:190} INFO - 116 1728859722
[2024-10-13T19:06:06.214-0400] {logging_mixin.py:190} INFO - 118 1728859731
[2024-10-13T19:06:06.215-0400] {logging_mixin.py:190} INFO - 119 1728860551
[2024-10-13T19:06:06.216-0400] {logging_mixin.py:190} INFO - 120 1728860461
[2024-10-13T19:06:06.217-0400] {logging_mixin.py:190} INFO - 121 1728860695
[2024-10-13T19:06:06.218-0400] {logging_mixin.py:190} INFO - 122 1728860303
[2024-10-13T19:06:06.219-0400] {logging_mixin.py:190} INFO - 123 1728860332
[2024-10-13T19:06:06.219-0400] {logging_mixin.py:190} INFO - 124 1728860483
[2024-10-13T19:06:06.220-0400] {logging_mixin.py:190} INFO - 125 1728859695
[2024-10-13T19:06:06.221-0400] {logging_mixin.py:190} INFO - 126 1728860548
[2024-10-13T19:06:06.222-0400] {logging_mixin.py:190} INFO - 127 1728860163
[2024-10-13T19:06:06.223-0400] {logging_mixin.py:190} INFO - 128 1728859922
[2024-10-13T19:06:06.224-0400] {logging_mixin.py:190} INFO - 129 1728859378
[2024-10-13T19:06:06.225-0400] {logging_mixin.py:190} INFO - 131 1728860486
[2024-10-13T19:06:06.226-0400] {logging_mixin.py:190} INFO - 132 1728858284
[2024-10-13T19:06:06.227-0400] {logging_mixin.py:190} INFO - 133 1728860688
[2024-10-13T19:06:06.227-0400] {logging_mixin.py:190} INFO - 134 1728860758
[2024-10-13T19:06:06.228-0400] {logging_mixin.py:190} INFO - 135 1728860309
[2024-10-13T19:06:06.228-0400] {logging_mixin.py:190} INFO - 136 1728858594
[2024-10-13T19:06:06.229-0400] {logging_mixin.py:190} INFO - 137 1728860578
[2024-10-13T19:06:06.230-0400] {logging_mixin.py:190} INFO - 138 1728860379
[2024-10-13T19:06:06.231-0400] {logging_mixin.py:190} INFO - 139 1728860426
[2024-10-13T19:06:06.232-0400] {logging_mixin.py:190} INFO - 140 1728859163
[2024-10-13T19:06:06.232-0400] {logging_mixin.py:190} INFO - 141 1728860494
[2024-10-13T19:06:06.233-0400] {logging_mixin.py:190} INFO - 142 1728860554
[2024-10-13T19:06:06.234-0400] {logging_mixin.py:190} INFO - 143 1728860367
[2024-10-13T19:06:06.236-0400] {logging_mixin.py:190} INFO - 144 1728860444
[2024-10-13T19:06:06.237-0400] {logging_mixin.py:190} INFO - 145 1728860261
[2024-10-13T19:06:06.237-0400] {logging_mixin.py:190} INFO - 146 1728860353
[2024-10-13T19:06:06.238-0400] {logging_mixin.py:190} INFO - 147 1728858593
[2024-10-13T19:06:06.239-0400] {logging_mixin.py:190} INFO - 148 1728860759
[2024-10-13T19:06:06.240-0400] {logging_mixin.py:190} INFO - 149 1728859952
[2024-10-13T19:06:06.241-0400] {logging_mixin.py:190} INFO - 150 1728860760
[2024-10-13T19:06:06.242-0400] {logging_mixin.py:190} INFO - 151 1728860609
[2024-10-13T19:06:06.243-0400] {logging_mixin.py:190} INFO - 152 1728860536
[2024-10-13T19:06:06.244-0400] {logging_mixin.py:190} INFO - 153 1728859819
[2024-10-13T19:06:06.244-0400] {logging_mixin.py:190} INFO - 154 1728860662
[2024-10-13T19:06:06.245-0400] {logging_mixin.py:190} INFO - 155 1728860387
[2024-10-13T19:06:06.246-0400] {logging_mixin.py:190} INFO - 156 1728860492
[2024-10-13T19:06:06.246-0400] {logging_mixin.py:190} INFO - 157 1728860431
[2024-10-13T19:06:06.247-0400] {logging_mixin.py:190} INFO - 158 1728860702
[2024-10-13T19:06:06.248-0400] {logging_mixin.py:190} INFO - 159 1728859223
[2024-10-13T19:06:06.248-0400] {logging_mixin.py:190} INFO - 160 1728859519
[2024-10-13T19:06:06.249-0400] {logging_mixin.py:190} INFO - 161 1728859902
[2024-10-13T19:06:06.250-0400] {logging_mixin.py:190} INFO - 162 1728860394
[2024-10-13T19:06:06.250-0400] {logging_mixin.py:190} INFO - 163 1728860749
[2024-10-13T19:06:06.251-0400] {logging_mixin.py:190} INFO - 164 1728860552
[2024-10-13T19:06:06.251-0400] {logging_mixin.py:190} INFO - 165 1728860384
[2024-10-13T19:06:06.252-0400] {logging_mixin.py:190} INFO - 166 1728860259
[2024-10-13T19:06:06.253-0400] {logging_mixin.py:190} INFO - 167 1728860236
[2024-10-13T19:06:06.253-0400] {logging_mixin.py:190} INFO - 168 1728860194
[2024-10-13T19:06:06.254-0400] {logging_mixin.py:190} INFO - 169 1728860281
[2024-10-13T19:06:06.254-0400] {logging_mixin.py:190} INFO - 170 1728860276
[2024-10-13T19:06:06.255-0400] {logging_mixin.py:190} INFO - 171 1728860458
[2024-10-13T19:06:06.256-0400] {logging_mixin.py:190} INFO - 173 1728860311
[2024-10-13T19:06:06.257-0400] {logging_mixin.py:190} INFO - 174 1728860116
[2024-10-13T19:06:06.258-0400] {logging_mixin.py:190} INFO - 176 1728859996
[2024-10-13T19:06:06.259-0400] {logging_mixin.py:190} INFO - 177 1728860727
[2024-10-13T19:06:06.260-0400] {logging_mixin.py:190} INFO - 178 1728860588
[2024-10-13T19:06:06.261-0400] {logging_mixin.py:190} INFO - 179 1728860743
[2024-10-13T19:06:06.261-0400] {logging_mixin.py:190} INFO - 180 1728857514
[2024-10-13T19:06:06.263-0400] {logging_mixin.py:190} INFO - 181 1728860555
[2024-10-13T19:06:06.263-0400] {logging_mixin.py:190} INFO - 182 1728860734
[2024-10-13T19:06:06.264-0400] {logging_mixin.py:190} INFO - 183 1728860642
[2024-10-13T19:06:06.264-0400] {logging_mixin.py:190} INFO - 184 1728860702
[2024-10-13T19:06:06.265-0400] {logging_mixin.py:190} INFO - 185 1728860142
[2024-10-13T19:06:06.266-0400] {logging_mixin.py:190} INFO - 186 1728860294
[2024-10-13T19:06:06.267-0400] {logging_mixin.py:190} INFO - 187 1728860520
[2024-10-13T19:06:06.267-0400] {logging_mixin.py:190} INFO - 188 1728860757
[2024-10-13T19:06:06.268-0400] {logging_mixin.py:190} INFO - 189 1728860556
[2024-10-13T19:06:06.269-0400] {logging_mixin.py:190} INFO - 190 1728860453
[2024-10-13T19:06:06.270-0400] {logging_mixin.py:190} INFO - 191 1728860614
[2024-10-13T19:06:06.271-0400] {logging_mixin.py:190} INFO - 192 1728860330
[2024-10-13T19:06:06.272-0400] {logging_mixin.py:190} INFO - 193 1728860703
[2024-10-13T19:06:06.273-0400] {logging_mixin.py:190} INFO - 194 1728859600
[2024-10-13T19:06:06.273-0400] {logging_mixin.py:190} INFO - 195 1728860726
[2024-10-13T19:06:06.274-0400] {logging_mixin.py:190} INFO - 196 1728860155
[2024-10-13T19:06:06.275-0400] {logging_mixin.py:190} INFO - 197 1728860554
[2024-10-13T19:06:06.276-0400] {logging_mixin.py:190} INFO - 198 1728859226
[2024-10-13T19:06:06.277-0400] {logging_mixin.py:190} INFO - 199 1728860718
[2024-10-13T19:06:06.278-0400] {logging_mixin.py:190} INFO - 200 1728860548
[2024-10-13T19:06:06.279-0400] {logging_mixin.py:190} INFO - 201 1728858131
[2024-10-13T19:06:06.280-0400] {logging_mixin.py:190} INFO - 202 1728854252
[2024-10-13T19:06:06.280-0400] {logging_mixin.py:190} INFO - 203 1728860507
[2024-10-13T19:06:06.281-0400] {logging_mixin.py:190} INFO - 204 1728860756
[2024-10-13T19:06:06.282-0400] {logging_mixin.py:190} INFO - 205 1728859492
[2024-10-13T19:06:06.283-0400] {logging_mixin.py:190} INFO - 206 1728859936
[2024-10-13T19:06:06.284-0400] {logging_mixin.py:190} INFO - 207 1728860754
[2024-10-13T19:06:06.285-0400] {logging_mixin.py:190} INFO - 208 1728860760
[2024-10-13T19:06:06.286-0400] {logging_mixin.py:190} INFO - 209 1728860759
[2024-10-13T19:06:06.287-0400] {logging_mixin.py:190} INFO - 210 1728860713
[2024-10-13T19:06:06.288-0400] {logging_mixin.py:190} INFO - 211 1728860758
[2024-10-13T19:06:06.288-0400] {logging_mixin.py:190} INFO - 212 1728391856
[2024-10-13T19:06:06.289-0400] {logging_mixin.py:190} INFO - 213 1728858744
[2024-10-13T19:06:06.290-0400] {logging_mixin.py:190} INFO - 214 1728860714
[2024-10-13T19:06:06.290-0400] {logging_mixin.py:190} INFO - 215 1728860518
[2024-10-13T19:06:06.291-0400] {logging_mixin.py:190} INFO - 216 1728859862
[2024-10-13T19:06:06.292-0400] {logging_mixin.py:190} INFO - 217 1728859276
[2024-10-13T19:06:06.292-0400] {logging_mixin.py:190} INFO - 218 1728860746
[2024-10-13T19:06:06.293-0400] {logging_mixin.py:190} INFO - 219 1728860689
[2024-10-13T19:06:06.294-0400] {logging_mixin.py:190} INFO - 220 1728860255
[2024-10-13T19:06:06.295-0400] {logging_mixin.py:190} INFO - 221 1728860537
[2024-10-13T19:06:06.296-0400] {logging_mixin.py:190} INFO - 222 1728860719
[2024-10-13T19:06:06.296-0400] {logging_mixin.py:190} INFO - 223 1728860649
[2024-10-13T19:06:06.297-0400] {logging_mixin.py:190} INFO - 224 1728860638
[2024-10-13T19:06:06.298-0400] {logging_mixin.py:190} INFO - 225 1728859930
[2024-10-13T19:06:06.298-0400] {logging_mixin.py:190} INFO - 226 1728860548
[2024-10-13T19:06:06.299-0400] {logging_mixin.py:190} INFO - 227 1728860639
[2024-10-13T19:06:06.299-0400] {logging_mixin.py:190} INFO - 228 1728859455
[2024-10-13T19:06:06.300-0400] {logging_mixin.py:190} INFO - 229 1728860599
[2024-10-13T19:06:06.301-0400] {logging_mixin.py:190} INFO - 230 1728860416
[2024-10-13T19:06:06.301-0400] {logging_mixin.py:190} INFO - 232 1728859278
[2024-10-13T19:06:06.302-0400] {logging_mixin.py:190} INFO - 233 1728860587
[2024-10-13T19:06:06.302-0400] {logging_mixin.py:190} INFO - 234 1728860463
[2024-10-13T19:06:06.303-0400] {logging_mixin.py:190} INFO - 236 1728858440
[2024-10-13T19:06:06.304-0400] {logging_mixin.py:190} INFO - 237 1728860706
[2024-10-13T19:06:06.304-0400] {logging_mixin.py:190} INFO - 239 1728860683
[2024-10-13T19:06:06.305-0400] {logging_mixin.py:190} INFO - 241 1728860659
[2024-10-13T19:06:06.306-0400] {logging_mixin.py:190} INFO - 242 1728860198
[2024-10-13T19:06:06.306-0400] {logging_mixin.py:190} INFO - 243 1728860048
[2024-10-13T19:06:06.307-0400] {logging_mixin.py:190} INFO - 244 1728860496
[2024-10-13T19:06:06.307-0400] {logging_mixin.py:190} INFO - 245 1728659352
[2024-10-13T19:06:06.308-0400] {logging_mixin.py:190} INFO - 246 1728859728
[2024-10-13T19:06:06.309-0400] {logging_mixin.py:190} INFO - 247 1728859688
[2024-10-13T19:06:06.309-0400] {logging_mixin.py:190} INFO - 248 1728860718
[2024-10-13T19:06:06.310-0400] {logging_mixin.py:190} INFO - 249 1728860656
[2024-10-13T19:06:06.310-0400] {logging_mixin.py:190} INFO - 250 1728860412
[2024-10-13T19:06:06.311-0400] {logging_mixin.py:190} INFO - 251 1728860465
[2024-10-13T19:06:06.312-0400] {logging_mixin.py:190} INFO - 253 1728860342
[2024-10-13T19:06:06.312-0400] {logging_mixin.py:190} INFO - 254 1728860746
[2024-10-13T19:06:06.313-0400] {logging_mixin.py:190} INFO - 255 1728857738
[2024-10-13T19:06:06.313-0400] {logging_mixin.py:190} INFO - 256 1728860682
[2024-10-13T19:06:06.314-0400] {logging_mixin.py:190} INFO - 257 1728859748
[2024-10-13T19:06:06.315-0400] {logging_mixin.py:190} INFO - 258 1728860277
[2024-10-13T19:06:06.316-0400] {logging_mixin.py:190} INFO - 259 1728859453
[2024-10-13T19:06:06.317-0400] {logging_mixin.py:190} INFO - 260 1728860480
[2024-10-13T19:06:06.318-0400] {logging_mixin.py:190} INFO - 261 1728860399
[2024-10-13T19:06:06.318-0400] {logging_mixin.py:190} INFO - 262 1728860609
[2024-10-13T19:06:06.319-0400] {logging_mixin.py:190} INFO - 263 1728860745
[2024-10-13T19:06:06.320-0400] {logging_mixin.py:190} INFO - 264 1728859790
[2024-10-13T19:06:06.321-0400] {logging_mixin.py:190} INFO - 265 1728859964
[2024-10-13T19:06:06.322-0400] {logging_mixin.py:190} INFO - 266 1728859234
[2024-10-13T19:06:06.322-0400] {logging_mixin.py:190} INFO - 267 1728854175
[2024-10-13T19:06:06.323-0400] {logging_mixin.py:190} INFO - 268 1728860398
[2024-10-13T19:06:06.324-0400] {logging_mixin.py:190} INFO - 269 1728858320
[2024-10-13T19:06:06.325-0400] {logging_mixin.py:190} INFO - 270 1728860392
[2024-10-13T19:06:06.326-0400] {logging_mixin.py:190} INFO - 271 1728860560
[2024-10-13T19:06:06.327-0400] {logging_mixin.py:190} INFO - 272 1728856257
[2024-10-13T19:06:06.328-0400] {logging_mixin.py:190} INFO - 273 1728860691
[2024-10-13T19:06:06.328-0400] {logging_mixin.py:190} INFO - 274 1728860024
[2024-10-13T19:06:06.329-0400] {logging_mixin.py:190} INFO - 275 1728859479
[2024-10-13T19:06:06.330-0400] {logging_mixin.py:190} INFO - 276 1728860729
[2024-10-13T19:06:06.330-0400] {logging_mixin.py:190} INFO - 277 1728860185
[2024-10-13T19:06:06.331-0400] {logging_mixin.py:190} INFO - 278 1728860711
[2024-10-13T19:06:06.332-0400] {logging_mixin.py:190} INFO - 279 1728860634
[2024-10-13T19:06:06.332-0400] {logging_mixin.py:190} INFO - 280 1728860472
[2024-10-13T19:06:06.333-0400] {logging_mixin.py:190} INFO - 281 1728860101
[2024-10-13T19:06:06.333-0400] {logging_mixin.py:190} INFO - 282 1728860744
[2024-10-13T19:06:06.334-0400] {logging_mixin.py:190} INFO - 283 1728860091
[2024-10-13T19:06:06.335-0400] {logging_mixin.py:190} INFO - 284 1728860191
[2024-10-13T19:06:06.335-0400] {logging_mixin.py:190} INFO - 285 1728859054
[2024-10-13T19:06:06.336-0400] {logging_mixin.py:190} INFO - 286 1728860744
[2024-10-13T19:06:06.336-0400] {logging_mixin.py:190} INFO - 287 1728858116
[2024-10-13T19:06:06.337-0400] {logging_mixin.py:190} INFO - 288 1728860718
[2024-10-13T19:06:06.337-0400] {logging_mixin.py:190} INFO - 289 1728860710
[2024-10-13T19:06:06.338-0400] {logging_mixin.py:190} INFO - 290 1728860278
[2024-10-13T19:06:06.339-0400] {logging_mixin.py:190} INFO - 291 1728860680
[2024-10-13T19:06:06.339-0400] {logging_mixin.py:190} INFO - 292 1728860325
[2024-10-13T19:06:06.340-0400] {logging_mixin.py:190} INFO - 293 1728860054
[2024-10-13T19:06:06.340-0400] {logging_mixin.py:190} INFO - 294 1728860719
[2024-10-13T19:06:06.341-0400] {logging_mixin.py:190} INFO - 297 1728860399
[2024-10-13T19:06:06.342-0400] {logging_mixin.py:190} INFO - 301 1728858860
[2024-10-13T19:06:06.342-0400] {logging_mixin.py:190} INFO - 302 1728851739
[2024-10-13T19:06:06.343-0400] {logging_mixin.py:190} INFO - 303 1728859665
[2024-10-13T19:06:06.343-0400] {logging_mixin.py:190} INFO - 304 1728859837
[2024-10-13T19:06:06.344-0400] {logging_mixin.py:190} INFO - 305 1728858941
[2024-10-13T19:06:06.345-0400] {logging_mixin.py:190} INFO - 306 1728860239
[2024-10-13T19:06:06.345-0400] {logging_mixin.py:190} INFO - 307 1728860485
[2024-10-13T19:06:06.346-0400] {logging_mixin.py:190} INFO - 308 1728857105
[2024-10-13T19:06:06.347-0400] {logging_mixin.py:190} INFO - 309 1728860758
[2024-10-13T19:06:06.348-0400] {logging_mixin.py:190} INFO - 311 1728860549
[2024-10-13T19:06:06.349-0400] {logging_mixin.py:190} INFO - 312 1728860721
[2024-10-13T19:06:06.350-0400] {logging_mixin.py:190} INFO - 313 1728859245
[2024-10-13T19:06:06.350-0400] {logging_mixin.py:190} INFO - 314 1728860430
[2024-10-13T19:06:06.351-0400] {logging_mixin.py:190} INFO - 315 1728860345
[2024-10-13T19:06:06.352-0400] {logging_mixin.py:190} INFO - 316 1728860496
[2024-10-13T19:06:06.353-0400] {logging_mixin.py:190} INFO - 317 1728860358
[2024-10-13T19:06:06.354-0400] {logging_mixin.py:190} INFO - 318 1728859112
[2024-10-13T19:06:06.354-0400] {logging_mixin.py:190} INFO - 319 1728859866
[2024-10-13T19:06:06.355-0400] {logging_mixin.py:190} INFO - 320 1728860759
[2024-10-13T19:06:06.356-0400] {logging_mixin.py:190} INFO - 321 1728858222
[2024-10-13T19:06:06.357-0400] {logging_mixin.py:190} INFO - 322 1728860756
[2024-10-13T19:06:06.358-0400] {logging_mixin.py:190} INFO - 323 1728860208
[2024-10-13T19:06:06.359-0400] {logging_mixin.py:190} INFO - 324 1728860643
[2024-10-13T19:06:06.359-0400] {logging_mixin.py:190} INFO - 325 1728860300
[2024-10-13T19:06:06.360-0400] {logging_mixin.py:190} INFO - 327 1728860368
[2024-10-13T19:06:06.361-0400] {logging_mixin.py:190} INFO - 328 1728860082
[2024-10-13T19:06:06.361-0400] {logging_mixin.py:190} INFO - 329 1728858973
[2024-10-13T19:06:06.362-0400] {logging_mixin.py:190} INFO - 330 1728860569
[2024-10-13T19:06:06.362-0400] {logging_mixin.py:190} INFO - 331 1728859681
[2024-10-13T19:06:06.363-0400] {logging_mixin.py:190} INFO - 332 1728859908
[2024-10-13T19:06:06.364-0400] {logging_mixin.py:190} INFO - 333 1728859352
[2024-10-13T19:06:06.364-0400] {logging_mixin.py:190} INFO - 334 1728860149
[2024-10-13T19:06:06.365-0400] {logging_mixin.py:190} INFO - 335 1728859624
[2024-10-13T19:06:06.365-0400] {logging_mixin.py:190} INFO - 336 1728860550
[2024-10-13T19:06:06.366-0400] {logging_mixin.py:190} INFO - 337 1728860745
[2024-10-13T19:06:06.367-0400] {logging_mixin.py:190} INFO - 338 1728858793
[2024-10-13T19:06:06.367-0400] {logging_mixin.py:190} INFO - 339 1728860590
[2024-10-13T19:06:06.368-0400] {logging_mixin.py:190} INFO - 340 1728857418
[2024-10-13T19:06:06.368-0400] {logging_mixin.py:190} INFO - 341 1728860375
[2024-10-13T19:06:06.369-0400] {logging_mixin.py:190} INFO - 342 1728859985
[2024-10-13T19:06:06.370-0400] {logging_mixin.py:190} INFO - 343 1728860566
[2024-10-13T19:06:06.371-0400] {logging_mixin.py:190} INFO - 344 1728859387
[2024-10-13T19:06:06.372-0400] {logging_mixin.py:190} INFO - 345 1728859355
[2024-10-13T19:06:06.372-0400] {logging_mixin.py:190} INFO - 346 1728859971
[2024-10-13T19:06:06.373-0400] {logging_mixin.py:190} INFO - 347 1728860741
[2024-10-13T19:06:06.373-0400] {logging_mixin.py:190} INFO - 348 1728858371
[2024-10-13T19:06:06.374-0400] {logging_mixin.py:190} INFO - 349 1728860306
[2024-10-13T19:06:06.375-0400] {logging_mixin.py:190} INFO - 350 1728860622
[2024-10-13T19:06:06.375-0400] {logging_mixin.py:190} INFO - 351 1728857910
[2024-10-13T19:06:06.376-0400] {logging_mixin.py:190} INFO - 355 1728860311
[2024-10-13T19:06:06.376-0400] {logging_mixin.py:190} INFO - 356 1728857711
[2024-10-13T19:06:06.377-0400] {logging_mixin.py:190} INFO - 357 1728665345
[2024-10-13T19:06:06.377-0400] {logging_mixin.py:190} INFO - 358 1728860256
[2024-10-13T19:06:06.379-0400] {logging_mixin.py:190} INFO - 359 1728859561
[2024-10-13T19:06:06.379-0400] {logging_mixin.py:190} INFO - 360 1728860726
[2024-10-13T19:06:06.380-0400] {logging_mixin.py:190} INFO - 361 1728859610
[2024-10-13T19:06:06.380-0400] {logging_mixin.py:190} INFO - 362 1728859541
[2024-10-13T19:06:06.381-0400] {logging_mixin.py:190} INFO - 363 1728860105
[2024-10-13T19:06:06.382-0400] {logging_mixin.py:190} INFO - 364 1728860093
[2024-10-13T19:06:06.382-0400] {logging_mixin.py:190} INFO - 365 1728860754
[2024-10-13T19:06:06.383-0400] {logging_mixin.py:190} INFO - 366 1728860712
[2024-10-13T19:06:06.383-0400] {logging_mixin.py:190} INFO - 367 1728859083
[2024-10-13T19:06:06.385-0400] {logging_mixin.py:190} INFO - 368 1728860689
[2024-10-13T19:06:06.386-0400] {logging_mixin.py:190} INFO - 370 1728860570
[2024-10-13T19:06:06.386-0400] {logging_mixin.py:190} INFO - 371 1728860716
[2024-10-13T19:06:06.387-0400] {logging_mixin.py:190} INFO - 372 1728859757
[2024-10-13T19:06:06.388-0400] {logging_mixin.py:190} INFO - 373 1728859736
[2024-10-13T19:06:06.388-0400] {logging_mixin.py:190} INFO - 374 1728860676
[2024-10-13T19:06:06.389-0400] {logging_mixin.py:190} INFO - 375 1728860564
[2024-10-13T19:06:06.390-0400] {logging_mixin.py:190} INFO - 376 1728860730
[2024-10-13T19:06:06.390-0400] {logging_mixin.py:190} INFO - 377 1728860443
[2024-10-13T19:06:06.391-0400] {logging_mixin.py:190} INFO - 378 1728860199
[2024-10-13T19:06:06.392-0400] {logging_mixin.py:190} INFO - 379 1728860730
[2024-10-13T19:06:06.392-0400] {logging_mixin.py:190} INFO - 380 1728860748
[2024-10-13T19:06:06.393-0400] {logging_mixin.py:190} INFO - 381 1728860568
[2024-10-13T19:06:06.394-0400] {logging_mixin.py:190} INFO - 383 1728859085
[2024-10-13T19:06:06.394-0400] {logging_mixin.py:190} INFO - 384 1728860432
[2024-10-13T19:06:06.395-0400] {logging_mixin.py:190} INFO - 385 1728860733
[2024-10-13T19:06:06.396-0400] {logging_mixin.py:190} INFO - 387 1728860759
[2024-10-13T19:06:06.397-0400] {logging_mixin.py:190} INFO - 388 1728860709
[2024-10-13T19:06:06.398-0400] {logging_mixin.py:190} INFO - 389 1728859265
[2024-10-13T19:06:06.399-0400] {logging_mixin.py:190} INFO - 390 1728860322
[2024-10-13T19:06:06.400-0400] {logging_mixin.py:190} INFO - 391 1728859128
[2024-10-13T19:06:06.401-0400] {logging_mixin.py:190} INFO - 392 1728856451
[2024-10-13T19:06:06.402-0400] {logging_mixin.py:190} INFO - 393 1728859691
[2024-10-13T19:06:06.403-0400] {logging_mixin.py:190} INFO - 394 1728860183
[2024-10-13T19:06:06.404-0400] {logging_mixin.py:190} INFO - 396 1728860654
[2024-10-13T19:06:06.404-0400] {logging_mixin.py:190} INFO - 397 1728858262
[2024-10-13T19:06:06.405-0400] {logging_mixin.py:190} INFO - 399 1728860501
[2024-10-13T19:06:06.405-0400] {logging_mixin.py:190} INFO - 400 1728860694
[2024-10-13T19:06:06.406-0400] {logging_mixin.py:190} INFO - 401 1728859983
[2024-10-13T19:06:06.407-0400] {logging_mixin.py:190} INFO - 403 1728859714
[2024-10-13T19:06:06.407-0400] {logging_mixin.py:190} INFO - 404 1728860210
[2024-10-13T19:06:06.408-0400] {logging_mixin.py:190} INFO - 406 1728860713
[2024-10-13T19:06:06.408-0400] {logging_mixin.py:190} INFO - 407 1728860596
[2024-10-13T19:06:06.409-0400] {logging_mixin.py:190} INFO - 408 1728860632
[2024-10-13T19:06:06.410-0400] {logging_mixin.py:190} INFO - 409 1728860159
[2024-10-13T19:06:06.411-0400] {logging_mixin.py:190} INFO - 413 1728860049
[2024-10-13T19:06:06.411-0400] {logging_mixin.py:190} INFO - 414 1728858977
[2024-10-13T19:06:06.412-0400] {logging_mixin.py:190} INFO - 417 1728860760
[2024-10-13T19:06:06.412-0400] {logging_mixin.py:190} INFO - 418 1728857000
[2024-10-13T19:06:06.413-0400] {logging_mixin.py:190} INFO - 419 1728858539
[2024-10-13T19:06:06.414-0400] {logging_mixin.py:190} INFO - 421 1728859804
[2024-10-13T19:06:06.414-0400] {logging_mixin.py:190} INFO - 422 1728860597
[2024-10-13T19:06:06.415-0400] {logging_mixin.py:190} INFO - 423 1728860257
[2024-10-13T19:06:06.415-0400] {logging_mixin.py:190} INFO - 424 1728859979
[2024-10-13T19:06:06.416-0400] {logging_mixin.py:190} INFO - 425 1728857879
[2024-10-13T19:06:06.417-0400] {logging_mixin.py:190} INFO - 426 1728859886
[2024-10-13T19:06:06.417-0400] {logging_mixin.py:190} INFO - 427 1728859277
[2024-10-13T19:06:06.418-0400] {logging_mixin.py:190} INFO - 428 1728860137
[2024-10-13T19:06:06.419-0400] {logging_mixin.py:190} INFO - 429 1728860531
[2024-10-13T19:06:06.419-0400] {logging_mixin.py:190} INFO - 430 1728860008
[2024-10-13T19:06:06.420-0400] {logging_mixin.py:190} INFO - 431 1728860285
[2024-10-13T19:06:06.421-0400] {logging_mixin.py:190} INFO - 432 1728860758
[2024-10-13T19:06:06.421-0400] {logging_mixin.py:190} INFO - 433 1728860749
[2024-10-13T19:06:06.422-0400] {logging_mixin.py:190} INFO - 437 1728859637
[2024-10-13T19:06:06.422-0400] {logging_mixin.py:190} INFO - 438 1728859243
[2024-10-13T19:06:06.423-0400] {logging_mixin.py:190} INFO - 439 1728859026
[2024-10-13T19:06:06.424-0400] {logging_mixin.py:190} INFO - 440 1728860448
[2024-10-13T19:06:06.424-0400] {logging_mixin.py:190} INFO - 441 1728856193
[2024-10-13T19:06:06.425-0400] {logging_mixin.py:190} INFO - 442 1728859796
[2024-10-13T19:06:06.426-0400] {logging_mixin.py:190} INFO - 443 1728853989
[2024-10-13T19:06:06.426-0400] {logging_mixin.py:190} INFO - 444 1728840483
[2024-10-13T19:06:06.427-0400] {logging_mixin.py:190} INFO - 445 1728853218
[2024-10-13T19:06:06.428-0400] {logging_mixin.py:190} INFO - 446 1728856170
[2024-10-13T19:06:06.429-0400] {logging_mixin.py:190} INFO - 447 1728859022
[2024-10-13T19:06:06.430-0400] {logging_mixin.py:190} INFO - 448 1728859955
[2024-10-13T19:06:06.431-0400] {logging_mixin.py:190} INFO - 452 1728860635
[2024-10-13T19:06:06.432-0400] {logging_mixin.py:190} INFO - 453 1728859606
[2024-10-13T19:06:06.433-0400] {logging_mixin.py:190} INFO - 454 1728859872
[2024-10-13T19:06:06.434-0400] {logging_mixin.py:190} INFO - 455 1728860309
[2024-10-13T19:06:06.435-0400] {logging_mixin.py:190} INFO - 456 1728859719
[2024-10-13T19:06:06.436-0400] {logging_mixin.py:190} INFO - 457 1728860624
[2024-10-13T19:06:06.437-0400] {logging_mixin.py:190} INFO - 458 1728859851
[2024-10-13T19:06:06.438-0400] {logging_mixin.py:190} INFO - 459 1728858557
[2024-10-13T19:06:06.439-0400] {logging_mixin.py:190} INFO - 460 1728859472
[2024-10-13T19:06:06.440-0400] {logging_mixin.py:190} INFO - 461 1728860557
[2024-10-13T19:06:06.440-0400] {logging_mixin.py:190} INFO - 462 1728661129
[2024-10-13T19:06:06.441-0400] {logging_mixin.py:190} INFO - 463 1728859111
[2024-10-13T19:06:06.442-0400] {logging_mixin.py:190} INFO - 464 1728858925
[2024-10-13T19:06:06.443-0400] {logging_mixin.py:190} INFO - 465 1728860523
[2024-10-13T19:06:06.444-0400] {logging_mixin.py:190} INFO - 466 1728858091
[2024-10-13T19:06:06.445-0400] {logging_mixin.py:190} INFO - 467 1728858696
[2024-10-13T19:06:06.445-0400] {logging_mixin.py:190} INFO - 468 1728850964
[2024-10-13T19:06:06.446-0400] {logging_mixin.py:190} INFO - 469 1728860046
[2024-10-13T19:06:06.447-0400] {logging_mixin.py:190} INFO - 470 1728857722
[2024-10-13T19:06:06.448-0400] {logging_mixin.py:190} INFO - 471 1728859886
[2024-10-13T19:06:06.449-0400] {logging_mixin.py:190} INFO - 472 1728860118
[2024-10-13T19:06:06.450-0400] {logging_mixin.py:190} INFO - 473 1728858598
[2024-10-13T19:06:06.451-0400] {logging_mixin.py:190} INFO - 474 1728859581
[2024-10-13T19:06:06.452-0400] {logging_mixin.py:190} INFO - 475 1728860628
[2024-10-13T19:06:06.453-0400] {logging_mixin.py:190} INFO - 476 1728859966
[2024-10-13T19:06:06.454-0400] {logging_mixin.py:190} INFO - 477 1728860747
[2024-10-13T19:06:06.455-0400] {logging_mixin.py:190} INFO - 478 1728859929
[2024-10-13T19:06:06.456-0400] {logging_mixin.py:190} INFO - 479 1728859820
[2024-10-13T19:06:06.457-0400] {logging_mixin.py:190} INFO - 480 1728860293
[2024-10-13T19:06:06.458-0400] {logging_mixin.py:190} INFO - 481 1728859610
[2024-10-13T19:06:06.459-0400] {logging_mixin.py:190} INFO - 482 1728860647
[2024-10-13T19:06:06.460-0400] {logging_mixin.py:190} INFO - 483 1728860714
[2024-10-13T19:06:06.461-0400] {logging_mixin.py:190} INFO - 484 1728860299
[2024-10-13T19:06:06.461-0400] {logging_mixin.py:190} INFO - 485 1728859769
[2024-10-13T19:06:06.462-0400] {logging_mixin.py:190} INFO - 486 1728859406
[2024-10-13T19:06:06.463-0400] {logging_mixin.py:190} INFO - 487 1728860760
[2024-10-13T19:06:06.464-0400] {logging_mixin.py:190} INFO - 489 1728860706
[2024-10-13T19:06:06.465-0400] {logging_mixin.py:190} INFO - 490 1728860561
[2024-10-13T19:06:06.466-0400] {logging_mixin.py:190} INFO - 491 1728859737
[2024-10-13T19:06:06.467-0400] {logging_mixin.py:190} INFO - 492 1728860312
[2024-10-13T19:06:06.468-0400] {logging_mixin.py:190} INFO - 493 1728857095
[2024-10-13T19:06:06.469-0400] {logging_mixin.py:190} INFO - 495 1728859913
[2024-10-13T19:06:06.470-0400] {logging_mixin.py:190} INFO - 496 1728860539
[2024-10-13T19:06:06.471-0400] {logging_mixin.py:190} INFO - 497 1728859480
[2024-10-13T19:06:06.471-0400] {logging_mixin.py:190} INFO - 498 1728860232
[2024-10-13T19:06:06.472-0400] {logging_mixin.py:190} INFO - 499 1728853886
[2024-10-13T19:06:06.473-0400] {logging_mixin.py:190} INFO - 500 1728859343
[2024-10-13T19:06:06.473-0400] {logging_mixin.py:190} INFO - 501 1728860021
[2024-10-13T19:06:06.474-0400] {logging_mixin.py:190} INFO - 502 1728858629
[2024-10-13T19:06:06.475-0400] {logging_mixin.py:190} INFO - 503 1728860522
[2024-10-13T19:06:06.476-0400] {logging_mixin.py:190} INFO - 504 1728859391
[2024-10-13T19:06:06.477-0400] {logging_mixin.py:190} INFO - 505 1728859584
[2024-10-13T19:06:06.477-0400] {logging_mixin.py:190} INFO - 508 1728860708
[2024-10-13T19:06:06.478-0400] {logging_mixin.py:190} INFO - 511 1728858703
[2024-10-13T19:06:06.479-0400] {logging_mixin.py:190} INFO - 512 1728858327
[2024-10-13T19:06:06.480-0400] {logging_mixin.py:190} INFO - 514 1728859186
[2024-10-13T19:06:06.481-0400] {logging_mixin.py:190} INFO - 515 1728856000
[2024-10-13T19:06:06.482-0400] {logging_mixin.py:190} INFO - 516 1728860657
[2024-10-13T19:06:06.483-0400] {logging_mixin.py:190} INFO - 517 1728859254
[2024-10-13T19:06:06.484-0400] {logging_mixin.py:190} INFO - 518 1728859643
[2024-10-13T19:06:06.484-0400] {logging_mixin.py:190} INFO - 519 1728860627
[2024-10-13T19:06:06.485-0400] {logging_mixin.py:190} INFO - 520 1728859850
[2024-10-13T19:06:06.486-0400] {logging_mixin.py:190} INFO - 521 1728858817
[2024-10-13T19:06:06.487-0400] {logging_mixin.py:190} INFO - 522 1728860037
[2024-10-13T19:06:06.487-0400] {logging_mixin.py:190} INFO - 523 1728858341
[2024-10-13T19:06:06.488-0400] {logging_mixin.py:190} INFO - 524 1728860147
[2024-10-13T19:06:06.489-0400] {logging_mixin.py:190} INFO - 525 1728859731
[2024-10-13T19:06:06.490-0400] {logging_mixin.py:190} INFO - 526 1728858768
[2024-10-13T19:06:06.491-0400] {logging_mixin.py:190} INFO - 527 1728859742
[2024-10-13T19:06:06.492-0400] {logging_mixin.py:190} INFO - 528 1728860379
[2024-10-13T19:06:06.492-0400] {logging_mixin.py:190} INFO - 529 1728860527
[2024-10-13T19:06:06.493-0400] {logging_mixin.py:190} INFO - 530 1728860452
[2024-10-13T19:06:06.494-0400] {logging_mixin.py:190} INFO - 531 1728860721
[2024-10-13T19:06:06.494-0400] {logging_mixin.py:190} INFO - 532 1728858146
[2024-10-13T19:06:06.495-0400] {logging_mixin.py:190} INFO - 533 1728860541
[2024-10-13T19:06:06.496-0400] {logging_mixin.py:190} INFO - 534 1728859771
[2024-10-13T19:06:06.496-0400] {logging_mixin.py:190} INFO - 535 1728860536
[2024-10-13T19:06:06.497-0400] {logging_mixin.py:190} INFO - 536 1728859233
[2024-10-13T19:06:06.498-0400] {logging_mixin.py:190} INFO - 537 1728860066
[2024-10-13T19:06:06.499-0400] {logging_mixin.py:190} INFO - 538 1728860504
[2024-10-13T19:06:06.499-0400] {logging_mixin.py:190} INFO - 539 1728860504
[2024-10-13T19:06:06.500-0400] {logging_mixin.py:190} INFO - 540 1728860413
[2024-10-13T19:06:06.501-0400] {logging_mixin.py:190} INFO - 541 1728860561
[2024-10-13T19:06:06.502-0400] {logging_mixin.py:190} INFO - 542 1728860617
[2024-10-13T19:06:06.503-0400] {logging_mixin.py:190} INFO - 543 1728860274
[2024-10-13T19:06:06.504-0400] {logging_mixin.py:190} INFO - 544 1728859034
[2024-10-13T19:06:06.505-0400] {logging_mixin.py:190} INFO - 545 1728860702
[2024-10-13T19:06:06.506-0400] {logging_mixin.py:190} INFO - 546 1728860759
[2024-10-13T19:06:06.507-0400] {logging_mixin.py:190} INFO - 547 1728860700
[2024-10-13T19:06:06.507-0400] {logging_mixin.py:190} INFO - 548 1728860047
[2024-10-13T19:06:06.508-0400] {logging_mixin.py:190} INFO - 549 1728860642
[2024-10-13T19:06:06.509-0400] {logging_mixin.py:190} INFO - 550 1728860293
[2024-10-13T19:06:06.510-0400] {logging_mixin.py:190} INFO - 551 1728860748
[2024-10-13T19:06:06.511-0400] {logging_mixin.py:190} INFO - 552 1728860363
[2024-10-13T19:06:06.512-0400] {logging_mixin.py:190} INFO - 553 1728860260
[2024-10-13T19:06:06.513-0400] {logging_mixin.py:190} INFO - 554 1728857864
[2024-10-13T19:06:06.514-0400] {logging_mixin.py:190} INFO - 555 1728859953
[2024-10-13T19:06:06.515-0400] {logging_mixin.py:190} INFO - 556 1728860620
[2024-10-13T19:06:06.516-0400] {logging_mixin.py:190} INFO - 557 1728860171
[2024-10-13T19:06:06.517-0400] {logging_mixin.py:190} INFO - 558 1728860713
[2024-10-13T19:06:06.518-0400] {logging_mixin.py:190} INFO - 559 1728860090
[2024-10-13T19:06:06.519-0400] {logging_mixin.py:190} INFO - 560 1728860631
[2024-10-13T19:06:06.520-0400] {logging_mixin.py:190} INFO - 561 1728858700
[2024-10-13T19:06:06.521-0400] {logging_mixin.py:190} INFO - 562 1728858471
[2024-10-13T19:06:06.522-0400] {logging_mixin.py:190} INFO - 563 1728859979
[2024-10-13T19:06:06.523-0400] {logging_mixin.py:190} INFO - 564 1728851862
[2024-10-13T19:06:06.524-0400] {logging_mixin.py:190} INFO - 565 1728856485
[2024-10-13T19:06:06.525-0400] {logging_mixin.py:190} INFO - 566 1728859364
[2024-10-13T19:06:06.525-0400] {logging_mixin.py:190} INFO - 567 1728858398
[2024-10-13T19:06:06.526-0400] {logging_mixin.py:190} INFO - 568 1728860754
[2024-10-13T19:06:06.527-0400] {logging_mixin.py:190} INFO - 569 1728858771
[2024-10-13T19:06:06.528-0400] {logging_mixin.py:190} INFO - 570 1728860341
[2024-10-13T19:06:06.529-0400] {logging_mixin.py:190} INFO - 571 1728860312
[2024-10-13T19:06:06.530-0400] {logging_mixin.py:190} INFO - 572 1728860729
[2024-10-13T19:06:06.531-0400] {logging_mixin.py:190} INFO - 573 1728860223
[2024-10-13T19:06:06.531-0400] {logging_mixin.py:190} INFO - 574 1728858824
[2024-10-13T19:06:06.532-0400] {logging_mixin.py:190} INFO - 575 1728860671
[2024-10-13T19:06:06.533-0400] {logging_mixin.py:190} INFO - 576 1728859639
[2024-10-13T19:06:06.534-0400] {logging_mixin.py:190} INFO - 577 1728858206
[2024-10-13T19:06:06.534-0400] {logging_mixin.py:190} INFO - 578 1728859812
[2024-10-13T19:06:06.535-0400] {logging_mixin.py:190} INFO - 579 1728860682
[2024-10-13T19:06:06.535-0400] {logging_mixin.py:190} INFO - 580 1728858455
[2024-10-13T19:06:06.536-0400] {logging_mixin.py:190} INFO - 581 1728860273
[2024-10-13T19:06:06.537-0400] {logging_mixin.py:190} INFO - 582 1728860399
[2024-10-13T19:06:06.538-0400] {logging_mixin.py:190} INFO - 583 1728859998
[2024-10-13T19:06:06.539-0400] {logging_mixin.py:190} INFO - 584 1728860747
[2024-10-13T19:06:06.540-0400] {logging_mixin.py:190} INFO - 585 1728860640
[2024-10-13T19:06:06.541-0400] {logging_mixin.py:190} INFO - 586 1728859963
[2024-10-13T19:06:06.541-0400] {logging_mixin.py:190} INFO - 587 1728860738
[2024-10-13T19:06:06.542-0400] {logging_mixin.py:190} INFO - 588 1728859863
[2024-10-13T19:06:06.543-0400] {logging_mixin.py:190} INFO - 589 1728860631
[2024-10-13T19:06:06.544-0400] {logging_mixin.py:190} INFO - 590 1728859629
[2024-10-13T19:06:06.545-0400] {logging_mixin.py:190} INFO - 591 1728860592
[2024-10-13T19:06:06.545-0400] {logging_mixin.py:190} INFO - 592 1728859924
[2024-10-13T19:06:06.547-0400] {logging_mixin.py:190} INFO - 593 1728860243
[2024-10-13T19:06:06.548-0400] {logging_mixin.py:190} INFO - 594 1728859520
[2024-10-13T19:06:06.549-0400] {logging_mixin.py:190} INFO - 595 1728860554
[2024-10-13T19:06:06.550-0400] {logging_mixin.py:190} INFO - 605 1728858752
[2024-10-13T19:06:06.551-0400] {logging_mixin.py:190} INFO - 606 1728860672
[2024-10-13T19:06:06.551-0400] {logging_mixin.py:190} INFO - 607 1728860268
[2024-10-13T19:06:06.552-0400] {logging_mixin.py:190} INFO - 608 1728860531
[2024-10-13T19:06:06.553-0400] {logging_mixin.py:190} INFO - 609 1728860493
[2024-10-13T19:06:06.554-0400] {logging_mixin.py:190} INFO - 610 1728860694
[2024-10-13T19:06:06.555-0400] {logging_mixin.py:190} INFO - 611 1728860527
[2024-10-13T19:06:06.556-0400] {logging_mixin.py:190} INFO - 612 1728854419
[2024-10-13T19:06:06.557-0400] {logging_mixin.py:190} INFO - 613 1728853870
[2024-10-13T19:06:06.558-0400] {logging_mixin.py:190} INFO - 614 1728856956
[2024-10-13T19:06:06.559-0400] {logging_mixin.py:190} INFO - 617 1728859601
[2024-10-13T19:06:06.560-0400] {logging_mixin.py:190} INFO - 618 1728859955
[2024-10-13T19:06:06.561-0400] {logging_mixin.py:190} INFO - 619 1728860560
[2024-10-13T19:06:06.562-0400] {logging_mixin.py:190} INFO - 620 1728860625
[2024-10-13T19:06:06.563-0400] {logging_mixin.py:190} INFO - 621 1728856463
[2024-10-13T19:06:06.564-0400] {logging_mixin.py:190} INFO - 622 1728860371
[2024-10-13T19:06:06.565-0400] {logging_mixin.py:190} INFO - 623 1728860198
[2024-10-13T19:06:06.566-0400] {logging_mixin.py:190} INFO - 624 1728854326
[2024-10-13T19:06:06.567-0400] {logging_mixin.py:190} INFO - 625 1728860395
[2024-10-13T19:06:06.567-0400] {logging_mixin.py:190} INFO - 626 1728859066
[2024-10-13T19:06:06.568-0400] {logging_mixin.py:190} INFO - 627 1728860144
[2024-10-13T19:06:06.570-0400] {logging_mixin.py:190} INFO - 628 1728860514
[2024-10-13T19:06:06.571-0400] {logging_mixin.py:190} INFO - 629 1728857431
[2024-10-13T19:06:06.571-0400] {logging_mixin.py:190} INFO - 630 1728858408
[2024-10-13T19:06:06.572-0400] {logging_mixin.py:190} INFO - 631 1728858143
[2024-10-13T19:06:06.573-0400] {logging_mixin.py:190} INFO - 632 1728859241
[2024-10-13T19:06:06.574-0400] {logging_mixin.py:190} INFO - 633 1728850624
[2024-10-13T19:06:06.575-0400] {logging_mixin.py:190} INFO - 634 1728859212
[2024-10-13T19:06:06.576-0400] {logging_mixin.py:190} INFO - 635 1728860121
[2024-10-13T19:06:06.577-0400] {logging_mixin.py:190} INFO - 636 1728855842
[2024-10-13T19:06:06.578-0400] {logging_mixin.py:190} INFO - 637 1728846385
[2024-10-13T19:06:06.579-0400] {logging_mixin.py:190} INFO - 638 1728855805
[2024-10-13T19:06:06.580-0400] {logging_mixin.py:190} INFO - 639 1728859006
[2024-10-13T19:06:06.581-0400] {logging_mixin.py:190} INFO - 640 1728858626
[2024-10-13T19:06:06.582-0400] {logging_mixin.py:190} INFO - 641 1728860627
[2024-10-13T19:06:06.583-0400] {logging_mixin.py:190} INFO - 642 1728856952
[2024-10-13T19:06:06.584-0400] {logging_mixin.py:190} INFO - 643 1728860614
[2024-10-13T19:06:06.585-0400] {logging_mixin.py:190} INFO - 644 1728859902
[2024-10-13T19:06:06.586-0400] {logging_mixin.py:190} INFO - 645 1728855258
[2024-10-13T19:06:06.587-0400] {logging_mixin.py:190} INFO - 646 1728860562
[2024-10-13T19:06:06.588-0400] {logging_mixin.py:190} INFO - 647 1728860394
[2024-10-13T19:06:06.589-0400] {logging_mixin.py:190} INFO - 648 1728858769
[2024-10-13T19:06:06.589-0400] {logging_mixin.py:190} INFO - 649 1728859539
[2024-10-13T19:06:06.590-0400] {logging_mixin.py:190} INFO - 650 1728851653
[2024-10-13T19:06:06.591-0400] {logging_mixin.py:190} INFO - 651 1728860441
[2024-10-13T19:06:06.592-0400] {logging_mixin.py:190} INFO - 652 1728859356
[2024-10-13T19:06:06.593-0400] {logging_mixin.py:190} INFO - 653 1728858245
[2024-10-13T19:06:06.594-0400] {logging_mixin.py:190} INFO - 654 1728860176
[2024-10-13T19:06:06.595-0400] {logging_mixin.py:190} INFO - 655 1728853640
[2024-10-13T19:06:06.596-0400] {logging_mixin.py:190} INFO - 656 1728860683
[2024-10-13T19:06:06.596-0400] {logging_mixin.py:190} INFO - 657 1728854324
[2024-10-13T19:06:06.597-0400] {logging_mixin.py:190} INFO - 658 1728858084
[2024-10-13T19:06:06.598-0400] {logging_mixin.py:190} INFO - 659 1728860733
[2024-10-13T19:06:06.599-0400] {logging_mixin.py:190} INFO - 660 1728859876
[2024-10-13T19:06:06.599-0400] {logging_mixin.py:190} INFO - 661 1728859212
[2024-10-13T19:06:06.600-0400] {logging_mixin.py:190} INFO - 662 1728827473
[2024-10-13T19:06:06.601-0400] {logging_mixin.py:190} INFO - 663 1728860214
[2024-10-13T19:06:06.602-0400] {logging_mixin.py:190} INFO - 664 1728860141
[2024-10-13T19:06:06.603-0400] {logging_mixin.py:190} INFO - 665 1728859206
[2024-10-13T19:06:06.604-0400] {logging_mixin.py:190} INFO - 666 1728852528
[2024-10-13T19:06:06.604-0400] {logging_mixin.py:190} INFO - 667 1728860568
[2024-10-13T19:06:06.605-0400] {logging_mixin.py:190} INFO - 668 1728859665
[2024-10-13T19:06:06.606-0400] {logging_mixin.py:190} INFO - 669 1728852449
[2024-10-13T19:06:06.606-0400] {logging_mixin.py:190} INFO - 670 1728859739
[2024-10-13T19:06:06.607-0400] {logging_mixin.py:190} INFO - 671 1728860626
[2024-10-13T19:06:06.608-0400] {logging_mixin.py:190} INFO - 672 1728858317
[2024-10-13T19:06:06.609-0400] {logging_mixin.py:190} INFO - 673 1728856881
[2024-10-13T19:06:06.609-0400] {logging_mixin.py:190} INFO - 674 1728860449
[2024-10-13T19:06:06.610-0400] {logging_mixin.py:190} INFO - 675 1728860289
[2024-10-13T19:06:06.611-0400] {logging_mixin.py:190} INFO - 676 1728860000
[2024-10-13T19:06:06.612-0400] {logging_mixin.py:190} INFO - 681 1728860592
[2024-10-13T19:06:06.613-0400] {logging_mixin.py:190} INFO - 682 1728854077
[2024-10-13T19:06:06.614-0400] {logging_mixin.py:190} INFO - 683 1728841475
[2024-10-13T19:06:06.615-0400] {logging_mixin.py:190} INFO - 684 1728856351
[2024-10-13T19:06:06.616-0400] {logging_mixin.py:190} INFO - 685 1728856310
[2024-10-13T19:06:06.616-0400] {logging_mixin.py:190} INFO - 686 1728843635
[2024-10-13T19:06:06.617-0400] {logging_mixin.py:190} INFO - 687 1728853205
[2024-10-13T19:06:06.618-0400] {logging_mixin.py:190} INFO - 688 1728856620
[2024-10-13T19:06:06.619-0400] {logging_mixin.py:190} INFO - 692 1728860608
[2024-10-13T19:06:06.620-0400] {logging_mixin.py:190} INFO - 693 1728791696
[2024-10-13T19:06:06.621-0400] {logging_mixin.py:190} INFO - 694 1728860759
[2024-10-13T19:06:06.622-0400] {logging_mixin.py:190} INFO - 695 1728860525
[2024-10-13T19:06:06.623-0400] {logging_mixin.py:190} INFO - 696 1728860462
[2024-10-13T19:06:06.623-0400] {logging_mixin.py:190} INFO - 697 1728860698
[2024-10-13T19:06:06.624-0400] {logging_mixin.py:190} INFO - 698 1728860612
[2024-10-13T19:06:06.625-0400] {logging_mixin.py:190} INFO - 699 1728860569
[2024-10-13T19:06:06.626-0400] {logging_mixin.py:190} INFO - 700 1728860729
[2024-10-13T19:06:06.627-0400] {logging_mixin.py:190} INFO - 701 1728860620
[2024-10-13T19:06:06.628-0400] {logging_mixin.py:190} INFO - 702 1728860707
[2024-10-13T19:06:06.629-0400] {logging_mixin.py:190} INFO - 703 1728860454
[2024-10-13T19:06:06.630-0400] {logging_mixin.py:190} INFO - 704 1728860593
[2024-10-13T19:06:06.631-0400] {logging_mixin.py:190} INFO - 705 1728860622
[2024-10-13T19:06:06.631-0400] {logging_mixin.py:190} INFO - 706 1728860656
[2024-10-13T19:06:06.632-0400] {logging_mixin.py:190} INFO - 707 1728860663
[2024-10-13T19:06:06.633-0400] {logging_mixin.py:190} INFO - 708 1728860715
[2024-10-13T19:06:06.634-0400] {logging_mixin.py:190} INFO - 709 1728860437
[2024-10-13T19:06:06.635-0400] {logging_mixin.py:190} INFO - 710 1728860617
[2024-10-13T19:06:06.636-0400] {logging_mixin.py:190} INFO - 711 1728860629
[2024-10-13T19:06:06.636-0400] {logging_mixin.py:190} INFO - 712 1728860478
[2024-10-13T19:06:06.637-0400] {logging_mixin.py:190} INFO - 716 1728860710
[2024-10-13T19:06:06.638-0400] {logging_mixin.py:190} INFO - 717 1728860748
[2024-10-13T19:06:06.638-0400] {logging_mixin.py:190} INFO - 718 1728860617
[2024-10-13T19:06:06.639-0400] {logging_mixin.py:190} INFO - 719 1728860608
[2024-10-13T19:06:06.639-0400] {logging_mixin.py:190} INFO - 720 1728860538
[2024-10-13T19:06:06.640-0400] {logging_mixin.py:190} INFO - 721 1728860611
[2024-10-13T19:06:06.641-0400] {logging_mixin.py:190} INFO - 722 1728860573
[2024-10-13T19:06:06.643-0400] {logging_mixin.py:190} INFO - 723 1728860507
[2024-10-13T19:06:06.643-0400] {logging_mixin.py:190} INFO - 724 1728860748
[2024-10-13T19:06:06.644-0400] {logging_mixin.py:190} INFO - 725 1728860666
[2024-10-13T19:06:06.645-0400] {logging_mixin.py:190} INFO - 726 1728860630
[2024-10-13T19:06:06.646-0400] {logging_mixin.py:190} INFO - 727 1728860692
[2024-10-13T19:06:06.647-0400] {logging_mixin.py:190} INFO - 728 1728860612
[2024-10-13T19:06:06.647-0400] {logging_mixin.py:190} INFO - 729 1728860689
[2024-10-13T19:06:06.648-0400] {logging_mixin.py:190} INFO - 730 1728860731
[2024-10-13T19:06:06.649-0400] {logging_mixin.py:190} INFO - 731 1728860667
[2024-10-13T19:06:06.649-0400] {logging_mixin.py:190} INFO - 732 1728860682
[2024-10-13T19:06:06.650-0400] {logging_mixin.py:190} INFO - 733 1728860711
[2024-10-13T19:06:06.652-0400] {logging_mixin.py:190} INFO - 734 1728860360
[2024-10-13T19:06:06.652-0400] {logging_mixin.py:190} INFO - 735 1728860526
[2024-10-13T19:06:06.653-0400] {logging_mixin.py:190} INFO - 736 1728860586
[2024-10-13T19:06:06.654-0400] {logging_mixin.py:190} INFO - 737 1728860599
[2024-10-13T19:06:06.654-0400] {logging_mixin.py:190} INFO - 738 1728860582
[2024-10-13T19:06:06.655-0400] {logging_mixin.py:190} INFO - 739 1728860492
[2024-10-13T19:06:06.656-0400] {logging_mixin.py:190} INFO - 740 1728860535
[2024-10-13T19:06:06.657-0400] {logging_mixin.py:190} INFO - 741 1728860713
[2024-10-13T19:06:06.658-0400] {logging_mixin.py:190} INFO - 742 1728860712
[2024-10-13T19:06:06.659-0400] {logging_mixin.py:190} INFO - 743 1728860587
[2024-10-13T19:06:06.660-0400] {logging_mixin.py:190} INFO - 744 1728860599
[2024-10-13T19:06:06.661-0400] {logging_mixin.py:190} INFO - 745 1728860682
[2024-10-13T19:06:06.662-0400] {logging_mixin.py:190} INFO - 746 1728860602
[2024-10-13T19:06:06.663-0400] {logging_mixin.py:190} INFO - 747 1728860705
[2024-10-13T19:06:06.664-0400] {logging_mixin.py:190} INFO - 748 1728860511
[2024-10-13T19:06:06.665-0400] {logging_mixin.py:190} INFO - 749 1728860611
[2024-10-13T19:06:06.666-0400] {logging_mixin.py:190} INFO - 750 1728860587
[2024-10-13T19:06:06.667-0400] {logging_mixin.py:190} INFO - 751 1728860552
[2024-10-13T19:06:06.668-0400] {logging_mixin.py:190} INFO - 752 1728860550
[2024-10-13T19:06:06.668-0400] {logging_mixin.py:190} INFO - 753 1728860695
[2024-10-13T19:06:06.669-0400] {logging_mixin.py:190} INFO - 754 1728860738
[2024-10-13T19:06:06.670-0400] {logging_mixin.py:190} INFO - 755 1728860504
[2024-10-13T19:06:06.670-0400] {logging_mixin.py:190} INFO - 756 1728860525
[2024-10-13T19:06:06.671-0400] {logging_mixin.py:190} INFO - 757 1728860583
[2024-10-13T19:06:06.672-0400] {logging_mixin.py:190} INFO - 758 1728860562
[2024-10-13T19:06:06.672-0400] {logging_mixin.py:190} INFO - 759 1728860738
[2024-10-13T19:06:06.674-0400] {logging_mixin.py:190} INFO - 760 1728860628
[2024-10-13T19:06:06.675-0400] {logging_mixin.py:190} INFO - 761 1728860477
[2024-10-13T19:06:06.676-0400] {logging_mixin.py:190} INFO - 762 1728860706
[2024-10-13T19:06:06.677-0400] {logging_mixin.py:190} INFO - 768 1728860745
[2024-10-13T19:06:06.678-0400] {logging_mixin.py:190} INFO - 769 1728860740
[2024-10-13T19:06:06.678-0400] {logging_mixin.py:190} INFO - 770 1728860616
[2024-10-13T19:06:06.679-0400] {logging_mixin.py:190} INFO - 771 1728860512
[2024-10-13T19:06:06.680-0400] {logging_mixin.py:190} INFO - 772 1728860681
[2024-10-13T19:06:06.681-0400] {logging_mixin.py:190} INFO - 773 1728860640
[2024-10-13T19:06:06.682-0400] {logging_mixin.py:190} INFO - 774 1728860703
[2024-10-13T19:06:06.683-0400] {logging_mixin.py:190} INFO - 775 1728860512
[2024-10-13T19:06:06.684-0400] {logging_mixin.py:190} INFO - 776 1728860475
[2024-10-13T19:06:06.685-0400] {logging_mixin.py:190} INFO - 777 1728860501
[2024-10-13T19:06:06.686-0400] {logging_mixin.py:190} INFO - 778 1728860471
[2024-10-13T19:06:06.687-0400] {logging_mixin.py:190} INFO - 779 1728860463
[2024-10-13T19:06:06.688-0400] {logging_mixin.py:190} INFO - 780 1728860586
[2024-10-13T19:06:06.689-0400] {logging_mixin.py:190} INFO - 781 1728860575
[2024-10-13T19:06:06.690-0400] {logging_mixin.py:190} INFO - 782 1728860557
[2024-10-13T19:06:06.691-0400] {logging_mixin.py:190} INFO - 783 1728860567
[2024-10-13T19:06:06.692-0400] {logging_mixin.py:190} INFO - 784 1728860636
[2024-10-13T19:06:06.693-0400] {logging_mixin.py:190} INFO - 785 1728860655
[2024-10-13T19:06:06.694-0400] {logging_mixin.py:190} INFO - 786 1728860672
[2024-10-13T19:06:06.695-0400] {logging_mixin.py:190} INFO - 787 1728860530
[2024-10-13T19:06:06.696-0400] {logging_mixin.py:190} INFO - 788 1728860633
[2024-10-13T19:06:06.697-0400] {logging_mixin.py:190} INFO - 789 1728860611
[2024-10-13T19:06:06.698-0400] {logging_mixin.py:190} INFO - 790 1728860708
[2024-10-13T19:06:06.699-0400] {logging_mixin.py:190} INFO - 791 1728860640
[2024-10-13T19:06:06.699-0400] {logging_mixin.py:190} INFO - 793 1728860660
[2024-10-13T19:06:06.700-0400] {logging_mixin.py:190} INFO - 794 1728860699
[2024-10-13T19:06:06.701-0400] {logging_mixin.py:190} INFO - 795 1728860646
[2024-10-13T19:06:06.702-0400] {logging_mixin.py:190} INFO - 796 1728860491
[2024-10-13T19:06:06.703-0400] {logging_mixin.py:190} INFO - 797 1728860588
[2024-10-13T19:06:06.704-0400] {logging_mixin.py:190} INFO - 798 1728860512
[2024-10-13T19:06:06.705-0400] {logging_mixin.py:190} INFO - 799 1728860603
[2024-10-13T19:06:06.706-0400] {logging_mixin.py:190} INFO - 800 1728860464
[2024-10-13T19:06:06.707-0400] {logging_mixin.py:190} INFO - 801 1728860690
[2024-10-13T19:06:06.708-0400] {logging_mixin.py:190} INFO - 802 1728860725
[2024-10-13T19:06:06.709-0400] {logging_mixin.py:190} INFO - 803 1728860667
[2024-10-13T19:06:06.710-0400] {logging_mixin.py:190} INFO - 806 1728860635
[2024-10-13T19:06:06.711-0400] {logging_mixin.py:190} INFO - 807 1728860663
[2024-10-13T19:06:06.712-0400] {logging_mixin.py:190} INFO - 808 1728860532
[2024-10-13T19:06:06.713-0400] {logging_mixin.py:190} INFO - 809 1728860511
[2024-10-13T19:06:06.714-0400] {logging_mixin.py:190} INFO - 810 1728860684
[2024-10-13T19:06:06.715-0400] {logging_mixin.py:190} INFO - 815 1728860548
[2024-10-13T19:06:06.716-0400] {logging_mixin.py:190} INFO - 816 1728860681
[2024-10-13T19:06:06.717-0400] {logging_mixin.py:190} INFO - 817 1728860482
[2024-10-13T19:06:06.718-0400] {logging_mixin.py:190} INFO - 818 1728860600
[2024-10-13T19:06:06.719-0400] {logging_mixin.py:190} INFO - 819 1728860760
[2024-10-13T19:06:06.719-0400] {logging_mixin.py:190} INFO - 820 1728860503
[2024-10-13T19:06:06.720-0400] {logging_mixin.py:190} INFO - 821 1728860549
[2024-10-13T19:06:06.721-0400] {logging_mixin.py:190} INFO - 822 1728860602
[2024-10-13T19:06:06.722-0400] {logging_mixin.py:190} INFO - 823 1728860629
[2024-10-13T19:06:06.723-0400] {logging_mixin.py:190} INFO - 824 1728860700
[2024-10-13T19:06:06.724-0400] {logging_mixin.py:190} INFO - 825 1728860597
[2024-10-13T19:06:06.725-0400] {logging_mixin.py:190} INFO - 826 1728860742
[2024-10-13T19:06:06.726-0400] {logging_mixin.py:190} INFO - 827 1728859613
[2024-10-13T19:06:06.727-0400] {logging_mixin.py:190} INFO - 828 1728860532
[2024-10-13T19:06:06.728-0400] {logging_mixin.py:190} INFO - 829 1728860519
[2024-10-13T19:06:06.729-0400] {logging_mixin.py:190} INFO - 830 1728860635
[2024-10-13T19:06:06.730-0400] {logging_mixin.py:190} INFO - 831 1728860734
[2024-10-13T19:06:06.731-0400] {logging_mixin.py:190} INFO - 832 1728860527
[2024-10-13T19:06:06.731-0400] {logging_mixin.py:190} INFO - 833 1728860632
[2024-10-13T19:06:06.732-0400] {logging_mixin.py:190} INFO - 834 1728860728
[2024-10-13T19:06:06.733-0400] {logging_mixin.py:190} INFO - 835 1728823460
[2024-10-13T19:06:06.734-0400] {logging_mixin.py:190} INFO - 836 1728860687
[2024-10-13T19:06:06.735-0400] {logging_mixin.py:190} INFO - 837 1728860713
[2024-10-13T19:06:06.736-0400] {logging_mixin.py:190} INFO - 838 1728860705
[2024-10-13T19:06:06.736-0400] {logging_mixin.py:190} INFO - 839 1728860561
[2024-10-13T19:06:06.737-0400] {logging_mixin.py:190} INFO - 840 1728860526
[2024-10-13T19:06:06.738-0400] {logging_mixin.py:190} INFO - 841 1728860483
[2024-10-13T19:06:06.739-0400] {logging_mixin.py:190} INFO - 842 1728860610
[2024-10-13T19:06:06.740-0400] {logging_mixin.py:190} INFO - 843 1728860515
[2024-10-13T19:06:06.740-0400] {logging_mixin.py:190} INFO - 844 1728860655
[2024-10-13T19:06:06.741-0400] {logging_mixin.py:190} INFO - 845 1728860549
[2024-10-13T19:06:06.742-0400] {logging_mixin.py:190} INFO - 846 1728860506
[2024-10-13T19:06:06.743-0400] {logging_mixin.py:190} INFO - 847 1728860536
[2024-10-13T19:06:06.744-0400] {logging_mixin.py:190} INFO - 848 1728860700
[2024-10-13T19:06:06.744-0400] {logging_mixin.py:190} INFO - 849 1728860664
[2024-10-13T19:06:06.745-0400] {logging_mixin.py:190} INFO - 850 1728860459
[2024-10-13T19:06:06.746-0400] {logging_mixin.py:190} INFO - 851 1728860490
[2024-10-13T19:06:06.747-0400] {logging_mixin.py:190} INFO - 852 1728860469
[2024-10-13T19:06:06.748-0400] {logging_mixin.py:190} INFO - 853 1728705308
[2024-10-13T19:06:06.749-0400] {logging_mixin.py:190} INFO - 854 1728860701
[2024-10-13T19:06:06.750-0400] {logging_mixin.py:190} INFO - 855 1728860584
[2024-10-13T19:06:06.751-0400] {logging_mixin.py:190} INFO - 857 1728860748
[2024-10-13T19:06:06.751-0400] {logging_mixin.py:190} INFO - 858 1728860693
[2024-10-13T19:06:06.752-0400] {logging_mixin.py:190} INFO - 859 1728860508
[2024-10-13T19:06:06.753-0400] {logging_mixin.py:190} INFO - 860 1728860723
[2024-10-13T19:06:06.754-0400] {logging_mixin.py:190} INFO - 861 1728860611
[2024-10-13T19:06:06.755-0400] {logging_mixin.py:190} INFO - 862 1728860493
[2024-10-13T19:06:06.756-0400] {logging_mixin.py:190} INFO - 863 1728860661
[2024-10-13T19:06:06.756-0400] {logging_mixin.py:190} INFO - 866 1728860708
[2024-10-13T19:06:06.757-0400] {logging_mixin.py:190} INFO - 867 1728791982
[2024-10-13T19:06:06.759-0400] {logging_mixin.py:190} INFO - 868 1728860628
[2024-10-13T19:06:06.760-0400] {logging_mixin.py:190} INFO - 870 1728860537
[2024-10-13T19:06:06.761-0400] {logging_mixin.py:190} INFO - 871 1728619102
[2024-10-13T19:06:06.762-0400] {logging_mixin.py:190} INFO - 872 1728860526
[2024-10-13T19:06:06.763-0400] {logging_mixin.py:190} INFO - 873 1728860607
[2024-10-13T19:06:06.764-0400] {logging_mixin.py:190} INFO - 874 1728860555
[2024-10-13T19:06:06.765-0400] {logging_mixin.py:190} INFO - 875 1728860570
[2024-10-13T19:06:06.765-0400] {logging_mixin.py:190} INFO - 877 1728860685
[2024-10-13T19:06:06.766-0400] {logging_mixin.py:190} INFO - 878 1728860492
[2024-10-13T19:06:06.767-0400] {logging_mixin.py:190} INFO - 879 1728860704
[2024-10-13T19:06:06.768-0400] {logging_mixin.py:190} INFO - 880 1728860510
[2024-10-13T19:06:06.769-0400] {logging_mixin.py:190} INFO - 881 1728860521
[2024-10-13T19:06:06.770-0400] {logging_mixin.py:190} INFO - 882 1728860694
[2024-10-13T19:06:06.771-0400] {logging_mixin.py:190} INFO - 883 1728860557
[2024-10-13T19:06:06.772-0400] {logging_mixin.py:190} INFO - 884 1728860693
[2024-10-13T19:06:06.773-0400] {logging_mixin.py:190} INFO - 885 1728860593
[2024-10-13T19:06:06.773-0400] {logging_mixin.py:190} INFO - 886 1728860527
[2024-10-13T19:06:06.774-0400] {logging_mixin.py:190} INFO - 887 1728860514
[2024-10-13T19:06:06.776-0400] {logging_mixin.py:190} INFO - 888 1728860735
[2024-10-13T19:06:06.777-0400] {logging_mixin.py:190} INFO - 889 1728860472
[2024-10-13T19:06:06.778-0400] {logging_mixin.py:190} INFO - 890 1728860467
[2024-10-13T19:06:06.779-0400] {logging_mixin.py:190} INFO - 891 1728860750
[2024-10-13T19:06:06.780-0400] {logging_mixin.py:190} INFO - 892 1728860519
[2024-10-13T19:06:06.781-0400] {logging_mixin.py:190} INFO - 895 1728860465
[2024-10-13T19:06:06.782-0400] {logging_mixin.py:190} INFO - 896 1728860699
[2024-10-13T19:06:06.783-0400] {logging_mixin.py:190} INFO - 897 1728860610
[2024-10-13T19:06:06.784-0400] {logging_mixin.py:190} INFO - 898 1728860525
[2024-10-13T19:06:06.785-0400] {logging_mixin.py:190} INFO - 899 1728860459
[2024-10-13T19:06:06.785-0400] {logging_mixin.py:190} INFO - 900 1728860745
[2024-10-13T19:06:06.786-0400] {logging_mixin.py:190} INFO - 901 1728860529
[2024-10-13T19:06:06.788-0400] {logging_mixin.py:190} INFO - 902 1728860715
[2024-10-13T19:06:06.789-0400] {logging_mixin.py:190} INFO - 903 1728860661
[2024-10-13T19:06:06.789-0400] {logging_mixin.py:190} INFO - 904 1728860505
[2024-10-13T19:06:06.790-0400] {logging_mixin.py:190} INFO - 905 1728860699
[2024-10-13T19:06:06.791-0400] {logging_mixin.py:190} INFO - 906 1728860511
[2024-10-13T19:06:06.792-0400] {logging_mixin.py:190} INFO - 907 1728860732
[2024-10-13T19:06:06.793-0400] {logging_mixin.py:190} INFO - 908 1728860494
[2024-10-13T19:06:06.794-0400] {logging_mixin.py:190} INFO - 909 1728860633
[2024-10-13T19:06:06.795-0400] {logging_mixin.py:190} INFO - 910 1728860744
[2024-10-13T19:06:06.796-0400] {logging_mixin.py:190} INFO - 911 1728860547
[2024-10-13T19:06:06.797-0400] {logging_mixin.py:190} INFO - 912 1728860638
[2024-10-13T19:06:06.798-0400] {logging_mixin.py:190} INFO - 913 1728860560
[2024-10-13T19:06:06.799-0400] {logging_mixin.py:190} INFO - 914 1728860464
[2024-10-13T19:06:06.800-0400] {logging_mixin.py:190} INFO - 915 1728860560
[2024-10-13T19:06:06.801-0400] {logging_mixin.py:190} INFO - 916 1728860737
[2024-10-13T19:06:06.802-0400] {logging_mixin.py:190} INFO - 917 1728860534
[2024-10-13T19:06:06.803-0400] {logging_mixin.py:190} INFO - 918 1728860604
[2024-10-13T19:06:06.804-0400] {logging_mixin.py:190} INFO - 919 1728860751
[2024-10-13T19:06:06.805-0400] {logging_mixin.py:190} INFO - 920 1728860602
[2024-10-13T19:06:06.805-0400] {logging_mixin.py:190} INFO - 921 1728860719
[2024-10-13T19:06:06.806-0400] {logging_mixin.py:190} INFO - 922 1728860572
[2024-10-13T19:06:06.807-0400] {logging_mixin.py:190} INFO - 923 1728860493
[2024-10-13T19:06:06.808-0400] {logging_mixin.py:190} INFO - 924 1728860606
[2024-10-13T19:06:06.809-0400] {logging_mixin.py:190} INFO - 925 1728860515
[2024-10-13T19:06:06.810-0400] {logging_mixin.py:190} INFO - 926 1728860690
[2024-10-13T19:06:06.811-0400] {logging_mixin.py:190} INFO - 927 1728860726
[2024-10-13T19:06:06.812-0400] {logging_mixin.py:190} INFO - 928 1728860729
[2024-10-13T19:06:06.813-0400] {logging_mixin.py:190} INFO - 929 1728860749
[2024-10-13T19:06:06.814-0400] {logging_mixin.py:190} INFO - 930 1728860483
[2024-10-13T19:06:06.815-0400] {logging_mixin.py:190} INFO - 931 1728860738
[2024-10-13T19:06:06.816-0400] {logging_mixin.py:190} INFO - 932 1728860466
[2024-10-13T19:06:06.817-0400] {logging_mixin.py:190} INFO - 933 1728860598
[2024-10-13T19:06:06.818-0400] {logging_mixin.py:190} INFO - 934 1728860754
[2024-10-13T19:06:06.819-0400] {logging_mixin.py:190} INFO - 935 1728860501
[2024-10-13T19:06:06.820-0400] {logging_mixin.py:190} INFO - 936 1728860641
[2024-10-13T19:06:06.821-0400] {logging_mixin.py:190} INFO - 940 1728860154
[2024-10-13T19:06:06.822-0400] {logging_mixin.py:190} INFO - 941 1728860629
[2024-10-13T19:06:06.822-0400] {logging_mixin.py:190} INFO - 942 1728860519
[2024-10-13T19:06:06.823-0400] {logging_mixin.py:190} INFO - 943 1728860707
[2024-10-13T19:06:06.823-0400] {logging_mixin.py:190} INFO - 944 1728860447
[2024-10-13T19:06:06.824-0400] {logging_mixin.py:190} INFO - 945 1728860540
[2024-10-13T19:06:06.825-0400] {logging_mixin.py:190} INFO - 946 1728860494
[2024-10-13T19:06:06.826-0400] {logging_mixin.py:190} INFO - 947 1728860560
[2024-10-13T19:06:06.827-0400] {logging_mixin.py:190} INFO - 948 1728860495
[2024-10-13T19:06:06.828-0400] {logging_mixin.py:190} INFO - 949 1728860681
[2024-10-13T19:06:06.829-0400] {logging_mixin.py:190} INFO - 950 1728860588
[2024-10-13T19:06:06.829-0400] {logging_mixin.py:190} INFO - 951 1728860623
[2024-10-13T19:06:06.830-0400] {logging_mixin.py:190} INFO - 952 1728860535
[2024-10-13T19:06:06.831-0400] {logging_mixin.py:190} INFO - 953 1728860728
[2024-10-13T19:06:06.832-0400] {logging_mixin.py:190} INFO - 954 1728860576
[2024-10-13T19:06:06.833-0400] {logging_mixin.py:190} INFO - 955 1728860680
[2024-10-13T19:06:06.834-0400] {logging_mixin.py:190} INFO - 956 1728860671
[2024-10-13T19:06:06.835-0400] {logging_mixin.py:190} INFO - 957 1728860604
[2024-10-13T19:06:06.836-0400] {logging_mixin.py:190} INFO - 958 1728860493
[2024-10-13T19:06:06.836-0400] {logging_mixin.py:190} INFO - 959 1728860627
[2024-10-13T19:06:06.837-0400] {logging_mixin.py:190} INFO - 960 1728860627
[2024-10-13T19:06:06.838-0400] {logging_mixin.py:190} INFO - 961 1728860642
[2024-10-13T19:06:06.838-0400] {logging_mixin.py:190} INFO - 962 1728860619
[2024-10-13T19:06:06.839-0400] {logging_mixin.py:190} INFO - 963 1728860701
[2024-10-13T19:06:06.840-0400] {logging_mixin.py:190} INFO - 964 1728860661
[2024-10-13T19:06:06.840-0400] {logging_mixin.py:190} INFO - 965 1728860467
[2024-10-13T19:06:06.841-0400] {logging_mixin.py:190} INFO - 966 1728860578
[2024-10-13T19:06:06.842-0400] {logging_mixin.py:190} INFO - 967 1728860485
[2024-10-13T19:06:06.843-0400] {logging_mixin.py:190} INFO - 968 1728860502
[2024-10-13T19:06:06.843-0400] {logging_mixin.py:190} INFO - 969 1728860471
[2024-10-13T19:06:06.844-0400] {logging_mixin.py:190} INFO - 970 1728860543
[2024-10-13T19:06:06.845-0400] {logging_mixin.py:190} INFO - 971 1728860627
[2024-10-13T19:06:06.847-0400] {logging_mixin.py:190} INFO - 977 1728860727
[2024-10-13T19:06:06.848-0400] {logging_mixin.py:190} INFO - 978 1728860651
[2024-10-13T19:06:06.849-0400] {logging_mixin.py:190} INFO - 979 1728860445
[2024-10-13T19:06:06.849-0400] {logging_mixin.py:190} INFO - 980 1728860740
[2024-10-13T19:06:06.850-0400] {logging_mixin.py:190} INFO - 981 1728860606
[2024-10-13T19:06:06.851-0400] {logging_mixin.py:190} INFO - 982 1728860612
[2024-10-13T19:06:06.852-0400] {logging_mixin.py:190} INFO - 983 1728860737
[2024-10-13T19:06:06.852-0400] {logging_mixin.py:190} INFO - 984 1728791847
[2024-10-13T19:06:06.853-0400] {logging_mixin.py:190} INFO - 985 1728860720
[2024-10-13T19:06:06.854-0400] {logging_mixin.py:190} INFO - 986 1728860685
[2024-10-13T19:06:06.855-0400] {logging_mixin.py:190} INFO - 987 1728860499
[2024-10-13T19:06:06.855-0400] {logging_mixin.py:190} INFO - 988 1728860703
[2024-10-13T19:06:06.856-0400] {logging_mixin.py:190} INFO - 989 1728860699
[2024-10-13T19:06:06.857-0400] {logging_mixin.py:190} INFO - 990 1727957747
[2024-10-13T19:06:06.858-0400] {logging_mixin.py:190} INFO - 991 1727957013
[2024-10-13T19:06:06.859-0400] {logging_mixin.py:190} INFO - 992 1728791897
[2024-10-13T19:06:06.860-0400] {logging_mixin.py:190} INFO - 993 1728860555
[2024-10-13T19:06:06.861-0400] {logging_mixin.py:190} INFO - 994 86400
[2024-10-13T19:06:06.903-0400] {python.py:240} INFO - Done. Returned value was: None
[2024-10-13T19:06:06.910-0400] {taskinstance.py:340} INFO - ::group::Post task execution logs
[2024-10-13T19:06:06.913-0400] {taskinstance.py:352} INFO - Marking task as SUCCESS. dag_id=bixi_etl_pipeline, task_id=extract_task, run_id=manual__2024-10-13T23:05:49.379846+00:00, execution_date=20241013T230549, start_date=20241013T230605, end_date=20241013T230606
[2024-10-13T19:06:06.924-0400] {logging_mixin.py:190} INFO - Task instance in success state
[2024-10-13T19:06:06.925-0400] {logging_mixin.py:190} INFO -  Previous state of the Task instance: running
[2024-10-13T19:06:06.925-0400] {logging_mixin.py:190} INFO - Dag name:bixi_etl_pipeline queued_at:2024-10-13 23:05:49.424201+00:00
[2024-10-13T19:06:06.926-0400] {logging_mixin.py:190} INFO - Task hostname:karendembp.home operator:PythonOperator
[2024-10-13T19:06:06.952-0400] {local_task_job_runner.py:266} INFO - Task exited with return code 0
[2024-10-13T19:06:06.994-0400] {taskinstance.py:3900} INFO - 1 downstream tasks scheduled from follow-on schedule check
[2024-10-13T19:06:06.996-0400] {local_task_job_runner.py:245} INFO - ::endgroup::
