[2024-10-12T19:43:35.869-0400] {local_task_job_runner.py:123} INFO - ::group::Pre task execution logs
[2024-10-12T19:43:35.885-0400] {taskinstance.py:2612} INFO - Dependencies all met for dep_context=non-requeueable deps ti=<TaskInstance: bixi_dag_combined.transform_task manual__2024-10-12T23:43:11.091399+00:00 [queued]>
[2024-10-12T19:43:35.894-0400] {taskinstance.py:2612} INFO - Dependencies all met for dep_context=requeueable deps ti=<TaskInstance: bixi_dag_combined.transform_task manual__2024-10-12T23:43:11.091399+00:00 [queued]>
[2024-10-12T19:43:35.895-0400] {taskinstance.py:2865} INFO - Starting attempt 1 of 1
[2024-10-12T19:43:35.910-0400] {taskinstance.py:2888} INFO - Executing <Task(PythonOperator): transform_task> on 2024-10-12 23:43:11.091399+00:00
[2024-10-12T19:43:35.919-0400] {standard_task_runner.py:72} INFO - Started process 85917 to run task
[2024-10-12T19:43:35.932-0400] {standard_task_runner.py:104} INFO - Running: ['airflow', 'tasks', 'run', 'bixi_dag_combined', 'transform_task', 'manual__2024-10-12T23:43:11.091399+00:00', '--job-id', '142', '--raw', '--subdir', 'DAGS_FOLDER/bixi_station_data_dag.py', '--cfg-path', '/var/folders/bj/4z3t139j7xj2qng4wk4y16ym0000gn/T/tmpkpfqbovh']
[2024-10-12T19:43:35.938-0400] {standard_task_runner.py:105} INFO - Job 142: Subtask transform_task
[2024-10-12T19:43:36.008-0400] {task_command.py:467} INFO - Running <TaskInstance: bixi_dag_combined.transform_task manual__2024-10-12T23:43:11.091399+00:00 [running]> on host karendembp.home
[2024-10-12T19:43:36.093-0400] {taskinstance.py:3131} INFO - Exporting env vars: AIRFLOW_CTX_DAG_OWNER='airflow' AIRFLOW_CTX_DAG_ID='bixi_dag_combined' AIRFLOW_CTX_TASK_ID='transform_task' AIRFLOW_CTX_EXECUTION_DATE='2024-10-12T23:43:11.091399+00:00' AIRFLOW_CTX_TRY_NUMBER='1' AIRFLOW_CTX_DAG_RUN_ID='manual__2024-10-12T23:43:11.091399+00:00'
[2024-10-12T19:43:36.096-0400] {logging_mixin.py:190} INFO - Task instance is in running state
[2024-10-12T19:43:36.097-0400] {logging_mixin.py:190} INFO -  Previous state of the Task instance: queued
[2024-10-12T19:43:36.098-0400] {logging_mixin.py:190} INFO - Current task name:transform_task state:running start_date:2024-10-12 23:43:35.886174+00:00
[2024-10-12T19:43:36.099-0400] {logging_mixin.py:190} INFO - Dag name:bixi_dag_combined and current dag run status:running
[2024-10-12T19:43:36.100-0400] {taskinstance.py:731} INFO - ::endgroup::
[2024-10-12T19:43:37.006-0400] {python.py:240} INFO - Done. Returned value was: None
[2024-10-12T19:43:37.012-0400] {taskinstance.py:340} INFO - ::group::Post task execution logs
[2024-10-12T19:43:37.014-0400] {taskinstance.py:352} INFO - Marking task as SUCCESS. dag_id=bixi_dag_combined, task_id=transform_task, run_id=manual__2024-10-12T23:43:11.091399+00:00, execution_date=20241012T234311, start_date=20241012T234335, end_date=20241012T234337
[2024-10-12T19:43:37.023-0400] {logging_mixin.py:190} INFO - Task instance in success state
[2024-10-12T19:43:37.025-0400] {logging_mixin.py:190} INFO -  Previous state of the Task instance: running
[2024-10-12T19:43:37.026-0400] {logging_mixin.py:190} INFO - Dag name:bixi_dag_combined queued_at:2024-10-12 23:43:11.127098+00:00
[2024-10-12T19:43:37.026-0400] {logging_mixin.py:190} INFO - Task hostname:karendembp.home operator:PythonOperator
[2024-10-12T19:43:37.068-0400] {local_task_job_runner.py:266} INFO - Task exited with return code 0
[2024-10-12T19:43:37.088-0400] {taskinstance.py:3900} INFO - 0 downstream tasks scheduled from follow-on schedule check
[2024-10-12T19:43:37.089-0400] {local_task_job_runner.py:245} INFO - ::endgroup::
