[2024-10-13T22:36:02.402-0400] {local_task_job_runner.py:123} INFO - ::group::Pre task execution logs
[2024-10-13T22:36:02.415-0400] {taskinstance.py:2612} INFO - Dependencies all met for dep_context=non-requeueable deps ti=<TaskInstance: bixi_etl_pipeline.load_task scheduled__2024-10-14T02:30:00+00:00 [queued]>
[2024-10-13T22:36:02.423-0400] {taskinstance.py:2612} INFO - Dependencies all met for dep_context=requeueable deps ti=<TaskInstance: bixi_etl_pipeline.load_task scheduled__2024-10-14T02:30:00+00:00 [queued]>
[2024-10-13T22:36:02.423-0400] {taskinstance.py:2865} INFO - Starting attempt 1 of 1
[2024-10-13T22:36:02.442-0400] {taskinstance.py:2888} INFO - Executing <Task(PythonOperator): load_task> on 2024-10-14 02:30:00+00:00
[2024-10-13T22:36:02.450-0400] {standard_task_runner.py:72} INFO - Started process 74498 to run task
[2024-10-13T22:36:02.457-0400] {clientserver.py:543} INFO - Closing down clientserver connection
[2024-10-13T22:36:02.467-0400] {standard_task_runner.py:104} INFO - Running: ['airflow', 'tasks', 'run', 'bixi_etl_pipeline', 'load_task', 'scheduled__2024-10-14T02:30:00+00:00', '--job-id', '251', '--raw', '--subdir', 'DAGS_FOLDER/bixi_etl_pipeline.py', '--cfg-path', '/var/folders/bj/4z3t139j7xj2qng4wk4y16ym0000gn/T/tmpmwzb8qr0']
[2024-10-13T22:36:02.469-0400] {standard_task_runner.py:105} INFO - Job 251: Subtask load_task
[2024-10-13T22:36:02.540-0400] {task_command.py:467} INFO - Running <TaskInstance: bixi_etl_pipeline.load_task scheduled__2024-10-14T02:30:00+00:00 [running]> on host karendembp.home
[2024-10-13T22:36:02.845-0400] {taskinstance.py:3131} INFO - Exporting env vars: AIRFLOW_CTX_DAG_OWNER='airflow' AIRFLOW_CTX_DAG_ID='bixi_etl_pipeline' AIRFLOW_CTX_TASK_ID='load_task' AIRFLOW_CTX_EXECUTION_DATE='2024-10-14T02:30:00+00:00' AIRFLOW_CTX_TRY_NUMBER='1' AIRFLOW_CTX_DAG_RUN_ID='scheduled__2024-10-14T02:30:00+00:00'
[2024-10-13T22:36:02.847-0400] {logging_mixin.py:190} INFO - Task instance is in running state
[2024-10-13T22:36:02.847-0400] {logging_mixin.py:190} INFO -  Previous state of the Task instance: queued
[2024-10-13T22:36:02.848-0400] {logging_mixin.py:190} INFO - Current task name:load_task state:running start_date:2024-10-14 02:36:02.415987+00:00
[2024-10-13T22:36:02.849-0400] {logging_mixin.py:190} INFO - Dag name:bixi_etl_pipeline and current dag run status:running
[2024-10-13T22:36:02.849-0400] {taskinstance.py:731} INFO - ::endgroup::
[2024-10-13T22:36:27.792-0400] {python.py:240} INFO - Done. Returned value was: None
[2024-10-13T22:36:27.803-0400] {taskinstance.py:340} INFO - ::group::Post task execution logs
[2024-10-13T22:36:27.805-0400] {taskinstance.py:352} INFO - Marking task as SUCCESS. dag_id=bixi_etl_pipeline, task_id=load_task, run_id=scheduled__2024-10-14T02:30:00+00:00, execution_date=20241014T023000, start_date=20241014T023602, end_date=20241014T023627
[2024-10-13T22:36:27.817-0400] {logging_mixin.py:190} INFO - Task instance in success state
[2024-10-13T22:36:27.818-0400] {logging_mixin.py:190} INFO -  Previous state of the Task instance: running
[2024-10-13T22:36:27.819-0400] {logging_mixin.py:190} INFO - Dag name:bixi_etl_pipeline queued_at:2024-10-14 02:35:02.964785+00:00
[2024-10-13T22:36:27.820-0400] {logging_mixin.py:190} INFO - Task hostname:karendembp.home operator:PythonOperator
[2024-10-13T22:36:27.865-0400] {local_task_job_runner.py:266} INFO - Task exited with return code 0
[2024-10-13T22:36:27.884-0400] {taskinstance.py:3900} INFO - 0 downstream tasks scheduled from follow-on schedule check
[2024-10-13T22:36:27.885-0400] {local_task_job_runner.py:245} INFO - ::endgroup::
