[2024-10-13T18:47:19.914-0400] {local_task_job_runner.py:123} INFO - ::group::Pre task execution logs
[2024-10-13T18:47:19.930-0400] {taskinstance.py:2612} INFO - Dependencies all met for dep_context=non-requeueable deps ti=<TaskInstance: bixi_etl_pipeline.extract_task manual__2024-10-13T22:47:04.256111+00:00 [queued]>
[2024-10-13T18:47:19.937-0400] {taskinstance.py:2612} INFO - Dependencies all met for dep_context=requeueable deps ti=<TaskInstance: bixi_etl_pipeline.extract_task manual__2024-10-13T22:47:04.256111+00:00 [queued]>
[2024-10-13T18:47:19.937-0400] {taskinstance.py:2865} INFO - Starting attempt 1 of 1
[2024-10-13T18:47:19.953-0400] {taskinstance.py:2888} INFO - Executing <Task(PythonOperator): extract_task> on 2024-10-13 22:47:04.256111+00:00
[2024-10-13T18:47:19.962-0400] {standard_task_runner.py:72} INFO - Started process 2351 to run task
[2024-10-13T18:47:19.969-0400] {clientserver.py:543} INFO - Closing down clientserver connection
[2024-10-13T18:47:19.981-0400] {standard_task_runner.py:104} INFO - Running: ['airflow', 'tasks', 'run', 'bixi_etl_pipeline', 'extract_task', 'manual__2024-10-13T22:47:04.256111+00:00', '--job-id', '216', '--raw', '--subdir', 'DAGS_FOLDER/bixi_etl_pipeline.py', '--cfg-path', '/var/folders/bj/4z3t139j7xj2qng4wk4y16ym0000gn/T/tmpbcnlaog7']
[2024-10-13T18:47:19.982-0400] {standard_task_runner.py:105} INFO - Job 216: Subtask extract_task
[2024-10-13T18:47:20.055-0400] {task_command.py:467} INFO - Running <TaskInstance: bixi_etl_pipeline.extract_task manual__2024-10-13T22:47:04.256111+00:00 [running]> on host karendembp.home
[2024-10-13T18:47:20.346-0400] {taskinstance.py:3131} INFO - Exporting env vars: AIRFLOW_CTX_DAG_OWNER='airflow' AIRFLOW_CTX_DAG_ID='bixi_etl_pipeline' AIRFLOW_CTX_TASK_ID='extract_task' AIRFLOW_CTX_EXECUTION_DATE='2024-10-13T22:47:04.256111+00:00' AIRFLOW_CTX_TRY_NUMBER='1' AIRFLOW_CTX_DAG_RUN_ID='manual__2024-10-13T22:47:04.256111+00:00'
[2024-10-13T18:47:20.348-0400] {logging_mixin.py:190} INFO - Task instance is in running state
[2024-10-13T18:47:20.349-0400] {logging_mixin.py:190} INFO -  Previous state of the Task instance: queued
[2024-10-13T18:47:20.350-0400] {logging_mixin.py:190} INFO - Current task name:extract_task state:running start_date:2024-10-13 22:47:19.931090+00:00
[2024-10-13T18:47:20.351-0400] {logging_mixin.py:190} INFO - Dag name:bixi_etl_pipeline and current dag run status:running
[2024-10-13T18:47:20.351-0400] {taskinstance.py:731} INFO - ::endgroup::
[2024-10-13T18:47:20.884-0400] {logging_mixin.py:190} INFO - 1 1728856872
[2024-10-13T18:47:20.885-0400] {logging_mixin.py:190} INFO - 2 1728859487
[2024-10-13T18:47:20.886-0400] {logging_mixin.py:190} INFO - 3 1728859627
[2024-10-13T18:47:20.887-0400] {logging_mixin.py:190} INFO - 4 1728859627
[2024-10-13T18:47:20.888-0400] {logging_mixin.py:190} INFO - 5 1728858511
[2024-10-13T18:47:20.889-0400] {logging_mixin.py:190} INFO - 6 1728859501
[2024-10-13T18:47:20.889-0400] {logging_mixin.py:190} INFO - 7 1728859637
[2024-10-13T18:47:20.890-0400] {logging_mixin.py:190} INFO - 8 1728859401
[2024-10-13T18:47:20.891-0400] {logging_mixin.py:190} INFO - 9 1728859137
[2024-10-13T18:47:20.892-0400] {logging_mixin.py:190} INFO - 10 1728858721
[2024-10-13T18:47:20.892-0400] {logging_mixin.py:190} INFO - 11 1728859253
[2024-10-13T18:47:20.893-0400] {logging_mixin.py:190} INFO - 12 1728857741
[2024-10-13T18:47:20.894-0400] {logging_mixin.py:190} INFO - 13 1728859424
[2024-10-13T18:47:20.894-0400] {logging_mixin.py:190} INFO - 14 1728859105
[2024-10-13T18:47:20.895-0400] {logging_mixin.py:190} INFO - 15 1728859510
[2024-10-13T18:47:20.896-0400] {logging_mixin.py:190} INFO - 16 1728852968
[2024-10-13T18:47:20.896-0400] {logging_mixin.py:190} INFO - 17 1728859357
[2024-10-13T18:47:20.897-0400] {logging_mixin.py:190} INFO - 18 1728859560
[2024-10-13T18:47:20.898-0400] {logging_mixin.py:190} INFO - 19 1728859353
[2024-10-13T18:47:20.898-0400] {logging_mixin.py:190} INFO - 20 1728858743
[2024-10-13T18:47:20.899-0400] {logging_mixin.py:190} INFO - 21 1728859614
[2024-10-13T18:47:20.899-0400] {logging_mixin.py:190} INFO - 22 1728858854
[2024-10-13T18:47:20.900-0400] {logging_mixin.py:190} INFO - 24 1728859598
[2024-10-13T18:47:20.901-0400] {logging_mixin.py:190} INFO - 25 1728859461
[2024-10-13T18:47:20.901-0400] {logging_mixin.py:190} INFO - 26 1728859366
[2024-10-13T18:47:20.902-0400] {logging_mixin.py:190} INFO - 28 1728859162
[2024-10-13T18:47:20.902-0400] {logging_mixin.py:190} INFO - 30 1728859371
[2024-10-13T18:47:20.903-0400] {logging_mixin.py:190} INFO - 31 1728858907
[2024-10-13T18:47:20.904-0400] {logging_mixin.py:190} INFO - 32 1728859043
[2024-10-13T18:47:20.905-0400] {logging_mixin.py:190} INFO - 34 1728858939
[2024-10-13T18:47:20.906-0400] {logging_mixin.py:190} INFO - 35 1728859161
[2024-10-13T18:47:20.907-0400] {logging_mixin.py:190} INFO - 36 1728858993
[2024-10-13T18:47:20.908-0400] {logging_mixin.py:190} INFO - 37 1728859569
[2024-10-13T18:47:20.909-0400] {logging_mixin.py:190} INFO - 38 1728858276
[2024-10-13T18:47:20.910-0400] {logging_mixin.py:190} INFO - 39 1728859633
[2024-10-13T18:47:20.910-0400] {logging_mixin.py:190} INFO - 40 1728859610
[2024-10-13T18:47:20.911-0400] {logging_mixin.py:190} INFO - 41 1728859196
[2024-10-13T18:47:20.912-0400] {logging_mixin.py:190} INFO - 43 1728859240
[2024-10-13T18:47:20.913-0400] {logging_mixin.py:190} INFO - 45 1728859432
[2024-10-13T18:47:20.914-0400] {logging_mixin.py:190} INFO - 46 1728859636
[2024-10-13T18:47:20.914-0400] {logging_mixin.py:190} INFO - 47 1728858249
[2024-10-13T18:47:20.915-0400] {logging_mixin.py:190} INFO - 48 1728857962
[2024-10-13T18:47:20.916-0400] {logging_mixin.py:190} INFO - 49 1728858770
[2024-10-13T18:47:20.917-0400] {logging_mixin.py:190} INFO - 50 1728859608
[2024-10-13T18:47:20.917-0400] {logging_mixin.py:190} INFO - 51 1728858724
[2024-10-13T18:47:20.918-0400] {logging_mixin.py:190} INFO - 52 1728859522
[2024-10-13T18:47:20.919-0400] {logging_mixin.py:190} INFO - 55 1728859245
[2024-10-13T18:47:20.919-0400] {logging_mixin.py:190} INFO - 56 1728859194
[2024-10-13T18:47:20.920-0400] {logging_mixin.py:190} INFO - 57 1728858164
[2024-10-13T18:47:20.921-0400] {logging_mixin.py:190} INFO - 59 1728859497
[2024-10-13T18:47:20.921-0400] {logging_mixin.py:190} INFO - 60 1728859290
[2024-10-13T18:47:20.922-0400] {logging_mixin.py:190} INFO - 61 1728859246
[2024-10-13T18:47:20.923-0400] {logging_mixin.py:190} INFO - 62 1728859159
[2024-10-13T18:47:20.923-0400] {logging_mixin.py:190} INFO - 63 1728858502
[2024-10-13T18:47:20.924-0400] {logging_mixin.py:190} INFO - 64 1728859254
[2024-10-13T18:47:20.924-0400] {logging_mixin.py:190} INFO - 65 1728859081
[2024-10-13T18:47:20.925-0400] {logging_mixin.py:190} INFO - 67 1728859593
[2024-10-13T18:47:20.926-0400] {logging_mixin.py:190} INFO - 68 1728859240
[2024-10-13T18:47:20.926-0400] {logging_mixin.py:190} INFO - 69 1728859163
[2024-10-13T18:47:20.927-0400] {logging_mixin.py:190} INFO - 71 1728859627
[2024-10-13T18:47:20.928-0400] {logging_mixin.py:190} INFO - 72 1728859482
[2024-10-13T18:47:20.929-0400] {logging_mixin.py:190} INFO - 73 1728859215
[2024-10-13T18:47:20.930-0400] {logging_mixin.py:190} INFO - 74 1728857676
[2024-10-13T18:47:20.930-0400] {logging_mixin.py:190} INFO - 75 1728859182
[2024-10-13T18:47:20.931-0400] {logging_mixin.py:190} INFO - 76 1728858135
[2024-10-13T18:47:20.932-0400] {logging_mixin.py:190} INFO - 77 1728858661
[2024-10-13T18:47:20.932-0400] {logging_mixin.py:190} INFO - 78 1728859599
[2024-10-13T18:47:20.933-0400] {logging_mixin.py:190} INFO - 79 1728858878
[2024-10-13T18:47:20.934-0400] {logging_mixin.py:190} INFO - 80 1728859188
[2024-10-13T18:47:20.935-0400] {logging_mixin.py:190} INFO - 81 1728858600
[2024-10-13T18:47:20.936-0400] {logging_mixin.py:190} INFO - 82 1728859536
[2024-10-13T18:47:20.937-0400] {logging_mixin.py:190} INFO - 83 1728859431
[2024-10-13T18:47:20.937-0400] {logging_mixin.py:190} INFO - 84 1728859177
[2024-10-13T18:47:20.938-0400] {logging_mixin.py:190} INFO - 85 1728857446
[2024-10-13T18:47:20.939-0400] {logging_mixin.py:190} INFO - 86 1728859570
[2024-10-13T18:47:20.939-0400] {logging_mixin.py:190} INFO - 87 1728858443
[2024-10-13T18:47:20.940-0400] {logging_mixin.py:190} INFO - 88 1728859634
[2024-10-13T18:47:20.940-0400] {logging_mixin.py:190} INFO - 89 1728859484
[2024-10-13T18:47:20.941-0400] {logging_mixin.py:190} INFO - 91 1728858940
[2024-10-13T18:47:20.942-0400] {logging_mixin.py:190} INFO - 92 1728859624
[2024-10-13T18:47:20.943-0400] {logging_mixin.py:190} INFO - 93 1728855432
[2024-10-13T18:47:20.944-0400] {logging_mixin.py:190} INFO - 94 1728857785
[2024-10-13T18:47:20.945-0400] {logging_mixin.py:190} INFO - 95 1728858593
[2024-10-13T18:47:20.946-0400] {logging_mixin.py:190} INFO - 96 1728859128
[2024-10-13T18:47:20.946-0400] {logging_mixin.py:190} INFO - 97 1728858977
[2024-10-13T18:47:20.947-0400] {logging_mixin.py:190} INFO - 99 1728859545
[2024-10-13T18:47:20.948-0400] {logging_mixin.py:190} INFO - 100 1728858134
[2024-10-13T18:47:20.949-0400] {logging_mixin.py:190} INFO - 101 1728859321
[2024-10-13T18:47:20.950-0400] {logging_mixin.py:190} INFO - 102 1728859088
[2024-10-13T18:47:20.951-0400] {logging_mixin.py:190} INFO - 103 1728859545
[2024-10-13T18:47:20.952-0400] {logging_mixin.py:190} INFO - 105 1728856971
[2024-10-13T18:47:20.953-0400] {logging_mixin.py:190} INFO - 106 1728858213
[2024-10-13T18:47:20.954-0400] {logging_mixin.py:190} INFO - 107 1728859596
[2024-10-13T18:47:20.955-0400] {logging_mixin.py:190} INFO - 108 1728859587
[2024-10-13T18:47:20.956-0400] {logging_mixin.py:190} INFO - 109 1728859177
[2024-10-13T18:47:20.957-0400] {logging_mixin.py:190} INFO - 110 1728859264
[2024-10-13T18:47:20.958-0400] {logging_mixin.py:190} INFO - 111 1728859118
[2024-10-13T18:47:20.959-0400] {logging_mixin.py:190} INFO - 112 1728859503
[2024-10-13T18:47:20.959-0400] {logging_mixin.py:190} INFO - 113 1728859530
[2024-10-13T18:47:20.960-0400] {logging_mixin.py:190} INFO - 114 1728858738
[2024-10-13T18:47:20.961-0400] {logging_mixin.py:190} INFO - 115 1728858971
[2024-10-13T18:47:20.962-0400] {logging_mixin.py:190} INFO - 116 1728859384
[2024-10-13T18:47:20.962-0400] {logging_mixin.py:190} INFO - 118 1728857357
[2024-10-13T18:47:20.963-0400] {logging_mixin.py:190} INFO - 119 1728859597
[2024-10-13T18:47:20.964-0400] {logging_mixin.py:190} INFO - 120 1728859216
[2024-10-13T18:47:20.965-0400] {logging_mixin.py:190} INFO - 121 1728859628
[2024-10-13T18:47:20.966-0400] {logging_mixin.py:190} INFO - 122 1728859499
[2024-10-13T18:47:20.966-0400] {logging_mixin.py:190} INFO - 123 1728859570
[2024-10-13T18:47:20.967-0400] {logging_mixin.py:190} INFO - 124 1728859497
[2024-10-13T18:47:20.967-0400] {logging_mixin.py:190} INFO - 125 1728859557
[2024-10-13T18:47:20.968-0400] {logging_mixin.py:190} INFO - 126 1728858996
[2024-10-13T18:47:20.969-0400] {logging_mixin.py:190} INFO - 127 1728858694
[2024-10-13T18:47:20.970-0400] {logging_mixin.py:190} INFO - 128 1728859073
[2024-10-13T18:47:20.970-0400] {logging_mixin.py:190} INFO - 129 1728859378
[2024-10-13T18:47:20.971-0400] {logging_mixin.py:190} INFO - 131 1728859208
[2024-10-13T18:47:20.971-0400] {logging_mixin.py:190} INFO - 132 1728858284
[2024-10-13T18:47:20.972-0400] {logging_mixin.py:190} INFO - 133 1728859487
[2024-10-13T18:47:20.973-0400] {logging_mixin.py:190} INFO - 134 1728858956
[2024-10-13T18:47:20.974-0400] {logging_mixin.py:190} INFO - 135 1728859266
[2024-10-13T18:47:20.975-0400] {logging_mixin.py:190} INFO - 136 1728858594
[2024-10-13T18:47:20.975-0400] {logging_mixin.py:190} INFO - 137 1728859555
[2024-10-13T18:47:20.976-0400] {logging_mixin.py:190} INFO - 138 1728858119
[2024-10-13T18:47:20.977-0400] {logging_mixin.py:190} INFO - 139 1728858831
[2024-10-13T18:47:20.978-0400] {logging_mixin.py:190} INFO - 140 1728859163
[2024-10-13T18:47:20.979-0400] {logging_mixin.py:190} INFO - 141 1728859302
[2024-10-13T18:47:20.980-0400] {logging_mixin.py:190} INFO - 142 1728859117
[2024-10-13T18:47:20.981-0400] {logging_mixin.py:190} INFO - 143 1728859589
[2024-10-13T18:47:20.982-0400] {logging_mixin.py:190} INFO - 144 1728859563
[2024-10-13T18:47:20.983-0400] {logging_mixin.py:190} INFO - 145 1728859539
[2024-10-13T18:47:20.984-0400] {logging_mixin.py:190} INFO - 146 1728859306
[2024-10-13T18:47:20.984-0400] {logging_mixin.py:190} INFO - 147 1728858593
[2024-10-13T18:47:20.985-0400] {logging_mixin.py:190} INFO - 148 1728859366
[2024-10-13T18:47:20.986-0400] {logging_mixin.py:190} INFO - 149 1728859530
[2024-10-13T18:47:20.987-0400] {logging_mixin.py:190} INFO - 150 1728859620
[2024-10-13T18:47:20.988-0400] {logging_mixin.py:190} INFO - 151 1728859391
[2024-10-13T18:47:20.988-0400] {logging_mixin.py:190} INFO - 152 1728859561
[2024-10-13T18:47:20.989-0400] {logging_mixin.py:190} INFO - 153 1728859016
[2024-10-13T18:47:20.990-0400] {logging_mixin.py:190} INFO - 154 1728859547
[2024-10-13T18:47:20.990-0400] {logging_mixin.py:190} INFO - 155 1728859623
[2024-10-13T18:47:20.991-0400] {logging_mixin.py:190} INFO - 156 1728859460
[2024-10-13T18:47:20.992-0400] {logging_mixin.py:190} INFO - 157 1728859298
[2024-10-13T18:47:20.992-0400] {logging_mixin.py:190} INFO - 158 1728859591
[2024-10-13T18:47:20.993-0400] {logging_mixin.py:190} INFO - 159 1728859223
[2024-10-13T18:47:20.994-0400] {logging_mixin.py:190} INFO - 160 1728859519
[2024-10-13T18:47:20.994-0400] {logging_mixin.py:190} INFO - 161 1728858844
[2024-10-13T18:47:20.995-0400] {logging_mixin.py:190} INFO - 162 1728858828
[2024-10-13T18:47:20.996-0400] {logging_mixin.py:190} INFO - 163 1728859540
[2024-10-13T18:47:20.996-0400] {logging_mixin.py:190} INFO - 164 1728859605
[2024-10-13T18:47:20.997-0400] {logging_mixin.py:190} INFO - 165 1728859379
[2024-10-13T18:47:20.998-0400] {logging_mixin.py:190} INFO - 166 1728859627
[2024-10-13T18:47:20.998-0400] {logging_mixin.py:190} INFO - 167 1728858556
[2024-10-13T18:47:20.999-0400] {logging_mixin.py:190} INFO - 168 1728859504
[2024-10-13T18:47:20.999-0400] {logging_mixin.py:190} INFO - 169 1728859567
[2024-10-13T18:47:21.000-0400] {logging_mixin.py:190} INFO - 170 1728859394
[2024-10-13T18:47:21.001-0400] {logging_mixin.py:190} INFO - 171 1728856715
[2024-10-13T18:47:21.002-0400] {logging_mixin.py:190} INFO - 173 1728859570
[2024-10-13T18:47:21.003-0400] {logging_mixin.py:190} INFO - 174 1728859500
[2024-10-13T18:47:21.003-0400] {logging_mixin.py:190} INFO - 176 1728859206
[2024-10-13T18:47:21.004-0400] {logging_mixin.py:190} INFO - 177 1728859214
[2024-10-13T18:47:21.004-0400] {logging_mixin.py:190} INFO - 178 1728859253
[2024-10-13T18:47:21.005-0400] {logging_mixin.py:190} INFO - 179 1728859524
[2024-10-13T18:47:21.006-0400] {logging_mixin.py:190} INFO - 180 1728857514
[2024-10-13T18:47:21.006-0400] {logging_mixin.py:190} INFO - 181 1728859153
[2024-10-13T18:47:21.007-0400] {logging_mixin.py:190} INFO - 182 1728859629
[2024-10-13T18:47:21.007-0400] {logging_mixin.py:190} INFO - 183 1728859578
[2024-10-13T18:47:21.008-0400] {logging_mixin.py:190} INFO - 184 1728859611
[2024-10-13T18:47:21.009-0400] {logging_mixin.py:190} INFO - 185 1728858762
[2024-10-13T18:47:21.009-0400] {logging_mixin.py:190} INFO - 186 1728859521
[2024-10-13T18:47:21.010-0400] {logging_mixin.py:190} INFO - 187 1728859518
[2024-10-13T18:47:21.011-0400] {logging_mixin.py:190} INFO - 188 1728859481
[2024-10-13T18:47:21.012-0400] {logging_mixin.py:190} INFO - 189 1728857498
[2024-10-13T18:47:21.012-0400] {logging_mixin.py:190} INFO - 190 1728859451
[2024-10-13T18:47:21.013-0400] {logging_mixin.py:190} INFO - 191 1728859611
[2024-10-13T18:47:21.013-0400] {logging_mixin.py:190} INFO - 192 1728859454
[2024-10-13T18:47:21.014-0400] {logging_mixin.py:190} INFO - 193 1728859498
[2024-10-13T18:47:21.015-0400] {logging_mixin.py:190} INFO - 194 1728859600
[2024-10-13T18:47:21.015-0400] {logging_mixin.py:190} INFO - 195 1728858476
[2024-10-13T18:47:21.016-0400] {logging_mixin.py:190} INFO - 196 1728859243
[2024-10-13T18:47:21.016-0400] {logging_mixin.py:190} INFO - 197 1728859544
[2024-10-13T18:47:21.017-0400] {logging_mixin.py:190} INFO - 198 1728859226
[2024-10-13T18:47:21.018-0400] {logging_mixin.py:190} INFO - 199 1728859609
[2024-10-13T18:47:21.018-0400] {logging_mixin.py:190} INFO - 200 1728859180
[2024-10-13T18:47:21.019-0400] {logging_mixin.py:190} INFO - 201 1728858131
[2024-10-13T18:47:21.019-0400] {logging_mixin.py:190} INFO - 202 1728854252
[2024-10-13T18:47:21.020-0400] {logging_mixin.py:190} INFO - 203 1728859221
[2024-10-13T18:47:21.021-0400] {logging_mixin.py:190} INFO - 204 1728859341
[2024-10-13T18:47:21.022-0400] {logging_mixin.py:190} INFO - 205 1728859492
[2024-10-13T18:47:21.022-0400] {logging_mixin.py:190} INFO - 206 1728859360
[2024-10-13T18:47:21.023-0400] {logging_mixin.py:190} INFO - 207 1728859607
[2024-10-13T18:47:21.024-0400] {logging_mixin.py:190} INFO - 208 1728859245
[2024-10-13T18:47:21.025-0400] {logging_mixin.py:190} INFO - 209 1728859479
[2024-10-13T18:47:21.025-0400] {logging_mixin.py:190} INFO - 210 1728859580
[2024-10-13T18:47:21.026-0400] {logging_mixin.py:190} INFO - 211 1728859544
[2024-10-13T18:47:21.027-0400] {logging_mixin.py:190} INFO - 212 1728391856
[2024-10-13T18:47:21.028-0400] {logging_mixin.py:190} INFO - 213 1728858744
[2024-10-13T18:47:21.028-0400] {logging_mixin.py:190} INFO - 214 1728859366
[2024-10-13T18:47:21.029-0400] {logging_mixin.py:190} INFO - 215 1728859443
[2024-10-13T18:47:21.030-0400] {logging_mixin.py:190} INFO - 216 1728859513
[2024-10-13T18:47:21.031-0400] {logging_mixin.py:190} INFO - 217 1728859276
[2024-10-13T18:47:21.032-0400] {logging_mixin.py:190} INFO - 218 1728859597
[2024-10-13T18:47:21.033-0400] {logging_mixin.py:190} INFO - 219 1728858828
[2024-10-13T18:47:21.034-0400] {logging_mixin.py:190} INFO - 220 1728858940
[2024-10-13T18:47:21.034-0400] {logging_mixin.py:190} INFO - 221 1728859526
[2024-10-13T18:47:21.035-0400] {logging_mixin.py:190} INFO - 222 1728859637
[2024-10-13T18:47:21.035-0400] {logging_mixin.py:190} INFO - 223 1728856678
[2024-10-13T18:47:21.036-0400] {logging_mixin.py:190} INFO - 224 1728859194
[2024-10-13T18:47:21.037-0400] {logging_mixin.py:190} INFO - 225 1728856587
[2024-10-13T18:47:21.037-0400] {logging_mixin.py:190} INFO - 226 1728859614
[2024-10-13T18:47:21.038-0400] {logging_mixin.py:190} INFO - 227 1728859627
[2024-10-13T18:47:21.039-0400] {logging_mixin.py:190} INFO - 228 1728859455
[2024-10-13T18:47:21.039-0400] {logging_mixin.py:190} INFO - 229 1728859168
[2024-10-13T18:47:21.040-0400] {logging_mixin.py:190} INFO - 230 1728859167
[2024-10-13T18:47:21.040-0400] {logging_mixin.py:190} INFO - 232 1728859278
[2024-10-13T18:47:21.041-0400] {logging_mixin.py:190} INFO - 233 1728859590
[2024-10-13T18:47:21.041-0400] {logging_mixin.py:190} INFO - 234 1728858246
[2024-10-13T18:47:21.042-0400] {logging_mixin.py:190} INFO - 236 1728858440
[2024-10-13T18:47:21.043-0400] {logging_mixin.py:190} INFO - 237 1728859371
[2024-10-13T18:47:21.043-0400] {logging_mixin.py:190} INFO - 239 1728859556
[2024-10-13T18:47:21.044-0400] {logging_mixin.py:190} INFO - 241 1728858126
[2024-10-13T18:47:21.044-0400] {logging_mixin.py:190} INFO - 242 1728859460
[2024-10-13T18:47:21.045-0400] {logging_mixin.py:190} INFO - 243 1728859312
[2024-10-13T18:47:21.046-0400] {logging_mixin.py:190} INFO - 244 1728859494
[2024-10-13T18:47:21.046-0400] {logging_mixin.py:190} INFO - 245 1728659352
[2024-10-13T18:47:21.047-0400] {logging_mixin.py:190} INFO - 246 1728859627
[2024-10-13T18:47:21.047-0400] {logging_mixin.py:190} INFO - 247 1728859265
[2024-10-13T18:47:21.048-0400] {logging_mixin.py:190} INFO - 248 1728859126
[2024-10-13T18:47:21.049-0400] {logging_mixin.py:190} INFO - 249 1728859289
[2024-10-13T18:47:21.049-0400] {logging_mixin.py:190} INFO - 250 1728859635
[2024-10-13T18:47:21.050-0400] {logging_mixin.py:190} INFO - 251 1728859633
[2024-10-13T18:47:21.050-0400] {logging_mixin.py:190} INFO - 253 1728859246
[2024-10-13T18:47:21.051-0400] {logging_mixin.py:190} INFO - 254 1728859558
[2024-10-13T18:47:21.051-0400] {logging_mixin.py:190} INFO - 255 1728857738
[2024-10-13T18:47:21.052-0400] {logging_mixin.py:190} INFO - 256 1728859460
[2024-10-13T18:47:21.053-0400] {logging_mixin.py:190} INFO - 257 1728859401
[2024-10-13T18:47:21.053-0400] {logging_mixin.py:190} INFO - 258 1728859127
[2024-10-13T18:47:21.054-0400] {logging_mixin.py:190} INFO - 259 1728859453
[2024-10-13T18:47:21.055-0400] {logging_mixin.py:190} INFO - 260 1728858369
[2024-10-13T18:47:21.056-0400] {logging_mixin.py:190} INFO - 261 1728857254
[2024-10-13T18:47:21.057-0400] {logging_mixin.py:190} INFO - 262 1728859226
[2024-10-13T18:47:21.057-0400] {logging_mixin.py:190} INFO - 263 1728859568
[2024-10-13T18:47:21.058-0400] {logging_mixin.py:190} INFO - 264 1728859628
[2024-10-13T18:47:21.058-0400] {logging_mixin.py:190} INFO - 265 1728858935
[2024-10-13T18:47:21.059-0400] {logging_mixin.py:190} INFO - 266 1728859234
[2024-10-13T18:47:21.060-0400] {logging_mixin.py:190} INFO - 267 1728854175
[2024-10-13T18:47:21.060-0400] {logging_mixin.py:190} INFO - 268 1728859112
[2024-10-13T18:47:21.061-0400] {logging_mixin.py:190} INFO - 269 1728858320
[2024-10-13T18:47:21.062-0400] {logging_mixin.py:190} INFO - 270 1728859574
[2024-10-13T18:47:21.062-0400] {logging_mixin.py:190} INFO - 271 1728859532
[2024-10-13T18:47:21.063-0400] {logging_mixin.py:190} INFO - 272 1728856257
[2024-10-13T18:47:21.063-0400] {logging_mixin.py:190} INFO - 273 1728859473
[2024-10-13T18:47:21.064-0400] {logging_mixin.py:190} INFO - 274 1728859034
[2024-10-13T18:47:21.064-0400] {logging_mixin.py:190} INFO - 275 1728859479
[2024-10-13T18:47:21.065-0400] {logging_mixin.py:190} INFO - 276 1728858267
[2024-10-13T18:47:21.066-0400] {logging_mixin.py:190} INFO - 277 1728858763
[2024-10-13T18:47:21.066-0400] {logging_mixin.py:190} INFO - 278 1728857955
[2024-10-13T18:47:21.067-0400] {logging_mixin.py:190} INFO - 279 1728859143
[2024-10-13T18:47:21.068-0400] {logging_mixin.py:190} INFO - 280 1728859275
[2024-10-13T18:47:21.068-0400] {logging_mixin.py:190} INFO - 281 1728859213
[2024-10-13T18:47:21.069-0400] {logging_mixin.py:190} INFO - 282 1728857699
[2024-10-13T18:47:21.070-0400] {logging_mixin.py:190} INFO - 283 1728859517
[2024-10-13T18:47:21.071-0400] {logging_mixin.py:190} INFO - 284 1728859516
[2024-10-13T18:47:21.072-0400] {logging_mixin.py:190} INFO - 285 1728859054
[2024-10-13T18:47:21.073-0400] {logging_mixin.py:190} INFO - 286 1728859592
[2024-10-13T18:47:21.074-0400] {logging_mixin.py:190} INFO - 287 1728858116
[2024-10-13T18:47:21.075-0400] {logging_mixin.py:190} INFO - 288 1728859556
[2024-10-13T18:47:21.076-0400] {logging_mixin.py:190} INFO - 289 1728859133
[2024-10-13T18:47:21.077-0400] {logging_mixin.py:190} INFO - 290 1728858459
[2024-10-13T18:47:21.078-0400] {logging_mixin.py:190} INFO - 291 1728859150
[2024-10-13T18:47:21.078-0400] {logging_mixin.py:190} INFO - 292 1728858886
[2024-10-13T18:47:21.079-0400] {logging_mixin.py:190} INFO - 293 1728858404
[2024-10-13T18:47:21.080-0400] {logging_mixin.py:190} INFO - 294 1728859546
[2024-10-13T18:47:21.081-0400] {logging_mixin.py:190} INFO - 297 1728859622
[2024-10-13T18:47:21.082-0400] {logging_mixin.py:190} INFO - 301 1728858860
[2024-10-13T18:47:21.082-0400] {logging_mixin.py:190} INFO - 302 1728851739
[2024-10-13T18:47:21.083-0400] {logging_mixin.py:190} INFO - 303 1728857064
[2024-10-13T18:47:21.084-0400] {logging_mixin.py:190} INFO - 304 1728857477
[2024-10-13T18:47:21.084-0400] {logging_mixin.py:190} INFO - 305 1728858941
[2024-10-13T18:47:21.085-0400] {logging_mixin.py:190} INFO - 306 1728859606
[2024-10-13T18:47:21.086-0400] {logging_mixin.py:190} INFO - 307 1728858999
[2024-10-13T18:47:21.087-0400] {logging_mixin.py:190} INFO - 308 1728857105
[2024-10-13T18:47:21.088-0400] {logging_mixin.py:190} INFO - 309 1728859313
[2024-10-13T18:47:21.089-0400] {logging_mixin.py:190} INFO - 311 1728857896
[2024-10-13T18:47:21.089-0400] {logging_mixin.py:190} INFO - 312 1728858019
[2024-10-13T18:47:21.090-0400] {logging_mixin.py:190} INFO - 313 1728859245
[2024-10-13T18:47:21.091-0400] {logging_mixin.py:190} INFO - 314 1728859626
[2024-10-13T18:47:21.091-0400] {logging_mixin.py:190} INFO - 315 1728858660
[2024-10-13T18:47:21.092-0400] {logging_mixin.py:190} INFO - 316 1728859552
[2024-10-13T18:47:21.093-0400] {logging_mixin.py:190} INFO - 317 1728859235
[2024-10-13T18:47:21.094-0400] {logging_mixin.py:190} INFO - 318 1728859112
[2024-10-13T18:47:21.095-0400] {logging_mixin.py:190} INFO - 319 1728859449
[2024-10-13T18:47:21.096-0400] {logging_mixin.py:190} INFO - 320 1728859254
[2024-10-13T18:47:21.096-0400] {logging_mixin.py:190} INFO - 321 1728858222
[2024-10-13T18:47:21.097-0400] {logging_mixin.py:190} INFO - 322 1728859039
[2024-10-13T18:47:21.098-0400] {logging_mixin.py:190} INFO - 323 1728858720
[2024-10-13T18:47:21.099-0400] {logging_mixin.py:190} INFO - 324 1728859462
[2024-10-13T18:47:21.100-0400] {logging_mixin.py:190} INFO - 325 1728859625
[2024-10-13T18:47:21.100-0400] {logging_mixin.py:190} INFO - 327 1728859430
[2024-10-13T18:47:21.101-0400] {logging_mixin.py:190} INFO - 328 1728858034
[2024-10-13T18:47:21.102-0400] {logging_mixin.py:190} INFO - 329 1728858973
[2024-10-13T18:47:21.103-0400] {logging_mixin.py:190} INFO - 330 1728859633
[2024-10-13T18:47:21.104-0400] {logging_mixin.py:190} INFO - 331 1728859374
[2024-10-13T18:47:21.104-0400] {logging_mixin.py:190} INFO - 332 1728859130
[2024-10-13T18:47:21.105-0400] {logging_mixin.py:190} INFO - 333 1728859352
[2024-10-13T18:47:21.105-0400] {logging_mixin.py:190} INFO - 334 1728859576
[2024-10-13T18:47:21.106-0400] {logging_mixin.py:190} INFO - 335 1728859624
[2024-10-13T18:47:21.107-0400] {logging_mixin.py:190} INFO - 336 1728859614
[2024-10-13T18:47:21.107-0400] {logging_mixin.py:190} INFO - 337 1728858982
[2024-10-13T18:47:21.108-0400] {logging_mixin.py:190} INFO - 338 1728858793
[2024-10-13T18:47:21.108-0400] {logging_mixin.py:190} INFO - 339 1728859635
[2024-10-13T18:47:21.109-0400] {logging_mixin.py:190} INFO - 340 1728857418
[2024-10-13T18:47:21.110-0400] {logging_mixin.py:190} INFO - 341 1728859478
[2024-10-13T18:47:21.110-0400] {logging_mixin.py:190} INFO - 342 1728859433
[2024-10-13T18:47:21.111-0400] {logging_mixin.py:190} INFO - 343 1728858758
[2024-10-13T18:47:21.111-0400] {logging_mixin.py:190} INFO - 344 1728859387
[2024-10-13T18:47:21.112-0400] {logging_mixin.py:190} INFO - 345 1728859355
[2024-10-13T18:47:21.112-0400] {logging_mixin.py:190} INFO - 346 1728859328
[2024-10-13T18:47:21.113-0400] {logging_mixin.py:190} INFO - 347 1728859616
[2024-10-13T18:47:21.114-0400] {logging_mixin.py:190} INFO - 348 1728858371
[2024-10-13T18:47:21.114-0400] {logging_mixin.py:190} INFO - 349 1728858944
[2024-10-13T18:47:21.115-0400] {logging_mixin.py:190} INFO - 350 1728859616
[2024-10-13T18:47:21.115-0400] {logging_mixin.py:190} INFO - 351 1728857910
[2024-10-13T18:47:21.116-0400] {logging_mixin.py:190} INFO - 355 1728858949
[2024-10-13T18:47:21.117-0400] {logging_mixin.py:190} INFO - 356 1728857711
[2024-10-13T18:47:21.117-0400] {logging_mixin.py:190} INFO - 357 1728665345
[2024-10-13T18:47:21.118-0400] {logging_mixin.py:190} INFO - 358 1728859388
[2024-10-13T18:47:21.119-0400] {logging_mixin.py:190} INFO - 359 1728859561
[2024-10-13T18:47:21.120-0400] {logging_mixin.py:190} INFO - 360 1728859186
[2024-10-13T18:47:21.120-0400] {logging_mixin.py:190} INFO - 361 1728859610
[2024-10-13T18:47:21.121-0400] {logging_mixin.py:190} INFO - 362 1728859541
[2024-10-13T18:47:21.121-0400] {logging_mixin.py:190} INFO - 363 1728859632
[2024-10-13T18:47:21.122-0400] {logging_mixin.py:190} INFO - 364 1728859489
[2024-10-13T18:47:21.123-0400] {logging_mixin.py:190} INFO - 365 1728859254
[2024-10-13T18:47:21.123-0400] {logging_mixin.py:190} INFO - 366 1728859536
[2024-10-13T18:47:21.124-0400] {logging_mixin.py:190} INFO - 367 1728859083
[2024-10-13T18:47:21.124-0400] {logging_mixin.py:190} INFO - 368 1728858962
[2024-10-13T18:47:21.125-0400] {logging_mixin.py:190} INFO - 370 1728859256
[2024-10-13T18:47:21.127-0400] {logging_mixin.py:190} INFO - 371 1728859587
[2024-10-13T18:47:21.127-0400] {logging_mixin.py:190} INFO - 372 1728859276
[2024-10-13T18:47:21.128-0400] {logging_mixin.py:190} INFO - 373 1728858538
[2024-10-13T18:47:21.129-0400] {logging_mixin.py:190} INFO - 374 1728859133
[2024-10-13T18:47:21.129-0400] {logging_mixin.py:190} INFO - 375 1728856302
[2024-10-13T18:47:21.130-0400] {logging_mixin.py:190} INFO - 376 1728859470
[2024-10-13T18:47:21.130-0400] {logging_mixin.py:190} INFO - 377 1728859441
[2024-10-13T18:47:21.131-0400] {logging_mixin.py:190} INFO - 378 1728859432
[2024-10-13T18:47:21.132-0400] {logging_mixin.py:190} INFO - 379 1728857961
[2024-10-13T18:47:21.132-0400] {logging_mixin.py:190} INFO - 380 1728859130
[2024-10-13T18:47:21.133-0400] {logging_mixin.py:190} INFO - 381 1728859279
[2024-10-13T18:47:21.133-0400] {logging_mixin.py:190} INFO - 383 1728859085
[2024-10-13T18:47:21.134-0400] {logging_mixin.py:190} INFO - 384 1728858975
[2024-10-13T18:47:21.135-0400] {logging_mixin.py:190} INFO - 385 1728859614
[2024-10-13T18:47:21.135-0400] {logging_mixin.py:190} INFO - 387 1728859365
[2024-10-13T18:47:21.136-0400] {logging_mixin.py:190} INFO - 388 1728859352
[2024-10-13T18:47:21.136-0400] {logging_mixin.py:190} INFO - 389 1728859265
[2024-10-13T18:47:21.137-0400] {logging_mixin.py:190} INFO - 390 1728859555
[2024-10-13T18:47:21.138-0400] {logging_mixin.py:190} INFO - 391 1728859128
[2024-10-13T18:47:21.139-0400] {logging_mixin.py:190} INFO - 392 1728856451
[2024-10-13T18:47:21.139-0400] {logging_mixin.py:190} INFO - 393 1728858418
[2024-10-13T18:47:21.140-0400] {logging_mixin.py:190} INFO - 394 1728859089
[2024-10-13T18:47:21.141-0400] {logging_mixin.py:190} INFO - 396 1728859447
[2024-10-13T18:47:21.142-0400] {logging_mixin.py:190} INFO - 397 1728858262
[2024-10-13T18:47:21.142-0400] {logging_mixin.py:190} INFO - 399 1728859526
[2024-10-13T18:47:21.143-0400] {logging_mixin.py:190} INFO - 400 1728859479
[2024-10-13T18:47:21.144-0400] {logging_mixin.py:190} INFO - 401 1728859052
[2024-10-13T18:47:21.145-0400] {logging_mixin.py:190} INFO - 403 1728859120
[2024-10-13T18:47:21.146-0400] {logging_mixin.py:190} INFO - 404 1728859401
[2024-10-13T18:47:21.146-0400] {logging_mixin.py:190} INFO - 406 1728859496
[2024-10-13T18:47:21.147-0400] {logging_mixin.py:190} INFO - 407 1728859193
[2024-10-13T18:47:21.147-0400] {logging_mixin.py:190} INFO - 408 1728859602
[2024-10-13T18:47:21.148-0400] {logging_mixin.py:190} INFO - 409 1728858048
[2024-10-13T18:47:21.149-0400] {logging_mixin.py:190} INFO - 413 1728859451
[2024-10-13T18:47:21.150-0400] {logging_mixin.py:190} INFO - 414 1728858977
[2024-10-13T18:47:21.151-0400] {logging_mixin.py:190} INFO - 417 1728858458
[2024-10-13T18:47:21.152-0400] {logging_mixin.py:190} INFO - 418 1728857000
[2024-10-13T18:47:21.153-0400] {logging_mixin.py:190} INFO - 419 1728858539
[2024-10-13T18:47:21.154-0400] {logging_mixin.py:190} INFO - 421 1728858455
[2024-10-13T18:47:21.154-0400] {logging_mixin.py:190} INFO - 422 1728859286
[2024-10-13T18:47:21.155-0400] {logging_mixin.py:190} INFO - 423 1728855897
[2024-10-13T18:47:21.156-0400] {logging_mixin.py:190} INFO - 424 1728858305
[2024-10-13T18:47:21.156-0400] {logging_mixin.py:190} INFO - 425 1728857879
[2024-10-13T18:47:21.157-0400] {logging_mixin.py:190} INFO - 426 1728859551
[2024-10-13T18:47:21.157-0400] {logging_mixin.py:190} INFO - 427 1728859277
[2024-10-13T18:47:21.158-0400] {logging_mixin.py:190} INFO - 428 1728859151
[2024-10-13T18:47:21.159-0400] {logging_mixin.py:190} INFO - 429 1728858776
[2024-10-13T18:47:21.159-0400] {logging_mixin.py:190} INFO - 430 1728858552
[2024-10-13T18:47:21.160-0400] {logging_mixin.py:190} INFO - 431 1728859274
[2024-10-13T18:47:21.160-0400] {logging_mixin.py:190} INFO - 432 1728859504
[2024-10-13T18:47:21.161-0400] {logging_mixin.py:190} INFO - 433 1728859512
[2024-10-13T18:47:21.162-0400] {logging_mixin.py:190} INFO - 437 1728859634
[2024-10-13T18:47:21.163-0400] {logging_mixin.py:190} INFO - 438 1728859243
[2024-10-13T18:47:21.164-0400] {logging_mixin.py:190} INFO - 439 1728859026
[2024-10-13T18:47:21.165-0400] {logging_mixin.py:190} INFO - 440 1728859506
[2024-10-13T18:47:21.165-0400] {logging_mixin.py:190} INFO - 441 1728856193
[2024-10-13T18:47:21.166-0400] {logging_mixin.py:190} INFO - 442 1728859246
[2024-10-13T18:47:21.167-0400] {logging_mixin.py:190} INFO - 443 1728853989
[2024-10-13T18:47:21.168-0400] {logging_mixin.py:190} INFO - 444 1728840483
[2024-10-13T18:47:21.169-0400] {logging_mixin.py:190} INFO - 445 1728853218
[2024-10-13T18:47:21.169-0400] {logging_mixin.py:190} INFO - 446 1728856170
[2024-10-13T18:47:21.170-0400] {logging_mixin.py:190} INFO - 447 1728859022
[2024-10-13T18:47:21.171-0400] {logging_mixin.py:190} INFO - 448 1728854859
[2024-10-13T18:47:21.172-0400] {logging_mixin.py:190} INFO - 452 1728858943
[2024-10-13T18:47:21.173-0400] {logging_mixin.py:190} INFO - 453 1728859606
[2024-10-13T18:47:21.173-0400] {logging_mixin.py:190} INFO - 454 1728859106
[2024-10-13T18:47:21.174-0400] {logging_mixin.py:190} INFO - 455 1728859565
[2024-10-13T18:47:21.174-0400] {logging_mixin.py:190} INFO - 456 1728857558
[2024-10-13T18:47:21.175-0400] {logging_mixin.py:190} INFO - 457 1728859619
[2024-10-13T18:47:21.176-0400] {logging_mixin.py:190} INFO - 458 1728859074
[2024-10-13T18:47:21.176-0400] {logging_mixin.py:190} INFO - 459 1728858557
[2024-10-13T18:47:21.177-0400] {logging_mixin.py:190} INFO - 460 1728859472
[2024-10-13T18:47:21.177-0400] {logging_mixin.py:190} INFO - 461 1728856988
[2024-10-13T18:47:21.178-0400] {logging_mixin.py:190} INFO - 462 1728661129
[2024-10-13T18:47:21.179-0400] {logging_mixin.py:190} INFO - 463 1728859111
[2024-10-13T18:47:21.179-0400] {logging_mixin.py:190} INFO - 464 1728858925
[2024-10-13T18:47:21.180-0400] {logging_mixin.py:190} INFO - 465 1728858797
[2024-10-13T18:47:21.180-0400] {logging_mixin.py:190} INFO - 466 1728858091
[2024-10-13T18:47:21.181-0400] {logging_mixin.py:190} INFO - 467 1728858696
[2024-10-13T18:47:21.182-0400] {logging_mixin.py:190} INFO - 468 1728850964
[2024-10-13T18:47:21.182-0400] {logging_mixin.py:190} INFO - 469 1728857247
[2024-10-13T18:47:21.183-0400] {logging_mixin.py:190} INFO - 470 1728857722
[2024-10-13T18:47:21.184-0400] {logging_mixin.py:190} INFO - 471 1728859196
[2024-10-13T18:47:21.185-0400] {logging_mixin.py:190} INFO - 472 1728857297
[2024-10-13T18:47:21.186-0400] {logging_mixin.py:190} INFO - 473 1728858598
[2024-10-13T18:47:21.187-0400] {logging_mixin.py:190} INFO - 474 1728859581
[2024-10-13T18:47:21.187-0400] {logging_mixin.py:190} INFO - 475 1728859452
[2024-10-13T18:47:21.188-0400] {logging_mixin.py:190} INFO - 476 1728859141
[2024-10-13T18:47:21.188-0400] {logging_mixin.py:190} INFO - 477 1728858790
[2024-10-13T18:47:21.189-0400] {logging_mixin.py:190} INFO - 478 1728859518
[2024-10-13T18:47:21.190-0400] {logging_mixin.py:190} INFO - 479 1728856072
[2024-10-13T18:47:21.190-0400] {logging_mixin.py:190} INFO - 480 1728857480
[2024-10-13T18:47:21.191-0400] {logging_mixin.py:190} INFO - 481 1728859610
[2024-10-13T18:47:21.191-0400] {logging_mixin.py:190} INFO - 482 1728858568
[2024-10-13T18:47:21.192-0400] {logging_mixin.py:190} INFO - 483 1728859431
[2024-10-13T18:47:21.192-0400] {logging_mixin.py:190} INFO - 484 1728859289
[2024-10-13T18:47:21.193-0400] {logging_mixin.py:190} INFO - 485 1728859236
[2024-10-13T18:47:21.194-0400] {logging_mixin.py:190} INFO - 486 1728859406
[2024-10-13T18:47:21.194-0400] {logging_mixin.py:190} INFO - 487 1728858750
[2024-10-13T18:47:21.195-0400] {logging_mixin.py:190} INFO - 489 1728859426
[2024-10-13T18:47:21.195-0400] {logging_mixin.py:190} INFO - 490 1728858746
[2024-10-13T18:47:21.196-0400] {logging_mixin.py:190} INFO - 491 1728857147
[2024-10-13T18:47:21.197-0400] {logging_mixin.py:190} INFO - 492 1728853818
[2024-10-13T18:47:21.197-0400] {logging_mixin.py:190} INFO - 493 1728857095
[2024-10-13T18:47:21.198-0400] {logging_mixin.py:190} INFO - 495 1728857318
[2024-10-13T18:47:21.198-0400] {logging_mixin.py:190} INFO - 496 1728859522
[2024-10-13T18:47:21.199-0400] {logging_mixin.py:190} INFO - 497 1728859480
[2024-10-13T18:47:21.200-0400] {logging_mixin.py:190} INFO - 498 1728859431
[2024-10-13T18:47:21.200-0400] {logging_mixin.py:190} INFO - 499 1728853886
[2024-10-13T18:47:21.201-0400] {logging_mixin.py:190} INFO - 500 1728859343
[2024-10-13T18:47:21.201-0400] {logging_mixin.py:190} INFO - 501 1728859336
[2024-10-13T18:47:21.202-0400] {logging_mixin.py:190} INFO - 502 1728858629
[2024-10-13T18:47:21.203-0400] {logging_mixin.py:190} INFO - 503 1728859438
[2024-10-13T18:47:21.204-0400] {logging_mixin.py:190} INFO - 504 1728859391
[2024-10-13T18:47:21.205-0400] {logging_mixin.py:190} INFO - 505 1728859584
[2024-10-13T18:47:21.205-0400] {logging_mixin.py:190} INFO - 508 1728859612
[2024-10-13T18:47:21.206-0400] {logging_mixin.py:190} INFO - 511 1728858703
[2024-10-13T18:47:21.207-0400] {logging_mixin.py:190} INFO - 512 1728858327
[2024-10-13T18:47:21.207-0400] {logging_mixin.py:190} INFO - 514 1728859186
[2024-10-13T18:47:21.208-0400] {logging_mixin.py:190} INFO - 515 1728856000
[2024-10-13T18:47:21.209-0400] {logging_mixin.py:190} INFO - 516 1728859597
[2024-10-13T18:47:21.209-0400] {logging_mixin.py:190} INFO - 517 1728859254
[2024-10-13T18:47:21.210-0400] {logging_mixin.py:190} INFO - 518 1728858215
[2024-10-13T18:47:21.210-0400] {logging_mixin.py:190} INFO - 519 1728859332
[2024-10-13T18:47:21.211-0400] {logging_mixin.py:190} INFO - 520 1728859043
[2024-10-13T18:47:21.212-0400] {logging_mixin.py:190} INFO - 521 1728858817
[2024-10-13T18:47:21.212-0400] {logging_mixin.py:190} INFO - 522 1728859514
[2024-10-13T18:47:21.213-0400] {logging_mixin.py:190} INFO - 523 1728858341
[2024-10-13T18:47:21.213-0400] {logging_mixin.py:190} INFO - 524 1728859431
[2024-10-13T18:47:21.214-0400] {logging_mixin.py:190} INFO - 525 1728859118
[2024-10-13T18:47:21.214-0400] {logging_mixin.py:190} INFO - 526 1728858768
[2024-10-13T18:47:21.215-0400] {logging_mixin.py:190} INFO - 527 1728858904
[2024-10-13T18:47:21.216-0400] {logging_mixin.py:190} INFO - 528 1728858534
[2024-10-13T18:47:21.216-0400] {logging_mixin.py:190} INFO - 529 1728857463
[2024-10-13T18:47:21.217-0400] {logging_mixin.py:190} INFO - 530 1728859559
[2024-10-13T18:47:21.217-0400] {logging_mixin.py:190} INFO - 531 1728858207
[2024-10-13T18:47:21.218-0400] {logging_mixin.py:190} INFO - 532 1728858146
[2024-10-13T18:47:21.219-0400] {logging_mixin.py:190} INFO - 533 1728858646
[2024-10-13T18:47:21.219-0400] {logging_mixin.py:190} INFO - 534 1728859336
[2024-10-13T18:47:21.220-0400] {logging_mixin.py:190} INFO - 535 1728857941
[2024-10-13T18:47:21.221-0400] {logging_mixin.py:190} INFO - 536 1728859233
[2024-10-13T18:47:21.222-0400] {logging_mixin.py:190} INFO - 537 1728858638
[2024-10-13T18:47:21.222-0400] {logging_mixin.py:190} INFO - 538 1728859547
[2024-10-13T18:47:21.223-0400] {logging_mixin.py:190} INFO - 539 1728859550
[2024-10-13T18:47:21.224-0400] {logging_mixin.py:190} INFO - 540 1728859592
[2024-10-13T18:47:21.224-0400] {logging_mixin.py:190} INFO - 541 1728858545
[2024-10-13T18:47:21.225-0400] {logging_mixin.py:190} INFO - 542 1728859449
[2024-10-13T18:47:21.226-0400] {logging_mixin.py:190} INFO - 543 1728859089
[2024-10-13T18:47:21.227-0400] {logging_mixin.py:190} INFO - 544 1728859034
[2024-10-13T18:47:21.228-0400] {logging_mixin.py:190} INFO - 545 1728859631
[2024-10-13T18:47:21.229-0400] {logging_mixin.py:190} INFO - 546 1728858292
[2024-10-13T18:47:21.230-0400] {logging_mixin.py:190} INFO - 547 1728859343
[2024-10-13T18:47:21.230-0400] {logging_mixin.py:190} INFO - 548 1728858736
[2024-10-13T18:47:21.231-0400] {logging_mixin.py:190} INFO - 549 1728859135
[2024-10-13T18:47:21.232-0400] {logging_mixin.py:190} INFO - 550 1728859381
[2024-10-13T18:47:21.232-0400] {logging_mixin.py:190} INFO - 551 1728858316
[2024-10-13T18:47:21.233-0400] {logging_mixin.py:190} INFO - 552 1728859241
[2024-10-13T18:47:21.234-0400] {logging_mixin.py:190} INFO - 553 1728859405
[2024-10-13T18:47:21.235-0400] {logging_mixin.py:190} INFO - 554 1728857864
[2024-10-13T18:47:21.236-0400] {logging_mixin.py:190} INFO - 555 1728859089
[2024-10-13T18:47:21.237-0400] {logging_mixin.py:190} INFO - 556 1728859395
[2024-10-13T18:47:21.237-0400] {logging_mixin.py:190} INFO - 557 1728859480
[2024-10-13T18:47:21.238-0400] {logging_mixin.py:190} INFO - 558 1728859578
[2024-10-13T18:47:21.238-0400] {logging_mixin.py:190} INFO - 559 1728852098
[2024-10-13T18:47:21.239-0400] {logging_mixin.py:190} INFO - 560 1728859500
[2024-10-13T18:47:21.240-0400] {logging_mixin.py:190} INFO - 561 1728858700
[2024-10-13T18:47:21.241-0400] {logging_mixin.py:190} INFO - 562 1728858471
[2024-10-13T18:47:21.242-0400] {logging_mixin.py:190} INFO - 563 1728859474
[2024-10-13T18:47:21.243-0400] {logging_mixin.py:190} INFO - 564 1728851862
[2024-10-13T18:47:21.243-0400] {logging_mixin.py:190} INFO - 565 1728856485
[2024-10-13T18:47:21.244-0400] {logging_mixin.py:190} INFO - 566 1728859364
[2024-10-13T18:47:21.245-0400] {logging_mixin.py:190} INFO - 567 1728858398
[2024-10-13T18:47:21.246-0400] {logging_mixin.py:190} INFO - 568 1728859511
[2024-10-13T18:47:21.248-0400] {logging_mixin.py:190} INFO - 569 1728858771
[2024-10-13T18:47:21.249-0400] {logging_mixin.py:190} INFO - 570 1728859555
[2024-10-13T18:47:21.250-0400] {logging_mixin.py:190} INFO - 571 1728858824
[2024-10-13T18:47:21.251-0400] {logging_mixin.py:190} INFO - 572 1728857717
[2024-10-13T18:47:21.251-0400] {logging_mixin.py:190} INFO - 573 1728859079
[2024-10-13T18:47:21.252-0400] {logging_mixin.py:190} INFO - 574 1728858824
[2024-10-13T18:47:21.253-0400] {logging_mixin.py:190} INFO - 575 1728859403
[2024-10-13T18:47:21.254-0400] {logging_mixin.py:190} INFO - 576 1728859635
[2024-10-13T18:47:21.255-0400] {logging_mixin.py:190} INFO - 577 1728858206
[2024-10-13T18:47:21.255-0400] {logging_mixin.py:190} INFO - 578 1728859636
[2024-10-13T18:47:21.256-0400] {logging_mixin.py:190} INFO - 579 1728858973
[2024-10-13T18:47:21.257-0400] {logging_mixin.py:190} INFO - 580 1728858455
[2024-10-13T18:47:21.258-0400] {logging_mixin.py:190} INFO - 581 1728859514
[2024-10-13T18:47:21.259-0400] {logging_mixin.py:190} INFO - 582 1728859385
[2024-10-13T18:47:21.259-0400] {logging_mixin.py:190} INFO - 583 1728858926
[2024-10-13T18:47:21.260-0400] {logging_mixin.py:190} INFO - 584 1728859538
[2024-10-13T18:47:21.261-0400] {logging_mixin.py:190} INFO - 585 1728859566
[2024-10-13T18:47:21.262-0400] {logging_mixin.py:190} INFO - 586 1728859306
[2024-10-13T18:47:21.263-0400] {logging_mixin.py:190} INFO - 587 1728854546
[2024-10-13T18:47:21.263-0400] {logging_mixin.py:190} INFO - 588 1728855606
[2024-10-13T18:47:21.264-0400] {logging_mixin.py:190} INFO - 589 1728858231
[2024-10-13T18:47:21.265-0400] {logging_mixin.py:190} INFO - 590 1728859629
[2024-10-13T18:47:21.265-0400] {logging_mixin.py:190} INFO - 591 1728859127
[2024-10-13T18:47:21.266-0400] {logging_mixin.py:190} INFO - 592 1728859462
[2024-10-13T18:47:21.267-0400] {logging_mixin.py:190} INFO - 593 1728858604
[2024-10-13T18:47:21.267-0400] {logging_mixin.py:190} INFO - 594 1728859520
[2024-10-13T18:47:21.268-0400] {logging_mixin.py:190} INFO - 595 1728859389
[2024-10-13T18:47:21.268-0400] {logging_mixin.py:190} INFO - 605 1728858752
[2024-10-13T18:47:21.269-0400] {logging_mixin.py:190} INFO - 606 1728857661
[2024-10-13T18:47:21.270-0400] {logging_mixin.py:190} INFO - 607 1728858922
[2024-10-13T18:47:21.270-0400] {logging_mixin.py:190} INFO - 608 1728859558
[2024-10-13T18:47:21.271-0400] {logging_mixin.py:190} INFO - 609 1728859633
[2024-10-13T18:47:21.272-0400] {logging_mixin.py:190} INFO - 610 1728855952
[2024-10-13T18:47:21.272-0400] {logging_mixin.py:190} INFO - 611 1728859616
[2024-10-13T18:47:21.273-0400] {logging_mixin.py:190} INFO - 612 1728854419
[2024-10-13T18:47:21.273-0400] {logging_mixin.py:190} INFO - 613 1728853870
[2024-10-13T18:47:21.274-0400] {logging_mixin.py:190} INFO - 614 1728856956
[2024-10-13T18:47:21.275-0400] {logging_mixin.py:190} INFO - 617 1728859601
[2024-10-13T18:47:21.275-0400] {logging_mixin.py:190} INFO - 618 1728858150
[2024-10-13T18:47:21.276-0400] {logging_mixin.py:190} INFO - 619 1728859533
[2024-10-13T18:47:21.276-0400] {logging_mixin.py:190} INFO - 620 1728859500
[2024-10-13T18:47:21.277-0400] {logging_mixin.py:190} INFO - 621 1728856463
[2024-10-13T18:47:21.278-0400] {logging_mixin.py:190} INFO - 622 1728859310
[2024-10-13T18:47:21.278-0400] {logging_mixin.py:190} INFO - 623 1728858277
[2024-10-13T18:47:21.279-0400] {logging_mixin.py:190} INFO - 624 1728854326
[2024-10-13T18:47:21.279-0400] {logging_mixin.py:190} INFO - 625 1728859115
[2024-10-13T18:47:21.280-0400] {logging_mixin.py:190} INFO - 626 1728859066
[2024-10-13T18:47:21.281-0400] {logging_mixin.py:190} INFO - 627 1728853073
[2024-10-13T18:47:21.281-0400] {logging_mixin.py:190} INFO - 628 1728859570
[2024-10-13T18:47:21.282-0400] {logging_mixin.py:190} INFO - 629 1728857431
[2024-10-13T18:47:21.282-0400] {logging_mixin.py:190} INFO - 630 1728858408
[2024-10-13T18:47:21.283-0400] {logging_mixin.py:190} INFO - 631 1728858143
[2024-10-13T18:47:21.284-0400] {logging_mixin.py:190} INFO - 632 1728859241
[2024-10-13T18:47:21.284-0400] {logging_mixin.py:190} INFO - 633 1728850624
[2024-10-13T18:47:21.285-0400] {logging_mixin.py:190} INFO - 634 1728859212
[2024-10-13T18:47:21.285-0400] {logging_mixin.py:190} INFO - 635 1728859196
[2024-10-13T18:47:21.286-0400] {logging_mixin.py:190} INFO - 636 1728855842
[2024-10-13T18:47:21.287-0400] {logging_mixin.py:190} INFO - 637 1728846385
[2024-10-13T18:47:21.287-0400] {logging_mixin.py:190} INFO - 638 1728855805
[2024-10-13T18:47:21.288-0400] {logging_mixin.py:190} INFO - 639 1728859006
[2024-10-13T18:47:21.288-0400] {logging_mixin.py:190} INFO - 640 1728858626
[2024-10-13T18:47:21.289-0400] {logging_mixin.py:190} INFO - 641 1728858975
[2024-10-13T18:47:21.290-0400] {logging_mixin.py:190} INFO - 642 1728856952
[2024-10-13T18:47:21.291-0400] {logging_mixin.py:190} INFO - 643 1728859185
[2024-10-13T18:47:21.292-0400] {logging_mixin.py:190} INFO - 644 1728858868
[2024-10-13T18:47:21.292-0400] {logging_mixin.py:190} INFO - 645 1728855258
[2024-10-13T18:47:21.293-0400] {logging_mixin.py:190} INFO - 646 1728859618
[2024-10-13T18:47:21.293-0400] {logging_mixin.py:190} INFO - 647 1728859394
[2024-10-13T18:47:21.294-0400] {logging_mixin.py:190} INFO - 648 1728858769
[2024-10-13T18:47:21.295-0400] {logging_mixin.py:190} INFO - 649 1728859539
[2024-10-13T18:47:21.295-0400] {logging_mixin.py:190} INFO - 650 1728851653
[2024-10-13T18:47:21.296-0400] {logging_mixin.py:190} INFO - 651 1728858823
[2024-10-13T18:47:21.297-0400] {logging_mixin.py:190} INFO - 652 1728859356
[2024-10-13T18:47:21.297-0400] {logging_mixin.py:190} INFO - 653 1728858245
[2024-10-13T18:47:21.298-0400] {logging_mixin.py:190} INFO - 654 1728857964
[2024-10-13T18:47:21.299-0400] {logging_mixin.py:190} INFO - 655 1728853640
[2024-10-13T18:47:21.299-0400] {logging_mixin.py:190} INFO - 656 1728858680
[2024-10-13T18:47:21.300-0400] {logging_mixin.py:190} INFO - 657 1728854324
[2024-10-13T18:47:21.301-0400] {logging_mixin.py:190} INFO - 658 1728858084
[2024-10-13T18:47:21.301-0400] {logging_mixin.py:190} INFO - 659 1728859012
[2024-10-13T18:47:21.302-0400] {logging_mixin.py:190} INFO - 660 1728859458
[2024-10-13T18:47:21.303-0400] {logging_mixin.py:190} INFO - 661 1728859212
[2024-10-13T18:47:21.304-0400] {logging_mixin.py:190} INFO - 662 1728827473
[2024-10-13T18:47:21.305-0400] {logging_mixin.py:190} INFO - 663 1728859424
[2024-10-13T18:47:21.306-0400] {logging_mixin.py:190} INFO - 664 1728857494
[2024-10-13T18:47:21.306-0400] {logging_mixin.py:190} INFO - 665 1728859206
[2024-10-13T18:47:21.307-0400] {logging_mixin.py:190} INFO - 666 1728852528
[2024-10-13T18:47:21.308-0400] {logging_mixin.py:190} INFO - 667 1728859209
[2024-10-13T18:47:21.308-0400] {logging_mixin.py:190} INFO - 668 1728859089
[2024-10-13T18:47:21.309-0400] {logging_mixin.py:190} INFO - 669 1728852449
[2024-10-13T18:47:21.309-0400] {logging_mixin.py:190} INFO - 670 1728858207
[2024-10-13T18:47:21.310-0400] {logging_mixin.py:190} INFO - 671 1728858651
[2024-10-13T18:47:21.311-0400] {logging_mixin.py:190} INFO - 672 1728858317
[2024-10-13T18:47:21.312-0400] {logging_mixin.py:190} INFO - 673 1728856881
[2024-10-13T18:47:21.313-0400] {logging_mixin.py:190} INFO - 674 1728858287
[2024-10-13T18:47:21.314-0400] {logging_mixin.py:190} INFO - 675 1728858854
[2024-10-13T18:47:21.314-0400] {logging_mixin.py:190} INFO - 676 1728858993
[2024-10-13T18:47:21.315-0400] {logging_mixin.py:190} INFO - 681 1728859202
[2024-10-13T18:47:21.316-0400] {logging_mixin.py:190} INFO - 682 1728854077
[2024-10-13T18:47:21.316-0400] {logging_mixin.py:190} INFO - 683 1728841475
[2024-10-13T18:47:21.317-0400] {logging_mixin.py:190} INFO - 684 1728856351
[2024-10-13T18:47:21.318-0400] {logging_mixin.py:190} INFO - 685 1728856310
[2024-10-13T18:47:21.318-0400] {logging_mixin.py:190} INFO - 686 1728843635
[2024-10-13T18:47:21.319-0400] {logging_mixin.py:190} INFO - 687 1728853205
[2024-10-13T18:47:21.320-0400] {logging_mixin.py:190} INFO - 688 1728856620
[2024-10-13T18:47:21.321-0400] {logging_mixin.py:190} INFO - 692 1728859354
[2024-10-13T18:47:21.321-0400] {logging_mixin.py:190} INFO - 693 1728791696
[2024-10-13T18:47:21.322-0400] {logging_mixin.py:190} INFO - 694 1728859627
[2024-10-13T18:47:21.323-0400] {logging_mixin.py:190} INFO - 695 1728859618
[2024-10-13T18:47:21.324-0400] {logging_mixin.py:190} INFO - 696 1728859551
[2024-10-13T18:47:21.325-0400] {logging_mixin.py:190} INFO - 697 1728859586
[2024-10-13T18:47:21.325-0400] {logging_mixin.py:190} INFO - 698 1728859388
[2024-10-13T18:47:21.326-0400] {logging_mixin.py:190} INFO - 699 1728859355
[2024-10-13T18:47:21.326-0400] {logging_mixin.py:190} INFO - 700 1728859511
[2024-10-13T18:47:21.327-0400] {logging_mixin.py:190} INFO - 701 1728859408
[2024-10-13T18:47:21.328-0400] {logging_mixin.py:190} INFO - 702 1728859494
[2024-10-13T18:47:21.328-0400] {logging_mixin.py:190} INFO - 703 1728859545
[2024-10-13T18:47:21.329-0400] {logging_mixin.py:190} INFO - 704 1728859376
[2024-10-13T18:47:21.329-0400] {logging_mixin.py:190} INFO - 705 1728859409
[2024-10-13T18:47:21.330-0400] {logging_mixin.py:190} INFO - 706 1728859611
[2024-10-13T18:47:21.331-0400] {logging_mixin.py:190} INFO - 707 1728859580
[2024-10-13T18:47:21.332-0400] {logging_mixin.py:190} INFO - 708 1728859345
[2024-10-13T18:47:21.333-0400] {logging_mixin.py:190} INFO - 709 1728859525
[2024-10-13T18:47:21.334-0400] {logging_mixin.py:190} INFO - 710 1728859402
[2024-10-13T18:47:21.334-0400] {logging_mixin.py:190} INFO - 711 1728859414
[2024-10-13T18:47:21.335-0400] {logging_mixin.py:190} INFO - 712 1728859566
[2024-10-13T18:47:21.336-0400] {logging_mixin.py:190} INFO - 716 1728859493
[2024-10-13T18:47:21.337-0400] {logging_mixin.py:190} INFO - 717 1728859484
[2024-10-13T18:47:21.338-0400] {logging_mixin.py:190} INFO - 718 1728859559
[2024-10-13T18:47:21.339-0400] {logging_mixin.py:190} INFO - 719 1728859342
[2024-10-13T18:47:21.339-0400] {logging_mixin.py:190} INFO - 720 1728859587
[2024-10-13T18:47:21.340-0400] {logging_mixin.py:190} INFO - 721 1728859598
[2024-10-13T18:47:21.341-0400] {logging_mixin.py:190} INFO - 722 1728859359
[2024-10-13T18:47:21.341-0400] {logging_mixin.py:190} INFO - 723 1728859596
[2024-10-13T18:47:21.342-0400] {logging_mixin.py:190} INFO - 724 1728859531
[2024-10-13T18:47:21.343-0400] {logging_mixin.py:190} INFO - 725 1728859351
[2024-10-13T18:47:21.344-0400] {logging_mixin.py:190} INFO - 726 1728859415
[2024-10-13T18:47:21.344-0400] {logging_mixin.py:190} INFO - 727 1728859479
[2024-10-13T18:47:21.345-0400] {logging_mixin.py:190} INFO - 728 1728859401
[2024-10-13T18:47:21.345-0400] {logging_mixin.py:190} INFO - 729 1728859619
[2024-10-13T18:47:21.346-0400] {logging_mixin.py:190} INFO - 730 1728859515
[2024-10-13T18:47:21.347-0400] {logging_mixin.py:190} INFO - 731 1728859451
[2024-10-13T18:47:21.348-0400] {logging_mixin.py:190} INFO - 732 1728859633
[2024-10-13T18:47:21.349-0400] {logging_mixin.py:190} INFO - 733 1728859497
[2024-10-13T18:47:21.349-0400] {logging_mixin.py:190} INFO - 734 1728859045
[2024-10-13T18:47:21.350-0400] {logging_mixin.py:190} INFO - 735 1728859617
[2024-10-13T18:47:21.351-0400] {logging_mixin.py:190} INFO - 736 1728859573
[2024-10-13T18:47:21.351-0400] {logging_mixin.py:190} INFO - 737 1728859587
[2024-10-13T18:47:21.352-0400] {logging_mixin.py:190} INFO - 738 1728859373
[2024-10-13T18:47:21.352-0400] {logging_mixin.py:190} INFO - 739 1728859583
[2024-10-13T18:47:21.354-0400] {logging_mixin.py:190} INFO - 740 1728859575
[2024-10-13T18:47:21.354-0400] {logging_mixin.py:190} INFO - 741 1728859500
[2024-10-13T18:47:21.355-0400] {logging_mixin.py:190} INFO - 742 1728859501
[2024-10-13T18:47:21.356-0400] {logging_mixin.py:190} INFO - 743 1728859371
[2024-10-13T18:47:21.356-0400] {logging_mixin.py:190} INFO - 744 1728859383
[2024-10-13T18:47:21.357-0400] {logging_mixin.py:190} INFO - 745 1728859469
[2024-10-13T18:47:21.357-0400] {logging_mixin.py:190} INFO - 746 1728859388
[2024-10-13T18:47:21.358-0400] {logging_mixin.py:190} INFO - 747 1728859488
[2024-10-13T18:47:21.359-0400] {logging_mixin.py:190} INFO - 748 1728859602
[2024-10-13T18:47:21.359-0400] {logging_mixin.py:190} INFO - 749 1728859397
[2024-10-13T18:47:21.360-0400] {logging_mixin.py:190} INFO - 750 1728859376
[2024-10-13T18:47:21.360-0400] {logging_mixin.py:190} INFO - 751 1728859637
[2024-10-13T18:47:21.361-0400] {logging_mixin.py:190} INFO - 752 1728859632
[2024-10-13T18:47:21.362-0400] {logging_mixin.py:190} INFO - 753 1728859564
[2024-10-13T18:47:21.362-0400] {logging_mixin.py:190} INFO - 754 1728859516
[2024-10-13T18:47:21.363-0400] {logging_mixin.py:190} INFO - 755 1728859590
[2024-10-13T18:47:21.363-0400] {logging_mixin.py:190} INFO - 756 1728859626
[2024-10-13T18:47:21.364-0400] {logging_mixin.py:190} INFO - 757 1728859633
[2024-10-13T18:47:21.365-0400] {logging_mixin.py:190} INFO - 758 1728859347
[2024-10-13T18:47:21.366-0400] {logging_mixin.py:190} INFO - 759 1728859529
[2024-10-13T18:47:21.367-0400] {logging_mixin.py:190} INFO - 760 1728859358
[2024-10-13T18:47:21.368-0400] {logging_mixin.py:190} INFO - 761 1728859563
[2024-10-13T18:47:21.369-0400] {logging_mixin.py:190} INFO - 762 1728859414
[2024-10-13T18:47:21.369-0400] {logging_mixin.py:190} INFO - 768 1728859532
[2024-10-13T18:47:21.370-0400] {logging_mixin.py:190} INFO - 769 1728859391
[2024-10-13T18:47:21.371-0400] {logging_mixin.py:190} INFO - 770 1728859406
[2024-10-13T18:47:21.372-0400] {logging_mixin.py:190} INFO - 771 1728859563
[2024-10-13T18:47:21.373-0400] {logging_mixin.py:190} INFO - 772 1728859454
[2024-10-13T18:47:21.374-0400] {logging_mixin.py:190} INFO - 773 1728859371
[2024-10-13T18:47:21.375-0400] {logging_mixin.py:190} INFO - 774 1728859431
[2024-10-13T18:47:21.375-0400] {logging_mixin.py:190} INFO - 775 1728859600
[2024-10-13T18:47:21.376-0400] {logging_mixin.py:190} INFO - 776 1728859549
[2024-10-13T18:47:21.377-0400] {logging_mixin.py:190} INFO - 777 1728859592
[2024-10-13T18:47:21.377-0400] {logging_mixin.py:190} INFO - 778 1728859547
[2024-10-13T18:47:21.378-0400] {logging_mixin.py:190} INFO - 779 1728859539
[2024-10-13T18:47:21.378-0400] {logging_mixin.py:190} INFO - 780 1728859529
[2024-10-13T18:47:21.379-0400] {logging_mixin.py:190} INFO - 781 1728859365
[2024-10-13T18:47:21.380-0400] {logging_mixin.py:190} INFO - 782 1728859499
[2024-10-13T18:47:21.380-0400] {logging_mixin.py:190} INFO - 783 1728859636
[2024-10-13T18:47:21.381-0400] {logging_mixin.py:190} INFO - 784 1728859407
[2024-10-13T18:47:21.381-0400] {logging_mixin.py:190} INFO - 785 1728859439
[2024-10-13T18:47:21.382-0400] {logging_mixin.py:190} INFO - 786 1728859456
[2024-10-13T18:47:21.382-0400] {logging_mixin.py:190} INFO - 787 1728859621
[2024-10-13T18:47:21.383-0400] {logging_mixin.py:190} INFO - 788 1728859416
[2024-10-13T18:47:21.384-0400] {logging_mixin.py:190} INFO - 789 1728859598
[2024-10-13T18:47:21.384-0400] {logging_mixin.py:190} INFO - 790 1728859483
[2024-10-13T18:47:21.385-0400] {logging_mixin.py:190} INFO - 791 1728859423
[2024-10-13T18:47:21.385-0400] {logging_mixin.py:190} INFO - 793 1728859389
[2024-10-13T18:47:21.386-0400] {logging_mixin.py:190} INFO - 794 1728859461
[2024-10-13T18:47:21.387-0400] {logging_mixin.py:190} INFO - 795 1728859463
[2024-10-13T18:47:21.388-0400] {logging_mixin.py:190} INFO - 796 1728859573
[2024-10-13T18:47:21.388-0400] {logging_mixin.py:190} INFO - 797 1728859376
[2024-10-13T18:47:21.389-0400] {logging_mixin.py:190} INFO - 798 1728859604
[2024-10-13T18:47:21.390-0400] {logging_mixin.py:190} INFO - 799 1728859383
[2024-10-13T18:47:21.391-0400] {logging_mixin.py:190} INFO - 800 1728859555
[2024-10-13T18:47:21.393-0400] {logging_mixin.py:190} INFO - 801 1728859464
[2024-10-13T18:47:21.394-0400] {logging_mixin.py:190} INFO - 802 1728859510
[2024-10-13T18:47:21.395-0400] {logging_mixin.py:190} INFO - 803 1728859444
[2024-10-13T18:47:21.395-0400] {logging_mixin.py:190} INFO - 806 1728859425
[2024-10-13T18:47:21.396-0400] {logging_mixin.py:190} INFO - 807 1728859605
[2024-10-13T18:47:21.397-0400] {logging_mixin.py:190} INFO - 808 1728859623
[2024-10-13T18:47:21.397-0400] {logging_mixin.py:190} INFO - 809 1728859601
[2024-10-13T18:47:21.398-0400] {logging_mixin.py:190} INFO - 810 1728859468
[2024-10-13T18:47:21.399-0400] {logging_mixin.py:190} INFO - 815 1728859628
[2024-10-13T18:47:21.399-0400] {logging_mixin.py:190} INFO - 816 1728859412
[2024-10-13T18:47:21.400-0400] {logging_mixin.py:190} INFO - 817 1728859570
[2024-10-13T18:47:21.401-0400] {logging_mixin.py:190} INFO - 818 1728859387
[2024-10-13T18:47:21.402-0400] {logging_mixin.py:190} INFO - 819 1728859538
[2024-10-13T18:47:21.402-0400] {logging_mixin.py:190} INFO - 820 1728859566
[2024-10-13T18:47:21.403-0400] {logging_mixin.py:190} INFO - 821 1728859623
[2024-10-13T18:47:21.404-0400] {logging_mixin.py:190} INFO - 822 1728859572
[2024-10-13T18:47:21.405-0400] {logging_mixin.py:190} INFO - 823 1728859411
[2024-10-13T18:47:21.406-0400] {logging_mixin.py:190} INFO - 824 1728859487
[2024-10-13T18:47:21.407-0400] {logging_mixin.py:190} INFO - 825 1728859386
[2024-10-13T18:47:21.408-0400] {logging_mixin.py:190} INFO - 826 1728859516
[2024-10-13T18:47:21.409-0400] {logging_mixin.py:190} INFO - 827 1728859613
[2024-10-13T18:47:21.410-0400] {logging_mixin.py:190} INFO - 828 1728859624
[2024-10-13T18:47:21.411-0400] {logging_mixin.py:190} INFO - 829 1728859566
[2024-10-13T18:47:21.412-0400] {logging_mixin.py:190} INFO - 830 1728859401
[2024-10-13T18:47:21.413-0400] {logging_mixin.py:190} INFO - 831 1728859524
[2024-10-13T18:47:21.414-0400] {logging_mixin.py:190} INFO - 832 1728859619
[2024-10-13T18:47:21.415-0400] {logging_mixin.py:190} INFO - 833 1728859418
[2024-10-13T18:47:21.415-0400] {logging_mixin.py:190} INFO - 834 1728859587
[2024-10-13T18:47:21.416-0400] {logging_mixin.py:190} INFO - 835 1728823460
[2024-10-13T18:47:21.417-0400] {logging_mixin.py:190} INFO - 836 1728859418
[2024-10-13T18:47:21.417-0400] {logging_mixin.py:190} INFO - 837 1728859504
[2024-10-13T18:47:21.418-0400] {logging_mixin.py:190} INFO - 838 1728859437
[2024-10-13T18:47:21.419-0400] {logging_mixin.py:190} INFO - 839 1728859607
[2024-10-13T18:47:21.420-0400] {logging_mixin.py:190} INFO - 840 1728859617
[2024-10-13T18:47:21.421-0400] {logging_mixin.py:190} INFO - 841 1728859570
[2024-10-13T18:47:21.422-0400] {logging_mixin.py:190} INFO - 842 1728859393
[2024-10-13T18:47:21.424-0400] {logging_mixin.py:190} INFO - 843 1728859601
[2024-10-13T18:47:21.425-0400] {logging_mixin.py:190} INFO - 844 1728859439
[2024-10-13T18:47:21.426-0400] {logging_mixin.py:190} INFO - 845 1728859336
[2024-10-13T18:47:21.427-0400] {logging_mixin.py:190} INFO - 846 1728855135
[2024-10-13T18:47:21.428-0400] {logging_mixin.py:190} INFO - 847 1728859628
[2024-10-13T18:47:21.429-0400] {logging_mixin.py:190} INFO - 848 1728859483
[2024-10-13T18:47:21.429-0400] {logging_mixin.py:190} INFO - 849 1728859435
[2024-10-13T18:47:21.430-0400] {logging_mixin.py:190} INFO - 850 1728859548
[2024-10-13T18:47:21.431-0400] {logging_mixin.py:190} INFO - 851 1728859581
[2024-10-13T18:47:21.432-0400] {logging_mixin.py:190} INFO - 852 1728859556
[2024-10-13T18:47:21.432-0400] {logging_mixin.py:190} INFO - 853 1728705308
[2024-10-13T18:47:21.433-0400] {logging_mixin.py:190} INFO - 854 1728859476
[2024-10-13T18:47:21.433-0400] {logging_mixin.py:190} INFO - 855 1728859603
[2024-10-13T18:47:21.434-0400] {logging_mixin.py:190} INFO - 857 1728859535
[2024-10-13T18:47:21.435-0400] {logging_mixin.py:190} INFO - 858 1728859469
[2024-10-13T18:47:21.435-0400] {logging_mixin.py:190} INFO - 859 1728859587
[2024-10-13T18:47:21.436-0400] {logging_mixin.py:190} INFO - 860 1728859550
[2024-10-13T18:47:21.437-0400] {logging_mixin.py:190} INFO - 861 1728859401
[2024-10-13T18:47:21.438-0400] {logging_mixin.py:190} INFO - 862 1728859587
[2024-10-13T18:47:21.439-0400] {logging_mixin.py:190} INFO - 863 1728859463
[2024-10-13T18:47:21.440-0400] {logging_mixin.py:190} INFO - 866 1728859437
[2024-10-13T18:47:21.441-0400] {logging_mixin.py:190} INFO - 867 1728791982
[2024-10-13T18:47:21.442-0400] {logging_mixin.py:190} INFO - 868 1728859414
[2024-10-13T18:47:21.443-0400] {logging_mixin.py:190} INFO - 870 1728859629
[2024-10-13T18:47:21.444-0400] {logging_mixin.py:190} INFO - 871 1728619102
[2024-10-13T18:47:21.445-0400] {logging_mixin.py:190} INFO - 872 1728859616
[2024-10-13T18:47:21.446-0400] {logging_mixin.py:190} INFO - 873 1728859624
[2024-10-13T18:47:21.447-0400] {logging_mixin.py:190} INFO - 874 1728859609
[2024-10-13T18:47:21.448-0400] {logging_mixin.py:190} INFO - 875 1728859358
[2024-10-13T18:47:21.448-0400] {logging_mixin.py:190} INFO - 877 1728859473
[2024-10-13T18:47:21.449-0400] {logging_mixin.py:190} INFO - 878 1728859578
[2024-10-13T18:47:21.450-0400] {logging_mixin.py:190} INFO - 879 1728859489
[2024-10-13T18:47:21.451-0400] {logging_mixin.py:190} INFO - 880 1728859601
[2024-10-13T18:47:21.451-0400] {logging_mixin.py:190} INFO - 881 1728859613
[2024-10-13T18:47:21.452-0400] {logging_mixin.py:190} INFO - 882 1728859469
[2024-10-13T18:47:21.453-0400] {logging_mixin.py:190} INFO - 883 1728859604
[2024-10-13T18:47:21.454-0400] {logging_mixin.py:190} INFO - 884 1728859467
[2024-10-13T18:47:21.455-0400] {logging_mixin.py:190} INFO - 885 1728859368
[2024-10-13T18:47:21.456-0400] {logging_mixin.py:190} INFO - 886 1728859610
[2024-10-13T18:47:21.456-0400] {logging_mixin.py:190} INFO - 887 1728859564
[2024-10-13T18:47:21.457-0400] {logging_mixin.py:190} INFO - 888 1728859500
[2024-10-13T18:47:21.457-0400] {logging_mixin.py:190} INFO - 889 1728859563
[2024-10-13T18:47:21.458-0400] {logging_mixin.py:190} INFO - 890 1728859561
[2024-10-13T18:47:21.459-0400] {logging_mixin.py:190} INFO - 891 1728859523
[2024-10-13T18:47:21.459-0400] {logging_mixin.py:190} INFO - 892 1728859601
[2024-10-13T18:47:21.460-0400] {logging_mixin.py:190} INFO - 895 1728859511
[2024-10-13T18:47:21.461-0400] {logging_mixin.py:190} INFO - 896 1728859486
[2024-10-13T18:47:21.462-0400] {logging_mixin.py:190} INFO - 897 1728859391
[2024-10-13T18:47:21.463-0400] {logging_mixin.py:190} INFO - 898 1728859615
[2024-10-13T18:47:21.464-0400] {logging_mixin.py:190} INFO - 899 1728859550
[2024-10-13T18:47:21.465-0400] {logging_mixin.py:190} INFO - 900 1728859535
[2024-10-13T18:47:21.466-0400] {logging_mixin.py:190} INFO - 901 1728859619
[2024-10-13T18:47:21.467-0400] {logging_mixin.py:190} INFO - 902 1728859504
[2024-10-13T18:47:21.468-0400] {logging_mixin.py:190} INFO - 903 1728859450
[2024-10-13T18:47:21.469-0400] {logging_mixin.py:190} INFO - 904 1728859596
[2024-10-13T18:47:21.470-0400] {logging_mixin.py:190} INFO - 905 1728859486
[2024-10-13T18:47:21.471-0400] {logging_mixin.py:190} INFO - 906 1728859576
[2024-10-13T18:47:21.472-0400] {logging_mixin.py:190} INFO - 907 1728859552
[2024-10-13T18:47:21.472-0400] {logging_mixin.py:190} INFO - 908 1728859587
[2024-10-13T18:47:21.473-0400] {logging_mixin.py:190} INFO - 909 1728859422
[2024-10-13T18:47:21.474-0400] {logging_mixin.py:190} INFO - 910 1728859608
[2024-10-13T18:47:21.475-0400] {logging_mixin.py:190} INFO - 911 1728859338
[2024-10-13T18:47:21.476-0400] {logging_mixin.py:190} INFO - 912 1728859585
[2024-10-13T18:47:21.477-0400] {logging_mixin.py:190} INFO - 913 1728859346
[2024-10-13T18:47:21.478-0400] {logging_mixin.py:190} INFO - 914 1728859557
[2024-10-13T18:47:21.478-0400] {logging_mixin.py:190} INFO - 915 1728859431
[2024-10-13T18:47:21.479-0400] {logging_mixin.py:190} INFO - 916 1728859537
[2024-10-13T18:47:21.480-0400] {logging_mixin.py:190} INFO - 917 1728859626
[2024-10-13T18:47:21.481-0400] {logging_mixin.py:190} INFO - 918 1728859593
[2024-10-13T18:47:21.482-0400] {logging_mixin.py:190} INFO - 919 1728859585
[2024-10-13T18:47:21.483-0400] {logging_mixin.py:190} INFO - 920 1728859332
[2024-10-13T18:47:21.483-0400] {logging_mixin.py:190} INFO - 921 1728859540
[2024-10-13T18:47:21.484-0400] {logging_mixin.py:190} INFO - 922 1728859348
[2024-10-13T18:47:21.485-0400] {logging_mixin.py:190} INFO - 923 1728859579
[2024-10-13T18:47:21.486-0400] {logging_mixin.py:190} INFO - 924 1728859393
[2024-10-13T18:47:21.487-0400] {logging_mixin.py:190} INFO - 925 1728859596
[2024-10-13T18:47:21.488-0400] {logging_mixin.py:190} INFO - 926 1728859420
[2024-10-13T18:47:21.488-0400] {logging_mixin.py:190} INFO - 927 1728859515
[2024-10-13T18:47:21.489-0400] {logging_mixin.py:190} INFO - 928 1728859519
[2024-10-13T18:47:21.490-0400] {logging_mixin.py:190} INFO - 929 1728859539
[2024-10-13T18:47:21.490-0400] {logging_mixin.py:190} INFO - 930 1728859576
[2024-10-13T18:47:21.491-0400] {logging_mixin.py:190} INFO - 931 1728859596
[2024-10-13T18:47:21.492-0400] {logging_mixin.py:190} INFO - 932 1728859558
[2024-10-13T18:47:21.493-0400] {logging_mixin.py:190} INFO - 933 1728859609
[2024-10-13T18:47:21.493-0400] {logging_mixin.py:190} INFO - 934 1728859460
[2024-10-13T18:47:21.494-0400] {logging_mixin.py:190} INFO - 935 1728859547
[2024-10-13T18:47:21.495-0400] {logging_mixin.py:190} INFO - 936 1728859431
[2024-10-13T18:47:21.496-0400] {logging_mixin.py:190} INFO - 940 1728857841
[2024-10-13T18:47:21.497-0400] {logging_mixin.py:190} INFO - 941 1728859405
[2024-10-13T18:47:21.498-0400] {logging_mixin.py:190} INFO - 942 1728859602
[2024-10-13T18:47:21.499-0400] {logging_mixin.py:190} INFO - 943 1728859498
[2024-10-13T18:47:21.500-0400] {logging_mixin.py:190} INFO - 944 1728859494
[2024-10-13T18:47:21.501-0400] {logging_mixin.py:190} INFO - 945 1728859589
[2024-10-13T18:47:21.502-0400] {logging_mixin.py:190} INFO - 946 1728859585
[2024-10-13T18:47:21.503-0400] {logging_mixin.py:190} INFO - 947 1728859632
[2024-10-13T18:47:21.504-0400] {logging_mixin.py:190} INFO - 948 1728859591
[2024-10-13T18:47:21.505-0400] {logging_mixin.py:190} INFO - 949 1728859459
[2024-10-13T18:47:21.506-0400] {logging_mixin.py:190} INFO - 950 1728859375
[2024-10-13T18:47:21.506-0400] {logging_mixin.py:190} INFO - 951 1728859375
[2024-10-13T18:47:21.507-0400] {logging_mixin.py:190} INFO - 952 1728859627
[2024-10-13T18:47:21.507-0400] {logging_mixin.py:190} INFO - 953 1728859518
[2024-10-13T18:47:21.508-0400] {logging_mixin.py:190} INFO - 954 1728859350
[2024-10-13T18:47:21.509-0400] {logging_mixin.py:190} INFO - 955 1728859468
[2024-10-13T18:47:21.509-0400] {logging_mixin.py:190} INFO - 956 1728859461
[2024-10-13T18:47:21.510-0400] {logging_mixin.py:190} INFO - 957 1728859414
[2024-10-13T18:47:21.511-0400] {logging_mixin.py:190} INFO - 958 1728859585
[2024-10-13T18:47:21.511-0400] {logging_mixin.py:190} INFO - 959 1728859401
[2024-10-13T18:47:21.512-0400] {logging_mixin.py:190} INFO - 960 1728859411
[2024-10-13T18:47:21.513-0400] {logging_mixin.py:190} INFO - 961 1728859431
[2024-10-13T18:47:21.514-0400] {logging_mixin.py:190} INFO - 962 1728859410
[2024-10-13T18:47:21.515-0400] {logging_mixin.py:190} INFO - 963 1728859490
[2024-10-13T18:47:21.517-0400] {logging_mixin.py:190} INFO - 964 1728859612
[2024-10-13T18:47:21.517-0400] {logging_mixin.py:190} INFO - 965 1728859559
[2024-10-13T18:47:21.518-0400] {logging_mixin.py:190} INFO - 966 1728859476
[2024-10-13T18:47:21.520-0400] {logging_mixin.py:190} INFO - 967 1728859609
[2024-10-13T18:47:21.520-0400] {logging_mixin.py:190} INFO - 968 1728859594
[2024-10-13T18:47:21.521-0400] {logging_mixin.py:190} INFO - 969 1728859562
[2024-10-13T18:47:21.522-0400] {logging_mixin.py:190} INFO - 970 1728859635
[2024-10-13T18:47:21.523-0400] {logging_mixin.py:190} INFO - 971 1728859412
[2024-10-13T18:47:21.524-0400] {logging_mixin.py:190} INFO - 977 1728859500
[2024-10-13T18:47:21.525-0400] {logging_mixin.py:190} INFO - 978 1728859413
[2024-10-13T18:47:21.526-0400] {logging_mixin.py:190} INFO - 979 1728859491
[2024-10-13T18:47:21.527-0400] {logging_mixin.py:190} INFO - 980 1728859535
[2024-10-13T18:47:21.528-0400] {logging_mixin.py:190} INFO - 981 1728859396
[2024-10-13T18:47:21.529-0400] {logging_mixin.py:190} INFO - 982 1728859402
[2024-10-13T18:47:21.530-0400] {logging_mixin.py:190} INFO - 983 1728859526
[2024-10-13T18:47:21.530-0400] {logging_mixin.py:190} INFO - 984 1728791847
[2024-10-13T18:47:21.531-0400] {logging_mixin.py:190} INFO - 985 1728859514
[2024-10-13T18:47:21.532-0400] {logging_mixin.py:190} INFO - 986 1728859492
[2024-10-13T18:47:21.533-0400] {logging_mixin.py:190} INFO - 987 1728859582
[2024-10-13T18:47:21.533-0400] {logging_mixin.py:190} INFO - 988 1728859493
[2024-10-13T18:47:21.534-0400] {logging_mixin.py:190} INFO - 989 1728859516
[2024-10-13T18:47:21.535-0400] {logging_mixin.py:190} INFO - 990 1727957747
[2024-10-13T18:47:21.535-0400] {logging_mixin.py:190} INFO - 991 1727957013
[2024-10-13T18:47:21.536-0400] {logging_mixin.py:190} INFO - 992 1728791897
[2024-10-13T18:47:21.537-0400] {logging_mixin.py:190} INFO - 993 1728859345
[2024-10-13T18:47:21.538-0400] {logging_mixin.py:190} INFO - 994 86400
[2024-10-13T18:47:21.579-0400] {python.py:240} INFO - Done. Returned value was: None
[2024-10-13T18:47:21.586-0400] {taskinstance.py:340} INFO - ::group::Post task execution logs
[2024-10-13T18:47:21.588-0400] {taskinstance.py:352} INFO - Marking task as SUCCESS. dag_id=bixi_etl_pipeline, task_id=extract_task, run_id=manual__2024-10-13T22:47:04.256111+00:00, execution_date=20241013T224704, start_date=20241013T224719, end_date=20241013T224721
[2024-10-13T18:47:21.598-0400] {logging_mixin.py:190} INFO - Task instance in success state
[2024-10-13T18:47:21.599-0400] {logging_mixin.py:190} INFO -  Previous state of the Task instance: running
[2024-10-13T18:47:21.599-0400] {logging_mixin.py:190} INFO - Dag name:bixi_etl_pipeline queued_at:2024-10-13 22:47:04.288035+00:00
[2024-10-13T18:47:21.600-0400] {logging_mixin.py:190} INFO - Task hostname:karendembp.home operator:PythonOperator
[2024-10-13T18:47:21.627-0400] {local_task_job_runner.py:266} INFO - Task exited with return code 0
[2024-10-13T18:47:21.659-0400] {taskinstance.py:3900} INFO - 1 downstream tasks scheduled from follow-on schedule check
[2024-10-13T18:47:21.661-0400] {local_task_job_runner.py:245} INFO - ::endgroup::
