[2024-10-13T19:27:16.037-0400] {local_task_job_runner.py:123} INFO - ::group::Pre task execution logs
[2024-10-13T19:27:16.053-0400] {taskinstance.py:2612} INFO - Dependencies all met for dep_context=non-requeueable deps ti=<TaskInstance: bixi_etl_pipeline.extract_task manual__2024-10-13T23:26:59.549398+00:00 [queued]>
[2024-10-13T19:27:16.062-0400] {taskinstance.py:2612} INFO - Dependencies all met for dep_context=requeueable deps ti=<TaskInstance: bixi_etl_pipeline.extract_task manual__2024-10-13T23:26:59.549398+00:00 [queued]>
[2024-10-13T19:27:16.063-0400] {taskinstance.py:2865} INFO - Starting attempt 1 of 1
[2024-10-13T19:27:16.084-0400] {taskinstance.py:2888} INFO - Executing <Task(PythonOperator): extract_task> on 2024-10-13 23:26:59.549398+00:00
[2024-10-13T19:27:16.095-0400] {standard_task_runner.py:72} INFO - Started process 14725 to run task
[2024-10-13T19:27:16.102-0400] {clientserver.py:543} INFO - Closing down clientserver connection
[2024-10-13T19:27:16.115-0400] {standard_task_runner.py:104} INFO - Running: ['airflow', 'tasks', 'run', 'bixi_etl_pipeline', 'extract_task', 'manual__2024-10-13T23:26:59.549398+00:00', '--job-id', '227', '--raw', '--subdir', 'DAGS_FOLDER/bixi_etl_pipeline.py', '--cfg-path', '/var/folders/bj/4z3t139j7xj2qng4wk4y16ym0000gn/T/tmpfgetljtg']
[2024-10-13T19:27:16.116-0400] {standard_task_runner.py:105} INFO - Job 227: Subtask extract_task
[2024-10-13T19:27:16.201-0400] {task_command.py:467} INFO - Running <TaskInstance: bixi_etl_pipeline.extract_task manual__2024-10-13T23:26:59.549398+00:00 [running]> on host karendembp.home
[2024-10-13T19:27:16.555-0400] {taskinstance.py:3131} INFO - Exporting env vars: AIRFLOW_CTX_DAG_OWNER='airflow' AIRFLOW_CTX_DAG_ID='bixi_etl_pipeline' AIRFLOW_CTX_TASK_ID='extract_task' AIRFLOW_CTX_EXECUTION_DATE='2024-10-13T23:26:59.549398+00:00' AIRFLOW_CTX_TRY_NUMBER='1' AIRFLOW_CTX_DAG_RUN_ID='manual__2024-10-13T23:26:59.549398+00:00'
[2024-10-13T19:27:16.556-0400] {logging_mixin.py:190} INFO - Task instance is in running state
[2024-10-13T19:27:16.557-0400] {logging_mixin.py:190} INFO -  Previous state of the Task instance: queued
[2024-10-13T19:27:16.558-0400] {logging_mixin.py:190} INFO - Current task name:extract_task state:running start_date:2024-10-13 23:27:16.054081+00:00
[2024-10-13T19:27:16.559-0400] {logging_mixin.py:190} INFO - Dag name:bixi_etl_pipeline and current dag run status:running
[2024-10-13T19:27:16.560-0400] {taskinstance.py:731} INFO - ::endgroup::
[2024-10-13T19:27:16.968-0400] {python.py:240} INFO - Done. Returned value was: None
[2024-10-13T19:27:16.976-0400] {taskinstance.py:340} INFO - ::group::Post task execution logs
[2024-10-13T19:27:16.977-0400] {taskinstance.py:352} INFO - Marking task as SUCCESS. dag_id=bixi_etl_pipeline, task_id=extract_task, run_id=manual__2024-10-13T23:26:59.549398+00:00, execution_date=20241013T232659, start_date=20241013T232716, end_date=20241013T232716
[2024-10-13T19:27:16.989-0400] {logging_mixin.py:190} INFO - Task instance in success state
[2024-10-13T19:27:16.990-0400] {logging_mixin.py:190} INFO -  Previous state of the Task instance: running
[2024-10-13T19:27:16.991-0400] {logging_mixin.py:190} INFO - Dag name:bixi_etl_pipeline queued_at:2024-10-13 23:26:59.572200+00:00
[2024-10-13T19:27:16.992-0400] {logging_mixin.py:190} INFO - Task hostname:karendembp.home operator:PythonOperator
[2024-10-13T19:27:17.039-0400] {local_task_job_runner.py:266} INFO - Task exited with return code 0
[2024-10-13T19:27:17.078-0400] {taskinstance.py:3900} INFO - 1 downstream tasks scheduled from follow-on schedule check
[2024-10-13T19:27:17.080-0400] {local_task_job_runner.py:245} INFO - ::endgroup::
