[2024-10-13T02:37:58.101-0400] {local_task_job_runner.py:123} INFO - ::group::Pre task execution logs
[2024-10-13T02:37:58.122-0400] {taskinstance.py:2612} INFO - Dependencies all met for dep_context=non-requeueable deps ti=<TaskInstance: bixi_etl_pipeline.transform_task manual__2024-10-13T06:37:21.688193+00:00 [queued]>
[2024-10-13T02:37:58.131-0400] {taskinstance.py:2612} INFO - Dependencies all met for dep_context=requeueable deps ti=<TaskInstance: bixi_etl_pipeline.transform_task manual__2024-10-13T06:37:21.688193+00:00 [queued]>
[2024-10-13T02:37:58.132-0400] {taskinstance.py:2865} INFO - Starting attempt 1 of 1
[2024-10-13T02:37:58.151-0400] {taskinstance.py:2888} INFO - Executing <Task(PythonOperator): transform_task> on 2024-10-13 06:37:21.688193+00:00
[2024-10-13T02:37:58.163-0400] {standard_task_runner.py:72} INFO - Started process 12412 to run task
[2024-10-13T02:37:58.169-0400] {clientserver.py:543} INFO - Closing down clientserver connection
[2024-10-13T02:37:58.183-0400] {standard_task_runner.py:104} INFO - Running: ['airflow', 'tasks', 'run', 'bixi_etl_pipeline', 'transform_task', 'manual__2024-10-13T06:37:21.688193+00:00', '--job-id', '155', '--raw', '--subdir', 'DAGS_FOLDER/bixi_etl_pipeline.py', '--cfg-path', '/var/folders/bj/4z3t139j7xj2qng4wk4y16ym0000gn/T/tmp3ngb82og']
[2024-10-13T02:37:58.184-0400] {standard_task_runner.py:105} INFO - Job 155: Subtask transform_task
[2024-10-13T02:37:58.256-0400] {task_command.py:467} INFO - Running <TaskInstance: bixi_etl_pipeline.transform_task manual__2024-10-13T06:37:21.688193+00:00 [running]> on host karendembp.home
[2024-10-13T02:37:58.561-0400] {taskinstance.py:3131} INFO - Exporting env vars: AIRFLOW_CTX_DAG_OWNER='airflow' AIRFLOW_CTX_DAG_ID='bixi_etl_pipeline' AIRFLOW_CTX_TASK_ID='transform_task' AIRFLOW_CTX_EXECUTION_DATE='2024-10-13T06:37:21.688193+00:00' AIRFLOW_CTX_TRY_NUMBER='1' AIRFLOW_CTX_DAG_RUN_ID='manual__2024-10-13T06:37:21.688193+00:00'
[2024-10-13T02:37:58.563-0400] {logging_mixin.py:190} INFO - Task instance is in running state
[2024-10-13T02:37:58.564-0400] {logging_mixin.py:190} INFO -  Previous state of the Task instance: queued
[2024-10-13T02:37:58.565-0400] {logging_mixin.py:190} INFO - Current task name:transform_task state:running start_date:2024-10-13 06:37:58.123210+00:00
[2024-10-13T02:37:58.566-0400] {logging_mixin.py:190} INFO - Dag name:bixi_etl_pipeline and current dag run status:running
[2024-10-13T02:37:58.567-0400] {taskinstance.py:731} INFO - ::endgroup::
[2024-10-13T02:38:04.288-0400] {python.py:240} INFO - Done. Returned value was: None
[2024-10-13T02:38:04.295-0400] {taskinstance.py:340} INFO - ::group::Post task execution logs
[2024-10-13T02:38:04.296-0400] {taskinstance.py:352} INFO - Marking task as SUCCESS. dag_id=bixi_etl_pipeline, task_id=transform_task, run_id=manual__2024-10-13T06:37:21.688193+00:00, execution_date=20241013T063721, start_date=20241013T063758, end_date=20241013T063804
[2024-10-13T02:38:04.308-0400] {logging_mixin.py:190} INFO - Task instance in success state
[2024-10-13T02:38:04.309-0400] {logging_mixin.py:190} INFO -  Previous state of the Task instance: running
[2024-10-13T02:38:04.310-0400] {logging_mixin.py:190} INFO - Dag name:bixi_etl_pipeline queued_at:2024-10-13 06:37:21.729104+00:00
[2024-10-13T02:38:04.311-0400] {logging_mixin.py:190} INFO - Task hostname:karendembp.home operator:PythonOperator
[2024-10-13T02:38:04.336-0400] {local_task_job_runner.py:266} INFO - Task exited with return code 0
[2024-10-13T02:38:04.360-0400] {taskinstance.py:3900} INFO - 1 downstream tasks scheduled from follow-on schedule check
[2024-10-13T02:38:04.362-0400] {local_task_job_runner.py:245} INFO - ::endgroup::
