[2024-10-13T02:42:05.153-0400] {local_task_job_runner.py:123} INFO - ::group::Pre task execution logs
[2024-10-13T02:42:05.173-0400] {taskinstance.py:2612} INFO - Dependencies all met for dep_context=non-requeueable deps ti=<TaskInstance: bixi_etl_pipeline.extract_task manual__2024-10-13T06:41:45.525161+00:00 [queued]>
[2024-10-13T02:42:05.181-0400] {taskinstance.py:2612} INFO - Dependencies all met for dep_context=requeueable deps ti=<TaskInstance: bixi_etl_pipeline.extract_task manual__2024-10-13T06:41:45.525161+00:00 [queued]>
[2024-10-13T02:42:05.181-0400] {taskinstance.py:2865} INFO - Starting attempt 1 of 1
[2024-10-13T02:42:05.202-0400] {taskinstance.py:2888} INFO - Executing <Task(PythonOperator): extract_task> on 2024-10-13 06:41:45.525161+00:00
[2024-10-13T02:42:05.211-0400] {standard_task_runner.py:72} INFO - Started process 13720 to run task
[2024-10-13T02:42:05.219-0400] {clientserver.py:543} INFO - Closing down clientserver connection
[2024-10-13T02:42:05.231-0400] {standard_task_runner.py:104} INFO - Running: ['airflow', 'tasks', 'run', 'bixi_etl_pipeline', 'extract_task', 'manual__2024-10-13T06:41:45.525161+00:00', '--job-id', '158', '--raw', '--subdir', 'DAGS_FOLDER/bixi_etl_pipeline.py', '--cfg-path', '/var/folders/bj/4z3t139j7xj2qng4wk4y16ym0000gn/T/tmp5e5r1o21']
[2024-10-13T02:42:05.232-0400] {standard_task_runner.py:105} INFO - Job 158: Subtask extract_task
[2024-10-13T02:42:05.326-0400] {task_command.py:467} INFO - Running <TaskInstance: bixi_etl_pipeline.extract_task manual__2024-10-13T06:41:45.525161+00:00 [running]> on host karendembp.home
[2024-10-13T02:42:05.648-0400] {taskinstance.py:3131} INFO - Exporting env vars: AIRFLOW_CTX_DAG_OWNER='airflow' AIRFLOW_CTX_DAG_ID='bixi_etl_pipeline' AIRFLOW_CTX_TASK_ID='extract_task' AIRFLOW_CTX_EXECUTION_DATE='2024-10-13T06:41:45.525161+00:00' AIRFLOW_CTX_TRY_NUMBER='1' AIRFLOW_CTX_DAG_RUN_ID='manual__2024-10-13T06:41:45.525161+00:00'
[2024-10-13T02:42:05.650-0400] {logging_mixin.py:190} INFO - Task instance is in running state
[2024-10-13T02:42:05.651-0400] {logging_mixin.py:190} INFO -  Previous state of the Task instance: queued
[2024-10-13T02:42:05.652-0400] {logging_mixin.py:190} INFO - Current task name:extract_task state:running start_date:2024-10-13 06:42:05.173405+00:00
[2024-10-13T02:42:05.653-0400] {logging_mixin.py:190} INFO - Dag name:bixi_etl_pipeline and current dag run status:running
[2024-10-13T02:42:05.654-0400] {taskinstance.py:731} INFO - ::endgroup::
[2024-10-13T02:42:06.080-0400] {python.py:240} INFO - Done. Returned value was: None
[2024-10-13T02:42:06.090-0400] {taskinstance.py:340} INFO - ::group::Post task execution logs
[2024-10-13T02:42:06.093-0400] {taskinstance.py:352} INFO - Marking task as SUCCESS. dag_id=bixi_etl_pipeline, task_id=extract_task, run_id=manual__2024-10-13T06:41:45.525161+00:00, execution_date=20241013T064145, start_date=20241013T064205, end_date=20241013T064206
[2024-10-13T02:42:06.102-0400] {logging_mixin.py:190} INFO - Task instance in success state
[2024-10-13T02:42:06.103-0400] {logging_mixin.py:190} INFO -  Previous state of the Task instance: running
[2024-10-13T02:42:06.104-0400] {logging_mixin.py:190} INFO - Dag name:bixi_etl_pipeline queued_at:2024-10-13 06:41:45.546520+00:00
[2024-10-13T02:42:06.105-0400] {logging_mixin.py:190} INFO - Task hostname:karendembp.home operator:PythonOperator
[2024-10-13T02:42:06.153-0400] {local_task_job_runner.py:266} INFO - Task exited with return code 0
[2024-10-13T02:42:06.188-0400] {taskinstance.py:3900} INFO - 1 downstream tasks scheduled from follow-on schedule check
[2024-10-13T02:42:06.190-0400] {local_task_job_runner.py:245} INFO - ::endgroup::
