[2024-10-13T18:10:45.665-0400] {local_task_job_runner.py:123} INFO - ::group::Pre task execution logs
[2024-10-13T18:10:45.683-0400] {taskinstance.py:2612} INFO - Dependencies all met for dep_context=non-requeueable deps ti=<TaskInstance: bixi_etl_pipeline.extract_task manual__2024-10-13T22:10:20.926514+00:00 [queued]>
[2024-10-13T18:10:45.692-0400] {taskinstance.py:2612} INFO - Dependencies all met for dep_context=requeueable deps ti=<TaskInstance: bixi_etl_pipeline.extract_task manual__2024-10-13T22:10:20.926514+00:00 [queued]>
[2024-10-13T18:10:45.692-0400] {taskinstance.py:2865} INFO - Starting attempt 1 of 1
[2024-10-13T18:10:45.709-0400] {taskinstance.py:2888} INFO - Executing <Task(PythonOperator): extract_task> on 2024-10-13 22:10:20.926514+00:00
[2024-10-13T18:10:45.720-0400] {standard_task_runner.py:72} INFO - Started process 89958 to run task
[2024-10-13T18:10:45.727-0400] {clientserver.py:543} INFO - Closing down clientserver connection
[2024-10-13T18:10:45.739-0400] {standard_task_runner.py:104} INFO - Running: ['airflow', 'tasks', 'run', 'bixi_etl_pipeline', 'extract_task', 'manual__2024-10-13T22:10:20.926514+00:00', '--job-id', '200', '--raw', '--subdir', 'DAGS_FOLDER/bixi_etl_pipeline.py', '--cfg-path', '/var/folders/bj/4z3t139j7xj2qng4wk4y16ym0000gn/T/tmpinrt1msb']
[2024-10-13T18:10:45.740-0400] {standard_task_runner.py:105} INFO - Job 200: Subtask extract_task
[2024-10-13T18:10:45.815-0400] {task_command.py:467} INFO - Running <TaskInstance: bixi_etl_pipeline.extract_task manual__2024-10-13T22:10:20.926514+00:00 [running]> on host karendembp.home
[2024-10-13T18:10:46.147-0400] {taskinstance.py:3131} INFO - Exporting env vars: AIRFLOW_CTX_DAG_OWNER='airflow' AIRFLOW_CTX_DAG_ID='bixi_etl_pipeline' AIRFLOW_CTX_TASK_ID='extract_task' AIRFLOW_CTX_EXECUTION_DATE='2024-10-13T22:10:20.926514+00:00' AIRFLOW_CTX_TRY_NUMBER='1' AIRFLOW_CTX_DAG_RUN_ID='manual__2024-10-13T22:10:20.926514+00:00'
[2024-10-13T18:10:46.149-0400] {logging_mixin.py:190} INFO - Task instance is in running state
[2024-10-13T18:10:46.150-0400] {logging_mixin.py:190} INFO -  Previous state of the Task instance: queued
[2024-10-13T18:10:46.151-0400] {logging_mixin.py:190} INFO - Current task name:extract_task state:running start_date:2024-10-13 22:10:45.683699+00:00
[2024-10-13T18:10:46.152-0400] {logging_mixin.py:190} INFO - Dag name:bixi_etl_pipeline and current dag run status:running
[2024-10-13T18:10:46.153-0400] {taskinstance.py:731} INFO - ::endgroup::
[2024-10-13T18:10:46.610-0400] {logging_mixin.py:190} INFO - 1 1728856872
[2024-10-13T18:10:46.612-0400] {logging_mixin.py:190} INFO - 2 1728857166
[2024-10-13T18:10:46.613-0400] {logging_mixin.py:190} INFO - 3 1728856827
[2024-10-13T18:10:46.614-0400] {logging_mixin.py:190} INFO - 4 1728855843
[2024-10-13T18:10:46.615-0400] {logging_mixin.py:190} INFO - 5 1728853785
[2024-10-13T18:10:46.616-0400] {logging_mixin.py:190} INFO - 6 1728857142
[2024-10-13T18:10:46.617-0400] {logging_mixin.py:190} INFO - 7 1728857342
[2024-10-13T18:10:46.618-0400] {logging_mixin.py:190} INFO - 8 1728857404
[2024-10-13T18:10:46.619-0400] {logging_mixin.py:190} INFO - 9 1728857404
[2024-10-13T18:10:46.620-0400] {logging_mixin.py:190} INFO - 10 1728853478
[2024-10-13T18:10:46.621-0400] {logging_mixin.py:190} INFO - 11 1728857235
[2024-10-13T18:10:46.622-0400] {logging_mixin.py:190} INFO - 12 1728856990
[2024-10-13T18:10:46.623-0400] {logging_mixin.py:190} INFO - 13 1728857133
[2024-10-13T18:10:46.624-0400] {logging_mixin.py:190} INFO - 14 1728857156
[2024-10-13T18:10:46.625-0400] {logging_mixin.py:190} INFO - 15 1728857207
[2024-10-13T18:10:46.626-0400] {logging_mixin.py:190} INFO - 16 1728852968
[2024-10-13T18:10:46.627-0400] {logging_mixin.py:190} INFO - 17 1728856640
[2024-10-13T18:10:46.628-0400] {logging_mixin.py:190} INFO - 18 1728857242
[2024-10-13T18:10:46.629-0400] {logging_mixin.py:190} INFO - 19 1728857039
[2024-10-13T18:10:46.630-0400] {logging_mixin.py:190} INFO - 20 1728856878
[2024-10-13T18:10:46.631-0400] {logging_mixin.py:190} INFO - 21 1728856372
[2024-10-13T18:10:46.632-0400] {logging_mixin.py:190} INFO - 22 1728857016
[2024-10-13T18:10:46.633-0400] {logging_mixin.py:190} INFO - 24 1728856053
[2024-10-13T18:10:46.634-0400] {logging_mixin.py:190} INFO - 25 1728857421
[2024-10-13T18:10:46.635-0400] {logging_mixin.py:190} INFO - 26 1728856095
[2024-10-13T18:10:46.636-0400] {logging_mixin.py:190} INFO - 28 1728856012
[2024-10-13T18:10:46.637-0400] {logging_mixin.py:190} INFO - 30 1728857267
[2024-10-13T18:10:46.638-0400] {logging_mixin.py:190} INFO - 31 1728857214
[2024-10-13T18:10:46.638-0400] {logging_mixin.py:190} INFO - 32 1728856972
[2024-10-13T18:10:46.639-0400] {logging_mixin.py:190} INFO - 34 1728856500
[2024-10-13T18:10:46.640-0400] {logging_mixin.py:190} INFO - 35 1728857211
[2024-10-13T18:10:46.641-0400] {logging_mixin.py:190} INFO - 36 1728857025
[2024-10-13T18:10:46.641-0400] {logging_mixin.py:190} INFO - 37 1728857432
[2024-10-13T18:10:46.642-0400] {logging_mixin.py:190} INFO - 38 1728856820
[2024-10-13T18:10:46.643-0400] {logging_mixin.py:190} INFO - 39 1728857341
[2024-10-13T18:10:46.644-0400] {logging_mixin.py:190} INFO - 40 1728857433
[2024-10-13T18:10:46.645-0400] {logging_mixin.py:190} INFO - 41 1728855189
[2024-10-13T18:10:46.646-0400] {logging_mixin.py:190} INFO - 43 1728855397
[2024-10-13T18:10:46.647-0400] {logging_mixin.py:190} INFO - 45 1728857311
[2024-10-13T18:10:46.648-0400] {logging_mixin.py:190} INFO - 46 1728856943
[2024-10-13T18:10:46.649-0400] {logging_mixin.py:190} INFO - 47 1728857216
[2024-10-13T18:10:46.650-0400] {logging_mixin.py:190} INFO - 48 1728855146
[2024-10-13T18:10:46.651-0400] {logging_mixin.py:190} INFO - 49 1728856283
[2024-10-13T18:10:46.652-0400] {logging_mixin.py:190} INFO - 50 1728857407
[2024-10-13T18:10:46.653-0400] {logging_mixin.py:190} INFO - 51 1728857317
[2024-10-13T18:10:46.654-0400] {logging_mixin.py:190} INFO - 52 1728857328
[2024-10-13T18:10:46.655-0400] {logging_mixin.py:190} INFO - 55 1728855430
[2024-10-13T18:10:46.655-0400] {logging_mixin.py:190} INFO - 56 1728856973
[2024-10-13T18:10:46.656-0400] {logging_mixin.py:190} INFO - 57 1728857062
[2024-10-13T18:10:46.657-0400] {logging_mixin.py:190} INFO - 59 1728857431
[2024-10-13T18:10:46.658-0400] {logging_mixin.py:190} INFO - 60 1728857422
[2024-10-13T18:10:46.659-0400] {logging_mixin.py:190} INFO - 61 1728857374
[2024-10-13T18:10:46.660-0400] {logging_mixin.py:190} INFO - 62 1728857424
[2024-10-13T18:10:46.661-0400] {logging_mixin.py:190} INFO - 63 1728856085
[2024-10-13T18:10:46.662-0400] {logging_mixin.py:190} INFO - 64 1728856955
[2024-10-13T18:10:46.663-0400] {logging_mixin.py:190} INFO - 65 1728856113
[2024-10-13T18:10:46.663-0400] {logging_mixin.py:190} INFO - 67 1728856980
[2024-10-13T18:10:46.664-0400] {logging_mixin.py:190} INFO - 68 1728857167
[2024-10-13T18:10:46.665-0400] {logging_mixin.py:190} INFO - 69 1728856943
[2024-10-13T18:10:46.666-0400] {logging_mixin.py:190} INFO - 71 1728857347
[2024-10-13T18:10:46.667-0400] {logging_mixin.py:190} INFO - 72 1728856625
[2024-10-13T18:10:46.668-0400] {logging_mixin.py:190} INFO - 73 1728857394
[2024-10-13T18:10:46.669-0400] {logging_mixin.py:190} INFO - 74 1728855728
[2024-10-13T18:10:46.670-0400] {logging_mixin.py:190} INFO - 75 1728857180
[2024-10-13T18:10:46.671-0400] {logging_mixin.py:190} INFO - 76 1728857281
[2024-10-13T18:10:46.672-0400] {logging_mixin.py:190} INFO - 77 1728857256
[2024-10-13T18:10:46.673-0400] {logging_mixin.py:190} INFO - 78 1728857397
[2024-10-13T18:10:46.674-0400] {logging_mixin.py:190} INFO - 79 1728856389
[2024-10-13T18:10:46.675-0400] {logging_mixin.py:190} INFO - 80 1728857213
[2024-10-13T18:10:46.675-0400] {logging_mixin.py:190} INFO - 81 1728857288
[2024-10-13T18:10:46.676-0400] {logging_mixin.py:190} INFO - 82 1728857357
[2024-10-13T18:10:46.677-0400] {logging_mixin.py:190} INFO - 83 1728857304
[2024-10-13T18:10:46.678-0400] {logging_mixin.py:190} INFO - 84 1728856748
[2024-10-13T18:10:46.679-0400] {logging_mixin.py:190} INFO - 85 1728856037
[2024-10-13T18:10:46.680-0400] {logging_mixin.py:190} INFO - 86 1728856559
[2024-10-13T18:10:46.681-0400] {logging_mixin.py:190} INFO - 87 1728857166
[2024-10-13T18:10:46.682-0400] {logging_mixin.py:190} INFO - 88 1728857345
[2024-10-13T18:10:46.683-0400] {logging_mixin.py:190} INFO - 89 1728857397
[2024-10-13T18:10:46.684-0400] {logging_mixin.py:190} INFO - 91 1728856746
[2024-10-13T18:10:46.685-0400] {logging_mixin.py:190} INFO - 92 1728857389
[2024-10-13T18:10:46.686-0400] {logging_mixin.py:190} INFO - 93 1728855432
[2024-10-13T18:10:46.687-0400] {logging_mixin.py:190} INFO - 94 1728856404
[2024-10-13T18:10:46.688-0400] {logging_mixin.py:190} INFO - 95 1728856565
[2024-10-13T18:10:46.689-0400] {logging_mixin.py:190} INFO - 96 1728857402
[2024-10-13T18:10:46.690-0400] {logging_mixin.py:190} INFO - 97 1728856974
[2024-10-13T18:10:46.690-0400] {logging_mixin.py:190} INFO - 99 1728856866
[2024-10-13T18:10:46.691-0400] {logging_mixin.py:190} INFO - 100 1728856802
[2024-10-13T18:10:46.692-0400] {logging_mixin.py:190} INFO - 101 1728857398
[2024-10-13T18:10:46.693-0400] {logging_mixin.py:190} INFO - 102 1728857349
[2024-10-13T18:10:46.693-0400] {logging_mixin.py:190} INFO - 103 1728857160
[2024-10-13T18:10:46.694-0400] {logging_mixin.py:190} INFO - 105 1728856971
[2024-10-13T18:10:46.695-0400] {logging_mixin.py:190} INFO - 106 1728856624
[2024-10-13T18:10:46.696-0400] {logging_mixin.py:190} INFO - 107 1728857423
[2024-10-13T18:10:46.697-0400] {logging_mixin.py:190} INFO - 108 1728857169
[2024-10-13T18:10:46.698-0400] {logging_mixin.py:190} INFO - 109 1728856844
[2024-10-13T18:10:46.699-0400] {logging_mixin.py:190} INFO - 110 1728857209
[2024-10-13T18:10:46.700-0400] {logging_mixin.py:190} INFO - 111 1728857389
[2024-10-13T18:10:46.701-0400] {logging_mixin.py:190} INFO - 112 1728854550
[2024-10-13T18:10:46.702-0400] {logging_mixin.py:190} INFO - 113 1728857355
[2024-10-13T18:10:46.703-0400] {logging_mixin.py:190} INFO - 114 1728854967
[2024-10-13T18:10:46.704-0400] {logging_mixin.py:190} INFO - 115 1728857315
[2024-10-13T18:10:46.705-0400] {logging_mixin.py:190} INFO - 116 1728857187
[2024-10-13T18:10:46.706-0400] {logging_mixin.py:190} INFO - 118 1728857357
[2024-10-13T18:10:46.707-0400] {logging_mixin.py:190} INFO - 119 1728857127
[2024-10-13T18:10:46.708-0400] {logging_mixin.py:190} INFO - 120 1728856936
[2024-10-13T18:10:46.709-0400] {logging_mixin.py:190} INFO - 121 1728857411
[2024-10-13T18:10:46.710-0400] {logging_mixin.py:190} INFO - 122 1728857230
[2024-10-13T18:10:46.711-0400] {logging_mixin.py:190} INFO - 123 1728856792
[2024-10-13T18:10:46.712-0400] {logging_mixin.py:190} INFO - 124 1728857358
[2024-10-13T18:10:46.713-0400] {logging_mixin.py:190} INFO - 125 1728856419
[2024-10-13T18:10:46.714-0400] {logging_mixin.py:190} INFO - 126 1728856740
[2024-10-13T18:10:46.716-0400] {logging_mixin.py:190} INFO - 127 1728857418
[2024-10-13T18:10:46.717-0400] {logging_mixin.py:190} INFO - 128 1728857327
[2024-10-13T18:10:46.718-0400] {logging_mixin.py:190} INFO - 129 1728856910
[2024-10-13T18:10:46.719-0400] {logging_mixin.py:190} INFO - 131 1728857403
[2024-10-13T18:10:46.720-0400] {logging_mixin.py:190} INFO - 132 1728856393
[2024-10-13T18:10:46.721-0400] {logging_mixin.py:190} INFO - 133 1728857143
[2024-10-13T18:10:46.722-0400] {logging_mixin.py:190} INFO - 134 1728857320
[2024-10-13T18:10:46.723-0400] {logging_mixin.py:190} INFO - 135 1728856752
[2024-10-13T18:10:46.724-0400] {logging_mixin.py:190} INFO - 136 1728857292
[2024-10-13T18:10:46.725-0400] {logging_mixin.py:190} INFO - 137 1728857248
[2024-10-13T18:10:46.726-0400] {logging_mixin.py:190} INFO - 138 1728857013
[2024-10-13T18:10:46.727-0400] {logging_mixin.py:190} INFO - 139 1728856872
[2024-10-13T18:10:46.728-0400] {logging_mixin.py:190} INFO - 140 1728857376
[2024-10-13T18:10:46.729-0400] {logging_mixin.py:190} INFO - 141 1728857379
[2024-10-13T18:10:46.730-0400] {logging_mixin.py:190} INFO - 142 1728857085
[2024-10-13T18:10:46.731-0400] {logging_mixin.py:190} INFO - 143 1728857377
[2024-10-13T18:10:46.732-0400] {logging_mixin.py:190} INFO - 144 1728857429
[2024-10-13T18:10:46.733-0400] {logging_mixin.py:190} INFO - 145 1728857094
[2024-10-13T18:10:46.734-0400] {logging_mixin.py:190} INFO - 146 1728856080
[2024-10-13T18:10:46.735-0400] {logging_mixin.py:190} INFO - 147 1728856686
[2024-10-13T18:10:46.736-0400] {logging_mixin.py:190} INFO - 148 1728857327
[2024-10-13T18:10:46.737-0400] {logging_mixin.py:190} INFO - 149 1728857069
[2024-10-13T18:10:46.738-0400] {logging_mixin.py:190} INFO - 150 1728857229
[2024-10-13T18:10:46.739-0400] {logging_mixin.py:190} INFO - 151 1728857291
[2024-10-13T18:10:46.740-0400] {logging_mixin.py:190} INFO - 152 1728857309
[2024-10-13T18:10:46.740-0400] {logging_mixin.py:190} INFO - 153 1728857362
[2024-10-13T18:10:46.741-0400] {logging_mixin.py:190} INFO - 154 1728857412
[2024-10-13T18:10:46.742-0400] {logging_mixin.py:190} INFO - 155 1728856462
[2024-10-13T18:10:46.743-0400] {logging_mixin.py:190} INFO - 156 1728857247
[2024-10-13T18:10:46.744-0400] {logging_mixin.py:190} INFO - 157 1728857373
[2024-10-13T18:10:46.744-0400] {logging_mixin.py:190} INFO - 158 1728857418
[2024-10-13T18:10:46.745-0400] {logging_mixin.py:190} INFO - 159 1728855617
[2024-10-13T18:10:46.746-0400] {logging_mixin.py:190} INFO - 160 1728857232
[2024-10-13T18:10:46.747-0400] {logging_mixin.py:190} INFO - 161 1728856707
[2024-10-13T18:10:46.748-0400] {logging_mixin.py:190} INFO - 162 1728857073
[2024-10-13T18:10:46.749-0400] {logging_mixin.py:190} INFO - 163 1728857261
[2024-10-13T18:10:46.750-0400] {logging_mixin.py:190} INFO - 164 1728857372
[2024-10-13T18:10:46.751-0400] {logging_mixin.py:190} INFO - 165 1728857431
[2024-10-13T18:10:46.753-0400] {logging_mixin.py:190} INFO - 166 1728857238
[2024-10-13T18:10:46.754-0400] {logging_mixin.py:190} INFO - 167 1728856992
[2024-10-13T18:10:46.756-0400] {logging_mixin.py:190} INFO - 168 1728857003
[2024-10-13T18:10:46.757-0400] {logging_mixin.py:190} INFO - 169 1728857329
[2024-10-13T18:10:46.758-0400] {logging_mixin.py:190} INFO - 170 1728857430
[2024-10-13T18:10:46.759-0400] {logging_mixin.py:190} INFO - 171 1728856715
[2024-10-13T18:10:46.760-0400] {logging_mixin.py:190} INFO - 173 1728856755
[2024-10-13T18:10:46.761-0400] {logging_mixin.py:190} INFO - 174 1728857258
[2024-10-13T18:10:46.762-0400] {logging_mixin.py:190} INFO - 176 1728857347
[2024-10-13T18:10:46.763-0400] {logging_mixin.py:190} INFO - 177 1728857198
[2024-10-13T18:10:46.765-0400] {logging_mixin.py:190} INFO - 178 1728857063
[2024-10-13T18:10:46.766-0400] {logging_mixin.py:190} INFO - 179 1728857421
[2024-10-13T18:10:46.767-0400] {logging_mixin.py:190} INFO - 180 1728857411
[2024-10-13T18:10:46.768-0400] {logging_mixin.py:190} INFO - 181 1728857032
[2024-10-13T18:10:46.769-0400] {logging_mixin.py:190} INFO - 182 1728857099
[2024-10-13T18:10:46.770-0400] {logging_mixin.py:190} INFO - 183 1728857428
[2024-10-13T18:10:46.771-0400] {logging_mixin.py:190} INFO - 184 1728857419
[2024-10-13T18:10:46.772-0400] {logging_mixin.py:190} INFO - 185 1728854879
[2024-10-13T18:10:46.773-0400] {logging_mixin.py:190} INFO - 186 1728857170
[2024-10-13T18:10:46.774-0400] {logging_mixin.py:190} INFO - 187 1728857087
[2024-10-13T18:10:46.775-0400] {logging_mixin.py:190} INFO - 188 1728855700
[2024-10-13T18:10:46.776-0400] {logging_mixin.py:190} INFO - 189 1728857146
[2024-10-13T18:10:46.777-0400] {logging_mixin.py:190} INFO - 190 1728857357
[2024-10-13T18:10:46.778-0400] {logging_mixin.py:190} INFO - 191 1728857353
[2024-10-13T18:10:46.780-0400] {logging_mixin.py:190} INFO - 192 1728856597
[2024-10-13T18:10:46.781-0400] {logging_mixin.py:190} INFO - 193 1728856968
[2024-10-13T18:10:46.782-0400] {logging_mixin.py:190} INFO - 194 1728856887
[2024-10-13T18:10:46.783-0400] {logging_mixin.py:190} INFO - 195 1728856191
[2024-10-13T18:10:46.783-0400] {logging_mixin.py:190} INFO - 196 1728857176
[2024-10-13T18:10:46.784-0400] {logging_mixin.py:190} INFO - 197 1728856317
[2024-10-13T18:10:46.785-0400] {logging_mixin.py:190} INFO - 198 1728857413
[2024-10-13T18:10:46.786-0400] {logging_mixin.py:190} INFO - 199 1728857139
[2024-10-13T18:10:46.787-0400] {logging_mixin.py:190} INFO - 200 1728855801
[2024-10-13T18:10:46.788-0400] {logging_mixin.py:190} INFO - 201 1728857335
[2024-10-13T18:10:46.789-0400] {logging_mixin.py:190} INFO - 202 1728854252
[2024-10-13T18:10:46.790-0400] {logging_mixin.py:190} INFO - 203 1728857435
[2024-10-13T18:10:46.791-0400] {logging_mixin.py:190} INFO - 204 1728857389
[2024-10-13T18:10:46.792-0400] {logging_mixin.py:190} INFO - 205 1728857305
[2024-10-13T18:10:46.793-0400] {logging_mixin.py:190} INFO - 206 1728857205
[2024-10-13T18:10:46.794-0400] {logging_mixin.py:190} INFO - 207 1728857348
[2024-10-13T18:10:46.795-0400] {logging_mixin.py:190} INFO - 208 1728857179
[2024-10-13T18:10:46.796-0400] {logging_mixin.py:190} INFO - 209 1728857313
[2024-10-13T18:10:46.797-0400] {logging_mixin.py:190} INFO - 210 1728857416
[2024-10-13T18:10:46.798-0400] {logging_mixin.py:190} INFO - 211 1728857402
[2024-10-13T18:10:46.799-0400] {logging_mixin.py:190} INFO - 212 1728391856
[2024-10-13T18:10:46.800-0400] {logging_mixin.py:190} INFO - 213 1728857129
[2024-10-13T18:10:46.801-0400] {logging_mixin.py:190} INFO - 214 1728857164
[2024-10-13T18:10:46.802-0400] {logging_mixin.py:190} INFO - 215 1728857366
[2024-10-13T18:10:46.803-0400] {logging_mixin.py:190} INFO - 216 1728856272
[2024-10-13T18:10:46.804-0400] {logging_mixin.py:190} INFO - 217 1728857383
[2024-10-13T18:10:46.805-0400] {logging_mixin.py:190} INFO - 218 1728857288
[2024-10-13T18:10:46.806-0400] {logging_mixin.py:190} INFO - 219 1728856550
[2024-10-13T18:10:46.807-0400] {logging_mixin.py:190} INFO - 220 1728857064
[2024-10-13T18:10:46.808-0400] {logging_mixin.py:190} INFO - 221 1728857340
[2024-10-13T18:10:46.809-0400] {logging_mixin.py:190} INFO - 222 1728857335
[2024-10-13T18:10:46.810-0400] {logging_mixin.py:190} INFO - 223 1728856678
[2024-10-13T18:10:46.811-0400] {logging_mixin.py:190} INFO - 224 1728857358
[2024-10-13T18:10:46.812-0400] {logging_mixin.py:190} INFO - 225 1728856587
[2024-10-13T18:10:46.813-0400] {logging_mixin.py:190} INFO - 226 1728856993
[2024-10-13T18:10:46.814-0400] {logging_mixin.py:190} INFO - 227 1728857401
[2024-10-13T18:10:46.815-0400] {logging_mixin.py:190} INFO - 228 1728857302
[2024-10-13T18:10:46.816-0400] {logging_mixin.py:190} INFO - 229 1728856685
[2024-10-13T18:10:46.817-0400] {logging_mixin.py:190} INFO - 230 1728857187
[2024-10-13T18:10:46.818-0400] {logging_mixin.py:190} INFO - 232 1728857251
[2024-10-13T18:10:46.819-0400] {logging_mixin.py:190} INFO - 233 1728856334
[2024-10-13T18:10:46.820-0400] {logging_mixin.py:190} INFO - 234 1728857175
[2024-10-13T18:10:46.822-0400] {logging_mixin.py:190} INFO - 236 1728856676
[2024-10-13T18:10:46.823-0400] {logging_mixin.py:190} INFO - 237 1728857073
[2024-10-13T18:10:46.824-0400] {logging_mixin.py:190} INFO - 239 1728856466
[2024-10-13T18:10:46.825-0400] {logging_mixin.py:190} INFO - 241 1728856997
[2024-10-13T18:10:46.825-0400] {logging_mixin.py:190} INFO - 242 1728857360
[2024-10-13T18:10:46.826-0400] {logging_mixin.py:190} INFO - 243 1728857433
[2024-10-13T18:10:46.827-0400] {logging_mixin.py:190} INFO - 244 1728857344
[2024-10-13T18:10:46.828-0400] {logging_mixin.py:190} INFO - 245 1728659352
[2024-10-13T18:10:46.829-0400] {logging_mixin.py:190} INFO - 246 1728857275
[2024-10-13T18:10:46.830-0400] {logging_mixin.py:190} INFO - 247 1728857411
[2024-10-13T18:10:46.831-0400] {logging_mixin.py:190} INFO - 248 1728857335
[2024-10-13T18:10:46.832-0400] {logging_mixin.py:190} INFO - 249 1728857057
[2024-10-13T18:10:46.834-0400] {logging_mixin.py:190} INFO - 250 1728857388
[2024-10-13T18:10:46.835-0400] {logging_mixin.py:190} INFO - 251 1728857425
[2024-10-13T18:10:46.835-0400] {logging_mixin.py:190} INFO - 253 1728857424
[2024-10-13T18:10:46.836-0400] {logging_mixin.py:190} INFO - 254 1728857421
[2024-10-13T18:10:46.837-0400] {logging_mixin.py:190} INFO - 255 1728852846
[2024-10-13T18:10:46.838-0400] {logging_mixin.py:190} INFO - 256 1728857409
[2024-10-13T18:10:46.839-0400] {logging_mixin.py:190} INFO - 257 1728857059
[2024-10-13T18:10:46.840-0400] {logging_mixin.py:190} INFO - 258 1728856996
[2024-10-13T18:10:46.841-0400] {logging_mixin.py:190} INFO - 259 1728856768
[2024-10-13T18:10:46.842-0400] {logging_mixin.py:190} INFO - 260 1728856803
[2024-10-13T18:10:46.844-0400] {logging_mixin.py:190} INFO - 261 1728857254
[2024-10-13T18:10:46.845-0400] {logging_mixin.py:190} INFO - 262 1728857373
[2024-10-13T18:10:46.846-0400] {logging_mixin.py:190} INFO - 263 1728857279
[2024-10-13T18:10:46.847-0400] {logging_mixin.py:190} INFO - 264 1728856409
[2024-10-13T18:10:46.848-0400] {logging_mixin.py:190} INFO - 265 1728856539
[2024-10-13T18:10:46.849-0400] {logging_mixin.py:190} INFO - 266 1728857323
[2024-10-13T18:10:46.850-0400] {logging_mixin.py:190} INFO - 267 1728854175
[2024-10-13T18:10:46.851-0400] {logging_mixin.py:190} INFO - 268 1728853556
[2024-10-13T18:10:46.852-0400] {logging_mixin.py:190} INFO - 269 1728857136
[2024-10-13T18:10:46.853-0400] {logging_mixin.py:190} INFO - 270 1728857376
[2024-10-13T18:10:46.854-0400] {logging_mixin.py:190} INFO - 271 1728857159
[2024-10-13T18:10:46.855-0400] {logging_mixin.py:190} INFO - 272 1728856257
[2024-10-13T18:10:46.856-0400] {logging_mixin.py:190} INFO - 273 1728857052
[2024-10-13T18:10:46.857-0400] {logging_mixin.py:190} INFO - 274 1728854709
[2024-10-13T18:10:46.858-0400] {logging_mixin.py:190} INFO - 275 1728857345
[2024-10-13T18:10:46.859-0400] {logging_mixin.py:190} INFO - 276 1728857254
[2024-10-13T18:10:46.860-0400] {logging_mixin.py:190} INFO - 277 1728856749
[2024-10-13T18:10:46.861-0400] {logging_mixin.py:190} INFO - 278 1728857307
[2024-10-13T18:10:46.862-0400] {logging_mixin.py:190} INFO - 279 1728856949
[2024-10-13T18:10:46.863-0400] {logging_mixin.py:190} INFO - 280 1728856565
[2024-10-13T18:10:46.864-0400] {logging_mixin.py:190} INFO - 281 1728855071
[2024-10-13T18:10:46.865-0400] {logging_mixin.py:190} INFO - 282 1728857387
[2024-10-13T18:10:46.866-0400] {logging_mixin.py:190} INFO - 283 1728857259
[2024-10-13T18:10:46.866-0400] {logging_mixin.py:190} INFO - 284 1728857254
[2024-10-13T18:10:46.868-0400] {logging_mixin.py:190} INFO - 285 1728857301
[2024-10-13T18:10:46.869-0400] {logging_mixin.py:190} INFO - 286 1728856181
[2024-10-13T18:10:46.870-0400] {logging_mixin.py:190} INFO - 287 1728855962
[2024-10-13T18:10:46.871-0400] {logging_mixin.py:190} INFO - 288 1728854950
[2024-10-13T18:10:46.872-0400] {logging_mixin.py:190} INFO - 289 1728857246
[2024-10-13T18:10:46.873-0400] {logging_mixin.py:190} INFO - 290 1728857180
[2024-10-13T18:10:46.874-0400] {logging_mixin.py:190} INFO - 291 1728857323
[2024-10-13T18:10:46.875-0400] {logging_mixin.py:190} INFO - 292 1728855744
[2024-10-13T18:10:46.876-0400] {logging_mixin.py:190} INFO - 293 1728857050
[2024-10-13T18:10:46.877-0400] {logging_mixin.py:190} INFO - 294 1728857343
[2024-10-13T18:10:46.878-0400] {logging_mixin.py:190} INFO - 297 1728857391
[2024-10-13T18:10:46.879-0400] {logging_mixin.py:190} INFO - 301 1728856762
[2024-10-13T18:10:46.880-0400] {logging_mixin.py:190} INFO - 302 1728851739
[2024-10-13T18:10:46.881-0400] {logging_mixin.py:190} INFO - 303 1728857064
[2024-10-13T18:10:46.882-0400] {logging_mixin.py:190} INFO - 304 1728857152
[2024-10-13T18:10:46.883-0400] {logging_mixin.py:190} INFO - 305 1728857069
[2024-10-13T18:10:46.884-0400] {logging_mixin.py:190} INFO - 306 1728854718
[2024-10-13T18:10:46.885-0400] {logging_mixin.py:190} INFO - 307 1728857028
[2024-10-13T18:10:46.886-0400] {logging_mixin.py:190} INFO - 308 1728857105
[2024-10-13T18:10:46.887-0400] {logging_mixin.py:190} INFO - 309 1728857313
[2024-10-13T18:10:46.888-0400] {logging_mixin.py:190} INFO - 311 1728856361
[2024-10-13T18:10:46.889-0400] {logging_mixin.py:190} INFO - 312 1728856027
[2024-10-13T18:10:46.889-0400] {logging_mixin.py:190} INFO - 313 1728853123
[2024-10-13T18:10:46.890-0400] {logging_mixin.py:190} INFO - 314 1728857382
[2024-10-13T18:10:46.891-0400] {logging_mixin.py:190} INFO - 315 1728856893
[2024-10-13T18:10:46.892-0400] {logging_mixin.py:190} INFO - 316 1728857351
[2024-10-13T18:10:46.893-0400] {logging_mixin.py:190} INFO - 317 1728857275
[2024-10-13T18:10:46.894-0400] {logging_mixin.py:190} INFO - 318 1728856647
[2024-10-13T18:10:46.895-0400] {logging_mixin.py:190} INFO - 319 1728857426
[2024-10-13T18:10:46.896-0400] {logging_mixin.py:190} INFO - 320 1728857390
[2024-10-13T18:10:46.897-0400] {logging_mixin.py:190} INFO - 321 1728809832
[2024-10-13T18:10:46.898-0400] {logging_mixin.py:190} INFO - 322 1728857194
[2024-10-13T18:10:46.899-0400] {logging_mixin.py:190} INFO - 323 1728856362
[2024-10-13T18:10:46.899-0400] {logging_mixin.py:190} INFO - 324 1728857179
[2024-10-13T18:10:46.900-0400] {logging_mixin.py:190} INFO - 325 1728856912
[2024-10-13T18:10:46.901-0400] {logging_mixin.py:190} INFO - 327 1728855424
[2024-10-13T18:10:46.902-0400] {logging_mixin.py:190} INFO - 328 1728857333
[2024-10-13T18:10:46.903-0400] {logging_mixin.py:190} INFO - 329 1728857280
[2024-10-13T18:10:46.904-0400] {logging_mixin.py:190} INFO - 330 1728857230
[2024-10-13T18:10:46.905-0400] {logging_mixin.py:190} INFO - 331 1728856102
[2024-10-13T18:10:46.906-0400] {logging_mixin.py:190} INFO - 332 1728856205
[2024-10-13T18:10:46.907-0400] {logging_mixin.py:190} INFO - 333 1728856815
[2024-10-13T18:10:46.908-0400] {logging_mixin.py:190} INFO - 334 1728857421
[2024-10-13T18:10:46.909-0400] {logging_mixin.py:190} INFO - 335 1728854465
[2024-10-13T18:10:46.910-0400] {logging_mixin.py:190} INFO - 336 1728857061
[2024-10-13T18:10:46.911-0400] {logging_mixin.py:190} INFO - 337 1728856677
[2024-10-13T18:10:46.912-0400] {logging_mixin.py:190} INFO - 338 1728856917
[2024-10-13T18:10:46.913-0400] {logging_mixin.py:190} INFO - 339 1728857079
[2024-10-13T18:10:46.914-0400] {logging_mixin.py:190} INFO - 340 1728857418
[2024-10-13T18:10:46.915-0400] {logging_mixin.py:190} INFO - 341 1728857085
[2024-10-13T18:10:46.916-0400] {logging_mixin.py:190} INFO - 342 1728857071
[2024-10-13T18:10:46.917-0400] {logging_mixin.py:190} INFO - 343 1728857022
[2024-10-13T18:10:46.918-0400] {logging_mixin.py:190} INFO - 344 1728856576
[2024-10-13T18:10:46.919-0400] {logging_mixin.py:190} INFO - 345 1728856854
[2024-10-13T18:10:46.920-0400] {logging_mixin.py:190} INFO - 346 1728857258
[2024-10-13T18:10:46.921-0400] {logging_mixin.py:190} INFO - 347 1728857417
[2024-10-13T18:10:46.923-0400] {logging_mixin.py:190} INFO - 348 1728857400
[2024-10-13T18:10:46.924-0400] {logging_mixin.py:190} INFO - 349 1728853925
[2024-10-13T18:10:46.925-0400] {logging_mixin.py:190} INFO - 350 1728856440
[2024-10-13T18:10:46.926-0400] {logging_mixin.py:190} INFO - 351 1728854415
[2024-10-13T18:10:46.927-0400] {logging_mixin.py:190} INFO - 355 1728857204
[2024-10-13T18:10:46.928-0400] {logging_mixin.py:190} INFO - 356 1728856038
[2024-10-13T18:10:46.929-0400] {logging_mixin.py:190} INFO - 357 1728665345
[2024-10-13T18:10:46.929-0400] {logging_mixin.py:190} INFO - 358 1728855034
[2024-10-13T18:10:46.930-0400] {logging_mixin.py:190} INFO - 359 1728856811
[2024-10-13T18:10:46.931-0400] {logging_mixin.py:190} INFO - 360 1728857009
[2024-10-13T18:10:46.932-0400] {logging_mixin.py:190} INFO - 361 1728856985
[2024-10-13T18:10:46.933-0400] {logging_mixin.py:190} INFO - 362 1728856528
[2024-10-13T18:10:46.935-0400] {logging_mixin.py:190} INFO - 363 1728857136
[2024-10-13T18:10:46.936-0400] {logging_mixin.py:190} INFO - 364 1728856597
[2024-10-13T18:10:46.937-0400] {logging_mixin.py:190} INFO - 365 1728856693
[2024-10-13T18:10:46.938-0400] {logging_mixin.py:190} INFO - 366 1728857337
[2024-10-13T18:10:46.939-0400] {logging_mixin.py:190} INFO - 367 1728857057
[2024-10-13T18:10:46.940-0400] {logging_mixin.py:190} INFO - 368 1728856510
[2024-10-13T18:10:46.941-0400] {logging_mixin.py:190} INFO - 370 1728857328
[2024-10-13T18:10:46.942-0400] {logging_mixin.py:190} INFO - 371 1728857166
[2024-10-13T18:10:46.943-0400] {logging_mixin.py:190} INFO - 372 1728857299
[2024-10-13T18:10:46.944-0400] {logging_mixin.py:190} INFO - 373 1728856677
[2024-10-13T18:10:46.945-0400] {logging_mixin.py:190} INFO - 374 1728857413
[2024-10-13T18:10:46.946-0400] {logging_mixin.py:190} INFO - 375 1728856302
[2024-10-13T18:10:46.947-0400] {logging_mixin.py:190} INFO - 376 1728857267
[2024-10-13T18:10:46.948-0400] {logging_mixin.py:190} INFO - 377 1728857166
[2024-10-13T18:10:46.949-0400] {logging_mixin.py:190} INFO - 378 1728856249
[2024-10-13T18:10:46.949-0400] {logging_mixin.py:190} INFO - 379 1728855397
[2024-10-13T18:10:46.950-0400] {logging_mixin.py:190} INFO - 380 1728857400
[2024-10-13T18:10:46.951-0400] {logging_mixin.py:190} INFO - 381 1728857418
[2024-10-13T18:10:46.952-0400] {logging_mixin.py:190} INFO - 383 1728856197
[2024-10-13T18:10:46.953-0400] {logging_mixin.py:190} INFO - 384 1728856528
[2024-10-13T18:10:46.954-0400] {logging_mixin.py:190} INFO - 385 1728856874
[2024-10-13T18:10:46.955-0400] {logging_mixin.py:190} INFO - 387 1728857197
[2024-10-13T18:10:46.956-0400] {logging_mixin.py:190} INFO - 388 1728857146
[2024-10-13T18:10:46.957-0400] {logging_mixin.py:190} INFO - 389 1728854795
[2024-10-13T18:10:46.958-0400] {logging_mixin.py:190} INFO - 390 1728857350
[2024-10-13T18:10:46.959-0400] {logging_mixin.py:190} INFO - 391 1728856150
[2024-10-13T18:10:46.960-0400] {logging_mixin.py:190} INFO - 392 1728856451
[2024-10-13T18:10:46.961-0400] {logging_mixin.py:190} INFO - 393 1728856181
[2024-10-13T18:10:46.962-0400] {logging_mixin.py:190} INFO - 394 1728855840
[2024-10-13T18:10:46.963-0400] {logging_mixin.py:190} INFO - 396 1728856345
[2024-10-13T18:10:46.964-0400] {logging_mixin.py:190} INFO - 397 1728857295
[2024-10-13T18:10:46.965-0400] {logging_mixin.py:190} INFO - 399 1728856873
[2024-10-13T18:10:46.966-0400] {logging_mixin.py:190} INFO - 400 1728857350
[2024-10-13T18:10:46.967-0400] {logging_mixin.py:190} INFO - 401 1728857425
[2024-10-13T18:10:46.968-0400] {logging_mixin.py:190} INFO - 403 1728857422
[2024-10-13T18:10:46.969-0400] {logging_mixin.py:190} INFO - 404 1728856697
[2024-10-13T18:10:46.969-0400] {logging_mixin.py:190} INFO - 406 1728857051
[2024-10-13T18:10:46.970-0400] {logging_mixin.py:190} INFO - 407 1728857293
[2024-10-13T18:10:46.971-0400] {logging_mixin.py:190} INFO - 408 1728857136
[2024-10-13T18:10:46.972-0400] {logging_mixin.py:190} INFO - 409 1728857435
[2024-10-13T18:10:46.973-0400] {logging_mixin.py:190} INFO - 413 1728857381
[2024-10-13T18:10:46.974-0400] {logging_mixin.py:190} INFO - 414 1728856158
[2024-10-13T18:10:46.975-0400] {logging_mixin.py:190} INFO - 417 1728854908
[2024-10-13T18:10:46.976-0400] {logging_mixin.py:190} INFO - 418 1728857000
[2024-10-13T18:10:46.977-0400] {logging_mixin.py:190} INFO - 419 1728853773
[2024-10-13T18:10:46.978-0400] {logging_mixin.py:190} INFO - 421 1728857134
[2024-10-13T18:10:46.978-0400] {logging_mixin.py:190} INFO - 422 1728856025
[2024-10-13T18:10:46.979-0400] {logging_mixin.py:190} INFO - 423 1728855897
[2024-10-13T18:10:46.980-0400] {logging_mixin.py:190} INFO - 424 1728857431
[2024-10-13T18:10:46.981-0400] {logging_mixin.py:190} INFO - 425 1728857067
[2024-10-13T18:10:46.983-0400] {logging_mixin.py:190} INFO - 426 1728857174
[2024-10-13T18:10:46.984-0400] {logging_mixin.py:190} INFO - 427 1728857150
[2024-10-13T18:10:46.985-0400] {logging_mixin.py:190} INFO - 428 1728857282
[2024-10-13T18:10:46.985-0400] {logging_mixin.py:190} INFO - 429 1728857269
[2024-10-13T18:10:46.986-0400] {logging_mixin.py:190} INFO - 430 1728857209
[2024-10-13T18:10:46.987-0400] {logging_mixin.py:190} INFO - 431 1728857263
[2024-10-13T18:10:46.987-0400] {logging_mixin.py:190} INFO - 432 1728857301
[2024-10-13T18:10:46.988-0400] {logging_mixin.py:190} INFO - 433 1728856725
[2024-10-13T18:10:46.989-0400] {logging_mixin.py:190} INFO - 437 1728856599
[2024-10-13T18:10:46.990-0400] {logging_mixin.py:190} INFO - 438 1728857417
[2024-10-13T18:10:46.991-0400] {logging_mixin.py:190} INFO - 439 1728856792
[2024-10-13T18:10:46.992-0400] {logging_mixin.py:190} INFO - 440 1728855791
[2024-10-13T18:10:46.993-0400] {logging_mixin.py:190} INFO - 441 1728856193
[2024-10-13T18:10:46.994-0400] {logging_mixin.py:190} INFO - 442 1728856348
[2024-10-13T18:10:46.995-0400] {logging_mixin.py:190} INFO - 443 1728853989
[2024-10-13T18:10:46.996-0400] {logging_mixin.py:190} INFO - 444 1728840483
[2024-10-13T18:10:46.997-0400] {logging_mixin.py:190} INFO - 445 1728853218
[2024-10-13T18:10:46.998-0400] {logging_mixin.py:190} INFO - 446 1728856170
[2024-10-13T18:10:46.999-0400] {logging_mixin.py:190} INFO - 447 1728857233
[2024-10-13T18:10:47.000-0400] {logging_mixin.py:190} INFO - 448 1728854859
[2024-10-13T18:10:47.001-0400] {logging_mixin.py:190} INFO - 452 1728856794
[2024-10-13T18:10:47.002-0400] {logging_mixin.py:190} INFO - 453 1728856859
[2024-10-13T18:10:47.003-0400] {logging_mixin.py:190} INFO - 454 1728856558
[2024-10-13T18:10:47.004-0400] {logging_mixin.py:190} INFO - 455 1728856759
[2024-10-13T18:10:47.005-0400] {logging_mixin.py:190} INFO - 456 1728857081
[2024-10-13T18:10:47.006-0400] {logging_mixin.py:190} INFO - 457 1728857387
[2024-10-13T18:10:47.006-0400] {logging_mixin.py:190} INFO - 458 1728856994
[2024-10-13T18:10:47.007-0400] {logging_mixin.py:190} INFO - 459 1728856275
[2024-10-13T18:10:47.008-0400] {logging_mixin.py:190} INFO - 460 1728857383
[2024-10-13T18:10:47.008-0400] {logging_mixin.py:190} INFO - 461 1728856988
[2024-10-13T18:10:47.009-0400] {logging_mixin.py:190} INFO - 462 1728661129
[2024-10-13T18:10:47.010-0400] {logging_mixin.py:190} INFO - 463 1728857387
[2024-10-13T18:10:47.012-0400] {logging_mixin.py:190} INFO - 464 1728855962
[2024-10-13T18:10:47.013-0400] {logging_mixin.py:190} INFO - 465 1728856678
[2024-10-13T18:10:47.013-0400] {logging_mixin.py:190} INFO - 466 1728857316
[2024-10-13T18:10:47.015-0400] {logging_mixin.py:190} INFO - 467 1728854363
[2024-10-13T18:10:47.016-0400] {logging_mixin.py:190} INFO - 468 1728850964
[2024-10-13T18:10:47.017-0400] {logging_mixin.py:190} INFO - 469 1728857247
[2024-10-13T18:10:47.018-0400] {logging_mixin.py:190} INFO - 470 1728857045
[2024-10-13T18:10:47.019-0400] {logging_mixin.py:190} INFO - 471 1728857224
[2024-10-13T18:10:47.020-0400] {logging_mixin.py:190} INFO - 472 1728857297
[2024-10-13T18:10:47.021-0400] {logging_mixin.py:190} INFO - 473 1728857224
[2024-10-13T18:10:47.022-0400] {logging_mixin.py:190} INFO - 474 1728856921
[2024-10-13T18:10:47.022-0400] {logging_mixin.py:190} INFO - 475 1728856546
[2024-10-13T18:10:47.023-0400] {logging_mixin.py:190} INFO - 476 1728854742
[2024-10-13T18:10:47.024-0400] {logging_mixin.py:190} INFO - 477 1728856269
[2024-10-13T18:10:47.025-0400] {logging_mixin.py:190} INFO - 478 1728856872
[2024-10-13T18:10:47.026-0400] {logging_mixin.py:190} INFO - 479 1728856072
[2024-10-13T18:10:47.026-0400] {logging_mixin.py:190} INFO - 480 1728857132
[2024-10-13T18:10:47.027-0400] {logging_mixin.py:190} INFO - 481 1728856332
[2024-10-13T18:10:47.028-0400] {logging_mixin.py:190} INFO - 482 1728855728
[2024-10-13T18:10:47.029-0400] {logging_mixin.py:190} INFO - 483 1728857296
[2024-10-13T18:10:47.030-0400] {logging_mixin.py:190} INFO - 484 1728856931
[2024-10-13T18:10:47.031-0400] {logging_mixin.py:190} INFO - 485 1728856917
[2024-10-13T18:10:47.032-0400] {logging_mixin.py:190} INFO - 486 1728857145
[2024-10-13T18:10:47.033-0400] {logging_mixin.py:190} INFO - 487 1728855745
[2024-10-13T18:10:47.034-0400] {logging_mixin.py:190} INFO - 489 1728857037
[2024-10-13T18:10:47.035-0400] {logging_mixin.py:190} INFO - 490 1728857435
[2024-10-13T18:10:47.036-0400] {logging_mixin.py:190} INFO - 491 1728857147
[2024-10-13T18:10:47.037-0400] {logging_mixin.py:190} INFO - 492 1728853818
[2024-10-13T18:10:47.038-0400] {logging_mixin.py:190} INFO - 493 1728857095
[2024-10-13T18:10:47.039-0400] {logging_mixin.py:190} INFO - 495 1728857318
[2024-10-13T18:10:47.039-0400] {logging_mixin.py:190} INFO - 496 1728856821
[2024-10-13T18:10:47.040-0400] {logging_mixin.py:190} INFO - 497 1728855366
[2024-10-13T18:10:47.041-0400] {logging_mixin.py:190} INFO - 498 1728857349
[2024-10-13T18:10:47.042-0400] {logging_mixin.py:190} INFO - 499 1728853886
[2024-10-13T18:10:47.043-0400] {logging_mixin.py:190} INFO - 500 1728856572
[2024-10-13T18:10:47.044-0400] {logging_mixin.py:190} INFO - 501 1728857330
[2024-10-13T18:10:47.045-0400] {logging_mixin.py:190} INFO - 502 1728855157
[2024-10-13T18:10:47.046-0400] {logging_mixin.py:190} INFO - 503 1728857127
[2024-10-13T18:10:47.047-0400] {logging_mixin.py:190} INFO - 504 1728856753
[2024-10-13T18:10:47.047-0400] {logging_mixin.py:190} INFO - 505 1728857202
[2024-10-13T18:10:47.048-0400] {logging_mixin.py:190} INFO - 508 1728857380
[2024-10-13T18:10:47.050-0400] {logging_mixin.py:190} INFO - 511 1728857114
[2024-10-13T18:10:47.051-0400] {logging_mixin.py:190} INFO - 512 1728857084
[2024-10-13T18:10:47.052-0400] {logging_mixin.py:190} INFO - 514 1728857381
[2024-10-13T18:10:47.052-0400] {logging_mixin.py:190} INFO - 515 1728856000
[2024-10-13T18:10:47.053-0400] {logging_mixin.py:190} INFO - 516 1728857306
[2024-10-13T18:10:47.054-0400] {logging_mixin.py:190} INFO - 517 1728857382
[2024-10-13T18:10:47.055-0400] {logging_mixin.py:190} INFO - 518 1728852465
[2024-10-13T18:10:47.056-0400] {logging_mixin.py:190} INFO - 519 1728854810
[2024-10-13T18:10:47.057-0400] {logging_mixin.py:190} INFO - 520 1728857390
[2024-10-13T18:10:47.058-0400] {logging_mixin.py:190} INFO - 521 1728856987
[2024-10-13T18:10:47.059-0400] {logging_mixin.py:190} INFO - 522 1728856043
[2024-10-13T18:10:47.059-0400] {logging_mixin.py:190} INFO - 523 1728854718
[2024-10-13T18:10:47.060-0400] {logging_mixin.py:190} INFO - 524 1728856887
[2024-10-13T18:10:47.061-0400] {logging_mixin.py:190} INFO - 525 1728855809
[2024-10-13T18:10:47.062-0400] {logging_mixin.py:190} INFO - 526 1728857089
[2024-10-13T18:10:47.063-0400] {logging_mixin.py:190} INFO - 527 1728856072
[2024-10-13T18:10:47.064-0400] {logging_mixin.py:190} INFO - 528 1728856128
[2024-10-13T18:10:47.065-0400] {logging_mixin.py:190} INFO - 529 1728853971
[2024-10-13T18:10:47.066-0400] {logging_mixin.py:190} INFO - 530 1728856744
[2024-10-13T18:10:47.067-0400] {logging_mixin.py:190} INFO - 531 1728856725
[2024-10-13T18:10:47.068-0400] {logging_mixin.py:190} INFO - 532 1728855747
[2024-10-13T18:10:47.070-0400] {logging_mixin.py:190} INFO - 533 1728856076
[2024-10-13T18:10:47.071-0400] {logging_mixin.py:190} INFO - 534 1728856969
[2024-10-13T18:10:47.072-0400] {logging_mixin.py:190} INFO - 535 1728857192
[2024-10-13T18:10:47.073-0400] {logging_mixin.py:190} INFO - 536 1728853772
[2024-10-13T18:10:47.074-0400] {logging_mixin.py:190} INFO - 537 1728856246
[2024-10-13T18:10:47.075-0400] {logging_mixin.py:190} INFO - 538 1728857314
[2024-10-13T18:10:47.076-0400] {logging_mixin.py:190} INFO - 539 1728857328
[2024-10-13T18:10:47.077-0400] {logging_mixin.py:190} INFO - 540 1728857017
[2024-10-13T18:10:47.078-0400] {logging_mixin.py:190} INFO - 541 1728856623
[2024-10-13T18:10:47.079-0400] {logging_mixin.py:190} INFO - 542 1728855976
[2024-10-13T18:10:47.079-0400] {logging_mixin.py:190} INFO - 543 1728857375
[2024-10-13T18:10:47.080-0400] {logging_mixin.py:190} INFO - 544 1728852234
[2024-10-13T18:10:47.081-0400] {logging_mixin.py:190} INFO - 545 1728857404
[2024-10-13T18:10:47.081-0400] {logging_mixin.py:190} INFO - 546 1728857033
[2024-10-13T18:10:47.082-0400] {logging_mixin.py:190} INFO - 547 1728857220
[2024-10-13T18:10:47.083-0400] {logging_mixin.py:190} INFO - 548 1728856907
[2024-10-13T18:10:47.084-0400] {logging_mixin.py:190} INFO - 549 1728856920
[2024-10-13T18:10:47.085-0400] {logging_mixin.py:190} INFO - 550 1728855520
[2024-10-13T18:10:47.086-0400] {logging_mixin.py:190} INFO - 551 1728854916
[2024-10-13T18:10:47.087-0400] {logging_mixin.py:190} INFO - 552 1728856425
[2024-10-13T18:10:47.088-0400] {logging_mixin.py:190} INFO - 553 1728857117
[2024-10-13T18:10:47.089-0400] {logging_mixin.py:190} INFO - 554 1728857423
[2024-10-13T18:10:47.089-0400] {logging_mixin.py:190} INFO - 555 1728857330
[2024-10-13T18:10:47.090-0400] {logging_mixin.py:190} INFO - 556 1728857260
[2024-10-13T18:10:47.091-0400] {logging_mixin.py:190} INFO - 557 1728857067
[2024-10-13T18:10:47.092-0400] {logging_mixin.py:190} INFO - 558 1728857347
[2024-10-13T18:10:47.093-0400] {logging_mixin.py:190} INFO - 559 1728852098
[2024-10-13T18:10:47.094-0400] {logging_mixin.py:190} INFO - 560 1728857256
[2024-10-13T18:10:47.095-0400] {logging_mixin.py:190} INFO - 561 1728856911
[2024-10-13T18:10:47.097-0400] {logging_mixin.py:190} INFO - 562 1728857383
[2024-10-13T18:10:47.098-0400] {logging_mixin.py:190} INFO - 563 1728856289
[2024-10-13T18:10:47.098-0400] {logging_mixin.py:190} INFO - 564 1728851862
[2024-10-13T18:10:47.099-0400] {logging_mixin.py:190} INFO - 565 1728856485
[2024-10-13T18:10:47.100-0400] {logging_mixin.py:190} INFO - 566 1728857156
[2024-10-13T18:10:47.101-0400] {logging_mixin.py:190} INFO - 567 1728851805
[2024-10-13T18:10:47.102-0400] {logging_mixin.py:190} INFO - 568 1728854667
[2024-10-13T18:10:47.103-0400] {logging_mixin.py:190} INFO - 569 1728857229
[2024-10-13T18:10:47.103-0400] {logging_mixin.py:190} INFO - 570 1728857289
[2024-10-13T18:10:47.104-0400] {logging_mixin.py:190} INFO - 571 1728857367
[2024-10-13T18:10:47.105-0400] {logging_mixin.py:190} INFO - 572 1728856143
[2024-10-13T18:10:47.106-0400] {logging_mixin.py:190} INFO - 573 1728856146
[2024-10-13T18:10:47.107-0400] {logging_mixin.py:190} INFO - 574 1728855893
[2024-10-13T18:10:47.108-0400] {logging_mixin.py:190} INFO - 575 1728857124
[2024-10-13T18:10:47.109-0400] {logging_mixin.py:190} INFO - 576 1728854965
[2024-10-13T18:10:47.110-0400] {logging_mixin.py:190} INFO - 577 1728857241
[2024-10-13T18:10:47.110-0400] {logging_mixin.py:190} INFO - 578 1728856783
[2024-10-13T18:10:47.111-0400] {logging_mixin.py:190} INFO - 579 1728857256
[2024-10-13T18:10:47.112-0400] {logging_mixin.py:190} INFO - 580 1728850749
[2024-10-13T18:10:47.113-0400] {logging_mixin.py:190} INFO - 581 1728856531
[2024-10-13T18:10:47.114-0400] {logging_mixin.py:190} INFO - 582 1728857293
[2024-10-13T18:10:47.115-0400] {logging_mixin.py:190} INFO - 583 1728855977
[2024-10-13T18:10:47.116-0400] {logging_mixin.py:190} INFO - 584 1728857420
[2024-10-13T18:10:47.117-0400] {logging_mixin.py:190} INFO - 585 1728857385
[2024-10-13T18:10:47.118-0400] {logging_mixin.py:190} INFO - 586 1728855706
[2024-10-13T18:10:47.119-0400] {logging_mixin.py:190} INFO - 587 1728854546
[2024-10-13T18:10:47.120-0400] {logging_mixin.py:190} INFO - 588 1728855606
[2024-10-13T18:10:47.121-0400] {logging_mixin.py:190} INFO - 589 1728853476
[2024-10-13T18:10:47.122-0400] {logging_mixin.py:190} INFO - 590 1728857245
[2024-10-13T18:10:47.123-0400] {logging_mixin.py:190} INFO - 591 1728857419
[2024-10-13T18:10:47.124-0400] {logging_mixin.py:190} INFO - 592 1728855668
[2024-10-13T18:10:47.125-0400] {logging_mixin.py:190} INFO - 593 1728857006
[2024-10-13T18:10:47.125-0400] {logging_mixin.py:190} INFO - 594 1728857256
[2024-10-13T18:10:47.126-0400] {logging_mixin.py:190} INFO - 595 1728857214
[2024-10-13T18:10:47.128-0400] {logging_mixin.py:190} INFO - 605 1728857398
[2024-10-13T18:10:47.129-0400] {logging_mixin.py:190} INFO - 606 1728856373
[2024-10-13T18:10:47.129-0400] {logging_mixin.py:190} INFO - 607 1728857374
[2024-10-13T18:10:47.131-0400] {logging_mixin.py:190} INFO - 608 1728857396
[2024-10-13T18:10:47.132-0400] {logging_mixin.py:190} INFO - 609 1728857369
[2024-10-13T18:10:47.133-0400] {logging_mixin.py:190} INFO - 610 1728855952
[2024-10-13T18:10:47.134-0400] {logging_mixin.py:190} INFO - 611 1728857066
[2024-10-13T18:10:47.135-0400] {logging_mixin.py:190} INFO - 612 1728854419
[2024-10-13T18:10:47.136-0400] {logging_mixin.py:190} INFO - 613 1728853870
[2024-10-13T18:10:47.137-0400] {logging_mixin.py:190} INFO - 614 1728856956
[2024-10-13T18:10:47.138-0400] {logging_mixin.py:190} INFO - 617 1728855093
[2024-10-13T18:10:47.139-0400] {logging_mixin.py:190} INFO - 618 1728850468
[2024-10-13T18:10:47.139-0400] {logging_mixin.py:190} INFO - 619 1728857411
[2024-10-13T18:10:47.140-0400] {logging_mixin.py:190} INFO - 620 1728855538
[2024-10-13T18:10:47.141-0400] {logging_mixin.py:190} INFO - 621 1728856463
[2024-10-13T18:10:47.142-0400] {logging_mixin.py:190} INFO - 622 1728857134
[2024-10-13T18:10:47.144-0400] {logging_mixin.py:190} INFO - 623 1728857069
[2024-10-13T18:10:47.145-0400] {logging_mixin.py:190} INFO - 624 1728854326
[2024-10-13T18:10:47.146-0400] {logging_mixin.py:190} INFO - 625 1728857368
[2024-10-13T18:10:47.147-0400] {logging_mixin.py:190} INFO - 626 1728857422
[2024-10-13T18:10:47.148-0400] {logging_mixin.py:190} INFO - 627 1728853073
[2024-10-13T18:10:47.149-0400] {logging_mixin.py:190} INFO - 628 1728857368
[2024-10-13T18:10:47.149-0400] {logging_mixin.py:190} INFO - 629 1728857431
[2024-10-13T18:10:47.150-0400] {logging_mixin.py:190} INFO - 630 1728851660
[2024-10-13T18:10:47.151-0400] {logging_mixin.py:190} INFO - 631 1728852912
[2024-10-13T18:10:47.152-0400] {logging_mixin.py:190} INFO - 632 1728856089
[2024-10-13T18:10:47.153-0400] {logging_mixin.py:190} INFO - 633 1728850624
[2024-10-13T18:10:47.154-0400] {logging_mixin.py:190} INFO - 634 1728852865
[2024-10-13T18:10:47.155-0400] {logging_mixin.py:190} INFO - 635 1728856951
[2024-10-13T18:10:47.156-0400] {logging_mixin.py:190} INFO - 636 1728855842
[2024-10-13T18:10:47.157-0400] {logging_mixin.py:190} INFO - 637 1728846385
[2024-10-13T18:10:47.158-0400] {logging_mixin.py:190} INFO - 638 1728855805
[2024-10-13T18:10:47.159-0400] {logging_mixin.py:190} INFO - 639 1728857132
[2024-10-13T18:10:47.160-0400] {logging_mixin.py:190} INFO - 640 1728856936
[2024-10-13T18:10:47.161-0400] {logging_mixin.py:190} INFO - 641 1728857411
[2024-10-13T18:10:47.162-0400] {logging_mixin.py:190} INFO - 642 1728856952
[2024-10-13T18:10:47.163-0400] {logging_mixin.py:190} INFO - 643 1728856665
[2024-10-13T18:10:47.164-0400] {logging_mixin.py:190} INFO - 644 1728857195
[2024-10-13T18:10:47.165-0400] {logging_mixin.py:190} INFO - 645 1728855258
[2024-10-13T18:10:47.166-0400] {logging_mixin.py:190} INFO - 646 1728857416
[2024-10-13T18:10:47.167-0400] {logging_mixin.py:190} INFO - 647 1728857250
[2024-10-13T18:10:47.168-0400] {logging_mixin.py:190} INFO - 648 1728853203
[2024-10-13T18:10:47.169-0400] {logging_mixin.py:190} INFO - 649 1728857068
[2024-10-13T18:10:47.170-0400] {logging_mixin.py:190} INFO - 650 1728851653
[2024-10-13T18:10:47.171-0400] {logging_mixin.py:190} INFO - 651 1728856949
[2024-10-13T18:10:47.172-0400] {logging_mixin.py:190} INFO - 652 1728855506
[2024-10-13T18:10:47.173-0400] {logging_mixin.py:190} INFO - 653 1728856270
[2024-10-13T18:10:47.174-0400] {logging_mixin.py:190} INFO - 654 1728856927
[2024-10-13T18:10:47.174-0400] {logging_mixin.py:190} INFO - 655 1728853640
[2024-10-13T18:10:47.175-0400] {logging_mixin.py:190} INFO - 656 1728857001
[2024-10-13T18:10:47.176-0400] {logging_mixin.py:190} INFO - 657 1728854324
[2024-10-13T18:10:47.177-0400] {logging_mixin.py:190} INFO - 658 1728856164
[2024-10-13T18:10:47.180-0400] {logging_mixin.py:190} INFO - 659 1728857153
[2024-10-13T18:10:47.181-0400] {logging_mixin.py:190} INFO - 660 1728856614
[2024-10-13T18:10:47.181-0400] {logging_mixin.py:190} INFO - 661 1728856654
[2024-10-13T18:10:47.182-0400] {logging_mixin.py:190} INFO - 662 1728827473
[2024-10-13T18:10:47.183-0400] {logging_mixin.py:190} INFO - 663 1728857078
[2024-10-13T18:10:47.184-0400] {logging_mixin.py:190} INFO - 664 1728857176
[2024-10-13T18:10:47.185-0400] {logging_mixin.py:190} INFO - 665 1728854008
[2024-10-13T18:10:47.186-0400] {logging_mixin.py:190} INFO - 666 1728852528
[2024-10-13T18:10:47.187-0400] {logging_mixin.py:190} INFO - 667 1728857381
[2024-10-13T18:10:47.188-0400] {logging_mixin.py:190} INFO - 668 1728856818
[2024-10-13T18:10:47.189-0400] {logging_mixin.py:190} INFO - 669 1728852449
[2024-10-13T18:10:47.189-0400] {logging_mixin.py:190} INFO - 670 1728857346
[2024-10-13T18:10:47.190-0400] {logging_mixin.py:190} INFO - 671 1728857363
[2024-10-13T18:10:47.191-0400] {logging_mixin.py:190} INFO - 672 1728857355
[2024-10-13T18:10:47.192-0400] {logging_mixin.py:190} INFO - 673 1728856881
[2024-10-13T18:10:47.193-0400] {logging_mixin.py:190} INFO - 674 1728854959
[2024-10-13T18:10:47.194-0400] {logging_mixin.py:190} INFO - 675 1728855192
[2024-10-13T18:10:47.195-0400] {logging_mixin.py:190} INFO - 676 1728856830
[2024-10-13T18:10:47.196-0400] {logging_mixin.py:190} INFO - 681 1728856775
[2024-10-13T18:10:47.196-0400] {logging_mixin.py:190} INFO - 682 1728854077
[2024-10-13T18:10:47.197-0400] {logging_mixin.py:190} INFO - 683 1728841475
[2024-10-13T18:10:47.198-0400] {logging_mixin.py:190} INFO - 684 1728856351
[2024-10-13T18:10:47.198-0400] {logging_mixin.py:190} INFO - 685 1728856310
[2024-10-13T18:10:47.199-0400] {logging_mixin.py:190} INFO - 686 1728843635
[2024-10-13T18:10:47.200-0400] {logging_mixin.py:190} INFO - 687 1728853205
[2024-10-13T18:10:47.201-0400] {logging_mixin.py:190} INFO - 688 1728856620
[2024-10-13T18:10:47.202-0400] {logging_mixin.py:190} INFO - 692 1728857166
[2024-10-13T18:10:47.203-0400] {logging_mixin.py:190} INFO - 693 1728791696
[2024-10-13T18:10:47.204-0400] {logging_mixin.py:190} INFO - 694 1728857206
[2024-10-13T18:10:47.205-0400] {logging_mixin.py:190} INFO - 695 1728857264
[2024-10-13T18:10:47.206-0400] {logging_mixin.py:190} INFO - 696 1728857427
[2024-10-13T18:10:47.207-0400] {logging_mixin.py:190} INFO - 697 1728857169
[2024-10-13T18:10:47.208-0400] {logging_mixin.py:190} INFO - 698 1728857280
[2024-10-13T18:10:47.209-0400] {logging_mixin.py:190} INFO - 699 1728857233
[2024-10-13T18:10:47.210-0400] {logging_mixin.py:190} INFO - 700 1728857383
[2024-10-13T18:10:47.211-0400] {logging_mixin.py:190} INFO - 701 1728857288
[2024-10-13T18:10:47.212-0400] {logging_mixin.py:190} INFO - 702 1728857370
[2024-10-13T18:10:47.212-0400] {logging_mixin.py:190} INFO - 703 1728857416
[2024-10-13T18:10:47.213-0400] {logging_mixin.py:190} INFO - 704 1728857247
[2024-10-13T18:10:47.213-0400] {logging_mixin.py:190} INFO - 705 1728857281
[2024-10-13T18:10:47.214-0400] {logging_mixin.py:190} INFO - 706 1728857320
[2024-10-13T18:10:47.215-0400] {logging_mixin.py:190} INFO - 707 1728857335
[2024-10-13T18:10:47.216-0400] {logging_mixin.py:190} INFO - 708 1728857223
[2024-10-13T18:10:47.216-0400] {logging_mixin.py:190} INFO - 709 1728857396
[2024-10-13T18:10:47.217-0400] {logging_mixin.py:190} INFO - 710 1728857276
[2024-10-13T18:10:47.218-0400] {logging_mixin.py:190} INFO - 711 1728857288
[2024-10-13T18:10:47.219-0400] {logging_mixin.py:190} INFO - 712 1728857138
[2024-10-13T18:10:47.220-0400] {logging_mixin.py:190} INFO - 716 1728857367
[2024-10-13T18:10:47.221-0400] {logging_mixin.py:190} INFO - 717 1728857274
[2024-10-13T18:10:47.223-0400] {logging_mixin.py:190} INFO - 718 1728857128
[2024-10-13T18:10:47.224-0400] {logging_mixin.py:190} INFO - 719 1728857127
[2024-10-13T18:10:47.224-0400] {logging_mixin.py:190} INFO - 720 1728857369
[2024-10-13T18:10:47.225-0400] {logging_mixin.py:190} INFO - 721 1728857394
[2024-10-13T18:10:47.226-0400] {logging_mixin.py:190} INFO - 722 1728857235
[2024-10-13T18:10:47.228-0400] {logging_mixin.py:190} INFO - 723 1728857161
[2024-10-13T18:10:47.229-0400] {logging_mixin.py:190} INFO - 724 1728857404
[2024-10-13T18:10:47.230-0400] {logging_mixin.py:190} INFO - 725 1728857190
[2024-10-13T18:10:47.231-0400] {logging_mixin.py:190} INFO - 726 1728857285
[2024-10-13T18:10:47.232-0400] {logging_mixin.py:190} INFO - 727 1728857418
[2024-10-13T18:10:47.232-0400] {logging_mixin.py:190} INFO - 728 1728857281
[2024-10-13T18:10:47.234-0400] {logging_mixin.py:190} INFO - 729 1728857245
[2024-10-13T18:10:47.235-0400] {logging_mixin.py:190} INFO - 730 1728857388
[2024-10-13T18:10:47.235-0400] {logging_mixin.py:190} INFO - 731 1728857327
[2024-10-13T18:10:47.236-0400] {logging_mixin.py:190} INFO - 732 1728857220
[2024-10-13T18:10:47.238-0400] {logging_mixin.py:190} INFO - 733 1728857371
[2024-10-13T18:10:47.239-0400] {logging_mixin.py:190} INFO - 734 1728856737
[2024-10-13T18:10:47.240-0400] {logging_mixin.py:190} INFO - 735 1728857179
[2024-10-13T18:10:47.241-0400] {logging_mixin.py:190} INFO - 736 1728857137
[2024-10-13T18:10:47.242-0400] {logging_mixin.py:190} INFO - 737 1728857261
[2024-10-13T18:10:47.242-0400] {logging_mixin.py:190} INFO - 738 1728857245
[2024-10-13T18:10:47.243-0400] {logging_mixin.py:190} INFO - 739 1728857159
[2024-10-13T18:10:47.244-0400] {logging_mixin.py:190} INFO - 740 1728857350
[2024-10-13T18:10:47.245-0400] {logging_mixin.py:190} INFO - 741 1728857370
[2024-10-13T18:10:47.246-0400] {logging_mixin.py:190} INFO - 742 1728857380
[2024-10-13T18:10:47.247-0400] {logging_mixin.py:190} INFO - 743 1728857245
[2024-10-13T18:10:47.248-0400] {logging_mixin.py:190} INFO - 744 1728857258
[2024-10-13T18:10:47.249-0400] {logging_mixin.py:190} INFO - 745 1728857345
[2024-10-13T18:10:47.249-0400] {logging_mixin.py:190} INFO - 746 1728857267
[2024-10-13T18:10:47.250-0400] {logging_mixin.py:190} INFO - 747 1728857360
[2024-10-13T18:10:47.251-0400] {logging_mixin.py:190} INFO - 748 1728857178
[2024-10-13T18:10:47.252-0400] {logging_mixin.py:190} INFO - 749 1728857422
[2024-10-13T18:10:47.253-0400] {logging_mixin.py:190} INFO - 750 1728857252
[2024-10-13T18:10:47.254-0400] {logging_mixin.py:190} INFO - 751 1728857202
[2024-10-13T18:10:47.255-0400] {logging_mixin.py:190} INFO - 752 1728857192
[2024-10-13T18:10:47.256-0400] {logging_mixin.py:190} INFO - 753 1728857429
[2024-10-13T18:10:47.257-0400] {logging_mixin.py:190} INFO - 754 1728857398
[2024-10-13T18:10:47.258-0400] {logging_mixin.py:190} INFO - 755 1728857161
[2024-10-13T18:10:47.259-0400] {logging_mixin.py:190} INFO - 756 1728857159
[2024-10-13T18:10:47.260-0400] {logging_mixin.py:190} INFO - 757 1728857206
[2024-10-13T18:10:47.261-0400] {logging_mixin.py:190} INFO - 758 1728857224
[2024-10-13T18:10:47.262-0400] {logging_mixin.py:190} INFO - 759 1728857410
[2024-10-13T18:10:47.263-0400] {logging_mixin.py:190} INFO - 760 1728857134
[2024-10-13T18:10:47.264-0400] {logging_mixin.py:190} INFO - 761 1728857426
[2024-10-13T18:10:47.265-0400] {logging_mixin.py:190} INFO - 762 1728857199
[2024-10-13T18:10:47.266-0400] {logging_mixin.py:190} INFO - 768 1728857398
[2024-10-13T18:10:47.267-0400] {logging_mixin.py:190} INFO - 769 1728857430
[2024-10-13T18:10:47.268-0400] {logging_mixin.py:190} INFO - 770 1728857285
[2024-10-13T18:10:47.269-0400] {logging_mixin.py:190} INFO - 771 1728857346
[2024-10-13T18:10:47.270-0400] {logging_mixin.py:190} INFO - 772 1728857320
[2024-10-13T18:10:47.271-0400] {logging_mixin.py:190} INFO - 773 1728857175
[2024-10-13T18:10:47.272-0400] {logging_mixin.py:190} INFO - 774 1728857298
[2024-10-13T18:10:47.274-0400] {logging_mixin.py:190} INFO - 775 1728857158
[2024-10-13T18:10:47.275-0400] {logging_mixin.py:190} INFO - 776 1728857399
[2024-10-13T18:10:47.276-0400] {logging_mixin.py:190} INFO - 777 1728857172
[2024-10-13T18:10:47.277-0400] {logging_mixin.py:190} INFO - 778 1728857400
[2024-10-13T18:10:47.278-0400] {logging_mixin.py:190} INFO - 779 1728857402
[2024-10-13T18:10:47.279-0400] {logging_mixin.py:190} INFO - 780 1728857339
[2024-10-13T18:10:47.280-0400] {logging_mixin.py:190} INFO - 781 1728857236
[2024-10-13T18:10:47.281-0400] {logging_mixin.py:190} INFO - 782 1728857199
[2024-10-13T18:10:47.281-0400] {logging_mixin.py:190} INFO - 783 1728857129
[2024-10-13T18:10:47.282-0400] {logging_mixin.py:190} INFO - 784 1728857265
[2024-10-13T18:10:47.283-0400] {logging_mixin.py:190} INFO - 785 1728857319
[2024-10-13T18:10:47.284-0400] {logging_mixin.py:190} INFO - 786 1728857312
[2024-10-13T18:10:47.285-0400] {logging_mixin.py:190} INFO - 787 1728857181
[2024-10-13T18:10:47.287-0400] {logging_mixin.py:190} INFO - 788 1728857284
[2024-10-13T18:10:47.288-0400] {logging_mixin.py:190} INFO - 789 1728857394
[2024-10-13T18:10:47.289-0400] {logging_mixin.py:190} INFO - 790 1728857348
[2024-10-13T18:10:47.290-0400] {logging_mixin.py:190} INFO - 791 1728857300
[2024-10-13T18:10:47.291-0400] {logging_mixin.py:190} INFO - 793 1728857198
[2024-10-13T18:10:47.292-0400] {logging_mixin.py:190} INFO - 794 1728857197
[2024-10-13T18:10:47.293-0400] {logging_mixin.py:190} INFO - 795 1728857407
[2024-10-13T18:10:47.294-0400] {logging_mixin.py:190} INFO - 796 1728857418
[2024-10-13T18:10:47.295-0400] {logging_mixin.py:190} INFO - 797 1728857254
[2024-10-13T18:10:47.295-0400] {logging_mixin.py:190} INFO - 798 1728857417
[2024-10-13T18:10:47.296-0400] {logging_mixin.py:190} INFO - 799 1728857256
[2024-10-13T18:10:47.297-0400] {logging_mixin.py:190} INFO - 800 1728857119
[2024-10-13T18:10:47.298-0400] {logging_mixin.py:190} INFO - 801 1728857318
[2024-10-13T18:10:47.299-0400] {logging_mixin.py:190} INFO - 802 1728857371
[2024-10-13T18:10:47.300-0400] {logging_mixin.py:190} INFO - 803 1728857309
[2024-10-13T18:10:47.301-0400] {logging_mixin.py:190} INFO - 806 1728857306
[2024-10-13T18:10:47.302-0400] {logging_mixin.py:190} INFO - 807 1728857194
[2024-10-13T18:10:47.303-0400] {logging_mixin.py:190} INFO - 808 1728857379
[2024-10-13T18:10:47.304-0400] {logging_mixin.py:190} INFO - 809 1728857163
[2024-10-13T18:10:47.305-0400] {logging_mixin.py:190} INFO - 810 1728857335
[2024-10-13T18:10:47.306-0400] {logging_mixin.py:190} INFO - 815 1728857190
[2024-10-13T18:10:47.307-0400] {logging_mixin.py:190} INFO - 816 1728857187
[2024-10-13T18:10:47.308-0400] {logging_mixin.py:190} INFO - 817 1728857142
[2024-10-13T18:10:47.309-0400] {logging_mixin.py:190} INFO - 818 1728857263
[2024-10-13T18:10:47.310-0400] {logging_mixin.py:190} INFO - 819 1728857397
[2024-10-13T18:10:47.311-0400] {logging_mixin.py:190} INFO - 820 1728857382
[2024-10-13T18:10:47.312-0400] {logging_mixin.py:190} INFO - 821 1728857171
[2024-10-13T18:10:47.313-0400] {logging_mixin.py:190} INFO - 822 1728857391
[2024-10-13T18:10:47.314-0400] {logging_mixin.py:190} INFO - 823 1728857255
[2024-10-13T18:10:47.315-0400] {logging_mixin.py:190} INFO - 824 1728857361
[2024-10-13T18:10:47.316-0400] {logging_mixin.py:190} INFO - 825 1728857265
[2024-10-13T18:10:47.317-0400] {logging_mixin.py:190} INFO - 826 1728857368
[2024-10-13T18:10:47.318-0400] {logging_mixin.py:190} INFO - 827 1728857288
[2024-10-13T18:10:47.319-0400] {logging_mixin.py:190} INFO - 828 1728857195
[2024-10-13T18:10:47.320-0400] {logging_mixin.py:190} INFO - 829 1728857341
[2024-10-13T18:10:47.321-0400] {logging_mixin.py:190} INFO - 830 1728857246
[2024-10-13T18:10:47.322-0400] {logging_mixin.py:190} INFO - 831 1728857391
[2024-10-13T18:10:47.323-0400] {logging_mixin.py:190} INFO - 832 1728857182
[2024-10-13T18:10:47.324-0400] {logging_mixin.py:190} INFO - 833 1728857280
[2024-10-13T18:10:47.325-0400] {logging_mixin.py:190} INFO - 834 1728857302
[2024-10-13T18:10:47.326-0400] {logging_mixin.py:190} INFO - 835 1728823460
[2024-10-13T18:10:47.327-0400] {logging_mixin.py:190} INFO - 836 1728857214
[2024-10-13T18:10:47.328-0400] {logging_mixin.py:190} INFO - 837 1728857390
[2024-10-13T18:10:47.329-0400] {logging_mixin.py:190} INFO - 838 1728857220
[2024-10-13T18:10:47.329-0400] {logging_mixin.py:190} INFO - 839 1728857381
[2024-10-13T18:10:47.330-0400] {logging_mixin.py:190} INFO - 840 1728857168
[2024-10-13T18:10:47.331-0400] {logging_mixin.py:190} INFO - 841 1728857431
[2024-10-13T18:10:47.331-0400] {logging_mixin.py:190} INFO - 842 1728857264
[2024-10-13T18:10:47.332-0400] {logging_mixin.py:190} INFO - 843 1728857170
[2024-10-13T18:10:47.333-0400] {logging_mixin.py:190} INFO - 844 1728857311
[2024-10-13T18:10:47.334-0400] {logging_mixin.py:190} INFO - 845 1728857215
[2024-10-13T18:10:47.335-0400] {logging_mixin.py:190} INFO - 846 1728855135
[2024-10-13T18:10:47.336-0400] {logging_mixin.py:190} INFO - 847 1728857197
[2024-10-13T18:10:47.337-0400] {logging_mixin.py:190} INFO - 848 1728857353
[2024-10-13T18:10:47.338-0400] {logging_mixin.py:190} INFO - 849 1728857294
[2024-10-13T18:10:47.339-0400] {logging_mixin.py:190} INFO - 850 1728857405
[2024-10-13T18:10:47.340-0400] {logging_mixin.py:190} INFO - 851 1728857156
[2024-10-13T18:10:47.341-0400] {logging_mixin.py:190} INFO - 852 1728857409
[2024-10-13T18:10:47.341-0400] {logging_mixin.py:190} INFO - 853 1728705308
[2024-10-13T18:10:47.343-0400] {logging_mixin.py:190} INFO - 854 1728857338
[2024-10-13T18:10:47.344-0400] {logging_mixin.py:190} INFO - 855 1728857169
[2024-10-13T18:10:47.345-0400] {logging_mixin.py:190} INFO - 857 1728857414
[2024-10-13T18:10:47.346-0400] {logging_mixin.py:190} INFO - 858 1728857334
[2024-10-13T18:10:47.346-0400] {logging_mixin.py:190} INFO - 859 1728857163
[2024-10-13T18:10:47.348-0400] {logging_mixin.py:190} INFO - 860 1728857405
[2024-10-13T18:10:47.349-0400] {logging_mixin.py:190} INFO - 861 1728857280
[2024-10-13T18:10:47.350-0400] {logging_mixin.py:190} INFO - 862 1728857168
[2024-10-13T18:10:47.351-0400] {logging_mixin.py:190} INFO - 863 1728857276
[2024-10-13T18:10:47.352-0400] {logging_mixin.py:190} INFO - 866 1728857213
[2024-10-13T18:10:47.353-0400] {logging_mixin.py:190} INFO - 867 1728791982
[2024-10-13T18:10:47.354-0400] {logging_mixin.py:190} INFO - 868 1728857290
[2024-10-13T18:10:47.355-0400] {logging_mixin.py:190} INFO - 870 1728857203
[2024-10-13T18:10:47.356-0400] {logging_mixin.py:190} INFO - 871 1728619102
[2024-10-13T18:10:47.357-0400] {logging_mixin.py:190} INFO - 872 1728857189
[2024-10-13T18:10:47.358-0400] {logging_mixin.py:190} INFO - 873 1728857344
[2024-10-13T18:10:47.359-0400] {logging_mixin.py:190} INFO - 874 1728857390
[2024-10-13T18:10:47.359-0400] {logging_mixin.py:190} INFO - 875 1728857235
[2024-10-13T18:10:47.360-0400] {logging_mixin.py:190} INFO - 877 1728857352
[2024-10-13T18:10:47.361-0400] {logging_mixin.py:190} INFO - 878 1728857143
[2024-10-13T18:10:47.362-0400] {logging_mixin.py:190} INFO - 879 1728857365
[2024-10-13T18:10:47.363-0400] {logging_mixin.py:190} INFO - 880 1728857173
[2024-10-13T18:10:47.365-0400] {logging_mixin.py:190} INFO - 881 1728857186
[2024-10-13T18:10:47.366-0400] {logging_mixin.py:190} INFO - 882 1728857321
[2024-10-13T18:10:47.366-0400] {logging_mixin.py:190} INFO - 883 1728857379
[2024-10-13T18:10:47.367-0400] {logging_mixin.py:190} INFO - 884 1728857337
[2024-10-13T18:10:47.368-0400] {logging_mixin.py:190} INFO - 885 1728857224
[2024-10-13T18:10:47.369-0400] {logging_mixin.py:190} INFO - 886 1728857162
[2024-10-13T18:10:47.370-0400] {logging_mixin.py:190} INFO - 887 1728857350
[2024-10-13T18:10:47.371-0400] {logging_mixin.py:190} INFO - 888 1728857403
[2024-10-13T18:10:47.372-0400] {logging_mixin.py:190} INFO - 889 1728857430
[2024-10-13T18:10:47.373-0400] {logging_mixin.py:190} INFO - 890 1728857431
[2024-10-13T18:10:47.374-0400] {logging_mixin.py:190} INFO - 891 1728857374
[2024-10-13T18:10:47.375-0400] {logging_mixin.py:190} INFO - 892 1728857164
[2024-10-13T18:10:47.376-0400] {logging_mixin.py:190} INFO - 895 1728857287
[2024-10-13T18:10:47.377-0400] {logging_mixin.py:190} INFO - 896 1728857363
[2024-10-13T18:10:47.378-0400] {logging_mixin.py:190} INFO - 897 1728857256
[2024-10-13T18:10:47.379-0400] {logging_mixin.py:190} INFO - 898 1728857188
[2024-10-13T18:10:47.380-0400] {logging_mixin.py:190} INFO - 899 1728857431
[2024-10-13T18:10:47.381-0400] {logging_mixin.py:190} INFO - 900 1728857417
[2024-10-13T18:10:47.382-0400] {logging_mixin.py:190} INFO - 901 1728857193
[2024-10-13T18:10:47.383-0400] {logging_mixin.py:190} INFO - 902 1728857384
[2024-10-13T18:10:47.384-0400] {logging_mixin.py:190} INFO - 903 1728857332
[2024-10-13T18:10:47.385-0400] {logging_mixin.py:190} INFO - 904 1728857172
[2024-10-13T18:10:47.386-0400] {logging_mixin.py:190} INFO - 905 1728857363
[2024-10-13T18:10:47.387-0400] {logging_mixin.py:190} INFO - 906 1728857395
[2024-10-13T18:10:47.387-0400] {logging_mixin.py:190} INFO - 907 1728857434
[2024-10-13T18:10:47.388-0400] {logging_mixin.py:190} INFO - 908 1728857150
[2024-10-13T18:10:47.389-0400] {logging_mixin.py:190} INFO - 909 1728857302
[2024-10-13T18:10:47.390-0400] {logging_mixin.py:190} INFO - 910 1728857416
[2024-10-13T18:10:47.391-0400] {logging_mixin.py:190} INFO - 911 1728857221
[2024-10-13T18:10:47.391-0400] {logging_mixin.py:190} INFO - 912 1728857168
[2024-10-13T18:10:47.392-0400] {logging_mixin.py:190} INFO - 913 1728857220
[2024-10-13T18:10:47.393-0400] {logging_mixin.py:190} INFO - 914 1728857138
[2024-10-13T18:10:47.394-0400] {logging_mixin.py:190} INFO - 915 1728857351
[2024-10-13T18:10:47.395-0400] {logging_mixin.py:190} INFO - 916 1728857265
[2024-10-13T18:10:47.396-0400] {logging_mixin.py:190} INFO - 917 1728857319
[2024-10-13T18:10:47.397-0400] {logging_mixin.py:190} INFO - 918 1728857277
[2024-10-13T18:10:47.398-0400] {logging_mixin.py:190} INFO - 919 1728857163
[2024-10-13T18:10:47.399-0400] {logging_mixin.py:190} INFO - 920 1728857425
[2024-10-13T18:10:47.400-0400] {logging_mixin.py:190} INFO - 921 1728857224
[2024-10-13T18:10:47.401-0400] {logging_mixin.py:190} INFO - 922 1728857200
[2024-10-13T18:10:47.402-0400] {logging_mixin.py:190} INFO - 923 1728857348
[2024-10-13T18:10:47.403-0400] {logging_mixin.py:190} INFO - 924 1728857274
[2024-10-13T18:10:47.404-0400] {logging_mixin.py:190} INFO - 925 1728857166
[2024-10-13T18:10:47.404-0400] {logging_mixin.py:190} INFO - 926 1728857197
[2024-10-13T18:10:47.405-0400] {logging_mixin.py:190} INFO - 927 1728857396
[2024-10-13T18:10:47.406-0400] {logging_mixin.py:190} INFO - 928 1728857401
[2024-10-13T18:10:47.407-0400] {logging_mixin.py:190} INFO - 929 1728857420
[2024-10-13T18:10:47.408-0400] {logging_mixin.py:190} INFO - 930 1728857154
[2024-10-13T18:10:47.409-0400] {logging_mixin.py:190} INFO - 931 1728857367
[2024-10-13T18:10:47.410-0400] {logging_mixin.py:190} INFO - 932 1728857137
[2024-10-13T18:10:47.411-0400] {logging_mixin.py:190} INFO - 933 1728857270
[2024-10-13T18:10:47.412-0400] {logging_mixin.py:190} INFO - 934 1728857421
[2024-10-13T18:10:47.413-0400] {logging_mixin.py:190} INFO - 935 1728857322
[2024-10-13T18:10:47.414-0400] {logging_mixin.py:190} INFO - 936 1728857310
[2024-10-13T18:10:47.414-0400] {logging_mixin.py:190} INFO - 940 1728857312
[2024-10-13T18:10:47.415-0400] {logging_mixin.py:190} INFO - 941 1728857267
[2024-10-13T18:10:47.416-0400] {logging_mixin.py:190} INFO - 942 1728857150
[2024-10-13T18:10:47.417-0400] {logging_mixin.py:190} INFO - 943 1728857370
[2024-10-13T18:10:47.418-0400] {logging_mixin.py:190} INFO - 944 1728857270
[2024-10-13T18:10:47.419-0400] {logging_mixin.py:190} INFO - 945 1728857394
[2024-10-13T18:10:47.420-0400] {logging_mixin.py:190} INFO - 946 1728857154
[2024-10-13T18:10:47.421-0400] {logging_mixin.py:190} INFO - 947 1728857123
[2024-10-13T18:10:47.422-0400] {logging_mixin.py:190} INFO - 948 1728857137
[2024-10-13T18:10:47.423-0400] {logging_mixin.py:190} INFO - 949 1728857299
[2024-10-13T18:10:47.424-0400] {logging_mixin.py:190} INFO - 950 1728857257
[2024-10-13T18:10:47.425-0400] {logging_mixin.py:190} INFO - 951 1728857258
[2024-10-13T18:10:47.426-0400] {logging_mixin.py:190} INFO - 952 1728857205
[2024-10-13T18:10:47.427-0400] {logging_mixin.py:190} INFO - 953 1728857388
[2024-10-13T18:10:47.428-0400] {logging_mixin.py:190} INFO - 954 1728857233
[2024-10-13T18:10:47.429-0400] {logging_mixin.py:190} INFO - 955 1728857348
[2024-10-13T18:10:47.430-0400] {logging_mixin.py:190} INFO - 956 1728857345
[2024-10-13T18:10:47.430-0400] {logging_mixin.py:190} INFO - 957 1728857266
[2024-10-13T18:10:47.431-0400] {logging_mixin.py:190} INFO - 958 1728857161
[2024-10-13T18:10:47.432-0400] {logging_mixin.py:190} INFO - 959 1728857274
[2024-10-13T18:10:47.433-0400] {logging_mixin.py:190} INFO - 960 1728857219
[2024-10-13T18:10:47.434-0400] {logging_mixin.py:190} INFO - 961 1728857313
[2024-10-13T18:10:47.436-0400] {logging_mixin.py:190} INFO - 962 1728857306
[2024-10-13T18:10:47.437-0400] {logging_mixin.py:190} INFO - 963 1728857369
[2024-10-13T18:10:47.438-0400] {logging_mixin.py:190} INFO - 964 1728857334
[2024-10-13T18:10:47.438-0400] {logging_mixin.py:190} INFO - 965 1728857138
[2024-10-13T18:10:47.439-0400] {logging_mixin.py:190} INFO - 966 1728857230
[2024-10-13T18:10:47.440-0400] {logging_mixin.py:190} INFO - 967 1728857144
[2024-10-13T18:10:47.441-0400] {logging_mixin.py:190} INFO - 968 1728857172
[2024-10-13T18:10:47.442-0400] {logging_mixin.py:190} INFO - 969 1728857182
[2024-10-13T18:10:47.443-0400] {logging_mixin.py:190} INFO - 970 1728857216
[2024-10-13T18:10:47.444-0400] {logging_mixin.py:190} INFO - 971 1728857294
[2024-10-13T18:10:47.445-0400] {logging_mixin.py:190} INFO - 977 1728857417
[2024-10-13T18:10:47.446-0400] {logging_mixin.py:190} INFO - 978 1728857334
[2024-10-13T18:10:47.447-0400] {logging_mixin.py:190} INFO - 979 1728857283
[2024-10-13T18:10:47.448-0400] {logging_mixin.py:190} INFO - 980 1728857311
[2024-10-13T18:10:47.449-0400] {logging_mixin.py:190} INFO - 981 1728857280
[2024-10-13T18:10:47.450-0400] {logging_mixin.py:190} INFO - 982 1728857285
[2024-10-13T18:10:47.451-0400] {logging_mixin.py:190} INFO - 983 1728857408
[2024-10-13T18:10:47.452-0400] {logging_mixin.py:190} INFO - 984 1728791847
[2024-10-13T18:10:47.452-0400] {logging_mixin.py:190} INFO - 985 1728857385
[2024-10-13T18:10:47.453-0400] {logging_mixin.py:190} INFO - 986 1728857341
[2024-10-13T18:10:47.454-0400] {logging_mixin.py:190} INFO - 987 1728857191
[2024-10-13T18:10:47.455-0400] {logging_mixin.py:190} INFO - 988 1728857375
[2024-10-13T18:10:47.456-0400] {logging_mixin.py:190} INFO - 989 1728857379
[2024-10-13T18:10:47.457-0400] {logging_mixin.py:190} INFO - 990 1727957747
[2024-10-13T18:10:47.458-0400] {logging_mixin.py:190} INFO - 991 1727957013
[2024-10-13T18:10:47.459-0400] {logging_mixin.py:190} INFO - 992 1728791897
[2024-10-13T18:10:47.460-0400] {logging_mixin.py:190} INFO - 993 1728857306
[2024-10-13T18:10:47.460-0400] {logging_mixin.py:190} INFO - 994 86400
[2024-10-13T18:10:47.504-0400] {python.py:240} INFO - Done. Returned value was: None
[2024-10-13T18:10:47.513-0400] {taskinstance.py:340} INFO - ::group::Post task execution logs
[2024-10-13T18:10:47.515-0400] {taskinstance.py:352} INFO - Marking task as SUCCESS. dag_id=bixi_etl_pipeline, task_id=extract_task, run_id=manual__2024-10-13T22:10:20.926514+00:00, execution_date=20241013T221020, start_date=20241013T221045, end_date=20241013T221047
[2024-10-13T18:10:47.525-0400] {logging_mixin.py:190} INFO - Task instance in success state
[2024-10-13T18:10:47.527-0400] {logging_mixin.py:190} INFO -  Previous state of the Task instance: running
[2024-10-13T18:10:47.528-0400] {logging_mixin.py:190} INFO - Dag name:bixi_etl_pipeline queued_at:2024-10-13 22:10:20.965162+00:00
[2024-10-13T18:10:47.529-0400] {logging_mixin.py:190} INFO - Task hostname:karendembp.home operator:PythonOperator
[2024-10-13T18:10:47.575-0400] {local_task_job_runner.py:266} INFO - Task exited with return code 0
[2024-10-13T18:10:47.606-0400] {taskinstance.py:3900} INFO - 1 downstream tasks scheduled from follow-on schedule check
[2024-10-13T18:10:47.608-0400] {local_task_job_runner.py:245} INFO - ::endgroup::
