[2024-10-13T17:47:29.649-0400] {local_task_job_runner.py:123} INFO - ::group::Pre task execution logs
[2024-10-13T17:47:29.664-0400] {taskinstance.py:2612} INFO - Dependencies all met for dep_context=non-requeueable deps ti=<TaskInstance: bixi_etl_pipeline.extract_task manual__2024-10-13T21:47:10.213313+00:00 [queued]>
[2024-10-13T17:47:29.673-0400] {taskinstance.py:2612} INFO - Dependencies all met for dep_context=requeueable deps ti=<TaskInstance: bixi_etl_pipeline.extract_task manual__2024-10-13T21:47:10.213313+00:00 [queued]>
[2024-10-13T17:47:29.674-0400] {taskinstance.py:2865} INFO - Starting attempt 1 of 1
[2024-10-13T17:47:29.688-0400] {taskinstance.py:2888} INFO - Executing <Task(PythonOperator): extract_task> on 2024-10-13 21:47:10.213313+00:00
[2024-10-13T17:47:29.697-0400] {standard_task_runner.py:72} INFO - Started process 82590 to run task
[2024-10-13T17:47:29.704-0400] {clientserver.py:543} INFO - Closing down clientserver connection
[2024-10-13T17:47:29.716-0400] {standard_task_runner.py:104} INFO - Running: ['airflow', 'tasks', 'run', 'bixi_etl_pipeline', 'extract_task', 'manual__2024-10-13T21:47:10.213313+00:00', '--job-id', '191', '--raw', '--subdir', 'DAGS_FOLDER/bixi_etl_pipeline.py', '--cfg-path', '/var/folders/bj/4z3t139j7xj2qng4wk4y16ym0000gn/T/tmptq0hgtyi']
[2024-10-13T17:47:29.718-0400] {standard_task_runner.py:105} INFO - Job 191: Subtask extract_task
[2024-10-13T17:47:29.777-0400] {task_command.py:467} INFO - Running <TaskInstance: bixi_etl_pipeline.extract_task manual__2024-10-13T21:47:10.213313+00:00 [running]> on host karendembp.home
[2024-10-13T17:47:30.061-0400] {taskinstance.py:3131} INFO - Exporting env vars: AIRFLOW_CTX_DAG_OWNER='airflow' AIRFLOW_CTX_DAG_ID='bixi_etl_pipeline' AIRFLOW_CTX_TASK_ID='extract_task' AIRFLOW_CTX_EXECUTION_DATE='2024-10-13T21:47:10.213313+00:00' AIRFLOW_CTX_TRY_NUMBER='1' AIRFLOW_CTX_DAG_RUN_ID='manual__2024-10-13T21:47:10.213313+00:00'
[2024-10-13T17:47:30.063-0400] {logging_mixin.py:190} INFO - Task instance is in running state
[2024-10-13T17:47:30.064-0400] {logging_mixin.py:190} INFO -  Previous state of the Task instance: queued
[2024-10-13T17:47:30.065-0400] {logging_mixin.py:190} INFO - Current task name:extract_task state:running start_date:2024-10-13 21:47:29.665053+00:00
[2024-10-13T17:47:30.065-0400] {logging_mixin.py:190} INFO - Dag name:bixi_etl_pipeline and current dag run status:running
[2024-10-13T17:47:30.066-0400] {taskinstance.py:731} INFO - ::endgroup::
[2024-10-13T17:47:30.468-0400] {logging_mixin.py:190} INFO - 1 1728855818
[2024-10-13T17:47:30.469-0400] {logging_mixin.py:190} INFO - 2 1728855574
[2024-10-13T17:47:30.470-0400] {logging_mixin.py:190} INFO - 3 1728855591
[2024-10-13T17:47:30.471-0400] {logging_mixin.py:190} INFO - 4 1728855843
[2024-10-13T17:47:30.472-0400] {logging_mixin.py:190} INFO - 5 1728853785
[2024-10-13T17:47:30.473-0400] {logging_mixin.py:190} INFO - 6 1728855942
[2024-10-13T17:47:30.474-0400] {logging_mixin.py:190} INFO - 7 1728855807
[2024-10-13T17:47:30.475-0400] {logging_mixin.py:190} INFO - 8 1728855802
[2024-10-13T17:47:30.475-0400] {logging_mixin.py:190} INFO - 9 1728855582
[2024-10-13T17:47:30.476-0400] {logging_mixin.py:190} INFO - 10 1728853478
[2024-10-13T17:47:30.477-0400] {logging_mixin.py:190} INFO - 11 1728855213
[2024-10-13T17:47:30.478-0400] {logging_mixin.py:190} INFO - 12 1728854439
[2024-10-13T17:47:30.479-0400] {logging_mixin.py:190} INFO - 13 1728855937
[2024-10-13T17:47:30.480-0400] {logging_mixin.py:190} INFO - 14 1728855407
[2024-10-13T17:47:30.481-0400] {logging_mixin.py:190} INFO - 15 1728855777
[2024-10-13T17:47:30.482-0400] {logging_mixin.py:190} INFO - 16 1728852968
[2024-10-13T17:47:30.484-0400] {logging_mixin.py:190} INFO - 17 1728855753
[2024-10-13T17:47:30.485-0400] {logging_mixin.py:190} INFO - 18 1728855865
[2024-10-13T17:47:30.486-0400] {logging_mixin.py:190} INFO - 19 1728855692
[2024-10-13T17:47:30.487-0400] {logging_mixin.py:190} INFO - 20 1728856025
[2024-10-13T17:47:30.488-0400] {logging_mixin.py:190} INFO - 21 1728855829
[2024-10-13T17:47:30.488-0400] {logging_mixin.py:190} INFO - 22 1728855718
[2024-10-13T17:47:30.489-0400] {logging_mixin.py:190} INFO - 24 1728856041
[2024-10-13T17:47:30.490-0400] {logging_mixin.py:190} INFO - 25 1728855543
[2024-10-13T17:47:30.491-0400] {logging_mixin.py:190} INFO - 26 1728855722
[2024-10-13T17:47:30.492-0400] {logging_mixin.py:190} INFO - 28 1728856012
[2024-10-13T17:47:30.493-0400] {logging_mixin.py:190} INFO - 30 1728854862
[2024-10-13T17:47:30.494-0400] {logging_mixin.py:190} INFO - 31 1728855573
[2024-10-13T17:47:30.495-0400] {logging_mixin.py:190} INFO - 32 1728855604
[2024-10-13T17:47:30.496-0400] {logging_mixin.py:190} INFO - 34 1728855992
[2024-10-13T17:47:30.497-0400] {logging_mixin.py:190} INFO - 35 1728856001
[2024-10-13T17:47:30.498-0400] {logging_mixin.py:190} INFO - 36 1728854412
[2024-10-13T17:47:30.499-0400] {logging_mixin.py:190} INFO - 37 1728855452
[2024-10-13T17:47:30.500-0400] {logging_mixin.py:190} INFO - 38 1728855293
[2024-10-13T17:47:30.501-0400] {logging_mixin.py:190} INFO - 39 1728855755
[2024-10-13T17:47:30.502-0400] {logging_mixin.py:190} INFO - 40 1728855986
[2024-10-13T17:47:30.503-0400] {logging_mixin.py:190} INFO - 41 1728855189
[2024-10-13T17:47:30.504-0400] {logging_mixin.py:190} INFO - 43 1728855397
[2024-10-13T17:47:30.504-0400] {logging_mixin.py:190} INFO - 45 1728850821
[2024-10-13T17:47:30.505-0400] {logging_mixin.py:190} INFO - 46 1728854992
[2024-10-13T17:47:30.506-0400] {logging_mixin.py:190} INFO - 47 1728855549
[2024-10-13T17:47:30.507-0400] {logging_mixin.py:190} INFO - 48 1728855146
[2024-10-13T17:47:30.509-0400] {logging_mixin.py:190} INFO - 49 1728855704
[2024-10-13T17:47:30.509-0400] {logging_mixin.py:190} INFO - 50 1728855835
[2024-10-13T17:47:30.510-0400] {logging_mixin.py:190} INFO - 51 1728855926
[2024-10-13T17:47:30.511-0400] {logging_mixin.py:190} INFO - 52 1728855902
[2024-10-13T17:47:30.512-0400] {logging_mixin.py:190} INFO - 55 1728855430
[2024-10-13T17:47:30.513-0400] {logging_mixin.py:190} INFO - 56 1728855866
[2024-10-13T17:47:30.514-0400] {logging_mixin.py:190} INFO - 57 1728855309
[2024-10-13T17:47:30.514-0400] {logging_mixin.py:190} INFO - 59 1728855868
[2024-10-13T17:47:30.515-0400] {logging_mixin.py:190} INFO - 60 1728855287
[2024-10-13T17:47:30.516-0400] {logging_mixin.py:190} INFO - 61 1728856010
[2024-10-13T17:47:30.517-0400] {logging_mixin.py:190} INFO - 62 1728855931
[2024-10-13T17:47:30.517-0400] {logging_mixin.py:190} INFO - 63 1728855520
[2024-10-13T17:47:30.518-0400] {logging_mixin.py:190} INFO - 64 1728854171
[2024-10-13T17:47:30.519-0400] {logging_mixin.py:190} INFO - 65 1728856039
[2024-10-13T17:47:30.520-0400] {logging_mixin.py:190} INFO - 67 1728855841
[2024-10-13T17:47:30.521-0400] {logging_mixin.py:190} INFO - 68 1728855825
[2024-10-13T17:47:30.522-0400] {logging_mixin.py:190} INFO - 69 1728855758
[2024-10-13T17:47:30.523-0400] {logging_mixin.py:190} INFO - 71 1728856038
[2024-10-13T17:47:30.524-0400] {logging_mixin.py:190} INFO - 72 1728855965
[2024-10-13T17:47:30.525-0400] {logging_mixin.py:190} INFO - 73 1728855945
[2024-10-13T17:47:30.526-0400] {logging_mixin.py:190} INFO - 74 1728855728
[2024-10-13T17:47:30.526-0400] {logging_mixin.py:190} INFO - 75 1728854046
[2024-10-13T17:47:30.527-0400] {logging_mixin.py:190} INFO - 76 1728854620
[2024-10-13T17:47:30.528-0400] {logging_mixin.py:190} INFO - 77 1728855120
[2024-10-13T17:47:30.529-0400] {logging_mixin.py:190} INFO - 78 1728855824
[2024-10-13T17:47:30.529-0400] {logging_mixin.py:190} INFO - 79 1728855589
[2024-10-13T17:47:30.530-0400] {logging_mixin.py:190} INFO - 80 1728854804
[2024-10-13T17:47:30.530-0400] {logging_mixin.py:190} INFO - 81 1728855559
[2024-10-13T17:47:30.531-0400] {logging_mixin.py:190} INFO - 82 1728855561
[2024-10-13T17:47:30.532-0400] {logging_mixin.py:190} INFO - 83 1728855971
[2024-10-13T17:47:30.533-0400] {logging_mixin.py:190} INFO - 84 1728855853
[2024-10-13T17:47:30.534-0400] {logging_mixin.py:190} INFO - 85 1728856037
[2024-10-13T17:47:30.535-0400] {logging_mixin.py:190} INFO - 86 1728854643
[2024-10-13T17:47:30.536-0400] {logging_mixin.py:190} INFO - 87 1728856036
[2024-10-13T17:47:30.536-0400] {logging_mixin.py:190} INFO - 88 1728855812
[2024-10-13T17:47:30.537-0400] {logging_mixin.py:190} INFO - 89 1728855876
[2024-10-13T17:47:30.538-0400] {logging_mixin.py:190} INFO - 91 1728855112
[2024-10-13T17:47:30.539-0400] {logging_mixin.py:190} INFO - 92 1728854175
[2024-10-13T17:47:30.540-0400] {logging_mixin.py:190} INFO - 93 1728855432
[2024-10-13T17:47:30.541-0400] {logging_mixin.py:190} INFO - 94 1728846983
[2024-10-13T17:47:30.542-0400] {logging_mixin.py:190} INFO - 95 1728855574
[2024-10-13T17:47:30.543-0400] {logging_mixin.py:190} INFO - 96 1728855534
[2024-10-13T17:47:30.544-0400] {logging_mixin.py:190} INFO - 97 1728851819
[2024-10-13T17:47:30.545-0400] {logging_mixin.py:190} INFO - 99 1728854375
[2024-10-13T17:47:30.546-0400] {logging_mixin.py:190} INFO - 100 1728855811
[2024-10-13T17:47:30.546-0400] {logging_mixin.py:190} INFO - 101 1728855848
[2024-10-13T17:47:30.547-0400] {logging_mixin.py:190} INFO - 102 1728856041
[2024-10-13T17:47:30.548-0400] {logging_mixin.py:190} INFO - 103 1728855957
[2024-10-13T17:47:30.549-0400] {logging_mixin.py:190} INFO - 105 1728853114
[2024-10-13T17:47:30.551-0400] {logging_mixin.py:190} INFO - 106 1728855898
[2024-10-13T17:47:30.552-0400] {logging_mixin.py:190} INFO - 107 1728855777
[2024-10-13T17:47:30.553-0400] {logging_mixin.py:190} INFO - 108 1728855959
[2024-10-13T17:47:30.554-0400] {logging_mixin.py:190} INFO - 109 1728856039
[2024-10-13T17:47:30.554-0400] {logging_mixin.py:190} INFO - 110 1728855805
[2024-10-13T17:47:30.555-0400] {logging_mixin.py:190} INFO - 111 1728855952
[2024-10-13T17:47:30.556-0400] {logging_mixin.py:190} INFO - 112 1728854550
[2024-10-13T17:47:30.556-0400] {logging_mixin.py:190} INFO - 113 1728855925
[2024-10-13T17:47:30.557-0400] {logging_mixin.py:190} INFO - 114 1728854967
[2024-10-13T17:47:30.557-0400] {logging_mixin.py:190} INFO - 115 1728855919
[2024-10-13T17:47:30.558-0400] {logging_mixin.py:190} INFO - 116 1728855340
[2024-10-13T17:47:30.559-0400] {logging_mixin.py:190} INFO - 118 1728854840
[2024-10-13T17:47:30.560-0400] {logging_mixin.py:190} INFO - 119 1728856009
[2024-10-13T17:47:30.561-0400] {logging_mixin.py:190} INFO - 120 1728855552
[2024-10-13T17:47:30.561-0400] {logging_mixin.py:190} INFO - 121 1728855377
[2024-10-13T17:47:30.562-0400] {logging_mixin.py:190} INFO - 122 1728855511
[2024-10-13T17:47:30.563-0400] {logging_mixin.py:190} INFO - 123 1728855128
[2024-10-13T17:47:30.564-0400] {logging_mixin.py:190} INFO - 124 1728855993
[2024-10-13T17:47:30.565-0400] {logging_mixin.py:190} INFO - 125 1728855216
[2024-10-13T17:47:30.565-0400] {logging_mixin.py:190} INFO - 126 1728855964
[2024-10-13T17:47:30.566-0400] {logging_mixin.py:190} INFO - 127 1728856042
[2024-10-13T17:47:30.567-0400] {logging_mixin.py:190} INFO - 128 1728855801
[2024-10-13T17:47:30.568-0400] {logging_mixin.py:190} INFO - 129 1728855521
[2024-10-13T17:47:30.568-0400] {logging_mixin.py:190} INFO - 131 1728855583
[2024-10-13T17:47:30.569-0400] {logging_mixin.py:190} INFO - 132 1728854326
[2024-10-13T17:47:30.569-0400] {logging_mixin.py:190} INFO - 133 1728855908
[2024-10-13T17:47:30.570-0400] {logging_mixin.py:190} INFO - 134 1728855601
[2024-10-13T17:47:30.571-0400] {logging_mixin.py:190} INFO - 135 1728853240
[2024-10-13T17:47:30.571-0400] {logging_mixin.py:190} INFO - 136 1728854406
[2024-10-13T17:47:30.572-0400] {logging_mixin.py:190} INFO - 137 1728855834
[2024-10-13T17:47:30.572-0400] {logging_mixin.py:190} INFO - 138 1728856018
[2024-10-13T17:47:30.573-0400] {logging_mixin.py:190} INFO - 139 1728855723
[2024-10-13T17:47:30.574-0400] {logging_mixin.py:190} INFO - 140 1728854853
[2024-10-13T17:47:30.575-0400] {logging_mixin.py:190} INFO - 141 1728855797
[2024-10-13T17:47:30.576-0400] {logging_mixin.py:190} INFO - 142 1728855955
[2024-10-13T17:47:30.577-0400] {logging_mixin.py:190} INFO - 143 1728855946
[2024-10-13T17:47:30.578-0400] {logging_mixin.py:190} INFO - 144 1728855920
[2024-10-13T17:47:30.579-0400] {logging_mixin.py:190} INFO - 145 1728856041
[2024-10-13T17:47:30.580-0400] {logging_mixin.py:190} INFO - 146 1728855825
[2024-10-13T17:47:30.580-0400] {logging_mixin.py:190} INFO - 147 1728855939
[2024-10-13T17:47:30.581-0400] {logging_mixin.py:190} INFO - 148 1728856008
[2024-10-13T17:47:30.581-0400] {logging_mixin.py:190} INFO - 149 1728855896
[2024-10-13T17:47:30.582-0400] {logging_mixin.py:190} INFO - 150 1728855985
[2024-10-13T17:47:30.583-0400] {logging_mixin.py:190} INFO - 151 1728856020
[2024-10-13T17:47:30.583-0400] {logging_mixin.py:190} INFO - 152 1728856041
[2024-10-13T17:47:30.584-0400] {logging_mixin.py:190} INFO - 153 1728855800
[2024-10-13T17:47:30.584-0400] {logging_mixin.py:190} INFO - 154 1728855996
[2024-10-13T17:47:30.585-0400] {logging_mixin.py:190} INFO - 155 1728855737
[2024-10-13T17:47:30.586-0400] {logging_mixin.py:190} INFO - 156 1728855778
[2024-10-13T17:47:30.586-0400] {logging_mixin.py:190} INFO - 157 1728855987
[2024-10-13T17:47:30.587-0400] {logging_mixin.py:190} INFO - 158 1728855910
[2024-10-13T17:47:30.588-0400] {logging_mixin.py:190} INFO - 159 1728855617
[2024-10-13T17:47:30.589-0400] {logging_mixin.py:190} INFO - 160 1728855377
[2024-10-13T17:47:30.589-0400] {logging_mixin.py:190} INFO - 161 1728855896
[2024-10-13T17:47:30.590-0400] {logging_mixin.py:190} INFO - 162 1728854857
[2024-10-13T17:47:30.591-0400] {logging_mixin.py:190} INFO - 163 1728855975
[2024-10-13T17:47:30.592-0400] {logging_mixin.py:190} INFO - 164 1728855851
[2024-10-13T17:47:30.593-0400] {logging_mixin.py:190} INFO - 165 1728855819
[2024-10-13T17:47:30.593-0400] {logging_mixin.py:190} INFO - 166 1728855606
[2024-10-13T17:47:30.594-0400] {logging_mixin.py:190} INFO - 167 1728855808
[2024-10-13T17:47:30.595-0400] {logging_mixin.py:190} INFO - 168 1728855905
[2024-10-13T17:47:30.596-0400] {logging_mixin.py:190} INFO - 169 1728856036
[2024-10-13T17:47:30.596-0400] {logging_mixin.py:190} INFO - 170 1728855920
[2024-10-13T17:47:30.597-0400] {logging_mixin.py:190} INFO - 171 1728854811
[2024-10-13T17:47:30.598-0400] {logging_mixin.py:190} INFO - 173 1728856013
[2024-10-13T17:47:30.599-0400] {logging_mixin.py:190} INFO - 174 1728856033
[2024-10-13T17:47:30.600-0400] {logging_mixin.py:190} INFO - 176 1728856040
[2024-10-13T17:47:30.600-0400] {logging_mixin.py:190} INFO - 177 1728856042
[2024-10-13T17:47:30.601-0400] {logging_mixin.py:190} INFO - 178 1728855529
[2024-10-13T17:47:30.602-0400] {logging_mixin.py:190} INFO - 179 1728855488
[2024-10-13T17:47:30.602-0400] {logging_mixin.py:190} INFO - 180 1728852932
[2024-10-13T17:47:30.603-0400] {logging_mixin.py:190} INFO - 181 1728855836
[2024-10-13T17:47:30.604-0400] {logging_mixin.py:190} INFO - 182 1728855981
[2024-10-13T17:47:30.605-0400] {logging_mixin.py:190} INFO - 183 1728856038
[2024-10-13T17:47:30.606-0400] {logging_mixin.py:190} INFO - 184 1728855892
[2024-10-13T17:47:30.606-0400] {logging_mixin.py:190} INFO - 185 1728854879
[2024-10-13T17:47:30.607-0400] {logging_mixin.py:190} INFO - 186 1728856040
[2024-10-13T17:47:30.607-0400] {logging_mixin.py:190} INFO - 187 1728854921
[2024-10-13T17:47:30.608-0400] {logging_mixin.py:190} INFO - 188 1728855700
[2024-10-13T17:47:30.609-0400] {logging_mixin.py:190} INFO - 189 1728855234
[2024-10-13T17:47:30.610-0400] {logging_mixin.py:190} INFO - 190 1728855880
[2024-10-13T17:47:30.610-0400] {logging_mixin.py:190} INFO - 191 1728855974
[2024-10-13T17:47:30.611-0400] {logging_mixin.py:190} INFO - 192 1728855517
[2024-10-13T17:47:30.612-0400] {logging_mixin.py:190} INFO - 193 1728855631
[2024-10-13T17:47:30.613-0400] {logging_mixin.py:190} INFO - 194 1728855924
[2024-10-13T17:47:30.614-0400] {logging_mixin.py:190} INFO - 195 1728855537
[2024-10-13T17:47:30.615-0400] {logging_mixin.py:190} INFO - 196 1728855769
[2024-10-13T17:47:30.615-0400] {logging_mixin.py:190} INFO - 197 1728854955
[2024-10-13T17:47:30.616-0400] {logging_mixin.py:190} INFO - 198 1728855125
[2024-10-13T17:47:30.616-0400] {logging_mixin.py:190} INFO - 199 1728856028
[2024-10-13T17:47:30.617-0400] {logging_mixin.py:190} INFO - 200 1728855801
[2024-10-13T17:47:30.618-0400] {logging_mixin.py:190} INFO - 201 1728856007
[2024-10-13T17:47:30.619-0400] {logging_mixin.py:190} INFO - 202 1728854252
[2024-10-13T17:47:30.620-0400] {logging_mixin.py:190} INFO - 203 1728855223
[2024-10-13T17:47:30.621-0400] {logging_mixin.py:190} INFO - 204 1728856040
[2024-10-13T17:47:30.622-0400] {logging_mixin.py:190} INFO - 205 1728855353
[2024-10-13T17:47:30.623-0400] {logging_mixin.py:190} INFO - 206 1728855503
[2024-10-13T17:47:30.623-0400] {logging_mixin.py:190} INFO - 207 1728856028
[2024-10-13T17:47:30.624-0400] {logging_mixin.py:190} INFO - 208 1728855453
[2024-10-13T17:47:30.624-0400] {logging_mixin.py:190} INFO - 209 1728856020
[2024-10-13T17:47:30.625-0400] {logging_mixin.py:190} INFO - 210 1728856005
[2024-10-13T17:47:30.626-0400] {logging_mixin.py:190} INFO - 211 1728855908
[2024-10-13T17:47:30.626-0400] {logging_mixin.py:190} INFO - 212 1728391856
[2024-10-13T17:47:30.627-0400] {logging_mixin.py:190} INFO - 213 1728855237
[2024-10-13T17:47:30.628-0400] {logging_mixin.py:190} INFO - 214 1728855845
[2024-10-13T17:47:30.629-0400] {logging_mixin.py:190} INFO - 215 1728855806
[2024-10-13T17:47:30.630-0400] {logging_mixin.py:190} INFO - 216 1728855660
[2024-10-13T17:47:30.630-0400] {logging_mixin.py:190} INFO - 217 1728856027
[2024-10-13T17:47:30.631-0400] {logging_mixin.py:190} INFO - 218 1728856025
[2024-10-13T17:47:30.633-0400] {logging_mixin.py:190} INFO - 219 1728855968
[2024-10-13T17:47:30.634-0400] {logging_mixin.py:190} INFO - 220 1728855900
[2024-10-13T17:47:30.634-0400] {logging_mixin.py:190} INFO - 221 1728855928
[2024-10-13T17:47:30.635-0400] {logging_mixin.py:190} INFO - 222 1728855783
[2024-10-13T17:47:30.636-0400] {logging_mixin.py:190} INFO - 223 1728855873
[2024-10-13T17:47:30.637-0400] {logging_mixin.py:190} INFO - 224 1728855872
[2024-10-13T17:47:30.638-0400] {logging_mixin.py:190} INFO - 225 1728855319
[2024-10-13T17:47:30.639-0400] {logging_mixin.py:190} INFO - 226 1728855860
[2024-10-13T17:47:30.640-0400] {logging_mixin.py:190} INFO - 227 1728856006
[2024-10-13T17:47:30.641-0400] {logging_mixin.py:190} INFO - 228 1728855405
[2024-10-13T17:47:30.642-0400] {logging_mixin.py:190} INFO - 229 1728855965
[2024-10-13T17:47:30.643-0400] {logging_mixin.py:190} INFO - 230 1728855740
[2024-10-13T17:47:30.644-0400] {logging_mixin.py:190} INFO - 232 1728855967
[2024-10-13T17:47:30.645-0400] {logging_mixin.py:190} INFO - 233 1728856038
[2024-10-13T17:47:30.645-0400] {logging_mixin.py:190} INFO - 234 1728854761
[2024-10-13T17:47:30.646-0400] {logging_mixin.py:190} INFO - 236 1728854831
[2024-10-13T17:47:30.647-0400] {logging_mixin.py:190} INFO - 237 1728855873
[2024-10-13T17:47:30.647-0400] {logging_mixin.py:190} INFO - 239 1728855510
[2024-10-13T17:47:30.648-0400] {logging_mixin.py:190} INFO - 241 1728854252
[2024-10-13T17:47:30.649-0400] {logging_mixin.py:190} INFO - 242 1728855989
[2024-10-13T17:47:30.650-0400] {logging_mixin.py:190} INFO - 243 1728855342
[2024-10-13T17:47:30.651-0400] {logging_mixin.py:190} INFO - 244 1728855641
[2024-10-13T17:47:30.651-0400] {logging_mixin.py:190} INFO - 245 1728659352
[2024-10-13T17:47:30.652-0400] {logging_mixin.py:190} INFO - 246 1728855261
[2024-10-13T17:47:30.653-0400] {logging_mixin.py:190} INFO - 247 1728854599
[2024-10-13T17:47:30.653-0400] {logging_mixin.py:190} INFO - 248 1728855408
[2024-10-13T17:47:30.654-0400] {logging_mixin.py:190} INFO - 249 1728855725
[2024-10-13T17:47:30.655-0400] {logging_mixin.py:190} INFO - 250 1728855942
[2024-10-13T17:47:30.655-0400] {logging_mixin.py:190} INFO - 251 1728855990
[2024-10-13T17:47:30.656-0400] {logging_mixin.py:190} INFO - 253 1728855408
[2024-10-13T17:47:30.657-0400] {logging_mixin.py:190} INFO - 254 1728855946
[2024-10-13T17:47:30.658-0400] {logging_mixin.py:190} INFO - 255 1728852846
[2024-10-13T17:47:30.658-0400] {logging_mixin.py:190} INFO - 256 1728855609
[2024-10-13T17:47:30.659-0400] {logging_mixin.py:190} INFO - 257 1728856037
[2024-10-13T17:47:30.660-0400] {logging_mixin.py:190} INFO - 258 1728854820
[2024-10-13T17:47:30.660-0400] {logging_mixin.py:190} INFO - 259 1728854974
[2024-10-13T17:47:30.661-0400] {logging_mixin.py:190} INFO - 260 1728855900
[2024-10-13T17:47:30.661-0400] {logging_mixin.py:190} INFO - 261 1728848862
[2024-10-13T17:47:30.662-0400] {logging_mixin.py:190} INFO - 262 1728855935
[2024-10-13T17:47:30.663-0400] {logging_mixin.py:190} INFO - 263 1728855259
[2024-10-13T17:47:30.663-0400] {logging_mixin.py:190} INFO - 264 1728855229
[2024-10-13T17:47:30.664-0400] {logging_mixin.py:190} INFO - 265 1728855599
[2024-10-13T17:47:30.664-0400] {logging_mixin.py:190} INFO - 266 1728855827
[2024-10-13T17:47:30.665-0400] {logging_mixin.py:190} INFO - 267 1728854175
[2024-10-13T17:47:30.666-0400] {logging_mixin.py:190} INFO - 268 1728853556
[2024-10-13T17:47:30.667-0400] {logging_mixin.py:190} INFO - 269 1728855979
[2024-10-13T17:47:30.668-0400] {logging_mixin.py:190} INFO - 270 1728853960
[2024-10-13T17:47:30.669-0400] {logging_mixin.py:190} INFO - 271 1728855292
[2024-10-13T17:47:30.669-0400] {logging_mixin.py:190} INFO - 272 1728855916
[2024-10-13T17:47:30.670-0400] {logging_mixin.py:190} INFO - 273 1728853987
[2024-10-13T17:47:30.671-0400] {logging_mixin.py:190} INFO - 274 1728854709
[2024-10-13T17:47:30.671-0400] {logging_mixin.py:190} INFO - 275 1728855776
[2024-10-13T17:47:30.672-0400] {logging_mixin.py:190} INFO - 276 1728855912
[2024-10-13T17:47:30.672-0400] {logging_mixin.py:190} INFO - 277 1728855941
[2024-10-13T17:47:30.673-0400] {logging_mixin.py:190} INFO - 278 1728855912
[2024-10-13T17:47:30.674-0400] {logging_mixin.py:190} INFO - 279 1728854177
[2024-10-13T17:47:30.674-0400] {logging_mixin.py:190} INFO - 280 1728855669
[2024-10-13T17:47:30.675-0400] {logging_mixin.py:190} INFO - 281 1728855071
[2024-10-13T17:47:30.675-0400] {logging_mixin.py:190} INFO - 282 1728854866
[2024-10-13T17:47:30.676-0400] {logging_mixin.py:190} INFO - 283 1728855777
[2024-10-13T17:47:30.676-0400] {logging_mixin.py:190} INFO - 284 1728853153
[2024-10-13T17:47:30.677-0400] {logging_mixin.py:190} INFO - 285 1728856000
[2024-10-13T17:47:30.678-0400] {logging_mixin.py:190} INFO - 286 1728855991
[2024-10-13T17:47:30.678-0400] {logging_mixin.py:190} INFO - 287 1728855962
[2024-10-13T17:47:30.679-0400] {logging_mixin.py:190} INFO - 288 1728854950
[2024-10-13T17:47:30.679-0400] {logging_mixin.py:190} INFO - 289 1728855840
[2024-10-13T17:47:30.680-0400] {logging_mixin.py:190} INFO - 290 1728856031
[2024-10-13T17:47:30.681-0400] {logging_mixin.py:190} INFO - 291 1728856035
[2024-10-13T17:47:30.682-0400] {logging_mixin.py:190} INFO - 292 1728855744
[2024-10-13T17:47:30.683-0400] {logging_mixin.py:190} INFO - 293 1728855651
[2024-10-13T17:47:30.683-0400] {logging_mixin.py:190} INFO - 294 1728856029
[2024-10-13T17:47:30.684-0400] {logging_mixin.py:190} INFO - 297 1728855871
[2024-10-13T17:47:30.684-0400] {logging_mixin.py:190} INFO - 301 1728854315
[2024-10-13T17:47:30.685-0400] {logging_mixin.py:190} INFO - 302 1728851739
[2024-10-13T17:47:30.686-0400] {logging_mixin.py:190} INFO - 303 1728855812
[2024-10-13T17:47:30.686-0400] {logging_mixin.py:190} INFO - 304 1728846249
[2024-10-13T17:47:30.687-0400] {logging_mixin.py:190} INFO - 305 1728855059
[2024-10-13T17:47:30.687-0400] {logging_mixin.py:190} INFO - 306 1728854718
[2024-10-13T17:47:30.688-0400] {logging_mixin.py:190} INFO - 307 1728855585
[2024-10-13T17:47:30.689-0400] {logging_mixin.py:190} INFO - 308 1728855560
[2024-10-13T17:47:30.690-0400] {logging_mixin.py:190} INFO - 309 1728854892
[2024-10-13T17:47:30.691-0400] {logging_mixin.py:190} INFO - 311 1728855401
[2024-10-13T17:47:30.691-0400] {logging_mixin.py:190} INFO - 312 1728856027
[2024-10-13T17:47:30.692-0400] {logging_mixin.py:190} INFO - 313 1728853123
[2024-10-13T17:47:30.693-0400] {logging_mixin.py:190} INFO - 314 1728855740
[2024-10-13T17:47:30.693-0400] {logging_mixin.py:190} INFO - 315 1728856038
[2024-10-13T17:47:30.694-0400] {logging_mixin.py:190} INFO - 316 1728855778
[2024-10-13T17:47:30.695-0400] {logging_mixin.py:190} INFO - 317 1728855946
[2024-10-13T17:47:30.695-0400] {logging_mixin.py:190} INFO - 318 1728854347
[2024-10-13T17:47:30.696-0400] {logging_mixin.py:190} INFO - 319 1728855624
[2024-10-13T17:47:30.697-0400] {logging_mixin.py:190} INFO - 320 1728853917
[2024-10-13T17:47:30.698-0400] {logging_mixin.py:190} INFO - 321 1728809832
[2024-10-13T17:47:30.698-0400] {logging_mixin.py:190} INFO - 322 1728855991
[2024-10-13T17:47:30.699-0400] {logging_mixin.py:190} INFO - 323 1728855773
[2024-10-13T17:47:30.700-0400] {logging_mixin.py:190} INFO - 324 1728855209
[2024-10-13T17:47:30.701-0400] {logging_mixin.py:190} INFO - 325 1728855918
[2024-10-13T17:47:30.702-0400] {logging_mixin.py:190} INFO - 327 1728855424
[2024-10-13T17:47:30.703-0400] {logging_mixin.py:190} INFO - 328 1728856004
[2024-10-13T17:47:30.703-0400] {logging_mixin.py:190} INFO - 329 1728855683
[2024-10-13T17:47:30.704-0400] {logging_mixin.py:190} INFO - 330 1728855910
[2024-10-13T17:47:30.705-0400] {logging_mixin.py:190} INFO - 331 1728854409
[2024-10-13T17:47:30.706-0400] {logging_mixin.py:190} INFO - 332 1728856020
[2024-10-13T17:47:30.707-0400] {logging_mixin.py:190} INFO - 333 1728856006
[2024-10-13T17:47:30.708-0400] {logging_mixin.py:190} INFO - 334 1728854671
[2024-10-13T17:47:30.708-0400] {logging_mixin.py:190} INFO - 335 1728854465
[2024-10-13T17:47:30.709-0400] {logging_mixin.py:190} INFO - 336 1728855950
[2024-10-13T17:47:30.710-0400] {logging_mixin.py:190} INFO - 337 1728855456
[2024-10-13T17:47:30.711-0400] {logging_mixin.py:190} INFO - 338 1728854982
[2024-10-13T17:47:30.711-0400] {logging_mixin.py:190} INFO - 339 1728855322
[2024-10-13T17:47:30.712-0400] {logging_mixin.py:190} INFO - 340 1728855315
[2024-10-13T17:47:30.712-0400] {logging_mixin.py:190} INFO - 341 1728855905
[2024-10-13T17:47:30.713-0400] {logging_mixin.py:190} INFO - 342 1728855841
[2024-10-13T17:47:30.714-0400] {logging_mixin.py:190} INFO - 343 1728855656
[2024-10-13T17:47:30.714-0400] {logging_mixin.py:190} INFO - 344 1728854173
[2024-10-13T17:47:30.715-0400] {logging_mixin.py:190} INFO - 345 1728852323
[2024-10-13T17:47:30.715-0400] {logging_mixin.py:190} INFO - 346 1728856010
[2024-10-13T17:47:30.716-0400] {logging_mixin.py:190} INFO - 347 1728856027
[2024-10-13T17:47:30.717-0400] {logging_mixin.py:190} INFO - 348 1728853050
[2024-10-13T17:47:30.717-0400] {logging_mixin.py:190} INFO - 349 1728853925
[2024-10-13T17:47:30.718-0400] {logging_mixin.py:190} INFO - 350 1728855719
[2024-10-13T17:47:30.718-0400] {logging_mixin.py:190} INFO - 351 1728854415
[2024-10-13T17:47:30.719-0400] {logging_mixin.py:190} INFO - 355 1728854415
[2024-10-13T17:47:30.720-0400] {logging_mixin.py:190} INFO - 356 1728856038
[2024-10-13T17:47:30.720-0400] {logging_mixin.py:190} INFO - 357 1728665345
[2024-10-13T17:47:30.721-0400] {logging_mixin.py:190} INFO - 358 1728855034
[2024-10-13T17:47:30.722-0400] {logging_mixin.py:190} INFO - 359 1728855397
[2024-10-13T17:47:30.723-0400] {logging_mixin.py:190} INFO - 360 1728855771
[2024-10-13T17:47:30.723-0400] {logging_mixin.py:190} INFO - 361 1728855831
[2024-10-13T17:47:30.724-0400] {logging_mixin.py:190} INFO - 362 1728855184
[2024-10-13T17:47:30.725-0400] {logging_mixin.py:190} INFO - 363 1728855728
[2024-10-13T17:47:30.725-0400] {logging_mixin.py:190} INFO - 364 1728855307
[2024-10-13T17:47:30.726-0400] {logging_mixin.py:190} INFO - 365 1728855967
[2024-10-13T17:47:30.726-0400] {logging_mixin.py:190} INFO - 366 1728855449
[2024-10-13T17:47:30.727-0400] {logging_mixin.py:190} INFO - 367 1728855530
[2024-10-13T17:47:30.728-0400] {logging_mixin.py:190} INFO - 368 1728855083
[2024-10-13T17:47:30.728-0400] {logging_mixin.py:190} INFO - 370 1728855973
[2024-10-13T17:47:30.729-0400] {logging_mixin.py:190} INFO - 371 1728855954
[2024-10-13T17:47:30.729-0400] {logging_mixin.py:190} INFO - 372 1728855991
[2024-10-13T17:47:30.730-0400] {logging_mixin.py:190} INFO - 373 1728855718
[2024-10-13T17:47:30.731-0400] {logging_mixin.py:190} INFO - 374 1728855686
[2024-10-13T17:47:30.731-0400] {logging_mixin.py:190} INFO - 375 1728856040
[2024-10-13T17:47:30.732-0400] {logging_mixin.py:190} INFO - 376 1728856009
[2024-10-13T17:47:30.733-0400] {logging_mixin.py:190} INFO - 377 1728855630
[2024-10-13T17:47:30.734-0400] {logging_mixin.py:190} INFO - 378 1728856029
[2024-10-13T17:47:30.734-0400] {logging_mixin.py:190} INFO - 379 1728855397
[2024-10-13T17:47:30.735-0400] {logging_mixin.py:190} INFO - 380 1728855449
[2024-10-13T17:47:30.736-0400] {logging_mixin.py:190} INFO - 381 1728856014
[2024-10-13T17:47:30.736-0400] {logging_mixin.py:190} INFO - 383 1728854940
[2024-10-13T17:47:30.738-0400] {logging_mixin.py:190} INFO - 384 1728855771
[2024-10-13T17:47:30.738-0400] {logging_mixin.py:190} INFO - 385 1728854883
[2024-10-13T17:47:30.739-0400] {logging_mixin.py:190} INFO - 387 1728854563
[2024-10-13T17:47:30.740-0400] {logging_mixin.py:190} INFO - 388 1728854775
[2024-10-13T17:47:30.742-0400] {logging_mixin.py:190} INFO - 389 1728854795
[2024-10-13T17:47:30.743-0400] {logging_mixin.py:190} INFO - 390 1728854933
[2024-10-13T17:47:30.744-0400] {logging_mixin.py:190} INFO - 391 1728853594
[2024-10-13T17:47:30.745-0400] {logging_mixin.py:190} INFO - 392 1728855994
[2024-10-13T17:47:30.746-0400] {logging_mixin.py:190} INFO - 393 1728856021
[2024-10-13T17:47:30.747-0400] {logging_mixin.py:190} INFO - 394 1728855840
[2024-10-13T17:47:30.747-0400] {logging_mixin.py:190} INFO - 396 1728855961
[2024-10-13T17:47:30.748-0400] {logging_mixin.py:190} INFO - 397 1728856016
[2024-10-13T17:47:30.749-0400] {logging_mixin.py:190} INFO - 399 1728855865
[2024-10-13T17:47:30.749-0400] {logging_mixin.py:190} INFO - 400 1728855831
[2024-10-13T17:47:30.750-0400] {logging_mixin.py:190} INFO - 401 1728856010
[2024-10-13T17:47:30.751-0400] {logging_mixin.py:190} INFO - 403 1728855660
[2024-10-13T17:47:30.752-0400] {logging_mixin.py:190} INFO - 404 1728855752
[2024-10-13T17:47:30.752-0400] {logging_mixin.py:190} INFO - 406 1728855741
[2024-10-13T17:47:30.753-0400] {logging_mixin.py:190} INFO - 407 1728855671
[2024-10-13T17:47:30.753-0400] {logging_mixin.py:190} INFO - 408 1728855869
[2024-10-13T17:47:30.754-0400] {logging_mixin.py:190} INFO - 409 1728855220
[2024-10-13T17:47:30.755-0400] {logging_mixin.py:190} INFO - 413 1728852422
[2024-10-13T17:47:30.755-0400] {logging_mixin.py:190} INFO - 414 1728855616
[2024-10-13T17:47:30.756-0400] {logging_mixin.py:190} INFO - 417 1728854908
[2024-10-13T17:47:30.756-0400] {logging_mixin.py:190} INFO - 418 1728856007
[2024-10-13T17:47:30.757-0400] {logging_mixin.py:190} INFO - 419 1728853773
[2024-10-13T17:47:30.758-0400] {logging_mixin.py:190} INFO - 421 1728855668
[2024-10-13T17:47:30.758-0400] {logging_mixin.py:190} INFO - 422 1728856025
[2024-10-13T17:47:30.759-0400] {logging_mixin.py:190} INFO - 423 1728855897
[2024-10-13T17:47:30.759-0400] {logging_mixin.py:190} INFO - 424 1728855448
[2024-10-13T17:47:30.760-0400] {logging_mixin.py:190} INFO - 425 1728854156
[2024-10-13T17:47:30.761-0400] {logging_mixin.py:190} INFO - 426 1728855848
[2024-10-13T17:47:30.762-0400] {logging_mixin.py:190} INFO - 427 1728855144
[2024-10-13T17:47:30.762-0400] {logging_mixin.py:190} INFO - 428 1728855844
[2024-10-13T17:47:30.763-0400] {logging_mixin.py:190} INFO - 429 1728855387
[2024-10-13T17:47:30.764-0400] {logging_mixin.py:190} INFO - 430 1728855677
[2024-10-13T17:47:30.765-0400] {logging_mixin.py:190} INFO - 431 1728855836
[2024-10-13T17:47:30.765-0400] {logging_mixin.py:190} INFO - 432 1728855878
[2024-10-13T17:47:30.766-0400] {logging_mixin.py:190} INFO - 433 1728856001
[2024-10-13T17:47:30.767-0400] {logging_mixin.py:190} INFO - 437 1728855821
[2024-10-13T17:47:30.768-0400] {logging_mixin.py:190} INFO - 438 1728855648
[2024-10-13T17:47:30.768-0400] {logging_mixin.py:190} INFO - 439 1728855740
[2024-10-13T17:47:30.769-0400] {logging_mixin.py:190} INFO - 440 1728855791
[2024-10-13T17:47:30.769-0400] {logging_mixin.py:190} INFO - 441 1728855949
[2024-10-13T17:47:30.770-0400] {logging_mixin.py:190} INFO - 442 1728855239
[2024-10-13T17:47:30.771-0400] {logging_mixin.py:190} INFO - 443 1728853989
[2024-10-13T17:47:30.771-0400] {logging_mixin.py:190} INFO - 444 1728840483
[2024-10-13T17:47:30.772-0400] {logging_mixin.py:190} INFO - 445 1728853218
[2024-10-13T17:47:30.772-0400] {logging_mixin.py:190} INFO - 446 1728849572
[2024-10-13T17:47:30.773-0400] {logging_mixin.py:190} INFO - 447 1728855977
[2024-10-13T17:47:30.774-0400] {logging_mixin.py:190} INFO - 448 1728854859
[2024-10-13T17:47:30.774-0400] {logging_mixin.py:190} INFO - 452 1728855767
[2024-10-13T17:47:30.775-0400] {logging_mixin.py:190} INFO - 453 1728855679
[2024-10-13T17:47:30.776-0400] {logging_mixin.py:190} INFO - 454 1728855594
[2024-10-13T17:47:30.776-0400] {logging_mixin.py:190} INFO - 455 1728855922
[2024-10-13T17:47:30.777-0400] {logging_mixin.py:190} INFO - 456 1728855718
[2024-10-13T17:47:30.778-0400] {logging_mixin.py:190} INFO - 457 1728855859
[2024-10-13T17:47:30.779-0400] {logging_mixin.py:190} INFO - 458 1728855885
[2024-10-13T17:47:30.780-0400] {logging_mixin.py:190} INFO - 459 1728855590
[2024-10-13T17:47:30.780-0400] {logging_mixin.py:190} INFO - 460 1728855067
[2024-10-13T17:47:30.781-0400] {logging_mixin.py:190} INFO - 461 1728855312
[2024-10-13T17:47:30.782-0400] {logging_mixin.py:190} INFO - 462 1728661129
[2024-10-13T17:47:30.782-0400] {logging_mixin.py:190} INFO - 463 1728852776
[2024-10-13T17:47:30.783-0400] {logging_mixin.py:190} INFO - 464 1728855962
[2024-10-13T17:47:30.784-0400] {logging_mixin.py:190} INFO - 465 1728855389
[2024-10-13T17:47:30.785-0400] {logging_mixin.py:190} INFO - 466 1728855665
[2024-10-13T17:47:30.786-0400] {logging_mixin.py:190} INFO - 467 1728854363
[2024-10-13T17:47:30.787-0400] {logging_mixin.py:190} INFO - 468 1728850964
[2024-10-13T17:47:30.787-0400] {logging_mixin.py:190} INFO - 469 1728851137
[2024-10-13T17:47:30.789-0400] {logging_mixin.py:190} INFO - 470 1728856042
[2024-10-13T17:47:30.790-0400] {logging_mixin.py:190} INFO - 471 1728855803
[2024-10-13T17:47:30.791-0400] {logging_mixin.py:190} INFO - 472 1728856037
[2024-10-13T17:47:30.791-0400] {logging_mixin.py:190} INFO - 473 1728855528
[2024-10-13T17:47:30.792-0400] {logging_mixin.py:190} INFO - 474 1728855876
[2024-10-13T17:47:30.793-0400] {logging_mixin.py:190} INFO - 475 1728851790
[2024-10-13T17:47:30.794-0400] {logging_mixin.py:190} INFO - 476 1728854742
[2024-10-13T17:47:30.795-0400] {logging_mixin.py:190} INFO - 477 1728854451
[2024-10-13T17:47:30.795-0400] {logging_mixin.py:190} INFO - 478 1728856040
[2024-10-13T17:47:30.796-0400] {logging_mixin.py:190} INFO - 479 1728855950
[2024-10-13T17:47:30.797-0400] {logging_mixin.py:190} INFO - 480 1728855057
[2024-10-13T17:47:30.799-0400] {logging_mixin.py:190} INFO - 481 1728855077
[2024-10-13T17:47:30.799-0400] {logging_mixin.py:190} INFO - 482 1728855728
[2024-10-13T17:47:30.800-0400] {logging_mixin.py:190} INFO - 483 1728855745
[2024-10-13T17:47:30.801-0400] {logging_mixin.py:190} INFO - 484 1728855747
[2024-10-13T17:47:30.802-0400] {logging_mixin.py:190} INFO - 485 1728855500
[2024-10-13T17:47:30.803-0400] {logging_mixin.py:190} INFO - 486 1728855588
[2024-10-13T17:47:30.804-0400] {logging_mixin.py:190} INFO - 487 1728855745
[2024-10-13T17:47:30.805-0400] {logging_mixin.py:190} INFO - 489 1728856005
[2024-10-13T17:47:30.805-0400] {logging_mixin.py:190} INFO - 490 1728854678
[2024-10-13T17:47:30.806-0400] {logging_mixin.py:190} INFO - 491 1728854152
[2024-10-13T17:47:30.807-0400] {logging_mixin.py:190} INFO - 492 1728853818
[2024-10-13T17:47:30.807-0400] {logging_mixin.py:190} INFO - 493 1728853770
[2024-10-13T17:47:30.808-0400] {logging_mixin.py:190} INFO - 495 1728855808
[2024-10-13T17:47:30.808-0400] {logging_mixin.py:190} INFO - 496 1728856004
[2024-10-13T17:47:30.809-0400] {logging_mixin.py:190} INFO - 497 1728855366
[2024-10-13T17:47:30.809-0400] {logging_mixin.py:190} INFO - 498 1728853164
[2024-10-13T17:47:30.810-0400] {logging_mixin.py:190} INFO - 499 1728853886
[2024-10-13T17:47:30.811-0400] {logging_mixin.py:190} INFO - 500 1728854140
[2024-10-13T17:47:30.811-0400] {logging_mixin.py:190} INFO - 501 1728855639
[2024-10-13T17:47:30.812-0400] {logging_mixin.py:190} INFO - 502 1728855157
[2024-10-13T17:47:30.813-0400] {logging_mixin.py:190} INFO - 503 1728856024
[2024-10-13T17:47:30.814-0400] {logging_mixin.py:190} INFO - 504 1728855881
[2024-10-13T17:47:30.815-0400] {logging_mixin.py:190} INFO - 505 1728855965
[2024-10-13T17:47:30.815-0400] {logging_mixin.py:190} INFO - 508 1728855787
[2024-10-13T17:47:30.816-0400] {logging_mixin.py:190} INFO - 511 1728855647
[2024-10-13T17:47:30.817-0400] {logging_mixin.py:190} INFO - 512 1728854864
[2024-10-13T17:47:30.818-0400] {logging_mixin.py:190} INFO - 514 1728855955
[2024-10-13T17:47:30.818-0400] {logging_mixin.py:190} INFO - 515 1728856000
[2024-10-13T17:47:30.819-0400] {logging_mixin.py:190} INFO - 516 1728856000
[2024-10-13T17:47:30.820-0400] {logging_mixin.py:190} INFO - 517 1728852580
[2024-10-13T17:47:30.820-0400] {logging_mixin.py:190} INFO - 518 1728852465
[2024-10-13T17:47:30.821-0400] {logging_mixin.py:190} INFO - 519 1728854810
[2024-10-13T17:47:30.822-0400] {logging_mixin.py:190} INFO - 520 1728855703
[2024-10-13T17:47:30.822-0400] {logging_mixin.py:190} INFO - 521 1728855196
[2024-10-13T17:47:30.823-0400] {logging_mixin.py:190} INFO - 522 1728856039
[2024-10-13T17:47:30.823-0400] {logging_mixin.py:190} INFO - 523 1728854718
[2024-10-13T17:47:30.824-0400] {logging_mixin.py:190} INFO - 524 1728856031
[2024-10-13T17:47:30.824-0400] {logging_mixin.py:190} INFO - 525 1728855809
[2024-10-13T17:47:30.825-0400] {logging_mixin.py:190} INFO - 526 1728855272
[2024-10-13T17:47:30.826-0400] {logging_mixin.py:190} INFO - 527 1728855231
[2024-10-13T17:47:30.826-0400] {logging_mixin.py:190} INFO - 528 1728856024
[2024-10-13T17:47:30.827-0400] {logging_mixin.py:190} INFO - 529 1728853971
[2024-10-13T17:47:30.828-0400] {logging_mixin.py:190} INFO - 530 1728855376
[2024-10-13T17:47:30.828-0400] {logging_mixin.py:190} INFO - 531 1728855995
[2024-10-13T17:47:30.829-0400] {logging_mixin.py:190} INFO - 532 1728855747
[2024-10-13T17:47:30.829-0400] {logging_mixin.py:190} INFO - 533 1728855847
[2024-10-13T17:47:30.830-0400] {logging_mixin.py:190} INFO - 534 1728856015
[2024-10-13T17:47:30.831-0400] {logging_mixin.py:190} INFO - 535 1728855145
[2024-10-13T17:47:30.832-0400] {logging_mixin.py:190} INFO - 536 1728853772
[2024-10-13T17:47:30.833-0400] {logging_mixin.py:190} INFO - 537 1728855507
[2024-10-13T17:47:30.834-0400] {logging_mixin.py:190} INFO - 538 1728856041
[2024-10-13T17:47:30.835-0400] {logging_mixin.py:190} INFO - 539 1728855741
[2024-10-13T17:47:30.835-0400] {logging_mixin.py:190} INFO - 540 1728855945
[2024-10-13T17:47:30.836-0400] {logging_mixin.py:190} INFO - 541 1728856018
[2024-10-13T17:47:30.836-0400] {logging_mixin.py:190} INFO - 542 1728855976
[2024-10-13T17:47:30.837-0400] {logging_mixin.py:190} INFO - 543 1728855201
[2024-10-13T17:47:30.837-0400] {logging_mixin.py:190} INFO - 544 1728852234
[2024-10-13T17:47:30.838-0400] {logging_mixin.py:190} INFO - 545 1728856024
[2024-10-13T17:47:30.839-0400] {logging_mixin.py:190} INFO - 546 1728855757
[2024-10-13T17:47:30.839-0400] {logging_mixin.py:190} INFO - 547 1728855339
[2024-10-13T17:47:30.840-0400] {logging_mixin.py:190} INFO - 548 1728853042
[2024-10-13T17:47:30.841-0400] {logging_mixin.py:190} INFO - 549 1728855838
[2024-10-13T17:47:30.842-0400] {logging_mixin.py:190} INFO - 550 1728855520
[2024-10-13T17:47:30.842-0400] {logging_mixin.py:190} INFO - 551 1728854916
[2024-10-13T17:47:30.843-0400] {logging_mixin.py:190} INFO - 552 1728855540
[2024-10-13T17:47:30.844-0400] {logging_mixin.py:190} INFO - 553 1728855762
[2024-10-13T17:47:30.845-0400] {logging_mixin.py:190} INFO - 554 1728856038
[2024-10-13T17:47:30.845-0400] {logging_mixin.py:190} INFO - 555 1728855470
[2024-10-13T17:47:30.846-0400] {logging_mixin.py:190} INFO - 556 1728855746
[2024-10-13T17:47:30.847-0400] {logging_mixin.py:190} INFO - 557 1728855918
[2024-10-13T17:47:30.847-0400] {logging_mixin.py:190} INFO - 558 1728855956
[2024-10-13T17:47:30.848-0400] {logging_mixin.py:190} INFO - 559 1728852098
[2024-10-13T17:47:30.848-0400] {logging_mixin.py:190} INFO - 560 1728856031
[2024-10-13T17:47:30.849-0400] {logging_mixin.py:190} INFO - 561 1728855476
[2024-10-13T17:47:30.850-0400] {logging_mixin.py:190} INFO - 562 1728855302
[2024-10-13T17:47:30.851-0400] {logging_mixin.py:190} INFO - 563 1728856039
[2024-10-13T17:47:30.852-0400] {logging_mixin.py:190} INFO - 564 1728851862
[2024-10-13T17:47:30.852-0400] {logging_mixin.py:190} INFO - 565 1728855480
[2024-10-13T17:47:30.853-0400] {logging_mixin.py:190} INFO - 566 1728852710
[2024-10-13T17:47:30.854-0400] {logging_mixin.py:190} INFO - 567 1728851805
[2024-10-13T17:47:30.855-0400] {logging_mixin.py:190} INFO - 568 1728854667
[2024-10-13T17:47:30.856-0400] {logging_mixin.py:190} INFO - 569 1728853252
[2024-10-13T17:47:30.857-0400] {logging_mixin.py:190} INFO - 570 1728854052
[2024-10-13T17:47:30.858-0400] {logging_mixin.py:190} INFO - 571 1728855967
[2024-10-13T17:47:30.859-0400] {logging_mixin.py:190} INFO - 572 1728854401
[2024-10-13T17:47:30.860-0400] {logging_mixin.py:190} INFO - 573 1728855357
[2024-10-13T17:47:30.861-0400] {logging_mixin.py:190} INFO - 574 1728855893
[2024-10-13T17:47:30.862-0400] {logging_mixin.py:190} INFO - 575 1728850868
[2024-10-13T17:47:30.863-0400] {logging_mixin.py:190} INFO - 576 1728854965
[2024-10-13T17:47:30.864-0400] {logging_mixin.py:190} INFO - 577 1728856027
[2024-10-13T17:47:30.865-0400] {logging_mixin.py:190} INFO - 578 1728855776
[2024-10-13T17:47:30.866-0400] {logging_mixin.py:190} INFO - 579 1728855886
[2024-10-13T17:47:30.866-0400] {logging_mixin.py:190} INFO - 580 1728850749
[2024-10-13T17:47:30.867-0400] {logging_mixin.py:190} INFO - 581 1728856017
[2024-10-13T17:47:30.868-0400] {logging_mixin.py:190} INFO - 582 1728855739
[2024-10-13T17:47:30.869-0400] {logging_mixin.py:190} INFO - 583 1728855977
[2024-10-13T17:47:30.870-0400] {logging_mixin.py:190} INFO - 584 1728855905
[2024-10-13T17:47:30.871-0400] {logging_mixin.py:190} INFO - 585 1728855654
[2024-10-13T17:47:30.872-0400] {logging_mixin.py:190} INFO - 586 1728855706
[2024-10-13T17:47:30.873-0400] {logging_mixin.py:190} INFO - 587 1728854546
[2024-10-13T17:47:30.873-0400] {logging_mixin.py:190} INFO - 588 1728855606
[2024-10-13T17:47:30.874-0400] {logging_mixin.py:190} INFO - 589 1728853476
[2024-10-13T17:47:30.874-0400] {logging_mixin.py:190} INFO - 590 1728853664
[2024-10-13T17:47:30.875-0400] {logging_mixin.py:190} INFO - 591 1728855842
[2024-10-13T17:47:30.876-0400] {logging_mixin.py:190} INFO - 592 1728855668
[2024-10-13T17:47:30.877-0400] {logging_mixin.py:190} INFO - 593 1728855275
[2024-10-13T17:47:30.877-0400] {logging_mixin.py:190} INFO - 594 1728855813
[2024-10-13T17:47:30.878-0400] {logging_mixin.py:190} INFO - 595 1728855485
[2024-10-13T17:47:30.879-0400] {logging_mixin.py:190} INFO - 605 1728855976
[2024-10-13T17:47:30.880-0400] {logging_mixin.py:190} INFO - 606 1728855580
[2024-10-13T17:47:30.881-0400] {logging_mixin.py:190} INFO - 607 1728855962
[2024-10-13T17:47:30.882-0400] {logging_mixin.py:190} INFO - 608 1728855795
[2024-10-13T17:47:30.883-0400] {logging_mixin.py:190} INFO - 609 1728855831
[2024-10-13T17:47:30.884-0400] {logging_mixin.py:190} INFO - 610 1728855952
[2024-10-13T17:47:30.885-0400] {logging_mixin.py:190} INFO - 611 1728855807
[2024-10-13T17:47:30.886-0400] {logging_mixin.py:190} INFO - 612 1728854419
[2024-10-13T17:47:30.886-0400] {logging_mixin.py:190} INFO - 613 1728853870
[2024-10-13T17:47:30.887-0400] {logging_mixin.py:190} INFO - 614 1728846104
[2024-10-13T17:47:30.887-0400] {logging_mixin.py:190} INFO - 617 1728855093
[2024-10-13T17:47:30.888-0400] {logging_mixin.py:190} INFO - 618 1728850468
[2024-10-13T17:47:30.889-0400] {logging_mixin.py:190} INFO - 619 1728855967
[2024-10-13T17:47:30.890-0400] {logging_mixin.py:190} INFO - 620 1728855538
[2024-10-13T17:47:30.890-0400] {logging_mixin.py:190} INFO - 621 1728851586
[2024-10-13T17:47:30.891-0400] {logging_mixin.py:190} INFO - 622 1728855793
[2024-10-13T17:47:30.892-0400] {logging_mixin.py:190} INFO - 623 1728854387
[2024-10-13T17:47:30.892-0400] {logging_mixin.py:190} INFO - 624 1728854326
[2024-10-13T17:47:30.893-0400] {logging_mixin.py:190} INFO - 625 1728855682
[2024-10-13T17:47:30.893-0400] {logging_mixin.py:190} INFO - 626 1728856012
[2024-10-13T17:47:30.894-0400] {logging_mixin.py:190} INFO - 627 1728853073
[2024-10-13T17:47:30.895-0400] {logging_mixin.py:190} INFO - 628 1728855796
[2024-10-13T17:47:30.896-0400] {logging_mixin.py:190} INFO - 629 1728855256
[2024-10-13T17:47:30.896-0400] {logging_mixin.py:190} INFO - 630 1728851660
[2024-10-13T17:47:30.897-0400] {logging_mixin.py:190} INFO - 631 1728852912
[2024-10-13T17:47:30.898-0400] {logging_mixin.py:190} INFO - 632 1728855236
[2024-10-13T17:47:30.899-0400] {logging_mixin.py:190} INFO - 633 1728850624
[2024-10-13T17:47:30.900-0400] {logging_mixin.py:190} INFO - 634 1728852865
[2024-10-13T17:47:30.901-0400] {logging_mixin.py:190} INFO - 635 1728852769
[2024-10-13T17:47:30.901-0400] {logging_mixin.py:190} INFO - 636 1728855842
[2024-10-13T17:47:30.902-0400] {logging_mixin.py:190} INFO - 637 1728846385
[2024-10-13T17:47:30.903-0400] {logging_mixin.py:190} INFO - 638 1728855805
[2024-10-13T17:47:30.904-0400] {logging_mixin.py:190} INFO - 639 1728850432
[2024-10-13T17:47:30.904-0400] {logging_mixin.py:190} INFO - 640 1728855075
[2024-10-13T17:47:30.905-0400] {logging_mixin.py:190} INFO - 641 1728855724
[2024-10-13T17:47:30.905-0400] {logging_mixin.py:190} INFO - 642 1728854064
[2024-10-13T17:47:30.906-0400] {logging_mixin.py:190} INFO - 643 1728855044
[2024-10-13T17:47:30.907-0400] {logging_mixin.py:190} INFO - 644 1728852452
[2024-10-13T17:47:30.908-0400] {logging_mixin.py:190} INFO - 645 1728855258
[2024-10-13T17:47:30.908-0400] {logging_mixin.py:190} INFO - 646 1728855843
[2024-10-13T17:47:30.909-0400] {logging_mixin.py:190} INFO - 647 1728855931
[2024-10-13T17:47:30.910-0400] {logging_mixin.py:190} INFO - 648 1728853203
[2024-10-13T17:47:30.911-0400] {logging_mixin.py:190} INFO - 649 1728855376
[2024-10-13T17:47:30.912-0400] {logging_mixin.py:190} INFO - 650 1728851653
[2024-10-13T17:47:30.913-0400] {logging_mixin.py:190} INFO - 651 1728855598
[2024-10-13T17:47:30.914-0400] {logging_mixin.py:190} INFO - 652 1728855506
[2024-10-13T17:47:30.914-0400] {logging_mixin.py:190} INFO - 653 1728849285
[2024-10-13T17:47:30.915-0400] {logging_mixin.py:190} INFO - 654 1728855017
[2024-10-13T17:47:30.916-0400] {logging_mixin.py:190} INFO - 655 1728853640
[2024-10-13T17:47:30.916-0400] {logging_mixin.py:190} INFO - 656 1728855567
[2024-10-13T17:47:30.917-0400] {logging_mixin.py:190} INFO - 657 1728854324
[2024-10-13T17:47:30.917-0400] {logging_mixin.py:190} INFO - 658 1728855818
[2024-10-13T17:47:30.918-0400] {logging_mixin.py:190} INFO - 659 1728854077
[2024-10-13T17:47:30.919-0400] {logging_mixin.py:190} INFO - 660 1728855675
[2024-10-13T17:47:30.919-0400] {logging_mixin.py:190} INFO - 661 1728855497
[2024-10-13T17:47:30.920-0400] {logging_mixin.py:190} INFO - 662 1728827473
[2024-10-13T17:47:30.921-0400] {logging_mixin.py:190} INFO - 663 1728855402
[2024-10-13T17:47:30.921-0400] {logging_mixin.py:190} INFO - 664 1728849493
[2024-10-13T17:47:30.922-0400] {logging_mixin.py:190} INFO - 665 1728854008
[2024-10-13T17:47:30.923-0400] {logging_mixin.py:190} INFO - 666 1728852528
[2024-10-13T17:47:30.924-0400] {logging_mixin.py:190} INFO - 667 1728855870
[2024-10-13T17:47:30.925-0400] {logging_mixin.py:190} INFO - 668 1728855806
[2024-10-13T17:47:30.925-0400] {logging_mixin.py:190} INFO - 669 1728852449
[2024-10-13T17:47:30.926-0400] {logging_mixin.py:190} INFO - 670 1728855093
[2024-10-13T17:47:30.927-0400] {logging_mixin.py:190} INFO - 671 1728855311
[2024-10-13T17:47:30.928-0400] {logging_mixin.py:190} INFO - 672 1728855412
[2024-10-13T17:47:30.929-0400] {logging_mixin.py:190} INFO - 673 1728855223
[2024-10-13T17:47:30.930-0400] {logging_mixin.py:190} INFO - 674 1728854959
[2024-10-13T17:47:30.931-0400] {logging_mixin.py:190} INFO - 675 1728855192
[2024-10-13T17:47:30.932-0400] {logging_mixin.py:190} INFO - 676 1728855659
[2024-10-13T17:47:30.933-0400] {logging_mixin.py:190} INFO - 681 1728854601
[2024-10-13T17:47:30.934-0400] {logging_mixin.py:190} INFO - 682 1728854077
[2024-10-13T17:47:30.935-0400] {logging_mixin.py:190} INFO - 683 1728841475
[2024-10-13T17:47:30.936-0400] {logging_mixin.py:190} INFO - 684 1728841229
[2024-10-13T17:47:30.937-0400] {logging_mixin.py:190} INFO - 685 1728834714
[2024-10-13T17:47:30.937-0400] {logging_mixin.py:190} INFO - 686 1728843635
[2024-10-13T17:47:30.938-0400] {logging_mixin.py:190} INFO - 687 1728853205
[2024-10-13T17:47:30.939-0400] {logging_mixin.py:190} INFO - 688 1728852981
[2024-10-13T17:47:30.940-0400] {logging_mixin.py:190} INFO - 692 1728855901
[2024-10-13T17:47:30.941-0400] {logging_mixin.py:190} INFO - 693 1728791696
[2024-10-13T17:47:30.941-0400] {logging_mixin.py:190} INFO - 694 1728855994
[2024-10-13T17:47:30.942-0400] {logging_mixin.py:190} INFO - 695 1728855982
[2024-10-13T17:47:30.943-0400] {logging_mixin.py:190} INFO - 696 1728855908
[2024-10-13T17:47:30.943-0400] {logging_mixin.py:190} INFO - 697 1728855959
[2024-10-13T17:47:30.944-0400] {logging_mixin.py:190} INFO - 698 1728856013
[2024-10-13T17:47:30.945-0400] {logging_mixin.py:190} INFO - 699 1728856022
[2024-10-13T17:47:30.945-0400] {logging_mixin.py:190} INFO - 700 1728855973
[2024-10-13T17:47:30.946-0400] {logging_mixin.py:190} INFO - 701 1728855807
[2024-10-13T17:47:30.946-0400] {logging_mixin.py:190} INFO - 702 1728855852
[2024-10-13T17:47:30.947-0400] {logging_mixin.py:190} INFO - 703 1728855899
[2024-10-13T17:47:30.948-0400] {logging_mixin.py:190} INFO - 704 1728856033
[2024-10-13T17:47:30.949-0400] {logging_mixin.py:190} INFO - 705 1728855765
[2024-10-13T17:47:30.950-0400] {logging_mixin.py:190} INFO - 706 1728855805
[2024-10-13T17:47:30.951-0400] {logging_mixin.py:190} INFO - 707 1728855821
[2024-10-13T17:47:30.952-0400] {logging_mixin.py:190} INFO - 708 1728856011
[2024-10-13T17:47:30.952-0400] {logging_mixin.py:190} INFO - 709 1728855879
[2024-10-13T17:47:30.953-0400] {logging_mixin.py:190} INFO - 710 1728855760
[2024-10-13T17:47:30.954-0400] {logging_mixin.py:190} INFO - 711 1728855771
[2024-10-13T17:47:30.954-0400] {logging_mixin.py:190} INFO - 712 1728855923
[2024-10-13T17:47:30.955-0400] {logging_mixin.py:190} INFO - 716 1728855848
[2024-10-13T17:47:30.955-0400] {logging_mixin.py:190} INFO - 717 1728856007
[2024-10-13T17:47:30.956-0400] {logging_mixin.py:190} INFO - 718 1728855862
[2024-10-13T17:47:30.957-0400] {logging_mixin.py:190} INFO - 719 1728855862
[2024-10-13T17:47:30.958-0400] {logging_mixin.py:190} INFO - 720 1728855785
[2024-10-13T17:47:30.958-0400] {logging_mixin.py:190} INFO - 721 1728855989
[2024-10-13T17:47:30.959-0400] {logging_mixin.py:190} INFO - 722 1728856021
[2024-10-13T17:47:30.960-0400] {logging_mixin.py:190} INFO - 723 1728855945
[2024-10-13T17:47:30.960-0400] {logging_mixin.py:190} INFO - 724 1728855888
[2024-10-13T17:47:30.961-0400] {logging_mixin.py:190} INFO - 725 1728855970
[2024-10-13T17:47:30.962-0400] {logging_mixin.py:190} INFO - 726 1728855765
[2024-10-13T17:47:30.963-0400] {logging_mixin.py:190} INFO - 727 1728855840
[2024-10-13T17:47:30.963-0400] {logging_mixin.py:190} INFO - 728 1728855763
[2024-10-13T17:47:30.965-0400] {logging_mixin.py:190} INFO - 729 1728856033
[2024-10-13T17:47:30.965-0400] {logging_mixin.py:190} INFO - 730 1728855861
[2024-10-13T17:47:30.966-0400] {logging_mixin.py:190} INFO - 731 1728855807
[2024-10-13T17:47:30.967-0400] {logging_mixin.py:190} INFO - 732 1728856008
[2024-10-13T17:47:30.968-0400] {logging_mixin.py:190} INFO - 733 1728855913
[2024-10-13T17:47:30.968-0400] {logging_mixin.py:190} INFO - 734 1728855483
[2024-10-13T17:47:30.969-0400] {logging_mixin.py:190} INFO - 735 1728855959
[2024-10-13T17:47:30.970-0400] {logging_mixin.py:190} INFO - 736 1728855927
[2024-10-13T17:47:30.970-0400] {logging_mixin.py:190} INFO - 737 1728855740
[2024-10-13T17:47:30.971-0400] {logging_mixin.py:190} INFO - 738 1728856033
[2024-10-13T17:47:30.972-0400] {logging_mixin.py:190} INFO - 739 1728855947
[2024-10-13T17:47:30.972-0400] {logging_mixin.py:190} INFO - 740 1728855778
[2024-10-13T17:47:30.973-0400] {logging_mixin.py:190} INFO - 741 1728855851
[2024-10-13T17:47:30.973-0400] {logging_mixin.py:190} INFO - 742 1728855974
[2024-10-13T17:47:30.974-0400] {logging_mixin.py:190} INFO - 743 1728856031
[2024-10-13T17:47:30.975-0400] {logging_mixin.py:190} INFO - 744 1728856041
[2024-10-13T17:47:30.976-0400] {logging_mixin.py:190} INFO - 745 1728855828
[2024-10-13T17:47:30.977-0400] {logging_mixin.py:190} INFO - 746 1728855752
[2024-10-13T17:47:30.978-0400] {logging_mixin.py:190} INFO - 747 1728855835
[2024-10-13T17:47:30.978-0400] {logging_mixin.py:190} INFO - 748 1728855968
[2024-10-13T17:47:30.979-0400] {logging_mixin.py:190} INFO - 749 1728855756
[2024-10-13T17:47:30.980-0400] {logging_mixin.py:190} INFO - 750 1728856039
[2024-10-13T17:47:30.980-0400] {logging_mixin.py:190} INFO - 751 1728855983
[2024-10-13T17:47:30.981-0400] {logging_mixin.py:190} INFO - 752 1728855967
[2024-10-13T17:47:30.982-0400] {logging_mixin.py:190} INFO - 753 1728855905
[2024-10-13T17:47:30.982-0400] {logging_mixin.py:190} INFO - 754 1728855874
[2024-10-13T17:47:30.983-0400] {logging_mixin.py:190} INFO - 755 1728855946
[2024-10-13T17:47:30.984-0400] {logging_mixin.py:190} INFO - 756 1728855994
[2024-10-13T17:47:30.984-0400] {logging_mixin.py:190} INFO - 757 1728855991
[2024-10-13T17:47:30.985-0400] {logging_mixin.py:190} INFO - 758 1728856009
[2024-10-13T17:47:30.986-0400] {logging_mixin.py:190} INFO - 759 1728855899
[2024-10-13T17:47:30.987-0400] {logging_mixin.py:190} INFO - 760 1728855867
[2024-10-13T17:47:30.988-0400] {logging_mixin.py:190} INFO - 761 1728855892
[2024-10-13T17:47:30.989-0400] {logging_mixin.py:190} INFO - 762 1728855944
[2024-10-13T17:47:30.990-0400] {logging_mixin.py:190} INFO - 768 1728855869
[2024-10-13T17:47:30.991-0400] {logging_mixin.py:190} INFO - 769 1728855743
[2024-10-13T17:47:30.992-0400] {logging_mixin.py:190} INFO - 770 1728855771
[2024-10-13T17:47:30.992-0400] {logging_mixin.py:190} INFO - 771 1728855762
[2024-10-13T17:47:30.994-0400] {logging_mixin.py:190} INFO - 772 1728855794
[2024-10-13T17:47:30.994-0400] {logging_mixin.py:190} INFO - 773 1728855905
[2024-10-13T17:47:30.995-0400] {logging_mixin.py:190} INFO - 774 1728855775
[2024-10-13T17:47:30.996-0400] {logging_mixin.py:190} INFO - 775 1728855932
[2024-10-13T17:47:30.998-0400] {logging_mixin.py:190} INFO - 776 1728855865
[2024-10-13T17:47:30.998-0400] {logging_mixin.py:190} INFO - 777 1728855957
[2024-10-13T17:47:30.999-0400] {logging_mixin.py:190} INFO - 778 1728855867
[2024-10-13T17:47:31.000-0400] {logging_mixin.py:190} INFO - 779 1728855885
[2024-10-13T17:47:31.001-0400] {logging_mixin.py:190} INFO - 780 1728855959
[2024-10-13T17:47:31.002-0400] {logging_mixin.py:190} INFO - 781 1728856013
[2024-10-13T17:47:31.003-0400] {logging_mixin.py:190} INFO - 782 1728855980
[2024-10-13T17:47:31.003-0400] {logging_mixin.py:190} INFO - 783 1728855883
[2024-10-13T17:47:31.004-0400] {logging_mixin.py:190} INFO - 784 1728856035
[2024-10-13T17:47:31.005-0400] {logging_mixin.py:190} INFO - 785 1728855804
[2024-10-13T17:47:31.006-0400] {logging_mixin.py:190} INFO - 786 1728855797
[2024-10-13T17:47:31.006-0400] {logging_mixin.py:190} INFO - 787 1728855967
[2024-10-13T17:47:31.007-0400] {logging_mixin.py:190} INFO - 788 1728855766
[2024-10-13T17:47:31.008-0400] {logging_mixin.py:190} INFO - 789 1728855811
[2024-10-13T17:47:31.009-0400] {logging_mixin.py:190} INFO - 790 1728855821
[2024-10-13T17:47:31.009-0400] {logging_mixin.py:190} INFO - 791 1728856033
[2024-10-13T17:47:31.010-0400] {logging_mixin.py:190} INFO - 793 1728855946
[2024-10-13T17:47:31.011-0400] {logging_mixin.py:190} INFO - 794 1728855930
[2024-10-13T17:47:31.012-0400] {logging_mixin.py:190} INFO - 795 1728855790
[2024-10-13T17:47:31.013-0400] {logging_mixin.py:190} INFO - 796 1728855891
[2024-10-13T17:47:31.014-0400] {logging_mixin.py:190} INFO - 797 1728856041
[2024-10-13T17:47:31.015-0400] {logging_mixin.py:190} INFO - 798 1728855943
[2024-10-13T17:47:31.016-0400] {logging_mixin.py:190} INFO - 799 1728856034
[2024-10-13T17:47:31.017-0400] {logging_mixin.py:190} INFO - 800 1728855892
[2024-10-13T17:47:31.018-0400] {logging_mixin.py:190} INFO - 801 1728855844
[2024-10-13T17:47:31.019-0400] {logging_mixin.py:190} INFO - 802 1728855848
[2024-10-13T17:47:31.020-0400] {logging_mixin.py:190} INFO - 803 1728855793
[2024-10-13T17:47:31.020-0400] {logging_mixin.py:190} INFO - 806 1728855793
[2024-10-13T17:47:31.021-0400] {logging_mixin.py:190} INFO - 807 1728855974
[2024-10-13T17:47:31.021-0400] {logging_mixin.py:190} INFO - 808 1728856038
[2024-10-13T17:47:31.022-0400] {logging_mixin.py:190} INFO - 809 1728855947
[2024-10-13T17:47:31.023-0400] {logging_mixin.py:190} INFO - 810 1728855812
[2024-10-13T17:47:31.024-0400] {logging_mixin.py:190} INFO - 815 1728855961
[2024-10-13T17:47:31.025-0400] {logging_mixin.py:190} INFO - 816 1728855965
[2024-10-13T17:47:31.026-0400] {logging_mixin.py:190} INFO - 817 1728855931
[2024-10-13T17:47:31.027-0400] {logging_mixin.py:190} INFO - 818 1728855748
[2024-10-13T17:47:31.027-0400] {logging_mixin.py:190} INFO - 819 1728855876
[2024-10-13T17:47:31.028-0400] {logging_mixin.py:190} INFO - 820 1728855823
[2024-10-13T17:47:31.029-0400] {logging_mixin.py:190} INFO - 821 1728855953
[2024-10-13T17:47:31.029-0400] {logging_mixin.py:190} INFO - 822 1728856027
[2024-10-13T17:47:31.030-0400] {logging_mixin.py:190} INFO - 823 1728856027
[2024-10-13T17:47:31.031-0400] {logging_mixin.py:190} INFO - 824 1728855831
[2024-10-13T17:47:31.032-0400] {logging_mixin.py:190} INFO - 825 1728855900
[2024-10-13T17:47:31.033-0400] {logging_mixin.py:190} INFO - 826 1728855841
[2024-10-13T17:47:31.034-0400] {logging_mixin.py:190} INFO - 827 1728855458
[2024-10-13T17:47:31.035-0400] {logging_mixin.py:190} INFO - 828 1728855984
[2024-10-13T17:47:31.036-0400] {logging_mixin.py:190} INFO - 829 1728855752
[2024-10-13T17:47:31.036-0400] {logging_mixin.py:190} INFO - 830 1728856027
[2024-10-13T17:47:31.037-0400] {logging_mixin.py:190} INFO - 831 1728855877
[2024-10-13T17:47:31.038-0400] {logging_mixin.py:190} INFO - 832 1728855967
[2024-10-13T17:47:31.038-0400] {logging_mixin.py:190} INFO - 833 1728855765
[2024-10-13T17:47:31.039-0400] {logging_mixin.py:190} INFO - 834 1728855996
[2024-10-13T17:47:31.040-0400] {logging_mixin.py:190} INFO - 835 1728823460
[2024-10-13T17:47:31.040-0400] {logging_mixin.py:190} INFO - 836 1728855923
[2024-10-13T17:47:31.041-0400] {logging_mixin.py:190} INFO - 837 1728855879
[2024-10-13T17:47:31.043-0400] {logging_mixin.py:190} INFO - 838 1728855954
[2024-10-13T17:47:31.044-0400] {logging_mixin.py:190} INFO - 839 1728855971
[2024-10-13T17:47:31.045-0400] {logging_mixin.py:190} INFO - 840 1728855954
[2024-10-13T17:47:31.046-0400] {logging_mixin.py:190} INFO - 841 1728855887
[2024-10-13T17:47:31.047-0400] {logging_mixin.py:190} INFO - 842 1728855746
[2024-10-13T17:47:31.047-0400] {logging_mixin.py:190} INFO - 843 1728855955
[2024-10-13T17:47:31.048-0400] {logging_mixin.py:190} INFO - 844 1728855795
[2024-10-13T17:47:31.048-0400] {logging_mixin.py:190} INFO - 845 1728856000
[2024-10-13T17:47:31.049-0400] {logging_mixin.py:190} INFO - 846 1728855135
[2024-10-13T17:47:31.050-0400] {logging_mixin.py:190} INFO - 847 1728855986
[2024-10-13T17:47:31.050-0400] {logging_mixin.py:190} INFO - 848 1728855834
[2024-10-13T17:47:31.051-0400] {logging_mixin.py:190} INFO - 849 1728855759
[2024-10-13T17:47:31.052-0400] {logging_mixin.py:190} INFO - 850 1728855859
[2024-10-13T17:47:31.052-0400] {logging_mixin.py:190} INFO - 851 1728855940
[2024-10-13T17:47:31.053-0400] {logging_mixin.py:190} INFO - 852 1728855883
[2024-10-13T17:47:31.054-0400] {logging_mixin.py:190} INFO - 853 1728705308
[2024-10-13T17:47:31.055-0400] {logging_mixin.py:190} INFO - 854 1728855814
[2024-10-13T17:47:31.055-0400] {logging_mixin.py:190} INFO - 855 1728856026
[2024-10-13T17:47:31.056-0400] {logging_mixin.py:190} INFO - 857 1728855980
[2024-10-13T17:47:31.057-0400] {logging_mixin.py:190} INFO - 858 1728855801
[2024-10-13T17:47:31.058-0400] {logging_mixin.py:190} INFO - 859 1728855951
[2024-10-13T17:47:31.059-0400] {logging_mixin.py:190} INFO - 860 1728855890
[2024-10-13T17:47:31.060-0400] {logging_mixin.py:190} INFO - 861 1728855761
[2024-10-13T17:47:31.061-0400] {logging_mixin.py:190} INFO - 862 1728855958
[2024-10-13T17:47:31.062-0400] {logging_mixin.py:190} INFO - 863 1728855745
[2024-10-13T17:47:31.062-0400] {logging_mixin.py:190} INFO - 866 1728855942
[2024-10-13T17:47:31.063-0400] {logging_mixin.py:190} INFO - 867 1728791982
[2024-10-13T17:47:31.064-0400] {logging_mixin.py:190} INFO - 868 1728855773
[2024-10-13T17:47:31.065-0400] {logging_mixin.py:190} INFO - 870 1728855988
[2024-10-13T17:47:31.066-0400] {logging_mixin.py:190} INFO - 871 1728619102
[2024-10-13T17:47:31.066-0400] {logging_mixin.py:190} INFO - 872 1728855976
[2024-10-13T17:47:31.067-0400] {logging_mixin.py:190} INFO - 873 1728856008
[2024-10-13T17:47:31.068-0400] {logging_mixin.py:190} INFO - 874 1728855803
[2024-10-13T17:47:31.069-0400] {logging_mixin.py:190} INFO - 875 1728856022
[2024-10-13T17:47:31.069-0400] {logging_mixin.py:190} INFO - 877 1728855839
[2024-10-13T17:47:31.070-0400] {logging_mixin.py:190} INFO - 878 1728855925
[2024-10-13T17:47:31.071-0400] {logging_mixin.py:190} INFO - 879 1728855849
[2024-10-13T17:47:31.072-0400] {logging_mixin.py:190} INFO - 880 1728855957
[2024-10-13T17:47:31.072-0400] {logging_mixin.py:190} INFO - 881 1728855974
[2024-10-13T17:47:31.073-0400] {logging_mixin.py:190} INFO - 882 1728855785
[2024-10-13T17:47:31.073-0400] {logging_mixin.py:190} INFO - 883 1728855807
[2024-10-13T17:47:31.074-0400] {logging_mixin.py:190} INFO - 884 1728855809
[2024-10-13T17:47:31.075-0400] {logging_mixin.py:190} INFO - 885 1728855994
[2024-10-13T17:47:31.075-0400] {logging_mixin.py:190} INFO - 886 1728855936
[2024-10-13T17:47:31.076-0400] {logging_mixin.py:190} INFO - 887 1728855767
[2024-10-13T17:47:31.076-0400] {logging_mixin.py:190} INFO - 888 1728855854
[2024-10-13T17:47:31.077-0400] {logging_mixin.py:190} INFO - 889 1728855918
[2024-10-13T17:47:31.078-0400] {logging_mixin.py:190} INFO - 890 1728855909
[2024-10-13T17:47:31.078-0400] {logging_mixin.py:190} INFO - 891 1728855849
[2024-10-13T17:47:31.079-0400] {logging_mixin.py:190} INFO - 892 1728855950
[2024-10-13T17:47:31.079-0400] {logging_mixin.py:190} INFO - 895 1728856015
[2024-10-13T17:47:31.080-0400] {logging_mixin.py:190} INFO - 896 1728855873
[2024-10-13T17:47:31.081-0400] {logging_mixin.py:190} INFO - 897 1728856032
[2024-10-13T17:47:31.082-0400] {logging_mixin.py:190} INFO - 898 1728855974
[2024-10-13T17:47:31.082-0400] {logging_mixin.py:190} INFO - 899 1728855917
[2024-10-13T17:47:31.083-0400] {logging_mixin.py:190} INFO - 900 1728855940
[2024-10-13T17:47:31.083-0400] {logging_mixin.py:190} INFO - 901 1728855980
[2024-10-13T17:47:31.084-0400] {logging_mixin.py:190} INFO - 902 1728855870
[2024-10-13T17:47:31.085-0400] {logging_mixin.py:190} INFO - 903 1728855818
[2024-10-13T17:47:31.085-0400] {logging_mixin.py:190} INFO - 904 1728855959
[2024-10-13T17:47:31.086-0400] {logging_mixin.py:190} INFO - 905 1728855848
[2024-10-13T17:47:31.087-0400] {logging_mixin.py:190} INFO - 906 1728855837
[2024-10-13T17:47:31.087-0400] {logging_mixin.py:190} INFO - 907 1728855920
[2024-10-13T17:47:31.088-0400] {logging_mixin.py:190} INFO - 908 1728855941
[2024-10-13T17:47:31.088-0400] {logging_mixin.py:190} INFO - 909 1728855788
[2024-10-13T17:47:31.089-0400] {logging_mixin.py:190} INFO - 910 1728855903
[2024-10-13T17:47:31.090-0400] {logging_mixin.py:190} INFO - 911 1728856011
[2024-10-13T17:47:31.091-0400] {logging_mixin.py:190} INFO - 912 1728855957
[2024-10-13T17:47:31.092-0400] {logging_mixin.py:190} INFO - 913 1728856008
[2024-10-13T17:47:31.092-0400] {logging_mixin.py:190} INFO - 914 1728855928
[2024-10-13T17:47:31.093-0400] {logging_mixin.py:190} INFO - 915 1728856017
[2024-10-13T17:47:31.094-0400] {logging_mixin.py:190} INFO - 916 1728855761
[2024-10-13T17:47:31.095-0400] {logging_mixin.py:190} INFO - 917 1728856000
[2024-10-13T17:47:31.096-0400] {logging_mixin.py:190} INFO - 918 1728856008
[2024-10-13T17:47:31.097-0400] {logging_mixin.py:190} INFO - 919 1728855950
[2024-10-13T17:47:31.098-0400] {logging_mixin.py:190} INFO - 920 1728855836
[2024-10-13T17:47:31.099-0400] {logging_mixin.py:190} INFO - 921 1728855952
[2024-10-13T17:47:31.099-0400] {logging_mixin.py:190} INFO - 922 1728855972
[2024-10-13T17:47:31.100-0400] {logging_mixin.py:190} INFO - 923 1728855928
[2024-10-13T17:47:31.101-0400] {logging_mixin.py:190} INFO - 924 1728855761
[2024-10-13T17:47:31.102-0400] {logging_mixin.py:190} INFO - 925 1728855957
[2024-10-13T17:47:31.102-0400] {logging_mixin.py:190} INFO - 926 1728855930
[2024-10-13T17:47:31.103-0400] {logging_mixin.py:190} INFO - 927 1728855884
[2024-10-13T17:47:31.103-0400] {logging_mixin.py:190} INFO - 928 1728855958
[2024-10-13T17:47:31.104-0400] {logging_mixin.py:190} INFO - 929 1728856041
[2024-10-13T17:47:31.105-0400] {logging_mixin.py:190} INFO - 930 1728855944
[2024-10-13T17:47:31.105-0400] {logging_mixin.py:190} INFO - 931 1728855975
[2024-10-13T17:47:31.106-0400] {logging_mixin.py:190} INFO - 932 1728855927
[2024-10-13T17:47:31.106-0400] {logging_mixin.py:190} INFO - 933 1728855757
[2024-10-13T17:47:31.107-0400] {logging_mixin.py:190} INFO - 934 1728855830
[2024-10-13T17:47:31.108-0400] {logging_mixin.py:190} INFO - 935 1728855754
[2024-10-13T17:47:31.109-0400] {logging_mixin.py:190} INFO - 936 1728855986
[2024-10-13T17:47:31.109-0400] {logging_mixin.py:190} INFO - 940 1728854630
[2024-10-13T17:47:31.110-0400] {logging_mixin.py:190} INFO - 941 1728855751
[2024-10-13T17:47:31.111-0400] {logging_mixin.py:190} INFO - 942 1728856010
[2024-10-13T17:47:31.112-0400] {logging_mixin.py:190} INFO - 943 1728855849
[2024-10-13T17:47:31.113-0400] {logging_mixin.py:190} INFO - 944 1728856000
[2024-10-13T17:47:31.114-0400] {logging_mixin.py:190} INFO - 945 1728855809
[2024-10-13T17:47:31.114-0400] {logging_mixin.py:190} INFO - 946 1728855942
[2024-10-13T17:47:31.115-0400] {logging_mixin.py:190} INFO - 947 1728855893
[2024-10-13T17:47:31.116-0400] {logging_mixin.py:190} INFO - 948 1728855919
[2024-10-13T17:47:31.116-0400] {logging_mixin.py:190} INFO - 949 1728855773
[2024-10-13T17:47:31.117-0400] {logging_mixin.py:190} INFO - 950 1728855744
[2024-10-13T17:47:31.117-0400] {logging_mixin.py:190} INFO - 951 1728855746
[2024-10-13T17:47:31.118-0400] {logging_mixin.py:190} INFO - 952 1728856011
[2024-10-13T17:47:31.119-0400] {logging_mixin.py:190} INFO - 953 1728855873
[2024-10-13T17:47:31.119-0400] {logging_mixin.py:190} INFO - 954 1728856023
[2024-10-13T17:47:31.120-0400] {logging_mixin.py:190} INFO - 955 1728855833
[2024-10-13T17:47:31.121-0400] {logging_mixin.py:190} INFO - 956 1728855833
[2024-10-13T17:47:31.122-0400] {logging_mixin.py:190} INFO - 957 1728856023
[2024-10-13T17:47:31.122-0400] {logging_mixin.py:190} INFO - 958 1728855950
[2024-10-13T17:47:31.123-0400] {logging_mixin.py:190} INFO - 959 1728855808
[2024-10-13T17:47:31.124-0400] {logging_mixin.py:190} INFO - 960 1728856006
[2024-10-13T17:47:31.125-0400] {logging_mixin.py:190} INFO - 961 1728855799
[2024-10-13T17:47:31.126-0400] {logging_mixin.py:190} INFO - 962 1728855781
[2024-10-13T17:47:31.127-0400] {logging_mixin.py:190} INFO - 963 1728855935
[2024-10-13T17:47:31.128-0400] {logging_mixin.py:190} INFO - 964 1728855821
[2024-10-13T17:47:31.129-0400] {logging_mixin.py:190} INFO - 965 1728855922
[2024-10-13T17:47:31.129-0400] {logging_mixin.py:190} INFO - 966 1728856026
[2024-10-13T17:47:31.130-0400] {logging_mixin.py:190} INFO - 967 1728855934
[2024-10-13T17:47:31.131-0400] {logging_mixin.py:190} INFO - 968 1728855962
[2024-10-13T17:47:31.132-0400] {logging_mixin.py:190} INFO - 969 1728855932
[2024-10-13T17:47:31.133-0400] {logging_mixin.py:190} INFO - 970 1728856007
[2024-10-13T17:47:31.134-0400] {logging_mixin.py:190} INFO - 971 1728855781
[2024-10-13T17:47:31.134-0400] {logging_mixin.py:190} INFO - 977 1728855854
[2024-10-13T17:47:31.136-0400] {logging_mixin.py:190} INFO - 978 1728855763
[2024-10-13T17:47:31.136-0400] {logging_mixin.py:190} INFO - 979 1728856017
[2024-10-13T17:47:31.137-0400] {logging_mixin.py:190} INFO - 980 1728856042
[2024-10-13T17:47:31.137-0400] {logging_mixin.py:190} INFO - 981 1728855756
[2024-10-13T17:47:31.138-0400] {logging_mixin.py:190} INFO - 982 1728855773
[2024-10-13T17:47:31.139-0400] {logging_mixin.py:190} INFO - 983 1728855895
[2024-10-13T17:47:31.140-0400] {logging_mixin.py:190} INFO - 984 1728791847
[2024-10-13T17:47:31.140-0400] {logging_mixin.py:190} INFO - 985 1728855887
[2024-10-13T17:47:31.141-0400] {logging_mixin.py:190} INFO - 986 1728855869
[2024-10-13T17:47:31.141-0400] {logging_mixin.py:190} INFO - 987 1728855985
[2024-10-13T17:47:31.142-0400] {logging_mixin.py:190} INFO - 988 1728855863
[2024-10-13T17:47:31.143-0400] {logging_mixin.py:190} INFO - 989 1728855921
[2024-10-13T17:47:31.143-0400] {logging_mixin.py:190} INFO - 990 1727957747
[2024-10-13T17:47:31.144-0400] {logging_mixin.py:190} INFO - 991 1727957013
[2024-10-13T17:47:31.144-0400] {logging_mixin.py:190} INFO - 992 1728791897
[2024-10-13T17:47:31.145-0400] {logging_mixin.py:190} INFO - 993 1728856013
[2024-10-13T17:47:31.146-0400] {logging_mixin.py:190} INFO - 994 86400
[2024-10-13T17:47:31.184-0400] {python.py:240} INFO - Done. Returned value was: None
[2024-10-13T17:47:31.192-0400] {taskinstance.py:340} INFO - ::group::Post task execution logs
[2024-10-13T17:47:31.194-0400] {taskinstance.py:352} INFO - Marking task as SUCCESS. dag_id=bixi_etl_pipeline, task_id=extract_task, run_id=manual__2024-10-13T21:47:10.213313+00:00, execution_date=20241013T214710, start_date=20241013T214729, end_date=20241013T214731
[2024-10-13T17:47:31.205-0400] {logging_mixin.py:190} INFO - Task instance in success state
[2024-10-13T17:47:31.206-0400] {logging_mixin.py:190} INFO -  Previous state of the Task instance: running
[2024-10-13T17:47:31.207-0400] {logging_mixin.py:190} INFO - Dag name:bixi_etl_pipeline queued_at:2024-10-13 21:47:10.247765+00:00
[2024-10-13T17:47:31.208-0400] {logging_mixin.py:190} INFO - Task hostname:karendembp.home operator:PythonOperator
[2024-10-13T17:47:31.257-0400] {local_task_job_runner.py:266} INFO - Task exited with return code 0
[2024-10-13T17:47:31.290-0400] {taskinstance.py:3900} INFO - 1 downstream tasks scheduled from follow-on schedule check
[2024-10-13T17:47:31.293-0400] {local_task_job_runner.py:245} INFO - ::endgroup::
