[2024-10-13T02:12:46.976-0400] {local_task_job_runner.py:123} INFO - ::group::Pre task execution logs
[2024-10-13T02:12:46.992-0400] {taskinstance.py:2612} INFO - Dependencies all met for dep_context=non-requeueable deps ti=<TaskInstance: bixi_etl_pipeline.transform_task manual__2024-10-13T06:12:15.007882+00:00 [queued]>
[2024-10-13T02:12:47.000-0400] {taskinstance.py:2612} INFO - Dependencies all met for dep_context=requeueable deps ti=<TaskInstance: bixi_etl_pipeline.transform_task manual__2024-10-13T06:12:15.007882+00:00 [queued]>
[2024-10-13T02:12:47.000-0400] {taskinstance.py:2865} INFO - Starting attempt 1 of 1
[2024-10-13T02:12:47.012-0400] {taskinstance.py:2888} INFO - Executing <Task(PythonOperator): transform_task> on 2024-10-13 06:12:15.007882+00:00
[2024-10-13T02:12:47.020-0400] {standard_task_runner.py:72} INFO - Started process 4413 to run task
[2024-10-13T02:12:47.026-0400] {clientserver.py:543} INFO - Closing down clientserver connection
[2024-10-13T02:12:47.036-0400] {standard_task_runner.py:104} INFO - Running: ['airflow', 'tasks', 'run', 'bixi_etl_pipeline', 'transform_task', 'manual__2024-10-13T06:12:15.007882+00:00', '--job-id', '145', '--raw', '--subdir', 'DAGS_FOLDER/bixi_etl_pipeline.py', '--cfg-path', '/var/folders/bj/4z3t139j7xj2qng4wk4y16ym0000gn/T/tmplyoed8b6']
[2024-10-13T02:12:47.036-0400] {standard_task_runner.py:105} INFO - Job 145: Subtask transform_task
[2024-10-13T02:12:47.090-0400] {task_command.py:467} INFO - Running <TaskInstance: bixi_etl_pipeline.transform_task manual__2024-10-13T06:12:15.007882+00:00 [running]> on host karendembp.home
[2024-10-13T02:12:47.172-0400] {taskinstance.py:3131} INFO - Exporting env vars: AIRFLOW_CTX_DAG_OWNER='airflow' AIRFLOW_CTX_DAG_ID='bixi_etl_pipeline' AIRFLOW_CTX_TASK_ID='transform_task' AIRFLOW_CTX_EXECUTION_DATE='2024-10-13T06:12:15.007882+00:00' AIRFLOW_CTX_TRY_NUMBER='1' AIRFLOW_CTX_DAG_RUN_ID='manual__2024-10-13T06:12:15.007882+00:00'
[2024-10-13T02:12:47.174-0400] {logging_mixin.py:190} INFO - Task instance is in running state
[2024-10-13T02:12:47.175-0400] {logging_mixin.py:190} INFO -  Previous state of the Task instance: queued
[2024-10-13T02:12:47.175-0400] {logging_mixin.py:190} INFO - Current task name:transform_task state:running start_date:2024-10-13 06:12:46.992977+00:00
[2024-10-13T02:12:47.176-0400] {logging_mixin.py:190} INFO - Dag name:bixi_etl_pipeline and current dag run status:running
[2024-10-13T02:12:47.177-0400] {taskinstance.py:731} INFO - ::endgroup::
[2024-10-13T02:12:47.233-0400] {clientserver.py:505} INFO - Error while sending or receiving.
Traceback (most recent call last):
  File "/Users/karenwang/anaconda3/envs/airflow_sqlite_env/lib/python3.9/site-packages/py4j/clientserver.py", line 503, in send_command
    self.socket.sendall(command.encode("utf-8"))
BrokenPipeError: [Errno 32] Broken pipe
[2024-10-13T02:12:47.236-0400] {clientserver.py:543} INFO - Closing down clientserver connection
[2024-10-13T02:12:47.236-0400] {java_gateway.py:1052} INFO - Exception while sending command.
Traceback (most recent call last):
  File "/Users/karenwang/anaconda3/envs/airflow_sqlite_env/lib/python3.9/site-packages/py4j/clientserver.py", line 503, in send_command
    self.socket.sendall(command.encode("utf-8"))
BrokenPipeError: [Errno 32] Broken pipe

During handling of the above exception, another exception occurred:

Traceback (most recent call last):
  File "/Users/karenwang/anaconda3/envs/airflow_sqlite_env/lib/python3.9/site-packages/py4j/java_gateway.py", line 1038, in send_command
    response = connection.send_command(command)
  File "/Users/karenwang/anaconda3/envs/airflow_sqlite_env/lib/python3.9/site-packages/py4j/clientserver.py", line 506, in send_command
    raise Py4JNetworkError(
py4j.protocol.Py4JNetworkError: Error while sending
[2024-10-13T02:12:47.239-0400] {clientserver.py:543} INFO - Closing down clientserver connection
[2024-10-13T02:12:53.780-0400] {taskinstance.py:3310} ERROR - Task failed with exception
Traceback (most recent call last):
  File "/Users/karenwang/anaconda3/envs/airflow_sqlite_env/lib/python3.9/site-packages/airflow/models/taskinstance.py", line 767, in _execute_task
    result = _execute_callable(context=context, **execute_callable_kwargs)
  File "/Users/karenwang/anaconda3/envs/airflow_sqlite_env/lib/python3.9/site-packages/airflow/models/taskinstance.py", line 733, in _execute_callable
    return ExecutionCallableRunner(
  File "/Users/karenwang/anaconda3/envs/airflow_sqlite_env/lib/python3.9/site-packages/airflow/utils/operator_helpers.py", line 252, in run
    return self.func(*args, **kwargs)
  File "/Users/karenwang/anaconda3/envs/airflow_sqlite_env/lib/python3.9/site-packages/airflow/models/baseoperator.py", line 406, in wrapper
    return func(self, *args, **kwargs)
  File "/Users/karenwang/anaconda3/envs/airflow_sqlite_env/lib/python3.9/site-packages/airflow/operators/python.py", line 238, in execute
    return_value = self.execute_callable()
  File "/Users/karenwang/anaconda3/envs/airflow_sqlite_env/lib/python3.9/site-packages/airflow/operators/python.py", line 256, in execute_callable
    return runner.run(*self.op_args, **self.op_kwargs)
  File "/Users/karenwang/anaconda3/envs/airflow_sqlite_env/lib/python3.9/site-packages/airflow/utils/operator_helpers.py", line 252, in run
    return self.func(*args, **kwargs)
  File "/Users/karenwang/airflow/dags/bixi_etl_pipeline.py", line 69, in transform_data
    ti.xcom_push(key='df_combined', value=df_combined.toPandas().to_dict())
  File "/Users/karenwang/anaconda3/envs/airflow_sqlite_env/lib/python3.9/site-packages/pyspark/sql/pandas/conversion.py", line 202, in toPandas
    rows = self.collect()
  File "/Users/karenwang/anaconda3/envs/airflow_sqlite_env/lib/python3.9/site-packages/pyspark/sql/dataframe.py", line 1263, in collect
    sock_info = self._jdf.collectToPython()
  File "/Users/karenwang/anaconda3/envs/airflow_sqlite_env/lib/python3.9/site-packages/py4j/java_gateway.py", line 1322, in __call__
    return_value = get_return_value(
  File "/Users/karenwang/anaconda3/envs/airflow_sqlite_env/lib/python3.9/site-packages/pyspark/errors/exceptions/captured.py", line 179, in deco
    return f(*a, **kw)
  File "/Users/karenwang/anaconda3/envs/airflow_sqlite_env/lib/python3.9/site-packages/py4j/protocol.py", line 326, in get_return_value
    raise Py4JJavaError(
py4j.protocol.Py4JJavaError: An error occurred while calling o71.collectToPython.
: org.apache.spark.SparkException: Cannot find catalog plugin class for catalog 'spark_catalog': org.apache.spark.sql.delta.catalog.DeltaCatalog.
	at org.apache.spark.sql.errors.QueryExecutionErrors$.catalogPluginClassNotFoundForCatalogError(QueryExecutionErrors.scala:2079)
	at org.apache.spark.sql.connector.catalog.Catalogs$.load(Catalogs.scala:70)
	at org.apache.spark.sql.connector.catalog.CatalogManager.loadV2SessionCatalog(CatalogManager.scala:67)
	at org.apache.spark.sql.connector.catalog.CatalogManager.$anonfun$v2SessionCatalog$2(CatalogManager.scala:86)
	at scala.collection.mutable.HashMap.getOrElseUpdate(HashMap.scala:86)
	at org.apache.spark.sql.connector.catalog.CatalogManager.$anonfun$v2SessionCatalog$1(CatalogManager.scala:86)
	at scala.Option.map(Option.scala:230)
	at org.apache.spark.sql.connector.catalog.CatalogManager.v2SessionCatalog(CatalogManager.scala:85)
	at org.apache.spark.sql.connector.catalog.CatalogManager.catalog(CatalogManager.scala:51)
	at org.apache.spark.sql.connector.catalog.CatalogManager.currentCatalog(CatalogManager.scala:122)
	at org.apache.spark.sql.connector.catalog.CatalogManager.currentNamespace(CatalogManager.scala:93)
	at org.apache.spark.sql.catalyst.optimizer.ReplaceCurrentLike.apply(finishAnalysis.scala:110)
	at org.apache.spark.sql.catalyst.optimizer.ReplaceCurrentLike.apply(finishAnalysis.scala:107)
	at org.apache.spark.sql.catalyst.optimizer.Optimizer$FinishAnalysis$.$anonfun$apply$1(Optimizer.scala:289)
	at scala.collection.LinearSeqOptimized.foldLeft(LinearSeqOptimized.scala:126)
	at scala.collection.LinearSeqOptimized.foldLeft$(LinearSeqOptimized.scala:122)
	at scala.collection.immutable.List.foldLeft(List.scala:91)
	at org.apache.spark.sql.catalyst.optimizer.Optimizer$FinishAnalysis$.apply(Optimizer.scala:289)
	at org.apache.spark.sql.catalyst.optimizer.Optimizer$FinishAnalysis$.apply(Optimizer.scala:271)
	at org.apache.spark.sql.catalyst.rules.RuleExecutor.$anonfun$execute$2(RuleExecutor.scala:222)
	at scala.collection.IndexedSeqOptimized.foldLeft(IndexedSeqOptimized.scala:60)
	at scala.collection.IndexedSeqOptimized.foldLeft$(IndexedSeqOptimized.scala:68)
	at scala.collection.mutable.WrappedArray.foldLeft(WrappedArray.scala:38)
	at org.apache.spark.sql.catalyst.rules.RuleExecutor.$anonfun$execute$1(RuleExecutor.scala:219)
	at org.apache.spark.sql.catalyst.rules.RuleExecutor.$anonfun$execute$1$adapted(RuleExecutor.scala:211)
	at scala.collection.immutable.List.foreach(List.scala:431)
	at org.apache.spark.sql.catalyst.rules.RuleExecutor.execute(RuleExecutor.scala:211)
	at org.apache.spark.sql.catalyst.rules.RuleExecutor.$anonfun$executeAndTrack$1(RuleExecutor.scala:182)
	at org.apache.spark.sql.catalyst.QueryPlanningTracker$.withTracker(QueryPlanningTracker.scala:88)
	at org.apache.spark.sql.catalyst.rules.RuleExecutor.executeAndTrack(RuleExecutor.scala:182)
	at org.apache.spark.sql.execution.QueryExecution.$anonfun$optimizedPlan$1(QueryExecution.scala:143)
	at org.apache.spark.sql.catalyst.QueryPlanningTracker.measurePhase(QueryPlanningTracker.scala:111)
	at org.apache.spark.sql.execution.QueryExecution.$anonfun$executePhase$2(QueryExecution.scala:202)
	at org.apache.spark.sql.execution.QueryExecution$.withInternalError(QueryExecution.scala:526)
	at org.apache.spark.sql.execution.QueryExecution.$anonfun$executePhase$1(QueryExecution.scala:202)
	at org.apache.spark.sql.SparkSession.withActive(SparkSession.scala:827)
	at org.apache.spark.sql.execution.QueryExecution.executePhase(QueryExecution.scala:201)
	at org.apache.spark.sql.execution.QueryExecution.optimizedPlan$lzycompute(QueryExecution.scala:139)
	at org.apache.spark.sql.execution.QueryExecution.optimizedPlan(QueryExecution.scala:135)
	at org.apache.spark.sql.execution.QueryExecution.assertOptimized(QueryExecution.scala:153)
	at org.apache.spark.sql.execution.QueryExecution.executedPlan$lzycompute(QueryExecution.scala:171)
	at org.apache.spark.sql.execution.QueryExecution.executedPlan(QueryExecution.scala:168)
	at org.apache.spark.sql.execution.QueryExecution.simpleString(QueryExecution.scala:221)
	at org.apache.spark.sql.execution.QueryExecution.org$apache$spark$sql$execution$QueryExecution$$explainString(QueryExecution.scala:266)
	at org.apache.spark.sql.execution.QueryExecution.explainString(QueryExecution.scala:235)
	at org.apache.spark.sql.execution.SQLExecution$.$anonfun$withNewExecutionId$6(SQLExecution.scala:112)
	at org.apache.spark.sql.execution.SQLExecution$.withSQLConfPropagated(SQLExecution.scala:195)
	at org.apache.spark.sql.execution.SQLExecution$.$anonfun$withNewExecutionId$1(SQLExecution.scala:103)
	at org.apache.spark.sql.SparkSession.withActive(SparkSession.scala:827)
	at org.apache.spark.sql.execution.SQLExecution$.withNewExecutionId(SQLExecution.scala:65)
	at org.apache.spark.sql.Dataset.withAction(Dataset.scala:4165)
	at org.apache.spark.sql.Dataset.collectToPython(Dataset.scala:3994)
	at sun.reflect.NativeMethodAccessorImpl.invoke0(Native Method)
	at sun.reflect.NativeMethodAccessorImpl.invoke(NativeMethodAccessorImpl.java:62)
	at sun.reflect.DelegatingMethodAccessorImpl.invoke(DelegatingMethodAccessorImpl.java:43)
	at java.lang.reflect.Method.invoke(Method.java:498)
	at py4j.reflection.MethodInvoker.invoke(MethodInvoker.java:244)
	at py4j.reflection.ReflectionEngine.invoke(ReflectionEngine.java:374)
	at py4j.Gateway.invoke(Gateway.java:282)
	at py4j.commands.AbstractCommand.invokeMethod(AbstractCommand.java:132)
	at py4j.commands.CallCommand.execute(CallCommand.java:79)
	at py4j.ClientServerConnection.waitForCommands(ClientServerConnection.java:182)
	at py4j.ClientServerConnection.run(ClientServerConnection.java:106)
	at java.lang.Thread.run(Thread.java:750)
Caused by: java.lang.ClassNotFoundException: org.apache.spark.sql.delta.catalog.DeltaCatalog
	at java.net.URLClassLoader.findClass(URLClassLoader.java:387)
	at java.lang.ClassLoader.loadClass(ClassLoader.java:418)
	at java.lang.ClassLoader.loadClass(ClassLoader.java:351)
	at org.apache.spark.sql.connector.catalog.Catalogs$.load(Catalogs.scala:60)
	... 62 more

[2024-10-13T02:12:53.789-0400] {logging_mixin.py:190} INFO - Task instance in failure state
[2024-10-13T02:12:53.790-0400] {logging_mixin.py:190} INFO - Task start:2024-10-13 06:12:46.992977+00:00 end:2024-10-13 06:12:53.788590+00:00 duration:6.795613
[2024-10-13T02:12:53.791-0400] {logging_mixin.py:190} INFO - Task:<Task(PythonOperator): transform_task> dag:<DAG: bixi_etl_pipeline> dagrun:<DagRun bixi_etl_pipeline @ 2024-10-13 06:12:15.007882+00:00: manual__2024-10-13T06:12:15.007882+00:00, state:running, queued_at: 2024-10-13 06:12:15.043631+00:00. externally triggered: True>
[2024-10-13T02:12:53.793-0400] {logging_mixin.py:190} INFO - Failure caused by An error occurred while calling o71.collectToPython.
: org.apache.spark.SparkException: Cannot find catalog plugin class for catalog 'spark_catalog': org.apache.spark.sql.delta.catalog.DeltaCatalog.
	at org.apache.spark.sql.errors.QueryExecutionErrors$.catalogPluginClassNotFoundForCatalogError(QueryExecutionErrors.scala:2079)
	at org.apache.spark.sql.connector.catalog.Catalogs$.load(Catalogs.scala:70)
	at org.apache.spark.sql.connector.catalog.CatalogManager.loadV2SessionCatalog(CatalogManager.scala:67)
	at org.apache.spark.sql.connector.catalog.CatalogManager.$anonfun$v2SessionCatalog$2(CatalogManager.scala:86)
	at scala.collection.mutable.HashMap.getOrElseUpdate(HashMap.scala:86)
	at org.apache.spark.sql.connector.catalog.CatalogManager.$anonfun$v2SessionCatalog$1(CatalogManager.scala:86)
	at scala.Option.map(Option.scala:230)
	at org.apache.spark.sql.connector.catalog.CatalogManager.v2SessionCatalog(CatalogManager.scala:85)
	at org.apache.spark.sql.connector.catalog.CatalogManager.catalog(CatalogManager.scala:51)
	at org.apache.spark.sql.connector.catalog.CatalogManager.currentCatalog(CatalogManager.scala:122)
	at org.apache.spark.sql.connector.catalog.CatalogManager.currentNamespace(CatalogManager.scala:93)
	at org.apache.spark.sql.catalyst.optimizer.ReplaceCurrentLike.apply(finishAnalysis.scala:110)
	at org.apache.spark.sql.catalyst.optimizer.ReplaceCurrentLike.apply(finishAnalysis.scala:107)
	at org.apache.spark.sql.catalyst.optimizer.Optimizer$FinishAnalysis$.$anonfun$apply$1(Optimizer.scala:289)
	at scala.collection.LinearSeqOptimized.foldLeft(LinearSeqOptimized.scala:126)
	at scala.collection.LinearSeqOptimized.foldLeft$(LinearSeqOptimized.scala:122)
	at scala.collection.immutable.List.foldLeft(List.scala:91)
	at org.apache.spark.sql.catalyst.optimizer.Optimizer$FinishAnalysis$.apply(Optimizer.scala:289)
	at org.apache.spark.sql.catalyst.optimizer.Optimizer$FinishAnalysis$.apply(Optimizer.scala:271)
	at org.apache.spark.sql.catalyst.rules.RuleExecutor.$anonfun$execute$2(RuleExecutor.scala:222)
	at scala.collection.IndexedSeqOptimized.foldLeft(IndexedSeqOptimized.scala:60)
	at scala.collection.IndexedSeqOptimized.foldLeft$(IndexedSeqOptimized.scala:68)
	at scala.collection.mutable.WrappedArray.foldLeft(WrappedArray.scala:38)
	at org.apache.spark.sql.catalyst.rules.RuleExecutor.$anonfun$execute$1(RuleExecutor.scala:219)
	at org.apache.spark.sql.catalyst.rules.RuleExecutor.$anonfun$execute$1$adapted(RuleExecutor.scala:211)
	at scala.collection.immutable.List.foreach(List.scala:431)
	at org.apache.spark.sql.catalyst.rules.RuleExecutor.execute(RuleExecutor.scala:211)
	at org.apache.spark.sql.catalyst.rules.RuleExecutor.$anonfun$executeAndTrack$1(RuleExecutor.scala:182)
	at org.apache.spark.sql.catalyst.QueryPlanningTracker$.withTracker(QueryPlanningTracker.scala:88)
	at org.apache.spark.sql.catalyst.rules.RuleExecutor.executeAndTrack(RuleExecutor.scala:182)
	at org.apache.spark.sql.execution.QueryExecution.$anonfun$optimizedPlan$1(QueryExecution.scala:143)
	at org.apache.spark.sql.catalyst.QueryPlanningTracker.measurePhase(QueryPlanningTracker.scala:111)
	at org.apache.spark.sql.execution.QueryExecution.$anonfun$executePhase$2(QueryExecution.scala:202)
	at org.apache.spark.sql.execution.QueryExecution$.withInternalError(QueryExecution.scala:526)
	at org.apache.spark.sql.execution.QueryExecution.$anonfun$executePhase$1(QueryExecution.scala:202)
	at org.apache.spark.sql.SparkSession.withActive(SparkSession.scala:827)
	at org.apache.spark.sql.execution.QueryExecution.executePhase(QueryExecution.scala:201)
	at org.apache.spark.sql.execution.QueryExecution.optimizedPlan$lzycompute(QueryExecution.scala:139)
	at org.apache.spark.sql.execution.QueryExecution.optimizedPlan(QueryExecution.scala:135)
	at org.apache.spark.sql.execution.QueryExecution.assertOptimized(QueryExecution.scala:153)
	at org.apache.spark.sql.execution.QueryExecution.executedPlan$lzycompute(QueryExecution.scala:171)
	at org.apache.spark.sql.execution.QueryExecution.executedPlan(QueryExecution.scala:168)
	at org.apache.spark.sql.execution.QueryExecution.simpleString(QueryExecution.scala:221)
	at org.apache.spark.sql.execution.QueryExecution.org$apache$spark$sql$execution$QueryExecution$$explainString(QueryExecution.scala:266)
	at org.apache.spark.sql.execution.QueryExecution.explainString(QueryExecution.scala:235)
	at org.apache.spark.sql.execution.SQLExecution$.$anonfun$withNewExecutionId$6(SQLExecution.scala:112)
	at org.apache.spark.sql.execution.SQLExecution$.withSQLConfPropagated(SQLExecution.scala:195)
	at org.apache.spark.sql.execution.SQLExecution$.$anonfun$withNewExecutionId$1(SQLExecution.scala:103)
	at org.apache.spark.sql.SparkSession.withActive(SparkSession.scala:827)
	at org.apache.spark.sql.execution.SQLExecution$.withNewExecutionId(SQLExecution.scala:65)
	at org.apache.spark.sql.Dataset.withAction(Dataset.scala:4165)
	at org.apache.spark.sql.Dataset.collectToPython(Dataset.scala:3994)
	at sun.reflect.NativeMethodAccessorImpl.invoke0(Native Method)
	at sun.reflect.NativeMethodAccessorImpl.invoke(NativeMethodAccessorImpl.java:62)
	at sun.reflect.DelegatingMethodAccessorImpl.invoke(DelegatingMethodAccessorImpl.java:43)
	at java.lang.reflect.Method.invoke(Method.java:498)
	at py4j.reflection.MethodInvoker.invoke(MethodInvoker.java:244)
	at py4j.reflection.ReflectionEngine.invoke(ReflectionEngine.java:374)
	at py4j.Gateway.invoke(Gateway.java:282)
	at py4j.commands.AbstractCommand.invokeMethod(AbstractCommand.java:132)
	at py4j.commands.CallCommand.execute(CallCommand.java:79)
	at py4j.ClientServerConnection.waitForCommands(ClientServerConnection.java:182)
	at py4j.ClientServerConnection.run(ClientServerConnection.java:106)
	at java.lang.Thread.run(Thread.java:750)
Caused by: java.lang.ClassNotFoundException: org.apache.spark.sql.delta.catalog.DeltaCatalog
	at java.net.URLClassLoader.findClass(URLClassLoader.java:387)
	at java.lang.ClassLoader.loadClass(ClassLoader.java:418)
	at java.lang.ClassLoader.loadClass(ClassLoader.java:351)
	at org.apache.spark.sql.connector.catalog.Catalogs$.load(Catalogs.scala:60)
	... 62 more
[2024-10-13T02:12:53.794-0400] {taskinstance.py:1225} INFO - Marking task as FAILED. dag_id=bixi_etl_pipeline, task_id=transform_task, run_id=manual__2024-10-13T06:12:15.007882+00:00, execution_date=20241013T061215, start_date=20241013T061246, end_date=20241013T061253
[2024-10-13T02:12:53.808-0400] {taskinstance.py:340} INFO - ::group::Post task execution logs
[2024-10-13T02:12:53.808-0400] {standard_task_runner.py:124} ERROR - Failed to execute job 145 for task transform_task (An error occurred while calling o71.collectToPython.
: org.apache.spark.SparkException: Cannot find catalog plugin class for catalog 'spark_catalog': org.apache.spark.sql.delta.catalog.DeltaCatalog.
	at org.apache.spark.sql.errors.QueryExecutionErrors$.catalogPluginClassNotFoundForCatalogError(QueryExecutionErrors.scala:2079)
	at org.apache.spark.sql.connector.catalog.Catalogs$.load(Catalogs.scala:70)
	at org.apache.spark.sql.connector.catalog.CatalogManager.loadV2SessionCatalog(CatalogManager.scala:67)
	at org.apache.spark.sql.connector.catalog.CatalogManager.$anonfun$v2SessionCatalog$2(CatalogManager.scala:86)
	at scala.collection.mutable.HashMap.getOrElseUpdate(HashMap.scala:86)
	at org.apache.spark.sql.connector.catalog.CatalogManager.$anonfun$v2SessionCatalog$1(CatalogManager.scala:86)
	at scala.Option.map(Option.scala:230)
	at org.apache.spark.sql.connector.catalog.CatalogManager.v2SessionCatalog(CatalogManager.scala:85)
	at org.apache.spark.sql.connector.catalog.CatalogManager.catalog(CatalogManager.scala:51)
	at org.apache.spark.sql.connector.catalog.CatalogManager.currentCatalog(CatalogManager.scala:122)
	at org.apache.spark.sql.connector.catalog.CatalogManager.currentNamespace(CatalogManager.scala:93)
	at org.apache.spark.sql.catalyst.optimizer.ReplaceCurrentLike.apply(finishAnalysis.scala:110)
	at org.apache.spark.sql.catalyst.optimizer.ReplaceCurrentLike.apply(finishAnalysis.scala:107)
	at org.apache.spark.sql.catalyst.optimizer.Optimizer$FinishAnalysis$.$anonfun$apply$1(Optimizer.scala:289)
	at scala.collection.LinearSeqOptimized.foldLeft(LinearSeqOptimized.scala:126)
	at scala.collection.LinearSeqOptimized.foldLeft$(LinearSeqOptimized.scala:122)
	at scala.collection.immutable.List.foldLeft(List.scala:91)
	at org.apache.spark.sql.catalyst.optimizer.Optimizer$FinishAnalysis$.apply(Optimizer.scala:289)
	at org.apache.spark.sql.catalyst.optimizer.Optimizer$FinishAnalysis$.apply(Optimizer.scala:271)
	at org.apache.spark.sql.catalyst.rules.RuleExecutor.$anonfun$execute$2(RuleExecutor.scala:222)
	at scala.collection.IndexedSeqOptimized.foldLeft(IndexedSeqOptimized.scala:60)
	at scala.collection.IndexedSeqOptimized.foldLeft$(IndexedSeqOptimized.scala:68)
	at scala.collection.mutable.WrappedArray.foldLeft(WrappedArray.scala:38)
	at org.apache.spark.sql.catalyst.rules.RuleExecutor.$anonfun$execute$1(RuleExecutor.scala:219)
	at org.apache.spark.sql.catalyst.rules.RuleExecutor.$anonfun$execute$1$adapted(RuleExecutor.scala:211)
	at scala.collection.immutable.List.foreach(List.scala:431)
	at org.apache.spark.sql.catalyst.rules.RuleExecutor.execute(RuleExecutor.scala:211)
	at org.apache.spark.sql.catalyst.rules.RuleExecutor.$anonfun$executeAndTrack$1(RuleExecutor.scala:182)
	at org.apache.spark.sql.catalyst.QueryPlanningTracker$.withTracker(QueryPlanningTracker.scala:88)
	at org.apache.spark.sql.catalyst.rules.RuleExecutor.executeAndTrack(RuleExecutor.scala:182)
	at org.apache.spark.sql.execution.QueryExecution.$anonfun$optimizedPlan$1(QueryExecution.scala:143)
	at org.apache.spark.sql.catalyst.QueryPlanningTracker.measurePhase(QueryPlanningTracker.scala:111)
	at org.apache.spark.sql.execution.QueryExecution.$anonfun$executePhase$2(QueryExecution.scala:202)
	at org.apache.spark.sql.execution.QueryExecution$.withInternalError(QueryExecution.scala:526)
	at org.apache.spark.sql.execution.QueryExecution.$anonfun$executePhase$1(QueryExecution.scala:202)
	at org.apache.spark.sql.SparkSession.withActive(SparkSession.scala:827)
	at org.apache.spark.sql.execution.QueryExecution.executePhase(QueryExecution.scala:201)
	at org.apache.spark.sql.execution.QueryExecution.optimizedPlan$lzycompute(QueryExecution.scala:139)
	at org.apache.spark.sql.execution.QueryExecution.optimizedPlan(QueryExecution.scala:135)
	at org.apache.spark.sql.execution.QueryExecution.assertOptimized(QueryExecution.scala:153)
	at org.apache.spark.sql.execution.QueryExecution.executedPlan$lzycompute(QueryExecution.scala:171)
	at org.apache.spark.sql.execution.QueryExecution.executedPlan(QueryExecution.scala:168)
	at org.apache.spark.sql.execution.QueryExecution.simpleString(QueryExecution.scala:221)
	at org.apache.spark.sql.execution.QueryExecution.org$apache$spark$sql$execution$QueryExecution$$explainString(QueryExecution.scala:266)
	at org.apache.spark.sql.execution.QueryExecution.explainString(QueryExecution.scala:235)
	at org.apache.spark.sql.execution.SQLExecution$.$anonfun$withNewExecutionId$6(SQLExecution.scala:112)
	at org.apache.spark.sql.execution.SQLExecution$.withSQLConfPropagated(SQLExecution.scala:195)
	at org.apache.spark.sql.execution.SQLExecution$.$anonfun$withNewExecutionId$1(SQLExecution.scala:103)
	at org.apache.spark.sql.SparkSession.withActive(SparkSession.scala:827)
	at org.apache.spark.sql.execution.SQLExecution$.withNewExecutionId(SQLExecution.scala:65)
	at org.apache.spark.sql.Dataset.withAction(Dataset.scala:4165)
	at org.apache.spark.sql.Dataset.collectToPython(Dataset.scala:3994)
	at sun.reflect.NativeMethodAccessorImpl.invoke0(Native Method)
	at sun.reflect.NativeMethodAccessorImpl.invoke(NativeMethodAccessorImpl.java:62)
	at sun.reflect.DelegatingMethodAccessorImpl.invoke(DelegatingMethodAccessorImpl.java:43)
	at java.lang.reflect.Method.invoke(Method.java:498)
	at py4j.reflection.MethodInvoker.invoke(MethodInvoker.java:244)
	at py4j.reflection.ReflectionEngine.invoke(ReflectionEngine.java:374)
	at py4j.Gateway.invoke(Gateway.java:282)
	at py4j.commands.AbstractCommand.invokeMethod(AbstractCommand.java:132)
	at py4j.commands.CallCommand.execute(CallCommand.java:79)
	at py4j.ClientServerConnection.waitForCommands(ClientServerConnection.java:182)
	at py4j.ClientServerConnection.run(ClientServerConnection.java:106)
	at java.lang.Thread.run(Thread.java:750)
Caused by: java.lang.ClassNotFoundException: org.apache.spark.sql.delta.catalog.DeltaCatalog
	at java.net.URLClassLoader.findClass(URLClassLoader.java:387)
	at java.lang.ClassLoader.loadClass(ClassLoader.java:418)
	at java.lang.ClassLoader.loadClass(ClassLoader.java:351)
	at org.apache.spark.sql.connector.catalog.Catalogs$.load(Catalogs.scala:60)
	... 62 more
; 4413)
Traceback (most recent call last):
  File "/Users/karenwang/anaconda3/envs/airflow_sqlite_env/lib/python3.9/site-packages/airflow/task/task_runner/standard_task_runner.py", line 117, in _start_by_fork
    ret = args.func(args, dag=self.dag)
  File "/Users/karenwang/anaconda3/envs/airflow_sqlite_env/lib/python3.9/site-packages/airflow/cli/cli_config.py", line 49, in command
    return func(*args, **kwargs)
  File "/Users/karenwang/anaconda3/envs/airflow_sqlite_env/lib/python3.9/site-packages/airflow/utils/cli.py", line 115, in wrapper
    return f(*args, **kwargs)
  File "/Users/karenwang/anaconda3/envs/airflow_sqlite_env/lib/python3.9/site-packages/airflow/cli/commands/task_command.py", line 483, in task_run
    task_return_code = _run_task_by_selected_method(args, _dag, ti)
  File "/Users/karenwang/anaconda3/envs/airflow_sqlite_env/lib/python3.9/site-packages/airflow/cli/commands/task_command.py", line 256, in _run_task_by_selected_method
    return _run_raw_task(args, ti)
  File "/Users/karenwang/anaconda3/envs/airflow_sqlite_env/lib/python3.9/site-packages/airflow/cli/commands/task_command.py", line 341, in _run_raw_task
    return ti._run_raw_task(
  File "/Users/karenwang/anaconda3/envs/airflow_sqlite_env/lib/python3.9/site-packages/airflow/utils/session.py", line 97, in wrapper
    return func(*args, session=session, **kwargs)
  File "/Users/karenwang/anaconda3/envs/airflow_sqlite_env/lib/python3.9/site-packages/airflow/models/taskinstance.py", line 3004, in _run_raw_task
    return _run_raw_task(
  File "/Users/karenwang/anaconda3/envs/airflow_sqlite_env/lib/python3.9/site-packages/airflow/models/taskinstance.py", line 273, in _run_raw_task
    TaskInstance._execute_task_with_callbacks(
  File "/Users/karenwang/anaconda3/envs/airflow_sqlite_env/lib/python3.9/site-packages/airflow/models/taskinstance.py", line 3158, in _execute_task_with_callbacks
    result = self._execute_task(context, task_orig)
  File "/Users/karenwang/anaconda3/envs/airflow_sqlite_env/lib/python3.9/site-packages/airflow/models/taskinstance.py", line 3182, in _execute_task
    return _execute_task(self, context, task_orig)
  File "/Users/karenwang/anaconda3/envs/airflow_sqlite_env/lib/python3.9/site-packages/airflow/models/taskinstance.py", line 767, in _execute_task
    result = _execute_callable(context=context, **execute_callable_kwargs)
  File "/Users/karenwang/anaconda3/envs/airflow_sqlite_env/lib/python3.9/site-packages/airflow/models/taskinstance.py", line 733, in _execute_callable
    return ExecutionCallableRunner(
  File "/Users/karenwang/anaconda3/envs/airflow_sqlite_env/lib/python3.9/site-packages/airflow/utils/operator_helpers.py", line 252, in run
    return self.func(*args, **kwargs)
  File "/Users/karenwang/anaconda3/envs/airflow_sqlite_env/lib/python3.9/site-packages/airflow/models/baseoperator.py", line 406, in wrapper
    return func(self, *args, **kwargs)
  File "/Users/karenwang/anaconda3/envs/airflow_sqlite_env/lib/python3.9/site-packages/airflow/operators/python.py", line 238, in execute
    return_value = self.execute_callable()
  File "/Users/karenwang/anaconda3/envs/airflow_sqlite_env/lib/python3.9/site-packages/airflow/operators/python.py", line 256, in execute_callable
    return runner.run(*self.op_args, **self.op_kwargs)
  File "/Users/karenwang/anaconda3/envs/airflow_sqlite_env/lib/python3.9/site-packages/airflow/utils/operator_helpers.py", line 252, in run
    return self.func(*args, **kwargs)
  File "/Users/karenwang/airflow/dags/bixi_etl_pipeline.py", line 69, in transform_data
    ti.xcom_push(key='df_combined', value=df_combined.toPandas().to_dict())
  File "/Users/karenwang/anaconda3/envs/airflow_sqlite_env/lib/python3.9/site-packages/pyspark/sql/pandas/conversion.py", line 202, in toPandas
    rows = self.collect()
  File "/Users/karenwang/anaconda3/envs/airflow_sqlite_env/lib/python3.9/site-packages/pyspark/sql/dataframe.py", line 1263, in collect
    sock_info = self._jdf.collectToPython()
  File "/Users/karenwang/anaconda3/envs/airflow_sqlite_env/lib/python3.9/site-packages/py4j/java_gateway.py", line 1322, in __call__
    return_value = get_return_value(
  File "/Users/karenwang/anaconda3/envs/airflow_sqlite_env/lib/python3.9/site-packages/pyspark/errors/exceptions/captured.py", line 179, in deco
    return f(*a, **kw)
  File "/Users/karenwang/anaconda3/envs/airflow_sqlite_env/lib/python3.9/site-packages/py4j/protocol.py", line 326, in get_return_value
    raise Py4JJavaError(
py4j.protocol.Py4JJavaError: An error occurred while calling o71.collectToPython.
: org.apache.spark.SparkException: Cannot find catalog plugin class for catalog 'spark_catalog': org.apache.spark.sql.delta.catalog.DeltaCatalog.
	at org.apache.spark.sql.errors.QueryExecutionErrors$.catalogPluginClassNotFoundForCatalogError(QueryExecutionErrors.scala:2079)
	at org.apache.spark.sql.connector.catalog.Catalogs$.load(Catalogs.scala:70)
	at org.apache.spark.sql.connector.catalog.CatalogManager.loadV2SessionCatalog(CatalogManager.scala:67)
	at org.apache.spark.sql.connector.catalog.CatalogManager.$anonfun$v2SessionCatalog$2(CatalogManager.scala:86)
	at scala.collection.mutable.HashMap.getOrElseUpdate(HashMap.scala:86)
	at org.apache.spark.sql.connector.catalog.CatalogManager.$anonfun$v2SessionCatalog$1(CatalogManager.scala:86)
	at scala.Option.map(Option.scala:230)
	at org.apache.spark.sql.connector.catalog.CatalogManager.v2SessionCatalog(CatalogManager.scala:85)
	at org.apache.spark.sql.connector.catalog.CatalogManager.catalog(CatalogManager.scala:51)
	at org.apache.spark.sql.connector.catalog.CatalogManager.currentCatalog(CatalogManager.scala:122)
	at org.apache.spark.sql.connector.catalog.CatalogManager.currentNamespace(CatalogManager.scala:93)
	at org.apache.spark.sql.catalyst.optimizer.ReplaceCurrentLike.apply(finishAnalysis.scala:110)
	at org.apache.spark.sql.catalyst.optimizer.ReplaceCurrentLike.apply(finishAnalysis.scala:107)
	at org.apache.spark.sql.catalyst.optimizer.Optimizer$FinishAnalysis$.$anonfun$apply$1(Optimizer.scala:289)
	at scala.collection.LinearSeqOptimized.foldLeft(LinearSeqOptimized.scala:126)
	at scala.collection.LinearSeqOptimized.foldLeft$(LinearSeqOptimized.scala:122)
	at scala.collection.immutable.List.foldLeft(List.scala:91)
	at org.apache.spark.sql.catalyst.optimizer.Optimizer$FinishAnalysis$.apply(Optimizer.scala:289)
	at org.apache.spark.sql.catalyst.optimizer.Optimizer$FinishAnalysis$.apply(Optimizer.scala:271)
	at org.apache.spark.sql.catalyst.rules.RuleExecutor.$anonfun$execute$2(RuleExecutor.scala:222)
	at scala.collection.IndexedSeqOptimized.foldLeft(IndexedSeqOptimized.scala:60)
	at scala.collection.IndexedSeqOptimized.foldLeft$(IndexedSeqOptimized.scala:68)
	at scala.collection.mutable.WrappedArray.foldLeft(WrappedArray.scala:38)
	at org.apache.spark.sql.catalyst.rules.RuleExecutor.$anonfun$execute$1(RuleExecutor.scala:219)
	at org.apache.spark.sql.catalyst.rules.RuleExecutor.$anonfun$execute$1$adapted(RuleExecutor.scala:211)
	at scala.collection.immutable.List.foreach(List.scala:431)
	at org.apache.spark.sql.catalyst.rules.RuleExecutor.execute(RuleExecutor.scala:211)
	at org.apache.spark.sql.catalyst.rules.RuleExecutor.$anonfun$executeAndTrack$1(RuleExecutor.scala:182)
	at org.apache.spark.sql.catalyst.QueryPlanningTracker$.withTracker(QueryPlanningTracker.scala:88)
	at org.apache.spark.sql.catalyst.rules.RuleExecutor.executeAndTrack(RuleExecutor.scala:182)
	at org.apache.spark.sql.execution.QueryExecution.$anonfun$optimizedPlan$1(QueryExecution.scala:143)
	at org.apache.spark.sql.catalyst.QueryPlanningTracker.measurePhase(QueryPlanningTracker.scala:111)
	at org.apache.spark.sql.execution.QueryExecution.$anonfun$executePhase$2(QueryExecution.scala:202)
	at org.apache.spark.sql.execution.QueryExecution$.withInternalError(QueryExecution.scala:526)
	at org.apache.spark.sql.execution.QueryExecution.$anonfun$executePhase$1(QueryExecution.scala:202)
	at org.apache.spark.sql.SparkSession.withActive(SparkSession.scala:827)
	at org.apache.spark.sql.execution.QueryExecution.executePhase(QueryExecution.scala:201)
	at org.apache.spark.sql.execution.QueryExecution.optimizedPlan$lzycompute(QueryExecution.scala:139)
	at org.apache.spark.sql.execution.QueryExecution.optimizedPlan(QueryExecution.scala:135)
	at org.apache.spark.sql.execution.QueryExecution.assertOptimized(QueryExecution.scala:153)
	at org.apache.spark.sql.execution.QueryExecution.executedPlan$lzycompute(QueryExecution.scala:171)
	at org.apache.spark.sql.execution.QueryExecution.executedPlan(QueryExecution.scala:168)
	at org.apache.spark.sql.execution.QueryExecution.simpleString(QueryExecution.scala:221)
	at org.apache.spark.sql.execution.QueryExecution.org$apache$spark$sql$execution$QueryExecution$$explainString(QueryExecution.scala:266)
	at org.apache.spark.sql.execution.QueryExecution.explainString(QueryExecution.scala:235)
	at org.apache.spark.sql.execution.SQLExecution$.$anonfun$withNewExecutionId$6(SQLExecution.scala:112)
	at org.apache.spark.sql.execution.SQLExecution$.withSQLConfPropagated(SQLExecution.scala:195)
	at org.apache.spark.sql.execution.SQLExecution$.$anonfun$withNewExecutionId$1(SQLExecution.scala:103)
	at org.apache.spark.sql.SparkSession.withActive(SparkSession.scala:827)
	at org.apache.spark.sql.execution.SQLExecution$.withNewExecutionId(SQLExecution.scala:65)
	at org.apache.spark.sql.Dataset.withAction(Dataset.scala:4165)
	at org.apache.spark.sql.Dataset.collectToPython(Dataset.scala:3994)
	at sun.reflect.NativeMethodAccessorImpl.invoke0(Native Method)
	at sun.reflect.NativeMethodAccessorImpl.invoke(NativeMethodAccessorImpl.java:62)
	at sun.reflect.DelegatingMethodAccessorImpl.invoke(DelegatingMethodAccessorImpl.java:43)
	at java.lang.reflect.Method.invoke(Method.java:498)
	at py4j.reflection.MethodInvoker.invoke(MethodInvoker.java:244)
	at py4j.reflection.ReflectionEngine.invoke(ReflectionEngine.java:374)
	at py4j.Gateway.invoke(Gateway.java:282)
	at py4j.commands.AbstractCommand.invokeMethod(AbstractCommand.java:132)
	at py4j.commands.CallCommand.execute(CallCommand.java:79)
	at py4j.ClientServerConnection.waitForCommands(ClientServerConnection.java:182)
	at py4j.ClientServerConnection.run(ClientServerConnection.java:106)
	at java.lang.Thread.run(Thread.java:750)
Caused by: java.lang.ClassNotFoundException: org.apache.spark.sql.delta.catalog.DeltaCatalog
	at java.net.URLClassLoader.findClass(URLClassLoader.java:387)
	at java.lang.ClassLoader.loadClass(ClassLoader.java:418)
	at java.lang.ClassLoader.loadClass(ClassLoader.java:351)
	at org.apache.spark.sql.connector.catalog.Catalogs$.load(Catalogs.scala:60)
	... 62 more

[2024-10-13T02:12:53.855-0400] {local_task_job_runner.py:266} INFO - Task exited with return code 1
[2024-10-13T02:12:53.877-0400] {taskinstance.py:3900} INFO - 0 downstream tasks scheduled from follow-on schedule check
[2024-10-13T02:12:53.881-0400] {local_task_job_runner.py:245} INFO - ::endgroup::
