[2024-10-13T18:37:56.023-0400] {local_task_job_runner.py:123} INFO - ::group::Pre task execution logs
[2024-10-13T18:37:56.035-0400] {taskinstance.py:2612} INFO - Dependencies all met for dep_context=non-requeueable deps ti=<TaskInstance: bixi_etl_pipeline.extract_task manual__2024-10-13T22:37:38.384105+00:00 [queued]>
[2024-10-13T18:37:56.042-0400] {taskinstance.py:2612} INFO - Dependencies all met for dep_context=requeueable deps ti=<TaskInstance: bixi_etl_pipeline.extract_task manual__2024-10-13T22:37:38.384105+00:00 [queued]>
[2024-10-13T18:37:56.043-0400] {taskinstance.py:2865} INFO - Starting attempt 1 of 1
[2024-10-13T18:37:56.057-0400] {taskinstance.py:2888} INFO - Executing <Task(PythonOperator): extract_task> on 2024-10-13 22:37:38.384105+00:00
[2024-10-13T18:37:56.067-0400] {standard_task_runner.py:72} INFO - Started process 98641 to run task
[2024-10-13T18:37:56.073-0400] {clientserver.py:543} INFO - Closing down clientserver connection
[2024-10-13T18:37:56.084-0400] {standard_task_runner.py:104} INFO - Running: ['airflow', 'tasks', 'run', 'bixi_etl_pipeline', 'extract_task', 'manual__2024-10-13T22:37:38.384105+00:00', '--job-id', '212', '--raw', '--subdir', 'DAGS_FOLDER/bixi_etl_pipeline.py', '--cfg-path', '/var/folders/bj/4z3t139j7xj2qng4wk4y16ym0000gn/T/tmpv3gt29ym']
[2024-10-13T18:37:56.086-0400] {standard_task_runner.py:105} INFO - Job 212: Subtask extract_task
[2024-10-13T18:37:56.151-0400] {task_command.py:467} INFO - Running <TaskInstance: bixi_etl_pipeline.extract_task manual__2024-10-13T22:37:38.384105+00:00 [running]> on host karendembp.home
[2024-10-13T18:37:56.412-0400] {taskinstance.py:3131} INFO - Exporting env vars: AIRFLOW_CTX_DAG_OWNER='airflow' AIRFLOW_CTX_DAG_ID='bixi_etl_pipeline' AIRFLOW_CTX_TASK_ID='extract_task' AIRFLOW_CTX_EXECUTION_DATE='2024-10-13T22:37:38.384105+00:00' AIRFLOW_CTX_TRY_NUMBER='1' AIRFLOW_CTX_DAG_RUN_ID='manual__2024-10-13T22:37:38.384105+00:00'
[2024-10-13T18:37:56.414-0400] {logging_mixin.py:190} INFO - Task instance is in running state
[2024-10-13T18:37:56.415-0400] {logging_mixin.py:190} INFO -  Previous state of the Task instance: queued
[2024-10-13T18:37:56.416-0400] {logging_mixin.py:190} INFO - Current task name:extract_task state:running start_date:2024-10-13 22:37:56.035682+00:00
[2024-10-13T18:37:56.417-0400] {logging_mixin.py:190} INFO - Dag name:bixi_etl_pipeline and current dag run status:running
[2024-10-13T18:37:56.418-0400] {taskinstance.py:731} INFO - ::endgroup::
[2024-10-13T18:37:56.942-0400] {logging_mixin.py:190} INFO - 1 1728856872
[2024-10-13T18:37:56.943-0400] {logging_mixin.py:190} INFO - 2 1728859036
[2024-10-13T18:37:56.943-0400] {logging_mixin.py:190} INFO - 3 1728859039
[2024-10-13T18:37:56.944-0400] {logging_mixin.py:190} INFO - 4 1728858244
[2024-10-13T18:37:56.945-0400] {logging_mixin.py:190} INFO - 5 1728858511
[2024-10-13T18:37:56.945-0400] {logging_mixin.py:190} INFO - 6 1728858937
[2024-10-13T18:37:56.946-0400] {logging_mixin.py:190} INFO - 7 1728858281
[2024-10-13T18:37:56.947-0400] {logging_mixin.py:190} INFO - 8 1728859006
[2024-10-13T18:37:56.948-0400] {logging_mixin.py:190} INFO - 9 1728858657
[2024-10-13T18:37:56.949-0400] {logging_mixin.py:190} INFO - 10 1728858721
[2024-10-13T18:37:56.950-0400] {logging_mixin.py:190} INFO - 11 1728858674
[2024-10-13T18:37:56.950-0400] {logging_mixin.py:190} INFO - 12 1728857741
[2024-10-13T18:37:56.951-0400] {logging_mixin.py:190} INFO - 13 1728858489
[2024-10-13T18:37:56.952-0400] {logging_mixin.py:190} INFO - 14 1728858362
[2024-10-13T18:37:56.952-0400] {logging_mixin.py:190} INFO - 15 1728858612
[2024-10-13T18:37:56.953-0400] {logging_mixin.py:190} INFO - 16 1728852968
[2024-10-13T18:37:56.954-0400] {logging_mixin.py:190} INFO - 17 1728858934
[2024-10-13T18:37:56.955-0400] {logging_mixin.py:190} INFO - 18 1728859003
[2024-10-13T18:37:56.956-0400] {logging_mixin.py:190} INFO - 19 1728858866
[2024-10-13T18:37:56.957-0400] {logging_mixin.py:190} INFO - 20 1728858743
[2024-10-13T18:37:56.957-0400] {logging_mixin.py:190} INFO - 21 1728858934
[2024-10-13T18:37:56.958-0400] {logging_mixin.py:190} INFO - 22 1728858854
[2024-10-13T18:37:56.958-0400] {logging_mixin.py:190} INFO - 24 1728857768
[2024-10-13T18:37:56.959-0400] {logging_mixin.py:190} INFO - 25 1728859056
[2024-10-13T18:37:56.960-0400] {logging_mixin.py:190} INFO - 26 1728858549
[2024-10-13T18:37:56.961-0400] {logging_mixin.py:190} INFO - 28 1728858883
[2024-10-13T18:37:56.962-0400] {logging_mixin.py:190} INFO - 30 1728857933
[2024-10-13T18:37:56.963-0400] {logging_mixin.py:190} INFO - 31 1728858907
[2024-10-13T18:37:56.964-0400] {logging_mixin.py:190} INFO - 32 1728859043
[2024-10-13T18:37:56.964-0400] {logging_mixin.py:190} INFO - 34 1728858939
[2024-10-13T18:37:56.965-0400] {logging_mixin.py:190} INFO - 35 1728859052
[2024-10-13T18:37:56.965-0400] {logging_mixin.py:190} INFO - 36 1728858993
[2024-10-13T18:37:56.966-0400] {logging_mixin.py:190} INFO - 37 1728859050
[2024-10-13T18:37:56.967-0400] {logging_mixin.py:190} INFO - 38 1728858276
[2024-10-13T18:37:56.967-0400] {logging_mixin.py:190} INFO - 39 1728859009
[2024-10-13T18:37:56.968-0400] {logging_mixin.py:190} INFO - 40 1728858557
[2024-10-13T18:37:56.968-0400] {logging_mixin.py:190} INFO - 41 1728859057
[2024-10-13T18:37:56.969-0400] {logging_mixin.py:190} INFO - 43 1728858814
[2024-10-13T18:37:56.970-0400] {logging_mixin.py:190} INFO - 45 1728858827
[2024-10-13T18:37:56.971-0400] {logging_mixin.py:190} INFO - 46 1728859054
[2024-10-13T18:37:56.972-0400] {logging_mixin.py:190} INFO - 47 1728858249
[2024-10-13T18:37:56.973-0400] {logging_mixin.py:190} INFO - 48 1728857962
[2024-10-13T18:37:56.974-0400] {logging_mixin.py:190} INFO - 49 1728858770
[2024-10-13T18:37:56.975-0400] {logging_mixin.py:190} INFO - 50 1728858997
[2024-10-13T18:37:56.976-0400] {logging_mixin.py:190} INFO - 51 1728858724
[2024-10-13T18:37:56.977-0400] {logging_mixin.py:190} INFO - 52 1728858989
[2024-10-13T18:37:56.978-0400] {logging_mixin.py:190} INFO - 55 1728858860
[2024-10-13T18:37:56.979-0400] {logging_mixin.py:190} INFO - 56 1728858335
[2024-10-13T18:37:56.980-0400] {logging_mixin.py:190} INFO - 57 1728858164
[2024-10-13T18:37:56.981-0400] {logging_mixin.py:190} INFO - 59 1728859004
[2024-10-13T18:37:56.982-0400] {logging_mixin.py:190} INFO - 60 1728857669
[2024-10-13T18:37:56.983-0400] {logging_mixin.py:190} INFO - 61 1728859062
[2024-10-13T18:37:56.984-0400] {logging_mixin.py:190} INFO - 62 1728859056
[2024-10-13T18:37:56.985-0400] {logging_mixin.py:190} INFO - 63 1728858502
[2024-10-13T18:37:56.986-0400] {logging_mixin.py:190} INFO - 64 1728858946
[2024-10-13T18:37:56.987-0400] {logging_mixin.py:190} INFO - 65 1728858281
[2024-10-13T18:37:56.988-0400] {logging_mixin.py:190} INFO - 67 1728858919
[2024-10-13T18:37:56.989-0400] {logging_mixin.py:190} INFO - 68 1728858034
[2024-10-13T18:37:56.990-0400] {logging_mixin.py:190} INFO - 69 1728858940
[2024-10-13T18:37:56.991-0400] {logging_mixin.py:190} INFO - 71 1728858351
[2024-10-13T18:37:56.992-0400] {logging_mixin.py:190} INFO - 72 1728859060
[2024-10-13T18:37:56.993-0400] {logging_mixin.py:190} INFO - 73 1728858413
[2024-10-13T18:37:56.994-0400] {logging_mixin.py:190} INFO - 74 1728857676
[2024-10-13T18:37:56.995-0400] {logging_mixin.py:190} INFO - 75 1728858822
[2024-10-13T18:37:56.995-0400] {logging_mixin.py:190} INFO - 76 1728858135
[2024-10-13T18:37:56.996-0400] {logging_mixin.py:190} INFO - 77 1728858661
[2024-10-13T18:37:56.997-0400] {logging_mixin.py:190} INFO - 78 1728858970
[2024-10-13T18:37:56.997-0400] {logging_mixin.py:190} INFO - 79 1728858878
[2024-10-13T18:37:56.998-0400] {logging_mixin.py:190} INFO - 80 1728858017
[2024-10-13T18:37:56.999-0400] {logging_mixin.py:190} INFO - 81 1728858600
[2024-10-13T18:37:56.999-0400] {logging_mixin.py:190} INFO - 82 1728858296
[2024-10-13T18:37:57.000-0400] {logging_mixin.py:190} INFO - 83 1728858801
[2024-10-13T18:37:57.001-0400] {logging_mixin.py:190} INFO - 84 1728858885
[2024-10-13T18:37:57.002-0400] {logging_mixin.py:190} INFO - 85 1728857446
[2024-10-13T18:37:57.002-0400] {logging_mixin.py:190} INFO - 86 1728858260
[2024-10-13T18:37:57.003-0400] {logging_mixin.py:190} INFO - 87 1728858443
[2024-10-13T18:37:57.004-0400] {logging_mixin.py:190} INFO - 88 1728859062
[2024-10-13T18:37:57.005-0400] {logging_mixin.py:190} INFO - 89 1728858943
[2024-10-13T18:37:57.006-0400] {logging_mixin.py:190} INFO - 91 1728858940
[2024-10-13T18:37:57.007-0400] {logging_mixin.py:190} INFO - 92 1728858665
[2024-10-13T18:37:57.007-0400] {logging_mixin.py:190} INFO - 93 1728855432
[2024-10-13T18:37:57.008-0400] {logging_mixin.py:190} INFO - 94 1728857785
[2024-10-13T18:37:57.009-0400] {logging_mixin.py:190} INFO - 95 1728858593
[2024-10-13T18:37:57.010-0400] {logging_mixin.py:190} INFO - 96 1728859037
[2024-10-13T18:37:57.011-0400] {logging_mixin.py:190} INFO - 97 1728858977
[2024-10-13T18:37:57.012-0400] {logging_mixin.py:190} INFO - 99 1728858657
[2024-10-13T18:37:57.013-0400] {logging_mixin.py:190} INFO - 100 1728858134
[2024-10-13T18:37:57.013-0400] {logging_mixin.py:190} INFO - 101 1728858978
[2024-10-13T18:37:57.015-0400] {logging_mixin.py:190} INFO - 102 1728858592
[2024-10-13T18:37:57.015-0400] {logging_mixin.py:190} INFO - 103 1728858600
[2024-10-13T18:37:57.016-0400] {logging_mixin.py:190} INFO - 105 1728856971
[2024-10-13T18:37:57.017-0400] {logging_mixin.py:190} INFO - 106 1728858213
[2024-10-13T18:37:57.018-0400] {logging_mixin.py:190} INFO - 107 1728858851
[2024-10-13T18:37:57.019-0400] {logging_mixin.py:190} INFO - 108 1728859016
[2024-10-13T18:37:57.020-0400] {logging_mixin.py:190} INFO - 109 1728858963
[2024-10-13T18:37:57.021-0400] {logging_mixin.py:190} INFO - 110 1728858870
[2024-10-13T18:37:57.022-0400] {logging_mixin.py:190} INFO - 111 1728858280
[2024-10-13T18:37:57.023-0400] {logging_mixin.py:190} INFO - 112 1728858926
[2024-10-13T18:37:57.024-0400] {logging_mixin.py:190} INFO - 113 1728858963
[2024-10-13T18:37:57.024-0400] {logging_mixin.py:190} INFO - 114 1728858738
[2024-10-13T18:37:57.026-0400] {logging_mixin.py:190} INFO - 115 1728858971
[2024-10-13T18:37:57.027-0400] {logging_mixin.py:190} INFO - 116 1728859050
[2024-10-13T18:37:57.027-0400] {logging_mixin.py:190} INFO - 118 1728857357
[2024-10-13T18:37:57.028-0400] {logging_mixin.py:190} INFO - 119 1728858734
[2024-10-13T18:37:57.029-0400] {logging_mixin.py:190} INFO - 120 1728859043
[2024-10-13T18:37:57.030-0400] {logging_mixin.py:190} INFO - 121 1728858859
[2024-10-13T18:37:57.031-0400] {logging_mixin.py:190} INFO - 122 1728858858
[2024-10-13T18:37:57.032-0400] {logging_mixin.py:190} INFO - 123 1728858815
[2024-10-13T18:37:57.033-0400] {logging_mixin.py:190} INFO - 124 1728858926
[2024-10-13T18:37:57.033-0400] {logging_mixin.py:190} INFO - 125 1728858569
[2024-10-13T18:37:57.034-0400] {logging_mixin.py:190} INFO - 126 1728858996
[2024-10-13T18:37:57.035-0400] {logging_mixin.py:190} INFO - 127 1728858694
[2024-10-13T18:37:57.036-0400] {logging_mixin.py:190} INFO - 128 1728859064
[2024-10-13T18:37:57.037-0400] {logging_mixin.py:190} INFO - 129 1728857755
[2024-10-13T18:37:57.038-0400] {logging_mixin.py:190} INFO - 131 1728858966
[2024-10-13T18:37:57.038-0400] {logging_mixin.py:190} INFO - 132 1728858284
[2024-10-13T18:37:57.039-0400] {logging_mixin.py:190} INFO - 133 1728858946
[2024-10-13T18:37:57.039-0400] {logging_mixin.py:190} INFO - 134 1728858956
[2024-10-13T18:37:57.040-0400] {logging_mixin.py:190} INFO - 135 1728858707
[2024-10-13T18:37:57.041-0400] {logging_mixin.py:190} INFO - 136 1728858594
[2024-10-13T18:37:57.041-0400] {logging_mixin.py:190} INFO - 137 1728859055
[2024-10-13T18:37:57.042-0400] {logging_mixin.py:190} INFO - 138 1728858119
[2024-10-13T18:37:57.043-0400] {logging_mixin.py:190} INFO - 139 1728858831
[2024-10-13T18:37:57.044-0400] {logging_mixin.py:190} INFO - 140 1728858845
[2024-10-13T18:37:57.044-0400] {logging_mixin.py:190} INFO - 141 1728858527
[2024-10-13T18:37:57.045-0400] {logging_mixin.py:190} INFO - 142 1728859020
[2024-10-13T18:37:57.046-0400] {logging_mixin.py:190} INFO - 143 1728859010
[2024-10-13T18:37:57.046-0400] {logging_mixin.py:190} INFO - 144 1728858974
[2024-10-13T18:37:57.047-0400] {logging_mixin.py:190} INFO - 145 1728859062
[2024-10-13T18:37:57.047-0400] {logging_mixin.py:190} INFO - 146 1728858676
[2024-10-13T18:37:57.048-0400] {logging_mixin.py:190} INFO - 147 1728858593
[2024-10-13T18:37:57.049-0400] {logging_mixin.py:190} INFO - 148 1728858618
[2024-10-13T18:37:57.049-0400] {logging_mixin.py:190} INFO - 149 1728858788
[2024-10-13T18:37:57.050-0400] {logging_mixin.py:190} INFO - 150 1728859020
[2024-10-13T18:37:57.051-0400] {logging_mixin.py:190} INFO - 151 1728858661
[2024-10-13T18:37:57.052-0400] {logging_mixin.py:190} INFO - 152 1728858850
[2024-10-13T18:37:57.053-0400] {logging_mixin.py:190} INFO - 153 1728859016
[2024-10-13T18:37:57.054-0400] {logging_mixin.py:190} INFO - 154 1728858964
[2024-10-13T18:37:57.054-0400] {logging_mixin.py:190} INFO - 155 1728856462
[2024-10-13T18:37:57.055-0400] {logging_mixin.py:190} INFO - 156 1728858345
[2024-10-13T18:37:57.056-0400] {logging_mixin.py:190} INFO - 157 1728859007
[2024-10-13T18:37:57.056-0400] {logging_mixin.py:190} INFO - 158 1728858886
[2024-10-13T18:37:57.057-0400] {logging_mixin.py:190} INFO - 159 1728858875
[2024-10-13T18:37:57.057-0400] {logging_mixin.py:190} INFO - 160 1728858566
[2024-10-13T18:37:57.058-0400] {logging_mixin.py:190} INFO - 161 1728858844
[2024-10-13T18:37:57.059-0400] {logging_mixin.py:190} INFO - 162 1728858828
[2024-10-13T18:37:57.060-0400] {logging_mixin.py:190} INFO - 163 1728859064
[2024-10-13T18:37:57.060-0400] {logging_mixin.py:190} INFO - 164 1728858971
[2024-10-13T18:37:57.061-0400] {logging_mixin.py:190} INFO - 165 1728858747
[2024-10-13T18:37:57.062-0400] {logging_mixin.py:190} INFO - 166 1728858580
[2024-10-13T18:37:57.063-0400] {logging_mixin.py:190} INFO - 167 1728858556
[2024-10-13T18:37:57.063-0400] {logging_mixin.py:190} INFO - 168 1728858947
[2024-10-13T18:37:57.064-0400] {logging_mixin.py:190} INFO - 169 1728858508
[2024-10-13T18:37:57.065-0400] {logging_mixin.py:190} INFO - 170 1728858848
[2024-10-13T18:37:57.066-0400] {logging_mixin.py:190} INFO - 171 1728856715
[2024-10-13T18:37:57.067-0400] {logging_mixin.py:190} INFO - 173 1728858858
[2024-10-13T18:37:57.068-0400] {logging_mixin.py:190} INFO - 174 1728858610
[2024-10-13T18:37:57.069-0400] {logging_mixin.py:190} INFO - 176 1728858737
[2024-10-13T18:37:57.070-0400] {logging_mixin.py:190} INFO - 177 1728857453
[2024-10-13T18:37:57.071-0400] {logging_mixin.py:190} INFO - 178 1728859036
[2024-10-13T18:37:57.071-0400] {logging_mixin.py:190} INFO - 179 1728858240
[2024-10-13T18:37:57.072-0400] {logging_mixin.py:190} INFO - 180 1728857514
[2024-10-13T18:37:57.073-0400] {logging_mixin.py:190} INFO - 181 1728859038
[2024-10-13T18:37:57.074-0400] {logging_mixin.py:190} INFO - 182 1728858868
[2024-10-13T18:37:57.075-0400] {logging_mixin.py:190} INFO - 183 1728858763
[2024-10-13T18:37:57.076-0400] {logging_mixin.py:190} INFO - 184 1728859055
[2024-10-13T18:37:57.076-0400] {logging_mixin.py:190} INFO - 185 1728858762
[2024-10-13T18:37:57.077-0400] {logging_mixin.py:190} INFO - 186 1728858898
[2024-10-13T18:37:57.078-0400] {logging_mixin.py:190} INFO - 187 1728858018
[2024-10-13T18:37:57.078-0400] {logging_mixin.py:190} INFO - 188 1728858916
[2024-10-13T18:37:57.079-0400] {logging_mixin.py:190} INFO - 189 1728857498
[2024-10-13T18:37:57.080-0400] {logging_mixin.py:190} INFO - 190 1728859029
[2024-10-13T18:37:57.080-0400] {logging_mixin.py:190} INFO - 191 1728858994
[2024-10-13T18:37:57.082-0400] {logging_mixin.py:190} INFO - 192 1728858761
[2024-10-13T18:37:57.082-0400] {logging_mixin.py:190} INFO - 193 1728858997
[2024-10-13T18:37:57.083-0400] {logging_mixin.py:190} INFO - 194 1728858446
[2024-10-13T18:37:57.084-0400] {logging_mixin.py:190} INFO - 195 1728858476
[2024-10-13T18:37:57.085-0400] {logging_mixin.py:190} INFO - 196 1728859053
[2024-10-13T18:37:57.086-0400] {logging_mixin.py:190} INFO - 197 1728858988
[2024-10-13T18:37:57.086-0400] {logging_mixin.py:190} INFO - 198 1728858670
[2024-10-13T18:37:57.087-0400] {logging_mixin.py:190} INFO - 199 1728859028
[2024-10-13T18:37:57.088-0400] {logging_mixin.py:190} INFO - 200 1728858954
[2024-10-13T18:37:57.088-0400] {logging_mixin.py:190} INFO - 201 1728858131
[2024-10-13T18:37:57.089-0400] {logging_mixin.py:190} INFO - 202 1728854252
[2024-10-13T18:37:57.090-0400] {logging_mixin.py:190} INFO - 203 1728858880
[2024-10-13T18:37:57.090-0400] {logging_mixin.py:190} INFO - 204 1728858942
[2024-10-13T18:37:57.091-0400] {logging_mixin.py:190} INFO - 205 1728858551
[2024-10-13T18:37:57.092-0400] {logging_mixin.py:190} INFO - 206 1728857605
[2024-10-13T18:37:57.093-0400] {logging_mixin.py:190} INFO - 207 1728859020
[2024-10-13T18:37:57.094-0400] {logging_mixin.py:190} INFO - 208 1728859002
[2024-10-13T18:37:57.095-0400] {logging_mixin.py:190} INFO - 209 1728859049
[2024-10-13T18:37:57.096-0400] {logging_mixin.py:190} INFO - 210 1728858162
[2024-10-13T18:37:57.097-0400] {logging_mixin.py:190} INFO - 211 1728858886
[2024-10-13T18:37:57.098-0400] {logging_mixin.py:190} INFO - 212 1728391856
[2024-10-13T18:37:57.099-0400] {logging_mixin.py:190} INFO - 213 1728858744
[2024-10-13T18:37:57.100-0400] {logging_mixin.py:190} INFO - 214 1728858546
[2024-10-13T18:37:57.100-0400] {logging_mixin.py:190} INFO - 215 1728858789
[2024-10-13T18:37:57.101-0400] {logging_mixin.py:190} INFO - 216 1728858412
[2024-10-13T18:37:57.102-0400] {logging_mixin.py:190} INFO - 217 1728858175
[2024-10-13T18:37:57.102-0400] {logging_mixin.py:190} INFO - 218 1728858948
[2024-10-13T18:37:57.103-0400] {logging_mixin.py:190} INFO - 219 1728858828
[2024-10-13T18:37:57.103-0400] {logging_mixin.py:190} INFO - 220 1728858940
[2024-10-13T18:37:57.104-0400] {logging_mixin.py:190} INFO - 221 1728858519
[2024-10-13T18:37:57.105-0400] {logging_mixin.py:190} INFO - 222 1728858656
[2024-10-13T18:37:57.105-0400] {logging_mixin.py:190} INFO - 223 1728856678
[2024-10-13T18:37:57.106-0400] {logging_mixin.py:190} INFO - 224 1728858371
[2024-10-13T18:37:57.107-0400] {logging_mixin.py:190} INFO - 225 1728856587
[2024-10-13T18:37:57.108-0400] {logging_mixin.py:190} INFO - 226 1728858304
[2024-10-13T18:37:57.109-0400] {logging_mixin.py:190} INFO - 227 1728858902
[2024-10-13T18:37:57.109-0400] {logging_mixin.py:190} INFO - 228 1728858878
[2024-10-13T18:37:57.110-0400] {logging_mixin.py:190} INFO - 229 1728859058
[2024-10-13T18:37:57.111-0400] {logging_mixin.py:190} INFO - 230 1728859050
[2024-10-13T18:37:57.112-0400] {logging_mixin.py:190} INFO - 232 1728858630
[2024-10-13T18:37:57.113-0400] {logging_mixin.py:190} INFO - 233 1728858933
[2024-10-13T18:37:57.114-0400] {logging_mixin.py:190} INFO - 234 1728858246
[2024-10-13T18:37:57.115-0400] {logging_mixin.py:190} INFO - 236 1728858440
[2024-10-13T18:37:57.115-0400] {logging_mixin.py:190} INFO - 237 1728858701
[2024-10-13T18:37:57.116-0400] {logging_mixin.py:190} INFO - 239 1728859028
[2024-10-13T18:37:57.117-0400] {logging_mixin.py:190} INFO - 241 1728858126
[2024-10-13T18:37:57.118-0400] {logging_mixin.py:190} INFO - 242 1728858984
[2024-10-13T18:37:57.118-0400] {logging_mixin.py:190} INFO - 243 1728858812
[2024-10-13T18:37:57.119-0400] {logging_mixin.py:190} INFO - 244 1728859016
[2024-10-13T18:37:57.120-0400] {logging_mixin.py:190} INFO - 245 1728659352
[2024-10-13T18:37:57.120-0400] {logging_mixin.py:190} INFO - 246 1728858661
[2024-10-13T18:37:57.121-0400] {logging_mixin.py:190} INFO - 247 1728858278
[2024-10-13T18:37:57.121-0400] {logging_mixin.py:190} INFO - 248 1728858954
[2024-10-13T18:37:57.122-0400] {logging_mixin.py:190} INFO - 249 1728858998
[2024-10-13T18:37:57.123-0400] {logging_mixin.py:190} INFO - 250 1728858042
[2024-10-13T18:37:57.124-0400] {logging_mixin.py:190} INFO - 251 1728859035
[2024-10-13T18:37:57.125-0400] {logging_mixin.py:190} INFO - 253 1728858866
[2024-10-13T18:37:57.126-0400] {logging_mixin.py:190} INFO - 254 1728858323
[2024-10-13T18:37:57.126-0400] {logging_mixin.py:190} INFO - 255 1728857738
[2024-10-13T18:37:57.127-0400] {logging_mixin.py:190} INFO - 256 1728858845
[2024-10-13T18:37:57.127-0400] {logging_mixin.py:190} INFO - 257 1728858965
[2024-10-13T18:37:57.128-0400] {logging_mixin.py:190} INFO - 258 1728858936
[2024-10-13T18:37:57.129-0400] {logging_mixin.py:190} INFO - 259 1728858594
[2024-10-13T18:37:57.130-0400] {logging_mixin.py:190} INFO - 260 1728858369
[2024-10-13T18:37:57.131-0400] {logging_mixin.py:190} INFO - 261 1728857254
[2024-10-13T18:37:57.132-0400] {logging_mixin.py:190} INFO - 262 1728858457
[2024-10-13T18:37:57.133-0400] {logging_mixin.py:190} INFO - 263 1728858267
[2024-10-13T18:37:57.134-0400] {logging_mixin.py:190} INFO - 264 1728859036
[2024-10-13T18:37:57.135-0400] {logging_mixin.py:190} INFO - 265 1728858935
[2024-10-13T18:37:57.136-0400] {logging_mixin.py:190} INFO - 266 1728858422
[2024-10-13T18:37:57.137-0400] {logging_mixin.py:190} INFO - 267 1728854175
[2024-10-13T18:37:57.138-0400] {logging_mixin.py:190} INFO - 268 1728858024
[2024-10-13T18:37:57.139-0400] {logging_mixin.py:190} INFO - 269 1728858320
[2024-10-13T18:37:57.139-0400] {logging_mixin.py:190} INFO - 270 1728859020
[2024-10-13T18:37:57.140-0400] {logging_mixin.py:190} INFO - 271 1728857159
[2024-10-13T18:37:57.140-0400] {logging_mixin.py:190} INFO - 272 1728856257
[2024-10-13T18:37:57.141-0400] {logging_mixin.py:190} INFO - 273 1728857868
[2024-10-13T18:37:57.142-0400] {logging_mixin.py:190} INFO - 274 1728859034
[2024-10-13T18:37:57.142-0400] {logging_mixin.py:190} INFO - 275 1728858320
[2024-10-13T18:37:57.143-0400] {logging_mixin.py:190} INFO - 276 1728858267
[2024-10-13T18:37:57.143-0400] {logging_mixin.py:190} INFO - 277 1728858763
[2024-10-13T18:37:57.144-0400] {logging_mixin.py:190} INFO - 278 1728857955
[2024-10-13T18:37:57.144-0400] {logging_mixin.py:190} INFO - 279 1728858558
[2024-10-13T18:37:57.145-0400] {logging_mixin.py:190} INFO - 280 1728858426
[2024-10-13T18:37:57.146-0400] {logging_mixin.py:190} INFO - 281 1728857818
[2024-10-13T18:37:57.147-0400] {logging_mixin.py:190} INFO - 282 1728857699
[2024-10-13T18:37:57.147-0400] {logging_mixin.py:190} INFO - 283 1728858862
[2024-10-13T18:37:57.148-0400] {logging_mixin.py:190} INFO - 284 1728857858
[2024-10-13T18:37:57.148-0400] {logging_mixin.py:190} INFO - 285 1728859054
[2024-10-13T18:37:57.149-0400] {logging_mixin.py:190} INFO - 286 1728858883
[2024-10-13T18:37:57.150-0400] {logging_mixin.py:190} INFO - 287 1728858116
[2024-10-13T18:37:57.150-0400] {logging_mixin.py:190} INFO - 288 1728858794
[2024-10-13T18:37:57.151-0400] {logging_mixin.py:190} INFO - 289 1728858921
[2024-10-13T18:37:57.152-0400] {logging_mixin.py:190} INFO - 290 1728858459
[2024-10-13T18:37:57.153-0400] {logging_mixin.py:190} INFO - 291 1728859035
[2024-10-13T18:37:57.153-0400] {logging_mixin.py:190} INFO - 292 1728858886
[2024-10-13T18:37:57.155-0400] {logging_mixin.py:190} INFO - 293 1728858404
[2024-10-13T18:37:57.155-0400] {logging_mixin.py:190} INFO - 294 1728858975
[2024-10-13T18:37:57.156-0400] {logging_mixin.py:190} INFO - 297 1728858534
[2024-10-13T18:37:57.157-0400] {logging_mixin.py:190} INFO - 301 1728858860
[2024-10-13T18:37:57.157-0400] {logging_mixin.py:190} INFO - 302 1728851739
[2024-10-13T18:37:57.158-0400] {logging_mixin.py:190} INFO - 303 1728857064
[2024-10-13T18:37:57.158-0400] {logging_mixin.py:190} INFO - 304 1728857477
[2024-10-13T18:37:57.159-0400] {logging_mixin.py:190} INFO - 305 1728858941
[2024-10-13T18:37:57.159-0400] {logging_mixin.py:190} INFO - 306 1728858814
[2024-10-13T18:37:57.160-0400] {logging_mixin.py:190} INFO - 307 1728858999
[2024-10-13T18:37:57.161-0400] {logging_mixin.py:190} INFO - 308 1728857105
[2024-10-13T18:37:57.162-0400] {logging_mixin.py:190} INFO - 309 1728858013
[2024-10-13T18:37:57.163-0400] {logging_mixin.py:190} INFO - 311 1728857896
[2024-10-13T18:37:57.163-0400] {logging_mixin.py:190} INFO - 312 1728858019
[2024-10-13T18:37:57.164-0400] {logging_mixin.py:190} INFO - 313 1728853123
[2024-10-13T18:37:57.164-0400] {logging_mixin.py:190} INFO - 314 1728858675
[2024-10-13T18:37:57.165-0400] {logging_mixin.py:190} INFO - 315 1728858660
[2024-10-13T18:37:57.166-0400] {logging_mixin.py:190} INFO - 316 1728858990
[2024-10-13T18:37:57.166-0400] {logging_mixin.py:190} INFO - 317 1728858823
[2024-10-13T18:37:57.167-0400] {logging_mixin.py:190} INFO - 318 1728856647
[2024-10-13T18:37:57.168-0400] {logging_mixin.py:190} INFO - 319 1728858755
[2024-10-13T18:37:57.169-0400] {logging_mixin.py:190} INFO - 320 1728858826
[2024-10-13T18:37:57.170-0400] {logging_mixin.py:190} INFO - 321 1728858222
[2024-10-13T18:37:57.170-0400] {logging_mixin.py:190} INFO - 322 1728859039
[2024-10-13T18:37:57.171-0400] {logging_mixin.py:190} INFO - 323 1728858720
[2024-10-13T18:37:57.172-0400] {logging_mixin.py:190} INFO - 324 1728858928
[2024-10-13T18:37:57.172-0400] {logging_mixin.py:190} INFO - 325 1728858984
[2024-10-13T18:37:57.173-0400] {logging_mixin.py:190} INFO - 327 1728858901
[2024-10-13T18:37:57.174-0400] {logging_mixin.py:190} INFO - 328 1728858034
[2024-10-13T18:37:57.174-0400] {logging_mixin.py:190} INFO - 329 1728858973
[2024-10-13T18:37:57.175-0400] {logging_mixin.py:190} INFO - 330 1728858036
[2024-10-13T18:37:57.176-0400] {logging_mixin.py:190} INFO - 331 1728858134
[2024-10-13T18:37:57.176-0400] {logging_mixin.py:190} INFO - 332 1728857735
[2024-10-13T18:37:57.177-0400] {logging_mixin.py:190} INFO - 333 1728858831
[2024-10-13T18:37:57.178-0400] {logging_mixin.py:190} INFO - 334 1728858906
[2024-10-13T18:37:57.178-0400] {logging_mixin.py:190} INFO - 335 1728858832
[2024-10-13T18:37:57.179-0400] {logging_mixin.py:190} INFO - 336 1728858927
[2024-10-13T18:37:57.180-0400] {logging_mixin.py:190} INFO - 337 1728858982
[2024-10-13T18:37:57.180-0400] {logging_mixin.py:190} INFO - 338 1728858793
[2024-10-13T18:37:57.181-0400] {logging_mixin.py:190} INFO - 339 1728858887
[2024-10-13T18:37:57.181-0400] {logging_mixin.py:190} INFO - 340 1728857418
[2024-10-13T18:37:57.182-0400] {logging_mixin.py:190} INFO - 341 1728858921
[2024-10-13T18:37:57.183-0400] {logging_mixin.py:190} INFO - 342 1728857071
[2024-10-13T18:37:57.183-0400] {logging_mixin.py:190} INFO - 343 1728858758
[2024-10-13T18:37:57.184-0400] {logging_mixin.py:190} INFO - 344 1728858160
[2024-10-13T18:37:57.185-0400] {logging_mixin.py:190} INFO - 345 1728858747
[2024-10-13T18:37:57.186-0400] {logging_mixin.py:190} INFO - 346 1728857705
[2024-10-13T18:37:57.187-0400] {logging_mixin.py:190} INFO - 347 1728859002
[2024-10-13T18:37:57.188-0400] {logging_mixin.py:190} INFO - 348 1728858371
[2024-10-13T18:37:57.188-0400] {logging_mixin.py:190} INFO - 349 1728858944
[2024-10-13T18:37:57.189-0400] {logging_mixin.py:190} INFO - 350 1728856440
[2024-10-13T18:37:57.190-0400] {logging_mixin.py:190} INFO - 351 1728857910
[2024-10-13T18:37:57.190-0400] {logging_mixin.py:190} INFO - 355 1728858949
[2024-10-13T18:37:57.191-0400] {logging_mixin.py:190} INFO - 356 1728857711
[2024-10-13T18:37:57.192-0400] {logging_mixin.py:190} INFO - 357 1728665345
[2024-10-13T18:37:57.192-0400] {logging_mixin.py:190} INFO - 358 1728858124
[2024-10-13T18:37:57.193-0400] {logging_mixin.py:190} INFO - 359 1728858380
[2024-10-13T18:37:57.194-0400] {logging_mixin.py:190} INFO - 360 1728858837
[2024-10-13T18:37:57.195-0400] {logging_mixin.py:190} INFO - 361 1728858605
[2024-10-13T18:37:57.195-0400] {logging_mixin.py:190} INFO - 362 1728858418
[2024-10-13T18:37:57.196-0400] {logging_mixin.py:190} INFO - 363 1728858023
[2024-10-13T18:37:57.197-0400] {logging_mixin.py:190} INFO - 364 1728856597
[2024-10-13T18:37:57.198-0400] {logging_mixin.py:190} INFO - 365 1728856693
[2024-10-13T18:37:57.199-0400] {logging_mixin.py:190} INFO - 366 1728858713
[2024-10-13T18:37:57.200-0400] {logging_mixin.py:190} INFO - 367 1728857057
[2024-10-13T18:37:57.201-0400] {logging_mixin.py:190} INFO - 368 1728858962
[2024-10-13T18:37:57.202-0400] {logging_mixin.py:190} INFO - 370 1728859064
[2024-10-13T18:37:57.203-0400] {logging_mixin.py:190} INFO - 371 1728858983
[2024-10-13T18:37:57.204-0400] {logging_mixin.py:190} INFO - 372 1728858952
[2024-10-13T18:37:57.204-0400] {logging_mixin.py:190} INFO - 373 1728858538
[2024-10-13T18:37:57.205-0400] {logging_mixin.py:190} INFO - 374 1728858590
[2024-10-13T18:37:57.206-0400] {logging_mixin.py:190} INFO - 375 1728856302
[2024-10-13T18:37:57.206-0400] {logging_mixin.py:190} INFO - 376 1728859039
[2024-10-13T18:37:57.207-0400] {logging_mixin.py:190} INFO - 377 1728858214
[2024-10-13T18:37:57.207-0400] {logging_mixin.py:190} INFO - 378 1728858000
[2024-10-13T18:37:57.208-0400] {logging_mixin.py:190} INFO - 379 1728857961
[2024-10-13T18:37:57.208-0400] {logging_mixin.py:190} INFO - 380 1728858218
[2024-10-13T18:37:57.210-0400] {logging_mixin.py:190} INFO - 381 1728858950
[2024-10-13T18:37:57.211-0400] {logging_mixin.py:190} INFO - 383 1728856197
[2024-10-13T18:37:57.212-0400] {logging_mixin.py:190} INFO - 384 1728858975
[2024-10-13T18:37:57.213-0400] {logging_mixin.py:190} INFO - 385 1728858438
[2024-10-13T18:37:57.213-0400] {logging_mixin.py:190} INFO - 387 1728858664
[2024-10-13T18:37:57.214-0400] {logging_mixin.py:190} INFO - 388 1728859021
[2024-10-13T18:37:57.215-0400] {logging_mixin.py:190} INFO - 389 1728858867
[2024-10-13T18:37:57.216-0400] {logging_mixin.py:190} INFO - 390 1728857664
[2024-10-13T18:37:57.217-0400] {logging_mixin.py:190} INFO - 391 1728858790
[2024-10-13T18:37:57.218-0400] {logging_mixin.py:190} INFO - 392 1728856451
[2024-10-13T18:37:57.219-0400] {logging_mixin.py:190} INFO - 393 1728858418
[2024-10-13T18:37:57.219-0400] {logging_mixin.py:190} INFO - 394 1728855840
[2024-10-13T18:37:57.220-0400] {logging_mixin.py:190} INFO - 396 1728858542
[2024-10-13T18:37:57.221-0400] {logging_mixin.py:190} INFO - 397 1728858262
[2024-10-13T18:37:57.222-0400] {logging_mixin.py:190} INFO - 399 1728859042
[2024-10-13T18:37:57.222-0400] {logging_mixin.py:190} INFO - 400 1728858870
[2024-10-13T18:37:57.223-0400] {logging_mixin.py:190} INFO - 401 1728859052
[2024-10-13T18:37:57.224-0400] {logging_mixin.py:190} INFO - 403 1728858572
[2024-10-13T18:37:57.225-0400] {logging_mixin.py:190} INFO - 404 1728858829
[2024-10-13T18:37:57.226-0400] {logging_mixin.py:190} INFO - 406 1728857051
[2024-10-13T18:37:57.227-0400] {logging_mixin.py:190} INFO - 407 1728858524
[2024-10-13T18:37:57.227-0400] {logging_mixin.py:190} INFO - 408 1728859041
[2024-10-13T18:37:57.228-0400] {logging_mixin.py:190} INFO - 409 1728858048
[2024-10-13T18:37:57.229-0400] {logging_mixin.py:190} INFO - 413 1728857925
[2024-10-13T18:37:57.230-0400] {logging_mixin.py:190} INFO - 414 1728858977
[2024-10-13T18:37:57.231-0400] {logging_mixin.py:190} INFO - 417 1728858458
[2024-10-13T18:37:57.232-0400] {logging_mixin.py:190} INFO - 418 1728857000
[2024-10-13T18:37:57.233-0400] {logging_mixin.py:190} INFO - 419 1728858539
[2024-10-13T18:37:57.234-0400] {logging_mixin.py:190} INFO - 421 1728858455
[2024-10-13T18:37:57.234-0400] {logging_mixin.py:190} INFO - 422 1728858992
[2024-10-13T18:37:57.235-0400] {logging_mixin.py:190} INFO - 423 1728855897
[2024-10-13T18:37:57.236-0400] {logging_mixin.py:190} INFO - 424 1728858305
[2024-10-13T18:37:57.237-0400] {logging_mixin.py:190} INFO - 425 1728857879
[2024-10-13T18:37:57.238-0400] {logging_mixin.py:190} INFO - 426 1728858991
[2024-10-13T18:37:57.239-0400] {logging_mixin.py:190} INFO - 427 1728857150
[2024-10-13T18:37:57.240-0400] {logging_mixin.py:190} INFO - 428 1728857504
[2024-10-13T18:37:57.241-0400] {logging_mixin.py:190} INFO - 429 1728858776
[2024-10-13T18:37:57.242-0400] {logging_mixin.py:190} INFO - 430 1728858552
[2024-10-13T18:37:57.243-0400] {logging_mixin.py:190} INFO - 431 1728858794
[2024-10-13T18:37:57.243-0400] {logging_mixin.py:190} INFO - 432 1728858992
[2024-10-13T18:37:57.244-0400] {logging_mixin.py:190} INFO - 433 1728856725
[2024-10-13T18:37:57.245-0400] {logging_mixin.py:190} INFO - 437 1728858923
[2024-10-13T18:37:57.245-0400] {logging_mixin.py:190} INFO - 438 1728858969
[2024-10-13T18:37:57.246-0400] {logging_mixin.py:190} INFO - 439 1728859026
[2024-10-13T18:37:57.246-0400] {logging_mixin.py:190} INFO - 440 1728857936
[2024-10-13T18:37:57.247-0400] {logging_mixin.py:190} INFO - 441 1728856193
[2024-10-13T18:37:57.248-0400] {logging_mixin.py:190} INFO - 442 1728859032
[2024-10-13T18:37:57.248-0400] {logging_mixin.py:190} INFO - 443 1728853989
[2024-10-13T18:37:57.249-0400] {logging_mixin.py:190} INFO - 444 1728840483
[2024-10-13T18:37:57.250-0400] {logging_mixin.py:190} INFO - 445 1728853218
[2024-10-13T18:37:57.251-0400] {logging_mixin.py:190} INFO - 446 1728856170
[2024-10-13T18:37:57.252-0400] {logging_mixin.py:190} INFO - 447 1728859022
[2024-10-13T18:37:57.253-0400] {logging_mixin.py:190} INFO - 448 1728854859
[2024-10-13T18:37:57.254-0400] {logging_mixin.py:190} INFO - 452 1728858943
[2024-10-13T18:37:57.255-0400] {logging_mixin.py:190} INFO - 453 1728856859
[2024-10-13T18:37:57.256-0400] {logging_mixin.py:190} INFO - 454 1728859052
[2024-10-13T18:37:57.257-0400] {logging_mixin.py:190} INFO - 455 1728858536
[2024-10-13T18:37:57.257-0400] {logging_mixin.py:190} INFO - 456 1728857558
[2024-10-13T18:37:57.258-0400] {logging_mixin.py:190} INFO - 457 1728859065
[2024-10-13T18:37:57.259-0400] {logging_mixin.py:190} INFO - 458 1728856994
[2024-10-13T18:37:57.260-0400] {logging_mixin.py:190} INFO - 459 1728858557
[2024-10-13T18:37:57.260-0400] {logging_mixin.py:190} INFO - 460 1728857883
[2024-10-13T18:37:57.261-0400] {logging_mixin.py:190} INFO - 461 1728856988
[2024-10-13T18:37:57.261-0400] {logging_mixin.py:190} INFO - 462 1728661129
[2024-10-13T18:37:57.262-0400] {logging_mixin.py:190} INFO - 463 1728858329
[2024-10-13T18:37:57.263-0400] {logging_mixin.py:190} INFO - 464 1728858925
[2024-10-13T18:37:57.264-0400] {logging_mixin.py:190} INFO - 465 1728858797
[2024-10-13T18:37:57.264-0400] {logging_mixin.py:190} INFO - 466 1728858091
[2024-10-13T18:37:57.265-0400] {logging_mixin.py:190} INFO - 467 1728858696
[2024-10-13T18:37:57.266-0400] {logging_mixin.py:190} INFO - 468 1728850964
[2024-10-13T18:37:57.267-0400] {logging_mixin.py:190} INFO - 469 1728857247
[2024-10-13T18:37:57.268-0400] {logging_mixin.py:190} INFO - 470 1728857722
[2024-10-13T18:37:57.269-0400] {logging_mixin.py:190} INFO - 471 1728858777
[2024-10-13T18:37:57.270-0400] {logging_mixin.py:190} INFO - 472 1728857297
[2024-10-13T18:37:57.271-0400] {logging_mixin.py:190} INFO - 473 1728858598
[2024-10-13T18:37:57.271-0400] {logging_mixin.py:190} INFO - 474 1728858803
[2024-10-13T18:37:57.272-0400] {logging_mixin.py:190} INFO - 475 1728858365
[2024-10-13T18:37:57.273-0400] {logging_mixin.py:190} INFO - 476 1728857907
[2024-10-13T18:37:57.273-0400] {logging_mixin.py:190} INFO - 477 1728858790
[2024-10-13T18:37:57.274-0400] {logging_mixin.py:190} INFO - 478 1728858797
[2024-10-13T18:37:57.275-0400] {logging_mixin.py:190} INFO - 479 1728856072
[2024-10-13T18:37:57.276-0400] {logging_mixin.py:190} INFO - 480 1728857480
[2024-10-13T18:37:57.276-0400] {logging_mixin.py:190} INFO - 481 1728859042
[2024-10-13T18:37:57.277-0400] {logging_mixin.py:190} INFO - 482 1728858568
[2024-10-13T18:37:57.278-0400] {logging_mixin.py:190} INFO - 483 1728859043
[2024-10-13T18:37:57.278-0400] {logging_mixin.py:190} INFO - 484 1728857451
[2024-10-13T18:37:57.279-0400] {logging_mixin.py:190} INFO - 485 1728858804
[2024-10-13T18:37:57.279-0400] {logging_mixin.py:190} INFO - 486 1728858011
[2024-10-13T18:37:57.280-0400] {logging_mixin.py:190} INFO - 487 1728858750
[2024-10-13T18:37:57.281-0400] {logging_mixin.py:190} INFO - 489 1728858844
[2024-10-13T18:37:57.281-0400] {logging_mixin.py:190} INFO - 490 1728858746
[2024-10-13T18:37:57.282-0400] {logging_mixin.py:190} INFO - 491 1728857147
[2024-10-13T18:37:57.282-0400] {logging_mixin.py:190} INFO - 492 1728853818
[2024-10-13T18:37:57.283-0400] {logging_mixin.py:190} INFO - 493 1728857095
[2024-10-13T18:37:57.283-0400] {logging_mixin.py:190} INFO - 495 1728857318
[2024-10-13T18:37:57.284-0400] {logging_mixin.py:190} INFO - 496 1728858452
[2024-10-13T18:37:57.285-0400] {logging_mixin.py:190} INFO - 497 1728857893
[2024-10-13T18:37:57.285-0400] {logging_mixin.py:190} INFO - 498 1728858991
[2024-10-13T18:37:57.286-0400] {logging_mixin.py:190} INFO - 499 1728853886
[2024-10-13T18:37:57.287-0400] {logging_mixin.py:190} INFO - 500 1728858940
[2024-10-13T18:37:57.288-0400] {logging_mixin.py:190} INFO - 501 1728857330
[2024-10-13T18:37:57.289-0400] {logging_mixin.py:190} INFO - 502 1728858629
[2024-10-13T18:37:57.290-0400] {logging_mixin.py:190} INFO - 503 1728858590
[2024-10-13T18:37:57.291-0400] {logging_mixin.py:190} INFO - 504 1728858844
[2024-10-13T18:37:57.292-0400] {logging_mixin.py:190} INFO - 505 1728858411
[2024-10-13T18:37:57.293-0400] {logging_mixin.py:190} INFO - 508 1728858974
[2024-10-13T18:37:57.294-0400] {logging_mixin.py:190} INFO - 511 1728858703
[2024-10-13T18:37:57.294-0400] {logging_mixin.py:190} INFO - 512 1728858327
[2024-10-13T18:37:57.295-0400] {logging_mixin.py:190} INFO - 514 1728857487
[2024-10-13T18:37:57.296-0400] {logging_mixin.py:190} INFO - 515 1728856000
[2024-10-13T18:37:57.297-0400] {logging_mixin.py:190} INFO - 516 1728858841
[2024-10-13T18:37:57.298-0400] {logging_mixin.py:190} INFO - 517 1728858561
[2024-10-13T18:37:57.299-0400] {logging_mixin.py:190} INFO - 518 1728858215
[2024-10-13T18:37:57.300-0400] {logging_mixin.py:190} INFO - 519 1728858201
[2024-10-13T18:37:57.300-0400] {logging_mixin.py:190} INFO - 520 1728859043
[2024-10-13T18:37:57.301-0400] {logging_mixin.py:190} INFO - 521 1728858817
[2024-10-13T18:37:57.302-0400] {logging_mixin.py:190} INFO - 522 1728858741
[2024-10-13T18:37:57.302-0400] {logging_mixin.py:190} INFO - 523 1728858341
[2024-10-13T18:37:57.303-0400] {logging_mixin.py:190} INFO - 524 1728859025
[2024-10-13T18:37:57.304-0400] {logging_mixin.py:190} INFO - 525 1728858675
[2024-10-13T18:37:57.304-0400] {logging_mixin.py:190} INFO - 526 1728858768
[2024-10-13T18:37:57.305-0400] {logging_mixin.py:190} INFO - 527 1728858904
[2024-10-13T18:37:57.306-0400] {logging_mixin.py:190} INFO - 528 1728858534
[2024-10-13T18:37:57.307-0400] {logging_mixin.py:190} INFO - 529 1728857463
[2024-10-13T18:37:57.307-0400] {logging_mixin.py:190} INFO - 530 1728858618
[2024-10-13T18:37:57.308-0400] {logging_mixin.py:190} INFO - 531 1728858207
[2024-10-13T18:37:57.308-0400] {logging_mixin.py:190} INFO - 532 1728858146
[2024-10-13T18:37:57.309-0400] {logging_mixin.py:190} INFO - 533 1728858646
[2024-10-13T18:37:57.309-0400] {logging_mixin.py:190} INFO - 534 1728858055
[2024-10-13T18:37:57.310-0400] {logging_mixin.py:190} INFO - 535 1728857941
[2024-10-13T18:37:57.311-0400] {logging_mixin.py:190} INFO - 536 1728857811
[2024-10-13T18:37:57.311-0400] {logging_mixin.py:190} INFO - 537 1728858638
[2024-10-13T18:37:57.312-0400] {logging_mixin.py:190} INFO - 538 1728858909
[2024-10-13T18:37:57.312-0400] {logging_mixin.py:190} INFO - 539 1728858914
[2024-10-13T18:37:57.313-0400] {logging_mixin.py:190} INFO - 540 1728858976
[2024-10-13T18:37:57.314-0400] {logging_mixin.py:190} INFO - 541 1728858545
[2024-10-13T18:37:57.315-0400] {logging_mixin.py:190} INFO - 542 1728858558
[2024-10-13T18:37:57.315-0400] {logging_mixin.py:190} INFO - 543 1728858671
[2024-10-13T18:37:57.316-0400] {logging_mixin.py:190} INFO - 544 1728859034
[2024-10-13T18:37:57.316-0400] {logging_mixin.py:190} INFO - 545 1728858804
[2024-10-13T18:37:57.317-0400] {logging_mixin.py:190} INFO - 546 1728858292
[2024-10-13T18:37:57.318-0400] {logging_mixin.py:190} INFO - 547 1728858793
[2024-10-13T18:37:57.318-0400] {logging_mixin.py:190} INFO - 548 1728858736
[2024-10-13T18:37:57.319-0400] {logging_mixin.py:190} INFO - 549 1728858041
[2024-10-13T18:37:57.319-0400] {logging_mixin.py:190} INFO - 550 1728858376
[2024-10-13T18:37:57.320-0400] {logging_mixin.py:190} INFO - 551 1728858316
[2024-10-13T18:37:57.321-0400] {logging_mixin.py:190} INFO - 552 1728857673
[2024-10-13T18:37:57.322-0400] {logging_mixin.py:190} INFO - 553 1728858180
[2024-10-13T18:37:57.323-0400] {logging_mixin.py:190} INFO - 554 1728857864
[2024-10-13T18:37:57.324-0400] {logging_mixin.py:190} INFO - 555 1728857330
[2024-10-13T18:37:57.325-0400] {logging_mixin.py:190} INFO - 556 1728858789
[2024-10-13T18:37:57.325-0400] {logging_mixin.py:190} INFO - 557 1728858331
[2024-10-13T18:37:57.326-0400] {logging_mixin.py:190} INFO - 558 1728859055
[2024-10-13T18:37:57.326-0400] {logging_mixin.py:190} INFO - 559 1728852098
[2024-10-13T18:37:57.327-0400] {logging_mixin.py:190} INFO - 560 1728858718
[2024-10-13T18:37:57.328-0400] {logging_mixin.py:190} INFO - 561 1728858700
[2024-10-13T18:37:57.328-0400] {logging_mixin.py:190} INFO - 562 1728858471
[2024-10-13T18:37:57.329-0400] {logging_mixin.py:190} INFO - 563 1728858860
[2024-10-13T18:37:57.330-0400] {logging_mixin.py:190} INFO - 564 1728851862
[2024-10-13T18:37:57.330-0400] {logging_mixin.py:190} INFO - 565 1728856485
[2024-10-13T18:37:57.331-0400] {logging_mixin.py:190} INFO - 566 1728858722
[2024-10-13T18:37:57.331-0400] {logging_mixin.py:190} INFO - 567 1728858398
[2024-10-13T18:37:57.332-0400] {logging_mixin.py:190} INFO - 568 1728858815
[2024-10-13T18:37:57.333-0400] {logging_mixin.py:190} INFO - 569 1728858771
[2024-10-13T18:37:57.333-0400] {logging_mixin.py:190} INFO - 570 1728857971
[2024-10-13T18:37:57.334-0400] {logging_mixin.py:190} INFO - 571 1728858824
[2024-10-13T18:37:57.334-0400] {logging_mixin.py:190} INFO - 572 1728857717
[2024-10-13T18:37:57.335-0400] {logging_mixin.py:190} INFO - 573 1728856146
[2024-10-13T18:37:57.336-0400] {logging_mixin.py:190} INFO - 574 1728858824
[2024-10-13T18:37:57.336-0400] {logging_mixin.py:190} INFO - 575 1728857965
[2024-10-13T18:37:57.337-0400] {logging_mixin.py:190} INFO - 576 1728857911
[2024-10-13T18:37:57.337-0400] {logging_mixin.py:190} INFO - 577 1728858206
[2024-10-13T18:37:57.338-0400] {logging_mixin.py:190} INFO - 578 1728858940
[2024-10-13T18:37:57.339-0400] {logging_mixin.py:190} INFO - 579 1728858973
[2024-10-13T18:37:57.339-0400] {logging_mixin.py:190} INFO - 580 1728858455
[2024-10-13T18:37:57.340-0400] {logging_mixin.py:190} INFO - 581 1728858292
[2024-10-13T18:37:57.340-0400] {logging_mixin.py:190} INFO - 582 1728858750
[2024-10-13T18:37:57.341-0400] {logging_mixin.py:190} INFO - 583 1728858926
[2024-10-13T18:37:57.342-0400] {logging_mixin.py:190} INFO - 584 1728858931
[2024-10-13T18:37:57.342-0400] {logging_mixin.py:190} INFO - 585 1728858734
[2024-10-13T18:37:57.343-0400] {logging_mixin.py:190} INFO - 586 1728858441
[2024-10-13T18:37:57.343-0400] {logging_mixin.py:190} INFO - 587 1728854546
[2024-10-13T18:37:57.344-0400] {logging_mixin.py:190} INFO - 588 1728855606
[2024-10-13T18:37:57.344-0400] {logging_mixin.py:190} INFO - 589 1728858231
[2024-10-13T18:37:57.345-0400] {logging_mixin.py:190} INFO - 590 1728858506
[2024-10-13T18:37:57.346-0400] {logging_mixin.py:190} INFO - 591 1728858521
[2024-10-13T18:37:57.346-0400] {logging_mixin.py:190} INFO - 592 1728858574
[2024-10-13T18:37:57.347-0400] {logging_mixin.py:190} INFO - 593 1728858604
[2024-10-13T18:37:57.347-0400] {logging_mixin.py:190} INFO - 594 1728858840
[2024-10-13T18:37:57.348-0400] {logging_mixin.py:190} INFO - 595 1728858832
[2024-10-13T18:37:57.349-0400] {logging_mixin.py:190} INFO - 605 1728858752
[2024-10-13T18:37:57.349-0400] {logging_mixin.py:190} INFO - 606 1728857661
[2024-10-13T18:37:57.350-0400] {logging_mixin.py:190} INFO - 607 1728858922
[2024-10-13T18:37:57.350-0400] {logging_mixin.py:190} INFO - 608 1728858883
[2024-10-13T18:37:57.351-0400] {logging_mixin.py:190} INFO - 609 1728858954
[2024-10-13T18:37:57.352-0400] {logging_mixin.py:190} INFO - 610 1728855952
[2024-10-13T18:37:57.352-0400] {logging_mixin.py:190} INFO - 611 1728859000
[2024-10-13T18:37:57.353-0400] {logging_mixin.py:190} INFO - 612 1728854419
[2024-10-13T18:37:57.354-0400] {logging_mixin.py:190} INFO - 613 1728853870
[2024-10-13T18:37:57.355-0400] {logging_mixin.py:190} INFO - 614 1728856956
[2024-10-13T18:37:57.356-0400] {logging_mixin.py:190} INFO - 617 1728858093
[2024-10-13T18:37:57.357-0400] {logging_mixin.py:190} INFO - 618 1728858150
[2024-10-13T18:37:57.358-0400] {logging_mixin.py:190} INFO - 619 1728858649
[2024-10-13T18:37:57.358-0400] {logging_mixin.py:190} INFO - 620 1728858460
[2024-10-13T18:37:57.359-0400] {logging_mixin.py:190} INFO - 621 1728856463
[2024-10-13T18:37:57.360-0400] {logging_mixin.py:190} INFO - 622 1728857134
[2024-10-13T18:37:57.360-0400] {logging_mixin.py:190} INFO - 623 1728858277
[2024-10-13T18:37:57.361-0400] {logging_mixin.py:190} INFO - 624 1728854326
[2024-10-13T18:37:57.362-0400] {logging_mixin.py:190} INFO - 625 1728858988
[2024-10-13T18:37:57.362-0400] {logging_mixin.py:190} INFO - 626 1728859062
[2024-10-13T18:37:57.363-0400] {logging_mixin.py:190} INFO - 627 1728853073
[2024-10-13T18:37:57.364-0400] {logging_mixin.py:190} INFO - 628 1728858941
[2024-10-13T18:37:57.365-0400] {logging_mixin.py:190} INFO - 629 1728857431
[2024-10-13T18:37:57.366-0400] {logging_mixin.py:190} INFO - 630 1728858408
[2024-10-13T18:37:57.366-0400] {logging_mixin.py:190} INFO - 631 1728858143
[2024-10-13T18:37:57.367-0400] {logging_mixin.py:190} INFO - 632 1728856089
[2024-10-13T18:37:57.368-0400] {logging_mixin.py:190} INFO - 633 1728850624
[2024-10-13T18:37:57.368-0400] {logging_mixin.py:190} INFO - 634 1728857600
[2024-10-13T18:37:57.369-0400] {logging_mixin.py:190} INFO - 635 1728858122
[2024-10-13T18:37:57.369-0400] {logging_mixin.py:190} INFO - 636 1728855842
[2024-10-13T18:37:57.370-0400] {logging_mixin.py:190} INFO - 637 1728846385
[2024-10-13T18:37:57.370-0400] {logging_mixin.py:190} INFO - 638 1728855805
[2024-10-13T18:37:57.371-0400] {logging_mixin.py:190} INFO - 639 1728859006
[2024-10-13T18:37:57.372-0400] {logging_mixin.py:190} INFO - 640 1728858626
[2024-10-13T18:37:57.372-0400] {logging_mixin.py:190} INFO - 641 1728858975
[2024-10-13T18:37:57.373-0400] {logging_mixin.py:190} INFO - 642 1728856952
[2024-10-13T18:37:57.373-0400] {logging_mixin.py:190} INFO - 643 1728858528
[2024-10-13T18:37:57.374-0400] {logging_mixin.py:190} INFO - 644 1728858868
[2024-10-13T18:37:57.375-0400] {logging_mixin.py:190} INFO - 645 1728855258
[2024-10-13T18:37:57.375-0400] {logging_mixin.py:190} INFO - 646 1728858989
[2024-10-13T18:37:57.376-0400] {logging_mixin.py:190} INFO - 647 1728858793
[2024-10-13T18:37:57.376-0400] {logging_mixin.py:190} INFO - 648 1728858769
[2024-10-13T18:37:57.377-0400] {logging_mixin.py:190} INFO - 649 1728857753
[2024-10-13T18:37:57.378-0400] {logging_mixin.py:190} INFO - 650 1728851653
[2024-10-13T18:37:57.378-0400] {logging_mixin.py:190} INFO - 651 1728858823
[2024-10-13T18:37:57.379-0400] {logging_mixin.py:190} INFO - 652 1728855506
[2024-10-13T18:37:57.379-0400] {logging_mixin.py:190} INFO - 653 1728858245
[2024-10-13T18:37:57.380-0400] {logging_mixin.py:190} INFO - 654 1728857964
[2024-10-13T18:37:57.380-0400] {logging_mixin.py:190} INFO - 655 1728853640
[2024-10-13T18:37:57.381-0400] {logging_mixin.py:190} INFO - 656 1728858680
[2024-10-13T18:37:57.382-0400] {logging_mixin.py:190} INFO - 657 1728854324
[2024-10-13T18:37:57.382-0400] {logging_mixin.py:190} INFO - 658 1728858084
[2024-10-13T18:37:57.383-0400] {logging_mixin.py:190} INFO - 659 1728859012
[2024-10-13T18:37:57.383-0400] {logging_mixin.py:190} INFO - 660 1728859061
[2024-10-13T18:37:57.384-0400] {logging_mixin.py:190} INFO - 661 1728858004
[2024-10-13T18:37:57.385-0400] {logging_mixin.py:190} INFO - 662 1728827473
[2024-10-13T18:37:57.385-0400] {logging_mixin.py:190} INFO - 663 1728858776
[2024-10-13T18:37:57.386-0400] {logging_mixin.py:190} INFO - 664 1728857494
[2024-10-13T18:37:57.386-0400] {logging_mixin.py:190} INFO - 665 1728854008
[2024-10-13T18:37:57.387-0400] {logging_mixin.py:190} INFO - 666 1728852528
[2024-10-13T18:37:57.388-0400] {logging_mixin.py:190} INFO - 667 1728858851
[2024-10-13T18:37:57.388-0400] {logging_mixin.py:190} INFO - 668 1728858277
[2024-10-13T18:37:57.389-0400] {logging_mixin.py:190} INFO - 669 1728852449
[2024-10-13T18:37:57.389-0400] {logging_mixin.py:190} INFO - 670 1728858207
[2024-10-13T18:37:57.390-0400] {logging_mixin.py:190} INFO - 671 1728858651
[2024-10-13T18:37:57.390-0400] {logging_mixin.py:190} INFO - 672 1728858317
[2024-10-13T18:37:57.391-0400] {logging_mixin.py:190} INFO - 673 1728856881
[2024-10-13T18:37:57.392-0400] {logging_mixin.py:190} INFO - 674 1728858287
[2024-10-13T18:37:57.392-0400] {logging_mixin.py:190} INFO - 675 1728858854
[2024-10-13T18:37:57.393-0400] {logging_mixin.py:190} INFO - 676 1728858993
[2024-10-13T18:37:57.393-0400] {logging_mixin.py:190} INFO - 681 1728858221
[2024-10-13T18:37:57.394-0400] {logging_mixin.py:190} INFO - 682 1728854077
[2024-10-13T18:37:57.395-0400] {logging_mixin.py:190} INFO - 683 1728841475
[2024-10-13T18:37:57.395-0400] {logging_mixin.py:190} INFO - 684 1728856351
[2024-10-13T18:37:57.396-0400] {logging_mixin.py:190} INFO - 685 1728856310
[2024-10-13T18:37:57.396-0400] {logging_mixin.py:190} INFO - 686 1728843635
[2024-10-13T18:37:57.397-0400] {logging_mixin.py:190} INFO - 687 1728853205
[2024-10-13T18:37:57.398-0400] {logging_mixin.py:190} INFO - 688 1728856620
[2024-10-13T18:37:57.398-0400] {logging_mixin.py:190} INFO - 692 1728859050
[2024-10-13T18:37:57.399-0400] {logging_mixin.py:190} INFO - 693 1728791696
[2024-10-13T18:37:57.399-0400] {logging_mixin.py:190} INFO - 694 1728859022
[2024-10-13T18:37:57.400-0400] {logging_mixin.py:190} INFO - 695 1728859013
[2024-10-13T18:37:57.400-0400] {logging_mixin.py:190} INFO - 696 1728858944
[2024-10-13T18:37:57.401-0400] {logging_mixin.py:190} INFO - 697 1728858981
[2024-10-13T18:37:57.402-0400] {logging_mixin.py:190} INFO - 698 1728858775
[2024-10-13T18:37:57.402-0400] {logging_mixin.py:190} INFO - 699 1728859052
[2024-10-13T18:37:57.403-0400] {logging_mixin.py:190} INFO - 700 1728858903
[2024-10-13T18:37:57.404-0400] {logging_mixin.py:190} INFO - 701 1728858802
[2024-10-13T18:37:57.405-0400] {logging_mixin.py:190} INFO - 702 1728858931
[2024-10-13T18:37:57.405-0400] {logging_mixin.py:190} INFO - 703 1728858939
[2024-10-13T18:37:57.406-0400] {logging_mixin.py:190} INFO - 704 1728858769
[2024-10-13T18:37:57.407-0400] {logging_mixin.py:190} INFO - 705 1728858802
[2024-10-13T18:37:57.408-0400] {logging_mixin.py:190} INFO - 706 1728858838
[2024-10-13T18:37:57.409-0400] {logging_mixin.py:190} INFO - 707 1728858847
[2024-10-13T18:37:57.410-0400] {logging_mixin.py:190} INFO - 708 1728859042
[2024-10-13T18:37:57.410-0400] {logging_mixin.py:190} INFO - 709 1728858916
[2024-10-13T18:37:57.411-0400] {logging_mixin.py:190} INFO - 710 1728858795
[2024-10-13T18:37:57.412-0400] {logging_mixin.py:190} INFO - 711 1728858807
[2024-10-13T18:37:57.413-0400] {logging_mixin.py:190} INFO - 712 1728858960
[2024-10-13T18:37:57.414-0400] {logging_mixin.py:190} INFO - 716 1728858886
[2024-10-13T18:37:57.415-0400] {logging_mixin.py:190} INFO - 717 1728858853
[2024-10-13T18:37:57.416-0400] {logging_mixin.py:190} INFO - 718 1728859030
[2024-10-13T18:37:57.417-0400] {logging_mixin.py:190} INFO - 719 1728859026
[2024-10-13T18:37:57.418-0400] {logging_mixin.py:190} INFO - 720 1728858958
[2024-10-13T18:37:57.419-0400] {logging_mixin.py:190} INFO - 721 1728858965
[2024-10-13T18:37:57.419-0400] {logging_mixin.py:190} INFO - 722 1728859056
[2024-10-13T18:37:57.420-0400] {logging_mixin.py:190} INFO - 723 1728858986
[2024-10-13T18:37:57.421-0400] {logging_mixin.py:190} INFO - 724 1728858924
[2024-10-13T18:37:57.422-0400] {logging_mixin.py:190} INFO - 725 1728859046
[2024-10-13T18:37:57.422-0400] {logging_mixin.py:190} INFO - 726 1728858807
[2024-10-13T18:37:57.423-0400] {logging_mixin.py:190} INFO - 727 1728858872
[2024-10-13T18:37:57.424-0400] {logging_mixin.py:190} INFO - 728 1728858795
[2024-10-13T18:37:57.425-0400] {logging_mixin.py:190} INFO - 729 1728859062
[2024-10-13T18:37:57.425-0400] {logging_mixin.py:190} INFO - 730 1728858907
[2024-10-13T18:37:57.426-0400] {logging_mixin.py:190} INFO - 731 1728858844
[2024-10-13T18:37:57.426-0400] {logging_mixin.py:190} INFO - 732 1728859051
[2024-10-13T18:37:57.427-0400] {logging_mixin.py:190} INFO - 733 1728858917
[2024-10-13T18:37:57.428-0400] {logging_mixin.py:190} INFO - 734 1728859045
[2024-10-13T18:37:57.428-0400] {logging_mixin.py:190} INFO - 735 1728859008
[2024-10-13T18:37:57.429-0400] {logging_mixin.py:190} INFO - 736 1728858954
[2024-10-13T18:37:57.430-0400] {logging_mixin.py:190} INFO - 737 1728858779
[2024-10-13T18:37:57.431-0400] {logging_mixin.py:190} INFO - 738 1728858768
[2024-10-13T18:37:57.431-0400] {logging_mixin.py:190} INFO - 739 1728858976
[2024-10-13T18:37:57.432-0400] {logging_mixin.py:190} INFO - 740 1728858916
[2024-10-13T18:37:57.433-0400] {logging_mixin.py:190} INFO - 741 1728858892
[2024-10-13T18:37:57.434-0400] {logging_mixin.py:190} INFO - 742 1728858894
[2024-10-13T18:37:57.435-0400] {logging_mixin.py:190} INFO - 743 1728858764
[2024-10-13T18:37:57.436-0400] {logging_mixin.py:190} INFO - 744 1728858776
[2024-10-13T18:37:57.436-0400] {logging_mixin.py:190} INFO - 745 1728858862
[2024-10-13T18:37:57.437-0400] {logging_mixin.py:190} INFO - 746 1728858783
[2024-10-13T18:37:57.437-0400] {logging_mixin.py:190} INFO - 747 1728858881
[2024-10-13T18:37:57.438-0400] {logging_mixin.py:190} INFO - 748 1728858995
[2024-10-13T18:37:57.439-0400] {logging_mixin.py:190} INFO - 749 1728858790
[2024-10-13T18:37:57.440-0400] {logging_mixin.py:190} INFO - 750 1728858768
[2024-10-13T18:37:57.441-0400] {logging_mixin.py:190} INFO - 751 1728859029
[2024-10-13T18:37:57.442-0400] {logging_mixin.py:190} INFO - 752 1728859019
[2024-10-13T18:37:57.443-0400] {logging_mixin.py:190} INFO - 753 1728859023
[2024-10-13T18:37:57.444-0400] {logging_mixin.py:190} INFO - 754 1728858911
[2024-10-13T18:37:57.444-0400] {logging_mixin.py:190} INFO - 755 1728858982
[2024-10-13T18:37:57.445-0400] {logging_mixin.py:190} INFO - 756 1728858997
[2024-10-13T18:37:57.446-0400] {logging_mixin.py:190} INFO - 757 1728859049
[2024-10-13T18:37:57.447-0400] {logging_mixin.py:190} INFO - 758 1728859043
[2024-10-13T18:37:57.447-0400] {logging_mixin.py:190} INFO - 759 1728858924
[2024-10-13T18:37:57.448-0400] {logging_mixin.py:190} INFO - 760 1728859040
[2024-10-13T18:37:57.448-0400] {logging_mixin.py:190} INFO - 761 1728858952
[2024-10-13T18:37:57.449-0400] {logging_mixin.py:190} INFO - 762 1728858782
[2024-10-13T18:37:57.450-0400] {logging_mixin.py:190} INFO - 768 1728858926
[2024-10-13T18:37:57.451-0400] {logging_mixin.py:190} INFO - 769 1728859000
[2024-10-13T18:37:57.452-0400] {logging_mixin.py:190} INFO - 770 1728858800
[2024-10-13T18:37:57.453-0400] {logging_mixin.py:190} INFO - 771 1728858929
[2024-10-13T18:37:57.454-0400] {logging_mixin.py:190} INFO - 772 1728859058
[2024-10-13T18:37:57.455-0400] {logging_mixin.py:190} INFO - 773 1728859054
[2024-10-13T18:37:57.456-0400] {logging_mixin.py:190} INFO - 774 1728858819
[2024-10-13T18:37:57.457-0400] {logging_mixin.py:190} INFO - 775 1728858992
[2024-10-13T18:37:57.458-0400] {logging_mixin.py:190} INFO - 776 1728858930
[2024-10-13T18:37:57.459-0400] {logging_mixin.py:190} INFO - 777 1728858987
[2024-10-13T18:37:57.460-0400] {logging_mixin.py:190} INFO - 778 1728858937
[2024-10-13T18:37:57.461-0400] {logging_mixin.py:190} INFO - 779 1728858930
[2024-10-13T18:37:57.461-0400] {logging_mixin.py:190} INFO - 780 1728859038
[2024-10-13T18:37:57.463-0400] {logging_mixin.py:190} INFO - 781 1728859051
[2024-10-13T18:37:57.463-0400] {logging_mixin.py:190} INFO - 782 1728859028
[2024-10-13T18:37:57.464-0400] {logging_mixin.py:190} INFO - 783 1728859016
[2024-10-13T18:37:57.464-0400] {logging_mixin.py:190} INFO - 784 1728858798
[2024-10-13T18:37:57.465-0400] {logging_mixin.py:190} INFO - 785 1728858833
[2024-10-13T18:37:57.466-0400] {logging_mixin.py:190} INFO - 786 1728858839
[2024-10-13T18:37:57.466-0400] {logging_mixin.py:190} INFO - 787 1728859013
[2024-10-13T18:37:57.467-0400] {logging_mixin.py:190} INFO - 788 1728858811
[2024-10-13T18:37:57.468-0400] {logging_mixin.py:190} INFO - 789 1728858965
[2024-10-13T18:37:57.468-0400] {logging_mixin.py:190} INFO - 790 1728858871
[2024-10-13T18:37:57.469-0400] {logging_mixin.py:190} INFO - 791 1728858819
[2024-10-13T18:37:57.469-0400] {logging_mixin.py:190} INFO - 793 1728858775
[2024-10-13T18:37:57.470-0400] {logging_mixin.py:190} INFO - 794 1728858925
[2024-10-13T18:37:57.471-0400] {logging_mixin.py:190} INFO - 795 1728858824
[2024-10-13T18:37:57.471-0400] {logging_mixin.py:190} INFO - 796 1728858948
[2024-10-13T18:37:57.472-0400] {logging_mixin.py:190} INFO - 797 1728858770
[2024-10-13T18:37:57.472-0400] {logging_mixin.py:190} INFO - 798 1728858986
[2024-10-13T18:37:57.473-0400] {logging_mixin.py:190} INFO - 799 1728858776
[2024-10-13T18:37:57.474-0400] {logging_mixin.py:190} INFO - 800 1728858950
[2024-10-13T18:37:57.474-0400] {logging_mixin.py:190} INFO - 801 1728858852
[2024-10-13T18:37:57.475-0400] {logging_mixin.py:190} INFO - 802 1728858894
[2024-10-13T18:37:57.475-0400] {logging_mixin.py:190} INFO - 803 1728858834
[2024-10-13T18:37:57.476-0400] {logging_mixin.py:190} INFO - 806 1728858820
[2024-10-13T18:37:57.476-0400] {logging_mixin.py:190} INFO - 807 1728859018
[2024-10-13T18:37:57.477-0400] {logging_mixin.py:190} INFO - 808 1728858888
[2024-10-13T18:37:57.478-0400] {logging_mixin.py:190} INFO - 809 1728858991
[2024-10-13T18:37:57.478-0400] {logging_mixin.py:190} INFO - 810 1728858857
[2024-10-13T18:37:57.479-0400] {logging_mixin.py:190} INFO - 815 1728859019
[2024-10-13T18:37:57.479-0400] {logging_mixin.py:190} INFO - 816 1728858776
[2024-10-13T18:37:57.480-0400] {logging_mixin.py:190} INFO - 817 1728858965
[2024-10-13T18:37:57.481-0400] {logging_mixin.py:190} INFO - 818 1728858780
[2024-10-13T18:37:57.481-0400] {logging_mixin.py:190} INFO - 819 1728858923
[2024-10-13T18:37:57.482-0400] {logging_mixin.py:190} INFO - 820 1728858941
[2024-10-13T18:37:57.482-0400] {logging_mixin.py:190} INFO - 821 1728859002
[2024-10-13T18:37:57.483-0400] {logging_mixin.py:190} INFO - 822 1728859039
[2024-10-13T18:37:57.484-0400] {logging_mixin.py:190} INFO - 823 1728858790
[2024-10-13T18:37:57.484-0400] {logging_mixin.py:190} INFO - 824 1728858880
[2024-10-13T18:37:57.485-0400] {logging_mixin.py:190} INFO - 825 1728858780
[2024-10-13T18:37:57.485-0400] {logging_mixin.py:190} INFO - 826 1728858898
[2024-10-13T18:37:57.486-0400] {logging_mixin.py:190} INFO - 827 1728857288
[2024-10-13T18:37:57.487-0400] {logging_mixin.py:190} INFO - 828 1728859012
[2024-10-13T18:37:57.487-0400] {logging_mixin.py:190} INFO - 829 1728858930
[2024-10-13T18:37:57.488-0400] {logging_mixin.py:190} INFO - 830 1728858791
[2024-10-13T18:37:57.488-0400] {logging_mixin.py:190} INFO - 831 1728858918
[2024-10-13T18:37:57.489-0400] {logging_mixin.py:190} INFO - 832 1728859015
[2024-10-13T18:37:57.489-0400] {logging_mixin.py:190} INFO - 833 1728858799
[2024-10-13T18:37:57.490-0400] {logging_mixin.py:190} INFO - 834 1728859037
[2024-10-13T18:37:57.491-0400] {logging_mixin.py:190} INFO - 835 1728823460
[2024-10-13T18:37:57.491-0400] {logging_mixin.py:190} INFO - 836 1728858782
[2024-10-13T18:37:57.492-0400] {logging_mixin.py:190} INFO - 837 1728858900
[2024-10-13T18:37:57.492-0400] {logging_mixin.py:190} INFO - 838 1728858802
[2024-10-13T18:37:57.493-0400] {logging_mixin.py:190} INFO - 839 1728859041
[2024-10-13T18:37:57.494-0400] {logging_mixin.py:190} INFO - 840 1728859009
[2024-10-13T18:37:57.494-0400] {logging_mixin.py:190} INFO - 841 1728858962
[2024-10-13T18:37:57.495-0400] {logging_mixin.py:190} INFO - 842 1728858785
[2024-10-13T18:37:57.495-0400] {logging_mixin.py:190} INFO - 843 1728858993
[2024-10-13T18:37:57.496-0400] {logging_mixin.py:190} INFO - 844 1728858829
[2024-10-13T18:37:57.496-0400] {logging_mixin.py:190} INFO - 845 1728859033
[2024-10-13T18:37:57.497-0400] {logging_mixin.py:190} INFO - 846 1728855135
[2024-10-13T18:37:57.498-0400] {logging_mixin.py:190} INFO - 847 1728859018
[2024-10-13T18:37:57.498-0400] {logging_mixin.py:190} INFO - 848 1728858877
[2024-10-13T18:37:57.499-0400] {logging_mixin.py:190} INFO - 849 1728858826
[2024-10-13T18:37:57.499-0400] {logging_mixin.py:190} INFO - 850 1728858941
[2024-10-13T18:37:57.500-0400] {logging_mixin.py:190} INFO - 851 1728858974
[2024-10-13T18:37:57.501-0400] {logging_mixin.py:190} INFO - 852 1728858942
[2024-10-13T18:37:57.501-0400] {logging_mixin.py:190} INFO - 853 1728705308
[2024-10-13T18:37:57.502-0400] {logging_mixin.py:190} INFO - 854 1728858870
[2024-10-13T18:37:57.502-0400] {logging_mixin.py:190} INFO - 855 1728858997
[2024-10-13T18:37:57.503-0400] {logging_mixin.py:190} INFO - 857 1728858929
[2024-10-13T18:37:57.504-0400] {logging_mixin.py:190} INFO - 858 1728858855
[2024-10-13T18:37:57.504-0400] {logging_mixin.py:190} INFO - 859 1728858981
[2024-10-13T18:37:57.505-0400] {logging_mixin.py:190} INFO - 860 1728858943
[2024-10-13T18:37:57.505-0400] {logging_mixin.py:190} INFO - 861 1728858796
[2024-10-13T18:37:57.506-0400] {logging_mixin.py:190} INFO - 862 1728858982
[2024-10-13T18:37:57.506-0400] {logging_mixin.py:190} INFO - 863 1728858876
[2024-10-13T18:37:57.507-0400] {logging_mixin.py:190} INFO - 866 1728858801
[2024-10-13T18:37:57.508-0400] {logging_mixin.py:190} INFO - 867 1728791982
[2024-10-13T18:37:57.508-0400] {logging_mixin.py:190} INFO - 868 1728858807
[2024-10-13T18:37:57.509-0400] {logging_mixin.py:190} INFO - 870 1728859023
[2024-10-13T18:37:57.509-0400] {logging_mixin.py:190} INFO - 871 1728619102
[2024-10-13T18:37:57.510-0400] {logging_mixin.py:190} INFO - 872 1728859009
[2024-10-13T18:37:57.511-0400] {logging_mixin.py:190} INFO - 873 1728859051
[2024-10-13T18:37:57.511-0400] {logging_mixin.py:190} INFO - 874 1728859049
[2024-10-13T18:37:57.512-0400] {logging_mixin.py:190} INFO - 875 1728859054
[2024-10-13T18:37:57.512-0400] {logging_mixin.py:190} INFO - 877 1728858867
[2024-10-13T18:37:57.513-0400] {logging_mixin.py:190} INFO - 878 1728858970
[2024-10-13T18:37:57.514-0400] {logging_mixin.py:190} INFO - 879 1728858882
[2024-10-13T18:37:57.514-0400] {logging_mixin.py:190} INFO - 880 1728858993
[2024-10-13T18:37:57.515-0400] {logging_mixin.py:190} INFO - 881 1728859004
[2024-10-13T18:37:57.515-0400] {logging_mixin.py:190} INFO - 882 1728858849
[2024-10-13T18:37:57.516-0400] {logging_mixin.py:190} INFO - 883 1728858968
[2024-10-13T18:37:57.516-0400] {logging_mixin.py:190} INFO - 884 1728858861
[2024-10-13T18:37:57.517-0400] {logging_mixin.py:190} INFO - 885 1728859062
[2024-10-13T18:37:57.518-0400] {logging_mixin.py:190} INFO - 886 1728858992
[2024-10-13T18:37:57.518-0400] {logging_mixin.py:190} INFO - 887 1728858931
[2024-10-13T18:37:57.519-0400] {logging_mixin.py:190} INFO - 888 1728858885
[2024-10-13T18:37:57.519-0400] {logging_mixin.py:190} INFO - 889 1728858957
[2024-10-13T18:37:57.520-0400] {logging_mixin.py:190} INFO - 890 1728858943
[2024-10-13T18:37:57.521-0400] {logging_mixin.py:190} INFO - 891 1728858906
[2024-10-13T18:37:57.521-0400] {logging_mixin.py:190} INFO - 892 1728858995
[2024-10-13T18:37:57.522-0400] {logging_mixin.py:190} INFO - 895 1728858876
[2024-10-13T18:37:57.523-0400] {logging_mixin.py:190} INFO - 896 1728858879
[2024-10-13T18:37:57.523-0400] {logging_mixin.py:190} INFO - 897 1728858777
[2024-10-13T18:37:57.524-0400] {logging_mixin.py:190} INFO - 898 1728859008
[2024-10-13T18:37:57.525-0400] {logging_mixin.py:190} INFO - 899 1728858945
[2024-10-13T18:37:57.525-0400] {logging_mixin.py:190} INFO - 900 1728858945
[2024-10-13T18:37:57.526-0400] {logging_mixin.py:190} INFO - 901 1728859013
[2024-10-13T18:37:57.526-0400] {logging_mixin.py:190} INFO - 902 1728858898
[2024-10-13T18:37:57.527-0400] {logging_mixin.py:190} INFO - 903 1728858844
[2024-10-13T18:37:57.528-0400] {logging_mixin.py:190} INFO - 904 1728858990
[2024-10-13T18:37:57.528-0400] {logging_mixin.py:190} INFO - 905 1728858879
[2024-10-13T18:37:57.529-0400] {logging_mixin.py:190} INFO - 906 1728858953
[2024-10-13T18:37:57.529-0400] {logging_mixin.py:190} INFO - 907 1728858947
[2024-10-13T18:37:57.530-0400] {logging_mixin.py:190} INFO - 908 1728858982
[2024-10-13T18:37:57.531-0400] {logging_mixin.py:190} INFO - 909 1728858911
[2024-10-13T18:37:57.531-0400] {logging_mixin.py:190} INFO - 910 1728858929
[2024-10-13T18:37:57.532-0400] {logging_mixin.py:190} INFO - 911 1728859035
[2024-10-13T18:37:57.532-0400] {logging_mixin.py:190} INFO - 912 1728858981
[2024-10-13T18:37:57.533-0400] {logging_mixin.py:190} INFO - 913 1728859043
[2024-10-13T18:37:57.533-0400] {logging_mixin.py:190} INFO - 914 1728858952
[2024-10-13T18:37:57.534-0400] {logging_mixin.py:190} INFO - 915 1728859048
[2024-10-13T18:37:57.535-0400] {logging_mixin.py:190} INFO - 916 1728858880
[2024-10-13T18:37:57.535-0400] {logging_mixin.py:190} INFO - 917 1728859039
[2024-10-13T18:37:57.536-0400] {logging_mixin.py:190} INFO - 918 1728858789
[2024-10-13T18:37:57.536-0400] {logging_mixin.py:190} INFO - 919 1728858979
[2024-10-13T18:37:57.537-0400] {logging_mixin.py:190} INFO - 920 1728859014
[2024-10-13T18:37:57.538-0400] {logging_mixin.py:190} INFO - 921 1728858813
[2024-10-13T18:37:57.538-0400] {logging_mixin.py:190} INFO - 922 1728859033
[2024-10-13T18:37:57.539-0400] {logging_mixin.py:190} INFO - 923 1728859002
[2024-10-13T18:37:57.539-0400] {logging_mixin.py:190} INFO - 924 1728858787
[2024-10-13T18:37:57.540-0400] {logging_mixin.py:190} INFO - 925 1728858993
[2024-10-13T18:37:57.541-0400] {logging_mixin.py:190} INFO - 926 1728858783
[2024-10-13T18:37:57.541-0400] {logging_mixin.py:190} INFO - 927 1728858910
[2024-10-13T18:37:57.542-0400] {logging_mixin.py:190} INFO - 928 1728858913
[2024-10-13T18:37:57.542-0400] {logging_mixin.py:190} INFO - 929 1728858979
[2024-10-13T18:37:57.543-0400] {logging_mixin.py:190} INFO - 930 1728858970
[2024-10-13T18:37:57.543-0400] {logging_mixin.py:190} INFO - 931 1728858991
[2024-10-13T18:37:57.544-0400] {logging_mixin.py:190} INFO - 932 1728858988
[2024-10-13T18:37:57.545-0400] {logging_mixin.py:190} INFO - 933 1728858881
[2024-10-13T18:37:57.545-0400] {logging_mixin.py:190} INFO - 934 1728858855
[2024-10-13T18:37:57.546-0400] {logging_mixin.py:190} INFO - 935 1728858912
[2024-10-13T18:37:57.546-0400] {logging_mixin.py:190} INFO - 936 1728858826
[2024-10-13T18:37:57.547-0400] {logging_mixin.py:190} INFO - 940 1728857841
[2024-10-13T18:37:57.548-0400] {logging_mixin.py:190} INFO - 941 1728858800
[2024-10-13T18:37:57.548-0400] {logging_mixin.py:190} INFO - 942 1728858982
[2024-10-13T18:37:57.549-0400] {logging_mixin.py:190} INFO - 943 1728858881
[2024-10-13T18:37:57.549-0400] {logging_mixin.py:190} INFO - 944 1728858858
[2024-10-13T18:37:57.550-0400] {logging_mixin.py:190} INFO - 945 1728858956
[2024-10-13T18:37:57.551-0400] {logging_mixin.py:190} INFO - 946 1728858975
[2024-10-13T18:37:57.551-0400] {logging_mixin.py:190} INFO - 947 1728859008
[2024-10-13T18:37:57.552-0400] {logging_mixin.py:190} INFO - 948 1728858964
[2024-10-13T18:37:57.552-0400] {logging_mixin.py:190} INFO - 949 1728858844
[2024-10-13T18:37:57.553-0400] {logging_mixin.py:190} INFO - 950 1728858770
[2024-10-13T18:37:57.554-0400] {logging_mixin.py:190} INFO - 951 1728858770
[2024-10-13T18:37:57.554-0400] {logging_mixin.py:190} INFO - 952 1728859022
[2024-10-13T18:37:57.555-0400] {logging_mixin.py:190} INFO - 953 1728858912
[2024-10-13T18:37:57.555-0400] {logging_mixin.py:190} INFO - 954 1728859048
[2024-10-13T18:37:57.556-0400] {logging_mixin.py:190} INFO - 955 1728858862
[2024-10-13T18:37:57.556-0400] {logging_mixin.py:190} INFO - 956 1728858857
[2024-10-13T18:37:57.557-0400] {logging_mixin.py:190} INFO - 957 1728858836
[2024-10-13T18:37:57.558-0400] {logging_mixin.py:190} INFO - 958 1728858979
[2024-10-13T18:37:57.558-0400] {logging_mixin.py:190} INFO - 959 1728858797
[2024-10-13T18:37:57.559-0400] {logging_mixin.py:190} INFO - 960 1728859039
[2024-10-13T18:37:57.559-0400] {logging_mixin.py:190} INFO - 961 1728858826
[2024-10-13T18:37:57.560-0400] {logging_mixin.py:190} INFO - 962 1728858805
[2024-10-13T18:37:57.561-0400] {logging_mixin.py:190} INFO - 963 1728858885
[2024-10-13T18:37:57.561-0400] {logging_mixin.py:190} INFO - 964 1728858846
[2024-10-13T18:37:57.562-0400] {logging_mixin.py:190} INFO - 965 1728859010
[2024-10-13T18:37:57.562-0400] {logging_mixin.py:190} INFO - 966 1728859055
[2024-10-13T18:37:57.563-0400] {logging_mixin.py:190} INFO - 967 1728858968
[2024-10-13T18:37:57.564-0400] {logging_mixin.py:190} INFO - 968 1728858989
[2024-10-13T18:37:57.564-0400] {logging_mixin.py:190} INFO - 969 1728858958
[2024-10-13T18:37:57.565-0400] {logging_mixin.py:190} INFO - 970 1728859030
[2024-10-13T18:37:57.565-0400] {logging_mixin.py:190} INFO - 971 1728858850
[2024-10-13T18:37:57.566-0400] {logging_mixin.py:190} INFO - 977 1728858885
[2024-10-13T18:37:57.566-0400] {logging_mixin.py:190} INFO - 978 1728858857
[2024-10-13T18:37:57.567-0400] {logging_mixin.py:190} INFO - 979 1728858856
[2024-10-13T18:37:57.568-0400] {logging_mixin.py:190} INFO - 980 1728858900
[2024-10-13T18:37:57.568-0400] {logging_mixin.py:190} INFO - 981 1728858792
[2024-10-13T18:37:57.569-0400] {logging_mixin.py:190} INFO - 982 1728858797
[2024-10-13T18:37:57.569-0400] {logging_mixin.py:190} INFO - 983 1728858921
[2024-10-13T18:37:57.570-0400] {logging_mixin.py:190} INFO - 984 1728791847
[2024-10-13T18:37:57.571-0400] {logging_mixin.py:190} INFO - 985 1728858898
[2024-10-13T18:37:57.571-0400] {logging_mixin.py:190} INFO - 986 1728858880
[2024-10-13T18:37:57.572-0400] {logging_mixin.py:190} INFO - 987 1728858976
[2024-10-13T18:37:57.572-0400] {logging_mixin.py:190} INFO - 988 1728858888
[2024-10-13T18:37:57.573-0400] {logging_mixin.py:190} INFO - 989 1728859016
[2024-10-13T18:37:57.574-0400] {logging_mixin.py:190} INFO - 990 1727957747
[2024-10-13T18:37:57.574-0400] {logging_mixin.py:190} INFO - 991 1727957013
[2024-10-13T18:37:57.575-0400] {logging_mixin.py:190} INFO - 992 1728791897
[2024-10-13T18:37:57.575-0400] {logging_mixin.py:190} INFO - 993 1728859043
[2024-10-13T18:37:57.576-0400] {logging_mixin.py:190} INFO - 994 86400
[2024-10-13T18:37:57.609-0400] {python.py:240} INFO - Done. Returned value was: None
[2024-10-13T18:37:57.615-0400] {taskinstance.py:340} INFO - ::group::Post task execution logs
[2024-10-13T18:37:57.616-0400] {taskinstance.py:352} INFO - Marking task as SUCCESS. dag_id=bixi_etl_pipeline, task_id=extract_task, run_id=manual__2024-10-13T22:37:38.384105+00:00, execution_date=20241013T223738, start_date=20241013T223756, end_date=20241013T223757
[2024-10-13T18:37:57.625-0400] {logging_mixin.py:190} INFO - Task instance in success state
[2024-10-13T18:37:57.626-0400] {logging_mixin.py:190} INFO -  Previous state of the Task instance: running
[2024-10-13T18:37:57.626-0400] {logging_mixin.py:190} INFO - Dag name:bixi_etl_pipeline queued_at:2024-10-13 22:37:38.428438+00:00
[2024-10-13T18:37:57.627-0400] {logging_mixin.py:190} INFO - Task hostname:karendembp.home operator:PythonOperator
[2024-10-13T18:37:57.667-0400] {local_task_job_runner.py:266} INFO - Task exited with return code 0
[2024-10-13T18:37:57.697-0400] {taskinstance.py:3900} INFO - 1 downstream tasks scheduled from follow-on schedule check
[2024-10-13T18:37:57.699-0400] {local_task_job_runner.py:245} INFO - ::endgroup::
