[2024-10-13T18:05:46.475-0400] {local_task_job_runner.py:123} INFO - ::group::Pre task execution logs
[2024-10-13T18:05:46.490-0400] {taskinstance.py:2612} INFO - Dependencies all met for dep_context=non-requeueable deps ti=<TaskInstance: bixi_etl_pipeline.transform_task manual__2024-10-13T22:05:10.645062+00:00 [queued]>
[2024-10-13T18:05:46.499-0400] {taskinstance.py:2612} INFO - Dependencies all met for dep_context=requeueable deps ti=<TaskInstance: bixi_etl_pipeline.transform_task manual__2024-10-13T22:05:10.645062+00:00 [queued]>
[2024-10-13T18:05:46.500-0400] {taskinstance.py:2865} INFO - Starting attempt 1 of 1
[2024-10-13T18:05:46.516-0400] {taskinstance.py:2888} INFO - Executing <Task(PythonOperator): transform_task> on 2024-10-13 22:05:10.645062+00:00
[2024-10-13T18:05:46.526-0400] {standard_task_runner.py:72} INFO - Started process 88390 to run task
[2024-10-13T18:05:46.533-0400] {clientserver.py:543} INFO - Closing down clientserver connection
[2024-10-13T18:05:46.544-0400] {standard_task_runner.py:104} INFO - Running: ['airflow', 'tasks', 'run', 'bixi_etl_pipeline', 'transform_task', 'manual__2024-10-13T22:05:10.645062+00:00', '--job-id', '198', '--raw', '--subdir', 'DAGS_FOLDER/bixi_etl_pipeline.py', '--cfg-path', '/var/folders/bj/4z3t139j7xj2qng4wk4y16ym0000gn/T/tmpnucgzoj1']
[2024-10-13T18:05:46.545-0400] {standard_task_runner.py:105} INFO - Job 198: Subtask transform_task
[2024-10-13T18:05:46.612-0400] {task_command.py:467} INFO - Running <TaskInstance: bixi_etl_pipeline.transform_task manual__2024-10-13T22:05:10.645062+00:00 [running]> on host karendembp.home
[2024-10-13T18:05:46.907-0400] {taskinstance.py:3131} INFO - Exporting env vars: AIRFLOW_CTX_DAG_OWNER='airflow' AIRFLOW_CTX_DAG_ID='bixi_etl_pipeline' AIRFLOW_CTX_TASK_ID='transform_task' AIRFLOW_CTX_EXECUTION_DATE='2024-10-13T22:05:10.645062+00:00' AIRFLOW_CTX_TRY_NUMBER='1' AIRFLOW_CTX_DAG_RUN_ID='manual__2024-10-13T22:05:10.645062+00:00'
[2024-10-13T18:05:46.909-0400] {logging_mixin.py:190} INFO - Task instance is in running state
[2024-10-13T18:05:46.910-0400] {logging_mixin.py:190} INFO -  Previous state of the Task instance: queued
[2024-10-13T18:05:46.911-0400] {logging_mixin.py:190} INFO - Current task name:transform_task state:running start_date:2024-10-13 22:05:46.490519+00:00
[2024-10-13T18:05:46.912-0400] {logging_mixin.py:190} INFO - Dag name:bixi_etl_pipeline and current dag run status:running
[2024-10-13T18:05:46.913-0400] {taskinstance.py:731} INFO - ::endgroup::
[2024-10-13T18:05:52.773-0400] {taskinstance.py:3310} ERROR - Task failed with exception
Traceback (most recent call last):
  File "/Users/karenwang/anaconda3/envs/airflow_sqlite_env/lib/python3.9/site-packages/airflow/models/taskinstance.py", line 767, in _execute_task
    result = _execute_callable(context=context, **execute_callable_kwargs)
  File "/Users/karenwang/anaconda3/envs/airflow_sqlite_env/lib/python3.9/site-packages/airflow/models/taskinstance.py", line 733, in _execute_callable
    return ExecutionCallableRunner(
  File "/Users/karenwang/anaconda3/envs/airflow_sqlite_env/lib/python3.9/site-packages/airflow/utils/operator_helpers.py", line 252, in run
    return self.func(*args, **kwargs)
  File "/Users/karenwang/anaconda3/envs/airflow_sqlite_env/lib/python3.9/site-packages/airflow/models/baseoperator.py", line 406, in wrapper
    return func(self, *args, **kwargs)
  File "/Users/karenwang/anaconda3/envs/airflow_sqlite_env/lib/python3.9/site-packages/airflow/operators/python.py", line 238, in execute
    return_value = self.execute_callable()
  File "/Users/karenwang/anaconda3/envs/airflow_sqlite_env/lib/python3.9/site-packages/airflow/operators/python.py", line 256, in execute_callable
    return runner.run(*self.op_args, **self.op_kwargs)
  File "/Users/karenwang/anaconda3/envs/airflow_sqlite_env/lib/python3.9/site-packages/airflow/utils/operator_helpers.py", line 252, in run
    return self.func(*args, **kwargs)
  File "/Users/karenwang/airflow/dags/bixi_etl_pipeline.py", line 85, in transform_data
    df_combined = df_combined.withColumn(
  File "/Users/karenwang/anaconda3/envs/airflow_sqlite_env/lib/python3.9/site-packages/pyspark/sql/dataframe.py", line 5176, in withColumn
    return DataFrame(self._jdf.withColumn(colName, col._jc), self.sparkSession)
  File "/Users/karenwang/anaconda3/envs/airflow_sqlite_env/lib/python3.9/site-packages/py4j/java_gateway.py", line 1322, in __call__
    return_value = get_return_value(
  File "/Users/karenwang/anaconda3/envs/airflow_sqlite_env/lib/python3.9/site-packages/pyspark/errors/exceptions/captured.py", line 185, in deco
    raise converted from None
pyspark.errors.exceptions.captured.AnalysisException: [UNRESOLVED_COLUMN.WITH_SUGGESTION] A column or function parameter with name `status_last_reported` cannot be resolved. Did you mean one of the following? [`last_reported`, `status_is_renting`, `status_is_returning`, `status_is_installed`, `status_is_charging`].;
'Project [station_id#11, capacity#0L, eightd_has_key_dispenser#1, electric_bike_surcharge_waiver#2, external_id#3, has_kiosk#4, is_charging#5, lat#6, lon#7, name#8, rental_methods#9, short_name#10, eightd_station_services#12, eightd_has_available_keys#26, status_is_charging#52, status_is_installed#66L, status_is_renting#80L, status_is_returning#94L, from_unixtime(('status_last_reported / 1000), yyyy-MM-dd HH:mm:ss, Some(America/Toronto)) AS last_reported#148, status_num_bikes_available#108L, num_bikes_disabled#33L, num_docks_available#34L, num_docks_disabled#35L, num_ebikes_available#36L, eightd_active_station_services#38]
+- Project [station_id#11, capacity#0L, eightd_has_key_dispenser#1, electric_bike_surcharge_waiver#2, external_id#3, has_kiosk#4, is_charging#5, lat#6, lon#7, name#8, rental_methods#9, short_name#10, eightd_station_services#12, eightd_has_available_keys#26, status_is_charging#52, status_is_installed#66L, status_is_renting#80L, status_is_returning#94L, last_reported#31L, status_num_bikes_available#108L, num_bikes_disabled#33L, num_docks_available#34L, num_docks_disabled#35L, num_ebikes_available#36L, eightd_active_station_services#38]
   +- Join Inner, (station_id#11 = station_id#37)
      :- LogicalRDD [capacity#0L, eightd_has_key_dispenser#1, electric_bike_surcharge_waiver#2, external_id#3, has_kiosk#4, is_charging#5, lat#6, lon#7, name#8, rental_methods#9, short_name#10, station_id#11, eightd_station_services#12], false
      +- Project [eightd_has_available_keys#26, status_is_charging#52, status_is_installed#66L, status_is_renting#80L, status_is_returning#94L, last_reported#31L, num_bikes_available#32L AS status_num_bikes_available#108L, num_bikes_disabled#33L, num_docks_available#34L, num_docks_disabled#35L, num_ebikes_available#36L, station_id#37, eightd_active_station_services#38]
         +- Project [eightd_has_available_keys#26, status_is_charging#52, status_is_installed#66L, status_is_renting#80L, is_returning#30L AS status_is_returning#94L, last_reported#31L, num_bikes_available#32L, num_bikes_disabled#33L, num_docks_available#34L, num_docks_disabled#35L, num_ebikes_available#36L, station_id#37, eightd_active_station_services#38]
            +- Project [eightd_has_available_keys#26, status_is_charging#52, status_is_installed#66L, is_renting#29L AS status_is_renting#80L, is_returning#30L, last_reported#31L, num_bikes_available#32L, num_bikes_disabled#33L, num_docks_available#34L, num_docks_disabled#35L, num_ebikes_available#36L, station_id#37, eightd_active_station_services#38]
               +- Project [eightd_has_available_keys#26, status_is_charging#52, is_installed#28L AS status_is_installed#66L, is_renting#29L, is_returning#30L, last_reported#31L, num_bikes_available#32L, num_bikes_disabled#33L, num_docks_available#34L, num_docks_disabled#35L, num_ebikes_available#36L, station_id#37, eightd_active_station_services#38]
                  +- Project [eightd_has_available_keys#26, is_charging#27 AS status_is_charging#52, is_installed#28L, is_renting#29L, is_returning#30L, last_reported#31L, num_bikes_available#32L, num_bikes_disabled#33L, num_docks_available#34L, num_docks_disabled#35L, num_ebikes_available#36L, station_id#37, eightd_active_station_services#38]
                     +- LogicalRDD [eightd_has_available_keys#26, is_charging#27, is_installed#28L, is_renting#29L, is_returning#30L, last_reported#31L, num_bikes_available#32L, num_bikes_disabled#33L, num_docks_available#34L, num_docks_disabled#35L, num_ebikes_available#36L, station_id#37, eightd_active_station_services#38], false

[2024-10-13T18:05:52.798-0400] {logging_mixin.py:190} INFO - Task instance in failure state
[2024-10-13T18:05:52.800-0400] {logging_mixin.py:190} INFO - Task start:2024-10-13 22:05:46.490519+00:00 end:2024-10-13 22:05:52.798419+00:00 duration:6.3079
[2024-10-13T18:05:52.801-0400] {logging_mixin.py:190} INFO - Task:<Task(PythonOperator): transform_task> dag:<DAG: bixi_etl_pipeline> dagrun:<DagRun bixi_etl_pipeline @ 2024-10-13 22:05:10.645062+00:00: manual__2024-10-13T22:05:10.645062+00:00, state:running, queued_at: 2024-10-13 22:05:10.689954+00:00. externally triggered: True>
[2024-10-13T18:05:52.808-0400] {logging_mixin.py:190} INFO - Failure caused by [UNRESOLVED_COLUMN.WITH_SUGGESTION] A column or function parameter with name `status_last_reported` cannot be resolved. Did you mean one of the following? [`last_reported`, `status_is_renting`, `status_is_returning`, `status_is_installed`, `status_is_charging`].;
'Project [station_id#11, capacity#0L, eightd_has_key_dispenser#1, electric_bike_surcharge_waiver#2, external_id#3, has_kiosk#4, is_charging#5, lat#6, lon#7, name#8, rental_methods#9, short_name#10, eightd_station_services#12, eightd_has_available_keys#26, status_is_charging#52, status_is_installed#66L, status_is_renting#80L, status_is_returning#94L, from_unixtime(('status_last_reported / 1000), yyyy-MM-dd HH:mm:ss, Some(America/Toronto)) AS last_reported#148, status_num_bikes_available#108L, num_bikes_disabled#33L, num_docks_available#34L, num_docks_disabled#35L, num_ebikes_available#36L, eightd_active_station_services#38]
+- Project [station_id#11, capacity#0L, eightd_has_key_dispenser#1, electric_bike_surcharge_waiver#2, external_id#3, has_kiosk#4, is_charging#5, lat#6, lon#7, name#8, rental_methods#9, short_name#10, eightd_station_services#12, eightd_has_available_keys#26, status_is_charging#52, status_is_installed#66L, status_is_renting#80L, status_is_returning#94L, last_reported#31L, status_num_bikes_available#108L, num_bikes_disabled#33L, num_docks_available#34L, num_docks_disabled#35L, num_ebikes_available#36L, eightd_active_station_services#38]
   +- Join Inner, (station_id#11 = station_id#37)
      :- LogicalRDD [capacity#0L, eightd_has_key_dispenser#1, electric_bike_surcharge_waiver#2, external_id#3, has_kiosk#4, is_charging#5, lat#6, lon#7, name#8, rental_methods#9, short_name#10, station_id#11, eightd_station_services#12], false
      +- Project [eightd_has_available_keys#26, status_is_charging#52, status_is_installed#66L, status_is_renting#80L, status_is_returning#94L, last_reported#31L, num_bikes_available#32L AS status_num_bikes_available#108L, num_bikes_disabled#33L, num_docks_available#34L, num_docks_disabled#35L, num_ebikes_available#36L, station_id#37, eightd_active_station_services#38]
         +- Project [eightd_has_available_keys#26, status_is_charging#52, status_is_installed#66L, status_is_renting#80L, is_returning#30L AS status_is_returning#94L, last_reported#31L, num_bikes_available#32L, num_bikes_disabled#33L, num_docks_available#34L, num_docks_disabled#35L, num_ebikes_available#36L, station_id#37, eightd_active_station_services#38]
            +- Project [eightd_has_available_keys#26, status_is_charging#52, status_is_installed#66L, is_renting#29L AS status_is_renting#80L, is_returning#30L, last_reported#31L, num_bikes_available#32L, num_bikes_disabled#33L, num_docks_available#34L, num_docks_disabled#35L, num_ebikes_available#36L, station_id#37, eightd_active_station_services#38]
               +- Project [eightd_has_available_keys#26, status_is_charging#52, is_installed#28L AS status_is_installed#66L, is_renting#29L, is_returning#30L, last_reported#31L, num_bikes_available#32L, num_bikes_disabled#33L, num_docks_available#34L, num_docks_disabled#35L, num_ebikes_available#36L, station_id#37, eightd_active_station_services#38]
                  +- Project [eightd_has_available_keys#26, is_charging#27 AS status_is_charging#52, is_installed#28L, is_renting#29L, is_returning#30L, last_reported#31L, num_bikes_available#32L, num_bikes_disabled#33L, num_docks_available#34L, num_docks_disabled#35L, num_ebikes_available#36L, station_id#37, eightd_active_station_services#38]
                     +- LogicalRDD [eightd_has_available_keys#26, is_charging#27, is_installed#28L, is_renting#29L, is_returning#30L, last_reported#31L, num_bikes_available#32L, num_bikes_disabled#33L, num_docks_available#34L, num_docks_disabled#35L, num_ebikes_available#36L, station_id#37, eightd_active_station_services#38], false
[2024-10-13T18:05:52.811-0400] {taskinstance.py:1225} INFO - Marking task as FAILED. dag_id=bixi_etl_pipeline, task_id=transform_task, run_id=manual__2024-10-13T22:05:10.645062+00:00, execution_date=20241013T220510, start_date=20241013T220546, end_date=20241013T220552
[2024-10-13T18:05:52.830-0400] {taskinstance.py:340} INFO - ::group::Post task execution logs
[2024-10-13T18:05:52.831-0400] {standard_task_runner.py:124} ERROR - Failed to execute job 198 for task transform_task ([UNRESOLVED_COLUMN.WITH_SUGGESTION] A column or function parameter with name `status_last_reported` cannot be resolved. Did you mean one of the following? [`last_reported`, `status_is_renting`, `status_is_returning`, `status_is_installed`, `status_is_charging`].;
'Project [station_id#11, capacity#0L, eightd_has_key_dispenser#1, electric_bike_surcharge_waiver#2, external_id#3, has_kiosk#4, is_charging#5, lat#6, lon#7, name#8, rental_methods#9, short_name#10, eightd_station_services#12, eightd_has_available_keys#26, status_is_charging#52, status_is_installed#66L, status_is_renting#80L, status_is_returning#94L, from_unixtime(('status_last_reported / 1000), yyyy-MM-dd HH:mm:ss, Some(America/Toronto)) AS last_reported#148, status_num_bikes_available#108L, num_bikes_disabled#33L, num_docks_available#34L, num_docks_disabled#35L, num_ebikes_available#36L, eightd_active_station_services#38]
+- Project [station_id#11, capacity#0L, eightd_has_key_dispenser#1, electric_bike_surcharge_waiver#2, external_id#3, has_kiosk#4, is_charging#5, lat#6, lon#7, name#8, rental_methods#9, short_name#10, eightd_station_services#12, eightd_has_available_keys#26, status_is_charging#52, status_is_installed#66L, status_is_renting#80L, status_is_returning#94L, last_reported#31L, status_num_bikes_available#108L, num_bikes_disabled#33L, num_docks_available#34L, num_docks_disabled#35L, num_ebikes_available#36L, eightd_active_station_services#38]
   +- Join Inner, (station_id#11 = station_id#37)
      :- LogicalRDD [capacity#0L, eightd_has_key_dispenser#1, electric_bike_surcharge_waiver#2, external_id#3, has_kiosk#4, is_charging#5, lat#6, lon#7, name#8, rental_methods#9, short_name#10, station_id#11, eightd_station_services#12], false
      +- Project [eightd_has_available_keys#26, status_is_charging#52, status_is_installed#66L, status_is_renting#80L, status_is_returning#94L, last_reported#31L, num_bikes_available#32L AS status_num_bikes_available#108L, num_bikes_disabled#33L, num_docks_available#34L, num_docks_disabled#35L, num_ebikes_available#36L, station_id#37, eightd_active_station_services#38]
         +- Project [eightd_has_available_keys#26, status_is_charging#52, status_is_installed#66L, status_is_renting#80L, is_returning#30L AS status_is_returning#94L, last_reported#31L, num_bikes_available#32L, num_bikes_disabled#33L, num_docks_available#34L, num_docks_disabled#35L, num_ebikes_available#36L, station_id#37, eightd_active_station_services#38]
            +- Project [eightd_has_available_keys#26, status_is_charging#52, status_is_installed#66L, is_renting#29L AS status_is_renting#80L, is_returning#30L, last_reported#31L, num_bikes_available#32L, num_bikes_disabled#33L, num_docks_available#34L, num_docks_disabled#35L, num_ebikes_available#36L, station_id#37, eightd_active_station_services#38]
               +- Project [eightd_has_available_keys#26, status_is_charging#52, is_installed#28L AS status_is_installed#66L, is_renting#29L, is_returning#30L, last_reported#31L, num_bikes_available#32L, num_bikes_disabled#33L, num_docks_available#34L, num_docks_disabled#35L, num_ebikes_available#36L, station_id#37, eightd_active_station_services#38]
                  +- Project [eightd_has_available_keys#26, is_charging#27 AS status_is_charging#52, is_installed#28L, is_renting#29L, is_returning#30L, last_reported#31L, num_bikes_available#32L, num_bikes_disabled#33L, num_docks_available#34L, num_docks_disabled#35L, num_ebikes_available#36L, station_id#37, eightd_active_station_services#38]
                     +- LogicalRDD [eightd_has_available_keys#26, is_charging#27, is_installed#28L, is_renting#29L, is_returning#30L, last_reported#31L, num_bikes_available#32L, num_bikes_disabled#33L, num_docks_available#34L, num_docks_disabled#35L, num_ebikes_available#36L, station_id#37, eightd_active_station_services#38], false
; 88390)
Traceback (most recent call last):
  File "/Users/karenwang/anaconda3/envs/airflow_sqlite_env/lib/python3.9/site-packages/airflow/task/task_runner/standard_task_runner.py", line 117, in _start_by_fork
    ret = args.func(args, dag=self.dag)
  File "/Users/karenwang/anaconda3/envs/airflow_sqlite_env/lib/python3.9/site-packages/airflow/cli/cli_config.py", line 49, in command
    return func(*args, **kwargs)
  File "/Users/karenwang/anaconda3/envs/airflow_sqlite_env/lib/python3.9/site-packages/airflow/utils/cli.py", line 115, in wrapper
    return f(*args, **kwargs)
  File "/Users/karenwang/anaconda3/envs/airflow_sqlite_env/lib/python3.9/site-packages/airflow/cli/commands/task_command.py", line 483, in task_run
    task_return_code = _run_task_by_selected_method(args, _dag, ti)
  File "/Users/karenwang/anaconda3/envs/airflow_sqlite_env/lib/python3.9/site-packages/airflow/cli/commands/task_command.py", line 256, in _run_task_by_selected_method
    return _run_raw_task(args, ti)
  File "/Users/karenwang/anaconda3/envs/airflow_sqlite_env/lib/python3.9/site-packages/airflow/cli/commands/task_command.py", line 341, in _run_raw_task
    return ti._run_raw_task(
  File "/Users/karenwang/anaconda3/envs/airflow_sqlite_env/lib/python3.9/site-packages/airflow/utils/session.py", line 97, in wrapper
    return func(*args, session=session, **kwargs)
  File "/Users/karenwang/anaconda3/envs/airflow_sqlite_env/lib/python3.9/site-packages/airflow/models/taskinstance.py", line 3004, in _run_raw_task
    return _run_raw_task(
  File "/Users/karenwang/anaconda3/envs/airflow_sqlite_env/lib/python3.9/site-packages/airflow/models/taskinstance.py", line 273, in _run_raw_task
    TaskInstance._execute_task_with_callbacks(
  File "/Users/karenwang/anaconda3/envs/airflow_sqlite_env/lib/python3.9/site-packages/airflow/models/taskinstance.py", line 3158, in _execute_task_with_callbacks
    result = self._execute_task(context, task_orig)
  File "/Users/karenwang/anaconda3/envs/airflow_sqlite_env/lib/python3.9/site-packages/airflow/models/taskinstance.py", line 3182, in _execute_task
    return _execute_task(self, context, task_orig)
  File "/Users/karenwang/anaconda3/envs/airflow_sqlite_env/lib/python3.9/site-packages/airflow/models/taskinstance.py", line 767, in _execute_task
    result = _execute_callable(context=context, **execute_callable_kwargs)
  File "/Users/karenwang/anaconda3/envs/airflow_sqlite_env/lib/python3.9/site-packages/airflow/models/taskinstance.py", line 733, in _execute_callable
    return ExecutionCallableRunner(
  File "/Users/karenwang/anaconda3/envs/airflow_sqlite_env/lib/python3.9/site-packages/airflow/utils/operator_helpers.py", line 252, in run
    return self.func(*args, **kwargs)
  File "/Users/karenwang/anaconda3/envs/airflow_sqlite_env/lib/python3.9/site-packages/airflow/models/baseoperator.py", line 406, in wrapper
    return func(self, *args, **kwargs)
  File "/Users/karenwang/anaconda3/envs/airflow_sqlite_env/lib/python3.9/site-packages/airflow/operators/python.py", line 238, in execute
    return_value = self.execute_callable()
  File "/Users/karenwang/anaconda3/envs/airflow_sqlite_env/lib/python3.9/site-packages/airflow/operators/python.py", line 256, in execute_callable
    return runner.run(*self.op_args, **self.op_kwargs)
  File "/Users/karenwang/anaconda3/envs/airflow_sqlite_env/lib/python3.9/site-packages/airflow/utils/operator_helpers.py", line 252, in run
    return self.func(*args, **kwargs)
  File "/Users/karenwang/airflow/dags/bixi_etl_pipeline.py", line 85, in transform_data
    df_combined = df_combined.withColumn(
  File "/Users/karenwang/anaconda3/envs/airflow_sqlite_env/lib/python3.9/site-packages/pyspark/sql/dataframe.py", line 5176, in withColumn
    return DataFrame(self._jdf.withColumn(colName, col._jc), self.sparkSession)
  File "/Users/karenwang/anaconda3/envs/airflow_sqlite_env/lib/python3.9/site-packages/py4j/java_gateway.py", line 1322, in __call__
    return_value = get_return_value(
  File "/Users/karenwang/anaconda3/envs/airflow_sqlite_env/lib/python3.9/site-packages/pyspark/errors/exceptions/captured.py", line 185, in deco
    raise converted from None
pyspark.errors.exceptions.captured.AnalysisException: [UNRESOLVED_COLUMN.WITH_SUGGESTION] A column or function parameter with name `status_last_reported` cannot be resolved. Did you mean one of the following? [`last_reported`, `status_is_renting`, `status_is_returning`, `status_is_installed`, `status_is_charging`].;
'Project [station_id#11, capacity#0L, eightd_has_key_dispenser#1, electric_bike_surcharge_waiver#2, external_id#3, has_kiosk#4, is_charging#5, lat#6, lon#7, name#8, rental_methods#9, short_name#10, eightd_station_services#12, eightd_has_available_keys#26, status_is_charging#52, status_is_installed#66L, status_is_renting#80L, status_is_returning#94L, from_unixtime(('status_last_reported / 1000), yyyy-MM-dd HH:mm:ss, Some(America/Toronto)) AS last_reported#148, status_num_bikes_available#108L, num_bikes_disabled#33L, num_docks_available#34L, num_docks_disabled#35L, num_ebikes_available#36L, eightd_active_station_services#38]
+- Project [station_id#11, capacity#0L, eightd_has_key_dispenser#1, electric_bike_surcharge_waiver#2, external_id#3, has_kiosk#4, is_charging#5, lat#6, lon#7, name#8, rental_methods#9, short_name#10, eightd_station_services#12, eightd_has_available_keys#26, status_is_charging#52, status_is_installed#66L, status_is_renting#80L, status_is_returning#94L, last_reported#31L, status_num_bikes_available#108L, num_bikes_disabled#33L, num_docks_available#34L, num_docks_disabled#35L, num_ebikes_available#36L, eightd_active_station_services#38]
   +- Join Inner, (station_id#11 = station_id#37)
      :- LogicalRDD [capacity#0L, eightd_has_key_dispenser#1, electric_bike_surcharge_waiver#2, external_id#3, has_kiosk#4, is_charging#5, lat#6, lon#7, name#8, rental_methods#9, short_name#10, station_id#11, eightd_station_services#12], false
      +- Project [eightd_has_available_keys#26, status_is_charging#52, status_is_installed#66L, status_is_renting#80L, status_is_returning#94L, last_reported#31L, num_bikes_available#32L AS status_num_bikes_available#108L, num_bikes_disabled#33L, num_docks_available#34L, num_docks_disabled#35L, num_ebikes_available#36L, station_id#37, eightd_active_station_services#38]
         +- Project [eightd_has_available_keys#26, status_is_charging#52, status_is_installed#66L, status_is_renting#80L, is_returning#30L AS status_is_returning#94L, last_reported#31L, num_bikes_available#32L, num_bikes_disabled#33L, num_docks_available#34L, num_docks_disabled#35L, num_ebikes_available#36L, station_id#37, eightd_active_station_services#38]
            +- Project [eightd_has_available_keys#26, status_is_charging#52, status_is_installed#66L, is_renting#29L AS status_is_renting#80L, is_returning#30L, last_reported#31L, num_bikes_available#32L, num_bikes_disabled#33L, num_docks_available#34L, num_docks_disabled#35L, num_ebikes_available#36L, station_id#37, eightd_active_station_services#38]
               +- Project [eightd_has_available_keys#26, status_is_charging#52, is_installed#28L AS status_is_installed#66L, is_renting#29L, is_returning#30L, last_reported#31L, num_bikes_available#32L, num_bikes_disabled#33L, num_docks_available#34L, num_docks_disabled#35L, num_ebikes_available#36L, station_id#37, eightd_active_station_services#38]
                  +- Project [eightd_has_available_keys#26, is_charging#27 AS status_is_charging#52, is_installed#28L, is_renting#29L, is_returning#30L, last_reported#31L, num_bikes_available#32L, num_bikes_disabled#33L, num_docks_available#34L, num_docks_disabled#35L, num_ebikes_available#36L, station_id#37, eightd_active_station_services#38]
                     +- LogicalRDD [eightd_has_available_keys#26, is_charging#27, is_installed#28L, is_renting#29L, is_returning#30L, last_reported#31L, num_bikes_available#32L, num_bikes_disabled#33L, num_docks_available#34L, num_docks_disabled#35L, num_ebikes_available#36L, station_id#37, eightd_active_station_services#38], false

[2024-10-13T18:05:52.894-0400] {local_task_job_runner.py:266} INFO - Task exited with return code 1
[2024-10-13T18:05:52.919-0400] {taskinstance.py:3900} INFO - 0 downstream tasks scheduled from follow-on schedule check
[2024-10-13T18:05:52.925-0400] {local_task_job_runner.py:245} INFO - ::endgroup::
