[2024-10-13T18:12:59.556-0400] {local_task_job_runner.py:123} INFO - ::group::Pre task execution logs
[2024-10-13T18:12:59.573-0400] {taskinstance.py:2612} INFO - Dependencies all met for dep_context=non-requeueable deps ti=<TaskInstance: bixi_etl_pipeline.transform_task manual__2024-10-13T22:12:20.313507+00:00 [queued]>
[2024-10-13T18:12:59.582-0400] {taskinstance.py:2612} INFO - Dependencies all met for dep_context=requeueable deps ti=<TaskInstance: bixi_etl_pipeline.transform_task manual__2024-10-13T22:12:20.313507+00:00 [queued]>
[2024-10-13T18:12:59.583-0400] {taskinstance.py:2865} INFO - Starting attempt 1 of 1
[2024-10-13T18:12:59.605-0400] {taskinstance.py:2888} INFO - Executing <Task(PythonOperator): transform_task> on 2024-10-13 22:12:20.313507+00:00
[2024-10-13T18:12:59.616-0400] {standard_task_runner.py:72} INFO - Started process 90713 to run task
[2024-10-13T18:12:59.623-0400] {clientserver.py:543} INFO - Closing down clientserver connection
[2024-10-13T18:12:59.636-0400] {standard_task_runner.py:104} INFO - Running: ['airflow', 'tasks', 'run', 'bixi_etl_pipeline', 'transform_task', 'manual__2024-10-13T22:12:20.313507+00:00', '--job-id', '203', '--raw', '--subdir', 'DAGS_FOLDER/bixi_etl_pipeline.py', '--cfg-path', '/var/folders/bj/4z3t139j7xj2qng4wk4y16ym0000gn/T/tmp50utjyvo']
[2024-10-13T18:12:59.637-0400] {standard_task_runner.py:105} INFO - Job 203: Subtask transform_task
[2024-10-13T18:12:59.709-0400] {task_command.py:467} INFO - Running <TaskInstance: bixi_etl_pipeline.transform_task manual__2024-10-13T22:12:20.313507+00:00 [running]> on host karendembp.home
[2024-10-13T18:13:00.001-0400] {taskinstance.py:3131} INFO - Exporting env vars: AIRFLOW_CTX_DAG_OWNER='airflow' AIRFLOW_CTX_DAG_ID='bixi_etl_pipeline' AIRFLOW_CTX_TASK_ID='transform_task' AIRFLOW_CTX_EXECUTION_DATE='2024-10-13T22:12:20.313507+00:00' AIRFLOW_CTX_TRY_NUMBER='1' AIRFLOW_CTX_DAG_RUN_ID='manual__2024-10-13T22:12:20.313507+00:00'
[2024-10-13T18:13:00.002-0400] {logging_mixin.py:190} INFO - Task instance is in running state
[2024-10-13T18:13:00.004-0400] {logging_mixin.py:190} INFO -  Previous state of the Task instance: queued
[2024-10-13T18:13:00.005-0400] {logging_mixin.py:190} INFO - Current task name:transform_task state:running start_date:2024-10-13 22:12:59.574129+00:00
[2024-10-13T18:13:00.006-0400] {logging_mixin.py:190} INFO - Dag name:bixi_etl_pipeline and current dag run status:running
[2024-10-13T18:13:00.007-0400] {taskinstance.py:731} INFO - ::endgroup::
[2024-10-13T18:13:04.744-0400] {logging_mixin.py:190} INFO - Station Info Columns: ['capacity', 'eightd_has_key_dispenser', 'electric_bike_surcharge_waiver', 'external_id', 'has_kiosk', 'is_charging', 'lat', 'lon', 'name', 'rental_methods', 'short_name', 'station_id', 'eightd_station_services']
[2024-10-13T18:13:04.745-0400] {logging_mixin.py:190} INFO - Station Status Columns: ['eightd_has_available_keys', 'is_charging', 'is_installed', 'is_renting', 'is_returning', 'last_reported', 'num_bikes_available', 'num_bikes_disabled', 'num_docks_available', 'num_docks_disabled', 'num_ebikes_available', 'station_id', 'eightd_active_station_services']
[2024-10-13T18:13:05.074-0400] {logging_mixin.py:190} INFO - Updated Station Status Columns: ['eightd_has_available_keys', 'status_is_charging', 'status_is_installed', 'status_is_renting', 'status_is_returning', 'status_last_reported', 'status_num_bikes_available', 'num_bikes_disabled', 'num_docks_available', 'num_docks_disabled', 'num_ebikes_available', 'station_id', 'eightd_active_station_services']
[2024-10-13T18:13:13.346-0400] {python.py:240} INFO - Done. Returned value was: None
[2024-10-13T18:13:13.354-0400] {taskinstance.py:340} INFO - ::group::Post task execution logs
[2024-10-13T18:13:13.356-0400] {taskinstance.py:352} INFO - Marking task as SUCCESS. dag_id=bixi_etl_pipeline, task_id=transform_task, run_id=manual__2024-10-13T22:12:20.313507+00:00, execution_date=20241013T221220, start_date=20241013T221259, end_date=20241013T221313
[2024-10-13T18:13:13.368-0400] {logging_mixin.py:190} INFO - Task instance in success state
[2024-10-13T18:13:13.368-0400] {logging_mixin.py:190} INFO -  Previous state of the Task instance: running
[2024-10-13T18:13:13.369-0400] {logging_mixin.py:190} INFO - Dag name:bixi_etl_pipeline queued_at:2024-10-13 22:12:20.353824+00:00
[2024-10-13T18:13:13.370-0400] {logging_mixin.py:190} INFO - Task hostname:karendembp.home operator:PythonOperator
[2024-10-13T18:13:13.415-0400] {local_task_job_runner.py:266} INFO - Task exited with return code 0
[2024-10-13T18:13:13.436-0400] {taskinstance.py:3900} INFO - 1 downstream tasks scheduled from follow-on schedule check
[2024-10-13T18:13:13.438-0400] {local_task_job_runner.py:245} INFO - ::endgroup::
