[2024-10-13T02:35:36.413-0400] {local_task_job_runner.py:123} INFO - ::group::Pre task execution logs
[2024-10-13T02:35:36.434-0400] {taskinstance.py:2612} INFO - Dependencies all met for dep_context=non-requeueable deps ti=<TaskInstance: bixi_etl_pipeline.extract_task scheduled__2024-10-12T00:00:00+00:00 [queued]>
[2024-10-13T02:35:36.441-0400] {taskinstance.py:2612} INFO - Dependencies all met for dep_context=requeueable deps ti=<TaskInstance: bixi_etl_pipeline.extract_task scheduled__2024-10-12T00:00:00+00:00 [queued]>
[2024-10-13T02:35:36.442-0400] {taskinstance.py:2865} INFO - Starting attempt 1 of 1
[2024-10-13T02:35:36.459-0400] {taskinstance.py:2888} INFO - Executing <Task(PythonOperator): extract_task> on 2024-10-12 00:00:00+00:00
[2024-10-13T02:35:36.467-0400] {standard_task_runner.py:72} INFO - Started process 11609 to run task
[2024-10-13T02:35:36.473-0400] {clientserver.py:543} INFO - Closing down clientserver connection
[2024-10-13T02:35:36.484-0400] {standard_task_runner.py:104} INFO - Running: ['airflow', 'tasks', 'run', 'bixi_etl_pipeline', 'extract_task', 'scheduled__2024-10-12T00:00:00+00:00', '--job-id', '151', '--raw', '--subdir', 'DAGS_FOLDER/bixi_etl_pipeline.py', '--cfg-path', '/var/folders/bj/4z3t139j7xj2qng4wk4y16ym0000gn/T/tmpod9rwvgy']
[2024-10-13T02:35:36.486-0400] {standard_task_runner.py:105} INFO - Job 151: Subtask extract_task
[2024-10-13T02:35:36.570-0400] {task_command.py:467} INFO - Running <TaskInstance: bixi_etl_pipeline.extract_task scheduled__2024-10-12T00:00:00+00:00 [running]> on host karendembp.home
[2024-10-13T02:35:36.863-0400] {taskinstance.py:3131} INFO - Exporting env vars: AIRFLOW_CTX_DAG_OWNER='airflow' AIRFLOW_CTX_DAG_ID='bixi_etl_pipeline' AIRFLOW_CTX_TASK_ID='extract_task' AIRFLOW_CTX_EXECUTION_DATE='2024-10-12T00:00:00+00:00' AIRFLOW_CTX_TRY_NUMBER='1' AIRFLOW_CTX_DAG_RUN_ID='scheduled__2024-10-12T00:00:00+00:00'
[2024-10-13T02:35:36.864-0400] {logging_mixin.py:190} INFO - Task instance is in running state
[2024-10-13T02:35:36.866-0400] {logging_mixin.py:190} INFO -  Previous state of the Task instance: queued
[2024-10-13T02:35:36.867-0400] {logging_mixin.py:190} INFO - Current task name:extract_task state:running start_date:2024-10-13 06:35:36.434542+00:00
[2024-10-13T02:35:36.868-0400] {logging_mixin.py:190} INFO - Dag name:bixi_etl_pipeline and current dag run status:running
[2024-10-13T02:35:36.869-0400] {taskinstance.py:731} INFO - ::endgroup::
[2024-10-13T02:35:37.341-0400] {python.py:240} INFO - Done. Returned value was: None
[2024-10-13T02:35:37.350-0400] {taskinstance.py:340} INFO - ::group::Post task execution logs
[2024-10-13T02:35:37.353-0400] {taskinstance.py:352} INFO - Marking task as SUCCESS. dag_id=bixi_etl_pipeline, task_id=extract_task, run_id=scheduled__2024-10-12T00:00:00+00:00, execution_date=20241012T000000, start_date=20241013T063536, end_date=20241013T063537
[2024-10-13T02:35:37.366-0400] {logging_mixin.py:190} INFO - Task instance in success state
[2024-10-13T02:35:37.367-0400] {logging_mixin.py:190} INFO -  Previous state of the Task instance: running
[2024-10-13T02:35:37.368-0400] {logging_mixin.py:190} INFO - Dag name:bixi_etl_pipeline queued_at:2024-10-13 06:35:22.816008+00:00
[2024-10-13T02:35:37.369-0400] {logging_mixin.py:190} INFO - Task hostname:karendembp.home operator:PythonOperator
[2024-10-13T02:35:37.403-0400] {local_task_job_runner.py:266} INFO - Task exited with return code 0
[2024-10-13T02:35:37.447-0400] {taskinstance.py:3900} INFO - 1 downstream tasks scheduled from follow-on schedule check
[2024-10-13T02:35:37.451-0400] {local_task_job_runner.py:245} INFO - ::endgroup::
