[2024-10-13T20:07:26.466-0400] {processor.py:186} INFO - Started process (PID=27409) to work on /Users/karenwang/anaconda3/envs/airflow_sqlite_env/lib/python3.9/site-packages/airflow/example_dags/example_branch_datetime_operator.py
[2024-10-13T20:07:26.468-0400] {processor.py:914} INFO - Processing file /Users/karenwang/anaconda3/envs/airflow_sqlite_env/lib/python3.9/site-packages/airflow/example_dags/example_branch_datetime_operator.py for tasks to queue
[2024-10-13T20:07:26.469-0400] {logging_mixin.py:190} INFO - [2024-10-13T20:07:26.468-0400] {dagbag.py:588} INFO - Filling up the DagBag from /Users/karenwang/anaconda3/envs/airflow_sqlite_env/lib/python3.9/site-packages/airflow/example_dags/example_branch_datetime_operator.py
[2024-10-13T20:07:26.484-0400] {processor.py:925} INFO - DAG(s) 'example_branch_datetime_operator_3', 'example_branch_datetime_operator_2', 'example_branch_datetime_operator' retrieved from /Users/karenwang/anaconda3/envs/airflow_sqlite_env/lib/python3.9/site-packages/airflow/example_dags/example_branch_datetime_operator.py
[2024-10-13T20:07:26.687-0400] {logging_mixin.py:190} INFO - [2024-10-13T20:07:26.686-0400] {dag.py:3239} INFO - Sync 3 DAGs
[2024-10-13T20:07:26.715-0400] {logging_mixin.py:190} INFO - [2024-10-13T20:07:26.714-0400] {dag.py:4180} INFO - Setting next_dagrun for example_branch_datetime_operator to 2024-10-13 00:00:00+00:00, run_after=2024-10-14 00:00:00+00:00
[2024-10-13T20:07:26.720-0400] {logging_mixin.py:190} INFO - [2024-10-13T20:07:26.720-0400] {dag.py:4180} INFO - Setting next_dagrun for example_branch_datetime_operator_2 to 2024-10-13 00:00:00+00:00, run_after=2024-10-14 00:00:00+00:00
[2024-10-13T20:07:26.722-0400] {logging_mixin.py:190} INFO - [2024-10-13T20:07:26.722-0400] {dag.py:4180} INFO - Setting next_dagrun for example_branch_datetime_operator_3 to 2024-10-13 00:00:00+00:00, run_after=2024-10-14 00:00:00+00:00
[2024-10-13T20:07:26.743-0400] {processor.py:208} INFO - Processing /Users/karenwang/anaconda3/envs/airflow_sqlite_env/lib/python3.9/site-packages/airflow/example_dags/example_branch_datetime_operator.py took 0.284 seconds
[2024-10-13T20:15:27.107-0400] {processor.py:186} INFO - Started process (PID=29862) to work on /Users/karenwang/anaconda3/envs/airflow_sqlite_env/lib/python3.9/site-packages/airflow/example_dags/example_branch_datetime_operator.py
[2024-10-13T20:15:27.109-0400] {processor.py:914} INFO - Processing file /Users/karenwang/anaconda3/envs/airflow_sqlite_env/lib/python3.9/site-packages/airflow/example_dags/example_branch_datetime_operator.py for tasks to queue
[2024-10-13T20:15:27.110-0400] {logging_mixin.py:190} INFO - [2024-10-13T20:15:27.110-0400] {dagbag.py:588} INFO - Filling up the DagBag from /Users/karenwang/anaconda3/envs/airflow_sqlite_env/lib/python3.9/site-packages/airflow/example_dags/example_branch_datetime_operator.py
[2024-10-13T20:15:27.129-0400] {processor.py:925} INFO - DAG(s) 'example_branch_datetime_operator_2', 'example_branch_datetime_operator_3', 'example_branch_datetime_operator' retrieved from /Users/karenwang/anaconda3/envs/airflow_sqlite_env/lib/python3.9/site-packages/airflow/example_dags/example_branch_datetime_operator.py
[2024-10-13T20:15:27.360-0400] {logging_mixin.py:190} INFO - [2024-10-13T20:15:27.360-0400] {dag.py:3239} INFO - Sync 3 DAGs
[2024-10-13T20:15:27.391-0400] {logging_mixin.py:190} INFO - [2024-10-13T20:15:27.391-0400] {dag.py:4180} INFO - Setting next_dagrun for example_branch_datetime_operator to 2024-10-13 00:00:00+00:00, run_after=2024-10-14 00:00:00+00:00
[2024-10-13T20:15:27.398-0400] {logging_mixin.py:190} INFO - [2024-10-13T20:15:27.398-0400] {dag.py:4180} INFO - Setting next_dagrun for example_branch_datetime_operator_2 to 2024-10-13 00:00:00+00:00, run_after=2024-10-14 00:00:00+00:00
[2024-10-13T20:15:27.402-0400] {logging_mixin.py:190} INFO - [2024-10-13T20:15:27.402-0400] {dag.py:4180} INFO - Setting next_dagrun for example_branch_datetime_operator_3 to 2024-10-13 00:00:00+00:00, run_after=2024-10-14 00:00:00+00:00
[2024-10-13T20:15:27.420-0400] {processor.py:208} INFO - Processing /Users/karenwang/anaconda3/envs/airflow_sqlite_env/lib/python3.9/site-packages/airflow/example_dags/example_branch_datetime_operator.py took 0.319 seconds
[2024-10-13T20:24:02.474-0400] {processor.py:186} INFO - Started process (PID=32644) to work on /Users/karenwang/anaconda3/envs/airflow_sqlite_env/lib/python3.9/site-packages/airflow/example_dags/example_branch_datetime_operator.py
[2024-10-13T20:24:02.476-0400] {processor.py:914} INFO - Processing file /Users/karenwang/anaconda3/envs/airflow_sqlite_env/lib/python3.9/site-packages/airflow/example_dags/example_branch_datetime_operator.py for tasks to queue
[2024-10-13T20:24:02.477-0400] {logging_mixin.py:190} INFO - [2024-10-13T20:24:02.477-0400] {dagbag.py:588} INFO - Filling up the DagBag from /Users/karenwang/anaconda3/envs/airflow_sqlite_env/lib/python3.9/site-packages/airflow/example_dags/example_branch_datetime_operator.py
[2024-10-13T20:24:02.501-0400] {processor.py:925} INFO - DAG(s) 'example_branch_datetime_operator', 'example_branch_datetime_operator_2', 'example_branch_datetime_operator_3' retrieved from /Users/karenwang/anaconda3/envs/airflow_sqlite_env/lib/python3.9/site-packages/airflow/example_dags/example_branch_datetime_operator.py
[2024-10-13T20:24:02.757-0400] {logging_mixin.py:190} INFO - [2024-10-13T20:24:02.756-0400] {dag.py:3239} INFO - Sync 3 DAGs
[2024-10-13T20:24:02.790-0400] {logging_mixin.py:190} INFO - [2024-10-13T20:24:02.789-0400] {dag.py:4180} INFO - Setting next_dagrun for example_branch_datetime_operator to 2024-10-13 00:00:00+00:00, run_after=2024-10-14 00:00:00+00:00
[2024-10-13T20:24:02.798-0400] {logging_mixin.py:190} INFO - [2024-10-13T20:24:02.798-0400] {dag.py:4180} INFO - Setting next_dagrun for example_branch_datetime_operator_2 to 2024-10-13 00:00:00+00:00, run_after=2024-10-14 00:00:00+00:00
[2024-10-13T20:24:02.801-0400] {logging_mixin.py:190} INFO - [2024-10-13T20:24:02.801-0400] {dag.py:4180} INFO - Setting next_dagrun for example_branch_datetime_operator_3 to 2024-10-13 00:00:00+00:00, run_after=2024-10-14 00:00:00+00:00
[2024-10-13T20:24:02.824-0400] {processor.py:208} INFO - Processing /Users/karenwang/anaconda3/envs/airflow_sqlite_env/lib/python3.9/site-packages/airflow/example_dags/example_branch_datetime_operator.py took 0.356 seconds
[2024-10-13T20:30:18.645-0400] {processor.py:186} INFO - Started process (PID=34795) to work on /Users/karenwang/anaconda3/envs/airflow_sqlite_env/lib/python3.9/site-packages/airflow/example_dags/example_branch_datetime_operator.py
[2024-10-13T20:30:18.646-0400] {processor.py:914} INFO - Processing file /Users/karenwang/anaconda3/envs/airflow_sqlite_env/lib/python3.9/site-packages/airflow/example_dags/example_branch_datetime_operator.py for tasks to queue
[2024-10-13T20:30:18.648-0400] {logging_mixin.py:190} INFO - [2024-10-13T20:30:18.648-0400] {dagbag.py:588} INFO - Filling up the DagBag from /Users/karenwang/anaconda3/envs/airflow_sqlite_env/lib/python3.9/site-packages/airflow/example_dags/example_branch_datetime_operator.py
[2024-10-13T20:30:18.669-0400] {processor.py:925} INFO - DAG(s) 'example_branch_datetime_operator_2', 'example_branch_datetime_operator', 'example_branch_datetime_operator_3' retrieved from /Users/karenwang/anaconda3/envs/airflow_sqlite_env/lib/python3.9/site-packages/airflow/example_dags/example_branch_datetime_operator.py
[2024-10-13T20:30:18.877-0400] {logging_mixin.py:190} INFO - [2024-10-13T20:30:18.877-0400] {dag.py:3239} INFO - Sync 3 DAGs
[2024-10-13T20:30:18.903-0400] {logging_mixin.py:190} INFO - [2024-10-13T20:30:18.903-0400] {dag.py:4180} INFO - Setting next_dagrun for example_branch_datetime_operator to 2024-10-13 00:00:00+00:00, run_after=2024-10-14 00:00:00+00:00
[2024-10-13T20:30:18.910-0400] {logging_mixin.py:190} INFO - [2024-10-13T20:30:18.910-0400] {dag.py:4180} INFO - Setting next_dagrun for example_branch_datetime_operator_2 to 2024-10-13 00:00:00+00:00, run_after=2024-10-14 00:00:00+00:00
[2024-10-13T20:30:18.914-0400] {logging_mixin.py:190} INFO - [2024-10-13T20:30:18.914-0400] {dag.py:4180} INFO - Setting next_dagrun for example_branch_datetime_operator_3 to 2024-10-13 00:00:00+00:00, run_after=2024-10-14 00:00:00+00:00
[2024-10-13T20:30:18.935-0400] {processor.py:208} INFO - Processing /Users/karenwang/anaconda3/envs/airflow_sqlite_env/lib/python3.9/site-packages/airflow/example_dags/example_branch_datetime_operator.py took 0.296 seconds
[2024-10-13T20:37:38.357-0400] {processor.py:186} INFO - Started process (PID=37087) to work on /Users/karenwang/anaconda3/envs/airflow_sqlite_env/lib/python3.9/site-packages/airflow/example_dags/example_branch_datetime_operator.py
[2024-10-13T20:37:38.358-0400] {processor.py:914} INFO - Processing file /Users/karenwang/anaconda3/envs/airflow_sqlite_env/lib/python3.9/site-packages/airflow/example_dags/example_branch_datetime_operator.py for tasks to queue
[2024-10-13T20:37:38.360-0400] {logging_mixin.py:190} INFO - [2024-10-13T20:37:38.359-0400] {dagbag.py:588} INFO - Filling up the DagBag from /Users/karenwang/anaconda3/envs/airflow_sqlite_env/lib/python3.9/site-packages/airflow/example_dags/example_branch_datetime_operator.py
[2024-10-13T20:37:38.383-0400] {processor.py:925} INFO - DAG(s) 'example_branch_datetime_operator_3', 'example_branch_datetime_operator', 'example_branch_datetime_operator_2' retrieved from /Users/karenwang/anaconda3/envs/airflow_sqlite_env/lib/python3.9/site-packages/airflow/example_dags/example_branch_datetime_operator.py
[2024-10-13T20:37:38.598-0400] {logging_mixin.py:190} INFO - [2024-10-13T20:37:38.597-0400] {dag.py:3239} INFO - Sync 3 DAGs
[2024-10-13T20:37:38.628-0400] {logging_mixin.py:190} INFO - [2024-10-13T20:37:38.627-0400] {dag.py:4180} INFO - Setting next_dagrun for example_branch_datetime_operator to 2024-10-13 00:00:00+00:00, run_after=2024-10-14 00:00:00+00:00
[2024-10-13T20:37:38.635-0400] {logging_mixin.py:190} INFO - [2024-10-13T20:37:38.635-0400] {dag.py:4180} INFO - Setting next_dagrun for example_branch_datetime_operator_2 to 2024-10-13 00:00:00+00:00, run_after=2024-10-14 00:00:00+00:00
[2024-10-13T20:37:38.638-0400] {logging_mixin.py:190} INFO - [2024-10-13T20:37:38.638-0400] {dag.py:4180} INFO - Setting next_dagrun for example_branch_datetime_operator_3 to 2024-10-13 00:00:00+00:00, run_after=2024-10-14 00:00:00+00:00
[2024-10-13T20:37:38.658-0400] {processor.py:208} INFO - Processing /Users/karenwang/anaconda3/envs/airflow_sqlite_env/lib/python3.9/site-packages/airflow/example_dags/example_branch_datetime_operator.py took 0.307 seconds
[2024-10-13T20:44:56.852-0400] {processor.py:186} INFO - Started process (PID=39331) to work on /Users/karenwang/anaconda3/envs/airflow_sqlite_env/lib/python3.9/site-packages/airflow/example_dags/example_branch_datetime_operator.py
[2024-10-13T20:44:56.853-0400] {processor.py:914} INFO - Processing file /Users/karenwang/anaconda3/envs/airflow_sqlite_env/lib/python3.9/site-packages/airflow/example_dags/example_branch_datetime_operator.py for tasks to queue
[2024-10-13T20:44:56.855-0400] {logging_mixin.py:190} INFO - [2024-10-13T20:44:56.855-0400] {dagbag.py:588} INFO - Filling up the DagBag from /Users/karenwang/anaconda3/envs/airflow_sqlite_env/lib/python3.9/site-packages/airflow/example_dags/example_branch_datetime_operator.py
[2024-10-13T20:44:56.875-0400] {processor.py:925} INFO - DAG(s) 'example_branch_datetime_operator', 'example_branch_datetime_operator_2', 'example_branch_datetime_operator_3' retrieved from /Users/karenwang/anaconda3/envs/airflow_sqlite_env/lib/python3.9/site-packages/airflow/example_dags/example_branch_datetime_operator.py
[2024-10-13T20:44:57.089-0400] {logging_mixin.py:190} INFO - [2024-10-13T20:44:57.088-0400] {dag.py:3239} INFO - Sync 3 DAGs
[2024-10-13T20:44:57.120-0400] {logging_mixin.py:190} INFO - [2024-10-13T20:44:57.120-0400] {dag.py:4180} INFO - Setting next_dagrun for example_branch_datetime_operator to 2024-10-13 00:00:00+00:00, run_after=2024-10-14 00:00:00+00:00
[2024-10-13T20:44:57.126-0400] {logging_mixin.py:190} INFO - [2024-10-13T20:44:57.126-0400] {dag.py:4180} INFO - Setting next_dagrun for example_branch_datetime_operator_2 to 2024-10-13 00:00:00+00:00, run_after=2024-10-14 00:00:00+00:00
[2024-10-13T20:44:57.132-0400] {logging_mixin.py:190} INFO - [2024-10-13T20:44:57.131-0400] {dag.py:4180} INFO - Setting next_dagrun for example_branch_datetime_operator_3 to 2024-10-13 00:00:00+00:00, run_after=2024-10-14 00:00:00+00:00
[2024-10-13T20:44:57.151-0400] {processor.py:208} INFO - Processing /Users/karenwang/anaconda3/envs/airflow_sqlite_env/lib/python3.9/site-packages/airflow/example_dags/example_branch_datetime_operator.py took 0.305 seconds
[2024-10-13T20:52:15.670-0400] {processor.py:186} INFO - Started process (PID=41620) to work on /Users/karenwang/anaconda3/envs/airflow_sqlite_env/lib/python3.9/site-packages/airflow/example_dags/example_branch_datetime_operator.py
[2024-10-13T20:52:15.672-0400] {processor.py:914} INFO - Processing file /Users/karenwang/anaconda3/envs/airflow_sqlite_env/lib/python3.9/site-packages/airflow/example_dags/example_branch_datetime_operator.py for tasks to queue
[2024-10-13T20:52:15.673-0400] {logging_mixin.py:190} INFO - [2024-10-13T20:52:15.673-0400] {dagbag.py:588} INFO - Filling up the DagBag from /Users/karenwang/anaconda3/envs/airflow_sqlite_env/lib/python3.9/site-packages/airflow/example_dags/example_branch_datetime_operator.py
[2024-10-13T20:52:15.693-0400] {processor.py:925} INFO - DAG(s) 'example_branch_datetime_operator_2', 'example_branch_datetime_operator', 'example_branch_datetime_operator_3' retrieved from /Users/karenwang/anaconda3/envs/airflow_sqlite_env/lib/python3.9/site-packages/airflow/example_dags/example_branch_datetime_operator.py
[2024-10-13T20:52:15.893-0400] {logging_mixin.py:190} INFO - [2024-10-13T20:52:15.892-0400] {dag.py:3239} INFO - Sync 3 DAGs
[2024-10-13T20:52:15.926-0400] {logging_mixin.py:190} INFO - [2024-10-13T20:52:15.925-0400] {dag.py:4180} INFO - Setting next_dagrun for example_branch_datetime_operator to 2024-10-13 00:00:00+00:00, run_after=2024-10-14 00:00:00+00:00
[2024-10-13T20:52:15.932-0400] {logging_mixin.py:190} INFO - [2024-10-13T20:52:15.932-0400] {dag.py:4180} INFO - Setting next_dagrun for example_branch_datetime_operator_2 to 2024-10-13 00:00:00+00:00, run_after=2024-10-14 00:00:00+00:00
[2024-10-13T20:52:15.935-0400] {logging_mixin.py:190} INFO - [2024-10-13T20:52:15.935-0400] {dag.py:4180} INFO - Setting next_dagrun for example_branch_datetime_operator_3 to 2024-10-13 00:00:00+00:00, run_after=2024-10-14 00:00:00+00:00
[2024-10-13T20:52:15.956-0400] {processor.py:208} INFO - Processing /Users/karenwang/anaconda3/envs/airflow_sqlite_env/lib/python3.9/site-packages/airflow/example_dags/example_branch_datetime_operator.py took 0.291 seconds
[2024-10-13T20:59:36.154-0400] {processor.py:186} INFO - Started process (PID=43909) to work on /Users/karenwang/anaconda3/envs/airflow_sqlite_env/lib/python3.9/site-packages/airflow/example_dags/example_branch_datetime_operator.py
[2024-10-13T20:59:36.155-0400] {processor.py:914} INFO - Processing file /Users/karenwang/anaconda3/envs/airflow_sqlite_env/lib/python3.9/site-packages/airflow/example_dags/example_branch_datetime_operator.py for tasks to queue
[2024-10-13T20:59:36.157-0400] {logging_mixin.py:190} INFO - [2024-10-13T20:59:36.156-0400] {dagbag.py:588} INFO - Filling up the DagBag from /Users/karenwang/anaconda3/envs/airflow_sqlite_env/lib/python3.9/site-packages/airflow/example_dags/example_branch_datetime_operator.py
[2024-10-13T20:59:36.173-0400] {processor.py:925} INFO - DAG(s) 'example_branch_datetime_operator_2', 'example_branch_datetime_operator_3', 'example_branch_datetime_operator' retrieved from /Users/karenwang/anaconda3/envs/airflow_sqlite_env/lib/python3.9/site-packages/airflow/example_dags/example_branch_datetime_operator.py
[2024-10-13T20:59:36.397-0400] {logging_mixin.py:190} INFO - [2024-10-13T20:59:36.396-0400] {dag.py:3239} INFO - Sync 3 DAGs
[2024-10-13T20:59:36.425-0400] {logging_mixin.py:190} INFO - [2024-10-13T20:59:36.425-0400] {dag.py:4180} INFO - Setting next_dagrun for example_branch_datetime_operator to 2024-10-13 00:00:00+00:00, run_after=2024-10-14 00:00:00+00:00
[2024-10-13T20:59:36.432-0400] {logging_mixin.py:190} INFO - [2024-10-13T20:59:36.432-0400] {dag.py:4180} INFO - Setting next_dagrun for example_branch_datetime_operator_2 to 2024-10-13 00:00:00+00:00, run_after=2024-10-14 00:00:00+00:00
[2024-10-13T20:59:36.436-0400] {logging_mixin.py:190} INFO - [2024-10-13T20:59:36.436-0400] {dag.py:4180} INFO - Setting next_dagrun for example_branch_datetime_operator_3 to 2024-10-13 00:00:00+00:00, run_after=2024-10-14 00:00:00+00:00
[2024-10-13T20:59:36.457-0400] {processor.py:208} INFO - Processing /Users/karenwang/anaconda3/envs/airflow_sqlite_env/lib/python3.9/site-packages/airflow/example_dags/example_branch_datetime_operator.py took 0.309 seconds
[2024-10-13T21:06:58.468-0400] {processor.py:186} INFO - Started process (PID=46195) to work on /Users/karenwang/anaconda3/envs/airflow_sqlite_env/lib/python3.9/site-packages/airflow/example_dags/example_branch_datetime_operator.py
[2024-10-13T21:06:58.470-0400] {processor.py:914} INFO - Processing file /Users/karenwang/anaconda3/envs/airflow_sqlite_env/lib/python3.9/site-packages/airflow/example_dags/example_branch_datetime_operator.py for tasks to queue
[2024-10-13T21:06:58.471-0400] {logging_mixin.py:190} INFO - [2024-10-13T21:06:58.471-0400] {dagbag.py:588} INFO - Filling up the DagBag from /Users/karenwang/anaconda3/envs/airflow_sqlite_env/lib/python3.9/site-packages/airflow/example_dags/example_branch_datetime_operator.py
[2024-10-13T21:06:58.492-0400] {processor.py:925} INFO - DAG(s) 'example_branch_datetime_operator_2', 'example_branch_datetime_operator', 'example_branch_datetime_operator_3' retrieved from /Users/karenwang/anaconda3/envs/airflow_sqlite_env/lib/python3.9/site-packages/airflow/example_dags/example_branch_datetime_operator.py
[2024-10-13T21:06:58.751-0400] {logging_mixin.py:190} INFO - [2024-10-13T21:06:58.751-0400] {dag.py:3239} INFO - Sync 3 DAGs
[2024-10-13T21:06:58.781-0400] {logging_mixin.py:190} INFO - [2024-10-13T21:06:58.781-0400] {dag.py:4180} INFO - Setting next_dagrun for example_branch_datetime_operator to 2024-10-13 00:00:00+00:00, run_after=2024-10-14 00:00:00+00:00
[2024-10-13T21:06:58.789-0400] {logging_mixin.py:190} INFO - [2024-10-13T21:06:58.788-0400] {dag.py:4180} INFO - Setting next_dagrun for example_branch_datetime_operator_2 to 2024-10-13 00:00:00+00:00, run_after=2024-10-14 00:00:00+00:00
[2024-10-13T21:06:58.793-0400] {logging_mixin.py:190} INFO - [2024-10-13T21:06:58.793-0400] {dag.py:4180} INFO - Setting next_dagrun for example_branch_datetime_operator_3 to 2024-10-13 00:00:00+00:00, run_after=2024-10-14 00:00:00+00:00
[2024-10-13T21:06:58.816-0400] {processor.py:208} INFO - Processing /Users/karenwang/anaconda3/envs/airflow_sqlite_env/lib/python3.9/site-packages/airflow/example_dags/example_branch_datetime_operator.py took 0.354 seconds
[2024-10-13T21:13:02.830-0400] {processor.py:186} INFO - Started process (PID=48154) to work on /Users/karenwang/anaconda3/envs/airflow_sqlite_env/lib/python3.9/site-packages/airflow/example_dags/example_branch_datetime_operator.py
[2024-10-13T21:13:02.832-0400] {processor.py:914} INFO - Processing file /Users/karenwang/anaconda3/envs/airflow_sqlite_env/lib/python3.9/site-packages/airflow/example_dags/example_branch_datetime_operator.py for tasks to queue
[2024-10-13T21:13:02.833-0400] {logging_mixin.py:190} INFO - [2024-10-13T21:13:02.833-0400] {dagbag.py:588} INFO - Filling up the DagBag from /Users/karenwang/anaconda3/envs/airflow_sqlite_env/lib/python3.9/site-packages/airflow/example_dags/example_branch_datetime_operator.py
[2024-10-13T21:13:02.850-0400] {processor.py:925} INFO - DAG(s) 'example_branch_datetime_operator', 'example_branch_datetime_operator_2', 'example_branch_datetime_operator_3' retrieved from /Users/karenwang/anaconda3/envs/airflow_sqlite_env/lib/python3.9/site-packages/airflow/example_dags/example_branch_datetime_operator.py
[2024-10-13T21:13:03.053-0400] {logging_mixin.py:190} INFO - [2024-10-13T21:13:03.053-0400] {dag.py:3239} INFO - Sync 3 DAGs
[2024-10-13T21:13:03.079-0400] {logging_mixin.py:190} INFO - [2024-10-13T21:13:03.079-0400] {dag.py:4180} INFO - Setting next_dagrun for example_branch_datetime_operator to 2024-10-13 00:00:00+00:00, run_after=2024-10-14 00:00:00+00:00
[2024-10-13T21:13:03.089-0400] {logging_mixin.py:190} INFO - [2024-10-13T21:13:03.089-0400] {dag.py:4180} INFO - Setting next_dagrun for example_branch_datetime_operator_2 to 2024-10-13 00:00:00+00:00, run_after=2024-10-14 00:00:00+00:00
[2024-10-13T21:13:03.092-0400] {logging_mixin.py:190} INFO - [2024-10-13T21:13:03.091-0400] {dag.py:4180} INFO - Setting next_dagrun for example_branch_datetime_operator_3 to 2024-10-13 00:00:00+00:00, run_after=2024-10-14 00:00:00+00:00
[2024-10-13T21:13:03.110-0400] {processor.py:208} INFO - Processing /Users/karenwang/anaconda3/envs/airflow_sqlite_env/lib/python3.9/site-packages/airflow/example_dags/example_branch_datetime_operator.py took 0.286 seconds
[2024-10-13T21:20:46.641-0400] {processor.py:186} INFO - Started process (PID=50794) to work on /Users/karenwang/anaconda3/envs/airflow_sqlite_env/lib/python3.9/site-packages/airflow/example_dags/example_branch_datetime_operator.py
[2024-10-13T21:20:46.642-0400] {processor.py:914} INFO - Processing file /Users/karenwang/anaconda3/envs/airflow_sqlite_env/lib/python3.9/site-packages/airflow/example_dags/example_branch_datetime_operator.py for tasks to queue
[2024-10-13T21:20:46.644-0400] {logging_mixin.py:190} INFO - [2024-10-13T21:20:46.643-0400] {dagbag.py:588} INFO - Filling up the DagBag from /Users/karenwang/anaconda3/envs/airflow_sqlite_env/lib/python3.9/site-packages/airflow/example_dags/example_branch_datetime_operator.py
[2024-10-13T21:20:46.660-0400] {processor.py:925} INFO - DAG(s) 'example_branch_datetime_operator_3', 'example_branch_datetime_operator_2', 'example_branch_datetime_operator' retrieved from /Users/karenwang/anaconda3/envs/airflow_sqlite_env/lib/python3.9/site-packages/airflow/example_dags/example_branch_datetime_operator.py
[2024-10-13T21:20:46.858-0400] {logging_mixin.py:190} INFO - [2024-10-13T21:20:46.858-0400] {dag.py:3239} INFO - Sync 3 DAGs
[2024-10-13T21:20:46.889-0400] {logging_mixin.py:190} INFO - [2024-10-13T21:20:46.889-0400] {dag.py:4180} INFO - Setting next_dagrun for example_branch_datetime_operator to 2024-10-13 00:00:00+00:00, run_after=2024-10-14 00:00:00+00:00
[2024-10-13T21:20:46.895-0400] {logging_mixin.py:190} INFO - [2024-10-13T21:20:46.894-0400] {dag.py:4180} INFO - Setting next_dagrun for example_branch_datetime_operator_2 to 2024-10-13 00:00:00+00:00, run_after=2024-10-14 00:00:00+00:00
[2024-10-13T21:20:46.897-0400] {logging_mixin.py:190} INFO - [2024-10-13T21:20:46.897-0400] {dag.py:4180} INFO - Setting next_dagrun for example_branch_datetime_operator_3 to 2024-10-13 00:00:00+00:00, run_after=2024-10-14 00:00:00+00:00
[2024-10-13T21:20:46.917-0400] {processor.py:208} INFO - Processing /Users/karenwang/anaconda3/envs/airflow_sqlite_env/lib/python3.9/site-packages/airflow/example_dags/example_branch_datetime_operator.py took 0.282 seconds
[2024-10-13T21:28:08.102-0400] {processor.py:186} INFO - Started process (PID=53065) to work on /Users/karenwang/anaconda3/envs/airflow_sqlite_env/lib/python3.9/site-packages/airflow/example_dags/example_branch_datetime_operator.py
[2024-10-13T21:28:08.103-0400] {processor.py:914} INFO - Processing file /Users/karenwang/anaconda3/envs/airflow_sqlite_env/lib/python3.9/site-packages/airflow/example_dags/example_branch_datetime_operator.py for tasks to queue
[2024-10-13T21:28:08.105-0400] {logging_mixin.py:190} INFO - [2024-10-13T21:28:08.105-0400] {dagbag.py:588} INFO - Filling up the DagBag from /Users/karenwang/anaconda3/envs/airflow_sqlite_env/lib/python3.9/site-packages/airflow/example_dags/example_branch_datetime_operator.py
[2024-10-13T21:28:08.124-0400] {processor.py:925} INFO - DAG(s) 'example_branch_datetime_operator', 'example_branch_datetime_operator_2', 'example_branch_datetime_operator_3' retrieved from /Users/karenwang/anaconda3/envs/airflow_sqlite_env/lib/python3.9/site-packages/airflow/example_dags/example_branch_datetime_operator.py
[2024-10-13T21:28:08.346-0400] {logging_mixin.py:190} INFO - [2024-10-13T21:28:08.345-0400] {dag.py:3239} INFO - Sync 3 DAGs
[2024-10-13T21:28:08.378-0400] {logging_mixin.py:190} INFO - [2024-10-13T21:28:08.378-0400] {dag.py:4180} INFO - Setting next_dagrun for example_branch_datetime_operator to 2024-10-13 00:00:00+00:00, run_after=2024-10-14 00:00:00+00:00
[2024-10-13T21:28:08.383-0400] {logging_mixin.py:190} INFO - [2024-10-13T21:28:08.383-0400] {dag.py:4180} INFO - Setting next_dagrun for example_branch_datetime_operator_2 to 2024-10-13 00:00:00+00:00, run_after=2024-10-14 00:00:00+00:00
[2024-10-13T21:28:08.386-0400] {logging_mixin.py:190} INFO - [2024-10-13T21:28:08.386-0400] {dag.py:4180} INFO - Setting next_dagrun for example_branch_datetime_operator_3 to 2024-10-13 00:00:00+00:00, run_after=2024-10-14 00:00:00+00:00
[2024-10-13T21:28:08.408-0400] {processor.py:208} INFO - Processing /Users/karenwang/anaconda3/envs/airflow_sqlite_env/lib/python3.9/site-packages/airflow/example_dags/example_branch_datetime_operator.py took 0.312 seconds
[2024-10-13T21:36:04.044-0400] {processor.py:186} INFO - Started process (PID=55590) to work on /Users/karenwang/anaconda3/envs/airflow_sqlite_env/lib/python3.9/site-packages/airflow/example_dags/example_branch_datetime_operator.py
[2024-10-13T21:36:04.045-0400] {processor.py:914} INFO - Processing file /Users/karenwang/anaconda3/envs/airflow_sqlite_env/lib/python3.9/site-packages/airflow/example_dags/example_branch_datetime_operator.py for tasks to queue
[2024-10-13T21:36:04.047-0400] {logging_mixin.py:190} INFO - [2024-10-13T21:36:04.046-0400] {dagbag.py:588} INFO - Filling up the DagBag from /Users/karenwang/anaconda3/envs/airflow_sqlite_env/lib/python3.9/site-packages/airflow/example_dags/example_branch_datetime_operator.py
[2024-10-13T21:36:04.067-0400] {processor.py:925} INFO - DAG(s) 'example_branch_datetime_operator', 'example_branch_datetime_operator_2', 'example_branch_datetime_operator_3' retrieved from /Users/karenwang/anaconda3/envs/airflow_sqlite_env/lib/python3.9/site-packages/airflow/example_dags/example_branch_datetime_operator.py
[2024-10-13T21:36:04.293-0400] {logging_mixin.py:190} INFO - [2024-10-13T21:36:04.292-0400] {dag.py:3239} INFO - Sync 3 DAGs
[2024-10-13T21:36:04.319-0400] {logging_mixin.py:190} INFO - [2024-10-13T21:36:04.318-0400] {dag.py:4180} INFO - Setting next_dagrun for example_branch_datetime_operator to 2024-10-13 00:00:00+00:00, run_after=2024-10-14 00:00:00+00:00
[2024-10-13T21:36:04.324-0400] {logging_mixin.py:190} INFO - [2024-10-13T21:36:04.324-0400] {dag.py:4180} INFO - Setting next_dagrun for example_branch_datetime_operator_2 to 2024-10-13 00:00:00+00:00, run_after=2024-10-14 00:00:00+00:00
[2024-10-13T21:36:04.327-0400] {logging_mixin.py:190} INFO - [2024-10-13T21:36:04.327-0400] {dag.py:4180} INFO - Setting next_dagrun for example_branch_datetime_operator_3 to 2024-10-13 00:00:00+00:00, run_after=2024-10-14 00:00:00+00:00
[2024-10-13T21:36:04.349-0400] {processor.py:208} INFO - Processing /Users/karenwang/anaconda3/envs/airflow_sqlite_env/lib/python3.9/site-packages/airflow/example_dags/example_branch_datetime_operator.py took 0.312 seconds
[2024-10-13T21:43:49.396-0400] {processor.py:186} INFO - Started process (PID=57977) to work on /Users/karenwang/anaconda3/envs/airflow_sqlite_env/lib/python3.9/site-packages/airflow/example_dags/example_branch_datetime_operator.py
[2024-10-13T21:43:49.398-0400] {processor.py:914} INFO - Processing file /Users/karenwang/anaconda3/envs/airflow_sqlite_env/lib/python3.9/site-packages/airflow/example_dags/example_branch_datetime_operator.py for tasks to queue
[2024-10-13T21:43:49.399-0400] {logging_mixin.py:190} INFO - [2024-10-13T21:43:49.399-0400] {dagbag.py:588} INFO - Filling up the DagBag from /Users/karenwang/anaconda3/envs/airflow_sqlite_env/lib/python3.9/site-packages/airflow/example_dags/example_branch_datetime_operator.py
[2024-10-13T21:43:49.419-0400] {processor.py:925} INFO - DAG(s) 'example_branch_datetime_operator_3', 'example_branch_datetime_operator_2', 'example_branch_datetime_operator' retrieved from /Users/karenwang/anaconda3/envs/airflow_sqlite_env/lib/python3.9/site-packages/airflow/example_dags/example_branch_datetime_operator.py
[2024-10-13T21:43:49.647-0400] {logging_mixin.py:190} INFO - [2024-10-13T21:43:49.646-0400] {dag.py:3239} INFO - Sync 3 DAGs
[2024-10-13T21:43:49.672-0400] {logging_mixin.py:190} INFO - [2024-10-13T21:43:49.672-0400] {dag.py:4180} INFO - Setting next_dagrun for example_branch_datetime_operator to 2024-10-13 00:00:00+00:00, run_after=2024-10-14 00:00:00+00:00
[2024-10-13T21:43:49.679-0400] {logging_mixin.py:190} INFO - [2024-10-13T21:43:49.678-0400] {dag.py:4180} INFO - Setting next_dagrun for example_branch_datetime_operator_2 to 2024-10-13 00:00:00+00:00, run_after=2024-10-14 00:00:00+00:00
[2024-10-13T21:43:49.684-0400] {logging_mixin.py:190} INFO - [2024-10-13T21:43:49.683-0400] {dag.py:4180} INFO - Setting next_dagrun for example_branch_datetime_operator_3 to 2024-10-13 00:00:00+00:00, run_after=2024-10-14 00:00:00+00:00
[2024-10-13T21:43:49.705-0400] {processor.py:208} INFO - Processing /Users/karenwang/anaconda3/envs/airflow_sqlite_env/lib/python3.9/site-packages/airflow/example_dags/example_branch_datetime_operator.py took 0.315 seconds
[2024-10-13T21:51:50.105-0400] {processor.py:186} INFO - Started process (PID=60465) to work on /Users/karenwang/anaconda3/envs/airflow_sqlite_env/lib/python3.9/site-packages/airflow/example_dags/example_branch_datetime_operator.py
[2024-10-13T21:51:50.106-0400] {processor.py:914} INFO - Processing file /Users/karenwang/anaconda3/envs/airflow_sqlite_env/lib/python3.9/site-packages/airflow/example_dags/example_branch_datetime_operator.py for tasks to queue
[2024-10-13T21:51:50.108-0400] {logging_mixin.py:190} INFO - [2024-10-13T21:51:50.107-0400] {dagbag.py:588} INFO - Filling up the DagBag from /Users/karenwang/anaconda3/envs/airflow_sqlite_env/lib/python3.9/site-packages/airflow/example_dags/example_branch_datetime_operator.py
[2024-10-13T21:51:50.128-0400] {processor.py:925} INFO - DAG(s) 'example_branch_datetime_operator_2', 'example_branch_datetime_operator', 'example_branch_datetime_operator_3' retrieved from /Users/karenwang/anaconda3/envs/airflow_sqlite_env/lib/python3.9/site-packages/airflow/example_dags/example_branch_datetime_operator.py
[2024-10-13T21:51:50.339-0400] {logging_mixin.py:190} INFO - [2024-10-13T21:51:50.338-0400] {dag.py:3239} INFO - Sync 3 DAGs
[2024-10-13T21:51:50.374-0400] {logging_mixin.py:190} INFO - [2024-10-13T21:51:50.374-0400] {dag.py:4180} INFO - Setting next_dagrun for example_branch_datetime_operator to 2024-10-13 00:00:00+00:00, run_after=2024-10-14 00:00:00+00:00
[2024-10-13T21:51:50.382-0400] {logging_mixin.py:190} INFO - [2024-10-13T21:51:50.382-0400] {dag.py:4180} INFO - Setting next_dagrun for example_branch_datetime_operator_2 to 2024-10-13 00:00:00+00:00, run_after=2024-10-14 00:00:00+00:00
[2024-10-13T21:51:50.387-0400] {logging_mixin.py:190} INFO - [2024-10-13T21:51:50.387-0400] {dag.py:4180} INFO - Setting next_dagrun for example_branch_datetime_operator_3 to 2024-10-13 00:00:00+00:00, run_after=2024-10-14 00:00:00+00:00
[2024-10-13T21:51:50.410-0400] {processor.py:208} INFO - Processing /Users/karenwang/anaconda3/envs/airflow_sqlite_env/lib/python3.9/site-packages/airflow/example_dags/example_branch_datetime_operator.py took 0.310 seconds
[2024-10-13T21:59:37.283-0400] {processor.py:186} INFO - Started process (PID=62875) to work on /Users/karenwang/anaconda3/envs/airflow_sqlite_env/lib/python3.9/site-packages/airflow/example_dags/example_branch_datetime_operator.py
[2024-10-13T21:59:37.284-0400] {processor.py:914} INFO - Processing file /Users/karenwang/anaconda3/envs/airflow_sqlite_env/lib/python3.9/site-packages/airflow/example_dags/example_branch_datetime_operator.py for tasks to queue
[2024-10-13T21:59:37.286-0400] {logging_mixin.py:190} INFO - [2024-10-13T21:59:37.285-0400] {dagbag.py:588} INFO - Filling up the DagBag from /Users/karenwang/anaconda3/envs/airflow_sqlite_env/lib/python3.9/site-packages/airflow/example_dags/example_branch_datetime_operator.py
[2024-10-13T21:59:37.308-0400] {processor.py:925} INFO - DAG(s) 'example_branch_datetime_operator', 'example_branch_datetime_operator_3', 'example_branch_datetime_operator_2' retrieved from /Users/karenwang/anaconda3/envs/airflow_sqlite_env/lib/python3.9/site-packages/airflow/example_dags/example_branch_datetime_operator.py
[2024-10-13T21:59:37.536-0400] {logging_mixin.py:190} INFO - [2024-10-13T21:59:37.536-0400] {dag.py:3239} INFO - Sync 3 DAGs
[2024-10-13T21:59:37.567-0400] {logging_mixin.py:190} INFO - [2024-10-13T21:59:37.567-0400] {dag.py:4180} INFO - Setting next_dagrun for example_branch_datetime_operator to 2024-10-13 00:00:00+00:00, run_after=2024-10-14 00:00:00+00:00
[2024-10-13T21:59:37.574-0400] {logging_mixin.py:190} INFO - [2024-10-13T21:59:37.574-0400] {dag.py:4180} INFO - Setting next_dagrun for example_branch_datetime_operator_2 to 2024-10-13 00:00:00+00:00, run_after=2024-10-14 00:00:00+00:00
[2024-10-13T21:59:37.577-0400] {logging_mixin.py:190} INFO - [2024-10-13T21:59:37.577-0400] {dag.py:4180} INFO - Setting next_dagrun for example_branch_datetime_operator_3 to 2024-10-13 00:00:00+00:00, run_after=2024-10-14 00:00:00+00:00
[2024-10-13T21:59:37.597-0400] {processor.py:208} INFO - Processing /Users/karenwang/anaconda3/envs/airflow_sqlite_env/lib/python3.9/site-packages/airflow/example_dags/example_branch_datetime_operator.py took 0.319 seconds
[2024-10-13T22:07:29.120-0400] {processor.py:186} INFO - Started process (PID=65303) to work on /Users/karenwang/anaconda3/envs/airflow_sqlite_env/lib/python3.9/site-packages/airflow/example_dags/example_branch_datetime_operator.py
[2024-10-13T22:07:29.122-0400] {processor.py:914} INFO - Processing file /Users/karenwang/anaconda3/envs/airflow_sqlite_env/lib/python3.9/site-packages/airflow/example_dags/example_branch_datetime_operator.py for tasks to queue
[2024-10-13T22:07:29.123-0400] {logging_mixin.py:190} INFO - [2024-10-13T22:07:29.123-0400] {dagbag.py:588} INFO - Filling up the DagBag from /Users/karenwang/anaconda3/envs/airflow_sqlite_env/lib/python3.9/site-packages/airflow/example_dags/example_branch_datetime_operator.py
[2024-10-13T22:07:29.141-0400] {processor.py:925} INFO - DAG(s) 'example_branch_datetime_operator_3', 'example_branch_datetime_operator_2', 'example_branch_datetime_operator' retrieved from /Users/karenwang/anaconda3/envs/airflow_sqlite_env/lib/python3.9/site-packages/airflow/example_dags/example_branch_datetime_operator.py
[2024-10-13T22:07:29.359-0400] {logging_mixin.py:190} INFO - [2024-10-13T22:07:29.358-0400] {dag.py:3239} INFO - Sync 3 DAGs
[2024-10-13T22:07:29.392-0400] {logging_mixin.py:190} INFO - [2024-10-13T22:07:29.392-0400] {dag.py:4180} INFO - Setting next_dagrun for example_branch_datetime_operator to 2024-10-13 00:00:00+00:00, run_after=2024-10-14 00:00:00+00:00
[2024-10-13T22:07:29.398-0400] {logging_mixin.py:190} INFO - [2024-10-13T22:07:29.398-0400] {dag.py:4180} INFO - Setting next_dagrun for example_branch_datetime_operator_2 to 2024-10-13 00:00:00+00:00, run_after=2024-10-14 00:00:00+00:00
[2024-10-13T22:07:29.401-0400] {logging_mixin.py:190} INFO - [2024-10-13T22:07:29.401-0400] {dag.py:4180} INFO - Setting next_dagrun for example_branch_datetime_operator_3 to 2024-10-13 00:00:00+00:00, run_after=2024-10-14 00:00:00+00:00
[2024-10-13T22:07:29.421-0400] {processor.py:208} INFO - Processing /Users/karenwang/anaconda3/envs/airflow_sqlite_env/lib/python3.9/site-packages/airflow/example_dags/example_branch_datetime_operator.py took 0.307 seconds
[2024-10-13T22:15:20.880-0400] {processor.py:186} INFO - Started process (PID=67727) to work on /Users/karenwang/anaconda3/envs/airflow_sqlite_env/lib/python3.9/site-packages/airflow/example_dags/example_branch_datetime_operator.py
[2024-10-13T22:15:20.881-0400] {processor.py:914} INFO - Processing file /Users/karenwang/anaconda3/envs/airflow_sqlite_env/lib/python3.9/site-packages/airflow/example_dags/example_branch_datetime_operator.py for tasks to queue
[2024-10-13T22:15:20.882-0400] {logging_mixin.py:190} INFO - [2024-10-13T22:15:20.882-0400] {dagbag.py:588} INFO - Filling up the DagBag from /Users/karenwang/anaconda3/envs/airflow_sqlite_env/lib/python3.9/site-packages/airflow/example_dags/example_branch_datetime_operator.py
[2024-10-13T22:15:20.899-0400] {processor.py:925} INFO - DAG(s) 'example_branch_datetime_operator_2', 'example_branch_datetime_operator_3', 'example_branch_datetime_operator' retrieved from /Users/karenwang/anaconda3/envs/airflow_sqlite_env/lib/python3.9/site-packages/airflow/example_dags/example_branch_datetime_operator.py
[2024-10-13T22:15:21.130-0400] {logging_mixin.py:190} INFO - [2024-10-13T22:15:21.130-0400] {dag.py:3239} INFO - Sync 3 DAGs
[2024-10-13T22:15:21.161-0400] {logging_mixin.py:190} INFO - [2024-10-13T22:15:21.161-0400] {dag.py:4180} INFO - Setting next_dagrun for example_branch_datetime_operator to 2024-10-13 00:00:00+00:00, run_after=2024-10-14 00:00:00+00:00
[2024-10-13T22:15:21.166-0400] {logging_mixin.py:190} INFO - [2024-10-13T22:15:21.166-0400] {dag.py:4180} INFO - Setting next_dagrun for example_branch_datetime_operator_2 to 2024-10-13 00:00:00+00:00, run_after=2024-10-14 00:00:00+00:00
[2024-10-13T22:15:21.169-0400] {logging_mixin.py:190} INFO - [2024-10-13T22:15:21.169-0400] {dag.py:4180} INFO - Setting next_dagrun for example_branch_datetime_operator_3 to 2024-10-13 00:00:00+00:00, run_after=2024-10-14 00:00:00+00:00
[2024-10-13T22:15:21.192-0400] {processor.py:208} INFO - Processing /Users/karenwang/anaconda3/envs/airflow_sqlite_env/lib/python3.9/site-packages/airflow/example_dags/example_branch_datetime_operator.py took 0.318 seconds
[2024-10-13T22:23:26.884-0400] {processor.py:186} INFO - Started process (PID=70254) to work on /Users/karenwang/anaconda3/envs/airflow_sqlite_env/lib/python3.9/site-packages/airflow/example_dags/example_branch_datetime_operator.py
[2024-10-13T22:23:26.885-0400] {processor.py:914} INFO - Processing file /Users/karenwang/anaconda3/envs/airflow_sqlite_env/lib/python3.9/site-packages/airflow/example_dags/example_branch_datetime_operator.py for tasks to queue
[2024-10-13T22:23:26.887-0400] {logging_mixin.py:190} INFO - [2024-10-13T22:23:26.886-0400] {dagbag.py:588} INFO - Filling up the DagBag from /Users/karenwang/anaconda3/envs/airflow_sqlite_env/lib/python3.9/site-packages/airflow/example_dags/example_branch_datetime_operator.py
[2024-10-13T22:23:26.908-0400] {processor.py:925} INFO - DAG(s) 'example_branch_datetime_operator', 'example_branch_datetime_operator_3', 'example_branch_datetime_operator_2' retrieved from /Users/karenwang/anaconda3/envs/airflow_sqlite_env/lib/python3.9/site-packages/airflow/example_dags/example_branch_datetime_operator.py
[2024-10-13T22:23:27.128-0400] {logging_mixin.py:190} INFO - [2024-10-13T22:23:27.127-0400] {dag.py:3239} INFO - Sync 3 DAGs
[2024-10-13T22:23:27.154-0400] {logging_mixin.py:190} INFO - [2024-10-13T22:23:27.153-0400] {dag.py:4180} INFO - Setting next_dagrun for example_branch_datetime_operator to 2024-10-13 00:00:00+00:00, run_after=2024-10-14 00:00:00+00:00
[2024-10-13T22:23:27.161-0400] {logging_mixin.py:190} INFO - [2024-10-13T22:23:27.161-0400] {dag.py:4180} INFO - Setting next_dagrun for example_branch_datetime_operator_2 to 2024-10-13 00:00:00+00:00, run_after=2024-10-14 00:00:00+00:00
[2024-10-13T22:23:27.165-0400] {logging_mixin.py:190} INFO - [2024-10-13T22:23:27.165-0400] {dag.py:4180} INFO - Setting next_dagrun for example_branch_datetime_operator_3 to 2024-10-13 00:00:00+00:00, run_after=2024-10-14 00:00:00+00:00
[2024-10-13T22:23:27.190-0400] {processor.py:208} INFO - Processing /Users/karenwang/anaconda3/envs/airflow_sqlite_env/lib/python3.9/site-packages/airflow/example_dags/example_branch_datetime_operator.py took 0.313 seconds
[2024-10-13T22:37:59.267-0400] {processor.py:186} INFO - Started process (PID=75100) to work on /Users/karenwang/anaconda3/envs/airflow_sqlite_env/lib/python3.9/site-packages/airflow/example_dags/example_branch_datetime_operator.py
[2024-10-13T22:37:59.268-0400] {processor.py:914} INFO - Processing file /Users/karenwang/anaconda3/envs/airflow_sqlite_env/lib/python3.9/site-packages/airflow/example_dags/example_branch_datetime_operator.py for tasks to queue
[2024-10-13T22:37:59.270-0400] {logging_mixin.py:190} INFO - [2024-10-13T22:37:59.269-0400] {dagbag.py:588} INFO - Filling up the DagBag from /Users/karenwang/anaconda3/envs/airflow_sqlite_env/lib/python3.9/site-packages/airflow/example_dags/example_branch_datetime_operator.py
[2024-10-13T22:37:59.289-0400] {processor.py:925} INFO - DAG(s) 'example_branch_datetime_operator_3', 'example_branch_datetime_operator', 'example_branch_datetime_operator_2' retrieved from /Users/karenwang/anaconda3/envs/airflow_sqlite_env/lib/python3.9/site-packages/airflow/example_dags/example_branch_datetime_operator.py
[2024-10-13T22:37:59.512-0400] {logging_mixin.py:190} INFO - [2024-10-13T22:37:59.512-0400] {dag.py:3239} INFO - Sync 3 DAGs
[2024-10-13T22:37:59.540-0400] {logging_mixin.py:190} INFO - [2024-10-13T22:37:59.539-0400] {dag.py:4180} INFO - Setting next_dagrun for example_branch_datetime_operator to 2024-10-13 00:00:00+00:00, run_after=2024-10-14 00:00:00+00:00
[2024-10-13T22:37:59.547-0400] {logging_mixin.py:190} INFO - [2024-10-13T22:37:59.546-0400] {dag.py:4180} INFO - Setting next_dagrun for example_branch_datetime_operator_2 to 2024-10-13 00:00:00+00:00, run_after=2024-10-14 00:00:00+00:00
[2024-10-13T22:37:59.551-0400] {logging_mixin.py:190} INFO - [2024-10-13T22:37:59.550-0400] {dag.py:4180} INFO - Setting next_dagrun for example_branch_datetime_operator_3 to 2024-10-13 00:00:00+00:00, run_after=2024-10-14 00:00:00+00:00
[2024-10-13T22:37:59.573-0400] {processor.py:208} INFO - Processing /Users/karenwang/anaconda3/envs/airflow_sqlite_env/lib/python3.9/site-packages/airflow/example_dags/example_branch_datetime_operator.py took 0.312 seconds
