[2024-10-13T20:02:04.959-0400] {processor.py:186} INFO - Started process (PID=25747) to work on /Users/karenwang/anaconda3/envs/airflow_sqlite_env/lib/python3.9/site-packages/airflow/example_dags/example_python_operator.py
[2024-10-13T20:02:04.961-0400] {processor.py:914} INFO - Processing file /Users/karenwang/anaconda3/envs/airflow_sqlite_env/lib/python3.9/site-packages/airflow/example_dags/example_python_operator.py for tasks to queue
[2024-10-13T20:02:04.962-0400] {logging_mixin.py:190} INFO - [2024-10-13T20:02:04.962-0400] {dagbag.py:588} INFO - Filling up the DagBag from /Users/karenwang/anaconda3/envs/airflow_sqlite_env/lib/python3.9/site-packages/airflow/example_dags/example_python_operator.py
[2024-10-13T20:02:05.056-0400] {processor.py:925} INFO - DAG(s) 'example_python_operator' retrieved from /Users/karenwang/anaconda3/envs/airflow_sqlite_env/lib/python3.9/site-packages/airflow/example_dags/example_python_operator.py
[2024-10-13T20:02:05.339-0400] {logging_mixin.py:190} INFO - [2024-10-13T20:02:05.339-0400] {dag.py:3239} INFO - Sync 1 DAGs
[2024-10-13T20:02:05.358-0400] {logging_mixin.py:190} INFO - [2024-10-13T20:02:05.358-0400] {dag.py:4180} INFO - Setting next_dagrun for example_python_operator to None, run_after=None
[2024-10-13T20:02:05.385-0400] {processor.py:208} INFO - Processing /Users/karenwang/anaconda3/envs/airflow_sqlite_env/lib/python3.9/site-packages/airflow/example_dags/example_python_operator.py took 0.432 seconds
[2024-10-13T20:06:15.926-0400] {processor.py:186} INFO - Started process (PID=27048) to work on /Users/karenwang/anaconda3/envs/airflow_sqlite_env/lib/python3.9/site-packages/airflow/example_dags/example_python_operator.py
[2024-10-13T20:06:15.927-0400] {processor.py:914} INFO - Processing file /Users/karenwang/anaconda3/envs/airflow_sqlite_env/lib/python3.9/site-packages/airflow/example_dags/example_python_operator.py for tasks to queue
[2024-10-13T20:06:15.929-0400] {logging_mixin.py:190} INFO - [2024-10-13T20:06:15.929-0400] {dagbag.py:588} INFO - Filling up the DagBag from /Users/karenwang/anaconda3/envs/airflow_sqlite_env/lib/python3.9/site-packages/airflow/example_dags/example_python_operator.py
[2024-10-13T20:06:16.020-0400] {processor.py:925} INFO - DAG(s) 'example_python_operator' retrieved from /Users/karenwang/anaconda3/envs/airflow_sqlite_env/lib/python3.9/site-packages/airflow/example_dags/example_python_operator.py
[2024-10-13T20:06:16.367-0400] {logging_mixin.py:190} INFO - [2024-10-13T20:06:16.367-0400] {dag.py:3239} INFO - Sync 1 DAGs
[2024-10-13T20:06:16.384-0400] {logging_mixin.py:190} INFO - [2024-10-13T20:06:16.383-0400] {dag.py:4180} INFO - Setting next_dagrun for example_python_operator to None, run_after=None
[2024-10-13T20:06:16.410-0400] {processor.py:208} INFO - Processing /Users/karenwang/anaconda3/envs/airflow_sqlite_env/lib/python3.9/site-packages/airflow/example_dags/example_python_operator.py took 0.491 seconds
[2024-10-13T20:10:16.686-0400] {processor.py:186} INFO - Started process (PID=28277) to work on /Users/karenwang/anaconda3/envs/airflow_sqlite_env/lib/python3.9/site-packages/airflow/example_dags/example_python_operator.py
[2024-10-13T20:10:16.687-0400] {processor.py:914} INFO - Processing file /Users/karenwang/anaconda3/envs/airflow_sqlite_env/lib/python3.9/site-packages/airflow/example_dags/example_python_operator.py for tasks to queue
[2024-10-13T20:10:16.688-0400] {logging_mixin.py:190} INFO - [2024-10-13T20:10:16.688-0400] {dagbag.py:588} INFO - Filling up the DagBag from /Users/karenwang/anaconda3/envs/airflow_sqlite_env/lib/python3.9/site-packages/airflow/example_dags/example_python_operator.py
[2024-10-13T20:10:16.775-0400] {processor.py:925} INFO - DAG(s) 'example_python_operator' retrieved from /Users/karenwang/anaconda3/envs/airflow_sqlite_env/lib/python3.9/site-packages/airflow/example_dags/example_python_operator.py
[2024-10-13T20:10:17.055-0400] {logging_mixin.py:190} INFO - [2024-10-13T20:10:17.054-0400] {dag.py:3239} INFO - Sync 1 DAGs
[2024-10-13T20:10:17.074-0400] {logging_mixin.py:190} INFO - [2024-10-13T20:10:17.074-0400] {dag.py:4180} INFO - Setting next_dagrun for example_python_operator to None, run_after=None
[2024-10-13T20:10:17.102-0400] {processor.py:208} INFO - Processing /Users/karenwang/anaconda3/envs/airflow_sqlite_env/lib/python3.9/site-packages/airflow/example_dags/example_python_operator.py took 0.422 seconds
[2024-10-13T20:14:15.511-0400] {processor.py:186} INFO - Started process (PID=29504) to work on /Users/karenwang/anaconda3/envs/airflow_sqlite_env/lib/python3.9/site-packages/airflow/example_dags/example_python_operator.py
[2024-10-13T20:14:15.513-0400] {processor.py:914} INFO - Processing file /Users/karenwang/anaconda3/envs/airflow_sqlite_env/lib/python3.9/site-packages/airflow/example_dags/example_python_operator.py for tasks to queue
[2024-10-13T20:14:15.515-0400] {logging_mixin.py:190} INFO - [2024-10-13T20:14:15.514-0400] {dagbag.py:588} INFO - Filling up the DagBag from /Users/karenwang/anaconda3/envs/airflow_sqlite_env/lib/python3.9/site-packages/airflow/example_dags/example_python_operator.py
[2024-10-13T20:14:15.596-0400] {processor.py:925} INFO - DAG(s) 'example_python_operator' retrieved from /Users/karenwang/anaconda3/envs/airflow_sqlite_env/lib/python3.9/site-packages/airflow/example_dags/example_python_operator.py
[2024-10-13T20:14:15.878-0400] {logging_mixin.py:190} INFO - [2024-10-13T20:14:15.877-0400] {dag.py:3239} INFO - Sync 1 DAGs
[2024-10-13T20:14:15.894-0400] {logging_mixin.py:190} INFO - [2024-10-13T20:14:15.894-0400] {dag.py:4180} INFO - Setting next_dagrun for example_python_operator to None, run_after=None
[2024-10-13T20:14:15.918-0400] {processor.py:208} INFO - Processing /Users/karenwang/anaconda3/envs/airflow_sqlite_env/lib/python3.9/site-packages/airflow/example_dags/example_python_operator.py took 0.413 seconds
[2024-10-13T20:18:23.891-0400] {processor.py:186} INFO - Started process (PID=30758) to work on /Users/karenwang/anaconda3/envs/airflow_sqlite_env/lib/python3.9/site-packages/airflow/example_dags/example_python_operator.py
[2024-10-13T20:18:23.892-0400] {processor.py:914} INFO - Processing file /Users/karenwang/anaconda3/envs/airflow_sqlite_env/lib/python3.9/site-packages/airflow/example_dags/example_python_operator.py for tasks to queue
[2024-10-13T20:18:23.893-0400] {logging_mixin.py:190} INFO - [2024-10-13T20:18:23.893-0400] {dagbag.py:588} INFO - Filling up the DagBag from /Users/karenwang/anaconda3/envs/airflow_sqlite_env/lib/python3.9/site-packages/airflow/example_dags/example_python_operator.py
[2024-10-13T20:18:23.983-0400] {processor.py:925} INFO - DAG(s) 'example_python_operator' retrieved from /Users/karenwang/anaconda3/envs/airflow_sqlite_env/lib/python3.9/site-packages/airflow/example_dags/example_python_operator.py
[2024-10-13T20:18:24.278-0400] {logging_mixin.py:190} INFO - [2024-10-13T20:18:24.277-0400] {dag.py:3239} INFO - Sync 1 DAGs
[2024-10-13T20:18:24.298-0400] {logging_mixin.py:190} INFO - [2024-10-13T20:18:24.297-0400] {dag.py:4180} INFO - Setting next_dagrun for example_python_operator to None, run_after=None
[2024-10-13T20:18:24.322-0400] {processor.py:208} INFO - Processing /Users/karenwang/anaconda3/envs/airflow_sqlite_env/lib/python3.9/site-packages/airflow/example_dags/example_python_operator.py took 0.439 seconds
[2024-10-13T20:22:48.845-0400] {processor.py:186} INFO - Started process (PID=32247) to work on /Users/karenwang/anaconda3/envs/airflow_sqlite_env/lib/python3.9/site-packages/airflow/example_dags/example_python_operator.py
[2024-10-13T20:22:48.847-0400] {processor.py:914} INFO - Processing file /Users/karenwang/anaconda3/envs/airflow_sqlite_env/lib/python3.9/site-packages/airflow/example_dags/example_python_operator.py for tasks to queue
[2024-10-13T20:22:48.848-0400] {logging_mixin.py:190} INFO - [2024-10-13T20:22:48.848-0400] {dagbag.py:588} INFO - Filling up the DagBag from /Users/karenwang/anaconda3/envs/airflow_sqlite_env/lib/python3.9/site-packages/airflow/example_dags/example_python_operator.py
[2024-10-13T20:22:48.937-0400] {processor.py:925} INFO - DAG(s) 'example_python_operator' retrieved from /Users/karenwang/anaconda3/envs/airflow_sqlite_env/lib/python3.9/site-packages/airflow/example_dags/example_python_operator.py
[2024-10-13T20:22:49.211-0400] {logging_mixin.py:190} INFO - [2024-10-13T20:22:49.210-0400] {dag.py:3239} INFO - Sync 1 DAGs
[2024-10-13T20:22:49.225-0400] {logging_mixin.py:190} INFO - [2024-10-13T20:22:49.225-0400] {dag.py:4180} INFO - Setting next_dagrun for example_python_operator to None, run_after=None
[2024-10-13T20:22:49.250-0400] {processor.py:208} INFO - Processing /Users/karenwang/anaconda3/envs/airflow_sqlite_env/lib/python3.9/site-packages/airflow/example_dags/example_python_operator.py took 0.411 seconds
[2024-10-13T20:28:27.894-0400] {processor.py:186} INFO - Started process (PID=34140) to work on /Users/karenwang/anaconda3/envs/airflow_sqlite_env/lib/python3.9/site-packages/airflow/example_dags/example_python_operator.py
[2024-10-13T20:28:27.896-0400] {processor.py:914} INFO - Processing file /Users/karenwang/anaconda3/envs/airflow_sqlite_env/lib/python3.9/site-packages/airflow/example_dags/example_python_operator.py for tasks to queue
[2024-10-13T20:28:27.897-0400] {logging_mixin.py:190} INFO - [2024-10-13T20:28:27.897-0400] {dagbag.py:588} INFO - Filling up the DagBag from /Users/karenwang/anaconda3/envs/airflow_sqlite_env/lib/python3.9/site-packages/airflow/example_dags/example_python_operator.py
[2024-10-13T20:28:27.994-0400] {processor.py:925} INFO - DAG(s) 'example_python_operator' retrieved from /Users/karenwang/anaconda3/envs/airflow_sqlite_env/lib/python3.9/site-packages/airflow/example_dags/example_python_operator.py
[2024-10-13T20:28:28.316-0400] {logging_mixin.py:190} INFO - [2024-10-13T20:28:28.316-0400] {dag.py:3239} INFO - Sync 1 DAGs
[2024-10-13T20:28:28.335-0400] {logging_mixin.py:190} INFO - [2024-10-13T20:28:28.335-0400] {dag.py:4180} INFO - Setting next_dagrun for example_python_operator to None, run_after=None
[2024-10-13T20:28:28.365-0400] {processor.py:208} INFO - Processing /Users/karenwang/anaconda3/envs/airflow_sqlite_env/lib/python3.9/site-packages/airflow/example_dags/example_python_operator.py took 0.477 seconds
[2024-10-13T20:32:55.712-0400] {processor.py:186} INFO - Started process (PID=35595) to work on /Users/karenwang/anaconda3/envs/airflow_sqlite_env/lib/python3.9/site-packages/airflow/example_dags/example_python_operator.py
[2024-10-13T20:32:55.714-0400] {processor.py:914} INFO - Processing file /Users/karenwang/anaconda3/envs/airflow_sqlite_env/lib/python3.9/site-packages/airflow/example_dags/example_python_operator.py for tasks to queue
[2024-10-13T20:32:55.715-0400] {logging_mixin.py:190} INFO - [2024-10-13T20:32:55.715-0400] {dagbag.py:588} INFO - Filling up the DagBag from /Users/karenwang/anaconda3/envs/airflow_sqlite_env/lib/python3.9/site-packages/airflow/example_dags/example_python_operator.py
[2024-10-13T20:32:55.787-0400] {processor.py:925} INFO - DAG(s) 'example_python_operator' retrieved from /Users/karenwang/anaconda3/envs/airflow_sqlite_env/lib/python3.9/site-packages/airflow/example_dags/example_python_operator.py
[2024-10-13T20:32:56.075-0400] {logging_mixin.py:190} INFO - [2024-10-13T20:32:56.074-0400] {dag.py:3239} INFO - Sync 1 DAGs
[2024-10-13T20:32:56.089-0400] {logging_mixin.py:190} INFO - [2024-10-13T20:32:56.089-0400] {dag.py:4180} INFO - Setting next_dagrun for example_python_operator to None, run_after=None
[2024-10-13T20:32:56.119-0400] {processor.py:208} INFO - Processing /Users/karenwang/anaconda3/envs/airflow_sqlite_env/lib/python3.9/site-packages/airflow/example_dags/example_python_operator.py took 0.412 seconds
[2024-10-13T20:36:36.560-0400] {processor.py:186} INFO - Started process (PID=36765) to work on /Users/karenwang/anaconda3/envs/airflow_sqlite_env/lib/python3.9/site-packages/airflow/example_dags/example_python_operator.py
[2024-10-13T20:36:36.562-0400] {processor.py:914} INFO - Processing file /Users/karenwang/anaconda3/envs/airflow_sqlite_env/lib/python3.9/site-packages/airflow/example_dags/example_python_operator.py for tasks to queue
[2024-10-13T20:36:36.564-0400] {logging_mixin.py:190} INFO - [2024-10-13T20:36:36.563-0400] {dagbag.py:588} INFO - Filling up the DagBag from /Users/karenwang/anaconda3/envs/airflow_sqlite_env/lib/python3.9/site-packages/airflow/example_dags/example_python_operator.py
[2024-10-13T20:36:36.647-0400] {processor.py:925} INFO - DAG(s) 'example_python_operator' retrieved from /Users/karenwang/anaconda3/envs/airflow_sqlite_env/lib/python3.9/site-packages/airflow/example_dags/example_python_operator.py
[2024-10-13T20:36:36.930-0400] {logging_mixin.py:190} INFO - [2024-10-13T20:36:36.929-0400] {dag.py:3239} INFO - Sync 1 DAGs
[2024-10-13T20:36:36.949-0400] {logging_mixin.py:190} INFO - [2024-10-13T20:36:36.948-0400] {dag.py:4180} INFO - Setting next_dagrun for example_python_operator to None, run_after=None
[2024-10-13T20:36:36.972-0400] {processor.py:208} INFO - Processing /Users/karenwang/anaconda3/envs/airflow_sqlite_env/lib/python3.9/site-packages/airflow/example_dags/example_python_operator.py took 0.417 seconds
[2024-10-13T20:40:15.668-0400] {processor.py:186} INFO - Started process (PID=37894) to work on /Users/karenwang/anaconda3/envs/airflow_sqlite_env/lib/python3.9/site-packages/airflow/example_dags/example_python_operator.py
[2024-10-13T20:40:15.670-0400] {processor.py:914} INFO - Processing file /Users/karenwang/anaconda3/envs/airflow_sqlite_env/lib/python3.9/site-packages/airflow/example_dags/example_python_operator.py for tasks to queue
[2024-10-13T20:40:15.672-0400] {logging_mixin.py:190} INFO - [2024-10-13T20:40:15.671-0400] {dagbag.py:588} INFO - Filling up the DagBag from /Users/karenwang/anaconda3/envs/airflow_sqlite_env/lib/python3.9/site-packages/airflow/example_dags/example_python_operator.py
[2024-10-13T20:40:15.760-0400] {processor.py:925} INFO - DAG(s) 'example_python_operator' retrieved from /Users/karenwang/anaconda3/envs/airflow_sqlite_env/lib/python3.9/site-packages/airflow/example_dags/example_python_operator.py
[2024-10-13T20:40:16.035-0400] {logging_mixin.py:190} INFO - [2024-10-13T20:40:16.035-0400] {dag.py:3239} INFO - Sync 1 DAGs
[2024-10-13T20:40:16.049-0400] {logging_mixin.py:190} INFO - [2024-10-13T20:40:16.049-0400] {dag.py:4180} INFO - Setting next_dagrun for example_python_operator to None, run_after=None
[2024-10-13T20:40:16.071-0400] {processor.py:208} INFO - Processing /Users/karenwang/anaconda3/envs/airflow_sqlite_env/lib/python3.9/site-packages/airflow/example_dags/example_python_operator.py took 0.409 seconds
[2024-10-13T20:43:56.289-0400] {processor.py:186} INFO - Started process (PID=39033) to work on /Users/karenwang/anaconda3/envs/airflow_sqlite_env/lib/python3.9/site-packages/airflow/example_dags/example_python_operator.py
[2024-10-13T20:43:56.290-0400] {processor.py:914} INFO - Processing file /Users/karenwang/anaconda3/envs/airflow_sqlite_env/lib/python3.9/site-packages/airflow/example_dags/example_python_operator.py for tasks to queue
[2024-10-13T20:43:56.292-0400] {logging_mixin.py:190} INFO - [2024-10-13T20:43:56.292-0400] {dagbag.py:588} INFO - Filling up the DagBag from /Users/karenwang/anaconda3/envs/airflow_sqlite_env/lib/python3.9/site-packages/airflow/example_dags/example_python_operator.py
[2024-10-13T20:43:56.373-0400] {processor.py:925} INFO - DAG(s) 'example_python_operator' retrieved from /Users/karenwang/anaconda3/envs/airflow_sqlite_env/lib/python3.9/site-packages/airflow/example_dags/example_python_operator.py
[2024-10-13T20:43:56.647-0400] {logging_mixin.py:190} INFO - [2024-10-13T20:43:56.647-0400] {dag.py:3239} INFO - Sync 1 DAGs
[2024-10-13T20:43:56.660-0400] {logging_mixin.py:190} INFO - [2024-10-13T20:43:56.660-0400] {dag.py:4180} INFO - Setting next_dagrun for example_python_operator to None, run_after=None
[2024-10-13T20:43:56.686-0400] {processor.py:208} INFO - Processing /Users/karenwang/anaconda3/envs/airflow_sqlite_env/lib/python3.9/site-packages/airflow/example_dags/example_python_operator.py took 0.402 seconds
[2024-10-13T20:47:35.171-0400] {processor.py:186} INFO - Started process (PID=40183) to work on /Users/karenwang/anaconda3/envs/airflow_sqlite_env/lib/python3.9/site-packages/airflow/example_dags/example_python_operator.py
[2024-10-13T20:47:35.172-0400] {processor.py:914} INFO - Processing file /Users/karenwang/anaconda3/envs/airflow_sqlite_env/lib/python3.9/site-packages/airflow/example_dags/example_python_operator.py for tasks to queue
[2024-10-13T20:47:35.174-0400] {logging_mixin.py:190} INFO - [2024-10-13T20:47:35.174-0400] {dagbag.py:588} INFO - Filling up the DagBag from /Users/karenwang/anaconda3/envs/airflow_sqlite_env/lib/python3.9/site-packages/airflow/example_dags/example_python_operator.py
[2024-10-13T20:47:35.259-0400] {processor.py:925} INFO - DAG(s) 'example_python_operator' retrieved from /Users/karenwang/anaconda3/envs/airflow_sqlite_env/lib/python3.9/site-packages/airflow/example_dags/example_python_operator.py
[2024-10-13T20:47:35.509-0400] {logging_mixin.py:190} INFO - [2024-10-13T20:47:35.509-0400] {dag.py:3239} INFO - Sync 1 DAGs
[2024-10-13T20:47:35.522-0400] {logging_mixin.py:190} INFO - [2024-10-13T20:47:35.522-0400] {dag.py:4180} INFO - Setting next_dagrun for example_python_operator to None, run_after=None
[2024-10-13T20:47:35.544-0400] {processor.py:208} INFO - Processing /Users/karenwang/anaconda3/envs/airflow_sqlite_env/lib/python3.9/site-packages/airflow/example_dags/example_python_operator.py took 0.379 seconds
[2024-10-13T20:51:14.206-0400] {processor.py:186} INFO - Started process (PID=41306) to work on /Users/karenwang/anaconda3/envs/airflow_sqlite_env/lib/python3.9/site-packages/airflow/example_dags/example_python_operator.py
[2024-10-13T20:51:14.208-0400] {processor.py:914} INFO - Processing file /Users/karenwang/anaconda3/envs/airflow_sqlite_env/lib/python3.9/site-packages/airflow/example_dags/example_python_operator.py for tasks to queue
[2024-10-13T20:51:14.209-0400] {logging_mixin.py:190} INFO - [2024-10-13T20:51:14.209-0400] {dagbag.py:588} INFO - Filling up the DagBag from /Users/karenwang/anaconda3/envs/airflow_sqlite_env/lib/python3.9/site-packages/airflow/example_dags/example_python_operator.py
[2024-10-13T20:51:14.290-0400] {processor.py:925} INFO - DAG(s) 'example_python_operator' retrieved from /Users/karenwang/anaconda3/envs/airflow_sqlite_env/lib/python3.9/site-packages/airflow/example_dags/example_python_operator.py
[2024-10-13T20:51:14.542-0400] {logging_mixin.py:190} INFO - [2024-10-13T20:51:14.542-0400] {dag.py:3239} INFO - Sync 1 DAGs
[2024-10-13T20:51:14.555-0400] {logging_mixin.py:190} INFO - [2024-10-13T20:51:14.555-0400] {dag.py:4180} INFO - Setting next_dagrun for example_python_operator to None, run_after=None
[2024-10-13T20:51:14.574-0400] {processor.py:208} INFO - Processing /Users/karenwang/anaconda3/envs/airflow_sqlite_env/lib/python3.9/site-packages/airflow/example_dags/example_python_operator.py took 0.375 seconds
[2024-10-13T20:54:52.984-0400] {processor.py:186} INFO - Started process (PID=42442) to work on /Users/karenwang/anaconda3/envs/airflow_sqlite_env/lib/python3.9/site-packages/airflow/example_dags/example_python_operator.py
[2024-10-13T20:54:52.986-0400] {processor.py:914} INFO - Processing file /Users/karenwang/anaconda3/envs/airflow_sqlite_env/lib/python3.9/site-packages/airflow/example_dags/example_python_operator.py for tasks to queue
[2024-10-13T20:54:52.987-0400] {logging_mixin.py:190} INFO - [2024-10-13T20:54:52.987-0400] {dagbag.py:588} INFO - Filling up the DagBag from /Users/karenwang/anaconda3/envs/airflow_sqlite_env/lib/python3.9/site-packages/airflow/example_dags/example_python_operator.py
[2024-10-13T20:54:53.069-0400] {processor.py:925} INFO - DAG(s) 'example_python_operator' retrieved from /Users/karenwang/anaconda3/envs/airflow_sqlite_env/lib/python3.9/site-packages/airflow/example_dags/example_python_operator.py
[2024-10-13T20:54:53.318-0400] {logging_mixin.py:190} INFO - [2024-10-13T20:54:53.318-0400] {dag.py:3239} INFO - Sync 1 DAGs
[2024-10-13T20:54:53.335-0400] {logging_mixin.py:190} INFO - [2024-10-13T20:54:53.335-0400] {dag.py:4180} INFO - Setting next_dagrun for example_python_operator to None, run_after=None
[2024-10-13T20:54:53.357-0400] {processor.py:208} INFO - Processing /Users/karenwang/anaconda3/envs/airflow_sqlite_env/lib/python3.9/site-packages/airflow/example_dags/example_python_operator.py took 0.379 seconds
[2024-10-13T20:58:34.800-0400] {processor.py:186} INFO - Started process (PID=43601) to work on /Users/karenwang/anaconda3/envs/airflow_sqlite_env/lib/python3.9/site-packages/airflow/example_dags/example_python_operator.py
[2024-10-13T20:58:34.802-0400] {processor.py:914} INFO - Processing file /Users/karenwang/anaconda3/envs/airflow_sqlite_env/lib/python3.9/site-packages/airflow/example_dags/example_python_operator.py for tasks to queue
[2024-10-13T20:58:34.804-0400] {logging_mixin.py:190} INFO - [2024-10-13T20:58:34.804-0400] {dagbag.py:588} INFO - Filling up the DagBag from /Users/karenwang/anaconda3/envs/airflow_sqlite_env/lib/python3.9/site-packages/airflow/example_dags/example_python_operator.py
[2024-10-13T20:58:34.881-0400] {processor.py:925} INFO - DAG(s) 'example_python_operator' retrieved from /Users/karenwang/anaconda3/envs/airflow_sqlite_env/lib/python3.9/site-packages/airflow/example_dags/example_python_operator.py
[2024-10-13T20:58:35.149-0400] {logging_mixin.py:190} INFO - [2024-10-13T20:58:35.149-0400] {dag.py:3239} INFO - Sync 1 DAGs
[2024-10-13T20:58:35.167-0400] {logging_mixin.py:190} INFO - [2024-10-13T20:58:35.167-0400] {dag.py:4180} INFO - Setting next_dagrun for example_python_operator to None, run_after=None
[2024-10-13T20:58:35.189-0400] {processor.py:208} INFO - Processing /Users/karenwang/anaconda3/envs/airflow_sqlite_env/lib/python3.9/site-packages/airflow/example_dags/example_python_operator.py took 0.395 seconds
[2024-10-13T21:02:14.539-0400] {processor.py:186} INFO - Started process (PID=44728) to work on /Users/karenwang/anaconda3/envs/airflow_sqlite_env/lib/python3.9/site-packages/airflow/example_dags/example_python_operator.py
[2024-10-13T21:02:14.541-0400] {processor.py:914} INFO - Processing file /Users/karenwang/anaconda3/envs/airflow_sqlite_env/lib/python3.9/site-packages/airflow/example_dags/example_python_operator.py for tasks to queue
[2024-10-13T21:02:14.543-0400] {logging_mixin.py:190} INFO - [2024-10-13T21:02:14.542-0400] {dagbag.py:588} INFO - Filling up the DagBag from /Users/karenwang/anaconda3/envs/airflow_sqlite_env/lib/python3.9/site-packages/airflow/example_dags/example_python_operator.py
[2024-10-13T21:02:14.624-0400] {processor.py:925} INFO - DAG(s) 'example_python_operator' retrieved from /Users/karenwang/anaconda3/envs/airflow_sqlite_env/lib/python3.9/site-packages/airflow/example_dags/example_python_operator.py
[2024-10-13T21:02:14.912-0400] {logging_mixin.py:190} INFO - [2024-10-13T21:02:14.912-0400] {dag.py:3239} INFO - Sync 1 DAGs
[2024-10-13T21:02:14.931-0400] {logging_mixin.py:190} INFO - [2024-10-13T21:02:14.931-0400] {dag.py:4180} INFO - Setting next_dagrun for example_python_operator to None, run_after=None
[2024-10-13T21:02:14.955-0400] {processor.py:208} INFO - Processing /Users/karenwang/anaconda3/envs/airflow_sqlite_env/lib/python3.9/site-packages/airflow/example_dags/example_python_operator.py took 0.423 seconds
[2024-10-13T21:05:54.218-0400] {processor.py:186} INFO - Started process (PID=45860) to work on /Users/karenwang/anaconda3/envs/airflow_sqlite_env/lib/python3.9/site-packages/airflow/example_dags/example_python_operator.py
[2024-10-13T21:05:54.220-0400] {processor.py:914} INFO - Processing file /Users/karenwang/anaconda3/envs/airflow_sqlite_env/lib/python3.9/site-packages/airflow/example_dags/example_python_operator.py for tasks to queue
[2024-10-13T21:05:54.221-0400] {logging_mixin.py:190} INFO - [2024-10-13T21:05:54.221-0400] {dagbag.py:588} INFO - Filling up the DagBag from /Users/karenwang/anaconda3/envs/airflow_sqlite_env/lib/python3.9/site-packages/airflow/example_dags/example_python_operator.py
[2024-10-13T21:05:54.293-0400] {processor.py:925} INFO - DAG(s) 'example_python_operator' retrieved from /Users/karenwang/anaconda3/envs/airflow_sqlite_env/lib/python3.9/site-packages/airflow/example_dags/example_python_operator.py
[2024-10-13T21:05:54.531-0400] {logging_mixin.py:190} INFO - [2024-10-13T21:05:54.531-0400] {dag.py:3239} INFO - Sync 1 DAGs
[2024-10-13T21:05:54.544-0400] {logging_mixin.py:190} INFO - [2024-10-13T21:05:54.544-0400] {dag.py:4180} INFO - Setting next_dagrun for example_python_operator to None, run_after=None
[2024-10-13T21:05:54.567-0400] {processor.py:208} INFO - Processing /Users/karenwang/anaconda3/envs/airflow_sqlite_env/lib/python3.9/site-packages/airflow/example_dags/example_python_operator.py took 0.354 seconds
[2024-10-13T21:11:21.415-0400] {processor.py:186} INFO - Started process (PID=47635) to work on /Users/karenwang/anaconda3/envs/airflow_sqlite_env/lib/python3.9/site-packages/airflow/example_dags/example_python_operator.py
[2024-10-13T21:11:21.417-0400] {processor.py:914} INFO - Processing file /Users/karenwang/anaconda3/envs/airflow_sqlite_env/lib/python3.9/site-packages/airflow/example_dags/example_python_operator.py for tasks to queue
[2024-10-13T21:11:21.418-0400] {logging_mixin.py:190} INFO - [2024-10-13T21:11:21.418-0400] {dagbag.py:588} INFO - Filling up the DagBag from /Users/karenwang/anaconda3/envs/airflow_sqlite_env/lib/python3.9/site-packages/airflow/example_dags/example_python_operator.py
[2024-10-13T21:11:21.495-0400] {processor.py:925} INFO - DAG(s) 'example_python_operator' retrieved from /Users/karenwang/anaconda3/envs/airflow_sqlite_env/lib/python3.9/site-packages/airflow/example_dags/example_python_operator.py
[2024-10-13T21:11:21.770-0400] {logging_mixin.py:190} INFO - [2024-10-13T21:11:21.770-0400] {dag.py:3239} INFO - Sync 1 DAGs
[2024-10-13T21:11:21.786-0400] {logging_mixin.py:190} INFO - [2024-10-13T21:11:21.785-0400] {dag.py:4180} INFO - Setting next_dagrun for example_python_operator to None, run_after=None
[2024-10-13T21:11:21.805-0400] {processor.py:208} INFO - Processing /Users/karenwang/anaconda3/envs/airflow_sqlite_env/lib/python3.9/site-packages/airflow/example_dags/example_python_operator.py took 0.396 seconds
[2024-10-13T21:15:58.337-0400] {processor.py:186} INFO - Started process (PID=49292) to work on /Users/karenwang/anaconda3/envs/airflow_sqlite_env/lib/python3.9/site-packages/airflow/example_dags/example_python_operator.py
[2024-10-13T21:15:58.338-0400] {processor.py:914} INFO - Processing file /Users/karenwang/anaconda3/envs/airflow_sqlite_env/lib/python3.9/site-packages/airflow/example_dags/example_python_operator.py for tasks to queue
[2024-10-13T21:15:58.340-0400] {logging_mixin.py:190} INFO - [2024-10-13T21:15:58.339-0400] {dagbag.py:588} INFO - Filling up the DagBag from /Users/karenwang/anaconda3/envs/airflow_sqlite_env/lib/python3.9/site-packages/airflow/example_dags/example_python_operator.py
[2024-10-13T21:15:58.427-0400] {processor.py:925} INFO - DAG(s) 'example_python_operator' retrieved from /Users/karenwang/anaconda3/envs/airflow_sqlite_env/lib/python3.9/site-packages/airflow/example_dags/example_python_operator.py
[2024-10-13T21:15:58.726-0400] {logging_mixin.py:190} INFO - [2024-10-13T21:15:58.726-0400] {dag.py:3239} INFO - Sync 1 DAGs
[2024-10-13T21:15:58.740-0400] {logging_mixin.py:190} INFO - [2024-10-13T21:15:58.739-0400] {dag.py:4180} INFO - Setting next_dagrun for example_python_operator to None, run_after=None
[2024-10-13T21:15:58.762-0400] {processor.py:208} INFO - Processing /Users/karenwang/anaconda3/envs/airflow_sqlite_env/lib/python3.9/site-packages/airflow/example_dags/example_python_operator.py took 0.431 seconds
[2024-10-13T21:19:45.285-0400] {processor.py:186} INFO - Started process (PID=50486) to work on /Users/karenwang/anaconda3/envs/airflow_sqlite_env/lib/python3.9/site-packages/airflow/example_dags/example_python_operator.py
[2024-10-13T21:19:45.286-0400] {processor.py:914} INFO - Processing file /Users/karenwang/anaconda3/envs/airflow_sqlite_env/lib/python3.9/site-packages/airflow/example_dags/example_python_operator.py for tasks to queue
[2024-10-13T21:19:45.288-0400] {logging_mixin.py:190} INFO - [2024-10-13T21:19:45.287-0400] {dagbag.py:588} INFO - Filling up the DagBag from /Users/karenwang/anaconda3/envs/airflow_sqlite_env/lib/python3.9/site-packages/airflow/example_dags/example_python_operator.py
[2024-10-13T21:19:45.375-0400] {processor.py:925} INFO - DAG(s) 'example_python_operator' retrieved from /Users/karenwang/anaconda3/envs/airflow_sqlite_env/lib/python3.9/site-packages/airflow/example_dags/example_python_operator.py
[2024-10-13T21:19:45.620-0400] {logging_mixin.py:190} INFO - [2024-10-13T21:19:45.620-0400] {dag.py:3239} INFO - Sync 1 DAGs
[2024-10-13T21:19:45.634-0400] {logging_mixin.py:190} INFO - [2024-10-13T21:19:45.634-0400] {dag.py:4180} INFO - Setting next_dagrun for example_python_operator to None, run_after=None
[2024-10-13T21:19:45.657-0400] {processor.py:208} INFO - Processing /Users/karenwang/anaconda3/envs/airflow_sqlite_env/lib/python3.9/site-packages/airflow/example_dags/example_python_operator.py took 0.377 seconds
[2024-10-13T21:23:26.516-0400] {processor.py:186} INFO - Started process (PID=51613) to work on /Users/karenwang/anaconda3/envs/airflow_sqlite_env/lib/python3.9/site-packages/airflow/example_dags/example_python_operator.py
[2024-10-13T21:23:26.518-0400] {processor.py:914} INFO - Processing file /Users/karenwang/anaconda3/envs/airflow_sqlite_env/lib/python3.9/site-packages/airflow/example_dags/example_python_operator.py for tasks to queue
[2024-10-13T21:23:26.519-0400] {logging_mixin.py:190} INFO - [2024-10-13T21:23:26.519-0400] {dagbag.py:588} INFO - Filling up the DagBag from /Users/karenwang/anaconda3/envs/airflow_sqlite_env/lib/python3.9/site-packages/airflow/example_dags/example_python_operator.py
[2024-10-13T21:23:26.600-0400] {processor.py:925} INFO - DAG(s) 'example_python_operator' retrieved from /Users/karenwang/anaconda3/envs/airflow_sqlite_env/lib/python3.9/site-packages/airflow/example_dags/example_python_operator.py
[2024-10-13T21:23:26.899-0400] {logging_mixin.py:190} INFO - [2024-10-13T21:23:26.899-0400] {dag.py:3239} INFO - Sync 1 DAGs
[2024-10-13T21:23:26.918-0400] {logging_mixin.py:190} INFO - [2024-10-13T21:23:26.917-0400] {dag.py:4180} INFO - Setting next_dagrun for example_python_operator to None, run_after=None
[2024-10-13T21:23:26.941-0400] {processor.py:208} INFO - Processing /Users/karenwang/anaconda3/envs/airflow_sqlite_env/lib/python3.9/site-packages/airflow/example_dags/example_python_operator.py took 0.431 seconds
[2024-10-13T21:27:05.485-0400] {processor.py:186} INFO - Started process (PID=52755) to work on /Users/karenwang/anaconda3/envs/airflow_sqlite_env/lib/python3.9/site-packages/airflow/example_dags/example_python_operator.py
[2024-10-13T21:27:05.486-0400] {processor.py:914} INFO - Processing file /Users/karenwang/anaconda3/envs/airflow_sqlite_env/lib/python3.9/site-packages/airflow/example_dags/example_python_operator.py for tasks to queue
[2024-10-13T21:27:05.487-0400] {logging_mixin.py:190} INFO - [2024-10-13T21:27:05.487-0400] {dagbag.py:588} INFO - Filling up the DagBag from /Users/karenwang/anaconda3/envs/airflow_sqlite_env/lib/python3.9/site-packages/airflow/example_dags/example_python_operator.py
[2024-10-13T21:27:05.563-0400] {processor.py:925} INFO - DAG(s) 'example_python_operator' retrieved from /Users/karenwang/anaconda3/envs/airflow_sqlite_env/lib/python3.9/site-packages/airflow/example_dags/example_python_operator.py
[2024-10-13T21:27:05.831-0400] {logging_mixin.py:190} INFO - [2024-10-13T21:27:05.831-0400] {dag.py:3239} INFO - Sync 1 DAGs
[2024-10-13T21:27:05.850-0400] {logging_mixin.py:190} INFO - [2024-10-13T21:27:05.849-0400] {dag.py:4180} INFO - Setting next_dagrun for example_python_operator to None, run_after=None
[2024-10-13T21:27:05.875-0400] {processor.py:208} INFO - Processing /Users/karenwang/anaconda3/envs/airflow_sqlite_env/lib/python3.9/site-packages/airflow/example_dags/example_python_operator.py took 0.396 seconds
[2024-10-13T21:31:01.803-0400] {processor.py:186} INFO - Started process (PID=54002) to work on /Users/karenwang/anaconda3/envs/airflow_sqlite_env/lib/python3.9/site-packages/airflow/example_dags/example_python_operator.py
[2024-10-13T21:31:01.805-0400] {processor.py:914} INFO - Processing file /Users/karenwang/anaconda3/envs/airflow_sqlite_env/lib/python3.9/site-packages/airflow/example_dags/example_python_operator.py for tasks to queue
[2024-10-13T21:31:01.806-0400] {logging_mixin.py:190} INFO - [2024-10-13T21:31:01.806-0400] {dagbag.py:588} INFO - Filling up the DagBag from /Users/karenwang/anaconda3/envs/airflow_sqlite_env/lib/python3.9/site-packages/airflow/example_dags/example_python_operator.py
[2024-10-13T21:31:01.901-0400] {processor.py:925} INFO - DAG(s) 'example_python_operator' retrieved from /Users/karenwang/anaconda3/envs/airflow_sqlite_env/lib/python3.9/site-packages/airflow/example_dags/example_python_operator.py
[2024-10-13T21:31:02.216-0400] {logging_mixin.py:190} INFO - [2024-10-13T21:31:02.216-0400] {dag.py:3239} INFO - Sync 1 DAGs
[2024-10-13T21:31:02.239-0400] {logging_mixin.py:190} INFO - [2024-10-13T21:31:02.239-0400] {dag.py:4180} INFO - Setting next_dagrun for example_python_operator to None, run_after=None
[2024-10-13T21:31:02.271-0400] {processor.py:208} INFO - Processing /Users/karenwang/anaconda3/envs/airflow_sqlite_env/lib/python3.9/site-packages/airflow/example_dags/example_python_operator.py took 0.474 seconds
[2024-10-13T21:34:58.488-0400] {processor.py:186} INFO - Started process (PID=55228) to work on /Users/karenwang/anaconda3/envs/airflow_sqlite_env/lib/python3.9/site-packages/airflow/example_dags/example_python_operator.py
[2024-10-13T21:34:58.489-0400] {processor.py:914} INFO - Processing file /Users/karenwang/anaconda3/envs/airflow_sqlite_env/lib/python3.9/site-packages/airflow/example_dags/example_python_operator.py for tasks to queue
[2024-10-13T21:34:58.491-0400] {logging_mixin.py:190} INFO - [2024-10-13T21:34:58.490-0400] {dagbag.py:588} INFO - Filling up the DagBag from /Users/karenwang/anaconda3/envs/airflow_sqlite_env/lib/python3.9/site-packages/airflow/example_dags/example_python_operator.py
[2024-10-13T21:34:58.573-0400] {processor.py:925} INFO - DAG(s) 'example_python_operator' retrieved from /Users/karenwang/anaconda3/envs/airflow_sqlite_env/lib/python3.9/site-packages/airflow/example_dags/example_python_operator.py
[2024-10-13T21:34:58.842-0400] {logging_mixin.py:190} INFO - [2024-10-13T21:34:58.841-0400] {dag.py:3239} INFO - Sync 1 DAGs
[2024-10-13T21:34:58.855-0400] {logging_mixin.py:190} INFO - [2024-10-13T21:34:58.855-0400] {dag.py:4180} INFO - Setting next_dagrun for example_python_operator to None, run_after=None
[2024-10-13T21:34:58.876-0400] {processor.py:208} INFO - Processing /Users/karenwang/anaconda3/envs/airflow_sqlite_env/lib/python3.9/site-packages/airflow/example_dags/example_python_operator.py took 0.395 seconds
[2024-10-13T21:38:51.464-0400] {processor.py:186} INFO - Started process (PID=56456) to work on /Users/karenwang/anaconda3/envs/airflow_sqlite_env/lib/python3.9/site-packages/airflow/example_dags/example_python_operator.py
[2024-10-13T21:38:51.465-0400] {processor.py:914} INFO - Processing file /Users/karenwang/anaconda3/envs/airflow_sqlite_env/lib/python3.9/site-packages/airflow/example_dags/example_python_operator.py for tasks to queue
[2024-10-13T21:38:51.467-0400] {logging_mixin.py:190} INFO - [2024-10-13T21:38:51.467-0400] {dagbag.py:588} INFO - Filling up the DagBag from /Users/karenwang/anaconda3/envs/airflow_sqlite_env/lib/python3.9/site-packages/airflow/example_dags/example_python_operator.py
[2024-10-13T21:38:51.556-0400] {processor.py:925} INFO - DAG(s) 'example_python_operator' retrieved from /Users/karenwang/anaconda3/envs/airflow_sqlite_env/lib/python3.9/site-packages/airflow/example_dags/example_python_operator.py
[2024-10-13T21:38:51.808-0400] {logging_mixin.py:190} INFO - [2024-10-13T21:38:51.807-0400] {dag.py:3239} INFO - Sync 1 DAGs
[2024-10-13T21:38:51.826-0400] {logging_mixin.py:190} INFO - [2024-10-13T21:38:51.825-0400] {dag.py:4180} INFO - Setting next_dagrun for example_python_operator to None, run_after=None
[2024-10-13T21:38:51.847-0400] {processor.py:208} INFO - Processing /Users/karenwang/anaconda3/envs/airflow_sqlite_env/lib/python3.9/site-packages/airflow/example_dags/example_python_operator.py took 0.390 seconds
[2024-10-13T21:42:48.274-0400] {processor.py:186} INFO - Started process (PID=57666) to work on /Users/karenwang/anaconda3/envs/airflow_sqlite_env/lib/python3.9/site-packages/airflow/example_dags/example_python_operator.py
[2024-10-13T21:42:48.276-0400] {processor.py:914} INFO - Processing file /Users/karenwang/anaconda3/envs/airflow_sqlite_env/lib/python3.9/site-packages/airflow/example_dags/example_python_operator.py for tasks to queue
[2024-10-13T21:42:48.277-0400] {logging_mixin.py:190} INFO - [2024-10-13T21:42:48.277-0400] {dagbag.py:588} INFO - Filling up the DagBag from /Users/karenwang/anaconda3/envs/airflow_sqlite_env/lib/python3.9/site-packages/airflow/example_dags/example_python_operator.py
[2024-10-13T21:42:48.367-0400] {processor.py:925} INFO - DAG(s) 'example_python_operator' retrieved from /Users/karenwang/anaconda3/envs/airflow_sqlite_env/lib/python3.9/site-packages/airflow/example_dags/example_python_operator.py
[2024-10-13T21:42:48.649-0400] {logging_mixin.py:190} INFO - [2024-10-13T21:42:48.649-0400] {dag.py:3239} INFO - Sync 1 DAGs
[2024-10-13T21:42:48.665-0400] {logging_mixin.py:190} INFO - [2024-10-13T21:42:48.665-0400] {dag.py:4180} INFO - Setting next_dagrun for example_python_operator to None, run_after=None
[2024-10-13T21:42:48.688-0400] {processor.py:208} INFO - Processing /Users/karenwang/anaconda3/envs/airflow_sqlite_env/lib/python3.9/site-packages/airflow/example_dags/example_python_operator.py took 0.421 seconds
[2024-10-13T21:46:39.273-0400] {processor.py:186} INFO - Started process (PID=58848) to work on /Users/karenwang/anaconda3/envs/airflow_sqlite_env/lib/python3.9/site-packages/airflow/example_dags/example_python_operator.py
[2024-10-13T21:46:39.275-0400] {processor.py:914} INFO - Processing file /Users/karenwang/anaconda3/envs/airflow_sqlite_env/lib/python3.9/site-packages/airflow/example_dags/example_python_operator.py for tasks to queue
[2024-10-13T21:46:39.277-0400] {logging_mixin.py:190} INFO - [2024-10-13T21:46:39.276-0400] {dagbag.py:588} INFO - Filling up the DagBag from /Users/karenwang/anaconda3/envs/airflow_sqlite_env/lib/python3.9/site-packages/airflow/example_dags/example_python_operator.py
[2024-10-13T21:46:39.364-0400] {processor.py:925} INFO - DAG(s) 'example_python_operator' retrieved from /Users/karenwang/anaconda3/envs/airflow_sqlite_env/lib/python3.9/site-packages/airflow/example_dags/example_python_operator.py
[2024-10-13T21:46:39.675-0400] {logging_mixin.py:190} INFO - [2024-10-13T21:46:39.674-0400] {dag.py:3239} INFO - Sync 1 DAGs
[2024-10-13T21:46:39.694-0400] {logging_mixin.py:190} INFO - [2024-10-13T21:46:39.693-0400] {dag.py:4180} INFO - Setting next_dagrun for example_python_operator to None, run_after=None
[2024-10-13T21:46:39.723-0400] {processor.py:208} INFO - Processing /Users/karenwang/anaconda3/envs/airflow_sqlite_env/lib/python3.9/site-packages/airflow/example_dags/example_python_operator.py took 0.456 seconds
[2024-10-13T21:50:39.985-0400] {processor.py:186} INFO - Started process (PID=60115) to work on /Users/karenwang/anaconda3/envs/airflow_sqlite_env/lib/python3.9/site-packages/airflow/example_dags/example_python_operator.py
[2024-10-13T21:50:39.987-0400] {processor.py:914} INFO - Processing file /Users/karenwang/anaconda3/envs/airflow_sqlite_env/lib/python3.9/site-packages/airflow/example_dags/example_python_operator.py for tasks to queue
[2024-10-13T21:50:39.988-0400] {logging_mixin.py:190} INFO - [2024-10-13T21:50:39.988-0400] {dagbag.py:588} INFO - Filling up the DagBag from /Users/karenwang/anaconda3/envs/airflow_sqlite_env/lib/python3.9/site-packages/airflow/example_dags/example_python_operator.py
[2024-10-13T21:50:40.067-0400] {processor.py:925} INFO - DAG(s) 'example_python_operator' retrieved from /Users/karenwang/anaconda3/envs/airflow_sqlite_env/lib/python3.9/site-packages/airflow/example_dags/example_python_operator.py
[2024-10-13T21:50:40.389-0400] {logging_mixin.py:190} INFO - [2024-10-13T21:50:40.389-0400] {dag.py:3239} INFO - Sync 1 DAGs
[2024-10-13T21:50:40.405-0400] {logging_mixin.py:190} INFO - [2024-10-13T21:50:40.404-0400] {dag.py:4180} INFO - Setting next_dagrun for example_python_operator to None, run_after=None
[2024-10-13T21:50:40.430-0400] {processor.py:208} INFO - Processing /Users/karenwang/anaconda3/envs/airflow_sqlite_env/lib/python3.9/site-packages/airflow/example_dags/example_python_operator.py took 0.450 seconds
[2024-10-13T21:54:43.400-0400] {processor.py:186} INFO - Started process (PID=61359) to work on /Users/karenwang/anaconda3/envs/airflow_sqlite_env/lib/python3.9/site-packages/airflow/example_dags/example_python_operator.py
[2024-10-13T21:54:43.402-0400] {processor.py:914} INFO - Processing file /Users/karenwang/anaconda3/envs/airflow_sqlite_env/lib/python3.9/site-packages/airflow/example_dags/example_python_operator.py for tasks to queue
[2024-10-13T21:54:43.404-0400] {logging_mixin.py:190} INFO - [2024-10-13T21:54:43.403-0400] {dagbag.py:588} INFO - Filling up the DagBag from /Users/karenwang/anaconda3/envs/airflow_sqlite_env/lib/python3.9/site-packages/airflow/example_dags/example_python_operator.py
[2024-10-13T21:54:43.493-0400] {processor.py:925} INFO - DAG(s) 'example_python_operator' retrieved from /Users/karenwang/anaconda3/envs/airflow_sqlite_env/lib/python3.9/site-packages/airflow/example_dags/example_python_operator.py
[2024-10-13T21:54:43.817-0400] {logging_mixin.py:190} INFO - [2024-10-13T21:54:43.817-0400] {dag.py:3239} INFO - Sync 1 DAGs
[2024-10-13T21:54:43.833-0400] {logging_mixin.py:190} INFO - [2024-10-13T21:54:43.833-0400] {dag.py:4180} INFO - Setting next_dagrun for example_python_operator to None, run_after=None
[2024-10-13T21:54:43.857-0400] {processor.py:208} INFO - Processing /Users/karenwang/anaconda3/envs/airflow_sqlite_env/lib/python3.9/site-packages/airflow/example_dags/example_python_operator.py took 0.462 seconds
[2024-10-13T21:58:36.441-0400] {processor.py:186} INFO - Started process (PID=62566) to work on /Users/karenwang/anaconda3/envs/airflow_sqlite_env/lib/python3.9/site-packages/airflow/example_dags/example_python_operator.py
[2024-10-13T21:58:36.442-0400] {processor.py:914} INFO - Processing file /Users/karenwang/anaconda3/envs/airflow_sqlite_env/lib/python3.9/site-packages/airflow/example_dags/example_python_operator.py for tasks to queue
[2024-10-13T21:58:36.443-0400] {logging_mixin.py:190} INFO - [2024-10-13T21:58:36.443-0400] {dagbag.py:588} INFO - Filling up the DagBag from /Users/karenwang/anaconda3/envs/airflow_sqlite_env/lib/python3.9/site-packages/airflow/example_dags/example_python_operator.py
[2024-10-13T21:58:36.517-0400] {processor.py:925} INFO - DAG(s) 'example_python_operator' retrieved from /Users/karenwang/anaconda3/envs/airflow_sqlite_env/lib/python3.9/site-packages/airflow/example_dags/example_python_operator.py
[2024-10-13T21:58:36.826-0400] {logging_mixin.py:190} INFO - [2024-10-13T21:58:36.825-0400] {dag.py:3239} INFO - Sync 1 DAGs
[2024-10-13T21:58:36.842-0400] {logging_mixin.py:190} INFO - [2024-10-13T21:58:36.842-0400] {dag.py:4180} INFO - Setting next_dagrun for example_python_operator to None, run_after=None
[2024-10-13T21:58:36.868-0400] {processor.py:208} INFO - Processing /Users/karenwang/anaconda3/envs/airflow_sqlite_env/lib/python3.9/site-packages/airflow/example_dags/example_python_operator.py took 0.433 seconds
[2024-10-13T22:02:27.315-0400] {processor.py:186} INFO - Started process (PID=63759) to work on /Users/karenwang/anaconda3/envs/airflow_sqlite_env/lib/python3.9/site-packages/airflow/example_dags/example_python_operator.py
[2024-10-13T22:02:27.316-0400] {processor.py:914} INFO - Processing file /Users/karenwang/anaconda3/envs/airflow_sqlite_env/lib/python3.9/site-packages/airflow/example_dags/example_python_operator.py for tasks to queue
[2024-10-13T22:02:27.318-0400] {logging_mixin.py:190} INFO - [2024-10-13T22:02:27.317-0400] {dagbag.py:588} INFO - Filling up the DagBag from /Users/karenwang/anaconda3/envs/airflow_sqlite_env/lib/python3.9/site-packages/airflow/example_dags/example_python_operator.py
[2024-10-13T22:02:27.406-0400] {processor.py:925} INFO - DAG(s) 'example_python_operator' retrieved from /Users/karenwang/anaconda3/envs/airflow_sqlite_env/lib/python3.9/site-packages/airflow/example_dags/example_python_operator.py
[2024-10-13T22:02:27.707-0400] {logging_mixin.py:190} INFO - [2024-10-13T22:02:27.706-0400] {dag.py:3239} INFO - Sync 1 DAGs
[2024-10-13T22:02:27.723-0400] {logging_mixin.py:190} INFO - [2024-10-13T22:02:27.722-0400] {dag.py:4180} INFO - Setting next_dagrun for example_python_operator to None, run_after=None
[2024-10-13T22:02:27.745-0400] {processor.py:208} INFO - Processing /Users/karenwang/anaconda3/envs/airflow_sqlite_env/lib/python3.9/site-packages/airflow/example_dags/example_python_operator.py took 0.438 seconds
[2024-10-13T22:06:21.791-0400] {processor.py:186} INFO - Started process (PID=64959) to work on /Users/karenwang/anaconda3/envs/airflow_sqlite_env/lib/python3.9/site-packages/airflow/example_dags/example_python_operator.py
[2024-10-13T22:06:21.792-0400] {processor.py:914} INFO - Processing file /Users/karenwang/anaconda3/envs/airflow_sqlite_env/lib/python3.9/site-packages/airflow/example_dags/example_python_operator.py for tasks to queue
[2024-10-13T22:06:21.793-0400] {logging_mixin.py:190} INFO - [2024-10-13T22:06:21.793-0400] {dagbag.py:588} INFO - Filling up the DagBag from /Users/karenwang/anaconda3/envs/airflow_sqlite_env/lib/python3.9/site-packages/airflow/example_dags/example_python_operator.py
[2024-10-13T22:06:21.881-0400] {processor.py:925} INFO - DAG(s) 'example_python_operator' retrieved from /Users/karenwang/anaconda3/envs/airflow_sqlite_env/lib/python3.9/site-packages/airflow/example_dags/example_python_operator.py
[2024-10-13T22:06:22.179-0400] {logging_mixin.py:190} INFO - [2024-10-13T22:06:22.178-0400] {dag.py:3239} INFO - Sync 1 DAGs
[2024-10-13T22:06:22.196-0400] {logging_mixin.py:190} INFO - [2024-10-13T22:06:22.196-0400] {dag.py:4180} INFO - Setting next_dagrun for example_python_operator to None, run_after=None
[2024-10-13T22:06:22.221-0400] {processor.py:208} INFO - Processing /Users/karenwang/anaconda3/envs/airflow_sqlite_env/lib/python3.9/site-packages/airflow/example_dags/example_python_operator.py took 0.437 seconds
[2024-10-13T22:10:20.754-0400] {processor.py:186} INFO - Started process (PID=66200) to work on /Users/karenwang/anaconda3/envs/airflow_sqlite_env/lib/python3.9/site-packages/airflow/example_dags/example_python_operator.py
[2024-10-13T22:10:20.756-0400] {processor.py:914} INFO - Processing file /Users/karenwang/anaconda3/envs/airflow_sqlite_env/lib/python3.9/site-packages/airflow/example_dags/example_python_operator.py for tasks to queue
[2024-10-13T22:10:20.757-0400] {logging_mixin.py:190} INFO - [2024-10-13T22:10:20.756-0400] {dagbag.py:588} INFO - Filling up the DagBag from /Users/karenwang/anaconda3/envs/airflow_sqlite_env/lib/python3.9/site-packages/airflow/example_dags/example_python_operator.py
[2024-10-13T22:10:20.841-0400] {processor.py:925} INFO - DAG(s) 'example_python_operator' retrieved from /Users/karenwang/anaconda3/envs/airflow_sqlite_env/lib/python3.9/site-packages/airflow/example_dags/example_python_operator.py
[2024-10-13T22:10:21.145-0400] {logging_mixin.py:190} INFO - [2024-10-13T22:10:21.145-0400] {dag.py:3239} INFO - Sync 1 DAGs
[2024-10-13T22:10:21.166-0400] {logging_mixin.py:190} INFO - [2024-10-13T22:10:21.165-0400] {dag.py:4180} INFO - Setting next_dagrun for example_python_operator to None, run_after=None
[2024-10-13T22:10:21.189-0400] {processor.py:208} INFO - Processing /Users/karenwang/anaconda3/envs/airflow_sqlite_env/lib/python3.9/site-packages/airflow/example_dags/example_python_operator.py took 0.440 seconds
[2024-10-13T22:14:12.732-0400] {processor.py:186} INFO - Started process (PID=67388) to work on /Users/karenwang/anaconda3/envs/airflow_sqlite_env/lib/python3.9/site-packages/airflow/example_dags/example_python_operator.py
[2024-10-13T22:14:12.733-0400] {processor.py:914} INFO - Processing file /Users/karenwang/anaconda3/envs/airflow_sqlite_env/lib/python3.9/site-packages/airflow/example_dags/example_python_operator.py for tasks to queue
[2024-10-13T22:14:12.734-0400] {logging_mixin.py:190} INFO - [2024-10-13T22:14:12.734-0400] {dagbag.py:588} INFO - Filling up the DagBag from /Users/karenwang/anaconda3/envs/airflow_sqlite_env/lib/python3.9/site-packages/airflow/example_dags/example_python_operator.py
[2024-10-13T22:14:12.823-0400] {processor.py:925} INFO - DAG(s) 'example_python_operator' retrieved from /Users/karenwang/anaconda3/envs/airflow_sqlite_env/lib/python3.9/site-packages/airflow/example_dags/example_python_operator.py
[2024-10-13T22:14:13.142-0400] {logging_mixin.py:190} INFO - [2024-10-13T22:14:13.142-0400] {dag.py:3239} INFO - Sync 1 DAGs
[2024-10-13T22:14:13.158-0400] {logging_mixin.py:190} INFO - [2024-10-13T22:14:13.158-0400] {dag.py:4180} INFO - Setting next_dagrun for example_python_operator to None, run_after=None
[2024-10-13T22:14:13.186-0400] {processor.py:208} INFO - Processing /Users/karenwang/anaconda3/envs/airflow_sqlite_env/lib/python3.9/site-packages/airflow/example_dags/example_python_operator.py took 0.460 seconds
[2024-10-13T22:18:14.318-0400] {processor.py:186} INFO - Started process (PID=68619) to work on /Users/karenwang/anaconda3/envs/airflow_sqlite_env/lib/python3.9/site-packages/airflow/example_dags/example_python_operator.py
[2024-10-13T22:18:14.320-0400] {processor.py:914} INFO - Processing file /Users/karenwang/anaconda3/envs/airflow_sqlite_env/lib/python3.9/site-packages/airflow/example_dags/example_python_operator.py for tasks to queue
[2024-10-13T22:18:14.321-0400] {logging_mixin.py:190} INFO - [2024-10-13T22:18:14.321-0400] {dagbag.py:588} INFO - Filling up the DagBag from /Users/karenwang/anaconda3/envs/airflow_sqlite_env/lib/python3.9/site-packages/airflow/example_dags/example_python_operator.py
[2024-10-13T22:18:14.406-0400] {processor.py:925} INFO - DAG(s) 'example_python_operator' retrieved from /Users/karenwang/anaconda3/envs/airflow_sqlite_env/lib/python3.9/site-packages/airflow/example_dags/example_python_operator.py
[2024-10-13T22:18:14.699-0400] {logging_mixin.py:190} INFO - [2024-10-13T22:18:14.699-0400] {dag.py:3239} INFO - Sync 1 DAGs
[2024-10-13T22:18:14.714-0400] {logging_mixin.py:190} INFO - [2024-10-13T22:18:14.714-0400] {dag.py:4180} INFO - Setting next_dagrun for example_python_operator to None, run_after=None
[2024-10-13T22:18:14.741-0400] {processor.py:208} INFO - Processing /Users/karenwang/anaconda3/envs/airflow_sqlite_env/lib/python3.9/site-packages/airflow/example_dags/example_python_operator.py took 0.429 seconds
[2024-10-13T22:22:15.649-0400] {processor.py:186} INFO - Started process (PID=69873) to work on /Users/karenwang/anaconda3/envs/airflow_sqlite_env/lib/python3.9/site-packages/airflow/example_dags/example_python_operator.py
[2024-10-13T22:22:15.651-0400] {processor.py:914} INFO - Processing file /Users/karenwang/anaconda3/envs/airflow_sqlite_env/lib/python3.9/site-packages/airflow/example_dags/example_python_operator.py for tasks to queue
[2024-10-13T22:22:15.652-0400] {logging_mixin.py:190} INFO - [2024-10-13T22:22:15.652-0400] {dagbag.py:588} INFO - Filling up the DagBag from /Users/karenwang/anaconda3/envs/airflow_sqlite_env/lib/python3.9/site-packages/airflow/example_dags/example_python_operator.py
[2024-10-13T22:22:15.736-0400] {processor.py:925} INFO - DAG(s) 'example_python_operator' retrieved from /Users/karenwang/anaconda3/envs/airflow_sqlite_env/lib/python3.9/site-packages/airflow/example_dags/example_python_operator.py
[2024-10-13T22:22:16.040-0400] {logging_mixin.py:190} INFO - [2024-10-13T22:22:16.040-0400] {dag.py:3239} INFO - Sync 1 DAGs
[2024-10-13T22:22:16.057-0400] {logging_mixin.py:190} INFO - [2024-10-13T22:22:16.057-0400] {dag.py:4180} INFO - Setting next_dagrun for example_python_operator to None, run_after=None
[2024-10-13T22:22:16.081-0400] {processor.py:208} INFO - Processing /Users/karenwang/anaconda3/envs/airflow_sqlite_env/lib/python3.9/site-packages/airflow/example_dags/example_python_operator.py took 0.438 seconds
[2024-10-13T22:26:25.152-0400] {processor.py:186} INFO - Started process (PID=71209) to work on /Users/karenwang/anaconda3/envs/airflow_sqlite_env/lib/python3.9/site-packages/airflow/example_dags/example_python_operator.py
[2024-10-13T22:26:25.154-0400] {processor.py:914} INFO - Processing file /Users/karenwang/anaconda3/envs/airflow_sqlite_env/lib/python3.9/site-packages/airflow/example_dags/example_python_operator.py for tasks to queue
[2024-10-13T22:26:25.155-0400] {logging_mixin.py:190} INFO - [2024-10-13T22:26:25.155-0400] {dagbag.py:588} INFO - Filling up the DagBag from /Users/karenwang/anaconda3/envs/airflow_sqlite_env/lib/python3.9/site-packages/airflow/example_dags/example_python_operator.py
[2024-10-13T22:26:25.249-0400] {processor.py:925} INFO - DAG(s) 'example_python_operator' retrieved from /Users/karenwang/anaconda3/envs/airflow_sqlite_env/lib/python3.9/site-packages/airflow/example_dags/example_python_operator.py
[2024-10-13T22:26:25.569-0400] {logging_mixin.py:190} INFO - [2024-10-13T22:26:25.568-0400] {dag.py:3239} INFO - Sync 1 DAGs
[2024-10-13T22:26:25.589-0400] {logging_mixin.py:190} INFO - [2024-10-13T22:26:25.589-0400] {dag.py:4180} INFO - Setting next_dagrun for example_python_operator to None, run_after=None
[2024-10-13T22:26:25.633-0400] {processor.py:208} INFO - Processing /Users/karenwang/anaconda3/envs/airflow_sqlite_env/lib/python3.9/site-packages/airflow/example_dags/example_python_operator.py took 0.486 seconds
[2024-10-13T22:34:58.502-0400] {processor.py:186} INFO - Started process (PID=74081) to work on /Users/karenwang/anaconda3/envs/airflow_sqlite_env/lib/python3.9/site-packages/airflow/example_dags/example_python_operator.py
[2024-10-13T22:34:58.505-0400] {processor.py:914} INFO - Processing file /Users/karenwang/anaconda3/envs/airflow_sqlite_env/lib/python3.9/site-packages/airflow/example_dags/example_python_operator.py for tasks to queue
[2024-10-13T22:34:58.506-0400] {logging_mixin.py:190} INFO - [2024-10-13T22:34:58.506-0400] {dagbag.py:588} INFO - Filling up the DagBag from /Users/karenwang/anaconda3/envs/airflow_sqlite_env/lib/python3.9/site-packages/airflow/example_dags/example_python_operator.py
[2024-10-13T22:34:58.596-0400] {processor.py:925} INFO - DAG(s) 'example_python_operator' retrieved from /Users/karenwang/anaconda3/envs/airflow_sqlite_env/lib/python3.9/site-packages/airflow/example_dags/example_python_operator.py
[2024-10-13T22:34:58.885-0400] {logging_mixin.py:190} INFO - [2024-10-13T22:34:58.885-0400] {dag.py:3239} INFO - Sync 1 DAGs
[2024-10-13T22:34:58.905-0400] {logging_mixin.py:190} INFO - [2024-10-13T22:34:58.905-0400] {dag.py:4180} INFO - Setting next_dagrun for example_python_operator to None, run_after=None
[2024-10-13T22:34:58.937-0400] {processor.py:208} INFO - Processing /Users/karenwang/anaconda3/envs/airflow_sqlite_env/lib/python3.9/site-packages/airflow/example_dags/example_python_operator.py took 0.441 seconds
