[2024-10-13T20:02:45.617-0400] {processor.py:186} INFO - Started process (PID=25960) to work on /Users/karenwang/anaconda3/envs/airflow_sqlite_env/lib/python3.9/site-packages/airflow/example_dags/example_inlet_event_extra.py
[2024-10-13T20:02:45.619-0400] {processor.py:914} INFO - Processing file /Users/karenwang/anaconda3/envs/airflow_sqlite_env/lib/python3.9/site-packages/airflow/example_dags/example_inlet_event_extra.py for tasks to queue
[2024-10-13T20:02:45.620-0400] {logging_mixin.py:190} INFO - [2024-10-13T20:02:45.620-0400] {dagbag.py:588} INFO - Filling up the DagBag from /Users/karenwang/anaconda3/envs/airflow_sqlite_env/lib/python3.9/site-packages/airflow/example_dags/example_inlet_event_extra.py
[2024-10-13T20:02:45.774-0400] {processor.py:925} INFO - DAG(s) 'read_dataset_event_from_classic', 'read_dataset_event' retrieved from /Users/karenwang/anaconda3/envs/airflow_sqlite_env/lib/python3.9/site-packages/airflow/example_dags/example_inlet_event_extra.py
[2024-10-13T20:02:45.945-0400] {logging_mixin.py:190} INFO - [2024-10-13T20:02:45.944-0400] {dag.py:3239} INFO - Sync 2 DAGs
[2024-10-13T20:02:45.967-0400] {logging_mixin.py:190} INFO - [2024-10-13T20:02:45.967-0400] {dag.py:4180} INFO - Setting next_dagrun for read_dataset_event to 2024-10-13 00:00:00+00:00, run_after=2024-10-14 00:00:00+00:00
[2024-10-13T20:02:45.975-0400] {logging_mixin.py:190} INFO - [2024-10-13T20:02:45.975-0400] {dag.py:4180} INFO - Setting next_dagrun for read_dataset_event_from_classic to 2024-10-13 00:00:00+00:00, run_after=2024-10-14 00:00:00+00:00
[2024-10-13T20:02:45.997-0400] {processor.py:208} INFO - Processing /Users/karenwang/anaconda3/envs/airflow_sqlite_env/lib/python3.9/site-packages/airflow/example_dags/example_inlet_event_extra.py took 0.386 seconds
[2024-10-13T20:06:57.426-0400] {processor.py:186} INFO - Started process (PID=27262) to work on /Users/karenwang/anaconda3/envs/airflow_sqlite_env/lib/python3.9/site-packages/airflow/example_dags/example_inlet_event_extra.py
[2024-10-13T20:06:57.428-0400] {processor.py:914} INFO - Processing file /Users/karenwang/anaconda3/envs/airflow_sqlite_env/lib/python3.9/site-packages/airflow/example_dags/example_inlet_event_extra.py for tasks to queue
[2024-10-13T20:06:57.429-0400] {logging_mixin.py:190} INFO - [2024-10-13T20:06:57.429-0400] {dagbag.py:588} INFO - Filling up the DagBag from /Users/karenwang/anaconda3/envs/airflow_sqlite_env/lib/python3.9/site-packages/airflow/example_dags/example_inlet_event_extra.py
[2024-10-13T20:06:57.586-0400] {processor.py:925} INFO - DAG(s) 'read_dataset_event', 'read_dataset_event_from_classic' retrieved from /Users/karenwang/anaconda3/envs/airflow_sqlite_env/lib/python3.9/site-packages/airflow/example_dags/example_inlet_event_extra.py
[2024-10-13T20:06:57.746-0400] {logging_mixin.py:190} INFO - [2024-10-13T20:06:57.746-0400] {dag.py:3239} INFO - Sync 2 DAGs
[2024-10-13T20:06:57.779-0400] {logging_mixin.py:190} INFO - [2024-10-13T20:06:57.779-0400] {dag.py:4180} INFO - Setting next_dagrun for read_dataset_event to 2024-10-13 00:00:00+00:00, run_after=2024-10-14 00:00:00+00:00
[2024-10-13T20:06:57.786-0400] {logging_mixin.py:190} INFO - [2024-10-13T20:06:57.786-0400] {dag.py:4180} INFO - Setting next_dagrun for read_dataset_event_from_classic to 2024-10-13 00:00:00+00:00, run_after=2024-10-14 00:00:00+00:00
[2024-10-13T20:06:57.809-0400] {processor.py:208} INFO - Processing /Users/karenwang/anaconda3/envs/airflow_sqlite_env/lib/python3.9/site-packages/airflow/example_dags/example_inlet_event_extra.py took 0.388 seconds
[2024-10-13T20:10:54.907-0400] {processor.py:186} INFO - Started process (PID=28478) to work on /Users/karenwang/anaconda3/envs/airflow_sqlite_env/lib/python3.9/site-packages/airflow/example_dags/example_inlet_event_extra.py
[2024-10-13T20:10:54.908-0400] {processor.py:914} INFO - Processing file /Users/karenwang/anaconda3/envs/airflow_sqlite_env/lib/python3.9/site-packages/airflow/example_dags/example_inlet_event_extra.py for tasks to queue
[2024-10-13T20:10:54.910-0400] {logging_mixin.py:190} INFO - [2024-10-13T20:10:54.910-0400] {dagbag.py:588} INFO - Filling up the DagBag from /Users/karenwang/anaconda3/envs/airflow_sqlite_env/lib/python3.9/site-packages/airflow/example_dags/example_inlet_event_extra.py
[2024-10-13T20:10:55.048-0400] {processor.py:925} INFO - DAG(s) 'read_dataset_event_from_classic', 'read_dataset_event' retrieved from /Users/karenwang/anaconda3/envs/airflow_sqlite_env/lib/python3.9/site-packages/airflow/example_dags/example_inlet_event_extra.py
[2024-10-13T20:10:55.182-0400] {logging_mixin.py:190} INFO - [2024-10-13T20:10:55.182-0400] {dag.py:3239} INFO - Sync 2 DAGs
[2024-10-13T20:10:55.208-0400] {logging_mixin.py:190} INFO - [2024-10-13T20:10:55.207-0400] {dag.py:4180} INFO - Setting next_dagrun for read_dataset_event to 2024-10-13 00:00:00+00:00, run_after=2024-10-14 00:00:00+00:00
[2024-10-13T20:10:55.214-0400] {logging_mixin.py:190} INFO - [2024-10-13T20:10:55.214-0400] {dag.py:4180} INFO - Setting next_dagrun for read_dataset_event_from_classic to 2024-10-13 00:00:00+00:00, run_after=2024-10-14 00:00:00+00:00
[2024-10-13T20:10:55.234-0400] {processor.py:208} INFO - Processing /Users/karenwang/anaconda3/envs/airflow_sqlite_env/lib/python3.9/site-packages/airflow/example_dags/example_inlet_event_extra.py took 0.333 seconds
[2024-10-13T20:14:55.049-0400] {processor.py:186} INFO - Started process (PID=29695) to work on /Users/karenwang/anaconda3/envs/airflow_sqlite_env/lib/python3.9/site-packages/airflow/example_dags/example_inlet_event_extra.py
[2024-10-13T20:14:55.051-0400] {processor.py:914} INFO - Processing file /Users/karenwang/anaconda3/envs/airflow_sqlite_env/lib/python3.9/site-packages/airflow/example_dags/example_inlet_event_extra.py for tasks to queue
[2024-10-13T20:14:55.052-0400] {logging_mixin.py:190} INFO - [2024-10-13T20:14:55.052-0400] {dagbag.py:588} INFO - Filling up the DagBag from /Users/karenwang/anaconda3/envs/airflow_sqlite_env/lib/python3.9/site-packages/airflow/example_dags/example_inlet_event_extra.py
[2024-10-13T20:14:55.210-0400] {processor.py:925} INFO - DAG(s) 'read_dataset_event', 'read_dataset_event_from_classic' retrieved from /Users/karenwang/anaconda3/envs/airflow_sqlite_env/lib/python3.9/site-packages/airflow/example_dags/example_inlet_event_extra.py
[2024-10-13T20:14:55.379-0400] {logging_mixin.py:190} INFO - [2024-10-13T20:14:55.379-0400] {dag.py:3239} INFO - Sync 2 DAGs
[2024-10-13T20:14:55.407-0400] {logging_mixin.py:190} INFO - [2024-10-13T20:14:55.407-0400] {dag.py:4180} INFO - Setting next_dagrun for read_dataset_event to 2024-10-13 00:00:00+00:00, run_after=2024-10-14 00:00:00+00:00
[2024-10-13T20:14:55.412-0400] {logging_mixin.py:190} INFO - [2024-10-13T20:14:55.412-0400] {dag.py:4180} INFO - Setting next_dagrun for read_dataset_event_from_classic to 2024-10-13 00:00:00+00:00, run_after=2024-10-14 00:00:00+00:00
[2024-10-13T20:14:55.436-0400] {processor.py:208} INFO - Processing /Users/karenwang/anaconda3/envs/airflow_sqlite_env/lib/python3.9/site-packages/airflow/example_dags/example_inlet_event_extra.py took 0.393 seconds
[2024-10-13T20:19:06.876-0400] {processor.py:186} INFO - Started process (PID=30990) to work on /Users/karenwang/anaconda3/envs/airflow_sqlite_env/lib/python3.9/site-packages/airflow/example_dags/example_inlet_event_extra.py
[2024-10-13T20:19:06.877-0400] {processor.py:914} INFO - Processing file /Users/karenwang/anaconda3/envs/airflow_sqlite_env/lib/python3.9/site-packages/airflow/example_dags/example_inlet_event_extra.py for tasks to queue
[2024-10-13T20:19:06.878-0400] {logging_mixin.py:190} INFO - [2024-10-13T20:19:06.878-0400] {dagbag.py:588} INFO - Filling up the DagBag from /Users/karenwang/anaconda3/envs/airflow_sqlite_env/lib/python3.9/site-packages/airflow/example_dags/example_inlet_event_extra.py
[2024-10-13T20:19:07.029-0400] {processor.py:925} INFO - DAG(s) 'read_dataset_event', 'read_dataset_event_from_classic' retrieved from /Users/karenwang/anaconda3/envs/airflow_sqlite_env/lib/python3.9/site-packages/airflow/example_dags/example_inlet_event_extra.py
[2024-10-13T20:19:07.181-0400] {logging_mixin.py:190} INFO - [2024-10-13T20:19:07.180-0400] {dag.py:3239} INFO - Sync 2 DAGs
[2024-10-13T20:19:07.208-0400] {logging_mixin.py:190} INFO - [2024-10-13T20:19:07.208-0400] {dag.py:4180} INFO - Setting next_dagrun for read_dataset_event to 2024-10-13 00:00:00+00:00, run_after=2024-10-14 00:00:00+00:00
[2024-10-13T20:19:07.215-0400] {logging_mixin.py:190} INFO - [2024-10-13T20:19:07.215-0400] {dag.py:4180} INFO - Setting next_dagrun for read_dataset_event_from_classic to 2024-10-13 00:00:00+00:00, run_after=2024-10-14 00:00:00+00:00
[2024-10-13T20:19:07.236-0400] {processor.py:208} INFO - Processing /Users/karenwang/anaconda3/envs/airflow_sqlite_env/lib/python3.9/site-packages/airflow/example_dags/example_inlet_event_extra.py took 0.367 seconds
[2024-10-13T20:23:30.667-0400] {processor.py:186} INFO - Started process (PID=32471) to work on /Users/karenwang/anaconda3/envs/airflow_sqlite_env/lib/python3.9/site-packages/airflow/example_dags/example_inlet_event_extra.py
[2024-10-13T20:23:30.668-0400] {processor.py:914} INFO - Processing file /Users/karenwang/anaconda3/envs/airflow_sqlite_env/lib/python3.9/site-packages/airflow/example_dags/example_inlet_event_extra.py for tasks to queue
[2024-10-13T20:23:30.670-0400] {logging_mixin.py:190} INFO - [2024-10-13T20:23:30.669-0400] {dagbag.py:588} INFO - Filling up the DagBag from /Users/karenwang/anaconda3/envs/airflow_sqlite_env/lib/python3.9/site-packages/airflow/example_dags/example_inlet_event_extra.py
[2024-10-13T20:23:30.830-0400] {processor.py:925} INFO - DAG(s) 'read_dataset_event_from_classic', 'read_dataset_event' retrieved from /Users/karenwang/anaconda3/envs/airflow_sqlite_env/lib/python3.9/site-packages/airflow/example_dags/example_inlet_event_extra.py
[2024-10-13T20:23:31.001-0400] {logging_mixin.py:190} INFO - [2024-10-13T20:23:31.001-0400] {dag.py:3239} INFO - Sync 2 DAGs
[2024-10-13T20:23:31.035-0400] {logging_mixin.py:190} INFO - [2024-10-13T20:23:31.035-0400] {dag.py:4180} INFO - Setting next_dagrun for read_dataset_event to 2024-10-13 00:00:00+00:00, run_after=2024-10-14 00:00:00+00:00
[2024-10-13T20:23:31.042-0400] {logging_mixin.py:190} INFO - [2024-10-13T20:23:31.042-0400] {dag.py:4180} INFO - Setting next_dagrun for read_dataset_event_from_classic to 2024-10-13 00:00:00+00:00, run_after=2024-10-14 00:00:00+00:00
[2024-10-13T20:23:31.066-0400] {processor.py:208} INFO - Processing /Users/karenwang/anaconda3/envs/airflow_sqlite_env/lib/python3.9/site-packages/airflow/example_dags/example_inlet_event_extra.py took 0.405 seconds
[2024-10-13T20:29:11.705-0400] {processor.py:186} INFO - Started process (PID=34395) to work on /Users/karenwang/anaconda3/envs/airflow_sqlite_env/lib/python3.9/site-packages/airflow/example_dags/example_inlet_event_extra.py
[2024-10-13T20:29:11.706-0400] {processor.py:914} INFO - Processing file /Users/karenwang/anaconda3/envs/airflow_sqlite_env/lib/python3.9/site-packages/airflow/example_dags/example_inlet_event_extra.py for tasks to queue
[2024-10-13T20:29:11.708-0400] {logging_mixin.py:190} INFO - [2024-10-13T20:29:11.707-0400] {dagbag.py:588} INFO - Filling up the DagBag from /Users/karenwang/anaconda3/envs/airflow_sqlite_env/lib/python3.9/site-packages/airflow/example_dags/example_inlet_event_extra.py
[2024-10-13T20:29:11.875-0400] {processor.py:925} INFO - DAG(s) 'read_dataset_event', 'read_dataset_event_from_classic' retrieved from /Users/karenwang/anaconda3/envs/airflow_sqlite_env/lib/python3.9/site-packages/airflow/example_dags/example_inlet_event_extra.py
[2024-10-13T20:29:12.027-0400] {logging_mixin.py:190} INFO - [2024-10-13T20:29:12.026-0400] {dag.py:3239} INFO - Sync 2 DAGs
[2024-10-13T20:29:12.075-0400] {logging_mixin.py:190} INFO - [2024-10-13T20:29:12.075-0400] {dag.py:4180} INFO - Setting next_dagrun for read_dataset_event to 2024-10-13 00:00:00+00:00, run_after=2024-10-14 00:00:00+00:00
[2024-10-13T20:29:12.085-0400] {logging_mixin.py:190} INFO - [2024-10-13T20:29:12.084-0400] {dag.py:4180} INFO - Setting next_dagrun for read_dataset_event_from_classic to 2024-10-13 00:00:00+00:00, run_after=2024-10-14 00:00:00+00:00
[2024-10-13T20:29:12.109-0400] {processor.py:208} INFO - Processing /Users/karenwang/anaconda3/envs/airflow_sqlite_env/lib/python3.9/site-packages/airflow/example_dags/example_inlet_event_extra.py took 0.410 seconds
[2024-10-13T20:33:32.294-0400] {processor.py:186} INFO - Started process (PID=35788) to work on /Users/karenwang/anaconda3/envs/airflow_sqlite_env/lib/python3.9/site-packages/airflow/example_dags/example_inlet_event_extra.py
[2024-10-13T20:33:32.296-0400] {processor.py:914} INFO - Processing file /Users/karenwang/anaconda3/envs/airflow_sqlite_env/lib/python3.9/site-packages/airflow/example_dags/example_inlet_event_extra.py for tasks to queue
[2024-10-13T20:33:32.297-0400] {logging_mixin.py:190} INFO - [2024-10-13T20:33:32.297-0400] {dagbag.py:588} INFO - Filling up the DagBag from /Users/karenwang/anaconda3/envs/airflow_sqlite_env/lib/python3.9/site-packages/airflow/example_dags/example_inlet_event_extra.py
[2024-10-13T20:33:32.443-0400] {processor.py:925} INFO - DAG(s) 'read_dataset_event_from_classic', 'read_dataset_event' retrieved from /Users/karenwang/anaconda3/envs/airflow_sqlite_env/lib/python3.9/site-packages/airflow/example_dags/example_inlet_event_extra.py
[2024-10-13T20:33:32.585-0400] {logging_mixin.py:190} INFO - [2024-10-13T20:33:32.584-0400] {dag.py:3239} INFO - Sync 2 DAGs
[2024-10-13T20:33:32.606-0400] {logging_mixin.py:190} INFO - [2024-10-13T20:33:32.606-0400] {dag.py:4180} INFO - Setting next_dagrun for read_dataset_event to 2024-10-13 00:00:00+00:00, run_after=2024-10-14 00:00:00+00:00
[2024-10-13T20:33:32.611-0400] {logging_mixin.py:190} INFO - [2024-10-13T20:33:32.611-0400] {dag.py:4180} INFO - Setting next_dagrun for read_dataset_event_from_classic to 2024-10-13 00:00:00+00:00, run_after=2024-10-14 00:00:00+00:00
[2024-10-13T20:33:32.629-0400] {processor.py:208} INFO - Processing /Users/karenwang/anaconda3/envs/airflow_sqlite_env/lib/python3.9/site-packages/airflow/example_dags/example_inlet_event_extra.py took 0.341 seconds
[2024-10-13T20:37:14.429-0400] {processor.py:186} INFO - Started process (PID=36960) to work on /Users/karenwang/anaconda3/envs/airflow_sqlite_env/lib/python3.9/site-packages/airflow/example_dags/example_inlet_event_extra.py
[2024-10-13T20:37:14.430-0400] {processor.py:914} INFO - Processing file /Users/karenwang/anaconda3/envs/airflow_sqlite_env/lib/python3.9/site-packages/airflow/example_dags/example_inlet_event_extra.py for tasks to queue
[2024-10-13T20:37:14.432-0400] {logging_mixin.py:190} INFO - [2024-10-13T20:37:14.431-0400] {dagbag.py:588} INFO - Filling up the DagBag from /Users/karenwang/anaconda3/envs/airflow_sqlite_env/lib/python3.9/site-packages/airflow/example_dags/example_inlet_event_extra.py
[2024-10-13T20:37:14.588-0400] {processor.py:925} INFO - DAG(s) 'read_dataset_event_from_classic', 'read_dataset_event' retrieved from /Users/karenwang/anaconda3/envs/airflow_sqlite_env/lib/python3.9/site-packages/airflow/example_dags/example_inlet_event_extra.py
[2024-10-13T20:37:14.750-0400] {logging_mixin.py:190} INFO - [2024-10-13T20:37:14.749-0400] {dag.py:3239} INFO - Sync 2 DAGs
[2024-10-13T20:37:14.779-0400] {logging_mixin.py:190} INFO - [2024-10-13T20:37:14.779-0400] {dag.py:4180} INFO - Setting next_dagrun for read_dataset_event to 2024-10-13 00:00:00+00:00, run_after=2024-10-14 00:00:00+00:00
[2024-10-13T20:37:14.786-0400] {logging_mixin.py:190} INFO - [2024-10-13T20:37:14.785-0400] {dag.py:4180} INFO - Setting next_dagrun for read_dataset_event_from_classic to 2024-10-13 00:00:00+00:00, run_after=2024-10-14 00:00:00+00:00
[2024-10-13T20:37:14.808-0400] {processor.py:208} INFO - Processing /Users/karenwang/anaconda3/envs/airflow_sqlite_env/lib/python3.9/site-packages/airflow/example_dags/example_inlet_event_extra.py took 0.385 seconds
[2024-10-13T20:40:53.362-0400] {processor.py:186} INFO - Started process (PID=38096) to work on /Users/karenwang/anaconda3/envs/airflow_sqlite_env/lib/python3.9/site-packages/airflow/example_dags/example_inlet_event_extra.py
[2024-10-13T20:40:53.364-0400] {processor.py:914} INFO - Processing file /Users/karenwang/anaconda3/envs/airflow_sqlite_env/lib/python3.9/site-packages/airflow/example_dags/example_inlet_event_extra.py for tasks to queue
[2024-10-13T20:40:53.365-0400] {logging_mixin.py:190} INFO - [2024-10-13T20:40:53.365-0400] {dagbag.py:588} INFO - Filling up the DagBag from /Users/karenwang/anaconda3/envs/airflow_sqlite_env/lib/python3.9/site-packages/airflow/example_dags/example_inlet_event_extra.py
[2024-10-13T20:40:53.505-0400] {processor.py:925} INFO - DAG(s) 'read_dataset_event', 'read_dataset_event_from_classic' retrieved from /Users/karenwang/anaconda3/envs/airflow_sqlite_env/lib/python3.9/site-packages/airflow/example_dags/example_inlet_event_extra.py
[2024-10-13T20:40:53.670-0400] {logging_mixin.py:190} INFO - [2024-10-13T20:40:53.669-0400] {dag.py:3239} INFO - Sync 2 DAGs
[2024-10-13T20:40:53.697-0400] {logging_mixin.py:190} INFO - [2024-10-13T20:40:53.696-0400] {dag.py:4180} INFO - Setting next_dagrun for read_dataset_event to 2024-10-13 00:00:00+00:00, run_after=2024-10-14 00:00:00+00:00
[2024-10-13T20:40:53.703-0400] {logging_mixin.py:190} INFO - [2024-10-13T20:40:53.703-0400] {dag.py:4180} INFO - Setting next_dagrun for read_dataset_event_from_classic to 2024-10-13 00:00:00+00:00, run_after=2024-10-14 00:00:00+00:00
[2024-10-13T20:40:53.726-0400] {processor.py:208} INFO - Processing /Users/karenwang/anaconda3/envs/airflow_sqlite_env/lib/python3.9/site-packages/airflow/example_dags/example_inlet_event_extra.py took 0.369 seconds
[2024-10-13T20:44:32.538-0400] {processor.py:186} INFO - Started process (PID=39214) to work on /Users/karenwang/anaconda3/envs/airflow_sqlite_env/lib/python3.9/site-packages/airflow/example_dags/example_inlet_event_extra.py
[2024-10-13T20:44:32.540-0400] {processor.py:914} INFO - Processing file /Users/karenwang/anaconda3/envs/airflow_sqlite_env/lib/python3.9/site-packages/airflow/example_dags/example_inlet_event_extra.py for tasks to queue
[2024-10-13T20:44:32.541-0400] {logging_mixin.py:190} INFO - [2024-10-13T20:44:32.541-0400] {dagbag.py:588} INFO - Filling up the DagBag from /Users/karenwang/anaconda3/envs/airflow_sqlite_env/lib/python3.9/site-packages/airflow/example_dags/example_inlet_event_extra.py
[2024-10-13T20:44:32.694-0400] {processor.py:925} INFO - DAG(s) 'read_dataset_event', 'read_dataset_event_from_classic' retrieved from /Users/karenwang/anaconda3/envs/airflow_sqlite_env/lib/python3.9/site-packages/airflow/example_dags/example_inlet_event_extra.py
[2024-10-13T20:44:32.853-0400] {logging_mixin.py:190} INFO - [2024-10-13T20:44:32.853-0400] {dag.py:3239} INFO - Sync 2 DAGs
[2024-10-13T20:44:32.875-0400] {logging_mixin.py:190} INFO - [2024-10-13T20:44:32.875-0400] {dag.py:4180} INFO - Setting next_dagrun for read_dataset_event to 2024-10-13 00:00:00+00:00, run_after=2024-10-14 00:00:00+00:00
[2024-10-13T20:44:32.880-0400] {logging_mixin.py:190} INFO - [2024-10-13T20:44:32.879-0400] {dag.py:4180} INFO - Setting next_dagrun for read_dataset_event_from_classic to 2024-10-13 00:00:00+00:00, run_after=2024-10-14 00:00:00+00:00
[2024-10-13T20:44:32.900-0400] {processor.py:208} INFO - Processing /Users/karenwang/anaconda3/envs/airflow_sqlite_env/lib/python3.9/site-packages/airflow/example_dags/example_inlet_event_extra.py took 0.367 seconds
[2024-10-13T20:48:12.958-0400] {processor.py:186} INFO - Started process (PID=40374) to work on /Users/karenwang/anaconda3/envs/airflow_sqlite_env/lib/python3.9/site-packages/airflow/example_dags/example_inlet_event_extra.py
[2024-10-13T20:48:12.959-0400] {processor.py:914} INFO - Processing file /Users/karenwang/anaconda3/envs/airflow_sqlite_env/lib/python3.9/site-packages/airflow/example_dags/example_inlet_event_extra.py for tasks to queue
[2024-10-13T20:48:12.960-0400] {logging_mixin.py:190} INFO - [2024-10-13T20:48:12.960-0400] {dagbag.py:588} INFO - Filling up the DagBag from /Users/karenwang/anaconda3/envs/airflow_sqlite_env/lib/python3.9/site-packages/airflow/example_dags/example_inlet_event_extra.py
[2024-10-13T20:48:13.102-0400] {processor.py:925} INFO - DAG(s) 'read_dataset_event_from_classic', 'read_dataset_event' retrieved from /Users/karenwang/anaconda3/envs/airflow_sqlite_env/lib/python3.9/site-packages/airflow/example_dags/example_inlet_event_extra.py
[2024-10-13T20:48:13.253-0400] {logging_mixin.py:190} INFO - [2024-10-13T20:48:13.253-0400] {dag.py:3239} INFO - Sync 2 DAGs
[2024-10-13T20:48:13.279-0400] {logging_mixin.py:190} INFO - [2024-10-13T20:48:13.279-0400] {dag.py:4180} INFO - Setting next_dagrun for read_dataset_event to 2024-10-13 00:00:00+00:00, run_after=2024-10-14 00:00:00+00:00
[2024-10-13T20:48:13.286-0400] {logging_mixin.py:190} INFO - [2024-10-13T20:48:13.286-0400] {dag.py:4180} INFO - Setting next_dagrun for read_dataset_event_from_classic to 2024-10-13 00:00:00+00:00, run_after=2024-10-14 00:00:00+00:00
[2024-10-13T20:48:13.307-0400] {processor.py:208} INFO - Processing /Users/karenwang/anaconda3/envs/airflow_sqlite_env/lib/python3.9/site-packages/airflow/example_dags/example_inlet_event_extra.py took 0.356 seconds
[2024-10-13T20:51:51.170-0400] {processor.py:186} INFO - Started process (PID=41491) to work on /Users/karenwang/anaconda3/envs/airflow_sqlite_env/lib/python3.9/site-packages/airflow/example_dags/example_inlet_event_extra.py
[2024-10-13T20:51:51.171-0400] {processor.py:914} INFO - Processing file /Users/karenwang/anaconda3/envs/airflow_sqlite_env/lib/python3.9/site-packages/airflow/example_dags/example_inlet_event_extra.py for tasks to queue
[2024-10-13T20:51:51.173-0400] {logging_mixin.py:190} INFO - [2024-10-13T20:51:51.172-0400] {dagbag.py:588} INFO - Filling up the DagBag from /Users/karenwang/anaconda3/envs/airflow_sqlite_env/lib/python3.9/site-packages/airflow/example_dags/example_inlet_event_extra.py
[2024-10-13T20:51:51.307-0400] {processor.py:925} INFO - DAG(s) 'read_dataset_event_from_classic', 'read_dataset_event' retrieved from /Users/karenwang/anaconda3/envs/airflow_sqlite_env/lib/python3.9/site-packages/airflow/example_dags/example_inlet_event_extra.py
[2024-10-13T20:51:51.466-0400] {logging_mixin.py:190} INFO - [2024-10-13T20:51:51.465-0400] {dag.py:3239} INFO - Sync 2 DAGs
[2024-10-13T20:51:51.496-0400] {logging_mixin.py:190} INFO - [2024-10-13T20:51:51.496-0400] {dag.py:4180} INFO - Setting next_dagrun for read_dataset_event to 2024-10-13 00:00:00+00:00, run_after=2024-10-14 00:00:00+00:00
[2024-10-13T20:51:51.503-0400] {logging_mixin.py:190} INFO - [2024-10-13T20:51:51.503-0400] {dag.py:4180} INFO - Setting next_dagrun for read_dataset_event_from_classic to 2024-10-13 00:00:00+00:00, run_after=2024-10-14 00:00:00+00:00
[2024-10-13T20:51:51.524-0400] {processor.py:208} INFO - Processing /Users/karenwang/anaconda3/envs/airflow_sqlite_env/lib/python3.9/site-packages/airflow/example_dags/example_inlet_event_extra.py took 0.361 seconds
[2024-10-13T20:55:30.929-0400] {processor.py:186} INFO - Started process (PID=42652) to work on /Users/karenwang/anaconda3/envs/airflow_sqlite_env/lib/python3.9/site-packages/airflow/example_dags/example_inlet_event_extra.py
[2024-10-13T20:55:30.931-0400] {processor.py:914} INFO - Processing file /Users/karenwang/anaconda3/envs/airflow_sqlite_env/lib/python3.9/site-packages/airflow/example_dags/example_inlet_event_extra.py for tasks to queue
[2024-10-13T20:55:30.932-0400] {logging_mixin.py:190} INFO - [2024-10-13T20:55:30.932-0400] {dagbag.py:588} INFO - Filling up the DagBag from /Users/karenwang/anaconda3/envs/airflow_sqlite_env/lib/python3.9/site-packages/airflow/example_dags/example_inlet_event_extra.py
[2024-10-13T20:55:31.062-0400] {processor.py:925} INFO - DAG(s) 'read_dataset_event_from_classic', 'read_dataset_event' retrieved from /Users/karenwang/anaconda3/envs/airflow_sqlite_env/lib/python3.9/site-packages/airflow/example_dags/example_inlet_event_extra.py
[2024-10-13T20:55:31.203-0400] {logging_mixin.py:190} INFO - [2024-10-13T20:55:31.203-0400] {dag.py:3239} INFO - Sync 2 DAGs
[2024-10-13T20:55:31.228-0400] {logging_mixin.py:190} INFO - [2024-10-13T20:55:31.228-0400] {dag.py:4180} INFO - Setting next_dagrun for read_dataset_event to 2024-10-13 00:00:00+00:00, run_after=2024-10-14 00:00:00+00:00
[2024-10-13T20:55:31.235-0400] {logging_mixin.py:190} INFO - [2024-10-13T20:55:31.234-0400] {dag.py:4180} INFO - Setting next_dagrun for read_dataset_event_from_classic to 2024-10-13 00:00:00+00:00, run_after=2024-10-14 00:00:00+00:00
[2024-10-13T20:55:31.256-0400] {processor.py:208} INFO - Processing /Users/karenwang/anaconda3/envs/airflow_sqlite_env/lib/python3.9/site-packages/airflow/example_dags/example_inlet_event_extra.py took 0.333 seconds
[2024-10-13T20:59:11.960-0400] {processor.py:186} INFO - Started process (PID=43792) to work on /Users/karenwang/anaconda3/envs/airflow_sqlite_env/lib/python3.9/site-packages/airflow/example_dags/example_inlet_event_extra.py
[2024-10-13T20:59:11.962-0400] {processor.py:914} INFO - Processing file /Users/karenwang/anaconda3/envs/airflow_sqlite_env/lib/python3.9/site-packages/airflow/example_dags/example_inlet_event_extra.py for tasks to queue
[2024-10-13T20:59:11.964-0400] {logging_mixin.py:190} INFO - [2024-10-13T20:59:11.963-0400] {dagbag.py:588} INFO - Filling up the DagBag from /Users/karenwang/anaconda3/envs/airflow_sqlite_env/lib/python3.9/site-packages/airflow/example_dags/example_inlet_event_extra.py
[2024-10-13T20:59:12.124-0400] {processor.py:925} INFO - DAG(s) 'read_dataset_event_from_classic', 'read_dataset_event' retrieved from /Users/karenwang/anaconda3/envs/airflow_sqlite_env/lib/python3.9/site-packages/airflow/example_dags/example_inlet_event_extra.py
[2024-10-13T20:59:12.277-0400] {logging_mixin.py:190} INFO - [2024-10-13T20:59:12.277-0400] {dag.py:3239} INFO - Sync 2 DAGs
[2024-10-13T20:59:12.308-0400] {logging_mixin.py:190} INFO - [2024-10-13T20:59:12.307-0400] {dag.py:4180} INFO - Setting next_dagrun for read_dataset_event to 2024-10-13 00:00:00+00:00, run_after=2024-10-14 00:00:00+00:00
[2024-10-13T20:59:12.312-0400] {logging_mixin.py:190} INFO - [2024-10-13T20:59:12.312-0400] {dag.py:4180} INFO - Setting next_dagrun for read_dataset_event_from_classic to 2024-10-13 00:00:00+00:00, run_after=2024-10-14 00:00:00+00:00
[2024-10-13T20:59:12.333-0400] {processor.py:208} INFO - Processing /Users/karenwang/anaconda3/envs/airflow_sqlite_env/lib/python3.9/site-packages/airflow/example_dags/example_inlet_event_extra.py took 0.381 seconds
[2024-10-13T21:02:52.156-0400] {processor.py:186} INFO - Started process (PID=44928) to work on /Users/karenwang/anaconda3/envs/airflow_sqlite_env/lib/python3.9/site-packages/airflow/example_dags/example_inlet_event_extra.py
[2024-10-13T21:02:52.157-0400] {processor.py:914} INFO - Processing file /Users/karenwang/anaconda3/envs/airflow_sqlite_env/lib/python3.9/site-packages/airflow/example_dags/example_inlet_event_extra.py for tasks to queue
[2024-10-13T21:02:52.158-0400] {logging_mixin.py:190} INFO - [2024-10-13T21:02:52.158-0400] {dagbag.py:588} INFO - Filling up the DagBag from /Users/karenwang/anaconda3/envs/airflow_sqlite_env/lib/python3.9/site-packages/airflow/example_dags/example_inlet_event_extra.py
[2024-10-13T21:02:52.302-0400] {processor.py:925} INFO - DAG(s) 'read_dataset_event_from_classic', 'read_dataset_event' retrieved from /Users/karenwang/anaconda3/envs/airflow_sqlite_env/lib/python3.9/site-packages/airflow/example_dags/example_inlet_event_extra.py
[2024-10-13T21:02:52.426-0400] {logging_mixin.py:190} INFO - [2024-10-13T21:02:52.425-0400] {dag.py:3239} INFO - Sync 2 DAGs
[2024-10-13T21:02:52.447-0400] {logging_mixin.py:190} INFO - [2024-10-13T21:02:52.447-0400] {dag.py:4180} INFO - Setting next_dagrun for read_dataset_event to 2024-10-13 00:00:00+00:00, run_after=2024-10-14 00:00:00+00:00
[2024-10-13T21:02:52.452-0400] {logging_mixin.py:190} INFO - [2024-10-13T21:02:52.452-0400] {dag.py:4180} INFO - Setting next_dagrun for read_dataset_event_from_classic to 2024-10-13 00:00:00+00:00, run_after=2024-10-14 00:00:00+00:00
[2024-10-13T21:02:52.476-0400] {processor.py:208} INFO - Processing /Users/karenwang/anaconda3/envs/airflow_sqlite_env/lib/python3.9/site-packages/airflow/example_dags/example_inlet_event_extra.py took 0.327 seconds
[2024-10-13T21:06:32.505-0400] {processor.py:186} INFO - Started process (PID=46053) to work on /Users/karenwang/anaconda3/envs/airflow_sqlite_env/lib/python3.9/site-packages/airflow/example_dags/example_inlet_event_extra.py
[2024-10-13T21:06:32.506-0400] {processor.py:914} INFO - Processing file /Users/karenwang/anaconda3/envs/airflow_sqlite_env/lib/python3.9/site-packages/airflow/example_dags/example_inlet_event_extra.py for tasks to queue
[2024-10-13T21:06:32.508-0400] {logging_mixin.py:190} INFO - [2024-10-13T21:06:32.507-0400] {dagbag.py:588} INFO - Filling up the DagBag from /Users/karenwang/anaconda3/envs/airflow_sqlite_env/lib/python3.9/site-packages/airflow/example_dags/example_inlet_event_extra.py
[2024-10-13T21:06:32.689-0400] {processor.py:925} INFO - DAG(s) 'read_dataset_event', 'read_dataset_event_from_classic' retrieved from /Users/karenwang/anaconda3/envs/airflow_sqlite_env/lib/python3.9/site-packages/airflow/example_dags/example_inlet_event_extra.py
[2024-10-13T21:06:32.863-0400] {logging_mixin.py:190} INFO - [2024-10-13T21:06:32.863-0400] {dag.py:3239} INFO - Sync 2 DAGs
[2024-10-13T21:06:32.894-0400] {logging_mixin.py:190} INFO - [2024-10-13T21:06:32.894-0400] {dag.py:4180} INFO - Setting next_dagrun for read_dataset_event to 2024-10-13 00:00:00+00:00, run_after=2024-10-14 00:00:00+00:00
[2024-10-13T21:06:32.902-0400] {logging_mixin.py:190} INFO - [2024-10-13T21:06:32.902-0400] {dag.py:4180} INFO - Setting next_dagrun for read_dataset_event_from_classic to 2024-10-13 00:00:00+00:00, run_after=2024-10-14 00:00:00+00:00
[2024-10-13T21:06:32.926-0400] {processor.py:208} INFO - Processing /Users/karenwang/anaconda3/envs/airflow_sqlite_env/lib/python3.9/site-packages/airflow/example_dags/example_inlet_event_extra.py took 0.427 seconds
[2024-10-13T21:12:02.741-0400] {processor.py:186} INFO - Started process (PID=47856) to work on /Users/karenwang/anaconda3/envs/airflow_sqlite_env/lib/python3.9/site-packages/airflow/example_dags/example_inlet_event_extra.py
[2024-10-13T21:12:02.743-0400] {processor.py:914} INFO - Processing file /Users/karenwang/anaconda3/envs/airflow_sqlite_env/lib/python3.9/site-packages/airflow/example_dags/example_inlet_event_extra.py for tasks to queue
[2024-10-13T21:12:02.745-0400] {logging_mixin.py:190} INFO - [2024-10-13T21:12:02.744-0400] {dagbag.py:588} INFO - Filling up the DagBag from /Users/karenwang/anaconda3/envs/airflow_sqlite_env/lib/python3.9/site-packages/airflow/example_dags/example_inlet_event_extra.py
[2024-10-13T21:12:02.904-0400] {processor.py:925} INFO - DAG(s) 'read_dataset_event_from_classic', 'read_dataset_event' retrieved from /Users/karenwang/anaconda3/envs/airflow_sqlite_env/lib/python3.9/site-packages/airflow/example_dags/example_inlet_event_extra.py
[2024-10-13T21:12:03.058-0400] {logging_mixin.py:190} INFO - [2024-10-13T21:12:03.058-0400] {dag.py:3239} INFO - Sync 2 DAGs
[2024-10-13T21:12:03.086-0400] {logging_mixin.py:190} INFO - [2024-10-13T21:12:03.086-0400] {dag.py:4180} INFO - Setting next_dagrun for read_dataset_event to 2024-10-13 00:00:00+00:00, run_after=2024-10-14 00:00:00+00:00
[2024-10-13T21:12:03.093-0400] {logging_mixin.py:190} INFO - [2024-10-13T21:12:03.093-0400] {dag.py:4180} INFO - Setting next_dagrun for read_dataset_event_from_classic to 2024-10-13 00:00:00+00:00, run_after=2024-10-14 00:00:00+00:00
[2024-10-13T21:12:03.119-0400] {processor.py:208} INFO - Processing /Users/karenwang/anaconda3/envs/airflow_sqlite_env/lib/python3.9/site-packages/airflow/example_dags/example_inlet_event_extra.py took 0.384 seconds
[2024-10-13T21:16:38.672-0400] {processor.py:186} INFO - Started process (PID=49509) to work on /Users/karenwang/anaconda3/envs/airflow_sqlite_env/lib/python3.9/site-packages/airflow/example_dags/example_inlet_event_extra.py
[2024-10-13T21:16:38.673-0400] {processor.py:914} INFO - Processing file /Users/karenwang/anaconda3/envs/airflow_sqlite_env/lib/python3.9/site-packages/airflow/example_dags/example_inlet_event_extra.py for tasks to queue
[2024-10-13T21:16:38.675-0400] {logging_mixin.py:190} INFO - [2024-10-13T21:16:38.675-0400] {dagbag.py:588} INFO - Filling up the DagBag from /Users/karenwang/anaconda3/envs/airflow_sqlite_env/lib/python3.9/site-packages/airflow/example_dags/example_inlet_event_extra.py
[2024-10-13T21:16:38.826-0400] {processor.py:925} INFO - DAG(s) 'read_dataset_event_from_classic', 'read_dataset_event' retrieved from /Users/karenwang/anaconda3/envs/airflow_sqlite_env/lib/python3.9/site-packages/airflow/example_dags/example_inlet_event_extra.py
[2024-10-13T21:16:38.976-0400] {logging_mixin.py:190} INFO - [2024-10-13T21:16:38.976-0400] {dag.py:3239} INFO - Sync 2 DAGs
[2024-10-13T21:16:38.999-0400] {logging_mixin.py:190} INFO - [2024-10-13T21:16:38.999-0400] {dag.py:4180} INFO - Setting next_dagrun for read_dataset_event to 2024-10-13 00:00:00+00:00, run_after=2024-10-14 00:00:00+00:00
[2024-10-13T21:16:39.007-0400] {logging_mixin.py:190} INFO - [2024-10-13T21:16:39.006-0400] {dag.py:4180} INFO - Setting next_dagrun for read_dataset_event_from_classic to 2024-10-13 00:00:00+00:00, run_after=2024-10-14 00:00:00+00:00
[2024-10-13T21:16:39.029-0400] {processor.py:208} INFO - Processing /Users/karenwang/anaconda3/envs/airflow_sqlite_env/lib/python3.9/site-packages/airflow/example_dags/example_inlet_event_extra.py took 0.363 seconds
[2024-10-13T21:20:21.976-0400] {processor.py:186} INFO - Started process (PID=50677) to work on /Users/karenwang/anaconda3/envs/airflow_sqlite_env/lib/python3.9/site-packages/airflow/example_dags/example_inlet_event_extra.py
[2024-10-13T21:20:21.977-0400] {processor.py:914} INFO - Processing file /Users/karenwang/anaconda3/envs/airflow_sqlite_env/lib/python3.9/site-packages/airflow/example_dags/example_inlet_event_extra.py for tasks to queue
[2024-10-13T21:20:21.979-0400] {logging_mixin.py:190} INFO - [2024-10-13T21:20:21.978-0400] {dagbag.py:588} INFO - Filling up the DagBag from /Users/karenwang/anaconda3/envs/airflow_sqlite_env/lib/python3.9/site-packages/airflow/example_dags/example_inlet_event_extra.py
[2024-10-13T21:20:22.140-0400] {processor.py:925} INFO - DAG(s) 'read_dataset_event', 'read_dataset_event_from_classic' retrieved from /Users/karenwang/anaconda3/envs/airflow_sqlite_env/lib/python3.9/site-packages/airflow/example_dags/example_inlet_event_extra.py
[2024-10-13T21:20:22.286-0400] {logging_mixin.py:190} INFO - [2024-10-13T21:20:22.286-0400] {dag.py:3239} INFO - Sync 2 DAGs
[2024-10-13T21:20:22.311-0400] {logging_mixin.py:190} INFO - [2024-10-13T21:20:22.310-0400] {dag.py:4180} INFO - Setting next_dagrun for read_dataset_event to 2024-10-13 00:00:00+00:00, run_after=2024-10-14 00:00:00+00:00
[2024-10-13T21:20:22.318-0400] {logging_mixin.py:190} INFO - [2024-10-13T21:20:22.318-0400] {dag.py:4180} INFO - Setting next_dagrun for read_dataset_event_from_classic to 2024-10-13 00:00:00+00:00, run_after=2024-10-14 00:00:00+00:00
[2024-10-13T21:20:22.342-0400] {processor.py:208} INFO - Processing /Users/karenwang/anaconda3/envs/airflow_sqlite_env/lib/python3.9/site-packages/airflow/example_dags/example_inlet_event_extra.py took 0.372 seconds
[2024-10-13T21:24:03.096-0400] {processor.py:186} INFO - Started process (PID=51806) to work on /Users/karenwang/anaconda3/envs/airflow_sqlite_env/lib/python3.9/site-packages/airflow/example_dags/example_inlet_event_extra.py
[2024-10-13T21:24:03.098-0400] {processor.py:914} INFO - Processing file /Users/karenwang/anaconda3/envs/airflow_sqlite_env/lib/python3.9/site-packages/airflow/example_dags/example_inlet_event_extra.py for tasks to queue
[2024-10-13T21:24:03.099-0400] {logging_mixin.py:190} INFO - [2024-10-13T21:24:03.099-0400] {dagbag.py:588} INFO - Filling up the DagBag from /Users/karenwang/anaconda3/envs/airflow_sqlite_env/lib/python3.9/site-packages/airflow/example_dags/example_inlet_event_extra.py
[2024-10-13T21:24:03.239-0400] {processor.py:925} INFO - DAG(s) 'read_dataset_event_from_classic', 'read_dataset_event' retrieved from /Users/karenwang/anaconda3/envs/airflow_sqlite_env/lib/python3.9/site-packages/airflow/example_dags/example_inlet_event_extra.py
[2024-10-13T21:24:03.392-0400] {logging_mixin.py:190} INFO - [2024-10-13T21:24:03.391-0400] {dag.py:3239} INFO - Sync 2 DAGs
[2024-10-13T21:24:03.419-0400] {logging_mixin.py:190} INFO - [2024-10-13T21:24:03.419-0400] {dag.py:4180} INFO - Setting next_dagrun for read_dataset_event to 2024-10-13 00:00:00+00:00, run_after=2024-10-14 00:00:00+00:00
[2024-10-13T21:24:03.425-0400] {logging_mixin.py:190} INFO - [2024-10-13T21:24:03.425-0400] {dag.py:4180} INFO - Setting next_dagrun for read_dataset_event_from_classic to 2024-10-13 00:00:00+00:00, run_after=2024-10-14 00:00:00+00:00
[2024-10-13T21:24:03.444-0400] {processor.py:208} INFO - Processing /Users/karenwang/anaconda3/envs/airflow_sqlite_env/lib/python3.9/site-packages/airflow/example_dags/example_inlet_event_extra.py took 0.354 seconds
[2024-10-13T21:27:43.506-0400] {processor.py:186} INFO - Started process (PID=52947) to work on /Users/karenwang/anaconda3/envs/airflow_sqlite_env/lib/python3.9/site-packages/airflow/example_dags/example_inlet_event_extra.py
[2024-10-13T21:27:43.507-0400] {processor.py:914} INFO - Processing file /Users/karenwang/anaconda3/envs/airflow_sqlite_env/lib/python3.9/site-packages/airflow/example_dags/example_inlet_event_extra.py for tasks to queue
[2024-10-13T21:27:43.509-0400] {logging_mixin.py:190} INFO - [2024-10-13T21:27:43.508-0400] {dagbag.py:588} INFO - Filling up the DagBag from /Users/karenwang/anaconda3/envs/airflow_sqlite_env/lib/python3.9/site-packages/airflow/example_dags/example_inlet_event_extra.py
[2024-10-13T21:27:43.655-0400] {processor.py:925} INFO - DAG(s) 'read_dataset_event', 'read_dataset_event_from_classic' retrieved from /Users/karenwang/anaconda3/envs/airflow_sqlite_env/lib/python3.9/site-packages/airflow/example_dags/example_inlet_event_extra.py
[2024-10-13T21:27:43.793-0400] {logging_mixin.py:190} INFO - [2024-10-13T21:27:43.793-0400] {dag.py:3239} INFO - Sync 2 DAGs
[2024-10-13T21:27:43.820-0400] {logging_mixin.py:190} INFO - [2024-10-13T21:27:43.820-0400] {dag.py:4180} INFO - Setting next_dagrun for read_dataset_event to 2024-10-13 00:00:00+00:00, run_after=2024-10-14 00:00:00+00:00
[2024-10-13T21:27:43.827-0400] {logging_mixin.py:190} INFO - [2024-10-13T21:27:43.827-0400] {dag.py:4180} INFO - Setting next_dagrun for read_dataset_event_from_classic to 2024-10-13 00:00:00+00:00, run_after=2024-10-14 00:00:00+00:00
[2024-10-13T21:27:43.848-0400] {processor.py:208} INFO - Processing /Users/karenwang/anaconda3/envs/airflow_sqlite_env/lib/python3.9/site-packages/airflow/example_dags/example_inlet_event_extra.py took 0.349 seconds
[2024-10-13T21:31:43.840-0400] {processor.py:186} INFO - Started process (PID=54215) to work on /Users/karenwang/anaconda3/envs/airflow_sqlite_env/lib/python3.9/site-packages/airflow/example_dags/example_inlet_event_extra.py
[2024-10-13T21:31:43.842-0400] {processor.py:914} INFO - Processing file /Users/karenwang/anaconda3/envs/airflow_sqlite_env/lib/python3.9/site-packages/airflow/example_dags/example_inlet_event_extra.py for tasks to queue
[2024-10-13T21:31:43.843-0400] {logging_mixin.py:190} INFO - [2024-10-13T21:31:43.843-0400] {dagbag.py:588} INFO - Filling up the DagBag from /Users/karenwang/anaconda3/envs/airflow_sqlite_env/lib/python3.9/site-packages/airflow/example_dags/example_inlet_event_extra.py
[2024-10-13T21:31:44.015-0400] {processor.py:925} INFO - DAG(s) 'read_dataset_event', 'read_dataset_event_from_classic' retrieved from /Users/karenwang/anaconda3/envs/airflow_sqlite_env/lib/python3.9/site-packages/airflow/example_dags/example_inlet_event_extra.py
[2024-10-13T21:31:44.171-0400] {logging_mixin.py:190} INFO - [2024-10-13T21:31:44.171-0400] {dag.py:3239} INFO - Sync 2 DAGs
[2024-10-13T21:31:44.203-0400] {logging_mixin.py:190} INFO - [2024-10-13T21:31:44.203-0400] {dag.py:4180} INFO - Setting next_dagrun for read_dataset_event to 2024-10-13 00:00:00+00:00, run_after=2024-10-14 00:00:00+00:00
[2024-10-13T21:31:44.209-0400] {logging_mixin.py:190} INFO - [2024-10-13T21:31:44.209-0400] {dag.py:4180} INFO - Setting next_dagrun for read_dataset_event_from_classic to 2024-10-13 00:00:00+00:00, run_after=2024-10-14 00:00:00+00:00
[2024-10-13T21:31:44.235-0400] {processor.py:208} INFO - Processing /Users/karenwang/anaconda3/envs/airflow_sqlite_env/lib/python3.9/site-packages/airflow/example_dags/example_inlet_event_extra.py took 0.401 seconds
[2024-10-13T21:35:37.560-0400] {processor.py:186} INFO - Started process (PID=55462) to work on /Users/karenwang/anaconda3/envs/airflow_sqlite_env/lib/python3.9/site-packages/airflow/example_dags/example_inlet_event_extra.py
[2024-10-13T21:35:37.562-0400] {processor.py:914} INFO - Processing file /Users/karenwang/anaconda3/envs/airflow_sqlite_env/lib/python3.9/site-packages/airflow/example_dags/example_inlet_event_extra.py for tasks to queue
[2024-10-13T21:35:37.563-0400] {logging_mixin.py:190} INFO - [2024-10-13T21:35:37.563-0400] {dagbag.py:588} INFO - Filling up the DagBag from /Users/karenwang/anaconda3/envs/airflow_sqlite_env/lib/python3.9/site-packages/airflow/example_dags/example_inlet_event_extra.py
[2024-10-13T21:35:37.744-0400] {processor.py:925} INFO - DAG(s) 'read_dataset_event', 'read_dataset_event_from_classic' retrieved from /Users/karenwang/anaconda3/envs/airflow_sqlite_env/lib/python3.9/site-packages/airflow/example_dags/example_inlet_event_extra.py
[2024-10-13T21:35:37.934-0400] {logging_mixin.py:190} INFO - [2024-10-13T21:35:37.934-0400] {dag.py:3239} INFO - Sync 2 DAGs
[2024-10-13T21:35:37.957-0400] {logging_mixin.py:190} INFO - [2024-10-13T21:35:37.956-0400] {dag.py:4180} INFO - Setting next_dagrun for read_dataset_event to 2024-10-13 00:00:00+00:00, run_after=2024-10-14 00:00:00+00:00
[2024-10-13T21:35:37.962-0400] {logging_mixin.py:190} INFO - [2024-10-13T21:35:37.961-0400] {dag.py:4180} INFO - Setting next_dagrun for read_dataset_event_from_classic to 2024-10-13 00:00:00+00:00, run_after=2024-10-14 00:00:00+00:00
[2024-10-13T21:35:37.982-0400] {processor.py:208} INFO - Processing /Users/karenwang/anaconda3/envs/airflow_sqlite_env/lib/python3.9/site-packages/airflow/example_dags/example_inlet_event_extra.py took 0.428 seconds
[2024-10-13T21:39:29.424-0400] {processor.py:186} INFO - Started process (PID=56648) to work on /Users/karenwang/anaconda3/envs/airflow_sqlite_env/lib/python3.9/site-packages/airflow/example_dags/example_inlet_event_extra.py
[2024-10-13T21:39:29.425-0400] {processor.py:914} INFO - Processing file /Users/karenwang/anaconda3/envs/airflow_sqlite_env/lib/python3.9/site-packages/airflow/example_dags/example_inlet_event_extra.py for tasks to queue
[2024-10-13T21:39:29.426-0400] {logging_mixin.py:190} INFO - [2024-10-13T21:39:29.426-0400] {dagbag.py:588} INFO - Filling up the DagBag from /Users/karenwang/anaconda3/envs/airflow_sqlite_env/lib/python3.9/site-packages/airflow/example_dags/example_inlet_event_extra.py
[2024-10-13T21:39:29.592-0400] {processor.py:925} INFO - DAG(s) 'read_dataset_event_from_classic', 'read_dataset_event' retrieved from /Users/karenwang/anaconda3/envs/airflow_sqlite_env/lib/python3.9/site-packages/airflow/example_dags/example_inlet_event_extra.py
[2024-10-13T21:39:29.723-0400] {logging_mixin.py:190} INFO - [2024-10-13T21:39:29.722-0400] {dag.py:3239} INFO - Sync 2 DAGs
[2024-10-13T21:39:29.749-0400] {logging_mixin.py:190} INFO - [2024-10-13T21:39:29.749-0400] {dag.py:4180} INFO - Setting next_dagrun for read_dataset_event to 2024-10-13 00:00:00+00:00, run_after=2024-10-14 00:00:00+00:00
[2024-10-13T21:39:29.757-0400] {logging_mixin.py:190} INFO - [2024-10-13T21:39:29.757-0400] {dag.py:4180} INFO - Setting next_dagrun for read_dataset_event_from_classic to 2024-10-13 00:00:00+00:00, run_after=2024-10-14 00:00:00+00:00
[2024-10-13T21:39:29.777-0400] {processor.py:208} INFO - Processing /Users/karenwang/anaconda3/envs/airflow_sqlite_env/lib/python3.9/site-packages/airflow/example_dags/example_inlet_event_extra.py took 0.359 seconds
[2024-10-13T21:43:26.910-0400] {processor.py:186} INFO - Started process (PID=57869) to work on /Users/karenwang/anaconda3/envs/airflow_sqlite_env/lib/python3.9/site-packages/airflow/example_dags/example_inlet_event_extra.py
[2024-10-13T21:43:26.912-0400] {processor.py:914} INFO - Processing file /Users/karenwang/anaconda3/envs/airflow_sqlite_env/lib/python3.9/site-packages/airflow/example_dags/example_inlet_event_extra.py for tasks to queue
[2024-10-13T21:43:26.913-0400] {logging_mixin.py:190} INFO - [2024-10-13T21:43:26.913-0400] {dagbag.py:588} INFO - Filling up the DagBag from /Users/karenwang/anaconda3/envs/airflow_sqlite_env/lib/python3.9/site-packages/airflow/example_dags/example_inlet_event_extra.py
[2024-10-13T21:43:27.076-0400] {processor.py:925} INFO - DAG(s) 'read_dataset_event_from_classic', 'read_dataset_event' retrieved from /Users/karenwang/anaconda3/envs/airflow_sqlite_env/lib/python3.9/site-packages/airflow/example_dags/example_inlet_event_extra.py
[2024-10-13T21:43:27.230-0400] {logging_mixin.py:190} INFO - [2024-10-13T21:43:27.230-0400] {dag.py:3239} INFO - Sync 2 DAGs
[2024-10-13T21:43:27.258-0400] {logging_mixin.py:190} INFO - [2024-10-13T21:43:27.257-0400] {dag.py:4180} INFO - Setting next_dagrun for read_dataset_event to 2024-10-13 00:00:00+00:00, run_after=2024-10-14 00:00:00+00:00
[2024-10-13T21:43:27.263-0400] {logging_mixin.py:190} INFO - [2024-10-13T21:43:27.262-0400] {dag.py:4180} INFO - Setting next_dagrun for read_dataset_event_from_classic to 2024-10-13 00:00:00+00:00, run_after=2024-10-14 00:00:00+00:00
[2024-10-13T21:43:27.286-0400] {processor.py:208} INFO - Processing /Users/karenwang/anaconda3/envs/airflow_sqlite_env/lib/python3.9/site-packages/airflow/example_dags/example_inlet_event_extra.py took 0.382 seconds
[2024-10-13T21:47:19.710-0400] {processor.py:186} INFO - Started process (PID=59051) to work on /Users/karenwang/anaconda3/envs/airflow_sqlite_env/lib/python3.9/site-packages/airflow/example_dags/example_inlet_event_extra.py
[2024-10-13T21:47:19.712-0400] {processor.py:914} INFO - Processing file /Users/karenwang/anaconda3/envs/airflow_sqlite_env/lib/python3.9/site-packages/airflow/example_dags/example_inlet_event_extra.py for tasks to queue
[2024-10-13T21:47:19.713-0400] {logging_mixin.py:190} INFO - [2024-10-13T21:47:19.713-0400] {dagbag.py:588} INFO - Filling up the DagBag from /Users/karenwang/anaconda3/envs/airflow_sqlite_env/lib/python3.9/site-packages/airflow/example_dags/example_inlet_event_extra.py
[2024-10-13T21:47:19.875-0400] {processor.py:925} INFO - DAG(s) 'read_dataset_event_from_classic', 'read_dataset_event' retrieved from /Users/karenwang/anaconda3/envs/airflow_sqlite_env/lib/python3.9/site-packages/airflow/example_dags/example_inlet_event_extra.py
[2024-10-13T21:47:20.036-0400] {logging_mixin.py:190} INFO - [2024-10-13T21:47:20.036-0400] {dag.py:3239} INFO - Sync 2 DAGs
[2024-10-13T21:47:20.065-0400] {logging_mixin.py:190} INFO - [2024-10-13T21:47:20.065-0400] {dag.py:4180} INFO - Setting next_dagrun for read_dataset_event to 2024-10-13 00:00:00+00:00, run_after=2024-10-14 00:00:00+00:00
[2024-10-13T21:47:20.072-0400] {logging_mixin.py:190} INFO - [2024-10-13T21:47:20.072-0400] {dag.py:4180} INFO - Setting next_dagrun for read_dataset_event_from_classic to 2024-10-13 00:00:00+00:00, run_after=2024-10-14 00:00:00+00:00
[2024-10-13T21:47:20.092-0400] {processor.py:208} INFO - Processing /Users/karenwang/anaconda3/envs/airflow_sqlite_env/lib/python3.9/site-packages/airflow/example_dags/example_inlet_event_extra.py took 0.389 seconds
[2024-10-13T21:51:18.783-0400] {processor.py:186} INFO - Started process (PID=60317) to work on /Users/karenwang/anaconda3/envs/airflow_sqlite_env/lib/python3.9/site-packages/airflow/example_dags/example_inlet_event_extra.py
[2024-10-13T21:51:18.785-0400] {processor.py:914} INFO - Processing file /Users/karenwang/anaconda3/envs/airflow_sqlite_env/lib/python3.9/site-packages/airflow/example_dags/example_inlet_event_extra.py for tasks to queue
[2024-10-13T21:51:18.786-0400] {logging_mixin.py:190} INFO - [2024-10-13T21:51:18.786-0400] {dagbag.py:588} INFO - Filling up the DagBag from /Users/karenwang/anaconda3/envs/airflow_sqlite_env/lib/python3.9/site-packages/airflow/example_dags/example_inlet_event_extra.py
[2024-10-13T21:51:18.934-0400] {processor.py:925} INFO - DAG(s) 'read_dataset_event_from_classic', 'read_dataset_event' retrieved from /Users/karenwang/anaconda3/envs/airflow_sqlite_env/lib/python3.9/site-packages/airflow/example_dags/example_inlet_event_extra.py
[2024-10-13T21:51:19.094-0400] {logging_mixin.py:190} INFO - [2024-10-13T21:51:19.094-0400] {dag.py:3239} INFO - Sync 2 DAGs
[2024-10-13T21:51:19.125-0400] {logging_mixin.py:190} INFO - [2024-10-13T21:51:19.125-0400] {dag.py:4180} INFO - Setting next_dagrun for read_dataset_event to 2024-10-13 00:00:00+00:00, run_after=2024-10-14 00:00:00+00:00
[2024-10-13T21:51:19.130-0400] {logging_mixin.py:190} INFO - [2024-10-13T21:51:19.130-0400] {dag.py:4180} INFO - Setting next_dagrun for read_dataset_event_from_classic to 2024-10-13 00:00:00+00:00, run_after=2024-10-14 00:00:00+00:00
[2024-10-13T21:51:19.150-0400] {processor.py:208} INFO - Processing /Users/karenwang/anaconda3/envs/airflow_sqlite_env/lib/python3.9/site-packages/airflow/example_dags/example_inlet_event_extra.py took 0.373 seconds
[2024-10-13T21:55:22.797-0400] {processor.py:186} INFO - Started process (PID=61570) to work on /Users/karenwang/anaconda3/envs/airflow_sqlite_env/lib/python3.9/site-packages/airflow/example_dags/example_inlet_event_extra.py
[2024-10-13T21:55:22.799-0400] {processor.py:914} INFO - Processing file /Users/karenwang/anaconda3/envs/airflow_sqlite_env/lib/python3.9/site-packages/airflow/example_dags/example_inlet_event_extra.py for tasks to queue
[2024-10-13T21:55:22.801-0400] {logging_mixin.py:190} INFO - [2024-10-13T21:55:22.800-0400] {dagbag.py:588} INFO - Filling up the DagBag from /Users/karenwang/anaconda3/envs/airflow_sqlite_env/lib/python3.9/site-packages/airflow/example_dags/example_inlet_event_extra.py
[2024-10-13T21:55:22.957-0400] {processor.py:925} INFO - DAG(s) 'read_dataset_event', 'read_dataset_event_from_classic' retrieved from /Users/karenwang/anaconda3/envs/airflow_sqlite_env/lib/python3.9/site-packages/airflow/example_dags/example_inlet_event_extra.py
[2024-10-13T21:55:23.131-0400] {logging_mixin.py:190} INFO - [2024-10-13T21:55:23.131-0400] {dag.py:3239} INFO - Sync 2 DAGs
[2024-10-13T21:55:23.160-0400] {logging_mixin.py:190} INFO - [2024-10-13T21:55:23.159-0400] {dag.py:4180} INFO - Setting next_dagrun for read_dataset_event to 2024-10-13 00:00:00+00:00, run_after=2024-10-14 00:00:00+00:00
[2024-10-13T21:55:23.165-0400] {logging_mixin.py:190} INFO - [2024-10-13T21:55:23.164-0400] {dag.py:4180} INFO - Setting next_dagrun for read_dataset_event_from_classic to 2024-10-13 00:00:00+00:00, run_after=2024-10-14 00:00:00+00:00
[2024-10-13T21:55:23.188-0400] {processor.py:208} INFO - Processing /Users/karenwang/anaconda3/envs/airflow_sqlite_env/lib/python3.9/site-packages/airflow/example_dags/example_inlet_event_extra.py took 0.397 seconds
[2024-10-13T21:59:14.097-0400] {processor.py:186} INFO - Started process (PID=62758) to work on /Users/karenwang/anaconda3/envs/airflow_sqlite_env/lib/python3.9/site-packages/airflow/example_dags/example_inlet_event_extra.py
[2024-10-13T21:59:14.099-0400] {processor.py:914} INFO - Processing file /Users/karenwang/anaconda3/envs/airflow_sqlite_env/lib/python3.9/site-packages/airflow/example_dags/example_inlet_event_extra.py for tasks to queue
[2024-10-13T21:59:14.101-0400] {logging_mixin.py:190} INFO - [2024-10-13T21:59:14.101-0400] {dagbag.py:588} INFO - Filling up the DagBag from /Users/karenwang/anaconda3/envs/airflow_sqlite_env/lib/python3.9/site-packages/airflow/example_dags/example_inlet_event_extra.py
[2024-10-13T21:59:14.303-0400] {processor.py:925} INFO - DAG(s) 'read_dataset_event', 'read_dataset_event_from_classic' retrieved from /Users/karenwang/anaconda3/envs/airflow_sqlite_env/lib/python3.9/site-packages/airflow/example_dags/example_inlet_event_extra.py
[2024-10-13T21:59:14.514-0400] {logging_mixin.py:190} INFO - [2024-10-13T21:59:14.514-0400] {dag.py:3239} INFO - Sync 2 DAGs
[2024-10-13T21:59:14.545-0400] {logging_mixin.py:190} INFO - [2024-10-13T21:59:14.545-0400] {dag.py:4180} INFO - Setting next_dagrun for read_dataset_event to 2024-10-13 00:00:00+00:00, run_after=2024-10-14 00:00:00+00:00
[2024-10-13T21:59:14.552-0400] {logging_mixin.py:190} INFO - [2024-10-13T21:59:14.552-0400] {dag.py:4180} INFO - Setting next_dagrun for read_dataset_event_from_classic to 2024-10-13 00:00:00+00:00, run_after=2024-10-14 00:00:00+00:00
[2024-10-13T21:59:14.577-0400] {processor.py:208} INFO - Processing /Users/karenwang/anaconda3/envs/airflow_sqlite_env/lib/python3.9/site-packages/airflow/example_dags/example_inlet_event_extra.py took 0.487 seconds
[2024-10-13T22:03:08.120-0400] {processor.py:186} INFO - Started process (PID=63962) to work on /Users/karenwang/anaconda3/envs/airflow_sqlite_env/lib/python3.9/site-packages/airflow/example_dags/example_inlet_event_extra.py
[2024-10-13T22:03:08.121-0400] {processor.py:914} INFO - Processing file /Users/karenwang/anaconda3/envs/airflow_sqlite_env/lib/python3.9/site-packages/airflow/example_dags/example_inlet_event_extra.py for tasks to queue
[2024-10-13T22:03:08.123-0400] {logging_mixin.py:190} INFO - [2024-10-13T22:03:08.122-0400] {dagbag.py:588} INFO - Filling up the DagBag from /Users/karenwang/anaconda3/envs/airflow_sqlite_env/lib/python3.9/site-packages/airflow/example_dags/example_inlet_event_extra.py
[2024-10-13T22:03:08.262-0400] {processor.py:925} INFO - DAG(s) 'read_dataset_event_from_classic', 'read_dataset_event' retrieved from /Users/karenwang/anaconda3/envs/airflow_sqlite_env/lib/python3.9/site-packages/airflow/example_dags/example_inlet_event_extra.py
[2024-10-13T22:03:08.435-0400] {logging_mixin.py:190} INFO - [2024-10-13T22:03:08.435-0400] {dag.py:3239} INFO - Sync 2 DAGs
[2024-10-13T22:03:08.465-0400] {logging_mixin.py:190} INFO - [2024-10-13T22:03:08.464-0400] {dag.py:4180} INFO - Setting next_dagrun for read_dataset_event to 2024-10-13 00:00:00+00:00, run_after=2024-10-14 00:00:00+00:00
[2024-10-13T22:03:08.470-0400] {logging_mixin.py:190} INFO - [2024-10-13T22:03:08.469-0400] {dag.py:4180} INFO - Setting next_dagrun for read_dataset_event_from_classic to 2024-10-13 00:00:00+00:00, run_after=2024-10-14 00:00:00+00:00
[2024-10-13T22:03:08.489-0400] {processor.py:208} INFO - Processing /Users/karenwang/anaconda3/envs/airflow_sqlite_env/lib/python3.9/site-packages/airflow/example_dags/example_inlet_event_extra.py took 0.376 seconds
[2024-10-13T22:07:00.062-0400] {processor.py:186} INFO - Started process (PID=65161) to work on /Users/karenwang/anaconda3/envs/airflow_sqlite_env/lib/python3.9/site-packages/airflow/example_dags/example_inlet_event_extra.py
[2024-10-13T22:07:00.063-0400] {processor.py:914} INFO - Processing file /Users/karenwang/anaconda3/envs/airflow_sqlite_env/lib/python3.9/site-packages/airflow/example_dags/example_inlet_event_extra.py for tasks to queue
[2024-10-13T22:07:00.065-0400] {logging_mixin.py:190} INFO - [2024-10-13T22:07:00.064-0400] {dagbag.py:588} INFO - Filling up the DagBag from /Users/karenwang/anaconda3/envs/airflow_sqlite_env/lib/python3.9/site-packages/airflow/example_dags/example_inlet_event_extra.py
[2024-10-13T22:07:00.231-0400] {processor.py:925} INFO - DAG(s) 'read_dataset_event_from_classic', 'read_dataset_event' retrieved from /Users/karenwang/anaconda3/envs/airflow_sqlite_env/lib/python3.9/site-packages/airflow/example_dags/example_inlet_event_extra.py
[2024-10-13T22:07:00.394-0400] {logging_mixin.py:190} INFO - [2024-10-13T22:07:00.393-0400] {dag.py:3239} INFO - Sync 2 DAGs
[2024-10-13T22:07:00.421-0400] {logging_mixin.py:190} INFO - [2024-10-13T22:07:00.421-0400] {dag.py:4180} INFO - Setting next_dagrun for read_dataset_event to 2024-10-13 00:00:00+00:00, run_after=2024-10-14 00:00:00+00:00
[2024-10-13T22:07:00.426-0400] {logging_mixin.py:190} INFO - [2024-10-13T22:07:00.426-0400] {dag.py:4180} INFO - Setting next_dagrun for read_dataset_event_from_classic to 2024-10-13 00:00:00+00:00, run_after=2024-10-14 00:00:00+00:00
[2024-10-13T22:07:00.448-0400] {processor.py:208} INFO - Processing /Users/karenwang/anaconda3/envs/airflow_sqlite_env/lib/python3.9/site-packages/airflow/example_dags/example_inlet_event_extra.py took 0.392 seconds
[2024-10-13T22:10:59.846-0400] {processor.py:186} INFO - Started process (PID=66391) to work on /Users/karenwang/anaconda3/envs/airflow_sqlite_env/lib/python3.9/site-packages/airflow/example_dags/example_inlet_event_extra.py
[2024-10-13T22:10:59.848-0400] {processor.py:914} INFO - Processing file /Users/karenwang/anaconda3/envs/airflow_sqlite_env/lib/python3.9/site-packages/airflow/example_dags/example_inlet_event_extra.py for tasks to queue
[2024-10-13T22:10:59.849-0400] {logging_mixin.py:190} INFO - [2024-10-13T22:10:59.849-0400] {dagbag.py:588} INFO - Filling up the DagBag from /Users/karenwang/anaconda3/envs/airflow_sqlite_env/lib/python3.9/site-packages/airflow/example_dags/example_inlet_event_extra.py
[2024-10-13T22:11:00.003-0400] {processor.py:925} INFO - DAG(s) 'read_dataset_event', 'read_dataset_event_from_classic' retrieved from /Users/karenwang/anaconda3/envs/airflow_sqlite_env/lib/python3.9/site-packages/airflow/example_dags/example_inlet_event_extra.py
[2024-10-13T22:11:00.160-0400] {logging_mixin.py:190} INFO - [2024-10-13T22:11:00.160-0400] {dag.py:3239} INFO - Sync 2 DAGs
[2024-10-13T22:11:00.185-0400] {logging_mixin.py:190} INFO - [2024-10-13T22:11:00.184-0400] {dag.py:4180} INFO - Setting next_dagrun for read_dataset_event to 2024-10-13 00:00:00+00:00, run_after=2024-10-14 00:00:00+00:00
[2024-10-13T22:11:00.190-0400] {logging_mixin.py:190} INFO - [2024-10-13T22:11:00.190-0400] {dag.py:4180} INFO - Setting next_dagrun for read_dataset_event_from_classic to 2024-10-13 00:00:00+00:00, run_after=2024-10-14 00:00:00+00:00
[2024-10-13T22:11:00.212-0400] {processor.py:208} INFO - Processing /Users/karenwang/anaconda3/envs/airflow_sqlite_env/lib/python3.9/site-packages/airflow/example_dags/example_inlet_event_extra.py took 0.372 seconds
[2024-10-13T22:14:50.672-0400] {processor.py:186} INFO - Started process (PID=67579) to work on /Users/karenwang/anaconda3/envs/airflow_sqlite_env/lib/python3.9/site-packages/airflow/example_dags/example_inlet_event_extra.py
[2024-10-13T22:14:50.673-0400] {processor.py:914} INFO - Processing file /Users/karenwang/anaconda3/envs/airflow_sqlite_env/lib/python3.9/site-packages/airflow/example_dags/example_inlet_event_extra.py for tasks to queue
[2024-10-13T22:14:50.675-0400] {logging_mixin.py:190} INFO - [2024-10-13T22:14:50.674-0400] {dagbag.py:588} INFO - Filling up the DagBag from /Users/karenwang/anaconda3/envs/airflow_sqlite_env/lib/python3.9/site-packages/airflow/example_dags/example_inlet_event_extra.py
[2024-10-13T22:14:50.841-0400] {processor.py:925} INFO - DAG(s) 'read_dataset_event_from_classic', 'read_dataset_event' retrieved from /Users/karenwang/anaconda3/envs/airflow_sqlite_env/lib/python3.9/site-packages/airflow/example_dags/example_inlet_event_extra.py
[2024-10-13T22:14:51.003-0400] {logging_mixin.py:190} INFO - [2024-10-13T22:14:51.002-0400] {dag.py:3239} INFO - Sync 2 DAGs
[2024-10-13T22:14:51.028-0400] {logging_mixin.py:190} INFO - [2024-10-13T22:14:51.027-0400] {dag.py:4180} INFO - Setting next_dagrun for read_dataset_event to 2024-10-13 00:00:00+00:00, run_after=2024-10-14 00:00:00+00:00
[2024-10-13T22:14:51.033-0400] {logging_mixin.py:190} INFO - [2024-10-13T22:14:51.033-0400] {dag.py:4180} INFO - Setting next_dagrun for read_dataset_event_from_classic to 2024-10-13 00:00:00+00:00, run_after=2024-10-14 00:00:00+00:00
[2024-10-13T22:14:51.054-0400] {processor.py:208} INFO - Processing /Users/karenwang/anaconda3/envs/airflow_sqlite_env/lib/python3.9/site-packages/airflow/example_dags/example_inlet_event_extra.py took 0.391 seconds
[2024-10-13T22:18:54.527-0400] {processor.py:186} INFO - Started process (PID=68826) to work on /Users/karenwang/anaconda3/envs/airflow_sqlite_env/lib/python3.9/site-packages/airflow/example_dags/example_inlet_event_extra.py
[2024-10-13T22:18:54.529-0400] {processor.py:914} INFO - Processing file /Users/karenwang/anaconda3/envs/airflow_sqlite_env/lib/python3.9/site-packages/airflow/example_dags/example_inlet_event_extra.py for tasks to queue
[2024-10-13T22:18:54.531-0400] {logging_mixin.py:190} INFO - [2024-10-13T22:18:54.531-0400] {dagbag.py:588} INFO - Filling up the DagBag from /Users/karenwang/anaconda3/envs/airflow_sqlite_env/lib/python3.9/site-packages/airflow/example_dags/example_inlet_event_extra.py
[2024-10-13T22:18:54.723-0400] {processor.py:925} INFO - DAG(s) 'read_dataset_event', 'read_dataset_event_from_classic' retrieved from /Users/karenwang/anaconda3/envs/airflow_sqlite_env/lib/python3.9/site-packages/airflow/example_dags/example_inlet_event_extra.py
[2024-10-13T22:18:54.896-0400] {logging_mixin.py:190} INFO - [2024-10-13T22:18:54.895-0400] {dag.py:3239} INFO - Sync 2 DAGs
[2024-10-13T22:18:54.924-0400] {logging_mixin.py:190} INFO - [2024-10-13T22:18:54.924-0400] {dag.py:4180} INFO - Setting next_dagrun for read_dataset_event to 2024-10-13 00:00:00+00:00, run_after=2024-10-14 00:00:00+00:00
[2024-10-13T22:18:54.931-0400] {logging_mixin.py:190} INFO - [2024-10-13T22:18:54.930-0400] {dag.py:4180} INFO - Setting next_dagrun for read_dataset_event_from_classic to 2024-10-13 00:00:00+00:00, run_after=2024-10-14 00:00:00+00:00
[2024-10-13T22:18:54.950-0400] {processor.py:208} INFO - Processing /Users/karenwang/anaconda3/envs/airflow_sqlite_env/lib/python3.9/site-packages/airflow/example_dags/example_inlet_event_extra.py took 0.432 seconds
[2024-10-13T22:22:56.923-0400] {processor.py:186} INFO - Started process (PID=70093) to work on /Users/karenwang/anaconda3/envs/airflow_sqlite_env/lib/python3.9/site-packages/airflow/example_dags/example_inlet_event_extra.py
[2024-10-13T22:22:56.925-0400] {processor.py:914} INFO - Processing file /Users/karenwang/anaconda3/envs/airflow_sqlite_env/lib/python3.9/site-packages/airflow/example_dags/example_inlet_event_extra.py for tasks to queue
[2024-10-13T22:22:56.926-0400] {logging_mixin.py:190} INFO - [2024-10-13T22:22:56.926-0400] {dagbag.py:588} INFO - Filling up the DagBag from /Users/karenwang/anaconda3/envs/airflow_sqlite_env/lib/python3.9/site-packages/airflow/example_dags/example_inlet_event_extra.py
[2024-10-13T22:22:57.092-0400] {processor.py:925} INFO - DAG(s) 'read_dataset_event', 'read_dataset_event_from_classic' retrieved from /Users/karenwang/anaconda3/envs/airflow_sqlite_env/lib/python3.9/site-packages/airflow/example_dags/example_inlet_event_extra.py
[2024-10-13T22:22:57.257-0400] {logging_mixin.py:190} INFO - [2024-10-13T22:22:57.256-0400] {dag.py:3239} INFO - Sync 2 DAGs
[2024-10-13T22:22:57.288-0400] {logging_mixin.py:190} INFO - [2024-10-13T22:22:57.288-0400] {dag.py:4180} INFO - Setting next_dagrun for read_dataset_event to 2024-10-13 00:00:00+00:00, run_after=2024-10-14 00:00:00+00:00
[2024-10-13T22:22:57.294-0400] {logging_mixin.py:190} INFO - [2024-10-13T22:22:57.293-0400] {dag.py:4180} INFO - Setting next_dagrun for read_dataset_event_from_classic to 2024-10-13 00:00:00+00:00, run_after=2024-10-14 00:00:00+00:00
[2024-10-13T22:22:57.316-0400] {processor.py:208} INFO - Processing /Users/karenwang/anaconda3/envs/airflow_sqlite_env/lib/python3.9/site-packages/airflow/example_dags/example_inlet_event_extra.py took 0.399 seconds
[2024-10-13T22:27:06.823-0400] {processor.py:186} INFO - Started process (PID=71432) to work on /Users/karenwang/anaconda3/envs/airflow_sqlite_env/lib/python3.9/site-packages/airflow/example_dags/example_inlet_event_extra.py
[2024-10-13T22:27:06.825-0400] {processor.py:914} INFO - Processing file /Users/karenwang/anaconda3/envs/airflow_sqlite_env/lib/python3.9/site-packages/airflow/example_dags/example_inlet_event_extra.py for tasks to queue
[2024-10-13T22:27:06.826-0400] {logging_mixin.py:190} INFO - [2024-10-13T22:27:06.826-0400] {dagbag.py:588} INFO - Filling up the DagBag from /Users/karenwang/anaconda3/envs/airflow_sqlite_env/lib/python3.9/site-packages/airflow/example_dags/example_inlet_event_extra.py
[2024-10-13T22:27:06.988-0400] {processor.py:925} INFO - DAG(s) 'read_dataset_event_from_classic', 'read_dataset_event' retrieved from /Users/karenwang/anaconda3/envs/airflow_sqlite_env/lib/python3.9/site-packages/airflow/example_dags/example_inlet_event_extra.py
[2024-10-13T22:27:07.117-0400] {logging_mixin.py:190} INFO - [2024-10-13T22:27:07.116-0400] {dag.py:3239} INFO - Sync 2 DAGs
[2024-10-13T22:27:07.141-0400] {logging_mixin.py:190} INFO - [2024-10-13T22:27:07.141-0400] {dag.py:4180} INFO - Setting next_dagrun for read_dataset_event to 2024-10-13 00:00:00+00:00, run_after=2024-10-14 00:00:00+00:00
[2024-10-13T22:27:07.146-0400] {logging_mixin.py:190} INFO - [2024-10-13T22:27:07.145-0400] {dag.py:4180} INFO - Setting next_dagrun for read_dataset_event_from_classic to 2024-10-13 00:00:00+00:00, run_after=2024-10-14 00:00:00+00:00
[2024-10-13T22:27:07.167-0400] {processor.py:208} INFO - Processing /Users/karenwang/anaconda3/envs/airflow_sqlite_env/lib/python3.9/site-packages/airflow/example_dags/example_inlet_event_extra.py took 0.349 seconds
[2024-10-13T22:36:57.189-0400] {processor.py:186} INFO - Started process (PID=74767) to work on /Users/karenwang/anaconda3/envs/airflow_sqlite_env/lib/python3.9/site-packages/airflow/example_dags/example_inlet_event_extra.py
[2024-10-13T22:36:57.191-0400] {processor.py:914} INFO - Processing file /Users/karenwang/anaconda3/envs/airflow_sqlite_env/lib/python3.9/site-packages/airflow/example_dags/example_inlet_event_extra.py for tasks to queue
[2024-10-13T22:36:57.193-0400] {logging_mixin.py:190} INFO - [2024-10-13T22:36:57.192-0400] {dagbag.py:588} INFO - Filling up the DagBag from /Users/karenwang/anaconda3/envs/airflow_sqlite_env/lib/python3.9/site-packages/airflow/example_dags/example_inlet_event_extra.py
[2024-10-13T22:36:57.361-0400] {processor.py:925} INFO - DAG(s) 'read_dataset_event', 'read_dataset_event_from_classic' retrieved from /Users/karenwang/anaconda3/envs/airflow_sqlite_env/lib/python3.9/site-packages/airflow/example_dags/example_inlet_event_extra.py
[2024-10-13T22:36:57.550-0400] {logging_mixin.py:190} INFO - [2024-10-13T22:36:57.549-0400] {dag.py:3239} INFO - Sync 2 DAGs
[2024-10-13T22:36:57.579-0400] {logging_mixin.py:190} INFO - [2024-10-13T22:36:57.579-0400] {dag.py:4180} INFO - Setting next_dagrun for read_dataset_event to 2024-10-13 00:00:00+00:00, run_after=2024-10-14 00:00:00+00:00
[2024-10-13T22:36:57.585-0400] {logging_mixin.py:190} INFO - [2024-10-13T22:36:57.585-0400] {dag.py:4180} INFO - Setting next_dagrun for read_dataset_event_from_classic to 2024-10-13 00:00:00+00:00, run_after=2024-10-14 00:00:00+00:00
[2024-10-13T22:36:57.607-0400] {processor.py:208} INFO - Processing /Users/karenwang/anaconda3/envs/airflow_sqlite_env/lib/python3.9/site-packages/airflow/example_dags/example_inlet_event_extra.py took 0.424 seconds
