[2024-10-13T20:02:24.099-0400] {processor.py:186} INFO - Started process (PID=25842) to work on /Users/karenwang/anaconda3/envs/airflow_sqlite_env/lib/python3.9/site-packages/airflow/example_dags/example_outlet_event_extra.py
[2024-10-13T20:02:24.101-0400] {processor.py:914} INFO - Processing file /Users/karenwang/anaconda3/envs/airflow_sqlite_env/lib/python3.9/site-packages/airflow/example_dags/example_outlet_event_extra.py for tasks to queue
[2024-10-13T20:02:24.102-0400] {logging_mixin.py:190} INFO - [2024-10-13T20:02:24.102-0400] {dagbag.py:588} INFO - Filling up the DagBag from /Users/karenwang/anaconda3/envs/airflow_sqlite_env/lib/python3.9/site-packages/airflow/example_dags/example_outlet_event_extra.py
[2024-10-13T20:02:24.268-0400] {processor.py:925} INFO - DAG(s) 'dataset_with_extra_by_context', 'dataset_with_extra_from_classic_operator', 'dataset_with_extra_by_yield' retrieved from /Users/karenwang/anaconda3/envs/airflow_sqlite_env/lib/python3.9/site-packages/airflow/example_dags/example_outlet_event_extra.py
[2024-10-13T20:02:24.469-0400] {logging_mixin.py:190} INFO - [2024-10-13T20:02:24.469-0400] {dag.py:3239} INFO - Sync 3 DAGs
[2024-10-13T20:02:24.522-0400] {logging_mixin.py:190} INFO - [2024-10-13T20:02:24.522-0400] {dag.py:4180} INFO - Setting next_dagrun for dataset_with_extra_by_context to 2024-10-13 00:00:00+00:00, run_after=2024-10-14 00:00:00+00:00
[2024-10-13T20:02:24.535-0400] {logging_mixin.py:190} INFO - [2024-10-13T20:02:24.534-0400] {dag.py:4180} INFO - Setting next_dagrun for dataset_with_extra_by_yield to 2024-10-13 00:00:00+00:00, run_after=2024-10-14 00:00:00+00:00
[2024-10-13T20:02:24.540-0400] {logging_mixin.py:190} INFO - [2024-10-13T20:02:24.539-0400] {dag.py:4180} INFO - Setting next_dagrun for dataset_with_extra_from_classic_operator to 2024-10-13 00:00:00+00:00, run_after=2024-10-14 00:00:00+00:00
[2024-10-13T20:02:24.574-0400] {processor.py:208} INFO - Processing /Users/karenwang/anaconda3/envs/airflow_sqlite_env/lib/python3.9/site-packages/airflow/example_dags/example_outlet_event_extra.py took 0.480 seconds
[2024-10-13T20:06:34.971-0400] {processor.py:186} INFO - Started process (PID=27143) to work on /Users/karenwang/anaconda3/envs/airflow_sqlite_env/lib/python3.9/site-packages/airflow/example_dags/example_outlet_event_extra.py
[2024-10-13T20:06:34.973-0400] {processor.py:914} INFO - Processing file /Users/karenwang/anaconda3/envs/airflow_sqlite_env/lib/python3.9/site-packages/airflow/example_dags/example_outlet_event_extra.py for tasks to queue
[2024-10-13T20:06:34.974-0400] {logging_mixin.py:190} INFO - [2024-10-13T20:06:34.974-0400] {dagbag.py:588} INFO - Filling up the DagBag from /Users/karenwang/anaconda3/envs/airflow_sqlite_env/lib/python3.9/site-packages/airflow/example_dags/example_outlet_event_extra.py
[2024-10-13T20:06:35.140-0400] {processor.py:925} INFO - DAG(s) 'dataset_with_extra_from_classic_operator', 'dataset_with_extra_by_yield', 'dataset_with_extra_by_context' retrieved from /Users/karenwang/anaconda3/envs/airflow_sqlite_env/lib/python3.9/site-packages/airflow/example_dags/example_outlet_event_extra.py
[2024-10-13T20:06:35.324-0400] {logging_mixin.py:190} INFO - [2024-10-13T20:06:35.323-0400] {dag.py:3239} INFO - Sync 3 DAGs
[2024-10-13T20:06:35.350-0400] {logging_mixin.py:190} INFO - [2024-10-13T20:06:35.350-0400] {dag.py:4180} INFO - Setting next_dagrun for dataset_with_extra_by_context to 2024-10-13 00:00:00+00:00, run_after=2024-10-14 00:00:00+00:00
[2024-10-13T20:06:35.358-0400] {logging_mixin.py:190} INFO - [2024-10-13T20:06:35.358-0400] {dag.py:4180} INFO - Setting next_dagrun for dataset_with_extra_by_yield to 2024-10-13 00:00:00+00:00, run_after=2024-10-14 00:00:00+00:00
[2024-10-13T20:06:35.363-0400] {logging_mixin.py:190} INFO - [2024-10-13T20:06:35.363-0400] {dag.py:4180} INFO - Setting next_dagrun for dataset_with_extra_from_classic_operator to 2024-10-13 00:00:00+00:00, run_after=2024-10-14 00:00:00+00:00
[2024-10-13T20:06:35.390-0400] {processor.py:208} INFO - Processing /Users/karenwang/anaconda3/envs/airflow_sqlite_env/lib/python3.9/site-packages/airflow/example_dags/example_outlet_event_extra.py took 0.426 seconds
[2024-10-13T20:10:33.830-0400] {processor.py:186} INFO - Started process (PID=28372) to work on /Users/karenwang/anaconda3/envs/airflow_sqlite_env/lib/python3.9/site-packages/airflow/example_dags/example_outlet_event_extra.py
[2024-10-13T20:10:33.831-0400] {processor.py:914} INFO - Processing file /Users/karenwang/anaconda3/envs/airflow_sqlite_env/lib/python3.9/site-packages/airflow/example_dags/example_outlet_event_extra.py for tasks to queue
[2024-10-13T20:10:33.832-0400] {logging_mixin.py:190} INFO - [2024-10-13T20:10:33.832-0400] {dagbag.py:588} INFO - Filling up the DagBag from /Users/karenwang/anaconda3/envs/airflow_sqlite_env/lib/python3.9/site-packages/airflow/example_dags/example_outlet_event_extra.py
[2024-10-13T20:10:33.988-0400] {processor.py:925} INFO - DAG(s) 'dataset_with_extra_by_context', 'dataset_with_extra_from_classic_operator', 'dataset_with_extra_by_yield' retrieved from /Users/karenwang/anaconda3/envs/airflow_sqlite_env/lib/python3.9/site-packages/airflow/example_dags/example_outlet_event_extra.py
[2024-10-13T20:10:34.150-0400] {logging_mixin.py:190} INFO - [2024-10-13T20:10:34.150-0400] {dag.py:3239} INFO - Sync 3 DAGs
[2024-10-13T20:10:34.181-0400] {logging_mixin.py:190} INFO - [2024-10-13T20:10:34.180-0400] {dag.py:4180} INFO - Setting next_dagrun for dataset_with_extra_by_context to 2024-10-13 00:00:00+00:00, run_after=2024-10-14 00:00:00+00:00
[2024-10-13T20:10:34.188-0400] {logging_mixin.py:190} INFO - [2024-10-13T20:10:34.188-0400] {dag.py:4180} INFO - Setting next_dagrun for dataset_with_extra_by_yield to 2024-10-13 00:00:00+00:00, run_after=2024-10-14 00:00:00+00:00
[2024-10-13T20:10:34.193-0400] {logging_mixin.py:190} INFO - [2024-10-13T20:10:34.193-0400] {dag.py:4180} INFO - Setting next_dagrun for dataset_with_extra_from_classic_operator to 2024-10-13 00:00:00+00:00, run_after=2024-10-14 00:00:00+00:00
[2024-10-13T20:10:34.220-0400] {processor.py:208} INFO - Processing /Users/karenwang/anaconda3/envs/airflow_sqlite_env/lib/python3.9/site-packages/airflow/example_dags/example_outlet_event_extra.py took 0.397 seconds
[2024-10-13T20:14:34.027-0400] {processor.py:186} INFO - Started process (PID=29598) to work on /Users/karenwang/anaconda3/envs/airflow_sqlite_env/lib/python3.9/site-packages/airflow/example_dags/example_outlet_event_extra.py
[2024-10-13T20:14:34.029-0400] {processor.py:914} INFO - Processing file /Users/karenwang/anaconda3/envs/airflow_sqlite_env/lib/python3.9/site-packages/airflow/example_dags/example_outlet_event_extra.py for tasks to queue
[2024-10-13T20:14:34.031-0400] {logging_mixin.py:190} INFO - [2024-10-13T20:14:34.031-0400] {dagbag.py:588} INFO - Filling up the DagBag from /Users/karenwang/anaconda3/envs/airflow_sqlite_env/lib/python3.9/site-packages/airflow/example_dags/example_outlet_event_extra.py
[2024-10-13T20:14:34.184-0400] {processor.py:925} INFO - DAG(s) 'dataset_with_extra_by_context', 'dataset_with_extra_by_yield', 'dataset_with_extra_from_classic_operator' retrieved from /Users/karenwang/anaconda3/envs/airflow_sqlite_env/lib/python3.9/site-packages/airflow/example_dags/example_outlet_event_extra.py
[2024-10-13T20:14:34.363-0400] {logging_mixin.py:190} INFO - [2024-10-13T20:14:34.363-0400] {dag.py:3239} INFO - Sync 3 DAGs
[2024-10-13T20:14:34.391-0400] {logging_mixin.py:190} INFO - [2024-10-13T20:14:34.391-0400] {dag.py:4180} INFO - Setting next_dagrun for dataset_with_extra_by_context to 2024-10-13 00:00:00+00:00, run_after=2024-10-14 00:00:00+00:00
[2024-10-13T20:14:34.397-0400] {logging_mixin.py:190} INFO - [2024-10-13T20:14:34.397-0400] {dag.py:4180} INFO - Setting next_dagrun for dataset_with_extra_by_yield to 2024-10-13 00:00:00+00:00, run_after=2024-10-14 00:00:00+00:00
[2024-10-13T20:14:34.401-0400] {logging_mixin.py:190} INFO - [2024-10-13T20:14:34.401-0400] {dag.py:4180} INFO - Setting next_dagrun for dataset_with_extra_from_classic_operator to 2024-10-13 00:00:00+00:00, run_after=2024-10-14 00:00:00+00:00
[2024-10-13T20:14:34.426-0400] {processor.py:208} INFO - Processing /Users/karenwang/anaconda3/envs/airflow_sqlite_env/lib/python3.9/site-packages/airflow/example_dags/example_outlet_event_extra.py took 0.406 seconds
[2024-10-13T20:18:43.649-0400] {processor.py:186} INFO - Started process (PID=30874) to work on /Users/karenwang/anaconda3/envs/airflow_sqlite_env/lib/python3.9/site-packages/airflow/example_dags/example_outlet_event_extra.py
[2024-10-13T20:18:43.650-0400] {processor.py:914} INFO - Processing file /Users/karenwang/anaconda3/envs/airflow_sqlite_env/lib/python3.9/site-packages/airflow/example_dags/example_outlet_event_extra.py for tasks to queue
[2024-10-13T20:18:43.651-0400] {logging_mixin.py:190} INFO - [2024-10-13T20:18:43.651-0400] {dagbag.py:588} INFO - Filling up the DagBag from /Users/karenwang/anaconda3/envs/airflow_sqlite_env/lib/python3.9/site-packages/airflow/example_dags/example_outlet_event_extra.py
[2024-10-13T20:18:43.830-0400] {processor.py:925} INFO - DAG(s) 'dataset_with_extra_from_classic_operator', 'dataset_with_extra_by_yield', 'dataset_with_extra_by_context' retrieved from /Users/karenwang/anaconda3/envs/airflow_sqlite_env/lib/python3.9/site-packages/airflow/example_dags/example_outlet_event_extra.py
[2024-10-13T20:18:44.008-0400] {logging_mixin.py:190} INFO - [2024-10-13T20:18:44.008-0400] {dag.py:3239} INFO - Sync 3 DAGs
[2024-10-13T20:18:44.043-0400] {logging_mixin.py:190} INFO - [2024-10-13T20:18:44.042-0400] {dag.py:4180} INFO - Setting next_dagrun for dataset_with_extra_by_context to 2024-10-13 00:00:00+00:00, run_after=2024-10-14 00:00:00+00:00
[2024-10-13T20:18:44.050-0400] {logging_mixin.py:190} INFO - [2024-10-13T20:18:44.050-0400] {dag.py:4180} INFO - Setting next_dagrun for dataset_with_extra_by_yield to 2024-10-13 00:00:00+00:00, run_after=2024-10-14 00:00:00+00:00
[2024-10-13T20:18:44.055-0400] {logging_mixin.py:190} INFO - [2024-10-13T20:18:44.055-0400] {dag.py:4180} INFO - Setting next_dagrun for dataset_with_extra_from_classic_operator to 2024-10-13 00:00:00+00:00, run_after=2024-10-14 00:00:00+00:00
[2024-10-13T20:18:44.084-0400] {processor.py:208} INFO - Processing /Users/karenwang/anaconda3/envs/airflow_sqlite_env/lib/python3.9/site-packages/airflow/example_dags/example_outlet_event_extra.py took 0.441 seconds
[2024-10-13T20:23:07.844-0400] {processor.py:186} INFO - Started process (PID=32343) to work on /Users/karenwang/anaconda3/envs/airflow_sqlite_env/lib/python3.9/site-packages/airflow/example_dags/example_outlet_event_extra.py
[2024-10-13T20:23:07.845-0400] {processor.py:914} INFO - Processing file /Users/karenwang/anaconda3/envs/airflow_sqlite_env/lib/python3.9/site-packages/airflow/example_dags/example_outlet_event_extra.py for tasks to queue
[2024-10-13T20:23:07.846-0400] {logging_mixin.py:190} INFO - [2024-10-13T20:23:07.846-0400] {dagbag.py:588} INFO - Filling up the DagBag from /Users/karenwang/anaconda3/envs/airflow_sqlite_env/lib/python3.9/site-packages/airflow/example_dags/example_outlet_event_extra.py
[2024-10-13T20:23:08.014-0400] {processor.py:925} INFO - DAG(s) 'dataset_with_extra_by_context', 'dataset_with_extra_by_yield', 'dataset_with_extra_from_classic_operator' retrieved from /Users/karenwang/anaconda3/envs/airflow_sqlite_env/lib/python3.9/site-packages/airflow/example_dags/example_outlet_event_extra.py
[2024-10-13T20:23:08.190-0400] {logging_mixin.py:190} INFO - [2024-10-13T20:23:08.190-0400] {dag.py:3239} INFO - Sync 3 DAGs
[2024-10-13T20:23:08.217-0400] {logging_mixin.py:190} INFO - [2024-10-13T20:23:08.217-0400] {dag.py:4180} INFO - Setting next_dagrun for dataset_with_extra_by_context to 2024-10-13 00:00:00+00:00, run_after=2024-10-14 00:00:00+00:00
[2024-10-13T20:23:08.224-0400] {logging_mixin.py:190} INFO - [2024-10-13T20:23:08.224-0400] {dag.py:4180} INFO - Setting next_dagrun for dataset_with_extra_by_yield to 2024-10-13 00:00:00+00:00, run_after=2024-10-14 00:00:00+00:00
[2024-10-13T20:23:08.227-0400] {logging_mixin.py:190} INFO - [2024-10-13T20:23:08.227-0400] {dag.py:4180} INFO - Setting next_dagrun for dataset_with_extra_from_classic_operator to 2024-10-13 00:00:00+00:00, run_after=2024-10-14 00:00:00+00:00
[2024-10-13T20:23:08.251-0400] {processor.py:208} INFO - Processing /Users/karenwang/anaconda3/envs/airflow_sqlite_env/lib/python3.9/site-packages/airflow/example_dags/example_outlet_event_extra.py took 0.414 seconds
[2024-10-13T20:28:48.049-0400] {processor.py:186} INFO - Started process (PID=34252) to work on /Users/karenwang/anaconda3/envs/airflow_sqlite_env/lib/python3.9/site-packages/airflow/example_dags/example_outlet_event_extra.py
[2024-10-13T20:28:48.051-0400] {processor.py:914} INFO - Processing file /Users/karenwang/anaconda3/envs/airflow_sqlite_env/lib/python3.9/site-packages/airflow/example_dags/example_outlet_event_extra.py for tasks to queue
[2024-10-13T20:28:48.053-0400] {logging_mixin.py:190} INFO - [2024-10-13T20:28:48.052-0400] {dagbag.py:588} INFO - Filling up the DagBag from /Users/karenwang/anaconda3/envs/airflow_sqlite_env/lib/python3.9/site-packages/airflow/example_dags/example_outlet_event_extra.py
[2024-10-13T20:28:48.221-0400] {processor.py:925} INFO - DAG(s) 'dataset_with_extra_by_context', 'dataset_with_extra_by_yield', 'dataset_with_extra_from_classic_operator' retrieved from /Users/karenwang/anaconda3/envs/airflow_sqlite_env/lib/python3.9/site-packages/airflow/example_dags/example_outlet_event_extra.py
[2024-10-13T20:28:48.400-0400] {logging_mixin.py:190} INFO - [2024-10-13T20:28:48.400-0400] {dag.py:3239} INFO - Sync 3 DAGs
[2024-10-13T20:28:48.433-0400] {logging_mixin.py:190} INFO - [2024-10-13T20:28:48.433-0400] {dag.py:4180} INFO - Setting next_dagrun for dataset_with_extra_by_context to 2024-10-13 00:00:00+00:00, run_after=2024-10-14 00:00:00+00:00
[2024-10-13T20:28:48.443-0400] {logging_mixin.py:190} INFO - [2024-10-13T20:28:48.443-0400] {dag.py:4180} INFO - Setting next_dagrun for dataset_with_extra_by_yield to 2024-10-13 00:00:00+00:00, run_after=2024-10-14 00:00:00+00:00
[2024-10-13T20:28:48.448-0400] {logging_mixin.py:190} INFO - [2024-10-13T20:28:48.447-0400] {dag.py:4180} INFO - Setting next_dagrun for dataset_with_extra_from_classic_operator to 2024-10-13 00:00:00+00:00, run_after=2024-10-14 00:00:00+00:00
[2024-10-13T20:28:48.477-0400] {processor.py:208} INFO - Processing /Users/karenwang/anaconda3/envs/airflow_sqlite_env/lib/python3.9/site-packages/airflow/example_dags/example_outlet_event_extra.py took 0.433 seconds
[2024-10-13T20:33:11.799-0400] {processor.py:186} INFO - Started process (PID=35682) to work on /Users/karenwang/anaconda3/envs/airflow_sqlite_env/lib/python3.9/site-packages/airflow/example_dags/example_outlet_event_extra.py
[2024-10-13T20:33:11.801-0400] {processor.py:914} INFO - Processing file /Users/karenwang/anaconda3/envs/airflow_sqlite_env/lib/python3.9/site-packages/airflow/example_dags/example_outlet_event_extra.py for tasks to queue
[2024-10-13T20:33:11.802-0400] {logging_mixin.py:190} INFO - [2024-10-13T20:33:11.802-0400] {dagbag.py:588} INFO - Filling up the DagBag from /Users/karenwang/anaconda3/envs/airflow_sqlite_env/lib/python3.9/site-packages/airflow/example_dags/example_outlet_event_extra.py
[2024-10-13T20:33:11.951-0400] {processor.py:925} INFO - DAG(s) 'dataset_with_extra_from_classic_operator', 'dataset_with_extra_by_context', 'dataset_with_extra_by_yield' retrieved from /Users/karenwang/anaconda3/envs/airflow_sqlite_env/lib/python3.9/site-packages/airflow/example_dags/example_outlet_event_extra.py
[2024-10-13T20:33:12.115-0400] {logging_mixin.py:190} INFO - [2024-10-13T20:33:12.115-0400] {dag.py:3239} INFO - Sync 3 DAGs
[2024-10-13T20:33:12.144-0400] {logging_mixin.py:190} INFO - [2024-10-13T20:33:12.144-0400] {dag.py:4180} INFO - Setting next_dagrun for dataset_with_extra_by_context to 2024-10-13 00:00:00+00:00, run_after=2024-10-14 00:00:00+00:00
[2024-10-13T20:33:12.152-0400] {logging_mixin.py:190} INFO - [2024-10-13T20:33:12.152-0400] {dag.py:4180} INFO - Setting next_dagrun for dataset_with_extra_by_yield to 2024-10-13 00:00:00+00:00, run_after=2024-10-14 00:00:00+00:00
[2024-10-13T20:33:12.155-0400] {logging_mixin.py:190} INFO - [2024-10-13T20:33:12.155-0400] {dag.py:4180} INFO - Setting next_dagrun for dataset_with_extra_from_classic_operator to 2024-10-13 00:00:00+00:00, run_after=2024-10-14 00:00:00+00:00
[2024-10-13T20:33:12.181-0400] {processor.py:208} INFO - Processing /Users/karenwang/anaconda3/envs/airflow_sqlite_env/lib/python3.9/site-packages/airflow/example_dags/example_outlet_event_extra.py took 0.387 seconds
[2024-10-13T20:36:53.610-0400] {processor.py:186} INFO - Started process (PID=36864) to work on /Users/karenwang/anaconda3/envs/airflow_sqlite_env/lib/python3.9/site-packages/airflow/example_dags/example_outlet_event_extra.py
[2024-10-13T20:36:53.611-0400] {processor.py:914} INFO - Processing file /Users/karenwang/anaconda3/envs/airflow_sqlite_env/lib/python3.9/site-packages/airflow/example_dags/example_outlet_event_extra.py for tasks to queue
[2024-10-13T20:36:53.613-0400] {logging_mixin.py:190} INFO - [2024-10-13T20:36:53.612-0400] {dagbag.py:588} INFO - Filling up the DagBag from /Users/karenwang/anaconda3/envs/airflow_sqlite_env/lib/python3.9/site-packages/airflow/example_dags/example_outlet_event_extra.py
[2024-10-13T20:36:53.785-0400] {processor.py:925} INFO - DAG(s) 'dataset_with_extra_by_yield', 'dataset_with_extra_by_context', 'dataset_with_extra_from_classic_operator' retrieved from /Users/karenwang/anaconda3/envs/airflow_sqlite_env/lib/python3.9/site-packages/airflow/example_dags/example_outlet_event_extra.py
[2024-10-13T20:36:53.957-0400] {logging_mixin.py:190} INFO - [2024-10-13T20:36:53.957-0400] {dag.py:3239} INFO - Sync 3 DAGs
[2024-10-13T20:36:53.988-0400] {logging_mixin.py:190} INFO - [2024-10-13T20:36:53.988-0400] {dag.py:4180} INFO - Setting next_dagrun for dataset_with_extra_by_context to 2024-10-13 00:00:00+00:00, run_after=2024-10-14 00:00:00+00:00
[2024-10-13T20:36:53.994-0400] {logging_mixin.py:190} INFO - [2024-10-13T20:36:53.994-0400] {dag.py:4180} INFO - Setting next_dagrun for dataset_with_extra_by_yield to 2024-10-13 00:00:00+00:00, run_after=2024-10-14 00:00:00+00:00
[2024-10-13T20:36:53.998-0400] {logging_mixin.py:190} INFO - [2024-10-13T20:36:53.998-0400] {dag.py:4180} INFO - Setting next_dagrun for dataset_with_extra_from_classic_operator to 2024-10-13 00:00:00+00:00, run_after=2024-10-14 00:00:00+00:00
[2024-10-13T20:36:54.020-0400] {processor.py:208} INFO - Processing /Users/karenwang/anaconda3/envs/airflow_sqlite_env/lib/python3.9/site-packages/airflow/example_dags/example_outlet_event_extra.py took 0.416 seconds
[2024-10-13T20:40:32.703-0400] {processor.py:186} INFO - Started process (PID=37979) to work on /Users/karenwang/anaconda3/envs/airflow_sqlite_env/lib/python3.9/site-packages/airflow/example_dags/example_outlet_event_extra.py
[2024-10-13T20:40:32.705-0400] {processor.py:914} INFO - Processing file /Users/karenwang/anaconda3/envs/airflow_sqlite_env/lib/python3.9/site-packages/airflow/example_dags/example_outlet_event_extra.py for tasks to queue
[2024-10-13T20:40:32.707-0400] {logging_mixin.py:190} INFO - [2024-10-13T20:40:32.706-0400] {dagbag.py:588} INFO - Filling up the DagBag from /Users/karenwang/anaconda3/envs/airflow_sqlite_env/lib/python3.9/site-packages/airflow/example_dags/example_outlet_event_extra.py
[2024-10-13T20:40:32.850-0400] {processor.py:925} INFO - DAG(s) 'dataset_with_extra_by_context', 'dataset_with_extra_from_classic_operator', 'dataset_with_extra_by_yield' retrieved from /Users/karenwang/anaconda3/envs/airflow_sqlite_env/lib/python3.9/site-packages/airflow/example_dags/example_outlet_event_extra.py
[2024-10-13T20:40:32.992-0400] {logging_mixin.py:190} INFO - [2024-10-13T20:40:32.992-0400] {dag.py:3239} INFO - Sync 3 DAGs
[2024-10-13T20:40:33.013-0400] {logging_mixin.py:190} INFO - [2024-10-13T20:40:33.013-0400] {dag.py:4180} INFO - Setting next_dagrun for dataset_with_extra_by_context to 2024-10-13 00:00:00+00:00, run_after=2024-10-14 00:00:00+00:00
[2024-10-13T20:40:33.019-0400] {logging_mixin.py:190} INFO - [2024-10-13T20:40:33.019-0400] {dag.py:4180} INFO - Setting next_dagrun for dataset_with_extra_by_yield to 2024-10-13 00:00:00+00:00, run_after=2024-10-14 00:00:00+00:00
[2024-10-13T20:40:33.022-0400] {logging_mixin.py:190} INFO - [2024-10-13T20:40:33.022-0400] {dag.py:4180} INFO - Setting next_dagrun for dataset_with_extra_from_classic_operator to 2024-10-13 00:00:00+00:00, run_after=2024-10-14 00:00:00+00:00
[2024-10-13T20:40:33.046-0400] {processor.py:208} INFO - Processing /Users/karenwang/anaconda3/envs/airflow_sqlite_env/lib/python3.9/site-packages/airflow/example_dags/example_outlet_event_extra.py took 0.348 seconds
[2024-10-13T20:44:12.846-0400] {processor.py:186} INFO - Started process (PID=39117) to work on /Users/karenwang/anaconda3/envs/airflow_sqlite_env/lib/python3.9/site-packages/airflow/example_dags/example_outlet_event_extra.py
[2024-10-13T20:44:12.848-0400] {processor.py:914} INFO - Processing file /Users/karenwang/anaconda3/envs/airflow_sqlite_env/lib/python3.9/site-packages/airflow/example_dags/example_outlet_event_extra.py for tasks to queue
[2024-10-13T20:44:12.849-0400] {logging_mixin.py:190} INFO - [2024-10-13T20:44:12.849-0400] {dagbag.py:588} INFO - Filling up the DagBag from /Users/karenwang/anaconda3/envs/airflow_sqlite_env/lib/python3.9/site-packages/airflow/example_dags/example_outlet_event_extra.py
[2024-10-13T20:44:13.009-0400] {processor.py:925} INFO - DAG(s) 'dataset_with_extra_by_yield', 'dataset_with_extra_from_classic_operator', 'dataset_with_extra_by_context' retrieved from /Users/karenwang/anaconda3/envs/airflow_sqlite_env/lib/python3.9/site-packages/airflow/example_dags/example_outlet_event_extra.py
[2024-10-13T20:44:13.162-0400] {logging_mixin.py:190} INFO - [2024-10-13T20:44:13.161-0400] {dag.py:3239} INFO - Sync 3 DAGs
[2024-10-13T20:44:13.192-0400] {logging_mixin.py:190} INFO - [2024-10-13T20:44:13.192-0400] {dag.py:4180} INFO - Setting next_dagrun for dataset_with_extra_by_context to 2024-10-13 00:00:00+00:00, run_after=2024-10-14 00:00:00+00:00
[2024-10-13T20:44:13.200-0400] {logging_mixin.py:190} INFO - [2024-10-13T20:44:13.200-0400] {dag.py:4180} INFO - Setting next_dagrun for dataset_with_extra_by_yield to 2024-10-13 00:00:00+00:00, run_after=2024-10-14 00:00:00+00:00
[2024-10-13T20:44:13.204-0400] {logging_mixin.py:190} INFO - [2024-10-13T20:44:13.204-0400] {dag.py:4180} INFO - Setting next_dagrun for dataset_with_extra_from_classic_operator to 2024-10-13 00:00:00+00:00, run_after=2024-10-14 00:00:00+00:00
[2024-10-13T20:44:13.231-0400] {processor.py:208} INFO - Processing /Users/karenwang/anaconda3/envs/airflow_sqlite_env/lib/python3.9/site-packages/airflow/example_dags/example_outlet_event_extra.py took 0.390 seconds
[2024-10-13T20:47:52.445-0400] {processor.py:186} INFO - Started process (PID=40268) to work on /Users/karenwang/anaconda3/envs/airflow_sqlite_env/lib/python3.9/site-packages/airflow/example_dags/example_outlet_event_extra.py
[2024-10-13T20:47:52.446-0400] {processor.py:914} INFO - Processing file /Users/karenwang/anaconda3/envs/airflow_sqlite_env/lib/python3.9/site-packages/airflow/example_dags/example_outlet_event_extra.py for tasks to queue
[2024-10-13T20:47:52.447-0400] {logging_mixin.py:190} INFO - [2024-10-13T20:47:52.447-0400] {dagbag.py:588} INFO - Filling up the DagBag from /Users/karenwang/anaconda3/envs/airflow_sqlite_env/lib/python3.9/site-packages/airflow/example_dags/example_outlet_event_extra.py
[2024-10-13T20:47:52.586-0400] {processor.py:925} INFO - DAG(s) 'dataset_with_extra_from_classic_operator', 'dataset_with_extra_by_yield', 'dataset_with_extra_by_context' retrieved from /Users/karenwang/anaconda3/envs/airflow_sqlite_env/lib/python3.9/site-packages/airflow/example_dags/example_outlet_event_extra.py
[2024-10-13T20:47:52.738-0400] {logging_mixin.py:190} INFO - [2024-10-13T20:47:52.738-0400] {dag.py:3239} INFO - Sync 3 DAGs
[2024-10-13T20:47:52.769-0400] {logging_mixin.py:190} INFO - [2024-10-13T20:47:52.768-0400] {dag.py:4180} INFO - Setting next_dagrun for dataset_with_extra_by_context to 2024-10-13 00:00:00+00:00, run_after=2024-10-14 00:00:00+00:00
[2024-10-13T20:47:52.776-0400] {logging_mixin.py:190} INFO - [2024-10-13T20:47:52.776-0400] {dag.py:4180} INFO - Setting next_dagrun for dataset_with_extra_by_yield to 2024-10-13 00:00:00+00:00, run_after=2024-10-14 00:00:00+00:00
[2024-10-13T20:47:52.780-0400] {logging_mixin.py:190} INFO - [2024-10-13T20:47:52.779-0400] {dag.py:4180} INFO - Setting next_dagrun for dataset_with_extra_from_classic_operator to 2024-10-13 00:00:00+00:00, run_after=2024-10-14 00:00:00+00:00
[2024-10-13T20:47:52.808-0400] {processor.py:208} INFO - Processing /Users/karenwang/anaconda3/envs/airflow_sqlite_env/lib/python3.9/site-packages/airflow/example_dags/example_outlet_event_extra.py took 0.370 seconds
[2024-10-13T20:51:30.221-0400] {processor.py:186} INFO - Started process (PID=41382) to work on /Users/karenwang/anaconda3/envs/airflow_sqlite_env/lib/python3.9/site-packages/airflow/example_dags/example_outlet_event_extra.py
[2024-10-13T20:51:30.223-0400] {processor.py:914} INFO - Processing file /Users/karenwang/anaconda3/envs/airflow_sqlite_env/lib/python3.9/site-packages/airflow/example_dags/example_outlet_event_extra.py for tasks to queue
[2024-10-13T20:51:30.224-0400] {logging_mixin.py:190} INFO - [2024-10-13T20:51:30.224-0400] {dagbag.py:588} INFO - Filling up the DagBag from /Users/karenwang/anaconda3/envs/airflow_sqlite_env/lib/python3.9/site-packages/airflow/example_dags/example_outlet_event_extra.py
[2024-10-13T20:51:30.371-0400] {processor.py:925} INFO - DAG(s) 'dataset_with_extra_by_yield', 'dataset_with_extra_by_context', 'dataset_with_extra_from_classic_operator' retrieved from /Users/karenwang/anaconda3/envs/airflow_sqlite_env/lib/python3.9/site-packages/airflow/example_dags/example_outlet_event_extra.py
[2024-10-13T20:51:30.503-0400] {logging_mixin.py:190} INFO - [2024-10-13T20:51:30.502-0400] {dag.py:3239} INFO - Sync 3 DAGs
[2024-10-13T20:51:30.524-0400] {logging_mixin.py:190} INFO - [2024-10-13T20:51:30.524-0400] {dag.py:4180} INFO - Setting next_dagrun for dataset_with_extra_by_context to 2024-10-13 00:00:00+00:00, run_after=2024-10-14 00:00:00+00:00
[2024-10-13T20:51:30.530-0400] {logging_mixin.py:190} INFO - [2024-10-13T20:51:30.530-0400] {dag.py:4180} INFO - Setting next_dagrun for dataset_with_extra_by_yield to 2024-10-13 00:00:00+00:00, run_after=2024-10-14 00:00:00+00:00
[2024-10-13T20:51:30.533-0400] {logging_mixin.py:190} INFO - [2024-10-13T20:51:30.533-0400] {dag.py:4180} INFO - Setting next_dagrun for dataset_with_extra_from_classic_operator to 2024-10-13 00:00:00+00:00, run_after=2024-10-14 00:00:00+00:00
[2024-10-13T20:51:30.555-0400] {processor.py:208} INFO - Processing /Users/karenwang/anaconda3/envs/airflow_sqlite_env/lib/python3.9/site-packages/airflow/example_dags/example_outlet_event_extra.py took 0.339 seconds
[2024-10-13T20:55:10.523-0400] {processor.py:186} INFO - Started process (PID=42537) to work on /Users/karenwang/anaconda3/envs/airflow_sqlite_env/lib/python3.9/site-packages/airflow/example_dags/example_outlet_event_extra.py
[2024-10-13T20:55:10.524-0400] {processor.py:914} INFO - Processing file /Users/karenwang/anaconda3/envs/airflow_sqlite_env/lib/python3.9/site-packages/airflow/example_dags/example_outlet_event_extra.py for tasks to queue
[2024-10-13T20:55:10.526-0400] {logging_mixin.py:190} INFO - [2024-10-13T20:55:10.525-0400] {dagbag.py:588} INFO - Filling up the DagBag from /Users/karenwang/anaconda3/envs/airflow_sqlite_env/lib/python3.9/site-packages/airflow/example_dags/example_outlet_event_extra.py
[2024-10-13T20:55:10.665-0400] {processor.py:925} INFO - DAG(s) 'dataset_with_extra_by_context', 'dataset_with_extra_from_classic_operator', 'dataset_with_extra_by_yield' retrieved from /Users/karenwang/anaconda3/envs/airflow_sqlite_env/lib/python3.9/site-packages/airflow/example_dags/example_outlet_event_extra.py
[2024-10-13T20:55:10.815-0400] {logging_mixin.py:190} INFO - [2024-10-13T20:55:10.815-0400] {dag.py:3239} INFO - Sync 3 DAGs
[2024-10-13T20:55:10.840-0400] {logging_mixin.py:190} INFO - [2024-10-13T20:55:10.840-0400] {dag.py:4180} INFO - Setting next_dagrun for dataset_with_extra_by_context to 2024-10-13 00:00:00+00:00, run_after=2024-10-14 00:00:00+00:00
[2024-10-13T20:55:10.846-0400] {logging_mixin.py:190} INFO - [2024-10-13T20:55:10.846-0400] {dag.py:4180} INFO - Setting next_dagrun for dataset_with_extra_by_yield to 2024-10-13 00:00:00+00:00, run_after=2024-10-14 00:00:00+00:00
[2024-10-13T20:55:10.849-0400] {logging_mixin.py:190} INFO - [2024-10-13T20:55:10.849-0400] {dag.py:4180} INFO - Setting next_dagrun for dataset_with_extra_from_classic_operator to 2024-10-13 00:00:00+00:00, run_after=2024-10-14 00:00:00+00:00
[2024-10-13T20:55:10.871-0400] {processor.py:208} INFO - Processing /Users/karenwang/anaconda3/envs/airflow_sqlite_env/lib/python3.9/site-packages/airflow/example_dags/example_outlet_event_extra.py took 0.354 seconds
[2024-10-13T20:58:51.728-0400] {processor.py:186} INFO - Started process (PID=43686) to work on /Users/karenwang/anaconda3/envs/airflow_sqlite_env/lib/python3.9/site-packages/airflow/example_dags/example_outlet_event_extra.py
[2024-10-13T20:58:51.730-0400] {processor.py:914} INFO - Processing file /Users/karenwang/anaconda3/envs/airflow_sqlite_env/lib/python3.9/site-packages/airflow/example_dags/example_outlet_event_extra.py for tasks to queue
[2024-10-13T20:58:51.731-0400] {logging_mixin.py:190} INFO - [2024-10-13T20:58:51.731-0400] {dagbag.py:588} INFO - Filling up the DagBag from /Users/karenwang/anaconda3/envs/airflow_sqlite_env/lib/python3.9/site-packages/airflow/example_dags/example_outlet_event_extra.py
[2024-10-13T20:58:51.863-0400] {processor.py:925} INFO - DAG(s) 'dataset_with_extra_by_yield', 'dataset_with_extra_by_context', 'dataset_with_extra_from_classic_operator' retrieved from /Users/karenwang/anaconda3/envs/airflow_sqlite_env/lib/python3.9/site-packages/airflow/example_dags/example_outlet_event_extra.py
[2024-10-13T20:58:51.992-0400] {logging_mixin.py:190} INFO - [2024-10-13T20:58:51.992-0400] {dag.py:3239} INFO - Sync 3 DAGs
[2024-10-13T20:58:52.014-0400] {logging_mixin.py:190} INFO - [2024-10-13T20:58:52.013-0400] {dag.py:4180} INFO - Setting next_dagrun for dataset_with_extra_by_context to 2024-10-13 00:00:00+00:00, run_after=2024-10-14 00:00:00+00:00
[2024-10-13T20:58:52.019-0400] {logging_mixin.py:190} INFO - [2024-10-13T20:58:52.019-0400] {dag.py:4180} INFO - Setting next_dagrun for dataset_with_extra_by_yield to 2024-10-13 00:00:00+00:00, run_after=2024-10-14 00:00:00+00:00
[2024-10-13T20:58:52.022-0400] {logging_mixin.py:190} INFO - [2024-10-13T20:58:52.022-0400] {dag.py:4180} INFO - Setting next_dagrun for dataset_with_extra_from_classic_operator to 2024-10-13 00:00:00+00:00, run_after=2024-10-14 00:00:00+00:00
[2024-10-13T20:58:52.047-0400] {processor.py:208} INFO - Processing /Users/karenwang/anaconda3/envs/airflow_sqlite_env/lib/python3.9/site-packages/airflow/example_dags/example_outlet_event_extra.py took 0.325 seconds
[2024-10-13T21:02:31.705-0400] {processor.py:186} INFO - Started process (PID=44821) to work on /Users/karenwang/anaconda3/envs/airflow_sqlite_env/lib/python3.9/site-packages/airflow/example_dags/example_outlet_event_extra.py
[2024-10-13T21:02:31.707-0400] {processor.py:914} INFO - Processing file /Users/karenwang/anaconda3/envs/airflow_sqlite_env/lib/python3.9/site-packages/airflow/example_dags/example_outlet_event_extra.py for tasks to queue
[2024-10-13T21:02:31.708-0400] {logging_mixin.py:190} INFO - [2024-10-13T21:02:31.708-0400] {dagbag.py:588} INFO - Filling up the DagBag from /Users/karenwang/anaconda3/envs/airflow_sqlite_env/lib/python3.9/site-packages/airflow/example_dags/example_outlet_event_extra.py
[2024-10-13T21:02:31.851-0400] {processor.py:925} INFO - DAG(s) 'dataset_with_extra_by_yield', 'dataset_with_extra_from_classic_operator', 'dataset_with_extra_by_context' retrieved from /Users/karenwang/anaconda3/envs/airflow_sqlite_env/lib/python3.9/site-packages/airflow/example_dags/example_outlet_event_extra.py
[2024-10-13T21:02:32.019-0400] {logging_mixin.py:190} INFO - [2024-10-13T21:02:32.018-0400] {dag.py:3239} INFO - Sync 3 DAGs
[2024-10-13T21:02:32.043-0400] {logging_mixin.py:190} INFO - [2024-10-13T21:02:32.043-0400] {dag.py:4180} INFO - Setting next_dagrun for dataset_with_extra_by_context to 2024-10-13 00:00:00+00:00, run_after=2024-10-14 00:00:00+00:00
[2024-10-13T21:02:32.052-0400] {logging_mixin.py:190} INFO - [2024-10-13T21:02:32.052-0400] {dag.py:4180} INFO - Setting next_dagrun for dataset_with_extra_by_yield to 2024-10-13 00:00:00+00:00, run_after=2024-10-14 00:00:00+00:00
[2024-10-13T21:02:32.056-0400] {logging_mixin.py:190} INFO - [2024-10-13T21:02:32.056-0400] {dag.py:4180} INFO - Setting next_dagrun for dataset_with_extra_from_classic_operator to 2024-10-13 00:00:00+00:00, run_after=2024-10-14 00:00:00+00:00
[2024-10-13T21:02:32.080-0400] {processor.py:208} INFO - Processing /Users/karenwang/anaconda3/envs/airflow_sqlite_env/lib/python3.9/site-packages/airflow/example_dags/example_outlet_event_extra.py took 0.381 seconds
[2024-10-13T21:06:11.098-0400] {processor.py:186} INFO - Started process (PID=45945) to work on /Users/karenwang/anaconda3/envs/airflow_sqlite_env/lib/python3.9/site-packages/airflow/example_dags/example_outlet_event_extra.py
[2024-10-13T21:06:11.099-0400] {processor.py:914} INFO - Processing file /Users/karenwang/anaconda3/envs/airflow_sqlite_env/lib/python3.9/site-packages/airflow/example_dags/example_outlet_event_extra.py for tasks to queue
[2024-10-13T21:06:11.101-0400] {logging_mixin.py:190} INFO - [2024-10-13T21:06:11.101-0400] {dagbag.py:588} INFO - Filling up the DagBag from /Users/karenwang/anaconda3/envs/airflow_sqlite_env/lib/python3.9/site-packages/airflow/example_dags/example_outlet_event_extra.py
[2024-10-13T21:06:11.264-0400] {processor.py:925} INFO - DAG(s) 'dataset_with_extra_from_classic_operator', 'dataset_with_extra_by_yield', 'dataset_with_extra_by_context' retrieved from /Users/karenwang/anaconda3/envs/airflow_sqlite_env/lib/python3.9/site-packages/airflow/example_dags/example_outlet_event_extra.py
[2024-10-13T21:06:11.414-0400] {logging_mixin.py:190} INFO - [2024-10-13T21:06:11.414-0400] {dag.py:3239} INFO - Sync 3 DAGs
[2024-10-13T21:06:11.441-0400] {logging_mixin.py:190} INFO - [2024-10-13T21:06:11.441-0400] {dag.py:4180} INFO - Setting next_dagrun for dataset_with_extra_by_context to 2024-10-13 00:00:00+00:00, run_after=2024-10-14 00:00:00+00:00
[2024-10-13T21:06:11.450-0400] {logging_mixin.py:190} INFO - [2024-10-13T21:06:11.449-0400] {dag.py:4180} INFO - Setting next_dagrun for dataset_with_extra_by_yield to 2024-10-13 00:00:00+00:00, run_after=2024-10-14 00:00:00+00:00
[2024-10-13T21:06:11.453-0400] {logging_mixin.py:190} INFO - [2024-10-13T21:06:11.453-0400] {dag.py:4180} INFO - Setting next_dagrun for dataset_with_extra_from_classic_operator to 2024-10-13 00:00:00+00:00, run_after=2024-10-14 00:00:00+00:00
[2024-10-13T21:06:11.479-0400] {processor.py:208} INFO - Processing /Users/karenwang/anaconda3/envs/airflow_sqlite_env/lib/python3.9/site-packages/airflow/example_dags/example_outlet_event_extra.py took 0.387 seconds
[2024-10-13T21:11:39.226-0400] {processor.py:186} INFO - Started process (PID=47730) to work on /Users/karenwang/anaconda3/envs/airflow_sqlite_env/lib/python3.9/site-packages/airflow/example_dags/example_outlet_event_extra.py
[2024-10-13T21:11:39.228-0400] {processor.py:914} INFO - Processing file /Users/karenwang/anaconda3/envs/airflow_sqlite_env/lib/python3.9/site-packages/airflow/example_dags/example_outlet_event_extra.py for tasks to queue
[2024-10-13T21:11:39.230-0400] {logging_mixin.py:190} INFO - [2024-10-13T21:11:39.229-0400] {dagbag.py:588} INFO - Filling up the DagBag from /Users/karenwang/anaconda3/envs/airflow_sqlite_env/lib/python3.9/site-packages/airflow/example_dags/example_outlet_event_extra.py
[2024-10-13T21:11:39.421-0400] {processor.py:925} INFO - DAG(s) 'dataset_with_extra_by_context', 'dataset_with_extra_from_classic_operator', 'dataset_with_extra_by_yield' retrieved from /Users/karenwang/anaconda3/envs/airflow_sqlite_env/lib/python3.9/site-packages/airflow/example_dags/example_outlet_event_extra.py
[2024-10-13T21:11:39.597-0400] {logging_mixin.py:190} INFO - [2024-10-13T21:11:39.597-0400] {dag.py:3239} INFO - Sync 3 DAGs
[2024-10-13T21:11:39.629-0400] {logging_mixin.py:190} INFO - [2024-10-13T21:11:39.629-0400] {dag.py:4180} INFO - Setting next_dagrun for dataset_with_extra_by_context to 2024-10-13 00:00:00+00:00, run_after=2024-10-14 00:00:00+00:00
[2024-10-13T21:11:39.638-0400] {logging_mixin.py:190} INFO - [2024-10-13T21:11:39.637-0400] {dag.py:4180} INFO - Setting next_dagrun for dataset_with_extra_by_yield to 2024-10-13 00:00:00+00:00, run_after=2024-10-14 00:00:00+00:00
[2024-10-13T21:11:39.642-0400] {logging_mixin.py:190} INFO - [2024-10-13T21:11:39.642-0400] {dag.py:4180} INFO - Setting next_dagrun for dataset_with_extra_from_classic_operator to 2024-10-13 00:00:00+00:00, run_after=2024-10-14 00:00:00+00:00
[2024-10-13T21:11:39.672-0400] {processor.py:208} INFO - Processing /Users/karenwang/anaconda3/envs/airflow_sqlite_env/lib/python3.9/site-packages/airflow/example_dags/example_outlet_event_extra.py took 0.452 seconds
[2024-10-13T21:16:17.087-0400] {processor.py:186} INFO - Started process (PID=49395) to work on /Users/karenwang/anaconda3/envs/airflow_sqlite_env/lib/python3.9/site-packages/airflow/example_dags/example_outlet_event_extra.py
[2024-10-13T21:16:17.089-0400] {processor.py:914} INFO - Processing file /Users/karenwang/anaconda3/envs/airflow_sqlite_env/lib/python3.9/site-packages/airflow/example_dags/example_outlet_event_extra.py for tasks to queue
[2024-10-13T21:16:17.090-0400] {logging_mixin.py:190} INFO - [2024-10-13T21:16:17.090-0400] {dagbag.py:588} INFO - Filling up the DagBag from /Users/karenwang/anaconda3/envs/airflow_sqlite_env/lib/python3.9/site-packages/airflow/example_dags/example_outlet_event_extra.py
[2024-10-13T21:16:17.242-0400] {processor.py:925} INFO - DAG(s) 'dataset_with_extra_by_yield', 'dataset_with_extra_from_classic_operator', 'dataset_with_extra_by_context' retrieved from /Users/karenwang/anaconda3/envs/airflow_sqlite_env/lib/python3.9/site-packages/airflow/example_dags/example_outlet_event_extra.py
[2024-10-13T21:16:17.387-0400] {logging_mixin.py:190} INFO - [2024-10-13T21:16:17.387-0400] {dag.py:3239} INFO - Sync 3 DAGs
[2024-10-13T21:16:17.410-0400] {logging_mixin.py:190} INFO - [2024-10-13T21:16:17.410-0400] {dag.py:4180} INFO - Setting next_dagrun for dataset_with_extra_by_context to 2024-10-13 00:00:00+00:00, run_after=2024-10-14 00:00:00+00:00
[2024-10-13T21:16:17.416-0400] {logging_mixin.py:190} INFO - [2024-10-13T21:16:17.416-0400] {dag.py:4180} INFO - Setting next_dagrun for dataset_with_extra_by_yield to 2024-10-13 00:00:00+00:00, run_after=2024-10-14 00:00:00+00:00
[2024-10-13T21:16:17.420-0400] {logging_mixin.py:190} INFO - [2024-10-13T21:16:17.420-0400] {dag.py:4180} INFO - Setting next_dagrun for dataset_with_extra_from_classic_operator to 2024-10-13 00:00:00+00:00, run_after=2024-10-14 00:00:00+00:00
[2024-10-13T21:16:17.446-0400] {processor.py:208} INFO - Processing /Users/karenwang/anaconda3/envs/airflow_sqlite_env/lib/python3.9/site-packages/airflow/example_dags/example_outlet_event_extra.py took 0.365 seconds
[2024-10-13T21:20:01.354-0400] {processor.py:186} INFO - Started process (PID=50571) to work on /Users/karenwang/anaconda3/envs/airflow_sqlite_env/lib/python3.9/site-packages/airflow/example_dags/example_outlet_event_extra.py
[2024-10-13T21:20:01.356-0400] {processor.py:914} INFO - Processing file /Users/karenwang/anaconda3/envs/airflow_sqlite_env/lib/python3.9/site-packages/airflow/example_dags/example_outlet_event_extra.py for tasks to queue
[2024-10-13T21:20:01.358-0400] {logging_mixin.py:190} INFO - [2024-10-13T21:20:01.357-0400] {dagbag.py:588} INFO - Filling up the DagBag from /Users/karenwang/anaconda3/envs/airflow_sqlite_env/lib/python3.9/site-packages/airflow/example_dags/example_outlet_event_extra.py
[2024-10-13T21:20:01.513-0400] {processor.py:925} INFO - DAG(s) 'dataset_with_extra_by_yield', 'dataset_with_extra_from_classic_operator', 'dataset_with_extra_by_context' retrieved from /Users/karenwang/anaconda3/envs/airflow_sqlite_env/lib/python3.9/site-packages/airflow/example_dags/example_outlet_event_extra.py
[2024-10-13T21:20:01.684-0400] {logging_mixin.py:190} INFO - [2024-10-13T21:20:01.684-0400] {dag.py:3239} INFO - Sync 3 DAGs
[2024-10-13T21:20:01.712-0400] {logging_mixin.py:190} INFO - [2024-10-13T21:20:01.711-0400] {dag.py:4180} INFO - Setting next_dagrun for dataset_with_extra_by_context to 2024-10-13 00:00:00+00:00, run_after=2024-10-14 00:00:00+00:00
[2024-10-13T21:20:01.718-0400] {logging_mixin.py:190} INFO - [2024-10-13T21:20:01.717-0400] {dag.py:4180} INFO - Setting next_dagrun for dataset_with_extra_by_yield to 2024-10-13 00:00:00+00:00, run_after=2024-10-14 00:00:00+00:00
[2024-10-13T21:20:01.720-0400] {logging_mixin.py:190} INFO - [2024-10-13T21:20:01.720-0400] {dag.py:4180} INFO - Setting next_dagrun for dataset_with_extra_from_classic_operator to 2024-10-13 00:00:00+00:00, run_after=2024-10-14 00:00:00+00:00
[2024-10-13T21:20:01.744-0400] {processor.py:208} INFO - Processing /Users/karenwang/anaconda3/envs/airflow_sqlite_env/lib/python3.9/site-packages/airflow/example_dags/example_outlet_event_extra.py took 0.395 seconds
[2024-10-13T21:23:43.661-0400] {processor.py:186} INFO - Started process (PID=51700) to work on /Users/karenwang/anaconda3/envs/airflow_sqlite_env/lib/python3.9/site-packages/airflow/example_dags/example_outlet_event_extra.py
[2024-10-13T21:23:43.662-0400] {processor.py:914} INFO - Processing file /Users/karenwang/anaconda3/envs/airflow_sqlite_env/lib/python3.9/site-packages/airflow/example_dags/example_outlet_event_extra.py for tasks to queue
[2024-10-13T21:23:43.664-0400] {logging_mixin.py:190} INFO - [2024-10-13T21:23:43.663-0400] {dagbag.py:588} INFO - Filling up the DagBag from /Users/karenwang/anaconda3/envs/airflow_sqlite_env/lib/python3.9/site-packages/airflow/example_dags/example_outlet_event_extra.py
[2024-10-13T21:23:43.821-0400] {processor.py:925} INFO - DAG(s) 'dataset_with_extra_from_classic_operator', 'dataset_with_extra_by_context', 'dataset_with_extra_by_yield' retrieved from /Users/karenwang/anaconda3/envs/airflow_sqlite_env/lib/python3.9/site-packages/airflow/example_dags/example_outlet_event_extra.py
[2024-10-13T21:23:43.968-0400] {logging_mixin.py:190} INFO - [2024-10-13T21:23:43.967-0400] {dag.py:3239} INFO - Sync 3 DAGs
[2024-10-13T21:23:43.995-0400] {logging_mixin.py:190} INFO - [2024-10-13T21:23:43.994-0400] {dag.py:4180} INFO - Setting next_dagrun for dataset_with_extra_by_context to 2024-10-13 00:00:00+00:00, run_after=2024-10-14 00:00:00+00:00
[2024-10-13T21:23:44.004-0400] {logging_mixin.py:190} INFO - [2024-10-13T21:23:44.004-0400] {dag.py:4180} INFO - Setting next_dagrun for dataset_with_extra_by_yield to 2024-10-13 00:00:00+00:00, run_after=2024-10-14 00:00:00+00:00
[2024-10-13T21:23:44.008-0400] {logging_mixin.py:190} INFO - [2024-10-13T21:23:44.008-0400] {dag.py:4180} INFO - Setting next_dagrun for dataset_with_extra_from_classic_operator to 2024-10-13 00:00:00+00:00, run_after=2024-10-14 00:00:00+00:00
[2024-10-13T21:23:44.037-0400] {processor.py:208} INFO - Processing /Users/karenwang/anaconda3/envs/airflow_sqlite_env/lib/python3.9/site-packages/airflow/example_dags/example_outlet_event_extra.py took 0.382 seconds
[2024-10-13T21:27:22.685-0400] {processor.py:186} INFO - Started process (PID=52841) to work on /Users/karenwang/anaconda3/envs/airflow_sqlite_env/lib/python3.9/site-packages/airflow/example_dags/example_outlet_event_extra.py
[2024-10-13T21:27:22.686-0400] {processor.py:914} INFO - Processing file /Users/karenwang/anaconda3/envs/airflow_sqlite_env/lib/python3.9/site-packages/airflow/example_dags/example_outlet_event_extra.py for tasks to queue
[2024-10-13T21:27:22.687-0400] {logging_mixin.py:190} INFO - [2024-10-13T21:27:22.687-0400] {dagbag.py:588} INFO - Filling up the DagBag from /Users/karenwang/anaconda3/envs/airflow_sqlite_env/lib/python3.9/site-packages/airflow/example_dags/example_outlet_event_extra.py
[2024-10-13T21:27:22.834-0400] {processor.py:925} INFO - DAG(s) 'dataset_with_extra_by_context', 'dataset_with_extra_by_yield', 'dataset_with_extra_from_classic_operator' retrieved from /Users/karenwang/anaconda3/envs/airflow_sqlite_env/lib/python3.9/site-packages/airflow/example_dags/example_outlet_event_extra.py
[2024-10-13T21:27:22.988-0400] {logging_mixin.py:190} INFO - [2024-10-13T21:27:22.988-0400] {dag.py:3239} INFO - Sync 3 DAGs
[2024-10-13T21:27:23.014-0400] {logging_mixin.py:190} INFO - [2024-10-13T21:27:23.014-0400] {dag.py:4180} INFO - Setting next_dagrun for dataset_with_extra_by_context to 2024-10-13 00:00:00+00:00, run_after=2024-10-14 00:00:00+00:00
[2024-10-13T21:27:23.021-0400] {logging_mixin.py:190} INFO - [2024-10-13T21:27:23.021-0400] {dag.py:4180} INFO - Setting next_dagrun for dataset_with_extra_by_yield to 2024-10-13 00:00:00+00:00, run_after=2024-10-14 00:00:00+00:00
[2024-10-13T21:27:23.025-0400] {logging_mixin.py:190} INFO - [2024-10-13T21:27:23.024-0400] {dag.py:4180} INFO - Setting next_dagrun for dataset_with_extra_from_classic_operator to 2024-10-13 00:00:00+00:00, run_after=2024-10-14 00:00:00+00:00
[2024-10-13T21:27:23.051-0400] {processor.py:208} INFO - Processing /Users/karenwang/anaconda3/envs/airflow_sqlite_env/lib/python3.9/site-packages/airflow/example_dags/example_outlet_event_extra.py took 0.373 seconds
[2024-10-13T21:31:20.883-0400] {processor.py:186} INFO - Started process (PID=54098) to work on /Users/karenwang/anaconda3/envs/airflow_sqlite_env/lib/python3.9/site-packages/airflow/example_dags/example_outlet_event_extra.py
[2024-10-13T21:31:20.885-0400] {processor.py:914} INFO - Processing file /Users/karenwang/anaconda3/envs/airflow_sqlite_env/lib/python3.9/site-packages/airflow/example_dags/example_outlet_event_extra.py for tasks to queue
[2024-10-13T21:31:20.886-0400] {logging_mixin.py:190} INFO - [2024-10-13T21:31:20.886-0400] {dagbag.py:588} INFO - Filling up the DagBag from /Users/karenwang/anaconda3/envs/airflow_sqlite_env/lib/python3.9/site-packages/airflow/example_dags/example_outlet_event_extra.py
[2024-10-13T21:31:21.044-0400] {processor.py:925} INFO - DAG(s) 'dataset_with_extra_by_yield', 'dataset_with_extra_from_classic_operator', 'dataset_with_extra_by_context' retrieved from /Users/karenwang/anaconda3/envs/airflow_sqlite_env/lib/python3.9/site-packages/airflow/example_dags/example_outlet_event_extra.py
[2024-10-13T21:31:21.220-0400] {logging_mixin.py:190} INFO - [2024-10-13T21:31:21.220-0400] {dag.py:3239} INFO - Sync 3 DAGs
[2024-10-13T21:31:21.252-0400] {logging_mixin.py:190} INFO - [2024-10-13T21:31:21.252-0400] {dag.py:4180} INFO - Setting next_dagrun for dataset_with_extra_by_context to 2024-10-13 00:00:00+00:00, run_after=2024-10-14 00:00:00+00:00
[2024-10-13T21:31:21.261-0400] {logging_mixin.py:190} INFO - [2024-10-13T21:31:21.260-0400] {dag.py:4180} INFO - Setting next_dagrun for dataset_with_extra_by_yield to 2024-10-13 00:00:00+00:00, run_after=2024-10-14 00:00:00+00:00
[2024-10-13T21:31:21.264-0400] {logging_mixin.py:190} INFO - [2024-10-13T21:31:21.264-0400] {dag.py:4180} INFO - Setting next_dagrun for dataset_with_extra_from_classic_operator to 2024-10-13 00:00:00+00:00, run_after=2024-10-14 00:00:00+00:00
[2024-10-13T21:31:21.288-0400] {processor.py:208} INFO - Processing /Users/karenwang/anaconda3/envs/airflow_sqlite_env/lib/python3.9/site-packages/airflow/example_dags/example_outlet_event_extra.py took 0.411 seconds
[2024-10-13T21:35:15.240-0400] {processor.py:186} INFO - Started process (PID=55313) to work on /Users/karenwang/anaconda3/envs/airflow_sqlite_env/lib/python3.9/site-packages/airflow/example_dags/example_outlet_event_extra.py
[2024-10-13T21:35:15.241-0400] {processor.py:914} INFO - Processing file /Users/karenwang/anaconda3/envs/airflow_sqlite_env/lib/python3.9/site-packages/airflow/example_dags/example_outlet_event_extra.py for tasks to queue
[2024-10-13T21:35:15.243-0400] {logging_mixin.py:190} INFO - [2024-10-13T21:35:15.242-0400] {dagbag.py:588} INFO - Filling up the DagBag from /Users/karenwang/anaconda3/envs/airflow_sqlite_env/lib/python3.9/site-packages/airflow/example_dags/example_outlet_event_extra.py
[2024-10-13T21:35:15.431-0400] {processor.py:925} INFO - DAG(s) 'dataset_with_extra_from_classic_operator', 'dataset_with_extra_by_yield', 'dataset_with_extra_by_context' retrieved from /Users/karenwang/anaconda3/envs/airflow_sqlite_env/lib/python3.9/site-packages/airflow/example_dags/example_outlet_event_extra.py
[2024-10-13T21:35:15.626-0400] {logging_mixin.py:190} INFO - [2024-10-13T21:35:15.626-0400] {dag.py:3239} INFO - Sync 3 DAGs
[2024-10-13T21:35:15.655-0400] {logging_mixin.py:190} INFO - [2024-10-13T21:35:15.654-0400] {dag.py:4180} INFO - Setting next_dagrun for dataset_with_extra_by_context to 2024-10-13 00:00:00+00:00, run_after=2024-10-14 00:00:00+00:00
[2024-10-13T21:35:15.661-0400] {logging_mixin.py:190} INFO - [2024-10-13T21:35:15.661-0400] {dag.py:4180} INFO - Setting next_dagrun for dataset_with_extra_by_yield to 2024-10-13 00:00:00+00:00, run_after=2024-10-14 00:00:00+00:00
[2024-10-13T21:35:15.664-0400] {logging_mixin.py:190} INFO - [2024-10-13T21:35:15.664-0400] {dag.py:4180} INFO - Setting next_dagrun for dataset_with_extra_from_classic_operator to 2024-10-13 00:00:00+00:00, run_after=2024-10-14 00:00:00+00:00
[2024-10-13T21:35:15.687-0400] {processor.py:208} INFO - Processing /Users/karenwang/anaconda3/envs/airflow_sqlite_env/lib/python3.9/site-packages/airflow/example_dags/example_outlet_event_extra.py took 0.453 seconds
[2024-10-13T21:39:08.916-0400] {processor.py:186} INFO - Started process (PID=56541) to work on /Users/karenwang/anaconda3/envs/airflow_sqlite_env/lib/python3.9/site-packages/airflow/example_dags/example_outlet_event_extra.py
[2024-10-13T21:39:08.918-0400] {processor.py:914} INFO - Processing file /Users/karenwang/anaconda3/envs/airflow_sqlite_env/lib/python3.9/site-packages/airflow/example_dags/example_outlet_event_extra.py for tasks to queue
[2024-10-13T21:39:08.919-0400] {logging_mixin.py:190} INFO - [2024-10-13T21:39:08.919-0400] {dagbag.py:588} INFO - Filling up the DagBag from /Users/karenwang/anaconda3/envs/airflow_sqlite_env/lib/python3.9/site-packages/airflow/example_dags/example_outlet_event_extra.py
[2024-10-13T21:39:09.078-0400] {processor.py:925} INFO - DAG(s) 'dataset_with_extra_from_classic_operator', 'dataset_with_extra_by_context', 'dataset_with_extra_by_yield' retrieved from /Users/karenwang/anaconda3/envs/airflow_sqlite_env/lib/python3.9/site-packages/airflow/example_dags/example_outlet_event_extra.py
[2024-10-13T21:39:09.242-0400] {logging_mixin.py:190} INFO - [2024-10-13T21:39:09.242-0400] {dag.py:3239} INFO - Sync 3 DAGs
[2024-10-13T21:39:09.268-0400] {logging_mixin.py:190} INFO - [2024-10-13T21:39:09.268-0400] {dag.py:4180} INFO - Setting next_dagrun for dataset_with_extra_by_context to 2024-10-13 00:00:00+00:00, run_after=2024-10-14 00:00:00+00:00
[2024-10-13T21:39:09.277-0400] {logging_mixin.py:190} INFO - [2024-10-13T21:39:09.277-0400] {dag.py:4180} INFO - Setting next_dagrun for dataset_with_extra_by_yield to 2024-10-13 00:00:00+00:00, run_after=2024-10-14 00:00:00+00:00
[2024-10-13T21:39:09.282-0400] {logging_mixin.py:190} INFO - [2024-10-13T21:39:09.281-0400] {dag.py:4180} INFO - Setting next_dagrun for dataset_with_extra_from_classic_operator to 2024-10-13 00:00:00+00:00, run_after=2024-10-14 00:00:00+00:00
[2024-10-13T21:39:09.310-0400] {processor.py:208} INFO - Processing /Users/karenwang/anaconda3/envs/airflow_sqlite_env/lib/python3.9/site-packages/airflow/example_dags/example_outlet_event_extra.py took 0.400 seconds
[2024-10-13T21:43:06.977-0400] {processor.py:186} INFO - Started process (PID=57761) to work on /Users/karenwang/anaconda3/envs/airflow_sqlite_env/lib/python3.9/site-packages/airflow/example_dags/example_outlet_event_extra.py
[2024-10-13T21:43:06.978-0400] {processor.py:914} INFO - Processing file /Users/karenwang/anaconda3/envs/airflow_sqlite_env/lib/python3.9/site-packages/airflow/example_dags/example_outlet_event_extra.py for tasks to queue
[2024-10-13T21:43:06.980-0400] {logging_mixin.py:190} INFO - [2024-10-13T21:43:06.979-0400] {dagbag.py:588} INFO - Filling up the DagBag from /Users/karenwang/anaconda3/envs/airflow_sqlite_env/lib/python3.9/site-packages/airflow/example_dags/example_outlet_event_extra.py
[2024-10-13T21:43:07.170-0400] {processor.py:925} INFO - DAG(s) 'dataset_with_extra_by_context', 'dataset_with_extra_by_yield', 'dataset_with_extra_from_classic_operator' retrieved from /Users/karenwang/anaconda3/envs/airflow_sqlite_env/lib/python3.9/site-packages/airflow/example_dags/example_outlet_event_extra.py
[2024-10-13T21:43:07.341-0400] {logging_mixin.py:190} INFO - [2024-10-13T21:43:07.340-0400] {dag.py:3239} INFO - Sync 3 DAGs
[2024-10-13T21:43:07.372-0400] {logging_mixin.py:190} INFO - [2024-10-13T21:43:07.371-0400] {dag.py:4180} INFO - Setting next_dagrun for dataset_with_extra_by_context to 2024-10-13 00:00:00+00:00, run_after=2024-10-14 00:00:00+00:00
[2024-10-13T21:43:07.378-0400] {logging_mixin.py:190} INFO - [2024-10-13T21:43:07.377-0400] {dag.py:4180} INFO - Setting next_dagrun for dataset_with_extra_by_yield to 2024-10-13 00:00:00+00:00, run_after=2024-10-14 00:00:00+00:00
[2024-10-13T21:43:07.380-0400] {logging_mixin.py:190} INFO - [2024-10-13T21:43:07.380-0400] {dag.py:4180} INFO - Setting next_dagrun for dataset_with_extra_from_classic_operator to 2024-10-13 00:00:00+00:00, run_after=2024-10-14 00:00:00+00:00
[2024-10-13T21:43:07.407-0400] {processor.py:208} INFO - Processing /Users/karenwang/anaconda3/envs/airflow_sqlite_env/lib/python3.9/site-packages/airflow/example_dags/example_outlet_event_extra.py took 0.436 seconds
[2024-10-13T21:46:58.344-0400] {processor.py:186} INFO - Started process (PID=58945) to work on /Users/karenwang/anaconda3/envs/airflow_sqlite_env/lib/python3.9/site-packages/airflow/example_dags/example_outlet_event_extra.py
[2024-10-13T21:46:58.345-0400] {processor.py:914} INFO - Processing file /Users/karenwang/anaconda3/envs/airflow_sqlite_env/lib/python3.9/site-packages/airflow/example_dags/example_outlet_event_extra.py for tasks to queue
[2024-10-13T21:46:58.347-0400] {logging_mixin.py:190} INFO - [2024-10-13T21:46:58.346-0400] {dagbag.py:588} INFO - Filling up the DagBag from /Users/karenwang/anaconda3/envs/airflow_sqlite_env/lib/python3.9/site-packages/airflow/example_dags/example_outlet_event_extra.py
[2024-10-13T21:46:58.508-0400] {processor.py:925} INFO - DAG(s) 'dataset_with_extra_by_context', 'dataset_with_extra_by_yield', 'dataset_with_extra_from_classic_operator' retrieved from /Users/karenwang/anaconda3/envs/airflow_sqlite_env/lib/python3.9/site-packages/airflow/example_dags/example_outlet_event_extra.py
[2024-10-13T21:46:58.667-0400] {logging_mixin.py:190} INFO - [2024-10-13T21:46:58.667-0400] {dag.py:3239} INFO - Sync 3 DAGs
[2024-10-13T21:46:58.695-0400] {logging_mixin.py:190} INFO - [2024-10-13T21:46:58.694-0400] {dag.py:4180} INFO - Setting next_dagrun for dataset_with_extra_by_context to 2024-10-13 00:00:00+00:00, run_after=2024-10-14 00:00:00+00:00
[2024-10-13T21:46:58.701-0400] {logging_mixin.py:190} INFO - [2024-10-13T21:46:58.701-0400] {dag.py:4180} INFO - Setting next_dagrun for dataset_with_extra_by_yield to 2024-10-13 00:00:00+00:00, run_after=2024-10-14 00:00:00+00:00
[2024-10-13T21:46:58.705-0400] {logging_mixin.py:190} INFO - [2024-10-13T21:46:58.705-0400] {dag.py:4180} INFO - Setting next_dagrun for dataset_with_extra_from_classic_operator to 2024-10-13 00:00:00+00:00, run_after=2024-10-14 00:00:00+00:00
[2024-10-13T21:46:58.734-0400] {processor.py:208} INFO - Processing /Users/karenwang/anaconda3/envs/airflow_sqlite_env/lib/python3.9/site-packages/airflow/example_dags/example_outlet_event_extra.py took 0.395 seconds
[2024-10-13T21:50:58.762-0400] {processor.py:186} INFO - Started process (PID=60211) to work on /Users/karenwang/anaconda3/envs/airflow_sqlite_env/lib/python3.9/site-packages/airflow/example_dags/example_outlet_event_extra.py
[2024-10-13T21:50:58.764-0400] {processor.py:914} INFO - Processing file /Users/karenwang/anaconda3/envs/airflow_sqlite_env/lib/python3.9/site-packages/airflow/example_dags/example_outlet_event_extra.py for tasks to queue
[2024-10-13T21:50:58.765-0400] {logging_mixin.py:190} INFO - [2024-10-13T21:50:58.765-0400] {dagbag.py:588} INFO - Filling up the DagBag from /Users/karenwang/anaconda3/envs/airflow_sqlite_env/lib/python3.9/site-packages/airflow/example_dags/example_outlet_event_extra.py
[2024-10-13T21:50:58.923-0400] {processor.py:925} INFO - DAG(s) 'dataset_with_extra_by_context', 'dataset_with_extra_by_yield', 'dataset_with_extra_from_classic_operator' retrieved from /Users/karenwang/anaconda3/envs/airflow_sqlite_env/lib/python3.9/site-packages/airflow/example_dags/example_outlet_event_extra.py
[2024-10-13T21:50:59.089-0400] {logging_mixin.py:190} INFO - [2024-10-13T21:50:59.088-0400] {dag.py:3239} INFO - Sync 3 DAGs
[2024-10-13T21:50:59.118-0400] {logging_mixin.py:190} INFO - [2024-10-13T21:50:59.118-0400] {dag.py:4180} INFO - Setting next_dagrun for dataset_with_extra_by_context to 2024-10-13 00:00:00+00:00, run_after=2024-10-14 00:00:00+00:00
[2024-10-13T21:50:59.127-0400] {logging_mixin.py:190} INFO - [2024-10-13T21:50:59.127-0400] {dag.py:4180} INFO - Setting next_dagrun for dataset_with_extra_by_yield to 2024-10-13 00:00:00+00:00, run_after=2024-10-14 00:00:00+00:00
[2024-10-13T21:50:59.130-0400] {logging_mixin.py:190} INFO - [2024-10-13T21:50:59.130-0400] {dag.py:4180} INFO - Setting next_dagrun for dataset_with_extra_from_classic_operator to 2024-10-13 00:00:00+00:00, run_after=2024-10-14 00:00:00+00:00
[2024-10-13T21:50:59.155-0400] {processor.py:208} INFO - Processing /Users/karenwang/anaconda3/envs/airflow_sqlite_env/lib/python3.9/site-packages/airflow/example_dags/example_outlet_event_extra.py took 0.399 seconds
[2024-10-13T21:55:02.202-0400] {processor.py:186} INFO - Started process (PID=61455) to work on /Users/karenwang/anaconda3/envs/airflow_sqlite_env/lib/python3.9/site-packages/airflow/example_dags/example_outlet_event_extra.py
[2024-10-13T21:55:02.203-0400] {processor.py:914} INFO - Processing file /Users/karenwang/anaconda3/envs/airflow_sqlite_env/lib/python3.9/site-packages/airflow/example_dags/example_outlet_event_extra.py for tasks to queue
[2024-10-13T21:55:02.205-0400] {logging_mixin.py:190} INFO - [2024-10-13T21:55:02.204-0400] {dagbag.py:588} INFO - Filling up the DagBag from /Users/karenwang/anaconda3/envs/airflow_sqlite_env/lib/python3.9/site-packages/airflow/example_dags/example_outlet_event_extra.py
[2024-10-13T21:55:02.363-0400] {processor.py:925} INFO - DAG(s) 'dataset_with_extra_from_classic_operator', 'dataset_with_extra_by_yield', 'dataset_with_extra_by_context' retrieved from /Users/karenwang/anaconda3/envs/airflow_sqlite_env/lib/python3.9/site-packages/airflow/example_dags/example_outlet_event_extra.py
[2024-10-13T21:55:02.533-0400] {logging_mixin.py:190} INFO - [2024-10-13T21:55:02.533-0400] {dag.py:3239} INFO - Sync 3 DAGs
[2024-10-13T21:55:02.564-0400] {logging_mixin.py:190} INFO - [2024-10-13T21:55:02.563-0400] {dag.py:4180} INFO - Setting next_dagrun for dataset_with_extra_by_context to 2024-10-13 00:00:00+00:00, run_after=2024-10-14 00:00:00+00:00
[2024-10-13T21:55:02.572-0400] {logging_mixin.py:190} INFO - [2024-10-13T21:55:02.572-0400] {dag.py:4180} INFO - Setting next_dagrun for dataset_with_extra_by_yield to 2024-10-13 00:00:00+00:00, run_after=2024-10-14 00:00:00+00:00
[2024-10-13T21:55:02.575-0400] {logging_mixin.py:190} INFO - [2024-10-13T21:55:02.575-0400] {dag.py:4180} INFO - Setting next_dagrun for dataset_with_extra_from_classic_operator to 2024-10-13 00:00:00+00:00, run_after=2024-10-14 00:00:00+00:00
[2024-10-13T21:55:02.601-0400] {processor.py:208} INFO - Processing /Users/karenwang/anaconda3/envs/airflow_sqlite_env/lib/python3.9/site-packages/airflow/example_dags/example_outlet_event_extra.py took 0.405 seconds
[2024-10-13T21:58:53.543-0400] {processor.py:186} INFO - Started process (PID=62661) to work on /Users/karenwang/anaconda3/envs/airflow_sqlite_env/lib/python3.9/site-packages/airflow/example_dags/example_outlet_event_extra.py
[2024-10-13T21:58:53.545-0400] {processor.py:914} INFO - Processing file /Users/karenwang/anaconda3/envs/airflow_sqlite_env/lib/python3.9/site-packages/airflow/example_dags/example_outlet_event_extra.py for tasks to queue
[2024-10-13T21:58:53.546-0400] {logging_mixin.py:190} INFO - [2024-10-13T21:58:53.546-0400] {dagbag.py:588} INFO - Filling up the DagBag from /Users/karenwang/anaconda3/envs/airflow_sqlite_env/lib/python3.9/site-packages/airflow/example_dags/example_outlet_event_extra.py
[2024-10-13T21:58:53.702-0400] {processor.py:925} INFO - DAG(s) 'dataset_with_extra_from_classic_operator', 'dataset_with_extra_by_yield', 'dataset_with_extra_by_context' retrieved from /Users/karenwang/anaconda3/envs/airflow_sqlite_env/lib/python3.9/site-packages/airflow/example_dags/example_outlet_event_extra.py
[2024-10-13T21:58:53.873-0400] {logging_mixin.py:190} INFO - [2024-10-13T21:58:53.873-0400] {dag.py:3239} INFO - Sync 3 DAGs
[2024-10-13T21:58:53.897-0400] {logging_mixin.py:190} INFO - [2024-10-13T21:58:53.897-0400] {dag.py:4180} INFO - Setting next_dagrun for dataset_with_extra_by_context to 2024-10-13 00:00:00+00:00, run_after=2024-10-14 00:00:00+00:00
[2024-10-13T21:58:53.906-0400] {logging_mixin.py:190} INFO - [2024-10-13T21:58:53.906-0400] {dag.py:4180} INFO - Setting next_dagrun for dataset_with_extra_by_yield to 2024-10-13 00:00:00+00:00, run_after=2024-10-14 00:00:00+00:00
[2024-10-13T21:58:53.910-0400] {logging_mixin.py:190} INFO - [2024-10-13T21:58:53.910-0400] {dag.py:4180} INFO - Setting next_dagrun for dataset_with_extra_from_classic_operator to 2024-10-13 00:00:00+00:00, run_after=2024-10-14 00:00:00+00:00
[2024-10-13T21:58:53.936-0400] {processor.py:208} INFO - Processing /Users/karenwang/anaconda3/envs/airflow_sqlite_env/lib/python3.9/site-packages/airflow/example_dags/example_outlet_event_extra.py took 0.399 seconds
[2024-10-13T22:02:46.247-0400] {processor.py:186} INFO - Started process (PID=63856) to work on /Users/karenwang/anaconda3/envs/airflow_sqlite_env/lib/python3.9/site-packages/airflow/example_dags/example_outlet_event_extra.py
[2024-10-13T22:02:46.248-0400] {processor.py:914} INFO - Processing file /Users/karenwang/anaconda3/envs/airflow_sqlite_env/lib/python3.9/site-packages/airflow/example_dags/example_outlet_event_extra.py for tasks to queue
[2024-10-13T22:02:46.250-0400] {logging_mixin.py:190} INFO - [2024-10-13T22:02:46.249-0400] {dagbag.py:588} INFO - Filling up the DagBag from /Users/karenwang/anaconda3/envs/airflow_sqlite_env/lib/python3.9/site-packages/airflow/example_dags/example_outlet_event_extra.py
[2024-10-13T22:02:46.405-0400] {processor.py:925} INFO - DAG(s) 'dataset_with_extra_from_classic_operator', 'dataset_with_extra_by_context', 'dataset_with_extra_by_yield' retrieved from /Users/karenwang/anaconda3/envs/airflow_sqlite_env/lib/python3.9/site-packages/airflow/example_dags/example_outlet_event_extra.py
[2024-10-13T22:02:46.553-0400] {logging_mixin.py:190} INFO - [2024-10-13T22:02:46.552-0400] {dag.py:3239} INFO - Sync 3 DAGs
[2024-10-13T22:02:46.581-0400] {logging_mixin.py:190} INFO - [2024-10-13T22:02:46.581-0400] {dag.py:4180} INFO - Setting next_dagrun for dataset_with_extra_by_context to 2024-10-13 00:00:00+00:00, run_after=2024-10-14 00:00:00+00:00
[2024-10-13T22:02:46.589-0400] {logging_mixin.py:190} INFO - [2024-10-13T22:02:46.589-0400] {dag.py:4180} INFO - Setting next_dagrun for dataset_with_extra_by_yield to 2024-10-13 00:00:00+00:00, run_after=2024-10-14 00:00:00+00:00
[2024-10-13T22:02:46.593-0400] {logging_mixin.py:190} INFO - [2024-10-13T22:02:46.593-0400] {dag.py:4180} INFO - Setting next_dagrun for dataset_with_extra_from_classic_operator to 2024-10-13 00:00:00+00:00, run_after=2024-10-14 00:00:00+00:00
[2024-10-13T22:02:46.615-0400] {processor.py:208} INFO - Processing /Users/karenwang/anaconda3/envs/airflow_sqlite_env/lib/python3.9/site-packages/airflow/example_dags/example_outlet_event_extra.py took 0.374 seconds
[2024-10-13T22:06:39.267-0400] {processor.py:186} INFO - Started process (PID=65054) to work on /Users/karenwang/anaconda3/envs/airflow_sqlite_env/lib/python3.9/site-packages/airflow/example_dags/example_outlet_event_extra.py
[2024-10-13T22:06:39.269-0400] {processor.py:914} INFO - Processing file /Users/karenwang/anaconda3/envs/airflow_sqlite_env/lib/python3.9/site-packages/airflow/example_dags/example_outlet_event_extra.py for tasks to queue
[2024-10-13T22:06:39.270-0400] {logging_mixin.py:190} INFO - [2024-10-13T22:06:39.270-0400] {dagbag.py:588} INFO - Filling up the DagBag from /Users/karenwang/anaconda3/envs/airflow_sqlite_env/lib/python3.9/site-packages/airflow/example_dags/example_outlet_event_extra.py
[2024-10-13T22:06:39.424-0400] {processor.py:925} INFO - DAG(s) 'dataset_with_extra_by_yield', 'dataset_with_extra_from_classic_operator', 'dataset_with_extra_by_context' retrieved from /Users/karenwang/anaconda3/envs/airflow_sqlite_env/lib/python3.9/site-packages/airflow/example_dags/example_outlet_event_extra.py
[2024-10-13T22:06:39.592-0400] {logging_mixin.py:190} INFO - [2024-10-13T22:06:39.592-0400] {dag.py:3239} INFO - Sync 3 DAGs
[2024-10-13T22:06:39.621-0400] {logging_mixin.py:190} INFO - [2024-10-13T22:06:39.620-0400] {dag.py:4180} INFO - Setting next_dagrun for dataset_with_extra_by_context to 2024-10-13 00:00:00+00:00, run_after=2024-10-14 00:00:00+00:00
[2024-10-13T22:06:39.628-0400] {logging_mixin.py:190} INFO - [2024-10-13T22:06:39.627-0400] {dag.py:4180} INFO - Setting next_dagrun for dataset_with_extra_by_yield to 2024-10-13 00:00:00+00:00, run_after=2024-10-14 00:00:00+00:00
[2024-10-13T22:06:39.630-0400] {logging_mixin.py:190} INFO - [2024-10-13T22:06:39.630-0400] {dag.py:4180} INFO - Setting next_dagrun for dataset_with_extra_from_classic_operator to 2024-10-13 00:00:00+00:00, run_after=2024-10-14 00:00:00+00:00
[2024-10-13T22:06:39.655-0400] {processor.py:208} INFO - Processing /Users/karenwang/anaconda3/envs/airflow_sqlite_env/lib/python3.9/site-packages/airflow/example_dags/example_outlet_event_extra.py took 0.394 seconds
[2024-10-13T22:10:39.174-0400] {processor.py:186} INFO - Started process (PID=66295) to work on /Users/karenwang/anaconda3/envs/airflow_sqlite_env/lib/python3.9/site-packages/airflow/example_dags/example_outlet_event_extra.py
[2024-10-13T22:10:39.176-0400] {processor.py:914} INFO - Processing file /Users/karenwang/anaconda3/envs/airflow_sqlite_env/lib/python3.9/site-packages/airflow/example_dags/example_outlet_event_extra.py for tasks to queue
[2024-10-13T22:10:39.177-0400] {logging_mixin.py:190} INFO - [2024-10-13T22:10:39.177-0400] {dagbag.py:588} INFO - Filling up the DagBag from /Users/karenwang/anaconda3/envs/airflow_sqlite_env/lib/python3.9/site-packages/airflow/example_dags/example_outlet_event_extra.py
[2024-10-13T22:10:39.340-0400] {processor.py:925} INFO - DAG(s) 'dataset_with_extra_by_context', 'dataset_with_extra_from_classic_operator', 'dataset_with_extra_by_yield' retrieved from /Users/karenwang/anaconda3/envs/airflow_sqlite_env/lib/python3.9/site-packages/airflow/example_dags/example_outlet_event_extra.py
[2024-10-13T22:10:39.502-0400] {logging_mixin.py:190} INFO - [2024-10-13T22:10:39.501-0400] {dag.py:3239} INFO - Sync 3 DAGs
[2024-10-13T22:10:39.526-0400] {logging_mixin.py:190} INFO - [2024-10-13T22:10:39.526-0400] {dag.py:4180} INFO - Setting next_dagrun for dataset_with_extra_by_context to 2024-10-13 00:00:00+00:00, run_after=2024-10-14 00:00:00+00:00
[2024-10-13T22:10:39.532-0400] {logging_mixin.py:190} INFO - [2024-10-13T22:10:39.532-0400] {dag.py:4180} INFO - Setting next_dagrun for dataset_with_extra_by_yield to 2024-10-13 00:00:00+00:00, run_after=2024-10-14 00:00:00+00:00
[2024-10-13T22:10:39.535-0400] {logging_mixin.py:190} INFO - [2024-10-13T22:10:39.535-0400] {dag.py:4180} INFO - Setting next_dagrun for dataset_with_extra_from_classic_operator to 2024-10-13 00:00:00+00:00, run_after=2024-10-14 00:00:00+00:00
[2024-10-13T22:10:39.561-0400] {processor.py:208} INFO - Processing /Users/karenwang/anaconda3/envs/airflow_sqlite_env/lib/python3.9/site-packages/airflow/example_dags/example_outlet_event_extra.py took 0.393 seconds
[2024-10-13T22:14:31.435-0400] {processor.py:186} INFO - Started process (PID=67483) to work on /Users/karenwang/anaconda3/envs/airflow_sqlite_env/lib/python3.9/site-packages/airflow/example_dags/example_outlet_event_extra.py
[2024-10-13T22:14:31.437-0400] {processor.py:914} INFO - Processing file /Users/karenwang/anaconda3/envs/airflow_sqlite_env/lib/python3.9/site-packages/airflow/example_dags/example_outlet_event_extra.py for tasks to queue
[2024-10-13T22:14:31.438-0400] {logging_mixin.py:190} INFO - [2024-10-13T22:14:31.438-0400] {dagbag.py:588} INFO - Filling up the DagBag from /Users/karenwang/anaconda3/envs/airflow_sqlite_env/lib/python3.9/site-packages/airflow/example_dags/example_outlet_event_extra.py
[2024-10-13T22:14:31.608-0400] {processor.py:925} INFO - DAG(s) 'dataset_with_extra_by_context', 'dataset_with_extra_by_yield', 'dataset_with_extra_from_classic_operator' retrieved from /Users/karenwang/anaconda3/envs/airflow_sqlite_env/lib/python3.9/site-packages/airflow/example_dags/example_outlet_event_extra.py
[2024-10-13T22:14:31.765-0400] {logging_mixin.py:190} INFO - [2024-10-13T22:14:31.765-0400] {dag.py:3239} INFO - Sync 3 DAGs
[2024-10-13T22:14:31.796-0400] {logging_mixin.py:190} INFO - [2024-10-13T22:14:31.795-0400] {dag.py:4180} INFO - Setting next_dagrun for dataset_with_extra_by_context to 2024-10-13 00:00:00+00:00, run_after=2024-10-14 00:00:00+00:00
[2024-10-13T22:14:31.802-0400] {logging_mixin.py:190} INFO - [2024-10-13T22:14:31.801-0400] {dag.py:4180} INFO - Setting next_dagrun for dataset_with_extra_by_yield to 2024-10-13 00:00:00+00:00, run_after=2024-10-14 00:00:00+00:00
[2024-10-13T22:14:31.805-0400] {logging_mixin.py:190} INFO - [2024-10-13T22:14:31.805-0400] {dag.py:4180} INFO - Setting next_dagrun for dataset_with_extra_from_classic_operator to 2024-10-13 00:00:00+00:00, run_after=2024-10-14 00:00:00+00:00
[2024-10-13T22:14:31.830-0400] {processor.py:208} INFO - Processing /Users/karenwang/anaconda3/envs/airflow_sqlite_env/lib/python3.9/site-packages/airflow/example_dags/example_outlet_event_extra.py took 0.402 seconds
[2024-10-13T22:18:33.063-0400] {processor.py:186} INFO - Started process (PID=68717) to work on /Users/karenwang/anaconda3/envs/airflow_sqlite_env/lib/python3.9/site-packages/airflow/example_dags/example_outlet_event_extra.py
[2024-10-13T22:18:33.065-0400] {processor.py:914} INFO - Processing file /Users/karenwang/anaconda3/envs/airflow_sqlite_env/lib/python3.9/site-packages/airflow/example_dags/example_outlet_event_extra.py for tasks to queue
[2024-10-13T22:18:33.066-0400] {logging_mixin.py:190} INFO - [2024-10-13T22:18:33.066-0400] {dagbag.py:588} INFO - Filling up the DagBag from /Users/karenwang/anaconda3/envs/airflow_sqlite_env/lib/python3.9/site-packages/airflow/example_dags/example_outlet_event_extra.py
[2024-10-13T22:18:33.221-0400] {processor.py:925} INFO - DAG(s) 'dataset_with_extra_by_yield', 'dataset_with_extra_from_classic_operator', 'dataset_with_extra_by_context' retrieved from /Users/karenwang/anaconda3/envs/airflow_sqlite_env/lib/python3.9/site-packages/airflow/example_dags/example_outlet_event_extra.py
[2024-10-13T22:18:33.391-0400] {logging_mixin.py:190} INFO - [2024-10-13T22:18:33.390-0400] {dag.py:3239} INFO - Sync 3 DAGs
[2024-10-13T22:18:33.418-0400] {logging_mixin.py:190} INFO - [2024-10-13T22:18:33.418-0400] {dag.py:4180} INFO - Setting next_dagrun for dataset_with_extra_by_context to 2024-10-13 00:00:00+00:00, run_after=2024-10-14 00:00:00+00:00
[2024-10-13T22:18:33.427-0400] {logging_mixin.py:190} INFO - [2024-10-13T22:18:33.427-0400] {dag.py:4180} INFO - Setting next_dagrun for dataset_with_extra_by_yield to 2024-10-13 00:00:00+00:00, run_after=2024-10-14 00:00:00+00:00
[2024-10-13T22:18:33.430-0400] {logging_mixin.py:190} INFO - [2024-10-13T22:18:33.430-0400] {dag.py:4180} INFO - Setting next_dagrun for dataset_with_extra_from_classic_operator to 2024-10-13 00:00:00+00:00, run_after=2024-10-14 00:00:00+00:00
[2024-10-13T22:18:33.459-0400] {processor.py:208} INFO - Processing /Users/karenwang/anaconda3/envs/airflow_sqlite_env/lib/python3.9/site-packages/airflow/example_dags/example_outlet_event_extra.py took 0.402 seconds
[2024-10-13T22:22:34.622-0400] {processor.py:186} INFO - Started process (PID=69974) to work on /Users/karenwang/anaconda3/envs/airflow_sqlite_env/lib/python3.9/site-packages/airflow/example_dags/example_outlet_event_extra.py
[2024-10-13T22:22:34.623-0400] {processor.py:914} INFO - Processing file /Users/karenwang/anaconda3/envs/airflow_sqlite_env/lib/python3.9/site-packages/airflow/example_dags/example_outlet_event_extra.py for tasks to queue
[2024-10-13T22:22:34.625-0400] {logging_mixin.py:190} INFO - [2024-10-13T22:22:34.624-0400] {dagbag.py:588} INFO - Filling up the DagBag from /Users/karenwang/anaconda3/envs/airflow_sqlite_env/lib/python3.9/site-packages/airflow/example_dags/example_outlet_event_extra.py
[2024-10-13T22:22:34.797-0400] {processor.py:925} INFO - DAG(s) 'dataset_with_extra_by_context', 'dataset_with_extra_from_classic_operator', 'dataset_with_extra_by_yield' retrieved from /Users/karenwang/anaconda3/envs/airflow_sqlite_env/lib/python3.9/site-packages/airflow/example_dags/example_outlet_event_extra.py
[2024-10-13T22:22:34.959-0400] {logging_mixin.py:190} INFO - [2024-10-13T22:22:34.959-0400] {dag.py:3239} INFO - Sync 3 DAGs
[2024-10-13T22:22:34.996-0400] {logging_mixin.py:190} INFO - [2024-10-13T22:22:34.996-0400] {dag.py:4180} INFO - Setting next_dagrun for dataset_with_extra_by_context to 2024-10-13 00:00:00+00:00, run_after=2024-10-14 00:00:00+00:00
[2024-10-13T22:22:35.006-0400] {logging_mixin.py:190} INFO - [2024-10-13T22:22:35.006-0400] {dag.py:4180} INFO - Setting next_dagrun for dataset_with_extra_by_yield to 2024-10-13 00:00:00+00:00, run_after=2024-10-14 00:00:00+00:00
[2024-10-13T22:22:35.011-0400] {logging_mixin.py:190} INFO - [2024-10-13T22:22:35.011-0400] {dag.py:4180} INFO - Setting next_dagrun for dataset_with_extra_from_classic_operator to 2024-10-13 00:00:00+00:00, run_after=2024-10-14 00:00:00+00:00
[2024-10-13T22:22:35.043-0400] {processor.py:208} INFO - Processing /Users/karenwang/anaconda3/envs/airflow_sqlite_env/lib/python3.9/site-packages/airflow/example_dags/example_outlet_event_extra.py took 0.428 seconds
[2024-10-13T22:26:44.313-0400] {processor.py:186} INFO - Started process (PID=71308) to work on /Users/karenwang/anaconda3/envs/airflow_sqlite_env/lib/python3.9/site-packages/airflow/example_dags/example_outlet_event_extra.py
[2024-10-13T22:26:44.315-0400] {processor.py:914} INFO - Processing file /Users/karenwang/anaconda3/envs/airflow_sqlite_env/lib/python3.9/site-packages/airflow/example_dags/example_outlet_event_extra.py for tasks to queue
[2024-10-13T22:26:44.316-0400] {logging_mixin.py:190} INFO - [2024-10-13T22:26:44.316-0400] {dagbag.py:588} INFO - Filling up the DagBag from /Users/karenwang/anaconda3/envs/airflow_sqlite_env/lib/python3.9/site-packages/airflow/example_dags/example_outlet_event_extra.py
[2024-10-13T22:26:44.497-0400] {processor.py:925} INFO - DAG(s) 'dataset_with_extra_by_context', 'dataset_with_extra_from_classic_operator', 'dataset_with_extra_by_yield' retrieved from /Users/karenwang/anaconda3/envs/airflow_sqlite_env/lib/python3.9/site-packages/airflow/example_dags/example_outlet_event_extra.py
[2024-10-13T22:26:44.671-0400] {logging_mixin.py:190} INFO - [2024-10-13T22:26:44.671-0400] {dag.py:3239} INFO - Sync 3 DAGs
[2024-10-13T22:26:44.703-0400] {logging_mixin.py:190} INFO - [2024-10-13T22:26:44.703-0400] {dag.py:4180} INFO - Setting next_dagrun for dataset_with_extra_by_context to 2024-10-13 00:00:00+00:00, run_after=2024-10-14 00:00:00+00:00
[2024-10-13T22:26:44.712-0400] {logging_mixin.py:190} INFO - [2024-10-13T22:26:44.712-0400] {dag.py:4180} INFO - Setting next_dagrun for dataset_with_extra_by_yield to 2024-10-13 00:00:00+00:00, run_after=2024-10-14 00:00:00+00:00
[2024-10-13T22:26:44.716-0400] {logging_mixin.py:190} INFO - [2024-10-13T22:26:44.716-0400] {dag.py:4180} INFO - Setting next_dagrun for dataset_with_extra_from_classic_operator to 2024-10-13 00:00:00+00:00, run_after=2024-10-14 00:00:00+00:00
[2024-10-13T22:26:44.743-0400] {processor.py:208} INFO - Processing /Users/karenwang/anaconda3/envs/airflow_sqlite_env/lib/python3.9/site-packages/airflow/example_dags/example_outlet_event_extra.py took 0.436 seconds
[2024-10-13T22:36:34.627-0400] {processor.py:186} INFO - Started process (PID=74658) to work on /Users/karenwang/anaconda3/envs/airflow_sqlite_env/lib/python3.9/site-packages/airflow/example_dags/example_outlet_event_extra.py
[2024-10-13T22:36:34.629-0400] {processor.py:914} INFO - Processing file /Users/karenwang/anaconda3/envs/airflow_sqlite_env/lib/python3.9/site-packages/airflow/example_dags/example_outlet_event_extra.py for tasks to queue
[2024-10-13T22:36:34.631-0400] {logging_mixin.py:190} INFO - [2024-10-13T22:36:34.630-0400] {dagbag.py:588} INFO - Filling up the DagBag from /Users/karenwang/anaconda3/envs/airflow_sqlite_env/lib/python3.9/site-packages/airflow/example_dags/example_outlet_event_extra.py
[2024-10-13T22:36:34.804-0400] {processor.py:925} INFO - DAG(s) 'dataset_with_extra_by_yield', 'dataset_with_extra_from_classic_operator', 'dataset_with_extra_by_context' retrieved from /Users/karenwang/anaconda3/envs/airflow_sqlite_env/lib/python3.9/site-packages/airflow/example_dags/example_outlet_event_extra.py
[2024-10-13T22:36:34.994-0400] {logging_mixin.py:190} INFO - [2024-10-13T22:36:34.994-0400] {dag.py:3239} INFO - Sync 3 DAGs
[2024-10-13T22:36:35.030-0400] {logging_mixin.py:190} INFO - [2024-10-13T22:36:35.030-0400] {dag.py:4180} INFO - Setting next_dagrun for dataset_with_extra_by_context to 2024-10-13 00:00:00+00:00, run_after=2024-10-14 00:00:00+00:00
[2024-10-13T22:36:35.036-0400] {logging_mixin.py:190} INFO - [2024-10-13T22:36:35.036-0400] {dag.py:4180} INFO - Setting next_dagrun for dataset_with_extra_by_yield to 2024-10-13 00:00:00+00:00, run_after=2024-10-14 00:00:00+00:00
[2024-10-13T22:36:35.040-0400] {logging_mixin.py:190} INFO - [2024-10-13T22:36:35.040-0400] {dag.py:4180} INFO - Setting next_dagrun for dataset_with_extra_from_classic_operator to 2024-10-13 00:00:00+00:00, run_after=2024-10-14 00:00:00+00:00
[2024-10-13T22:36:35.069-0400] {processor.py:208} INFO - Processing /Users/karenwang/anaconda3/envs/airflow_sqlite_env/lib/python3.9/site-packages/airflow/example_dags/example_outlet_event_extra.py took 0.448 seconds
