[2024-10-13T20:00:49.641-0400] {processor.py:186} INFO - Started process (PID=25367) to work on /Users/karenwang/anaconda3/envs/airflow_sqlite_env/lib/python3.9/site-packages/airflow/example_dags/example_workday_timetable.py
[2024-10-13T20:00:49.642-0400] {processor.py:914} INFO - Processing file /Users/karenwang/anaconda3/envs/airflow_sqlite_env/lib/python3.9/site-packages/airflow/example_dags/example_workday_timetable.py for tasks to queue
[2024-10-13T20:00:49.643-0400] {logging_mixin.py:190} INFO - [2024-10-13T20:00:49.643-0400] {dagbag.py:588} INFO - Filling up the DagBag from /Users/karenwang/anaconda3/envs/airflow_sqlite_env/lib/python3.9/site-packages/airflow/example_dags/example_workday_timetable.py
[2024-10-13T20:00:53.556-0400] {logging_mixin.py:190} INFO - [2024-10-13T20:00:53.555-0400] {utils.py:148} INFO - Note: NumExpr detected 16 cores but "NUMEXPR_MAX_THREADS" not set, so enforcing safe limit of 8.
[2024-10-13T20:00:53.556-0400] {logging_mixin.py:190} INFO - [2024-10-13T20:00:53.556-0400] {utils.py:160} INFO - NumExpr defaulting to 8 threads.
[2024-10-13T20:00:53.897-0400] {processor.py:925} INFO - DAG(s) 'example_workday_timetable' retrieved from /Users/karenwang/anaconda3/envs/airflow_sqlite_env/lib/python3.9/site-packages/airflow/example_dags/example_workday_timetable.py
[2024-10-13T20:00:54.149-0400] {logging_mixin.py:190} INFO - [2024-10-13T20:00:54.149-0400] {dag.py:3239} INFO - Sync 1 DAGs
[2024-10-13T20:00:54.220-0400] {logging_mixin.py:190} INFO - [2024-10-13T20:00:54.220-0400] {dag.py:4180} INFO - Setting next_dagrun for example_workday_timetable to 2021-01-04 00:00:00+00:00, run_after=2021-01-05 00:00:00+00:00
[2024-10-13T20:00:54.243-0400] {processor.py:208} INFO - Processing /Users/karenwang/anaconda3/envs/airflow_sqlite_env/lib/python3.9/site-packages/airflow/example_dags/example_workday_timetable.py took 4.609 seconds
[2024-10-13T20:04:56.633-0400] {processor.py:186} INFO - Started process (PID=26650) to work on /Users/karenwang/anaconda3/envs/airflow_sqlite_env/lib/python3.9/site-packages/airflow/example_dags/example_workday_timetable.py
[2024-10-13T20:04:56.634-0400] {processor.py:914} INFO - Processing file /Users/karenwang/anaconda3/envs/airflow_sqlite_env/lib/python3.9/site-packages/airflow/example_dags/example_workday_timetable.py for tasks to queue
[2024-10-13T20:04:56.636-0400] {logging_mixin.py:190} INFO - [2024-10-13T20:04:56.636-0400] {dagbag.py:588} INFO - Filling up the DagBag from /Users/karenwang/anaconda3/envs/airflow_sqlite_env/lib/python3.9/site-packages/airflow/example_dags/example_workday_timetable.py
[2024-10-13T20:05:00.670-0400] {logging_mixin.py:190} INFO - [2024-10-13T20:05:00.670-0400] {utils.py:148} INFO - Note: NumExpr detected 16 cores but "NUMEXPR_MAX_THREADS" not set, so enforcing safe limit of 8.
[2024-10-13T20:05:00.671-0400] {logging_mixin.py:190} INFO - [2024-10-13T20:05:00.671-0400] {utils.py:160} INFO - NumExpr defaulting to 8 threads.
[2024-10-13T20:05:01.002-0400] {processor.py:925} INFO - DAG(s) 'example_workday_timetable' retrieved from /Users/karenwang/anaconda3/envs/airflow_sqlite_env/lib/python3.9/site-packages/airflow/example_dags/example_workday_timetable.py
[2024-10-13T20:05:01.255-0400] {logging_mixin.py:190} INFO - [2024-10-13T20:05:01.255-0400] {dag.py:3239} INFO - Sync 1 DAGs
[2024-10-13T20:05:01.319-0400] {logging_mixin.py:190} INFO - [2024-10-13T20:05:01.319-0400] {dag.py:4180} INFO - Setting next_dagrun for example_workday_timetable to 2021-01-04 00:00:00+00:00, run_after=2021-01-05 00:00:00+00:00
[2024-10-13T20:05:01.343-0400] {processor.py:208} INFO - Processing /Users/karenwang/anaconda3/envs/airflow_sqlite_env/lib/python3.9/site-packages/airflow/example_dags/example_workday_timetable.py took 4.715 seconds
[2024-10-13T20:09:00.425-0400] {processor.py:186} INFO - Started process (PID=27899) to work on /Users/karenwang/anaconda3/envs/airflow_sqlite_env/lib/python3.9/site-packages/airflow/example_dags/example_workday_timetable.py
[2024-10-13T20:09:00.426-0400] {processor.py:914} INFO - Processing file /Users/karenwang/anaconda3/envs/airflow_sqlite_env/lib/python3.9/site-packages/airflow/example_dags/example_workday_timetable.py for tasks to queue
[2024-10-13T20:09:00.427-0400] {logging_mixin.py:190} INFO - [2024-10-13T20:09:00.427-0400] {dagbag.py:588} INFO - Filling up the DagBag from /Users/karenwang/anaconda3/envs/airflow_sqlite_env/lib/python3.9/site-packages/airflow/example_dags/example_workday_timetable.py
[2024-10-13T20:09:04.392-0400] {logging_mixin.py:190} INFO - [2024-10-13T20:09:04.392-0400] {utils.py:148} INFO - Note: NumExpr detected 16 cores but "NUMEXPR_MAX_THREADS" not set, so enforcing safe limit of 8.
[2024-10-13T20:09:04.393-0400] {logging_mixin.py:190} INFO - [2024-10-13T20:09:04.392-0400] {utils.py:160} INFO - NumExpr defaulting to 8 threads.
[2024-10-13T20:09:04.728-0400] {processor.py:925} INFO - DAG(s) 'example_workday_timetable' retrieved from /Users/karenwang/anaconda3/envs/airflow_sqlite_env/lib/python3.9/site-packages/airflow/example_dags/example_workday_timetable.py
[2024-10-13T20:09:04.991-0400] {logging_mixin.py:190} INFO - [2024-10-13T20:09:04.991-0400] {dag.py:3239} INFO - Sync 1 DAGs
[2024-10-13T20:09:05.070-0400] {logging_mixin.py:190} INFO - [2024-10-13T20:09:05.070-0400] {dag.py:4180} INFO - Setting next_dagrun for example_workday_timetable to 2021-01-04 00:00:00+00:00, run_after=2021-01-05 00:00:00+00:00
[2024-10-13T20:09:05.096-0400] {processor.py:208} INFO - Processing /Users/karenwang/anaconda3/envs/airflow_sqlite_env/lib/python3.9/site-packages/airflow/example_dags/example_workday_timetable.py took 4.676 seconds
[2024-10-13T20:12:56.907-0400] {processor.py:186} INFO - Started process (PID=29102) to work on /Users/karenwang/anaconda3/envs/airflow_sqlite_env/lib/python3.9/site-packages/airflow/example_dags/example_workday_timetable.py
[2024-10-13T20:12:56.908-0400] {processor.py:914} INFO - Processing file /Users/karenwang/anaconda3/envs/airflow_sqlite_env/lib/python3.9/site-packages/airflow/example_dags/example_workday_timetable.py for tasks to queue
[2024-10-13T20:12:56.909-0400] {logging_mixin.py:190} INFO - [2024-10-13T20:12:56.909-0400] {dagbag.py:588} INFO - Filling up the DagBag from /Users/karenwang/anaconda3/envs/airflow_sqlite_env/lib/python3.9/site-packages/airflow/example_dags/example_workday_timetable.py
[2024-10-13T20:13:00.815-0400] {logging_mixin.py:190} INFO - [2024-10-13T20:13:00.813-0400] {utils.py:148} INFO - Note: NumExpr detected 16 cores but "NUMEXPR_MAX_THREADS" not set, so enforcing safe limit of 8.
[2024-10-13T20:13:00.816-0400] {logging_mixin.py:190} INFO - [2024-10-13T20:13:00.816-0400] {utils.py:160} INFO - NumExpr defaulting to 8 threads.
[2024-10-13T20:13:01.151-0400] {processor.py:925} INFO - DAG(s) 'example_workday_timetable' retrieved from /Users/karenwang/anaconda3/envs/airflow_sqlite_env/lib/python3.9/site-packages/airflow/example_dags/example_workday_timetable.py
[2024-10-13T20:13:01.422-0400] {logging_mixin.py:190} INFO - [2024-10-13T20:13:01.421-0400] {dag.py:3239} INFO - Sync 1 DAGs
[2024-10-13T20:13:01.556-0400] {logging_mixin.py:190} INFO - [2024-10-13T20:13:01.556-0400] {dag.py:4180} INFO - Setting next_dagrun for example_workday_timetable to 2021-01-04 00:00:00+00:00, run_after=2021-01-05 00:00:00+00:00
[2024-10-13T20:13:01.582-0400] {processor.py:208} INFO - Processing /Users/karenwang/anaconda3/envs/airflow_sqlite_env/lib/python3.9/site-packages/airflow/example_dags/example_workday_timetable.py took 4.683 seconds
[2024-10-13T20:17:06.311-0400] {processor.py:186} INFO - Started process (PID=30381) to work on /Users/karenwang/anaconda3/envs/airflow_sqlite_env/lib/python3.9/site-packages/airflow/example_dags/example_workday_timetable.py
[2024-10-13T20:17:06.312-0400] {processor.py:914} INFO - Processing file /Users/karenwang/anaconda3/envs/airflow_sqlite_env/lib/python3.9/site-packages/airflow/example_dags/example_workday_timetable.py for tasks to queue
[2024-10-13T20:17:06.314-0400] {logging_mixin.py:190} INFO - [2024-10-13T20:17:06.313-0400] {dagbag.py:588} INFO - Filling up the DagBag from /Users/karenwang/anaconda3/envs/airflow_sqlite_env/lib/python3.9/site-packages/airflow/example_dags/example_workday_timetable.py
[2024-10-13T20:17:10.302-0400] {logging_mixin.py:190} INFO - [2024-10-13T20:17:10.302-0400] {utils.py:148} INFO - Note: NumExpr detected 16 cores but "NUMEXPR_MAX_THREADS" not set, so enforcing safe limit of 8.
[2024-10-13T20:17:10.303-0400] {logging_mixin.py:190} INFO - [2024-10-13T20:17:10.303-0400] {utils.py:160} INFO - NumExpr defaulting to 8 threads.
[2024-10-13T20:17:10.588-0400] {processor.py:925} INFO - DAG(s) 'example_workday_timetable' retrieved from /Users/karenwang/anaconda3/envs/airflow_sqlite_env/lib/python3.9/site-packages/airflow/example_dags/example_workday_timetable.py
[2024-10-13T20:17:10.829-0400] {logging_mixin.py:190} INFO - [2024-10-13T20:17:10.828-0400] {dag.py:3239} INFO - Sync 1 DAGs
[2024-10-13T20:17:10.889-0400] {logging_mixin.py:190} INFO - [2024-10-13T20:17:10.889-0400] {dag.py:4180} INFO - Setting next_dagrun for example_workday_timetable to 2021-01-04 00:00:00+00:00, run_after=2021-01-05 00:00:00+00:00
[2024-10-13T20:17:10.913-0400] {processor.py:208} INFO - Processing /Users/karenwang/anaconda3/envs/airflow_sqlite_env/lib/python3.9/site-packages/airflow/example_dags/example_workday_timetable.py took 4.609 seconds
[2024-10-13T20:21:27.007-0400] {processor.py:186} INFO - Started process (PID=31761) to work on /Users/karenwang/anaconda3/envs/airflow_sqlite_env/lib/python3.9/site-packages/airflow/example_dags/example_workday_timetable.py
[2024-10-13T20:21:27.008-0400] {processor.py:914} INFO - Processing file /Users/karenwang/anaconda3/envs/airflow_sqlite_env/lib/python3.9/site-packages/airflow/example_dags/example_workday_timetable.py for tasks to queue
[2024-10-13T20:21:27.010-0400] {logging_mixin.py:190} INFO - [2024-10-13T20:21:27.010-0400] {dagbag.py:588} INFO - Filling up the DagBag from /Users/karenwang/anaconda3/envs/airflow_sqlite_env/lib/python3.9/site-packages/airflow/example_dags/example_workday_timetable.py
[2024-10-13T20:21:31.192-0400] {logging_mixin.py:190} INFO - [2024-10-13T20:21:31.192-0400] {utils.py:148} INFO - Note: NumExpr detected 16 cores but "NUMEXPR_MAX_THREADS" not set, so enforcing safe limit of 8.
[2024-10-13T20:21:31.193-0400] {logging_mixin.py:190} INFO - [2024-10-13T20:21:31.193-0400] {utils.py:160} INFO - NumExpr defaulting to 8 threads.
[2024-10-13T20:21:31.585-0400] {processor.py:925} INFO - DAG(s) 'example_workday_timetable' retrieved from /Users/karenwang/anaconda3/envs/airflow_sqlite_env/lib/python3.9/site-packages/airflow/example_dags/example_workday_timetable.py
[2024-10-13T20:21:31.889-0400] {logging_mixin.py:190} INFO - [2024-10-13T20:21:31.888-0400] {dag.py:3239} INFO - Sync 1 DAGs
[2024-10-13T20:21:31.991-0400] {logging_mixin.py:190} INFO - [2024-10-13T20:21:31.990-0400] {dag.py:4180} INFO - Setting next_dagrun for example_workday_timetable to 2021-01-04 00:00:00+00:00, run_after=2021-01-05 00:00:00+00:00
[2024-10-13T20:21:32.022-0400] {processor.py:208} INFO - Processing /Users/karenwang/anaconda3/envs/airflow_sqlite_env/lib/python3.9/site-packages/airflow/example_dags/example_workday_timetable.py took 5.021 seconds
[2024-10-13T20:27:10.229-0400] {processor.py:186} INFO - Started process (PID=33682) to work on /Users/karenwang/anaconda3/envs/airflow_sqlite_env/lib/python3.9/site-packages/airflow/example_dags/example_workday_timetable.py
[2024-10-13T20:27:10.230-0400] {processor.py:914} INFO - Processing file /Users/karenwang/anaconda3/envs/airflow_sqlite_env/lib/python3.9/site-packages/airflow/example_dags/example_workday_timetable.py for tasks to queue
[2024-10-13T20:27:10.232-0400] {logging_mixin.py:190} INFO - [2024-10-13T20:27:10.231-0400] {dagbag.py:588} INFO - Filling up the DagBag from /Users/karenwang/anaconda3/envs/airflow_sqlite_env/lib/python3.9/site-packages/airflow/example_dags/example_workday_timetable.py
[2024-10-13T20:27:14.606-0400] {logging_mixin.py:190} INFO - [2024-10-13T20:27:14.606-0400] {utils.py:148} INFO - Note: NumExpr detected 16 cores but "NUMEXPR_MAX_THREADS" not set, so enforcing safe limit of 8.
[2024-10-13T20:27:14.607-0400] {logging_mixin.py:190} INFO - [2024-10-13T20:27:14.606-0400] {utils.py:160} INFO - NumExpr defaulting to 8 threads.
[2024-10-13T20:27:14.901-0400] {processor.py:925} INFO - DAG(s) 'example_workday_timetable' retrieved from /Users/karenwang/anaconda3/envs/airflow_sqlite_env/lib/python3.9/site-packages/airflow/example_dags/example_workday_timetable.py
[2024-10-13T20:27:15.193-0400] {logging_mixin.py:190} INFO - [2024-10-13T20:27:15.193-0400] {dag.py:3239} INFO - Sync 1 DAGs
[2024-10-13T20:27:15.280-0400] {logging_mixin.py:190} INFO - [2024-10-13T20:27:15.280-0400] {dag.py:4180} INFO - Setting next_dagrun for example_workday_timetable to 2021-01-04 00:00:00+00:00, run_after=2021-01-05 00:00:00+00:00
[2024-10-13T20:27:15.305-0400] {processor.py:208} INFO - Processing /Users/karenwang/anaconda3/envs/airflow_sqlite_env/lib/python3.9/site-packages/airflow/example_dags/example_workday_timetable.py took 5.082 seconds
[2024-10-13T20:31:45.847-0400] {processor.py:186} INFO - Started process (PID=35249) to work on /Users/karenwang/anaconda3/envs/airflow_sqlite_env/lib/python3.9/site-packages/airflow/example_dags/example_workday_timetable.py
[2024-10-13T20:31:45.848-0400] {processor.py:914} INFO - Processing file /Users/karenwang/anaconda3/envs/airflow_sqlite_env/lib/python3.9/site-packages/airflow/example_dags/example_workday_timetable.py for tasks to queue
[2024-10-13T20:31:45.850-0400] {logging_mixin.py:190} INFO - [2024-10-13T20:31:45.850-0400] {dagbag.py:588} INFO - Filling up the DagBag from /Users/karenwang/anaconda3/envs/airflow_sqlite_env/lib/python3.9/site-packages/airflow/example_dags/example_workday_timetable.py
[2024-10-13T20:31:49.448-0400] {logging_mixin.py:190} INFO - [2024-10-13T20:31:49.448-0400] {utils.py:148} INFO - Note: NumExpr detected 16 cores but "NUMEXPR_MAX_THREADS" not set, so enforcing safe limit of 8.
[2024-10-13T20:31:49.449-0400] {logging_mixin.py:190} INFO - [2024-10-13T20:31:49.449-0400] {utils.py:160} INFO - NumExpr defaulting to 8 threads.
[2024-10-13T20:31:49.705-0400] {processor.py:925} INFO - DAG(s) 'example_workday_timetable' retrieved from /Users/karenwang/anaconda3/envs/airflow_sqlite_env/lib/python3.9/site-packages/airflow/example_dags/example_workday_timetable.py
[2024-10-13T20:31:49.950-0400] {logging_mixin.py:190} INFO - [2024-10-13T20:31:49.949-0400] {dag.py:3239} INFO - Sync 1 DAGs
[2024-10-13T20:31:50.037-0400] {logging_mixin.py:190} INFO - [2024-10-13T20:31:50.037-0400] {dag.py:4180} INFO - Setting next_dagrun for example_workday_timetable to 2021-01-04 00:00:00+00:00, run_after=2021-01-05 00:00:00+00:00
[2024-10-13T20:31:50.059-0400] {processor.py:208} INFO - Processing /Users/karenwang/anaconda3/envs/airflow_sqlite_env/lib/python3.9/site-packages/airflow/example_dags/example_workday_timetable.py took 4.219 seconds
[2024-10-13T20:35:26.690-0400] {processor.py:186} INFO - Started process (PID=36388) to work on /Users/karenwang/anaconda3/envs/airflow_sqlite_env/lib/python3.9/site-packages/airflow/example_dags/example_workday_timetable.py
[2024-10-13T20:35:26.692-0400] {processor.py:914} INFO - Processing file /Users/karenwang/anaconda3/envs/airflow_sqlite_env/lib/python3.9/site-packages/airflow/example_dags/example_workday_timetable.py for tasks to queue
[2024-10-13T20:35:26.693-0400] {logging_mixin.py:190} INFO - [2024-10-13T20:35:26.693-0400] {dagbag.py:588} INFO - Filling up the DagBag from /Users/karenwang/anaconda3/envs/airflow_sqlite_env/lib/python3.9/site-packages/airflow/example_dags/example_workday_timetable.py
[2024-10-13T20:35:30.301-0400] {logging_mixin.py:190} INFO - [2024-10-13T20:35:30.300-0400] {utils.py:148} INFO - Note: NumExpr detected 16 cores but "NUMEXPR_MAX_THREADS" not set, so enforcing safe limit of 8.
[2024-10-13T20:35:30.301-0400] {logging_mixin.py:190} INFO - [2024-10-13T20:35:30.301-0400] {utils.py:160} INFO - NumExpr defaulting to 8 threads.
[2024-10-13T20:35:30.593-0400] {processor.py:925} INFO - DAG(s) 'example_workday_timetable' retrieved from /Users/karenwang/anaconda3/envs/airflow_sqlite_env/lib/python3.9/site-packages/airflow/example_dags/example_workday_timetable.py
[2024-10-13T20:35:30.834-0400] {logging_mixin.py:190} INFO - [2024-10-13T20:35:30.834-0400] {dag.py:3239} INFO - Sync 1 DAGs
[2024-10-13T20:35:30.892-0400] {logging_mixin.py:190} INFO - [2024-10-13T20:35:30.891-0400] {dag.py:4180} INFO - Setting next_dagrun for example_workday_timetable to 2021-01-04 00:00:00+00:00, run_after=2021-01-05 00:00:00+00:00
[2024-10-13T20:35:30.914-0400] {processor.py:208} INFO - Processing /Users/karenwang/anaconda3/envs/airflow_sqlite_env/lib/python3.9/site-packages/airflow/example_dags/example_workday_timetable.py took 4.230 seconds
[2024-10-13T20:39:06.304-0400] {processor.py:186} INFO - Started process (PID=37549) to work on /Users/karenwang/anaconda3/envs/airflow_sqlite_env/lib/python3.9/site-packages/airflow/example_dags/example_workday_timetable.py
[2024-10-13T20:39:06.305-0400] {processor.py:914} INFO - Processing file /Users/karenwang/anaconda3/envs/airflow_sqlite_env/lib/python3.9/site-packages/airflow/example_dags/example_workday_timetable.py for tasks to queue
[2024-10-13T20:39:06.306-0400] {logging_mixin.py:190} INFO - [2024-10-13T20:39:06.306-0400] {dagbag.py:588} INFO - Filling up the DagBag from /Users/karenwang/anaconda3/envs/airflow_sqlite_env/lib/python3.9/site-packages/airflow/example_dags/example_workday_timetable.py
[2024-10-13T20:39:09.811-0400] {logging_mixin.py:190} INFO - [2024-10-13T20:39:09.811-0400] {utils.py:148} INFO - Note: NumExpr detected 16 cores but "NUMEXPR_MAX_THREADS" not set, so enforcing safe limit of 8.
[2024-10-13T20:39:09.812-0400] {logging_mixin.py:190} INFO - [2024-10-13T20:39:09.812-0400] {utils.py:160} INFO - NumExpr defaulting to 8 threads.
[2024-10-13T20:39:10.089-0400] {processor.py:925} INFO - DAG(s) 'example_workday_timetable' retrieved from /Users/karenwang/anaconda3/envs/airflow_sqlite_env/lib/python3.9/site-packages/airflow/example_dags/example_workday_timetable.py
[2024-10-13T20:39:10.303-0400] {logging_mixin.py:190} INFO - [2024-10-13T20:39:10.303-0400] {dag.py:3239} INFO - Sync 1 DAGs
[2024-10-13T20:39:10.381-0400] {logging_mixin.py:190} INFO - [2024-10-13T20:39:10.381-0400] {dag.py:4180} INFO - Setting next_dagrun for example_workday_timetable to 2021-01-04 00:00:00+00:00, run_after=2021-01-05 00:00:00+00:00
[2024-10-13T20:39:10.403-0400] {processor.py:208} INFO - Processing /Users/karenwang/anaconda3/envs/airflow_sqlite_env/lib/python3.9/site-packages/airflow/example_dags/example_workday_timetable.py took 4.106 seconds
[2024-10-13T20:42:45.938-0400] {processor.py:186} INFO - Started process (PID=38676) to work on /Users/karenwang/anaconda3/envs/airflow_sqlite_env/lib/python3.9/site-packages/airflow/example_dags/example_workday_timetable.py
[2024-10-13T20:42:45.939-0400] {processor.py:914} INFO - Processing file /Users/karenwang/anaconda3/envs/airflow_sqlite_env/lib/python3.9/site-packages/airflow/example_dags/example_workday_timetable.py for tasks to queue
[2024-10-13T20:42:45.941-0400] {logging_mixin.py:190} INFO - [2024-10-13T20:42:45.940-0400] {dagbag.py:588} INFO - Filling up the DagBag from /Users/karenwang/anaconda3/envs/airflow_sqlite_env/lib/python3.9/site-packages/airflow/example_dags/example_workday_timetable.py
[2024-10-13T20:42:49.394-0400] {logging_mixin.py:190} INFO - [2024-10-13T20:42:49.393-0400] {utils.py:148} INFO - Note: NumExpr detected 16 cores but "NUMEXPR_MAX_THREADS" not set, so enforcing safe limit of 8.
[2024-10-13T20:42:49.394-0400] {logging_mixin.py:190} INFO - [2024-10-13T20:42:49.394-0400] {utils.py:160} INFO - NumExpr defaulting to 8 threads.
[2024-10-13T20:42:49.640-0400] {processor.py:925} INFO - DAG(s) 'example_workday_timetable' retrieved from /Users/karenwang/anaconda3/envs/airflow_sqlite_env/lib/python3.9/site-packages/airflow/example_dags/example_workday_timetable.py
[2024-10-13T20:42:49.863-0400] {logging_mixin.py:190} INFO - [2024-10-13T20:42:49.863-0400] {dag.py:3239} INFO - Sync 1 DAGs
[2024-10-13T20:42:49.926-0400] {logging_mixin.py:190} INFO - [2024-10-13T20:42:49.926-0400] {dag.py:4180} INFO - Setting next_dagrun for example_workday_timetable to 2021-01-04 00:00:00+00:00, run_after=2021-01-05 00:00:00+00:00
[2024-10-13T20:42:49.948-0400] {processor.py:208} INFO - Processing /Users/karenwang/anaconda3/envs/airflow_sqlite_env/lib/python3.9/site-packages/airflow/example_dags/example_workday_timetable.py took 4.015 seconds
[2024-10-13T20:46:25.033-0400] {processor.py:186} INFO - Started process (PID=39810) to work on /Users/karenwang/anaconda3/envs/airflow_sqlite_env/lib/python3.9/site-packages/airflow/example_dags/example_workday_timetable.py
[2024-10-13T20:46:25.034-0400] {processor.py:914} INFO - Processing file /Users/karenwang/anaconda3/envs/airflow_sqlite_env/lib/python3.9/site-packages/airflow/example_dags/example_workday_timetable.py for tasks to queue
[2024-10-13T20:46:25.035-0400] {logging_mixin.py:190} INFO - [2024-10-13T20:46:25.035-0400] {dagbag.py:588} INFO - Filling up the DagBag from /Users/karenwang/anaconda3/envs/airflow_sqlite_env/lib/python3.9/site-packages/airflow/example_dags/example_workday_timetable.py
[2024-10-13T20:46:28.458-0400] {logging_mixin.py:190} INFO - [2024-10-13T20:46:28.458-0400] {utils.py:148} INFO - Note: NumExpr detected 16 cores but "NUMEXPR_MAX_THREADS" not set, so enforcing safe limit of 8.
[2024-10-13T20:46:28.458-0400] {logging_mixin.py:190} INFO - [2024-10-13T20:46:28.458-0400] {utils.py:160} INFO - NumExpr defaulting to 8 threads.
[2024-10-13T20:46:28.715-0400] {processor.py:925} INFO - DAG(s) 'example_workday_timetable' retrieved from /Users/karenwang/anaconda3/envs/airflow_sqlite_env/lib/python3.9/site-packages/airflow/example_dags/example_workday_timetable.py
[2024-10-13T20:46:28.954-0400] {logging_mixin.py:190} INFO - [2024-10-13T20:46:28.953-0400] {dag.py:3239} INFO - Sync 1 DAGs
[2024-10-13T20:46:29.024-0400] {logging_mixin.py:190} INFO - [2024-10-13T20:46:29.024-0400] {dag.py:4180} INFO - Setting next_dagrun for example_workday_timetable to 2021-01-04 00:00:00+00:00, run_after=2021-01-05 00:00:00+00:00
[2024-10-13T20:46:29.044-0400] {processor.py:208} INFO - Processing /Users/karenwang/anaconda3/envs/airflow_sqlite_env/lib/python3.9/site-packages/airflow/example_dags/example_workday_timetable.py took 4.017 seconds
[2024-10-13T20:50:04.734-0400] {processor.py:186} INFO - Started process (PID=40958) to work on /Users/karenwang/anaconda3/envs/airflow_sqlite_env/lib/python3.9/site-packages/airflow/example_dags/example_workday_timetable.py
[2024-10-13T20:50:04.735-0400] {processor.py:914} INFO - Processing file /Users/karenwang/anaconda3/envs/airflow_sqlite_env/lib/python3.9/site-packages/airflow/example_dags/example_workday_timetable.py for tasks to queue
[2024-10-13T20:50:04.737-0400] {logging_mixin.py:190} INFO - [2024-10-13T20:50:04.736-0400] {dagbag.py:588} INFO - Filling up the DagBag from /Users/karenwang/anaconda3/envs/airflow_sqlite_env/lib/python3.9/site-packages/airflow/example_dags/example_workday_timetable.py
[2024-10-13T20:50:08.181-0400] {logging_mixin.py:190} INFO - [2024-10-13T20:50:08.181-0400] {utils.py:148} INFO - Note: NumExpr detected 16 cores but "NUMEXPR_MAX_THREADS" not set, so enforcing safe limit of 8.
[2024-10-13T20:50:08.182-0400] {logging_mixin.py:190} INFO - [2024-10-13T20:50:08.181-0400] {utils.py:160} INFO - NumExpr defaulting to 8 threads.
[2024-10-13T20:50:08.470-0400] {processor.py:925} INFO - DAG(s) 'example_workday_timetable' retrieved from /Users/karenwang/anaconda3/envs/airflow_sqlite_env/lib/python3.9/site-packages/airflow/example_dags/example_workday_timetable.py
[2024-10-13T20:50:08.678-0400] {logging_mixin.py:190} INFO - [2024-10-13T20:50:08.677-0400] {dag.py:3239} INFO - Sync 1 DAGs
[2024-10-13T20:50:08.752-0400] {logging_mixin.py:190} INFO - [2024-10-13T20:50:08.751-0400] {dag.py:4180} INFO - Setting next_dagrun for example_workday_timetable to 2021-01-04 00:00:00+00:00, run_after=2021-01-05 00:00:00+00:00
[2024-10-13T20:50:08.777-0400] {processor.py:208} INFO - Processing /Users/karenwang/anaconda3/envs/airflow_sqlite_env/lib/python3.9/site-packages/airflow/example_dags/example_workday_timetable.py took 4.048 seconds
[2024-10-13T20:53:43.143-0400] {processor.py:186} INFO - Started process (PID=42097) to work on /Users/karenwang/anaconda3/envs/airflow_sqlite_env/lib/python3.9/site-packages/airflow/example_dags/example_workday_timetable.py
[2024-10-13T20:53:43.145-0400] {processor.py:914} INFO - Processing file /Users/karenwang/anaconda3/envs/airflow_sqlite_env/lib/python3.9/site-packages/airflow/example_dags/example_workday_timetable.py for tasks to queue
[2024-10-13T20:53:43.146-0400] {logging_mixin.py:190} INFO - [2024-10-13T20:53:43.146-0400] {dagbag.py:588} INFO - Filling up the DagBag from /Users/karenwang/anaconda3/envs/airflow_sqlite_env/lib/python3.9/site-packages/airflow/example_dags/example_workday_timetable.py
[2024-10-13T20:53:46.681-0400] {logging_mixin.py:190} INFO - [2024-10-13T20:53:46.681-0400] {utils.py:148} INFO - Note: NumExpr detected 16 cores but "NUMEXPR_MAX_THREADS" not set, so enforcing safe limit of 8.
[2024-10-13T20:53:46.682-0400] {logging_mixin.py:190} INFO - [2024-10-13T20:53:46.681-0400] {utils.py:160} INFO - NumExpr defaulting to 8 threads.
[2024-10-13T20:53:46.948-0400] {processor.py:925} INFO - DAG(s) 'example_workday_timetable' retrieved from /Users/karenwang/anaconda3/envs/airflow_sqlite_env/lib/python3.9/site-packages/airflow/example_dags/example_workday_timetable.py
[2024-10-13T20:53:47.148-0400] {logging_mixin.py:190} INFO - [2024-10-13T20:53:47.148-0400] {dag.py:3239} INFO - Sync 1 DAGs
[2024-10-13T20:53:47.212-0400] {logging_mixin.py:190} INFO - [2024-10-13T20:53:47.212-0400] {dag.py:4180} INFO - Setting next_dagrun for example_workday_timetable to 2021-01-04 00:00:00+00:00, run_after=2021-01-05 00:00:00+00:00
[2024-10-13T20:53:47.235-0400] {processor.py:208} INFO - Processing /Users/karenwang/anaconda3/envs/airflow_sqlite_env/lib/python3.9/site-packages/airflow/example_dags/example_workday_timetable.py took 4.098 seconds
[2024-10-13T20:57:24.599-0400] {processor.py:186} INFO - Started process (PID=43242) to work on /Users/karenwang/anaconda3/envs/airflow_sqlite_env/lib/python3.9/site-packages/airflow/example_dags/example_workday_timetable.py
[2024-10-13T20:57:24.600-0400] {processor.py:914} INFO - Processing file /Users/karenwang/anaconda3/envs/airflow_sqlite_env/lib/python3.9/site-packages/airflow/example_dags/example_workday_timetable.py for tasks to queue
[2024-10-13T20:57:24.601-0400] {logging_mixin.py:190} INFO - [2024-10-13T20:57:24.601-0400] {dagbag.py:588} INFO - Filling up the DagBag from /Users/karenwang/anaconda3/envs/airflow_sqlite_env/lib/python3.9/site-packages/airflow/example_dags/example_workday_timetable.py
[2024-10-13T20:57:28.146-0400] {logging_mixin.py:190} INFO - [2024-10-13T20:57:28.145-0400] {utils.py:148} INFO - Note: NumExpr detected 16 cores but "NUMEXPR_MAX_THREADS" not set, so enforcing safe limit of 8.
[2024-10-13T20:57:28.146-0400] {logging_mixin.py:190} INFO - [2024-10-13T20:57:28.146-0400] {utils.py:160} INFO - NumExpr defaulting to 8 threads.
[2024-10-13T20:57:28.430-0400] {processor.py:925} INFO - DAG(s) 'example_workday_timetable' retrieved from /Users/karenwang/anaconda3/envs/airflow_sqlite_env/lib/python3.9/site-packages/airflow/example_dags/example_workday_timetable.py
[2024-10-13T20:57:28.640-0400] {logging_mixin.py:190} INFO - [2024-10-13T20:57:28.640-0400] {dag.py:3239} INFO - Sync 1 DAGs
[2024-10-13T20:57:28.708-0400] {logging_mixin.py:190} INFO - [2024-10-13T20:57:28.708-0400] {dag.py:4180} INFO - Setting next_dagrun for example_workday_timetable to 2021-01-04 00:00:00+00:00, run_after=2021-01-05 00:00:00+00:00
[2024-10-13T20:57:28.730-0400] {processor.py:208} INFO - Processing /Users/karenwang/anaconda3/envs/airflow_sqlite_env/lib/python3.9/site-packages/airflow/example_dags/example_workday_timetable.py took 4.136 seconds
[2024-10-13T21:01:04.210-0400] {processor.py:186} INFO - Started process (PID=44368) to work on /Users/karenwang/anaconda3/envs/airflow_sqlite_env/lib/python3.9/site-packages/airflow/example_dags/example_workday_timetable.py
[2024-10-13T21:01:04.211-0400] {processor.py:914} INFO - Processing file /Users/karenwang/anaconda3/envs/airflow_sqlite_env/lib/python3.9/site-packages/airflow/example_dags/example_workday_timetable.py for tasks to queue
[2024-10-13T21:01:04.212-0400] {logging_mixin.py:190} INFO - [2024-10-13T21:01:04.212-0400] {dagbag.py:588} INFO - Filling up the DagBag from /Users/karenwang/anaconda3/envs/airflow_sqlite_env/lib/python3.9/site-packages/airflow/example_dags/example_workday_timetable.py
[2024-10-13T21:01:07.710-0400] {logging_mixin.py:190} INFO - [2024-10-13T21:01:07.709-0400] {utils.py:148} INFO - Note: NumExpr detected 16 cores but "NUMEXPR_MAX_THREADS" not set, so enforcing safe limit of 8.
[2024-10-13T21:01:07.710-0400] {logging_mixin.py:190} INFO - [2024-10-13T21:01:07.710-0400] {utils.py:160} INFO - NumExpr defaulting to 8 threads.
[2024-10-13T21:01:07.970-0400] {processor.py:925} INFO - DAG(s) 'example_workday_timetable' retrieved from /Users/karenwang/anaconda3/envs/airflow_sqlite_env/lib/python3.9/site-packages/airflow/example_dags/example_workday_timetable.py
[2024-10-13T21:01:08.192-0400] {logging_mixin.py:190} INFO - [2024-10-13T21:01:08.192-0400] {dag.py:3239} INFO - Sync 1 DAGs
[2024-10-13T21:01:08.262-0400] {logging_mixin.py:190} INFO - [2024-10-13T21:01:08.262-0400] {dag.py:4180} INFO - Setting next_dagrun for example_workday_timetable to 2021-01-04 00:00:00+00:00, run_after=2021-01-05 00:00:00+00:00
[2024-10-13T21:01:08.283-0400] {processor.py:208} INFO - Processing /Users/karenwang/anaconda3/envs/airflow_sqlite_env/lib/python3.9/site-packages/airflow/example_dags/example_workday_timetable.py took 4.079 seconds
[2024-10-13T21:04:44.089-0400] {processor.py:186} INFO - Started process (PID=45514) to work on /Users/karenwang/anaconda3/envs/airflow_sqlite_env/lib/python3.9/site-packages/airflow/example_dags/example_workday_timetable.py
[2024-10-13T21:04:44.091-0400] {processor.py:914} INFO - Processing file /Users/karenwang/anaconda3/envs/airflow_sqlite_env/lib/python3.9/site-packages/airflow/example_dags/example_workday_timetable.py for tasks to queue
[2024-10-13T21:04:44.092-0400] {logging_mixin.py:190} INFO - [2024-10-13T21:04:44.092-0400] {dagbag.py:588} INFO - Filling up the DagBag from /Users/karenwang/anaconda3/envs/airflow_sqlite_env/lib/python3.9/site-packages/airflow/example_dags/example_workday_timetable.py
[2024-10-13T21:04:47.611-0400] {logging_mixin.py:190} INFO - [2024-10-13T21:04:47.610-0400] {utils.py:148} INFO - Note: NumExpr detected 16 cores but "NUMEXPR_MAX_THREADS" not set, so enforcing safe limit of 8.
[2024-10-13T21:04:47.611-0400] {logging_mixin.py:190} INFO - [2024-10-13T21:04:47.611-0400] {utils.py:160} INFO - NumExpr defaulting to 8 threads.
[2024-10-13T21:04:47.886-0400] {processor.py:925} INFO - DAG(s) 'example_workday_timetable' retrieved from /Users/karenwang/anaconda3/envs/airflow_sqlite_env/lib/python3.9/site-packages/airflow/example_dags/example_workday_timetable.py
[2024-10-13T21:04:48.111-0400] {logging_mixin.py:190} INFO - [2024-10-13T21:04:48.111-0400] {dag.py:3239} INFO - Sync 1 DAGs
[2024-10-13T21:04:48.170-0400] {logging_mixin.py:190} INFO - [2024-10-13T21:04:48.170-0400] {dag.py:4180} INFO - Setting next_dagrun for example_workday_timetable to 2021-01-04 00:00:00+00:00, run_after=2021-01-05 00:00:00+00:00
[2024-10-13T21:04:48.189-0400] {processor.py:208} INFO - Processing /Users/karenwang/anaconda3/envs/airflow_sqlite_env/lib/python3.9/site-packages/airflow/example_dags/example_workday_timetable.py took 4.106 seconds
[2024-10-13T21:10:08.603-0400] {processor.py:186} INFO - Started process (PID=47278) to work on /Users/karenwang/anaconda3/envs/airflow_sqlite_env/lib/python3.9/site-packages/airflow/example_dags/example_workday_timetable.py
[2024-10-13T21:10:08.604-0400] {processor.py:914} INFO - Processing file /Users/karenwang/anaconda3/envs/airflow_sqlite_env/lib/python3.9/site-packages/airflow/example_dags/example_workday_timetable.py for tasks to queue
[2024-10-13T21:10:08.606-0400] {logging_mixin.py:190} INFO - [2024-10-13T21:10:08.606-0400] {dagbag.py:588} INFO - Filling up the DagBag from /Users/karenwang/anaconda3/envs/airflow_sqlite_env/lib/python3.9/site-packages/airflow/example_dags/example_workday_timetable.py
[2024-10-13T21:10:12.362-0400] {logging_mixin.py:190} INFO - [2024-10-13T21:10:12.361-0400] {utils.py:148} INFO - Note: NumExpr detected 16 cores but "NUMEXPR_MAX_THREADS" not set, so enforcing safe limit of 8.
[2024-10-13T21:10:12.362-0400] {logging_mixin.py:190} INFO - [2024-10-13T21:10:12.362-0400] {utils.py:160} INFO - NumExpr defaulting to 8 threads.
[2024-10-13T21:10:12.680-0400] {processor.py:925} INFO - DAG(s) 'example_workday_timetable' retrieved from /Users/karenwang/anaconda3/envs/airflow_sqlite_env/lib/python3.9/site-packages/airflow/example_dags/example_workday_timetable.py
[2024-10-13T21:10:12.956-0400] {logging_mixin.py:190} INFO - [2024-10-13T21:10:12.955-0400] {dag.py:3239} INFO - Sync 1 DAGs
[2024-10-13T21:10:13.021-0400] {logging_mixin.py:190} INFO - [2024-10-13T21:10:13.020-0400] {dag.py:4180} INFO - Setting next_dagrun for example_workday_timetable to 2021-01-04 00:00:00+00:00, run_after=2021-01-05 00:00:00+00:00
[2024-10-13T21:10:13.047-0400] {processor.py:208} INFO - Processing /Users/karenwang/anaconda3/envs/airflow_sqlite_env/lib/python3.9/site-packages/airflow/example_dags/example_workday_timetable.py took 4.450 seconds
[2024-10-13T21:14:38.100-0400] {processor.py:186} INFO - Started process (PID=48672) to work on /Users/karenwang/anaconda3/envs/airflow_sqlite_env/lib/python3.9/site-packages/airflow/example_dags/example_workday_timetable.py
[2024-10-13T21:14:38.101-0400] {processor.py:914} INFO - Processing file /Users/karenwang/anaconda3/envs/airflow_sqlite_env/lib/python3.9/site-packages/airflow/example_dags/example_workday_timetable.py for tasks to queue
[2024-10-13T21:14:38.103-0400] {logging_mixin.py:190} INFO - [2024-10-13T21:14:38.103-0400] {dagbag.py:588} INFO - Filling up the DagBag from /Users/karenwang/anaconda3/envs/airflow_sqlite_env/lib/python3.9/site-packages/airflow/example_dags/example_workday_timetable.py
[2024-10-13T21:14:42.972-0400] {logging_mixin.py:190} INFO - [2024-10-13T21:14:42.971-0400] {utils.py:148} INFO - Note: NumExpr detected 16 cores but "NUMEXPR_MAX_THREADS" not set, so enforcing safe limit of 8.
[2024-10-13T21:14:42.986-0400] {logging_mixin.py:190} INFO - [2024-10-13T21:14:42.985-0400] {utils.py:160} INFO - NumExpr defaulting to 8 threads.
[2024-10-13T21:14:43.523-0400] {processor.py:925} INFO - DAG(s) 'example_workday_timetable' retrieved from /Users/karenwang/anaconda3/envs/airflow_sqlite_env/lib/python3.9/site-packages/airflow/example_dags/example_workday_timetable.py
[2024-10-13T21:14:43.956-0400] {logging_mixin.py:190} INFO - [2024-10-13T21:14:43.955-0400] {dag.py:3239} INFO - Sync 1 DAGs
[2024-10-13T21:14:44.071-0400] {logging_mixin.py:190} INFO - [2024-10-13T21:14:44.070-0400] {dag.py:4180} INFO - Setting next_dagrun for example_workday_timetable to 2021-01-04 00:00:00+00:00, run_after=2021-01-05 00:00:00+00:00
[2024-10-13T21:14:44.102-0400] {processor.py:208} INFO - Processing /Users/karenwang/anaconda3/envs/airflow_sqlite_env/lib/python3.9/site-packages/airflow/example_dags/example_workday_timetable.py took 6.009 seconds
[2024-10-13T21:18:35.026-0400] {processor.py:186} INFO - Started process (PID=50127) to work on /Users/karenwang/anaconda3/envs/airflow_sqlite_env/lib/python3.9/site-packages/airflow/example_dags/example_workday_timetable.py
[2024-10-13T21:18:35.027-0400] {processor.py:914} INFO - Processing file /Users/karenwang/anaconda3/envs/airflow_sqlite_env/lib/python3.9/site-packages/airflow/example_dags/example_workday_timetable.py for tasks to queue
[2024-10-13T21:18:35.029-0400] {logging_mixin.py:190} INFO - [2024-10-13T21:18:35.029-0400] {dagbag.py:588} INFO - Filling up the DagBag from /Users/karenwang/anaconda3/envs/airflow_sqlite_env/lib/python3.9/site-packages/airflow/example_dags/example_workday_timetable.py
[2024-10-13T21:18:38.739-0400] {logging_mixin.py:190} INFO - [2024-10-13T21:18:38.739-0400] {utils.py:148} INFO - Note: NumExpr detected 16 cores but "NUMEXPR_MAX_THREADS" not set, so enforcing safe limit of 8.
[2024-10-13T21:18:38.739-0400] {logging_mixin.py:190} INFO - [2024-10-13T21:18:38.739-0400] {utils.py:160} INFO - NumExpr defaulting to 8 threads.
[2024-10-13T21:18:39.005-0400] {processor.py:925} INFO - DAG(s) 'example_workday_timetable' retrieved from /Users/karenwang/anaconda3/envs/airflow_sqlite_env/lib/python3.9/site-packages/airflow/example_dags/example_workday_timetable.py
[2024-10-13T21:18:39.241-0400] {logging_mixin.py:190} INFO - [2024-10-13T21:18:39.240-0400] {dag.py:3239} INFO - Sync 1 DAGs
[2024-10-13T21:18:39.314-0400] {logging_mixin.py:190} INFO - [2024-10-13T21:18:39.314-0400] {dag.py:4180} INFO - Setting next_dagrun for example_workday_timetable to 2021-01-04 00:00:00+00:00, run_after=2021-01-05 00:00:00+00:00
[2024-10-13T21:18:39.340-0400] {processor.py:208} INFO - Processing /Users/karenwang/anaconda3/envs/airflow_sqlite_env/lib/python3.9/site-packages/airflow/example_dags/example_workday_timetable.py took 4.321 seconds
[2024-10-13T21:22:15.002-0400] {processor.py:186} INFO - Started process (PID=51258) to work on /Users/karenwang/anaconda3/envs/airflow_sqlite_env/lib/python3.9/site-packages/airflow/example_dags/example_workday_timetable.py
[2024-10-13T21:22:15.004-0400] {processor.py:914} INFO - Processing file /Users/karenwang/anaconda3/envs/airflow_sqlite_env/lib/python3.9/site-packages/airflow/example_dags/example_workday_timetable.py for tasks to queue
[2024-10-13T21:22:15.005-0400] {logging_mixin.py:190} INFO - [2024-10-13T21:22:15.005-0400] {dagbag.py:588} INFO - Filling up the DagBag from /Users/karenwang/anaconda3/envs/airflow_sqlite_env/lib/python3.9/site-packages/airflow/example_dags/example_workday_timetable.py
[2024-10-13T21:22:18.610-0400] {logging_mixin.py:190} INFO - [2024-10-13T21:22:18.609-0400] {utils.py:148} INFO - Note: NumExpr detected 16 cores but "NUMEXPR_MAX_THREADS" not set, so enforcing safe limit of 8.
[2024-10-13T21:22:18.610-0400] {logging_mixin.py:190} INFO - [2024-10-13T21:22:18.610-0400] {utils.py:160} INFO - NumExpr defaulting to 8 threads.
[2024-10-13T21:22:18.910-0400] {processor.py:925} INFO - DAG(s) 'example_workday_timetable' retrieved from /Users/karenwang/anaconda3/envs/airflow_sqlite_env/lib/python3.9/site-packages/airflow/example_dags/example_workday_timetable.py
[2024-10-13T21:22:19.164-0400] {logging_mixin.py:190} INFO - [2024-10-13T21:22:19.163-0400] {dag.py:3239} INFO - Sync 1 DAGs
[2024-10-13T21:22:19.239-0400] {logging_mixin.py:190} INFO - [2024-10-13T21:22:19.239-0400] {dag.py:4180} INFO - Setting next_dagrun for example_workday_timetable to 2021-01-04 00:00:00+00:00, run_after=2021-01-05 00:00:00+00:00
[2024-10-13T21:22:19.264-0400] {processor.py:208} INFO - Processing /Users/karenwang/anaconda3/envs/airflow_sqlite_env/lib/python3.9/site-packages/airflow/example_dags/example_workday_timetable.py took 4.268 seconds
[2024-10-13T21:25:55.618-0400] {processor.py:186} INFO - Started process (PID=52395) to work on /Users/karenwang/anaconda3/envs/airflow_sqlite_env/lib/python3.9/site-packages/airflow/example_dags/example_workday_timetable.py
[2024-10-13T21:25:55.620-0400] {processor.py:914} INFO - Processing file /Users/karenwang/anaconda3/envs/airflow_sqlite_env/lib/python3.9/site-packages/airflow/example_dags/example_workday_timetable.py for tasks to queue
[2024-10-13T21:25:55.622-0400] {logging_mixin.py:190} INFO - [2024-10-13T21:25:55.621-0400] {dagbag.py:588} INFO - Filling up the DagBag from /Users/karenwang/anaconda3/envs/airflow_sqlite_env/lib/python3.9/site-packages/airflow/example_dags/example_workday_timetable.py
[2024-10-13T21:25:59.168-0400] {logging_mixin.py:190} INFO - [2024-10-13T21:25:59.168-0400] {utils.py:148} INFO - Note: NumExpr detected 16 cores but "NUMEXPR_MAX_THREADS" not set, so enforcing safe limit of 8.
[2024-10-13T21:25:59.168-0400] {logging_mixin.py:190} INFO - [2024-10-13T21:25:59.168-0400] {utils.py:160} INFO - NumExpr defaulting to 8 threads.
[2024-10-13T21:25:59.426-0400] {processor.py:925} INFO - DAG(s) 'example_workday_timetable' retrieved from /Users/karenwang/anaconda3/envs/airflow_sqlite_env/lib/python3.9/site-packages/airflow/example_dags/example_workday_timetable.py
[2024-10-13T21:25:59.662-0400] {logging_mixin.py:190} INFO - [2024-10-13T21:25:59.661-0400] {dag.py:3239} INFO - Sync 1 DAGs
[2024-10-13T21:25:59.729-0400] {logging_mixin.py:190} INFO - [2024-10-13T21:25:59.729-0400] {dag.py:4180} INFO - Setting next_dagrun for example_workday_timetable to 2021-01-04 00:00:00+00:00, run_after=2021-01-05 00:00:00+00:00
[2024-10-13T21:25:59.753-0400] {processor.py:208} INFO - Processing /Users/karenwang/anaconda3/envs/airflow_sqlite_env/lib/python3.9/site-packages/airflow/example_dags/example_workday_timetable.py took 4.141 seconds
[2024-10-13T21:29:45.357-0400] {processor.py:186} INFO - Started process (PID=53604) to work on /Users/karenwang/anaconda3/envs/airflow_sqlite_env/lib/python3.9/site-packages/airflow/example_dags/example_workday_timetable.py
[2024-10-13T21:29:45.359-0400] {processor.py:914} INFO - Processing file /Users/karenwang/anaconda3/envs/airflow_sqlite_env/lib/python3.9/site-packages/airflow/example_dags/example_workday_timetable.py for tasks to queue
[2024-10-13T21:29:45.361-0400] {logging_mixin.py:190} INFO - [2024-10-13T21:29:45.360-0400] {dagbag.py:588} INFO - Filling up the DagBag from /Users/karenwang/anaconda3/envs/airflow_sqlite_env/lib/python3.9/site-packages/airflow/example_dags/example_workday_timetable.py
[2024-10-13T21:29:49.062-0400] {logging_mixin.py:190} INFO - [2024-10-13T21:29:49.062-0400] {utils.py:148} INFO - Note: NumExpr detected 16 cores but "NUMEXPR_MAX_THREADS" not set, so enforcing safe limit of 8.
[2024-10-13T21:29:49.063-0400] {logging_mixin.py:190} INFO - [2024-10-13T21:29:49.062-0400] {utils.py:160} INFO - NumExpr defaulting to 8 threads.
[2024-10-13T21:29:49.333-0400] {processor.py:925} INFO - DAG(s) 'example_workday_timetable' retrieved from /Users/karenwang/anaconda3/envs/airflow_sqlite_env/lib/python3.9/site-packages/airflow/example_dags/example_workday_timetable.py
[2024-10-13T21:29:49.584-0400] {logging_mixin.py:190} INFO - [2024-10-13T21:29:49.584-0400] {dag.py:3239} INFO - Sync 1 DAGs
[2024-10-13T21:29:49.663-0400] {logging_mixin.py:190} INFO - [2024-10-13T21:29:49.663-0400] {dag.py:4180} INFO - Setting next_dagrun for example_workday_timetable to 2021-01-04 00:00:00+00:00, run_after=2021-01-05 00:00:00+00:00
[2024-10-13T21:29:49.687-0400] {processor.py:208} INFO - Processing /Users/karenwang/anaconda3/envs/airflow_sqlite_env/lib/python3.9/site-packages/airflow/example_dags/example_workday_timetable.py took 4.336 seconds
[2024-10-13T21:33:44.596-0400] {processor.py:186} INFO - Started process (PID=54838) to work on /Users/karenwang/anaconda3/envs/airflow_sqlite_env/lib/python3.9/site-packages/airflow/example_dags/example_workday_timetable.py
[2024-10-13T21:33:44.597-0400] {processor.py:914} INFO - Processing file /Users/karenwang/anaconda3/envs/airflow_sqlite_env/lib/python3.9/site-packages/airflow/example_dags/example_workday_timetable.py for tasks to queue
[2024-10-13T21:33:44.599-0400] {logging_mixin.py:190} INFO - [2024-10-13T21:33:44.598-0400] {dagbag.py:588} INFO - Filling up the DagBag from /Users/karenwang/anaconda3/envs/airflow_sqlite_env/lib/python3.9/site-packages/airflow/example_dags/example_workday_timetable.py
[2024-10-13T21:33:48.461-0400] {logging_mixin.py:190} INFO - [2024-10-13T21:33:48.460-0400] {utils.py:148} INFO - Note: NumExpr detected 16 cores but "NUMEXPR_MAX_THREADS" not set, so enforcing safe limit of 8.
[2024-10-13T21:33:48.461-0400] {logging_mixin.py:190} INFO - [2024-10-13T21:33:48.461-0400] {utils.py:160} INFO - NumExpr defaulting to 8 threads.
[2024-10-13T21:33:48.761-0400] {processor.py:925} INFO - DAG(s) 'example_workday_timetable' retrieved from /Users/karenwang/anaconda3/envs/airflow_sqlite_env/lib/python3.9/site-packages/airflow/example_dags/example_workday_timetable.py
[2024-10-13T21:33:49.012-0400] {logging_mixin.py:190} INFO - [2024-10-13T21:33:49.011-0400] {dag.py:3239} INFO - Sync 1 DAGs
[2024-10-13T21:33:49.088-0400] {logging_mixin.py:190} INFO - [2024-10-13T21:33:49.087-0400] {dag.py:4180} INFO - Setting next_dagrun for example_workday_timetable to 2021-01-04 00:00:00+00:00, run_after=2021-01-05 00:00:00+00:00
[2024-10-13T21:33:49.115-0400] {processor.py:208} INFO - Processing /Users/karenwang/anaconda3/envs/airflow_sqlite_env/lib/python3.9/site-packages/airflow/example_dags/example_workday_timetable.py took 4.525 seconds
[2024-10-13T21:37:36.892-0400] {processor.py:186} INFO - Started process (PID=56075) to work on /Users/karenwang/anaconda3/envs/airflow_sqlite_env/lib/python3.9/site-packages/airflow/example_dags/example_workday_timetable.py
[2024-10-13T21:37:36.894-0400] {processor.py:914} INFO - Processing file /Users/karenwang/anaconda3/envs/airflow_sqlite_env/lib/python3.9/site-packages/airflow/example_dags/example_workday_timetable.py for tasks to queue
[2024-10-13T21:37:36.896-0400] {logging_mixin.py:190} INFO - [2024-10-13T21:37:36.895-0400] {dagbag.py:588} INFO - Filling up the DagBag from /Users/karenwang/anaconda3/envs/airflow_sqlite_env/lib/python3.9/site-packages/airflow/example_dags/example_workday_timetable.py
[2024-10-13T21:37:40.727-0400] {logging_mixin.py:190} INFO - [2024-10-13T21:37:40.726-0400] {utils.py:148} INFO - Note: NumExpr detected 16 cores but "NUMEXPR_MAX_THREADS" not set, so enforcing safe limit of 8.
[2024-10-13T21:37:40.727-0400] {logging_mixin.py:190} INFO - [2024-10-13T21:37:40.727-0400] {utils.py:160} INFO - NumExpr defaulting to 8 threads.
[2024-10-13T21:37:41.060-0400] {processor.py:925} INFO - DAG(s) 'example_workday_timetable' retrieved from /Users/karenwang/anaconda3/envs/airflow_sqlite_env/lib/python3.9/site-packages/airflow/example_dags/example_workday_timetable.py
[2024-10-13T21:37:41.305-0400] {logging_mixin.py:190} INFO - [2024-10-13T21:37:41.304-0400] {dag.py:3239} INFO - Sync 1 DAGs
[2024-10-13T21:37:41.379-0400] {logging_mixin.py:190} INFO - [2024-10-13T21:37:41.378-0400] {dag.py:4180} INFO - Setting next_dagrun for example_workday_timetable to 2021-01-04 00:00:00+00:00, run_after=2021-01-05 00:00:00+00:00
[2024-10-13T21:37:41.402-0400] {processor.py:208} INFO - Processing /Users/karenwang/anaconda3/envs/airflow_sqlite_env/lib/python3.9/site-packages/airflow/example_dags/example_workday_timetable.py took 4.516 seconds
[2024-10-13T21:41:32.337-0400] {processor.py:186} INFO - Started process (PID=57288) to work on /Users/karenwang/anaconda3/envs/airflow_sqlite_env/lib/python3.9/site-packages/airflow/example_dags/example_workday_timetable.py
[2024-10-13T21:41:32.338-0400] {processor.py:914} INFO - Processing file /Users/karenwang/anaconda3/envs/airflow_sqlite_env/lib/python3.9/site-packages/airflow/example_dags/example_workday_timetable.py for tasks to queue
[2024-10-13T21:41:32.339-0400] {logging_mixin.py:190} INFO - [2024-10-13T21:41:32.339-0400] {dagbag.py:588} INFO - Filling up the DagBag from /Users/karenwang/anaconda3/envs/airflow_sqlite_env/lib/python3.9/site-packages/airflow/example_dags/example_workday_timetable.py
[2024-10-13T21:41:36.145-0400] {logging_mixin.py:190} INFO - [2024-10-13T21:41:36.145-0400] {utils.py:148} INFO - Note: NumExpr detected 16 cores but "NUMEXPR_MAX_THREADS" not set, so enforcing safe limit of 8.
[2024-10-13T21:41:36.145-0400] {logging_mixin.py:190} INFO - [2024-10-13T21:41:36.145-0400] {utils.py:160} INFO - NumExpr defaulting to 8 threads.
[2024-10-13T21:41:36.452-0400] {processor.py:925} INFO - DAG(s) 'example_workday_timetable' retrieved from /Users/karenwang/anaconda3/envs/airflow_sqlite_env/lib/python3.9/site-packages/airflow/example_dags/example_workday_timetable.py
[2024-10-13T21:41:36.714-0400] {logging_mixin.py:190} INFO - [2024-10-13T21:41:36.713-0400] {dag.py:3239} INFO - Sync 1 DAGs
[2024-10-13T21:41:36.787-0400] {logging_mixin.py:190} INFO - [2024-10-13T21:41:36.787-0400] {dag.py:4180} INFO - Setting next_dagrun for example_workday_timetable to 2021-01-04 00:00:00+00:00, run_after=2021-01-05 00:00:00+00:00
[2024-10-13T21:41:36.810-0400] {processor.py:208} INFO - Processing /Users/karenwang/anaconda3/envs/airflow_sqlite_env/lib/python3.9/site-packages/airflow/example_dags/example_workday_timetable.py took 4.480 seconds
[2024-10-13T21:45:23.622-0400] {processor.py:186} INFO - Started process (PID=58467) to work on /Users/karenwang/anaconda3/envs/airflow_sqlite_env/lib/python3.9/site-packages/airflow/example_dags/example_workday_timetable.py
[2024-10-13T21:45:23.623-0400] {processor.py:914} INFO - Processing file /Users/karenwang/anaconda3/envs/airflow_sqlite_env/lib/python3.9/site-packages/airflow/example_dags/example_workday_timetable.py for tasks to queue
[2024-10-13T21:45:23.625-0400] {logging_mixin.py:190} INFO - [2024-10-13T21:45:23.625-0400] {dagbag.py:588} INFO - Filling up the DagBag from /Users/karenwang/anaconda3/envs/airflow_sqlite_env/lib/python3.9/site-packages/airflow/example_dags/example_workday_timetable.py
[2024-10-13T21:45:27.550-0400] {logging_mixin.py:190} INFO - [2024-10-13T21:45:27.550-0400] {utils.py:148} INFO - Note: NumExpr detected 16 cores but "NUMEXPR_MAX_THREADS" not set, so enforcing safe limit of 8.
[2024-10-13T21:45:27.551-0400] {logging_mixin.py:190} INFO - [2024-10-13T21:45:27.550-0400] {utils.py:160} INFO - NumExpr defaulting to 8 threads.
[2024-10-13T21:45:27.882-0400] {processor.py:925} INFO - DAG(s) 'example_workday_timetable' retrieved from /Users/karenwang/anaconda3/envs/airflow_sqlite_env/lib/python3.9/site-packages/airflow/example_dags/example_workday_timetable.py
[2024-10-13T21:45:28.141-0400] {logging_mixin.py:190} INFO - [2024-10-13T21:45:28.140-0400] {dag.py:3239} INFO - Sync 1 DAGs
[2024-10-13T21:45:28.214-0400] {logging_mixin.py:190} INFO - [2024-10-13T21:45:28.214-0400] {dag.py:4180} INFO - Setting next_dagrun for example_workday_timetable to 2021-01-04 00:00:00+00:00, run_after=2021-01-05 00:00:00+00:00
[2024-10-13T21:45:28.238-0400] {processor.py:208} INFO - Processing /Users/karenwang/anaconda3/envs/airflow_sqlite_env/lib/python3.9/site-packages/airflow/example_dags/example_workday_timetable.py took 4.621 seconds
[2024-10-13T21:49:25.271-0400] {processor.py:186} INFO - Started process (PID=59746) to work on /Users/karenwang/anaconda3/envs/airflow_sqlite_env/lib/python3.9/site-packages/airflow/example_dags/example_workday_timetable.py
[2024-10-13T21:49:25.272-0400] {processor.py:914} INFO - Processing file /Users/karenwang/anaconda3/envs/airflow_sqlite_env/lib/python3.9/site-packages/airflow/example_dags/example_workday_timetable.py for tasks to queue
[2024-10-13T21:49:25.274-0400] {logging_mixin.py:190} INFO - [2024-10-13T21:49:25.274-0400] {dagbag.py:588} INFO - Filling up the DagBag from /Users/karenwang/anaconda3/envs/airflow_sqlite_env/lib/python3.9/site-packages/airflow/example_dags/example_workday_timetable.py
[2024-10-13T21:49:29.006-0400] {logging_mixin.py:190} INFO - [2024-10-13T21:49:29.005-0400] {utils.py:148} INFO - Note: NumExpr detected 16 cores but "NUMEXPR_MAX_THREADS" not set, so enforcing safe limit of 8.
[2024-10-13T21:49:29.006-0400] {logging_mixin.py:190} INFO - [2024-10-13T21:49:29.006-0400] {utils.py:160} INFO - NumExpr defaulting to 8 threads.
[2024-10-13T21:49:29.319-0400] {processor.py:925} INFO - DAG(s) 'example_workday_timetable' retrieved from /Users/karenwang/anaconda3/envs/airflow_sqlite_env/lib/python3.9/site-packages/airflow/example_dags/example_workday_timetable.py
[2024-10-13T21:49:29.560-0400] {logging_mixin.py:190} INFO - [2024-10-13T21:49:29.560-0400] {dag.py:3239} INFO - Sync 1 DAGs
[2024-10-13T21:49:29.632-0400] {logging_mixin.py:190} INFO - [2024-10-13T21:49:29.632-0400] {dag.py:4180} INFO - Setting next_dagrun for example_workday_timetable to 2021-01-04 00:00:00+00:00, run_after=2021-01-05 00:00:00+00:00
[2024-10-13T21:49:29.655-0400] {processor.py:208} INFO - Processing /Users/karenwang/anaconda3/envs/airflow_sqlite_env/lib/python3.9/site-packages/airflow/example_dags/example_workday_timetable.py took 4.391 seconds
[2024-10-13T21:53:26.922-0400] {processor.py:186} INFO - Started process (PID=60971) to work on /Users/karenwang/anaconda3/envs/airflow_sqlite_env/lib/python3.9/site-packages/airflow/example_dags/example_workday_timetable.py
[2024-10-13T21:53:26.923-0400] {processor.py:914} INFO - Processing file /Users/karenwang/anaconda3/envs/airflow_sqlite_env/lib/python3.9/site-packages/airflow/example_dags/example_workday_timetable.py for tasks to queue
[2024-10-13T21:53:26.924-0400] {logging_mixin.py:190} INFO - [2024-10-13T21:53:26.924-0400] {dagbag.py:588} INFO - Filling up the DagBag from /Users/karenwang/anaconda3/envs/airflow_sqlite_env/lib/python3.9/site-packages/airflow/example_dags/example_workday_timetable.py
[2024-10-13T21:53:30.847-0400] {logging_mixin.py:190} INFO - [2024-10-13T21:53:30.847-0400] {utils.py:148} INFO - Note: NumExpr detected 16 cores but "NUMEXPR_MAX_THREADS" not set, so enforcing safe limit of 8.
[2024-10-13T21:53:30.847-0400] {logging_mixin.py:190} INFO - [2024-10-13T21:53:30.847-0400] {utils.py:160} INFO - NumExpr defaulting to 8 threads.
[2024-10-13T21:53:31.150-0400] {processor.py:925} INFO - DAG(s) 'example_workday_timetable' retrieved from /Users/karenwang/anaconda3/envs/airflow_sqlite_env/lib/python3.9/site-packages/airflow/example_dags/example_workday_timetable.py
[2024-10-13T21:53:31.398-0400] {logging_mixin.py:190} INFO - [2024-10-13T21:53:31.398-0400] {dag.py:3239} INFO - Sync 1 DAGs
[2024-10-13T21:53:31.481-0400] {logging_mixin.py:190} INFO - [2024-10-13T21:53:31.481-0400] {dag.py:4180} INFO - Setting next_dagrun for example_workday_timetable to 2021-01-04 00:00:00+00:00, run_after=2021-01-05 00:00:00+00:00
[2024-10-13T21:53:31.508-0400] {processor.py:208} INFO - Processing /Users/karenwang/anaconda3/envs/airflow_sqlite_env/lib/python3.9/site-packages/airflow/example_dags/example_workday_timetable.py took 4.592 seconds
[2024-10-13T21:57:26.184-0400] {processor.py:186} INFO - Started process (PID=62221) to work on /Users/karenwang/anaconda3/envs/airflow_sqlite_env/lib/python3.9/site-packages/airflow/example_dags/example_workday_timetable.py
[2024-10-13T21:57:26.186-0400] {processor.py:914} INFO - Processing file /Users/karenwang/anaconda3/envs/airflow_sqlite_env/lib/python3.9/site-packages/airflow/example_dags/example_workday_timetable.py for tasks to queue
[2024-10-13T21:57:26.187-0400] {logging_mixin.py:190} INFO - [2024-10-13T21:57:26.187-0400] {dagbag.py:588} INFO - Filling up the DagBag from /Users/karenwang/anaconda3/envs/airflow_sqlite_env/lib/python3.9/site-packages/airflow/example_dags/example_workday_timetable.py
[2024-10-13T21:57:29.800-0400] {logging_mixin.py:190} INFO - [2024-10-13T21:57:29.800-0400] {utils.py:148} INFO - Note: NumExpr detected 16 cores but "NUMEXPR_MAX_THREADS" not set, so enforcing safe limit of 8.
[2024-10-13T21:57:29.801-0400] {logging_mixin.py:190} INFO - [2024-10-13T21:57:29.801-0400] {utils.py:160} INFO - NumExpr defaulting to 8 threads.
[2024-10-13T21:57:30.066-0400] {processor.py:925} INFO - DAG(s) 'example_workday_timetable' retrieved from /Users/karenwang/anaconda3/envs/airflow_sqlite_env/lib/python3.9/site-packages/airflow/example_dags/example_workday_timetable.py
[2024-10-13T21:57:30.294-0400] {logging_mixin.py:190} INFO - [2024-10-13T21:57:30.293-0400] {dag.py:3239} INFO - Sync 1 DAGs
[2024-10-13T21:57:30.362-0400] {logging_mixin.py:190} INFO - [2024-10-13T21:57:30.361-0400] {dag.py:4180} INFO - Setting next_dagrun for example_workday_timetable to 2021-01-04 00:00:00+00:00, run_after=2021-01-05 00:00:00+00:00
[2024-10-13T21:57:30.383-0400] {processor.py:208} INFO - Processing /Users/karenwang/anaconda3/envs/airflow_sqlite_env/lib/python3.9/site-packages/airflow/example_dags/example_workday_timetable.py took 4.205 seconds
[2024-10-13T22:01:12.195-0400] {processor.py:186} INFO - Started process (PID=63369) to work on /Users/karenwang/anaconda3/envs/airflow_sqlite_env/lib/python3.9/site-packages/airflow/example_dags/example_workday_timetable.py
[2024-10-13T22:01:12.196-0400] {processor.py:914} INFO - Processing file /Users/karenwang/anaconda3/envs/airflow_sqlite_env/lib/python3.9/site-packages/airflow/example_dags/example_workday_timetable.py for tasks to queue
[2024-10-13T22:01:12.197-0400] {logging_mixin.py:190} INFO - [2024-10-13T22:01:12.197-0400] {dagbag.py:588} INFO - Filling up the DagBag from /Users/karenwang/anaconda3/envs/airflow_sqlite_env/lib/python3.9/site-packages/airflow/example_dags/example_workday_timetable.py
[2024-10-13T22:01:15.657-0400] {logging_mixin.py:190} INFO - [2024-10-13T22:01:15.656-0400] {utils.py:148} INFO - Note: NumExpr detected 16 cores but "NUMEXPR_MAX_THREADS" not set, so enforcing safe limit of 8.
[2024-10-13T22:01:15.657-0400] {logging_mixin.py:190} INFO - [2024-10-13T22:01:15.657-0400] {utils.py:160} INFO - NumExpr defaulting to 8 threads.
[2024-10-13T22:01:15.935-0400] {processor.py:925} INFO - DAG(s) 'example_workday_timetable' retrieved from /Users/karenwang/anaconda3/envs/airflow_sqlite_env/lib/python3.9/site-packages/airflow/example_dags/example_workday_timetable.py
[2024-10-13T22:01:16.172-0400] {logging_mixin.py:190} INFO - [2024-10-13T22:01:16.172-0400] {dag.py:3239} INFO - Sync 1 DAGs
[2024-10-13T22:01:16.252-0400] {logging_mixin.py:190} INFO - [2024-10-13T22:01:16.252-0400] {dag.py:4180} INFO - Setting next_dagrun for example_workday_timetable to 2021-01-04 00:00:00+00:00, run_after=2021-01-05 00:00:00+00:00
[2024-10-13T22:01:16.274-0400] {processor.py:208} INFO - Processing /Users/karenwang/anaconda3/envs/airflow_sqlite_env/lib/python3.9/site-packages/airflow/example_dags/example_workday_timetable.py took 4.085 seconds
[2024-10-13T22:05:08.052-0400] {processor.py:186} INFO - Started process (PID=64584) to work on /Users/karenwang/anaconda3/envs/airflow_sqlite_env/lib/python3.9/site-packages/airflow/example_dags/example_workday_timetable.py
[2024-10-13T22:05:08.054-0400] {processor.py:914} INFO - Processing file /Users/karenwang/anaconda3/envs/airflow_sqlite_env/lib/python3.9/site-packages/airflow/example_dags/example_workday_timetable.py for tasks to queue
[2024-10-13T22:05:08.055-0400] {logging_mixin.py:190} INFO - [2024-10-13T22:05:08.055-0400] {dagbag.py:588} INFO - Filling up the DagBag from /Users/karenwang/anaconda3/envs/airflow_sqlite_env/lib/python3.9/site-packages/airflow/example_dags/example_workday_timetable.py
[2024-10-13T22:05:11.537-0400] {logging_mixin.py:190} INFO - [2024-10-13T22:05:11.537-0400] {utils.py:148} INFO - Note: NumExpr detected 16 cores but "NUMEXPR_MAX_THREADS" not set, so enforcing safe limit of 8.
[2024-10-13T22:05:11.538-0400] {logging_mixin.py:190} INFO - [2024-10-13T22:05:11.537-0400] {utils.py:160} INFO - NumExpr defaulting to 8 threads.
[2024-10-13T22:05:11.814-0400] {processor.py:925} INFO - DAG(s) 'example_workday_timetable' retrieved from /Users/karenwang/anaconda3/envs/airflow_sqlite_env/lib/python3.9/site-packages/airflow/example_dags/example_workday_timetable.py
[2024-10-13T22:05:12.041-0400] {logging_mixin.py:190} INFO - [2024-10-13T22:05:12.040-0400] {dag.py:3239} INFO - Sync 1 DAGs
[2024-10-13T22:05:12.098-0400] {logging_mixin.py:190} INFO - [2024-10-13T22:05:12.097-0400] {dag.py:4180} INFO - Setting next_dagrun for example_workday_timetable to 2021-01-04 00:00:00+00:00, run_after=2021-01-05 00:00:00+00:00
[2024-10-13T22:05:12.120-0400] {processor.py:208} INFO - Processing /Users/karenwang/anaconda3/envs/airflow_sqlite_env/lib/python3.9/site-packages/airflow/example_dags/example_workday_timetable.py took 4.074 seconds
[2024-10-13T22:09:04.409-0400] {processor.py:186} INFO - Started process (PID=65822) to work on /Users/karenwang/anaconda3/envs/airflow_sqlite_env/lib/python3.9/site-packages/airflow/example_dags/example_workday_timetable.py
[2024-10-13T22:09:04.410-0400] {processor.py:914} INFO - Processing file /Users/karenwang/anaconda3/envs/airflow_sqlite_env/lib/python3.9/site-packages/airflow/example_dags/example_workday_timetable.py for tasks to queue
[2024-10-13T22:09:04.411-0400] {logging_mixin.py:190} INFO - [2024-10-13T22:09:04.411-0400] {dagbag.py:588} INFO - Filling up the DagBag from /Users/karenwang/anaconda3/envs/airflow_sqlite_env/lib/python3.9/site-packages/airflow/example_dags/example_workday_timetable.py
[2024-10-13T22:09:08.197-0400] {logging_mixin.py:190} INFO - [2024-10-13T22:09:08.197-0400] {utils.py:148} INFO - Note: NumExpr detected 16 cores but "NUMEXPR_MAX_THREADS" not set, so enforcing safe limit of 8.
[2024-10-13T22:09:08.198-0400] {logging_mixin.py:190} INFO - [2024-10-13T22:09:08.198-0400] {utils.py:160} INFO - NumExpr defaulting to 8 threads.
[2024-10-13T22:09:08.518-0400] {processor.py:925} INFO - DAG(s) 'example_workday_timetable' retrieved from /Users/karenwang/anaconda3/envs/airflow_sqlite_env/lib/python3.9/site-packages/airflow/example_dags/example_workday_timetable.py
[2024-10-13T22:09:08.768-0400] {logging_mixin.py:190} INFO - [2024-10-13T22:09:08.767-0400] {dag.py:3239} INFO - Sync 1 DAGs
[2024-10-13T22:09:08.835-0400] {logging_mixin.py:190} INFO - [2024-10-13T22:09:08.835-0400] {dag.py:4180} INFO - Setting next_dagrun for example_workday_timetable to 2021-01-04 00:00:00+00:00, run_after=2021-01-05 00:00:00+00:00
[2024-10-13T22:09:08.858-0400] {processor.py:208} INFO - Processing /Users/karenwang/anaconda3/envs/airflow_sqlite_env/lib/python3.9/site-packages/airflow/example_dags/example_workday_timetable.py took 4.455 seconds
[2024-10-13T22:12:56.704-0400] {processor.py:186} INFO - Started process (PID=67000) to work on /Users/karenwang/anaconda3/envs/airflow_sqlite_env/lib/python3.9/site-packages/airflow/example_dags/example_workday_timetable.py
[2024-10-13T22:12:56.705-0400] {processor.py:914} INFO - Processing file /Users/karenwang/anaconda3/envs/airflow_sqlite_env/lib/python3.9/site-packages/airflow/example_dags/example_workday_timetable.py for tasks to queue
[2024-10-13T22:12:56.707-0400] {logging_mixin.py:190} INFO - [2024-10-13T22:12:56.707-0400] {dagbag.py:588} INFO - Filling up the DagBag from /Users/karenwang/anaconda3/envs/airflow_sqlite_env/lib/python3.9/site-packages/airflow/example_dags/example_workday_timetable.py
[2024-10-13T22:13:00.549-0400] {logging_mixin.py:190} INFO - [2024-10-13T22:13:00.548-0400] {utils.py:148} INFO - Note: NumExpr detected 16 cores but "NUMEXPR_MAX_THREADS" not set, so enforcing safe limit of 8.
[2024-10-13T22:13:00.549-0400] {logging_mixin.py:190} INFO - [2024-10-13T22:13:00.549-0400] {utils.py:160} INFO - NumExpr defaulting to 8 threads.
[2024-10-13T22:13:00.860-0400] {processor.py:925} INFO - DAG(s) 'example_workday_timetable' retrieved from /Users/karenwang/anaconda3/envs/airflow_sqlite_env/lib/python3.9/site-packages/airflow/example_dags/example_workday_timetable.py
[2024-10-13T22:13:01.113-0400] {logging_mixin.py:190} INFO - [2024-10-13T22:13:01.112-0400] {dag.py:3239} INFO - Sync 1 DAGs
[2024-10-13T22:13:01.191-0400] {logging_mixin.py:190} INFO - [2024-10-13T22:13:01.191-0400] {dag.py:4180} INFO - Setting next_dagrun for example_workday_timetable to 2021-01-04 00:00:00+00:00, run_after=2021-01-05 00:00:00+00:00
[2024-10-13T22:13:01.214-0400] {processor.py:208} INFO - Processing /Users/karenwang/anaconda3/envs/airflow_sqlite_env/lib/python3.9/site-packages/airflow/example_dags/example_workday_timetable.py took 4.516 seconds
[2024-10-13T22:16:58.063-0400] {processor.py:186} INFO - Started process (PID=68231) to work on /Users/karenwang/anaconda3/envs/airflow_sqlite_env/lib/python3.9/site-packages/airflow/example_dags/example_workday_timetable.py
[2024-10-13T22:16:58.065-0400] {processor.py:914} INFO - Processing file /Users/karenwang/anaconda3/envs/airflow_sqlite_env/lib/python3.9/site-packages/airflow/example_dags/example_workday_timetable.py for tasks to queue
[2024-10-13T22:16:58.067-0400] {logging_mixin.py:190} INFO - [2024-10-13T22:16:58.067-0400] {dagbag.py:588} INFO - Filling up the DagBag from /Users/karenwang/anaconda3/envs/airflow_sqlite_env/lib/python3.9/site-packages/airflow/example_dags/example_workday_timetable.py
[2024-10-13T22:17:02.262-0400] {logging_mixin.py:190} INFO - [2024-10-13T22:17:02.262-0400] {utils.py:148} INFO - Note: NumExpr detected 16 cores but "NUMEXPR_MAX_THREADS" not set, so enforcing safe limit of 8.
[2024-10-13T22:17:02.263-0400] {logging_mixin.py:190} INFO - [2024-10-13T22:17:02.263-0400] {utils.py:160} INFO - NumExpr defaulting to 8 threads.
[2024-10-13T22:17:02.573-0400] {processor.py:925} INFO - DAG(s) 'example_workday_timetable' retrieved from /Users/karenwang/anaconda3/envs/airflow_sqlite_env/lib/python3.9/site-packages/airflow/example_dags/example_workday_timetable.py
[2024-10-13T22:17:02.820-0400] {logging_mixin.py:190} INFO - [2024-10-13T22:17:02.819-0400] {dag.py:3239} INFO - Sync 1 DAGs
[2024-10-13T22:17:02.894-0400] {logging_mixin.py:190} INFO - [2024-10-13T22:17:02.894-0400] {dag.py:4180} INFO - Setting next_dagrun for example_workday_timetable to 2021-01-04 00:00:00+00:00, run_after=2021-01-05 00:00:00+00:00
[2024-10-13T22:17:02.919-0400] {processor.py:208} INFO - Processing /Users/karenwang/anaconda3/envs/airflow_sqlite_env/lib/python3.9/site-packages/airflow/example_dags/example_workday_timetable.py took 4.861 seconds
[2024-10-13T22:20:57.053-0400] {processor.py:186} INFO - Started process (PID=69464) to work on /Users/karenwang/anaconda3/envs/airflow_sqlite_env/lib/python3.9/site-packages/airflow/example_dags/example_workday_timetable.py
[2024-10-13T22:20:57.054-0400] {processor.py:914} INFO - Processing file /Users/karenwang/anaconda3/envs/airflow_sqlite_env/lib/python3.9/site-packages/airflow/example_dags/example_workday_timetable.py for tasks to queue
[2024-10-13T22:20:57.056-0400] {logging_mixin.py:190} INFO - [2024-10-13T22:20:57.055-0400] {dagbag.py:588} INFO - Filling up the DagBag from /Users/karenwang/anaconda3/envs/airflow_sqlite_env/lib/python3.9/site-packages/airflow/example_dags/example_workday_timetable.py
[2024-10-13T22:21:01.206-0400] {logging_mixin.py:190} INFO - [2024-10-13T22:21:01.206-0400] {utils.py:148} INFO - Note: NumExpr detected 16 cores but "NUMEXPR_MAX_THREADS" not set, so enforcing safe limit of 8.
[2024-10-13T22:21:01.206-0400] {logging_mixin.py:190} INFO - [2024-10-13T22:21:01.206-0400] {utils.py:160} INFO - NumExpr defaulting to 8 threads.
[2024-10-13T22:21:01.516-0400] {processor.py:925} INFO - DAG(s) 'example_workday_timetable' retrieved from /Users/karenwang/anaconda3/envs/airflow_sqlite_env/lib/python3.9/site-packages/airflow/example_dags/example_workday_timetable.py
[2024-10-13T22:21:01.780-0400] {logging_mixin.py:190} INFO - [2024-10-13T22:21:01.779-0400] {dag.py:3239} INFO - Sync 1 DAGs
[2024-10-13T22:21:01.862-0400] {logging_mixin.py:190} INFO - [2024-10-13T22:21:01.861-0400] {dag.py:4180} INFO - Setting next_dagrun for example_workday_timetable to 2021-01-04 00:00:00+00:00, run_after=2021-01-05 00:00:00+00:00
[2024-10-13T22:21:01.887-0400] {processor.py:208} INFO - Processing /Users/karenwang/anaconda3/envs/airflow_sqlite_env/lib/python3.9/site-packages/airflow/example_dags/example_workday_timetable.py took 4.839 seconds
[2024-10-13T22:25:06.595-0400] {processor.py:186} INFO - Started process (PID=70805) to work on /Users/karenwang/anaconda3/envs/airflow_sqlite_env/lib/python3.9/site-packages/airflow/example_dags/example_workday_timetable.py
[2024-10-13T22:25:06.597-0400] {processor.py:914} INFO - Processing file /Users/karenwang/anaconda3/envs/airflow_sqlite_env/lib/python3.9/site-packages/airflow/example_dags/example_workday_timetable.py for tasks to queue
[2024-10-13T22:25:06.598-0400] {logging_mixin.py:190} INFO - [2024-10-13T22:25:06.598-0400] {dagbag.py:588} INFO - Filling up the DagBag from /Users/karenwang/anaconda3/envs/airflow_sqlite_env/lib/python3.9/site-packages/airflow/example_dags/example_workday_timetable.py
[2024-10-13T22:25:11.242-0400] {logging_mixin.py:190} INFO - [2024-10-13T22:25:11.242-0400] {utils.py:148} INFO - Note: NumExpr detected 16 cores but "NUMEXPR_MAX_THREADS" not set, so enforcing safe limit of 8.
[2024-10-13T22:25:11.243-0400] {logging_mixin.py:190} INFO - [2024-10-13T22:25:11.243-0400] {utils.py:160} INFO - NumExpr defaulting to 8 threads.
[2024-10-13T22:25:11.615-0400] {processor.py:925} INFO - DAG(s) 'example_workday_timetable' retrieved from /Users/karenwang/anaconda3/envs/airflow_sqlite_env/lib/python3.9/site-packages/airflow/example_dags/example_workday_timetable.py
[2024-10-13T22:25:11.923-0400] {logging_mixin.py:190} INFO - [2024-10-13T22:25:11.923-0400] {dag.py:3239} INFO - Sync 1 DAGs
[2024-10-13T22:25:12.015-0400] {logging_mixin.py:190} INFO - [2024-10-13T22:25:12.014-0400] {dag.py:4180} INFO - Setting next_dagrun for example_workday_timetable to 2021-01-04 00:00:00+00:00, run_after=2021-01-05 00:00:00+00:00
[2024-10-13T22:25:12.047-0400] {processor.py:208} INFO - Processing /Users/karenwang/anaconda3/envs/airflow_sqlite_env/lib/python3.9/site-packages/airflow/example_dags/example_workday_timetable.py took 5.458 seconds
[2024-10-13T22:33:44.470-0400] {processor.py:186} INFO - Started process (PID=73712) to work on /Users/karenwang/anaconda3/envs/airflow_sqlite_env/lib/python3.9/site-packages/airflow/example_dags/example_workday_timetable.py
[2024-10-13T22:33:44.472-0400] {processor.py:914} INFO - Processing file /Users/karenwang/anaconda3/envs/airflow_sqlite_env/lib/python3.9/site-packages/airflow/example_dags/example_workday_timetable.py for tasks to queue
[2024-10-13T22:33:44.474-0400] {logging_mixin.py:190} INFO - [2024-10-13T22:33:44.473-0400] {dagbag.py:588} INFO - Filling up the DagBag from /Users/karenwang/anaconda3/envs/airflow_sqlite_env/lib/python3.9/site-packages/airflow/example_dags/example_workday_timetable.py
[2024-10-13T22:33:48.937-0400] {logging_mixin.py:190} INFO - [2024-10-13T22:33:48.937-0400] {utils.py:148} INFO - Note: NumExpr detected 16 cores but "NUMEXPR_MAX_THREADS" not set, so enforcing safe limit of 8.
[2024-10-13T22:33:48.938-0400] {logging_mixin.py:190} INFO - [2024-10-13T22:33:48.938-0400] {utils.py:160} INFO - NumExpr defaulting to 8 threads.
[2024-10-13T22:33:49.310-0400] {processor.py:925} INFO - DAG(s) 'example_workday_timetable' retrieved from /Users/karenwang/anaconda3/envs/airflow_sqlite_env/lib/python3.9/site-packages/airflow/example_dags/example_workday_timetable.py
[2024-10-13T22:33:49.629-0400] {logging_mixin.py:190} INFO - [2024-10-13T22:33:49.628-0400] {dag.py:3239} INFO - Sync 1 DAGs
[2024-10-13T22:33:49.732-0400] {logging_mixin.py:190} INFO - [2024-10-13T22:33:49.731-0400] {dag.py:4180} INFO - Setting next_dagrun for example_workday_timetable to 2021-01-04 00:00:00+00:00, run_after=2021-01-05 00:00:00+00:00
[2024-10-13T22:33:49.760-0400] {processor.py:208} INFO - Processing /Users/karenwang/anaconda3/envs/airflow_sqlite_env/lib/python3.9/site-packages/airflow/example_dags/example_workday_timetable.py took 5.296 seconds
[2024-10-13T22:39:36.058-0400] {processor.py:186} INFO - Started process (PID=75603) to work on /Users/karenwang/anaconda3/envs/airflow_sqlite_env/lib/python3.9/site-packages/airflow/example_dags/example_workday_timetable.py
[2024-10-13T22:39:36.060-0400] {processor.py:914} INFO - Processing file /Users/karenwang/anaconda3/envs/airflow_sqlite_env/lib/python3.9/site-packages/airflow/example_dags/example_workday_timetable.py for tasks to queue
[2024-10-13T22:39:36.061-0400] {logging_mixin.py:190} INFO - [2024-10-13T22:39:36.061-0400] {dagbag.py:588} INFO - Filling up the DagBag from /Users/karenwang/anaconda3/envs/airflow_sqlite_env/lib/python3.9/site-packages/airflow/example_dags/example_workday_timetable.py
[2024-10-13T22:39:40.061-0400] {logging_mixin.py:190} INFO - [2024-10-13T22:39:40.061-0400] {utils.py:148} INFO - Note: NumExpr detected 16 cores but "NUMEXPR_MAX_THREADS" not set, so enforcing safe limit of 8.
[2024-10-13T22:39:40.062-0400] {logging_mixin.py:190} INFO - [2024-10-13T22:39:40.061-0400] {utils.py:160} INFO - NumExpr defaulting to 8 threads.
[2024-10-13T22:39:40.445-0400] {processor.py:925} INFO - DAG(s) 'example_workday_timetable' retrieved from /Users/karenwang/anaconda3/envs/airflow_sqlite_env/lib/python3.9/site-packages/airflow/example_dags/example_workday_timetable.py
[2024-10-13T22:39:40.753-0400] {logging_mixin.py:190} INFO - [2024-10-13T22:39:40.752-0400] {dag.py:3239} INFO - Sync 1 DAGs
[2024-10-13T22:39:40.824-0400] {logging_mixin.py:190} INFO - [2024-10-13T22:39:40.824-0400] {dag.py:4180} INFO - Setting next_dagrun for example_workday_timetable to 2021-01-04 00:00:00+00:00, run_after=2021-01-05 00:00:00+00:00
[2024-10-13T22:39:40.853-0400] {processor.py:208} INFO - Processing /Users/karenwang/anaconda3/envs/airflow_sqlite_env/lib/python3.9/site-packages/airflow/example_dags/example_workday_timetable.py took 4.803 seconds
