[2024-10-13T20:01:11.901-0400] {processor.py:186} INFO - Started process (PID=25474) to work on /Users/karenwang/anaconda3/envs/airflow_sqlite_env/lib/python3.9/site-packages/airflow/example_dags/example_task_group_decorator.py
[2024-10-13T20:01:11.903-0400] {processor.py:914} INFO - Processing file /Users/karenwang/anaconda3/envs/airflow_sqlite_env/lib/python3.9/site-packages/airflow/example_dags/example_task_group_decorator.py for tasks to queue
[2024-10-13T20:01:11.904-0400] {logging_mixin.py:190} INFO - [2024-10-13T20:01:11.904-0400] {dagbag.py:588} INFO - Filling up the DagBag from /Users/karenwang/anaconda3/envs/airflow_sqlite_env/lib/python3.9/site-packages/airflow/example_dags/example_task_group_decorator.py
[2024-10-13T20:01:12.015-0400] {processor.py:925} INFO - DAG(s) 'example_task_group_decorator' retrieved from /Users/karenwang/anaconda3/envs/airflow_sqlite_env/lib/python3.9/site-packages/airflow/example_dags/example_task_group_decorator.py
[2024-10-13T20:01:12.186-0400] {logging_mixin.py:190} INFO - [2024-10-13T20:01:12.185-0400] {dag.py:3239} INFO - Sync 1 DAGs
[2024-10-13T20:01:12.201-0400] {logging_mixin.py:190} INFO - [2024-10-13T20:01:12.201-0400] {dag.py:4180} INFO - Setting next_dagrun for example_task_group_decorator to None, run_after=None
[2024-10-13T20:01:12.221-0400] {processor.py:208} INFO - Processing /Users/karenwang/anaconda3/envs/airflow_sqlite_env/lib/python3.9/site-packages/airflow/example_dags/example_task_group_decorator.py took 0.325 seconds
[2024-10-13T20:05:20.588-0400] {processor.py:186} INFO - Started process (PID=26774) to work on /Users/karenwang/anaconda3/envs/airflow_sqlite_env/lib/python3.9/site-packages/airflow/example_dags/example_task_group_decorator.py
[2024-10-13T20:05:20.590-0400] {processor.py:914} INFO - Processing file /Users/karenwang/anaconda3/envs/airflow_sqlite_env/lib/python3.9/site-packages/airflow/example_dags/example_task_group_decorator.py for tasks to queue
[2024-10-13T20:05:20.592-0400] {logging_mixin.py:190} INFO - [2024-10-13T20:05:20.592-0400] {dagbag.py:588} INFO - Filling up the DagBag from /Users/karenwang/anaconda3/envs/airflow_sqlite_env/lib/python3.9/site-packages/airflow/example_dags/example_task_group_decorator.py
[2024-10-13T20:05:20.701-0400] {processor.py:925} INFO - DAG(s) 'example_task_group_decorator' retrieved from /Users/karenwang/anaconda3/envs/airflow_sqlite_env/lib/python3.9/site-packages/airflow/example_dags/example_task_group_decorator.py
[2024-10-13T20:05:20.870-0400] {logging_mixin.py:190} INFO - [2024-10-13T20:05:20.870-0400] {dag.py:3239} INFO - Sync 1 DAGs
[2024-10-13T20:05:20.882-0400] {logging_mixin.py:190} INFO - [2024-10-13T20:05:20.882-0400] {dag.py:4180} INFO - Setting next_dagrun for example_task_group_decorator to None, run_after=None
[2024-10-13T20:05:20.904-0400] {processor.py:208} INFO - Processing /Users/karenwang/anaconda3/envs/airflow_sqlite_env/lib/python3.9/site-packages/airflow/example_dags/example_task_group_decorator.py took 0.321 seconds
[2024-10-13T20:09:23.603-0400] {processor.py:186} INFO - Started process (PID=28016) to work on /Users/karenwang/anaconda3/envs/airflow_sqlite_env/lib/python3.9/site-packages/airflow/example_dags/example_task_group_decorator.py
[2024-10-13T20:09:23.605-0400] {processor.py:914} INFO - Processing file /Users/karenwang/anaconda3/envs/airflow_sqlite_env/lib/python3.9/site-packages/airflow/example_dags/example_task_group_decorator.py for tasks to queue
[2024-10-13T20:09:23.606-0400] {logging_mixin.py:190} INFO - [2024-10-13T20:09:23.606-0400] {dagbag.py:588} INFO - Filling up the DagBag from /Users/karenwang/anaconda3/envs/airflow_sqlite_env/lib/python3.9/site-packages/airflow/example_dags/example_task_group_decorator.py
[2024-10-13T20:09:23.717-0400] {processor.py:925} INFO - DAG(s) 'example_task_group_decorator' retrieved from /Users/karenwang/anaconda3/envs/airflow_sqlite_env/lib/python3.9/site-packages/airflow/example_dags/example_task_group_decorator.py
[2024-10-13T20:09:23.889-0400] {logging_mixin.py:190} INFO - [2024-10-13T20:09:23.889-0400] {dag.py:3239} INFO - Sync 1 DAGs
[2024-10-13T20:09:23.909-0400] {logging_mixin.py:190} INFO - [2024-10-13T20:09:23.909-0400] {dag.py:4180} INFO - Setting next_dagrun for example_task_group_decorator to None, run_after=None
[2024-10-13T20:09:23.936-0400] {processor.py:208} INFO - Processing /Users/karenwang/anaconda3/envs/airflow_sqlite_env/lib/python3.9/site-packages/airflow/example_dags/example_task_group_decorator.py took 0.339 seconds
[2024-10-13T20:13:20.951-0400] {processor.py:186} INFO - Started process (PID=29233) to work on /Users/karenwang/anaconda3/envs/airflow_sqlite_env/lib/python3.9/site-packages/airflow/example_dags/example_task_group_decorator.py
[2024-10-13T20:13:20.952-0400] {processor.py:914} INFO - Processing file /Users/karenwang/anaconda3/envs/airflow_sqlite_env/lib/python3.9/site-packages/airflow/example_dags/example_task_group_decorator.py for tasks to queue
[2024-10-13T20:13:20.954-0400] {logging_mixin.py:190} INFO - [2024-10-13T20:13:20.953-0400] {dagbag.py:588} INFO - Filling up the DagBag from /Users/karenwang/anaconda3/envs/airflow_sqlite_env/lib/python3.9/site-packages/airflow/example_dags/example_task_group_decorator.py
[2024-10-13T20:13:21.094-0400] {processor.py:925} INFO - DAG(s) 'example_task_group_decorator' retrieved from /Users/karenwang/anaconda3/envs/airflow_sqlite_env/lib/python3.9/site-packages/airflow/example_dags/example_task_group_decorator.py
[2024-10-13T20:13:21.271-0400] {logging_mixin.py:190} INFO - [2024-10-13T20:13:21.270-0400] {dag.py:3239} INFO - Sync 1 DAGs
[2024-10-13T20:13:21.290-0400] {logging_mixin.py:190} INFO - [2024-10-13T20:13:21.289-0400] {dag.py:4180} INFO - Setting next_dagrun for example_task_group_decorator to None, run_after=None
[2024-10-13T20:13:21.312-0400] {processor.py:208} INFO - Processing /Users/karenwang/anaconda3/envs/airflow_sqlite_env/lib/python3.9/site-packages/airflow/example_dags/example_task_group_decorator.py took 0.367 seconds
[2024-10-13T20:17:30.489-0400] {processor.py:186} INFO - Started process (PID=30497) to work on /Users/karenwang/anaconda3/envs/airflow_sqlite_env/lib/python3.9/site-packages/airflow/example_dags/example_task_group_decorator.py
[2024-10-13T20:17:30.490-0400] {processor.py:914} INFO - Processing file /Users/karenwang/anaconda3/envs/airflow_sqlite_env/lib/python3.9/site-packages/airflow/example_dags/example_task_group_decorator.py for tasks to queue
[2024-10-13T20:17:30.492-0400] {logging_mixin.py:190} INFO - [2024-10-13T20:17:30.491-0400] {dagbag.py:588} INFO - Filling up the DagBag from /Users/karenwang/anaconda3/envs/airflow_sqlite_env/lib/python3.9/site-packages/airflow/example_dags/example_task_group_decorator.py
[2024-10-13T20:17:30.614-0400] {processor.py:925} INFO - DAG(s) 'example_task_group_decorator' retrieved from /Users/karenwang/anaconda3/envs/airflow_sqlite_env/lib/python3.9/site-packages/airflow/example_dags/example_task_group_decorator.py
[2024-10-13T20:17:30.790-0400] {logging_mixin.py:190} INFO - [2024-10-13T20:17:30.790-0400] {dag.py:3239} INFO - Sync 1 DAGs
[2024-10-13T20:17:30.805-0400] {logging_mixin.py:190} INFO - [2024-10-13T20:17:30.805-0400] {dag.py:4180} INFO - Setting next_dagrun for example_task_group_decorator to None, run_after=None
[2024-10-13T20:17:30.832-0400] {processor.py:208} INFO - Processing /Users/karenwang/anaconda3/envs/airflow_sqlite_env/lib/python3.9/site-packages/airflow/example_dags/example_task_group_decorator.py took 0.349 seconds
[2024-10-13T20:21:53.198-0400] {processor.py:186} INFO - Started process (PID=31949) to work on /Users/karenwang/anaconda3/envs/airflow_sqlite_env/lib/python3.9/site-packages/airflow/example_dags/example_task_group_decorator.py
[2024-10-13T20:21:53.200-0400] {processor.py:914} INFO - Processing file /Users/karenwang/anaconda3/envs/airflow_sqlite_env/lib/python3.9/site-packages/airflow/example_dags/example_task_group_decorator.py for tasks to queue
[2024-10-13T20:21:53.203-0400] {logging_mixin.py:190} INFO - [2024-10-13T20:21:53.202-0400] {dagbag.py:588} INFO - Filling up the DagBag from /Users/karenwang/anaconda3/envs/airflow_sqlite_env/lib/python3.9/site-packages/airflow/example_dags/example_task_group_decorator.py
[2024-10-13T20:21:53.319-0400] {processor.py:925} INFO - DAG(s) 'example_task_group_decorator' retrieved from /Users/karenwang/anaconda3/envs/airflow_sqlite_env/lib/python3.9/site-packages/airflow/example_dags/example_task_group_decorator.py
[2024-10-13T20:21:53.488-0400] {logging_mixin.py:190} INFO - [2024-10-13T20:21:53.487-0400] {dag.py:3239} INFO - Sync 1 DAGs
[2024-10-13T20:21:53.506-0400] {logging_mixin.py:190} INFO - [2024-10-13T20:21:53.506-0400] {dag.py:4180} INFO - Setting next_dagrun for example_task_group_decorator to None, run_after=None
[2024-10-13T20:21:53.530-0400] {processor.py:208} INFO - Processing /Users/karenwang/anaconda3/envs/airflow_sqlite_env/lib/python3.9/site-packages/airflow/example_dags/example_task_group_decorator.py took 0.339 seconds
[2024-10-13T20:27:34.340-0400] {processor.py:186} INFO - Started process (PID=33826) to work on /Users/karenwang/anaconda3/envs/airflow_sqlite_env/lib/python3.9/site-packages/airflow/example_dags/example_task_group_decorator.py
[2024-10-13T20:27:34.341-0400] {processor.py:914} INFO - Processing file /Users/karenwang/anaconda3/envs/airflow_sqlite_env/lib/python3.9/site-packages/airflow/example_dags/example_task_group_decorator.py for tasks to queue
[2024-10-13T20:27:34.343-0400] {logging_mixin.py:190} INFO - [2024-10-13T20:27:34.342-0400] {dagbag.py:588} INFO - Filling up the DagBag from /Users/karenwang/anaconda3/envs/airflow_sqlite_env/lib/python3.9/site-packages/airflow/example_dags/example_task_group_decorator.py
[2024-10-13T20:27:34.464-0400] {processor.py:925} INFO - DAG(s) 'example_task_group_decorator' retrieved from /Users/karenwang/anaconda3/envs/airflow_sqlite_env/lib/python3.9/site-packages/airflow/example_dags/example_task_group_decorator.py
[2024-10-13T20:27:34.659-0400] {logging_mixin.py:190} INFO - [2024-10-13T20:27:34.658-0400] {dag.py:3239} INFO - Sync 1 DAGs
[2024-10-13T20:27:34.674-0400] {logging_mixin.py:190} INFO - [2024-10-13T20:27:34.673-0400] {dag.py:4180} INFO - Setting next_dagrun for example_task_group_decorator to None, run_after=None
[2024-10-13T20:27:34.694-0400] {processor.py:208} INFO - Processing /Users/karenwang/anaconda3/envs/airflow_sqlite_env/lib/python3.9/site-packages/airflow/example_dags/example_task_group_decorator.py took 0.361 seconds
[2024-10-13T20:32:07.215-0400] {processor.py:186} INFO - Started process (PID=35353) to work on /Users/karenwang/anaconda3/envs/airflow_sqlite_env/lib/python3.9/site-packages/airflow/example_dags/example_task_group_decorator.py
[2024-10-13T20:32:07.217-0400] {processor.py:914} INFO - Processing file /Users/karenwang/anaconda3/envs/airflow_sqlite_env/lib/python3.9/site-packages/airflow/example_dags/example_task_group_decorator.py for tasks to queue
[2024-10-13T20:32:07.218-0400] {logging_mixin.py:190} INFO - [2024-10-13T20:32:07.218-0400] {dagbag.py:588} INFO - Filling up the DagBag from /Users/karenwang/anaconda3/envs/airflow_sqlite_env/lib/python3.9/site-packages/airflow/example_dags/example_task_group_decorator.py
[2024-10-13T20:32:07.322-0400] {processor.py:925} INFO - DAG(s) 'example_task_group_decorator' retrieved from /Users/karenwang/anaconda3/envs/airflow_sqlite_env/lib/python3.9/site-packages/airflow/example_dags/example_task_group_decorator.py
[2024-10-13T20:32:07.478-0400] {logging_mixin.py:190} INFO - [2024-10-13T20:32:07.478-0400] {dag.py:3239} INFO - Sync 1 DAGs
[2024-10-13T20:32:07.493-0400] {logging_mixin.py:190} INFO - [2024-10-13T20:32:07.493-0400] {dag.py:4180} INFO - Setting next_dagrun for example_task_group_decorator to None, run_after=None
[2024-10-13T20:32:07.513-0400] {processor.py:208} INFO - Processing /Users/karenwang/anaconda3/envs/airflow_sqlite_env/lib/python3.9/site-packages/airflow/example_dags/example_task_group_decorator.py took 0.304 seconds
[2024-10-13T20:35:47.909-0400] {processor.py:186} INFO - Started process (PID=36492) to work on /Users/karenwang/anaconda3/envs/airflow_sqlite_env/lib/python3.9/site-packages/airflow/example_dags/example_task_group_decorator.py
[2024-10-13T20:35:47.911-0400] {processor.py:914} INFO - Processing file /Users/karenwang/anaconda3/envs/airflow_sqlite_env/lib/python3.9/site-packages/airflow/example_dags/example_task_group_decorator.py for tasks to queue
[2024-10-13T20:35:47.912-0400] {logging_mixin.py:190} INFO - [2024-10-13T20:35:47.912-0400] {dagbag.py:588} INFO - Filling up the DagBag from /Users/karenwang/anaconda3/envs/airflow_sqlite_env/lib/python3.9/site-packages/airflow/example_dags/example_task_group_decorator.py
[2024-10-13T20:35:48.016-0400] {processor.py:925} INFO - DAG(s) 'example_task_group_decorator' retrieved from /Users/karenwang/anaconda3/envs/airflow_sqlite_env/lib/python3.9/site-packages/airflow/example_dags/example_task_group_decorator.py
[2024-10-13T20:35:48.171-0400] {logging_mixin.py:190} INFO - [2024-10-13T20:35:48.171-0400] {dag.py:3239} INFO - Sync 1 DAGs
[2024-10-13T20:35:48.183-0400] {logging_mixin.py:190} INFO - [2024-10-13T20:35:48.183-0400] {dag.py:4180} INFO - Setting next_dagrun for example_task_group_decorator to None, run_after=None
[2024-10-13T20:35:48.205-0400] {processor.py:208} INFO - Processing /Users/karenwang/anaconda3/envs/airflow_sqlite_env/lib/python3.9/site-packages/airflow/example_dags/example_task_group_decorator.py took 0.302 seconds
[2024-10-13T20:39:27.615-0400] {processor.py:186} INFO - Started process (PID=37653) to work on /Users/karenwang/anaconda3/envs/airflow_sqlite_env/lib/python3.9/site-packages/airflow/example_dags/example_task_group_decorator.py
[2024-10-13T20:39:27.616-0400] {processor.py:914} INFO - Processing file /Users/karenwang/anaconda3/envs/airflow_sqlite_env/lib/python3.9/site-packages/airflow/example_dags/example_task_group_decorator.py for tasks to queue
[2024-10-13T20:39:27.618-0400] {logging_mixin.py:190} INFO - [2024-10-13T20:39:27.618-0400] {dagbag.py:588} INFO - Filling up the DagBag from /Users/karenwang/anaconda3/envs/airflow_sqlite_env/lib/python3.9/site-packages/airflow/example_dags/example_task_group_decorator.py
[2024-10-13T20:39:27.715-0400] {processor.py:925} INFO - DAG(s) 'example_task_group_decorator' retrieved from /Users/karenwang/anaconda3/envs/airflow_sqlite_env/lib/python3.9/site-packages/airflow/example_dags/example_task_group_decorator.py
[2024-10-13T20:39:27.850-0400] {logging_mixin.py:190} INFO - [2024-10-13T20:39:27.850-0400] {dag.py:3239} INFO - Sync 1 DAGs
[2024-10-13T20:39:27.863-0400] {logging_mixin.py:190} INFO - [2024-10-13T20:39:27.863-0400] {dag.py:4180} INFO - Setting next_dagrun for example_task_group_decorator to None, run_after=None
[2024-10-13T20:39:27.885-0400] {processor.py:208} INFO - Processing /Users/karenwang/anaconda3/envs/airflow_sqlite_env/lib/python3.9/site-packages/airflow/example_dags/example_task_group_decorator.py took 0.276 seconds
[2024-10-13T20:43:07.101-0400] {processor.py:186} INFO - Started process (PID=38780) to work on /Users/karenwang/anaconda3/envs/airflow_sqlite_env/lib/python3.9/site-packages/airflow/example_dags/example_task_group_decorator.py
[2024-10-13T20:43:07.103-0400] {processor.py:914} INFO - Processing file /Users/karenwang/anaconda3/envs/airflow_sqlite_env/lib/python3.9/site-packages/airflow/example_dags/example_task_group_decorator.py for tasks to queue
[2024-10-13T20:43:07.104-0400] {logging_mixin.py:190} INFO - [2024-10-13T20:43:07.104-0400] {dagbag.py:588} INFO - Filling up the DagBag from /Users/karenwang/anaconda3/envs/airflow_sqlite_env/lib/python3.9/site-packages/airflow/example_dags/example_task_group_decorator.py
[2024-10-13T20:43:07.206-0400] {processor.py:925} INFO - DAG(s) 'example_task_group_decorator' retrieved from /Users/karenwang/anaconda3/envs/airflow_sqlite_env/lib/python3.9/site-packages/airflow/example_dags/example_task_group_decorator.py
[2024-10-13T20:43:07.365-0400] {logging_mixin.py:190} INFO - [2024-10-13T20:43:07.364-0400] {dag.py:3239} INFO - Sync 1 DAGs
[2024-10-13T20:43:07.377-0400] {logging_mixin.py:190} INFO - [2024-10-13T20:43:07.376-0400] {dag.py:4180} INFO - Setting next_dagrun for example_task_group_decorator to None, run_after=None
[2024-10-13T20:43:07.397-0400] {processor.py:208} INFO - Processing /Users/karenwang/anaconda3/envs/airflow_sqlite_env/lib/python3.9/site-packages/airflow/example_dags/example_task_group_decorator.py took 0.303 seconds
[2024-10-13T20:46:46.206-0400] {processor.py:186} INFO - Started process (PID=39931) to work on /Users/karenwang/anaconda3/envs/airflow_sqlite_env/lib/python3.9/site-packages/airflow/example_dags/example_task_group_decorator.py
[2024-10-13T20:46:46.207-0400] {processor.py:914} INFO - Processing file /Users/karenwang/anaconda3/envs/airflow_sqlite_env/lib/python3.9/site-packages/airflow/example_dags/example_task_group_decorator.py for tasks to queue
[2024-10-13T20:46:46.208-0400] {logging_mixin.py:190} INFO - [2024-10-13T20:46:46.208-0400] {dagbag.py:588} INFO - Filling up the DagBag from /Users/karenwang/anaconda3/envs/airflow_sqlite_env/lib/python3.9/site-packages/airflow/example_dags/example_task_group_decorator.py
[2024-10-13T20:46:46.315-0400] {processor.py:925} INFO - DAG(s) 'example_task_group_decorator' retrieved from /Users/karenwang/anaconda3/envs/airflow_sqlite_env/lib/python3.9/site-packages/airflow/example_dags/example_task_group_decorator.py
[2024-10-13T20:46:46.449-0400] {logging_mixin.py:190} INFO - [2024-10-13T20:46:46.449-0400] {dag.py:3239} INFO - Sync 1 DAGs
[2024-10-13T20:46:46.461-0400] {logging_mixin.py:190} INFO - [2024-10-13T20:46:46.461-0400] {dag.py:4180} INFO - Setting next_dagrun for example_task_group_decorator to None, run_after=None
[2024-10-13T20:46:46.482-0400] {processor.py:208} INFO - Processing /Users/karenwang/anaconda3/envs/airflow_sqlite_env/lib/python3.9/site-packages/airflow/example_dags/example_task_group_decorator.py took 0.281 seconds
[2024-10-13T20:50:26.016-0400] {processor.py:186} INFO - Started process (PID=41064) to work on /Users/karenwang/anaconda3/envs/airflow_sqlite_env/lib/python3.9/site-packages/airflow/example_dags/example_task_group_decorator.py
[2024-10-13T20:50:26.017-0400] {processor.py:914} INFO - Processing file /Users/karenwang/anaconda3/envs/airflow_sqlite_env/lib/python3.9/site-packages/airflow/example_dags/example_task_group_decorator.py for tasks to queue
[2024-10-13T20:50:26.018-0400] {logging_mixin.py:190} INFO - [2024-10-13T20:50:26.018-0400] {dagbag.py:588} INFO - Filling up the DagBag from /Users/karenwang/anaconda3/envs/airflow_sqlite_env/lib/python3.9/site-packages/airflow/example_dags/example_task_group_decorator.py
[2024-10-13T20:50:26.108-0400] {processor.py:925} INFO - DAG(s) 'example_task_group_decorator' retrieved from /Users/karenwang/anaconda3/envs/airflow_sqlite_env/lib/python3.9/site-packages/airflow/example_dags/example_task_group_decorator.py
[2024-10-13T20:50:26.259-0400] {logging_mixin.py:190} INFO - [2024-10-13T20:50:26.258-0400] {dag.py:3239} INFO - Sync 1 DAGs
[2024-10-13T20:50:26.275-0400] {logging_mixin.py:190} INFO - [2024-10-13T20:50:26.275-0400] {dag.py:4180} INFO - Setting next_dagrun for example_task_group_decorator to None, run_after=None
[2024-10-13T20:50:26.298-0400] {processor.py:208} INFO - Processing /Users/karenwang/anaconda3/envs/airflow_sqlite_env/lib/python3.9/site-packages/airflow/example_dags/example_task_group_decorator.py took 0.289 seconds
[2024-10-13T20:54:04.417-0400] {processor.py:186} INFO - Started process (PID=42201) to work on /Users/karenwang/anaconda3/envs/airflow_sqlite_env/lib/python3.9/site-packages/airflow/example_dags/example_task_group_decorator.py
[2024-10-13T20:54:04.418-0400] {processor.py:914} INFO - Processing file /Users/karenwang/anaconda3/envs/airflow_sqlite_env/lib/python3.9/site-packages/airflow/example_dags/example_task_group_decorator.py for tasks to queue
[2024-10-13T20:54:04.420-0400] {logging_mixin.py:190} INFO - [2024-10-13T20:54:04.420-0400] {dagbag.py:588} INFO - Filling up the DagBag from /Users/karenwang/anaconda3/envs/airflow_sqlite_env/lib/python3.9/site-packages/airflow/example_dags/example_task_group_decorator.py
[2024-10-13T20:54:04.517-0400] {processor.py:925} INFO - DAG(s) 'example_task_group_decorator' retrieved from /Users/karenwang/anaconda3/envs/airflow_sqlite_env/lib/python3.9/site-packages/airflow/example_dags/example_task_group_decorator.py
[2024-10-13T20:54:04.649-0400] {logging_mixin.py:190} INFO - [2024-10-13T20:54:04.648-0400] {dag.py:3239} INFO - Sync 1 DAGs
[2024-10-13T20:54:04.667-0400] {logging_mixin.py:190} INFO - [2024-10-13T20:54:04.666-0400] {dag.py:4180} INFO - Setting next_dagrun for example_task_group_decorator to None, run_after=None
[2024-10-13T20:54:04.690-0400] {processor.py:208} INFO - Processing /Users/karenwang/anaconda3/envs/airflow_sqlite_env/lib/python3.9/site-packages/airflow/example_dags/example_task_group_decorator.py took 0.279 seconds
[2024-10-13T20:57:46.019-0400] {processor.py:186} INFO - Started process (PID=43347) to work on /Users/karenwang/anaconda3/envs/airflow_sqlite_env/lib/python3.9/site-packages/airflow/example_dags/example_task_group_decorator.py
[2024-10-13T20:57:46.021-0400] {processor.py:914} INFO - Processing file /Users/karenwang/anaconda3/envs/airflow_sqlite_env/lib/python3.9/site-packages/airflow/example_dags/example_task_group_decorator.py for tasks to queue
[2024-10-13T20:57:46.022-0400] {logging_mixin.py:190} INFO - [2024-10-13T20:57:46.022-0400] {dagbag.py:588} INFO - Filling up the DagBag from /Users/karenwang/anaconda3/envs/airflow_sqlite_env/lib/python3.9/site-packages/airflow/example_dags/example_task_group_decorator.py
[2024-10-13T20:57:46.122-0400] {processor.py:925} INFO - DAG(s) 'example_task_group_decorator' retrieved from /Users/karenwang/anaconda3/envs/airflow_sqlite_env/lib/python3.9/site-packages/airflow/example_dags/example_task_group_decorator.py
[2024-10-13T20:57:46.286-0400] {logging_mixin.py:190} INFO - [2024-10-13T20:57:46.285-0400] {dag.py:3239} INFO - Sync 1 DAGs
[2024-10-13T20:57:46.304-0400] {logging_mixin.py:190} INFO - [2024-10-13T20:57:46.304-0400] {dag.py:4180} INFO - Setting next_dagrun for example_task_group_decorator to None, run_after=None
[2024-10-13T20:57:46.327-0400] {processor.py:208} INFO - Processing /Users/karenwang/anaconda3/envs/airflow_sqlite_env/lib/python3.9/site-packages/airflow/example_dags/example_task_group_decorator.py took 0.313 seconds
[2024-10-13T21:01:25.503-0400] {processor.py:186} INFO - Started process (PID=44484) to work on /Users/karenwang/anaconda3/envs/airflow_sqlite_env/lib/python3.9/site-packages/airflow/example_dags/example_task_group_decorator.py
[2024-10-13T21:01:25.505-0400] {processor.py:914} INFO - Processing file /Users/karenwang/anaconda3/envs/airflow_sqlite_env/lib/python3.9/site-packages/airflow/example_dags/example_task_group_decorator.py for tasks to queue
[2024-10-13T21:01:25.507-0400] {logging_mixin.py:190} INFO - [2024-10-13T21:01:25.506-0400] {dagbag.py:588} INFO - Filling up the DagBag from /Users/karenwang/anaconda3/envs/airflow_sqlite_env/lib/python3.9/site-packages/airflow/example_dags/example_task_group_decorator.py
[2024-10-13T21:01:25.603-0400] {processor.py:925} INFO - DAG(s) 'example_task_group_decorator' retrieved from /Users/karenwang/anaconda3/envs/airflow_sqlite_env/lib/python3.9/site-packages/airflow/example_dags/example_task_group_decorator.py
[2024-10-13T21:01:25.768-0400] {logging_mixin.py:190} INFO - [2024-10-13T21:01:25.767-0400] {dag.py:3239} INFO - Sync 1 DAGs
[2024-10-13T21:01:25.781-0400] {logging_mixin.py:190} INFO - [2024-10-13T21:01:25.781-0400] {dag.py:4180} INFO - Setting next_dagrun for example_task_group_decorator to None, run_after=None
[2024-10-13T21:01:25.801-0400] {processor.py:208} INFO - Processing /Users/karenwang/anaconda3/envs/airflow_sqlite_env/lib/python3.9/site-packages/airflow/example_dags/example_task_group_decorator.py took 0.304 seconds
[2024-10-13T21:05:05.352-0400] {processor.py:186} INFO - Started process (PID=45618) to work on /Users/karenwang/anaconda3/envs/airflow_sqlite_env/lib/python3.9/site-packages/airflow/example_dags/example_task_group_decorator.py
[2024-10-13T21:05:05.353-0400] {processor.py:914} INFO - Processing file /Users/karenwang/anaconda3/envs/airflow_sqlite_env/lib/python3.9/site-packages/airflow/example_dags/example_task_group_decorator.py for tasks to queue
[2024-10-13T21:05:05.355-0400] {logging_mixin.py:190} INFO - [2024-10-13T21:05:05.355-0400] {dagbag.py:588} INFO - Filling up the DagBag from /Users/karenwang/anaconda3/envs/airflow_sqlite_env/lib/python3.9/site-packages/airflow/example_dags/example_task_group_decorator.py
[2024-10-13T21:05:05.464-0400] {processor.py:925} INFO - DAG(s) 'example_task_group_decorator' retrieved from /Users/karenwang/anaconda3/envs/airflow_sqlite_env/lib/python3.9/site-packages/airflow/example_dags/example_task_group_decorator.py
[2024-10-13T21:05:05.617-0400] {logging_mixin.py:190} INFO - [2024-10-13T21:05:05.617-0400] {dag.py:3239} INFO - Sync 1 DAGs
[2024-10-13T21:05:05.636-0400] {logging_mixin.py:190} INFO - [2024-10-13T21:05:05.636-0400] {dag.py:4180} INFO - Setting next_dagrun for example_task_group_decorator to None, run_after=None
[2024-10-13T21:05:05.659-0400] {processor.py:208} INFO - Processing /Users/karenwang/anaconda3/envs/airflow_sqlite_env/lib/python3.9/site-packages/airflow/example_dags/example_task_group_decorator.py took 0.313 seconds
[2024-10-13T21:10:31.876-0400] {processor.py:186} INFO - Started process (PID=47392) to work on /Users/karenwang/anaconda3/envs/airflow_sqlite_env/lib/python3.9/site-packages/airflow/example_dags/example_task_group_decorator.py
[2024-10-13T21:10:31.877-0400] {processor.py:914} INFO - Processing file /Users/karenwang/anaconda3/envs/airflow_sqlite_env/lib/python3.9/site-packages/airflow/example_dags/example_task_group_decorator.py for tasks to queue
[2024-10-13T21:10:31.878-0400] {logging_mixin.py:190} INFO - [2024-10-13T21:10:31.878-0400] {dagbag.py:588} INFO - Filling up the DagBag from /Users/karenwang/anaconda3/envs/airflow_sqlite_env/lib/python3.9/site-packages/airflow/example_dags/example_task_group_decorator.py
[2024-10-13T21:10:31.976-0400] {processor.py:925} INFO - DAG(s) 'example_task_group_decorator' retrieved from /Users/karenwang/anaconda3/envs/airflow_sqlite_env/lib/python3.9/site-packages/airflow/example_dags/example_task_group_decorator.py
[2024-10-13T21:10:32.135-0400] {logging_mixin.py:190} INFO - [2024-10-13T21:10:32.135-0400] {dag.py:3239} INFO - Sync 1 DAGs
[2024-10-13T21:10:32.152-0400] {logging_mixin.py:190} INFO - [2024-10-13T21:10:32.152-0400] {dag.py:4180} INFO - Setting next_dagrun for example_task_group_decorator to None, run_after=None
[2024-10-13T21:10:32.175-0400] {processor.py:208} INFO - Processing /Users/karenwang/anaconda3/envs/airflow_sqlite_env/lib/python3.9/site-packages/airflow/example_dags/example_task_group_decorator.py took 0.305 seconds
[2024-10-13T21:15:02.754-0400] {processor.py:186} INFO - Started process (PID=48850) to work on /Users/karenwang/anaconda3/envs/airflow_sqlite_env/lib/python3.9/site-packages/airflow/example_dags/example_task_group_decorator.py
[2024-10-13T21:15:02.756-0400] {processor.py:914} INFO - Processing file /Users/karenwang/anaconda3/envs/airflow_sqlite_env/lib/python3.9/site-packages/airflow/example_dags/example_task_group_decorator.py for tasks to queue
[2024-10-13T21:15:02.757-0400] {logging_mixin.py:190} INFO - [2024-10-13T21:15:02.757-0400] {dagbag.py:588} INFO - Filling up the DagBag from /Users/karenwang/anaconda3/envs/airflow_sqlite_env/lib/python3.9/site-packages/airflow/example_dags/example_task_group_decorator.py
[2024-10-13T21:15:02.896-0400] {processor.py:925} INFO - DAG(s) 'example_task_group_decorator' retrieved from /Users/karenwang/anaconda3/envs/airflow_sqlite_env/lib/python3.9/site-packages/airflow/example_dags/example_task_group_decorator.py
[2024-10-13T21:15:03.102-0400] {logging_mixin.py:190} INFO - [2024-10-13T21:15:03.102-0400] {dag.py:3239} INFO - Sync 1 DAGs
[2024-10-13T21:15:03.119-0400] {logging_mixin.py:190} INFO - [2024-10-13T21:15:03.119-0400] {dag.py:4180} INFO - Setting next_dagrun for example_task_group_decorator to None, run_after=None
[2024-10-13T21:15:03.148-0400] {processor.py:208} INFO - Processing /Users/karenwang/anaconda3/envs/airflow_sqlite_env/lib/python3.9/site-packages/airflow/example_dags/example_task_group_decorator.py took 0.399 seconds
[2024-10-13T21:18:56.592-0400] {processor.py:186} INFO - Started process (PID=50232) to work on /Users/karenwang/anaconda3/envs/airflow_sqlite_env/lib/python3.9/site-packages/airflow/example_dags/example_task_group_decorator.py
[2024-10-13T21:18:56.594-0400] {processor.py:914} INFO - Processing file /Users/karenwang/anaconda3/envs/airflow_sqlite_env/lib/python3.9/site-packages/airflow/example_dags/example_task_group_decorator.py for tasks to queue
[2024-10-13T21:18:56.595-0400] {logging_mixin.py:190} INFO - [2024-10-13T21:18:56.595-0400] {dagbag.py:588} INFO - Filling up the DagBag from /Users/karenwang/anaconda3/envs/airflow_sqlite_env/lib/python3.9/site-packages/airflow/example_dags/example_task_group_decorator.py
[2024-10-13T21:18:56.698-0400] {processor.py:925} INFO - DAG(s) 'example_task_group_decorator' retrieved from /Users/karenwang/anaconda3/envs/airflow_sqlite_env/lib/python3.9/site-packages/airflow/example_dags/example_task_group_decorator.py
[2024-10-13T21:18:56.842-0400] {logging_mixin.py:190} INFO - [2024-10-13T21:18:56.841-0400] {dag.py:3239} INFO - Sync 1 DAGs
[2024-10-13T21:18:56.854-0400] {logging_mixin.py:190} INFO - [2024-10-13T21:18:56.854-0400] {dag.py:4180} INFO - Setting next_dagrun for example_task_group_decorator to None, run_after=None
[2024-10-13T21:18:56.875-0400] {processor.py:208} INFO - Processing /Users/karenwang/anaconda3/envs/airflow_sqlite_env/lib/python3.9/site-packages/airflow/example_dags/example_task_group_decorator.py took 0.289 seconds
[2024-10-13T21:22:36.525-0400] {processor.py:186} INFO - Started process (PID=51372) to work on /Users/karenwang/anaconda3/envs/airflow_sqlite_env/lib/python3.9/site-packages/airflow/example_dags/example_task_group_decorator.py
[2024-10-13T21:22:36.527-0400] {processor.py:914} INFO - Processing file /Users/karenwang/anaconda3/envs/airflow_sqlite_env/lib/python3.9/site-packages/airflow/example_dags/example_task_group_decorator.py for tasks to queue
[2024-10-13T21:22:36.528-0400] {logging_mixin.py:190} INFO - [2024-10-13T21:22:36.528-0400] {dagbag.py:588} INFO - Filling up the DagBag from /Users/karenwang/anaconda3/envs/airflow_sqlite_env/lib/python3.9/site-packages/airflow/example_dags/example_task_group_decorator.py
[2024-10-13T21:22:36.630-0400] {processor.py:925} INFO - DAG(s) 'example_task_group_decorator' retrieved from /Users/karenwang/anaconda3/envs/airflow_sqlite_env/lib/python3.9/site-packages/airflow/example_dags/example_task_group_decorator.py
[2024-10-13T21:22:36.792-0400] {logging_mixin.py:190} INFO - [2024-10-13T21:22:36.791-0400] {dag.py:3239} INFO - Sync 1 DAGs
[2024-10-13T21:22:36.804-0400] {logging_mixin.py:190} INFO - [2024-10-13T21:22:36.804-0400] {dag.py:4180} INFO - Setting next_dagrun for example_task_group_decorator to None, run_after=None
[2024-10-13T21:22:36.823-0400] {processor.py:208} INFO - Processing /Users/karenwang/anaconda3/envs/airflow_sqlite_env/lib/python3.9/site-packages/airflow/example_dags/example_task_group_decorator.py took 0.303 seconds
[2024-10-13T21:26:16.985-0400] {processor.py:186} INFO - Started process (PID=52501) to work on /Users/karenwang/anaconda3/envs/airflow_sqlite_env/lib/python3.9/site-packages/airflow/example_dags/example_task_group_decorator.py
[2024-10-13T21:26:16.987-0400] {processor.py:914} INFO - Processing file /Users/karenwang/anaconda3/envs/airflow_sqlite_env/lib/python3.9/site-packages/airflow/example_dags/example_task_group_decorator.py for tasks to queue
[2024-10-13T21:26:16.988-0400] {logging_mixin.py:190} INFO - [2024-10-13T21:26:16.988-0400] {dagbag.py:588} INFO - Filling up the DagBag from /Users/karenwang/anaconda3/envs/airflow_sqlite_env/lib/python3.9/site-packages/airflow/example_dags/example_task_group_decorator.py
[2024-10-13T21:26:17.088-0400] {processor.py:925} INFO - DAG(s) 'example_task_group_decorator' retrieved from /Users/karenwang/anaconda3/envs/airflow_sqlite_env/lib/python3.9/site-packages/airflow/example_dags/example_task_group_decorator.py
[2024-10-13T21:26:17.265-0400] {logging_mixin.py:190} INFO - [2024-10-13T21:26:17.264-0400] {dag.py:3239} INFO - Sync 1 DAGs
[2024-10-13T21:26:17.280-0400] {logging_mixin.py:190} INFO - [2024-10-13T21:26:17.280-0400] {dag.py:4180} INFO - Setting next_dagrun for example_task_group_decorator to None, run_after=None
[2024-10-13T21:26:17.304-0400] {processor.py:208} INFO - Processing /Users/karenwang/anaconda3/envs/airflow_sqlite_env/lib/python3.9/site-packages/airflow/example_dags/example_task_group_decorator.py took 0.325 seconds
[2024-10-13T21:30:09.707-0400] {processor.py:186} INFO - Started process (PID=53741) to work on /Users/karenwang/anaconda3/envs/airflow_sqlite_env/lib/python3.9/site-packages/airflow/example_dags/example_task_group_decorator.py
[2024-10-13T21:30:09.708-0400] {processor.py:914} INFO - Processing file /Users/karenwang/anaconda3/envs/airflow_sqlite_env/lib/python3.9/site-packages/airflow/example_dags/example_task_group_decorator.py for tasks to queue
[2024-10-13T21:30:09.710-0400] {logging_mixin.py:190} INFO - [2024-10-13T21:30:09.710-0400] {dagbag.py:588} INFO - Filling up the DagBag from /Users/karenwang/anaconda3/envs/airflow_sqlite_env/lib/python3.9/site-packages/airflow/example_dags/example_task_group_decorator.py
[2024-10-13T21:30:09.836-0400] {processor.py:925} INFO - DAG(s) 'example_task_group_decorator' retrieved from /Users/karenwang/anaconda3/envs/airflow_sqlite_env/lib/python3.9/site-packages/airflow/example_dags/example_task_group_decorator.py
[2024-10-13T21:30:10.016-0400] {logging_mixin.py:190} INFO - [2024-10-13T21:30:10.016-0400] {dag.py:3239} INFO - Sync 1 DAGs
[2024-10-13T21:30:10.036-0400] {logging_mixin.py:190} INFO - [2024-10-13T21:30:10.036-0400] {dag.py:4180} INFO - Setting next_dagrun for example_task_group_decorator to None, run_after=None
[2024-10-13T21:30:10.060-0400] {processor.py:208} INFO - Processing /Users/karenwang/anaconda3/envs/airflow_sqlite_env/lib/python3.9/site-packages/airflow/example_dags/example_task_group_decorator.py took 0.359 seconds
[2024-10-13T21:34:07.580-0400] {processor.py:186} INFO - Started process (PID=54952) to work on /Users/karenwang/anaconda3/envs/airflow_sqlite_env/lib/python3.9/site-packages/airflow/example_dags/example_task_group_decorator.py
[2024-10-13T21:34:07.582-0400] {processor.py:914} INFO - Processing file /Users/karenwang/anaconda3/envs/airflow_sqlite_env/lib/python3.9/site-packages/airflow/example_dags/example_task_group_decorator.py for tasks to queue
[2024-10-13T21:34:07.584-0400] {logging_mixin.py:190} INFO - [2024-10-13T21:34:07.583-0400] {dagbag.py:588} INFO - Filling up the DagBag from /Users/karenwang/anaconda3/envs/airflow_sqlite_env/lib/python3.9/site-packages/airflow/example_dags/example_task_group_decorator.py
[2024-10-13T21:34:07.708-0400] {processor.py:925} INFO - DAG(s) 'example_task_group_decorator' retrieved from /Users/karenwang/anaconda3/envs/airflow_sqlite_env/lib/python3.9/site-packages/airflow/example_dags/example_task_group_decorator.py
[2024-10-13T21:34:07.874-0400] {logging_mixin.py:190} INFO - [2024-10-13T21:34:07.874-0400] {dag.py:3239} INFO - Sync 1 DAGs
[2024-10-13T21:34:07.892-0400] {logging_mixin.py:190} INFO - [2024-10-13T21:34:07.892-0400] {dag.py:4180} INFO - Setting next_dagrun for example_task_group_decorator to None, run_after=None
[2024-10-13T21:34:07.916-0400] {processor.py:208} INFO - Processing /Users/karenwang/anaconda3/envs/airflow_sqlite_env/lib/python3.9/site-packages/airflow/example_dags/example_task_group_decorator.py took 0.342 seconds
[2024-10-13T21:38:00.549-0400] {processor.py:186} INFO - Started process (PID=56192) to work on /Users/karenwang/anaconda3/envs/airflow_sqlite_env/lib/python3.9/site-packages/airflow/example_dags/example_task_group_decorator.py
[2024-10-13T21:38:00.551-0400] {processor.py:914} INFO - Processing file /Users/karenwang/anaconda3/envs/airflow_sqlite_env/lib/python3.9/site-packages/airflow/example_dags/example_task_group_decorator.py for tasks to queue
[2024-10-13T21:38:00.552-0400] {logging_mixin.py:190} INFO - [2024-10-13T21:38:00.551-0400] {dagbag.py:588} INFO - Filling up the DagBag from /Users/karenwang/anaconda3/envs/airflow_sqlite_env/lib/python3.9/site-packages/airflow/example_dags/example_task_group_decorator.py
[2024-10-13T21:38:00.655-0400] {processor.py:925} INFO - DAG(s) 'example_task_group_decorator' retrieved from /Users/karenwang/anaconda3/envs/airflow_sqlite_env/lib/python3.9/site-packages/airflow/example_dags/example_task_group_decorator.py
[2024-10-13T21:38:00.848-0400] {logging_mixin.py:190} INFO - [2024-10-13T21:38:00.847-0400] {dag.py:3239} INFO - Sync 1 DAGs
[2024-10-13T21:38:00.860-0400] {logging_mixin.py:190} INFO - [2024-10-13T21:38:00.860-0400] {dag.py:4180} INFO - Setting next_dagrun for example_task_group_decorator to None, run_after=None
[2024-10-13T21:38:00.882-0400] {processor.py:208} INFO - Processing /Users/karenwang/anaconda3/envs/airflow_sqlite_env/lib/python3.9/site-packages/airflow/example_dags/example_task_group_decorator.py took 0.338 seconds
[2024-10-13T21:41:55.746-0400] {processor.py:186} INFO - Started process (PID=57405) to work on /Users/karenwang/anaconda3/envs/airflow_sqlite_env/lib/python3.9/site-packages/airflow/example_dags/example_task_group_decorator.py
[2024-10-13T21:41:55.748-0400] {processor.py:914} INFO - Processing file /Users/karenwang/anaconda3/envs/airflow_sqlite_env/lib/python3.9/site-packages/airflow/example_dags/example_task_group_decorator.py for tasks to queue
[2024-10-13T21:41:55.750-0400] {logging_mixin.py:190} INFO - [2024-10-13T21:41:55.750-0400] {dagbag.py:588} INFO - Filling up the DagBag from /Users/karenwang/anaconda3/envs/airflow_sqlite_env/lib/python3.9/site-packages/airflow/example_dags/example_task_group_decorator.py
[2024-10-13T21:41:55.866-0400] {processor.py:925} INFO - DAG(s) 'example_task_group_decorator' retrieved from /Users/karenwang/anaconda3/envs/airflow_sqlite_env/lib/python3.9/site-packages/airflow/example_dags/example_task_group_decorator.py
[2024-10-13T21:41:56.087-0400] {logging_mixin.py:190} INFO - [2024-10-13T21:41:56.086-0400] {dag.py:3239} INFO - Sync 1 DAGs
[2024-10-13T21:41:56.105-0400] {logging_mixin.py:190} INFO - [2024-10-13T21:41:56.104-0400] {dag.py:4180} INFO - Setting next_dagrun for example_task_group_decorator to None, run_after=None
[2024-10-13T21:41:56.132-0400] {processor.py:208} INFO - Processing /Users/karenwang/anaconda3/envs/airflow_sqlite_env/lib/python3.9/site-packages/airflow/example_dags/example_task_group_decorator.py took 0.391 seconds
[2024-10-13T21:45:47.307-0400] {processor.py:186} INFO - Started process (PID=58582) to work on /Users/karenwang/anaconda3/envs/airflow_sqlite_env/lib/python3.9/site-packages/airflow/example_dags/example_task_group_decorator.py
[2024-10-13T21:45:47.308-0400] {processor.py:914} INFO - Processing file /Users/karenwang/anaconda3/envs/airflow_sqlite_env/lib/python3.9/site-packages/airflow/example_dags/example_task_group_decorator.py for tasks to queue
[2024-10-13T21:45:47.309-0400] {logging_mixin.py:190} INFO - [2024-10-13T21:45:47.309-0400] {dagbag.py:588} INFO - Filling up the DagBag from /Users/karenwang/anaconda3/envs/airflow_sqlite_env/lib/python3.9/site-packages/airflow/example_dags/example_task_group_decorator.py
[2024-10-13T21:45:47.416-0400] {processor.py:925} INFO - DAG(s) 'example_task_group_decorator' retrieved from /Users/karenwang/anaconda3/envs/airflow_sqlite_env/lib/python3.9/site-packages/airflow/example_dags/example_task_group_decorator.py
[2024-10-13T21:45:47.588-0400] {logging_mixin.py:190} INFO - [2024-10-13T21:45:47.588-0400] {dag.py:3239} INFO - Sync 1 DAGs
[2024-10-13T21:45:47.605-0400] {logging_mixin.py:190} INFO - [2024-10-13T21:45:47.605-0400] {dag.py:4180} INFO - Setting next_dagrun for example_task_group_decorator to None, run_after=None
[2024-10-13T21:45:47.628-0400] {processor.py:208} INFO - Processing /Users/karenwang/anaconda3/envs/airflow_sqlite_env/lib/python3.9/site-packages/airflow/example_dags/example_task_group_decorator.py took 0.327 seconds
[2024-10-13T21:49:48.237-0400] {processor.py:186} INFO - Started process (PID=59863) to work on /Users/karenwang/anaconda3/envs/airflow_sqlite_env/lib/python3.9/site-packages/airflow/example_dags/example_task_group_decorator.py
[2024-10-13T21:49:48.239-0400] {processor.py:914} INFO - Processing file /Users/karenwang/anaconda3/envs/airflow_sqlite_env/lib/python3.9/site-packages/airflow/example_dags/example_task_group_decorator.py for tasks to queue
[2024-10-13T21:49:48.240-0400] {logging_mixin.py:190} INFO - [2024-10-13T21:49:48.240-0400] {dagbag.py:588} INFO - Filling up the DagBag from /Users/karenwang/anaconda3/envs/airflow_sqlite_env/lib/python3.9/site-packages/airflow/example_dags/example_task_group_decorator.py
[2024-10-13T21:49:48.346-0400] {processor.py:925} INFO - DAG(s) 'example_task_group_decorator' retrieved from /Users/karenwang/anaconda3/envs/airflow_sqlite_env/lib/python3.9/site-packages/airflow/example_dags/example_task_group_decorator.py
[2024-10-13T21:49:48.527-0400] {logging_mixin.py:190} INFO - [2024-10-13T21:49:48.526-0400] {dag.py:3239} INFO - Sync 1 DAGs
[2024-10-13T21:49:48.540-0400] {logging_mixin.py:190} INFO - [2024-10-13T21:49:48.540-0400] {dag.py:4180} INFO - Setting next_dagrun for example_task_group_decorator to None, run_after=None
[2024-10-13T21:49:48.565-0400] {processor.py:208} INFO - Processing /Users/karenwang/anaconda3/envs/airflow_sqlite_env/lib/python3.9/site-packages/airflow/example_dags/example_task_group_decorator.py took 0.333 seconds
[2024-10-13T21:53:50.393-0400] {processor.py:186} INFO - Started process (PID=61098) to work on /Users/karenwang/anaconda3/envs/airflow_sqlite_env/lib/python3.9/site-packages/airflow/example_dags/example_task_group_decorator.py
[2024-10-13T21:53:50.395-0400] {processor.py:914} INFO - Processing file /Users/karenwang/anaconda3/envs/airflow_sqlite_env/lib/python3.9/site-packages/airflow/example_dags/example_task_group_decorator.py for tasks to queue
[2024-10-13T21:53:50.396-0400] {logging_mixin.py:190} INFO - [2024-10-13T21:53:50.396-0400] {dagbag.py:588} INFO - Filling up the DagBag from /Users/karenwang/anaconda3/envs/airflow_sqlite_env/lib/python3.9/site-packages/airflow/example_dags/example_task_group_decorator.py
[2024-10-13T21:53:50.512-0400] {processor.py:925} INFO - DAG(s) 'example_task_group_decorator' retrieved from /Users/karenwang/anaconda3/envs/airflow_sqlite_env/lib/python3.9/site-packages/airflow/example_dags/example_task_group_decorator.py
[2024-10-13T21:53:50.690-0400] {logging_mixin.py:190} INFO - [2024-10-13T21:53:50.690-0400] {dag.py:3239} INFO - Sync 1 DAGs
[2024-10-13T21:53:50.709-0400] {logging_mixin.py:190} INFO - [2024-10-13T21:53:50.709-0400] {dag.py:4180} INFO - Setting next_dagrun for example_task_group_decorator to None, run_after=None
[2024-10-13T21:53:50.731-0400] {processor.py:208} INFO - Processing /Users/karenwang/anaconda3/envs/airflow_sqlite_env/lib/python3.9/site-packages/airflow/example_dags/example_task_group_decorator.py took 0.344 seconds
[2024-10-13T21:57:47.614-0400] {processor.py:186} INFO - Started process (PID=62325) to work on /Users/karenwang/anaconda3/envs/airflow_sqlite_env/lib/python3.9/site-packages/airflow/example_dags/example_task_group_decorator.py
[2024-10-13T21:57:47.615-0400] {processor.py:914} INFO - Processing file /Users/karenwang/anaconda3/envs/airflow_sqlite_env/lib/python3.9/site-packages/airflow/example_dags/example_task_group_decorator.py for tasks to queue
[2024-10-13T21:57:47.617-0400] {logging_mixin.py:190} INFO - [2024-10-13T21:57:47.617-0400] {dagbag.py:588} INFO - Filling up the DagBag from /Users/karenwang/anaconda3/envs/airflow_sqlite_env/lib/python3.9/site-packages/airflow/example_dags/example_task_group_decorator.py
[2024-10-13T21:57:47.728-0400] {processor.py:925} INFO - DAG(s) 'example_task_group_decorator' retrieved from /Users/karenwang/anaconda3/envs/airflow_sqlite_env/lib/python3.9/site-packages/airflow/example_dags/example_task_group_decorator.py
[2024-10-13T21:57:47.891-0400] {logging_mixin.py:190} INFO - [2024-10-13T21:57:47.890-0400] {dag.py:3239} INFO - Sync 1 DAGs
[2024-10-13T21:57:47.904-0400] {logging_mixin.py:190} INFO - [2024-10-13T21:57:47.903-0400] {dag.py:4180} INFO - Setting next_dagrun for example_task_group_decorator to None, run_after=None
[2024-10-13T21:57:47.925-0400] {processor.py:208} INFO - Processing /Users/karenwang/anaconda3/envs/airflow_sqlite_env/lib/python3.9/site-packages/airflow/example_dags/example_task_group_decorator.py took 0.318 seconds
[2024-10-13T22:01:33.948-0400] {processor.py:186} INFO - Started process (PID=63488) to work on /Users/karenwang/anaconda3/envs/airflow_sqlite_env/lib/python3.9/site-packages/airflow/example_dags/example_task_group_decorator.py
[2024-10-13T22:01:33.949-0400] {processor.py:914} INFO - Processing file /Users/karenwang/anaconda3/envs/airflow_sqlite_env/lib/python3.9/site-packages/airflow/example_dags/example_task_group_decorator.py for tasks to queue
[2024-10-13T22:01:33.951-0400] {logging_mixin.py:190} INFO - [2024-10-13T22:01:33.950-0400] {dagbag.py:588} INFO - Filling up the DagBag from /Users/karenwang/anaconda3/envs/airflow_sqlite_env/lib/python3.9/site-packages/airflow/example_dags/example_task_group_decorator.py
[2024-10-13T22:01:34.080-0400] {processor.py:925} INFO - DAG(s) 'example_task_group_decorator' retrieved from /Users/karenwang/anaconda3/envs/airflow_sqlite_env/lib/python3.9/site-packages/airflow/example_dags/example_task_group_decorator.py
[2024-10-13T22:01:34.308-0400] {logging_mixin.py:190} INFO - [2024-10-13T22:01:34.308-0400] {dag.py:3239} INFO - Sync 1 DAGs
[2024-10-13T22:01:34.325-0400] {logging_mixin.py:190} INFO - [2024-10-13T22:01:34.325-0400] {dag.py:4180} INFO - Setting next_dagrun for example_task_group_decorator to None, run_after=None
[2024-10-13T22:01:34.350-0400] {processor.py:208} INFO - Processing /Users/karenwang/anaconda3/envs/airflow_sqlite_env/lib/python3.9/site-packages/airflow/example_dags/example_task_group_decorator.py took 0.411 seconds
[2024-10-13T22:05:29.658-0400] {processor.py:186} INFO - Started process (PID=64698) to work on /Users/karenwang/anaconda3/envs/airflow_sqlite_env/lib/python3.9/site-packages/airflow/example_dags/example_task_group_decorator.py
[2024-10-13T22:05:29.659-0400] {processor.py:914} INFO - Processing file /Users/karenwang/anaconda3/envs/airflow_sqlite_env/lib/python3.9/site-packages/airflow/example_dags/example_task_group_decorator.py for tasks to queue
[2024-10-13T22:05:29.661-0400] {logging_mixin.py:190} INFO - [2024-10-13T22:05:29.661-0400] {dagbag.py:588} INFO - Filling up the DagBag from /Users/karenwang/anaconda3/envs/airflow_sqlite_env/lib/python3.9/site-packages/airflow/example_dags/example_task_group_decorator.py
[2024-10-13T22:05:29.765-0400] {processor.py:925} INFO - DAG(s) 'example_task_group_decorator' retrieved from /Users/karenwang/anaconda3/envs/airflow_sqlite_env/lib/python3.9/site-packages/airflow/example_dags/example_task_group_decorator.py
[2024-10-13T22:05:29.929-0400] {logging_mixin.py:190} INFO - [2024-10-13T22:05:29.928-0400] {dag.py:3239} INFO - Sync 1 DAGs
[2024-10-13T22:05:29.942-0400] {logging_mixin.py:190} INFO - [2024-10-13T22:05:29.942-0400] {dag.py:4180} INFO - Setting next_dagrun for example_task_group_decorator to None, run_after=None
[2024-10-13T22:05:29.967-0400] {processor.py:208} INFO - Processing /Users/karenwang/anaconda3/envs/airflow_sqlite_env/lib/python3.9/site-packages/airflow/example_dags/example_task_group_decorator.py took 0.315 seconds
[2024-10-13T22:09:26.668-0400] {processor.py:186} INFO - Started process (PID=65926) to work on /Users/karenwang/anaconda3/envs/airflow_sqlite_env/lib/python3.9/site-packages/airflow/example_dags/example_task_group_decorator.py
[2024-10-13T22:09:26.670-0400] {processor.py:914} INFO - Processing file /Users/karenwang/anaconda3/envs/airflow_sqlite_env/lib/python3.9/site-packages/airflow/example_dags/example_task_group_decorator.py for tasks to queue
[2024-10-13T22:09:26.671-0400] {logging_mixin.py:190} INFO - [2024-10-13T22:09:26.671-0400] {dagbag.py:588} INFO - Filling up the DagBag from /Users/karenwang/anaconda3/envs/airflow_sqlite_env/lib/python3.9/site-packages/airflow/example_dags/example_task_group_decorator.py
[2024-10-13T22:09:26.780-0400] {processor.py:925} INFO - DAG(s) 'example_task_group_decorator' retrieved from /Users/karenwang/anaconda3/envs/airflow_sqlite_env/lib/python3.9/site-packages/airflow/example_dags/example_task_group_decorator.py
[2024-10-13T22:09:26.949-0400] {logging_mixin.py:190} INFO - [2024-10-13T22:09:26.948-0400] {dag.py:3239} INFO - Sync 1 DAGs
[2024-10-13T22:09:26.965-0400] {logging_mixin.py:190} INFO - [2024-10-13T22:09:26.965-0400] {dag.py:4180} INFO - Setting next_dagrun for example_task_group_decorator to None, run_after=None
[2024-10-13T22:09:26.987-0400] {processor.py:208} INFO - Processing /Users/karenwang/anaconda3/envs/airflow_sqlite_env/lib/python3.9/site-packages/airflow/example_dags/example_task_group_decorator.py took 0.325 seconds
[2024-10-13T22:13:19.681-0400] {processor.py:186} INFO - Started process (PID=67115) to work on /Users/karenwang/anaconda3/envs/airflow_sqlite_env/lib/python3.9/site-packages/airflow/example_dags/example_task_group_decorator.py
[2024-10-13T22:13:19.682-0400] {processor.py:914} INFO - Processing file /Users/karenwang/anaconda3/envs/airflow_sqlite_env/lib/python3.9/site-packages/airflow/example_dags/example_task_group_decorator.py for tasks to queue
[2024-10-13T22:13:19.683-0400] {logging_mixin.py:190} INFO - [2024-10-13T22:13:19.683-0400] {dagbag.py:588} INFO - Filling up the DagBag from /Users/karenwang/anaconda3/envs/airflow_sqlite_env/lib/python3.9/site-packages/airflow/example_dags/example_task_group_decorator.py
[2024-10-13T22:13:19.791-0400] {processor.py:925} INFO - DAG(s) 'example_task_group_decorator' retrieved from /Users/karenwang/anaconda3/envs/airflow_sqlite_env/lib/python3.9/site-packages/airflow/example_dags/example_task_group_decorator.py
[2024-10-13T22:13:19.962-0400] {logging_mixin.py:190} INFO - [2024-10-13T22:13:19.961-0400] {dag.py:3239} INFO - Sync 1 DAGs
[2024-10-13T22:13:19.978-0400] {logging_mixin.py:190} INFO - [2024-10-13T22:13:19.978-0400] {dag.py:4180} INFO - Setting next_dagrun for example_task_group_decorator to None, run_after=None
[2024-10-13T22:13:19.999-0400] {processor.py:208} INFO - Processing /Users/karenwang/anaconda3/envs/airflow_sqlite_env/lib/python3.9/site-packages/airflow/example_dags/example_task_group_decorator.py took 0.325 seconds
[2024-10-13T22:17:22.121-0400] {processor.py:186} INFO - Started process (PID=68358) to work on /Users/karenwang/anaconda3/envs/airflow_sqlite_env/lib/python3.9/site-packages/airflow/example_dags/example_task_group_decorator.py
[2024-10-13T22:17:22.123-0400] {processor.py:914} INFO - Processing file /Users/karenwang/anaconda3/envs/airflow_sqlite_env/lib/python3.9/site-packages/airflow/example_dags/example_task_group_decorator.py for tasks to queue
[2024-10-13T22:17:22.124-0400] {logging_mixin.py:190} INFO - [2024-10-13T22:17:22.124-0400] {dagbag.py:588} INFO - Filling up the DagBag from /Users/karenwang/anaconda3/envs/airflow_sqlite_env/lib/python3.9/site-packages/airflow/example_dags/example_task_group_decorator.py
[2024-10-13T22:17:22.238-0400] {processor.py:925} INFO - DAG(s) 'example_task_group_decorator' retrieved from /Users/karenwang/anaconda3/envs/airflow_sqlite_env/lib/python3.9/site-packages/airflow/example_dags/example_task_group_decorator.py
[2024-10-13T22:17:22.419-0400] {logging_mixin.py:190} INFO - [2024-10-13T22:17:22.419-0400] {dag.py:3239} INFO - Sync 1 DAGs
[2024-10-13T22:17:22.435-0400] {logging_mixin.py:190} INFO - [2024-10-13T22:17:22.434-0400] {dag.py:4180} INFO - Setting next_dagrun for example_task_group_decorator to None, run_after=None
[2024-10-13T22:17:22.460-0400] {processor.py:208} INFO - Processing /Users/karenwang/anaconda3/envs/airflow_sqlite_env/lib/python3.9/site-packages/airflow/example_dags/example_task_group_decorator.py took 0.345 seconds
[2024-10-13T22:21:21.240-0400] {processor.py:186} INFO - Started process (PID=69583) to work on /Users/karenwang/anaconda3/envs/airflow_sqlite_env/lib/python3.9/site-packages/airflow/example_dags/example_task_group_decorator.py
[2024-10-13T22:21:21.242-0400] {processor.py:914} INFO - Processing file /Users/karenwang/anaconda3/envs/airflow_sqlite_env/lib/python3.9/site-packages/airflow/example_dags/example_task_group_decorator.py for tasks to queue
[2024-10-13T22:21:21.243-0400] {logging_mixin.py:190} INFO - [2024-10-13T22:21:21.243-0400] {dagbag.py:588} INFO - Filling up the DagBag from /Users/karenwang/anaconda3/envs/airflow_sqlite_env/lib/python3.9/site-packages/airflow/example_dags/example_task_group_decorator.py
[2024-10-13T22:21:21.375-0400] {processor.py:925} INFO - DAG(s) 'example_task_group_decorator' retrieved from /Users/karenwang/anaconda3/envs/airflow_sqlite_env/lib/python3.9/site-packages/airflow/example_dags/example_task_group_decorator.py
[2024-10-13T22:21:21.524-0400] {logging_mixin.py:190} INFO - [2024-10-13T22:21:21.523-0400] {dag.py:3239} INFO - Sync 1 DAGs
[2024-10-13T22:21:21.541-0400] {logging_mixin.py:190} INFO - [2024-10-13T22:21:21.540-0400] {dag.py:4180} INFO - Setting next_dagrun for example_task_group_decorator to None, run_after=None
[2024-10-13T22:21:21.562-0400] {processor.py:208} INFO - Processing /Users/karenwang/anaconda3/envs/airflow_sqlite_env/lib/python3.9/site-packages/airflow/example_dags/example_task_group_decorator.py took 0.328 seconds
[2024-10-13T22:25:30.760-0400] {processor.py:186} INFO - Started process (PID=70930) to work on /Users/karenwang/anaconda3/envs/airflow_sqlite_env/lib/python3.9/site-packages/airflow/example_dags/example_task_group_decorator.py
[2024-10-13T22:25:30.762-0400] {processor.py:914} INFO - Processing file /Users/karenwang/anaconda3/envs/airflow_sqlite_env/lib/python3.9/site-packages/airflow/example_dags/example_task_group_decorator.py for tasks to queue
[2024-10-13T22:25:30.764-0400] {logging_mixin.py:190} INFO - [2024-10-13T22:25:30.763-0400] {dagbag.py:588} INFO - Filling up the DagBag from /Users/karenwang/anaconda3/envs/airflow_sqlite_env/lib/python3.9/site-packages/airflow/example_dags/example_task_group_decorator.py
[2024-10-13T22:25:30.881-0400] {processor.py:925} INFO - DAG(s) 'example_task_group_decorator' retrieved from /Users/karenwang/anaconda3/envs/airflow_sqlite_env/lib/python3.9/site-packages/airflow/example_dags/example_task_group_decorator.py
[2024-10-13T22:25:31.063-0400] {logging_mixin.py:190} INFO - [2024-10-13T22:25:31.063-0400] {dag.py:3239} INFO - Sync 1 DAGs
[2024-10-13T22:25:31.078-0400] {logging_mixin.py:190} INFO - [2024-10-13T22:25:31.078-0400] {dag.py:4180} INFO - Setting next_dagrun for example_task_group_decorator to None, run_after=None
[2024-10-13T22:25:31.103-0400] {processor.py:208} INFO - Processing /Users/karenwang/anaconda3/envs/airflow_sqlite_env/lib/python3.9/site-packages/airflow/example_dags/example_task_group_decorator.py took 0.351 seconds
[2024-10-13T22:34:09.420-0400] {processor.py:186} INFO - Started process (PID=73838) to work on /Users/karenwang/anaconda3/envs/airflow_sqlite_env/lib/python3.9/site-packages/airflow/example_dags/example_task_group_decorator.py
[2024-10-13T22:34:09.421-0400] {processor.py:914} INFO - Processing file /Users/karenwang/anaconda3/envs/airflow_sqlite_env/lib/python3.9/site-packages/airflow/example_dags/example_task_group_decorator.py for tasks to queue
[2024-10-13T22:34:09.423-0400] {logging_mixin.py:190} INFO - [2024-10-13T22:34:09.422-0400] {dagbag.py:588} INFO - Filling up the DagBag from /Users/karenwang/anaconda3/envs/airflow_sqlite_env/lib/python3.9/site-packages/airflow/example_dags/example_task_group_decorator.py
[2024-10-13T22:34:09.533-0400] {processor.py:925} INFO - DAG(s) 'example_task_group_decorator' retrieved from /Users/karenwang/anaconda3/envs/airflow_sqlite_env/lib/python3.9/site-packages/airflow/example_dags/example_task_group_decorator.py
[2024-10-13T22:34:09.670-0400] {logging_mixin.py:190} INFO - [2024-10-13T22:34:09.669-0400] {dag.py:3239} INFO - Sync 1 DAGs
[2024-10-13T22:34:09.682-0400] {logging_mixin.py:190} INFO - [2024-10-13T22:34:09.682-0400] {dag.py:4180} INFO - Setting next_dagrun for example_task_group_decorator to None, run_after=None
[2024-10-13T22:34:09.703-0400] {processor.py:208} INFO - Processing /Users/karenwang/anaconda3/envs/airflow_sqlite_env/lib/python3.9/site-packages/airflow/example_dags/example_task_group_decorator.py took 0.289 seconds
[2024-10-13T22:40:00.521-0400] {processor.py:186} INFO - Started process (PID=75718) to work on /Users/karenwang/anaconda3/envs/airflow_sqlite_env/lib/python3.9/site-packages/airflow/example_dags/example_task_group_decorator.py
[2024-10-13T22:40:00.522-0400] {processor.py:914} INFO - Processing file /Users/karenwang/anaconda3/envs/airflow_sqlite_env/lib/python3.9/site-packages/airflow/example_dags/example_task_group_decorator.py for tasks to queue
[2024-10-13T22:40:00.524-0400] {logging_mixin.py:190} INFO - [2024-10-13T22:40:00.524-0400] {dagbag.py:588} INFO - Filling up the DagBag from /Users/karenwang/anaconda3/envs/airflow_sqlite_env/lib/python3.9/site-packages/airflow/example_dags/example_task_group_decorator.py
[2024-10-13T22:40:00.665-0400] {processor.py:925} INFO - DAG(s) 'example_task_group_decorator' retrieved from /Users/karenwang/anaconda3/envs/airflow_sqlite_env/lib/python3.9/site-packages/airflow/example_dags/example_task_group_decorator.py
[2024-10-13T22:40:00.885-0400] {logging_mixin.py:190} INFO - [2024-10-13T22:40:00.885-0400] {dag.py:3239} INFO - Sync 1 DAGs
[2024-10-13T22:40:00.903-0400] {logging_mixin.py:190} INFO - [2024-10-13T22:40:00.903-0400] {dag.py:4180} INFO - Setting next_dagrun for example_task_group_decorator to None, run_after=None
[2024-10-13T22:40:00.934-0400] {processor.py:208} INFO - Processing /Users/karenwang/anaconda3/envs/airflow_sqlite_env/lib/python3.9/site-packages/airflow/example_dags/example_task_group_decorator.py took 0.419 seconds
