[2024-10-13T20:02:27.997-0400] {processor.py:186} INFO - Started process (PID=25863) to work on /Users/karenwang/anaconda3/envs/airflow_sqlite_env/lib/python3.9/site-packages/airflow/example_dags/example_nested_branch_dag.py
[2024-10-13T20:02:27.998-0400] {processor.py:914} INFO - Processing file /Users/karenwang/anaconda3/envs/airflow_sqlite_env/lib/python3.9/site-packages/airflow/example_dags/example_nested_branch_dag.py for tasks to queue
[2024-10-13T20:02:27.999-0400] {logging_mixin.py:190} INFO - [2024-10-13T20:02:27.999-0400] {dagbag.py:588} INFO - Filling up the DagBag from /Users/karenwang/anaconda3/envs/airflow_sqlite_env/lib/python3.9/site-packages/airflow/example_dags/example_nested_branch_dag.py
[2024-10-13T20:02:28.109-0400] {processor.py:925} INFO - DAG(s) 'example_nested_branch_dag' retrieved from /Users/karenwang/anaconda3/envs/airflow_sqlite_env/lib/python3.9/site-packages/airflow/example_dags/example_nested_branch_dag.py
[2024-10-13T20:02:28.288-0400] {logging_mixin.py:190} INFO - [2024-10-13T20:02:28.288-0400] {dag.py:3239} INFO - Sync 1 DAGs
[2024-10-13T20:02:28.317-0400] {logging_mixin.py:190} INFO - [2024-10-13T20:02:28.316-0400] {dag.py:4180} INFO - Setting next_dagrun for example_nested_branch_dag to 2024-10-13 00:00:00+00:00, run_after=2024-10-14 00:00:00+00:00
[2024-10-13T20:02:28.346-0400] {processor.py:208} INFO - Processing /Users/karenwang/anaconda3/envs/airflow_sqlite_env/lib/python3.9/site-packages/airflow/example_dags/example_nested_branch_dag.py took 0.355 seconds
[2024-10-13T20:06:38.771-0400] {processor.py:186} INFO - Started process (PID=27164) to work on /Users/karenwang/anaconda3/envs/airflow_sqlite_env/lib/python3.9/site-packages/airflow/example_dags/example_nested_branch_dag.py
[2024-10-13T20:06:38.773-0400] {processor.py:914} INFO - Processing file /Users/karenwang/anaconda3/envs/airflow_sqlite_env/lib/python3.9/site-packages/airflow/example_dags/example_nested_branch_dag.py for tasks to queue
[2024-10-13T20:06:38.774-0400] {logging_mixin.py:190} INFO - [2024-10-13T20:06:38.774-0400] {dagbag.py:588} INFO - Filling up the DagBag from /Users/karenwang/anaconda3/envs/airflow_sqlite_env/lib/python3.9/site-packages/airflow/example_dags/example_nested_branch_dag.py
[2024-10-13T20:06:38.875-0400] {processor.py:925} INFO - DAG(s) 'example_nested_branch_dag' retrieved from /Users/karenwang/anaconda3/envs/airflow_sqlite_env/lib/python3.9/site-packages/airflow/example_dags/example_nested_branch_dag.py
[2024-10-13T20:06:39.055-0400] {logging_mixin.py:190} INFO - [2024-10-13T20:06:39.054-0400] {dag.py:3239} INFO - Sync 1 DAGs
[2024-10-13T20:06:39.081-0400] {logging_mixin.py:190} INFO - [2024-10-13T20:06:39.081-0400] {dag.py:4180} INFO - Setting next_dagrun for example_nested_branch_dag to 2024-10-13 00:00:00+00:00, run_after=2024-10-14 00:00:00+00:00
[2024-10-13T20:06:39.109-0400] {processor.py:208} INFO - Processing /Users/karenwang/anaconda3/envs/airflow_sqlite_env/lib/python3.9/site-packages/airflow/example_dags/example_nested_branch_dag.py took 0.344 seconds
[2024-10-13T20:10:37.389-0400] {processor.py:186} INFO - Started process (PID=28383) to work on /Users/karenwang/anaconda3/envs/airflow_sqlite_env/lib/python3.9/site-packages/airflow/example_dags/example_nested_branch_dag.py
[2024-10-13T20:10:37.390-0400] {processor.py:914} INFO - Processing file /Users/karenwang/anaconda3/envs/airflow_sqlite_env/lib/python3.9/site-packages/airflow/example_dags/example_nested_branch_dag.py for tasks to queue
[2024-10-13T20:10:37.392-0400] {logging_mixin.py:190} INFO - [2024-10-13T20:10:37.391-0400] {dagbag.py:588} INFO - Filling up the DagBag from /Users/karenwang/anaconda3/envs/airflow_sqlite_env/lib/python3.9/site-packages/airflow/example_dags/example_nested_branch_dag.py
[2024-10-13T20:10:37.488-0400] {processor.py:925} INFO - DAG(s) 'example_nested_branch_dag' retrieved from /Users/karenwang/anaconda3/envs/airflow_sqlite_env/lib/python3.9/site-packages/airflow/example_dags/example_nested_branch_dag.py
[2024-10-13T20:10:37.639-0400] {logging_mixin.py:190} INFO - [2024-10-13T20:10:37.639-0400] {dag.py:3239} INFO - Sync 1 DAGs
[2024-10-13T20:10:37.666-0400] {logging_mixin.py:190} INFO - [2024-10-13T20:10:37.665-0400] {dag.py:4180} INFO - Setting next_dagrun for example_nested_branch_dag to 2024-10-13 00:00:00+00:00, run_after=2024-10-14 00:00:00+00:00
[2024-10-13T20:10:37.689-0400] {processor.py:208} INFO - Processing /Users/karenwang/anaconda3/envs/airflow_sqlite_env/lib/python3.9/site-packages/airflow/example_dags/example_nested_branch_dag.py took 0.306 seconds
[2024-10-13T20:14:37.691-0400] {processor.py:186} INFO - Started process (PID=29610) to work on /Users/karenwang/anaconda3/envs/airflow_sqlite_env/lib/python3.9/site-packages/airflow/example_dags/example_nested_branch_dag.py
[2024-10-13T20:14:37.693-0400] {processor.py:914} INFO - Processing file /Users/karenwang/anaconda3/envs/airflow_sqlite_env/lib/python3.9/site-packages/airflow/example_dags/example_nested_branch_dag.py for tasks to queue
[2024-10-13T20:14:37.693-0400] {logging_mixin.py:190} INFO - [2024-10-13T20:14:37.693-0400] {dagbag.py:588} INFO - Filling up the DagBag from /Users/karenwang/anaconda3/envs/airflow_sqlite_env/lib/python3.9/site-packages/airflow/example_dags/example_nested_branch_dag.py
[2024-10-13T20:14:37.787-0400] {processor.py:925} INFO - DAG(s) 'example_nested_branch_dag' retrieved from /Users/karenwang/anaconda3/envs/airflow_sqlite_env/lib/python3.9/site-packages/airflow/example_dags/example_nested_branch_dag.py
[2024-10-13T20:14:37.932-0400] {logging_mixin.py:190} INFO - [2024-10-13T20:14:37.931-0400] {dag.py:3239} INFO - Sync 1 DAGs
[2024-10-13T20:14:37.953-0400] {logging_mixin.py:190} INFO - [2024-10-13T20:14:37.953-0400] {dag.py:4180} INFO - Setting next_dagrun for example_nested_branch_dag to 2024-10-13 00:00:00+00:00, run_after=2024-10-14 00:00:00+00:00
[2024-10-13T20:14:37.974-0400] {processor.py:208} INFO - Processing /Users/karenwang/anaconda3/envs/airflow_sqlite_env/lib/python3.9/site-packages/airflow/example_dags/example_nested_branch_dag.py took 0.290 seconds
[2024-10-13T20:18:47.761-0400] {processor.py:186} INFO - Started process (PID=30895) to work on /Users/karenwang/anaconda3/envs/airflow_sqlite_env/lib/python3.9/site-packages/airflow/example_dags/example_nested_branch_dag.py
[2024-10-13T20:18:47.762-0400] {processor.py:914} INFO - Processing file /Users/karenwang/anaconda3/envs/airflow_sqlite_env/lib/python3.9/site-packages/airflow/example_dags/example_nested_branch_dag.py for tasks to queue
[2024-10-13T20:18:47.764-0400] {logging_mixin.py:190} INFO - [2024-10-13T20:18:47.763-0400] {dagbag.py:588} INFO - Filling up the DagBag from /Users/karenwang/anaconda3/envs/airflow_sqlite_env/lib/python3.9/site-packages/airflow/example_dags/example_nested_branch_dag.py
[2024-10-13T20:18:47.862-0400] {processor.py:925} INFO - DAG(s) 'example_nested_branch_dag' retrieved from /Users/karenwang/anaconda3/envs/airflow_sqlite_env/lib/python3.9/site-packages/airflow/example_dags/example_nested_branch_dag.py
[2024-10-13T20:18:48.024-0400] {logging_mixin.py:190} INFO - [2024-10-13T20:18:48.024-0400] {dag.py:3239} INFO - Sync 1 DAGs
[2024-10-13T20:18:48.049-0400] {logging_mixin.py:190} INFO - [2024-10-13T20:18:48.049-0400] {dag.py:4180} INFO - Setting next_dagrun for example_nested_branch_dag to 2024-10-13 00:00:00+00:00, run_after=2024-10-14 00:00:00+00:00
[2024-10-13T20:18:48.073-0400] {processor.py:208} INFO - Processing /Users/karenwang/anaconda3/envs/airflow_sqlite_env/lib/python3.9/site-packages/airflow/example_dags/example_nested_branch_dag.py took 0.318 seconds
[2024-10-13T20:23:11.561-0400] {processor.py:186} INFO - Started process (PID=32364) to work on /Users/karenwang/anaconda3/envs/airflow_sqlite_env/lib/python3.9/site-packages/airflow/example_dags/example_nested_branch_dag.py
[2024-10-13T20:23:11.563-0400] {processor.py:914} INFO - Processing file /Users/karenwang/anaconda3/envs/airflow_sqlite_env/lib/python3.9/site-packages/airflow/example_dags/example_nested_branch_dag.py for tasks to queue
[2024-10-13T20:23:11.564-0400] {logging_mixin.py:190} INFO - [2024-10-13T20:23:11.564-0400] {dagbag.py:588} INFO - Filling up the DagBag from /Users/karenwang/anaconda3/envs/airflow_sqlite_env/lib/python3.9/site-packages/airflow/example_dags/example_nested_branch_dag.py
[2024-10-13T20:23:11.665-0400] {processor.py:925} INFO - DAG(s) 'example_nested_branch_dag' retrieved from /Users/karenwang/anaconda3/envs/airflow_sqlite_env/lib/python3.9/site-packages/airflow/example_dags/example_nested_branch_dag.py
[2024-10-13T20:23:11.826-0400] {logging_mixin.py:190} INFO - [2024-10-13T20:23:11.825-0400] {dag.py:3239} INFO - Sync 1 DAGs
[2024-10-13T20:23:11.856-0400] {logging_mixin.py:190} INFO - [2024-10-13T20:23:11.855-0400] {dag.py:4180} INFO - Setting next_dagrun for example_nested_branch_dag to 2024-10-13 00:00:00+00:00, run_after=2024-10-14 00:00:00+00:00
[2024-10-13T20:23:11.880-0400] {processor.py:208} INFO - Processing /Users/karenwang/anaconda3/envs/airflow_sqlite_env/lib/python3.9/site-packages/airflow/example_dags/example_nested_branch_dag.py took 0.325 seconds
[2024-10-13T20:28:51.999-0400] {processor.py:186} INFO - Started process (PID=34274) to work on /Users/karenwang/anaconda3/envs/airflow_sqlite_env/lib/python3.9/site-packages/airflow/example_dags/example_nested_branch_dag.py
[2024-10-13T20:28:52.001-0400] {processor.py:914} INFO - Processing file /Users/karenwang/anaconda3/envs/airflow_sqlite_env/lib/python3.9/site-packages/airflow/example_dags/example_nested_branch_dag.py for tasks to queue
[2024-10-13T20:28:52.002-0400] {logging_mixin.py:190} INFO - [2024-10-13T20:28:52.002-0400] {dagbag.py:588} INFO - Filling up the DagBag from /Users/karenwang/anaconda3/envs/airflow_sqlite_env/lib/python3.9/site-packages/airflow/example_dags/example_nested_branch_dag.py
[2024-10-13T20:28:52.105-0400] {processor.py:925} INFO - DAG(s) 'example_nested_branch_dag' retrieved from /Users/karenwang/anaconda3/envs/airflow_sqlite_env/lib/python3.9/site-packages/airflow/example_dags/example_nested_branch_dag.py
[2024-10-13T20:28:52.273-0400] {logging_mixin.py:190} INFO - [2024-10-13T20:28:52.272-0400] {dag.py:3239} INFO - Sync 1 DAGs
[2024-10-13T20:28:52.301-0400] {logging_mixin.py:190} INFO - [2024-10-13T20:28:52.300-0400] {dag.py:4180} INFO - Setting next_dagrun for example_nested_branch_dag to 2024-10-13 00:00:00+00:00, run_after=2024-10-14 00:00:00+00:00
[2024-10-13T20:28:52.323-0400] {processor.py:208} INFO - Processing /Users/karenwang/anaconda3/envs/airflow_sqlite_env/lib/python3.9/site-packages/airflow/example_dags/example_nested_branch_dag.py took 0.330 seconds
[2024-10-13T20:33:15.252-0400] {processor.py:186} INFO - Started process (PID=35703) to work on /Users/karenwang/anaconda3/envs/airflow_sqlite_env/lib/python3.9/site-packages/airflow/example_dags/example_nested_branch_dag.py
[2024-10-13T20:33:15.256-0400] {processor.py:914} INFO - Processing file /Users/karenwang/anaconda3/envs/airflow_sqlite_env/lib/python3.9/site-packages/airflow/example_dags/example_nested_branch_dag.py for tasks to queue
[2024-10-13T20:33:15.258-0400] {logging_mixin.py:190} INFO - [2024-10-13T20:33:15.258-0400] {dagbag.py:588} INFO - Filling up the DagBag from /Users/karenwang/anaconda3/envs/airflow_sqlite_env/lib/python3.9/site-packages/airflow/example_dags/example_nested_branch_dag.py
[2024-10-13T20:33:15.353-0400] {processor.py:925} INFO - DAG(s) 'example_nested_branch_dag' retrieved from /Users/karenwang/anaconda3/envs/airflow_sqlite_env/lib/python3.9/site-packages/airflow/example_dags/example_nested_branch_dag.py
[2024-10-13T20:33:15.510-0400] {logging_mixin.py:190} INFO - [2024-10-13T20:33:15.510-0400] {dag.py:3239} INFO - Sync 1 DAGs
[2024-10-13T20:33:15.531-0400] {logging_mixin.py:190} INFO - [2024-10-13T20:33:15.531-0400] {dag.py:4180} INFO - Setting next_dagrun for example_nested_branch_dag to 2024-10-13 00:00:00+00:00, run_after=2024-10-14 00:00:00+00:00
[2024-10-13T20:33:15.554-0400] {processor.py:208} INFO - Processing /Users/karenwang/anaconda3/envs/airflow_sqlite_env/lib/python3.9/site-packages/airflow/example_dags/example_nested_branch_dag.py took 0.307 seconds
[2024-10-13T20:36:57.275-0400] {processor.py:186} INFO - Started process (PID=36875) to work on /Users/karenwang/anaconda3/envs/airflow_sqlite_env/lib/python3.9/site-packages/airflow/example_dags/example_nested_branch_dag.py
[2024-10-13T20:36:57.276-0400] {processor.py:914} INFO - Processing file /Users/karenwang/anaconda3/envs/airflow_sqlite_env/lib/python3.9/site-packages/airflow/example_dags/example_nested_branch_dag.py for tasks to queue
[2024-10-13T20:36:57.278-0400] {logging_mixin.py:190} INFO - [2024-10-13T20:36:57.277-0400] {dagbag.py:588} INFO - Filling up the DagBag from /Users/karenwang/anaconda3/envs/airflow_sqlite_env/lib/python3.9/site-packages/airflow/example_dags/example_nested_branch_dag.py
[2024-10-13T20:36:57.372-0400] {processor.py:925} INFO - DAG(s) 'example_nested_branch_dag' retrieved from /Users/karenwang/anaconda3/envs/airflow_sqlite_env/lib/python3.9/site-packages/airflow/example_dags/example_nested_branch_dag.py
[2024-10-13T20:36:57.514-0400] {logging_mixin.py:190} INFO - [2024-10-13T20:36:57.514-0400] {dag.py:3239} INFO - Sync 1 DAGs
[2024-10-13T20:36:57.545-0400] {logging_mixin.py:190} INFO - [2024-10-13T20:36:57.544-0400] {dag.py:4180} INFO - Setting next_dagrun for example_nested_branch_dag to 2024-10-13 00:00:00+00:00, run_after=2024-10-14 00:00:00+00:00
[2024-10-13T20:36:57.564-0400] {processor.py:208} INFO - Processing /Users/karenwang/anaconda3/envs/airflow_sqlite_env/lib/python3.9/site-packages/airflow/example_dags/example_nested_branch_dag.py took 0.295 seconds
[2024-10-13T20:40:36.221-0400] {processor.py:186} INFO - Started process (PID=37999) to work on /Users/karenwang/anaconda3/envs/airflow_sqlite_env/lib/python3.9/site-packages/airflow/example_dags/example_nested_branch_dag.py
[2024-10-13T20:40:36.223-0400] {processor.py:914} INFO - Processing file /Users/karenwang/anaconda3/envs/airflow_sqlite_env/lib/python3.9/site-packages/airflow/example_dags/example_nested_branch_dag.py for tasks to queue
[2024-10-13T20:40:36.224-0400] {logging_mixin.py:190} INFO - [2024-10-13T20:40:36.224-0400] {dagbag.py:588} INFO - Filling up the DagBag from /Users/karenwang/anaconda3/envs/airflow_sqlite_env/lib/python3.9/site-packages/airflow/example_dags/example_nested_branch_dag.py
[2024-10-13T20:40:36.309-0400] {processor.py:925} INFO - DAG(s) 'example_nested_branch_dag' retrieved from /Users/karenwang/anaconda3/envs/airflow_sqlite_env/lib/python3.9/site-packages/airflow/example_dags/example_nested_branch_dag.py
[2024-10-13T20:40:36.442-0400] {logging_mixin.py:190} INFO - [2024-10-13T20:40:36.441-0400] {dag.py:3239} INFO - Sync 1 DAGs
[2024-10-13T20:40:36.463-0400] {logging_mixin.py:190} INFO - [2024-10-13T20:40:36.463-0400] {dag.py:4180} INFO - Setting next_dagrun for example_nested_branch_dag to 2024-10-13 00:00:00+00:00, run_after=2024-10-14 00:00:00+00:00
[2024-10-13T20:40:36.486-0400] {processor.py:208} INFO - Processing /Users/karenwang/anaconda3/envs/airflow_sqlite_env/lib/python3.9/site-packages/airflow/example_dags/example_nested_branch_dag.py took 0.270 seconds
[2024-10-13T20:44:15.513-0400] {processor.py:186} INFO - Started process (PID=39129) to work on /Users/karenwang/anaconda3/envs/airflow_sqlite_env/lib/python3.9/site-packages/airflow/example_dags/example_nested_branch_dag.py
[2024-10-13T20:44:15.514-0400] {processor.py:914} INFO - Processing file /Users/karenwang/anaconda3/envs/airflow_sqlite_env/lib/python3.9/site-packages/airflow/example_dags/example_nested_branch_dag.py for tasks to queue
[2024-10-13T20:44:15.515-0400] {logging_mixin.py:190} INFO - [2024-10-13T20:44:15.515-0400] {dagbag.py:588} INFO - Filling up the DagBag from /Users/karenwang/anaconda3/envs/airflow_sqlite_env/lib/python3.9/site-packages/airflow/example_dags/example_nested_branch_dag.py
[2024-10-13T20:44:15.617-0400] {processor.py:925} INFO - DAG(s) 'example_nested_branch_dag' retrieved from /Users/karenwang/anaconda3/envs/airflow_sqlite_env/lib/python3.9/site-packages/airflow/example_dags/example_nested_branch_dag.py
[2024-10-13T20:44:15.763-0400] {logging_mixin.py:190} INFO - [2024-10-13T20:44:15.763-0400] {dag.py:3239} INFO - Sync 1 DAGs
[2024-10-13T20:44:15.784-0400] {logging_mixin.py:190} INFO - [2024-10-13T20:44:15.784-0400] {dag.py:4180} INFO - Setting next_dagrun for example_nested_branch_dag to 2024-10-13 00:00:00+00:00, run_after=2024-10-14 00:00:00+00:00
[2024-10-13T20:44:15.803-0400] {processor.py:208} INFO - Processing /Users/karenwang/anaconda3/envs/airflow_sqlite_env/lib/python3.9/site-packages/airflow/example_dags/example_nested_branch_dag.py took 0.296 seconds
[2024-10-13T20:47:55.993-0400] {processor.py:186} INFO - Started process (PID=40289) to work on /Users/karenwang/anaconda3/envs/airflow_sqlite_env/lib/python3.9/site-packages/airflow/example_dags/example_nested_branch_dag.py
[2024-10-13T20:47:55.994-0400] {processor.py:914} INFO - Processing file /Users/karenwang/anaconda3/envs/airflow_sqlite_env/lib/python3.9/site-packages/airflow/example_dags/example_nested_branch_dag.py for tasks to queue
[2024-10-13T20:47:55.996-0400] {logging_mixin.py:190} INFO - [2024-10-13T20:47:55.995-0400] {dagbag.py:588} INFO - Filling up the DagBag from /Users/karenwang/anaconda3/envs/airflow_sqlite_env/lib/python3.9/site-packages/airflow/example_dags/example_nested_branch_dag.py
[2024-10-13T20:47:56.089-0400] {processor.py:925} INFO - DAG(s) 'example_nested_branch_dag' retrieved from /Users/karenwang/anaconda3/envs/airflow_sqlite_env/lib/python3.9/site-packages/airflow/example_dags/example_nested_branch_dag.py
[2024-10-13T20:47:56.230-0400] {logging_mixin.py:190} INFO - [2024-10-13T20:47:56.230-0400] {dag.py:3239} INFO - Sync 1 DAGs
[2024-10-13T20:47:56.253-0400] {logging_mixin.py:190} INFO - [2024-10-13T20:47:56.253-0400] {dag.py:4180} INFO - Setting next_dagrun for example_nested_branch_dag to 2024-10-13 00:00:00+00:00, run_after=2024-10-14 00:00:00+00:00
[2024-10-13T20:47:56.275-0400] {processor.py:208} INFO - Processing /Users/karenwang/anaconda3/envs/airflow_sqlite_env/lib/python3.9/site-packages/airflow/example_dags/example_nested_branch_dag.py took 0.288 seconds
[2024-10-13T20:51:33.836-0400] {processor.py:186} INFO - Started process (PID=41403) to work on /Users/karenwang/anaconda3/envs/airflow_sqlite_env/lib/python3.9/site-packages/airflow/example_dags/example_nested_branch_dag.py
[2024-10-13T20:51:33.838-0400] {processor.py:914} INFO - Processing file /Users/karenwang/anaconda3/envs/airflow_sqlite_env/lib/python3.9/site-packages/airflow/example_dags/example_nested_branch_dag.py for tasks to queue
[2024-10-13T20:51:33.839-0400] {logging_mixin.py:190} INFO - [2024-10-13T20:51:33.839-0400] {dagbag.py:588} INFO - Filling up the DagBag from /Users/karenwang/anaconda3/envs/airflow_sqlite_env/lib/python3.9/site-packages/airflow/example_dags/example_nested_branch_dag.py
[2024-10-13T20:51:33.951-0400] {processor.py:925} INFO - DAG(s) 'example_nested_branch_dag' retrieved from /Users/karenwang/anaconda3/envs/airflow_sqlite_env/lib/python3.9/site-packages/airflow/example_dags/example_nested_branch_dag.py
[2024-10-13T20:51:34.119-0400] {logging_mixin.py:190} INFO - [2024-10-13T20:51:34.119-0400] {dag.py:3239} INFO - Sync 1 DAGs
[2024-10-13T20:51:34.140-0400] {logging_mixin.py:190} INFO - [2024-10-13T20:51:34.140-0400] {dag.py:4180} INFO - Setting next_dagrun for example_nested_branch_dag to 2024-10-13 00:00:00+00:00, run_after=2024-10-14 00:00:00+00:00
[2024-10-13T20:51:34.158-0400] {processor.py:208} INFO - Processing /Users/karenwang/anaconda3/envs/airflow_sqlite_env/lib/python3.9/site-packages/airflow/example_dags/example_nested_branch_dag.py took 0.328 seconds
[2024-10-13T20:55:14.080-0400] {processor.py:186} INFO - Started process (PID=42567) to work on /Users/karenwang/anaconda3/envs/airflow_sqlite_env/lib/python3.9/site-packages/airflow/example_dags/example_nested_branch_dag.py
[2024-10-13T20:55:14.081-0400] {processor.py:914} INFO - Processing file /Users/karenwang/anaconda3/envs/airflow_sqlite_env/lib/python3.9/site-packages/airflow/example_dags/example_nested_branch_dag.py for tasks to queue
[2024-10-13T20:55:14.083-0400] {logging_mixin.py:190} INFO - [2024-10-13T20:55:14.082-0400] {dagbag.py:588} INFO - Filling up the DagBag from /Users/karenwang/anaconda3/envs/airflow_sqlite_env/lib/python3.9/site-packages/airflow/example_dags/example_nested_branch_dag.py
[2024-10-13T20:55:14.180-0400] {processor.py:925} INFO - DAG(s) 'example_nested_branch_dag' retrieved from /Users/karenwang/anaconda3/envs/airflow_sqlite_env/lib/python3.9/site-packages/airflow/example_dags/example_nested_branch_dag.py
[2024-10-13T20:55:14.331-0400] {logging_mixin.py:190} INFO - [2024-10-13T20:55:14.331-0400] {dag.py:3239} INFO - Sync 1 DAGs
[2024-10-13T20:55:14.356-0400] {logging_mixin.py:190} INFO - [2024-10-13T20:55:14.355-0400] {dag.py:4180} INFO - Setting next_dagrun for example_nested_branch_dag to 2024-10-13 00:00:00+00:00, run_after=2024-10-14 00:00:00+00:00
[2024-10-13T20:55:14.375-0400] {processor.py:208} INFO - Processing /Users/karenwang/anaconda3/envs/airflow_sqlite_env/lib/python3.9/site-packages/airflow/example_dags/example_nested_branch_dag.py took 0.302 seconds
[2024-10-13T20:58:55.249-0400] {processor.py:186} INFO - Started process (PID=43707) to work on /Users/karenwang/anaconda3/envs/airflow_sqlite_env/lib/python3.9/site-packages/airflow/example_dags/example_nested_branch_dag.py
[2024-10-13T20:58:55.251-0400] {processor.py:914} INFO - Processing file /Users/karenwang/anaconda3/envs/airflow_sqlite_env/lib/python3.9/site-packages/airflow/example_dags/example_nested_branch_dag.py for tasks to queue
[2024-10-13T20:58:55.252-0400] {logging_mixin.py:190} INFO - [2024-10-13T20:58:55.252-0400] {dagbag.py:588} INFO - Filling up the DagBag from /Users/karenwang/anaconda3/envs/airflow_sqlite_env/lib/python3.9/site-packages/airflow/example_dags/example_nested_branch_dag.py
[2024-10-13T20:58:55.342-0400] {processor.py:925} INFO - DAG(s) 'example_nested_branch_dag' retrieved from /Users/karenwang/anaconda3/envs/airflow_sqlite_env/lib/python3.9/site-packages/airflow/example_dags/example_nested_branch_dag.py
[2024-10-13T20:58:55.468-0400] {logging_mixin.py:190} INFO - [2024-10-13T20:58:55.468-0400] {dag.py:3239} INFO - Sync 1 DAGs
[2024-10-13T20:58:55.491-0400] {logging_mixin.py:190} INFO - [2024-10-13T20:58:55.491-0400] {dag.py:4180} INFO - Setting next_dagrun for example_nested_branch_dag to 2024-10-13 00:00:00+00:00, run_after=2024-10-14 00:00:00+00:00
[2024-10-13T20:58:55.510-0400] {processor.py:208} INFO - Processing /Users/karenwang/anaconda3/envs/airflow_sqlite_env/lib/python3.9/site-packages/airflow/example_dags/example_nested_branch_dag.py took 0.267 seconds
[2024-10-13T21:02:35.244-0400] {processor.py:186} INFO - Started process (PID=44842) to work on /Users/karenwang/anaconda3/envs/airflow_sqlite_env/lib/python3.9/site-packages/airflow/example_dags/example_nested_branch_dag.py
[2024-10-13T21:02:35.245-0400] {processor.py:914} INFO - Processing file /Users/karenwang/anaconda3/envs/airflow_sqlite_env/lib/python3.9/site-packages/airflow/example_dags/example_nested_branch_dag.py for tasks to queue
[2024-10-13T21:02:35.247-0400] {logging_mixin.py:190} INFO - [2024-10-13T21:02:35.246-0400] {dagbag.py:588} INFO - Filling up the DagBag from /Users/karenwang/anaconda3/envs/airflow_sqlite_env/lib/python3.9/site-packages/airflow/example_dags/example_nested_branch_dag.py
[2024-10-13T21:02:35.338-0400] {processor.py:925} INFO - DAG(s) 'example_nested_branch_dag' retrieved from /Users/karenwang/anaconda3/envs/airflow_sqlite_env/lib/python3.9/site-packages/airflow/example_dags/example_nested_branch_dag.py
[2024-10-13T21:02:35.466-0400] {logging_mixin.py:190} INFO - [2024-10-13T21:02:35.465-0400] {dag.py:3239} INFO - Sync 1 DAGs
[2024-10-13T21:02:35.486-0400] {logging_mixin.py:190} INFO - [2024-10-13T21:02:35.486-0400] {dag.py:4180} INFO - Setting next_dagrun for example_nested_branch_dag to 2024-10-13 00:00:00+00:00, run_after=2024-10-14 00:00:00+00:00
[2024-10-13T21:02:35.507-0400] {processor.py:208} INFO - Processing /Users/karenwang/anaconda3/envs/airflow_sqlite_env/lib/python3.9/site-packages/airflow/example_dags/example_nested_branch_dag.py took 0.269 seconds
[2024-10-13T21:06:14.673-0400] {processor.py:186} INFO - Started process (PID=45967) to work on /Users/karenwang/anaconda3/envs/airflow_sqlite_env/lib/python3.9/site-packages/airflow/example_dags/example_nested_branch_dag.py
[2024-10-13T21:06:14.675-0400] {processor.py:914} INFO - Processing file /Users/karenwang/anaconda3/envs/airflow_sqlite_env/lib/python3.9/site-packages/airflow/example_dags/example_nested_branch_dag.py for tasks to queue
[2024-10-13T21:06:14.676-0400] {logging_mixin.py:190} INFO - [2024-10-13T21:06:14.676-0400] {dagbag.py:588} INFO - Filling up the DagBag from /Users/karenwang/anaconda3/envs/airflow_sqlite_env/lib/python3.9/site-packages/airflow/example_dags/example_nested_branch_dag.py
[2024-10-13T21:06:14.768-0400] {processor.py:925} INFO - DAG(s) 'example_nested_branch_dag' retrieved from /Users/karenwang/anaconda3/envs/airflow_sqlite_env/lib/python3.9/site-packages/airflow/example_dags/example_nested_branch_dag.py
[2024-10-13T21:06:14.900-0400] {logging_mixin.py:190} INFO - [2024-10-13T21:06:14.899-0400] {dag.py:3239} INFO - Sync 1 DAGs
[2024-10-13T21:06:14.920-0400] {logging_mixin.py:190} INFO - [2024-10-13T21:06:14.920-0400] {dag.py:4180} INFO - Setting next_dagrun for example_nested_branch_dag to 2024-10-13 00:00:00+00:00, run_after=2024-10-14 00:00:00+00:00
[2024-10-13T21:06:14.939-0400] {processor.py:208} INFO - Processing /Users/karenwang/anaconda3/envs/airflow_sqlite_env/lib/python3.9/site-packages/airflow/example_dags/example_nested_branch_dag.py took 0.272 seconds
[2024-10-13T21:11:43.326-0400] {processor.py:186} INFO - Started process (PID=47752) to work on /Users/karenwang/anaconda3/envs/airflow_sqlite_env/lib/python3.9/site-packages/airflow/example_dags/example_nested_branch_dag.py
[2024-10-13T21:11:43.327-0400] {processor.py:914} INFO - Processing file /Users/karenwang/anaconda3/envs/airflow_sqlite_env/lib/python3.9/site-packages/airflow/example_dags/example_nested_branch_dag.py for tasks to queue
[2024-10-13T21:11:43.328-0400] {logging_mixin.py:190} INFO - [2024-10-13T21:11:43.328-0400] {dagbag.py:588} INFO - Filling up the DagBag from /Users/karenwang/anaconda3/envs/airflow_sqlite_env/lib/python3.9/site-packages/airflow/example_dags/example_nested_branch_dag.py
[2024-10-13T21:11:43.441-0400] {processor.py:925} INFO - DAG(s) 'example_nested_branch_dag' retrieved from /Users/karenwang/anaconda3/envs/airflow_sqlite_env/lib/python3.9/site-packages/airflow/example_dags/example_nested_branch_dag.py
[2024-10-13T21:11:43.601-0400] {logging_mixin.py:190} INFO - [2024-10-13T21:11:43.600-0400] {dag.py:3239} INFO - Sync 1 DAGs
[2024-10-13T21:11:43.627-0400] {logging_mixin.py:190} INFO - [2024-10-13T21:11:43.627-0400] {dag.py:4180} INFO - Setting next_dagrun for example_nested_branch_dag to 2024-10-13 00:00:00+00:00, run_after=2024-10-14 00:00:00+00:00
[2024-10-13T21:11:43.651-0400] {processor.py:208} INFO - Processing /Users/karenwang/anaconda3/envs/airflow_sqlite_env/lib/python3.9/site-packages/airflow/example_dags/example_nested_branch_dag.py took 0.331 seconds
[2024-10-13T21:16:20.813-0400] {processor.py:186} INFO - Started process (PID=49416) to work on /Users/karenwang/anaconda3/envs/airflow_sqlite_env/lib/python3.9/site-packages/airflow/example_dags/example_nested_branch_dag.py
[2024-10-13T21:16:20.814-0400] {processor.py:914} INFO - Processing file /Users/karenwang/anaconda3/envs/airflow_sqlite_env/lib/python3.9/site-packages/airflow/example_dags/example_nested_branch_dag.py for tasks to queue
[2024-10-13T21:16:20.816-0400] {logging_mixin.py:190} INFO - [2024-10-13T21:16:20.815-0400] {dagbag.py:588} INFO - Filling up the DagBag from /Users/karenwang/anaconda3/envs/airflow_sqlite_env/lib/python3.9/site-packages/airflow/example_dags/example_nested_branch_dag.py
[2024-10-13T21:16:20.920-0400] {processor.py:925} INFO - DAG(s) 'example_nested_branch_dag' retrieved from /Users/karenwang/anaconda3/envs/airflow_sqlite_env/lib/python3.9/site-packages/airflow/example_dags/example_nested_branch_dag.py
[2024-10-13T21:16:21.074-0400] {logging_mixin.py:190} INFO - [2024-10-13T21:16:21.074-0400] {dag.py:3239} INFO - Sync 1 DAGs
[2024-10-13T21:16:21.100-0400] {logging_mixin.py:190} INFO - [2024-10-13T21:16:21.100-0400] {dag.py:4180} INFO - Setting next_dagrun for example_nested_branch_dag to 2024-10-13 00:00:00+00:00, run_after=2024-10-14 00:00:00+00:00
[2024-10-13T21:16:21.122-0400] {processor.py:208} INFO - Processing /Users/karenwang/anaconda3/envs/airflow_sqlite_env/lib/python3.9/site-packages/airflow/example_dags/example_nested_branch_dag.py took 0.315 seconds
[2024-10-13T21:20:04.952-0400] {processor.py:186} INFO - Started process (PID=50582) to work on /Users/karenwang/anaconda3/envs/airflow_sqlite_env/lib/python3.9/site-packages/airflow/example_dags/example_nested_branch_dag.py
[2024-10-13T21:20:04.954-0400] {processor.py:914} INFO - Processing file /Users/karenwang/anaconda3/envs/airflow_sqlite_env/lib/python3.9/site-packages/airflow/example_dags/example_nested_branch_dag.py for tasks to queue
[2024-10-13T21:20:04.955-0400] {logging_mixin.py:190} INFO - [2024-10-13T21:20:04.955-0400] {dagbag.py:588} INFO - Filling up the DagBag from /Users/karenwang/anaconda3/envs/airflow_sqlite_env/lib/python3.9/site-packages/airflow/example_dags/example_nested_branch_dag.py
[2024-10-13T21:20:05.061-0400] {processor.py:925} INFO - DAG(s) 'example_nested_branch_dag' retrieved from /Users/karenwang/anaconda3/envs/airflow_sqlite_env/lib/python3.9/site-packages/airflow/example_dags/example_nested_branch_dag.py
[2024-10-13T21:20:05.234-0400] {logging_mixin.py:190} INFO - [2024-10-13T21:20:05.233-0400] {dag.py:3239} INFO - Sync 1 DAGs
[2024-10-13T21:20:05.264-0400] {logging_mixin.py:190} INFO - [2024-10-13T21:20:05.264-0400] {dag.py:4180} INFO - Setting next_dagrun for example_nested_branch_dag to 2024-10-13 00:00:00+00:00, run_after=2024-10-14 00:00:00+00:00
[2024-10-13T21:20:05.286-0400] {processor.py:208} INFO - Processing /Users/karenwang/anaconda3/envs/airflow_sqlite_env/lib/python3.9/site-packages/airflow/example_dags/example_nested_branch_dag.py took 0.340 seconds
[2024-10-13T21:23:46.789-0400] {processor.py:186} INFO - Started process (PID=51721) to work on /Users/karenwang/anaconda3/envs/airflow_sqlite_env/lib/python3.9/site-packages/airflow/example_dags/example_nested_branch_dag.py
[2024-10-13T21:23:46.791-0400] {processor.py:914} INFO - Processing file /Users/karenwang/anaconda3/envs/airflow_sqlite_env/lib/python3.9/site-packages/airflow/example_dags/example_nested_branch_dag.py for tasks to queue
[2024-10-13T21:23:46.793-0400] {logging_mixin.py:190} INFO - [2024-10-13T21:23:46.792-0400] {dagbag.py:588} INFO - Filling up the DagBag from /Users/karenwang/anaconda3/envs/airflow_sqlite_env/lib/python3.9/site-packages/airflow/example_dags/example_nested_branch_dag.py
[2024-10-13T21:23:46.896-0400] {processor.py:925} INFO - DAG(s) 'example_nested_branch_dag' retrieved from /Users/karenwang/anaconda3/envs/airflow_sqlite_env/lib/python3.9/site-packages/airflow/example_dags/example_nested_branch_dag.py
[2024-10-13T21:23:47.050-0400] {logging_mixin.py:190} INFO - [2024-10-13T21:23:47.050-0400] {dag.py:3239} INFO - Sync 1 DAGs
[2024-10-13T21:23:47.072-0400] {logging_mixin.py:190} INFO - [2024-10-13T21:23:47.071-0400] {dag.py:4180} INFO - Setting next_dagrun for example_nested_branch_dag to 2024-10-13 00:00:00+00:00, run_after=2024-10-14 00:00:00+00:00
[2024-10-13T21:23:47.093-0400] {processor.py:208} INFO - Processing /Users/karenwang/anaconda3/envs/airflow_sqlite_env/lib/python3.9/site-packages/airflow/example_dags/example_nested_branch_dag.py took 0.310 seconds
[2024-10-13T21:27:26.169-0400] {processor.py:186} INFO - Started process (PID=52852) to work on /Users/karenwang/anaconda3/envs/airflow_sqlite_env/lib/python3.9/site-packages/airflow/example_dags/example_nested_branch_dag.py
[2024-10-13T21:27:26.171-0400] {processor.py:914} INFO - Processing file /Users/karenwang/anaconda3/envs/airflow_sqlite_env/lib/python3.9/site-packages/airflow/example_dags/example_nested_branch_dag.py for tasks to queue
[2024-10-13T21:27:26.173-0400] {logging_mixin.py:190} INFO - [2024-10-13T21:27:26.172-0400] {dagbag.py:588} INFO - Filling up the DagBag from /Users/karenwang/anaconda3/envs/airflow_sqlite_env/lib/python3.9/site-packages/airflow/example_dags/example_nested_branch_dag.py
[2024-10-13T21:27:26.272-0400] {processor.py:925} INFO - DAG(s) 'example_nested_branch_dag' retrieved from /Users/karenwang/anaconda3/envs/airflow_sqlite_env/lib/python3.9/site-packages/airflow/example_dags/example_nested_branch_dag.py
[2024-10-13T21:27:26.434-0400] {logging_mixin.py:190} INFO - [2024-10-13T21:27:26.434-0400] {dag.py:3239} INFO - Sync 1 DAGs
[2024-10-13T21:27:26.459-0400] {logging_mixin.py:190} INFO - [2024-10-13T21:27:26.459-0400] {dag.py:4180} INFO - Setting next_dagrun for example_nested_branch_dag to 2024-10-13 00:00:00+00:00, run_after=2024-10-14 00:00:00+00:00
[2024-10-13T21:27:26.483-0400] {processor.py:208} INFO - Processing /Users/karenwang/anaconda3/envs/airflow_sqlite_env/lib/python3.9/site-packages/airflow/example_dags/example_nested_branch_dag.py took 0.320 seconds
[2024-10-13T21:31:24.650-0400] {processor.py:186} INFO - Started process (PID=54118) to work on /Users/karenwang/anaconda3/envs/airflow_sqlite_env/lib/python3.9/site-packages/airflow/example_dags/example_nested_branch_dag.py
[2024-10-13T21:31:24.651-0400] {processor.py:914} INFO - Processing file /Users/karenwang/anaconda3/envs/airflow_sqlite_env/lib/python3.9/site-packages/airflow/example_dags/example_nested_branch_dag.py for tasks to queue
[2024-10-13T21:31:24.653-0400] {logging_mixin.py:190} INFO - [2024-10-13T21:31:24.653-0400] {dagbag.py:588} INFO - Filling up the DagBag from /Users/karenwang/anaconda3/envs/airflow_sqlite_env/lib/python3.9/site-packages/airflow/example_dags/example_nested_branch_dag.py
[2024-10-13T21:31:24.777-0400] {processor.py:925} INFO - DAG(s) 'example_nested_branch_dag' retrieved from /Users/karenwang/anaconda3/envs/airflow_sqlite_env/lib/python3.9/site-packages/airflow/example_dags/example_nested_branch_dag.py
[2024-10-13T21:31:24.937-0400] {logging_mixin.py:190} INFO - [2024-10-13T21:31:24.937-0400] {dag.py:3239} INFO - Sync 1 DAGs
[2024-10-13T21:31:24.965-0400] {logging_mixin.py:190} INFO - [2024-10-13T21:31:24.965-0400] {dag.py:4180} INFO - Setting next_dagrun for example_nested_branch_dag to 2024-10-13 00:00:00+00:00, run_after=2024-10-14 00:00:00+00:00
[2024-10-13T21:31:24.988-0400] {processor.py:208} INFO - Processing /Users/karenwang/anaconda3/envs/airflow_sqlite_env/lib/python3.9/site-packages/airflow/example_dags/example_nested_branch_dag.py took 0.344 seconds
[2024-10-13T21:35:19.133-0400] {processor.py:186} INFO - Started process (PID=55335) to work on /Users/karenwang/anaconda3/envs/airflow_sqlite_env/lib/python3.9/site-packages/airflow/example_dags/example_nested_branch_dag.py
[2024-10-13T21:35:19.134-0400] {processor.py:914} INFO - Processing file /Users/karenwang/anaconda3/envs/airflow_sqlite_env/lib/python3.9/site-packages/airflow/example_dags/example_nested_branch_dag.py for tasks to queue
[2024-10-13T21:35:19.136-0400] {logging_mixin.py:190} INFO - [2024-10-13T21:35:19.135-0400] {dagbag.py:588} INFO - Filling up the DagBag from /Users/karenwang/anaconda3/envs/airflow_sqlite_env/lib/python3.9/site-packages/airflow/example_dags/example_nested_branch_dag.py
[2024-10-13T21:35:19.245-0400] {processor.py:925} INFO - DAG(s) 'example_nested_branch_dag' retrieved from /Users/karenwang/anaconda3/envs/airflow_sqlite_env/lib/python3.9/site-packages/airflow/example_dags/example_nested_branch_dag.py
[2024-10-13T21:35:19.416-0400] {logging_mixin.py:190} INFO - [2024-10-13T21:35:19.415-0400] {dag.py:3239} INFO - Sync 1 DAGs
[2024-10-13T21:35:19.446-0400] {logging_mixin.py:190} INFO - [2024-10-13T21:35:19.446-0400] {dag.py:4180} INFO - Setting next_dagrun for example_nested_branch_dag to 2024-10-13 00:00:00+00:00, run_after=2024-10-14 00:00:00+00:00
[2024-10-13T21:35:19.469-0400] {processor.py:208} INFO - Processing /Users/karenwang/anaconda3/envs/airflow_sqlite_env/lib/python3.9/site-packages/airflow/example_dags/example_nested_branch_dag.py took 0.343 seconds
[2024-10-13T21:39:12.529-0400] {processor.py:186} INFO - Started process (PID=56563) to work on /Users/karenwang/anaconda3/envs/airflow_sqlite_env/lib/python3.9/site-packages/airflow/example_dags/example_nested_branch_dag.py
[2024-10-13T21:39:12.531-0400] {processor.py:914} INFO - Processing file /Users/karenwang/anaconda3/envs/airflow_sqlite_env/lib/python3.9/site-packages/airflow/example_dags/example_nested_branch_dag.py for tasks to queue
[2024-10-13T21:39:12.533-0400] {logging_mixin.py:190} INFO - [2024-10-13T21:39:12.532-0400] {dagbag.py:588} INFO - Filling up the DagBag from /Users/karenwang/anaconda3/envs/airflow_sqlite_env/lib/python3.9/site-packages/airflow/example_dags/example_nested_branch_dag.py
[2024-10-13T21:39:12.630-0400] {processor.py:925} INFO - DAG(s) 'example_nested_branch_dag' retrieved from /Users/karenwang/anaconda3/envs/airflow_sqlite_env/lib/python3.9/site-packages/airflow/example_dags/example_nested_branch_dag.py
[2024-10-13T21:39:12.779-0400] {logging_mixin.py:190} INFO - [2024-10-13T21:39:12.779-0400] {dag.py:3239} INFO - Sync 1 DAGs
[2024-10-13T21:39:12.808-0400] {logging_mixin.py:190} INFO - [2024-10-13T21:39:12.808-0400] {dag.py:4180} INFO - Setting next_dagrun for example_nested_branch_dag to 2024-10-13 00:00:00+00:00, run_after=2024-10-14 00:00:00+00:00
[2024-10-13T21:39:12.830-0400] {processor.py:208} INFO - Processing /Users/karenwang/anaconda3/envs/airflow_sqlite_env/lib/python3.9/site-packages/airflow/example_dags/example_nested_branch_dag.py took 0.307 seconds
[2024-10-13T21:43:09.827-0400] {processor.py:186} INFO - Started process (PID=57772) to work on /Users/karenwang/anaconda3/envs/airflow_sqlite_env/lib/python3.9/site-packages/airflow/example_dags/example_nested_branch_dag.py
[2024-10-13T21:43:09.829-0400] {processor.py:914} INFO - Processing file /Users/karenwang/anaconda3/envs/airflow_sqlite_env/lib/python3.9/site-packages/airflow/example_dags/example_nested_branch_dag.py for tasks to queue
[2024-10-13T21:43:09.831-0400] {logging_mixin.py:190} INFO - [2024-10-13T21:43:09.830-0400] {dagbag.py:588} INFO - Filling up the DagBag from /Users/karenwang/anaconda3/envs/airflow_sqlite_env/lib/python3.9/site-packages/airflow/example_dags/example_nested_branch_dag.py
[2024-10-13T21:43:09.929-0400] {processor.py:925} INFO - DAG(s) 'example_nested_branch_dag' retrieved from /Users/karenwang/anaconda3/envs/airflow_sqlite_env/lib/python3.9/site-packages/airflow/example_dags/example_nested_branch_dag.py
[2024-10-13T21:43:10.108-0400] {logging_mixin.py:190} INFO - [2024-10-13T21:43:10.107-0400] {dag.py:3239} INFO - Sync 1 DAGs
[2024-10-13T21:43:10.140-0400] {logging_mixin.py:190} INFO - [2024-10-13T21:43:10.139-0400] {dag.py:4180} INFO - Setting next_dagrun for example_nested_branch_dag to 2024-10-13 00:00:00+00:00, run_after=2024-10-14 00:00:00+00:00
[2024-10-13T21:43:10.164-0400] {processor.py:208} INFO - Processing /Users/karenwang/anaconda3/envs/airflow_sqlite_env/lib/python3.9/site-packages/airflow/example_dags/example_nested_branch_dag.py took 0.343 seconds
[2024-10-13T21:47:02.104-0400] {processor.py:186} INFO - Started process (PID=58966) to work on /Users/karenwang/anaconda3/envs/airflow_sqlite_env/lib/python3.9/site-packages/airflow/example_dags/example_nested_branch_dag.py
[2024-10-13T21:47:02.105-0400] {processor.py:914} INFO - Processing file /Users/karenwang/anaconda3/envs/airflow_sqlite_env/lib/python3.9/site-packages/airflow/example_dags/example_nested_branch_dag.py for tasks to queue
[2024-10-13T21:47:02.107-0400] {logging_mixin.py:190} INFO - [2024-10-13T21:47:02.107-0400] {dagbag.py:588} INFO - Filling up the DagBag from /Users/karenwang/anaconda3/envs/airflow_sqlite_env/lib/python3.9/site-packages/airflow/example_dags/example_nested_branch_dag.py
[2024-10-13T21:47:02.214-0400] {processor.py:925} INFO - DAG(s) 'example_nested_branch_dag' retrieved from /Users/karenwang/anaconda3/envs/airflow_sqlite_env/lib/python3.9/site-packages/airflow/example_dags/example_nested_branch_dag.py
[2024-10-13T21:47:02.382-0400] {logging_mixin.py:190} INFO - [2024-10-13T21:47:02.381-0400] {dag.py:3239} INFO - Sync 1 DAGs
[2024-10-13T21:47:02.411-0400] {logging_mixin.py:190} INFO - [2024-10-13T21:47:02.411-0400] {dag.py:4180} INFO - Setting next_dagrun for example_nested_branch_dag to 2024-10-13 00:00:00+00:00, run_after=2024-10-14 00:00:00+00:00
[2024-10-13T21:47:02.437-0400] {processor.py:208} INFO - Processing /Users/karenwang/anaconda3/envs/airflow_sqlite_env/lib/python3.9/site-packages/airflow/example_dags/example_nested_branch_dag.py took 0.338 seconds
[2024-10-13T21:51:01.633-0400] {processor.py:186} INFO - Started process (PID=60222) to work on /Users/karenwang/anaconda3/envs/airflow_sqlite_env/lib/python3.9/site-packages/airflow/example_dags/example_nested_branch_dag.py
[2024-10-13T21:51:01.634-0400] {processor.py:914} INFO - Processing file /Users/karenwang/anaconda3/envs/airflow_sqlite_env/lib/python3.9/site-packages/airflow/example_dags/example_nested_branch_dag.py for tasks to queue
[2024-10-13T21:51:01.636-0400] {logging_mixin.py:190} INFO - [2024-10-13T21:51:01.636-0400] {dagbag.py:588} INFO - Filling up the DagBag from /Users/karenwang/anaconda3/envs/airflow_sqlite_env/lib/python3.9/site-packages/airflow/example_dags/example_nested_branch_dag.py
[2024-10-13T21:51:01.733-0400] {processor.py:925} INFO - DAG(s) 'example_nested_branch_dag' retrieved from /Users/karenwang/anaconda3/envs/airflow_sqlite_env/lib/python3.9/site-packages/airflow/example_dags/example_nested_branch_dag.py
[2024-10-13T21:51:01.894-0400] {logging_mixin.py:190} INFO - [2024-10-13T21:51:01.894-0400] {dag.py:3239} INFO - Sync 1 DAGs
[2024-10-13T21:51:01.920-0400] {logging_mixin.py:190} INFO - [2024-10-13T21:51:01.920-0400] {dag.py:4180} INFO - Setting next_dagrun for example_nested_branch_dag to 2024-10-13 00:00:00+00:00, run_after=2024-10-14 00:00:00+00:00
[2024-10-13T21:51:01.945-0400] {processor.py:208} INFO - Processing /Users/karenwang/anaconda3/envs/airflow_sqlite_env/lib/python3.9/site-packages/airflow/example_dags/example_nested_branch_dag.py took 0.318 seconds
[2024-10-13T21:55:05.114-0400] {processor.py:186} INFO - Started process (PID=61466) to work on /Users/karenwang/anaconda3/envs/airflow_sqlite_env/lib/python3.9/site-packages/airflow/example_dags/example_nested_branch_dag.py
[2024-10-13T21:55:05.115-0400] {processor.py:914} INFO - Processing file /Users/karenwang/anaconda3/envs/airflow_sqlite_env/lib/python3.9/site-packages/airflow/example_dags/example_nested_branch_dag.py for tasks to queue
[2024-10-13T21:55:05.117-0400] {logging_mixin.py:190} INFO - [2024-10-13T21:55:05.116-0400] {dagbag.py:588} INFO - Filling up the DagBag from /Users/karenwang/anaconda3/envs/airflow_sqlite_env/lib/python3.9/site-packages/airflow/example_dags/example_nested_branch_dag.py
[2024-10-13T21:55:05.231-0400] {processor.py:925} INFO - DAG(s) 'example_nested_branch_dag' retrieved from /Users/karenwang/anaconda3/envs/airflow_sqlite_env/lib/python3.9/site-packages/airflow/example_dags/example_nested_branch_dag.py
[2024-10-13T21:55:05.393-0400] {logging_mixin.py:190} INFO - [2024-10-13T21:55:05.393-0400] {dag.py:3239} INFO - Sync 1 DAGs
[2024-10-13T21:55:05.424-0400] {logging_mixin.py:190} INFO - [2024-10-13T21:55:05.424-0400] {dag.py:4180} INFO - Setting next_dagrun for example_nested_branch_dag to 2024-10-13 00:00:00+00:00, run_after=2024-10-14 00:00:00+00:00
[2024-10-13T21:55:05.448-0400] {processor.py:208} INFO - Processing /Users/karenwang/anaconda3/envs/airflow_sqlite_env/lib/python3.9/site-packages/airflow/example_dags/example_nested_branch_dag.py took 0.340 seconds
[2024-10-13T21:58:56.311-0400] {processor.py:186} INFO - Started process (PID=62672) to work on /Users/karenwang/anaconda3/envs/airflow_sqlite_env/lib/python3.9/site-packages/airflow/example_dags/example_nested_branch_dag.py
[2024-10-13T21:58:56.312-0400] {processor.py:914} INFO - Processing file /Users/karenwang/anaconda3/envs/airflow_sqlite_env/lib/python3.9/site-packages/airflow/example_dags/example_nested_branch_dag.py for tasks to queue
[2024-10-13T21:58:56.313-0400] {logging_mixin.py:190} INFO - [2024-10-13T21:58:56.313-0400] {dagbag.py:588} INFO - Filling up the DagBag from /Users/karenwang/anaconda3/envs/airflow_sqlite_env/lib/python3.9/site-packages/airflow/example_dags/example_nested_branch_dag.py
[2024-10-13T21:58:56.402-0400] {processor.py:925} INFO - DAG(s) 'example_nested_branch_dag' retrieved from /Users/karenwang/anaconda3/envs/airflow_sqlite_env/lib/python3.9/site-packages/airflow/example_dags/example_nested_branch_dag.py
[2024-10-13T21:58:56.550-0400] {logging_mixin.py:190} INFO - [2024-10-13T21:58:56.550-0400] {dag.py:3239} INFO - Sync 1 DAGs
[2024-10-13T21:58:56.571-0400] {logging_mixin.py:190} INFO - [2024-10-13T21:58:56.571-0400] {dag.py:4180} INFO - Setting next_dagrun for example_nested_branch_dag to 2024-10-13 00:00:00+00:00, run_after=2024-10-14 00:00:00+00:00
[2024-10-13T21:58:56.596-0400] {processor.py:208} INFO - Processing /Users/karenwang/anaconda3/envs/airflow_sqlite_env/lib/python3.9/site-packages/airflow/example_dags/example_nested_branch_dag.py took 0.292 seconds
[2024-10-13T22:02:49.919-0400] {processor.py:186} INFO - Started process (PID=63877) to work on /Users/karenwang/anaconda3/envs/airflow_sqlite_env/lib/python3.9/site-packages/airflow/example_dags/example_nested_branch_dag.py
[2024-10-13T22:02:49.920-0400] {processor.py:914} INFO - Processing file /Users/karenwang/anaconda3/envs/airflow_sqlite_env/lib/python3.9/site-packages/airflow/example_dags/example_nested_branch_dag.py for tasks to queue
[2024-10-13T22:02:49.921-0400] {logging_mixin.py:190} INFO - [2024-10-13T22:02:49.921-0400] {dagbag.py:588} INFO - Filling up the DagBag from /Users/karenwang/anaconda3/envs/airflow_sqlite_env/lib/python3.9/site-packages/airflow/example_dags/example_nested_branch_dag.py
[2024-10-13T22:02:50.030-0400] {processor.py:925} INFO - DAG(s) 'example_nested_branch_dag' retrieved from /Users/karenwang/anaconda3/envs/airflow_sqlite_env/lib/python3.9/site-packages/airflow/example_dags/example_nested_branch_dag.py
[2024-10-13T22:02:50.184-0400] {logging_mixin.py:190} INFO - [2024-10-13T22:02:50.184-0400] {dag.py:3239} INFO - Sync 1 DAGs
[2024-10-13T22:02:50.216-0400] {logging_mixin.py:190} INFO - [2024-10-13T22:02:50.216-0400] {dag.py:4180} INFO - Setting next_dagrun for example_nested_branch_dag to 2024-10-13 00:00:00+00:00, run_after=2024-10-14 00:00:00+00:00
[2024-10-13T22:02:50.243-0400] {processor.py:208} INFO - Processing /Users/karenwang/anaconda3/envs/airflow_sqlite_env/lib/python3.9/site-packages/airflow/example_dags/example_nested_branch_dag.py took 0.330 seconds
[2024-10-13T22:06:42.018-0400] {processor.py:186} INFO - Started process (PID=65065) to work on /Users/karenwang/anaconda3/envs/airflow_sqlite_env/lib/python3.9/site-packages/airflow/example_dags/example_nested_branch_dag.py
[2024-10-13T22:06:42.019-0400] {processor.py:914} INFO - Processing file /Users/karenwang/anaconda3/envs/airflow_sqlite_env/lib/python3.9/site-packages/airflow/example_dags/example_nested_branch_dag.py for tasks to queue
[2024-10-13T22:06:42.021-0400] {logging_mixin.py:190} INFO - [2024-10-13T22:06:42.020-0400] {dagbag.py:588} INFO - Filling up the DagBag from /Users/karenwang/anaconda3/envs/airflow_sqlite_env/lib/python3.9/site-packages/airflow/example_dags/example_nested_branch_dag.py
[2024-10-13T22:06:42.119-0400] {processor.py:925} INFO - DAG(s) 'example_nested_branch_dag' retrieved from /Users/karenwang/anaconda3/envs/airflow_sqlite_env/lib/python3.9/site-packages/airflow/example_dags/example_nested_branch_dag.py
[2024-10-13T22:06:42.282-0400] {logging_mixin.py:190} INFO - [2024-10-13T22:06:42.282-0400] {dag.py:3239} INFO - Sync 1 DAGs
[2024-10-13T22:06:42.313-0400] {logging_mixin.py:190} INFO - [2024-10-13T22:06:42.313-0400] {dag.py:4180} INFO - Setting next_dagrun for example_nested_branch_dag to 2024-10-13 00:00:00+00:00, run_after=2024-10-14 00:00:00+00:00
[2024-10-13T22:06:42.339-0400] {processor.py:208} INFO - Processing /Users/karenwang/anaconda3/envs/airflow_sqlite_env/lib/python3.9/site-packages/airflow/example_dags/example_nested_branch_dag.py took 0.327 seconds
[2024-10-13T22:10:42.215-0400] {processor.py:186} INFO - Started process (PID=66306) to work on /Users/karenwang/anaconda3/envs/airflow_sqlite_env/lib/python3.9/site-packages/airflow/example_dags/example_nested_branch_dag.py
[2024-10-13T22:10:42.216-0400] {processor.py:914} INFO - Processing file /Users/karenwang/anaconda3/envs/airflow_sqlite_env/lib/python3.9/site-packages/airflow/example_dags/example_nested_branch_dag.py for tasks to queue
[2024-10-13T22:10:42.218-0400] {logging_mixin.py:190} INFO - [2024-10-13T22:10:42.218-0400] {dagbag.py:588} INFO - Filling up the DagBag from /Users/karenwang/anaconda3/envs/airflow_sqlite_env/lib/python3.9/site-packages/airflow/example_dags/example_nested_branch_dag.py
[2024-10-13T22:10:42.321-0400] {processor.py:925} INFO - DAG(s) 'example_nested_branch_dag' retrieved from /Users/karenwang/anaconda3/envs/airflow_sqlite_env/lib/python3.9/site-packages/airflow/example_dags/example_nested_branch_dag.py
[2024-10-13T22:10:42.476-0400] {logging_mixin.py:190} INFO - [2024-10-13T22:10:42.476-0400] {dag.py:3239} INFO - Sync 1 DAGs
[2024-10-13T22:10:42.510-0400] {logging_mixin.py:190} INFO - [2024-10-13T22:10:42.509-0400] {dag.py:4180} INFO - Setting next_dagrun for example_nested_branch_dag to 2024-10-13 00:00:00+00:00, run_after=2024-10-14 00:00:00+00:00
[2024-10-13T22:10:42.535-0400] {processor.py:208} INFO - Processing /Users/karenwang/anaconda3/envs/airflow_sqlite_env/lib/python3.9/site-packages/airflow/example_dags/example_nested_branch_dag.py took 0.327 seconds
[2024-10-13T22:14:34.335-0400] {processor.py:186} INFO - Started process (PID=67494) to work on /Users/karenwang/anaconda3/envs/airflow_sqlite_env/lib/python3.9/site-packages/airflow/example_dags/example_nested_branch_dag.py
[2024-10-13T22:14:34.336-0400] {processor.py:914} INFO - Processing file /Users/karenwang/anaconda3/envs/airflow_sqlite_env/lib/python3.9/site-packages/airflow/example_dags/example_nested_branch_dag.py for tasks to queue
[2024-10-13T22:14:34.338-0400] {logging_mixin.py:190} INFO - [2024-10-13T22:14:34.338-0400] {dagbag.py:588} INFO - Filling up the DagBag from /Users/karenwang/anaconda3/envs/airflow_sqlite_env/lib/python3.9/site-packages/airflow/example_dags/example_nested_branch_dag.py
[2024-10-13T22:14:34.439-0400] {processor.py:925} INFO - DAG(s) 'example_nested_branch_dag' retrieved from /Users/karenwang/anaconda3/envs/airflow_sqlite_env/lib/python3.9/site-packages/airflow/example_dags/example_nested_branch_dag.py
[2024-10-13T22:14:34.606-0400] {logging_mixin.py:190} INFO - [2024-10-13T22:14:34.606-0400] {dag.py:3239} INFO - Sync 1 DAGs
[2024-10-13T22:14:34.631-0400] {logging_mixin.py:190} INFO - [2024-10-13T22:14:34.631-0400] {dag.py:4180} INFO - Setting next_dagrun for example_nested_branch_dag to 2024-10-13 00:00:00+00:00, run_after=2024-10-14 00:00:00+00:00
[2024-10-13T22:14:34.652-0400] {processor.py:208} INFO - Processing /Users/karenwang/anaconda3/envs/airflow_sqlite_env/lib/python3.9/site-packages/airflow/example_dags/example_nested_branch_dag.py took 0.323 seconds
[2024-10-13T22:18:36.817-0400] {processor.py:186} INFO - Started process (PID=68728) to work on /Users/karenwang/anaconda3/envs/airflow_sqlite_env/lib/python3.9/site-packages/airflow/example_dags/example_nested_branch_dag.py
[2024-10-13T22:18:36.818-0400] {processor.py:914} INFO - Processing file /Users/karenwang/anaconda3/envs/airflow_sqlite_env/lib/python3.9/site-packages/airflow/example_dags/example_nested_branch_dag.py for tasks to queue
[2024-10-13T22:18:36.819-0400] {logging_mixin.py:190} INFO - [2024-10-13T22:18:36.819-0400] {dagbag.py:588} INFO - Filling up the DagBag from /Users/karenwang/anaconda3/envs/airflow_sqlite_env/lib/python3.9/site-packages/airflow/example_dags/example_nested_branch_dag.py
[2024-10-13T22:18:36.918-0400] {processor.py:925} INFO - DAG(s) 'example_nested_branch_dag' retrieved from /Users/karenwang/anaconda3/envs/airflow_sqlite_env/lib/python3.9/site-packages/airflow/example_dags/example_nested_branch_dag.py
[2024-10-13T22:18:37.093-0400] {logging_mixin.py:190} INFO - [2024-10-13T22:18:37.092-0400] {dag.py:3239} INFO - Sync 1 DAGs
[2024-10-13T22:18:37.125-0400] {logging_mixin.py:190} INFO - [2024-10-13T22:18:37.124-0400] {dag.py:4180} INFO - Setting next_dagrun for example_nested_branch_dag to 2024-10-13 00:00:00+00:00, run_after=2024-10-14 00:00:00+00:00
[2024-10-13T22:18:37.148-0400] {processor.py:208} INFO - Processing /Users/karenwang/anaconda3/envs/airflow_sqlite_env/lib/python3.9/site-packages/airflow/example_dags/example_nested_branch_dag.py took 0.338 seconds
[2024-10-13T22:22:38.412-0400] {processor.py:186} INFO - Started process (PID=69995) to work on /Users/karenwang/anaconda3/envs/airflow_sqlite_env/lib/python3.9/site-packages/airflow/example_dags/example_nested_branch_dag.py
[2024-10-13T22:22:38.414-0400] {processor.py:914} INFO - Processing file /Users/karenwang/anaconda3/envs/airflow_sqlite_env/lib/python3.9/site-packages/airflow/example_dags/example_nested_branch_dag.py for tasks to queue
[2024-10-13T22:22:38.415-0400] {logging_mixin.py:190} INFO - [2024-10-13T22:22:38.415-0400] {dagbag.py:588} INFO - Filling up the DagBag from /Users/karenwang/anaconda3/envs/airflow_sqlite_env/lib/python3.9/site-packages/airflow/example_dags/example_nested_branch_dag.py
[2024-10-13T22:22:38.540-0400] {processor.py:925} INFO - DAG(s) 'example_nested_branch_dag' retrieved from /Users/karenwang/anaconda3/envs/airflow_sqlite_env/lib/python3.9/site-packages/airflow/example_dags/example_nested_branch_dag.py
[2024-10-13T22:22:38.709-0400] {logging_mixin.py:190} INFO - [2024-10-13T22:22:38.709-0400] {dag.py:3239} INFO - Sync 1 DAGs
[2024-10-13T22:22:38.738-0400] {logging_mixin.py:190} INFO - [2024-10-13T22:22:38.738-0400] {dag.py:4180} INFO - Setting next_dagrun for example_nested_branch_dag to 2024-10-13 00:00:00+00:00, run_after=2024-10-14 00:00:00+00:00
[2024-10-13T22:22:38.761-0400] {processor.py:208} INFO - Processing /Users/karenwang/anaconda3/envs/airflow_sqlite_env/lib/python3.9/site-packages/airflow/example_dags/example_nested_branch_dag.py took 0.354 seconds
[2024-10-13T22:26:48.305-0400] {processor.py:186} INFO - Started process (PID=71330) to work on /Users/karenwang/anaconda3/envs/airflow_sqlite_env/lib/python3.9/site-packages/airflow/example_dags/example_nested_branch_dag.py
[2024-10-13T22:26:48.307-0400] {processor.py:914} INFO - Processing file /Users/karenwang/anaconda3/envs/airflow_sqlite_env/lib/python3.9/site-packages/airflow/example_dags/example_nested_branch_dag.py for tasks to queue
[2024-10-13T22:26:48.308-0400] {logging_mixin.py:190} INFO - [2024-10-13T22:26:48.308-0400] {dagbag.py:588} INFO - Filling up the DagBag from /Users/karenwang/anaconda3/envs/airflow_sqlite_env/lib/python3.9/site-packages/airflow/example_dags/example_nested_branch_dag.py
[2024-10-13T22:26:48.418-0400] {processor.py:925} INFO - DAG(s) 'example_nested_branch_dag' retrieved from /Users/karenwang/anaconda3/envs/airflow_sqlite_env/lib/python3.9/site-packages/airflow/example_dags/example_nested_branch_dag.py
[2024-10-13T22:26:48.603-0400] {logging_mixin.py:190} INFO - [2024-10-13T22:26:48.603-0400] {dag.py:3239} INFO - Sync 1 DAGs
[2024-10-13T22:26:48.632-0400] {logging_mixin.py:190} INFO - [2024-10-13T22:26:48.632-0400] {dag.py:4180} INFO - Setting next_dagrun for example_nested_branch_dag to 2024-10-13 00:00:00+00:00, run_after=2024-10-14 00:00:00+00:00
[2024-10-13T22:26:48.659-0400] {processor.py:208} INFO - Processing /Users/karenwang/anaconda3/envs/airflow_sqlite_env/lib/python3.9/site-packages/airflow/example_dags/example_nested_branch_dag.py took 0.360 seconds
[2024-10-13T22:36:38.633-0400] {processor.py:186} INFO - Started process (PID=74679) to work on /Users/karenwang/anaconda3/envs/airflow_sqlite_env/lib/python3.9/site-packages/airflow/example_dags/example_nested_branch_dag.py
[2024-10-13T22:36:38.636-0400] {processor.py:914} INFO - Processing file /Users/karenwang/anaconda3/envs/airflow_sqlite_env/lib/python3.9/site-packages/airflow/example_dags/example_nested_branch_dag.py for tasks to queue
[2024-10-13T22:36:38.637-0400] {logging_mixin.py:190} INFO - [2024-10-13T22:36:38.637-0400] {dagbag.py:588} INFO - Filling up the DagBag from /Users/karenwang/anaconda3/envs/airflow_sqlite_env/lib/python3.9/site-packages/airflow/example_dags/example_nested_branch_dag.py
[2024-10-13T22:36:38.752-0400] {processor.py:925} INFO - DAG(s) 'example_nested_branch_dag' retrieved from /Users/karenwang/anaconda3/envs/airflow_sqlite_env/lib/python3.9/site-packages/airflow/example_dags/example_nested_branch_dag.py
[2024-10-13T22:36:38.923-0400] {logging_mixin.py:190} INFO - [2024-10-13T22:36:38.923-0400] {dag.py:3239} INFO - Sync 1 DAGs
[2024-10-13T22:36:38.970-0400] {logging_mixin.py:190} INFO - [2024-10-13T22:36:38.969-0400] {dag.py:4180} INFO - Setting next_dagrun for example_nested_branch_dag to 2024-10-13 00:00:00+00:00, run_after=2024-10-14 00:00:00+00:00
[2024-10-13T22:36:38.998-0400] {processor.py:208} INFO - Processing /Users/karenwang/anaconda3/envs/airflow_sqlite_env/lib/python3.9/site-packages/airflow/example_dags/example_nested_branch_dag.py took 0.371 seconds
