[2024-10-13T20:07:08.903-0400] {processor.py:186} INFO - Started process (PID=27314) to work on /Users/karenwang/anaconda3/envs/airflow_sqlite_env/lib/python3.9/site-packages/airflow/example_dags/example_branch_python_dop_operator_3.py
[2024-10-13T20:07:08.905-0400] {processor.py:914} INFO - Processing file /Users/karenwang/anaconda3/envs/airflow_sqlite_env/lib/python3.9/site-packages/airflow/example_dags/example_branch_python_dop_operator_3.py for tasks to queue
[2024-10-13T20:07:08.906-0400] {logging_mixin.py:190} INFO - [2024-10-13T20:07:08.906-0400] {dagbag.py:588} INFO - Filling up the DagBag from /Users/karenwang/anaconda3/envs/airflow_sqlite_env/lib/python3.9/site-packages/airflow/example_dags/example_branch_python_dop_operator_3.py
[2024-10-13T20:07:09.008-0400] {processor.py:925} INFO - DAG(s) 'example_branch_dop_operator_v3' retrieved from /Users/karenwang/anaconda3/envs/airflow_sqlite_env/lib/python3.9/site-packages/airflow/example_dags/example_branch_python_dop_operator_3.py
[2024-10-13T20:07:09.155-0400] {logging_mixin.py:190} INFO - [2024-10-13T20:07:09.154-0400] {dag.py:3239} INFO - Sync 1 DAGs
[2024-10-13T20:07:09.186-0400] {logging_mixin.py:190} INFO - [2024-10-13T20:07:09.186-0400] {dag.py:4180} INFO - Setting next_dagrun for example_branch_dop_operator_v3 to 2024-10-14 00:06:00+00:00, run_after=2024-10-14 00:07:00+00:00
[2024-10-13T20:07:09.209-0400] {processor.py:208} INFO - Processing /Users/karenwang/anaconda3/envs/airflow_sqlite_env/lib/python3.9/site-packages/airflow/example_dags/example_branch_python_dop_operator_3.py took 0.312 seconds
[2024-10-13T20:15:06.876-0400] {processor.py:186} INFO - Started process (PID=29757) to work on /Users/karenwang/anaconda3/envs/airflow_sqlite_env/lib/python3.9/site-packages/airflow/example_dags/example_branch_python_dop_operator_3.py
[2024-10-13T20:15:06.877-0400] {processor.py:914} INFO - Processing file /Users/karenwang/anaconda3/envs/airflow_sqlite_env/lib/python3.9/site-packages/airflow/example_dags/example_branch_python_dop_operator_3.py for tasks to queue
[2024-10-13T20:15:06.879-0400] {logging_mixin.py:190} INFO - [2024-10-13T20:15:06.878-0400] {dagbag.py:588} INFO - Filling up the DagBag from /Users/karenwang/anaconda3/envs/airflow_sqlite_env/lib/python3.9/site-packages/airflow/example_dags/example_branch_python_dop_operator_3.py
[2024-10-13T20:15:06.981-0400] {processor.py:925} INFO - DAG(s) 'example_branch_dop_operator_v3' retrieved from /Users/karenwang/anaconda3/envs/airflow_sqlite_env/lib/python3.9/site-packages/airflow/example_dags/example_branch_python_dop_operator_3.py
[2024-10-13T20:15:07.139-0400] {logging_mixin.py:190} INFO - [2024-10-13T20:15:07.138-0400] {dag.py:3239} INFO - Sync 1 DAGs
[2024-10-13T20:15:07.167-0400] {logging_mixin.py:190} INFO - [2024-10-13T20:15:07.167-0400] {dag.py:4180} INFO - Setting next_dagrun for example_branch_dop_operator_v3 to 2024-10-14 00:14:00+00:00, run_after=2024-10-14 00:15:00+00:00
[2024-10-13T20:15:07.192-0400] {processor.py:208} INFO - Processing /Users/karenwang/anaconda3/envs/airflow_sqlite_env/lib/python3.9/site-packages/airflow/example_dags/example_branch_python_dop_operator_3.py took 0.322 seconds
[2024-10-13T20:23:43.285-0400] {processor.py:186} INFO - Started process (PID=32525) to work on /Users/karenwang/anaconda3/envs/airflow_sqlite_env/lib/python3.9/site-packages/airflow/example_dags/example_branch_python_dop_operator_3.py
[2024-10-13T20:23:43.287-0400] {processor.py:914} INFO - Processing file /Users/karenwang/anaconda3/envs/airflow_sqlite_env/lib/python3.9/site-packages/airflow/example_dags/example_branch_python_dop_operator_3.py for tasks to queue
[2024-10-13T20:23:43.289-0400] {logging_mixin.py:190} INFO - [2024-10-13T20:23:43.288-0400] {dagbag.py:588} INFO - Filling up the DagBag from /Users/karenwang/anaconda3/envs/airflow_sqlite_env/lib/python3.9/site-packages/airflow/example_dags/example_branch_python_dop_operator_3.py
[2024-10-13T20:23:43.411-0400] {processor.py:925} INFO - DAG(s) 'example_branch_dop_operator_v3' retrieved from /Users/karenwang/anaconda3/envs/airflow_sqlite_env/lib/python3.9/site-packages/airflow/example_dags/example_branch_python_dop_operator_3.py
[2024-10-13T20:23:43.596-0400] {logging_mixin.py:190} INFO - [2024-10-13T20:23:43.596-0400] {dag.py:3239} INFO - Sync 1 DAGs
[2024-10-13T20:23:43.627-0400] {logging_mixin.py:190} INFO - [2024-10-13T20:23:43.627-0400] {dag.py:4180} INFO - Setting next_dagrun for example_branch_dop_operator_v3 to 2024-10-14 00:22:00+00:00, run_after=2024-10-14 00:23:00+00:00
[2024-10-13T20:23:43.648-0400] {processor.py:208} INFO - Processing /Users/karenwang/anaconda3/envs/airflow_sqlite_env/lib/python3.9/site-packages/airflow/example_dags/example_branch_python_dop_operator_3.py took 0.371 seconds
[2024-10-13T20:29:59.882-0400] {processor.py:186} INFO - Started process (PID=34690) to work on /Users/karenwang/anaconda3/envs/airflow_sqlite_env/lib/python3.9/site-packages/airflow/example_dags/example_branch_python_dop_operator_3.py
[2024-10-13T20:29:59.883-0400] {processor.py:914} INFO - Processing file /Users/karenwang/anaconda3/envs/airflow_sqlite_env/lib/python3.9/site-packages/airflow/example_dags/example_branch_python_dop_operator_3.py for tasks to queue
[2024-10-13T20:29:59.885-0400] {logging_mixin.py:190} INFO - [2024-10-13T20:29:59.884-0400] {dagbag.py:588} INFO - Filling up the DagBag from /Users/karenwang/anaconda3/envs/airflow_sqlite_env/lib/python3.9/site-packages/airflow/example_dags/example_branch_python_dop_operator_3.py
[2024-10-13T20:29:59.979-0400] {processor.py:925} INFO - DAG(s) 'example_branch_dop_operator_v3' retrieved from /Users/karenwang/anaconda3/envs/airflow_sqlite_env/lib/python3.9/site-packages/airflow/example_dags/example_branch_python_dop_operator_3.py
[2024-10-13T20:30:00.159-0400] {logging_mixin.py:190} INFO - [2024-10-13T20:30:00.159-0400] {dag.py:3239} INFO - Sync 1 DAGs
[2024-10-13T20:30:00.186-0400] {logging_mixin.py:190} INFO - [2024-10-13T20:30:00.185-0400] {dag.py:4180} INFO - Setting next_dagrun for example_branch_dop_operator_v3 to 2024-10-14 00:29:00+00:00, run_after=2024-10-14 00:30:00+00:00
[2024-10-13T20:30:00.211-0400] {processor.py:208} INFO - Processing /Users/karenwang/anaconda3/envs/airflow_sqlite_env/lib/python3.9/site-packages/airflow/example_dags/example_branch_python_dop_operator_3.py took 0.336 seconds
[2024-10-13T20:37:21.229-0400] {processor.py:186} INFO - Started process (PID=37002) to work on /Users/karenwang/anaconda3/envs/airflow_sqlite_env/lib/python3.9/site-packages/airflow/example_dags/example_branch_python_dop_operator_3.py
[2024-10-13T20:37:21.230-0400] {processor.py:914} INFO - Processing file /Users/karenwang/anaconda3/envs/airflow_sqlite_env/lib/python3.9/site-packages/airflow/example_dags/example_branch_python_dop_operator_3.py for tasks to queue
[2024-10-13T20:37:21.232-0400] {logging_mixin.py:190} INFO - [2024-10-13T20:37:21.231-0400] {dagbag.py:588} INFO - Filling up the DagBag from /Users/karenwang/anaconda3/envs/airflow_sqlite_env/lib/python3.9/site-packages/airflow/example_dags/example_branch_python_dop_operator_3.py
[2024-10-13T20:37:21.323-0400] {processor.py:925} INFO - DAG(s) 'example_branch_dop_operator_v3' retrieved from /Users/karenwang/anaconda3/envs/airflow_sqlite_env/lib/python3.9/site-packages/airflow/example_dags/example_branch_python_dop_operator_3.py
[2024-10-13T20:37:21.445-0400] {logging_mixin.py:190} INFO - [2024-10-13T20:37:21.445-0400] {dag.py:3239} INFO - Sync 1 DAGs
[2024-10-13T20:37:21.469-0400] {logging_mixin.py:190} INFO - [2024-10-13T20:37:21.469-0400] {dag.py:4180} INFO - Setting next_dagrun for example_branch_dop_operator_v3 to 2024-10-14 00:36:00+00:00, run_after=2024-10-14 00:37:00+00:00
[2024-10-13T20:37:21.491-0400] {processor.py:208} INFO - Processing /Users/karenwang/anaconda3/envs/airflow_sqlite_env/lib/python3.9/site-packages/airflow/example_dags/example_branch_python_dop_operator_3.py took 0.268 seconds
[2024-10-13T20:44:39.489-0400] {processor.py:186} INFO - Started process (PID=39246) to work on /Users/karenwang/anaconda3/envs/airflow_sqlite_env/lib/python3.9/site-packages/airflow/example_dags/example_branch_python_dop_operator_3.py
[2024-10-13T20:44:39.490-0400] {processor.py:914} INFO - Processing file /Users/karenwang/anaconda3/envs/airflow_sqlite_env/lib/python3.9/site-packages/airflow/example_dags/example_branch_python_dop_operator_3.py for tasks to queue
[2024-10-13T20:44:39.492-0400] {logging_mixin.py:190} INFO - [2024-10-13T20:44:39.492-0400] {dagbag.py:588} INFO - Filling up the DagBag from /Users/karenwang/anaconda3/envs/airflow_sqlite_env/lib/python3.9/site-packages/airflow/example_dags/example_branch_python_dop_operator_3.py
[2024-10-13T20:44:39.584-0400] {processor.py:925} INFO - DAG(s) 'example_branch_dop_operator_v3' retrieved from /Users/karenwang/anaconda3/envs/airflow_sqlite_env/lib/python3.9/site-packages/airflow/example_dags/example_branch_python_dop_operator_3.py
[2024-10-13T20:44:39.712-0400] {logging_mixin.py:190} INFO - [2024-10-13T20:44:39.711-0400] {dag.py:3239} INFO - Sync 1 DAGs
[2024-10-13T20:44:39.743-0400] {logging_mixin.py:190} INFO - [2024-10-13T20:44:39.743-0400] {dag.py:4180} INFO - Setting next_dagrun for example_branch_dop_operator_v3 to 2024-10-14 00:43:00+00:00, run_after=2024-10-14 00:44:00+00:00
[2024-10-13T20:44:39.768-0400] {processor.py:208} INFO - Processing /Users/karenwang/anaconda3/envs/airflow_sqlite_env/lib/python3.9/site-packages/airflow/example_dags/example_branch_python_dop_operator_3.py took 0.286 seconds
[2024-10-13T20:51:58.177-0400] {processor.py:186} INFO - Started process (PID=41533) to work on /Users/karenwang/anaconda3/envs/airflow_sqlite_env/lib/python3.9/site-packages/airflow/example_dags/example_branch_python_dop_operator_3.py
[2024-10-13T20:51:58.179-0400] {processor.py:914} INFO - Processing file /Users/karenwang/anaconda3/envs/airflow_sqlite_env/lib/python3.9/site-packages/airflow/example_dags/example_branch_python_dop_operator_3.py for tasks to queue
[2024-10-13T20:51:58.180-0400] {logging_mixin.py:190} INFO - [2024-10-13T20:51:58.180-0400] {dagbag.py:588} INFO - Filling up the DagBag from /Users/karenwang/anaconda3/envs/airflow_sqlite_env/lib/python3.9/site-packages/airflow/example_dags/example_branch_python_dop_operator_3.py
[2024-10-13T20:51:58.286-0400] {processor.py:925} INFO - DAG(s) 'example_branch_dop_operator_v3' retrieved from /Users/karenwang/anaconda3/envs/airflow_sqlite_env/lib/python3.9/site-packages/airflow/example_dags/example_branch_python_dop_operator_3.py
[2024-10-13T20:51:58.436-0400] {logging_mixin.py:190} INFO - [2024-10-13T20:51:58.435-0400] {dag.py:3239} INFO - Sync 1 DAGs
[2024-10-13T20:51:58.460-0400] {logging_mixin.py:190} INFO - [2024-10-13T20:51:58.460-0400] {dag.py:4180} INFO - Setting next_dagrun for example_branch_dop_operator_v3 to 2024-10-14 00:50:00+00:00, run_after=2024-10-14 00:51:00+00:00
[2024-10-13T20:51:58.481-0400] {processor.py:208} INFO - Processing /Users/karenwang/anaconda3/envs/airflow_sqlite_env/lib/python3.9/site-packages/airflow/example_dags/example_branch_python_dop_operator_3.py took 0.310 seconds
[2024-10-13T20:59:18.870-0400] {processor.py:186} INFO - Started process (PID=43824) to work on /Users/karenwang/anaconda3/envs/airflow_sqlite_env/lib/python3.9/site-packages/airflow/example_dags/example_branch_python_dop_operator_3.py
[2024-10-13T20:59:18.871-0400] {processor.py:914} INFO - Processing file /Users/karenwang/anaconda3/envs/airflow_sqlite_env/lib/python3.9/site-packages/airflow/example_dags/example_branch_python_dop_operator_3.py for tasks to queue
[2024-10-13T20:59:18.873-0400] {logging_mixin.py:190} INFO - [2024-10-13T20:59:18.872-0400] {dagbag.py:588} INFO - Filling up the DagBag from /Users/karenwang/anaconda3/envs/airflow_sqlite_env/lib/python3.9/site-packages/airflow/example_dags/example_branch_python_dop_operator_3.py
[2024-10-13T20:59:18.974-0400] {processor.py:925} INFO - DAG(s) 'example_branch_dop_operator_v3' retrieved from /Users/karenwang/anaconda3/envs/airflow_sqlite_env/lib/python3.9/site-packages/airflow/example_dags/example_branch_python_dop_operator_3.py
[2024-10-13T20:59:19.107-0400] {logging_mixin.py:190} INFO - [2024-10-13T20:59:19.107-0400] {dag.py:3239} INFO - Sync 1 DAGs
[2024-10-13T20:59:19.131-0400] {logging_mixin.py:190} INFO - [2024-10-13T20:59:19.131-0400] {dag.py:4180} INFO - Setting next_dagrun for example_branch_dop_operator_v3 to 2024-10-14 00:58:00+00:00, run_after=2024-10-14 00:59:00+00:00
[2024-10-13T20:59:19.154-0400] {processor.py:208} INFO - Processing /Users/karenwang/anaconda3/envs/airflow_sqlite_env/lib/python3.9/site-packages/airflow/example_dags/example_branch_python_dop_operator_3.py took 0.290 seconds
[2024-10-13T21:06:39.233-0400] {processor.py:186} INFO - Started process (PID=46096) to work on /Users/karenwang/anaconda3/envs/airflow_sqlite_env/lib/python3.9/site-packages/airflow/example_dags/example_branch_python_dop_operator_3.py
[2024-10-13T21:06:39.234-0400] {processor.py:914} INFO - Processing file /Users/karenwang/anaconda3/envs/airflow_sqlite_env/lib/python3.9/site-packages/airflow/example_dags/example_branch_python_dop_operator_3.py for tasks to queue
[2024-10-13T21:06:39.236-0400] {logging_mixin.py:190} INFO - [2024-10-13T21:06:39.235-0400] {dagbag.py:588} INFO - Filling up the DagBag from /Users/karenwang/anaconda3/envs/airflow_sqlite_env/lib/python3.9/site-packages/airflow/example_dags/example_branch_python_dop_operator_3.py
[2024-10-13T21:06:39.348-0400] {processor.py:925} INFO - DAG(s) 'example_branch_dop_operator_v3' retrieved from /Users/karenwang/anaconda3/envs/airflow_sqlite_env/lib/python3.9/site-packages/airflow/example_dags/example_branch_python_dop_operator_3.py
[2024-10-13T21:06:39.512-0400] {logging_mixin.py:190} INFO - [2024-10-13T21:06:39.511-0400] {dag.py:3239} INFO - Sync 1 DAGs
[2024-10-13T21:06:39.546-0400] {logging_mixin.py:190} INFO - [2024-10-13T21:06:39.545-0400] {dag.py:4180} INFO - Setting next_dagrun for example_branch_dop_operator_v3 to 2024-10-14 01:05:00+00:00, run_after=2024-10-14 01:06:00+00:00
[2024-10-13T21:06:39.570-0400] {processor.py:208} INFO - Processing /Users/karenwang/anaconda3/envs/airflow_sqlite_env/lib/python3.9/site-packages/airflow/example_dags/example_branch_python_dop_operator_3.py took 0.344 seconds
[2024-10-13T21:12:45.172-0400] {processor.py:186} INFO - Started process (PID=48069) to work on /Users/karenwang/anaconda3/envs/airflow_sqlite_env/lib/python3.9/site-packages/airflow/example_dags/example_branch_python_dop_operator_3.py
[2024-10-13T21:12:45.173-0400] {processor.py:914} INFO - Processing file /Users/karenwang/anaconda3/envs/airflow_sqlite_env/lib/python3.9/site-packages/airflow/example_dags/example_branch_python_dop_operator_3.py for tasks to queue
[2024-10-13T21:12:45.175-0400] {logging_mixin.py:190} INFO - [2024-10-13T21:12:45.174-0400] {dagbag.py:588} INFO - Filling up the DagBag from /Users/karenwang/anaconda3/envs/airflow_sqlite_env/lib/python3.9/site-packages/airflow/example_dags/example_branch_python_dop_operator_3.py
[2024-10-13T21:12:45.280-0400] {processor.py:925} INFO - DAG(s) 'example_branch_dop_operator_v3' retrieved from /Users/karenwang/anaconda3/envs/airflow_sqlite_env/lib/python3.9/site-packages/airflow/example_dags/example_branch_python_dop_operator_3.py
[2024-10-13T21:12:45.434-0400] {logging_mixin.py:190} INFO - [2024-10-13T21:12:45.434-0400] {dag.py:3239} INFO - Sync 1 DAGs
[2024-10-13T21:12:45.460-0400] {logging_mixin.py:190} INFO - [2024-10-13T21:12:45.460-0400] {dag.py:4180} INFO - Setting next_dagrun for example_branch_dop_operator_v3 to 2024-10-14 01:11:00+00:00, run_after=2024-10-14 01:12:00+00:00
[2024-10-13T21:12:45.479-0400] {processor.py:208} INFO - Processing /Users/karenwang/anaconda3/envs/airflow_sqlite_env/lib/python3.9/site-packages/airflow/example_dags/example_branch_python_dop_operator_3.py took 0.315 seconds
[2024-10-13T21:20:29.013-0400] {processor.py:186} INFO - Started process (PID=50709) to work on /Users/karenwang/anaconda3/envs/airflow_sqlite_env/lib/python3.9/site-packages/airflow/example_dags/example_branch_python_dop_operator_3.py
[2024-10-13T21:20:29.014-0400] {processor.py:914} INFO - Processing file /Users/karenwang/anaconda3/envs/airflow_sqlite_env/lib/python3.9/site-packages/airflow/example_dags/example_branch_python_dop_operator_3.py for tasks to queue
[2024-10-13T21:20:29.015-0400] {logging_mixin.py:190} INFO - [2024-10-13T21:20:29.015-0400] {dagbag.py:588} INFO - Filling up the DagBag from /Users/karenwang/anaconda3/envs/airflow_sqlite_env/lib/python3.9/site-packages/airflow/example_dags/example_branch_python_dop_operator_3.py
[2024-10-13T21:20:29.103-0400] {processor.py:925} INFO - DAG(s) 'example_branch_dop_operator_v3' retrieved from /Users/karenwang/anaconda3/envs/airflow_sqlite_env/lib/python3.9/site-packages/airflow/example_dags/example_branch_python_dop_operator_3.py
[2024-10-13T21:20:29.236-0400] {logging_mixin.py:190} INFO - [2024-10-13T21:20:29.236-0400] {dag.py:3239} INFO - Sync 1 DAGs
[2024-10-13T21:20:29.261-0400] {logging_mixin.py:190} INFO - [2024-10-13T21:20:29.261-0400] {dag.py:4180} INFO - Setting next_dagrun for example_branch_dop_operator_v3 to 2024-10-14 01:19:00+00:00, run_after=2024-10-14 01:20:00+00:00
[2024-10-13T21:20:29.280-0400] {processor.py:208} INFO - Processing /Users/karenwang/anaconda3/envs/airflow_sqlite_env/lib/python3.9/site-packages/airflow/example_dags/example_branch_python_dop_operator_3.py took 0.274 seconds
[2024-10-13T21:27:50.541-0400] {processor.py:186} INFO - Started process (PID=52980) to work on /Users/karenwang/anaconda3/envs/airflow_sqlite_env/lib/python3.9/site-packages/airflow/example_dags/example_branch_python_dop_operator_3.py
[2024-10-13T21:27:50.543-0400] {processor.py:914} INFO - Processing file /Users/karenwang/anaconda3/envs/airflow_sqlite_env/lib/python3.9/site-packages/airflow/example_dags/example_branch_python_dop_operator_3.py for tasks to queue
[2024-10-13T21:27:50.545-0400] {logging_mixin.py:190} INFO - [2024-10-13T21:27:50.544-0400] {dagbag.py:588} INFO - Filling up the DagBag from /Users/karenwang/anaconda3/envs/airflow_sqlite_env/lib/python3.9/site-packages/airflow/example_dags/example_branch_python_dop_operator_3.py
[2024-10-13T21:27:50.646-0400] {processor.py:925} INFO - DAG(s) 'example_branch_dop_operator_v3' retrieved from /Users/karenwang/anaconda3/envs/airflow_sqlite_env/lib/python3.9/site-packages/airflow/example_dags/example_branch_python_dop_operator_3.py
[2024-10-13T21:27:50.796-0400] {logging_mixin.py:190} INFO - [2024-10-13T21:27:50.795-0400] {dag.py:3239} INFO - Sync 1 DAGs
[2024-10-13T21:27:50.822-0400] {logging_mixin.py:190} INFO - [2024-10-13T21:27:50.822-0400] {dag.py:4180} INFO - Setting next_dagrun for example_branch_dop_operator_v3 to 2024-10-14 01:26:00+00:00, run_after=2024-10-14 01:27:00+00:00
[2024-10-13T21:27:50.845-0400] {processor.py:208} INFO - Processing /Users/karenwang/anaconda3/envs/airflow_sqlite_env/lib/python3.9/site-packages/airflow/example_dags/example_branch_python_dop_operator_3.py took 0.310 seconds
[2024-10-13T21:35:45.124-0400] {processor.py:186} INFO - Started process (PID=55495) to work on /Users/karenwang/anaconda3/envs/airflow_sqlite_env/lib/python3.9/site-packages/airflow/example_dags/example_branch_python_dop_operator_3.py
[2024-10-13T21:35:45.125-0400] {processor.py:914} INFO - Processing file /Users/karenwang/anaconda3/envs/airflow_sqlite_env/lib/python3.9/site-packages/airflow/example_dags/example_branch_python_dop_operator_3.py for tasks to queue
[2024-10-13T21:35:45.127-0400] {logging_mixin.py:190} INFO - [2024-10-13T21:35:45.126-0400] {dagbag.py:588} INFO - Filling up the DagBag from /Users/karenwang/anaconda3/envs/airflow_sqlite_env/lib/python3.9/site-packages/airflow/example_dags/example_branch_python_dop_operator_3.py
[2024-10-13T21:35:45.238-0400] {processor.py:925} INFO - DAG(s) 'example_branch_dop_operator_v3' retrieved from /Users/karenwang/anaconda3/envs/airflow_sqlite_env/lib/python3.9/site-packages/airflow/example_dags/example_branch_python_dop_operator_3.py
[2024-10-13T21:35:45.404-0400] {logging_mixin.py:190} INFO - [2024-10-13T21:35:45.404-0400] {dag.py:3239} INFO - Sync 1 DAGs
[2024-10-13T21:35:45.439-0400] {logging_mixin.py:190} INFO - [2024-10-13T21:35:45.439-0400] {dag.py:4180} INFO - Setting next_dagrun for example_branch_dop_operator_v3 to 2024-10-14 01:34:00+00:00, run_after=2024-10-14 01:35:00+00:00
[2024-10-13T21:35:45.463-0400] {processor.py:208} INFO - Processing /Users/karenwang/anaconda3/envs/airflow_sqlite_env/lib/python3.9/site-packages/airflow/example_dags/example_branch_python_dop_operator_3.py took 0.346 seconds
[2024-10-13T21:43:30.695-0400] {processor.py:186} INFO - Started process (PID=57880) to work on /Users/karenwang/anaconda3/envs/airflow_sqlite_env/lib/python3.9/site-packages/airflow/example_dags/example_branch_python_dop_operator_3.py
[2024-10-13T21:43:30.697-0400] {processor.py:914} INFO - Processing file /Users/karenwang/anaconda3/envs/airflow_sqlite_env/lib/python3.9/site-packages/airflow/example_dags/example_branch_python_dop_operator_3.py for tasks to queue
[2024-10-13T21:43:30.698-0400] {logging_mixin.py:190} INFO - [2024-10-13T21:43:30.698-0400] {dagbag.py:588} INFO - Filling up the DagBag from /Users/karenwang/anaconda3/envs/airflow_sqlite_env/lib/python3.9/site-packages/airflow/example_dags/example_branch_python_dop_operator_3.py
[2024-10-13T21:43:30.798-0400] {processor.py:925} INFO - DAG(s) 'example_branch_dop_operator_v3' retrieved from /Users/karenwang/anaconda3/envs/airflow_sqlite_env/lib/python3.9/site-packages/airflow/example_dags/example_branch_python_dop_operator_3.py
[2024-10-13T21:43:30.947-0400] {logging_mixin.py:190} INFO - [2024-10-13T21:43:30.947-0400] {dag.py:3239} INFO - Sync 1 DAGs
[2024-10-13T21:43:30.978-0400] {logging_mixin.py:190} INFO - [2024-10-13T21:43:30.978-0400] {dag.py:4180} INFO - Setting next_dagrun for example_branch_dop_operator_v3 to 2024-10-14 01:42:00+00:00, run_after=2024-10-14 01:43:00+00:00
[2024-10-13T21:43:31.004-0400] {processor.py:208} INFO - Processing /Users/karenwang/anaconda3/envs/airflow_sqlite_env/lib/python3.9/site-packages/airflow/example_dags/example_branch_python_dop_operator_3.py took 0.315 seconds
[2024-10-13T21:51:30.498-0400] {processor.py:186} INFO - Started process (PID=60369) to work on /Users/karenwang/anaconda3/envs/airflow_sqlite_env/lib/python3.9/site-packages/airflow/example_dags/example_branch_python_dop_operator_3.py
[2024-10-13T21:51:30.500-0400] {processor.py:914} INFO - Processing file /Users/karenwang/anaconda3/envs/airflow_sqlite_env/lib/python3.9/site-packages/airflow/example_dags/example_branch_python_dop_operator_3.py for tasks to queue
[2024-10-13T21:51:30.501-0400] {logging_mixin.py:190} INFO - [2024-10-13T21:51:30.501-0400] {dagbag.py:588} INFO - Filling up the DagBag from /Users/karenwang/anaconda3/envs/airflow_sqlite_env/lib/python3.9/site-packages/airflow/example_dags/example_branch_python_dop_operator_3.py
[2024-10-13T21:51:30.612-0400] {processor.py:925} INFO - DAG(s) 'example_branch_dop_operator_v3' retrieved from /Users/karenwang/anaconda3/envs/airflow_sqlite_env/lib/python3.9/site-packages/airflow/example_dags/example_branch_python_dop_operator_3.py
[2024-10-13T21:51:30.773-0400] {logging_mixin.py:190} INFO - [2024-10-13T21:51:30.772-0400] {dag.py:3239} INFO - Sync 1 DAGs
[2024-10-13T21:51:30.801-0400] {logging_mixin.py:190} INFO - [2024-10-13T21:51:30.801-0400] {dag.py:4180} INFO - Setting next_dagrun for example_branch_dop_operator_v3 to 2024-10-14 01:50:00+00:00, run_after=2024-10-14 01:51:00+00:00
[2024-10-13T21:51:30.826-0400] {processor.py:208} INFO - Processing /Users/karenwang/anaconda3/envs/airflow_sqlite_env/lib/python3.9/site-packages/airflow/example_dags/example_branch_python_dop_operator_3.py took 0.333 seconds
[2024-10-13T21:59:18.168-0400] {processor.py:186} INFO - Started process (PID=62780) to work on /Users/karenwang/anaconda3/envs/airflow_sqlite_env/lib/python3.9/site-packages/airflow/example_dags/example_branch_python_dop_operator_3.py
[2024-10-13T21:59:18.170-0400] {processor.py:914} INFO - Processing file /Users/karenwang/anaconda3/envs/airflow_sqlite_env/lib/python3.9/site-packages/airflow/example_dags/example_branch_python_dop_operator_3.py for tasks to queue
[2024-10-13T21:59:18.171-0400] {logging_mixin.py:190} INFO - [2024-10-13T21:59:18.171-0400] {dagbag.py:588} INFO - Filling up the DagBag from /Users/karenwang/anaconda3/envs/airflow_sqlite_env/lib/python3.9/site-packages/airflow/example_dags/example_branch_python_dop_operator_3.py
[2024-10-13T21:59:18.282-0400] {processor.py:925} INFO - DAG(s) 'example_branch_dop_operator_v3' retrieved from /Users/karenwang/anaconda3/envs/airflow_sqlite_env/lib/python3.9/site-packages/airflow/example_dags/example_branch_python_dop_operator_3.py
[2024-10-13T21:59:18.466-0400] {logging_mixin.py:190} INFO - [2024-10-13T21:59:18.466-0400] {dag.py:3239} INFO - Sync 1 DAGs
[2024-10-13T21:59:18.502-0400] {logging_mixin.py:190} INFO - [2024-10-13T21:59:18.501-0400] {dag.py:4180} INFO - Setting next_dagrun for example_branch_dop_operator_v3 to 2024-10-14 01:58:00+00:00, run_after=2024-10-14 01:59:00+00:00
[2024-10-13T21:59:18.525-0400] {processor.py:208} INFO - Processing /Users/karenwang/anaconda3/envs/airflow_sqlite_env/lib/python3.9/site-packages/airflow/example_dags/example_branch_python_dop_operator_3.py took 0.364 seconds
[2024-10-13T22:07:11.588-0400] {processor.py:186} INFO - Started process (PID=65214) to work on /Users/karenwang/anaconda3/envs/airflow_sqlite_env/lib/python3.9/site-packages/airflow/example_dags/example_branch_python_dop_operator_3.py
[2024-10-13T22:07:11.590-0400] {processor.py:914} INFO - Processing file /Users/karenwang/anaconda3/envs/airflow_sqlite_env/lib/python3.9/site-packages/airflow/example_dags/example_branch_python_dop_operator_3.py for tasks to queue
[2024-10-13T22:07:11.592-0400] {logging_mixin.py:190} INFO - [2024-10-13T22:07:11.592-0400] {dagbag.py:588} INFO - Filling up the DagBag from /Users/karenwang/anaconda3/envs/airflow_sqlite_env/lib/python3.9/site-packages/airflow/example_dags/example_branch_python_dop_operator_3.py
[2024-10-13T22:07:11.692-0400] {processor.py:925} INFO - DAG(s) 'example_branch_dop_operator_v3' retrieved from /Users/karenwang/anaconda3/envs/airflow_sqlite_env/lib/python3.9/site-packages/airflow/example_dags/example_branch_python_dop_operator_3.py
[2024-10-13T22:07:11.859-0400] {logging_mixin.py:190} INFO - [2024-10-13T22:07:11.858-0400] {dag.py:3239} INFO - Sync 1 DAGs
[2024-10-13T22:07:11.886-0400] {logging_mixin.py:190} INFO - [2024-10-13T22:07:11.886-0400] {dag.py:4180} INFO - Setting next_dagrun for example_branch_dop_operator_v3 to 2024-10-14 02:06:00+00:00, run_after=2024-10-14 02:07:00+00:00
[2024-10-13T22:07:11.913-0400] {processor.py:208} INFO - Processing /Users/karenwang/anaconda3/envs/airflow_sqlite_env/lib/python3.9/site-packages/airflow/example_dags/example_branch_python_dop_operator_3.py took 0.331 seconds
[2024-10-13T22:15:02.366-0400] {processor.py:186} INFO - Started process (PID=67642) to work on /Users/karenwang/anaconda3/envs/airflow_sqlite_env/lib/python3.9/site-packages/airflow/example_dags/example_branch_python_dop_operator_3.py
[2024-10-13T22:15:02.368-0400] {processor.py:914} INFO - Processing file /Users/karenwang/anaconda3/envs/airflow_sqlite_env/lib/python3.9/site-packages/airflow/example_dags/example_branch_python_dop_operator_3.py for tasks to queue
[2024-10-13T22:15:02.369-0400] {logging_mixin.py:190} INFO - [2024-10-13T22:15:02.369-0400] {dagbag.py:588} INFO - Filling up the DagBag from /Users/karenwang/anaconda3/envs/airflow_sqlite_env/lib/python3.9/site-packages/airflow/example_dags/example_branch_python_dop_operator_3.py
[2024-10-13T22:15:02.468-0400] {processor.py:925} INFO - DAG(s) 'example_branch_dop_operator_v3' retrieved from /Users/karenwang/anaconda3/envs/airflow_sqlite_env/lib/python3.9/site-packages/airflow/example_dags/example_branch_python_dop_operator_3.py
[2024-10-13T22:15:02.617-0400] {logging_mixin.py:190} INFO - [2024-10-13T22:15:02.616-0400] {dag.py:3239} INFO - Sync 1 DAGs
[2024-10-13T22:15:02.648-0400] {logging_mixin.py:190} INFO - [2024-10-13T22:15:02.648-0400] {dag.py:4180} INFO - Setting next_dagrun for example_branch_dop_operator_v3 to 2024-10-14 02:14:00+00:00, run_after=2024-10-14 02:15:00+00:00
[2024-10-13T22:15:02.674-0400] {processor.py:208} INFO - Processing /Users/karenwang/anaconda3/envs/airflow_sqlite_env/lib/python3.9/site-packages/airflow/example_dags/example_branch_python_dop_operator_3.py took 0.314 seconds
[2024-10-13T22:23:07.869-0400] {processor.py:186} INFO - Started process (PID=70145) to work on /Users/karenwang/anaconda3/envs/airflow_sqlite_env/lib/python3.9/site-packages/airflow/example_dags/example_branch_python_dop_operator_3.py
[2024-10-13T22:23:07.870-0400] {processor.py:914} INFO - Processing file /Users/karenwang/anaconda3/envs/airflow_sqlite_env/lib/python3.9/site-packages/airflow/example_dags/example_branch_python_dop_operator_3.py for tasks to queue
[2024-10-13T22:23:07.872-0400] {logging_mixin.py:190} INFO - [2024-10-13T22:23:07.871-0400] {dagbag.py:588} INFO - Filling up the DagBag from /Users/karenwang/anaconda3/envs/airflow_sqlite_env/lib/python3.9/site-packages/airflow/example_dags/example_branch_python_dop_operator_3.py
[2024-10-13T22:23:07.988-0400] {processor.py:925} INFO - DAG(s) 'example_branch_dop_operator_v3' retrieved from /Users/karenwang/anaconda3/envs/airflow_sqlite_env/lib/python3.9/site-packages/airflow/example_dags/example_branch_python_dop_operator_3.py
[2024-10-13T22:23:08.132-0400] {logging_mixin.py:190} INFO - [2024-10-13T22:23:08.132-0400] {dag.py:3239} INFO - Sync 1 DAGs
[2024-10-13T22:23:08.168-0400] {logging_mixin.py:190} INFO - [2024-10-13T22:23:08.167-0400] {dag.py:4180} INFO - Setting next_dagrun for example_branch_dop_operator_v3 to 2024-10-14 02:22:00+00:00, run_after=2024-10-14 02:23:00+00:00
[2024-10-13T22:23:08.187-0400] {processor.py:208} INFO - Processing /Users/karenwang/anaconda3/envs/airflow_sqlite_env/lib/python3.9/site-packages/airflow/example_dags/example_branch_python_dop_operator_3.py took 0.324 seconds
[2024-10-13T22:37:40.325-0400] {processor.py:186} INFO - Started process (PID=74987) to work on /Users/karenwang/anaconda3/envs/airflow_sqlite_env/lib/python3.9/site-packages/airflow/example_dags/example_branch_python_dop_operator_3.py
[2024-10-13T22:37:40.327-0400] {processor.py:914} INFO - Processing file /Users/karenwang/anaconda3/envs/airflow_sqlite_env/lib/python3.9/site-packages/airflow/example_dags/example_branch_python_dop_operator_3.py for tasks to queue
[2024-10-13T22:37:40.328-0400] {logging_mixin.py:190} INFO - [2024-10-13T22:37:40.328-0400] {dagbag.py:588} INFO - Filling up the DagBag from /Users/karenwang/anaconda3/envs/airflow_sqlite_env/lib/python3.9/site-packages/airflow/example_dags/example_branch_python_dop_operator_3.py
[2024-10-13T22:37:40.422-0400] {processor.py:925} INFO - DAG(s) 'example_branch_dop_operator_v3' retrieved from /Users/karenwang/anaconda3/envs/airflow_sqlite_env/lib/python3.9/site-packages/airflow/example_dags/example_branch_python_dop_operator_3.py
[2024-10-13T22:37:40.582-0400] {logging_mixin.py:190} INFO - [2024-10-13T22:37:40.581-0400] {dag.py:3239} INFO - Sync 1 DAGs
[2024-10-13T22:37:40.614-0400] {logging_mixin.py:190} INFO - [2024-10-13T22:37:40.614-0400] {dag.py:4180} INFO - Setting next_dagrun for example_branch_dop_operator_v3 to 2024-10-14 02:36:00+00:00, run_after=2024-10-14 02:37:00+00:00
[2024-10-13T22:37:40.640-0400] {processor.py:208} INFO - Processing /Users/karenwang/anaconda3/envs/airflow_sqlite_env/lib/python3.9/site-packages/airflow/example_dags/example_branch_python_dop_operator_3.py took 0.321 seconds
