[2024-10-13T20:01:00.722-0400] {processor.py:186} INFO - Started process (PID=25421) to work on /Users/karenwang/anaconda3/envs/airflow_sqlite_env/lib/python3.9/site-packages/airflow/example_dags/example_trigger_controller_dag.py
[2024-10-13T20:01:00.724-0400] {processor.py:914} INFO - Processing file /Users/karenwang/anaconda3/envs/airflow_sqlite_env/lib/python3.9/site-packages/airflow/example_dags/example_trigger_controller_dag.py for tasks to queue
[2024-10-13T20:01:00.726-0400] {logging_mixin.py:190} INFO - [2024-10-13T20:01:00.725-0400] {dagbag.py:588} INFO - Filling up the DagBag from /Users/karenwang/anaconda3/envs/airflow_sqlite_env/lib/python3.9/site-packages/airflow/example_dags/example_trigger_controller_dag.py
[2024-10-13T20:01:00.768-0400] {processor.py:925} INFO - DAG(s) 'example_trigger_controller_dag' retrieved from /Users/karenwang/anaconda3/envs/airflow_sqlite_env/lib/python3.9/site-packages/airflow/example_dags/example_trigger_controller_dag.py
[2024-10-13T20:01:00.972-0400] {logging_mixin.py:190} INFO - [2024-10-13T20:01:00.972-0400] {dag.py:3239} INFO - Sync 1 DAGs
[2024-10-13T20:01:00.994-0400] {logging_mixin.py:190} INFO - [2024-10-13T20:01:00.994-0400] {dag.py:4180} INFO - Setting next_dagrun for example_trigger_controller_dag to 2021-01-01 00:00:00+00:00, run_after=2021-01-01 00:00:00+00:00
[2024-10-13T20:01:01.016-0400] {processor.py:208} INFO - Processing /Users/karenwang/anaconda3/envs/airflow_sqlite_env/lib/python3.9/site-packages/airflow/example_dags/example_trigger_controller_dag.py took 0.302 seconds
[2024-10-13T20:05:08.751-0400] {processor.py:186} INFO - Started process (PID=26712) to work on /Users/karenwang/anaconda3/envs/airflow_sqlite_env/lib/python3.9/site-packages/airflow/example_dags/example_trigger_controller_dag.py
[2024-10-13T20:05:08.753-0400] {processor.py:914} INFO - Processing file /Users/karenwang/anaconda3/envs/airflow_sqlite_env/lib/python3.9/site-packages/airflow/example_dags/example_trigger_controller_dag.py for tasks to queue
[2024-10-13T20:05:08.754-0400] {logging_mixin.py:190} INFO - [2024-10-13T20:05:08.753-0400] {dagbag.py:588} INFO - Filling up the DagBag from /Users/karenwang/anaconda3/envs/airflow_sqlite_env/lib/python3.9/site-packages/airflow/example_dags/example_trigger_controller_dag.py
[2024-10-13T20:05:08.772-0400] {processor.py:925} INFO - DAG(s) 'example_trigger_controller_dag' retrieved from /Users/karenwang/anaconda3/envs/airflow_sqlite_env/lib/python3.9/site-packages/airflow/example_dags/example_trigger_controller_dag.py
[2024-10-13T20:05:08.997-0400] {logging_mixin.py:190} INFO - [2024-10-13T20:05:08.996-0400] {dag.py:3239} INFO - Sync 1 DAGs
[2024-10-13T20:05:09.022-0400] {logging_mixin.py:190} INFO - [2024-10-13T20:05:09.021-0400] {dag.py:4180} INFO - Setting next_dagrun for example_trigger_controller_dag to 2021-01-01 00:00:00+00:00, run_after=2021-01-01 00:00:00+00:00
[2024-10-13T20:05:09.050-0400] {processor.py:208} INFO - Processing /Users/karenwang/anaconda3/envs/airflow_sqlite_env/lib/python3.9/site-packages/airflow/example_dags/example_trigger_controller_dag.py took 0.305 seconds
[2024-10-13T20:09:12.294-0400] {processor.py:186} INFO - Started process (PID=27963) to work on /Users/karenwang/anaconda3/envs/airflow_sqlite_env/lib/python3.9/site-packages/airflow/example_dags/example_trigger_controller_dag.py
[2024-10-13T20:09:12.296-0400] {processor.py:914} INFO - Processing file /Users/karenwang/anaconda3/envs/airflow_sqlite_env/lib/python3.9/site-packages/airflow/example_dags/example_trigger_controller_dag.py for tasks to queue
[2024-10-13T20:09:12.297-0400] {logging_mixin.py:190} INFO - [2024-10-13T20:09:12.297-0400] {dagbag.py:588} INFO - Filling up the DagBag from /Users/karenwang/anaconda3/envs/airflow_sqlite_env/lib/python3.9/site-packages/airflow/example_dags/example_trigger_controller_dag.py
[2024-10-13T20:09:12.314-0400] {processor.py:925} INFO - DAG(s) 'example_trigger_controller_dag' retrieved from /Users/karenwang/anaconda3/envs/airflow_sqlite_env/lib/python3.9/site-packages/airflow/example_dags/example_trigger_controller_dag.py
[2024-10-13T20:09:12.493-0400] {logging_mixin.py:190} INFO - [2024-10-13T20:09:12.493-0400] {dag.py:3239} INFO - Sync 1 DAGs
[2024-10-13T20:09:12.513-0400] {logging_mixin.py:190} INFO - [2024-10-13T20:09:12.513-0400] {dag.py:4180} INFO - Setting next_dagrun for example_trigger_controller_dag to 2021-01-01 00:00:00+00:00, run_after=2021-01-01 00:00:00+00:00
[2024-10-13T20:09:12.534-0400] {processor.py:208} INFO - Processing /Users/karenwang/anaconda3/envs/airflow_sqlite_env/lib/python3.9/site-packages/airflow/example_dags/example_trigger_controller_dag.py took 0.246 seconds
[2024-10-13T20:13:09.093-0400] {processor.py:186} INFO - Started process (PID=29171) to work on /Users/karenwang/anaconda3/envs/airflow_sqlite_env/lib/python3.9/site-packages/airflow/example_dags/example_trigger_controller_dag.py
[2024-10-13T20:13:09.094-0400] {processor.py:914} INFO - Processing file /Users/karenwang/anaconda3/envs/airflow_sqlite_env/lib/python3.9/site-packages/airflow/example_dags/example_trigger_controller_dag.py for tasks to queue
[2024-10-13T20:13:09.096-0400] {logging_mixin.py:190} INFO - [2024-10-13T20:13:09.096-0400] {dagbag.py:588} INFO - Filling up the DagBag from /Users/karenwang/anaconda3/envs/airflow_sqlite_env/lib/python3.9/site-packages/airflow/example_dags/example_trigger_controller_dag.py
[2024-10-13T20:13:09.110-0400] {processor.py:925} INFO - DAG(s) 'example_trigger_controller_dag' retrieved from /Users/karenwang/anaconda3/envs/airflow_sqlite_env/lib/python3.9/site-packages/airflow/example_dags/example_trigger_controller_dag.py
[2024-10-13T20:13:09.323-0400] {logging_mixin.py:190} INFO - [2024-10-13T20:13:09.322-0400] {dag.py:3239} INFO - Sync 1 DAGs
[2024-10-13T20:13:09.347-0400] {logging_mixin.py:190} INFO - [2024-10-13T20:13:09.347-0400] {dag.py:4180} INFO - Setting next_dagrun for example_trigger_controller_dag to 2021-01-01 00:00:00+00:00, run_after=2021-01-01 00:00:00+00:00
[2024-10-13T20:13:09.369-0400] {processor.py:208} INFO - Processing /Users/karenwang/anaconda3/envs/airflow_sqlite_env/lib/python3.9/site-packages/airflow/example_dags/example_trigger_controller_dag.py took 0.282 seconds
[2024-10-13T20:17:18.509-0400] {processor.py:186} INFO - Started process (PID=30435) to work on /Users/karenwang/anaconda3/envs/airflow_sqlite_env/lib/python3.9/site-packages/airflow/example_dags/example_trigger_controller_dag.py
[2024-10-13T20:17:18.510-0400] {processor.py:914} INFO - Processing file /Users/karenwang/anaconda3/envs/airflow_sqlite_env/lib/python3.9/site-packages/airflow/example_dags/example_trigger_controller_dag.py for tasks to queue
[2024-10-13T20:17:18.512-0400] {logging_mixin.py:190} INFO - [2024-10-13T20:17:18.511-0400] {dagbag.py:588} INFO - Filling up the DagBag from /Users/karenwang/anaconda3/envs/airflow_sqlite_env/lib/python3.9/site-packages/airflow/example_dags/example_trigger_controller_dag.py
[2024-10-13T20:17:18.530-0400] {processor.py:925} INFO - DAG(s) 'example_trigger_controller_dag' retrieved from /Users/karenwang/anaconda3/envs/airflow_sqlite_env/lib/python3.9/site-packages/airflow/example_dags/example_trigger_controller_dag.py
[2024-10-13T20:17:18.854-0400] {logging_mixin.py:190} INFO - [2024-10-13T20:17:18.853-0400] {dag.py:3239} INFO - Sync 1 DAGs
[2024-10-13T20:17:18.887-0400] {logging_mixin.py:190} INFO - [2024-10-13T20:17:18.887-0400] {dag.py:4180} INFO - Setting next_dagrun for example_trigger_controller_dag to 2021-01-01 00:00:00+00:00, run_after=2021-01-01 00:00:00+00:00
[2024-10-13T20:17:18.916-0400] {processor.py:208} INFO - Processing /Users/karenwang/anaconda3/envs/airflow_sqlite_env/lib/python3.9/site-packages/airflow/example_dags/example_trigger_controller_dag.py took 0.414 seconds
[2024-10-13T20:21:40.152-0400] {processor.py:186} INFO - Started process (PID=31861) to work on /Users/karenwang/anaconda3/envs/airflow_sqlite_env/lib/python3.9/site-packages/airflow/example_dags/example_trigger_controller_dag.py
[2024-10-13T20:21:40.154-0400] {processor.py:914} INFO - Processing file /Users/karenwang/anaconda3/envs/airflow_sqlite_env/lib/python3.9/site-packages/airflow/example_dags/example_trigger_controller_dag.py for tasks to queue
[2024-10-13T20:21:40.155-0400] {logging_mixin.py:190} INFO - [2024-10-13T20:21:40.155-0400] {dagbag.py:588} INFO - Filling up the DagBag from /Users/karenwang/anaconda3/envs/airflow_sqlite_env/lib/python3.9/site-packages/airflow/example_dags/example_trigger_controller_dag.py
[2024-10-13T20:21:40.172-0400] {processor.py:925} INFO - DAG(s) 'example_trigger_controller_dag' retrieved from /Users/karenwang/anaconda3/envs/airflow_sqlite_env/lib/python3.9/site-packages/airflow/example_dags/example_trigger_controller_dag.py
[2024-10-13T20:21:40.405-0400] {logging_mixin.py:190} INFO - [2024-10-13T20:21:40.404-0400] {dag.py:3239} INFO - Sync 1 DAGs
[2024-10-13T20:21:40.436-0400] {logging_mixin.py:190} INFO - [2024-10-13T20:21:40.436-0400] {dag.py:4180} INFO - Setting next_dagrun for example_trigger_controller_dag to 2021-01-01 00:00:00+00:00, run_after=2021-01-01 00:00:00+00:00
[2024-10-13T20:21:40.462-0400] {processor.py:208} INFO - Processing /Users/karenwang/anaconda3/envs/airflow_sqlite_env/lib/python3.9/site-packages/airflow/example_dags/example_trigger_controller_dag.py took 0.315 seconds
[2024-10-13T20:27:22.434-0400] {processor.py:186} INFO - Started process (PID=33760) to work on /Users/karenwang/anaconda3/envs/airflow_sqlite_env/lib/python3.9/site-packages/airflow/example_dags/example_trigger_controller_dag.py
[2024-10-13T20:27:22.435-0400] {processor.py:914} INFO - Processing file /Users/karenwang/anaconda3/envs/airflow_sqlite_env/lib/python3.9/site-packages/airflow/example_dags/example_trigger_controller_dag.py for tasks to queue
[2024-10-13T20:27:22.436-0400] {logging_mixin.py:190} INFO - [2024-10-13T20:27:22.436-0400] {dagbag.py:588} INFO - Filling up the DagBag from /Users/karenwang/anaconda3/envs/airflow_sqlite_env/lib/python3.9/site-packages/airflow/example_dags/example_trigger_controller_dag.py
[2024-10-13T20:27:22.453-0400] {processor.py:925} INFO - DAG(s) 'example_trigger_controller_dag' retrieved from /Users/karenwang/anaconda3/envs/airflow_sqlite_env/lib/python3.9/site-packages/airflow/example_dags/example_trigger_controller_dag.py
[2024-10-13T20:27:22.667-0400] {logging_mixin.py:190} INFO - [2024-10-13T20:27:22.667-0400] {dag.py:3239} INFO - Sync 1 DAGs
[2024-10-13T20:27:22.691-0400] {logging_mixin.py:190} INFO - [2024-10-13T20:27:22.691-0400] {dag.py:4180} INFO - Setting next_dagrun for example_trigger_controller_dag to 2021-01-01 00:00:00+00:00, run_after=2021-01-01 00:00:00+00:00
[2024-10-13T20:27:22.712-0400] {processor.py:208} INFO - Processing /Users/karenwang/anaconda3/envs/airflow_sqlite_env/lib/python3.9/site-packages/airflow/example_dags/example_trigger_controller_dag.py took 0.284 seconds
[2024-10-13T20:31:56.633-0400] {processor.py:186} INFO - Started process (PID=35301) to work on /Users/karenwang/anaconda3/envs/airflow_sqlite_env/lib/python3.9/site-packages/airflow/example_dags/example_trigger_controller_dag.py
[2024-10-13T20:31:56.634-0400] {processor.py:914} INFO - Processing file /Users/karenwang/anaconda3/envs/airflow_sqlite_env/lib/python3.9/site-packages/airflow/example_dags/example_trigger_controller_dag.py for tasks to queue
[2024-10-13T20:31:56.635-0400] {logging_mixin.py:190} INFO - [2024-10-13T20:31:56.635-0400] {dagbag.py:588} INFO - Filling up the DagBag from /Users/karenwang/anaconda3/envs/airflow_sqlite_env/lib/python3.9/site-packages/airflow/example_dags/example_trigger_controller_dag.py
[2024-10-13T20:31:56.652-0400] {processor.py:925} INFO - DAG(s) 'example_trigger_controller_dag' retrieved from /Users/karenwang/anaconda3/envs/airflow_sqlite_env/lib/python3.9/site-packages/airflow/example_dags/example_trigger_controller_dag.py
[2024-10-13T20:31:56.840-0400] {logging_mixin.py:190} INFO - [2024-10-13T20:31:56.840-0400] {dag.py:3239} INFO - Sync 1 DAGs
[2024-10-13T20:31:56.860-0400] {logging_mixin.py:190} INFO - [2024-10-13T20:31:56.859-0400] {dag.py:4180} INFO - Setting next_dagrun for example_trigger_controller_dag to 2021-01-01 00:00:00+00:00, run_after=2021-01-01 00:00:00+00:00
[2024-10-13T20:31:56.882-0400] {processor.py:208} INFO - Processing /Users/karenwang/anaconda3/envs/airflow_sqlite_env/lib/python3.9/site-packages/airflow/example_dags/example_trigger_controller_dag.py took 0.255 seconds
[2024-10-13T20:35:37.442-0400] {processor.py:186} INFO - Started process (PID=36440) to work on /Users/karenwang/anaconda3/envs/airflow_sqlite_env/lib/python3.9/site-packages/airflow/example_dags/example_trigger_controller_dag.py
[2024-10-13T20:35:37.444-0400] {processor.py:914} INFO - Processing file /Users/karenwang/anaconda3/envs/airflow_sqlite_env/lib/python3.9/site-packages/airflow/example_dags/example_trigger_controller_dag.py for tasks to queue
[2024-10-13T20:35:37.445-0400] {logging_mixin.py:190} INFO - [2024-10-13T20:35:37.445-0400] {dagbag.py:588} INFO - Filling up the DagBag from /Users/karenwang/anaconda3/envs/airflow_sqlite_env/lib/python3.9/site-packages/airflow/example_dags/example_trigger_controller_dag.py
[2024-10-13T20:35:37.462-0400] {processor.py:925} INFO - DAG(s) 'example_trigger_controller_dag' retrieved from /Users/karenwang/anaconda3/envs/airflow_sqlite_env/lib/python3.9/site-packages/airflow/example_dags/example_trigger_controller_dag.py
[2024-10-13T20:35:37.669-0400] {logging_mixin.py:190} INFO - [2024-10-13T20:35:37.668-0400] {dag.py:3239} INFO - Sync 1 DAGs
[2024-10-13T20:35:37.693-0400] {logging_mixin.py:190} INFO - [2024-10-13T20:35:37.693-0400] {dag.py:4180} INFO - Setting next_dagrun for example_trigger_controller_dag to 2021-01-01 00:00:00+00:00, run_after=2021-01-01 00:00:00+00:00
[2024-10-13T20:35:37.717-0400] {processor.py:208} INFO - Processing /Users/karenwang/anaconda3/envs/airflow_sqlite_env/lib/python3.9/site-packages/airflow/example_dags/example_trigger_controller_dag.py took 0.279 seconds
[2024-10-13T20:39:17.114-0400] {processor.py:186} INFO - Started process (PID=37601) to work on /Users/karenwang/anaconda3/envs/airflow_sqlite_env/lib/python3.9/site-packages/airflow/example_dags/example_trigger_controller_dag.py
[2024-10-13T20:39:17.115-0400] {processor.py:914} INFO - Processing file /Users/karenwang/anaconda3/envs/airflow_sqlite_env/lib/python3.9/site-packages/airflow/example_dags/example_trigger_controller_dag.py for tasks to queue
[2024-10-13T20:39:17.117-0400] {logging_mixin.py:190} INFO - [2024-10-13T20:39:17.117-0400] {dagbag.py:588} INFO - Filling up the DagBag from /Users/karenwang/anaconda3/envs/airflow_sqlite_env/lib/python3.9/site-packages/airflow/example_dags/example_trigger_controller_dag.py
[2024-10-13T20:39:17.131-0400] {processor.py:925} INFO - DAG(s) 'example_trigger_controller_dag' retrieved from /Users/karenwang/anaconda3/envs/airflow_sqlite_env/lib/python3.9/site-packages/airflow/example_dags/example_trigger_controller_dag.py
[2024-10-13T20:39:17.387-0400] {logging_mixin.py:190} INFO - [2024-10-13T20:39:17.387-0400] {dag.py:3239} INFO - Sync 1 DAGs
[2024-10-13T20:39:17.417-0400] {logging_mixin.py:190} INFO - [2024-10-13T20:39:17.416-0400] {dag.py:4180} INFO - Setting next_dagrun for example_trigger_controller_dag to 2021-01-01 00:00:00+00:00, run_after=2021-01-01 00:00:00+00:00
[2024-10-13T20:39:17.443-0400] {processor.py:208} INFO - Processing /Users/karenwang/anaconda3/envs/airflow_sqlite_env/lib/python3.9/site-packages/airflow/example_dags/example_trigger_controller_dag.py took 0.335 seconds
[2024-10-13T20:42:56.550-0400] {processor.py:186} INFO - Started process (PID=38728) to work on /Users/karenwang/anaconda3/envs/airflow_sqlite_env/lib/python3.9/site-packages/airflow/example_dags/example_trigger_controller_dag.py
[2024-10-13T20:42:56.551-0400] {processor.py:914} INFO - Processing file /Users/karenwang/anaconda3/envs/airflow_sqlite_env/lib/python3.9/site-packages/airflow/example_dags/example_trigger_controller_dag.py for tasks to queue
[2024-10-13T20:42:56.553-0400] {logging_mixin.py:190} INFO - [2024-10-13T20:42:56.553-0400] {dagbag.py:588} INFO - Filling up the DagBag from /Users/karenwang/anaconda3/envs/airflow_sqlite_env/lib/python3.9/site-packages/airflow/example_dags/example_trigger_controller_dag.py
[2024-10-13T20:42:56.568-0400] {processor.py:925} INFO - DAG(s) 'example_trigger_controller_dag' retrieved from /Users/karenwang/anaconda3/envs/airflow_sqlite_env/lib/python3.9/site-packages/airflow/example_dags/example_trigger_controller_dag.py
[2024-10-13T20:42:56.745-0400] {logging_mixin.py:190} INFO - [2024-10-13T20:42:56.745-0400] {dag.py:3239} INFO - Sync 1 DAGs
[2024-10-13T20:42:56.771-0400] {logging_mixin.py:190} INFO - [2024-10-13T20:42:56.770-0400] {dag.py:4180} INFO - Setting next_dagrun for example_trigger_controller_dag to 2021-01-01 00:00:00+00:00, run_after=2021-01-01 00:00:00+00:00
[2024-10-13T20:42:56.792-0400] {processor.py:208} INFO - Processing /Users/karenwang/anaconda3/envs/airflow_sqlite_env/lib/python3.9/site-packages/airflow/example_dags/example_trigger_controller_dag.py took 0.248 seconds
[2024-10-13T20:46:35.512-0400] {processor.py:186} INFO - Started process (PID=39863) to work on /Users/karenwang/anaconda3/envs/airflow_sqlite_env/lib/python3.9/site-packages/airflow/example_dags/example_trigger_controller_dag.py
[2024-10-13T20:46:35.513-0400] {processor.py:914} INFO - Processing file /Users/karenwang/anaconda3/envs/airflow_sqlite_env/lib/python3.9/site-packages/airflow/example_dags/example_trigger_controller_dag.py for tasks to queue
[2024-10-13T20:46:35.515-0400] {logging_mixin.py:190} INFO - [2024-10-13T20:46:35.514-0400] {dagbag.py:588} INFO - Filling up the DagBag from /Users/karenwang/anaconda3/envs/airflow_sqlite_env/lib/python3.9/site-packages/airflow/example_dags/example_trigger_controller_dag.py
[2024-10-13T20:46:35.528-0400] {processor.py:925} INFO - DAG(s) 'example_trigger_controller_dag' retrieved from /Users/karenwang/anaconda3/envs/airflow_sqlite_env/lib/python3.9/site-packages/airflow/example_dags/example_trigger_controller_dag.py
[2024-10-13T20:46:35.697-0400] {logging_mixin.py:190} INFO - [2024-10-13T20:46:35.697-0400] {dag.py:3239} INFO - Sync 1 DAGs
[2024-10-13T20:46:35.725-0400] {logging_mixin.py:190} INFO - [2024-10-13T20:46:35.725-0400] {dag.py:4180} INFO - Setting next_dagrun for example_trigger_controller_dag to 2021-01-01 00:00:00+00:00, run_after=2021-01-01 00:00:00+00:00
[2024-10-13T20:46:35.746-0400] {processor.py:208} INFO - Processing /Users/karenwang/anaconda3/envs/airflow_sqlite_env/lib/python3.9/site-packages/airflow/example_dags/example_trigger_controller_dag.py took 0.240 seconds
[2024-10-13T20:50:15.356-0400] {processor.py:186} INFO - Started process (PID=41012) to work on /Users/karenwang/anaconda3/envs/airflow_sqlite_env/lib/python3.9/site-packages/airflow/example_dags/example_trigger_controller_dag.py
[2024-10-13T20:50:15.358-0400] {processor.py:914} INFO - Processing file /Users/karenwang/anaconda3/envs/airflow_sqlite_env/lib/python3.9/site-packages/airflow/example_dags/example_trigger_controller_dag.py for tasks to queue
[2024-10-13T20:50:15.359-0400] {logging_mixin.py:190} INFO - [2024-10-13T20:50:15.359-0400] {dagbag.py:588} INFO - Filling up the DagBag from /Users/karenwang/anaconda3/envs/airflow_sqlite_env/lib/python3.9/site-packages/airflow/example_dags/example_trigger_controller_dag.py
[2024-10-13T20:50:15.374-0400] {processor.py:925} INFO - DAG(s) 'example_trigger_controller_dag' retrieved from /Users/karenwang/anaconda3/envs/airflow_sqlite_env/lib/python3.9/site-packages/airflow/example_dags/example_trigger_controller_dag.py
[2024-10-13T20:50:15.574-0400] {logging_mixin.py:190} INFO - [2024-10-13T20:50:15.574-0400] {dag.py:3239} INFO - Sync 1 DAGs
[2024-10-13T20:50:15.600-0400] {logging_mixin.py:190} INFO - [2024-10-13T20:50:15.600-0400] {dag.py:4180} INFO - Setting next_dagrun for example_trigger_controller_dag to 2021-01-01 00:00:00+00:00, run_after=2021-01-01 00:00:00+00:00
[2024-10-13T20:50:15.622-0400] {processor.py:208} INFO - Processing /Users/karenwang/anaconda3/envs/airflow_sqlite_env/lib/python3.9/site-packages/airflow/example_dags/example_trigger_controller_dag.py took 0.272 seconds
[2024-10-13T20:53:53.817-0400] {processor.py:186} INFO - Started process (PID=42149) to work on /Users/karenwang/anaconda3/envs/airflow_sqlite_env/lib/python3.9/site-packages/airflow/example_dags/example_trigger_controller_dag.py
[2024-10-13T20:53:53.818-0400] {processor.py:914} INFO - Processing file /Users/karenwang/anaconda3/envs/airflow_sqlite_env/lib/python3.9/site-packages/airflow/example_dags/example_trigger_controller_dag.py for tasks to queue
[2024-10-13T20:53:53.820-0400] {logging_mixin.py:190} INFO - [2024-10-13T20:53:53.819-0400] {dagbag.py:588} INFO - Filling up the DagBag from /Users/karenwang/anaconda3/envs/airflow_sqlite_env/lib/python3.9/site-packages/airflow/example_dags/example_trigger_controller_dag.py
[2024-10-13T20:53:53.837-0400] {processor.py:925} INFO - DAG(s) 'example_trigger_controller_dag' retrieved from /Users/karenwang/anaconda3/envs/airflow_sqlite_env/lib/python3.9/site-packages/airflow/example_dags/example_trigger_controller_dag.py
[2024-10-13T20:53:54.061-0400] {logging_mixin.py:190} INFO - [2024-10-13T20:53:54.061-0400] {dag.py:3239} INFO - Sync 1 DAGs
[2024-10-13T20:53:54.086-0400] {logging_mixin.py:190} INFO - [2024-10-13T20:53:54.086-0400] {dag.py:4180} INFO - Setting next_dagrun for example_trigger_controller_dag to 2021-01-01 00:00:00+00:00, run_after=2021-01-01 00:00:00+00:00
[2024-10-13T20:53:54.109-0400] {processor.py:208} INFO - Processing /Users/karenwang/anaconda3/envs/airflow_sqlite_env/lib/python3.9/site-packages/airflow/example_dags/example_trigger_controller_dag.py took 0.298 seconds
[2024-10-13T20:57:35.353-0400] {processor.py:186} INFO - Started process (PID=43294) to work on /Users/karenwang/anaconda3/envs/airflow_sqlite_env/lib/python3.9/site-packages/airflow/example_dags/example_trigger_controller_dag.py
[2024-10-13T20:57:35.355-0400] {processor.py:914} INFO - Processing file /Users/karenwang/anaconda3/envs/airflow_sqlite_env/lib/python3.9/site-packages/airflow/example_dags/example_trigger_controller_dag.py for tasks to queue
[2024-10-13T20:57:35.356-0400] {logging_mixin.py:190} INFO - [2024-10-13T20:57:35.356-0400] {dagbag.py:588} INFO - Filling up the DagBag from /Users/karenwang/anaconda3/envs/airflow_sqlite_env/lib/python3.9/site-packages/airflow/example_dags/example_trigger_controller_dag.py
[2024-10-13T20:57:35.369-0400] {processor.py:925} INFO - DAG(s) 'example_trigger_controller_dag' retrieved from /Users/karenwang/anaconda3/envs/airflow_sqlite_env/lib/python3.9/site-packages/airflow/example_dags/example_trigger_controller_dag.py
[2024-10-13T20:57:35.540-0400] {logging_mixin.py:190} INFO - [2024-10-13T20:57:35.539-0400] {dag.py:3239} INFO - Sync 1 DAGs
[2024-10-13T20:57:35.559-0400] {logging_mixin.py:190} INFO - [2024-10-13T20:57:35.559-0400] {dag.py:4180} INFO - Setting next_dagrun for example_trigger_controller_dag to 2021-01-01 00:00:00+00:00, run_after=2021-01-01 00:00:00+00:00
[2024-10-13T20:57:35.579-0400] {processor.py:208} INFO - Processing /Users/karenwang/anaconda3/envs/airflow_sqlite_env/lib/python3.9/site-packages/airflow/example_dags/example_trigger_controller_dag.py took 0.232 seconds
[2024-10-13T21:01:14.893-0400] {processor.py:186} INFO - Started process (PID=44421) to work on /Users/karenwang/anaconda3/envs/airflow_sqlite_env/lib/python3.9/site-packages/airflow/example_dags/example_trigger_controller_dag.py
[2024-10-13T21:01:14.894-0400] {processor.py:914} INFO - Processing file /Users/karenwang/anaconda3/envs/airflow_sqlite_env/lib/python3.9/site-packages/airflow/example_dags/example_trigger_controller_dag.py for tasks to queue
[2024-10-13T21:01:14.896-0400] {logging_mixin.py:190} INFO - [2024-10-13T21:01:14.895-0400] {dagbag.py:588} INFO - Filling up the DagBag from /Users/karenwang/anaconda3/envs/airflow_sqlite_env/lib/python3.9/site-packages/airflow/example_dags/example_trigger_controller_dag.py
[2024-10-13T21:01:14.911-0400] {processor.py:925} INFO - DAG(s) 'example_trigger_controller_dag' retrieved from /Users/karenwang/anaconda3/envs/airflow_sqlite_env/lib/python3.9/site-packages/airflow/example_dags/example_trigger_controller_dag.py
[2024-10-13T21:01:15.115-0400] {logging_mixin.py:190} INFO - [2024-10-13T21:01:15.115-0400] {dag.py:3239} INFO - Sync 1 DAGs
[2024-10-13T21:01:15.141-0400] {logging_mixin.py:190} INFO - [2024-10-13T21:01:15.141-0400] {dag.py:4180} INFO - Setting next_dagrun for example_trigger_controller_dag to 2021-01-01 00:00:00+00:00, run_after=2021-01-01 00:00:00+00:00
[2024-10-13T21:01:15.166-0400] {processor.py:208} INFO - Processing /Users/karenwang/anaconda3/envs/airflow_sqlite_env/lib/python3.9/site-packages/airflow/example_dags/example_trigger_controller_dag.py took 0.280 seconds
[2024-10-13T21:04:54.813-0400] {processor.py:186} INFO - Started process (PID=45566) to work on /Users/karenwang/anaconda3/envs/airflow_sqlite_env/lib/python3.9/site-packages/airflow/example_dags/example_trigger_controller_dag.py
[2024-10-13T21:04:54.815-0400] {processor.py:914} INFO - Processing file /Users/karenwang/anaconda3/envs/airflow_sqlite_env/lib/python3.9/site-packages/airflow/example_dags/example_trigger_controller_dag.py for tasks to queue
[2024-10-13T21:04:54.816-0400] {logging_mixin.py:190} INFO - [2024-10-13T21:04:54.816-0400] {dagbag.py:588} INFO - Filling up the DagBag from /Users/karenwang/anaconda3/envs/airflow_sqlite_env/lib/python3.9/site-packages/airflow/example_dags/example_trigger_controller_dag.py
[2024-10-13T21:04:54.829-0400] {processor.py:925} INFO - DAG(s) 'example_trigger_controller_dag' retrieved from /Users/karenwang/anaconda3/envs/airflow_sqlite_env/lib/python3.9/site-packages/airflow/example_dags/example_trigger_controller_dag.py
[2024-10-13T21:04:55.026-0400] {logging_mixin.py:190} INFO - [2024-10-13T21:04:55.026-0400] {dag.py:3239} INFO - Sync 1 DAGs
[2024-10-13T21:04:55.048-0400] {logging_mixin.py:190} INFO - [2024-10-13T21:04:55.048-0400] {dag.py:4180} INFO - Setting next_dagrun for example_trigger_controller_dag to 2021-01-01 00:00:00+00:00, run_after=2021-01-01 00:00:00+00:00
[2024-10-13T21:04:55.071-0400] {processor.py:208} INFO - Processing /Users/karenwang/anaconda3/envs/airflow_sqlite_env/lib/python3.9/site-packages/airflow/example_dags/example_trigger_controller_dag.py took 0.263 seconds
[2024-10-13T21:10:20.363-0400] {processor.py:186} INFO - Started process (PID=47330) to work on /Users/karenwang/anaconda3/envs/airflow_sqlite_env/lib/python3.9/site-packages/airflow/example_dags/example_trigger_controller_dag.py
[2024-10-13T21:10:20.364-0400] {processor.py:914} INFO - Processing file /Users/karenwang/anaconda3/envs/airflow_sqlite_env/lib/python3.9/site-packages/airflow/example_dags/example_trigger_controller_dag.py for tasks to queue
[2024-10-13T21:10:20.366-0400] {logging_mixin.py:190} INFO - [2024-10-13T21:10:20.365-0400] {dagbag.py:588} INFO - Filling up the DagBag from /Users/karenwang/anaconda3/envs/airflow_sqlite_env/lib/python3.9/site-packages/airflow/example_dags/example_trigger_controller_dag.py
[2024-10-13T21:10:20.384-0400] {processor.py:925} INFO - DAG(s) 'example_trigger_controller_dag' retrieved from /Users/karenwang/anaconda3/envs/airflow_sqlite_env/lib/python3.9/site-packages/airflow/example_dags/example_trigger_controller_dag.py
[2024-10-13T21:10:20.592-0400] {logging_mixin.py:190} INFO - [2024-10-13T21:10:20.591-0400] {dag.py:3239} INFO - Sync 1 DAGs
[2024-10-13T21:10:20.620-0400] {logging_mixin.py:190} INFO - [2024-10-13T21:10:20.620-0400] {dag.py:4180} INFO - Setting next_dagrun for example_trigger_controller_dag to 2021-01-01 00:00:00+00:00, run_after=2021-01-01 00:00:00+00:00
[2024-10-13T21:10:20.648-0400] {processor.py:208} INFO - Processing /Users/karenwang/anaconda3/envs/airflow_sqlite_env/lib/python3.9/site-packages/airflow/example_dags/example_trigger_controller_dag.py took 0.291 seconds
[2024-10-13T21:14:50.922-0400] {processor.py:186} INFO - Started process (PID=48798) to work on /Users/karenwang/anaconda3/envs/airflow_sqlite_env/lib/python3.9/site-packages/airflow/example_dags/example_trigger_controller_dag.py
[2024-10-13T21:14:50.923-0400] {processor.py:914} INFO - Processing file /Users/karenwang/anaconda3/envs/airflow_sqlite_env/lib/python3.9/site-packages/airflow/example_dags/example_trigger_controller_dag.py for tasks to queue
[2024-10-13T21:14:50.925-0400] {logging_mixin.py:190} INFO - [2024-10-13T21:14:50.924-0400] {dagbag.py:588} INFO - Filling up the DagBag from /Users/karenwang/anaconda3/envs/airflow_sqlite_env/lib/python3.9/site-packages/airflow/example_dags/example_trigger_controller_dag.py
[2024-10-13T21:14:50.941-0400] {processor.py:925} INFO - DAG(s) 'example_trigger_controller_dag' retrieved from /Users/karenwang/anaconda3/envs/airflow_sqlite_env/lib/python3.9/site-packages/airflow/example_dags/example_trigger_controller_dag.py
[2024-10-13T21:14:51.148-0400] {logging_mixin.py:190} INFO - [2024-10-13T21:14:51.147-0400] {dag.py:3239} INFO - Sync 1 DAGs
[2024-10-13T21:14:51.177-0400] {logging_mixin.py:190} INFO - [2024-10-13T21:14:51.177-0400] {dag.py:4180} INFO - Setting next_dagrun for example_trigger_controller_dag to 2021-01-01 00:00:00+00:00, run_after=2021-01-01 00:00:00+00:00
[2024-10-13T21:14:51.198-0400] {processor.py:208} INFO - Processing /Users/karenwang/anaconda3/envs/airflow_sqlite_env/lib/python3.9/site-packages/airflow/example_dags/example_trigger_controller_dag.py took 0.283 seconds
[2024-10-13T21:18:46.024-0400] {processor.py:186} INFO - Started process (PID=50179) to work on /Users/karenwang/anaconda3/envs/airflow_sqlite_env/lib/python3.9/site-packages/airflow/example_dags/example_trigger_controller_dag.py
[2024-10-13T21:18:46.026-0400] {processor.py:914} INFO - Processing file /Users/karenwang/anaconda3/envs/airflow_sqlite_env/lib/python3.9/site-packages/airflow/example_dags/example_trigger_controller_dag.py for tasks to queue
[2024-10-13T21:18:46.027-0400] {logging_mixin.py:190} INFO - [2024-10-13T21:18:46.027-0400] {dagbag.py:588} INFO - Filling up the DagBag from /Users/karenwang/anaconda3/envs/airflow_sqlite_env/lib/python3.9/site-packages/airflow/example_dags/example_trigger_controller_dag.py
[2024-10-13T21:18:46.042-0400] {processor.py:925} INFO - DAG(s) 'example_trigger_controller_dag' retrieved from /Users/karenwang/anaconda3/envs/airflow_sqlite_env/lib/python3.9/site-packages/airflow/example_dags/example_trigger_controller_dag.py
[2024-10-13T21:18:46.225-0400] {logging_mixin.py:190} INFO - [2024-10-13T21:18:46.225-0400] {dag.py:3239} INFO - Sync 1 DAGs
[2024-10-13T21:18:46.251-0400] {logging_mixin.py:190} INFO - [2024-10-13T21:18:46.251-0400] {dag.py:4180} INFO - Setting next_dagrun for example_trigger_controller_dag to 2021-01-01 00:00:00+00:00, run_after=2021-01-01 00:00:00+00:00
[2024-10-13T21:18:46.272-0400] {processor.py:208} INFO - Processing /Users/karenwang/anaconda3/envs/airflow_sqlite_env/lib/python3.9/site-packages/airflow/example_dags/example_trigger_controller_dag.py took 0.253 seconds
[2024-10-13T21:22:26.064-0400] {processor.py:186} INFO - Started process (PID=51320) to work on /Users/karenwang/anaconda3/envs/airflow_sqlite_env/lib/python3.9/site-packages/airflow/example_dags/example_trigger_controller_dag.py
[2024-10-13T21:22:26.066-0400] {processor.py:914} INFO - Processing file /Users/karenwang/anaconda3/envs/airflow_sqlite_env/lib/python3.9/site-packages/airflow/example_dags/example_trigger_controller_dag.py for tasks to queue
[2024-10-13T21:22:26.067-0400] {logging_mixin.py:190} INFO - [2024-10-13T21:22:26.067-0400] {dagbag.py:588} INFO - Filling up the DagBag from /Users/karenwang/anaconda3/envs/airflow_sqlite_env/lib/python3.9/site-packages/airflow/example_dags/example_trigger_controller_dag.py
[2024-10-13T21:22:26.083-0400] {processor.py:925} INFO - DAG(s) 'example_trigger_controller_dag' retrieved from /Users/karenwang/anaconda3/envs/airflow_sqlite_env/lib/python3.9/site-packages/airflow/example_dags/example_trigger_controller_dag.py
[2024-10-13T21:22:26.295-0400] {logging_mixin.py:190} INFO - [2024-10-13T21:22:26.295-0400] {dag.py:3239} INFO - Sync 1 DAGs
[2024-10-13T21:22:26.324-0400] {logging_mixin.py:190} INFO - [2024-10-13T21:22:26.323-0400] {dag.py:4180} INFO - Setting next_dagrun for example_trigger_controller_dag to 2021-01-01 00:00:00+00:00, run_after=2021-01-01 00:00:00+00:00
[2024-10-13T21:22:26.347-0400] {processor.py:208} INFO - Processing /Users/karenwang/anaconda3/envs/airflow_sqlite_env/lib/python3.9/site-packages/airflow/example_dags/example_trigger_controller_dag.py took 0.289 seconds
[2024-10-13T21:26:06.323-0400] {processor.py:186} INFO - Started process (PID=52447) to work on /Users/karenwang/anaconda3/envs/airflow_sqlite_env/lib/python3.9/site-packages/airflow/example_dags/example_trigger_controller_dag.py
[2024-10-13T21:26:06.325-0400] {processor.py:914} INFO - Processing file /Users/karenwang/anaconda3/envs/airflow_sqlite_env/lib/python3.9/site-packages/airflow/example_dags/example_trigger_controller_dag.py for tasks to queue
[2024-10-13T21:26:06.326-0400] {logging_mixin.py:190} INFO - [2024-10-13T21:26:06.326-0400] {dagbag.py:588} INFO - Filling up the DagBag from /Users/karenwang/anaconda3/envs/airflow_sqlite_env/lib/python3.9/site-packages/airflow/example_dags/example_trigger_controller_dag.py
[2024-10-13T21:26:06.341-0400] {processor.py:925} INFO - DAG(s) 'example_trigger_controller_dag' retrieved from /Users/karenwang/anaconda3/envs/airflow_sqlite_env/lib/python3.9/site-packages/airflow/example_dags/example_trigger_controller_dag.py
[2024-10-13T21:26:06.530-0400] {logging_mixin.py:190} INFO - [2024-10-13T21:26:06.530-0400] {dag.py:3239} INFO - Sync 1 DAGs
[2024-10-13T21:26:06.555-0400] {logging_mixin.py:190} INFO - [2024-10-13T21:26:06.555-0400] {dag.py:4180} INFO - Setting next_dagrun for example_trigger_controller_dag to 2021-01-01 00:00:00+00:00, run_after=2021-01-01 00:00:00+00:00
[2024-10-13T21:26:06.577-0400] {processor.py:208} INFO - Processing /Users/karenwang/anaconda3/envs/airflow_sqlite_env/lib/python3.9/site-packages/airflow/example_dags/example_trigger_controller_dag.py took 0.260 seconds
[2024-10-13T21:29:56.832-0400] {processor.py:186} INFO - Started process (PID=53666) to work on /Users/karenwang/anaconda3/envs/airflow_sqlite_env/lib/python3.9/site-packages/airflow/example_dags/example_trigger_controller_dag.py
[2024-10-13T21:29:56.833-0400] {processor.py:914} INFO - Processing file /Users/karenwang/anaconda3/envs/airflow_sqlite_env/lib/python3.9/site-packages/airflow/example_dags/example_trigger_controller_dag.py for tasks to queue
[2024-10-13T21:29:56.835-0400] {logging_mixin.py:190} INFO - [2024-10-13T21:29:56.835-0400] {dagbag.py:588} INFO - Filling up the DagBag from /Users/karenwang/anaconda3/envs/airflow_sqlite_env/lib/python3.9/site-packages/airflow/example_dags/example_trigger_controller_dag.py
[2024-10-13T21:29:56.874-0400] {processor.py:925} INFO - DAG(s) 'example_trigger_controller_dag' retrieved from /Users/karenwang/anaconda3/envs/airflow_sqlite_env/lib/python3.9/site-packages/airflow/example_dags/example_trigger_controller_dag.py
[2024-10-13T21:29:57.090-0400] {logging_mixin.py:190} INFO - [2024-10-13T21:29:57.090-0400] {dag.py:3239} INFO - Sync 1 DAGs
[2024-10-13T21:29:57.117-0400] {logging_mixin.py:190} INFO - [2024-10-13T21:29:57.116-0400] {dag.py:4180} INFO - Setting next_dagrun for example_trigger_controller_dag to 2021-01-01 00:00:00+00:00, run_after=2021-01-01 00:00:00+00:00
[2024-10-13T21:29:57.139-0400] {processor.py:208} INFO - Processing /Users/karenwang/anaconda3/envs/airflow_sqlite_env/lib/python3.9/site-packages/airflow/example_dags/example_trigger_controller_dag.py took 0.312 seconds
[2024-10-13T21:33:56.161-0400] {processor.py:186} INFO - Started process (PID=54890) to work on /Users/karenwang/anaconda3/envs/airflow_sqlite_env/lib/python3.9/site-packages/airflow/example_dags/example_trigger_controller_dag.py
[2024-10-13T21:33:56.162-0400] {processor.py:914} INFO - Processing file /Users/karenwang/anaconda3/envs/airflow_sqlite_env/lib/python3.9/site-packages/airflow/example_dags/example_trigger_controller_dag.py for tasks to queue
[2024-10-13T21:33:56.164-0400] {logging_mixin.py:190} INFO - [2024-10-13T21:33:56.164-0400] {dagbag.py:588} INFO - Filling up the DagBag from /Users/karenwang/anaconda3/envs/airflow_sqlite_env/lib/python3.9/site-packages/airflow/example_dags/example_trigger_controller_dag.py
[2024-10-13T21:33:56.180-0400] {processor.py:925} INFO - DAG(s) 'example_trigger_controller_dag' retrieved from /Users/karenwang/anaconda3/envs/airflow_sqlite_env/lib/python3.9/site-packages/airflow/example_dags/example_trigger_controller_dag.py
[2024-10-13T21:33:56.385-0400] {logging_mixin.py:190} INFO - [2024-10-13T21:33:56.385-0400] {dag.py:3239} INFO - Sync 1 DAGs
[2024-10-13T21:33:56.413-0400] {logging_mixin.py:190} INFO - [2024-10-13T21:33:56.412-0400] {dag.py:4180} INFO - Setting next_dagrun for example_trigger_controller_dag to 2021-01-01 00:00:00+00:00, run_after=2021-01-01 00:00:00+00:00
[2024-10-13T21:33:56.437-0400] {processor.py:208} INFO - Processing /Users/karenwang/anaconda3/envs/airflow_sqlite_env/lib/python3.9/site-packages/airflow/example_dags/example_trigger_controller_dag.py took 0.281 seconds
[2024-10-13T21:37:48.848-0400] {processor.py:186} INFO - Started process (PID=56137) to work on /Users/karenwang/anaconda3/envs/airflow_sqlite_env/lib/python3.9/site-packages/airflow/example_dags/example_trigger_controller_dag.py
[2024-10-13T21:37:48.849-0400] {processor.py:914} INFO - Processing file /Users/karenwang/anaconda3/envs/airflow_sqlite_env/lib/python3.9/site-packages/airflow/example_dags/example_trigger_controller_dag.py for tasks to queue
[2024-10-13T21:37:48.851-0400] {logging_mixin.py:190} INFO - [2024-10-13T21:37:48.850-0400] {dagbag.py:588} INFO - Filling up the DagBag from /Users/karenwang/anaconda3/envs/airflow_sqlite_env/lib/python3.9/site-packages/airflow/example_dags/example_trigger_controller_dag.py
[2024-10-13T21:37:48.869-0400] {processor.py:925} INFO - DAG(s) 'example_trigger_controller_dag' retrieved from /Users/karenwang/anaconda3/envs/airflow_sqlite_env/lib/python3.9/site-packages/airflow/example_dags/example_trigger_controller_dag.py
[2024-10-13T21:37:49.087-0400] {logging_mixin.py:190} INFO - [2024-10-13T21:37:49.086-0400] {dag.py:3239} INFO - Sync 1 DAGs
[2024-10-13T21:37:49.114-0400] {logging_mixin.py:190} INFO - [2024-10-13T21:37:49.113-0400] {dag.py:4180} INFO - Setting next_dagrun for example_trigger_controller_dag to 2021-01-01 00:00:00+00:00, run_after=2021-01-01 00:00:00+00:00
[2024-10-13T21:37:49.135-0400] {processor.py:208} INFO - Processing /Users/karenwang/anaconda3/envs/airflow_sqlite_env/lib/python3.9/site-packages/airflow/example_dags/example_trigger_controller_dag.py took 0.293 seconds
[2024-10-13T21:41:43.977-0400] {processor.py:186} INFO - Started process (PID=57351) to work on /Users/karenwang/anaconda3/envs/airflow_sqlite_env/lib/python3.9/site-packages/airflow/example_dags/example_trigger_controller_dag.py
[2024-10-13T21:41:43.979-0400] {processor.py:914} INFO - Processing file /Users/karenwang/anaconda3/envs/airflow_sqlite_env/lib/python3.9/site-packages/airflow/example_dags/example_trigger_controller_dag.py for tasks to queue
[2024-10-13T21:41:43.980-0400] {logging_mixin.py:190} INFO - [2024-10-13T21:41:43.980-0400] {dagbag.py:588} INFO - Filling up the DagBag from /Users/karenwang/anaconda3/envs/airflow_sqlite_env/lib/python3.9/site-packages/airflow/example_dags/example_trigger_controller_dag.py
[2024-10-13T21:41:43.996-0400] {processor.py:925} INFO - DAG(s) 'example_trigger_controller_dag' retrieved from /Users/karenwang/anaconda3/envs/airflow_sqlite_env/lib/python3.9/site-packages/airflow/example_dags/example_trigger_controller_dag.py
[2024-10-13T21:41:44.193-0400] {logging_mixin.py:190} INFO - [2024-10-13T21:41:44.193-0400] {dag.py:3239} INFO - Sync 1 DAGs
[2024-10-13T21:41:44.220-0400] {logging_mixin.py:190} INFO - [2024-10-13T21:41:44.219-0400] {dag.py:4180} INFO - Setting next_dagrun for example_trigger_controller_dag to 2021-01-01 00:00:00+00:00, run_after=2021-01-01 00:00:00+00:00
[2024-10-13T21:41:44.246-0400] {processor.py:208} INFO - Processing /Users/karenwang/anaconda3/envs/airflow_sqlite_env/lib/python3.9/site-packages/airflow/example_dags/example_trigger_controller_dag.py took 0.274 seconds
[2024-10-13T21:45:35.496-0400] {processor.py:186} INFO - Started process (PID=58529) to work on /Users/karenwang/anaconda3/envs/airflow_sqlite_env/lib/python3.9/site-packages/airflow/example_dags/example_trigger_controller_dag.py
[2024-10-13T21:45:35.498-0400] {processor.py:914} INFO - Processing file /Users/karenwang/anaconda3/envs/airflow_sqlite_env/lib/python3.9/site-packages/airflow/example_dags/example_trigger_controller_dag.py for tasks to queue
[2024-10-13T21:45:35.499-0400] {logging_mixin.py:190} INFO - [2024-10-13T21:45:35.499-0400] {dagbag.py:588} INFO - Filling up the DagBag from /Users/karenwang/anaconda3/envs/airflow_sqlite_env/lib/python3.9/site-packages/airflow/example_dags/example_trigger_controller_dag.py
[2024-10-13T21:45:35.515-0400] {processor.py:925} INFO - DAG(s) 'example_trigger_controller_dag' retrieved from /Users/karenwang/anaconda3/envs/airflow_sqlite_env/lib/python3.9/site-packages/airflow/example_dags/example_trigger_controller_dag.py
[2024-10-13T21:45:35.747-0400] {logging_mixin.py:190} INFO - [2024-10-13T21:45:35.746-0400] {dag.py:3239} INFO - Sync 1 DAGs
[2024-10-13T21:45:35.777-0400] {logging_mixin.py:190} INFO - [2024-10-13T21:45:35.776-0400] {dag.py:4180} INFO - Setting next_dagrun for example_trigger_controller_dag to 2021-01-01 00:00:00+00:00, run_after=2021-01-01 00:00:00+00:00
[2024-10-13T21:45:35.804-0400] {processor.py:208} INFO - Processing /Users/karenwang/anaconda3/envs/airflow_sqlite_env/lib/python3.9/site-packages/airflow/example_dags/example_trigger_controller_dag.py took 0.314 seconds
[2024-10-13T21:49:36.742-0400] {processor.py:186} INFO - Started process (PID=59799) to work on /Users/karenwang/anaconda3/envs/airflow_sqlite_env/lib/python3.9/site-packages/airflow/example_dags/example_trigger_controller_dag.py
[2024-10-13T21:49:36.744-0400] {processor.py:914} INFO - Processing file /Users/karenwang/anaconda3/envs/airflow_sqlite_env/lib/python3.9/site-packages/airflow/example_dags/example_trigger_controller_dag.py for tasks to queue
[2024-10-13T21:49:36.746-0400] {logging_mixin.py:190} INFO - [2024-10-13T21:49:36.745-0400] {dagbag.py:588} INFO - Filling up the DagBag from /Users/karenwang/anaconda3/envs/airflow_sqlite_env/lib/python3.9/site-packages/airflow/example_dags/example_trigger_controller_dag.py
[2024-10-13T21:49:36.763-0400] {processor.py:925} INFO - DAG(s) 'example_trigger_controller_dag' retrieved from /Users/karenwang/anaconda3/envs/airflow_sqlite_env/lib/python3.9/site-packages/airflow/example_dags/example_trigger_controller_dag.py
[2024-10-13T21:49:36.963-0400] {logging_mixin.py:190} INFO - [2024-10-13T21:49:36.962-0400] {dag.py:3239} INFO - Sync 1 DAGs
[2024-10-13T21:49:36.988-0400] {logging_mixin.py:190} INFO - [2024-10-13T21:49:36.988-0400] {dag.py:4180} INFO - Setting next_dagrun for example_trigger_controller_dag to 2021-01-01 00:00:00+00:00, run_after=2021-01-01 00:00:00+00:00
[2024-10-13T21:49:37.014-0400] {processor.py:208} INFO - Processing /Users/karenwang/anaconda3/envs/airflow_sqlite_env/lib/python3.9/site-packages/airflow/example_dags/example_trigger_controller_dag.py took 0.278 seconds
[2024-10-13T21:53:38.682-0400] {processor.py:186} INFO - Started process (PID=61036) to work on /Users/karenwang/anaconda3/envs/airflow_sqlite_env/lib/python3.9/site-packages/airflow/example_dags/example_trigger_controller_dag.py
[2024-10-13T21:53:38.684-0400] {processor.py:914} INFO - Processing file /Users/karenwang/anaconda3/envs/airflow_sqlite_env/lib/python3.9/site-packages/airflow/example_dags/example_trigger_controller_dag.py for tasks to queue
[2024-10-13T21:53:38.685-0400] {logging_mixin.py:190} INFO - [2024-10-13T21:53:38.685-0400] {dagbag.py:588} INFO - Filling up the DagBag from /Users/karenwang/anaconda3/envs/airflow_sqlite_env/lib/python3.9/site-packages/airflow/example_dags/example_trigger_controller_dag.py
[2024-10-13T21:53:38.702-0400] {processor.py:925} INFO - DAG(s) 'example_trigger_controller_dag' retrieved from /Users/karenwang/anaconda3/envs/airflow_sqlite_env/lib/python3.9/site-packages/airflow/example_dags/example_trigger_controller_dag.py
[2024-10-13T21:53:38.911-0400] {logging_mixin.py:190} INFO - [2024-10-13T21:53:38.910-0400] {dag.py:3239} INFO - Sync 1 DAGs
[2024-10-13T21:53:38.940-0400] {logging_mixin.py:190} INFO - [2024-10-13T21:53:38.939-0400] {dag.py:4180} INFO - Setting next_dagrun for example_trigger_controller_dag to 2021-01-01 00:00:00+00:00, run_after=2021-01-01 00:00:00+00:00
[2024-10-13T21:53:38.962-0400] {processor.py:208} INFO - Processing /Users/karenwang/anaconda3/envs/airflow_sqlite_env/lib/python3.9/site-packages/airflow/example_dags/example_trigger_controller_dag.py took 0.286 seconds
[2024-10-13T21:57:37.125-0400] {processor.py:186} INFO - Started process (PID=62273) to work on /Users/karenwang/anaconda3/envs/airflow_sqlite_env/lib/python3.9/site-packages/airflow/example_dags/example_trigger_controller_dag.py
[2024-10-13T21:57:37.127-0400] {processor.py:914} INFO - Processing file /Users/karenwang/anaconda3/envs/airflow_sqlite_env/lib/python3.9/site-packages/airflow/example_dags/example_trigger_controller_dag.py for tasks to queue
[2024-10-13T21:57:37.128-0400] {logging_mixin.py:190} INFO - [2024-10-13T21:57:37.128-0400] {dagbag.py:588} INFO - Filling up the DagBag from /Users/karenwang/anaconda3/envs/airflow_sqlite_env/lib/python3.9/site-packages/airflow/example_dags/example_trigger_controller_dag.py
[2024-10-13T21:57:37.141-0400] {processor.py:925} INFO - DAG(s) 'example_trigger_controller_dag' retrieved from /Users/karenwang/anaconda3/envs/airflow_sqlite_env/lib/python3.9/site-packages/airflow/example_dags/example_trigger_controller_dag.py
[2024-10-13T21:57:37.344-0400] {logging_mixin.py:190} INFO - [2024-10-13T21:57:37.343-0400] {dag.py:3239} INFO - Sync 1 DAGs
[2024-10-13T21:57:37.368-0400] {logging_mixin.py:190} INFO - [2024-10-13T21:57:37.368-0400] {dag.py:4180} INFO - Setting next_dagrun for example_trigger_controller_dag to 2021-01-01 00:00:00+00:00, run_after=2021-01-01 00:00:00+00:00
[2024-10-13T21:57:37.389-0400] {processor.py:208} INFO - Processing /Users/karenwang/anaconda3/envs/airflow_sqlite_env/lib/python3.9/site-packages/airflow/example_dags/example_trigger_controller_dag.py took 0.270 seconds
[2024-10-13T22:01:22.859-0400] {processor.py:186} INFO - Started process (PID=63421) to work on /Users/karenwang/anaconda3/envs/airflow_sqlite_env/lib/python3.9/site-packages/airflow/example_dags/example_trigger_controller_dag.py
[2024-10-13T22:01:22.860-0400] {processor.py:914} INFO - Processing file /Users/karenwang/anaconda3/envs/airflow_sqlite_env/lib/python3.9/site-packages/airflow/example_dags/example_trigger_controller_dag.py for tasks to queue
[2024-10-13T22:01:22.862-0400] {logging_mixin.py:190} INFO - [2024-10-13T22:01:22.862-0400] {dagbag.py:588} INFO - Filling up the DagBag from /Users/karenwang/anaconda3/envs/airflow_sqlite_env/lib/python3.9/site-packages/airflow/example_dags/example_trigger_controller_dag.py
[2024-10-13T22:01:22.876-0400] {processor.py:925} INFO - DAG(s) 'example_trigger_controller_dag' retrieved from /Users/karenwang/anaconda3/envs/airflow_sqlite_env/lib/python3.9/site-packages/airflow/example_dags/example_trigger_controller_dag.py
[2024-10-13T22:01:23.054-0400] {logging_mixin.py:190} INFO - [2024-10-13T22:01:23.053-0400] {dag.py:3239} INFO - Sync 1 DAGs
[2024-10-13T22:01:23.076-0400] {logging_mixin.py:190} INFO - [2024-10-13T22:01:23.076-0400] {dag.py:4180} INFO - Setting next_dagrun for example_trigger_controller_dag to 2021-01-01 00:00:00+00:00, run_after=2021-01-01 00:00:00+00:00
[2024-10-13T22:01:23.098-0400] {processor.py:208} INFO - Processing /Users/karenwang/anaconda3/envs/airflow_sqlite_env/lib/python3.9/site-packages/airflow/example_dags/example_trigger_controller_dag.py took 0.246 seconds
[2024-10-13T22:05:19.147-0400] {processor.py:186} INFO - Started process (PID=64646) to work on /Users/karenwang/anaconda3/envs/airflow_sqlite_env/lib/python3.9/site-packages/airflow/example_dags/example_trigger_controller_dag.py
[2024-10-13T22:05:19.149-0400] {processor.py:914} INFO - Processing file /Users/karenwang/anaconda3/envs/airflow_sqlite_env/lib/python3.9/site-packages/airflow/example_dags/example_trigger_controller_dag.py for tasks to queue
[2024-10-13T22:05:19.150-0400] {logging_mixin.py:190} INFO - [2024-10-13T22:05:19.150-0400] {dagbag.py:588} INFO - Filling up the DagBag from /Users/karenwang/anaconda3/envs/airflow_sqlite_env/lib/python3.9/site-packages/airflow/example_dags/example_trigger_controller_dag.py
[2024-10-13T22:05:19.166-0400] {processor.py:925} INFO - DAG(s) 'example_trigger_controller_dag' retrieved from /Users/karenwang/anaconda3/envs/airflow_sqlite_env/lib/python3.9/site-packages/airflow/example_dags/example_trigger_controller_dag.py
[2024-10-13T22:05:19.349-0400] {logging_mixin.py:190} INFO - [2024-10-13T22:05:19.349-0400] {dag.py:3239} INFO - Sync 1 DAGs
[2024-10-13T22:05:19.369-0400] {logging_mixin.py:190} INFO - [2024-10-13T22:05:19.368-0400] {dag.py:4180} INFO - Setting next_dagrun for example_trigger_controller_dag to 2021-01-01 00:00:00+00:00, run_after=2021-01-01 00:00:00+00:00
[2024-10-13T22:05:19.391-0400] {processor.py:208} INFO - Processing /Users/karenwang/anaconda3/envs/airflow_sqlite_env/lib/python3.9/site-packages/airflow/example_dags/example_trigger_controller_dag.py took 0.249 seconds
[2024-10-13T22:09:15.880-0400] {processor.py:186} INFO - Started process (PID=65874) to work on /Users/karenwang/anaconda3/envs/airflow_sqlite_env/lib/python3.9/site-packages/airflow/example_dags/example_trigger_controller_dag.py
[2024-10-13T22:09:15.882-0400] {processor.py:914} INFO - Processing file /Users/karenwang/anaconda3/envs/airflow_sqlite_env/lib/python3.9/site-packages/airflow/example_dags/example_trigger_controller_dag.py for tasks to queue
[2024-10-13T22:09:15.883-0400] {logging_mixin.py:190} INFO - [2024-10-13T22:09:15.883-0400] {dagbag.py:588} INFO - Filling up the DagBag from /Users/karenwang/anaconda3/envs/airflow_sqlite_env/lib/python3.9/site-packages/airflow/example_dags/example_trigger_controller_dag.py
[2024-10-13T22:09:15.900-0400] {processor.py:925} INFO - DAG(s) 'example_trigger_controller_dag' retrieved from /Users/karenwang/anaconda3/envs/airflow_sqlite_env/lib/python3.9/site-packages/airflow/example_dags/example_trigger_controller_dag.py
[2024-10-13T22:09:16.099-0400] {logging_mixin.py:190} INFO - [2024-10-13T22:09:16.098-0400] {dag.py:3239} INFO - Sync 1 DAGs
[2024-10-13T22:09:16.122-0400] {logging_mixin.py:190} INFO - [2024-10-13T22:09:16.121-0400] {dag.py:4180} INFO - Setting next_dagrun for example_trigger_controller_dag to 2021-01-01 00:00:00+00:00, run_after=2021-01-01 00:00:00+00:00
[2024-10-13T22:09:16.144-0400] {processor.py:208} INFO - Processing /Users/karenwang/anaconda3/envs/airflow_sqlite_env/lib/python3.9/site-packages/airflow/example_dags/example_trigger_controller_dag.py took 0.270 seconds
[2024-10-13T22:13:08.280-0400] {processor.py:186} INFO - Started process (PID=67061) to work on /Users/karenwang/anaconda3/envs/airflow_sqlite_env/lib/python3.9/site-packages/airflow/example_dags/example_trigger_controller_dag.py
[2024-10-13T22:13:08.281-0400] {processor.py:914} INFO - Processing file /Users/karenwang/anaconda3/envs/airflow_sqlite_env/lib/python3.9/site-packages/airflow/example_dags/example_trigger_controller_dag.py for tasks to queue
[2024-10-13T22:13:08.283-0400] {logging_mixin.py:190} INFO - [2024-10-13T22:13:08.283-0400] {dagbag.py:588} INFO - Filling up the DagBag from /Users/karenwang/anaconda3/envs/airflow_sqlite_env/lib/python3.9/site-packages/airflow/example_dags/example_trigger_controller_dag.py
[2024-10-13T22:13:08.300-0400] {processor.py:925} INFO - DAG(s) 'example_trigger_controller_dag' retrieved from /Users/karenwang/anaconda3/envs/airflow_sqlite_env/lib/python3.9/site-packages/airflow/example_dags/example_trigger_controller_dag.py
[2024-10-13T22:13:08.504-0400] {logging_mixin.py:190} INFO - [2024-10-13T22:13:08.503-0400] {dag.py:3239} INFO - Sync 1 DAGs
[2024-10-13T22:13:08.530-0400] {logging_mixin.py:190} INFO - [2024-10-13T22:13:08.529-0400] {dag.py:4180} INFO - Setting next_dagrun for example_trigger_controller_dag to 2021-01-01 00:00:00+00:00, run_after=2021-01-01 00:00:00+00:00
[2024-10-13T22:13:08.552-0400] {processor.py:208} INFO - Processing /Users/karenwang/anaconda3/envs/airflow_sqlite_env/lib/python3.9/site-packages/airflow/example_dags/example_trigger_controller_dag.py took 0.277 seconds
[2024-10-13T22:17:10.099-0400] {processor.py:186} INFO - Started process (PID=68294) to work on /Users/karenwang/anaconda3/envs/airflow_sqlite_env/lib/python3.9/site-packages/airflow/example_dags/example_trigger_controller_dag.py
[2024-10-13T22:17:10.100-0400] {processor.py:914} INFO - Processing file /Users/karenwang/anaconda3/envs/airflow_sqlite_env/lib/python3.9/site-packages/airflow/example_dags/example_trigger_controller_dag.py for tasks to queue
[2024-10-13T22:17:10.102-0400] {logging_mixin.py:190} INFO - [2024-10-13T22:17:10.101-0400] {dagbag.py:588} INFO - Filling up the DagBag from /Users/karenwang/anaconda3/envs/airflow_sqlite_env/lib/python3.9/site-packages/airflow/example_dags/example_trigger_controller_dag.py
[2024-10-13T22:17:10.128-0400] {processor.py:925} INFO - DAG(s) 'example_trigger_controller_dag' retrieved from /Users/karenwang/anaconda3/envs/airflow_sqlite_env/lib/python3.9/site-packages/airflow/example_dags/example_trigger_controller_dag.py
[2024-10-13T22:17:10.344-0400] {logging_mixin.py:190} INFO - [2024-10-13T22:17:10.343-0400] {dag.py:3239} INFO - Sync 1 DAGs
[2024-10-13T22:17:10.367-0400] {logging_mixin.py:190} INFO - [2024-10-13T22:17:10.367-0400] {dag.py:4180} INFO - Setting next_dagrun for example_trigger_controller_dag to 2021-01-01 00:00:00+00:00, run_after=2021-01-01 00:00:00+00:00
[2024-10-13T22:17:10.387-0400] {processor.py:208} INFO - Processing /Users/karenwang/anaconda3/envs/airflow_sqlite_env/lib/python3.9/site-packages/airflow/example_dags/example_trigger_controller_dag.py took 0.294 seconds
[2024-10-13T22:21:09.405-0400] {processor.py:186} INFO - Started process (PID=69529) to work on /Users/karenwang/anaconda3/envs/airflow_sqlite_env/lib/python3.9/site-packages/airflow/example_dags/example_trigger_controller_dag.py
[2024-10-13T22:21:09.407-0400] {processor.py:914} INFO - Processing file /Users/karenwang/anaconda3/envs/airflow_sqlite_env/lib/python3.9/site-packages/airflow/example_dags/example_trigger_controller_dag.py for tasks to queue
[2024-10-13T22:21:09.408-0400] {logging_mixin.py:190} INFO - [2024-10-13T22:21:09.408-0400] {dagbag.py:588} INFO - Filling up the DagBag from /Users/karenwang/anaconda3/envs/airflow_sqlite_env/lib/python3.9/site-packages/airflow/example_dags/example_trigger_controller_dag.py
[2024-10-13T22:21:09.426-0400] {processor.py:925} INFO - DAG(s) 'example_trigger_controller_dag' retrieved from /Users/karenwang/anaconda3/envs/airflow_sqlite_env/lib/python3.9/site-packages/airflow/example_dags/example_trigger_controller_dag.py
[2024-10-13T22:21:09.635-0400] {logging_mixin.py:190} INFO - [2024-10-13T22:21:09.635-0400] {dag.py:3239} INFO - Sync 1 DAGs
[2024-10-13T22:21:09.657-0400] {logging_mixin.py:190} INFO - [2024-10-13T22:21:09.657-0400] {dag.py:4180} INFO - Setting next_dagrun for example_trigger_controller_dag to 2021-01-01 00:00:00+00:00, run_after=2021-01-01 00:00:00+00:00
[2024-10-13T22:21:09.686-0400] {processor.py:208} INFO - Processing /Users/karenwang/anaconda3/envs/airflow_sqlite_env/lib/python3.9/site-packages/airflow/example_dags/example_trigger_controller_dag.py took 0.287 seconds
[2024-10-13T22:25:19.204-0400] {processor.py:186} INFO - Started process (PID=70868) to work on /Users/karenwang/anaconda3/envs/airflow_sqlite_env/lib/python3.9/site-packages/airflow/example_dags/example_trigger_controller_dag.py
[2024-10-13T22:25:19.206-0400] {processor.py:914} INFO - Processing file /Users/karenwang/anaconda3/envs/airflow_sqlite_env/lib/python3.9/site-packages/airflow/example_dags/example_trigger_controller_dag.py for tasks to queue
[2024-10-13T22:25:19.207-0400] {logging_mixin.py:190} INFO - [2024-10-13T22:25:19.207-0400] {dagbag.py:588} INFO - Filling up the DagBag from /Users/karenwang/anaconda3/envs/airflow_sqlite_env/lib/python3.9/site-packages/airflow/example_dags/example_trigger_controller_dag.py
[2024-10-13T22:25:19.224-0400] {processor.py:925} INFO - DAG(s) 'example_trigger_controller_dag' retrieved from /Users/karenwang/anaconda3/envs/airflow_sqlite_env/lib/python3.9/site-packages/airflow/example_dags/example_trigger_controller_dag.py
[2024-10-13T22:25:19.432-0400] {logging_mixin.py:190} INFO - [2024-10-13T22:25:19.432-0400] {dag.py:3239} INFO - Sync 1 DAGs
[2024-10-13T22:25:19.460-0400] {logging_mixin.py:190} INFO - [2024-10-13T22:25:19.460-0400] {dag.py:4180} INFO - Setting next_dagrun for example_trigger_controller_dag to 2021-01-01 00:00:00+00:00, run_after=2021-01-01 00:00:00+00:00
[2024-10-13T22:25:19.487-0400] {processor.py:208} INFO - Processing /Users/karenwang/anaconda3/envs/airflow_sqlite_env/lib/python3.9/site-packages/airflow/example_dags/example_trigger_controller_dag.py took 0.291 seconds
[2024-10-13T22:33:57.334-0400] {processor.py:186} INFO - Started process (PID=73775) to work on /Users/karenwang/anaconda3/envs/airflow_sqlite_env/lib/python3.9/site-packages/airflow/example_dags/example_trigger_controller_dag.py
[2024-10-13T22:33:57.337-0400] {processor.py:914} INFO - Processing file /Users/karenwang/anaconda3/envs/airflow_sqlite_env/lib/python3.9/site-packages/airflow/example_dags/example_trigger_controller_dag.py for tasks to queue
[2024-10-13T22:33:57.339-0400] {logging_mixin.py:190} INFO - [2024-10-13T22:33:57.338-0400] {dagbag.py:588} INFO - Filling up the DagBag from /Users/karenwang/anaconda3/envs/airflow_sqlite_env/lib/python3.9/site-packages/airflow/example_dags/example_trigger_controller_dag.py
[2024-10-13T22:33:57.357-0400] {processor.py:925} INFO - DAG(s) 'example_trigger_controller_dag' retrieved from /Users/karenwang/anaconda3/envs/airflow_sqlite_env/lib/python3.9/site-packages/airflow/example_dags/example_trigger_controller_dag.py
[2024-10-13T22:33:57.583-0400] {logging_mixin.py:190} INFO - [2024-10-13T22:33:57.583-0400] {dag.py:3239} INFO - Sync 1 DAGs
[2024-10-13T22:33:57.606-0400] {logging_mixin.py:190} INFO - [2024-10-13T22:33:57.605-0400] {dag.py:4180} INFO - Setting next_dagrun for example_trigger_controller_dag to 2021-01-01 00:00:00+00:00, run_after=2021-01-01 00:00:00+00:00
[2024-10-13T22:33:57.630-0400] {processor.py:208} INFO - Processing /Users/karenwang/anaconda3/envs/airflow_sqlite_env/lib/python3.9/site-packages/airflow/example_dags/example_trigger_controller_dag.py took 0.302 seconds
[2024-10-13T22:39:48.114-0400] {processor.py:186} INFO - Started process (PID=75666) to work on /Users/karenwang/anaconda3/envs/airflow_sqlite_env/lib/python3.9/site-packages/airflow/example_dags/example_trigger_controller_dag.py
[2024-10-13T22:39:48.116-0400] {processor.py:914} INFO - Processing file /Users/karenwang/anaconda3/envs/airflow_sqlite_env/lib/python3.9/site-packages/airflow/example_dags/example_trigger_controller_dag.py for tasks to queue
[2024-10-13T22:39:48.117-0400] {logging_mixin.py:190} INFO - [2024-10-13T22:39:48.117-0400] {dagbag.py:588} INFO - Filling up the DagBag from /Users/karenwang/anaconda3/envs/airflow_sqlite_env/lib/python3.9/site-packages/airflow/example_dags/example_trigger_controller_dag.py
[2024-10-13T22:39:48.138-0400] {processor.py:925} INFO - DAG(s) 'example_trigger_controller_dag' retrieved from /Users/karenwang/anaconda3/envs/airflow_sqlite_env/lib/python3.9/site-packages/airflow/example_dags/example_trigger_controller_dag.py
[2024-10-13T22:39:48.343-0400] {logging_mixin.py:190} INFO - [2024-10-13T22:39:48.342-0400] {dag.py:3239} INFO - Sync 1 DAGs
[2024-10-13T22:39:48.370-0400] {logging_mixin.py:190} INFO - [2024-10-13T22:39:48.370-0400] {dag.py:4180} INFO - Setting next_dagrun for example_trigger_controller_dag to 2021-01-01 00:00:00+00:00, run_after=2021-01-01 00:00:00+00:00
[2024-10-13T22:39:48.397-0400] {processor.py:208} INFO - Processing /Users/karenwang/anaconda3/envs/airflow_sqlite_env/lib/python3.9/site-packages/airflow/example_dags/example_trigger_controller_dag.py took 0.288 seconds
