[2024-10-13T20:03:25.758-0400] {processor.py:186} INFO - Started process (PID=26150) to work on /Users/karenwang/anaconda3/envs/airflow_sqlite_env/lib/python3.9/site-packages/airflow/example_dags/example_complex.py
[2024-10-13T20:03:25.760-0400] {processor.py:914} INFO - Processing file /Users/karenwang/anaconda3/envs/airflow_sqlite_env/lib/python3.9/site-packages/airflow/example_dags/example_complex.py for tasks to queue
[2024-10-13T20:03:25.761-0400] {logging_mixin.py:190} INFO - [2024-10-13T20:03:25.761-0400] {dagbag.py:588} INFO - Filling up the DagBag from /Users/karenwang/anaconda3/envs/airflow_sqlite_env/lib/python3.9/site-packages/airflow/example_dags/example_complex.py
[2024-10-13T20:03:25.786-0400] {processor.py:925} INFO - DAG(s) 'example_complex' retrieved from /Users/karenwang/anaconda3/envs/airflow_sqlite_env/lib/python3.9/site-packages/airflow/example_dags/example_complex.py
[2024-10-13T20:03:26.043-0400] {logging_mixin.py:190} INFO - [2024-10-13T20:03:26.043-0400] {dag.py:3239} INFO - Sync 1 DAGs
[2024-10-13T20:03:26.061-0400] {logging_mixin.py:190} INFO - [2024-10-13T20:03:26.060-0400] {dag.py:4180} INFO - Setting next_dagrun for example_complex to None, run_after=None
[2024-10-13T20:03:26.085-0400] {processor.py:208} INFO - Processing /Users/karenwang/anaconda3/envs/airflow_sqlite_env/lib/python3.9/site-packages/airflow/example_dags/example_complex.py took 0.332 seconds
[2024-10-13T20:11:25.641-0400] {processor.py:186} INFO - Started process (PID=28626) to work on /Users/karenwang/anaconda3/envs/airflow_sqlite_env/lib/python3.9/site-packages/airflow/example_dags/example_complex.py
[2024-10-13T20:11:25.642-0400] {processor.py:914} INFO - Processing file /Users/karenwang/anaconda3/envs/airflow_sqlite_env/lib/python3.9/site-packages/airflow/example_dags/example_complex.py for tasks to queue
[2024-10-13T20:11:25.644-0400] {logging_mixin.py:190} INFO - [2024-10-13T20:11:25.644-0400] {dagbag.py:588} INFO - Filling up the DagBag from /Users/karenwang/anaconda3/envs/airflow_sqlite_env/lib/python3.9/site-packages/airflow/example_dags/example_complex.py
[2024-10-13T20:11:25.663-0400] {processor.py:925} INFO - DAG(s) 'example_complex' retrieved from /Users/karenwang/anaconda3/envs/airflow_sqlite_env/lib/python3.9/site-packages/airflow/example_dags/example_complex.py
[2024-10-13T20:11:25.881-0400] {logging_mixin.py:190} INFO - [2024-10-13T20:11:25.881-0400] {dag.py:3239} INFO - Sync 1 DAGs
[2024-10-13T20:11:25.896-0400] {logging_mixin.py:190} INFO - [2024-10-13T20:11:25.895-0400] {dag.py:4180} INFO - Setting next_dagrun for example_complex to None, run_after=None
[2024-10-13T20:11:25.918-0400] {processor.py:208} INFO - Processing /Users/karenwang/anaconda3/envs/airflow_sqlite_env/lib/python3.9/site-packages/airflow/example_dags/example_complex.py took 0.283 seconds
[2024-10-13T20:19:46.263-0400] {processor.py:186} INFO - Started process (PID=31179) to work on /Users/karenwang/anaconda3/envs/airflow_sqlite_env/lib/python3.9/site-packages/airflow/example_dags/example_complex.py
[2024-10-13T20:19:46.264-0400] {processor.py:914} INFO - Processing file /Users/karenwang/anaconda3/envs/airflow_sqlite_env/lib/python3.9/site-packages/airflow/example_dags/example_complex.py for tasks to queue
[2024-10-13T20:19:46.266-0400] {logging_mixin.py:190} INFO - [2024-10-13T20:19:46.266-0400] {dagbag.py:588} INFO - Filling up the DagBag from /Users/karenwang/anaconda3/envs/airflow_sqlite_env/lib/python3.9/site-packages/airflow/example_dags/example_complex.py
[2024-10-13T20:19:46.290-0400] {processor.py:925} INFO - DAG(s) 'example_complex' retrieved from /Users/karenwang/anaconda3/envs/airflow_sqlite_env/lib/python3.9/site-packages/airflow/example_dags/example_complex.py
[2024-10-13T20:19:46.528-0400] {logging_mixin.py:190} INFO - [2024-10-13T20:19:46.527-0400] {dag.py:3239} INFO - Sync 1 DAGs
[2024-10-13T20:19:46.548-0400] {logging_mixin.py:190} INFO - [2024-10-13T20:19:46.548-0400] {dag.py:4180} INFO - Setting next_dagrun for example_complex to None, run_after=None
[2024-10-13T20:19:46.571-0400] {processor.py:208} INFO - Processing /Users/karenwang/anaconda3/envs/airflow_sqlite_env/lib/python3.9/site-packages/airflow/example_dags/example_complex.py took 0.313 seconds
[2024-10-13T20:29:56.394-0400] {processor.py:186} INFO - Started process (PID=34667) to work on /Users/karenwang/anaconda3/envs/airflow_sqlite_env/lib/python3.9/site-packages/airflow/example_dags/example_complex.py
[2024-10-13T20:29:56.397-0400] {processor.py:914} INFO - Processing file /Users/karenwang/anaconda3/envs/airflow_sqlite_env/lib/python3.9/site-packages/airflow/example_dags/example_complex.py for tasks to queue
[2024-10-13T20:29:56.399-0400] {logging_mixin.py:190} INFO - [2024-10-13T20:29:56.398-0400] {dagbag.py:588} INFO - Filling up the DagBag from /Users/karenwang/anaconda3/envs/airflow_sqlite_env/lib/python3.9/site-packages/airflow/example_dags/example_complex.py
[2024-10-13T20:29:56.420-0400] {processor.py:925} INFO - DAG(s) 'example_complex' retrieved from /Users/karenwang/anaconda3/envs/airflow_sqlite_env/lib/python3.9/site-packages/airflow/example_dags/example_complex.py
[2024-10-13T20:29:56.699-0400] {logging_mixin.py:190} INFO - [2024-10-13T20:29:56.699-0400] {dag.py:3239} INFO - Sync 1 DAGs
[2024-10-13T20:29:56.719-0400] {logging_mixin.py:190} INFO - [2024-10-13T20:29:56.718-0400] {dag.py:4180} INFO - Setting next_dagrun for example_complex to None, run_after=None
[2024-10-13T20:29:56.748-0400] {processor.py:208} INFO - Processing /Users/karenwang/anaconda3/envs/airflow_sqlite_env/lib/python3.9/site-packages/airflow/example_dags/example_complex.py took 0.362 seconds
[2024-10-13T20:37:17.909-0400] {processor.py:186} INFO - Started process (PID=36981) to work on /Users/karenwang/anaconda3/envs/airflow_sqlite_env/lib/python3.9/site-packages/airflow/example_dags/example_complex.py
[2024-10-13T20:37:17.911-0400] {processor.py:914} INFO - Processing file /Users/karenwang/anaconda3/envs/airflow_sqlite_env/lib/python3.9/site-packages/airflow/example_dags/example_complex.py for tasks to queue
[2024-10-13T20:37:17.912-0400] {logging_mixin.py:190} INFO - [2024-10-13T20:37:17.912-0400] {dagbag.py:588} INFO - Filling up the DagBag from /Users/karenwang/anaconda3/envs/airflow_sqlite_env/lib/python3.9/site-packages/airflow/example_dags/example_complex.py
[2024-10-13T20:37:17.933-0400] {processor.py:925} INFO - DAG(s) 'example_complex' retrieved from /Users/karenwang/anaconda3/envs/airflow_sqlite_env/lib/python3.9/site-packages/airflow/example_dags/example_complex.py
[2024-10-13T20:37:18.128-0400] {logging_mixin.py:190} INFO - [2024-10-13T20:37:18.128-0400] {dag.py:3239} INFO - Sync 1 DAGs
[2024-10-13T20:37:18.143-0400] {logging_mixin.py:190} INFO - [2024-10-13T20:37:18.143-0400] {dag.py:4180} INFO - Setting next_dagrun for example_complex to None, run_after=None
[2024-10-13T20:37:18.165-0400] {processor.py:208} INFO - Processing /Users/karenwang/anaconda3/envs/airflow_sqlite_env/lib/python3.9/site-packages/airflow/example_dags/example_complex.py took 0.262 seconds
[2024-10-13T20:44:36.016-0400] {processor.py:186} INFO - Started process (PID=39235) to work on /Users/karenwang/anaconda3/envs/airflow_sqlite_env/lib/python3.9/site-packages/airflow/example_dags/example_complex.py
[2024-10-13T20:44:36.018-0400] {processor.py:914} INFO - Processing file /Users/karenwang/anaconda3/envs/airflow_sqlite_env/lib/python3.9/site-packages/airflow/example_dags/example_complex.py for tasks to queue
[2024-10-13T20:44:36.020-0400] {logging_mixin.py:190} INFO - [2024-10-13T20:44:36.020-0400] {dagbag.py:588} INFO - Filling up the DagBag from /Users/karenwang/anaconda3/envs/airflow_sqlite_env/lib/python3.9/site-packages/airflow/example_dags/example_complex.py
[2024-10-13T20:44:36.042-0400] {processor.py:925} INFO - DAG(s) 'example_complex' retrieved from /Users/karenwang/anaconda3/envs/airflow_sqlite_env/lib/python3.9/site-packages/airflow/example_dags/example_complex.py
[2024-10-13T20:44:36.295-0400] {logging_mixin.py:190} INFO - [2024-10-13T20:44:36.295-0400] {dag.py:3239} INFO - Sync 1 DAGs
[2024-10-13T20:44:36.309-0400] {logging_mixin.py:190} INFO - [2024-10-13T20:44:36.309-0400] {dag.py:4180} INFO - Setting next_dagrun for example_complex to None, run_after=None
[2024-10-13T20:44:36.330-0400] {processor.py:208} INFO - Processing /Users/karenwang/anaconda3/envs/airflow_sqlite_env/lib/python3.9/site-packages/airflow/example_dags/example_complex.py took 0.320 seconds
[2024-10-13T20:51:54.755-0400] {processor.py:186} INFO - Started process (PID=41512) to work on /Users/karenwang/anaconda3/envs/airflow_sqlite_env/lib/python3.9/site-packages/airflow/example_dags/example_complex.py
[2024-10-13T20:51:54.757-0400] {processor.py:914} INFO - Processing file /Users/karenwang/anaconda3/envs/airflow_sqlite_env/lib/python3.9/site-packages/airflow/example_dags/example_complex.py for tasks to queue
[2024-10-13T20:51:54.758-0400] {logging_mixin.py:190} INFO - [2024-10-13T20:51:54.758-0400] {dagbag.py:588} INFO - Filling up the DagBag from /Users/karenwang/anaconda3/envs/airflow_sqlite_env/lib/python3.9/site-packages/airflow/example_dags/example_complex.py
[2024-10-13T20:51:54.775-0400] {processor.py:925} INFO - DAG(s) 'example_complex' retrieved from /Users/karenwang/anaconda3/envs/airflow_sqlite_env/lib/python3.9/site-packages/airflow/example_dags/example_complex.py
[2024-10-13T20:51:54.975-0400] {logging_mixin.py:190} INFO - [2024-10-13T20:51:54.975-0400] {dag.py:3239} INFO - Sync 1 DAGs
[2024-10-13T20:51:54.995-0400] {logging_mixin.py:190} INFO - [2024-10-13T20:51:54.994-0400] {dag.py:4180} INFO - Setting next_dagrun for example_complex to None, run_after=None
[2024-10-13T20:51:55.017-0400] {processor.py:208} INFO - Processing /Users/karenwang/anaconda3/envs/airflow_sqlite_env/lib/python3.9/site-packages/airflow/example_dags/example_complex.py took 0.267 seconds
[2024-10-13T20:59:15.490-0400] {processor.py:186} INFO - Started process (PID=43813) to work on /Users/karenwang/anaconda3/envs/airflow_sqlite_env/lib/python3.9/site-packages/airflow/example_dags/example_complex.py
[2024-10-13T20:59:15.491-0400] {processor.py:914} INFO - Processing file /Users/karenwang/anaconda3/envs/airflow_sqlite_env/lib/python3.9/site-packages/airflow/example_dags/example_complex.py for tasks to queue
[2024-10-13T20:59:15.493-0400] {logging_mixin.py:190} INFO - [2024-10-13T20:59:15.492-0400] {dagbag.py:588} INFO - Filling up the DagBag from /Users/karenwang/anaconda3/envs/airflow_sqlite_env/lib/python3.9/site-packages/airflow/example_dags/example_complex.py
[2024-10-13T20:59:15.509-0400] {processor.py:925} INFO - DAG(s) 'example_complex' retrieved from /Users/karenwang/anaconda3/envs/airflow_sqlite_env/lib/python3.9/site-packages/airflow/example_dags/example_complex.py
[2024-10-13T20:59:15.700-0400] {logging_mixin.py:190} INFO - [2024-10-13T20:59:15.700-0400] {dag.py:3239} INFO - Sync 1 DAGs
[2024-10-13T20:59:15.714-0400] {logging_mixin.py:190} INFO - [2024-10-13T20:59:15.713-0400] {dag.py:4180} INFO - Setting next_dagrun for example_complex to None, run_after=None
[2024-10-13T20:59:15.736-0400] {processor.py:208} INFO - Processing /Users/karenwang/anaconda3/envs/airflow_sqlite_env/lib/python3.9/site-packages/airflow/example_dags/example_complex.py took 0.252 seconds
[2024-10-13T21:06:35.574-0400] {processor.py:186} INFO - Started process (PID=46075) to work on /Users/karenwang/anaconda3/envs/airflow_sqlite_env/lib/python3.9/site-packages/airflow/example_dags/example_complex.py
[2024-10-13T21:06:35.576-0400] {processor.py:914} INFO - Processing file /Users/karenwang/anaconda3/envs/airflow_sqlite_env/lib/python3.9/site-packages/airflow/example_dags/example_complex.py for tasks to queue
[2024-10-13T21:06:35.577-0400] {logging_mixin.py:190} INFO - [2024-10-13T21:06:35.577-0400] {dagbag.py:588} INFO - Filling up the DagBag from /Users/karenwang/anaconda3/envs/airflow_sqlite_env/lib/python3.9/site-packages/airflow/example_dags/example_complex.py
[2024-10-13T21:06:35.601-0400] {processor.py:925} INFO - DAG(s) 'example_complex' retrieved from /Users/karenwang/anaconda3/envs/airflow_sqlite_env/lib/python3.9/site-packages/airflow/example_dags/example_complex.py
[2024-10-13T21:06:35.819-0400] {logging_mixin.py:190} INFO - [2024-10-13T21:06:35.819-0400] {dag.py:3239} INFO - Sync 1 DAGs
[2024-10-13T21:06:35.839-0400] {logging_mixin.py:190} INFO - [2024-10-13T21:06:35.839-0400] {dag.py:4180} INFO - Setting next_dagrun for example_complex to None, run_after=None
[2024-10-13T21:06:35.863-0400] {processor.py:208} INFO - Processing /Users/karenwang/anaconda3/envs/airflow_sqlite_env/lib/python3.9/site-packages/airflow/example_dags/example_complex.py took 0.296 seconds
[2024-10-13T21:12:41.614-0400] {processor.py:186} INFO - Started process (PID=48048) to work on /Users/karenwang/anaconda3/envs/airflow_sqlite_env/lib/python3.9/site-packages/airflow/example_dags/example_complex.py
[2024-10-13T21:12:41.615-0400] {processor.py:914} INFO - Processing file /Users/karenwang/anaconda3/envs/airflow_sqlite_env/lib/python3.9/site-packages/airflow/example_dags/example_complex.py for tasks to queue
[2024-10-13T21:12:41.617-0400] {logging_mixin.py:190} INFO - [2024-10-13T21:12:41.616-0400] {dagbag.py:588} INFO - Filling up the DagBag from /Users/karenwang/anaconda3/envs/airflow_sqlite_env/lib/python3.9/site-packages/airflow/example_dags/example_complex.py
[2024-10-13T21:12:41.640-0400] {processor.py:925} INFO - DAG(s) 'example_complex' retrieved from /Users/karenwang/anaconda3/envs/airflow_sqlite_env/lib/python3.9/site-packages/airflow/example_dags/example_complex.py
[2024-10-13T21:12:41.855-0400] {logging_mixin.py:190} INFO - [2024-10-13T21:12:41.854-0400] {dag.py:3239} INFO - Sync 1 DAGs
[2024-10-13T21:12:41.868-0400] {logging_mixin.py:190} INFO - [2024-10-13T21:12:41.868-0400] {dag.py:4180} INFO - Setting next_dagrun for example_complex to None, run_after=None
[2024-10-13T21:12:41.890-0400] {processor.py:208} INFO - Processing /Users/karenwang/anaconda3/envs/airflow_sqlite_env/lib/python3.9/site-packages/airflow/example_dags/example_complex.py took 0.282 seconds
[2024-10-13T21:20:25.577-0400] {processor.py:186} INFO - Started process (PID=50688) to work on /Users/karenwang/anaconda3/envs/airflow_sqlite_env/lib/python3.9/site-packages/airflow/example_dags/example_complex.py
[2024-10-13T21:20:25.578-0400] {processor.py:914} INFO - Processing file /Users/karenwang/anaconda3/envs/airflow_sqlite_env/lib/python3.9/site-packages/airflow/example_dags/example_complex.py for tasks to queue
[2024-10-13T21:20:25.579-0400] {logging_mixin.py:190} INFO - [2024-10-13T21:20:25.579-0400] {dagbag.py:588} INFO - Filling up the DagBag from /Users/karenwang/anaconda3/envs/airflow_sqlite_env/lib/python3.9/site-packages/airflow/example_dags/example_complex.py
[2024-10-13T21:20:25.601-0400] {processor.py:925} INFO - DAG(s) 'example_complex' retrieved from /Users/karenwang/anaconda3/envs/airflow_sqlite_env/lib/python3.9/site-packages/airflow/example_dags/example_complex.py
[2024-10-13T21:20:25.815-0400] {logging_mixin.py:190} INFO - [2024-10-13T21:20:25.815-0400] {dag.py:3239} INFO - Sync 1 DAGs
[2024-10-13T21:20:25.829-0400] {logging_mixin.py:190} INFO - [2024-10-13T21:20:25.829-0400] {dag.py:4180} INFO - Setting next_dagrun for example_complex to None, run_after=None
[2024-10-13T21:20:25.847-0400] {processor.py:208} INFO - Processing /Users/karenwang/anaconda3/envs/airflow_sqlite_env/lib/python3.9/site-packages/airflow/example_dags/example_complex.py took 0.276 seconds
[2024-10-13T21:27:47.074-0400] {processor.py:186} INFO - Started process (PID=52959) to work on /Users/karenwang/anaconda3/envs/airflow_sqlite_env/lib/python3.9/site-packages/airflow/example_dags/example_complex.py
[2024-10-13T21:27:47.076-0400] {processor.py:914} INFO - Processing file /Users/karenwang/anaconda3/envs/airflow_sqlite_env/lib/python3.9/site-packages/airflow/example_dags/example_complex.py for tasks to queue
[2024-10-13T21:27:47.077-0400] {logging_mixin.py:190} INFO - [2024-10-13T21:27:47.076-0400] {dagbag.py:588} INFO - Filling up the DagBag from /Users/karenwang/anaconda3/envs/airflow_sqlite_env/lib/python3.9/site-packages/airflow/example_dags/example_complex.py
[2024-10-13T21:27:47.092-0400] {processor.py:925} INFO - DAG(s) 'example_complex' retrieved from /Users/karenwang/anaconda3/envs/airflow_sqlite_env/lib/python3.9/site-packages/airflow/example_dags/example_complex.py
[2024-10-13T21:27:47.319-0400] {logging_mixin.py:190} INFO - [2024-10-13T21:27:47.319-0400] {dag.py:3239} INFO - Sync 1 DAGs
[2024-10-13T21:27:47.339-0400] {logging_mixin.py:190} INFO - [2024-10-13T21:27:47.338-0400] {dag.py:4180} INFO - Setting next_dagrun for example_complex to None, run_after=None
[2024-10-13T21:27:47.360-0400] {processor.py:208} INFO - Processing /Users/karenwang/anaconda3/envs/airflow_sqlite_env/lib/python3.9/site-packages/airflow/example_dags/example_complex.py took 0.292 seconds
[2024-10-13T21:35:41.447-0400] {processor.py:186} INFO - Started process (PID=55474) to work on /Users/karenwang/anaconda3/envs/airflow_sqlite_env/lib/python3.9/site-packages/airflow/example_dags/example_complex.py
[2024-10-13T21:35:41.448-0400] {processor.py:914} INFO - Processing file /Users/karenwang/anaconda3/envs/airflow_sqlite_env/lib/python3.9/site-packages/airflow/example_dags/example_complex.py for tasks to queue
[2024-10-13T21:35:41.449-0400] {logging_mixin.py:190} INFO - [2024-10-13T21:35:41.449-0400] {dagbag.py:588} INFO - Filling up the DagBag from /Users/karenwang/anaconda3/envs/airflow_sqlite_env/lib/python3.9/site-packages/airflow/example_dags/example_complex.py
[2024-10-13T21:35:41.471-0400] {processor.py:925} INFO - DAG(s) 'example_complex' retrieved from /Users/karenwang/anaconda3/envs/airflow_sqlite_env/lib/python3.9/site-packages/airflow/example_dags/example_complex.py
[2024-10-13T21:35:41.718-0400] {logging_mixin.py:190} INFO - [2024-10-13T21:35:41.717-0400] {dag.py:3239} INFO - Sync 1 DAGs
[2024-10-13T21:35:41.734-0400] {logging_mixin.py:190} INFO - [2024-10-13T21:35:41.734-0400] {dag.py:4180} INFO - Setting next_dagrun for example_complex to None, run_after=None
[2024-10-13T21:35:41.762-0400] {processor.py:208} INFO - Processing /Users/karenwang/anaconda3/envs/airflow_sqlite_env/lib/python3.9/site-packages/airflow/example_dags/example_complex.py took 0.322 seconds
[2024-10-13T21:40:04.916-0400] {processor.py:186} INFO - Started process (PID=56827) to work on /Users/karenwang/anaconda3/envs/airflow_sqlite_env/lib/python3.9/site-packages/airflow/example_dags/example_complex.py
[2024-10-13T21:40:04.917-0400] {processor.py:914} INFO - Processing file /Users/karenwang/anaconda3/envs/airflow_sqlite_env/lib/python3.9/site-packages/airflow/example_dags/example_complex.py for tasks to queue
[2024-10-13T21:40:04.919-0400] {logging_mixin.py:190} INFO - [2024-10-13T21:40:04.918-0400] {dagbag.py:588} INFO - Filling up the DagBag from /Users/karenwang/anaconda3/envs/airflow_sqlite_env/lib/python3.9/site-packages/airflow/example_dags/example_complex.py
[2024-10-13T21:40:04.938-0400] {processor.py:925} INFO - DAG(s) 'example_complex' retrieved from /Users/karenwang/anaconda3/envs/airflow_sqlite_env/lib/python3.9/site-packages/airflow/example_dags/example_complex.py
[2024-10-13T21:40:05.177-0400] {logging_mixin.py:190} INFO - [2024-10-13T21:40:05.176-0400] {dag.py:3239} INFO - Sync 1 DAGs
[2024-10-13T21:40:05.191-0400] {logging_mixin.py:190} INFO - [2024-10-13T21:40:05.191-0400] {dag.py:4180} INFO - Setting next_dagrun for example_complex to None, run_after=None
[2024-10-13T21:40:05.214-0400] {processor.py:208} INFO - Processing /Users/karenwang/anaconda3/envs/airflow_sqlite_env/lib/python3.9/site-packages/airflow/example_dags/example_complex.py took 0.305 seconds
[2024-10-13T21:47:56.650-0400] {processor.py:186} INFO - Started process (PID=59241) to work on /Users/karenwang/anaconda3/envs/airflow_sqlite_env/lib/python3.9/site-packages/airflow/example_dags/example_complex.py
[2024-10-13T21:47:56.652-0400] {processor.py:914} INFO - Processing file /Users/karenwang/anaconda3/envs/airflow_sqlite_env/lib/python3.9/site-packages/airflow/example_dags/example_complex.py for tasks to queue
[2024-10-13T21:47:56.653-0400] {logging_mixin.py:190} INFO - [2024-10-13T21:47:56.653-0400] {dagbag.py:588} INFO - Filling up the DagBag from /Users/karenwang/anaconda3/envs/airflow_sqlite_env/lib/python3.9/site-packages/airflow/example_dags/example_complex.py
[2024-10-13T21:47:56.672-0400] {processor.py:925} INFO - DAG(s) 'example_complex' retrieved from /Users/karenwang/anaconda3/envs/airflow_sqlite_env/lib/python3.9/site-packages/airflow/example_dags/example_complex.py
[2024-10-13T21:47:56.920-0400] {logging_mixin.py:190} INFO - [2024-10-13T21:47:56.920-0400] {dag.py:3239} INFO - Sync 1 DAGs
[2024-10-13T21:47:56.938-0400] {logging_mixin.py:190} INFO - [2024-10-13T21:47:56.938-0400] {dag.py:4180} INFO - Setting next_dagrun for example_complex to None, run_after=None
[2024-10-13T21:47:56.966-0400] {processor.py:208} INFO - Processing /Users/karenwang/anaconda3/envs/airflow_sqlite_env/lib/python3.9/site-packages/airflow/example_dags/example_complex.py took 0.322 seconds
[2024-10-13T21:55:59.640-0400] {processor.py:186} INFO - Started process (PID=61760) to work on /Users/karenwang/anaconda3/envs/airflow_sqlite_env/lib/python3.9/site-packages/airflow/example_dags/example_complex.py
[2024-10-13T21:55:59.641-0400] {processor.py:914} INFO - Processing file /Users/karenwang/anaconda3/envs/airflow_sqlite_env/lib/python3.9/site-packages/airflow/example_dags/example_complex.py for tasks to queue
[2024-10-13T21:55:59.643-0400] {logging_mixin.py:190} INFO - [2024-10-13T21:55:59.643-0400] {dagbag.py:588} INFO - Filling up the DagBag from /Users/karenwang/anaconda3/envs/airflow_sqlite_env/lib/python3.9/site-packages/airflow/example_dags/example_complex.py
[2024-10-13T21:55:59.666-0400] {processor.py:925} INFO - DAG(s) 'example_complex' retrieved from /Users/karenwang/anaconda3/envs/airflow_sqlite_env/lib/python3.9/site-packages/airflow/example_dags/example_complex.py
[2024-10-13T21:55:59.891-0400] {logging_mixin.py:190} INFO - [2024-10-13T21:55:59.890-0400] {dag.py:3239} INFO - Sync 1 DAGs
[2024-10-13T21:55:59.906-0400] {logging_mixin.py:190} INFO - [2024-10-13T21:55:59.906-0400] {dag.py:4180} INFO - Setting next_dagrun for example_complex to None, run_after=None
[2024-10-13T21:55:59.928-0400] {processor.py:208} INFO - Processing /Users/karenwang/anaconda3/envs/airflow_sqlite_env/lib/python3.9/site-packages/airflow/example_dags/example_complex.py took 0.295 seconds
[2024-10-13T22:03:46.725-0400] {processor.py:186} INFO - Started process (PID=64163) to work on /Users/karenwang/anaconda3/envs/airflow_sqlite_env/lib/python3.9/site-packages/airflow/example_dags/example_complex.py
[2024-10-13T22:03:46.726-0400] {processor.py:914} INFO - Processing file /Users/karenwang/anaconda3/envs/airflow_sqlite_env/lib/python3.9/site-packages/airflow/example_dags/example_complex.py for tasks to queue
[2024-10-13T22:03:46.728-0400] {logging_mixin.py:190} INFO - [2024-10-13T22:03:46.727-0400] {dagbag.py:588} INFO - Filling up the DagBag from /Users/karenwang/anaconda3/envs/airflow_sqlite_env/lib/python3.9/site-packages/airflow/example_dags/example_complex.py
[2024-10-13T22:03:46.747-0400] {processor.py:925} INFO - DAG(s) 'example_complex' retrieved from /Users/karenwang/anaconda3/envs/airflow_sqlite_env/lib/python3.9/site-packages/airflow/example_dags/example_complex.py
[2024-10-13T22:03:46.988-0400] {logging_mixin.py:190} INFO - [2024-10-13T22:03:46.987-0400] {dag.py:3239} INFO - Sync 1 DAGs
[2024-10-13T22:03:47.008-0400] {logging_mixin.py:190} INFO - [2024-10-13T22:03:47.008-0400] {dag.py:4180} INFO - Setting next_dagrun for example_complex to None, run_after=None
[2024-10-13T22:03:47.032-0400] {processor.py:208} INFO - Processing /Users/karenwang/anaconda3/envs/airflow_sqlite_env/lib/python3.9/site-packages/airflow/example_dags/example_complex.py took 0.313 seconds
[2024-10-13T22:11:28.942-0400] {processor.py:186} INFO - Started process (PID=66539) to work on /Users/karenwang/anaconda3/envs/airflow_sqlite_env/lib/python3.9/site-packages/airflow/example_dags/example_complex.py
[2024-10-13T22:11:28.943-0400] {processor.py:914} INFO - Processing file /Users/karenwang/anaconda3/envs/airflow_sqlite_env/lib/python3.9/site-packages/airflow/example_dags/example_complex.py for tasks to queue
[2024-10-13T22:11:28.945-0400] {logging_mixin.py:190} INFO - [2024-10-13T22:11:28.944-0400] {dagbag.py:588} INFO - Filling up the DagBag from /Users/karenwang/anaconda3/envs/airflow_sqlite_env/lib/python3.9/site-packages/airflow/example_dags/example_complex.py
[2024-10-13T22:11:28.962-0400] {processor.py:925} INFO - DAG(s) 'example_complex' retrieved from /Users/karenwang/anaconda3/envs/airflow_sqlite_env/lib/python3.9/site-packages/airflow/example_dags/example_complex.py
[2024-10-13T22:11:29.196-0400] {logging_mixin.py:190} INFO - [2024-10-13T22:11:29.195-0400] {dag.py:3239} INFO - Sync 1 DAGs
[2024-10-13T22:11:29.215-0400] {logging_mixin.py:190} INFO - [2024-10-13T22:11:29.214-0400] {dag.py:4180} INFO - Setting next_dagrun for example_complex to None, run_after=None
[2024-10-13T22:11:29.239-0400] {processor.py:208} INFO - Processing /Users/karenwang/anaconda3/envs/airflow_sqlite_env/lib/python3.9/site-packages/airflow/example_dags/example_complex.py took 0.303 seconds
[2024-10-13T22:19:25.173-0400] {processor.py:186} INFO - Started process (PID=68977) to work on /Users/karenwang/anaconda3/envs/airflow_sqlite_env/lib/python3.9/site-packages/airflow/example_dags/example_complex.py
[2024-10-13T22:19:25.175-0400] {processor.py:914} INFO - Processing file /Users/karenwang/anaconda3/envs/airflow_sqlite_env/lib/python3.9/site-packages/airflow/example_dags/example_complex.py for tasks to queue
[2024-10-13T22:19:25.177-0400] {logging_mixin.py:190} INFO - [2024-10-13T22:19:25.177-0400] {dagbag.py:588} INFO - Filling up the DagBag from /Users/karenwang/anaconda3/envs/airflow_sqlite_env/lib/python3.9/site-packages/airflow/example_dags/example_complex.py
[2024-10-13T22:19:25.201-0400] {processor.py:925} INFO - DAG(s) 'example_complex' retrieved from /Users/karenwang/anaconda3/envs/airflow_sqlite_env/lib/python3.9/site-packages/airflow/example_dags/example_complex.py
[2024-10-13T22:19:25.449-0400] {logging_mixin.py:190} INFO - [2024-10-13T22:19:25.448-0400] {dag.py:3239} INFO - Sync 1 DAGs
[2024-10-13T22:19:25.464-0400] {logging_mixin.py:190} INFO - [2024-10-13T22:19:25.463-0400] {dag.py:4180} INFO - Setting next_dagrun for example_complex to None, run_after=None
[2024-10-13T22:19:25.486-0400] {processor.py:208} INFO - Processing /Users/karenwang/anaconda3/envs/airflow_sqlite_env/lib/python3.9/site-packages/airflow/example_dags/example_complex.py took 0.320 seconds
[2024-10-13T22:27:45.001-0400] {processor.py:186} INFO - Started process (PID=71639) to work on /Users/karenwang/anaconda3/envs/airflow_sqlite_env/lib/python3.9/site-packages/airflow/example_dags/example_complex.py
[2024-10-13T22:27:45.002-0400] {processor.py:914} INFO - Processing file /Users/karenwang/anaconda3/envs/airflow_sqlite_env/lib/python3.9/site-packages/airflow/example_dags/example_complex.py for tasks to queue
[2024-10-13T22:27:45.004-0400] {logging_mixin.py:190} INFO - [2024-10-13T22:27:45.004-0400] {dagbag.py:588} INFO - Filling up the DagBag from /Users/karenwang/anaconda3/envs/airflow_sqlite_env/lib/python3.9/site-packages/airflow/example_dags/example_complex.py
[2024-10-13T22:27:45.029-0400] {processor.py:925} INFO - DAG(s) 'example_complex' retrieved from /Users/karenwang/anaconda3/envs/airflow_sqlite_env/lib/python3.9/site-packages/airflow/example_dags/example_complex.py
[2024-10-13T22:27:45.289-0400] {logging_mixin.py:190} INFO - [2024-10-13T22:27:45.288-0400] {dag.py:3239} INFO - Sync 1 DAGs
[2024-10-13T22:27:45.304-0400] {logging_mixin.py:190} INFO - [2024-10-13T22:27:45.304-0400] {dag.py:4180} INFO - Setting next_dagrun for example_complex to None, run_after=None
[2024-10-13T22:27:45.329-0400] {processor.py:208} INFO - Processing /Users/karenwang/anaconda3/envs/airflow_sqlite_env/lib/python3.9/site-packages/airflow/example_dags/example_complex.py took 0.334 seconds
[2024-10-13T22:37:36.597-0400] {processor.py:186} INFO - Started process (PID=74966) to work on /Users/karenwang/anaconda3/envs/airflow_sqlite_env/lib/python3.9/site-packages/airflow/example_dags/example_complex.py
[2024-10-13T22:37:36.599-0400] {processor.py:914} INFO - Processing file /Users/karenwang/anaconda3/envs/airflow_sqlite_env/lib/python3.9/site-packages/airflow/example_dags/example_complex.py for tasks to queue
[2024-10-13T22:37:36.600-0400] {logging_mixin.py:190} INFO - [2024-10-13T22:37:36.600-0400] {dagbag.py:588} INFO - Filling up the DagBag from /Users/karenwang/anaconda3/envs/airflow_sqlite_env/lib/python3.9/site-packages/airflow/example_dags/example_complex.py
[2024-10-13T22:37:36.623-0400] {processor.py:925} INFO - DAG(s) 'example_complex' retrieved from /Users/karenwang/anaconda3/envs/airflow_sqlite_env/lib/python3.9/site-packages/airflow/example_dags/example_complex.py
[2024-10-13T22:37:36.869-0400] {logging_mixin.py:190} INFO - [2024-10-13T22:37:36.868-0400] {dag.py:3239} INFO - Sync 1 DAGs
[2024-10-13T22:37:36.888-0400] {logging_mixin.py:190} INFO - [2024-10-13T22:37:36.888-0400] {dag.py:4180} INFO - Setting next_dagrun for example_complex to None, run_after=None
[2024-10-13T22:37:36.912-0400] {processor.py:208} INFO - Processing /Users/karenwang/anaconda3/envs/airflow_sqlite_env/lib/python3.9/site-packages/airflow/example_dags/example_complex.py took 0.321 seconds
