[2024-10-13T20:01:56.801-0400] {processor.py:186} INFO - Started process (PID=25706) to work on /Users/karenwang/anaconda3/envs/airflow_sqlite_env/lib/python3.9/site-packages/airflow/example_dags/example_sensor_decorator.py
[2024-10-13T20:01:56.802-0400] {processor.py:914} INFO - Processing file /Users/karenwang/anaconda3/envs/airflow_sqlite_env/lib/python3.9/site-packages/airflow/example_dags/example_sensor_decorator.py for tasks to queue
[2024-10-13T20:01:56.804-0400] {logging_mixin.py:190} INFO - [2024-10-13T20:01:56.803-0400] {dagbag.py:588} INFO - Filling up the DagBag from /Users/karenwang/anaconda3/envs/airflow_sqlite_env/lib/python3.9/site-packages/airflow/example_dags/example_sensor_decorator.py
[2024-10-13T20:01:56.900-0400] {processor.py:925} INFO - DAG(s) 'example_sensor_decorator' retrieved from /Users/karenwang/anaconda3/envs/airflow_sqlite_env/lib/python3.9/site-packages/airflow/example_dags/example_sensor_decorator.py
[2024-10-13T20:02:00.921-0400] {logging_mixin.py:190} INFO - [2024-10-13T20:02:00.921-0400] {utils.py:148} INFO - Note: NumExpr detected 16 cores but "NUMEXPR_MAX_THREADS" not set, so enforcing safe limit of 8.
[2024-10-13T20:02:00.922-0400] {logging_mixin.py:190} INFO - [2024-10-13T20:02:00.921-0400] {utils.py:160} INFO - NumExpr defaulting to 8 threads.
[2024-10-13T20:02:01.347-0400] {logging_mixin.py:190} INFO - [2024-10-13T20:02:01.346-0400] {dag.py:3239} INFO - Sync 1 DAGs
[2024-10-13T20:02:01.360-0400] {logging_mixin.py:190} INFO - [2024-10-13T20:02:01.360-0400] {dag.py:4180} INFO - Setting next_dagrun for example_sensor_decorator to None, run_after=None
[2024-10-13T20:02:01.384-0400] {processor.py:208} INFO - Processing /Users/karenwang/anaconda3/envs/airflow_sqlite_env/lib/python3.9/site-packages/airflow/example_dags/example_sensor_decorator.py took 4.589 seconds
[2024-10-13T20:06:07.778-0400] {processor.py:186} INFO - Started process (PID=27007) to work on /Users/karenwang/anaconda3/envs/airflow_sqlite_env/lib/python3.9/site-packages/airflow/example_dags/example_sensor_decorator.py
[2024-10-13T20:06:07.779-0400] {processor.py:914} INFO - Processing file /Users/karenwang/anaconda3/envs/airflow_sqlite_env/lib/python3.9/site-packages/airflow/example_dags/example_sensor_decorator.py for tasks to queue
[2024-10-13T20:06:07.781-0400] {logging_mixin.py:190} INFO - [2024-10-13T20:06:07.780-0400] {dagbag.py:588} INFO - Filling up the DagBag from /Users/karenwang/anaconda3/envs/airflow_sqlite_env/lib/python3.9/site-packages/airflow/example_dags/example_sensor_decorator.py
[2024-10-13T20:06:07.885-0400] {processor.py:925} INFO - DAG(s) 'example_sensor_decorator' retrieved from /Users/karenwang/anaconda3/envs/airflow_sqlite_env/lib/python3.9/site-packages/airflow/example_dags/example_sensor_decorator.py
[2024-10-13T20:06:11.887-0400] {logging_mixin.py:190} INFO - [2024-10-13T20:06:11.887-0400] {utils.py:148} INFO - Note: NumExpr detected 16 cores but "NUMEXPR_MAX_THREADS" not set, so enforcing safe limit of 8.
[2024-10-13T20:06:11.888-0400] {logging_mixin.py:190} INFO - [2024-10-13T20:06:11.887-0400] {utils.py:160} INFO - NumExpr defaulting to 8 threads.
[2024-10-13T20:06:12.346-0400] {logging_mixin.py:190} INFO - [2024-10-13T20:06:12.345-0400] {dag.py:3239} INFO - Sync 1 DAGs
[2024-10-13T20:06:12.359-0400] {logging_mixin.py:190} INFO - [2024-10-13T20:06:12.359-0400] {dag.py:4180} INFO - Setting next_dagrun for example_sensor_decorator to None, run_after=None
[2024-10-13T20:06:12.382-0400] {processor.py:208} INFO - Processing /Users/karenwang/anaconda3/envs/airflow_sqlite_env/lib/python3.9/site-packages/airflow/example_dags/example_sensor_decorator.py took 4.611 seconds
[2024-10-13T20:10:08.692-0400] {processor.py:186} INFO - Started process (PID=28246) to work on /Users/karenwang/anaconda3/envs/airflow_sqlite_env/lib/python3.9/site-packages/airflow/example_dags/example_sensor_decorator.py
[2024-10-13T20:10:08.694-0400] {processor.py:914} INFO - Processing file /Users/karenwang/anaconda3/envs/airflow_sqlite_env/lib/python3.9/site-packages/airflow/example_dags/example_sensor_decorator.py for tasks to queue
[2024-10-13T20:10:08.695-0400] {logging_mixin.py:190} INFO - [2024-10-13T20:10:08.695-0400] {dagbag.py:588} INFO - Filling up the DagBag from /Users/karenwang/anaconda3/envs/airflow_sqlite_env/lib/python3.9/site-packages/airflow/example_dags/example_sensor_decorator.py
[2024-10-13T20:10:08.798-0400] {processor.py:925} INFO - DAG(s) 'example_sensor_decorator' retrieved from /Users/karenwang/anaconda3/envs/airflow_sqlite_env/lib/python3.9/site-packages/airflow/example_dags/example_sensor_decorator.py
[2024-10-13T20:10:12.851-0400] {logging_mixin.py:190} INFO - [2024-10-13T20:10:12.851-0400] {utils.py:148} INFO - Note: NumExpr detected 16 cores but "NUMEXPR_MAX_THREADS" not set, so enforcing safe limit of 8.
[2024-10-13T20:10:12.852-0400] {logging_mixin.py:190} INFO - [2024-10-13T20:10:12.852-0400] {utils.py:160} INFO - NumExpr defaulting to 8 threads.
[2024-10-13T20:10:13.328-0400] {logging_mixin.py:190} INFO - [2024-10-13T20:10:13.327-0400] {dag.py:3239} INFO - Sync 1 DAGs
[2024-10-13T20:10:13.349-0400] {logging_mixin.py:190} INFO - [2024-10-13T20:10:13.348-0400] {dag.py:4180} INFO - Setting next_dagrun for example_sensor_decorator to None, run_after=None
[2024-10-13T20:10:13.378-0400] {processor.py:208} INFO - Processing /Users/karenwang/anaconda3/envs/airflow_sqlite_env/lib/python3.9/site-packages/airflow/example_dags/example_sensor_decorator.py took 4.691 seconds
[2024-10-13T20:14:07.301-0400] {processor.py:186} INFO - Started process (PID=29463) to work on /Users/karenwang/anaconda3/envs/airflow_sqlite_env/lib/python3.9/site-packages/airflow/example_dags/example_sensor_decorator.py
[2024-10-13T20:14:07.303-0400] {processor.py:914} INFO - Processing file /Users/karenwang/anaconda3/envs/airflow_sqlite_env/lib/python3.9/site-packages/airflow/example_dags/example_sensor_decorator.py for tasks to queue
[2024-10-13T20:14:07.304-0400] {logging_mixin.py:190} INFO - [2024-10-13T20:14:07.304-0400] {dagbag.py:588} INFO - Filling up the DagBag from /Users/karenwang/anaconda3/envs/airflow_sqlite_env/lib/python3.9/site-packages/airflow/example_dags/example_sensor_decorator.py
[2024-10-13T20:14:07.395-0400] {processor.py:925} INFO - DAG(s) 'example_sensor_decorator' retrieved from /Users/karenwang/anaconda3/envs/airflow_sqlite_env/lib/python3.9/site-packages/airflow/example_dags/example_sensor_decorator.py
[2024-10-13T20:14:11.558-0400] {logging_mixin.py:190} INFO - [2024-10-13T20:14:11.558-0400] {utils.py:148} INFO - Note: NumExpr detected 16 cores but "NUMEXPR_MAX_THREADS" not set, so enforcing safe limit of 8.
[2024-10-13T20:14:11.566-0400] {logging_mixin.py:190} INFO - [2024-10-13T20:14:11.566-0400] {utils.py:160} INFO - NumExpr defaulting to 8 threads.
[2024-10-13T20:14:11.999-0400] {logging_mixin.py:190} INFO - [2024-10-13T20:14:11.998-0400] {dag.py:3239} INFO - Sync 1 DAGs
[2024-10-13T20:14:12.015-0400] {logging_mixin.py:190} INFO - [2024-10-13T20:14:12.015-0400] {dag.py:4180} INFO - Setting next_dagrun for example_sensor_decorator to None, run_after=None
[2024-10-13T20:14:12.041-0400] {processor.py:208} INFO - Processing /Users/karenwang/anaconda3/envs/airflow_sqlite_env/lib/python3.9/site-packages/airflow/example_dags/example_sensor_decorator.py took 4.746 seconds
[2024-10-13T20:18:15.840-0400] {processor.py:186} INFO - Started process (PID=30727) to work on /Users/karenwang/anaconda3/envs/airflow_sqlite_env/lib/python3.9/site-packages/airflow/example_dags/example_sensor_decorator.py
[2024-10-13T20:18:15.841-0400] {processor.py:914} INFO - Processing file /Users/karenwang/anaconda3/envs/airflow_sqlite_env/lib/python3.9/site-packages/airflow/example_dags/example_sensor_decorator.py for tasks to queue
[2024-10-13T20:18:15.843-0400] {logging_mixin.py:190} INFO - [2024-10-13T20:18:15.842-0400] {dagbag.py:588} INFO - Filling up the DagBag from /Users/karenwang/anaconda3/envs/airflow_sqlite_env/lib/python3.9/site-packages/airflow/example_dags/example_sensor_decorator.py
[2024-10-13T20:18:15.953-0400] {processor.py:925} INFO - DAG(s) 'example_sensor_decorator' retrieved from /Users/karenwang/anaconda3/envs/airflow_sqlite_env/lib/python3.9/site-packages/airflow/example_dags/example_sensor_decorator.py
[2024-10-13T20:18:20.006-0400] {logging_mixin.py:190} INFO - [2024-10-13T20:18:20.005-0400] {utils.py:148} INFO - Note: NumExpr detected 16 cores but "NUMEXPR_MAX_THREADS" not set, so enforcing safe limit of 8.
[2024-10-13T20:18:20.006-0400] {logging_mixin.py:190} INFO - [2024-10-13T20:18:20.006-0400] {utils.py:160} INFO - NumExpr defaulting to 8 threads.
[2024-10-13T20:18:20.382-0400] {logging_mixin.py:190} INFO - [2024-10-13T20:18:20.381-0400] {dag.py:3239} INFO - Sync 1 DAGs
[2024-10-13T20:18:20.397-0400] {logging_mixin.py:190} INFO - [2024-10-13T20:18:20.396-0400] {dag.py:4180} INFO - Setting next_dagrun for example_sensor_decorator to None, run_after=None
[2024-10-13T20:18:20.420-0400] {processor.py:208} INFO - Processing /Users/karenwang/anaconda3/envs/airflow_sqlite_env/lib/python3.9/site-packages/airflow/example_dags/example_sensor_decorator.py took 4.586 seconds
[2024-10-13T20:22:40.797-0400] {processor.py:186} INFO - Started process (PID=32206) to work on /Users/karenwang/anaconda3/envs/airflow_sqlite_env/lib/python3.9/site-packages/airflow/example_dags/example_sensor_decorator.py
[2024-10-13T20:22:40.798-0400] {processor.py:914} INFO - Processing file /Users/karenwang/anaconda3/envs/airflow_sqlite_env/lib/python3.9/site-packages/airflow/example_dags/example_sensor_decorator.py for tasks to queue
[2024-10-13T20:22:40.800-0400] {logging_mixin.py:190} INFO - [2024-10-13T20:22:40.799-0400] {dagbag.py:588} INFO - Filling up the DagBag from /Users/karenwang/anaconda3/envs/airflow_sqlite_env/lib/python3.9/site-packages/airflow/example_dags/example_sensor_decorator.py
[2024-10-13T20:22:40.919-0400] {processor.py:925} INFO - DAG(s) 'example_sensor_decorator' retrieved from /Users/karenwang/anaconda3/envs/airflow_sqlite_env/lib/python3.9/site-packages/airflow/example_dags/example_sensor_decorator.py
[2024-10-13T20:22:44.989-0400] {logging_mixin.py:190} INFO - [2024-10-13T20:22:44.988-0400] {utils.py:148} INFO - Note: NumExpr detected 16 cores but "NUMEXPR_MAX_THREADS" not set, so enforcing safe limit of 8.
[2024-10-13T20:22:44.989-0400] {logging_mixin.py:190} INFO - [2024-10-13T20:22:44.989-0400] {utils.py:160} INFO - NumExpr defaulting to 8 threads.
[2024-10-13T20:22:45.402-0400] {logging_mixin.py:190} INFO - [2024-10-13T20:22:45.401-0400] {dag.py:3239} INFO - Sync 1 DAGs
[2024-10-13T20:22:45.415-0400] {logging_mixin.py:190} INFO - [2024-10-13T20:22:45.414-0400] {dag.py:4180} INFO - Setting next_dagrun for example_sensor_decorator to None, run_after=None
[2024-10-13T20:22:45.435-0400] {processor.py:208} INFO - Processing /Users/karenwang/anaconda3/envs/airflow_sqlite_env/lib/python3.9/site-packages/airflow/example_dags/example_sensor_decorator.py took 4.644 seconds
[2024-10-13T20:28:19.853-0400] {processor.py:186} INFO - Started process (PID=34080) to work on /Users/karenwang/anaconda3/envs/airflow_sqlite_env/lib/python3.9/site-packages/airflow/example_dags/example_sensor_decorator.py
[2024-10-13T20:28:19.855-0400] {processor.py:914} INFO - Processing file /Users/karenwang/anaconda3/envs/airflow_sqlite_env/lib/python3.9/site-packages/airflow/example_dags/example_sensor_decorator.py for tasks to queue
[2024-10-13T20:28:19.856-0400] {logging_mixin.py:190} INFO - [2024-10-13T20:28:19.856-0400] {dagbag.py:588} INFO - Filling up the DagBag from /Users/karenwang/anaconda3/envs/airflow_sqlite_env/lib/python3.9/site-packages/airflow/example_dags/example_sensor_decorator.py
[2024-10-13T20:28:19.958-0400] {processor.py:925} INFO - DAG(s) 'example_sensor_decorator' retrieved from /Users/karenwang/anaconda3/envs/airflow_sqlite_env/lib/python3.9/site-packages/airflow/example_dags/example_sensor_decorator.py
[2024-10-13T20:28:23.907-0400] {logging_mixin.py:190} INFO - [2024-10-13T20:28:23.906-0400] {utils.py:148} INFO - Note: NumExpr detected 16 cores but "NUMEXPR_MAX_THREADS" not set, so enforcing safe limit of 8.
[2024-10-13T20:28:23.907-0400] {logging_mixin.py:190} INFO - [2024-10-13T20:28:23.907-0400] {utils.py:160} INFO - NumExpr defaulting to 8 threads.
[2024-10-13T20:28:24.361-0400] {logging_mixin.py:190} INFO - [2024-10-13T20:28:24.361-0400] {dag.py:3239} INFO - Sync 1 DAGs
[2024-10-13T20:28:24.375-0400] {logging_mixin.py:190} INFO - [2024-10-13T20:28:24.374-0400] {dag.py:4180} INFO - Setting next_dagrun for example_sensor_decorator to None, run_after=None
[2024-10-13T20:28:24.397-0400] {processor.py:208} INFO - Processing /Users/karenwang/anaconda3/envs/airflow_sqlite_env/lib/python3.9/site-packages/airflow/example_dags/example_sensor_decorator.py took 4.550 seconds
[2024-10-13T20:32:48.300-0400] {processor.py:186} INFO - Started process (PID=35564) to work on /Users/karenwang/anaconda3/envs/airflow_sqlite_env/lib/python3.9/site-packages/airflow/example_dags/example_sensor_decorator.py
[2024-10-13T20:32:48.302-0400] {processor.py:914} INFO - Processing file /Users/karenwang/anaconda3/envs/airflow_sqlite_env/lib/python3.9/site-packages/airflow/example_dags/example_sensor_decorator.py for tasks to queue
[2024-10-13T20:32:48.303-0400] {logging_mixin.py:190} INFO - [2024-10-13T20:32:48.303-0400] {dagbag.py:588} INFO - Filling up the DagBag from /Users/karenwang/anaconda3/envs/airflow_sqlite_env/lib/python3.9/site-packages/airflow/example_dags/example_sensor_decorator.py
[2024-10-13T20:32:48.400-0400] {processor.py:925} INFO - DAG(s) 'example_sensor_decorator' retrieved from /Users/karenwang/anaconda3/envs/airflow_sqlite_env/lib/python3.9/site-packages/airflow/example_dags/example_sensor_decorator.py
[2024-10-13T20:32:52.100-0400] {logging_mixin.py:190} INFO - [2024-10-13T20:32:52.100-0400] {utils.py:148} INFO - Note: NumExpr detected 16 cores but "NUMEXPR_MAX_THREADS" not set, so enforcing safe limit of 8.
[2024-10-13T20:32:52.100-0400] {logging_mixin.py:190} INFO - [2024-10-13T20:32:52.100-0400] {utils.py:160} INFO - NumExpr defaulting to 8 threads.
[2024-10-13T20:32:52.456-0400] {logging_mixin.py:190} INFO - [2024-10-13T20:32:52.455-0400] {dag.py:3239} INFO - Sync 1 DAGs
[2024-10-13T20:32:52.468-0400] {logging_mixin.py:190} INFO - [2024-10-13T20:32:52.468-0400] {dag.py:4180} INFO - Setting next_dagrun for example_sensor_decorator to None, run_after=None
[2024-10-13T20:32:52.487-0400] {processor.py:208} INFO - Processing /Users/karenwang/anaconda3/envs/airflow_sqlite_env/lib/python3.9/site-packages/airflow/example_dags/example_sensor_decorator.py took 4.192 seconds
[2024-10-13T20:36:29.202-0400] {processor.py:186} INFO - Started process (PID=36734) to work on /Users/karenwang/anaconda3/envs/airflow_sqlite_env/lib/python3.9/site-packages/airflow/example_dags/example_sensor_decorator.py
[2024-10-13T20:36:29.204-0400] {processor.py:914} INFO - Processing file /Users/karenwang/anaconda3/envs/airflow_sqlite_env/lib/python3.9/site-packages/airflow/example_dags/example_sensor_decorator.py for tasks to queue
[2024-10-13T20:36:29.205-0400] {logging_mixin.py:190} INFO - [2024-10-13T20:36:29.205-0400] {dagbag.py:588} INFO - Filling up the DagBag from /Users/karenwang/anaconda3/envs/airflow_sqlite_env/lib/python3.9/site-packages/airflow/example_dags/example_sensor_decorator.py
[2024-10-13T20:36:29.305-0400] {processor.py:925} INFO - DAG(s) 'example_sensor_decorator' retrieved from /Users/karenwang/anaconda3/envs/airflow_sqlite_env/lib/python3.9/site-packages/airflow/example_dags/example_sensor_decorator.py
[2024-10-13T20:36:32.948-0400] {logging_mixin.py:190} INFO - [2024-10-13T20:36:32.948-0400] {utils.py:148} INFO - Note: NumExpr detected 16 cores but "NUMEXPR_MAX_THREADS" not set, so enforcing safe limit of 8.
[2024-10-13T20:36:32.948-0400] {logging_mixin.py:190} INFO - [2024-10-13T20:36:32.948-0400] {utils.py:160} INFO - NumExpr defaulting to 8 threads.
[2024-10-13T20:36:33.313-0400] {logging_mixin.py:190} INFO - [2024-10-13T20:36:33.313-0400] {dag.py:3239} INFO - Sync 1 DAGs
[2024-10-13T20:36:33.327-0400] {logging_mixin.py:190} INFO - [2024-10-13T20:36:33.327-0400] {dag.py:4180} INFO - Setting next_dagrun for example_sensor_decorator to None, run_after=None
[2024-10-13T20:36:33.350-0400] {processor.py:208} INFO - Processing /Users/karenwang/anaconda3/envs/airflow_sqlite_env/lib/python3.9/site-packages/airflow/example_dags/example_sensor_decorator.py took 4.154 seconds
[2024-10-13T20:40:08.263-0400] {processor.py:186} INFO - Started process (PID=37853) to work on /Users/karenwang/anaconda3/envs/airflow_sqlite_env/lib/python3.9/site-packages/airflow/example_dags/example_sensor_decorator.py
[2024-10-13T20:40:08.265-0400] {processor.py:914} INFO - Processing file /Users/karenwang/anaconda3/envs/airflow_sqlite_env/lib/python3.9/site-packages/airflow/example_dags/example_sensor_decorator.py for tasks to queue
[2024-10-13T20:40:08.266-0400] {logging_mixin.py:190} INFO - [2024-10-13T20:40:08.266-0400] {dagbag.py:588} INFO - Filling up the DagBag from /Users/karenwang/anaconda3/envs/airflow_sqlite_env/lib/python3.9/site-packages/airflow/example_dags/example_sensor_decorator.py
[2024-10-13T20:40:08.352-0400] {processor.py:925} INFO - DAG(s) 'example_sensor_decorator' retrieved from /Users/karenwang/anaconda3/envs/airflow_sqlite_env/lib/python3.9/site-packages/airflow/example_dags/example_sensor_decorator.py
[2024-10-13T20:40:12.044-0400] {logging_mixin.py:190} INFO - [2024-10-13T20:40:12.043-0400] {utils.py:148} INFO - Note: NumExpr detected 16 cores but "NUMEXPR_MAX_THREADS" not set, so enforcing safe limit of 8.
[2024-10-13T20:40:12.044-0400] {logging_mixin.py:190} INFO - [2024-10-13T20:40:12.044-0400] {utils.py:160} INFO - NumExpr defaulting to 8 threads.
[2024-10-13T20:40:12.427-0400] {logging_mixin.py:190} INFO - [2024-10-13T20:40:12.426-0400] {dag.py:3239} INFO - Sync 1 DAGs
[2024-10-13T20:40:12.442-0400] {logging_mixin.py:190} INFO - [2024-10-13T20:40:12.442-0400] {dag.py:4180} INFO - Setting next_dagrun for example_sensor_decorator to None, run_after=None
[2024-10-13T20:40:12.464-0400] {processor.py:208} INFO - Processing /Users/karenwang/anaconda3/envs/airflow_sqlite_env/lib/python3.9/site-packages/airflow/example_dags/example_sensor_decorator.py took 4.206 seconds
[2024-10-13T20:43:48.917-0400] {processor.py:186} INFO - Started process (PID=38992) to work on /Users/karenwang/anaconda3/envs/airflow_sqlite_env/lib/python3.9/site-packages/airflow/example_dags/example_sensor_decorator.py
[2024-10-13T20:43:48.919-0400] {processor.py:914} INFO - Processing file /Users/karenwang/anaconda3/envs/airflow_sqlite_env/lib/python3.9/site-packages/airflow/example_dags/example_sensor_decorator.py for tasks to queue
[2024-10-13T20:43:48.920-0400] {logging_mixin.py:190} INFO - [2024-10-13T20:43:48.920-0400] {dagbag.py:588} INFO - Filling up the DagBag from /Users/karenwang/anaconda3/envs/airflow_sqlite_env/lib/python3.9/site-packages/airflow/example_dags/example_sensor_decorator.py
[2024-10-13T20:43:49.010-0400] {processor.py:925} INFO - DAG(s) 'example_sensor_decorator' retrieved from /Users/karenwang/anaconda3/envs/airflow_sqlite_env/lib/python3.9/site-packages/airflow/example_dags/example_sensor_decorator.py
[2024-10-13T20:43:52.638-0400] {logging_mixin.py:190} INFO - [2024-10-13T20:43:52.638-0400] {utils.py:148} INFO - Note: NumExpr detected 16 cores but "NUMEXPR_MAX_THREADS" not set, so enforcing safe limit of 8.
[2024-10-13T20:43:52.639-0400] {logging_mixin.py:190} INFO - [2024-10-13T20:43:52.638-0400] {utils.py:160} INFO - NumExpr defaulting to 8 threads.
[2024-10-13T20:43:53.004-0400] {logging_mixin.py:190} INFO - [2024-10-13T20:43:53.004-0400] {dag.py:3239} INFO - Sync 1 DAGs
[2024-10-13T20:43:53.022-0400] {logging_mixin.py:190} INFO - [2024-10-13T20:43:53.022-0400] {dag.py:4180} INFO - Setting next_dagrun for example_sensor_decorator to None, run_after=None
[2024-10-13T20:43:53.045-0400] {processor.py:208} INFO - Processing /Users/karenwang/anaconda3/envs/airflow_sqlite_env/lib/python3.9/site-packages/airflow/example_dags/example_sensor_decorator.py took 4.134 seconds
[2024-10-13T20:47:27.984-0400] {processor.py:186} INFO - Started process (PID=40142) to work on /Users/karenwang/anaconda3/envs/airflow_sqlite_env/lib/python3.9/site-packages/airflow/example_dags/example_sensor_decorator.py
[2024-10-13T20:47:27.985-0400] {processor.py:914} INFO - Processing file /Users/karenwang/anaconda3/envs/airflow_sqlite_env/lib/python3.9/site-packages/airflow/example_dags/example_sensor_decorator.py for tasks to queue
[2024-10-13T20:47:27.986-0400] {logging_mixin.py:190} INFO - [2024-10-13T20:47:27.986-0400] {dagbag.py:588} INFO - Filling up the DagBag from /Users/karenwang/anaconda3/envs/airflow_sqlite_env/lib/python3.9/site-packages/airflow/example_dags/example_sensor_decorator.py
[2024-10-13T20:47:28.069-0400] {processor.py:925} INFO - DAG(s) 'example_sensor_decorator' retrieved from /Users/karenwang/anaconda3/envs/airflow_sqlite_env/lib/python3.9/site-packages/airflow/example_dags/example_sensor_decorator.py
[2024-10-13T20:47:31.596-0400] {logging_mixin.py:190} INFO - [2024-10-13T20:47:31.596-0400] {utils.py:148} INFO - Note: NumExpr detected 16 cores but "NUMEXPR_MAX_THREADS" not set, so enforcing safe limit of 8.
[2024-10-13T20:47:31.596-0400] {logging_mixin.py:190} INFO - [2024-10-13T20:47:31.596-0400] {utils.py:160} INFO - NumExpr defaulting to 8 threads.
[2024-10-13T20:47:31.977-0400] {logging_mixin.py:190} INFO - [2024-10-13T20:47:31.976-0400] {dag.py:3239} INFO - Sync 1 DAGs
[2024-10-13T20:47:31.989-0400] {logging_mixin.py:190} INFO - [2024-10-13T20:47:31.989-0400] {dag.py:4180} INFO - Setting next_dagrun for example_sensor_decorator to None, run_after=None
[2024-10-13T20:47:32.010-0400] {processor.py:208} INFO - Processing /Users/karenwang/anaconda3/envs/airflow_sqlite_env/lib/python3.9/site-packages/airflow/example_dags/example_sensor_decorator.py took 4.033 seconds
[2024-10-13T20:51:06.748-0400] {processor.py:186} INFO - Started process (PID=41265) to work on /Users/karenwang/anaconda3/envs/airflow_sqlite_env/lib/python3.9/site-packages/airflow/example_dags/example_sensor_decorator.py
[2024-10-13T20:51:06.749-0400] {processor.py:914} INFO - Processing file /Users/karenwang/anaconda3/envs/airflow_sqlite_env/lib/python3.9/site-packages/airflow/example_dags/example_sensor_decorator.py for tasks to queue
[2024-10-13T20:51:06.751-0400] {logging_mixin.py:190} INFO - [2024-10-13T20:51:06.751-0400] {dagbag.py:588} INFO - Filling up the DagBag from /Users/karenwang/anaconda3/envs/airflow_sqlite_env/lib/python3.9/site-packages/airflow/example_dags/example_sensor_decorator.py
[2024-10-13T20:51:06.842-0400] {processor.py:925} INFO - DAG(s) 'example_sensor_decorator' retrieved from /Users/karenwang/anaconda3/envs/airflow_sqlite_env/lib/python3.9/site-packages/airflow/example_dags/example_sensor_decorator.py
[2024-10-13T20:51:10.554-0400] {logging_mixin.py:190} INFO - [2024-10-13T20:51:10.554-0400] {utils.py:148} INFO - Note: NumExpr detected 16 cores but "NUMEXPR_MAX_THREADS" not set, so enforcing safe limit of 8.
[2024-10-13T20:51:10.555-0400] {logging_mixin.py:190} INFO - [2024-10-13T20:51:10.554-0400] {utils.py:160} INFO - NumExpr defaulting to 8 threads.
[2024-10-13T20:51:10.928-0400] {logging_mixin.py:190} INFO - [2024-10-13T20:51:10.927-0400] {dag.py:3239} INFO - Sync 1 DAGs
[2024-10-13T20:51:10.945-0400] {logging_mixin.py:190} INFO - [2024-10-13T20:51:10.944-0400] {dag.py:4180} INFO - Setting next_dagrun for example_sensor_decorator to None, run_after=None
[2024-10-13T20:51:10.965-0400] {processor.py:208} INFO - Processing /Users/karenwang/anaconda3/envs/airflow_sqlite_env/lib/python3.9/site-packages/airflow/example_dags/example_sensor_decorator.py took 4.222 seconds
[2024-10-13T20:54:45.757-0400] {processor.py:186} INFO - Started process (PID=42401) to work on /Users/karenwang/anaconda3/envs/airflow_sqlite_env/lib/python3.9/site-packages/airflow/example_dags/example_sensor_decorator.py
[2024-10-13T20:54:45.758-0400] {processor.py:914} INFO - Processing file /Users/karenwang/anaconda3/envs/airflow_sqlite_env/lib/python3.9/site-packages/airflow/example_dags/example_sensor_decorator.py for tasks to queue
[2024-10-13T20:54:45.759-0400] {logging_mixin.py:190} INFO - [2024-10-13T20:54:45.759-0400] {dagbag.py:588} INFO - Filling up the DagBag from /Users/karenwang/anaconda3/envs/airflow_sqlite_env/lib/python3.9/site-packages/airflow/example_dags/example_sensor_decorator.py
[2024-10-13T20:54:45.846-0400] {processor.py:925} INFO - DAG(s) 'example_sensor_decorator' retrieved from /Users/karenwang/anaconda3/envs/airflow_sqlite_env/lib/python3.9/site-packages/airflow/example_dags/example_sensor_decorator.py
[2024-10-13T20:54:49.392-0400] {logging_mixin.py:190} INFO - [2024-10-13T20:54:49.392-0400] {utils.py:148} INFO - Note: NumExpr detected 16 cores but "NUMEXPR_MAX_THREADS" not set, so enforcing safe limit of 8.
[2024-10-13T20:54:49.393-0400] {logging_mixin.py:190} INFO - [2024-10-13T20:54:49.392-0400] {utils.py:160} INFO - NumExpr defaulting to 8 threads.
[2024-10-13T20:54:49.777-0400] {logging_mixin.py:190} INFO - [2024-10-13T20:54:49.777-0400] {dag.py:3239} INFO - Sync 1 DAGs
[2024-10-13T20:54:49.789-0400] {logging_mixin.py:190} INFO - [2024-10-13T20:54:49.789-0400] {dag.py:4180} INFO - Setting next_dagrun for example_sensor_decorator to None, run_after=None
[2024-10-13T20:54:49.812-0400] {processor.py:208} INFO - Processing /Users/karenwang/anaconda3/envs/airflow_sqlite_env/lib/python3.9/site-packages/airflow/example_dags/example_sensor_decorator.py took 4.061 seconds
[2024-10-13T20:58:27.526-0400] {processor.py:186} INFO - Started process (PID=43570) to work on /Users/karenwang/anaconda3/envs/airflow_sqlite_env/lib/python3.9/site-packages/airflow/example_dags/example_sensor_decorator.py
[2024-10-13T20:58:27.527-0400] {processor.py:914} INFO - Processing file /Users/karenwang/anaconda3/envs/airflow_sqlite_env/lib/python3.9/site-packages/airflow/example_dags/example_sensor_decorator.py for tasks to queue
[2024-10-13T20:58:27.528-0400] {logging_mixin.py:190} INFO - [2024-10-13T20:58:27.528-0400] {dagbag.py:588} INFO - Filling up the DagBag from /Users/karenwang/anaconda3/envs/airflow_sqlite_env/lib/python3.9/site-packages/airflow/example_dags/example_sensor_decorator.py
[2024-10-13T20:58:27.621-0400] {processor.py:925} INFO - DAG(s) 'example_sensor_decorator' retrieved from /Users/karenwang/anaconda3/envs/airflow_sqlite_env/lib/python3.9/site-packages/airflow/example_dags/example_sensor_decorator.py
[2024-10-13T20:58:31.189-0400] {logging_mixin.py:190} INFO - [2024-10-13T20:58:31.188-0400] {utils.py:148} INFO - Note: NumExpr detected 16 cores but "NUMEXPR_MAX_THREADS" not set, so enforcing safe limit of 8.
[2024-10-13T20:58:31.189-0400] {logging_mixin.py:190} INFO - [2024-10-13T20:58:31.189-0400] {utils.py:160} INFO - NumExpr defaulting to 8 threads.
[2024-10-13T20:58:31.542-0400] {logging_mixin.py:190} INFO - [2024-10-13T20:58:31.541-0400] {dag.py:3239} INFO - Sync 1 DAGs
[2024-10-13T20:58:31.554-0400] {logging_mixin.py:190} INFO - [2024-10-13T20:58:31.554-0400] {dag.py:4180} INFO - Setting next_dagrun for example_sensor_decorator to None, run_after=None
[2024-10-13T20:58:31.575-0400] {processor.py:208} INFO - Processing /Users/karenwang/anaconda3/envs/airflow_sqlite_env/lib/python3.9/site-packages/airflow/example_dags/example_sensor_decorator.py took 4.055 seconds
[2024-10-13T21:02:07.289-0400] {processor.py:186} INFO - Started process (PID=44687) to work on /Users/karenwang/anaconda3/envs/airflow_sqlite_env/lib/python3.9/site-packages/airflow/example_dags/example_sensor_decorator.py
[2024-10-13T21:02:07.290-0400] {processor.py:914} INFO - Processing file /Users/karenwang/anaconda3/envs/airflow_sqlite_env/lib/python3.9/site-packages/airflow/example_dags/example_sensor_decorator.py for tasks to queue
[2024-10-13T21:02:07.291-0400] {logging_mixin.py:190} INFO - [2024-10-13T21:02:07.291-0400] {dagbag.py:588} INFO - Filling up the DagBag from /Users/karenwang/anaconda3/envs/airflow_sqlite_env/lib/python3.9/site-packages/airflow/example_dags/example_sensor_decorator.py
[2024-10-13T21:02:07.384-0400] {processor.py:925} INFO - DAG(s) 'example_sensor_decorator' retrieved from /Users/karenwang/anaconda3/envs/airflow_sqlite_env/lib/python3.9/site-packages/airflow/example_dags/example_sensor_decorator.py
[2024-10-13T21:02:10.995-0400] {logging_mixin.py:190} INFO - [2024-10-13T21:02:10.994-0400] {utils.py:148} INFO - Note: NumExpr detected 16 cores but "NUMEXPR_MAX_THREADS" not set, so enforcing safe limit of 8.
[2024-10-13T21:02:10.995-0400] {logging_mixin.py:190} INFO - [2024-10-13T21:02:10.995-0400] {utils.py:160} INFO - NumExpr defaulting to 8 threads.
[2024-10-13T21:02:11.365-0400] {logging_mixin.py:190} INFO - [2024-10-13T21:02:11.365-0400] {dag.py:3239} INFO - Sync 1 DAGs
[2024-10-13T21:02:11.378-0400] {logging_mixin.py:190} INFO - [2024-10-13T21:02:11.378-0400] {dag.py:4180} INFO - Setting next_dagrun for example_sensor_decorator to None, run_after=None
[2024-10-13T21:02:11.398-0400] {processor.py:208} INFO - Processing /Users/karenwang/anaconda3/envs/airflow_sqlite_env/lib/python3.9/site-packages/airflow/example_dags/example_sensor_decorator.py took 4.115 seconds
[2024-10-13T21:05:46.957-0400] {processor.py:186} INFO - Started process (PID=45829) to work on /Users/karenwang/anaconda3/envs/airflow_sqlite_env/lib/python3.9/site-packages/airflow/example_dags/example_sensor_decorator.py
[2024-10-13T21:05:46.958-0400] {processor.py:914} INFO - Processing file /Users/karenwang/anaconda3/envs/airflow_sqlite_env/lib/python3.9/site-packages/airflow/example_dags/example_sensor_decorator.py for tasks to queue
[2024-10-13T21:05:46.960-0400] {logging_mixin.py:190} INFO - [2024-10-13T21:05:46.959-0400] {dagbag.py:588} INFO - Filling up the DagBag from /Users/karenwang/anaconda3/envs/airflow_sqlite_env/lib/python3.9/site-packages/airflow/example_dags/example_sensor_decorator.py
[2024-10-13T21:05:47.050-0400] {processor.py:925} INFO - DAG(s) 'example_sensor_decorator' retrieved from /Users/karenwang/anaconda3/envs/airflow_sqlite_env/lib/python3.9/site-packages/airflow/example_dags/example_sensor_decorator.py
[2024-10-13T21:05:50.605-0400] {logging_mixin.py:190} INFO - [2024-10-13T21:05:50.605-0400] {utils.py:148} INFO - Note: NumExpr detected 16 cores but "NUMEXPR_MAX_THREADS" not set, so enforcing safe limit of 8.
[2024-10-13T21:05:50.606-0400] {logging_mixin.py:190} INFO - [2024-10-13T21:05:50.605-0400] {utils.py:160} INFO - NumExpr defaulting to 8 threads.
[2024-10-13T21:05:50.983-0400] {logging_mixin.py:190} INFO - [2024-10-13T21:05:50.983-0400] {dag.py:3239} INFO - Sync 1 DAGs
[2024-10-13T21:05:50.996-0400] {logging_mixin.py:190} INFO - [2024-10-13T21:05:50.996-0400] {dag.py:4180} INFO - Setting next_dagrun for example_sensor_decorator to None, run_after=None
[2024-10-13T21:05:51.019-0400] {processor.py:208} INFO - Processing /Users/karenwang/anaconda3/envs/airflow_sqlite_env/lib/python3.9/site-packages/airflow/example_dags/example_sensor_decorator.py took 4.068 seconds
[2024-10-13T21:11:14.013-0400] {processor.py:186} INFO - Started process (PID=47602) to work on /Users/karenwang/anaconda3/envs/airflow_sqlite_env/lib/python3.9/site-packages/airflow/example_dags/example_sensor_decorator.py
[2024-10-13T21:11:14.015-0400] {processor.py:914} INFO - Processing file /Users/karenwang/anaconda3/envs/airflow_sqlite_env/lib/python3.9/site-packages/airflow/example_dags/example_sensor_decorator.py for tasks to queue
[2024-10-13T21:11:14.016-0400] {logging_mixin.py:190} INFO - [2024-10-13T21:11:14.016-0400] {dagbag.py:588} INFO - Filling up the DagBag from /Users/karenwang/anaconda3/envs/airflow_sqlite_env/lib/python3.9/site-packages/airflow/example_dags/example_sensor_decorator.py
[2024-10-13T21:11:14.117-0400] {processor.py:925} INFO - DAG(s) 'example_sensor_decorator' retrieved from /Users/karenwang/anaconda3/envs/airflow_sqlite_env/lib/python3.9/site-packages/airflow/example_dags/example_sensor_decorator.py
[2024-10-13T21:11:17.775-0400] {logging_mixin.py:190} INFO - [2024-10-13T21:11:17.774-0400] {utils.py:148} INFO - Note: NumExpr detected 16 cores but "NUMEXPR_MAX_THREADS" not set, so enforcing safe limit of 8.
[2024-10-13T21:11:17.775-0400] {logging_mixin.py:190} INFO - [2024-10-13T21:11:17.775-0400] {utils.py:160} INFO - NumExpr defaulting to 8 threads.
[2024-10-13T21:11:18.152-0400] {logging_mixin.py:190} INFO - [2024-10-13T21:11:18.152-0400] {dag.py:3239} INFO - Sync 1 DAGs
[2024-10-13T21:11:18.166-0400] {logging_mixin.py:190} INFO - [2024-10-13T21:11:18.166-0400] {dag.py:4180} INFO - Setting next_dagrun for example_sensor_decorator to None, run_after=None
[2024-10-13T21:11:18.191-0400] {processor.py:208} INFO - Processing /Users/karenwang/anaconda3/envs/airflow_sqlite_env/lib/python3.9/site-packages/airflow/example_dags/example_sensor_decorator.py took 4.184 seconds
[2024-10-13T21:15:50.031-0400] {processor.py:186} INFO - Started process (PID=49195) to work on /Users/karenwang/anaconda3/envs/airflow_sqlite_env/lib/python3.9/site-packages/airflow/example_dags/example_sensor_decorator.py
[2024-10-13T21:15:50.033-0400] {processor.py:914} INFO - Processing file /Users/karenwang/anaconda3/envs/airflow_sqlite_env/lib/python3.9/site-packages/airflow/example_dags/example_sensor_decorator.py for tasks to queue
[2024-10-13T21:15:50.034-0400] {logging_mixin.py:190} INFO - [2024-10-13T21:15:50.034-0400] {dagbag.py:588} INFO - Filling up the DagBag from /Users/karenwang/anaconda3/envs/airflow_sqlite_env/lib/python3.9/site-packages/airflow/example_dags/example_sensor_decorator.py
[2024-10-13T21:15:50.155-0400] {processor.py:925} INFO - DAG(s) 'example_sensor_decorator' retrieved from /Users/karenwang/anaconda3/envs/airflow_sqlite_env/lib/python3.9/site-packages/airflow/example_dags/example_sensor_decorator.py
[2024-10-13T21:15:54.307-0400] {logging_mixin.py:190} INFO - [2024-10-13T21:15:54.307-0400] {utils.py:148} INFO - Note: NumExpr detected 16 cores but "NUMEXPR_MAX_THREADS" not set, so enforcing safe limit of 8.
[2024-10-13T21:15:54.307-0400] {logging_mixin.py:190} INFO - [2024-10-13T21:15:54.307-0400] {utils.py:160} INFO - NumExpr defaulting to 8 threads.
[2024-10-13T21:15:54.721-0400] {logging_mixin.py:190} INFO - [2024-10-13T21:15:54.720-0400] {dag.py:3239} INFO - Sync 1 DAGs
[2024-10-13T21:15:54.737-0400] {logging_mixin.py:190} INFO - [2024-10-13T21:15:54.736-0400] {dag.py:4180} INFO - Setting next_dagrun for example_sensor_decorator to None, run_after=None
[2024-10-13T21:15:54.759-0400] {processor.py:208} INFO - Processing /Users/karenwang/anaconda3/envs/airflow_sqlite_env/lib/python3.9/site-packages/airflow/example_dags/example_sensor_decorator.py took 4.734 seconds
[2024-10-13T21:19:37.830-0400] {processor.py:186} INFO - Started process (PID=50455) to work on /Users/karenwang/anaconda3/envs/airflow_sqlite_env/lib/python3.9/site-packages/airflow/example_dags/example_sensor_decorator.py
[2024-10-13T21:19:37.832-0400] {processor.py:914} INFO - Processing file /Users/karenwang/anaconda3/envs/airflow_sqlite_env/lib/python3.9/site-packages/airflow/example_dags/example_sensor_decorator.py for tasks to queue
[2024-10-13T21:19:37.833-0400] {logging_mixin.py:190} INFO - [2024-10-13T21:19:37.833-0400] {dagbag.py:588} INFO - Filling up the DagBag from /Users/karenwang/anaconda3/envs/airflow_sqlite_env/lib/python3.9/site-packages/airflow/example_dags/example_sensor_decorator.py
[2024-10-13T21:19:37.933-0400] {processor.py:925} INFO - DAG(s) 'example_sensor_decorator' retrieved from /Users/karenwang/anaconda3/envs/airflow_sqlite_env/lib/python3.9/site-packages/airflow/example_dags/example_sensor_decorator.py
[2024-10-13T21:19:41.616-0400] {logging_mixin.py:190} INFO - [2024-10-13T21:19:41.615-0400] {utils.py:148} INFO - Note: NumExpr detected 16 cores but "NUMEXPR_MAX_THREADS" not set, so enforcing safe limit of 8.
[2024-10-13T21:19:41.616-0400] {logging_mixin.py:190} INFO - [2024-10-13T21:19:41.616-0400] {utils.py:160} INFO - NumExpr defaulting to 8 threads.
[2024-10-13T21:19:41.987-0400] {logging_mixin.py:190} INFO - [2024-10-13T21:19:41.986-0400] {dag.py:3239} INFO - Sync 1 DAGs
[2024-10-13T21:19:42.005-0400] {logging_mixin.py:190} INFO - [2024-10-13T21:19:42.004-0400] {dag.py:4180} INFO - Setting next_dagrun for example_sensor_decorator to None, run_after=None
[2024-10-13T21:19:42.027-0400] {processor.py:208} INFO - Processing /Users/karenwang/anaconda3/envs/airflow_sqlite_env/lib/python3.9/site-packages/airflow/example_dags/example_sensor_decorator.py took 4.203 seconds
[2024-10-13T21:23:19.029-0400] {processor.py:186} INFO - Started process (PID=51582) to work on /Users/karenwang/anaconda3/envs/airflow_sqlite_env/lib/python3.9/site-packages/airflow/example_dags/example_sensor_decorator.py
[2024-10-13T21:23:19.030-0400] {processor.py:914} INFO - Processing file /Users/karenwang/anaconda3/envs/airflow_sqlite_env/lib/python3.9/site-packages/airflow/example_dags/example_sensor_decorator.py for tasks to queue
[2024-10-13T21:23:19.032-0400] {logging_mixin.py:190} INFO - [2024-10-13T21:23:19.031-0400] {dagbag.py:588} INFO - Filling up the DagBag from /Users/karenwang/anaconda3/envs/airflow_sqlite_env/lib/python3.9/site-packages/airflow/example_dags/example_sensor_decorator.py
[2024-10-13T21:23:19.128-0400] {processor.py:925} INFO - DAG(s) 'example_sensor_decorator' retrieved from /Users/karenwang/anaconda3/envs/airflow_sqlite_env/lib/python3.9/site-packages/airflow/example_dags/example_sensor_decorator.py
[2024-10-13T21:23:22.823-0400] {logging_mixin.py:190} INFO - [2024-10-13T21:23:22.823-0400] {utils.py:148} INFO - Note: NumExpr detected 16 cores but "NUMEXPR_MAX_THREADS" not set, so enforcing safe limit of 8.
[2024-10-13T21:23:22.823-0400] {logging_mixin.py:190} INFO - [2024-10-13T21:23:22.823-0400] {utils.py:160} INFO - NumExpr defaulting to 8 threads.
[2024-10-13T21:23:23.213-0400] {logging_mixin.py:190} INFO - [2024-10-13T21:23:23.212-0400] {dag.py:3239} INFO - Sync 1 DAGs
[2024-10-13T21:23:23.228-0400] {logging_mixin.py:190} INFO - [2024-10-13T21:23:23.227-0400] {dag.py:4180} INFO - Setting next_dagrun for example_sensor_decorator to None, run_after=None
[2024-10-13T21:23:23.251-0400] {processor.py:208} INFO - Processing /Users/karenwang/anaconda3/envs/airflow_sqlite_env/lib/python3.9/site-packages/airflow/example_dags/example_sensor_decorator.py took 4.228 seconds
[2024-10-13T21:26:58.198-0400] {processor.py:186} INFO - Started process (PID=52714) to work on /Users/karenwang/anaconda3/envs/airflow_sqlite_env/lib/python3.9/site-packages/airflow/example_dags/example_sensor_decorator.py
[2024-10-13T21:26:58.200-0400] {processor.py:914} INFO - Processing file /Users/karenwang/anaconda3/envs/airflow_sqlite_env/lib/python3.9/site-packages/airflow/example_dags/example_sensor_decorator.py for tasks to queue
[2024-10-13T21:26:58.201-0400] {logging_mixin.py:190} INFO - [2024-10-13T21:26:58.201-0400] {dagbag.py:588} INFO - Filling up the DagBag from /Users/karenwang/anaconda3/envs/airflow_sqlite_env/lib/python3.9/site-packages/airflow/example_dags/example_sensor_decorator.py
[2024-10-13T21:26:58.294-0400] {processor.py:925} INFO - DAG(s) 'example_sensor_decorator' retrieved from /Users/karenwang/anaconda3/envs/airflow_sqlite_env/lib/python3.9/site-packages/airflow/example_dags/example_sensor_decorator.py
[2024-10-13T21:27:01.908-0400] {logging_mixin.py:190} INFO - [2024-10-13T21:27:01.908-0400] {utils.py:148} INFO - Note: NumExpr detected 16 cores but "NUMEXPR_MAX_THREADS" not set, so enforcing safe limit of 8.
[2024-10-13T21:27:01.909-0400] {logging_mixin.py:190} INFO - [2024-10-13T21:27:01.909-0400] {utils.py:160} INFO - NumExpr defaulting to 8 threads.
[2024-10-13T21:27:02.280-0400] {logging_mixin.py:190} INFO - [2024-10-13T21:27:02.279-0400] {dag.py:3239} INFO - Sync 1 DAGs
[2024-10-13T21:27:02.292-0400] {logging_mixin.py:190} INFO - [2024-10-13T21:27:02.292-0400] {dag.py:4180} INFO - Setting next_dagrun for example_sensor_decorator to None, run_after=None
[2024-10-13T21:27:02.315-0400] {processor.py:208} INFO - Processing /Users/karenwang/anaconda3/envs/airflow_sqlite_env/lib/python3.9/site-packages/airflow/example_dags/example_sensor_decorator.py took 4.123 seconds
[2024-10-13T21:30:53.919-0400] {processor.py:186} INFO - Started process (PID=53961) to work on /Users/karenwang/anaconda3/envs/airflow_sqlite_env/lib/python3.9/site-packages/airflow/example_dags/example_sensor_decorator.py
[2024-10-13T21:30:53.921-0400] {processor.py:914} INFO - Processing file /Users/karenwang/anaconda3/envs/airflow_sqlite_env/lib/python3.9/site-packages/airflow/example_dags/example_sensor_decorator.py for tasks to queue
[2024-10-13T21:30:53.922-0400] {logging_mixin.py:190} INFO - [2024-10-13T21:30:53.922-0400] {dagbag.py:588} INFO - Filling up the DagBag from /Users/karenwang/anaconda3/envs/airflow_sqlite_env/lib/python3.9/site-packages/airflow/example_dags/example_sensor_decorator.py
[2024-10-13T21:30:54.020-0400] {processor.py:925} INFO - DAG(s) 'example_sensor_decorator' retrieved from /Users/karenwang/anaconda3/envs/airflow_sqlite_env/lib/python3.9/site-packages/airflow/example_dags/example_sensor_decorator.py
[2024-10-13T21:30:57.911-0400] {logging_mixin.py:190} INFO - [2024-10-13T21:30:57.911-0400] {utils.py:148} INFO - Note: NumExpr detected 16 cores but "NUMEXPR_MAX_THREADS" not set, so enforcing safe limit of 8.
[2024-10-13T21:30:57.912-0400] {logging_mixin.py:190} INFO - [2024-10-13T21:30:57.911-0400] {utils.py:160} INFO - NumExpr defaulting to 8 threads.
[2024-10-13T21:30:58.322-0400] {logging_mixin.py:190} INFO - [2024-10-13T21:30:58.322-0400] {dag.py:3239} INFO - Sync 1 DAGs
[2024-10-13T21:30:58.336-0400] {logging_mixin.py:190} INFO - [2024-10-13T21:30:58.336-0400] {dag.py:4180} INFO - Setting next_dagrun for example_sensor_decorator to None, run_after=None
[2024-10-13T21:30:58.360-0400] {processor.py:208} INFO - Processing /Users/karenwang/anaconda3/envs/airflow_sqlite_env/lib/python3.9/site-packages/airflow/example_dags/example_sensor_decorator.py took 4.446 seconds
[2024-10-13T21:34:50.895-0400] {processor.py:186} INFO - Started process (PID=55195) to work on /Users/karenwang/anaconda3/envs/airflow_sqlite_env/lib/python3.9/site-packages/airflow/example_dags/example_sensor_decorator.py
[2024-10-13T21:34:50.896-0400] {processor.py:914} INFO - Processing file /Users/karenwang/anaconda3/envs/airflow_sqlite_env/lib/python3.9/site-packages/airflow/example_dags/example_sensor_decorator.py for tasks to queue
[2024-10-13T21:34:50.897-0400] {logging_mixin.py:190} INFO - [2024-10-13T21:34:50.897-0400] {dagbag.py:588} INFO - Filling up the DagBag from /Users/karenwang/anaconda3/envs/airflow_sqlite_env/lib/python3.9/site-packages/airflow/example_dags/example_sensor_decorator.py
[2024-10-13T21:34:50.979-0400] {processor.py:925} INFO - DAG(s) 'example_sensor_decorator' retrieved from /Users/karenwang/anaconda3/envs/airflow_sqlite_env/lib/python3.9/site-packages/airflow/example_dags/example_sensor_decorator.py
[2024-10-13T21:34:54.830-0400] {logging_mixin.py:190} INFO - [2024-10-13T21:34:54.829-0400] {utils.py:148} INFO - Note: NumExpr detected 16 cores but "NUMEXPR_MAX_THREADS" not set, so enforcing safe limit of 8.
[2024-10-13T21:34:54.830-0400] {logging_mixin.py:190} INFO - [2024-10-13T21:34:54.830-0400] {utils.py:160} INFO - NumExpr defaulting to 8 threads.
[2024-10-13T21:34:55.221-0400] {logging_mixin.py:190} INFO - [2024-10-13T21:34:55.221-0400] {dag.py:3239} INFO - Sync 1 DAGs
[2024-10-13T21:34:55.237-0400] {logging_mixin.py:190} INFO - [2024-10-13T21:34:55.237-0400] {dag.py:4180} INFO - Setting next_dagrun for example_sensor_decorator to None, run_after=None
[2024-10-13T21:34:55.261-0400] {processor.py:208} INFO - Processing /Users/karenwang/anaconda3/envs/airflow_sqlite_env/lib/python3.9/site-packages/airflow/example_dags/example_sensor_decorator.py took 4.371 seconds
[2024-10-13T21:38:43.931-0400] {processor.py:186} INFO - Started process (PID=56414) to work on /Users/karenwang/anaconda3/envs/airflow_sqlite_env/lib/python3.9/site-packages/airflow/example_dags/example_sensor_decorator.py
[2024-10-13T21:38:43.933-0400] {processor.py:914} INFO - Processing file /Users/karenwang/anaconda3/envs/airflow_sqlite_env/lib/python3.9/site-packages/airflow/example_dags/example_sensor_decorator.py for tasks to queue
[2024-10-13T21:38:43.934-0400] {logging_mixin.py:190} INFO - [2024-10-13T21:38:43.934-0400] {dagbag.py:588} INFO - Filling up the DagBag from /Users/karenwang/anaconda3/envs/airflow_sqlite_env/lib/python3.9/site-packages/airflow/example_dags/example_sensor_decorator.py
[2024-10-13T21:38:44.040-0400] {processor.py:925} INFO - DAG(s) 'example_sensor_decorator' retrieved from /Users/karenwang/anaconda3/envs/airflow_sqlite_env/lib/python3.9/site-packages/airflow/example_dags/example_sensor_decorator.py
[2024-10-13T21:38:47.776-0400] {logging_mixin.py:190} INFO - [2024-10-13T21:38:47.776-0400] {utils.py:148} INFO - Note: NumExpr detected 16 cores but "NUMEXPR_MAX_THREADS" not set, so enforcing safe limit of 8.
[2024-10-13T21:38:47.777-0400] {logging_mixin.py:190} INFO - [2024-10-13T21:38:47.777-0400] {utils.py:160} INFO - NumExpr defaulting to 8 threads.
[2024-10-13T21:38:48.139-0400] {logging_mixin.py:190} INFO - [2024-10-13T21:38:48.139-0400] {dag.py:3239} INFO - Sync 1 DAGs
[2024-10-13T21:38:48.155-0400] {logging_mixin.py:190} INFO - [2024-10-13T21:38:48.155-0400] {dag.py:4180} INFO - Setting next_dagrun for example_sensor_decorator to None, run_after=None
[2024-10-13T21:38:48.179-0400] {processor.py:208} INFO - Processing /Users/karenwang/anaconda3/envs/airflow_sqlite_env/lib/python3.9/site-packages/airflow/example_dags/example_sensor_decorator.py took 4.254 seconds
[2024-10-13T21:42:40.310-0400] {processor.py:186} INFO - Started process (PID=57625) to work on /Users/karenwang/anaconda3/envs/airflow_sqlite_env/lib/python3.9/site-packages/airflow/example_dags/example_sensor_decorator.py
[2024-10-13T21:42:40.311-0400] {processor.py:914} INFO - Processing file /Users/karenwang/anaconda3/envs/airflow_sqlite_env/lib/python3.9/site-packages/airflow/example_dags/example_sensor_decorator.py for tasks to queue
[2024-10-13T21:42:40.312-0400] {logging_mixin.py:190} INFO - [2024-10-13T21:42:40.312-0400] {dagbag.py:588} INFO - Filling up the DagBag from /Users/karenwang/anaconda3/envs/airflow_sqlite_env/lib/python3.9/site-packages/airflow/example_dags/example_sensor_decorator.py
[2024-10-13T21:42:40.415-0400] {processor.py:925} INFO - DAG(s) 'example_sensor_decorator' retrieved from /Users/karenwang/anaconda3/envs/airflow_sqlite_env/lib/python3.9/site-packages/airflow/example_dags/example_sensor_decorator.py
[2024-10-13T21:42:44.346-0400] {logging_mixin.py:190} INFO - [2024-10-13T21:42:44.346-0400] {utils.py:148} INFO - Note: NumExpr detected 16 cores but "NUMEXPR_MAX_THREADS" not set, so enforcing safe limit of 8.
[2024-10-13T21:42:44.346-0400] {logging_mixin.py:190} INFO - [2024-10-13T21:42:44.346-0400] {utils.py:160} INFO - NumExpr defaulting to 8 threads.
[2024-10-13T21:42:44.741-0400] {logging_mixin.py:190} INFO - [2024-10-13T21:42:44.740-0400] {dag.py:3239} INFO - Sync 1 DAGs
[2024-10-13T21:42:44.758-0400] {logging_mixin.py:190} INFO - [2024-10-13T21:42:44.757-0400] {dag.py:4180} INFO - Setting next_dagrun for example_sensor_decorator to None, run_after=None
[2024-10-13T21:42:44.784-0400] {processor.py:208} INFO - Processing /Users/karenwang/anaconda3/envs/airflow_sqlite_env/lib/python3.9/site-packages/airflow/example_dags/example_sensor_decorator.py took 4.481 seconds
[2024-10-13T21:46:31.259-0400] {processor.py:186} INFO - Started process (PID=58807) to work on /Users/karenwang/anaconda3/envs/airflow_sqlite_env/lib/python3.9/site-packages/airflow/example_dags/example_sensor_decorator.py
[2024-10-13T21:46:31.260-0400] {processor.py:914} INFO - Processing file /Users/karenwang/anaconda3/envs/airflow_sqlite_env/lib/python3.9/site-packages/airflow/example_dags/example_sensor_decorator.py for tasks to queue
[2024-10-13T21:46:31.262-0400] {logging_mixin.py:190} INFO - [2024-10-13T21:46:31.262-0400] {dagbag.py:588} INFO - Filling up the DagBag from /Users/karenwang/anaconda3/envs/airflow_sqlite_env/lib/python3.9/site-packages/airflow/example_dags/example_sensor_decorator.py
[2024-10-13T21:46:31.355-0400] {processor.py:925} INFO - DAG(s) 'example_sensor_decorator' retrieved from /Users/karenwang/anaconda3/envs/airflow_sqlite_env/lib/python3.9/site-packages/airflow/example_dags/example_sensor_decorator.py
[2024-10-13T21:46:35.363-0400] {logging_mixin.py:190} INFO - [2024-10-13T21:46:35.363-0400] {utils.py:148} INFO - Note: NumExpr detected 16 cores but "NUMEXPR_MAX_THREADS" not set, so enforcing safe limit of 8.
[2024-10-13T21:46:35.364-0400] {logging_mixin.py:190} INFO - [2024-10-13T21:46:35.364-0400] {utils.py:160} INFO - NumExpr defaulting to 8 threads.
[2024-10-13T21:46:35.766-0400] {logging_mixin.py:190} INFO - [2024-10-13T21:46:35.765-0400] {dag.py:3239} INFO - Sync 1 DAGs
[2024-10-13T21:46:35.781-0400] {logging_mixin.py:190} INFO - [2024-10-13T21:46:35.781-0400] {dag.py:4180} INFO - Setting next_dagrun for example_sensor_decorator to None, run_after=None
[2024-10-13T21:46:35.804-0400] {processor.py:208} INFO - Processing /Users/karenwang/anaconda3/envs/airflow_sqlite_env/lib/python3.9/site-packages/airflow/example_dags/example_sensor_decorator.py took 4.550 seconds
[2024-10-13T21:50:32.055-0400] {processor.py:186} INFO - Started process (PID=60074) to work on /Users/karenwang/anaconda3/envs/airflow_sqlite_env/lib/python3.9/site-packages/airflow/example_dags/example_sensor_decorator.py
[2024-10-13T21:50:32.057-0400] {processor.py:914} INFO - Processing file /Users/karenwang/anaconda3/envs/airflow_sqlite_env/lib/python3.9/site-packages/airflow/example_dags/example_sensor_decorator.py for tasks to queue
[2024-10-13T21:50:32.058-0400] {logging_mixin.py:190} INFO - [2024-10-13T21:50:32.058-0400] {dagbag.py:588} INFO - Filling up the DagBag from /Users/karenwang/anaconda3/envs/airflow_sqlite_env/lib/python3.9/site-packages/airflow/example_dags/example_sensor_decorator.py
[2024-10-13T21:50:32.188-0400] {processor.py:925} INFO - DAG(s) 'example_sensor_decorator' retrieved from /Users/karenwang/anaconda3/envs/airflow_sqlite_env/lib/python3.9/site-packages/airflow/example_dags/example_sensor_decorator.py
[2024-10-13T21:50:36.091-0400] {logging_mixin.py:190} INFO - [2024-10-13T21:50:36.091-0400] {utils.py:148} INFO - Note: NumExpr detected 16 cores but "NUMEXPR_MAX_THREADS" not set, so enforcing safe limit of 8.
[2024-10-13T21:50:36.092-0400] {logging_mixin.py:190} INFO - [2024-10-13T21:50:36.092-0400] {utils.py:160} INFO - NumExpr defaulting to 8 threads.
[2024-10-13T21:50:36.483-0400] {logging_mixin.py:190} INFO - [2024-10-13T21:50:36.482-0400] {dag.py:3239} INFO - Sync 1 DAGs
[2024-10-13T21:50:36.497-0400] {logging_mixin.py:190} INFO - [2024-10-13T21:50:36.497-0400] {dag.py:4180} INFO - Setting next_dagrun for example_sensor_decorator to None, run_after=None
[2024-10-13T21:50:36.521-0400] {processor.py:208} INFO - Processing /Users/karenwang/anaconda3/envs/airflow_sqlite_env/lib/python3.9/site-packages/airflow/example_dags/example_sensor_decorator.py took 4.472 seconds
[2024-10-13T21:54:35.208-0400] {processor.py:186} INFO - Started process (PID=61318) to work on /Users/karenwang/anaconda3/envs/airflow_sqlite_env/lib/python3.9/site-packages/airflow/example_dags/example_sensor_decorator.py
[2024-10-13T21:54:35.210-0400] {processor.py:914} INFO - Processing file /Users/karenwang/anaconda3/envs/airflow_sqlite_env/lib/python3.9/site-packages/airflow/example_dags/example_sensor_decorator.py for tasks to queue
[2024-10-13T21:54:35.212-0400] {logging_mixin.py:190} INFO - [2024-10-13T21:54:35.211-0400] {dagbag.py:588} INFO - Filling up the DagBag from /Users/karenwang/anaconda3/envs/airflow_sqlite_env/lib/python3.9/site-packages/airflow/example_dags/example_sensor_decorator.py
[2024-10-13T21:54:35.314-0400] {processor.py:925} INFO - DAG(s) 'example_sensor_decorator' retrieved from /Users/karenwang/anaconda3/envs/airflow_sqlite_env/lib/python3.9/site-packages/airflow/example_dags/example_sensor_decorator.py
[2024-10-13T21:54:39.379-0400] {logging_mixin.py:190} INFO - [2024-10-13T21:54:39.378-0400] {utils.py:148} INFO - Note: NumExpr detected 16 cores but "NUMEXPR_MAX_THREADS" not set, so enforcing safe limit of 8.
[2024-10-13T21:54:39.379-0400] {logging_mixin.py:190} INFO - [2024-10-13T21:54:39.379-0400] {utils.py:160} INFO - NumExpr defaulting to 8 threads.
[2024-10-13T21:54:39.795-0400] {logging_mixin.py:190} INFO - [2024-10-13T21:54:39.794-0400] {dag.py:3239} INFO - Sync 1 DAGs
[2024-10-13T21:54:39.809-0400] {logging_mixin.py:190} INFO - [2024-10-13T21:54:39.809-0400] {dag.py:4180} INFO - Setting next_dagrun for example_sensor_decorator to None, run_after=None
[2024-10-13T21:54:39.833-0400] {processor.py:208} INFO - Processing /Users/karenwang/anaconda3/envs/airflow_sqlite_env/lib/python3.9/site-packages/airflow/example_dags/example_sensor_decorator.py took 4.632 seconds
[2024-10-13T21:58:29.764-0400] {processor.py:186} INFO - Started process (PID=62535) to work on /Users/karenwang/anaconda3/envs/airflow_sqlite_env/lib/python3.9/site-packages/airflow/example_dags/example_sensor_decorator.py
[2024-10-13T21:58:29.765-0400] {processor.py:914} INFO - Processing file /Users/karenwang/anaconda3/envs/airflow_sqlite_env/lib/python3.9/site-packages/airflow/example_dags/example_sensor_decorator.py for tasks to queue
[2024-10-13T21:58:29.767-0400] {logging_mixin.py:190} INFO - [2024-10-13T21:58:29.766-0400] {dagbag.py:588} INFO - Filling up the DagBag from /Users/karenwang/anaconda3/envs/airflow_sqlite_env/lib/python3.9/site-packages/airflow/example_dags/example_sensor_decorator.py
[2024-10-13T21:58:29.850-0400] {processor.py:925} INFO - DAG(s) 'example_sensor_decorator' retrieved from /Users/karenwang/anaconda3/envs/airflow_sqlite_env/lib/python3.9/site-packages/airflow/example_dags/example_sensor_decorator.py
[2024-10-13T21:58:33.515-0400] {logging_mixin.py:190} INFO - [2024-10-13T21:58:33.515-0400] {utils.py:148} INFO - Note: NumExpr detected 16 cores but "NUMEXPR_MAX_THREADS" not set, so enforcing safe limit of 8.
[2024-10-13T21:58:33.516-0400] {logging_mixin.py:190} INFO - [2024-10-13T21:58:33.516-0400] {utils.py:160} INFO - NumExpr defaulting to 8 threads.
[2024-10-13T21:58:33.861-0400] {logging_mixin.py:190} INFO - [2024-10-13T21:58:33.861-0400] {dag.py:3239} INFO - Sync 1 DAGs
[2024-10-13T21:58:33.874-0400] {logging_mixin.py:190} INFO - [2024-10-13T21:58:33.874-0400] {dag.py:4180} INFO - Setting next_dagrun for example_sensor_decorator to None, run_after=None
[2024-10-13T21:58:33.896-0400] {processor.py:208} INFO - Processing /Users/karenwang/anaconda3/envs/airflow_sqlite_env/lib/python3.9/site-packages/airflow/example_dags/example_sensor_decorator.py took 4.138 seconds
[2024-10-13T22:02:19.385-0400] {processor.py:186} INFO - Started process (PID=63718) to work on /Users/karenwang/anaconda3/envs/airflow_sqlite_env/lib/python3.9/site-packages/airflow/example_dags/example_sensor_decorator.py
[2024-10-13T22:02:19.387-0400] {processor.py:914} INFO - Processing file /Users/karenwang/anaconda3/envs/airflow_sqlite_env/lib/python3.9/site-packages/airflow/example_dags/example_sensor_decorator.py for tasks to queue
[2024-10-13T22:02:19.387-0400] {logging_mixin.py:190} INFO - [2024-10-13T22:02:19.387-0400] {dagbag.py:588} INFO - Filling up the DagBag from /Users/karenwang/anaconda3/envs/airflow_sqlite_env/lib/python3.9/site-packages/airflow/example_dags/example_sensor_decorator.py
[2024-10-13T22:02:19.481-0400] {processor.py:925} INFO - DAG(s) 'example_sensor_decorator' retrieved from /Users/karenwang/anaconda3/envs/airflow_sqlite_env/lib/python3.9/site-packages/airflow/example_dags/example_sensor_decorator.py
[2024-10-13T22:02:23.399-0400] {logging_mixin.py:190} INFO - [2024-10-13T22:02:23.399-0400] {utils.py:148} INFO - Note: NumExpr detected 16 cores but "NUMEXPR_MAX_THREADS" not set, so enforcing safe limit of 8.
[2024-10-13T22:02:23.399-0400] {logging_mixin.py:190} INFO - [2024-10-13T22:02:23.399-0400] {utils.py:160} INFO - NumExpr defaulting to 8 threads.
[2024-10-13T22:02:23.792-0400] {logging_mixin.py:190} INFO - [2024-10-13T22:02:23.792-0400] {dag.py:3239} INFO - Sync 1 DAGs
[2024-10-13T22:02:23.808-0400] {logging_mixin.py:190} INFO - [2024-10-13T22:02:23.808-0400] {dag.py:4180} INFO - Setting next_dagrun for example_sensor_decorator to None, run_after=None
[2024-10-13T22:02:23.829-0400] {processor.py:208} INFO - Processing /Users/karenwang/anaconda3/envs/airflow_sqlite_env/lib/python3.9/site-packages/airflow/example_dags/example_sensor_decorator.py took 4.461 seconds
[2024-10-13T22:06:14.034-0400] {processor.py:186} INFO - Started process (PID=64928) to work on /Users/karenwang/anaconda3/envs/airflow_sqlite_env/lib/python3.9/site-packages/airflow/example_dags/example_sensor_decorator.py
[2024-10-13T22:06:14.035-0400] {processor.py:914} INFO - Processing file /Users/karenwang/anaconda3/envs/airflow_sqlite_env/lib/python3.9/site-packages/airflow/example_dags/example_sensor_decorator.py for tasks to queue
[2024-10-13T22:06:14.037-0400] {logging_mixin.py:190} INFO - [2024-10-13T22:06:14.036-0400] {dagbag.py:588} INFO - Filling up the DagBag from /Users/karenwang/anaconda3/envs/airflow_sqlite_env/lib/python3.9/site-packages/airflow/example_dags/example_sensor_decorator.py
[2024-10-13T22:06:14.137-0400] {processor.py:925} INFO - DAG(s) 'example_sensor_decorator' retrieved from /Users/karenwang/anaconda3/envs/airflow_sqlite_env/lib/python3.9/site-packages/airflow/example_dags/example_sensor_decorator.py
[2024-10-13T22:06:17.995-0400] {logging_mixin.py:190} INFO - [2024-10-13T22:06:17.995-0400] {utils.py:148} INFO - Note: NumExpr detected 16 cores but "NUMEXPR_MAX_THREADS" not set, so enforcing safe limit of 8.
[2024-10-13T22:06:17.996-0400] {logging_mixin.py:190} INFO - [2024-10-13T22:06:17.996-0400] {utils.py:160} INFO - NumExpr defaulting to 8 threads.
[2024-10-13T22:06:18.382-0400] {logging_mixin.py:190} INFO - [2024-10-13T22:06:18.382-0400] {dag.py:3239} INFO - Sync 1 DAGs
[2024-10-13T22:06:18.399-0400] {logging_mixin.py:190} INFO - [2024-10-13T22:06:18.399-0400] {dag.py:4180} INFO - Setting next_dagrun for example_sensor_decorator to None, run_after=None
[2024-10-13T22:06:18.422-0400] {processor.py:208} INFO - Processing /Users/karenwang/anaconda3/envs/airflow_sqlite_env/lib/python3.9/site-packages/airflow/example_dags/example_sensor_decorator.py took 4.394 seconds
[2024-10-13T22:10:12.822-0400] {processor.py:186} INFO - Started process (PID=66159) to work on /Users/karenwang/anaconda3/envs/airflow_sqlite_env/lib/python3.9/site-packages/airflow/example_dags/example_sensor_decorator.py
[2024-10-13T22:10:12.824-0400] {processor.py:914} INFO - Processing file /Users/karenwang/anaconda3/envs/airflow_sqlite_env/lib/python3.9/site-packages/airflow/example_dags/example_sensor_decorator.py for tasks to queue
[2024-10-13T22:10:12.826-0400] {logging_mixin.py:190} INFO - [2024-10-13T22:10:12.825-0400] {dagbag.py:588} INFO - Filling up the DagBag from /Users/karenwang/anaconda3/envs/airflow_sqlite_env/lib/python3.9/site-packages/airflow/example_dags/example_sensor_decorator.py
[2024-10-13T22:10:12.956-0400] {processor.py:925} INFO - DAG(s) 'example_sensor_decorator' retrieved from /Users/karenwang/anaconda3/envs/airflow_sqlite_env/lib/python3.9/site-packages/airflow/example_dags/example_sensor_decorator.py
[2024-10-13T22:10:16.948-0400] {logging_mixin.py:190} INFO - [2024-10-13T22:10:16.948-0400] {utils.py:148} INFO - Note: NumExpr detected 16 cores but "NUMEXPR_MAX_THREADS" not set, so enforcing safe limit of 8.
[2024-10-13T22:10:16.949-0400] {logging_mixin.py:190} INFO - [2024-10-13T22:10:16.948-0400] {utils.py:160} INFO - NumExpr defaulting to 8 threads.
[2024-10-13T22:10:17.327-0400] {logging_mixin.py:190} INFO - [2024-10-13T22:10:17.326-0400] {dag.py:3239} INFO - Sync 1 DAGs
[2024-10-13T22:10:17.340-0400] {logging_mixin.py:190} INFO - [2024-10-13T22:10:17.340-0400] {dag.py:4180} INFO - Setting next_dagrun for example_sensor_decorator to None, run_after=None
[2024-10-13T22:10:17.364-0400] {processor.py:208} INFO - Processing /Users/karenwang/anaconda3/envs/airflow_sqlite_env/lib/python3.9/site-packages/airflow/example_dags/example_sensor_decorator.py took 4.549 seconds
[2024-10-13T22:14:04.217-0400] {processor.py:186} INFO - Started process (PID=67345) to work on /Users/karenwang/anaconda3/envs/airflow_sqlite_env/lib/python3.9/site-packages/airflow/example_dags/example_sensor_decorator.py
[2024-10-13T22:14:04.218-0400] {processor.py:914} INFO - Processing file /Users/karenwang/anaconda3/envs/airflow_sqlite_env/lib/python3.9/site-packages/airflow/example_dags/example_sensor_decorator.py for tasks to queue
[2024-10-13T22:14:04.220-0400] {logging_mixin.py:190} INFO - [2024-10-13T22:14:04.219-0400] {dagbag.py:588} INFO - Filling up the DagBag from /Users/karenwang/anaconda3/envs/airflow_sqlite_env/lib/python3.9/site-packages/airflow/example_dags/example_sensor_decorator.py
[2024-10-13T22:14:04.332-0400] {processor.py:925} INFO - DAG(s) 'example_sensor_decorator' retrieved from /Users/karenwang/anaconda3/envs/airflow_sqlite_env/lib/python3.9/site-packages/airflow/example_dags/example_sensor_decorator.py
[2024-10-13T22:14:09.181-0400] {logging_mixin.py:190} INFO - [2024-10-13T22:14:09.180-0400] {utils.py:148} INFO - Note: NumExpr detected 16 cores but "NUMEXPR_MAX_THREADS" not set, so enforcing safe limit of 8.
[2024-10-13T22:14:09.181-0400] {logging_mixin.py:190} INFO - [2024-10-13T22:14:09.181-0400] {utils.py:160} INFO - NumExpr defaulting to 8 threads.
[2024-10-13T22:14:09.643-0400] {logging_mixin.py:190} INFO - [2024-10-13T22:14:09.642-0400] {dag.py:3239} INFO - Sync 1 DAGs
[2024-10-13T22:14:09.663-0400] {logging_mixin.py:190} INFO - [2024-10-13T22:14:09.662-0400] {dag.py:4180} INFO - Setting next_dagrun for example_sensor_decorator to None, run_after=None
[2024-10-13T22:14:09.692-0400] {processor.py:208} INFO - Processing /Users/karenwang/anaconda3/envs/airflow_sqlite_env/lib/python3.9/site-packages/airflow/example_dags/example_sensor_decorator.py took 5.481 seconds
[2024-10-13T22:18:06.431-0400] {processor.py:186} INFO - Started process (PID=68578) to work on /Users/karenwang/anaconda3/envs/airflow_sqlite_env/lib/python3.9/site-packages/airflow/example_dags/example_sensor_decorator.py
[2024-10-13T22:18:06.432-0400] {processor.py:914} INFO - Processing file /Users/karenwang/anaconda3/envs/airflow_sqlite_env/lib/python3.9/site-packages/airflow/example_dags/example_sensor_decorator.py for tasks to queue
[2024-10-13T22:18:06.434-0400] {logging_mixin.py:190} INFO - [2024-10-13T22:18:06.433-0400] {dagbag.py:588} INFO - Filling up the DagBag from /Users/karenwang/anaconda3/envs/airflow_sqlite_env/lib/python3.9/site-packages/airflow/example_dags/example_sensor_decorator.py
[2024-10-13T22:18:06.535-0400] {processor.py:925} INFO - DAG(s) 'example_sensor_decorator' retrieved from /Users/karenwang/anaconda3/envs/airflow_sqlite_env/lib/python3.9/site-packages/airflow/example_dags/example_sensor_decorator.py
[2024-10-13T22:18:10.456-0400] {logging_mixin.py:190} INFO - [2024-10-13T22:18:10.456-0400] {utils.py:148} INFO - Note: NumExpr detected 16 cores but "NUMEXPR_MAX_THREADS" not set, so enforcing safe limit of 8.
[2024-10-13T22:18:10.457-0400] {logging_mixin.py:190} INFO - [2024-10-13T22:18:10.456-0400] {utils.py:160} INFO - NumExpr defaulting to 8 threads.
[2024-10-13T22:18:10.853-0400] {logging_mixin.py:190} INFO - [2024-10-13T22:18:10.852-0400] {dag.py:3239} INFO - Sync 1 DAGs
[2024-10-13T22:18:10.871-0400] {logging_mixin.py:190} INFO - [2024-10-13T22:18:10.870-0400] {dag.py:4180} INFO - Setting next_dagrun for example_sensor_decorator to None, run_after=None
[2024-10-13T22:18:10.899-0400] {processor.py:208} INFO - Processing /Users/karenwang/anaconda3/envs/airflow_sqlite_env/lib/python3.9/site-packages/airflow/example_dags/example_sensor_decorator.py took 4.474 seconds
[2024-10-13T22:22:07.253-0400] {processor.py:186} INFO - Started process (PID=69821) to work on /Users/karenwang/anaconda3/envs/airflow_sqlite_env/lib/python3.9/site-packages/airflow/example_dags/example_sensor_decorator.py
[2024-10-13T22:22:07.255-0400] {processor.py:914} INFO - Processing file /Users/karenwang/anaconda3/envs/airflow_sqlite_env/lib/python3.9/site-packages/airflow/example_dags/example_sensor_decorator.py for tasks to queue
[2024-10-13T22:22:07.256-0400] {logging_mixin.py:190} INFO - [2024-10-13T22:22:07.256-0400] {dagbag.py:588} INFO - Filling up the DagBag from /Users/karenwang/anaconda3/envs/airflow_sqlite_env/lib/python3.9/site-packages/airflow/example_dags/example_sensor_decorator.py
[2024-10-13T22:22:07.356-0400] {processor.py:925} INFO - DAG(s) 'example_sensor_decorator' retrieved from /Users/karenwang/anaconda3/envs/airflow_sqlite_env/lib/python3.9/site-packages/airflow/example_dags/example_sensor_decorator.py
[2024-10-13T22:22:11.357-0400] {logging_mixin.py:190} INFO - [2024-10-13T22:22:11.356-0400] {utils.py:148} INFO - Note: NumExpr detected 16 cores but "NUMEXPR_MAX_THREADS" not set, so enforcing safe limit of 8.
[2024-10-13T22:22:11.357-0400] {logging_mixin.py:190} INFO - [2024-10-13T22:22:11.357-0400] {utils.py:160} INFO - NumExpr defaulting to 8 threads.
[2024-10-13T22:22:11.795-0400] {logging_mixin.py:190} INFO - [2024-10-13T22:22:11.794-0400] {dag.py:3239} INFO - Sync 1 DAGs
[2024-10-13T22:22:11.811-0400] {logging_mixin.py:190} INFO - [2024-10-13T22:22:11.811-0400] {dag.py:4180} INFO - Setting next_dagrun for example_sensor_decorator to None, run_after=None
[2024-10-13T22:22:11.836-0400] {processor.py:208} INFO - Processing /Users/karenwang/anaconda3/envs/airflow_sqlite_env/lib/python3.9/site-packages/airflow/example_dags/example_sensor_decorator.py took 4.588 seconds
[2024-10-13T22:26:16.506-0400] {processor.py:186} INFO - Started process (PID=71168) to work on /Users/karenwang/anaconda3/envs/airflow_sqlite_env/lib/python3.9/site-packages/airflow/example_dags/example_sensor_decorator.py
[2024-10-13T22:26:16.508-0400] {processor.py:914} INFO - Processing file /Users/karenwang/anaconda3/envs/airflow_sqlite_env/lib/python3.9/site-packages/airflow/example_dags/example_sensor_decorator.py for tasks to queue
[2024-10-13T22:26:16.509-0400] {logging_mixin.py:190} INFO - [2024-10-13T22:26:16.509-0400] {dagbag.py:588} INFO - Filling up the DagBag from /Users/karenwang/anaconda3/envs/airflow_sqlite_env/lib/python3.9/site-packages/airflow/example_dags/example_sensor_decorator.py
[2024-10-13T22:26:16.618-0400] {processor.py:925} INFO - DAG(s) 'example_sensor_decorator' retrieved from /Users/karenwang/anaconda3/envs/airflow_sqlite_env/lib/python3.9/site-packages/airflow/example_dags/example_sensor_decorator.py
[2024-10-13T22:26:20.867-0400] {logging_mixin.py:190} INFO - [2024-10-13T22:26:20.866-0400] {utils.py:148} INFO - Note: NumExpr detected 16 cores but "NUMEXPR_MAX_THREADS" not set, so enforcing safe limit of 8.
[2024-10-13T22:26:20.867-0400] {logging_mixin.py:190} INFO - [2024-10-13T22:26:20.867-0400] {utils.py:160} INFO - NumExpr defaulting to 8 threads.
[2024-10-13T22:26:21.296-0400] {logging_mixin.py:190} INFO - [2024-10-13T22:26:21.295-0400] {dag.py:3239} INFO - Sync 1 DAGs
[2024-10-13T22:26:21.311-0400] {logging_mixin.py:190} INFO - [2024-10-13T22:26:21.311-0400] {dag.py:4180} INFO - Setting next_dagrun for example_sensor_decorator to None, run_after=None
[2024-10-13T22:26:21.337-0400] {processor.py:208} INFO - Processing /Users/karenwang/anaconda3/envs/airflow_sqlite_env/lib/python3.9/site-packages/airflow/example_dags/example_sensor_decorator.py took 4.836 seconds
[2024-10-13T22:34:50.749-0400] {processor.py:186} INFO - Started process (PID=74050) to work on /Users/karenwang/anaconda3/envs/airflow_sqlite_env/lib/python3.9/site-packages/airflow/example_dags/example_sensor_decorator.py
[2024-10-13T22:34:50.751-0400] {processor.py:914} INFO - Processing file /Users/karenwang/anaconda3/envs/airflow_sqlite_env/lib/python3.9/site-packages/airflow/example_dags/example_sensor_decorator.py for tasks to queue
[2024-10-13T22:34:50.752-0400] {logging_mixin.py:190} INFO - [2024-10-13T22:34:50.752-0400] {dagbag.py:588} INFO - Filling up the DagBag from /Users/karenwang/anaconda3/envs/airflow_sqlite_env/lib/python3.9/site-packages/airflow/example_dags/example_sensor_decorator.py
[2024-10-13T22:34:50.846-0400] {processor.py:925} INFO - DAG(s) 'example_sensor_decorator' retrieved from /Users/karenwang/anaconda3/envs/airflow_sqlite_env/lib/python3.9/site-packages/airflow/example_dags/example_sensor_decorator.py
[2024-10-13T22:34:54.627-0400] {logging_mixin.py:190} INFO - [2024-10-13T22:34:54.627-0400] {utils.py:148} INFO - Note: NumExpr detected 16 cores but "NUMEXPR_MAX_THREADS" not set, so enforcing safe limit of 8.
[2024-10-13T22:34:54.628-0400] {logging_mixin.py:190} INFO - [2024-10-13T22:34:54.628-0400] {utils.py:160} INFO - NumExpr defaulting to 8 threads.
[2024-10-13T22:34:55.056-0400] {logging_mixin.py:190} INFO - [2024-10-13T22:34:55.056-0400] {dag.py:3239} INFO - Sync 1 DAGs
[2024-10-13T22:34:55.070-0400] {logging_mixin.py:190} INFO - [2024-10-13T22:34:55.070-0400] {dag.py:4180} INFO - Setting next_dagrun for example_sensor_decorator to None, run_after=None
[2024-10-13T22:34:55.090-0400] {processor.py:208} INFO - Processing /Users/karenwang/anaconda3/envs/airflow_sqlite_env/lib/python3.9/site-packages/airflow/example_dags/example_sensor_decorator.py took 4.344 seconds
