[2024-10-13T20:03:13.635-0400] {processor.py:186} INFO - Started process (PID=26097) to work on /Users/karenwang/anaconda3/envs/airflow_sqlite_env/lib/python3.9/site-packages/airflow/example_dags/example_dataset_alias_with_no_taskflow.py
[2024-10-13T20:03:13.636-0400] {processor.py:914} INFO - Processing file /Users/karenwang/anaconda3/envs/airflow_sqlite_env/lib/python3.9/site-packages/airflow/example_dags/example_dataset_alias_with_no_taskflow.py for tasks to queue
[2024-10-13T20:03:13.638-0400] {logging_mixin.py:190} INFO - [2024-10-13T20:03:13.637-0400] {dagbag.py:588} INFO - Filling up the DagBag from /Users/karenwang/anaconda3/envs/airflow_sqlite_env/lib/python3.9/site-packages/airflow/example_dags/example_dataset_alias_with_no_taskflow.py
[2024-10-13T20:03:14.014-0400] {processor.py:925} INFO - DAG(s) 'dataset_s3_bucket_consumer_with_no_taskflow', 'dataset_alias_example_alias_consumer_with_no_taskflow', 'dataset_s3_bucket_producer_with_no_taskflow', 'dataset_alias_example_alias_producer_with_no_taskflow' retrieved from /Users/karenwang/anaconda3/envs/airflow_sqlite_env/lib/python3.9/site-packages/airflow/example_dags/example_dataset_alias_with_no_taskflow.py
[2024-10-13T20:03:14.054-0400] {logging_mixin.py:190} INFO - [2024-10-13T20:03:14.054-0400] {dag.py:3239} INFO - Sync 4 DAGs
[2024-10-13T20:03:14.087-0400] {logging_mixin.py:190} INFO - [2024-10-13T20:03:14.086-0400] {dag.py:4180} INFO - Setting next_dagrun for dataset_alias_example_alias_consumer_with_no_taskflow to None, run_after=None
[2024-10-13T20:03:14.089-0400] {logging_mixin.py:190} INFO - [2024-10-13T20:03:14.089-0400] {dag.py:4180} INFO - Setting next_dagrun for dataset_alias_example_alias_producer_with_no_taskflow to None, run_after=None
[2024-10-13T20:03:14.091-0400] {logging_mixin.py:190} INFO - [2024-10-13T20:03:14.091-0400] {dag.py:4180} INFO - Setting next_dagrun for dataset_s3_bucket_consumer_with_no_taskflow to None, run_after=None
[2024-10-13T20:03:14.094-0400] {logging_mixin.py:190} INFO - [2024-10-13T20:03:14.093-0400] {dag.py:4180} INFO - Setting next_dagrun for dataset_s3_bucket_producer_with_no_taskflow to None, run_after=None
[2024-10-13T20:03:14.131-0400] {processor.py:208} INFO - Processing /Users/karenwang/anaconda3/envs/airflow_sqlite_env/lib/python3.9/site-packages/airflow/example_dags/example_dataset_alias_with_no_taskflow.py took 0.502 seconds
[2024-10-13T20:11:14.183-0400] {processor.py:186} INFO - Started process (PID=28573) to work on /Users/karenwang/anaconda3/envs/airflow_sqlite_env/lib/python3.9/site-packages/airflow/example_dags/example_dataset_alias_with_no_taskflow.py
[2024-10-13T20:11:14.184-0400] {processor.py:914} INFO - Processing file /Users/karenwang/anaconda3/envs/airflow_sqlite_env/lib/python3.9/site-packages/airflow/example_dags/example_dataset_alias_with_no_taskflow.py for tasks to queue
[2024-10-13T20:11:14.186-0400] {logging_mixin.py:190} INFO - [2024-10-13T20:11:14.186-0400] {dagbag.py:588} INFO - Filling up the DagBag from /Users/karenwang/anaconda3/envs/airflow_sqlite_env/lib/python3.9/site-packages/airflow/example_dags/example_dataset_alias_with_no_taskflow.py
[2024-10-13T20:11:14.435-0400] {processor.py:925} INFO - DAG(s) 'dataset_alias_example_alias_consumer_with_no_taskflow', 'dataset_alias_example_alias_producer_with_no_taskflow', 'dataset_s3_bucket_producer_with_no_taskflow', 'dataset_s3_bucket_consumer_with_no_taskflow' retrieved from /Users/karenwang/anaconda3/envs/airflow_sqlite_env/lib/python3.9/site-packages/airflow/example_dags/example_dataset_alias_with_no_taskflow.py
[2024-10-13T20:11:14.465-0400] {logging_mixin.py:190} INFO - [2024-10-13T20:11:14.464-0400] {dag.py:3239} INFO - Sync 4 DAGs
[2024-10-13T20:11:14.487-0400] {logging_mixin.py:190} INFO - [2024-10-13T20:11:14.486-0400] {dag.py:4180} INFO - Setting next_dagrun for dataset_alias_example_alias_consumer_with_no_taskflow to None, run_after=None
[2024-10-13T20:11:14.489-0400] {logging_mixin.py:190} INFO - [2024-10-13T20:11:14.489-0400] {dag.py:4180} INFO - Setting next_dagrun for dataset_alias_example_alias_producer_with_no_taskflow to None, run_after=None
[2024-10-13T20:11:14.490-0400] {logging_mixin.py:190} INFO - [2024-10-13T20:11:14.490-0400] {dag.py:4180} INFO - Setting next_dagrun for dataset_s3_bucket_consumer_with_no_taskflow to None, run_after=None
[2024-10-13T20:11:14.491-0400] {logging_mixin.py:190} INFO - [2024-10-13T20:11:14.491-0400] {dag.py:4180} INFO - Setting next_dagrun for dataset_s3_bucket_producer_with_no_taskflow to None, run_after=None
[2024-10-13T20:11:14.517-0400] {processor.py:208} INFO - Processing /Users/karenwang/anaconda3/envs/airflow_sqlite_env/lib/python3.9/site-packages/airflow/example_dags/example_dataset_alias_with_no_taskflow.py took 0.340 seconds
[2024-10-13T20:19:34.338-0400] {processor.py:186} INFO - Started process (PID=31126) to work on /Users/karenwang/anaconda3/envs/airflow_sqlite_env/lib/python3.9/site-packages/airflow/example_dags/example_dataset_alias_with_no_taskflow.py
[2024-10-13T20:19:34.340-0400] {processor.py:914} INFO - Processing file /Users/karenwang/anaconda3/envs/airflow_sqlite_env/lib/python3.9/site-packages/airflow/example_dags/example_dataset_alias_with_no_taskflow.py for tasks to queue
[2024-10-13T20:19:34.341-0400] {logging_mixin.py:190} INFO - [2024-10-13T20:19:34.341-0400] {dagbag.py:588} INFO - Filling up the DagBag from /Users/karenwang/anaconda3/envs/airflow_sqlite_env/lib/python3.9/site-packages/airflow/example_dags/example_dataset_alias_with_no_taskflow.py
[2024-10-13T20:19:34.626-0400] {processor.py:925} INFO - DAG(s) 'dataset_alias_example_alias_consumer_with_no_taskflow', 'dataset_s3_bucket_producer_with_no_taskflow', 'dataset_alias_example_alias_producer_with_no_taskflow', 'dataset_s3_bucket_consumer_with_no_taskflow' retrieved from /Users/karenwang/anaconda3/envs/airflow_sqlite_env/lib/python3.9/site-packages/airflow/example_dags/example_dataset_alias_with_no_taskflow.py
[2024-10-13T20:19:34.653-0400] {logging_mixin.py:190} INFO - [2024-10-13T20:19:34.653-0400] {dag.py:3239} INFO - Sync 4 DAGs
[2024-10-13T20:19:34.677-0400] {logging_mixin.py:190} INFO - [2024-10-13T20:19:34.677-0400] {dag.py:4180} INFO - Setting next_dagrun for dataset_alias_example_alias_consumer_with_no_taskflow to None, run_after=None
[2024-10-13T20:19:34.680-0400] {logging_mixin.py:190} INFO - [2024-10-13T20:19:34.680-0400] {dag.py:4180} INFO - Setting next_dagrun for dataset_alias_example_alias_producer_with_no_taskflow to None, run_after=None
[2024-10-13T20:19:34.681-0400] {logging_mixin.py:190} INFO - [2024-10-13T20:19:34.681-0400] {dag.py:4180} INFO - Setting next_dagrun for dataset_s3_bucket_consumer_with_no_taskflow to None, run_after=None
[2024-10-13T20:19:34.682-0400] {logging_mixin.py:190} INFO - [2024-10-13T20:19:34.682-0400] {dag.py:4180} INFO - Setting next_dagrun for dataset_s3_bucket_producer_with_no_taskflow to None, run_after=None
[2024-10-13T20:19:34.709-0400] {processor.py:208} INFO - Processing /Users/karenwang/anaconda3/envs/airflow_sqlite_env/lib/python3.9/site-packages/airflow/example_dags/example_dataset_alias_with_no_taskflow.py took 0.376 seconds
[2024-10-13T20:29:43.118-0400] {processor.py:186} INFO - Started process (PID=34581) to work on /Users/karenwang/anaconda3/envs/airflow_sqlite_env/lib/python3.9/site-packages/airflow/example_dags/example_dataset_alias_with_no_taskflow.py
[2024-10-13T20:29:43.120-0400] {processor.py:914} INFO - Processing file /Users/karenwang/anaconda3/envs/airflow_sqlite_env/lib/python3.9/site-packages/airflow/example_dags/example_dataset_alias_with_no_taskflow.py for tasks to queue
[2024-10-13T20:29:43.122-0400] {logging_mixin.py:190} INFO - [2024-10-13T20:29:43.122-0400] {dagbag.py:588} INFO - Filling up the DagBag from /Users/karenwang/anaconda3/envs/airflow_sqlite_env/lib/python3.9/site-packages/airflow/example_dags/example_dataset_alias_with_no_taskflow.py
[2024-10-13T20:29:43.647-0400] {processor.py:925} INFO - DAG(s) 'dataset_alias_example_alias_consumer_with_no_taskflow', 'dataset_s3_bucket_producer_with_no_taskflow', 'dataset_alias_example_alias_producer_with_no_taskflow', 'dataset_s3_bucket_consumer_with_no_taskflow' retrieved from /Users/karenwang/anaconda3/envs/airflow_sqlite_env/lib/python3.9/site-packages/airflow/example_dags/example_dataset_alias_with_no_taskflow.py
[2024-10-13T20:29:43.696-0400] {logging_mixin.py:190} INFO - [2024-10-13T20:29:43.696-0400] {dag.py:3239} INFO - Sync 4 DAGs
[2024-10-13T20:29:43.729-0400] {logging_mixin.py:190} INFO - [2024-10-13T20:29:43.729-0400] {dag.py:4180} INFO - Setting next_dagrun for dataset_alias_example_alias_consumer_with_no_taskflow to None, run_after=None
[2024-10-13T20:29:43.732-0400] {logging_mixin.py:190} INFO - [2024-10-13T20:29:43.732-0400] {dag.py:4180} INFO - Setting next_dagrun for dataset_alias_example_alias_producer_with_no_taskflow to None, run_after=None
[2024-10-13T20:29:43.734-0400] {logging_mixin.py:190} INFO - [2024-10-13T20:29:43.734-0400] {dag.py:4180} INFO - Setting next_dagrun for dataset_s3_bucket_consumer_with_no_taskflow to None, run_after=None
[2024-10-13T20:29:43.736-0400] {logging_mixin.py:190} INFO - [2024-10-13T20:29:43.735-0400] {dag.py:4180} INFO - Setting next_dagrun for dataset_s3_bucket_producer_with_no_taskflow to None, run_after=None
[2024-10-13T20:29:43.771-0400] {processor.py:208} INFO - Processing /Users/karenwang/anaconda3/envs/airflow_sqlite_env/lib/python3.9/site-packages/airflow/example_dags/example_dataset_alias_with_no_taskflow.py took 0.666 seconds
[2024-10-13T20:33:57.046-0400] {processor.py:186} INFO - Started process (PID=35914) to work on /Users/karenwang/anaconda3/envs/airflow_sqlite_env/lib/python3.9/site-packages/airflow/example_dags/example_dataset_alias_with_no_taskflow.py
[2024-10-13T20:33:57.047-0400] {processor.py:914} INFO - Processing file /Users/karenwang/anaconda3/envs/airflow_sqlite_env/lib/python3.9/site-packages/airflow/example_dags/example_dataset_alias_with_no_taskflow.py for tasks to queue
[2024-10-13T20:33:57.049-0400] {logging_mixin.py:190} INFO - [2024-10-13T20:33:57.049-0400] {dagbag.py:588} INFO - Filling up the DagBag from /Users/karenwang/anaconda3/envs/airflow_sqlite_env/lib/python3.9/site-packages/airflow/example_dags/example_dataset_alias_with_no_taskflow.py
[2024-10-13T20:33:57.345-0400] {processor.py:925} INFO - DAG(s) 'dataset_s3_bucket_consumer_with_no_taskflow', 'dataset_alias_example_alias_producer_with_no_taskflow', 'dataset_alias_example_alias_consumer_with_no_taskflow', 'dataset_s3_bucket_producer_with_no_taskflow' retrieved from /Users/karenwang/anaconda3/envs/airflow_sqlite_env/lib/python3.9/site-packages/airflow/example_dags/example_dataset_alias_with_no_taskflow.py
[2024-10-13T20:33:57.371-0400] {logging_mixin.py:190} INFO - [2024-10-13T20:33:57.370-0400] {dag.py:3239} INFO - Sync 4 DAGs
[2024-10-13T20:33:57.392-0400] {logging_mixin.py:190} INFO - [2024-10-13T20:33:57.392-0400] {dag.py:4180} INFO - Setting next_dagrun for dataset_alias_example_alias_consumer_with_no_taskflow to None, run_after=None
[2024-10-13T20:33:57.394-0400] {logging_mixin.py:190} INFO - [2024-10-13T20:33:57.394-0400] {dag.py:4180} INFO - Setting next_dagrun for dataset_alias_example_alias_producer_with_no_taskflow to None, run_after=None
[2024-10-13T20:33:57.395-0400] {logging_mixin.py:190} INFO - [2024-10-13T20:33:57.395-0400] {dag.py:4180} INFO - Setting next_dagrun for dataset_s3_bucket_consumer_with_no_taskflow to None, run_after=None
[2024-10-13T20:33:57.397-0400] {logging_mixin.py:190} INFO - [2024-10-13T20:33:57.397-0400] {dag.py:4180} INFO - Setting next_dagrun for dataset_s3_bucket_producer_with_no_taskflow to None, run_after=None
[2024-10-13T20:33:57.421-0400] {processor.py:208} INFO - Processing /Users/karenwang/anaconda3/envs/airflow_sqlite_env/lib/python3.9/site-packages/airflow/example_dags/example_dataset_alias_with_no_taskflow.py took 0.381 seconds
[2024-10-13T20:41:17.934-0400] {processor.py:186} INFO - Started process (PID=38212) to work on /Users/karenwang/anaconda3/envs/airflow_sqlite_env/lib/python3.9/site-packages/airflow/example_dags/example_dataset_alias_with_no_taskflow.py
[2024-10-13T20:41:17.935-0400] {processor.py:914} INFO - Processing file /Users/karenwang/anaconda3/envs/airflow_sqlite_env/lib/python3.9/site-packages/airflow/example_dags/example_dataset_alias_with_no_taskflow.py for tasks to queue
[2024-10-13T20:41:17.937-0400] {logging_mixin.py:190} INFO - [2024-10-13T20:41:17.937-0400] {dagbag.py:588} INFO - Filling up the DagBag from /Users/karenwang/anaconda3/envs/airflow_sqlite_env/lib/python3.9/site-packages/airflow/example_dags/example_dataset_alias_with_no_taskflow.py
[2024-10-13T20:41:18.204-0400] {processor.py:925} INFO - DAG(s) 'dataset_alias_example_alias_consumer_with_no_taskflow', 'dataset_s3_bucket_producer_with_no_taskflow', 'dataset_s3_bucket_consumer_with_no_taskflow', 'dataset_alias_example_alias_producer_with_no_taskflow' retrieved from /Users/karenwang/anaconda3/envs/airflow_sqlite_env/lib/python3.9/site-packages/airflow/example_dags/example_dataset_alias_with_no_taskflow.py
[2024-10-13T20:41:18.235-0400] {logging_mixin.py:190} INFO - [2024-10-13T20:41:18.234-0400] {dag.py:3239} INFO - Sync 4 DAGs
[2024-10-13T20:41:18.256-0400] {logging_mixin.py:190} INFO - [2024-10-13T20:41:18.255-0400] {dag.py:4180} INFO - Setting next_dagrun for dataset_alias_example_alias_consumer_with_no_taskflow to None, run_after=None
[2024-10-13T20:41:18.258-0400] {logging_mixin.py:190} INFO - [2024-10-13T20:41:18.258-0400] {dag.py:4180} INFO - Setting next_dagrun for dataset_alias_example_alias_producer_with_no_taskflow to None, run_after=None
[2024-10-13T20:41:18.260-0400] {logging_mixin.py:190} INFO - [2024-10-13T20:41:18.259-0400] {dag.py:4180} INFO - Setting next_dagrun for dataset_s3_bucket_consumer_with_no_taskflow to None, run_after=None
[2024-10-13T20:41:18.261-0400] {logging_mixin.py:190} INFO - [2024-10-13T20:41:18.260-0400] {dag.py:4180} INFO - Setting next_dagrun for dataset_s3_bucket_producer_with_no_taskflow to None, run_after=None
[2024-10-13T20:41:18.287-0400] {processor.py:208} INFO - Processing /Users/karenwang/anaconda3/envs/airflow_sqlite_env/lib/python3.9/site-packages/airflow/example_dags/example_dataset_alias_with_no_taskflow.py took 0.359 seconds
[2024-10-13T20:48:37.665-0400] {processor.py:186} INFO - Started process (PID=40491) to work on /Users/karenwang/anaconda3/envs/airflow_sqlite_env/lib/python3.9/site-packages/airflow/example_dags/example_dataset_alias_with_no_taskflow.py
[2024-10-13T20:48:37.666-0400] {processor.py:914} INFO - Processing file /Users/karenwang/anaconda3/envs/airflow_sqlite_env/lib/python3.9/site-packages/airflow/example_dags/example_dataset_alias_with_no_taskflow.py for tasks to queue
[2024-10-13T20:48:37.667-0400] {logging_mixin.py:190} INFO - [2024-10-13T20:48:37.667-0400] {dagbag.py:588} INFO - Filling up the DagBag from /Users/karenwang/anaconda3/envs/airflow_sqlite_env/lib/python3.9/site-packages/airflow/example_dags/example_dataset_alias_with_no_taskflow.py
[2024-10-13T20:48:37.931-0400] {processor.py:925} INFO - DAG(s) 'dataset_alias_example_alias_consumer_with_no_taskflow', 'dataset_s3_bucket_consumer_with_no_taskflow', 'dataset_alias_example_alias_producer_with_no_taskflow', 'dataset_s3_bucket_producer_with_no_taskflow' retrieved from /Users/karenwang/anaconda3/envs/airflow_sqlite_env/lib/python3.9/site-packages/airflow/example_dags/example_dataset_alias_with_no_taskflow.py
[2024-10-13T20:48:37.963-0400] {logging_mixin.py:190} INFO - [2024-10-13T20:48:37.962-0400] {dag.py:3239} INFO - Sync 4 DAGs
[2024-10-13T20:48:37.994-0400] {logging_mixin.py:190} INFO - [2024-10-13T20:48:37.994-0400] {dag.py:4180} INFO - Setting next_dagrun for dataset_alias_example_alias_consumer_with_no_taskflow to None, run_after=None
[2024-10-13T20:48:37.998-0400] {logging_mixin.py:190} INFO - [2024-10-13T20:48:37.997-0400] {dag.py:4180} INFO - Setting next_dagrun for dataset_alias_example_alias_producer_with_no_taskflow to None, run_after=None
[2024-10-13T20:48:37.999-0400] {logging_mixin.py:190} INFO - [2024-10-13T20:48:37.999-0400] {dag.py:4180} INFO - Setting next_dagrun for dataset_s3_bucket_consumer_with_no_taskflow to None, run_after=None
[2024-10-13T20:48:38.000-0400] {logging_mixin.py:190} INFO - [2024-10-13T20:48:38.000-0400] {dag.py:4180} INFO - Setting next_dagrun for dataset_s3_bucket_producer_with_no_taskflow to None, run_after=None
[2024-10-13T20:48:38.031-0400] {processor.py:208} INFO - Processing /Users/karenwang/anaconda3/envs/airflow_sqlite_env/lib/python3.9/site-packages/airflow/example_dags/example_dataset_alias_with_no_taskflow.py took 0.372 seconds
[2024-10-13T20:55:55.320-0400] {processor.py:186} INFO - Started process (PID=42768) to work on /Users/karenwang/anaconda3/envs/airflow_sqlite_env/lib/python3.9/site-packages/airflow/example_dags/example_dataset_alias_with_no_taskflow.py
[2024-10-13T20:55:55.322-0400] {processor.py:914} INFO - Processing file /Users/karenwang/anaconda3/envs/airflow_sqlite_env/lib/python3.9/site-packages/airflow/example_dags/example_dataset_alias_with_no_taskflow.py for tasks to queue
[2024-10-13T20:55:55.323-0400] {logging_mixin.py:190} INFO - [2024-10-13T20:55:55.323-0400] {dagbag.py:588} INFO - Filling up the DagBag from /Users/karenwang/anaconda3/envs/airflow_sqlite_env/lib/python3.9/site-packages/airflow/example_dags/example_dataset_alias_with_no_taskflow.py
[2024-10-13T20:55:55.578-0400] {processor.py:925} INFO - DAG(s) 'dataset_s3_bucket_consumer_with_no_taskflow', 'dataset_alias_example_alias_producer_with_no_taskflow', 'dataset_alias_example_alias_consumer_with_no_taskflow', 'dataset_s3_bucket_producer_with_no_taskflow' retrieved from /Users/karenwang/anaconda3/envs/airflow_sqlite_env/lib/python3.9/site-packages/airflow/example_dags/example_dataset_alias_with_no_taskflow.py
[2024-10-13T20:55:55.610-0400] {logging_mixin.py:190} INFO - [2024-10-13T20:55:55.610-0400] {dag.py:3239} INFO - Sync 4 DAGs
[2024-10-13T20:55:55.637-0400] {logging_mixin.py:190} INFO - [2024-10-13T20:55:55.637-0400] {dag.py:4180} INFO - Setting next_dagrun for dataset_alias_example_alias_consumer_with_no_taskflow to None, run_after=None
[2024-10-13T20:55:55.641-0400] {logging_mixin.py:190} INFO - [2024-10-13T20:55:55.641-0400] {dag.py:4180} INFO - Setting next_dagrun for dataset_alias_example_alias_producer_with_no_taskflow to None, run_after=None
[2024-10-13T20:55:55.643-0400] {logging_mixin.py:190} INFO - [2024-10-13T20:55:55.642-0400] {dag.py:4180} INFO - Setting next_dagrun for dataset_s3_bucket_consumer_with_no_taskflow to None, run_after=None
[2024-10-13T20:55:55.645-0400] {logging_mixin.py:190} INFO - [2024-10-13T20:55:55.645-0400] {dag.py:4180} INFO - Setting next_dagrun for dataset_s3_bucket_producer_with_no_taskflow to None, run_after=None
[2024-10-13T20:55:55.678-0400] {processor.py:208} INFO - Processing /Users/karenwang/anaconda3/envs/airflow_sqlite_env/lib/python3.9/site-packages/airflow/example_dags/example_dataset_alias_with_no_taskflow.py took 0.365 seconds
[2024-10-13T21:03:16.409-0400] {processor.py:186} INFO - Started process (PID=45050) to work on /Users/karenwang/anaconda3/envs/airflow_sqlite_env/lib/python3.9/site-packages/airflow/example_dags/example_dataset_alias_with_no_taskflow.py
[2024-10-13T21:03:16.411-0400] {processor.py:914} INFO - Processing file /Users/karenwang/anaconda3/envs/airflow_sqlite_env/lib/python3.9/site-packages/airflow/example_dags/example_dataset_alias_with_no_taskflow.py for tasks to queue
[2024-10-13T21:03:16.412-0400] {logging_mixin.py:190} INFO - [2024-10-13T21:03:16.411-0400] {dagbag.py:588} INFO - Filling up the DagBag from /Users/karenwang/anaconda3/envs/airflow_sqlite_env/lib/python3.9/site-packages/airflow/example_dags/example_dataset_alias_with_no_taskflow.py
[2024-10-13T21:03:16.691-0400] {processor.py:925} INFO - DAG(s) 'dataset_s3_bucket_producer_with_no_taskflow', 'dataset_s3_bucket_consumer_with_no_taskflow', 'dataset_alias_example_alias_consumer_with_no_taskflow', 'dataset_alias_example_alias_producer_with_no_taskflow' retrieved from /Users/karenwang/anaconda3/envs/airflow_sqlite_env/lib/python3.9/site-packages/airflow/example_dags/example_dataset_alias_with_no_taskflow.py
[2024-10-13T21:03:16.724-0400] {logging_mixin.py:190} INFO - [2024-10-13T21:03:16.723-0400] {dag.py:3239} INFO - Sync 4 DAGs
[2024-10-13T21:03:16.744-0400] {logging_mixin.py:190} INFO - [2024-10-13T21:03:16.744-0400] {dag.py:4180} INFO - Setting next_dagrun for dataset_alias_example_alias_consumer_with_no_taskflow to None, run_after=None
[2024-10-13T21:03:16.746-0400] {logging_mixin.py:190} INFO - [2024-10-13T21:03:16.746-0400] {dag.py:4180} INFO - Setting next_dagrun for dataset_alias_example_alias_producer_with_no_taskflow to None, run_after=None
[2024-10-13T21:03:16.748-0400] {logging_mixin.py:190} INFO - [2024-10-13T21:03:16.747-0400] {dag.py:4180} INFO - Setting next_dagrun for dataset_s3_bucket_consumer_with_no_taskflow to None, run_after=None
[2024-10-13T21:03:16.749-0400] {logging_mixin.py:190} INFO - [2024-10-13T21:03:16.748-0400] {dag.py:4180} INFO - Setting next_dagrun for dataset_s3_bucket_producer_with_no_taskflow to None, run_after=None
[2024-10-13T21:03:16.773-0400] {processor.py:208} INFO - Processing /Users/karenwang/anaconda3/envs/airflow_sqlite_env/lib/python3.9/site-packages/airflow/example_dags/example_dataset_alias_with_no_taskflow.py took 0.370 seconds
[2024-10-13T21:12:30.071-0400] {processor.py:186} INFO - Started process (PID=47993) to work on /Users/karenwang/anaconda3/envs/airflow_sqlite_env/lib/python3.9/site-packages/airflow/example_dags/example_dataset_alias_with_no_taskflow.py
[2024-10-13T21:12:30.073-0400] {processor.py:914} INFO - Processing file /Users/karenwang/anaconda3/envs/airflow_sqlite_env/lib/python3.9/site-packages/airflow/example_dags/example_dataset_alias_with_no_taskflow.py for tasks to queue
[2024-10-13T21:12:30.074-0400] {logging_mixin.py:190} INFO - [2024-10-13T21:12:30.074-0400] {dagbag.py:588} INFO - Filling up the DagBag from /Users/karenwang/anaconda3/envs/airflow_sqlite_env/lib/python3.9/site-packages/airflow/example_dags/example_dataset_alias_with_no_taskflow.py
[2024-10-13T21:12:30.384-0400] {processor.py:925} INFO - DAG(s) 'dataset_alias_example_alias_producer_with_no_taskflow', 'dataset_s3_bucket_consumer_with_no_taskflow', 'dataset_s3_bucket_producer_with_no_taskflow', 'dataset_alias_example_alias_consumer_with_no_taskflow' retrieved from /Users/karenwang/anaconda3/envs/airflow_sqlite_env/lib/python3.9/site-packages/airflow/example_dags/example_dataset_alias_with_no_taskflow.py
[2024-10-13T21:12:30.415-0400] {logging_mixin.py:190} INFO - [2024-10-13T21:12:30.414-0400] {dag.py:3239} INFO - Sync 4 DAGs
[2024-10-13T21:12:30.445-0400] {logging_mixin.py:190} INFO - [2024-10-13T21:12:30.444-0400] {dag.py:4180} INFO - Setting next_dagrun for dataset_alias_example_alias_consumer_with_no_taskflow to None, run_after=None
[2024-10-13T21:12:30.448-0400] {logging_mixin.py:190} INFO - [2024-10-13T21:12:30.448-0400] {dag.py:4180} INFO - Setting next_dagrun for dataset_alias_example_alias_producer_with_no_taskflow to None, run_after=None
[2024-10-13T21:12:30.450-0400] {logging_mixin.py:190} INFO - [2024-10-13T21:12:30.450-0400] {dag.py:4180} INFO - Setting next_dagrun for dataset_s3_bucket_consumer_with_no_taskflow to None, run_after=None
[2024-10-13T21:12:30.451-0400] {logging_mixin.py:190} INFO - [2024-10-13T21:12:30.451-0400] {dag.py:4180} INFO - Setting next_dagrun for dataset_s3_bucket_producer_with_no_taskflow to None, run_after=None
[2024-10-13T21:12:30.483-0400] {processor.py:208} INFO - Processing /Users/karenwang/anaconda3/envs/airflow_sqlite_env/lib/python3.9/site-packages/airflow/example_dags/example_dataset_alias_with_no_taskflow.py took 0.419 seconds
[2024-10-13T21:17:03.719-0400] {processor.py:186} INFO - Started process (PID=49637) to work on /Users/karenwang/anaconda3/envs/airflow_sqlite_env/lib/python3.9/site-packages/airflow/example_dags/example_dataset_alias_with_no_taskflow.py
[2024-10-13T21:17:03.721-0400] {processor.py:914} INFO - Processing file /Users/karenwang/anaconda3/envs/airflow_sqlite_env/lib/python3.9/site-packages/airflow/example_dags/example_dataset_alias_with_no_taskflow.py for tasks to queue
[2024-10-13T21:17:03.722-0400] {logging_mixin.py:190} INFO - [2024-10-13T21:17:03.722-0400] {dagbag.py:588} INFO - Filling up the DagBag from /Users/karenwang/anaconda3/envs/airflow_sqlite_env/lib/python3.9/site-packages/airflow/example_dags/example_dataset_alias_with_no_taskflow.py
[2024-10-13T21:17:04.071-0400] {processor.py:925} INFO - DAG(s) 'dataset_s3_bucket_producer_with_no_taskflow', 'dataset_alias_example_alias_producer_with_no_taskflow', 'dataset_s3_bucket_consumer_with_no_taskflow', 'dataset_alias_example_alias_consumer_with_no_taskflow' retrieved from /Users/karenwang/anaconda3/envs/airflow_sqlite_env/lib/python3.9/site-packages/airflow/example_dags/example_dataset_alias_with_no_taskflow.py
[2024-10-13T21:17:04.105-0400] {logging_mixin.py:190} INFO - [2024-10-13T21:17:04.105-0400] {dag.py:3239} INFO - Sync 4 DAGs
[2024-10-13T21:17:04.138-0400] {logging_mixin.py:190} INFO - [2024-10-13T21:17:04.137-0400] {dag.py:4180} INFO - Setting next_dagrun for dataset_alias_example_alias_consumer_with_no_taskflow to None, run_after=None
[2024-10-13T21:17:04.141-0400] {logging_mixin.py:190} INFO - [2024-10-13T21:17:04.141-0400] {dag.py:4180} INFO - Setting next_dagrun for dataset_alias_example_alias_producer_with_no_taskflow to None, run_after=None
[2024-10-13T21:17:04.142-0400] {logging_mixin.py:190} INFO - [2024-10-13T21:17:04.142-0400] {dag.py:4180} INFO - Setting next_dagrun for dataset_s3_bucket_consumer_with_no_taskflow to None, run_after=None
[2024-10-13T21:17:04.144-0400] {logging_mixin.py:190} INFO - [2024-10-13T21:17:04.143-0400] {dag.py:4180} INFO - Setting next_dagrun for dataset_s3_bucket_producer_with_no_taskflow to None, run_after=None
[2024-10-13T21:17:04.179-0400] {processor.py:208} INFO - Processing /Users/karenwang/anaconda3/envs/airflow_sqlite_env/lib/python3.9/site-packages/airflow/example_dags/example_dataset_alias_with_no_taskflow.py took 0.465 seconds
[2024-10-13T21:24:28.157-0400] {processor.py:186} INFO - Started process (PID=51934) to work on /Users/karenwang/anaconda3/envs/airflow_sqlite_env/lib/python3.9/site-packages/airflow/example_dags/example_dataset_alias_with_no_taskflow.py
[2024-10-13T21:24:28.159-0400] {processor.py:914} INFO - Processing file /Users/karenwang/anaconda3/envs/airflow_sqlite_env/lib/python3.9/site-packages/airflow/example_dags/example_dataset_alias_with_no_taskflow.py for tasks to queue
[2024-10-13T21:24:28.160-0400] {logging_mixin.py:190} INFO - [2024-10-13T21:24:28.160-0400] {dagbag.py:588} INFO - Filling up the DagBag from /Users/karenwang/anaconda3/envs/airflow_sqlite_env/lib/python3.9/site-packages/airflow/example_dags/example_dataset_alias_with_no_taskflow.py
[2024-10-13T21:24:28.430-0400] {processor.py:925} INFO - DAG(s) 'dataset_s3_bucket_producer_with_no_taskflow', 'dataset_alias_example_alias_consumer_with_no_taskflow', 'dataset_alias_example_alias_producer_with_no_taskflow', 'dataset_s3_bucket_consumer_with_no_taskflow' retrieved from /Users/karenwang/anaconda3/envs/airflow_sqlite_env/lib/python3.9/site-packages/airflow/example_dags/example_dataset_alias_with_no_taskflow.py
[2024-10-13T21:24:28.463-0400] {logging_mixin.py:190} INFO - [2024-10-13T21:24:28.463-0400] {dag.py:3239} INFO - Sync 4 DAGs
[2024-10-13T21:24:28.492-0400] {logging_mixin.py:190} INFO - [2024-10-13T21:24:28.491-0400] {dag.py:4180} INFO - Setting next_dagrun for dataset_alias_example_alias_consumer_with_no_taskflow to None, run_after=None
[2024-10-13T21:24:28.495-0400] {logging_mixin.py:190} INFO - [2024-10-13T21:24:28.495-0400] {dag.py:4180} INFO - Setting next_dagrun for dataset_alias_example_alias_producer_with_no_taskflow to None, run_after=None
[2024-10-13T21:24:28.497-0400] {logging_mixin.py:190} INFO - [2024-10-13T21:24:28.496-0400] {dag.py:4180} INFO - Setting next_dagrun for dataset_s3_bucket_consumer_with_no_taskflow to None, run_after=None
[2024-10-13T21:24:28.498-0400] {logging_mixin.py:190} INFO - [2024-10-13T21:24:28.498-0400] {dag.py:4180} INFO - Setting next_dagrun for dataset_s3_bucket_producer_with_no_taskflow to None, run_after=None
[2024-10-13T21:24:28.526-0400] {processor.py:208} INFO - Processing /Users/karenwang/anaconda3/envs/airflow_sqlite_env/lib/python3.9/site-packages/airflow/example_dags/example_dataset_alias_with_no_taskflow.py took 0.374 seconds
[2024-10-13T21:32:08.972-0400] {processor.py:186} INFO - Started process (PID=54336) to work on /Users/karenwang/anaconda3/envs/airflow_sqlite_env/lib/python3.9/site-packages/airflow/example_dags/example_dataset_alias_with_no_taskflow.py
[2024-10-13T21:32:08.974-0400] {processor.py:914} INFO - Processing file /Users/karenwang/anaconda3/envs/airflow_sqlite_env/lib/python3.9/site-packages/airflow/example_dags/example_dataset_alias_with_no_taskflow.py for tasks to queue
[2024-10-13T21:32:08.975-0400] {logging_mixin.py:190} INFO - [2024-10-13T21:32:08.975-0400] {dagbag.py:588} INFO - Filling up the DagBag from /Users/karenwang/anaconda3/envs/airflow_sqlite_env/lib/python3.9/site-packages/airflow/example_dags/example_dataset_alias_with_no_taskflow.py
[2024-10-13T21:32:09.273-0400] {processor.py:925} INFO - DAG(s) 'dataset_s3_bucket_producer_with_no_taskflow', 'dataset_alias_example_alias_consumer_with_no_taskflow', 'dataset_alias_example_alias_producer_with_no_taskflow', 'dataset_s3_bucket_consumer_with_no_taskflow' retrieved from /Users/karenwang/anaconda3/envs/airflow_sqlite_env/lib/python3.9/site-packages/airflow/example_dags/example_dataset_alias_with_no_taskflow.py
[2024-10-13T21:32:09.306-0400] {logging_mixin.py:190} INFO - [2024-10-13T21:32:09.305-0400] {dag.py:3239} INFO - Sync 4 DAGs
[2024-10-13T21:32:09.333-0400] {logging_mixin.py:190} INFO - [2024-10-13T21:32:09.333-0400] {dag.py:4180} INFO - Setting next_dagrun for dataset_alias_example_alias_consumer_with_no_taskflow to None, run_after=None
[2024-10-13T21:32:09.337-0400] {logging_mixin.py:190} INFO - [2024-10-13T21:32:09.337-0400] {dag.py:4180} INFO - Setting next_dagrun for dataset_alias_example_alias_producer_with_no_taskflow to None, run_after=None
[2024-10-13T21:32:09.339-0400] {logging_mixin.py:190} INFO - [2024-10-13T21:32:09.338-0400] {dag.py:4180} INFO - Setting next_dagrun for dataset_s3_bucket_consumer_with_no_taskflow to None, run_after=None
[2024-10-13T21:32:09.340-0400] {logging_mixin.py:190} INFO - [2024-10-13T21:32:09.340-0400] {dag.py:4180} INFO - Setting next_dagrun for dataset_s3_bucket_producer_with_no_taskflow to None, run_after=None
[2024-10-13T21:32:09.366-0400] {processor.py:208} INFO - Processing /Users/karenwang/anaconda3/envs/airflow_sqlite_env/lib/python3.9/site-packages/airflow/example_dags/example_dataset_alias_with_no_taskflow.py took 0.400 seconds
[2024-10-13T21:39:54.149-0400] {processor.py:186} INFO - Started process (PID=56774) to work on /Users/karenwang/anaconda3/envs/airflow_sqlite_env/lib/python3.9/site-packages/airflow/example_dags/example_dataset_alias_with_no_taskflow.py
[2024-10-13T21:39:54.150-0400] {processor.py:914} INFO - Processing file /Users/karenwang/anaconda3/envs/airflow_sqlite_env/lib/python3.9/site-packages/airflow/example_dags/example_dataset_alias_with_no_taskflow.py for tasks to queue
[2024-10-13T21:39:54.151-0400] {logging_mixin.py:190} INFO - [2024-10-13T21:39:54.151-0400] {dagbag.py:588} INFO - Filling up the DagBag from /Users/karenwang/anaconda3/envs/airflow_sqlite_env/lib/python3.9/site-packages/airflow/example_dags/example_dataset_alias_with_no_taskflow.py
[2024-10-13T21:39:54.438-0400] {processor.py:925} INFO - DAG(s) 'dataset_s3_bucket_consumer_with_no_taskflow', 'dataset_alias_example_alias_producer_with_no_taskflow', 'dataset_s3_bucket_producer_with_no_taskflow', 'dataset_alias_example_alias_consumer_with_no_taskflow' retrieved from /Users/karenwang/anaconda3/envs/airflow_sqlite_env/lib/python3.9/site-packages/airflow/example_dags/example_dataset_alias_with_no_taskflow.py
[2024-10-13T21:39:54.465-0400] {logging_mixin.py:190} INFO - [2024-10-13T21:39:54.465-0400] {dag.py:3239} INFO - Sync 4 DAGs
[2024-10-13T21:39:54.486-0400] {logging_mixin.py:190} INFO - [2024-10-13T21:39:54.486-0400] {dag.py:4180} INFO - Setting next_dagrun for dataset_alias_example_alias_consumer_with_no_taskflow to None, run_after=None
[2024-10-13T21:39:54.489-0400] {logging_mixin.py:190} INFO - [2024-10-13T21:39:54.489-0400] {dag.py:4180} INFO - Setting next_dagrun for dataset_alias_example_alias_producer_with_no_taskflow to None, run_after=None
[2024-10-13T21:39:54.490-0400] {logging_mixin.py:190} INFO - [2024-10-13T21:39:54.490-0400] {dag.py:4180} INFO - Setting next_dagrun for dataset_s3_bucket_consumer_with_no_taskflow to None, run_after=None
[2024-10-13T21:39:54.492-0400] {logging_mixin.py:190} INFO - [2024-10-13T21:39:54.492-0400] {dag.py:4180} INFO - Setting next_dagrun for dataset_s3_bucket_producer_with_no_taskflow to None, run_after=None
[2024-10-13T21:39:54.521-0400] {processor.py:208} INFO - Processing /Users/karenwang/anaconda3/envs/airflow_sqlite_env/lib/python3.9/site-packages/airflow/example_dags/example_dataset_alias_with_no_taskflow.py took 0.378 seconds
[2024-10-13T21:47:46.098-0400] {processor.py:186} INFO - Started process (PID=59187) to work on /Users/karenwang/anaconda3/envs/airflow_sqlite_env/lib/python3.9/site-packages/airflow/example_dags/example_dataset_alias_with_no_taskflow.py
[2024-10-13T21:47:46.100-0400] {processor.py:914} INFO - Processing file /Users/karenwang/anaconda3/envs/airflow_sqlite_env/lib/python3.9/site-packages/airflow/example_dags/example_dataset_alias_with_no_taskflow.py for tasks to queue
[2024-10-13T21:47:46.102-0400] {logging_mixin.py:190} INFO - [2024-10-13T21:47:46.102-0400] {dagbag.py:588} INFO - Filling up the DagBag from /Users/karenwang/anaconda3/envs/airflow_sqlite_env/lib/python3.9/site-packages/airflow/example_dags/example_dataset_alias_with_no_taskflow.py
[2024-10-13T21:47:46.387-0400] {processor.py:925} INFO - DAG(s) 'dataset_alias_example_alias_consumer_with_no_taskflow', 'dataset_s3_bucket_consumer_with_no_taskflow', 'dataset_alias_example_alias_producer_with_no_taskflow', 'dataset_s3_bucket_producer_with_no_taskflow' retrieved from /Users/karenwang/anaconda3/envs/airflow_sqlite_env/lib/python3.9/site-packages/airflow/example_dags/example_dataset_alias_with_no_taskflow.py
[2024-10-13T21:47:46.422-0400] {logging_mixin.py:190} INFO - [2024-10-13T21:47:46.421-0400] {dag.py:3239} INFO - Sync 4 DAGs
[2024-10-13T21:47:46.445-0400] {logging_mixin.py:190} INFO - [2024-10-13T21:47:46.445-0400] {dag.py:4180} INFO - Setting next_dagrun for dataset_alias_example_alias_consumer_with_no_taskflow to None, run_after=None
[2024-10-13T21:47:46.448-0400] {logging_mixin.py:190} INFO - [2024-10-13T21:47:46.448-0400] {dag.py:4180} INFO - Setting next_dagrun for dataset_alias_example_alias_producer_with_no_taskflow to None, run_after=None
[2024-10-13T21:47:46.449-0400] {logging_mixin.py:190} INFO - [2024-10-13T21:47:46.449-0400] {dag.py:4180} INFO - Setting next_dagrun for dataset_s3_bucket_consumer_with_no_taskflow to None, run_after=None
[2024-10-13T21:47:46.451-0400] {logging_mixin.py:190} INFO - [2024-10-13T21:47:46.450-0400] {dag.py:4180} INFO - Setting next_dagrun for dataset_s3_bucket_producer_with_no_taskflow to None, run_after=None
[2024-10-13T21:47:46.480-0400] {processor.py:208} INFO - Processing /Users/karenwang/anaconda3/envs/airflow_sqlite_env/lib/python3.9/site-packages/airflow/example_dags/example_dataset_alias_with_no_taskflow.py took 0.387 seconds
[2024-10-13T21:55:49.069-0400] {processor.py:186} INFO - Started process (PID=61707) to work on /Users/karenwang/anaconda3/envs/airflow_sqlite_env/lib/python3.9/site-packages/airflow/example_dags/example_dataset_alias_with_no_taskflow.py
[2024-10-13T21:55:49.070-0400] {processor.py:914} INFO - Processing file /Users/karenwang/anaconda3/envs/airflow_sqlite_env/lib/python3.9/site-packages/airflow/example_dags/example_dataset_alias_with_no_taskflow.py for tasks to queue
[2024-10-13T21:55:49.072-0400] {logging_mixin.py:190} INFO - [2024-10-13T21:55:49.071-0400] {dagbag.py:588} INFO - Filling up the DagBag from /Users/karenwang/anaconda3/envs/airflow_sqlite_env/lib/python3.9/site-packages/airflow/example_dags/example_dataset_alias_with_no_taskflow.py
[2024-10-13T21:55:49.375-0400] {processor.py:925} INFO - DAG(s) 'dataset_s3_bucket_producer_with_no_taskflow', 'dataset_alias_example_alias_producer_with_no_taskflow', 'dataset_s3_bucket_consumer_with_no_taskflow', 'dataset_alias_example_alias_consumer_with_no_taskflow' retrieved from /Users/karenwang/anaconda3/envs/airflow_sqlite_env/lib/python3.9/site-packages/airflow/example_dags/example_dataset_alias_with_no_taskflow.py
[2024-10-13T21:55:49.407-0400] {logging_mixin.py:190} INFO - [2024-10-13T21:55:49.407-0400] {dag.py:3239} INFO - Sync 4 DAGs
[2024-10-13T21:55:49.438-0400] {logging_mixin.py:190} INFO - [2024-10-13T21:55:49.438-0400] {dag.py:4180} INFO - Setting next_dagrun for dataset_alias_example_alias_consumer_with_no_taskflow to None, run_after=None
[2024-10-13T21:55:49.441-0400] {logging_mixin.py:190} INFO - [2024-10-13T21:55:49.441-0400] {dag.py:4180} INFO - Setting next_dagrun for dataset_alias_example_alias_producer_with_no_taskflow to None, run_after=None
[2024-10-13T21:55:49.443-0400] {logging_mixin.py:190} INFO - [2024-10-13T21:55:49.443-0400] {dag.py:4180} INFO - Setting next_dagrun for dataset_s3_bucket_consumer_with_no_taskflow to None, run_after=None
[2024-10-13T21:55:49.444-0400] {logging_mixin.py:190} INFO - [2024-10-13T21:55:49.444-0400] {dag.py:4180} INFO - Setting next_dagrun for dataset_s3_bucket_producer_with_no_taskflow to None, run_after=None
[2024-10-13T21:55:49.472-0400] {processor.py:208} INFO - Processing /Users/karenwang/anaconda3/envs/airflow_sqlite_env/lib/python3.9/site-packages/airflow/example_dags/example_dataset_alias_with_no_taskflow.py took 0.410 seconds
[2024-10-13T22:03:35.617-0400] {processor.py:186} INFO - Started process (PID=64109) to work on /Users/karenwang/anaconda3/envs/airflow_sqlite_env/lib/python3.9/site-packages/airflow/example_dags/example_dataset_alias_with_no_taskflow.py
[2024-10-13T22:03:35.618-0400] {processor.py:914} INFO - Processing file /Users/karenwang/anaconda3/envs/airflow_sqlite_env/lib/python3.9/site-packages/airflow/example_dags/example_dataset_alias_with_no_taskflow.py for tasks to queue
[2024-10-13T22:03:35.620-0400] {logging_mixin.py:190} INFO - [2024-10-13T22:03:35.620-0400] {dagbag.py:588} INFO - Filling up the DagBag from /Users/karenwang/anaconda3/envs/airflow_sqlite_env/lib/python3.9/site-packages/airflow/example_dags/example_dataset_alias_with_no_taskflow.py
[2024-10-13T22:03:35.891-0400] {processor.py:925} INFO - DAG(s) 'dataset_s3_bucket_producer_with_no_taskflow', 'dataset_alias_example_alias_producer_with_no_taskflow', 'dataset_alias_example_alias_consumer_with_no_taskflow', 'dataset_s3_bucket_consumer_with_no_taskflow' retrieved from /Users/karenwang/anaconda3/envs/airflow_sqlite_env/lib/python3.9/site-packages/airflow/example_dags/example_dataset_alias_with_no_taskflow.py
[2024-10-13T22:03:35.921-0400] {logging_mixin.py:190} INFO - [2024-10-13T22:03:35.921-0400] {dag.py:3239} INFO - Sync 4 DAGs
[2024-10-13T22:03:35.949-0400] {logging_mixin.py:190} INFO - [2024-10-13T22:03:35.949-0400] {dag.py:4180} INFO - Setting next_dagrun for dataset_alias_example_alias_consumer_with_no_taskflow to None, run_after=None
[2024-10-13T22:03:35.952-0400] {logging_mixin.py:190} INFO - [2024-10-13T22:03:35.951-0400] {dag.py:4180} INFO - Setting next_dagrun for dataset_alias_example_alias_producer_with_no_taskflow to None, run_after=None
[2024-10-13T22:03:35.953-0400] {logging_mixin.py:190} INFO - [2024-10-13T22:03:35.953-0400] {dag.py:4180} INFO - Setting next_dagrun for dataset_s3_bucket_consumer_with_no_taskflow to None, run_after=None
[2024-10-13T22:03:35.955-0400] {logging_mixin.py:190} INFO - [2024-10-13T22:03:35.955-0400] {dag.py:4180} INFO - Setting next_dagrun for dataset_s3_bucket_producer_with_no_taskflow to None, run_after=None
[2024-10-13T22:03:35.988-0400] {processor.py:208} INFO - Processing /Users/karenwang/anaconda3/envs/airflow_sqlite_env/lib/python3.9/site-packages/airflow/example_dags/example_dataset_alias_with_no_taskflow.py took 0.377 seconds
[2024-10-13T22:11:17.545-0400] {processor.py:186} INFO - Started process (PID=66486) to work on /Users/karenwang/anaconda3/envs/airflow_sqlite_env/lib/python3.9/site-packages/airflow/example_dags/example_dataset_alias_with_no_taskflow.py
[2024-10-13T22:11:17.547-0400] {processor.py:914} INFO - Processing file /Users/karenwang/anaconda3/envs/airflow_sqlite_env/lib/python3.9/site-packages/airflow/example_dags/example_dataset_alias_with_no_taskflow.py for tasks to queue
[2024-10-13T22:11:17.548-0400] {logging_mixin.py:190} INFO - [2024-10-13T22:11:17.548-0400] {dagbag.py:588} INFO - Filling up the DagBag from /Users/karenwang/anaconda3/envs/airflow_sqlite_env/lib/python3.9/site-packages/airflow/example_dags/example_dataset_alias_with_no_taskflow.py
[2024-10-13T22:11:17.849-0400] {processor.py:925} INFO - DAG(s) 'dataset_alias_example_alias_producer_with_no_taskflow', 'dataset_s3_bucket_consumer_with_no_taskflow', 'dataset_alias_example_alias_consumer_with_no_taskflow', 'dataset_s3_bucket_producer_with_no_taskflow' retrieved from /Users/karenwang/anaconda3/envs/airflow_sqlite_env/lib/python3.9/site-packages/airflow/example_dags/example_dataset_alias_with_no_taskflow.py
[2024-10-13T22:11:17.879-0400] {logging_mixin.py:190} INFO - [2024-10-13T22:11:17.878-0400] {dag.py:3239} INFO - Sync 4 DAGs
[2024-10-13T22:11:17.908-0400] {logging_mixin.py:190} INFO - [2024-10-13T22:11:17.907-0400] {dag.py:4180} INFO - Setting next_dagrun for dataset_alias_example_alias_consumer_with_no_taskflow to None, run_after=None
[2024-10-13T22:11:17.911-0400] {logging_mixin.py:190} INFO - [2024-10-13T22:11:17.911-0400] {dag.py:4180} INFO - Setting next_dagrun for dataset_alias_example_alias_producer_with_no_taskflow to None, run_after=None
[2024-10-13T22:11:17.913-0400] {logging_mixin.py:190} INFO - [2024-10-13T22:11:17.912-0400] {dag.py:4180} INFO - Setting next_dagrun for dataset_s3_bucket_consumer_with_no_taskflow to None, run_after=None
[2024-10-13T22:11:17.914-0400] {logging_mixin.py:190} INFO - [2024-10-13T22:11:17.914-0400] {dag.py:4180} INFO - Setting next_dagrun for dataset_s3_bucket_producer_with_no_taskflow to None, run_after=None
[2024-10-13T22:11:17.946-0400] {processor.py:208} INFO - Processing /Users/karenwang/anaconda3/envs/airflow_sqlite_env/lib/python3.9/site-packages/airflow/example_dags/example_dataset_alias_with_no_taskflow.py took 0.406 seconds
[2024-10-13T22:19:13.285-0400] {processor.py:186} INFO - Started process (PID=68923) to work on /Users/karenwang/anaconda3/envs/airflow_sqlite_env/lib/python3.9/site-packages/airflow/example_dags/example_dataset_alias_with_no_taskflow.py
[2024-10-13T22:19:13.287-0400] {processor.py:914} INFO - Processing file /Users/karenwang/anaconda3/envs/airflow_sqlite_env/lib/python3.9/site-packages/airflow/example_dags/example_dataset_alias_with_no_taskflow.py for tasks to queue
[2024-10-13T22:19:13.288-0400] {logging_mixin.py:190} INFO - [2024-10-13T22:19:13.288-0400] {dagbag.py:588} INFO - Filling up the DagBag from /Users/karenwang/anaconda3/envs/airflow_sqlite_env/lib/python3.9/site-packages/airflow/example_dags/example_dataset_alias_with_no_taskflow.py
[2024-10-13T22:19:13.613-0400] {processor.py:925} INFO - DAG(s) 'dataset_s3_bucket_consumer_with_no_taskflow', 'dataset_alias_example_alias_producer_with_no_taskflow', 'dataset_s3_bucket_producer_with_no_taskflow', 'dataset_alias_example_alias_consumer_with_no_taskflow' retrieved from /Users/karenwang/anaconda3/envs/airflow_sqlite_env/lib/python3.9/site-packages/airflow/example_dags/example_dataset_alias_with_no_taskflow.py
[2024-10-13T22:19:13.652-0400] {logging_mixin.py:190} INFO - [2024-10-13T22:19:13.652-0400] {dag.py:3239} INFO - Sync 4 DAGs
[2024-10-13T22:19:13.682-0400] {logging_mixin.py:190} INFO - [2024-10-13T22:19:13.681-0400] {dag.py:4180} INFO - Setting next_dagrun for dataset_alias_example_alias_consumer_with_no_taskflow to None, run_after=None
[2024-10-13T22:19:13.685-0400] {logging_mixin.py:190} INFO - [2024-10-13T22:19:13.685-0400] {dag.py:4180} INFO - Setting next_dagrun for dataset_alias_example_alias_producer_with_no_taskflow to None, run_after=None
[2024-10-13T22:19:13.686-0400] {logging_mixin.py:190} INFO - [2024-10-13T22:19:13.686-0400] {dag.py:4180} INFO - Setting next_dagrun for dataset_s3_bucket_consumer_with_no_taskflow to None, run_after=None
[2024-10-13T22:19:13.688-0400] {logging_mixin.py:190} INFO - [2024-10-13T22:19:13.687-0400] {dag.py:4180} INFO - Setting next_dagrun for dataset_s3_bucket_producer_with_no_taskflow to None, run_after=None
[2024-10-13T22:19:13.721-0400] {processor.py:208} INFO - Processing /Users/karenwang/anaconda3/envs/airflow_sqlite_env/lib/python3.9/site-packages/airflow/example_dags/example_dataset_alias_with_no_taskflow.py took 0.442 seconds
[2024-10-13T22:27:33.140-0400] {processor.py:186} INFO - Started process (PID=71575) to work on /Users/karenwang/anaconda3/envs/airflow_sqlite_env/lib/python3.9/site-packages/airflow/example_dags/example_dataset_alias_with_no_taskflow.py
[2024-10-13T22:27:33.141-0400] {processor.py:914} INFO - Processing file /Users/karenwang/anaconda3/envs/airflow_sqlite_env/lib/python3.9/site-packages/airflow/example_dags/example_dataset_alias_with_no_taskflow.py for tasks to queue
[2024-10-13T22:27:33.143-0400] {logging_mixin.py:190} INFO - [2024-10-13T22:27:33.143-0400] {dagbag.py:588} INFO - Filling up the DagBag from /Users/karenwang/anaconda3/envs/airflow_sqlite_env/lib/python3.9/site-packages/airflow/example_dags/example_dataset_alias_with_no_taskflow.py
[2024-10-13T22:27:33.453-0400] {processor.py:925} INFO - DAG(s) 'dataset_s3_bucket_producer_with_no_taskflow', 'dataset_alias_example_alias_producer_with_no_taskflow', 'dataset_alias_example_alias_consumer_with_no_taskflow', 'dataset_s3_bucket_consumer_with_no_taskflow' retrieved from /Users/karenwang/anaconda3/envs/airflow_sqlite_env/lib/python3.9/site-packages/airflow/example_dags/example_dataset_alias_with_no_taskflow.py
[2024-10-13T22:27:33.492-0400] {logging_mixin.py:190} INFO - [2024-10-13T22:27:33.492-0400] {dag.py:3239} INFO - Sync 4 DAGs
[2024-10-13T22:27:33.522-0400] {logging_mixin.py:190} INFO - [2024-10-13T22:27:33.521-0400] {dag.py:4180} INFO - Setting next_dagrun for dataset_alias_example_alias_consumer_with_no_taskflow to None, run_after=None
[2024-10-13T22:27:33.525-0400] {logging_mixin.py:190} INFO - [2024-10-13T22:27:33.525-0400] {dag.py:4180} INFO - Setting next_dagrun for dataset_alias_example_alias_producer_with_no_taskflow to None, run_after=None
[2024-10-13T22:27:33.527-0400] {logging_mixin.py:190} INFO - [2024-10-13T22:27:33.526-0400] {dag.py:4180} INFO - Setting next_dagrun for dataset_s3_bucket_consumer_with_no_taskflow to None, run_after=None
[2024-10-13T22:27:33.528-0400] {logging_mixin.py:190} INFO - [2024-10-13T22:27:33.528-0400] {dag.py:4180} INFO - Setting next_dagrun for dataset_s3_bucket_producer_with_no_taskflow to None, run_after=None
[2024-10-13T22:27:33.559-0400] {processor.py:208} INFO - Processing /Users/karenwang/anaconda3/envs/airflow_sqlite_env/lib/python3.9/site-packages/airflow/example_dags/example_dataset_alias_with_no_taskflow.py took 0.426 seconds
[2024-10-13T22:37:25.018-0400] {processor.py:186} INFO - Started process (PID=74913) to work on /Users/karenwang/anaconda3/envs/airflow_sqlite_env/lib/python3.9/site-packages/airflow/example_dags/example_dataset_alias_with_no_taskflow.py
[2024-10-13T22:37:25.020-0400] {processor.py:914} INFO - Processing file /Users/karenwang/anaconda3/envs/airflow_sqlite_env/lib/python3.9/site-packages/airflow/example_dags/example_dataset_alias_with_no_taskflow.py for tasks to queue
[2024-10-13T22:37:25.022-0400] {logging_mixin.py:190} INFO - [2024-10-13T22:37:25.022-0400] {dagbag.py:588} INFO - Filling up the DagBag from /Users/karenwang/anaconda3/envs/airflow_sqlite_env/lib/python3.9/site-packages/airflow/example_dags/example_dataset_alias_with_no_taskflow.py
[2024-10-13T22:37:25.319-0400] {processor.py:925} INFO - DAG(s) 'dataset_s3_bucket_producer_with_no_taskflow', 'dataset_alias_example_alias_producer_with_no_taskflow', 'dataset_s3_bucket_consumer_with_no_taskflow', 'dataset_alias_example_alias_consumer_with_no_taskflow' retrieved from /Users/karenwang/anaconda3/envs/airflow_sqlite_env/lib/python3.9/site-packages/airflow/example_dags/example_dataset_alias_with_no_taskflow.py
[2024-10-13T22:37:25.352-0400] {logging_mixin.py:190} INFO - [2024-10-13T22:37:25.351-0400] {dag.py:3239} INFO - Sync 4 DAGs
[2024-10-13T22:37:25.381-0400] {logging_mixin.py:190} INFO - [2024-10-13T22:37:25.381-0400] {dag.py:4180} INFO - Setting next_dagrun for dataset_alias_example_alias_consumer_with_no_taskflow to None, run_after=None
[2024-10-13T22:37:25.385-0400] {logging_mixin.py:190} INFO - [2024-10-13T22:37:25.385-0400] {dag.py:4180} INFO - Setting next_dagrun for dataset_alias_example_alias_producer_with_no_taskflow to None, run_after=None
[2024-10-13T22:37:25.386-0400] {logging_mixin.py:190} INFO - [2024-10-13T22:37:25.386-0400] {dag.py:4180} INFO - Setting next_dagrun for dataset_s3_bucket_consumer_with_no_taskflow to None, run_after=None
[2024-10-13T22:37:25.387-0400] {logging_mixin.py:190} INFO - [2024-10-13T22:37:25.387-0400] {dag.py:4180} INFO - Setting next_dagrun for dataset_s3_bucket_producer_with_no_taskflow to None, run_after=None
[2024-10-13T22:37:25.419-0400] {processor.py:208} INFO - Processing /Users/karenwang/anaconda3/envs/airflow_sqlite_env/lib/python3.9/site-packages/airflow/example_dags/example_dataset_alias_with_no_taskflow.py took 0.407 seconds
