[2024-10-13T20:00:45.760-0400] {processor.py:186} INFO - Started process (PID=25343) to work on /Users/karenwang/anaconda3/envs/airflow_sqlite_env/lib/python3.9/site-packages/airflow/example_dags/example_xcom.py
[2024-10-13T20:00:45.761-0400] {processor.py:914} INFO - Processing file /Users/karenwang/anaconda3/envs/airflow_sqlite_env/lib/python3.9/site-packages/airflow/example_dags/example_xcom.py for tasks to queue
[2024-10-13T20:00:45.763-0400] {logging_mixin.py:190} INFO - [2024-10-13T20:00:45.762-0400] {dagbag.py:588} INFO - Filling up the DagBag from /Users/karenwang/anaconda3/envs/airflow_sqlite_env/lib/python3.9/site-packages/airflow/example_dags/example_xcom.py
[2024-10-13T20:00:45.870-0400] {processor.py:925} INFO - DAG(s) 'example_xcom' retrieved from /Users/karenwang/anaconda3/envs/airflow_sqlite_env/lib/python3.9/site-packages/airflow/example_dags/example_xcom.py
[2024-10-13T20:00:46.041-0400] {logging_mixin.py:190} INFO - [2024-10-13T20:00:46.040-0400] {dag.py:3239} INFO - Sync 1 DAGs
[2024-10-13T20:00:46.068-0400] {logging_mixin.py:190} INFO - [2024-10-13T20:00:46.068-0400] {dag.py:4180} INFO - Setting next_dagrun for example_xcom to 2021-01-01 00:00:00+00:00, run_after=2021-01-01 00:00:00+00:00
[2024-10-13T20:00:46.090-0400] {processor.py:208} INFO - Processing /Users/karenwang/anaconda3/envs/airflow_sqlite_env/lib/python3.9/site-packages/airflow/example_dags/example_xcom.py took 0.337 seconds
[2024-10-13T20:04:52.741-0400] {processor.py:186} INFO - Started process (PID=26639) to work on /Users/karenwang/anaconda3/envs/airflow_sqlite_env/lib/python3.9/site-packages/airflow/example_dags/example_xcom.py
[2024-10-13T20:04:52.742-0400] {processor.py:914} INFO - Processing file /Users/karenwang/anaconda3/envs/airflow_sqlite_env/lib/python3.9/site-packages/airflow/example_dags/example_xcom.py for tasks to queue
[2024-10-13T20:04:52.744-0400] {logging_mixin.py:190} INFO - [2024-10-13T20:04:52.743-0400] {dagbag.py:588} INFO - Filling up the DagBag from /Users/karenwang/anaconda3/envs/airflow_sqlite_env/lib/python3.9/site-packages/airflow/example_dags/example_xcom.py
[2024-10-13T20:04:52.852-0400] {processor.py:925} INFO - DAG(s) 'example_xcom' retrieved from /Users/karenwang/anaconda3/envs/airflow_sqlite_env/lib/python3.9/site-packages/airflow/example_dags/example_xcom.py
[2024-10-13T20:04:53.017-0400] {logging_mixin.py:190} INFO - [2024-10-13T20:04:53.016-0400] {dag.py:3239} INFO - Sync 1 DAGs
[2024-10-13T20:04:53.042-0400] {logging_mixin.py:190} INFO - [2024-10-13T20:04:53.042-0400] {dag.py:4180} INFO - Setting next_dagrun for example_xcom to 2021-01-01 00:00:00+00:00, run_after=2021-01-01 00:00:00+00:00
[2024-10-13T20:04:53.066-0400] {processor.py:208} INFO - Processing /Users/karenwang/anaconda3/envs/airflow_sqlite_env/lib/python3.9/site-packages/airflow/example_dags/example_xcom.py took 0.331 seconds
[2024-10-13T20:08:56.790-0400] {processor.py:186} INFO - Started process (PID=27888) to work on /Users/karenwang/anaconda3/envs/airflow_sqlite_env/lib/python3.9/site-packages/airflow/example_dags/example_xcom.py
[2024-10-13T20:08:56.792-0400] {processor.py:914} INFO - Processing file /Users/karenwang/anaconda3/envs/airflow_sqlite_env/lib/python3.9/site-packages/airflow/example_dags/example_xcom.py for tasks to queue
[2024-10-13T20:08:56.794-0400] {logging_mixin.py:190} INFO - [2024-10-13T20:08:56.793-0400] {dagbag.py:588} INFO - Filling up the DagBag from /Users/karenwang/anaconda3/envs/airflow_sqlite_env/lib/python3.9/site-packages/airflow/example_dags/example_xcom.py
[2024-10-13T20:08:56.890-0400] {processor.py:925} INFO - DAG(s) 'example_xcom' retrieved from /Users/karenwang/anaconda3/envs/airflow_sqlite_env/lib/python3.9/site-packages/airflow/example_dags/example_xcom.py
[2024-10-13T20:08:57.070-0400] {logging_mixin.py:190} INFO - [2024-10-13T20:08:57.069-0400] {dag.py:3239} INFO - Sync 1 DAGs
[2024-10-13T20:08:57.094-0400] {logging_mixin.py:190} INFO - [2024-10-13T20:08:57.093-0400] {dag.py:4180} INFO - Setting next_dagrun for example_xcom to 2021-01-01 00:00:00+00:00, run_after=2021-01-01 00:00:00+00:00
[2024-10-13T20:08:57.117-0400] {processor.py:208} INFO - Processing /Users/karenwang/anaconda3/envs/airflow_sqlite_env/lib/python3.9/site-packages/airflow/example_dags/example_xcom.py took 0.332 seconds
[2024-10-13T20:12:52.988-0400] {processor.py:186} INFO - Started process (PID=29090) to work on /Users/karenwang/anaconda3/envs/airflow_sqlite_env/lib/python3.9/site-packages/airflow/example_dags/example_xcom.py
[2024-10-13T20:12:52.989-0400] {processor.py:914} INFO - Processing file /Users/karenwang/anaconda3/envs/airflow_sqlite_env/lib/python3.9/site-packages/airflow/example_dags/example_xcom.py for tasks to queue
[2024-10-13T20:12:52.991-0400] {logging_mixin.py:190} INFO - [2024-10-13T20:12:52.991-0400] {dagbag.py:588} INFO - Filling up the DagBag from /Users/karenwang/anaconda3/envs/airflow_sqlite_env/lib/python3.9/site-packages/airflow/example_dags/example_xcom.py
[2024-10-13T20:12:53.098-0400] {processor.py:925} INFO - DAG(s) 'example_xcom' retrieved from /Users/karenwang/anaconda3/envs/airflow_sqlite_env/lib/python3.9/site-packages/airflow/example_dags/example_xcom.py
[2024-10-13T20:12:53.288-0400] {logging_mixin.py:190} INFO - [2024-10-13T20:12:53.288-0400] {dag.py:3239} INFO - Sync 1 DAGs
[2024-10-13T20:12:53.314-0400] {logging_mixin.py:190} INFO - [2024-10-13T20:12:53.314-0400] {dag.py:4180} INFO - Setting next_dagrun for example_xcom to 2021-01-01 00:00:00+00:00, run_after=2021-01-01 00:00:00+00:00
[2024-10-13T20:12:53.338-0400] {processor.py:208} INFO - Processing /Users/karenwang/anaconda3/envs/airflow_sqlite_env/lib/python3.9/site-packages/airflow/example_dags/example_xcom.py took 0.356 seconds
[2024-10-13T20:17:02.357-0400] {processor.py:186} INFO - Started process (PID=30361) to work on /Users/karenwang/anaconda3/envs/airflow_sqlite_env/lib/python3.9/site-packages/airflow/example_dags/example_xcom.py
[2024-10-13T20:17:02.359-0400] {processor.py:914} INFO - Processing file /Users/karenwang/anaconda3/envs/airflow_sqlite_env/lib/python3.9/site-packages/airflow/example_dags/example_xcom.py for tasks to queue
[2024-10-13T20:17:02.360-0400] {logging_mixin.py:190} INFO - [2024-10-13T20:17:02.360-0400] {dagbag.py:588} INFO - Filling up the DagBag from /Users/karenwang/anaconda3/envs/airflow_sqlite_env/lib/python3.9/site-packages/airflow/example_dags/example_xcom.py
[2024-10-13T20:17:02.459-0400] {processor.py:925} INFO - DAG(s) 'example_xcom' retrieved from /Users/karenwang/anaconda3/envs/airflow_sqlite_env/lib/python3.9/site-packages/airflow/example_dags/example_xcom.py
[2024-10-13T20:17:02.652-0400] {logging_mixin.py:190} INFO - [2024-10-13T20:17:02.651-0400] {dag.py:3239} INFO - Sync 1 DAGs
[2024-10-13T20:17:02.672-0400] {logging_mixin.py:190} INFO - [2024-10-13T20:17:02.672-0400] {dag.py:4180} INFO - Setting next_dagrun for example_xcom to 2021-01-01 00:00:00+00:00, run_after=2021-01-01 00:00:00+00:00
[2024-10-13T20:17:02.697-0400] {processor.py:208} INFO - Processing /Users/karenwang/anaconda3/envs/airflow_sqlite_env/lib/python3.9/site-packages/airflow/example_dags/example_xcom.py took 0.345 seconds
[2024-10-13T20:21:23.245-0400] {processor.py:186} INFO - Started process (PID=31740) to work on /Users/karenwang/anaconda3/envs/airflow_sqlite_env/lib/python3.9/site-packages/airflow/example_dags/example_xcom.py
[2024-10-13T20:21:23.247-0400] {processor.py:914} INFO - Processing file /Users/karenwang/anaconda3/envs/airflow_sqlite_env/lib/python3.9/site-packages/airflow/example_dags/example_xcom.py for tasks to queue
[2024-10-13T20:21:23.248-0400] {logging_mixin.py:190} INFO - [2024-10-13T20:21:23.248-0400] {dagbag.py:588} INFO - Filling up the DagBag from /Users/karenwang/anaconda3/envs/airflow_sqlite_env/lib/python3.9/site-packages/airflow/example_dags/example_xcom.py
[2024-10-13T20:21:23.343-0400] {processor.py:925} INFO - DAG(s) 'example_xcom' retrieved from /Users/karenwang/anaconda3/envs/airflow_sqlite_env/lib/python3.9/site-packages/airflow/example_dags/example_xcom.py
[2024-10-13T20:21:23.514-0400] {logging_mixin.py:190} INFO - [2024-10-13T20:21:23.514-0400] {dag.py:3239} INFO - Sync 1 DAGs
[2024-10-13T20:21:23.540-0400] {logging_mixin.py:190} INFO - [2024-10-13T20:21:23.539-0400] {dag.py:4180} INFO - Setting next_dagrun for example_xcom to 2021-01-01 00:00:00+00:00, run_after=2021-01-01 00:00:00+00:00
[2024-10-13T20:21:23.562-0400] {processor.py:208} INFO - Processing /Users/karenwang/anaconda3/envs/airflow_sqlite_env/lib/python3.9/site-packages/airflow/example_dags/example_xcom.py took 0.323 seconds
[2024-10-13T20:27:01.035-0400] {processor.py:186} INFO - Started process (PID=33634) to work on /Users/karenwang/anaconda3/envs/airflow_sqlite_env/lib/python3.9/site-packages/airflow/example_dags/example_xcom.py
[2024-10-13T20:27:01.036-0400] {processor.py:914} INFO - Processing file /Users/karenwang/anaconda3/envs/airflow_sqlite_env/lib/python3.9/site-packages/airflow/example_dags/example_xcom.py for tasks to queue
[2024-10-13T20:27:01.038-0400] {logging_mixin.py:190} INFO - [2024-10-13T20:27:01.038-0400] {dagbag.py:588} INFO - Filling up the DagBag from /Users/karenwang/anaconda3/envs/airflow_sqlite_env/lib/python3.9/site-packages/airflow/example_dags/example_xcom.py
[2024-10-13T20:27:01.139-0400] {processor.py:925} INFO - DAG(s) 'example_xcom' retrieved from /Users/karenwang/anaconda3/envs/airflow_sqlite_env/lib/python3.9/site-packages/airflow/example_dags/example_xcom.py
[2024-10-13T20:27:01.312-0400] {logging_mixin.py:190} INFO - [2024-10-13T20:27:01.312-0400] {dag.py:3239} INFO - Sync 1 DAGs
[2024-10-13T20:27:01.336-0400] {logging_mixin.py:190} INFO - [2024-10-13T20:27:01.336-0400] {dag.py:4180} INFO - Setting next_dagrun for example_xcom to 2021-01-01 00:00:00+00:00, run_after=2021-01-01 00:00:00+00:00
[2024-10-13T20:27:01.364-0400] {processor.py:208} INFO - Processing /Users/karenwang/anaconda3/envs/airflow_sqlite_env/lib/python3.9/site-packages/airflow/example_dags/example_xcom.py took 0.334 seconds
[2024-10-13T20:31:42.367-0400] {processor.py:186} INFO - Started process (PID=35237) to work on /Users/karenwang/anaconda3/envs/airflow_sqlite_env/lib/python3.9/site-packages/airflow/example_dags/example_xcom.py
[2024-10-13T20:31:42.368-0400] {processor.py:914} INFO - Processing file /Users/karenwang/anaconda3/envs/airflow_sqlite_env/lib/python3.9/site-packages/airflow/example_dags/example_xcom.py for tasks to queue
[2024-10-13T20:31:42.369-0400] {logging_mixin.py:190} INFO - [2024-10-13T20:31:42.369-0400] {dagbag.py:588} INFO - Filling up the DagBag from /Users/karenwang/anaconda3/envs/airflow_sqlite_env/lib/python3.9/site-packages/airflow/example_dags/example_xcom.py
[2024-10-13T20:31:42.451-0400] {processor.py:925} INFO - DAG(s) 'example_xcom' retrieved from /Users/karenwang/anaconda3/envs/airflow_sqlite_env/lib/python3.9/site-packages/airflow/example_dags/example_xcom.py
[2024-10-13T20:31:42.605-0400] {logging_mixin.py:190} INFO - [2024-10-13T20:31:42.604-0400] {dag.py:3239} INFO - Sync 1 DAGs
[2024-10-13T20:31:42.629-0400] {logging_mixin.py:190} INFO - [2024-10-13T20:31:42.629-0400] {dag.py:4180} INFO - Setting next_dagrun for example_xcom to 2021-01-01 00:00:00+00:00, run_after=2021-01-01 00:00:00+00:00
[2024-10-13T20:31:42.652-0400] {processor.py:208} INFO - Processing /Users/karenwang/anaconda3/envs/airflow_sqlite_env/lib/python3.9/site-packages/airflow/example_dags/example_xcom.py took 0.292 seconds
[2024-10-13T20:35:23.048-0400] {processor.py:186} INFO - Started process (PID=36376) to work on /Users/karenwang/anaconda3/envs/airflow_sqlite_env/lib/python3.9/site-packages/airflow/example_dags/example_xcom.py
[2024-10-13T20:35:23.050-0400] {processor.py:914} INFO - Processing file /Users/karenwang/anaconda3/envs/airflow_sqlite_env/lib/python3.9/site-packages/airflow/example_dags/example_xcom.py for tasks to queue
[2024-10-13T20:35:23.051-0400] {logging_mixin.py:190} INFO - [2024-10-13T20:35:23.051-0400] {dagbag.py:588} INFO - Filling up the DagBag from /Users/karenwang/anaconda3/envs/airflow_sqlite_env/lib/python3.9/site-packages/airflow/example_dags/example_xcom.py
[2024-10-13T20:35:23.142-0400] {processor.py:925} INFO - DAG(s) 'example_xcom' retrieved from /Users/karenwang/anaconda3/envs/airflow_sqlite_env/lib/python3.9/site-packages/airflow/example_dags/example_xcom.py
[2024-10-13T20:35:23.307-0400] {logging_mixin.py:190} INFO - [2024-10-13T20:35:23.307-0400] {dag.py:3239} INFO - Sync 1 DAGs
[2024-10-13T20:35:23.332-0400] {logging_mixin.py:190} INFO - [2024-10-13T20:35:23.332-0400] {dag.py:4180} INFO - Setting next_dagrun for example_xcom to 2021-01-01 00:00:00+00:00, run_after=2021-01-01 00:00:00+00:00
[2024-10-13T20:35:23.351-0400] {processor.py:208} INFO - Processing /Users/karenwang/anaconda3/envs/airflow_sqlite_env/lib/python3.9/site-packages/airflow/example_dags/example_xcom.py took 0.308 seconds
[2024-10-13T20:39:02.917-0400] {processor.py:186} INFO - Started process (PID=37528) to work on /Users/karenwang/anaconda3/envs/airflow_sqlite_env/lib/python3.9/site-packages/airflow/example_dags/example_xcom.py
[2024-10-13T20:39:02.918-0400] {processor.py:914} INFO - Processing file /Users/karenwang/anaconda3/envs/airflow_sqlite_env/lib/python3.9/site-packages/airflow/example_dags/example_xcom.py for tasks to queue
[2024-10-13T20:39:02.920-0400] {logging_mixin.py:190} INFO - [2024-10-13T20:39:02.920-0400] {dagbag.py:588} INFO - Filling up the DagBag from /Users/karenwang/anaconda3/envs/airflow_sqlite_env/lib/python3.9/site-packages/airflow/example_dags/example_xcom.py
[2024-10-13T20:39:03.009-0400] {processor.py:925} INFO - DAG(s) 'example_xcom' retrieved from /Users/karenwang/anaconda3/envs/airflow_sqlite_env/lib/python3.9/site-packages/airflow/example_dags/example_xcom.py
[2024-10-13T20:39:03.169-0400] {logging_mixin.py:190} INFO - [2024-10-13T20:39:03.168-0400] {dag.py:3239} INFO - Sync 1 DAGs
[2024-10-13T20:39:03.194-0400] {logging_mixin.py:190} INFO - [2024-10-13T20:39:03.194-0400] {dag.py:4180} INFO - Setting next_dagrun for example_xcom to 2021-01-01 00:00:00+00:00, run_after=2021-01-01 00:00:00+00:00
[2024-10-13T20:39:03.217-0400] {processor.py:208} INFO - Processing /Users/karenwang/anaconda3/envs/airflow_sqlite_env/lib/python3.9/site-packages/airflow/example_dags/example_xcom.py took 0.306 seconds
[2024-10-13T20:42:42.526-0400] {processor.py:186} INFO - Started process (PID=38665) to work on /Users/karenwang/anaconda3/envs/airflow_sqlite_env/lib/python3.9/site-packages/airflow/example_dags/example_xcom.py
[2024-10-13T20:42:42.527-0400] {processor.py:914} INFO - Processing file /Users/karenwang/anaconda3/envs/airflow_sqlite_env/lib/python3.9/site-packages/airflow/example_dags/example_xcom.py for tasks to queue
[2024-10-13T20:42:42.528-0400] {logging_mixin.py:190} INFO - [2024-10-13T20:42:42.528-0400] {dagbag.py:588} INFO - Filling up the DagBag from /Users/karenwang/anaconda3/envs/airflow_sqlite_env/lib/python3.9/site-packages/airflow/example_dags/example_xcom.py
[2024-10-13T20:42:42.625-0400] {processor.py:925} INFO - DAG(s) 'example_xcom' retrieved from /Users/karenwang/anaconda3/envs/airflow_sqlite_env/lib/python3.9/site-packages/airflow/example_dags/example_xcom.py
[2024-10-13T20:42:42.796-0400] {logging_mixin.py:190} INFO - [2024-10-13T20:42:42.796-0400] {dag.py:3239} INFO - Sync 1 DAGs
[2024-10-13T20:42:42.827-0400] {logging_mixin.py:190} INFO - [2024-10-13T20:42:42.826-0400] {dag.py:4180} INFO - Setting next_dagrun for example_xcom to 2021-01-01 00:00:00+00:00, run_after=2021-01-01 00:00:00+00:00
[2024-10-13T20:42:42.849-0400] {processor.py:208} INFO - Processing /Users/karenwang/anaconda3/envs/airflow_sqlite_env/lib/python3.9/site-packages/airflow/example_dags/example_xcom.py took 0.330 seconds
[2024-10-13T20:46:21.649-0400] {processor.py:186} INFO - Started process (PID=39799) to work on /Users/karenwang/anaconda3/envs/airflow_sqlite_env/lib/python3.9/site-packages/airflow/example_dags/example_xcom.py
[2024-10-13T20:46:21.650-0400] {processor.py:914} INFO - Processing file /Users/karenwang/anaconda3/envs/airflow_sqlite_env/lib/python3.9/site-packages/airflow/example_dags/example_xcom.py for tasks to queue
[2024-10-13T20:46:21.652-0400] {logging_mixin.py:190} INFO - [2024-10-13T20:46:21.652-0400] {dagbag.py:588} INFO - Filling up the DagBag from /Users/karenwang/anaconda3/envs/airflow_sqlite_env/lib/python3.9/site-packages/airflow/example_dags/example_xcom.py
[2024-10-13T20:46:21.749-0400] {processor.py:925} INFO - DAG(s) 'example_xcom' retrieved from /Users/karenwang/anaconda3/envs/airflow_sqlite_env/lib/python3.9/site-packages/airflow/example_dags/example_xcom.py
[2024-10-13T20:46:21.890-0400] {logging_mixin.py:190} INFO - [2024-10-13T20:46:21.890-0400] {dag.py:3239} INFO - Sync 1 DAGs
[2024-10-13T20:46:21.914-0400] {logging_mixin.py:190} INFO - [2024-10-13T20:46:21.913-0400] {dag.py:4180} INFO - Setting next_dagrun for example_xcom to 2021-01-01 00:00:00+00:00, run_after=2021-01-01 00:00:00+00:00
[2024-10-13T20:46:21.935-0400] {processor.py:208} INFO - Processing /Users/karenwang/anaconda3/envs/airflow_sqlite_env/lib/python3.9/site-packages/airflow/example_dags/example_xcom.py took 0.291 seconds
[2024-10-13T20:50:01.293-0400] {processor.py:186} INFO - Started process (PID=40930) to work on /Users/karenwang/anaconda3/envs/airflow_sqlite_env/lib/python3.9/site-packages/airflow/example_dags/example_xcom.py
[2024-10-13T20:50:01.295-0400] {processor.py:914} INFO - Processing file /Users/karenwang/anaconda3/envs/airflow_sqlite_env/lib/python3.9/site-packages/airflow/example_dags/example_xcom.py for tasks to queue
[2024-10-13T20:50:01.296-0400] {logging_mixin.py:190} INFO - [2024-10-13T20:50:01.296-0400] {dagbag.py:588} INFO - Filling up the DagBag from /Users/karenwang/anaconda3/envs/airflow_sqlite_env/lib/python3.9/site-packages/airflow/example_dags/example_xcom.py
[2024-10-13T20:50:01.388-0400] {processor.py:925} INFO - DAG(s) 'example_xcom' retrieved from /Users/karenwang/anaconda3/envs/airflow_sqlite_env/lib/python3.9/site-packages/airflow/example_dags/example_xcom.py
[2024-10-13T20:50:01.534-0400] {logging_mixin.py:190} INFO - [2024-10-13T20:50:01.533-0400] {dag.py:3239} INFO - Sync 1 DAGs
[2024-10-13T20:50:01.559-0400] {logging_mixin.py:190} INFO - [2024-10-13T20:50:01.558-0400] {dag.py:4180} INFO - Setting next_dagrun for example_xcom to 2021-01-01 00:00:00+00:00, run_after=2021-01-01 00:00:00+00:00
[2024-10-13T20:50:01.582-0400] {processor.py:208} INFO - Processing /Users/karenwang/anaconda3/envs/airflow_sqlite_env/lib/python3.9/site-packages/airflow/example_dags/example_xcom.py took 0.294 seconds
[2024-10-13T20:53:39.649-0400] {processor.py:186} INFO - Started process (PID=42074) to work on /Users/karenwang/anaconda3/envs/airflow_sqlite_env/lib/python3.9/site-packages/airflow/example_dags/example_xcom.py
[2024-10-13T20:53:39.653-0400] {processor.py:914} INFO - Processing file /Users/karenwang/anaconda3/envs/airflow_sqlite_env/lib/python3.9/site-packages/airflow/example_dags/example_xcom.py for tasks to queue
[2024-10-13T20:53:39.655-0400] {logging_mixin.py:190} INFO - [2024-10-13T20:53:39.655-0400] {dagbag.py:588} INFO - Filling up the DagBag from /Users/karenwang/anaconda3/envs/airflow_sqlite_env/lib/python3.9/site-packages/airflow/example_dags/example_xcom.py
[2024-10-13T20:53:39.760-0400] {processor.py:925} INFO - DAG(s) 'example_xcom' retrieved from /Users/karenwang/anaconda3/envs/airflow_sqlite_env/lib/python3.9/site-packages/airflow/example_dags/example_xcom.py
[2024-10-13T20:53:39.933-0400] {logging_mixin.py:190} INFO - [2024-10-13T20:53:39.933-0400] {dag.py:3239} INFO - Sync 1 DAGs
[2024-10-13T20:53:39.960-0400] {logging_mixin.py:190} INFO - [2024-10-13T20:53:39.959-0400] {dag.py:4180} INFO - Setting next_dagrun for example_xcom to 2021-01-01 00:00:00+00:00, run_after=2021-01-01 00:00:00+00:00
[2024-10-13T20:53:39.987-0400] {processor.py:208} INFO - Processing /Users/karenwang/anaconda3/envs/airflow_sqlite_env/lib/python3.9/site-packages/airflow/example_dags/example_xcom.py took 0.344 seconds
[2024-10-13T20:57:21.217-0400] {processor.py:186} INFO - Started process (PID=43221) to work on /Users/karenwang/anaconda3/envs/airflow_sqlite_env/lib/python3.9/site-packages/airflow/example_dags/example_xcom.py
[2024-10-13T20:57:21.218-0400] {processor.py:914} INFO - Processing file /Users/karenwang/anaconda3/envs/airflow_sqlite_env/lib/python3.9/site-packages/airflow/example_dags/example_xcom.py for tasks to queue
[2024-10-13T20:57:21.219-0400] {logging_mixin.py:190} INFO - [2024-10-13T20:57:21.219-0400] {dagbag.py:588} INFO - Filling up the DagBag from /Users/karenwang/anaconda3/envs/airflow_sqlite_env/lib/python3.9/site-packages/airflow/example_dags/example_xcom.py
[2024-10-13T20:57:21.317-0400] {processor.py:925} INFO - DAG(s) 'example_xcom' retrieved from /Users/karenwang/anaconda3/envs/airflow_sqlite_env/lib/python3.9/site-packages/airflow/example_dags/example_xcom.py
[2024-10-13T20:57:21.448-0400] {logging_mixin.py:190} INFO - [2024-10-13T20:57:21.448-0400] {dag.py:3239} INFO - Sync 1 DAGs
[2024-10-13T20:57:21.467-0400] {logging_mixin.py:190} INFO - [2024-10-13T20:57:21.467-0400] {dag.py:4180} INFO - Setting next_dagrun for example_xcom to 2021-01-01 00:00:00+00:00, run_after=2021-01-01 00:00:00+00:00
[2024-10-13T20:57:21.485-0400] {processor.py:208} INFO - Processing /Users/karenwang/anaconda3/envs/airflow_sqlite_env/lib/python3.9/site-packages/airflow/example_dags/example_xcom.py took 0.274 seconds
[2024-10-13T21:01:01.184-0400] {processor.py:186} INFO - Started process (PID=44357) to work on /Users/karenwang/anaconda3/envs/airflow_sqlite_env/lib/python3.9/site-packages/airflow/example_dags/example_xcom.py
[2024-10-13T21:01:01.186-0400] {processor.py:914} INFO - Processing file /Users/karenwang/anaconda3/envs/airflow_sqlite_env/lib/python3.9/site-packages/airflow/example_dags/example_xcom.py for tasks to queue
[2024-10-13T21:01:01.187-0400] {logging_mixin.py:190} INFO - [2024-10-13T21:01:01.187-0400] {dagbag.py:588} INFO - Filling up the DagBag from /Users/karenwang/anaconda3/envs/airflow_sqlite_env/lib/python3.9/site-packages/airflow/example_dags/example_xcom.py
[2024-10-13T21:01:01.277-0400] {processor.py:925} INFO - DAG(s) 'example_xcom' retrieved from /Users/karenwang/anaconda3/envs/airflow_sqlite_env/lib/python3.9/site-packages/airflow/example_dags/example_xcom.py
[2024-10-13T21:01:01.439-0400] {logging_mixin.py:190} INFO - [2024-10-13T21:01:01.439-0400] {dag.py:3239} INFO - Sync 1 DAGs
[2024-10-13T21:01:01.461-0400] {logging_mixin.py:190} INFO - [2024-10-13T21:01:01.461-0400] {dag.py:4180} INFO - Setting next_dagrun for example_xcom to 2021-01-01 00:00:00+00:00, run_after=2021-01-01 00:00:00+00:00
[2024-10-13T21:01:01.486-0400] {processor.py:208} INFO - Processing /Users/karenwang/anaconda3/envs/airflow_sqlite_env/lib/python3.9/site-packages/airflow/example_dags/example_xcom.py took 0.308 seconds
[2024-10-13T21:04:40.532-0400] {processor.py:186} INFO - Started process (PID=45492) to work on /Users/karenwang/anaconda3/envs/airflow_sqlite_env/lib/python3.9/site-packages/airflow/example_dags/example_xcom.py
[2024-10-13T21:04:40.534-0400] {processor.py:914} INFO - Processing file /Users/karenwang/anaconda3/envs/airflow_sqlite_env/lib/python3.9/site-packages/airflow/example_dags/example_xcom.py for tasks to queue
[2024-10-13T21:04:40.536-0400] {logging_mixin.py:190} INFO - [2024-10-13T21:04:40.535-0400] {dagbag.py:588} INFO - Filling up the DagBag from /Users/karenwang/anaconda3/envs/airflow_sqlite_env/lib/python3.9/site-packages/airflow/example_dags/example_xcom.py
[2024-10-13T21:04:40.625-0400] {processor.py:925} INFO - DAG(s) 'example_xcom' retrieved from /Users/karenwang/anaconda3/envs/airflow_sqlite_env/lib/python3.9/site-packages/airflow/example_dags/example_xcom.py
[2024-10-13T21:04:40.771-0400] {logging_mixin.py:190} INFO - [2024-10-13T21:04:40.771-0400] {dag.py:3239} INFO - Sync 1 DAGs
[2024-10-13T21:04:40.792-0400] {logging_mixin.py:190} INFO - [2024-10-13T21:04:40.792-0400] {dag.py:4180} INFO - Setting next_dagrun for example_xcom to 2021-01-01 00:00:00+00:00, run_after=2021-01-01 00:00:00+00:00
[2024-10-13T21:04:40.814-0400] {processor.py:208} INFO - Processing /Users/karenwang/anaconda3/envs/airflow_sqlite_env/lib/python3.9/site-packages/airflow/example_dags/example_xcom.py took 0.287 seconds
[2024-10-13T21:09:59.040-0400] {processor.py:186} INFO - Started process (PID=47226) to work on /Users/karenwang/anaconda3/envs/airflow_sqlite_env/lib/python3.9/site-packages/airflow/example_dags/example_xcom.py
[2024-10-13T21:09:59.042-0400] {processor.py:914} INFO - Processing file /Users/karenwang/anaconda3/envs/airflow_sqlite_env/lib/python3.9/site-packages/airflow/example_dags/example_xcom.py for tasks to queue
[2024-10-13T21:09:59.043-0400] {logging_mixin.py:190} INFO - [2024-10-13T21:09:59.043-0400] {dagbag.py:588} INFO - Filling up the DagBag from /Users/karenwang/anaconda3/envs/airflow_sqlite_env/lib/python3.9/site-packages/airflow/example_dags/example_xcom.py
[2024-10-13T21:09:59.152-0400] {processor.py:925} INFO - DAG(s) 'example_xcom' retrieved from /Users/karenwang/anaconda3/envs/airflow_sqlite_env/lib/python3.9/site-packages/airflow/example_dags/example_xcom.py
[2024-10-13T21:09:59.342-0400] {logging_mixin.py:190} INFO - [2024-10-13T21:09:59.342-0400] {dag.py:3239} INFO - Sync 1 DAGs
[2024-10-13T21:09:59.368-0400] {logging_mixin.py:190} INFO - [2024-10-13T21:09:59.367-0400] {dag.py:4180} INFO - Setting next_dagrun for example_xcom to 2021-01-01 00:00:00+00:00, run_after=2021-01-01 00:00:00+00:00
[2024-10-13T21:09:59.392-0400] {processor.py:208} INFO - Processing /Users/karenwang/anaconda3/envs/airflow_sqlite_env/lib/python3.9/site-packages/airflow/example_dags/example_xcom.py took 0.358 seconds
[2024-10-13T21:14:34.321-0400] {processor.py:186} INFO - Started process (PID=48661) to work on /Users/karenwang/anaconda3/envs/airflow_sqlite_env/lib/python3.9/site-packages/airflow/example_dags/example_xcom.py
[2024-10-13T21:14:34.323-0400] {processor.py:914} INFO - Processing file /Users/karenwang/anaconda3/envs/airflow_sqlite_env/lib/python3.9/site-packages/airflow/example_dags/example_xcom.py for tasks to queue
[2024-10-13T21:14:34.325-0400] {logging_mixin.py:190} INFO - [2024-10-13T21:14:34.325-0400] {dagbag.py:588} INFO - Filling up the DagBag from /Users/karenwang/anaconda3/envs/airflow_sqlite_env/lib/python3.9/site-packages/airflow/example_dags/example_xcom.py
[2024-10-13T21:14:34.422-0400] {processor.py:925} INFO - DAG(s) 'example_xcom' retrieved from /Users/karenwang/anaconda3/envs/airflow_sqlite_env/lib/python3.9/site-packages/airflow/example_dags/example_xcom.py
[2024-10-13T21:14:34.583-0400] {logging_mixin.py:190} INFO - [2024-10-13T21:14:34.582-0400] {dag.py:3239} INFO - Sync 1 DAGs
[2024-10-13T21:14:34.608-0400] {logging_mixin.py:190} INFO - [2024-10-13T21:14:34.607-0400] {dag.py:4180} INFO - Setting next_dagrun for example_xcom to 2021-01-01 00:00:00+00:00, run_after=2021-01-01 00:00:00+00:00
[2024-10-13T21:14:34.628-0400] {processor.py:208} INFO - Processing /Users/karenwang/anaconda3/envs/airflow_sqlite_env/lib/python3.9/site-packages/airflow/example_dags/example_xcom.py took 0.314 seconds
[2024-10-13T21:18:31.475-0400] {processor.py:186} INFO - Started process (PID=50105) to work on /Users/karenwang/anaconda3/envs/airflow_sqlite_env/lib/python3.9/site-packages/airflow/example_dags/example_xcom.py
[2024-10-13T21:18:31.477-0400] {processor.py:914} INFO - Processing file /Users/karenwang/anaconda3/envs/airflow_sqlite_env/lib/python3.9/site-packages/airflow/example_dags/example_xcom.py for tasks to queue
[2024-10-13T21:18:31.479-0400] {logging_mixin.py:190} INFO - [2024-10-13T21:18:31.478-0400] {dagbag.py:588} INFO - Filling up the DagBag from /Users/karenwang/anaconda3/envs/airflow_sqlite_env/lib/python3.9/site-packages/airflow/example_dags/example_xcom.py
[2024-10-13T21:18:31.586-0400] {processor.py:925} INFO - DAG(s) 'example_xcom' retrieved from /Users/karenwang/anaconda3/envs/airflow_sqlite_env/lib/python3.9/site-packages/airflow/example_dags/example_xcom.py
[2024-10-13T21:18:31.742-0400] {logging_mixin.py:190} INFO - [2024-10-13T21:18:31.742-0400] {dag.py:3239} INFO - Sync 1 DAGs
[2024-10-13T21:18:31.762-0400] {logging_mixin.py:190} INFO - [2024-10-13T21:18:31.762-0400] {dag.py:4180} INFO - Setting next_dagrun for example_xcom to 2021-01-01 00:00:00+00:00, run_after=2021-01-01 00:00:00+00:00
[2024-10-13T21:18:31.784-0400] {processor.py:208} INFO - Processing /Users/karenwang/anaconda3/envs/airflow_sqlite_env/lib/python3.9/site-packages/airflow/example_dags/example_xcom.py took 0.315 seconds
[2024-10-13T21:22:11.414-0400] {processor.py:186} INFO - Started process (PID=51247) to work on /Users/karenwang/anaconda3/envs/airflow_sqlite_env/lib/python3.9/site-packages/airflow/example_dags/example_xcom.py
[2024-10-13T21:22:11.416-0400] {processor.py:914} INFO - Processing file /Users/karenwang/anaconda3/envs/airflow_sqlite_env/lib/python3.9/site-packages/airflow/example_dags/example_xcom.py for tasks to queue
[2024-10-13T21:22:11.417-0400] {logging_mixin.py:190} INFO - [2024-10-13T21:22:11.417-0400] {dagbag.py:588} INFO - Filling up the DagBag from /Users/karenwang/anaconda3/envs/airflow_sqlite_env/lib/python3.9/site-packages/airflow/example_dags/example_xcom.py
[2024-10-13T21:22:11.516-0400] {processor.py:925} INFO - DAG(s) 'example_xcom' retrieved from /Users/karenwang/anaconda3/envs/airflow_sqlite_env/lib/python3.9/site-packages/airflow/example_dags/example_xcom.py
[2024-10-13T21:22:11.669-0400] {logging_mixin.py:190} INFO - [2024-10-13T21:22:11.668-0400] {dag.py:3239} INFO - Sync 1 DAGs
[2024-10-13T21:22:11.689-0400] {logging_mixin.py:190} INFO - [2024-10-13T21:22:11.689-0400] {dag.py:4180} INFO - Setting next_dagrun for example_xcom to 2021-01-01 00:00:00+00:00, run_after=2021-01-01 00:00:00+00:00
[2024-10-13T21:22:11.712-0400] {processor.py:208} INFO - Processing /Users/karenwang/anaconda3/envs/airflow_sqlite_env/lib/python3.9/site-packages/airflow/example_dags/example_xcom.py took 0.304 seconds
[2024-10-13T21:25:52.220-0400] {processor.py:186} INFO - Started process (PID=52384) to work on /Users/karenwang/anaconda3/envs/airflow_sqlite_env/lib/python3.9/site-packages/airflow/example_dags/example_xcom.py
[2024-10-13T21:25:52.222-0400] {processor.py:914} INFO - Processing file /Users/karenwang/anaconda3/envs/airflow_sqlite_env/lib/python3.9/site-packages/airflow/example_dags/example_xcom.py for tasks to queue
[2024-10-13T21:25:52.223-0400] {logging_mixin.py:190} INFO - [2024-10-13T21:25:52.223-0400] {dagbag.py:588} INFO - Filling up the DagBag from /Users/karenwang/anaconda3/envs/airflow_sqlite_env/lib/python3.9/site-packages/airflow/example_dags/example_xcom.py
[2024-10-13T21:25:52.312-0400] {processor.py:925} INFO - DAG(s) 'example_xcom' retrieved from /Users/karenwang/anaconda3/envs/airflow_sqlite_env/lib/python3.9/site-packages/airflow/example_dags/example_xcom.py
[2024-10-13T21:25:52.452-0400] {logging_mixin.py:190} INFO - [2024-10-13T21:25:52.452-0400] {dag.py:3239} INFO - Sync 1 DAGs
[2024-10-13T21:25:52.476-0400] {logging_mixin.py:190} INFO - [2024-10-13T21:25:52.476-0400] {dag.py:4180} INFO - Setting next_dagrun for example_xcom to 2021-01-01 00:00:00+00:00, run_after=2021-01-01 00:00:00+00:00
[2024-10-13T21:25:52.499-0400] {processor.py:208} INFO - Processing /Users/karenwang/anaconda3/envs/airflow_sqlite_env/lib/python3.9/site-packages/airflow/example_dags/example_xcom.py took 0.287 seconds
[2024-10-13T21:29:41.164-0400] {processor.py:186} INFO - Started process (PID=53582) to work on /Users/karenwang/anaconda3/envs/airflow_sqlite_env/lib/python3.9/site-packages/airflow/example_dags/example_xcom.py
[2024-10-13T21:29:41.166-0400] {processor.py:914} INFO - Processing file /Users/karenwang/anaconda3/envs/airflow_sqlite_env/lib/python3.9/site-packages/airflow/example_dags/example_xcom.py for tasks to queue
[2024-10-13T21:29:41.167-0400] {logging_mixin.py:190} INFO - [2024-10-13T21:29:41.167-0400] {dagbag.py:588} INFO - Filling up the DagBag from /Users/karenwang/anaconda3/envs/airflow_sqlite_env/lib/python3.9/site-packages/airflow/example_dags/example_xcom.py
[2024-10-13T21:29:41.304-0400] {processor.py:925} INFO - DAG(s) 'example_xcom' retrieved from /Users/karenwang/anaconda3/envs/airflow_sqlite_env/lib/python3.9/site-packages/airflow/example_dags/example_xcom.py
[2024-10-13T21:29:41.558-0400] {logging_mixin.py:190} INFO - [2024-10-13T21:29:41.558-0400] {dag.py:3239} INFO - Sync 1 DAGs
[2024-10-13T21:29:41.592-0400] {logging_mixin.py:190} INFO - [2024-10-13T21:29:41.592-0400] {dag.py:4180} INFO - Setting next_dagrun for example_xcom to 2021-01-01 00:00:00+00:00, run_after=2021-01-01 00:00:00+00:00
[2024-10-13T21:29:41.628-0400] {processor.py:208} INFO - Processing /Users/karenwang/anaconda3/envs/airflow_sqlite_env/lib/python3.9/site-packages/airflow/example_dags/example_xcom.py took 0.469 seconds
[2024-10-13T21:33:40.850-0400] {processor.py:186} INFO - Started process (PID=54817) to work on /Users/karenwang/anaconda3/envs/airflow_sqlite_env/lib/python3.9/site-packages/airflow/example_dags/example_xcom.py
[2024-10-13T21:33:40.851-0400] {processor.py:914} INFO - Processing file /Users/karenwang/anaconda3/envs/airflow_sqlite_env/lib/python3.9/site-packages/airflow/example_dags/example_xcom.py for tasks to queue
[2024-10-13T21:33:40.853-0400] {logging_mixin.py:190} INFO - [2024-10-13T21:33:40.853-0400] {dagbag.py:588} INFO - Filling up the DagBag from /Users/karenwang/anaconda3/envs/airflow_sqlite_env/lib/python3.9/site-packages/airflow/example_dags/example_xcom.py
[2024-10-13T21:33:40.955-0400] {processor.py:925} INFO - DAG(s) 'example_xcom' retrieved from /Users/karenwang/anaconda3/envs/airflow_sqlite_env/lib/python3.9/site-packages/airflow/example_dags/example_xcom.py
[2024-10-13T21:33:41.117-0400] {logging_mixin.py:190} INFO - [2024-10-13T21:33:41.116-0400] {dag.py:3239} INFO - Sync 1 DAGs
[2024-10-13T21:33:41.143-0400] {logging_mixin.py:190} INFO - [2024-10-13T21:33:41.143-0400] {dag.py:4180} INFO - Setting next_dagrun for example_xcom to 2021-01-01 00:00:00+00:00, run_after=2021-01-01 00:00:00+00:00
[2024-10-13T21:33:41.165-0400] {processor.py:208} INFO - Processing /Users/karenwang/anaconda3/envs/airflow_sqlite_env/lib/python3.9/site-packages/airflow/example_dags/example_xcom.py took 0.322 seconds
[2024-10-13T21:37:33.098-0400] {processor.py:186} INFO - Started process (PID=56054) to work on /Users/karenwang/anaconda3/envs/airflow_sqlite_env/lib/python3.9/site-packages/airflow/example_dags/example_xcom.py
[2024-10-13T21:37:33.099-0400] {processor.py:914} INFO - Processing file /Users/karenwang/anaconda3/envs/airflow_sqlite_env/lib/python3.9/site-packages/airflow/example_dags/example_xcom.py for tasks to queue
[2024-10-13T21:37:33.101-0400] {logging_mixin.py:190} INFO - [2024-10-13T21:37:33.100-0400] {dagbag.py:588} INFO - Filling up the DagBag from /Users/karenwang/anaconda3/envs/airflow_sqlite_env/lib/python3.9/site-packages/airflow/example_dags/example_xcom.py
[2024-10-13T21:37:33.204-0400] {processor.py:925} INFO - DAG(s) 'example_xcom' retrieved from /Users/karenwang/anaconda3/envs/airflow_sqlite_env/lib/python3.9/site-packages/airflow/example_dags/example_xcom.py
[2024-10-13T21:37:33.369-0400] {logging_mixin.py:190} INFO - [2024-10-13T21:37:33.369-0400] {dag.py:3239} INFO - Sync 1 DAGs
[2024-10-13T21:37:33.393-0400] {logging_mixin.py:190} INFO - [2024-10-13T21:37:33.393-0400] {dag.py:4180} INFO - Setting next_dagrun for example_xcom to 2021-01-01 00:00:00+00:00, run_after=2021-01-01 00:00:00+00:00
[2024-10-13T21:37:33.421-0400] {processor.py:208} INFO - Processing /Users/karenwang/anaconda3/envs/airflow_sqlite_env/lib/python3.9/site-packages/airflow/example_dags/example_xcom.py took 0.328 seconds
[2024-10-13T21:41:28.642-0400] {processor.py:186} INFO - Started process (PID=57267) to work on /Users/karenwang/anaconda3/envs/airflow_sqlite_env/lib/python3.9/site-packages/airflow/example_dags/example_xcom.py
[2024-10-13T21:41:28.643-0400] {processor.py:914} INFO - Processing file /Users/karenwang/anaconda3/envs/airflow_sqlite_env/lib/python3.9/site-packages/airflow/example_dags/example_xcom.py for tasks to queue
[2024-10-13T21:41:28.644-0400] {logging_mixin.py:190} INFO - [2024-10-13T21:41:28.644-0400] {dagbag.py:588} INFO - Filling up the DagBag from /Users/karenwang/anaconda3/envs/airflow_sqlite_env/lib/python3.9/site-packages/airflow/example_dags/example_xcom.py
[2024-10-13T21:41:28.740-0400] {processor.py:925} INFO - DAG(s) 'example_xcom' retrieved from /Users/karenwang/anaconda3/envs/airflow_sqlite_env/lib/python3.9/site-packages/airflow/example_dags/example_xcom.py
[2024-10-13T21:41:28.911-0400] {logging_mixin.py:190} INFO - [2024-10-13T21:41:28.910-0400] {dag.py:3239} INFO - Sync 1 DAGs
[2024-10-13T21:41:28.937-0400] {logging_mixin.py:190} INFO - [2024-10-13T21:41:28.937-0400] {dag.py:4180} INFO - Setting next_dagrun for example_xcom to 2021-01-01 00:00:00+00:00, run_after=2021-01-01 00:00:00+00:00
[2024-10-13T21:41:28.961-0400] {processor.py:208} INFO - Processing /Users/karenwang/anaconda3/envs/airflow_sqlite_env/lib/python3.9/site-packages/airflow/example_dags/example_xcom.py took 0.325 seconds
[2024-10-13T21:45:19.870-0400] {processor.py:186} INFO - Started process (PID=58446) to work on /Users/karenwang/anaconda3/envs/airflow_sqlite_env/lib/python3.9/site-packages/airflow/example_dags/example_xcom.py
[2024-10-13T21:45:19.871-0400] {processor.py:914} INFO - Processing file /Users/karenwang/anaconda3/envs/airflow_sqlite_env/lib/python3.9/site-packages/airflow/example_dags/example_xcom.py for tasks to queue
[2024-10-13T21:45:19.872-0400] {logging_mixin.py:190} INFO - [2024-10-13T21:45:19.872-0400] {dagbag.py:588} INFO - Filling up the DagBag from /Users/karenwang/anaconda3/envs/airflow_sqlite_env/lib/python3.9/site-packages/airflow/example_dags/example_xcom.py
[2024-10-13T21:45:19.967-0400] {processor.py:925} INFO - DAG(s) 'example_xcom' retrieved from /Users/karenwang/anaconda3/envs/airflow_sqlite_env/lib/python3.9/site-packages/airflow/example_dags/example_xcom.py
[2024-10-13T21:45:20.134-0400] {logging_mixin.py:190} INFO - [2024-10-13T21:45:20.133-0400] {dag.py:3239} INFO - Sync 1 DAGs
[2024-10-13T21:45:20.162-0400] {logging_mixin.py:190} INFO - [2024-10-13T21:45:20.162-0400] {dag.py:4180} INFO - Setting next_dagrun for example_xcom to 2021-01-01 00:00:00+00:00, run_after=2021-01-01 00:00:00+00:00
[2024-10-13T21:45:20.188-0400] {processor.py:208} INFO - Processing /Users/karenwang/anaconda3/envs/airflow_sqlite_env/lib/python3.9/site-packages/airflow/example_dags/example_xcom.py took 0.324 seconds
[2024-10-13T21:49:21.567-0400] {processor.py:186} INFO - Started process (PID=59725) to work on /Users/karenwang/anaconda3/envs/airflow_sqlite_env/lib/python3.9/site-packages/airflow/example_dags/example_xcom.py
[2024-10-13T21:49:21.569-0400] {processor.py:914} INFO - Processing file /Users/karenwang/anaconda3/envs/airflow_sqlite_env/lib/python3.9/site-packages/airflow/example_dags/example_xcom.py for tasks to queue
[2024-10-13T21:49:21.570-0400] {logging_mixin.py:190} INFO - [2024-10-13T21:49:21.570-0400] {dagbag.py:588} INFO - Filling up the DagBag from /Users/karenwang/anaconda3/envs/airflow_sqlite_env/lib/python3.9/site-packages/airflow/example_dags/example_xcom.py
[2024-10-13T21:49:21.675-0400] {processor.py:925} INFO - DAG(s) 'example_xcom' retrieved from /Users/karenwang/anaconda3/envs/airflow_sqlite_env/lib/python3.9/site-packages/airflow/example_dags/example_xcom.py
[2024-10-13T21:49:21.840-0400] {logging_mixin.py:190} INFO - [2024-10-13T21:49:21.839-0400] {dag.py:3239} INFO - Sync 1 DAGs
[2024-10-13T21:49:21.866-0400] {logging_mixin.py:190} INFO - [2024-10-13T21:49:21.866-0400] {dag.py:4180} INFO - Setting next_dagrun for example_xcom to 2021-01-01 00:00:00+00:00, run_after=2021-01-01 00:00:00+00:00
[2024-10-13T21:49:21.886-0400] {processor.py:208} INFO - Processing /Users/karenwang/anaconda3/envs/airflow_sqlite_env/lib/python3.9/site-packages/airflow/example_dags/example_xcom.py took 0.325 seconds
[2024-10-13T21:53:23.156-0400] {processor.py:186} INFO - Started process (PID=60960) to work on /Users/karenwang/anaconda3/envs/airflow_sqlite_env/lib/python3.9/site-packages/airflow/example_dags/example_xcom.py
[2024-10-13T21:53:23.158-0400] {processor.py:914} INFO - Processing file /Users/karenwang/anaconda3/envs/airflow_sqlite_env/lib/python3.9/site-packages/airflow/example_dags/example_xcom.py for tasks to queue
[2024-10-13T21:53:23.159-0400] {logging_mixin.py:190} INFO - [2024-10-13T21:53:23.159-0400] {dagbag.py:588} INFO - Filling up the DagBag from /Users/karenwang/anaconda3/envs/airflow_sqlite_env/lib/python3.9/site-packages/airflow/example_dags/example_xcom.py
[2024-10-13T21:53:23.268-0400] {processor.py:925} INFO - DAG(s) 'example_xcom' retrieved from /Users/karenwang/anaconda3/envs/airflow_sqlite_env/lib/python3.9/site-packages/airflow/example_dags/example_xcom.py
[2024-10-13T21:53:23.445-0400] {logging_mixin.py:190} INFO - [2024-10-13T21:53:23.445-0400] {dag.py:3239} INFO - Sync 1 DAGs
[2024-10-13T21:53:23.473-0400] {logging_mixin.py:190} INFO - [2024-10-13T21:53:23.472-0400] {dag.py:4180} INFO - Setting next_dagrun for example_xcom to 2021-01-01 00:00:00+00:00, run_after=2021-01-01 00:00:00+00:00
[2024-10-13T21:53:23.496-0400] {processor.py:208} INFO - Processing /Users/karenwang/anaconda3/envs/airflow_sqlite_env/lib/python3.9/site-packages/airflow/example_dags/example_xcom.py took 0.347 seconds
[2024-10-13T21:57:22.657-0400] {processor.py:186} INFO - Started process (PID=62200) to work on /Users/karenwang/anaconda3/envs/airflow_sqlite_env/lib/python3.9/site-packages/airflow/example_dags/example_xcom.py
[2024-10-13T21:57:22.658-0400] {processor.py:914} INFO - Processing file /Users/karenwang/anaconda3/envs/airflow_sqlite_env/lib/python3.9/site-packages/airflow/example_dags/example_xcom.py for tasks to queue
[2024-10-13T21:57:22.660-0400] {logging_mixin.py:190} INFO - [2024-10-13T21:57:22.659-0400] {dagbag.py:588} INFO - Filling up the DagBag from /Users/karenwang/anaconda3/envs/airflow_sqlite_env/lib/python3.9/site-packages/airflow/example_dags/example_xcom.py
[2024-10-13T21:57:22.758-0400] {processor.py:925} INFO - DAG(s) 'example_xcom' retrieved from /Users/karenwang/anaconda3/envs/airflow_sqlite_env/lib/python3.9/site-packages/airflow/example_dags/example_xcom.py
[2024-10-13T21:57:22.911-0400] {logging_mixin.py:190} INFO - [2024-10-13T21:57:22.911-0400] {dag.py:3239} INFO - Sync 1 DAGs
[2024-10-13T21:57:22.936-0400] {logging_mixin.py:190} INFO - [2024-10-13T21:57:22.936-0400] {dag.py:4180} INFO - Setting next_dagrun for example_xcom to 2021-01-01 00:00:00+00:00, run_after=2021-01-01 00:00:00+00:00
[2024-10-13T21:57:22.958-0400] {processor.py:208} INFO - Processing /Users/karenwang/anaconda3/envs/airflow_sqlite_env/lib/python3.9/site-packages/airflow/example_dags/example_xcom.py took 0.307 seconds
[2024-10-13T22:01:09.317-0400] {processor.py:186} INFO - Started process (PID=63358) to work on /Users/karenwang/anaconda3/envs/airflow_sqlite_env/lib/python3.9/site-packages/airflow/example_dags/example_xcom.py
[2024-10-13T22:01:09.319-0400] {processor.py:914} INFO - Processing file /Users/karenwang/anaconda3/envs/airflow_sqlite_env/lib/python3.9/site-packages/airflow/example_dags/example_xcom.py for tasks to queue
[2024-10-13T22:01:09.320-0400] {logging_mixin.py:190} INFO - [2024-10-13T22:01:09.320-0400] {dagbag.py:588} INFO - Filling up the DagBag from /Users/karenwang/anaconda3/envs/airflow_sqlite_env/lib/python3.9/site-packages/airflow/example_dags/example_xcom.py
[2024-10-13T22:01:09.407-0400] {processor.py:925} INFO - DAG(s) 'example_xcom' retrieved from /Users/karenwang/anaconda3/envs/airflow_sqlite_env/lib/python3.9/site-packages/airflow/example_dags/example_xcom.py
[2024-10-13T22:01:09.552-0400] {logging_mixin.py:190} INFO - [2024-10-13T22:01:09.552-0400] {dag.py:3239} INFO - Sync 1 DAGs
[2024-10-13T22:01:09.571-0400] {logging_mixin.py:190} INFO - [2024-10-13T22:01:09.571-0400] {dag.py:4180} INFO - Setting next_dagrun for example_xcom to 2021-01-01 00:00:00+00:00, run_after=2021-01-01 00:00:00+00:00
[2024-10-13T22:01:09.592-0400] {processor.py:208} INFO - Processing /Users/karenwang/anaconda3/envs/airflow_sqlite_env/lib/python3.9/site-packages/airflow/example_dags/example_xcom.py took 0.281 seconds
[2024-10-13T22:05:04.474-0400] {processor.py:186} INFO - Started process (PID=64573) to work on /Users/karenwang/anaconda3/envs/airflow_sqlite_env/lib/python3.9/site-packages/airflow/example_dags/example_xcom.py
[2024-10-13T22:05:04.475-0400] {processor.py:914} INFO - Processing file /Users/karenwang/anaconda3/envs/airflow_sqlite_env/lib/python3.9/site-packages/airflow/example_dags/example_xcom.py for tasks to queue
[2024-10-13T22:05:04.477-0400] {logging_mixin.py:190} INFO - [2024-10-13T22:05:04.477-0400] {dagbag.py:588} INFO - Filling up the DagBag from /Users/karenwang/anaconda3/envs/airflow_sqlite_env/lib/python3.9/site-packages/airflow/example_dags/example_xcom.py
[2024-10-13T22:05:04.597-0400] {processor.py:925} INFO - DAG(s) 'example_xcom' retrieved from /Users/karenwang/anaconda3/envs/airflow_sqlite_env/lib/python3.9/site-packages/airflow/example_dags/example_xcom.py
[2024-10-13T22:05:04.810-0400] {logging_mixin.py:190} INFO - [2024-10-13T22:05:04.810-0400] {dag.py:3239} INFO - Sync 1 DAGs
[2024-10-13T22:05:04.841-0400] {logging_mixin.py:190} INFO - [2024-10-13T22:05:04.840-0400] {dag.py:4180} INFO - Setting next_dagrun for example_xcom to 2021-01-01 00:00:00+00:00, run_after=2021-01-01 00:00:00+00:00
[2024-10-13T22:05:04.878-0400] {processor.py:208} INFO - Processing /Users/karenwang/anaconda3/envs/airflow_sqlite_env/lib/python3.9/site-packages/airflow/example_dags/example_xcom.py took 0.410 seconds
[2024-10-13T22:09:00.665-0400] {processor.py:186} INFO - Started process (PID=65801) to work on /Users/karenwang/anaconda3/envs/airflow_sqlite_env/lib/python3.9/site-packages/airflow/example_dags/example_xcom.py
[2024-10-13T22:09:00.667-0400] {processor.py:914} INFO - Processing file /Users/karenwang/anaconda3/envs/airflow_sqlite_env/lib/python3.9/site-packages/airflow/example_dags/example_xcom.py for tasks to queue
[2024-10-13T22:09:00.668-0400] {logging_mixin.py:190} INFO - [2024-10-13T22:09:00.668-0400] {dagbag.py:588} INFO - Filling up the DagBag from /Users/karenwang/anaconda3/envs/airflow_sqlite_env/lib/python3.9/site-packages/airflow/example_dags/example_xcom.py
[2024-10-13T22:09:00.771-0400] {processor.py:925} INFO - DAG(s) 'example_xcom' retrieved from /Users/karenwang/anaconda3/envs/airflow_sqlite_env/lib/python3.9/site-packages/airflow/example_dags/example_xcom.py
[2024-10-13T22:09:00.927-0400] {logging_mixin.py:190} INFO - [2024-10-13T22:09:00.927-0400] {dag.py:3239} INFO - Sync 1 DAGs
[2024-10-13T22:09:00.952-0400] {logging_mixin.py:190} INFO - [2024-10-13T22:09:00.952-0400] {dag.py:4180} INFO - Setting next_dagrun for example_xcom to 2021-01-01 00:00:00+00:00, run_after=2021-01-01 00:00:00+00:00
[2024-10-13T22:09:00.975-0400] {processor.py:208} INFO - Processing /Users/karenwang/anaconda3/envs/airflow_sqlite_env/lib/python3.9/site-packages/airflow/example_dags/example_xcom.py took 0.315 seconds
[2024-10-13T22:12:52.995-0400] {processor.py:186} INFO - Started process (PID=66979) to work on /Users/karenwang/anaconda3/envs/airflow_sqlite_env/lib/python3.9/site-packages/airflow/example_dags/example_xcom.py
[2024-10-13T22:12:52.996-0400] {processor.py:914} INFO - Processing file /Users/karenwang/anaconda3/envs/airflow_sqlite_env/lib/python3.9/site-packages/airflow/example_dags/example_xcom.py for tasks to queue
[2024-10-13T22:12:52.997-0400] {logging_mixin.py:190} INFO - [2024-10-13T22:12:52.997-0400] {dagbag.py:588} INFO - Filling up the DagBag from /Users/karenwang/anaconda3/envs/airflow_sqlite_env/lib/python3.9/site-packages/airflow/example_dags/example_xcom.py
[2024-10-13T22:12:53.090-0400] {processor.py:925} INFO - DAG(s) 'example_xcom' retrieved from /Users/karenwang/anaconda3/envs/airflow_sqlite_env/lib/python3.9/site-packages/airflow/example_dags/example_xcom.py
[2024-10-13T22:12:53.243-0400] {logging_mixin.py:190} INFO - [2024-10-13T22:12:53.242-0400] {dag.py:3239} INFO - Sync 1 DAGs
[2024-10-13T22:12:53.269-0400] {logging_mixin.py:190} INFO - [2024-10-13T22:12:53.269-0400] {dag.py:4180} INFO - Setting next_dagrun for example_xcom to 2021-01-01 00:00:00+00:00, run_after=2021-01-01 00:00:00+00:00
[2024-10-13T22:12:53.292-0400] {processor.py:208} INFO - Processing /Users/karenwang/anaconda3/envs/airflow_sqlite_env/lib/python3.9/site-packages/airflow/example_dags/example_xcom.py took 0.302 seconds
[2024-10-13T22:16:54.109-0400] {processor.py:186} INFO - Started process (PID=68220) to work on /Users/karenwang/anaconda3/envs/airflow_sqlite_env/lib/python3.9/site-packages/airflow/example_dags/example_xcom.py
[2024-10-13T22:16:54.110-0400] {processor.py:914} INFO - Processing file /Users/karenwang/anaconda3/envs/airflow_sqlite_env/lib/python3.9/site-packages/airflow/example_dags/example_xcom.py for tasks to queue
[2024-10-13T22:16:54.112-0400] {logging_mixin.py:190} INFO - [2024-10-13T22:16:54.112-0400] {dagbag.py:588} INFO - Filling up the DagBag from /Users/karenwang/anaconda3/envs/airflow_sqlite_env/lib/python3.9/site-packages/airflow/example_dags/example_xcom.py
[2024-10-13T22:16:54.205-0400] {processor.py:925} INFO - DAG(s) 'example_xcom' retrieved from /Users/karenwang/anaconda3/envs/airflow_sqlite_env/lib/python3.9/site-packages/airflow/example_dags/example_xcom.py
[2024-10-13T22:16:54.360-0400] {logging_mixin.py:190} INFO - [2024-10-13T22:16:54.360-0400] {dag.py:3239} INFO - Sync 1 DAGs
[2024-10-13T22:16:54.389-0400] {logging_mixin.py:190} INFO - [2024-10-13T22:16:54.388-0400] {dag.py:4180} INFO - Setting next_dagrun for example_xcom to 2021-01-01 00:00:00+00:00, run_after=2021-01-01 00:00:00+00:00
[2024-10-13T22:16:54.411-0400] {processor.py:208} INFO - Processing /Users/karenwang/anaconda3/envs/airflow_sqlite_env/lib/python3.9/site-packages/airflow/example_dags/example_xcom.py took 0.308 seconds
[2024-10-13T22:20:53.131-0400] {processor.py:186} INFO - Started process (PID=69442) to work on /Users/karenwang/anaconda3/envs/airflow_sqlite_env/lib/python3.9/site-packages/airflow/example_dags/example_xcom.py
[2024-10-13T22:20:53.133-0400] {processor.py:914} INFO - Processing file /Users/karenwang/anaconda3/envs/airflow_sqlite_env/lib/python3.9/site-packages/airflow/example_dags/example_xcom.py for tasks to queue
[2024-10-13T22:20:53.134-0400] {logging_mixin.py:190} INFO - [2024-10-13T22:20:53.134-0400] {dagbag.py:588} INFO - Filling up the DagBag from /Users/karenwang/anaconda3/envs/airflow_sqlite_env/lib/python3.9/site-packages/airflow/example_dags/example_xcom.py
[2024-10-13T22:20:53.242-0400] {processor.py:925} INFO - DAG(s) 'example_xcom' retrieved from /Users/karenwang/anaconda3/envs/airflow_sqlite_env/lib/python3.9/site-packages/airflow/example_dags/example_xcom.py
[2024-10-13T22:20:53.393-0400] {logging_mixin.py:190} INFO - [2024-10-13T22:20:53.393-0400] {dag.py:3239} INFO - Sync 1 DAGs
[2024-10-13T22:20:53.422-0400] {logging_mixin.py:190} INFO - [2024-10-13T22:20:53.422-0400] {dag.py:4180} INFO - Setting next_dagrun for example_xcom to 2021-01-01 00:00:00+00:00, run_after=2021-01-01 00:00:00+00:00
[2024-10-13T22:20:53.443-0400] {processor.py:208} INFO - Processing /Users/karenwang/anaconda3/envs/airflow_sqlite_env/lib/python3.9/site-packages/airflow/example_dags/example_xcom.py took 0.317 seconds
[2024-10-13T22:25:02.409-0400] {processor.py:186} INFO - Started process (PID=70784) to work on /Users/karenwang/anaconda3/envs/airflow_sqlite_env/lib/python3.9/site-packages/airflow/example_dags/example_xcom.py
[2024-10-13T22:25:02.410-0400] {processor.py:914} INFO - Processing file /Users/karenwang/anaconda3/envs/airflow_sqlite_env/lib/python3.9/site-packages/airflow/example_dags/example_xcom.py for tasks to queue
[2024-10-13T22:25:02.412-0400] {logging_mixin.py:190} INFO - [2024-10-13T22:25:02.411-0400] {dagbag.py:588} INFO - Filling up the DagBag from /Users/karenwang/anaconda3/envs/airflow_sqlite_env/lib/python3.9/site-packages/airflow/example_dags/example_xcom.py
[2024-10-13T22:25:02.517-0400] {processor.py:925} INFO - DAG(s) 'example_xcom' retrieved from /Users/karenwang/anaconda3/envs/airflow_sqlite_env/lib/python3.9/site-packages/airflow/example_dags/example_xcom.py
[2024-10-13T22:25:02.709-0400] {logging_mixin.py:190} INFO - [2024-10-13T22:25:02.709-0400] {dag.py:3239} INFO - Sync 1 DAGs
[2024-10-13T22:25:02.741-0400] {logging_mixin.py:190} INFO - [2024-10-13T22:25:02.741-0400] {dag.py:4180} INFO - Setting next_dagrun for example_xcom to 2021-01-01 00:00:00+00:00, run_after=2021-01-01 00:00:00+00:00
[2024-10-13T22:25:02.772-0400] {processor.py:208} INFO - Processing /Users/karenwang/anaconda3/envs/airflow_sqlite_env/lib/python3.9/site-packages/airflow/example_dags/example_xcom.py took 0.369 seconds
[2024-10-13T22:33:35.942-0400] {processor.py:186} INFO - Started process (PID=73671) to work on /Users/karenwang/anaconda3/envs/airflow_sqlite_env/lib/python3.9/site-packages/airflow/example_dags/example_xcom.py
[2024-10-13T22:33:35.943-0400] {processor.py:914} INFO - Processing file /Users/karenwang/anaconda3/envs/airflow_sqlite_env/lib/python3.9/site-packages/airflow/example_dags/example_xcom.py for tasks to queue
[2024-10-13T22:33:35.945-0400] {logging_mixin.py:190} INFO - [2024-10-13T22:33:35.945-0400] {dagbag.py:588} INFO - Filling up the DagBag from /Users/karenwang/anaconda3/envs/airflow_sqlite_env/lib/python3.9/site-packages/airflow/example_dags/example_xcom.py
[2024-10-13T22:33:36.054-0400] {processor.py:925} INFO - DAG(s) 'example_xcom' retrieved from /Users/karenwang/anaconda3/envs/airflow_sqlite_env/lib/python3.9/site-packages/airflow/example_dags/example_xcom.py
[2024-10-13T22:33:36.235-0400] {logging_mixin.py:190} INFO - [2024-10-13T22:33:36.235-0400] {dag.py:3239} INFO - Sync 1 DAGs
[2024-10-13T22:33:36.263-0400] {logging_mixin.py:190} INFO - [2024-10-13T22:33:36.262-0400] {dag.py:4180} INFO - Setting next_dagrun for example_xcom to 2021-01-01 00:00:00+00:00, run_after=2021-01-01 00:00:00+00:00
[2024-10-13T22:33:36.291-0400] {processor.py:208} INFO - Processing /Users/karenwang/anaconda3/envs/airflow_sqlite_env/lib/python3.9/site-packages/airflow/example_dags/example_xcom.py took 0.355 seconds
[2024-10-13T22:39:32.293-0400] {processor.py:186} INFO - Started process (PID=75582) to work on /Users/karenwang/anaconda3/envs/airflow_sqlite_env/lib/python3.9/site-packages/airflow/example_dags/example_xcom.py
[2024-10-13T22:39:32.295-0400] {processor.py:914} INFO - Processing file /Users/karenwang/anaconda3/envs/airflow_sqlite_env/lib/python3.9/site-packages/airflow/example_dags/example_xcom.py for tasks to queue
[2024-10-13T22:39:32.296-0400] {logging_mixin.py:190} INFO - [2024-10-13T22:39:32.296-0400] {dagbag.py:588} INFO - Filling up the DagBag from /Users/karenwang/anaconda3/envs/airflow_sqlite_env/lib/python3.9/site-packages/airflow/example_dags/example_xcom.py
[2024-10-13T22:39:32.392-0400] {processor.py:925} INFO - DAG(s) 'example_xcom' retrieved from /Users/karenwang/anaconda3/envs/airflow_sqlite_env/lib/python3.9/site-packages/airflow/example_dags/example_xcom.py
[2024-10-13T22:39:32.562-0400] {logging_mixin.py:190} INFO - [2024-10-13T22:39:32.562-0400] {dag.py:3239} INFO - Sync 1 DAGs
[2024-10-13T22:39:32.588-0400] {logging_mixin.py:190} INFO - [2024-10-13T22:39:32.588-0400] {dag.py:4180} INFO - Setting next_dagrun for example_xcom to 2021-01-01 00:00:00+00:00, run_after=2021-01-01 00:00:00+00:00
[2024-10-13T22:39:32.612-0400] {processor.py:208} INFO - Processing /Users/karenwang/anaconda3/envs/airflow_sqlite_env/lib/python3.9/site-packages/airflow/example_dags/example_xcom.py took 0.324 seconds
