[2024-10-13T20:07:32.660-0400] {processor.py:186} INFO - Started process (PID=27441) to work on /Users/karenwang/anaconda3/envs/airflow_sqlite_env/lib/python3.9/site-packages/airflow/example_dags/example_bash_decorator.py
[2024-10-13T20:07:32.662-0400] {processor.py:914} INFO - Processing file /Users/karenwang/anaconda3/envs/airflow_sqlite_env/lib/python3.9/site-packages/airflow/example_dags/example_bash_decorator.py for tasks to queue
[2024-10-13T20:07:32.663-0400] {logging_mixin.py:190} INFO - [2024-10-13T20:07:32.663-0400] {dagbag.py:588} INFO - Filling up the DagBag from /Users/karenwang/anaconda3/envs/airflow_sqlite_env/lib/python3.9/site-packages/airflow/example_dags/example_bash_decorator.py
[2024-10-13T20:07:32.783-0400] {processor.py:925} INFO - DAG(s) 'example_bash_decorator' retrieved from /Users/karenwang/anaconda3/envs/airflow_sqlite_env/lib/python3.9/site-packages/airflow/example_dags/example_bash_decorator.py
[2024-10-13T20:07:33.084-0400] {logging_mixin.py:190} INFO - [2024-10-13T20:07:33.083-0400] {dag.py:3239} INFO - Sync 1 DAGs
[2024-10-13T20:07:33.099-0400] {logging_mixin.py:190} INFO - [2024-10-13T20:07:33.099-0400] {dag.py:4180} INFO - Setting next_dagrun for example_bash_decorator to None, run_after=None
[2024-10-13T20:07:33.122-0400] {processor.py:208} INFO - Processing /Users/karenwang/anaconda3/envs/airflow_sqlite_env/lib/python3.9/site-packages/airflow/example_dags/example_bash_decorator.py took 0.468 seconds
[2024-10-13T20:15:34.502-0400] {processor.py:186} INFO - Started process (PID=29894) to work on /Users/karenwang/anaconda3/envs/airflow_sqlite_env/lib/python3.9/site-packages/airflow/example_dags/example_bash_decorator.py
[2024-10-13T20:15:34.504-0400] {processor.py:914} INFO - Processing file /Users/karenwang/anaconda3/envs/airflow_sqlite_env/lib/python3.9/site-packages/airflow/example_dags/example_bash_decorator.py for tasks to queue
[2024-10-13T20:15:34.505-0400] {logging_mixin.py:190} INFO - [2024-10-13T20:15:34.505-0400] {dagbag.py:588} INFO - Filling up the DagBag from /Users/karenwang/anaconda3/envs/airflow_sqlite_env/lib/python3.9/site-packages/airflow/example_dags/example_bash_decorator.py
[2024-10-13T20:15:34.618-0400] {processor.py:925} INFO - DAG(s) 'example_bash_decorator' retrieved from /Users/karenwang/anaconda3/envs/airflow_sqlite_env/lib/python3.9/site-packages/airflow/example_dags/example_bash_decorator.py
[2024-10-13T20:15:34.932-0400] {logging_mixin.py:190} INFO - [2024-10-13T20:15:34.932-0400] {dag.py:3239} INFO - Sync 1 DAGs
[2024-10-13T20:15:34.952-0400] {logging_mixin.py:190} INFO - [2024-10-13T20:15:34.952-0400] {dag.py:4180} INFO - Setting next_dagrun for example_bash_decorator to None, run_after=None
[2024-10-13T20:15:34.978-0400] {processor.py:208} INFO - Processing /Users/karenwang/anaconda3/envs/airflow_sqlite_env/lib/python3.9/site-packages/airflow/example_dags/example_bash_decorator.py took 0.482 seconds
[2024-10-13T20:24:10.079-0400] {processor.py:186} INFO - Started process (PID=32676) to work on /Users/karenwang/anaconda3/envs/airflow_sqlite_env/lib/python3.9/site-packages/airflow/example_dags/example_bash_decorator.py
[2024-10-13T20:24:10.081-0400] {processor.py:914} INFO - Processing file /Users/karenwang/anaconda3/envs/airflow_sqlite_env/lib/python3.9/site-packages/airflow/example_dags/example_bash_decorator.py for tasks to queue
[2024-10-13T20:24:10.082-0400] {logging_mixin.py:190} INFO - [2024-10-13T20:24:10.082-0400] {dagbag.py:588} INFO - Filling up the DagBag from /Users/karenwang/anaconda3/envs/airflow_sqlite_env/lib/python3.9/site-packages/airflow/example_dags/example_bash_decorator.py
[2024-10-13T20:24:10.214-0400] {processor.py:925} INFO - DAG(s) 'example_bash_decorator' retrieved from /Users/karenwang/anaconda3/envs/airflow_sqlite_env/lib/python3.9/site-packages/airflow/example_dags/example_bash_decorator.py
[2024-10-13T20:24:10.594-0400] {logging_mixin.py:190} INFO - [2024-10-13T20:24:10.594-0400] {dag.py:3239} INFO - Sync 1 DAGs
[2024-10-13T20:24:10.611-0400] {logging_mixin.py:190} INFO - [2024-10-13T20:24:10.611-0400] {dag.py:4180} INFO - Setting next_dagrun for example_bash_decorator to None, run_after=None
[2024-10-13T20:24:10.635-0400] {processor.py:208} INFO - Processing /Users/karenwang/anaconda3/envs/airflow_sqlite_env/lib/python3.9/site-packages/airflow/example_dags/example_bash_decorator.py took 0.563 seconds
[2024-10-13T20:30:25.033-0400] {processor.py:186} INFO - Started process (PID=34827) to work on /Users/karenwang/anaconda3/envs/airflow_sqlite_env/lib/python3.9/site-packages/airflow/example_dags/example_bash_decorator.py
[2024-10-13T20:30:25.034-0400] {processor.py:914} INFO - Processing file /Users/karenwang/anaconda3/envs/airflow_sqlite_env/lib/python3.9/site-packages/airflow/example_dags/example_bash_decorator.py for tasks to queue
[2024-10-13T20:30:25.035-0400] {logging_mixin.py:190} INFO - [2024-10-13T20:30:25.035-0400] {dagbag.py:588} INFO - Filling up the DagBag from /Users/karenwang/anaconda3/envs/airflow_sqlite_env/lib/python3.9/site-packages/airflow/example_dags/example_bash_decorator.py
[2024-10-13T20:30:25.138-0400] {processor.py:925} INFO - DAG(s) 'example_bash_decorator' retrieved from /Users/karenwang/anaconda3/envs/airflow_sqlite_env/lib/python3.9/site-packages/airflow/example_dags/example_bash_decorator.py
[2024-10-13T20:30:25.418-0400] {logging_mixin.py:190} INFO - [2024-10-13T20:30:25.418-0400] {dag.py:3239} INFO - Sync 1 DAGs
[2024-10-13T20:30:25.430-0400] {logging_mixin.py:190} INFO - [2024-10-13T20:30:25.430-0400] {dag.py:4180} INFO - Setting next_dagrun for example_bash_decorator to None, run_after=None
[2024-10-13T20:30:25.454-0400] {processor.py:208} INFO - Processing /Users/karenwang/anaconda3/envs/airflow_sqlite_env/lib/python3.9/site-packages/airflow/example_dags/example_bash_decorator.py took 0.427 seconds
[2024-10-13T20:37:45.291-0400] {processor.py:186} INFO - Started process (PID=37119) to work on /Users/karenwang/anaconda3/envs/airflow_sqlite_env/lib/python3.9/site-packages/airflow/example_dags/example_bash_decorator.py
[2024-10-13T20:37:45.293-0400] {processor.py:914} INFO - Processing file /Users/karenwang/anaconda3/envs/airflow_sqlite_env/lib/python3.9/site-packages/airflow/example_dags/example_bash_decorator.py for tasks to queue
[2024-10-13T20:37:45.294-0400] {logging_mixin.py:190} INFO - [2024-10-13T20:37:45.294-0400] {dagbag.py:588} INFO - Filling up the DagBag from /Users/karenwang/anaconda3/envs/airflow_sqlite_env/lib/python3.9/site-packages/airflow/example_dags/example_bash_decorator.py
[2024-10-13T20:37:45.391-0400] {processor.py:925} INFO - DAG(s) 'example_bash_decorator' retrieved from /Users/karenwang/anaconda3/envs/airflow_sqlite_env/lib/python3.9/site-packages/airflow/example_dags/example_bash_decorator.py
[2024-10-13T20:37:45.683-0400] {logging_mixin.py:190} INFO - [2024-10-13T20:37:45.682-0400] {dag.py:3239} INFO - Sync 1 DAGs
[2024-10-13T20:37:45.700-0400] {logging_mixin.py:190} INFO - [2024-10-13T20:37:45.700-0400] {dag.py:4180} INFO - Setting next_dagrun for example_bash_decorator to None, run_after=None
[2024-10-13T20:37:45.725-0400] {processor.py:208} INFO - Processing /Users/karenwang/anaconda3/envs/airflow_sqlite_env/lib/python3.9/site-packages/airflow/example_dags/example_bash_decorator.py took 0.439 seconds
[2024-10-13T20:45:03.820-0400] {processor.py:186} INFO - Started process (PID=39373) to work on /Users/karenwang/anaconda3/envs/airflow_sqlite_env/lib/python3.9/site-packages/airflow/example_dags/example_bash_decorator.py
[2024-10-13T20:45:03.821-0400] {processor.py:914} INFO - Processing file /Users/karenwang/anaconda3/envs/airflow_sqlite_env/lib/python3.9/site-packages/airflow/example_dags/example_bash_decorator.py for tasks to queue
[2024-10-13T20:45:03.822-0400] {logging_mixin.py:190} INFO - [2024-10-13T20:45:03.821-0400] {dagbag.py:588} INFO - Filling up the DagBag from /Users/karenwang/anaconda3/envs/airflow_sqlite_env/lib/python3.9/site-packages/airflow/example_dags/example_bash_decorator.py
[2024-10-13T20:45:03.916-0400] {processor.py:925} INFO - DAG(s) 'example_bash_decorator' retrieved from /Users/karenwang/anaconda3/envs/airflow_sqlite_env/lib/python3.9/site-packages/airflow/example_dags/example_bash_decorator.py
[2024-10-13T20:45:04.195-0400] {logging_mixin.py:190} INFO - [2024-10-13T20:45:04.195-0400] {dag.py:3239} INFO - Sync 1 DAGs
[2024-10-13T20:45:04.211-0400] {logging_mixin.py:190} INFO - [2024-10-13T20:45:04.210-0400] {dag.py:4180} INFO - Setting next_dagrun for example_bash_decorator to None, run_after=None
[2024-10-13T20:45:04.231-0400] {processor.py:208} INFO - Processing /Users/karenwang/anaconda3/envs/airflow_sqlite_env/lib/python3.9/site-packages/airflow/example_dags/example_bash_decorator.py took 0.418 seconds
[2024-10-13T20:52:22.682-0400] {processor.py:186} INFO - Started process (PID=41652) to work on /Users/karenwang/anaconda3/envs/airflow_sqlite_env/lib/python3.9/site-packages/airflow/example_dags/example_bash_decorator.py
[2024-10-13T20:52:22.684-0400] {processor.py:914} INFO - Processing file /Users/karenwang/anaconda3/envs/airflow_sqlite_env/lib/python3.9/site-packages/airflow/example_dags/example_bash_decorator.py for tasks to queue
[2024-10-13T20:52:22.685-0400] {logging_mixin.py:190} INFO - [2024-10-13T20:52:22.685-0400] {dagbag.py:588} INFO - Filling up the DagBag from /Users/karenwang/anaconda3/envs/airflow_sqlite_env/lib/python3.9/site-packages/airflow/example_dags/example_bash_decorator.py
[2024-10-13T20:52:22.801-0400] {processor.py:925} INFO - DAG(s) 'example_bash_decorator' retrieved from /Users/karenwang/anaconda3/envs/airflow_sqlite_env/lib/python3.9/site-packages/airflow/example_dags/example_bash_decorator.py
[2024-10-13T20:52:23.091-0400] {logging_mixin.py:190} INFO - [2024-10-13T20:52:23.090-0400] {dag.py:3239} INFO - Sync 1 DAGs
[2024-10-13T20:52:23.105-0400] {logging_mixin.py:190} INFO - [2024-10-13T20:52:23.105-0400] {dag.py:4180} INFO - Setting next_dagrun for example_bash_decorator to None, run_after=None
[2024-10-13T20:52:23.125-0400] {processor.py:208} INFO - Processing /Users/karenwang/anaconda3/envs/airflow_sqlite_env/lib/python3.9/site-packages/airflow/example_dags/example_bash_decorator.py took 0.448 seconds
[2024-10-13T20:59:43.118-0400] {processor.py:186} INFO - Started process (PID=43951) to work on /Users/karenwang/anaconda3/envs/airflow_sqlite_env/lib/python3.9/site-packages/airflow/example_dags/example_bash_decorator.py
[2024-10-13T20:59:43.120-0400] {processor.py:914} INFO - Processing file /Users/karenwang/anaconda3/envs/airflow_sqlite_env/lib/python3.9/site-packages/airflow/example_dags/example_bash_decorator.py for tasks to queue
[2024-10-13T20:59:43.121-0400] {logging_mixin.py:190} INFO - [2024-10-13T20:59:43.121-0400] {dagbag.py:588} INFO - Filling up the DagBag from /Users/karenwang/anaconda3/envs/airflow_sqlite_env/lib/python3.9/site-packages/airflow/example_dags/example_bash_decorator.py
[2024-10-13T20:59:43.224-0400] {processor.py:925} INFO - DAG(s) 'example_bash_decorator' retrieved from /Users/karenwang/anaconda3/envs/airflow_sqlite_env/lib/python3.9/site-packages/airflow/example_dags/example_bash_decorator.py
[2024-10-13T20:59:43.522-0400] {logging_mixin.py:190} INFO - [2024-10-13T20:59:43.521-0400] {dag.py:3239} INFO - Sync 1 DAGs
[2024-10-13T20:59:43.538-0400] {logging_mixin.py:190} INFO - [2024-10-13T20:59:43.537-0400] {dag.py:4180} INFO - Setting next_dagrun for example_bash_decorator to None, run_after=None
[2024-10-13T20:59:43.562-0400] {processor.py:208} INFO - Processing /Users/karenwang/anaconda3/envs/airflow_sqlite_env/lib/python3.9/site-packages/airflow/example_dags/example_bash_decorator.py took 0.449 seconds
[2024-10-13T21:13:10.349-0400] {processor.py:186} INFO - Started process (PID=48196) to work on /Users/karenwang/anaconda3/envs/airflow_sqlite_env/lib/python3.9/site-packages/airflow/example_dags/example_bash_decorator.py
[2024-10-13T21:13:10.351-0400] {processor.py:914} INFO - Processing file /Users/karenwang/anaconda3/envs/airflow_sqlite_env/lib/python3.9/site-packages/airflow/example_dags/example_bash_decorator.py for tasks to queue
[2024-10-13T21:13:10.353-0400] {logging_mixin.py:190} INFO - [2024-10-13T21:13:10.352-0400] {dagbag.py:588} INFO - Filling up the DagBag from /Users/karenwang/anaconda3/envs/airflow_sqlite_env/lib/python3.9/site-packages/airflow/example_dags/example_bash_decorator.py
[2024-10-13T21:13:10.463-0400] {processor.py:925} INFO - DAG(s) 'example_bash_decorator' retrieved from /Users/karenwang/anaconda3/envs/airflow_sqlite_env/lib/python3.9/site-packages/airflow/example_dags/example_bash_decorator.py
[2024-10-13T21:13:10.759-0400] {logging_mixin.py:190} INFO - [2024-10-13T21:13:10.759-0400] {dag.py:3239} INFO - Sync 1 DAGs
[2024-10-13T21:13:10.774-0400] {logging_mixin.py:190} INFO - [2024-10-13T21:13:10.773-0400] {dag.py:4180} INFO - Setting next_dagrun for example_bash_decorator to None, run_after=None
[2024-10-13T21:13:10.798-0400] {processor.py:208} INFO - Processing /Users/karenwang/anaconda3/envs/airflow_sqlite_env/lib/python3.9/site-packages/airflow/example_dags/example_bash_decorator.py took 0.455 seconds
[2024-10-13T21:20:53.507-0400] {processor.py:186} INFO - Started process (PID=50836) to work on /Users/karenwang/anaconda3/envs/airflow_sqlite_env/lib/python3.9/site-packages/airflow/example_dags/example_bash_decorator.py
[2024-10-13T21:20:53.509-0400] {processor.py:914} INFO - Processing file /Users/karenwang/anaconda3/envs/airflow_sqlite_env/lib/python3.9/site-packages/airflow/example_dags/example_bash_decorator.py for tasks to queue
[2024-10-13T21:20:53.511-0400] {logging_mixin.py:190} INFO - [2024-10-13T21:20:53.510-0400] {dagbag.py:588} INFO - Filling up the DagBag from /Users/karenwang/anaconda3/envs/airflow_sqlite_env/lib/python3.9/site-packages/airflow/example_dags/example_bash_decorator.py
[2024-10-13T21:20:53.619-0400] {processor.py:925} INFO - DAG(s) 'example_bash_decorator' retrieved from /Users/karenwang/anaconda3/envs/airflow_sqlite_env/lib/python3.9/site-packages/airflow/example_dags/example_bash_decorator.py
[2024-10-13T21:20:53.889-0400] {logging_mixin.py:190} INFO - [2024-10-13T21:20:53.889-0400] {dag.py:3239} INFO - Sync 1 DAGs
[2024-10-13T21:20:53.903-0400] {logging_mixin.py:190} INFO - [2024-10-13T21:20:53.903-0400] {dag.py:4180} INFO - Setting next_dagrun for example_bash_decorator to None, run_after=None
[2024-10-13T21:20:53.923-0400] {processor.py:208} INFO - Processing /Users/karenwang/anaconda3/envs/airflow_sqlite_env/lib/python3.9/site-packages/airflow/example_dags/example_bash_decorator.py took 0.421 seconds
[2024-10-13T21:28:15.159-0400] {processor.py:186} INFO - Started process (PID=53107) to work on /Users/karenwang/anaconda3/envs/airflow_sqlite_env/lib/python3.9/site-packages/airflow/example_dags/example_bash_decorator.py
[2024-10-13T21:28:15.160-0400] {processor.py:914} INFO - Processing file /Users/karenwang/anaconda3/envs/airflow_sqlite_env/lib/python3.9/site-packages/airflow/example_dags/example_bash_decorator.py for tasks to queue
[2024-10-13T21:28:15.161-0400] {logging_mixin.py:190} INFO - [2024-10-13T21:28:15.161-0400] {dagbag.py:588} INFO - Filling up the DagBag from /Users/karenwang/anaconda3/envs/airflow_sqlite_env/lib/python3.9/site-packages/airflow/example_dags/example_bash_decorator.py
[2024-10-13T21:28:15.268-0400] {processor.py:925} INFO - DAG(s) 'example_bash_decorator' retrieved from /Users/karenwang/anaconda3/envs/airflow_sqlite_env/lib/python3.9/site-packages/airflow/example_dags/example_bash_decorator.py
[2024-10-13T21:28:15.556-0400] {logging_mixin.py:190} INFO - [2024-10-13T21:28:15.556-0400] {dag.py:3239} INFO - Sync 1 DAGs
[2024-10-13T21:28:15.570-0400] {logging_mixin.py:190} INFO - [2024-10-13T21:28:15.570-0400] {dag.py:4180} INFO - Setting next_dagrun for example_bash_decorator to None, run_after=None
[2024-10-13T21:28:15.591-0400] {processor.py:208} INFO - Processing /Users/karenwang/anaconda3/envs/airflow_sqlite_env/lib/python3.9/site-packages/airflow/example_dags/example_bash_decorator.py took 0.438 seconds
[2024-10-13T21:36:10.635-0400] {processor.py:186} INFO - Started process (PID=55622) to work on /Users/karenwang/anaconda3/envs/airflow_sqlite_env/lib/python3.9/site-packages/airflow/example_dags/example_bash_decorator.py
[2024-10-13T21:36:10.636-0400] {processor.py:914} INFO - Processing file /Users/karenwang/anaconda3/envs/airflow_sqlite_env/lib/python3.9/site-packages/airflow/example_dags/example_bash_decorator.py for tasks to queue
[2024-10-13T21:36:10.638-0400] {logging_mixin.py:190} INFO - [2024-10-13T21:36:10.637-0400] {dagbag.py:588} INFO - Filling up the DagBag from /Users/karenwang/anaconda3/envs/airflow_sqlite_env/lib/python3.9/site-packages/airflow/example_dags/example_bash_decorator.py
[2024-10-13T21:36:10.738-0400] {processor.py:925} INFO - DAG(s) 'example_bash_decorator' retrieved from /Users/karenwang/anaconda3/envs/airflow_sqlite_env/lib/python3.9/site-packages/airflow/example_dags/example_bash_decorator.py
[2024-10-13T21:36:11.046-0400] {logging_mixin.py:190} INFO - [2024-10-13T21:36:11.046-0400] {dag.py:3239} INFO - Sync 1 DAGs
[2024-10-13T21:36:11.062-0400] {logging_mixin.py:190} INFO - [2024-10-13T21:36:11.061-0400] {dag.py:4180} INFO - Setting next_dagrun for example_bash_decorator to None, run_after=None
[2024-10-13T21:36:11.084-0400] {processor.py:208} INFO - Processing /Users/karenwang/anaconda3/envs/airflow_sqlite_env/lib/python3.9/site-packages/airflow/example_dags/example_bash_decorator.py took 0.456 seconds
[2024-10-13T21:43:56.738-0400] {processor.py:186} INFO - Started process (PID=58019) to work on /Users/karenwang/anaconda3/envs/airflow_sqlite_env/lib/python3.9/site-packages/airflow/example_dags/example_bash_decorator.py
[2024-10-13T21:43:56.740-0400] {processor.py:914} INFO - Processing file /Users/karenwang/anaconda3/envs/airflow_sqlite_env/lib/python3.9/site-packages/airflow/example_dags/example_bash_decorator.py for tasks to queue
[2024-10-13T21:43:56.741-0400] {logging_mixin.py:190} INFO - [2024-10-13T21:43:56.741-0400] {dagbag.py:588} INFO - Filling up the DagBag from /Users/karenwang/anaconda3/envs/airflow_sqlite_env/lib/python3.9/site-packages/airflow/example_dags/example_bash_decorator.py
[2024-10-13T21:43:56.852-0400] {processor.py:925} INFO - DAG(s) 'example_bash_decorator' retrieved from /Users/karenwang/anaconda3/envs/airflow_sqlite_env/lib/python3.9/site-packages/airflow/example_dags/example_bash_decorator.py
[2024-10-13T21:43:57.160-0400] {logging_mixin.py:190} INFO - [2024-10-13T21:43:57.160-0400] {dag.py:3239} INFO - Sync 1 DAGs
[2024-10-13T21:43:57.176-0400] {logging_mixin.py:190} INFO - [2024-10-13T21:43:57.176-0400] {dag.py:4180} INFO - Setting next_dagrun for example_bash_decorator to None, run_after=None
[2024-10-13T21:43:57.202-0400] {processor.py:208} INFO - Processing /Users/karenwang/anaconda3/envs/airflow_sqlite_env/lib/python3.9/site-packages/airflow/example_dags/example_bash_decorator.py took 0.470 seconds
[2024-10-13T21:51:57.627-0400] {processor.py:186} INFO - Started process (PID=60508) to work on /Users/karenwang/anaconda3/envs/airflow_sqlite_env/lib/python3.9/site-packages/airflow/example_dags/example_bash_decorator.py
[2024-10-13T21:51:57.628-0400] {processor.py:914} INFO - Processing file /Users/karenwang/anaconda3/envs/airflow_sqlite_env/lib/python3.9/site-packages/airflow/example_dags/example_bash_decorator.py for tasks to queue
[2024-10-13T21:51:57.630-0400] {logging_mixin.py:190} INFO - [2024-10-13T21:51:57.629-0400] {dagbag.py:588} INFO - Filling up the DagBag from /Users/karenwang/anaconda3/envs/airflow_sqlite_env/lib/python3.9/site-packages/airflow/example_dags/example_bash_decorator.py
[2024-10-13T21:51:57.736-0400] {processor.py:925} INFO - DAG(s) 'example_bash_decorator' retrieved from /Users/karenwang/anaconda3/envs/airflow_sqlite_env/lib/python3.9/site-packages/airflow/example_dags/example_bash_decorator.py
[2024-10-13T21:51:58.041-0400] {logging_mixin.py:190} INFO - [2024-10-13T21:51:58.040-0400] {dag.py:3239} INFO - Sync 1 DAGs
[2024-10-13T21:51:58.058-0400] {logging_mixin.py:190} INFO - [2024-10-13T21:51:58.058-0400] {dag.py:4180} INFO - Setting next_dagrun for example_bash_decorator to None, run_after=None
[2024-10-13T21:51:58.083-0400] {processor.py:208} INFO - Processing /Users/karenwang/anaconda3/envs/airflow_sqlite_env/lib/python3.9/site-packages/airflow/example_dags/example_bash_decorator.py took 0.463 seconds
[2024-10-13T21:59:43.864-0400] {processor.py:186} INFO - Started process (PID=62907) to work on /Users/karenwang/anaconda3/envs/airflow_sqlite_env/lib/python3.9/site-packages/airflow/example_dags/example_bash_decorator.py
[2024-10-13T21:59:43.866-0400] {processor.py:914} INFO - Processing file /Users/karenwang/anaconda3/envs/airflow_sqlite_env/lib/python3.9/site-packages/airflow/example_dags/example_bash_decorator.py for tasks to queue
[2024-10-13T21:59:43.867-0400] {logging_mixin.py:190} INFO - [2024-10-13T21:59:43.867-0400] {dagbag.py:588} INFO - Filling up the DagBag from /Users/karenwang/anaconda3/envs/airflow_sqlite_env/lib/python3.9/site-packages/airflow/example_dags/example_bash_decorator.py
[2024-10-13T21:59:43.985-0400] {processor.py:925} INFO - DAG(s) 'example_bash_decorator' retrieved from /Users/karenwang/anaconda3/envs/airflow_sqlite_env/lib/python3.9/site-packages/airflow/example_dags/example_bash_decorator.py
[2024-10-13T21:59:44.300-0400] {logging_mixin.py:190} INFO - [2024-10-13T21:59:44.300-0400] {dag.py:3239} INFO - Sync 1 DAGs
[2024-10-13T21:59:44.318-0400] {logging_mixin.py:190} INFO - [2024-10-13T21:59:44.318-0400] {dag.py:4180} INFO - Setting next_dagrun for example_bash_decorator to None, run_after=None
[2024-10-13T21:59:44.343-0400] {processor.py:208} INFO - Processing /Users/karenwang/anaconda3/envs/airflow_sqlite_env/lib/python3.9/site-packages/airflow/example_dags/example_bash_decorator.py took 0.485 seconds
[2024-10-13T22:07:35.572-0400] {processor.py:186} INFO - Started process (PID=65335) to work on /Users/karenwang/anaconda3/envs/airflow_sqlite_env/lib/python3.9/site-packages/airflow/example_dags/example_bash_decorator.py
[2024-10-13T22:07:35.573-0400] {processor.py:914} INFO - Processing file /Users/karenwang/anaconda3/envs/airflow_sqlite_env/lib/python3.9/site-packages/airflow/example_dags/example_bash_decorator.py for tasks to queue
[2024-10-13T22:07:35.575-0400] {logging_mixin.py:190} INFO - [2024-10-13T22:07:35.575-0400] {dagbag.py:588} INFO - Filling up the DagBag from /Users/karenwang/anaconda3/envs/airflow_sqlite_env/lib/python3.9/site-packages/airflow/example_dags/example_bash_decorator.py
[2024-10-13T22:07:35.679-0400] {processor.py:925} INFO - DAG(s) 'example_bash_decorator' retrieved from /Users/karenwang/anaconda3/envs/airflow_sqlite_env/lib/python3.9/site-packages/airflow/example_dags/example_bash_decorator.py
[2024-10-13T22:07:35.983-0400] {logging_mixin.py:190} INFO - [2024-10-13T22:07:35.983-0400] {dag.py:3239} INFO - Sync 1 DAGs
[2024-10-13T22:07:35.997-0400] {logging_mixin.py:190} INFO - [2024-10-13T22:07:35.997-0400] {dag.py:4180} INFO - Setting next_dagrun for example_bash_decorator to None, run_after=None
[2024-10-13T22:07:36.024-0400] {processor.py:208} INFO - Processing /Users/karenwang/anaconda3/envs/airflow_sqlite_env/lib/python3.9/site-packages/airflow/example_dags/example_bash_decorator.py took 0.458 seconds
[2024-10-13T22:15:27.430-0400] {processor.py:186} INFO - Started process (PID=67769) to work on /Users/karenwang/anaconda3/envs/airflow_sqlite_env/lib/python3.9/site-packages/airflow/example_dags/example_bash_decorator.py
[2024-10-13T22:15:27.431-0400] {processor.py:914} INFO - Processing file /Users/karenwang/anaconda3/envs/airflow_sqlite_env/lib/python3.9/site-packages/airflow/example_dags/example_bash_decorator.py for tasks to queue
[2024-10-13T22:15:27.433-0400] {logging_mixin.py:190} INFO - [2024-10-13T22:15:27.432-0400] {dagbag.py:588} INFO - Filling up the DagBag from /Users/karenwang/anaconda3/envs/airflow_sqlite_env/lib/python3.9/site-packages/airflow/example_dags/example_bash_decorator.py
[2024-10-13T22:15:27.541-0400] {processor.py:925} INFO - DAG(s) 'example_bash_decorator' retrieved from /Users/karenwang/anaconda3/envs/airflow_sqlite_env/lib/python3.9/site-packages/airflow/example_dags/example_bash_decorator.py
[2024-10-13T22:15:27.845-0400] {logging_mixin.py:190} INFO - [2024-10-13T22:15:27.845-0400] {dag.py:3239} INFO - Sync 1 DAGs
[2024-10-13T22:15:27.858-0400] {logging_mixin.py:190} INFO - [2024-10-13T22:15:27.857-0400] {dag.py:4180} INFO - Setting next_dagrun for example_bash_decorator to None, run_after=None
[2024-10-13T22:15:27.883-0400] {processor.py:208} INFO - Processing /Users/karenwang/anaconda3/envs/airflow_sqlite_env/lib/python3.9/site-packages/airflow/example_dags/example_bash_decorator.py took 0.460 seconds
[2024-10-13T22:23:34.401-0400] {processor.py:186} INFO - Started process (PID=70296) to work on /Users/karenwang/anaconda3/envs/airflow_sqlite_env/lib/python3.9/site-packages/airflow/example_dags/example_bash_decorator.py
[2024-10-13T22:23:34.403-0400] {processor.py:914} INFO - Processing file /Users/karenwang/anaconda3/envs/airflow_sqlite_env/lib/python3.9/site-packages/airflow/example_dags/example_bash_decorator.py for tasks to queue
[2024-10-13T22:23:34.404-0400] {logging_mixin.py:190} INFO - [2024-10-13T22:23:34.404-0400] {dagbag.py:588} INFO - Filling up the DagBag from /Users/karenwang/anaconda3/envs/airflow_sqlite_env/lib/python3.9/site-packages/airflow/example_dags/example_bash_decorator.py
[2024-10-13T22:23:34.523-0400] {processor.py:925} INFO - DAG(s) 'example_bash_decorator' retrieved from /Users/karenwang/anaconda3/envs/airflow_sqlite_env/lib/python3.9/site-packages/airflow/example_dags/example_bash_decorator.py
[2024-10-13T22:23:34.835-0400] {logging_mixin.py:190} INFO - [2024-10-13T22:23:34.835-0400] {dag.py:3239} INFO - Sync 1 DAGs
[2024-10-13T22:23:34.847-0400] {logging_mixin.py:190} INFO - [2024-10-13T22:23:34.847-0400] {dag.py:4180} INFO - Setting next_dagrun for example_bash_decorator to None, run_after=None
[2024-10-13T22:23:34.868-0400] {processor.py:208} INFO - Processing /Users/karenwang/anaconda3/envs/airflow_sqlite_env/lib/python3.9/site-packages/airflow/example_dags/example_bash_decorator.py took 0.473 seconds
[2024-10-13T22:38:06.797-0400] {processor.py:186} INFO - Started process (PID=75134) to work on /Users/karenwang/anaconda3/envs/airflow_sqlite_env/lib/python3.9/site-packages/airflow/example_dags/example_bash_decorator.py
[2024-10-13T22:38:06.798-0400] {processor.py:914} INFO - Processing file /Users/karenwang/anaconda3/envs/airflow_sqlite_env/lib/python3.9/site-packages/airflow/example_dags/example_bash_decorator.py for tasks to queue
[2024-10-13T22:38:06.800-0400] {logging_mixin.py:190} INFO - [2024-10-13T22:38:06.800-0400] {dagbag.py:588} INFO - Filling up the DagBag from /Users/karenwang/anaconda3/envs/airflow_sqlite_env/lib/python3.9/site-packages/airflow/example_dags/example_bash_decorator.py
[2024-10-13T22:38:06.916-0400] {processor.py:925} INFO - DAG(s) 'example_bash_decorator' retrieved from /Users/karenwang/anaconda3/envs/airflow_sqlite_env/lib/python3.9/site-packages/airflow/example_dags/example_bash_decorator.py
[2024-10-13T22:38:07.215-0400] {logging_mixin.py:190} INFO - [2024-10-13T22:38:07.215-0400] {dag.py:3239} INFO - Sync 1 DAGs
[2024-10-13T22:38:07.229-0400] {logging_mixin.py:190} INFO - [2024-10-13T22:38:07.228-0400] {dag.py:4180} INFO - Setting next_dagrun for example_bash_decorator to None, run_after=None
[2024-10-13T22:38:07.253-0400] {processor.py:208} INFO - Processing /Users/karenwang/anaconda3/envs/airflow_sqlite_env/lib/python3.9/site-packages/airflow/example_dags/example_bash_decorator.py took 0.462 seconds
