[2024-10-13T20:03:09.391-0400] {processor.py:186} INFO - Started process (PID=26076) to work on /Users/karenwang/anaconda3/envs/airflow_sqlite_env/lib/python3.9/site-packages/airflow/example_dags/example_datasets.py
[2024-10-13T20:03:09.393-0400] {processor.py:914} INFO - Processing file /Users/karenwang/anaconda3/envs/airflow_sqlite_env/lib/python3.9/site-packages/airflow/example_dags/example_datasets.py for tasks to queue
[2024-10-13T20:03:09.394-0400] {logging_mixin.py:190} INFO - [2024-10-13T20:03:09.394-0400] {dagbag.py:588} INFO - Filling up the DagBag from /Users/karenwang/anaconda3/envs/airflow_sqlite_env/lib/python3.9/site-packages/airflow/example_dags/example_datasets.py
[2024-10-13T20:03:09.483-0400] {processor.py:925} INFO - DAG(s) 'dataset_consumes_1_and_2', 'consume_1_and_2_with_dataset_expressions', 'dataset_produces_2', 'conditional_dataset_and_time_based_timetable', 'dataset_consumes_1', 'consume_1_or_2_with_dataset_expressions', 'dataset_produces_1', 'dataset_consumes_unknown_never_scheduled', 'consume_1_or_both_2_and_3_with_dataset_expressions', 'dataset_consumes_1_never_scheduled' retrieved from /Users/karenwang/anaconda3/envs/airflow_sqlite_env/lib/python3.9/site-packages/airflow/example_dags/example_datasets.py
[2024-10-13T20:03:09.756-0400] {logging_mixin.py:190} INFO - [2024-10-13T20:03:09.756-0400] {dag.py:3239} INFO - Sync 10 DAGs
[2024-10-13T20:03:09.801-0400] {logging_mixin.py:190} INFO - [2024-10-13T20:03:09.801-0400] {dag.py:4180} INFO - Setting next_dagrun for conditional_dataset_and_time_based_timetable to 2024-10-09 01:00:00+00:00, run_after=2024-10-09 01:00:00+00:00
[2024-10-13T20:03:09.808-0400] {logging_mixin.py:190} INFO - [2024-10-13T20:03:09.807-0400] {dag.py:4180} INFO - Setting next_dagrun for consume_1_and_2_with_dataset_expressions to None, run_after=None
[2024-10-13T20:03:09.810-0400] {logging_mixin.py:190} INFO - [2024-10-13T20:03:09.809-0400] {dag.py:4180} INFO - Setting next_dagrun for consume_1_or_2_with_dataset_expressions to None, run_after=None
[2024-10-13T20:03:09.811-0400] {logging_mixin.py:190} INFO - [2024-10-13T20:03:09.811-0400] {dag.py:4180} INFO - Setting next_dagrun for consume_1_or_both_2_and_3_with_dataset_expressions to None, run_after=None
[2024-10-13T20:03:09.813-0400] {logging_mixin.py:190} INFO - [2024-10-13T20:03:09.813-0400] {dag.py:4180} INFO - Setting next_dagrun for dataset_consumes_1 to None, run_after=None
[2024-10-13T20:03:09.815-0400] {logging_mixin.py:190} INFO - [2024-10-13T20:03:09.815-0400] {dag.py:4180} INFO - Setting next_dagrun for dataset_consumes_1_and_2 to None, run_after=None
[2024-10-13T20:03:09.817-0400] {logging_mixin.py:190} INFO - [2024-10-13T20:03:09.817-0400] {dag.py:4180} INFO - Setting next_dagrun for dataset_consumes_1_never_scheduled to None, run_after=None
[2024-10-13T20:03:09.819-0400] {logging_mixin.py:190} INFO - [2024-10-13T20:03:09.819-0400] {dag.py:4180} INFO - Setting next_dagrun for dataset_consumes_unknown_never_scheduled to None, run_after=None
[2024-10-13T20:03:09.823-0400] {logging_mixin.py:190} INFO - [2024-10-13T20:03:09.822-0400] {dag.py:4180} INFO - Setting next_dagrun for dataset_produces_1 to 2024-10-13 00:00:00+00:00, run_after=2024-10-14 00:00:00+00:00
[2024-10-13T20:03:09.825-0400] {logging_mixin.py:190} INFO - [2024-10-13T20:03:09.824-0400] {dag.py:4180} INFO - Setting next_dagrun for dataset_produces_2 to None, run_after=None
[2024-10-13T20:03:09.878-0400] {processor.py:208} INFO - Processing /Users/karenwang/anaconda3/envs/airflow_sqlite_env/lib/python3.9/site-packages/airflow/example_dags/example_datasets.py took 0.494 seconds
[2024-10-13T20:11:10.166-0400] {processor.py:186} INFO - Started process (PID=28542) to work on /Users/karenwang/anaconda3/envs/airflow_sqlite_env/lib/python3.9/site-packages/airflow/example_dags/example_datasets.py
[2024-10-13T20:11:10.167-0400] {processor.py:914} INFO - Processing file /Users/karenwang/anaconda3/envs/airflow_sqlite_env/lib/python3.9/site-packages/airflow/example_dags/example_datasets.py for tasks to queue
[2024-10-13T20:11:10.169-0400] {logging_mixin.py:190} INFO - [2024-10-13T20:11:10.169-0400] {dagbag.py:588} INFO - Filling up the DagBag from /Users/karenwang/anaconda3/envs/airflow_sqlite_env/lib/python3.9/site-packages/airflow/example_dags/example_datasets.py
[2024-10-13T20:11:10.251-0400] {processor.py:925} INFO - DAG(s) 'dataset_consumes_1', 'conditional_dataset_and_time_based_timetable', 'dataset_consumes_1_and_2', 'consume_1_or_both_2_and_3_with_dataset_expressions', 'dataset_consumes_unknown_never_scheduled', 'consume_1_and_2_with_dataset_expressions', 'consume_1_or_2_with_dataset_expressions', 'dataset_produces_2', 'dataset_produces_1', 'dataset_consumes_1_never_scheduled' retrieved from /Users/karenwang/anaconda3/envs/airflow_sqlite_env/lib/python3.9/site-packages/airflow/example_dags/example_datasets.py
[2024-10-13T20:11:10.481-0400] {logging_mixin.py:190} INFO - [2024-10-13T20:11:10.481-0400] {dag.py:3239} INFO - Sync 10 DAGs
[2024-10-13T20:11:10.511-0400] {logging_mixin.py:190} INFO - [2024-10-13T20:11:10.511-0400] {dag.py:4180} INFO - Setting next_dagrun for conditional_dataset_and_time_based_timetable to 2024-10-09 01:00:00+00:00, run_after=2024-10-09 01:00:00+00:00
[2024-10-13T20:11:10.514-0400] {logging_mixin.py:190} INFO - [2024-10-13T20:11:10.514-0400] {dag.py:4180} INFO - Setting next_dagrun for consume_1_and_2_with_dataset_expressions to None, run_after=None
[2024-10-13T20:11:10.515-0400] {logging_mixin.py:190} INFO - [2024-10-13T20:11:10.515-0400] {dag.py:4180} INFO - Setting next_dagrun for consume_1_or_2_with_dataset_expressions to None, run_after=None
[2024-10-13T20:11:10.516-0400] {logging_mixin.py:190} INFO - [2024-10-13T20:11:10.516-0400] {dag.py:4180} INFO - Setting next_dagrun for consume_1_or_both_2_and_3_with_dataset_expressions to None, run_after=None
[2024-10-13T20:11:10.517-0400] {logging_mixin.py:190} INFO - [2024-10-13T20:11:10.517-0400] {dag.py:4180} INFO - Setting next_dagrun for dataset_consumes_1 to None, run_after=None
[2024-10-13T20:11:10.519-0400] {logging_mixin.py:190} INFO - [2024-10-13T20:11:10.518-0400] {dag.py:4180} INFO - Setting next_dagrun for dataset_consumes_1_and_2 to None, run_after=None
[2024-10-13T20:11:10.520-0400] {logging_mixin.py:190} INFO - [2024-10-13T20:11:10.519-0400] {dag.py:4180} INFO - Setting next_dagrun for dataset_consumes_1_never_scheduled to None, run_after=None
[2024-10-13T20:11:10.521-0400] {logging_mixin.py:190} INFO - [2024-10-13T20:11:10.520-0400] {dag.py:4180} INFO - Setting next_dagrun for dataset_consumes_unknown_never_scheduled to None, run_after=None
[2024-10-13T20:11:10.524-0400] {logging_mixin.py:190} INFO - [2024-10-13T20:11:10.523-0400] {dag.py:4180} INFO - Setting next_dagrun for dataset_produces_1 to 2024-10-13 00:00:00+00:00, run_after=2024-10-14 00:00:00+00:00
[2024-10-13T20:11:10.525-0400] {logging_mixin.py:190} INFO - [2024-10-13T20:11:10.524-0400] {dag.py:4180} INFO - Setting next_dagrun for dataset_produces_2 to None, run_after=None
[2024-10-13T20:11:10.560-0400] {processor.py:208} INFO - Processing /Users/karenwang/anaconda3/envs/airflow_sqlite_env/lib/python3.9/site-packages/airflow/example_dags/example_datasets.py took 0.400 seconds
[2024-10-13T20:19:30.433-0400] {processor.py:186} INFO - Started process (PID=31105) to work on /Users/karenwang/anaconda3/envs/airflow_sqlite_env/lib/python3.9/site-packages/airflow/example_dags/example_datasets.py
[2024-10-13T20:19:30.434-0400] {processor.py:914} INFO - Processing file /Users/karenwang/anaconda3/envs/airflow_sqlite_env/lib/python3.9/site-packages/airflow/example_dags/example_datasets.py for tasks to queue
[2024-10-13T20:19:30.436-0400] {logging_mixin.py:190} INFO - [2024-10-13T20:19:30.435-0400] {dagbag.py:588} INFO - Filling up the DagBag from /Users/karenwang/anaconda3/envs/airflow_sqlite_env/lib/python3.9/site-packages/airflow/example_dags/example_datasets.py
[2024-10-13T20:19:30.523-0400] {processor.py:925} INFO - DAG(s) 'dataset_consumes_1', 'dataset_consumes_unknown_never_scheduled', 'dataset_consumes_1_and_2', 'dataset_produces_1', 'consume_1_or_both_2_and_3_with_dataset_expressions', 'conditional_dataset_and_time_based_timetable', 'consume_1_and_2_with_dataset_expressions', 'consume_1_or_2_with_dataset_expressions', 'dataset_consumes_1_never_scheduled', 'dataset_produces_2' retrieved from /Users/karenwang/anaconda3/envs/airflow_sqlite_env/lib/python3.9/site-packages/airflow/example_dags/example_datasets.py
[2024-10-13T20:19:30.771-0400] {logging_mixin.py:190} INFO - [2024-10-13T20:19:30.771-0400] {dag.py:3239} INFO - Sync 10 DAGs
[2024-10-13T20:19:30.802-0400] {logging_mixin.py:190} INFO - [2024-10-13T20:19:30.802-0400] {dag.py:4180} INFO - Setting next_dagrun for conditional_dataset_and_time_based_timetable to 2024-10-09 01:00:00+00:00, run_after=2024-10-09 01:00:00+00:00
[2024-10-13T20:19:30.807-0400] {logging_mixin.py:190} INFO - [2024-10-13T20:19:30.807-0400] {dag.py:4180} INFO - Setting next_dagrun for consume_1_and_2_with_dataset_expressions to None, run_after=None
[2024-10-13T20:19:30.809-0400] {logging_mixin.py:190} INFO - [2024-10-13T20:19:30.809-0400] {dag.py:4180} INFO - Setting next_dagrun for consume_1_or_2_with_dataset_expressions to None, run_after=None
[2024-10-13T20:19:30.811-0400] {logging_mixin.py:190} INFO - [2024-10-13T20:19:30.810-0400] {dag.py:4180} INFO - Setting next_dagrun for consume_1_or_both_2_and_3_with_dataset_expressions to None, run_after=None
[2024-10-13T20:19:30.812-0400] {logging_mixin.py:190} INFO - [2024-10-13T20:19:30.811-0400] {dag.py:4180} INFO - Setting next_dagrun for dataset_consumes_1 to None, run_after=None
[2024-10-13T20:19:30.813-0400] {logging_mixin.py:190} INFO - [2024-10-13T20:19:30.813-0400] {dag.py:4180} INFO - Setting next_dagrun for dataset_consumes_1_and_2 to None, run_after=None
[2024-10-13T20:19:30.814-0400] {logging_mixin.py:190} INFO - [2024-10-13T20:19:30.814-0400] {dag.py:4180} INFO - Setting next_dagrun for dataset_consumes_1_never_scheduled to None, run_after=None
[2024-10-13T20:19:30.815-0400] {logging_mixin.py:190} INFO - [2024-10-13T20:19:30.815-0400] {dag.py:4180} INFO - Setting next_dagrun for dataset_consumes_unknown_never_scheduled to None, run_after=None
[2024-10-13T20:19:30.819-0400] {logging_mixin.py:190} INFO - [2024-10-13T20:19:30.819-0400] {dag.py:4180} INFO - Setting next_dagrun for dataset_produces_1 to 2024-10-13 00:00:00+00:00, run_after=2024-10-14 00:00:00+00:00
[2024-10-13T20:19:30.821-0400] {logging_mixin.py:190} INFO - [2024-10-13T20:19:30.820-0400] {dag.py:4180} INFO - Setting next_dagrun for dataset_produces_2 to None, run_after=None
[2024-10-13T20:19:30.862-0400] {processor.py:208} INFO - Processing /Users/karenwang/anaconda3/envs/airflow_sqlite_env/lib/python3.9/site-packages/airflow/example_dags/example_datasets.py took 0.435 seconds
[2024-10-13T20:29:37.646-0400] {processor.py:186} INFO - Started process (PID=34551) to work on /Users/karenwang/anaconda3/envs/airflow_sqlite_env/lib/python3.9/site-packages/airflow/example_dags/example_datasets.py
[2024-10-13T20:29:37.648-0400] {processor.py:914} INFO - Processing file /Users/karenwang/anaconda3/envs/airflow_sqlite_env/lib/python3.9/site-packages/airflow/example_dags/example_datasets.py for tasks to queue
[2024-10-13T20:29:37.649-0400] {logging_mixin.py:190} INFO - [2024-10-13T20:29:37.649-0400] {dagbag.py:588} INFO - Filling up the DagBag from /Users/karenwang/anaconda3/envs/airflow_sqlite_env/lib/python3.9/site-packages/airflow/example_dags/example_datasets.py
[2024-10-13T20:29:37.788-0400] {processor.py:925} INFO - DAG(s) 'consume_1_or_2_with_dataset_expressions', 'dataset_consumes_1', 'dataset_produces_2', 'dataset_consumes_1_and_2', 'conditional_dataset_and_time_based_timetable', 'dataset_consumes_1_never_scheduled', 'dataset_consumes_unknown_never_scheduled', 'consume_1_and_2_with_dataset_expressions', 'consume_1_or_both_2_and_3_with_dataset_expressions', 'dataset_produces_1' retrieved from /Users/karenwang/anaconda3/envs/airflow_sqlite_env/lib/python3.9/site-packages/airflow/example_dags/example_datasets.py
[2024-10-13T20:29:38.135-0400] {logging_mixin.py:190} INFO - [2024-10-13T20:29:38.134-0400] {dag.py:3239} INFO - Sync 10 DAGs
[2024-10-13T20:29:38.176-0400] {logging_mixin.py:190} INFO - [2024-10-13T20:29:38.176-0400] {dag.py:4180} INFO - Setting next_dagrun for conditional_dataset_and_time_based_timetable to 2024-10-09 01:00:00+00:00, run_after=2024-10-09 01:00:00+00:00
[2024-10-13T20:29:38.182-0400] {logging_mixin.py:190} INFO - [2024-10-13T20:29:38.182-0400] {dag.py:4180} INFO - Setting next_dagrun for consume_1_and_2_with_dataset_expressions to None, run_after=None
[2024-10-13T20:29:38.184-0400] {logging_mixin.py:190} INFO - [2024-10-13T20:29:38.184-0400] {dag.py:4180} INFO - Setting next_dagrun for consume_1_or_2_with_dataset_expressions to None, run_after=None
[2024-10-13T20:29:38.186-0400] {logging_mixin.py:190} INFO - [2024-10-13T20:29:38.185-0400] {dag.py:4180} INFO - Setting next_dagrun for consume_1_or_both_2_and_3_with_dataset_expressions to None, run_after=None
[2024-10-13T20:29:38.187-0400] {logging_mixin.py:190} INFO - [2024-10-13T20:29:38.187-0400] {dag.py:4180} INFO - Setting next_dagrun for dataset_consumes_1 to None, run_after=None
[2024-10-13T20:29:38.189-0400] {logging_mixin.py:190} INFO - [2024-10-13T20:29:38.189-0400] {dag.py:4180} INFO - Setting next_dagrun for dataset_consumes_1_and_2 to None, run_after=None
[2024-10-13T20:29:38.190-0400] {logging_mixin.py:190} INFO - [2024-10-13T20:29:38.190-0400] {dag.py:4180} INFO - Setting next_dagrun for dataset_consumes_1_never_scheduled to None, run_after=None
[2024-10-13T20:29:38.192-0400] {logging_mixin.py:190} INFO - [2024-10-13T20:29:38.192-0400] {dag.py:4180} INFO - Setting next_dagrun for dataset_consumes_unknown_never_scheduled to None, run_after=None
[2024-10-13T20:29:38.197-0400] {logging_mixin.py:190} INFO - [2024-10-13T20:29:38.196-0400] {dag.py:4180} INFO - Setting next_dagrun for dataset_produces_1 to 2024-10-13 00:00:00+00:00, run_after=2024-10-14 00:00:00+00:00
[2024-10-13T20:29:38.199-0400] {logging_mixin.py:190} INFO - [2024-10-13T20:29:38.199-0400] {dag.py:4180} INFO - Setting next_dagrun for dataset_produces_2 to None, run_after=None
[2024-10-13T20:29:38.252-0400] {processor.py:208} INFO - Processing /Users/karenwang/anaconda3/envs/airflow_sqlite_env/lib/python3.9/site-packages/airflow/example_dags/example_datasets.py took 0.614 seconds
[2024-10-13T20:33:53.862-0400] {processor.py:186} INFO - Started process (PID=35893) to work on /Users/karenwang/anaconda3/envs/airflow_sqlite_env/lib/python3.9/site-packages/airflow/example_dags/example_datasets.py
[2024-10-13T20:33:53.863-0400] {processor.py:914} INFO - Processing file /Users/karenwang/anaconda3/envs/airflow_sqlite_env/lib/python3.9/site-packages/airflow/example_dags/example_datasets.py for tasks to queue
[2024-10-13T20:33:53.864-0400] {logging_mixin.py:190} INFO - [2024-10-13T20:33:53.864-0400] {dagbag.py:588} INFO - Filling up the DagBag from /Users/karenwang/anaconda3/envs/airflow_sqlite_env/lib/python3.9/site-packages/airflow/example_dags/example_datasets.py
[2024-10-13T20:33:53.929-0400] {processor.py:925} INFO - DAG(s) 'dataset_produces_1', 'consume_1_or_both_2_and_3_with_dataset_expressions', 'consume_1_and_2_with_dataset_expressions', 'conditional_dataset_and_time_based_timetable', 'dataset_produces_2', 'dataset_consumes_1_and_2', 'consume_1_or_2_with_dataset_expressions', 'dataset_consumes_1', 'dataset_consumes_1_never_scheduled', 'dataset_consumes_unknown_never_scheduled' retrieved from /Users/karenwang/anaconda3/envs/airflow_sqlite_env/lib/python3.9/site-packages/airflow/example_dags/example_datasets.py
[2024-10-13T20:33:54.148-0400] {logging_mixin.py:190} INFO - [2024-10-13T20:33:54.147-0400] {dag.py:3239} INFO - Sync 10 DAGs
[2024-10-13T20:33:54.179-0400] {logging_mixin.py:190} INFO - [2024-10-13T20:33:54.178-0400] {dag.py:4180} INFO - Setting next_dagrun for conditional_dataset_and_time_based_timetable to 2024-10-09 01:00:00+00:00, run_after=2024-10-09 01:00:00+00:00
[2024-10-13T20:33:54.182-0400] {logging_mixin.py:190} INFO - [2024-10-13T20:33:54.182-0400] {dag.py:4180} INFO - Setting next_dagrun for consume_1_and_2_with_dataset_expressions to None, run_after=None
[2024-10-13T20:33:54.183-0400] {logging_mixin.py:190} INFO - [2024-10-13T20:33:54.183-0400] {dag.py:4180} INFO - Setting next_dagrun for consume_1_or_2_with_dataset_expressions to None, run_after=None
[2024-10-13T20:33:54.184-0400] {logging_mixin.py:190} INFO - [2024-10-13T20:33:54.184-0400] {dag.py:4180} INFO - Setting next_dagrun for consume_1_or_both_2_and_3_with_dataset_expressions to None, run_after=None
[2024-10-13T20:33:54.185-0400] {logging_mixin.py:190} INFO - [2024-10-13T20:33:54.185-0400] {dag.py:4180} INFO - Setting next_dagrun for dataset_consumes_1 to None, run_after=None
[2024-10-13T20:33:54.186-0400] {logging_mixin.py:190} INFO - [2024-10-13T20:33:54.186-0400] {dag.py:4180} INFO - Setting next_dagrun for dataset_consumes_1_and_2 to None, run_after=None
[2024-10-13T20:33:54.187-0400] {logging_mixin.py:190} INFO - [2024-10-13T20:33:54.187-0400] {dag.py:4180} INFO - Setting next_dagrun for dataset_consumes_1_never_scheduled to None, run_after=None
[2024-10-13T20:33:54.188-0400] {logging_mixin.py:190} INFO - [2024-10-13T20:33:54.188-0400] {dag.py:4180} INFO - Setting next_dagrun for dataset_consumes_unknown_never_scheduled to None, run_after=None
[2024-10-13T20:33:54.191-0400] {logging_mixin.py:190} INFO - [2024-10-13T20:33:54.191-0400] {dag.py:4180} INFO - Setting next_dagrun for dataset_produces_1 to 2024-10-13 00:00:00+00:00, run_after=2024-10-14 00:00:00+00:00
[2024-10-13T20:33:54.192-0400] {logging_mixin.py:190} INFO - [2024-10-13T20:33:54.192-0400] {dag.py:4180} INFO - Setting next_dagrun for dataset_produces_2 to None, run_after=None
[2024-10-13T20:33:54.228-0400] {processor.py:208} INFO - Processing /Users/karenwang/anaconda3/envs/airflow_sqlite_env/lib/python3.9/site-packages/airflow/example_dags/example_datasets.py took 0.372 seconds
[2024-10-13T20:41:14.361-0400] {processor.py:186} INFO - Started process (PID=38201) to work on /Users/karenwang/anaconda3/envs/airflow_sqlite_env/lib/python3.9/site-packages/airflow/example_dags/example_datasets.py
[2024-10-13T20:41:14.363-0400] {processor.py:914} INFO - Processing file /Users/karenwang/anaconda3/envs/airflow_sqlite_env/lib/python3.9/site-packages/airflow/example_dags/example_datasets.py for tasks to queue
[2024-10-13T20:41:14.364-0400] {logging_mixin.py:190} INFO - [2024-10-13T20:41:14.364-0400] {dagbag.py:588} INFO - Filling up the DagBag from /Users/karenwang/anaconda3/envs/airflow_sqlite_env/lib/python3.9/site-packages/airflow/example_dags/example_datasets.py
[2024-10-13T20:41:14.439-0400] {processor.py:925} INFO - DAG(s) 'dataset_consumes_1', 'dataset_produces_2', 'consume_1_or_2_with_dataset_expressions', 'dataset_consumes_1_never_scheduled', 'conditional_dataset_and_time_based_timetable', 'dataset_consumes_unknown_never_scheduled', 'dataset_produces_1', 'consume_1_and_2_with_dataset_expressions', 'consume_1_or_both_2_and_3_with_dataset_expressions', 'dataset_consumes_1_and_2' retrieved from /Users/karenwang/anaconda3/envs/airflow_sqlite_env/lib/python3.9/site-packages/airflow/example_dags/example_datasets.py
[2024-10-13T20:41:14.646-0400] {logging_mixin.py:190} INFO - [2024-10-13T20:41:14.646-0400] {dag.py:3239} INFO - Sync 10 DAGs
[2024-10-13T20:41:14.670-0400] {logging_mixin.py:190} INFO - [2024-10-13T20:41:14.670-0400] {dag.py:4180} INFO - Setting next_dagrun for conditional_dataset_and_time_based_timetable to 2024-10-09 01:00:00+00:00, run_after=2024-10-09 01:00:00+00:00
[2024-10-13T20:41:14.674-0400] {logging_mixin.py:190} INFO - [2024-10-13T20:41:14.674-0400] {dag.py:4180} INFO - Setting next_dagrun for consume_1_and_2_with_dataset_expressions to None, run_after=None
[2024-10-13T20:41:14.675-0400] {logging_mixin.py:190} INFO - [2024-10-13T20:41:14.675-0400] {dag.py:4180} INFO - Setting next_dagrun for consume_1_or_2_with_dataset_expressions to None, run_after=None
[2024-10-13T20:41:14.676-0400] {logging_mixin.py:190} INFO - [2024-10-13T20:41:14.676-0400] {dag.py:4180} INFO - Setting next_dagrun for consume_1_or_both_2_and_3_with_dataset_expressions to None, run_after=None
[2024-10-13T20:41:14.677-0400] {logging_mixin.py:190} INFO - [2024-10-13T20:41:14.677-0400] {dag.py:4180} INFO - Setting next_dagrun for dataset_consumes_1 to None, run_after=None
[2024-10-13T20:41:14.679-0400] {logging_mixin.py:190} INFO - [2024-10-13T20:41:14.678-0400] {dag.py:4180} INFO - Setting next_dagrun for dataset_consumes_1_and_2 to None, run_after=None
[2024-10-13T20:41:14.680-0400] {logging_mixin.py:190} INFO - [2024-10-13T20:41:14.679-0400] {dag.py:4180} INFO - Setting next_dagrun for dataset_consumes_1_never_scheduled to None, run_after=None
[2024-10-13T20:41:14.681-0400] {logging_mixin.py:190} INFO - [2024-10-13T20:41:14.681-0400] {dag.py:4180} INFO - Setting next_dagrun for dataset_consumes_unknown_never_scheduled to None, run_after=None
[2024-10-13T20:41:14.683-0400] {logging_mixin.py:190} INFO - [2024-10-13T20:41:14.683-0400] {dag.py:4180} INFO - Setting next_dagrun for dataset_produces_1 to 2024-10-13 00:00:00+00:00, run_after=2024-10-14 00:00:00+00:00
[2024-10-13T20:41:14.685-0400] {logging_mixin.py:190} INFO - [2024-10-13T20:41:14.684-0400] {dag.py:4180} INFO - Setting next_dagrun for dataset_produces_2 to None, run_after=None
[2024-10-13T20:41:14.722-0400] {processor.py:208} INFO - Processing /Users/karenwang/anaconda3/envs/airflow_sqlite_env/lib/python3.9/site-packages/airflow/example_dags/example_datasets.py took 0.366 seconds
[2024-10-13T20:48:33.894-0400] {processor.py:186} INFO - Started process (PID=40479) to work on /Users/karenwang/anaconda3/envs/airflow_sqlite_env/lib/python3.9/site-packages/airflow/example_dags/example_datasets.py
[2024-10-13T20:48:33.896-0400] {processor.py:914} INFO - Processing file /Users/karenwang/anaconda3/envs/airflow_sqlite_env/lib/python3.9/site-packages/airflow/example_dags/example_datasets.py for tasks to queue
[2024-10-13T20:48:33.898-0400] {logging_mixin.py:190} INFO - [2024-10-13T20:48:33.898-0400] {dagbag.py:588} INFO - Filling up the DagBag from /Users/karenwang/anaconda3/envs/airflow_sqlite_env/lib/python3.9/site-packages/airflow/example_dags/example_datasets.py
[2024-10-13T20:48:33.971-0400] {processor.py:925} INFO - DAG(s) 'dataset_consumes_1', 'consume_1_or_both_2_and_3_with_dataset_expressions', 'dataset_consumes_1_never_scheduled', 'consume_1_or_2_with_dataset_expressions', 'dataset_consumes_1_and_2', 'dataset_produces_2', 'consume_1_and_2_with_dataset_expressions', 'dataset_consumes_unknown_never_scheduled', 'dataset_produces_1', 'conditional_dataset_and_time_based_timetable' retrieved from /Users/karenwang/anaconda3/envs/airflow_sqlite_env/lib/python3.9/site-packages/airflow/example_dags/example_datasets.py
[2024-10-13T20:48:34.205-0400] {logging_mixin.py:190} INFO - [2024-10-13T20:48:34.205-0400] {dag.py:3239} INFO - Sync 10 DAGs
[2024-10-13T20:48:34.240-0400] {logging_mixin.py:190} INFO - [2024-10-13T20:48:34.239-0400] {dag.py:4180} INFO - Setting next_dagrun for conditional_dataset_and_time_based_timetable to 2024-10-09 01:00:00+00:00, run_after=2024-10-09 01:00:00+00:00
[2024-10-13T20:48:34.260-0400] {logging_mixin.py:190} INFO - [2024-10-13T20:48:34.260-0400] {dag.py:4180} INFO - Setting next_dagrun for consume_1_and_2_with_dataset_expressions to None, run_after=None
[2024-10-13T20:48:34.262-0400] {logging_mixin.py:190} INFO - [2024-10-13T20:48:34.261-0400] {dag.py:4180} INFO - Setting next_dagrun for consume_1_or_2_with_dataset_expressions to None, run_after=None
[2024-10-13T20:48:34.263-0400] {logging_mixin.py:190} INFO - [2024-10-13T20:48:34.263-0400] {dag.py:4180} INFO - Setting next_dagrun for consume_1_or_both_2_and_3_with_dataset_expressions to None, run_after=None
[2024-10-13T20:48:34.264-0400] {logging_mixin.py:190} INFO - [2024-10-13T20:48:34.264-0400] {dag.py:4180} INFO - Setting next_dagrun for dataset_consumes_1 to None, run_after=None
[2024-10-13T20:48:34.265-0400] {logging_mixin.py:190} INFO - [2024-10-13T20:48:34.265-0400] {dag.py:4180} INFO - Setting next_dagrun for dataset_consumes_1_and_2 to None, run_after=None
[2024-10-13T20:48:34.266-0400] {logging_mixin.py:190} INFO - [2024-10-13T20:48:34.266-0400] {dag.py:4180} INFO - Setting next_dagrun for dataset_consumes_1_never_scheduled to None, run_after=None
[2024-10-13T20:48:34.267-0400] {logging_mixin.py:190} INFO - [2024-10-13T20:48:34.267-0400] {dag.py:4180} INFO - Setting next_dagrun for dataset_consumes_unknown_never_scheduled to None, run_after=None
[2024-10-13T20:48:34.270-0400] {logging_mixin.py:190} INFO - [2024-10-13T20:48:34.270-0400] {dag.py:4180} INFO - Setting next_dagrun for dataset_produces_1 to 2024-10-13 00:00:00+00:00, run_after=2024-10-14 00:00:00+00:00
[2024-10-13T20:48:34.271-0400] {logging_mixin.py:190} INFO - [2024-10-13T20:48:34.271-0400] {dag.py:4180} INFO - Setting next_dagrun for dataset_produces_2 to None, run_after=None
[2024-10-13T20:48:34.302-0400] {processor.py:208} INFO - Processing /Users/karenwang/anaconda3/envs/airflow_sqlite_env/lib/python3.9/site-packages/airflow/example_dags/example_datasets.py took 0.414 seconds
[2024-10-13T20:55:51.740-0400] {processor.py:186} INFO - Started process (PID=42757) to work on /Users/karenwang/anaconda3/envs/airflow_sqlite_env/lib/python3.9/site-packages/airflow/example_dags/example_datasets.py
[2024-10-13T20:55:51.741-0400] {processor.py:914} INFO - Processing file /Users/karenwang/anaconda3/envs/airflow_sqlite_env/lib/python3.9/site-packages/airflow/example_dags/example_datasets.py for tasks to queue
[2024-10-13T20:55:51.742-0400] {logging_mixin.py:190} INFO - [2024-10-13T20:55:51.742-0400] {dagbag.py:588} INFO - Filling up the DagBag from /Users/karenwang/anaconda3/envs/airflow_sqlite_env/lib/python3.9/site-packages/airflow/example_dags/example_datasets.py
[2024-10-13T20:55:51.811-0400] {processor.py:925} INFO - DAG(s) 'dataset_produces_1', 'dataset_consumes_unknown_never_scheduled', 'conditional_dataset_and_time_based_timetable', 'dataset_consumes_1_never_scheduled', 'dataset_consumes_1_and_2', 'consume_1_or_2_with_dataset_expressions', 'consume_1_or_both_2_and_3_with_dataset_expressions', 'dataset_consumes_1', 'consume_1_and_2_with_dataset_expressions', 'dataset_produces_2' retrieved from /Users/karenwang/anaconda3/envs/airflow_sqlite_env/lib/python3.9/site-packages/airflow/example_dags/example_datasets.py
[2024-10-13T20:55:52.040-0400] {logging_mixin.py:190} INFO - [2024-10-13T20:55:52.040-0400] {dag.py:3239} INFO - Sync 10 DAGs
[2024-10-13T20:55:52.070-0400] {logging_mixin.py:190} INFO - [2024-10-13T20:55:52.070-0400] {dag.py:4180} INFO - Setting next_dagrun for conditional_dataset_and_time_based_timetable to 2024-10-09 01:00:00+00:00, run_after=2024-10-09 01:00:00+00:00
[2024-10-13T20:55:52.075-0400] {logging_mixin.py:190} INFO - [2024-10-13T20:55:52.074-0400] {dag.py:4180} INFO - Setting next_dagrun for consume_1_and_2_with_dataset_expressions to None, run_after=None
[2024-10-13T20:55:52.076-0400] {logging_mixin.py:190} INFO - [2024-10-13T20:55:52.076-0400] {dag.py:4180} INFO - Setting next_dagrun for consume_1_or_2_with_dataset_expressions to None, run_after=None
[2024-10-13T20:55:52.077-0400] {logging_mixin.py:190} INFO - [2024-10-13T20:55:52.077-0400] {dag.py:4180} INFO - Setting next_dagrun for consume_1_or_both_2_and_3_with_dataset_expressions to None, run_after=None
[2024-10-13T20:55:52.078-0400] {logging_mixin.py:190} INFO - [2024-10-13T20:55:52.078-0400] {dag.py:4180} INFO - Setting next_dagrun for dataset_consumes_1 to None, run_after=None
[2024-10-13T20:55:52.079-0400] {logging_mixin.py:190} INFO - [2024-10-13T20:55:52.079-0400] {dag.py:4180} INFO - Setting next_dagrun for dataset_consumes_1_and_2 to None, run_after=None
[2024-10-13T20:55:52.080-0400] {logging_mixin.py:190} INFO - [2024-10-13T20:55:52.080-0400] {dag.py:4180} INFO - Setting next_dagrun for dataset_consumes_1_never_scheduled to None, run_after=None
[2024-10-13T20:55:52.081-0400] {logging_mixin.py:190} INFO - [2024-10-13T20:55:52.081-0400] {dag.py:4180} INFO - Setting next_dagrun for dataset_consumes_unknown_never_scheduled to None, run_after=None
[2024-10-13T20:55:52.084-0400] {logging_mixin.py:190} INFO - [2024-10-13T20:55:52.084-0400] {dag.py:4180} INFO - Setting next_dagrun for dataset_produces_1 to 2024-10-13 00:00:00+00:00, run_after=2024-10-14 00:00:00+00:00
[2024-10-13T20:55:52.085-0400] {logging_mixin.py:190} INFO - [2024-10-13T20:55:52.085-0400] {dag.py:4180} INFO - Setting next_dagrun for dataset_produces_2 to None, run_after=None
[2024-10-13T20:55:52.120-0400] {processor.py:208} INFO - Processing /Users/karenwang/anaconda3/envs/airflow_sqlite_env/lib/python3.9/site-packages/airflow/example_dags/example_datasets.py took 0.386 seconds
[2024-10-13T21:03:12.917-0400] {processor.py:186} INFO - Started process (PID=45039) to work on /Users/karenwang/anaconda3/envs/airflow_sqlite_env/lib/python3.9/site-packages/airflow/example_dags/example_datasets.py
[2024-10-13T21:03:12.919-0400] {processor.py:914} INFO - Processing file /Users/karenwang/anaconda3/envs/airflow_sqlite_env/lib/python3.9/site-packages/airflow/example_dags/example_datasets.py for tasks to queue
[2024-10-13T21:03:12.920-0400] {logging_mixin.py:190} INFO - [2024-10-13T21:03:12.920-0400] {dagbag.py:588} INFO - Filling up the DagBag from /Users/karenwang/anaconda3/envs/airflow_sqlite_env/lib/python3.9/site-packages/airflow/example_dags/example_datasets.py
[2024-10-13T21:03:13.002-0400] {processor.py:925} INFO - DAG(s) 'dataset_produces_1', 'dataset_produces_2', 'dataset_consumes_1_never_scheduled', 'consume_1_or_2_with_dataset_expressions', 'dataset_consumes_1_and_2', 'consume_1_or_both_2_and_3_with_dataset_expressions', 'consume_1_and_2_with_dataset_expressions', 'dataset_consumes_1', 'dataset_consumes_unknown_never_scheduled', 'conditional_dataset_and_time_based_timetable' retrieved from /Users/karenwang/anaconda3/envs/airflow_sqlite_env/lib/python3.9/site-packages/airflow/example_dags/example_datasets.py
[2024-10-13T21:03:13.225-0400] {logging_mixin.py:190} INFO - [2024-10-13T21:03:13.224-0400] {dag.py:3239} INFO - Sync 10 DAGs
[2024-10-13T21:03:13.249-0400] {logging_mixin.py:190} INFO - [2024-10-13T21:03:13.249-0400] {dag.py:4180} INFO - Setting next_dagrun for conditional_dataset_and_time_based_timetable to 2024-10-09 01:00:00+00:00, run_after=2024-10-09 01:00:00+00:00
[2024-10-13T21:03:13.252-0400] {logging_mixin.py:190} INFO - [2024-10-13T21:03:13.252-0400] {dag.py:4180} INFO - Setting next_dagrun for consume_1_and_2_with_dataset_expressions to None, run_after=None
[2024-10-13T21:03:13.254-0400] {logging_mixin.py:190} INFO - [2024-10-13T21:03:13.253-0400] {dag.py:4180} INFO - Setting next_dagrun for consume_1_or_2_with_dataset_expressions to None, run_after=None
[2024-10-13T21:03:13.255-0400] {logging_mixin.py:190} INFO - [2024-10-13T21:03:13.254-0400] {dag.py:4180} INFO - Setting next_dagrun for consume_1_or_both_2_and_3_with_dataset_expressions to None, run_after=None
[2024-10-13T21:03:13.256-0400] {logging_mixin.py:190} INFO - [2024-10-13T21:03:13.256-0400] {dag.py:4180} INFO - Setting next_dagrun for dataset_consumes_1 to None, run_after=None
[2024-10-13T21:03:13.257-0400] {logging_mixin.py:190} INFO - [2024-10-13T21:03:13.257-0400] {dag.py:4180} INFO - Setting next_dagrun for dataset_consumes_1_and_2 to None, run_after=None
[2024-10-13T21:03:13.258-0400] {logging_mixin.py:190} INFO - [2024-10-13T21:03:13.258-0400] {dag.py:4180} INFO - Setting next_dagrun for dataset_consumes_1_never_scheduled to None, run_after=None
[2024-10-13T21:03:13.259-0400] {logging_mixin.py:190} INFO - [2024-10-13T21:03:13.259-0400] {dag.py:4180} INFO - Setting next_dagrun for dataset_consumes_unknown_never_scheduled to None, run_after=None
[2024-10-13T21:03:13.262-0400] {logging_mixin.py:190} INFO - [2024-10-13T21:03:13.262-0400] {dag.py:4180} INFO - Setting next_dagrun for dataset_produces_1 to 2024-10-13 00:00:00+00:00, run_after=2024-10-14 00:00:00+00:00
[2024-10-13T21:03:13.263-0400] {logging_mixin.py:190} INFO - [2024-10-13T21:03:13.263-0400] {dag.py:4180} INFO - Setting next_dagrun for dataset_produces_2 to None, run_after=None
[2024-10-13T21:03:13.297-0400] {processor.py:208} INFO - Processing /Users/karenwang/anaconda3/envs/airflow_sqlite_env/lib/python3.9/site-packages/airflow/example_dags/example_datasets.py took 0.386 seconds
[2024-10-13T21:12:26.194-0400] {processor.py:186} INFO - Started process (PID=47972) to work on /Users/karenwang/anaconda3/envs/airflow_sqlite_env/lib/python3.9/site-packages/airflow/example_dags/example_datasets.py
[2024-10-13T21:12:26.195-0400] {processor.py:914} INFO - Processing file /Users/karenwang/anaconda3/envs/airflow_sqlite_env/lib/python3.9/site-packages/airflow/example_dags/example_datasets.py for tasks to queue
[2024-10-13T21:12:26.197-0400] {logging_mixin.py:190} INFO - [2024-10-13T21:12:26.197-0400] {dagbag.py:588} INFO - Filling up the DagBag from /Users/karenwang/anaconda3/envs/airflow_sqlite_env/lib/python3.9/site-packages/airflow/example_dags/example_datasets.py
[2024-10-13T21:12:26.274-0400] {processor.py:925} INFO - DAG(s) 'consume_1_or_both_2_and_3_with_dataset_expressions', 'dataset_consumes_1_never_scheduled', 'dataset_consumes_unknown_never_scheduled', 'dataset_produces_2', 'dataset_consumes_1_and_2', 'consume_1_and_2_with_dataset_expressions', 'consume_1_or_2_with_dataset_expressions', 'dataset_produces_1', 'dataset_consumes_1', 'conditional_dataset_and_time_based_timetable' retrieved from /Users/karenwang/anaconda3/envs/airflow_sqlite_env/lib/python3.9/site-packages/airflow/example_dags/example_datasets.py
[2024-10-13T21:12:26.534-0400] {logging_mixin.py:190} INFO - [2024-10-13T21:12:26.533-0400] {dag.py:3239} INFO - Sync 10 DAGs
[2024-10-13T21:12:26.568-0400] {logging_mixin.py:190} INFO - [2024-10-13T21:12:26.568-0400] {dag.py:4180} INFO - Setting next_dagrun for conditional_dataset_and_time_based_timetable to 2024-10-09 01:00:00+00:00, run_after=2024-10-09 01:00:00+00:00
[2024-10-13T21:12:26.572-0400] {logging_mixin.py:190} INFO - [2024-10-13T21:12:26.572-0400] {dag.py:4180} INFO - Setting next_dagrun for consume_1_and_2_with_dataset_expressions to None, run_after=None
[2024-10-13T21:12:26.573-0400] {logging_mixin.py:190} INFO - [2024-10-13T21:12:26.573-0400] {dag.py:4180} INFO - Setting next_dagrun for consume_1_or_2_with_dataset_expressions to None, run_after=None
[2024-10-13T21:12:26.574-0400] {logging_mixin.py:190} INFO - [2024-10-13T21:12:26.574-0400] {dag.py:4180} INFO - Setting next_dagrun for consume_1_or_both_2_and_3_with_dataset_expressions to None, run_after=None
[2024-10-13T21:12:26.575-0400] {logging_mixin.py:190} INFO - [2024-10-13T21:12:26.575-0400] {dag.py:4180} INFO - Setting next_dagrun for dataset_consumes_1 to None, run_after=None
[2024-10-13T21:12:26.576-0400] {logging_mixin.py:190} INFO - [2024-10-13T21:12:26.576-0400] {dag.py:4180} INFO - Setting next_dagrun for dataset_consumes_1_and_2 to None, run_after=None
[2024-10-13T21:12:26.577-0400] {logging_mixin.py:190} INFO - [2024-10-13T21:12:26.577-0400] {dag.py:4180} INFO - Setting next_dagrun for dataset_consumes_1_never_scheduled to None, run_after=None
[2024-10-13T21:12:26.578-0400] {logging_mixin.py:190} INFO - [2024-10-13T21:12:26.578-0400] {dag.py:4180} INFO - Setting next_dagrun for dataset_consumes_unknown_never_scheduled to None, run_after=None
[2024-10-13T21:12:26.581-0400] {logging_mixin.py:190} INFO - [2024-10-13T21:12:26.581-0400] {dag.py:4180} INFO - Setting next_dagrun for dataset_produces_1 to 2024-10-13 00:00:00+00:00, run_after=2024-10-14 00:00:00+00:00
[2024-10-13T21:12:26.582-0400] {logging_mixin.py:190} INFO - [2024-10-13T21:12:26.582-0400] {dag.py:4180} INFO - Setting next_dagrun for dataset_produces_2 to None, run_after=None
[2024-10-13T21:12:26.619-0400] {processor.py:208} INFO - Processing /Users/karenwang/anaconda3/envs/airflow_sqlite_env/lib/python3.9/site-packages/airflow/example_dags/example_datasets.py took 0.432 seconds
[2024-10-13T21:16:59.988-0400] {processor.py:186} INFO - Started process (PID=49616) to work on /Users/karenwang/anaconda3/envs/airflow_sqlite_env/lib/python3.9/site-packages/airflow/example_dags/example_datasets.py
[2024-10-13T21:16:59.989-0400] {processor.py:914} INFO - Processing file /Users/karenwang/anaconda3/envs/airflow_sqlite_env/lib/python3.9/site-packages/airflow/example_dags/example_datasets.py for tasks to queue
[2024-10-13T21:16:59.991-0400] {logging_mixin.py:190} INFO - [2024-10-13T21:16:59.991-0400] {dagbag.py:588} INFO - Filling up the DagBag from /Users/karenwang/anaconda3/envs/airflow_sqlite_env/lib/python3.9/site-packages/airflow/example_dags/example_datasets.py
[2024-10-13T21:17:00.076-0400] {processor.py:925} INFO - DAG(s) 'dataset_produces_1', 'consume_1_and_2_with_dataset_expressions', 'dataset_consumes_unknown_never_scheduled', 'conditional_dataset_and_time_based_timetable', 'dataset_consumes_1_never_scheduled', 'dataset_consumes_1', 'dataset_produces_2', 'consume_1_or_both_2_and_3_with_dataset_expressions', 'dataset_consumes_1_and_2', 'consume_1_or_2_with_dataset_expressions' retrieved from /Users/karenwang/anaconda3/envs/airflow_sqlite_env/lib/python3.9/site-packages/airflow/example_dags/example_datasets.py
[2024-10-13T21:17:00.314-0400] {logging_mixin.py:190} INFO - [2024-10-13T21:17:00.314-0400] {dag.py:3239} INFO - Sync 10 DAGs
[2024-10-13T21:17:00.346-0400] {logging_mixin.py:190} INFO - [2024-10-13T21:17:00.345-0400] {dag.py:4180} INFO - Setting next_dagrun for conditional_dataset_and_time_based_timetable to 2024-10-09 01:00:00+00:00, run_after=2024-10-09 01:00:00+00:00
[2024-10-13T21:17:00.350-0400] {logging_mixin.py:190} INFO - [2024-10-13T21:17:00.350-0400] {dag.py:4180} INFO - Setting next_dagrun for consume_1_and_2_with_dataset_expressions to None, run_after=None
[2024-10-13T21:17:00.351-0400] {logging_mixin.py:190} INFO - [2024-10-13T21:17:00.351-0400] {dag.py:4180} INFO - Setting next_dagrun for consume_1_or_2_with_dataset_expressions to None, run_after=None
[2024-10-13T21:17:00.352-0400] {logging_mixin.py:190} INFO - [2024-10-13T21:17:00.352-0400] {dag.py:4180} INFO - Setting next_dagrun for consume_1_or_both_2_and_3_with_dataset_expressions to None, run_after=None
[2024-10-13T21:17:00.353-0400] {logging_mixin.py:190} INFO - [2024-10-13T21:17:00.353-0400] {dag.py:4180} INFO - Setting next_dagrun for dataset_consumes_1 to None, run_after=None
[2024-10-13T21:17:00.355-0400] {logging_mixin.py:190} INFO - [2024-10-13T21:17:00.354-0400] {dag.py:4180} INFO - Setting next_dagrun for dataset_consumes_1_and_2 to None, run_after=None
[2024-10-13T21:17:00.356-0400] {logging_mixin.py:190} INFO - [2024-10-13T21:17:00.356-0400] {dag.py:4180} INFO - Setting next_dagrun for dataset_consumes_1_never_scheduled to None, run_after=None
[2024-10-13T21:17:00.358-0400] {logging_mixin.py:190} INFO - [2024-10-13T21:17:00.357-0400] {dag.py:4180} INFO - Setting next_dagrun for dataset_consumes_unknown_never_scheduled to None, run_after=None
[2024-10-13T21:17:00.360-0400] {logging_mixin.py:190} INFO - [2024-10-13T21:17:00.360-0400] {dag.py:4180} INFO - Setting next_dagrun for dataset_produces_1 to 2024-10-13 00:00:00+00:00, run_after=2024-10-14 00:00:00+00:00
[2024-10-13T21:17:00.362-0400] {logging_mixin.py:190} INFO - [2024-10-13T21:17:00.361-0400] {dag.py:4180} INFO - Setting next_dagrun for dataset_produces_2 to None, run_after=None
[2024-10-13T21:17:00.400-0400] {processor.py:208} INFO - Processing /Users/karenwang/anaconda3/envs/airflow_sqlite_env/lib/python3.9/site-packages/airflow/example_dags/example_datasets.py took 0.418 seconds
[2024-10-13T21:24:24.593-0400] {processor.py:186} INFO - Started process (PID=51913) to work on /Users/karenwang/anaconda3/envs/airflow_sqlite_env/lib/python3.9/site-packages/airflow/example_dags/example_datasets.py
[2024-10-13T21:24:24.595-0400] {processor.py:914} INFO - Processing file /Users/karenwang/anaconda3/envs/airflow_sqlite_env/lib/python3.9/site-packages/airflow/example_dags/example_datasets.py for tasks to queue
[2024-10-13T21:24:24.596-0400] {logging_mixin.py:190} INFO - [2024-10-13T21:24:24.596-0400] {dagbag.py:588} INFO - Filling up the DagBag from /Users/karenwang/anaconda3/envs/airflow_sqlite_env/lib/python3.9/site-packages/airflow/example_dags/example_datasets.py
[2024-10-13T21:24:24.664-0400] {processor.py:925} INFO - DAG(s) 'consume_1_and_2_with_dataset_expressions', 'dataset_produces_1', 'dataset_consumes_1_and_2', 'consume_1_or_both_2_and_3_with_dataset_expressions', 'dataset_consumes_1_never_scheduled', 'dataset_produces_2', 'consume_1_or_2_with_dataset_expressions', 'conditional_dataset_and_time_based_timetable', 'dataset_consumes_unknown_never_scheduled', 'dataset_consumes_1' retrieved from /Users/karenwang/anaconda3/envs/airflow_sqlite_env/lib/python3.9/site-packages/airflow/example_dags/example_datasets.py
[2024-10-13T21:24:24.892-0400] {logging_mixin.py:190} INFO - [2024-10-13T21:24:24.891-0400] {dag.py:3239} INFO - Sync 10 DAGs
[2024-10-13T21:24:24.922-0400] {logging_mixin.py:190} INFO - [2024-10-13T21:24:24.922-0400] {dag.py:4180} INFO - Setting next_dagrun for conditional_dataset_and_time_based_timetable to 2024-10-09 01:00:00+00:00, run_after=2024-10-09 01:00:00+00:00
[2024-10-13T21:24:24.926-0400] {logging_mixin.py:190} INFO - [2024-10-13T21:24:24.925-0400] {dag.py:4180} INFO - Setting next_dagrun for consume_1_and_2_with_dataset_expressions to None, run_after=None
[2024-10-13T21:24:24.927-0400] {logging_mixin.py:190} INFO - [2024-10-13T21:24:24.927-0400] {dag.py:4180} INFO - Setting next_dagrun for consume_1_or_2_with_dataset_expressions to None, run_after=None
[2024-10-13T21:24:24.929-0400] {logging_mixin.py:190} INFO - [2024-10-13T21:24:24.929-0400] {dag.py:4180} INFO - Setting next_dagrun for consume_1_or_both_2_and_3_with_dataset_expressions to None, run_after=None
[2024-10-13T21:24:24.930-0400] {logging_mixin.py:190} INFO - [2024-10-13T21:24:24.930-0400] {dag.py:4180} INFO - Setting next_dagrun for dataset_consumes_1 to None, run_after=None
[2024-10-13T21:24:24.931-0400] {logging_mixin.py:190} INFO - [2024-10-13T21:24:24.931-0400] {dag.py:4180} INFO - Setting next_dagrun for dataset_consumes_1_and_2 to None, run_after=None
[2024-10-13T21:24:24.932-0400] {logging_mixin.py:190} INFO - [2024-10-13T21:24:24.932-0400] {dag.py:4180} INFO - Setting next_dagrun for dataset_consumes_1_never_scheduled to None, run_after=None
[2024-10-13T21:24:24.933-0400] {logging_mixin.py:190} INFO - [2024-10-13T21:24:24.933-0400] {dag.py:4180} INFO - Setting next_dagrun for dataset_consumes_unknown_never_scheduled to None, run_after=None
[2024-10-13T21:24:24.937-0400] {logging_mixin.py:190} INFO - [2024-10-13T21:24:24.937-0400] {dag.py:4180} INFO - Setting next_dagrun for dataset_produces_1 to 2024-10-13 00:00:00+00:00, run_after=2024-10-14 00:00:00+00:00
[2024-10-13T21:24:24.939-0400] {logging_mixin.py:190} INFO - [2024-10-13T21:24:24.938-0400] {dag.py:4180} INFO - Setting next_dagrun for dataset_produces_2 to None, run_after=None
[2024-10-13T21:24:24.975-0400] {processor.py:208} INFO - Processing /Users/karenwang/anaconda3/envs/airflow_sqlite_env/lib/python3.9/site-packages/airflow/example_dags/example_datasets.py took 0.387 seconds
[2024-10-13T21:32:05.961-0400] {processor.py:186} INFO - Started process (PID=54325) to work on /Users/karenwang/anaconda3/envs/airflow_sqlite_env/lib/python3.9/site-packages/airflow/example_dags/example_datasets.py
[2024-10-13T21:32:05.962-0400] {processor.py:914} INFO - Processing file /Users/karenwang/anaconda3/envs/airflow_sqlite_env/lib/python3.9/site-packages/airflow/example_dags/example_datasets.py for tasks to queue
[2024-10-13T21:32:05.963-0400] {logging_mixin.py:190} INFO - [2024-10-13T21:32:05.963-0400] {dagbag.py:588} INFO - Filling up the DagBag from /Users/karenwang/anaconda3/envs/airflow_sqlite_env/lib/python3.9/site-packages/airflow/example_dags/example_datasets.py
[2024-10-13T21:32:06.045-0400] {processor.py:925} INFO - DAG(s) 'consume_1_or_both_2_and_3_with_dataset_expressions', 'dataset_consumes_1_and_2', 'consume_1_or_2_with_dataset_expressions', 'dataset_produces_2', 'conditional_dataset_and_time_based_timetable', 'dataset_consumes_1_never_scheduled', 'consume_1_and_2_with_dataset_expressions', 'dataset_produces_1', 'dataset_consumes_unknown_never_scheduled', 'dataset_consumes_1' retrieved from /Users/karenwang/anaconda3/envs/airflow_sqlite_env/lib/python3.9/site-packages/airflow/example_dags/example_datasets.py
[2024-10-13T21:32:06.293-0400] {logging_mixin.py:190} INFO - [2024-10-13T21:32:06.293-0400] {dag.py:3239} INFO - Sync 10 DAGs
[2024-10-13T21:32:06.325-0400] {logging_mixin.py:190} INFO - [2024-10-13T21:32:06.325-0400] {dag.py:4180} INFO - Setting next_dagrun for conditional_dataset_and_time_based_timetable to 2024-10-09 01:00:00+00:00, run_after=2024-10-09 01:00:00+00:00
[2024-10-13T21:32:06.329-0400] {logging_mixin.py:190} INFO - [2024-10-13T21:32:06.329-0400] {dag.py:4180} INFO - Setting next_dagrun for consume_1_and_2_with_dataset_expressions to None, run_after=None
[2024-10-13T21:32:06.331-0400] {logging_mixin.py:190} INFO - [2024-10-13T21:32:06.331-0400] {dag.py:4180} INFO - Setting next_dagrun for consume_1_or_2_with_dataset_expressions to None, run_after=None
[2024-10-13T21:32:06.333-0400] {logging_mixin.py:190} INFO - [2024-10-13T21:32:06.332-0400] {dag.py:4180} INFO - Setting next_dagrun for consume_1_or_both_2_and_3_with_dataset_expressions to None, run_after=None
[2024-10-13T21:32:06.334-0400] {logging_mixin.py:190} INFO - [2024-10-13T21:32:06.333-0400] {dag.py:4180} INFO - Setting next_dagrun for dataset_consumes_1 to None, run_after=None
[2024-10-13T21:32:06.335-0400] {logging_mixin.py:190} INFO - [2024-10-13T21:32:06.335-0400] {dag.py:4180} INFO - Setting next_dagrun for dataset_consumes_1_and_2 to None, run_after=None
[2024-10-13T21:32:06.336-0400] {logging_mixin.py:190} INFO - [2024-10-13T21:32:06.336-0400] {dag.py:4180} INFO - Setting next_dagrun for dataset_consumes_1_never_scheduled to None, run_after=None
[2024-10-13T21:32:06.337-0400] {logging_mixin.py:190} INFO - [2024-10-13T21:32:06.337-0400] {dag.py:4180} INFO - Setting next_dagrun for dataset_consumes_unknown_never_scheduled to None, run_after=None
[2024-10-13T21:32:06.340-0400] {logging_mixin.py:190} INFO - [2024-10-13T21:32:06.340-0400] {dag.py:4180} INFO - Setting next_dagrun for dataset_produces_1 to 2024-10-13 00:00:00+00:00, run_after=2024-10-14 00:00:00+00:00
[2024-10-13T21:32:06.342-0400] {logging_mixin.py:190} INFO - [2024-10-13T21:32:06.342-0400] {dag.py:4180} INFO - Setting next_dagrun for dataset_produces_2 to None, run_after=None
[2024-10-13T21:32:06.382-0400] {processor.py:208} INFO - Processing /Users/karenwang/anaconda3/envs/airflow_sqlite_env/lib/python3.9/site-packages/airflow/example_dags/example_datasets.py took 0.427 seconds
[2024-10-13T21:39:50.584-0400] {processor.py:186} INFO - Started process (PID=56753) to work on /Users/karenwang/anaconda3/envs/airflow_sqlite_env/lib/python3.9/site-packages/airflow/example_dags/example_datasets.py
[2024-10-13T21:39:50.585-0400] {processor.py:914} INFO - Processing file /Users/karenwang/anaconda3/envs/airflow_sqlite_env/lib/python3.9/site-packages/airflow/example_dags/example_datasets.py for tasks to queue
[2024-10-13T21:39:50.586-0400] {logging_mixin.py:190} INFO - [2024-10-13T21:39:50.586-0400] {dagbag.py:588} INFO - Filling up the DagBag from /Users/karenwang/anaconda3/envs/airflow_sqlite_env/lib/python3.9/site-packages/airflow/example_dags/example_datasets.py
[2024-10-13T21:39:50.667-0400] {processor.py:925} INFO - DAG(s) 'dataset_consumes_1_never_scheduled', 'dataset_consumes_unknown_never_scheduled', 'consume_1_and_2_with_dataset_expressions', 'dataset_produces_2', 'dataset_consumes_1', 'conditional_dataset_and_time_based_timetable', 'dataset_produces_1', 'consume_1_or_both_2_and_3_with_dataset_expressions', 'consume_1_or_2_with_dataset_expressions', 'dataset_consumes_1_and_2' retrieved from /Users/karenwang/anaconda3/envs/airflow_sqlite_env/lib/python3.9/site-packages/airflow/example_dags/example_datasets.py
[2024-10-13T21:39:50.881-0400] {logging_mixin.py:190} INFO - [2024-10-13T21:39:50.881-0400] {dag.py:3239} INFO - Sync 10 DAGs
[2024-10-13T21:39:50.916-0400] {logging_mixin.py:190} INFO - [2024-10-13T21:39:50.916-0400] {dag.py:4180} INFO - Setting next_dagrun for conditional_dataset_and_time_based_timetable to 2024-10-09 01:00:00+00:00, run_after=2024-10-09 01:00:00+00:00
[2024-10-13T21:39:50.921-0400] {logging_mixin.py:190} INFO - [2024-10-13T21:39:50.921-0400] {dag.py:4180} INFO - Setting next_dagrun for consume_1_and_2_with_dataset_expressions to None, run_after=None
[2024-10-13T21:39:50.923-0400] {logging_mixin.py:190} INFO - [2024-10-13T21:39:50.922-0400] {dag.py:4180} INFO - Setting next_dagrun for consume_1_or_2_with_dataset_expressions to None, run_after=None
[2024-10-13T21:39:50.924-0400] {logging_mixin.py:190} INFO - [2024-10-13T21:39:50.923-0400] {dag.py:4180} INFO - Setting next_dagrun for consume_1_or_both_2_and_3_with_dataset_expressions to None, run_after=None
[2024-10-13T21:39:50.925-0400] {logging_mixin.py:190} INFO - [2024-10-13T21:39:50.925-0400] {dag.py:4180} INFO - Setting next_dagrun for dataset_consumes_1 to None, run_after=None
[2024-10-13T21:39:50.926-0400] {logging_mixin.py:190} INFO - [2024-10-13T21:39:50.926-0400] {dag.py:4180} INFO - Setting next_dagrun for dataset_consumes_1_and_2 to None, run_after=None
[2024-10-13T21:39:50.927-0400] {logging_mixin.py:190} INFO - [2024-10-13T21:39:50.927-0400] {dag.py:4180} INFO - Setting next_dagrun for dataset_consumes_1_never_scheduled to None, run_after=None
[2024-10-13T21:39:50.928-0400] {logging_mixin.py:190} INFO - [2024-10-13T21:39:50.928-0400] {dag.py:4180} INFO - Setting next_dagrun for dataset_consumes_unknown_never_scheduled to None, run_after=None
[2024-10-13T21:39:50.931-0400] {logging_mixin.py:190} INFO - [2024-10-13T21:39:50.931-0400] {dag.py:4180} INFO - Setting next_dagrun for dataset_produces_1 to 2024-10-13 00:00:00+00:00, run_after=2024-10-14 00:00:00+00:00
[2024-10-13T21:39:50.932-0400] {logging_mixin.py:190} INFO - [2024-10-13T21:39:50.932-0400] {dag.py:4180} INFO - Setting next_dagrun for dataset_produces_2 to None, run_after=None
[2024-10-13T21:39:50.968-0400] {processor.py:208} INFO - Processing /Users/karenwang/anaconda3/envs/airflow_sqlite_env/lib/python3.9/site-packages/airflow/example_dags/example_datasets.py took 0.388 seconds
[2024-10-13T21:47:42.235-0400] {processor.py:186} INFO - Started process (PID=59166) to work on /Users/karenwang/anaconda3/envs/airflow_sqlite_env/lib/python3.9/site-packages/airflow/example_dags/example_datasets.py
[2024-10-13T21:47:42.237-0400] {processor.py:914} INFO - Processing file /Users/karenwang/anaconda3/envs/airflow_sqlite_env/lib/python3.9/site-packages/airflow/example_dags/example_datasets.py for tasks to queue
[2024-10-13T21:47:42.238-0400] {logging_mixin.py:190} INFO - [2024-10-13T21:47:42.238-0400] {dagbag.py:588} INFO - Filling up the DagBag from /Users/karenwang/anaconda3/envs/airflow_sqlite_env/lib/python3.9/site-packages/airflow/example_dags/example_datasets.py
[2024-10-13T21:47:42.315-0400] {processor.py:925} INFO - DAG(s) 'dataset_consumes_1_and_2', 'dataset_consumes_1_never_scheduled', 'consume_1_and_2_with_dataset_expressions', 'consume_1_or_2_with_dataset_expressions', 'conditional_dataset_and_time_based_timetable', 'dataset_produces_1', 'dataset_consumes_1', 'dataset_produces_2', 'dataset_consumes_unknown_never_scheduled', 'consume_1_or_both_2_and_3_with_dataset_expressions' retrieved from /Users/karenwang/anaconda3/envs/airflow_sqlite_env/lib/python3.9/site-packages/airflow/example_dags/example_datasets.py
[2024-10-13T21:47:42.566-0400] {logging_mixin.py:190} INFO - [2024-10-13T21:47:42.565-0400] {dag.py:3239} INFO - Sync 10 DAGs
[2024-10-13T21:47:42.597-0400] {logging_mixin.py:190} INFO - [2024-10-13T21:47:42.597-0400] {dag.py:4180} INFO - Setting next_dagrun for conditional_dataset_and_time_based_timetable to 2024-10-09 01:00:00+00:00, run_after=2024-10-09 01:00:00+00:00
[2024-10-13T21:47:42.601-0400] {logging_mixin.py:190} INFO - [2024-10-13T21:47:42.601-0400] {dag.py:4180} INFO - Setting next_dagrun for consume_1_and_2_with_dataset_expressions to None, run_after=None
[2024-10-13T21:47:42.603-0400] {logging_mixin.py:190} INFO - [2024-10-13T21:47:42.603-0400] {dag.py:4180} INFO - Setting next_dagrun for consume_1_or_2_with_dataset_expressions to None, run_after=None
[2024-10-13T21:47:42.604-0400] {logging_mixin.py:190} INFO - [2024-10-13T21:47:42.604-0400] {dag.py:4180} INFO - Setting next_dagrun for consume_1_or_both_2_and_3_with_dataset_expressions to None, run_after=None
[2024-10-13T21:47:42.606-0400] {logging_mixin.py:190} INFO - [2024-10-13T21:47:42.606-0400] {dag.py:4180} INFO - Setting next_dagrun for dataset_consumes_1 to None, run_after=None
[2024-10-13T21:47:42.607-0400] {logging_mixin.py:190} INFO - [2024-10-13T21:47:42.607-0400] {dag.py:4180} INFO - Setting next_dagrun for dataset_consumes_1_and_2 to None, run_after=None
[2024-10-13T21:47:42.609-0400] {logging_mixin.py:190} INFO - [2024-10-13T21:47:42.609-0400] {dag.py:4180} INFO - Setting next_dagrun for dataset_consumes_1_never_scheduled to None, run_after=None
[2024-10-13T21:47:42.611-0400] {logging_mixin.py:190} INFO - [2024-10-13T21:47:42.611-0400] {dag.py:4180} INFO - Setting next_dagrun for dataset_consumes_unknown_never_scheduled to None, run_after=None
[2024-10-13T21:47:42.616-0400] {logging_mixin.py:190} INFO - [2024-10-13T21:47:42.615-0400] {dag.py:4180} INFO - Setting next_dagrun for dataset_produces_1 to 2024-10-13 00:00:00+00:00, run_after=2024-10-14 00:00:00+00:00
[2024-10-13T21:47:42.617-0400] {logging_mixin.py:190} INFO - [2024-10-13T21:47:42.617-0400] {dag.py:4180} INFO - Setting next_dagrun for dataset_produces_2 to None, run_after=None
[2024-10-13T21:47:42.652-0400] {processor.py:208} INFO - Processing /Users/karenwang/anaconda3/envs/airflow_sqlite_env/lib/python3.9/site-packages/airflow/example_dags/example_datasets.py took 0.423 seconds
[2024-10-13T21:55:45.342-0400] {processor.py:186} INFO - Started process (PID=61686) to work on /Users/karenwang/anaconda3/envs/airflow_sqlite_env/lib/python3.9/site-packages/airflow/example_dags/example_datasets.py
[2024-10-13T21:55:45.344-0400] {processor.py:914} INFO - Processing file /Users/karenwang/anaconda3/envs/airflow_sqlite_env/lib/python3.9/site-packages/airflow/example_dags/example_datasets.py for tasks to queue
[2024-10-13T21:55:45.345-0400] {logging_mixin.py:190} INFO - [2024-10-13T21:55:45.345-0400] {dagbag.py:588} INFO - Filling up the DagBag from /Users/karenwang/anaconda3/envs/airflow_sqlite_env/lib/python3.9/site-packages/airflow/example_dags/example_datasets.py
[2024-10-13T21:55:45.436-0400] {processor.py:925} INFO - DAG(s) 'dataset_consumes_1_never_scheduled', 'conditional_dataset_and_time_based_timetable', 'consume_1_or_both_2_and_3_with_dataset_expressions', 'dataset_produces_1', 'consume_1_and_2_with_dataset_expressions', 'consume_1_or_2_with_dataset_expressions', 'dataset_produces_2', 'dataset_consumes_1', 'dataset_consumes_1_and_2', 'dataset_consumes_unknown_never_scheduled' retrieved from /Users/karenwang/anaconda3/envs/airflow_sqlite_env/lib/python3.9/site-packages/airflow/example_dags/example_datasets.py
[2024-10-13T21:55:45.668-0400] {logging_mixin.py:190} INFO - [2024-10-13T21:55:45.668-0400] {dag.py:3239} INFO - Sync 10 DAGs
[2024-10-13T21:55:45.705-0400] {logging_mixin.py:190} INFO - [2024-10-13T21:55:45.704-0400] {dag.py:4180} INFO - Setting next_dagrun for conditional_dataset_and_time_based_timetable to 2024-10-09 01:00:00+00:00, run_after=2024-10-09 01:00:00+00:00
[2024-10-13T21:55:45.709-0400] {logging_mixin.py:190} INFO - [2024-10-13T21:55:45.709-0400] {dag.py:4180} INFO - Setting next_dagrun for consume_1_and_2_with_dataset_expressions to None, run_after=None
[2024-10-13T21:55:45.711-0400] {logging_mixin.py:190} INFO - [2024-10-13T21:55:45.710-0400] {dag.py:4180} INFO - Setting next_dagrun for consume_1_or_2_with_dataset_expressions to None, run_after=None
[2024-10-13T21:55:45.712-0400] {logging_mixin.py:190} INFO - [2024-10-13T21:55:45.712-0400] {dag.py:4180} INFO - Setting next_dagrun for consume_1_or_both_2_and_3_with_dataset_expressions to None, run_after=None
[2024-10-13T21:55:45.714-0400] {logging_mixin.py:190} INFO - [2024-10-13T21:55:45.713-0400] {dag.py:4180} INFO - Setting next_dagrun for dataset_consumes_1 to None, run_after=None
[2024-10-13T21:55:45.715-0400] {logging_mixin.py:190} INFO - [2024-10-13T21:55:45.715-0400] {dag.py:4180} INFO - Setting next_dagrun for dataset_consumes_1_and_2 to None, run_after=None
[2024-10-13T21:55:45.717-0400] {logging_mixin.py:190} INFO - [2024-10-13T21:55:45.716-0400] {dag.py:4180} INFO - Setting next_dagrun for dataset_consumes_1_never_scheduled to None, run_after=None
[2024-10-13T21:55:45.718-0400] {logging_mixin.py:190} INFO - [2024-10-13T21:55:45.718-0400] {dag.py:4180} INFO - Setting next_dagrun for dataset_consumes_unknown_never_scheduled to None, run_after=None
[2024-10-13T21:55:45.722-0400] {logging_mixin.py:190} INFO - [2024-10-13T21:55:45.722-0400] {dag.py:4180} INFO - Setting next_dagrun for dataset_produces_1 to 2024-10-13 00:00:00+00:00, run_after=2024-10-14 00:00:00+00:00
[2024-10-13T21:55:45.723-0400] {logging_mixin.py:190} INFO - [2024-10-13T21:55:45.723-0400] {dag.py:4180} INFO - Setting next_dagrun for dataset_produces_2 to None, run_after=None
[2024-10-13T21:55:45.765-0400] {processor.py:208} INFO - Processing /Users/karenwang/anaconda3/envs/airflow_sqlite_env/lib/python3.9/site-packages/airflow/example_dags/example_datasets.py took 0.429 seconds
[2024-10-13T22:03:32.091-0400] {processor.py:186} INFO - Started process (PID=64089) to work on /Users/karenwang/anaconda3/envs/airflow_sqlite_env/lib/python3.9/site-packages/airflow/example_dags/example_datasets.py
[2024-10-13T22:03:32.092-0400] {processor.py:914} INFO - Processing file /Users/karenwang/anaconda3/envs/airflow_sqlite_env/lib/python3.9/site-packages/airflow/example_dags/example_datasets.py for tasks to queue
[2024-10-13T22:03:32.094-0400] {logging_mixin.py:190} INFO - [2024-10-13T22:03:32.093-0400] {dagbag.py:588} INFO - Filling up the DagBag from /Users/karenwang/anaconda3/envs/airflow_sqlite_env/lib/python3.9/site-packages/airflow/example_dags/example_datasets.py
[2024-10-13T22:03:32.173-0400] {processor.py:925} INFO - DAG(s) 'consume_1_or_2_with_dataset_expressions', 'consume_1_and_2_with_dataset_expressions', 'dataset_consumes_1', 'consume_1_or_both_2_and_3_with_dataset_expressions', 'dataset_produces_1', 'conditional_dataset_and_time_based_timetable', 'dataset_consumes_1_and_2', 'dataset_consumes_unknown_never_scheduled', 'dataset_consumes_1_never_scheduled', 'dataset_produces_2' retrieved from /Users/karenwang/anaconda3/envs/airflow_sqlite_env/lib/python3.9/site-packages/airflow/example_dags/example_datasets.py
[2024-10-13T22:03:32.375-0400] {logging_mixin.py:190} INFO - [2024-10-13T22:03:32.374-0400] {dag.py:3239} INFO - Sync 10 DAGs
[2024-10-13T22:03:32.400-0400] {logging_mixin.py:190} INFO - [2024-10-13T22:03:32.399-0400] {dag.py:4180} INFO - Setting next_dagrun for conditional_dataset_and_time_based_timetable to 2024-10-09 01:00:00+00:00, run_after=2024-10-09 01:00:00+00:00
[2024-10-13T22:03:32.403-0400] {logging_mixin.py:190} INFO - [2024-10-13T22:03:32.403-0400] {dag.py:4180} INFO - Setting next_dagrun for consume_1_and_2_with_dataset_expressions to None, run_after=None
[2024-10-13T22:03:32.404-0400] {logging_mixin.py:190} INFO - [2024-10-13T22:03:32.404-0400] {dag.py:4180} INFO - Setting next_dagrun for consume_1_or_2_with_dataset_expressions to None, run_after=None
[2024-10-13T22:03:32.405-0400] {logging_mixin.py:190} INFO - [2024-10-13T22:03:32.405-0400] {dag.py:4180} INFO - Setting next_dagrun for consume_1_or_both_2_and_3_with_dataset_expressions to None, run_after=None
[2024-10-13T22:03:32.406-0400] {logging_mixin.py:190} INFO - [2024-10-13T22:03:32.406-0400] {dag.py:4180} INFO - Setting next_dagrun for dataset_consumes_1 to None, run_after=None
[2024-10-13T22:03:32.408-0400] {logging_mixin.py:190} INFO - [2024-10-13T22:03:32.407-0400] {dag.py:4180} INFO - Setting next_dagrun for dataset_consumes_1_and_2 to None, run_after=None
[2024-10-13T22:03:32.409-0400] {logging_mixin.py:190} INFO - [2024-10-13T22:03:32.409-0400] {dag.py:4180} INFO - Setting next_dagrun for dataset_consumes_1_never_scheduled to None, run_after=None
[2024-10-13T22:03:32.410-0400] {logging_mixin.py:190} INFO - [2024-10-13T22:03:32.410-0400] {dag.py:4180} INFO - Setting next_dagrun for dataset_consumes_unknown_never_scheduled to None, run_after=None
[2024-10-13T22:03:32.413-0400] {logging_mixin.py:190} INFO - [2024-10-13T22:03:32.413-0400] {dag.py:4180} INFO - Setting next_dagrun for dataset_produces_1 to 2024-10-13 00:00:00+00:00, run_after=2024-10-14 00:00:00+00:00
[2024-10-13T22:03:32.414-0400] {logging_mixin.py:190} INFO - [2024-10-13T22:03:32.414-0400] {dag.py:4180} INFO - Setting next_dagrun for dataset_produces_2 to None, run_after=None
[2024-10-13T22:03:32.446-0400] {processor.py:208} INFO - Processing /Users/karenwang/anaconda3/envs/airflow_sqlite_env/lib/python3.9/site-packages/airflow/example_dags/example_datasets.py took 0.361 seconds
[2024-10-13T22:11:14.419-0400] {processor.py:186} INFO - Started process (PID=66465) to work on /Users/karenwang/anaconda3/envs/airflow_sqlite_env/lib/python3.9/site-packages/airflow/example_dags/example_datasets.py
[2024-10-13T22:11:14.421-0400] {processor.py:914} INFO - Processing file /Users/karenwang/anaconda3/envs/airflow_sqlite_env/lib/python3.9/site-packages/airflow/example_dags/example_datasets.py for tasks to queue
[2024-10-13T22:11:14.422-0400] {logging_mixin.py:190} INFO - [2024-10-13T22:11:14.422-0400] {dagbag.py:588} INFO - Filling up the DagBag from /Users/karenwang/anaconda3/envs/airflow_sqlite_env/lib/python3.9/site-packages/airflow/example_dags/example_datasets.py
[2024-10-13T22:11:14.491-0400] {processor.py:925} INFO - DAG(s) 'consume_1_or_2_with_dataset_expressions', 'dataset_produces_2', 'dataset_consumes_1', 'consume_1_and_2_with_dataset_expressions', 'dataset_consumes_unknown_never_scheduled', 'consume_1_or_both_2_and_3_with_dataset_expressions', 'dataset_consumes_1_never_scheduled', 'dataset_produces_1', 'conditional_dataset_and_time_based_timetable', 'dataset_consumes_1_and_2' retrieved from /Users/karenwang/anaconda3/envs/airflow_sqlite_env/lib/python3.9/site-packages/airflow/example_dags/example_datasets.py
[2024-10-13T22:11:14.722-0400] {logging_mixin.py:190} INFO - [2024-10-13T22:11:14.722-0400] {dag.py:3239} INFO - Sync 10 DAGs
[2024-10-13T22:11:14.760-0400] {logging_mixin.py:190} INFO - [2024-10-13T22:11:14.760-0400] {dag.py:4180} INFO - Setting next_dagrun for conditional_dataset_and_time_based_timetable to 2024-10-09 01:00:00+00:00, run_after=2024-10-09 01:00:00+00:00
[2024-10-13T22:11:14.764-0400] {logging_mixin.py:190} INFO - [2024-10-13T22:11:14.764-0400] {dag.py:4180} INFO - Setting next_dagrun for consume_1_and_2_with_dataset_expressions to None, run_after=None
[2024-10-13T22:11:14.766-0400] {logging_mixin.py:190} INFO - [2024-10-13T22:11:14.765-0400] {dag.py:4180} INFO - Setting next_dagrun for consume_1_or_2_with_dataset_expressions to None, run_after=None
[2024-10-13T22:11:14.767-0400] {logging_mixin.py:190} INFO - [2024-10-13T22:11:14.767-0400] {dag.py:4180} INFO - Setting next_dagrun for consume_1_or_both_2_and_3_with_dataset_expressions to None, run_after=None
[2024-10-13T22:11:14.769-0400] {logging_mixin.py:190} INFO - [2024-10-13T22:11:14.768-0400] {dag.py:4180} INFO - Setting next_dagrun for dataset_consumes_1 to None, run_after=None
[2024-10-13T22:11:14.770-0400] {logging_mixin.py:190} INFO - [2024-10-13T22:11:14.770-0400] {dag.py:4180} INFO - Setting next_dagrun for dataset_consumes_1_and_2 to None, run_after=None
[2024-10-13T22:11:14.771-0400] {logging_mixin.py:190} INFO - [2024-10-13T22:11:14.771-0400] {dag.py:4180} INFO - Setting next_dagrun for dataset_consumes_1_never_scheduled to None, run_after=None
[2024-10-13T22:11:14.772-0400] {logging_mixin.py:190} INFO - [2024-10-13T22:11:14.772-0400] {dag.py:4180} INFO - Setting next_dagrun for dataset_consumes_unknown_never_scheduled to None, run_after=None
[2024-10-13T22:11:14.776-0400] {logging_mixin.py:190} INFO - [2024-10-13T22:11:14.776-0400] {dag.py:4180} INFO - Setting next_dagrun for dataset_produces_1 to 2024-10-13 00:00:00+00:00, run_after=2024-10-14 00:00:00+00:00
[2024-10-13T22:11:14.777-0400] {logging_mixin.py:190} INFO - [2024-10-13T22:11:14.777-0400] {dag.py:4180} INFO - Setting next_dagrun for dataset_produces_2 to None, run_after=None
[2024-10-13T22:11:14.822-0400] {processor.py:208} INFO - Processing /Users/karenwang/anaconda3/envs/airflow_sqlite_env/lib/python3.9/site-packages/airflow/example_dags/example_datasets.py took 0.410 seconds
[2024-10-13T22:19:09.212-0400] {processor.py:186} INFO - Started process (PID=68900) to work on /Users/karenwang/anaconda3/envs/airflow_sqlite_env/lib/python3.9/site-packages/airflow/example_dags/example_datasets.py
[2024-10-13T22:19:09.214-0400] {processor.py:914} INFO - Processing file /Users/karenwang/anaconda3/envs/airflow_sqlite_env/lib/python3.9/site-packages/airflow/example_dags/example_datasets.py for tasks to queue
[2024-10-13T22:19:09.216-0400] {logging_mixin.py:190} INFO - [2024-10-13T22:19:09.215-0400] {dagbag.py:588} INFO - Filling up the DagBag from /Users/karenwang/anaconda3/envs/airflow_sqlite_env/lib/python3.9/site-packages/airflow/example_dags/example_datasets.py
[2024-10-13T22:19:09.305-0400] {processor.py:925} INFO - DAG(s) 'dataset_consumes_1', 'consume_1_or_2_with_dataset_expressions', 'dataset_produces_2', 'consume_1_or_both_2_and_3_with_dataset_expressions', 'conditional_dataset_and_time_based_timetable', 'dataset_consumes_1_never_scheduled', 'dataset_produces_1', 'dataset_consumes_unknown_never_scheduled', 'dataset_consumes_1_and_2', 'consume_1_and_2_with_dataset_expressions' retrieved from /Users/karenwang/anaconda3/envs/airflow_sqlite_env/lib/python3.9/site-packages/airflow/example_dags/example_datasets.py
[2024-10-13T22:19:09.571-0400] {logging_mixin.py:190} INFO - [2024-10-13T22:19:09.570-0400] {dag.py:3239} INFO - Sync 10 DAGs
[2024-10-13T22:19:09.602-0400] {logging_mixin.py:190} INFO - [2024-10-13T22:19:09.601-0400] {dag.py:4180} INFO - Setting next_dagrun for conditional_dataset_and_time_based_timetable to 2024-10-09 01:00:00+00:00, run_after=2024-10-09 01:00:00+00:00
[2024-10-13T22:19:09.609-0400] {logging_mixin.py:190} INFO - [2024-10-13T22:19:09.609-0400] {dag.py:4180} INFO - Setting next_dagrun for consume_1_and_2_with_dataset_expressions to None, run_after=None
[2024-10-13T22:19:09.611-0400] {logging_mixin.py:190} INFO - [2024-10-13T22:19:09.610-0400] {dag.py:4180} INFO - Setting next_dagrun for consume_1_or_2_with_dataset_expressions to None, run_after=None
[2024-10-13T22:19:09.612-0400] {logging_mixin.py:190} INFO - [2024-10-13T22:19:09.612-0400] {dag.py:4180} INFO - Setting next_dagrun for consume_1_or_both_2_and_3_with_dataset_expressions to None, run_after=None
[2024-10-13T22:19:09.614-0400] {logging_mixin.py:190} INFO - [2024-10-13T22:19:09.613-0400] {dag.py:4180} INFO - Setting next_dagrun for dataset_consumes_1 to None, run_after=None
[2024-10-13T22:19:09.615-0400] {logging_mixin.py:190} INFO - [2024-10-13T22:19:09.615-0400] {dag.py:4180} INFO - Setting next_dagrun for dataset_consumes_1_and_2 to None, run_after=None
[2024-10-13T22:19:09.617-0400] {logging_mixin.py:190} INFO - [2024-10-13T22:19:09.616-0400] {dag.py:4180} INFO - Setting next_dagrun for dataset_consumes_1_never_scheduled to None, run_after=None
[2024-10-13T22:19:09.618-0400] {logging_mixin.py:190} INFO - [2024-10-13T22:19:09.618-0400] {dag.py:4180} INFO - Setting next_dagrun for dataset_consumes_unknown_never_scheduled to None, run_after=None
[2024-10-13T22:19:09.622-0400] {logging_mixin.py:190} INFO - [2024-10-13T22:19:09.622-0400] {dag.py:4180} INFO - Setting next_dagrun for dataset_produces_1 to 2024-10-13 00:00:00+00:00, run_after=2024-10-14 00:00:00+00:00
[2024-10-13T22:19:09.623-0400] {logging_mixin.py:190} INFO - [2024-10-13T22:19:09.623-0400] {dag.py:4180} INFO - Setting next_dagrun for dataset_produces_2 to None, run_after=None
[2024-10-13T22:19:09.664-0400] {processor.py:208} INFO - Processing /Users/karenwang/anaconda3/envs/airflow_sqlite_env/lib/python3.9/site-packages/airflow/example_dags/example_datasets.py took 0.458 seconds
[2024-10-13T22:27:29.789-0400] {processor.py:186} INFO - Started process (PID=71554) to work on /Users/karenwang/anaconda3/envs/airflow_sqlite_env/lib/python3.9/site-packages/airflow/example_dags/example_datasets.py
[2024-10-13T22:27:29.791-0400] {processor.py:914} INFO - Processing file /Users/karenwang/anaconda3/envs/airflow_sqlite_env/lib/python3.9/site-packages/airflow/example_dags/example_datasets.py for tasks to queue
[2024-10-13T22:27:29.793-0400] {logging_mixin.py:190} INFO - [2024-10-13T22:27:29.792-0400] {dagbag.py:588} INFO - Filling up the DagBag from /Users/karenwang/anaconda3/envs/airflow_sqlite_env/lib/python3.9/site-packages/airflow/example_dags/example_datasets.py
[2024-10-13T22:27:29.880-0400] {processor.py:925} INFO - DAG(s) 'dataset_produces_2', 'dataset_consumes_1', 'dataset_produces_1', 'consume_1_or_both_2_and_3_with_dataset_expressions', 'dataset_consumes_1_and_2', 'consume_1_and_2_with_dataset_expressions', 'consume_1_or_2_with_dataset_expressions', 'dataset_consumes_unknown_never_scheduled', 'dataset_consumes_1_never_scheduled', 'conditional_dataset_and_time_based_timetable' retrieved from /Users/karenwang/anaconda3/envs/airflow_sqlite_env/lib/python3.9/site-packages/airflow/example_dags/example_datasets.py
[2024-10-13T22:27:30.144-0400] {logging_mixin.py:190} INFO - [2024-10-13T22:27:30.143-0400] {dag.py:3239} INFO - Sync 10 DAGs
[2024-10-13T22:27:30.176-0400] {logging_mixin.py:190} INFO - [2024-10-13T22:27:30.176-0400] {dag.py:4180} INFO - Setting next_dagrun for conditional_dataset_and_time_based_timetable to 2024-10-09 01:00:00+00:00, run_after=2024-10-09 01:00:00+00:00
[2024-10-13T22:27:30.180-0400] {logging_mixin.py:190} INFO - [2024-10-13T22:27:30.180-0400] {dag.py:4180} INFO - Setting next_dagrun for consume_1_and_2_with_dataset_expressions to None, run_after=None
[2024-10-13T22:27:30.182-0400] {logging_mixin.py:190} INFO - [2024-10-13T22:27:30.182-0400] {dag.py:4180} INFO - Setting next_dagrun for consume_1_or_2_with_dataset_expressions to None, run_after=None
[2024-10-13T22:27:30.184-0400] {logging_mixin.py:190} INFO - [2024-10-13T22:27:30.184-0400] {dag.py:4180} INFO - Setting next_dagrun for consume_1_or_both_2_and_3_with_dataset_expressions to None, run_after=None
[2024-10-13T22:27:30.186-0400] {logging_mixin.py:190} INFO - [2024-10-13T22:27:30.186-0400] {dag.py:4180} INFO - Setting next_dagrun for dataset_consumes_1 to None, run_after=None
[2024-10-13T22:27:30.188-0400] {logging_mixin.py:190} INFO - [2024-10-13T22:27:30.188-0400] {dag.py:4180} INFO - Setting next_dagrun for dataset_consumes_1_and_2 to None, run_after=None
[2024-10-13T22:27:30.190-0400] {logging_mixin.py:190} INFO - [2024-10-13T22:27:30.189-0400] {dag.py:4180} INFO - Setting next_dagrun for dataset_consumes_1_never_scheduled to None, run_after=None
[2024-10-13T22:27:30.191-0400] {logging_mixin.py:190} INFO - [2024-10-13T22:27:30.191-0400] {dag.py:4180} INFO - Setting next_dagrun for dataset_consumes_unknown_never_scheduled to None, run_after=None
[2024-10-13T22:27:30.194-0400] {logging_mixin.py:190} INFO - [2024-10-13T22:27:30.194-0400] {dag.py:4180} INFO - Setting next_dagrun for dataset_produces_1 to 2024-10-13 00:00:00+00:00, run_after=2024-10-14 00:00:00+00:00
[2024-10-13T22:27:30.196-0400] {logging_mixin.py:190} INFO - [2024-10-13T22:27:30.195-0400] {dag.py:4180} INFO - Setting next_dagrun for dataset_produces_2 to None, run_after=None
[2024-10-13T22:27:30.239-0400] {processor.py:208} INFO - Processing /Users/karenwang/anaconda3/envs/airflow_sqlite_env/lib/python3.9/site-packages/airflow/example_dags/example_datasets.py took 0.457 seconds
[2024-10-13T22:37:21.189-0400] {processor.py:186} INFO - Started process (PID=74892) to work on /Users/karenwang/anaconda3/envs/airflow_sqlite_env/lib/python3.9/site-packages/airflow/example_dags/example_datasets.py
[2024-10-13T22:37:21.190-0400] {processor.py:914} INFO - Processing file /Users/karenwang/anaconda3/envs/airflow_sqlite_env/lib/python3.9/site-packages/airflow/example_dags/example_datasets.py for tasks to queue
[2024-10-13T22:37:21.192-0400] {logging_mixin.py:190} INFO - [2024-10-13T22:37:21.191-0400] {dagbag.py:588} INFO - Filling up the DagBag from /Users/karenwang/anaconda3/envs/airflow_sqlite_env/lib/python3.9/site-packages/airflow/example_dags/example_datasets.py
[2024-10-13T22:37:21.287-0400] {processor.py:925} INFO - DAG(s) 'dataset_produces_2', 'conditional_dataset_and_time_based_timetable', 'dataset_consumes_1_never_scheduled', 'consume_1_or_2_with_dataset_expressions', 'dataset_consumes_1_and_2', 'dataset_produces_1', 'dataset_consumes_1', 'consume_1_or_both_2_and_3_with_dataset_expressions', 'dataset_consumes_unknown_never_scheduled', 'consume_1_and_2_with_dataset_expressions' retrieved from /Users/karenwang/anaconda3/envs/airflow_sqlite_env/lib/python3.9/site-packages/airflow/example_dags/example_datasets.py
[2024-10-13T22:37:21.538-0400] {logging_mixin.py:190} INFO - [2024-10-13T22:37:21.537-0400] {dag.py:3239} INFO - Sync 10 DAGs
[2024-10-13T22:37:21.574-0400] {logging_mixin.py:190} INFO - [2024-10-13T22:37:21.573-0400] {dag.py:4180} INFO - Setting next_dagrun for conditional_dataset_and_time_based_timetable to 2024-10-09 01:00:00+00:00, run_after=2024-10-09 01:00:00+00:00
[2024-10-13T22:37:21.578-0400] {logging_mixin.py:190} INFO - [2024-10-13T22:37:21.577-0400] {dag.py:4180} INFO - Setting next_dagrun for consume_1_and_2_with_dataset_expressions to None, run_after=None
[2024-10-13T22:37:21.579-0400] {logging_mixin.py:190} INFO - [2024-10-13T22:37:21.579-0400] {dag.py:4180} INFO - Setting next_dagrun for consume_1_or_2_with_dataset_expressions to None, run_after=None
[2024-10-13T22:37:21.581-0400] {logging_mixin.py:190} INFO - [2024-10-13T22:37:21.580-0400] {dag.py:4180} INFO - Setting next_dagrun for consume_1_or_both_2_and_3_with_dataset_expressions to None, run_after=None
[2024-10-13T22:37:21.582-0400] {logging_mixin.py:190} INFO - [2024-10-13T22:37:21.582-0400] {dag.py:4180} INFO - Setting next_dagrun for dataset_consumes_1 to None, run_after=None
[2024-10-13T22:37:21.583-0400] {logging_mixin.py:190} INFO - [2024-10-13T22:37:21.583-0400] {dag.py:4180} INFO - Setting next_dagrun for dataset_consumes_1_and_2 to None, run_after=None
[2024-10-13T22:37:21.585-0400] {logging_mixin.py:190} INFO - [2024-10-13T22:37:21.585-0400] {dag.py:4180} INFO - Setting next_dagrun for dataset_consumes_1_never_scheduled to None, run_after=None
[2024-10-13T22:37:21.587-0400] {logging_mixin.py:190} INFO - [2024-10-13T22:37:21.587-0400] {dag.py:4180} INFO - Setting next_dagrun for dataset_consumes_unknown_never_scheduled to None, run_after=None
[2024-10-13T22:37:21.591-0400] {logging_mixin.py:190} INFO - [2024-10-13T22:37:21.591-0400] {dag.py:4180} INFO - Setting next_dagrun for dataset_produces_1 to 2024-10-13 00:00:00+00:00, run_after=2024-10-14 00:00:00+00:00
[2024-10-13T22:37:21.593-0400] {logging_mixin.py:190} INFO - [2024-10-13T22:37:21.593-0400] {dag.py:4180} INFO - Setting next_dagrun for dataset_produces_2 to None, run_after=None
[2024-10-13T22:37:21.629-0400] {processor.py:208} INFO - Processing /Users/karenwang/anaconda3/envs/airflow_sqlite_env/lib/python3.9/site-packages/airflow/example_dags/example_datasets.py took 0.448 seconds
