[2024-10-13T20:01:04.357-0400] {processor.py:186} INFO - Started process (PID=25442) to work on /Users/karenwang/anaconda3/envs/airflow_sqlite_env/lib/python3.9/site-packages/airflow/example_dags/example_time_delta_sensor_async.py
[2024-10-13T20:01:04.358-0400] {processor.py:914} INFO - Processing file /Users/karenwang/anaconda3/envs/airflow_sqlite_env/lib/python3.9/site-packages/airflow/example_dags/example_time_delta_sensor_async.py for tasks to queue
[2024-10-13T20:01:04.360-0400] {logging_mixin.py:190} INFO - [2024-10-13T20:01:04.359-0400] {dagbag.py:588} INFO - Filling up the DagBag from /Users/karenwang/anaconda3/envs/airflow_sqlite_env/lib/python3.9/site-packages/airflow/example_dags/example_time_delta_sensor_async.py
[2024-10-13T20:01:04.369-0400] {processor.py:925} INFO - DAG(s) 'example_time_delta_sensor_async' retrieved from /Users/karenwang/anaconda3/envs/airflow_sqlite_env/lib/python3.9/site-packages/airflow/example_dags/example_time_delta_sensor_async.py
[2024-10-13T20:01:08.200-0400] {logging_mixin.py:190} INFO - [2024-10-13T20:01:08.200-0400] {utils.py:148} INFO - Note: NumExpr detected 16 cores but "NUMEXPR_MAX_THREADS" not set, so enforcing safe limit of 8.
[2024-10-13T20:01:08.201-0400] {logging_mixin.py:190} INFO - [2024-10-13T20:01:08.201-0400] {utils.py:160} INFO - NumExpr defaulting to 8 threads.
[2024-10-13T20:01:08.590-0400] {logging_mixin.py:190} INFO - [2024-10-13T20:01:08.589-0400] {dag.py:3239} INFO - Sync 1 DAGs
[2024-10-13T20:01:08.608-0400] {logging_mixin.py:190} INFO - [2024-10-13T20:01:08.608-0400] {dag.py:4180} INFO - Setting next_dagrun for example_time_delta_sensor_async to None, run_after=None
[2024-10-13T20:01:08.631-0400] {processor.py:208} INFO - Processing /Users/karenwang/anaconda3/envs/airflow_sqlite_env/lib/python3.9/site-packages/airflow/example_dags/example_time_delta_sensor_async.py took 4.279 seconds
[2024-10-13T20:05:12.474-0400] {processor.py:186} INFO - Started process (PID=26733) to work on /Users/karenwang/anaconda3/envs/airflow_sqlite_env/lib/python3.9/site-packages/airflow/example_dags/example_time_delta_sensor_async.py
[2024-10-13T20:05:12.476-0400] {processor.py:914} INFO - Processing file /Users/karenwang/anaconda3/envs/airflow_sqlite_env/lib/python3.9/site-packages/airflow/example_dags/example_time_delta_sensor_async.py for tasks to queue
[2024-10-13T20:05:12.477-0400] {logging_mixin.py:190} INFO - [2024-10-13T20:05:12.477-0400] {dagbag.py:588} INFO - Filling up the DagBag from /Users/karenwang/anaconda3/envs/airflow_sqlite_env/lib/python3.9/site-packages/airflow/example_dags/example_time_delta_sensor_async.py
[2024-10-13T20:05:12.490-0400] {processor.py:925} INFO - DAG(s) 'example_time_delta_sensor_async' retrieved from /Users/karenwang/anaconda3/envs/airflow_sqlite_env/lib/python3.9/site-packages/airflow/example_dags/example_time_delta_sensor_async.py
[2024-10-13T20:05:16.650-0400] {logging_mixin.py:190} INFO - [2024-10-13T20:05:16.649-0400] {utils.py:148} INFO - Note: NumExpr detected 16 cores but "NUMEXPR_MAX_THREADS" not set, so enforcing safe limit of 8.
[2024-10-13T20:05:16.650-0400] {logging_mixin.py:190} INFO - [2024-10-13T20:05:16.650-0400] {utils.py:160} INFO - NumExpr defaulting to 8 threads.
[2024-10-13T20:05:17.094-0400] {logging_mixin.py:190} INFO - [2024-10-13T20:05:17.094-0400] {dag.py:3239} INFO - Sync 1 DAGs
[2024-10-13T20:05:17.112-0400] {logging_mixin.py:190} INFO - [2024-10-13T20:05:17.112-0400] {dag.py:4180} INFO - Setting next_dagrun for example_time_delta_sensor_async to None, run_after=None
[2024-10-13T20:05:17.140-0400] {processor.py:208} INFO - Processing /Users/karenwang/anaconda3/envs/airflow_sqlite_env/lib/python3.9/site-packages/airflow/example_dags/example_time_delta_sensor_async.py took 4.671 seconds
[2024-10-13T20:09:15.750-0400] {processor.py:186} INFO - Started process (PID=27984) to work on /Users/karenwang/anaconda3/envs/airflow_sqlite_env/lib/python3.9/site-packages/airflow/example_dags/example_time_delta_sensor_async.py
[2024-10-13T20:09:15.752-0400] {processor.py:914} INFO - Processing file /Users/karenwang/anaconda3/envs/airflow_sqlite_env/lib/python3.9/site-packages/airflow/example_dags/example_time_delta_sensor_async.py for tasks to queue
[2024-10-13T20:09:15.754-0400] {logging_mixin.py:190} INFO - [2024-10-13T20:09:15.753-0400] {dagbag.py:588} INFO - Filling up the DagBag from /Users/karenwang/anaconda3/envs/airflow_sqlite_env/lib/python3.9/site-packages/airflow/example_dags/example_time_delta_sensor_async.py
[2024-10-13T20:09:15.765-0400] {processor.py:925} INFO - DAG(s) 'example_time_delta_sensor_async' retrieved from /Users/karenwang/anaconda3/envs/airflow_sqlite_env/lib/python3.9/site-packages/airflow/example_dags/example_time_delta_sensor_async.py
[2024-10-13T20:09:19.751-0400] {logging_mixin.py:190} INFO - [2024-10-13T20:09:19.750-0400] {utils.py:148} INFO - Note: NumExpr detected 16 cores but "NUMEXPR_MAX_THREADS" not set, so enforcing safe limit of 8.
[2024-10-13T20:09:19.751-0400] {logging_mixin.py:190} INFO - [2024-10-13T20:09:19.751-0400] {utils.py:160} INFO - NumExpr defaulting to 8 threads.
[2024-10-13T20:09:20.112-0400] {logging_mixin.py:190} INFO - [2024-10-13T20:09:20.112-0400] {dag.py:3239} INFO - Sync 1 DAGs
[2024-10-13T20:09:20.129-0400] {logging_mixin.py:190} INFO - [2024-10-13T20:09:20.128-0400] {dag.py:4180} INFO - Setting next_dagrun for example_time_delta_sensor_async to None, run_after=None
[2024-10-13T20:09:20.154-0400] {processor.py:208} INFO - Processing /Users/karenwang/anaconda3/envs/airflow_sqlite_env/lib/python3.9/site-packages/airflow/example_dags/example_time_delta_sensor_async.py took 4.409 seconds
[2024-10-13T20:13:12.809-0400] {processor.py:186} INFO - Started process (PID=29192) to work on /Users/karenwang/anaconda3/envs/airflow_sqlite_env/lib/python3.9/site-packages/airflow/example_dags/example_time_delta_sensor_async.py
[2024-10-13T20:13:12.810-0400] {processor.py:914} INFO - Processing file /Users/karenwang/anaconda3/envs/airflow_sqlite_env/lib/python3.9/site-packages/airflow/example_dags/example_time_delta_sensor_async.py for tasks to queue
[2024-10-13T20:13:12.812-0400] {logging_mixin.py:190} INFO - [2024-10-13T20:13:12.811-0400] {dagbag.py:588} INFO - Filling up the DagBag from /Users/karenwang/anaconda3/envs/airflow_sqlite_env/lib/python3.9/site-packages/airflow/example_dags/example_time_delta_sensor_async.py
[2024-10-13T20:13:12.824-0400] {processor.py:925} INFO - DAG(s) 'example_time_delta_sensor_async' retrieved from /Users/karenwang/anaconda3/envs/airflow_sqlite_env/lib/python3.9/site-packages/airflow/example_dags/example_time_delta_sensor_async.py
[2024-10-13T20:13:17.070-0400] {logging_mixin.py:190} INFO - [2024-10-13T20:13:17.070-0400] {utils.py:148} INFO - Note: NumExpr detected 16 cores but "NUMEXPR_MAX_THREADS" not set, so enforcing safe limit of 8.
[2024-10-13T20:13:17.071-0400] {logging_mixin.py:190} INFO - [2024-10-13T20:13:17.071-0400] {utils.py:160} INFO - NumExpr defaulting to 8 threads.
[2024-10-13T20:13:17.464-0400] {logging_mixin.py:190} INFO - [2024-10-13T20:13:17.464-0400] {dag.py:3239} INFO - Sync 1 DAGs
[2024-10-13T20:13:17.477-0400] {logging_mixin.py:190} INFO - [2024-10-13T20:13:17.476-0400] {dag.py:4180} INFO - Setting next_dagrun for example_time_delta_sensor_async to None, run_after=None
[2024-10-13T20:13:17.497-0400] {processor.py:208} INFO - Processing /Users/karenwang/anaconda3/envs/airflow_sqlite_env/lib/python3.9/site-packages/airflow/example_dags/example_time_delta_sensor_async.py took 4.697 seconds
[2024-10-13T20:17:22.463-0400] {processor.py:186} INFO - Started process (PID=30456) to work on /Users/karenwang/anaconda3/envs/airflow_sqlite_env/lib/python3.9/site-packages/airflow/example_dags/example_time_delta_sensor_async.py
[2024-10-13T20:17:22.465-0400] {processor.py:914} INFO - Processing file /Users/karenwang/anaconda3/envs/airflow_sqlite_env/lib/python3.9/site-packages/airflow/example_dags/example_time_delta_sensor_async.py for tasks to queue
[2024-10-13T20:17:22.466-0400] {logging_mixin.py:190} INFO - [2024-10-13T20:17:22.466-0400] {dagbag.py:588} INFO - Filling up the DagBag from /Users/karenwang/anaconda3/envs/airflow_sqlite_env/lib/python3.9/site-packages/airflow/example_dags/example_time_delta_sensor_async.py
[2024-10-13T20:17:22.478-0400] {processor.py:925} INFO - DAG(s) 'example_time_delta_sensor_async' retrieved from /Users/karenwang/anaconda3/envs/airflow_sqlite_env/lib/python3.9/site-packages/airflow/example_dags/example_time_delta_sensor_async.py
[2024-10-13T20:17:26.567-0400] {logging_mixin.py:190} INFO - [2024-10-13T20:17:26.567-0400] {utils.py:148} INFO - Note: NumExpr detected 16 cores but "NUMEXPR_MAX_THREADS" not set, so enforcing safe limit of 8.
[2024-10-13T20:17:26.567-0400] {logging_mixin.py:190} INFO - [2024-10-13T20:17:26.567-0400] {utils.py:160} INFO - NumExpr defaulting to 8 threads.
[2024-10-13T20:17:26.967-0400] {logging_mixin.py:190} INFO - [2024-10-13T20:17:26.966-0400] {dag.py:3239} INFO - Sync 1 DAGs
[2024-10-13T20:17:26.984-0400] {logging_mixin.py:190} INFO - [2024-10-13T20:17:26.984-0400] {dag.py:4180} INFO - Setting next_dagrun for example_time_delta_sensor_async to None, run_after=None
[2024-10-13T20:17:27.012-0400] {processor.py:208} INFO - Processing /Users/karenwang/anaconda3/envs/airflow_sqlite_env/lib/python3.9/site-packages/airflow/example_dags/example_time_delta_sensor_async.py took 4.555 seconds
[2024-10-13T20:21:44.244-0400] {processor.py:186} INFO - Started process (PID=31897) to work on /Users/karenwang/anaconda3/envs/airflow_sqlite_env/lib/python3.9/site-packages/airflow/example_dags/example_time_delta_sensor_async.py
[2024-10-13T20:21:44.246-0400] {processor.py:914} INFO - Processing file /Users/karenwang/anaconda3/envs/airflow_sqlite_env/lib/python3.9/site-packages/airflow/example_dags/example_time_delta_sensor_async.py for tasks to queue
[2024-10-13T20:21:44.247-0400] {logging_mixin.py:190} INFO - [2024-10-13T20:21:44.247-0400] {dagbag.py:588} INFO - Filling up the DagBag from /Users/karenwang/anaconda3/envs/airflow_sqlite_env/lib/python3.9/site-packages/airflow/example_dags/example_time_delta_sensor_async.py
[2024-10-13T20:21:44.260-0400] {processor.py:925} INFO - DAG(s) 'example_time_delta_sensor_async' retrieved from /Users/karenwang/anaconda3/envs/airflow_sqlite_env/lib/python3.9/site-packages/airflow/example_dags/example_time_delta_sensor_async.py
[2024-10-13T20:21:48.508-0400] {logging_mixin.py:190} INFO - [2024-10-13T20:21:48.508-0400] {utils.py:148} INFO - Note: NumExpr detected 16 cores but "NUMEXPR_MAX_THREADS" not set, so enforcing safe limit of 8.
[2024-10-13T20:21:48.509-0400] {logging_mixin.py:190} INFO - [2024-10-13T20:21:48.508-0400] {utils.py:160} INFO - NumExpr defaulting to 8 threads.
[2024-10-13T20:21:48.971-0400] {logging_mixin.py:190} INFO - [2024-10-13T20:21:48.970-0400] {dag.py:3239} INFO - Sync 1 DAGs
[2024-10-13T20:21:48.999-0400] {logging_mixin.py:190} INFO - [2024-10-13T20:21:48.999-0400] {dag.py:4180} INFO - Setting next_dagrun for example_time_delta_sensor_async to None, run_after=None
[2024-10-13T20:21:49.052-0400] {processor.py:208} INFO - Processing /Users/karenwang/anaconda3/envs/airflow_sqlite_env/lib/python3.9/site-packages/airflow/example_dags/example_time_delta_sensor_async.py took 4.814 seconds
[2024-10-13T20:27:26.036-0400] {processor.py:186} INFO - Started process (PID=33785) to work on /Users/karenwang/anaconda3/envs/airflow_sqlite_env/lib/python3.9/site-packages/airflow/example_dags/example_time_delta_sensor_async.py
[2024-10-13T20:27:26.038-0400] {processor.py:914} INFO - Processing file /Users/karenwang/anaconda3/envs/airflow_sqlite_env/lib/python3.9/site-packages/airflow/example_dags/example_time_delta_sensor_async.py for tasks to queue
[2024-10-13T20:27:26.039-0400] {logging_mixin.py:190} INFO - [2024-10-13T20:27:26.039-0400] {dagbag.py:588} INFO - Filling up the DagBag from /Users/karenwang/anaconda3/envs/airflow_sqlite_env/lib/python3.9/site-packages/airflow/example_dags/example_time_delta_sensor_async.py
[2024-10-13T20:27:26.051-0400] {processor.py:925} INFO - DAG(s) 'example_time_delta_sensor_async' retrieved from /Users/karenwang/anaconda3/envs/airflow_sqlite_env/lib/python3.9/site-packages/airflow/example_dags/example_time_delta_sensor_async.py
[2024-10-13T20:27:30.206-0400] {logging_mixin.py:190} INFO - [2024-10-13T20:27:30.205-0400] {utils.py:148} INFO - Note: NumExpr detected 16 cores but "NUMEXPR_MAX_THREADS" not set, so enforcing safe limit of 8.
[2024-10-13T20:27:30.206-0400] {logging_mixin.py:190} INFO - [2024-10-13T20:27:30.206-0400] {utils.py:160} INFO - NumExpr defaulting to 8 threads.
[2024-10-13T20:27:30.730-0400] {logging_mixin.py:190} INFO - [2024-10-13T20:27:30.730-0400] {dag.py:3239} INFO - Sync 1 DAGs
[2024-10-13T20:27:30.752-0400] {logging_mixin.py:190} INFO - [2024-10-13T20:27:30.751-0400] {dag.py:4180} INFO - Setting next_dagrun for example_time_delta_sensor_async to None, run_after=None
[2024-10-13T20:27:30.779-0400] {processor.py:208} INFO - Processing /Users/karenwang/anaconda3/envs/airflow_sqlite_env/lib/python3.9/site-packages/airflow/example_dags/example_time_delta_sensor_async.py took 4.749 seconds
[2024-10-13T20:32:00.110-0400] {processor.py:186} INFO - Started process (PID=35322) to work on /Users/karenwang/anaconda3/envs/airflow_sqlite_env/lib/python3.9/site-packages/airflow/example_dags/example_time_delta_sensor_async.py
[2024-10-13T20:32:00.111-0400] {processor.py:914} INFO - Processing file /Users/karenwang/anaconda3/envs/airflow_sqlite_env/lib/python3.9/site-packages/airflow/example_dags/example_time_delta_sensor_async.py for tasks to queue
[2024-10-13T20:32:00.112-0400] {logging_mixin.py:190} INFO - [2024-10-13T20:32:00.112-0400] {dagbag.py:588} INFO - Filling up the DagBag from /Users/karenwang/anaconda3/envs/airflow_sqlite_env/lib/python3.9/site-packages/airflow/example_dags/example_time_delta_sensor_async.py
[2024-10-13T20:32:00.125-0400] {processor.py:925} INFO - DAG(s) 'example_time_delta_sensor_async' retrieved from /Users/karenwang/anaconda3/envs/airflow_sqlite_env/lib/python3.9/site-packages/airflow/example_dags/example_time_delta_sensor_async.py
[2024-10-13T20:32:03.796-0400] {logging_mixin.py:190} INFO - [2024-10-13T20:32:03.795-0400] {utils.py:148} INFO - Note: NumExpr detected 16 cores but "NUMEXPR_MAX_THREADS" not set, so enforcing safe limit of 8.
[2024-10-13T20:32:03.796-0400] {logging_mixin.py:190} INFO - [2024-10-13T20:32:03.796-0400] {utils.py:160} INFO - NumExpr defaulting to 8 threads.
[2024-10-13T20:32:04.150-0400] {logging_mixin.py:190} INFO - [2024-10-13T20:32:04.149-0400] {dag.py:3239} INFO - Sync 1 DAGs
[2024-10-13T20:32:04.163-0400] {logging_mixin.py:190} INFO - [2024-10-13T20:32:04.162-0400] {dag.py:4180} INFO - Setting next_dagrun for example_time_delta_sensor_async to None, run_after=None
[2024-10-13T20:32:04.184-0400] {processor.py:208} INFO - Processing /Users/karenwang/anaconda3/envs/airflow_sqlite_env/lib/python3.9/site-packages/airflow/example_dags/example_time_delta_sensor_async.py took 4.081 seconds
[2024-10-13T20:35:40.504-0400] {processor.py:186} INFO - Started process (PID=36461) to work on /Users/karenwang/anaconda3/envs/airflow_sqlite_env/lib/python3.9/site-packages/airflow/example_dags/example_time_delta_sensor_async.py
[2024-10-13T20:35:40.506-0400] {processor.py:914} INFO - Processing file /Users/karenwang/anaconda3/envs/airflow_sqlite_env/lib/python3.9/site-packages/airflow/example_dags/example_time_delta_sensor_async.py for tasks to queue
[2024-10-13T20:35:40.507-0400] {logging_mixin.py:190} INFO - [2024-10-13T20:35:40.507-0400] {dagbag.py:588} INFO - Filling up the DagBag from /Users/karenwang/anaconda3/envs/airflow_sqlite_env/lib/python3.9/site-packages/airflow/example_dags/example_time_delta_sensor_async.py
[2024-10-13T20:35:40.517-0400] {processor.py:925} INFO - DAG(s) 'example_time_delta_sensor_async' retrieved from /Users/karenwang/anaconda3/envs/airflow_sqlite_env/lib/python3.9/site-packages/airflow/example_dags/example_time_delta_sensor_async.py
[2024-10-13T20:35:44.159-0400] {logging_mixin.py:190} INFO - [2024-10-13T20:35:44.159-0400] {utils.py:148} INFO - Note: NumExpr detected 16 cores but "NUMEXPR_MAX_THREADS" not set, so enforcing safe limit of 8.
[2024-10-13T20:35:44.160-0400] {logging_mixin.py:190} INFO - [2024-10-13T20:35:44.160-0400] {utils.py:160} INFO - NumExpr defaulting to 8 threads.
[2024-10-13T20:35:44.525-0400] {logging_mixin.py:190} INFO - [2024-10-13T20:35:44.524-0400] {dag.py:3239} INFO - Sync 1 DAGs
[2024-10-13T20:35:44.537-0400] {logging_mixin.py:190} INFO - [2024-10-13T20:35:44.537-0400] {dag.py:4180} INFO - Setting next_dagrun for example_time_delta_sensor_async to None, run_after=None
[2024-10-13T20:35:44.559-0400] {processor.py:208} INFO - Processing /Users/karenwang/anaconda3/envs/airflow_sqlite_env/lib/python3.9/site-packages/airflow/example_dags/example_time_delta_sensor_async.py took 4.060 seconds
[2024-10-13T20:39:20.601-0400] {processor.py:186} INFO - Started process (PID=37622) to work on /Users/karenwang/anaconda3/envs/airflow_sqlite_env/lib/python3.9/site-packages/airflow/example_dags/example_time_delta_sensor_async.py
[2024-10-13T20:39:20.602-0400] {processor.py:914} INFO - Processing file /Users/karenwang/anaconda3/envs/airflow_sqlite_env/lib/python3.9/site-packages/airflow/example_dags/example_time_delta_sensor_async.py for tasks to queue
[2024-10-13T20:39:20.603-0400] {logging_mixin.py:190} INFO - [2024-10-13T20:39:20.603-0400] {dagbag.py:588} INFO - Filling up the DagBag from /Users/karenwang/anaconda3/envs/airflow_sqlite_env/lib/python3.9/site-packages/airflow/example_dags/example_time_delta_sensor_async.py
[2024-10-13T20:39:20.614-0400] {processor.py:925} INFO - DAG(s) 'example_time_delta_sensor_async' retrieved from /Users/karenwang/anaconda3/envs/airflow_sqlite_env/lib/python3.9/site-packages/airflow/example_dags/example_time_delta_sensor_async.py
[2024-10-13T20:39:24.328-0400] {logging_mixin.py:190} INFO - [2024-10-13T20:39:24.327-0400] {utils.py:148} INFO - Note: NumExpr detected 16 cores but "NUMEXPR_MAX_THREADS" not set, so enforcing safe limit of 8.
[2024-10-13T20:39:24.328-0400] {logging_mixin.py:190} INFO - [2024-10-13T20:39:24.328-0400] {utils.py:160} INFO - NumExpr defaulting to 8 threads.
[2024-10-13T20:39:24.694-0400] {logging_mixin.py:190} INFO - [2024-10-13T20:39:24.694-0400] {dag.py:3239} INFO - Sync 1 DAGs
[2024-10-13T20:39:24.707-0400] {logging_mixin.py:190} INFO - [2024-10-13T20:39:24.707-0400] {dag.py:4180} INFO - Setting next_dagrun for example_time_delta_sensor_async to None, run_after=None
[2024-10-13T20:39:24.730-0400] {processor.py:208} INFO - Processing /Users/karenwang/anaconda3/envs/airflow_sqlite_env/lib/python3.9/site-packages/airflow/example_dags/example_time_delta_sensor_async.py took 4.135 seconds
[2024-10-13T20:42:59.876-0400] {processor.py:186} INFO - Started process (PID=38749) to work on /Users/karenwang/anaconda3/envs/airflow_sqlite_env/lib/python3.9/site-packages/airflow/example_dags/example_time_delta_sensor_async.py
[2024-10-13T20:42:59.878-0400] {processor.py:914} INFO - Processing file /Users/karenwang/anaconda3/envs/airflow_sqlite_env/lib/python3.9/site-packages/airflow/example_dags/example_time_delta_sensor_async.py for tasks to queue
[2024-10-13T20:42:59.880-0400] {logging_mixin.py:190} INFO - [2024-10-13T20:42:59.879-0400] {dagbag.py:588} INFO - Filling up the DagBag from /Users/karenwang/anaconda3/envs/airflow_sqlite_env/lib/python3.9/site-packages/airflow/example_dags/example_time_delta_sensor_async.py
[2024-10-13T20:42:59.891-0400] {processor.py:925} INFO - DAG(s) 'example_time_delta_sensor_async' retrieved from /Users/karenwang/anaconda3/envs/airflow_sqlite_env/lib/python3.9/site-packages/airflow/example_dags/example_time_delta_sensor_async.py
[2024-10-13T20:43:03.483-0400] {logging_mixin.py:190} INFO - [2024-10-13T20:43:03.483-0400] {utils.py:148} INFO - Note: NumExpr detected 16 cores but "NUMEXPR_MAX_THREADS" not set, so enforcing safe limit of 8.
[2024-10-13T20:43:03.483-0400] {logging_mixin.py:190} INFO - [2024-10-13T20:43:03.483-0400] {utils.py:160} INFO - NumExpr defaulting to 8 threads.
[2024-10-13T20:43:03.851-0400] {logging_mixin.py:190} INFO - [2024-10-13T20:43:03.850-0400] {dag.py:3239} INFO - Sync 1 DAGs
[2024-10-13T20:43:03.867-0400] {logging_mixin.py:190} INFO - [2024-10-13T20:43:03.867-0400] {dag.py:4180} INFO - Setting next_dagrun for example_time_delta_sensor_async to None, run_after=None
[2024-10-13T20:43:03.889-0400] {processor.py:208} INFO - Processing /Users/karenwang/anaconda3/envs/airflow_sqlite_env/lib/python3.9/site-packages/airflow/example_dags/example_time_delta_sensor_async.py took 4.018 seconds
[2024-10-13T20:46:38.897-0400] {processor.py:186} INFO - Started process (PID=39885) to work on /Users/karenwang/anaconda3/envs/airflow_sqlite_env/lib/python3.9/site-packages/airflow/example_dags/example_time_delta_sensor_async.py
[2024-10-13T20:46:38.898-0400] {processor.py:914} INFO - Processing file /Users/karenwang/anaconda3/envs/airflow_sqlite_env/lib/python3.9/site-packages/airflow/example_dags/example_time_delta_sensor_async.py for tasks to queue
[2024-10-13T20:46:38.900-0400] {logging_mixin.py:190} INFO - [2024-10-13T20:46:38.899-0400] {dagbag.py:588} INFO - Filling up the DagBag from /Users/karenwang/anaconda3/envs/airflow_sqlite_env/lib/python3.9/site-packages/airflow/example_dags/example_time_delta_sensor_async.py
[2024-10-13T20:46:38.908-0400] {processor.py:925} INFO - DAG(s) 'example_time_delta_sensor_async' retrieved from /Users/karenwang/anaconda3/envs/airflow_sqlite_env/lib/python3.9/site-packages/airflow/example_dags/example_time_delta_sensor_async.py
[2024-10-13T20:46:42.682-0400] {logging_mixin.py:190} INFO - [2024-10-13T20:46:42.682-0400] {utils.py:148} INFO - Note: NumExpr detected 16 cores but "NUMEXPR_MAX_THREADS" not set, so enforcing safe limit of 8.
[2024-10-13T20:46:42.683-0400] {logging_mixin.py:190} INFO - [2024-10-13T20:46:42.682-0400] {utils.py:160} INFO - NumExpr defaulting to 8 threads.
[2024-10-13T20:46:43.071-0400] {logging_mixin.py:190} INFO - [2024-10-13T20:46:43.071-0400] {dag.py:3239} INFO - Sync 1 DAGs
[2024-10-13T20:46:43.083-0400] {logging_mixin.py:190} INFO - [2024-10-13T20:46:43.083-0400] {dag.py:4180} INFO - Setting next_dagrun for example_time_delta_sensor_async to None, run_after=None
[2024-10-13T20:46:43.109-0400] {processor.py:208} INFO - Processing /Users/karenwang/anaconda3/envs/airflow_sqlite_env/lib/python3.9/site-packages/airflow/example_dags/example_time_delta_sensor_async.py took 4.218 seconds
[2024-10-13T20:50:18.797-0400] {processor.py:186} INFO - Started process (PID=41023) to work on /Users/karenwang/anaconda3/envs/airflow_sqlite_env/lib/python3.9/site-packages/airflow/example_dags/example_time_delta_sensor_async.py
[2024-10-13T20:50:18.798-0400] {processor.py:914} INFO - Processing file /Users/karenwang/anaconda3/envs/airflow_sqlite_env/lib/python3.9/site-packages/airflow/example_dags/example_time_delta_sensor_async.py for tasks to queue
[2024-10-13T20:50:18.800-0400] {logging_mixin.py:190} INFO - [2024-10-13T20:50:18.799-0400] {dagbag.py:588} INFO - Filling up the DagBag from /Users/karenwang/anaconda3/envs/airflow_sqlite_env/lib/python3.9/site-packages/airflow/example_dags/example_time_delta_sensor_async.py
[2024-10-13T20:50:18.810-0400] {processor.py:925} INFO - DAG(s) 'example_time_delta_sensor_async' retrieved from /Users/karenwang/anaconda3/envs/airflow_sqlite_env/lib/python3.9/site-packages/airflow/example_dags/example_time_delta_sensor_async.py
[2024-10-13T20:50:22.425-0400] {logging_mixin.py:190} INFO - [2024-10-13T20:50:22.425-0400] {utils.py:148} INFO - Note: NumExpr detected 16 cores but "NUMEXPR_MAX_THREADS" not set, so enforcing safe limit of 8.
[2024-10-13T20:50:22.426-0400] {logging_mixin.py:190} INFO - [2024-10-13T20:50:22.426-0400] {utils.py:160} INFO - NumExpr defaulting to 8 threads.
[2024-10-13T20:50:22.791-0400] {logging_mixin.py:190} INFO - [2024-10-13T20:50:22.791-0400] {dag.py:3239} INFO - Sync 1 DAGs
[2024-10-13T20:50:22.810-0400] {logging_mixin.py:190} INFO - [2024-10-13T20:50:22.810-0400] {dag.py:4180} INFO - Setting next_dagrun for example_time_delta_sensor_async to None, run_after=None
[2024-10-13T20:50:22.835-0400] {processor.py:208} INFO - Processing /Users/karenwang/anaconda3/envs/airflow_sqlite_env/lib/python3.9/site-packages/airflow/example_dags/example_time_delta_sensor_async.py took 4.044 seconds
[2024-10-13T20:53:57.480-0400] {processor.py:186} INFO - Started process (PID=42160) to work on /Users/karenwang/anaconda3/envs/airflow_sqlite_env/lib/python3.9/site-packages/airflow/example_dags/example_time_delta_sensor_async.py
[2024-10-13T20:53:57.481-0400] {processor.py:914} INFO - Processing file /Users/karenwang/anaconda3/envs/airflow_sqlite_env/lib/python3.9/site-packages/airflow/example_dags/example_time_delta_sensor_async.py for tasks to queue
[2024-10-13T20:53:57.483-0400] {logging_mixin.py:190} INFO - [2024-10-13T20:53:57.483-0400] {dagbag.py:588} INFO - Filling up the DagBag from /Users/karenwang/anaconda3/envs/airflow_sqlite_env/lib/python3.9/site-packages/airflow/example_dags/example_time_delta_sensor_async.py
[2024-10-13T20:53:57.495-0400] {processor.py:925} INFO - DAG(s) 'example_time_delta_sensor_async' retrieved from /Users/karenwang/anaconda3/envs/airflow_sqlite_env/lib/python3.9/site-packages/airflow/example_dags/example_time_delta_sensor_async.py
[2024-10-13T20:54:01.065-0400] {logging_mixin.py:190} INFO - [2024-10-13T20:54:01.065-0400] {utils.py:148} INFO - Note: NumExpr detected 16 cores but "NUMEXPR_MAX_THREADS" not set, so enforcing safe limit of 8.
[2024-10-13T20:54:01.066-0400] {logging_mixin.py:190} INFO - [2024-10-13T20:54:01.065-0400] {utils.py:160} INFO - NumExpr defaulting to 8 threads.
[2024-10-13T20:54:01.416-0400] {logging_mixin.py:190} INFO - [2024-10-13T20:54:01.415-0400] {dag.py:3239} INFO - Sync 1 DAGs
[2024-10-13T20:54:01.433-0400] {logging_mixin.py:190} INFO - [2024-10-13T20:54:01.432-0400] {dag.py:4180} INFO - Setting next_dagrun for example_time_delta_sensor_async to None, run_after=None
[2024-10-13T20:54:01.458-0400] {processor.py:208} INFO - Processing /Users/karenwang/anaconda3/envs/airflow_sqlite_env/lib/python3.9/site-packages/airflow/example_dags/example_time_delta_sensor_async.py took 3.984 seconds
[2024-10-13T20:57:38.752-0400] {processor.py:186} INFO - Started process (PID=43315) to work on /Users/karenwang/anaconda3/envs/airflow_sqlite_env/lib/python3.9/site-packages/airflow/example_dags/example_time_delta_sensor_async.py
[2024-10-13T20:57:38.754-0400] {processor.py:914} INFO - Processing file /Users/karenwang/anaconda3/envs/airflow_sqlite_env/lib/python3.9/site-packages/airflow/example_dags/example_time_delta_sensor_async.py for tasks to queue
[2024-10-13T20:57:38.755-0400] {logging_mixin.py:190} INFO - [2024-10-13T20:57:38.755-0400] {dagbag.py:588} INFO - Filling up the DagBag from /Users/karenwang/anaconda3/envs/airflow_sqlite_env/lib/python3.9/site-packages/airflow/example_dags/example_time_delta_sensor_async.py
[2024-10-13T20:57:38.767-0400] {processor.py:925} INFO - DAG(s) 'example_time_delta_sensor_async' retrieved from /Users/karenwang/anaconda3/envs/airflow_sqlite_env/lib/python3.9/site-packages/airflow/example_dags/example_time_delta_sensor_async.py
[2024-10-13T20:57:42.470-0400] {logging_mixin.py:190} INFO - [2024-10-13T20:57:42.469-0400] {utils.py:148} INFO - Note: NumExpr detected 16 cores but "NUMEXPR_MAX_THREADS" not set, so enforcing safe limit of 8.
[2024-10-13T20:57:42.470-0400] {logging_mixin.py:190} INFO - [2024-10-13T20:57:42.470-0400] {utils.py:160} INFO - NumExpr defaulting to 8 threads.
[2024-10-13T20:57:42.830-0400] {logging_mixin.py:190} INFO - [2024-10-13T20:57:42.830-0400] {dag.py:3239} INFO - Sync 1 DAGs
[2024-10-13T20:57:42.844-0400] {logging_mixin.py:190} INFO - [2024-10-13T20:57:42.844-0400] {dag.py:4180} INFO - Setting next_dagrun for example_time_delta_sensor_async to None, run_after=None
[2024-10-13T20:57:42.865-0400] {processor.py:208} INFO - Processing /Users/karenwang/anaconda3/envs/airflow_sqlite_env/lib/python3.9/site-packages/airflow/example_dags/example_time_delta_sensor_async.py took 4.120 seconds
[2024-10-13T21:01:18.278-0400] {processor.py:186} INFO - Started process (PID=44444) to work on /Users/karenwang/anaconda3/envs/airflow_sqlite_env/lib/python3.9/site-packages/airflow/example_dags/example_time_delta_sensor_async.py
[2024-10-13T21:01:18.279-0400] {processor.py:914} INFO - Processing file /Users/karenwang/anaconda3/envs/airflow_sqlite_env/lib/python3.9/site-packages/airflow/example_dags/example_time_delta_sensor_async.py for tasks to queue
[2024-10-13T21:01:18.281-0400] {logging_mixin.py:190} INFO - [2024-10-13T21:01:18.281-0400] {dagbag.py:588} INFO - Filling up the DagBag from /Users/karenwang/anaconda3/envs/airflow_sqlite_env/lib/python3.9/site-packages/airflow/example_dags/example_time_delta_sensor_async.py
[2024-10-13T21:01:18.291-0400] {processor.py:925} INFO - DAG(s) 'example_time_delta_sensor_async' retrieved from /Users/karenwang/anaconda3/envs/airflow_sqlite_env/lib/python3.9/site-packages/airflow/example_dags/example_time_delta_sensor_async.py
[2024-10-13T21:01:21.889-0400] {logging_mixin.py:190} INFO - [2024-10-13T21:01:21.889-0400] {utils.py:148} INFO - Note: NumExpr detected 16 cores but "NUMEXPR_MAX_THREADS" not set, so enforcing safe limit of 8.
[2024-10-13T21:01:21.890-0400] {logging_mixin.py:190} INFO - [2024-10-13T21:01:21.889-0400] {utils.py:160} INFO - NumExpr defaulting to 8 threads.
[2024-10-13T21:01:22.261-0400] {logging_mixin.py:190} INFO - [2024-10-13T21:01:22.261-0400] {dag.py:3239} INFO - Sync 1 DAGs
[2024-10-13T21:01:22.274-0400] {logging_mixin.py:190} INFO - [2024-10-13T21:01:22.273-0400] {dag.py:4180} INFO - Setting next_dagrun for example_time_delta_sensor_async to None, run_after=None
[2024-10-13T21:01:22.297-0400] {processor.py:208} INFO - Processing /Users/karenwang/anaconda3/envs/airflow_sqlite_env/lib/python3.9/site-packages/airflow/example_dags/example_time_delta_sensor_async.py took 4.025 seconds
[2024-10-13T21:04:58.325-0400] {processor.py:186} INFO - Started process (PID=45587) to work on /Users/karenwang/anaconda3/envs/airflow_sqlite_env/lib/python3.9/site-packages/airflow/example_dags/example_time_delta_sensor_async.py
[2024-10-13T21:04:58.327-0400] {processor.py:914} INFO - Processing file /Users/karenwang/anaconda3/envs/airflow_sqlite_env/lib/python3.9/site-packages/airflow/example_dags/example_time_delta_sensor_async.py for tasks to queue
[2024-10-13T21:04:58.328-0400] {logging_mixin.py:190} INFO - [2024-10-13T21:04:58.328-0400] {dagbag.py:588} INFO - Filling up the DagBag from /Users/karenwang/anaconda3/envs/airflow_sqlite_env/lib/python3.9/site-packages/airflow/example_dags/example_time_delta_sensor_async.py
[2024-10-13T21:04:58.340-0400] {processor.py:925} INFO - DAG(s) 'example_time_delta_sensor_async' retrieved from /Users/karenwang/anaconda3/envs/airflow_sqlite_env/lib/python3.9/site-packages/airflow/example_dags/example_time_delta_sensor_async.py
[2024-10-13T21:05:01.953-0400] {logging_mixin.py:190} INFO - [2024-10-13T21:05:01.952-0400] {utils.py:148} INFO - Note: NumExpr detected 16 cores but "NUMEXPR_MAX_THREADS" not set, so enforcing safe limit of 8.
[2024-10-13T21:05:01.953-0400] {logging_mixin.py:190} INFO - [2024-10-13T21:05:01.953-0400] {utils.py:160} INFO - NumExpr defaulting to 8 threads.
[2024-10-13T21:05:02.330-0400] {logging_mixin.py:190} INFO - [2024-10-13T21:05:02.329-0400] {dag.py:3239} INFO - Sync 1 DAGs
[2024-10-13T21:05:02.346-0400] {logging_mixin.py:190} INFO - [2024-10-13T21:05:02.345-0400] {dag.py:4180} INFO - Setting next_dagrun for example_time_delta_sensor_async to None, run_after=None
[2024-10-13T21:05:02.373-0400] {processor.py:208} INFO - Processing /Users/karenwang/anaconda3/envs/airflow_sqlite_env/lib/python3.9/site-packages/airflow/example_dags/example_time_delta_sensor_async.py took 4.054 seconds
[2024-10-13T21:10:23.896-0400] {processor.py:186} INFO - Started process (PID=47351) to work on /Users/karenwang/anaconda3/envs/airflow_sqlite_env/lib/python3.9/site-packages/airflow/example_dags/example_time_delta_sensor_async.py
[2024-10-13T21:10:23.898-0400] {processor.py:914} INFO - Processing file /Users/karenwang/anaconda3/envs/airflow_sqlite_env/lib/python3.9/site-packages/airflow/example_dags/example_time_delta_sensor_async.py for tasks to queue
[2024-10-13T21:10:23.899-0400] {logging_mixin.py:190} INFO - [2024-10-13T21:10:23.899-0400] {dagbag.py:588} INFO - Filling up the DagBag from /Users/karenwang/anaconda3/envs/airflow_sqlite_env/lib/python3.9/site-packages/airflow/example_dags/example_time_delta_sensor_async.py
[2024-10-13T21:10:23.911-0400] {processor.py:925} INFO - DAG(s) 'example_time_delta_sensor_async' retrieved from /Users/karenwang/anaconda3/envs/airflow_sqlite_env/lib/python3.9/site-packages/airflow/example_dags/example_time_delta_sensor_async.py
[2024-10-13T21:10:28.009-0400] {logging_mixin.py:190} INFO - [2024-10-13T21:10:28.009-0400] {utils.py:148} INFO - Note: NumExpr detected 16 cores but "NUMEXPR_MAX_THREADS" not set, so enforcing safe limit of 8.
[2024-10-13T21:10:28.009-0400] {logging_mixin.py:190} INFO - [2024-10-13T21:10:28.009-0400] {utils.py:160} INFO - NumExpr defaulting to 8 threads.
[2024-10-13T21:10:28.419-0400] {logging_mixin.py:190} INFO - [2024-10-13T21:10:28.419-0400] {dag.py:3239} INFO - Sync 1 DAGs
[2024-10-13T21:10:28.436-0400] {logging_mixin.py:190} INFO - [2024-10-13T21:10:28.436-0400] {dag.py:4180} INFO - Setting next_dagrun for example_time_delta_sensor_async to None, run_after=None
[2024-10-13T21:10:28.464-0400] {processor.py:208} INFO - Processing /Users/karenwang/anaconda3/envs/airflow_sqlite_env/lib/python3.9/site-packages/airflow/example_dags/example_time_delta_sensor_async.py took 4.573 seconds
[2024-10-13T21:14:54.571-0400] {processor.py:186} INFO - Started process (PID=48809) to work on /Users/karenwang/anaconda3/envs/airflow_sqlite_env/lib/python3.9/site-packages/airflow/example_dags/example_time_delta_sensor_async.py
[2024-10-13T21:14:54.572-0400] {processor.py:914} INFO - Processing file /Users/karenwang/anaconda3/envs/airflow_sqlite_env/lib/python3.9/site-packages/airflow/example_dags/example_time_delta_sensor_async.py for tasks to queue
[2024-10-13T21:14:54.574-0400] {logging_mixin.py:190} INFO - [2024-10-13T21:14:54.573-0400] {dagbag.py:588} INFO - Filling up the DagBag from /Users/karenwang/anaconda3/envs/airflow_sqlite_env/lib/python3.9/site-packages/airflow/example_dags/example_time_delta_sensor_async.py
[2024-10-13T21:14:54.585-0400] {processor.py:925} INFO - DAG(s) 'example_time_delta_sensor_async' retrieved from /Users/karenwang/anaconda3/envs/airflow_sqlite_env/lib/python3.9/site-packages/airflow/example_dags/example_time_delta_sensor_async.py
[2024-10-13T21:14:58.559-0400] {logging_mixin.py:190} INFO - [2024-10-13T21:14:58.559-0400] {utils.py:148} INFO - Note: NumExpr detected 16 cores but "NUMEXPR_MAX_THREADS" not set, so enforcing safe limit of 8.
[2024-10-13T21:14:58.560-0400] {logging_mixin.py:190} INFO - [2024-10-13T21:14:58.560-0400] {utils.py:160} INFO - NumExpr defaulting to 8 threads.
[2024-10-13T21:14:59.038-0400] {logging_mixin.py:190} INFO - [2024-10-13T21:14:59.037-0400] {dag.py:3239} INFO - Sync 1 DAGs
[2024-10-13T21:14:59.055-0400] {logging_mixin.py:190} INFO - [2024-10-13T21:14:59.055-0400] {dag.py:4180} INFO - Setting next_dagrun for example_time_delta_sensor_async to None, run_after=None
[2024-10-13T21:14:59.085-0400] {processor.py:208} INFO - Processing /Users/karenwang/anaconda3/envs/airflow_sqlite_env/lib/python3.9/site-packages/airflow/example_dags/example_time_delta_sensor_async.py took 4.520 seconds
[2024-10-13T21:18:49.440-0400] {processor.py:186} INFO - Started process (PID=50200) to work on /Users/karenwang/anaconda3/envs/airflow_sqlite_env/lib/python3.9/site-packages/airflow/example_dags/example_time_delta_sensor_async.py
[2024-10-13T21:18:49.441-0400] {processor.py:914} INFO - Processing file /Users/karenwang/anaconda3/envs/airflow_sqlite_env/lib/python3.9/site-packages/airflow/example_dags/example_time_delta_sensor_async.py for tasks to queue
[2024-10-13T21:18:49.443-0400] {logging_mixin.py:190} INFO - [2024-10-13T21:18:49.443-0400] {dagbag.py:588} INFO - Filling up the DagBag from /Users/karenwang/anaconda3/envs/airflow_sqlite_env/lib/python3.9/site-packages/airflow/example_dags/example_time_delta_sensor_async.py
[2024-10-13T21:18:49.453-0400] {processor.py:925} INFO - DAG(s) 'example_time_delta_sensor_async' retrieved from /Users/karenwang/anaconda3/envs/airflow_sqlite_env/lib/python3.9/site-packages/airflow/example_dags/example_time_delta_sensor_async.py
[2024-10-13T21:18:53.222-0400] {logging_mixin.py:190} INFO - [2024-10-13T21:18:53.221-0400] {utils.py:148} INFO - Note: NumExpr detected 16 cores but "NUMEXPR_MAX_THREADS" not set, so enforcing safe limit of 8.
[2024-10-13T21:18:53.222-0400] {logging_mixin.py:190} INFO - [2024-10-13T21:18:53.222-0400] {utils.py:160} INFO - NumExpr defaulting to 8 threads.
[2024-10-13T21:18:53.576-0400] {logging_mixin.py:190} INFO - [2024-10-13T21:18:53.576-0400] {dag.py:3239} INFO - Sync 1 DAGs
[2024-10-13T21:18:53.592-0400] {logging_mixin.py:190} INFO - [2024-10-13T21:18:53.592-0400] {dag.py:4180} INFO - Setting next_dagrun for example_time_delta_sensor_async to None, run_after=None
[2024-10-13T21:18:53.615-0400] {processor.py:208} INFO - Processing /Users/karenwang/anaconda3/envs/airflow_sqlite_env/lib/python3.9/site-packages/airflow/example_dags/example_time_delta_sensor_async.py took 4.181 seconds
[2024-10-13T21:22:29.627-0400] {processor.py:186} INFO - Started process (PID=51331) to work on /Users/karenwang/anaconda3/envs/airflow_sqlite_env/lib/python3.9/site-packages/airflow/example_dags/example_time_delta_sensor_async.py
[2024-10-13T21:22:29.628-0400] {processor.py:914} INFO - Processing file /Users/karenwang/anaconda3/envs/airflow_sqlite_env/lib/python3.9/site-packages/airflow/example_dags/example_time_delta_sensor_async.py for tasks to queue
[2024-10-13T21:22:29.629-0400] {logging_mixin.py:190} INFO - [2024-10-13T21:22:29.629-0400] {dagbag.py:588} INFO - Filling up the DagBag from /Users/karenwang/anaconda3/envs/airflow_sqlite_env/lib/python3.9/site-packages/airflow/example_dags/example_time_delta_sensor_async.py
[2024-10-13T21:22:29.638-0400] {processor.py:925} INFO - DAG(s) 'example_time_delta_sensor_async' retrieved from /Users/karenwang/anaconda3/envs/airflow_sqlite_env/lib/python3.9/site-packages/airflow/example_dags/example_time_delta_sensor_async.py
[2024-10-13T21:22:33.389-0400] {logging_mixin.py:190} INFO - [2024-10-13T21:22:33.388-0400] {utils.py:148} INFO - Note: NumExpr detected 16 cores but "NUMEXPR_MAX_THREADS" not set, so enforcing safe limit of 8.
[2024-10-13T21:22:33.389-0400] {logging_mixin.py:190} INFO - [2024-10-13T21:22:33.389-0400] {utils.py:160} INFO - NumExpr defaulting to 8 threads.
[2024-10-13T21:22:33.749-0400] {logging_mixin.py:190} INFO - [2024-10-13T21:22:33.749-0400] {dag.py:3239} INFO - Sync 1 DAGs
[2024-10-13T21:22:33.763-0400] {logging_mixin.py:190} INFO - [2024-10-13T21:22:33.763-0400] {dag.py:4180} INFO - Setting next_dagrun for example_time_delta_sensor_async to None, run_after=None
[2024-10-13T21:22:33.786-0400] {processor.py:208} INFO - Processing /Users/karenwang/anaconda3/envs/airflow_sqlite_env/lib/python3.9/site-packages/airflow/example_dags/example_time_delta_sensor_async.py took 4.165 seconds
[2024-10-13T21:26:10.218-0400] {processor.py:186} INFO - Started process (PID=52469) to work on /Users/karenwang/anaconda3/envs/airflow_sqlite_env/lib/python3.9/site-packages/airflow/example_dags/example_time_delta_sensor_async.py
[2024-10-13T21:26:10.219-0400] {processor.py:914} INFO - Processing file /Users/karenwang/anaconda3/envs/airflow_sqlite_env/lib/python3.9/site-packages/airflow/example_dags/example_time_delta_sensor_async.py for tasks to queue
[2024-10-13T21:26:10.220-0400] {logging_mixin.py:190} INFO - [2024-10-13T21:26:10.220-0400] {dagbag.py:588} INFO - Filling up the DagBag from /Users/karenwang/anaconda3/envs/airflow_sqlite_env/lib/python3.9/site-packages/airflow/example_dags/example_time_delta_sensor_async.py
[2024-10-13T21:26:10.230-0400] {processor.py:925} INFO - DAG(s) 'example_time_delta_sensor_async' retrieved from /Users/karenwang/anaconda3/envs/airflow_sqlite_env/lib/python3.9/site-packages/airflow/example_dags/example_time_delta_sensor_async.py
[2024-10-13T21:26:13.904-0400] {logging_mixin.py:190} INFO - [2024-10-13T21:26:13.904-0400] {utils.py:148} INFO - Note: NumExpr detected 16 cores but "NUMEXPR_MAX_THREADS" not set, so enforcing safe limit of 8.
[2024-10-13T21:26:13.905-0400] {logging_mixin.py:190} INFO - [2024-10-13T21:26:13.905-0400] {utils.py:160} INFO - NumExpr defaulting to 8 threads.
[2024-10-13T21:26:14.273-0400] {logging_mixin.py:190} INFO - [2024-10-13T21:26:14.273-0400] {dag.py:3239} INFO - Sync 1 DAGs
[2024-10-13T21:26:14.286-0400] {logging_mixin.py:190} INFO - [2024-10-13T21:26:14.286-0400] {dag.py:4180} INFO - Setting next_dagrun for example_time_delta_sensor_async to None, run_after=None
[2024-10-13T21:26:14.312-0400] {processor.py:208} INFO - Processing /Users/karenwang/anaconda3/envs/airflow_sqlite_env/lib/python3.9/site-packages/airflow/example_dags/example_time_delta_sensor_async.py took 4.100 seconds
[2024-10-13T21:30:00.919-0400] {processor.py:186} INFO - Started process (PID=53688) to work on /Users/karenwang/anaconda3/envs/airflow_sqlite_env/lib/python3.9/site-packages/airflow/example_dags/example_time_delta_sensor_async.py
[2024-10-13T21:30:00.920-0400] {processor.py:914} INFO - Processing file /Users/karenwang/anaconda3/envs/airflow_sqlite_env/lib/python3.9/site-packages/airflow/example_dags/example_time_delta_sensor_async.py for tasks to queue
[2024-10-13T21:30:00.922-0400] {logging_mixin.py:190} INFO - [2024-10-13T21:30:00.921-0400] {dagbag.py:588} INFO - Filling up the DagBag from /Users/karenwang/anaconda3/envs/airflow_sqlite_env/lib/python3.9/site-packages/airflow/example_dags/example_time_delta_sensor_async.py
[2024-10-13T21:30:00.934-0400] {processor.py:925} INFO - DAG(s) 'example_time_delta_sensor_async' retrieved from /Users/karenwang/anaconda3/envs/airflow_sqlite_env/lib/python3.9/site-packages/airflow/example_dags/example_time_delta_sensor_async.py
[2024-10-13T21:30:05.543-0400] {logging_mixin.py:190} INFO - [2024-10-13T21:30:05.542-0400] {utils.py:148} INFO - Note: NumExpr detected 16 cores but "NUMEXPR_MAX_THREADS" not set, so enforcing safe limit of 8.
[2024-10-13T21:30:05.543-0400] {logging_mixin.py:190} INFO - [2024-10-13T21:30:05.543-0400] {utils.py:160} INFO - NumExpr defaulting to 8 threads.
[2024-10-13T21:30:05.950-0400] {logging_mixin.py:190} INFO - [2024-10-13T21:30:05.949-0400] {dag.py:3239} INFO - Sync 1 DAGs
[2024-10-13T21:30:05.971-0400] {logging_mixin.py:190} INFO - [2024-10-13T21:30:05.971-0400] {dag.py:4180} INFO - Setting next_dagrun for example_time_delta_sensor_async to None, run_after=None
[2024-10-13T21:30:06.002-0400] {processor.py:208} INFO - Processing /Users/karenwang/anaconda3/envs/airflow_sqlite_env/lib/python3.9/site-packages/airflow/example_dags/example_time_delta_sensor_async.py took 5.089 seconds
[2024-10-13T21:33:59.773-0400] {processor.py:186} INFO - Started process (PID=54911) to work on /Users/karenwang/anaconda3/envs/airflow_sqlite_env/lib/python3.9/site-packages/airflow/example_dags/example_time_delta_sensor_async.py
[2024-10-13T21:33:59.774-0400] {processor.py:914} INFO - Processing file /Users/karenwang/anaconda3/envs/airflow_sqlite_env/lib/python3.9/site-packages/airflow/example_dags/example_time_delta_sensor_async.py for tasks to queue
[2024-10-13T21:33:59.776-0400] {logging_mixin.py:190} INFO - [2024-10-13T21:33:59.775-0400] {dagbag.py:588} INFO - Filling up the DagBag from /Users/karenwang/anaconda3/envs/airflow_sqlite_env/lib/python3.9/site-packages/airflow/example_dags/example_time_delta_sensor_async.py
[2024-10-13T21:33:59.786-0400] {processor.py:925} INFO - DAG(s) 'example_time_delta_sensor_async' retrieved from /Users/karenwang/anaconda3/envs/airflow_sqlite_env/lib/python3.9/site-packages/airflow/example_dags/example_time_delta_sensor_async.py
[2024-10-13T21:34:03.698-0400] {logging_mixin.py:190} INFO - [2024-10-13T21:34:03.698-0400] {utils.py:148} INFO - Note: NumExpr detected 16 cores but "NUMEXPR_MAX_THREADS" not set, so enforcing safe limit of 8.
[2024-10-13T21:34:03.698-0400] {logging_mixin.py:190} INFO - [2024-10-13T21:34:03.698-0400] {utils.py:160} INFO - NumExpr defaulting to 8 threads.
[2024-10-13T21:34:04.098-0400] {logging_mixin.py:190} INFO - [2024-10-13T21:34:04.097-0400] {dag.py:3239} INFO - Sync 1 DAGs
[2024-10-13T21:34:04.114-0400] {logging_mixin.py:190} INFO - [2024-10-13T21:34:04.114-0400] {dag.py:4180} INFO - Setting next_dagrun for example_time_delta_sensor_async to None, run_after=None
[2024-10-13T21:34:04.139-0400] {processor.py:208} INFO - Processing /Users/karenwang/anaconda3/envs/airflow_sqlite_env/lib/python3.9/site-packages/airflow/example_dags/example_time_delta_sensor_async.py took 4.371 seconds
[2024-10-13T21:37:52.591-0400] {processor.py:186} INFO - Started process (PID=56161) to work on /Users/karenwang/anaconda3/envs/airflow_sqlite_env/lib/python3.9/site-packages/airflow/example_dags/example_time_delta_sensor_async.py
[2024-10-13T21:37:52.592-0400] {processor.py:914} INFO - Processing file /Users/karenwang/anaconda3/envs/airflow_sqlite_env/lib/python3.9/site-packages/airflow/example_dags/example_time_delta_sensor_async.py for tasks to queue
[2024-10-13T21:37:52.593-0400] {logging_mixin.py:190} INFO - [2024-10-13T21:37:52.593-0400] {dagbag.py:588} INFO - Filling up the DagBag from /Users/karenwang/anaconda3/envs/airflow_sqlite_env/lib/python3.9/site-packages/airflow/example_dags/example_time_delta_sensor_async.py
[2024-10-13T21:37:52.604-0400] {processor.py:925} INFO - DAG(s) 'example_time_delta_sensor_async' retrieved from /Users/karenwang/anaconda3/envs/airflow_sqlite_env/lib/python3.9/site-packages/airflow/example_dags/example_time_delta_sensor_async.py
[2024-10-13T21:37:56.586-0400] {logging_mixin.py:190} INFO - [2024-10-13T21:37:56.585-0400] {utils.py:148} INFO - Note: NumExpr detected 16 cores but "NUMEXPR_MAX_THREADS" not set, so enforcing safe limit of 8.
[2024-10-13T21:37:56.587-0400] {logging_mixin.py:190} INFO - [2024-10-13T21:37:56.586-0400] {utils.py:160} INFO - NumExpr defaulting to 8 threads.
[2024-10-13T21:37:57.009-0400] {logging_mixin.py:190} INFO - [2024-10-13T21:37:57.008-0400] {dag.py:3239} INFO - Sync 1 DAGs
[2024-10-13T21:37:57.027-0400] {logging_mixin.py:190} INFO - [2024-10-13T21:37:57.027-0400] {dag.py:4180} INFO - Setting next_dagrun for example_time_delta_sensor_async to None, run_after=None
[2024-10-13T21:37:57.050-0400] {processor.py:208} INFO - Processing /Users/karenwang/anaconda3/envs/airflow_sqlite_env/lib/python3.9/site-packages/airflow/example_dags/example_time_delta_sensor_async.py took 4.465 seconds
[2024-10-13T21:41:47.560-0400] {processor.py:186} INFO - Started process (PID=57364) to work on /Users/karenwang/anaconda3/envs/airflow_sqlite_env/lib/python3.9/site-packages/airflow/example_dags/example_time_delta_sensor_async.py
[2024-10-13T21:41:47.562-0400] {processor.py:914} INFO - Processing file /Users/karenwang/anaconda3/envs/airflow_sqlite_env/lib/python3.9/site-packages/airflow/example_dags/example_time_delta_sensor_async.py for tasks to queue
[2024-10-13T21:41:47.563-0400] {logging_mixin.py:190} INFO - [2024-10-13T21:41:47.563-0400] {dagbag.py:588} INFO - Filling up the DagBag from /Users/karenwang/anaconda3/envs/airflow_sqlite_env/lib/python3.9/site-packages/airflow/example_dags/example_time_delta_sensor_async.py
[2024-10-13T21:41:47.575-0400] {processor.py:925} INFO - DAG(s) 'example_time_delta_sensor_async' retrieved from /Users/karenwang/anaconda3/envs/airflow_sqlite_env/lib/python3.9/site-packages/airflow/example_dags/example_time_delta_sensor_async.py
[2024-10-13T21:41:51.649-0400] {logging_mixin.py:190} INFO - [2024-10-13T21:41:51.648-0400] {utils.py:148} INFO - Note: NumExpr detected 16 cores but "NUMEXPR_MAX_THREADS" not set, so enforcing safe limit of 8.
[2024-10-13T21:41:51.649-0400] {logging_mixin.py:190} INFO - [2024-10-13T21:41:51.649-0400] {utils.py:160} INFO - NumExpr defaulting to 8 threads.
[2024-10-13T21:41:52.109-0400] {logging_mixin.py:190} INFO - [2024-10-13T21:41:52.109-0400] {dag.py:3239} INFO - Sync 1 DAGs
[2024-10-13T21:41:52.129-0400] {logging_mixin.py:190} INFO - [2024-10-13T21:41:52.129-0400] {dag.py:4180} INFO - Setting next_dagrun for example_time_delta_sensor_async to None, run_after=None
[2024-10-13T21:41:52.155-0400] {processor.py:208} INFO - Processing /Users/karenwang/anaconda3/envs/airflow_sqlite_env/lib/python3.9/site-packages/airflow/example_dags/example_time_delta_sensor_async.py took 4.600 seconds
[2024-10-13T21:45:39.216-0400] {processor.py:186} INFO - Started process (PID=58540) to work on /Users/karenwang/anaconda3/envs/airflow_sqlite_env/lib/python3.9/site-packages/airflow/example_dags/example_time_delta_sensor_async.py
[2024-10-13T21:45:39.218-0400] {processor.py:914} INFO - Processing file /Users/karenwang/anaconda3/envs/airflow_sqlite_env/lib/python3.9/site-packages/airflow/example_dags/example_time_delta_sensor_async.py for tasks to queue
[2024-10-13T21:45:39.219-0400] {logging_mixin.py:190} INFO - [2024-10-13T21:45:39.219-0400] {dagbag.py:588} INFO - Filling up the DagBag from /Users/karenwang/anaconda3/envs/airflow_sqlite_env/lib/python3.9/site-packages/airflow/example_dags/example_time_delta_sensor_async.py
[2024-10-13T21:45:39.231-0400] {processor.py:925} INFO - DAG(s) 'example_time_delta_sensor_async' retrieved from /Users/karenwang/anaconda3/envs/airflow_sqlite_env/lib/python3.9/site-packages/airflow/example_dags/example_time_delta_sensor_async.py
[2024-10-13T21:45:43.425-0400] {logging_mixin.py:190} INFO - [2024-10-13T21:45:43.425-0400] {utils.py:148} INFO - Note: NumExpr detected 16 cores but "NUMEXPR_MAX_THREADS" not set, so enforcing safe limit of 8.
[2024-10-13T21:45:43.425-0400] {logging_mixin.py:190} INFO - [2024-10-13T21:45:43.425-0400] {utils.py:160} INFO - NumExpr defaulting to 8 threads.
[2024-10-13T21:45:43.837-0400] {logging_mixin.py:190} INFO - [2024-10-13T21:45:43.836-0400] {dag.py:3239} INFO - Sync 1 DAGs
[2024-10-13T21:45:43.856-0400] {logging_mixin.py:190} INFO - [2024-10-13T21:45:43.856-0400] {dag.py:4180} INFO - Setting next_dagrun for example_time_delta_sensor_async to None, run_after=None
[2024-10-13T21:45:43.885-0400] {processor.py:208} INFO - Processing /Users/karenwang/anaconda3/envs/airflow_sqlite_env/lib/python3.9/site-packages/airflow/example_dags/example_time_delta_sensor_async.py took 4.674 seconds
[2024-10-13T21:49:40.433-0400] {processor.py:186} INFO - Started process (PID=59822) to work on /Users/karenwang/anaconda3/envs/airflow_sqlite_env/lib/python3.9/site-packages/airflow/example_dags/example_time_delta_sensor_async.py
[2024-10-13T21:49:40.435-0400] {processor.py:914} INFO - Processing file /Users/karenwang/anaconda3/envs/airflow_sqlite_env/lib/python3.9/site-packages/airflow/example_dags/example_time_delta_sensor_async.py for tasks to queue
[2024-10-13T21:49:40.436-0400] {logging_mixin.py:190} INFO - [2024-10-13T21:49:40.435-0400] {dagbag.py:588} INFO - Filling up the DagBag from /Users/karenwang/anaconda3/envs/airflow_sqlite_env/lib/python3.9/site-packages/airflow/example_dags/example_time_delta_sensor_async.py
[2024-10-13T21:49:40.445-0400] {processor.py:925} INFO - DAG(s) 'example_time_delta_sensor_async' retrieved from /Users/karenwang/anaconda3/envs/airflow_sqlite_env/lib/python3.9/site-packages/airflow/example_dags/example_time_delta_sensor_async.py
[2024-10-13T21:49:44.379-0400] {logging_mixin.py:190} INFO - [2024-10-13T21:49:44.378-0400] {utils.py:148} INFO - Note: NumExpr detected 16 cores but "NUMEXPR_MAX_THREADS" not set, so enforcing safe limit of 8.
[2024-10-13T21:49:44.379-0400] {logging_mixin.py:190} INFO - [2024-10-13T21:49:44.379-0400] {utils.py:160} INFO - NumExpr defaulting to 8 threads.
[2024-10-13T21:49:44.784-0400] {logging_mixin.py:190} INFO - [2024-10-13T21:49:44.784-0400] {dag.py:3239} INFO - Sync 1 DAGs
[2024-10-13T21:49:44.802-0400] {logging_mixin.py:190} INFO - [2024-10-13T21:49:44.802-0400] {dag.py:4180} INFO - Setting next_dagrun for example_time_delta_sensor_async to None, run_after=None
[2024-10-13T21:49:44.829-0400] {processor.py:208} INFO - Processing /Users/karenwang/anaconda3/envs/airflow_sqlite_env/lib/python3.9/site-packages/airflow/example_dags/example_time_delta_sensor_async.py took 4.402 seconds
[2024-10-13T21:53:42.400-0400] {processor.py:186} INFO - Started process (PID=61057) to work on /Users/karenwang/anaconda3/envs/airflow_sqlite_env/lib/python3.9/site-packages/airflow/example_dags/example_time_delta_sensor_async.py
[2024-10-13T21:53:42.402-0400] {processor.py:914} INFO - Processing file /Users/karenwang/anaconda3/envs/airflow_sqlite_env/lib/python3.9/site-packages/airflow/example_dags/example_time_delta_sensor_async.py for tasks to queue
[2024-10-13T21:53:42.403-0400] {logging_mixin.py:190} INFO - [2024-10-13T21:53:42.403-0400] {dagbag.py:588} INFO - Filling up the DagBag from /Users/karenwang/anaconda3/envs/airflow_sqlite_env/lib/python3.9/site-packages/airflow/example_dags/example_time_delta_sensor_async.py
[2024-10-13T21:53:42.416-0400] {processor.py:925} INFO - DAG(s) 'example_time_delta_sensor_async' retrieved from /Users/karenwang/anaconda3/envs/airflow_sqlite_env/lib/python3.9/site-packages/airflow/example_dags/example_time_delta_sensor_async.py
[2024-10-13T21:53:46.486-0400] {logging_mixin.py:190} INFO - [2024-10-13T21:53:46.485-0400] {utils.py:148} INFO - Note: NumExpr detected 16 cores but "NUMEXPR_MAX_THREADS" not set, so enforcing safe limit of 8.
[2024-10-13T21:53:46.486-0400] {logging_mixin.py:190} INFO - [2024-10-13T21:53:46.486-0400] {utils.py:160} INFO - NumExpr defaulting to 8 threads.
[2024-10-13T21:53:46.900-0400] {logging_mixin.py:190} INFO - [2024-10-13T21:53:46.899-0400] {dag.py:3239} INFO - Sync 1 DAGs
[2024-10-13T21:53:46.918-0400] {logging_mixin.py:190} INFO - [2024-10-13T21:53:46.918-0400] {dag.py:4180} INFO - Setting next_dagrun for example_time_delta_sensor_async to None, run_after=None
[2024-10-13T21:53:46.941-0400] {processor.py:208} INFO - Processing /Users/karenwang/anaconda3/envs/airflow_sqlite_env/lib/python3.9/site-packages/airflow/example_dags/example_time_delta_sensor_async.py took 4.547 seconds
[2024-10-13T21:57:40.105-0400] {processor.py:186} INFO - Started process (PID=62294) to work on /Users/karenwang/anaconda3/envs/airflow_sqlite_env/lib/python3.9/site-packages/airflow/example_dags/example_time_delta_sensor_async.py
[2024-10-13T21:57:40.106-0400] {processor.py:914} INFO - Processing file /Users/karenwang/anaconda3/envs/airflow_sqlite_env/lib/python3.9/site-packages/airflow/example_dags/example_time_delta_sensor_async.py for tasks to queue
[2024-10-13T21:57:40.108-0400] {logging_mixin.py:190} INFO - [2024-10-13T21:57:40.107-0400] {dagbag.py:588} INFO - Filling up the DagBag from /Users/karenwang/anaconda3/envs/airflow_sqlite_env/lib/python3.9/site-packages/airflow/example_dags/example_time_delta_sensor_async.py
[2024-10-13T21:57:40.121-0400] {processor.py:925} INFO - DAG(s) 'example_time_delta_sensor_async' retrieved from /Users/karenwang/anaconda3/envs/airflow_sqlite_env/lib/python3.9/site-packages/airflow/example_dags/example_time_delta_sensor_async.py
[2024-10-13T21:57:43.938-0400] {logging_mixin.py:190} INFO - [2024-10-13T21:57:43.937-0400] {utils.py:148} INFO - Note: NumExpr detected 16 cores but "NUMEXPR_MAX_THREADS" not set, so enforcing safe limit of 8.
[2024-10-13T21:57:43.938-0400] {logging_mixin.py:190} INFO - [2024-10-13T21:57:43.938-0400] {utils.py:160} INFO - NumExpr defaulting to 8 threads.
[2024-10-13T21:57:44.322-0400] {logging_mixin.py:190} INFO - [2024-10-13T21:57:44.321-0400] {dag.py:3239} INFO - Sync 1 DAGs
[2024-10-13T21:57:44.338-0400] {logging_mixin.py:190} INFO - [2024-10-13T21:57:44.338-0400] {dag.py:4180} INFO - Setting next_dagrun for example_time_delta_sensor_async to None, run_after=None
[2024-10-13T21:57:44.361-0400] {processor.py:208} INFO - Processing /Users/karenwang/anaconda3/envs/airflow_sqlite_env/lib/python3.9/site-packages/airflow/example_dags/example_time_delta_sensor_async.py took 4.262 seconds
[2024-10-13T22:01:26.246-0400] {processor.py:186} INFO - Started process (PID=63442) to work on /Users/karenwang/anaconda3/envs/airflow_sqlite_env/lib/python3.9/site-packages/airflow/example_dags/example_time_delta_sensor_async.py
[2024-10-13T22:01:26.247-0400] {processor.py:914} INFO - Processing file /Users/karenwang/anaconda3/envs/airflow_sqlite_env/lib/python3.9/site-packages/airflow/example_dags/example_time_delta_sensor_async.py for tasks to queue
[2024-10-13T22:01:26.249-0400] {logging_mixin.py:190} INFO - [2024-10-13T22:01:26.249-0400] {dagbag.py:588} INFO - Filling up the DagBag from /Users/karenwang/anaconda3/envs/airflow_sqlite_env/lib/python3.9/site-packages/airflow/example_dags/example_time_delta_sensor_async.py
[2024-10-13T22:01:26.260-0400] {processor.py:925} INFO - DAG(s) 'example_time_delta_sensor_async' retrieved from /Users/karenwang/anaconda3/envs/airflow_sqlite_env/lib/python3.9/site-packages/airflow/example_dags/example_time_delta_sensor_async.py
[2024-10-13T22:01:29.957-0400] {logging_mixin.py:190} INFO - [2024-10-13T22:01:29.957-0400] {utils.py:148} INFO - Note: NumExpr detected 16 cores but "NUMEXPR_MAX_THREADS" not set, so enforcing safe limit of 8.
[2024-10-13T22:01:29.958-0400] {logging_mixin.py:190} INFO - [2024-10-13T22:01:29.957-0400] {utils.py:160} INFO - NumExpr defaulting to 8 threads.
[2024-10-13T22:01:30.289-0400] {logging_mixin.py:190} INFO - [2024-10-13T22:01:30.288-0400] {dag.py:3239} INFO - Sync 1 DAGs
[2024-10-13T22:01:30.307-0400] {logging_mixin.py:190} INFO - [2024-10-13T22:01:30.307-0400] {dag.py:4180} INFO - Setting next_dagrun for example_time_delta_sensor_async to None, run_after=None
[2024-10-13T22:01:30.330-0400] {processor.py:208} INFO - Processing /Users/karenwang/anaconda3/envs/airflow_sqlite_env/lib/python3.9/site-packages/airflow/example_dags/example_time_delta_sensor_async.py took 4.090 seconds
[2024-10-13T22:05:22.512-0400] {processor.py:186} INFO - Started process (PID=64657) to work on /Users/karenwang/anaconda3/envs/airflow_sqlite_env/lib/python3.9/site-packages/airflow/example_dags/example_time_delta_sensor_async.py
[2024-10-13T22:05:22.513-0400] {processor.py:914} INFO - Processing file /Users/karenwang/anaconda3/envs/airflow_sqlite_env/lib/python3.9/site-packages/airflow/example_dags/example_time_delta_sensor_async.py for tasks to queue
[2024-10-13T22:05:22.515-0400] {logging_mixin.py:190} INFO - [2024-10-13T22:05:22.515-0400] {dagbag.py:588} INFO - Filling up the DagBag from /Users/karenwang/anaconda3/envs/airflow_sqlite_env/lib/python3.9/site-packages/airflow/example_dags/example_time_delta_sensor_async.py
[2024-10-13T22:05:22.524-0400] {processor.py:925} INFO - DAG(s) 'example_time_delta_sensor_async' retrieved from /Users/karenwang/anaconda3/envs/airflow_sqlite_env/lib/python3.9/site-packages/airflow/example_dags/example_time_delta_sensor_async.py
[2024-10-13T22:05:26.273-0400] {logging_mixin.py:190} INFO - [2024-10-13T22:05:26.272-0400] {utils.py:148} INFO - Note: NumExpr detected 16 cores but "NUMEXPR_MAX_THREADS" not set, so enforcing safe limit of 8.
[2024-10-13T22:05:26.273-0400] {logging_mixin.py:190} INFO - [2024-10-13T22:05:26.273-0400] {utils.py:160} INFO - NumExpr defaulting to 8 threads.
[2024-10-13T22:05:26.733-0400] {logging_mixin.py:190} INFO - [2024-10-13T22:05:26.733-0400] {dag.py:3239} INFO - Sync 1 DAGs
[2024-10-13T22:05:26.752-0400] {logging_mixin.py:190} INFO - [2024-10-13T22:05:26.752-0400] {dag.py:4180} INFO - Setting next_dagrun for example_time_delta_sensor_async to None, run_after=None
[2024-10-13T22:05:26.782-0400] {processor.py:208} INFO - Processing /Users/karenwang/anaconda3/envs/airflow_sqlite_env/lib/python3.9/site-packages/airflow/example_dags/example_time_delta_sensor_async.py took 4.277 seconds
[2024-10-13T22:09:19.476-0400] {processor.py:186} INFO - Started process (PID=65895) to work on /Users/karenwang/anaconda3/envs/airflow_sqlite_env/lib/python3.9/site-packages/airflow/example_dags/example_time_delta_sensor_async.py
[2024-10-13T22:09:19.478-0400] {processor.py:914} INFO - Processing file /Users/karenwang/anaconda3/envs/airflow_sqlite_env/lib/python3.9/site-packages/airflow/example_dags/example_time_delta_sensor_async.py for tasks to queue
[2024-10-13T22:09:19.479-0400] {logging_mixin.py:190} INFO - [2024-10-13T22:09:19.479-0400] {dagbag.py:588} INFO - Filling up the DagBag from /Users/karenwang/anaconda3/envs/airflow_sqlite_env/lib/python3.9/site-packages/airflow/example_dags/example_time_delta_sensor_async.py
[2024-10-13T22:09:19.491-0400] {processor.py:925} INFO - DAG(s) 'example_time_delta_sensor_async' retrieved from /Users/karenwang/anaconda3/envs/airflow_sqlite_env/lib/python3.9/site-packages/airflow/example_dags/example_time_delta_sensor_async.py
[2024-10-13T22:09:23.458-0400] {logging_mixin.py:190} INFO - [2024-10-13T22:09:23.458-0400] {utils.py:148} INFO - Note: NumExpr detected 16 cores but "NUMEXPR_MAX_THREADS" not set, so enforcing safe limit of 8.
[2024-10-13T22:09:23.459-0400] {logging_mixin.py:190} INFO - [2024-10-13T22:09:23.458-0400] {utils.py:160} INFO - NumExpr defaulting to 8 threads.
[2024-10-13T22:09:23.847-0400] {logging_mixin.py:190} INFO - [2024-10-13T22:09:23.847-0400] {dag.py:3239} INFO - Sync 1 DAGs
[2024-10-13T22:09:23.864-0400] {logging_mixin.py:190} INFO - [2024-10-13T22:09:23.864-0400] {dag.py:4180} INFO - Setting next_dagrun for example_time_delta_sensor_async to None, run_after=None
[2024-10-13T22:09:23.887-0400] {processor.py:208} INFO - Processing /Users/karenwang/anaconda3/envs/airflow_sqlite_env/lib/python3.9/site-packages/airflow/example_dags/example_time_delta_sensor_async.py took 4.417 seconds
[2024-10-13T22:13:11.864-0400] {processor.py:186} INFO - Started process (PID=67073) to work on /Users/karenwang/anaconda3/envs/airflow_sqlite_env/lib/python3.9/site-packages/airflow/example_dags/example_time_delta_sensor_async.py
[2024-10-13T22:13:11.865-0400] {processor.py:914} INFO - Processing file /Users/karenwang/anaconda3/envs/airflow_sqlite_env/lib/python3.9/site-packages/airflow/example_dags/example_time_delta_sensor_async.py for tasks to queue
[2024-10-13T22:13:11.867-0400] {logging_mixin.py:190} INFO - [2024-10-13T22:13:11.867-0400] {dagbag.py:588} INFO - Filling up the DagBag from /Users/karenwang/anaconda3/envs/airflow_sqlite_env/lib/python3.9/site-packages/airflow/example_dags/example_time_delta_sensor_async.py
[2024-10-13T22:13:11.877-0400] {processor.py:925} INFO - DAG(s) 'example_time_delta_sensor_async' retrieved from /Users/karenwang/anaconda3/envs/airflow_sqlite_env/lib/python3.9/site-packages/airflow/example_dags/example_time_delta_sensor_async.py
[2024-10-13T22:13:15.879-0400] {logging_mixin.py:190} INFO - [2024-10-13T22:13:15.879-0400] {utils.py:148} INFO - Note: NumExpr detected 16 cores but "NUMEXPR_MAX_THREADS" not set, so enforcing safe limit of 8.
[2024-10-13T22:13:15.880-0400] {logging_mixin.py:190} INFO - [2024-10-13T22:13:15.880-0400] {utils.py:160} INFO - NumExpr defaulting to 8 threads.
[2024-10-13T22:13:16.248-0400] {logging_mixin.py:190} INFO - [2024-10-13T22:13:16.248-0400] {dag.py:3239} INFO - Sync 1 DAGs
[2024-10-13T22:13:16.263-0400] {logging_mixin.py:190} INFO - [2024-10-13T22:13:16.262-0400] {dag.py:4180} INFO - Setting next_dagrun for example_time_delta_sensor_async to None, run_after=None
[2024-10-13T22:13:16.285-0400] {processor.py:208} INFO - Processing /Users/karenwang/anaconda3/envs/airflow_sqlite_env/lib/python3.9/site-packages/airflow/example_dags/example_time_delta_sensor_async.py took 4.426 seconds
[2024-10-13T22:17:14.013-0400] {processor.py:186} INFO - Started process (PID=68315) to work on /Users/karenwang/anaconda3/envs/airflow_sqlite_env/lib/python3.9/site-packages/airflow/example_dags/example_time_delta_sensor_async.py
[2024-10-13T22:17:14.015-0400] {processor.py:914} INFO - Processing file /Users/karenwang/anaconda3/envs/airflow_sqlite_env/lib/python3.9/site-packages/airflow/example_dags/example_time_delta_sensor_async.py for tasks to queue
[2024-10-13T22:17:14.019-0400] {logging_mixin.py:190} INFO - [2024-10-13T22:17:14.017-0400] {dagbag.py:588} INFO - Filling up the DagBag from /Users/karenwang/anaconda3/envs/airflow_sqlite_env/lib/python3.9/site-packages/airflow/example_dags/example_time_delta_sensor_async.py
[2024-10-13T22:17:14.032-0400] {processor.py:925} INFO - DAG(s) 'example_time_delta_sensor_async' retrieved from /Users/karenwang/anaconda3/envs/airflow_sqlite_env/lib/python3.9/site-packages/airflow/example_dags/example_time_delta_sensor_async.py
[2024-10-13T22:17:18.235-0400] {logging_mixin.py:190} INFO - [2024-10-13T22:17:18.235-0400] {utils.py:148} INFO - Note: NumExpr detected 16 cores but "NUMEXPR_MAX_THREADS" not set, so enforcing safe limit of 8.
[2024-10-13T22:17:18.236-0400] {logging_mixin.py:190} INFO - [2024-10-13T22:17:18.235-0400] {utils.py:160} INFO - NumExpr defaulting to 8 threads.
[2024-10-13T22:17:18.654-0400] {logging_mixin.py:190} INFO - [2024-10-13T22:17:18.653-0400] {dag.py:3239} INFO - Sync 1 DAGs
[2024-10-13T22:17:18.672-0400] {logging_mixin.py:190} INFO - [2024-10-13T22:17:18.672-0400] {dag.py:4180} INFO - Setting next_dagrun for example_time_delta_sensor_async to None, run_after=None
[2024-10-13T22:17:18.700-0400] {processor.py:208} INFO - Processing /Users/karenwang/anaconda3/envs/airflow_sqlite_env/lib/python3.9/site-packages/airflow/example_dags/example_time_delta_sensor_async.py took 4.693 seconds
[2024-10-13T22:21:13.261-0400] {processor.py:186} INFO - Started process (PID=69541) to work on /Users/karenwang/anaconda3/envs/airflow_sqlite_env/lib/python3.9/site-packages/airflow/example_dags/example_time_delta_sensor_async.py
[2024-10-13T22:21:13.263-0400] {processor.py:914} INFO - Processing file /Users/karenwang/anaconda3/envs/airflow_sqlite_env/lib/python3.9/site-packages/airflow/example_dags/example_time_delta_sensor_async.py for tasks to queue
[2024-10-13T22:21:13.265-0400] {logging_mixin.py:190} INFO - [2024-10-13T22:21:13.264-0400] {dagbag.py:588} INFO - Filling up the DagBag from /Users/karenwang/anaconda3/envs/airflow_sqlite_env/lib/python3.9/site-packages/airflow/example_dags/example_time_delta_sensor_async.py
[2024-10-13T22:21:13.278-0400] {processor.py:925} INFO - DAG(s) 'example_time_delta_sensor_async' retrieved from /Users/karenwang/anaconda3/envs/airflow_sqlite_env/lib/python3.9/site-packages/airflow/example_dags/example_time_delta_sensor_async.py
[2024-10-13T22:21:17.174-0400] {logging_mixin.py:190} INFO - [2024-10-13T22:21:17.174-0400] {utils.py:148} INFO - Note: NumExpr detected 16 cores but "NUMEXPR_MAX_THREADS" not set, so enforcing safe limit of 8.
[2024-10-13T22:21:17.174-0400] {logging_mixin.py:190} INFO - [2024-10-13T22:21:17.174-0400] {utils.py:160} INFO - NumExpr defaulting to 8 threads.
[2024-10-13T22:21:17.567-0400] {logging_mixin.py:190} INFO - [2024-10-13T22:21:17.567-0400] {dag.py:3239} INFO - Sync 1 DAGs
[2024-10-13T22:21:17.582-0400] {logging_mixin.py:190} INFO - [2024-10-13T22:21:17.582-0400] {dag.py:4180} INFO - Setting next_dagrun for example_time_delta_sensor_async to None, run_after=None
[2024-10-13T22:21:17.607-0400] {processor.py:208} INFO - Processing /Users/karenwang/anaconda3/envs/airflow_sqlite_env/lib/python3.9/site-packages/airflow/example_dags/example_time_delta_sensor_async.py took 4.352 seconds
[2024-10-13T22:25:22.849-0400] {processor.py:186} INFO - Started process (PID=70889) to work on /Users/karenwang/anaconda3/envs/airflow_sqlite_env/lib/python3.9/site-packages/airflow/example_dags/example_time_delta_sensor_async.py
[2024-10-13T22:25:22.851-0400] {processor.py:914} INFO - Processing file /Users/karenwang/anaconda3/envs/airflow_sqlite_env/lib/python3.9/site-packages/airflow/example_dags/example_time_delta_sensor_async.py for tasks to queue
[2024-10-13T22:25:22.852-0400] {logging_mixin.py:190} INFO - [2024-10-13T22:25:22.852-0400] {dagbag.py:588} INFO - Filling up the DagBag from /Users/karenwang/anaconda3/envs/airflow_sqlite_env/lib/python3.9/site-packages/airflow/example_dags/example_time_delta_sensor_async.py
[2024-10-13T22:25:22.861-0400] {processor.py:925} INFO - DAG(s) 'example_time_delta_sensor_async' retrieved from /Users/karenwang/anaconda3/envs/airflow_sqlite_env/lib/python3.9/site-packages/airflow/example_dags/example_time_delta_sensor_async.py
[2024-10-13T22:25:26.829-0400] {logging_mixin.py:190} INFO - [2024-10-13T22:25:26.828-0400] {utils.py:148} INFO - Note: NumExpr detected 16 cores but "NUMEXPR_MAX_THREADS" not set, so enforcing safe limit of 8.
[2024-10-13T22:25:26.829-0400] {logging_mixin.py:190} INFO - [2024-10-13T22:25:26.829-0400] {utils.py:160} INFO - NumExpr defaulting to 8 threads.
[2024-10-13T22:25:27.213-0400] {logging_mixin.py:190} INFO - [2024-10-13T22:25:27.213-0400] {dag.py:3239} INFO - Sync 1 DAGs
[2024-10-13T22:25:27.228-0400] {logging_mixin.py:190} INFO - [2024-10-13T22:25:27.227-0400] {dag.py:4180} INFO - Setting next_dagrun for example_time_delta_sensor_async to None, run_after=None
[2024-10-13T22:25:27.255-0400] {processor.py:208} INFO - Processing /Users/karenwang/anaconda3/envs/airflow_sqlite_env/lib/python3.9/site-packages/airflow/example_dags/example_time_delta_sensor_async.py took 4.411 seconds
[2024-10-13T22:34:01.049-0400] {processor.py:186} INFO - Started process (PID=73797) to work on /Users/karenwang/anaconda3/envs/airflow_sqlite_env/lib/python3.9/site-packages/airflow/example_dags/example_time_delta_sensor_async.py
[2024-10-13T22:34:01.052-0400] {processor.py:914} INFO - Processing file /Users/karenwang/anaconda3/envs/airflow_sqlite_env/lib/python3.9/site-packages/airflow/example_dags/example_time_delta_sensor_async.py for tasks to queue
[2024-10-13T22:34:01.053-0400] {logging_mixin.py:190} INFO - [2024-10-13T22:34:01.053-0400] {dagbag.py:588} INFO - Filling up the DagBag from /Users/karenwang/anaconda3/envs/airflow_sqlite_env/lib/python3.9/site-packages/airflow/example_dags/example_time_delta_sensor_async.py
[2024-10-13T22:34:01.065-0400] {processor.py:925} INFO - DAG(s) 'example_time_delta_sensor_async' retrieved from /Users/karenwang/anaconda3/envs/airflow_sqlite_env/lib/python3.9/site-packages/airflow/example_dags/example_time_delta_sensor_async.py
[2024-10-13T22:34:05.392-0400] {logging_mixin.py:190} INFO - [2024-10-13T22:34:05.392-0400] {utils.py:148} INFO - Note: NumExpr detected 16 cores but "NUMEXPR_MAX_THREADS" not set, so enforcing safe limit of 8.
[2024-10-13T22:34:05.392-0400] {logging_mixin.py:190} INFO - [2024-10-13T22:34:05.392-0400] {utils.py:160} INFO - NumExpr defaulting to 8 threads.
[2024-10-13T22:34:05.814-0400] {logging_mixin.py:190} INFO - [2024-10-13T22:34:05.813-0400] {dag.py:3239} INFO - Sync 1 DAGs
[2024-10-13T22:34:05.834-0400] {logging_mixin.py:190} INFO - [2024-10-13T22:34:05.833-0400] {dag.py:4180} INFO - Setting next_dagrun for example_time_delta_sensor_async to None, run_after=None
[2024-10-13T22:34:05.862-0400] {processor.py:208} INFO - Processing /Users/karenwang/anaconda3/envs/airflow_sqlite_env/lib/python3.9/site-packages/airflow/example_dags/example_time_delta_sensor_async.py took 4.820 seconds
[2024-10-13T22:39:51.876-0400] {processor.py:186} INFO - Started process (PID=75677) to work on /Users/karenwang/anaconda3/envs/airflow_sqlite_env/lib/python3.9/site-packages/airflow/example_dags/example_time_delta_sensor_async.py
[2024-10-13T22:39:51.877-0400] {processor.py:914} INFO - Processing file /Users/karenwang/anaconda3/envs/airflow_sqlite_env/lib/python3.9/site-packages/airflow/example_dags/example_time_delta_sensor_async.py for tasks to queue
[2024-10-13T22:39:51.878-0400] {logging_mixin.py:190} INFO - [2024-10-13T22:39:51.878-0400] {dagbag.py:588} INFO - Filling up the DagBag from /Users/karenwang/anaconda3/envs/airflow_sqlite_env/lib/python3.9/site-packages/airflow/example_dags/example_time_delta_sensor_async.py
[2024-10-13T22:39:51.889-0400] {processor.py:925} INFO - DAG(s) 'example_time_delta_sensor_async' retrieved from /Users/karenwang/anaconda3/envs/airflow_sqlite_env/lib/python3.9/site-packages/airflow/example_dags/example_time_delta_sensor_async.py
[2024-10-13T22:39:56.203-0400] {logging_mixin.py:190} INFO - [2024-10-13T22:39:56.203-0400] {utils.py:148} INFO - Note: NumExpr detected 16 cores but "NUMEXPR_MAX_THREADS" not set, so enforcing safe limit of 8.
[2024-10-13T22:39:56.203-0400] {logging_mixin.py:190} INFO - [2024-10-13T22:39:56.203-0400] {utils.py:160} INFO - NumExpr defaulting to 8 threads.
[2024-10-13T22:39:56.625-0400] {logging_mixin.py:190} INFO - [2024-10-13T22:39:56.625-0400] {dag.py:3239} INFO - Sync 1 DAGs
[2024-10-13T22:39:56.646-0400] {logging_mixin.py:190} INFO - [2024-10-13T22:39:56.646-0400] {dag.py:4180} INFO - Setting next_dagrun for example_time_delta_sensor_async to None, run_after=None
[2024-10-13T22:39:56.674-0400] {processor.py:208} INFO - Processing /Users/karenwang/anaconda3/envs/airflow_sqlite_env/lib/python3.9/site-packages/airflow/example_dags/example_time_delta_sensor_async.py took 4.804 seconds
