[2024-10-13T20:03:21.749-0400] {processor.py:186} INFO - Started process (PID=26129) to work on /Users/karenwang/anaconda3/envs/airflow_sqlite_env/lib/python3.9/site-packages/airflow/example_dags/example_dag_decorator.py
[2024-10-13T20:03:21.751-0400] {processor.py:914} INFO - Processing file /Users/karenwang/anaconda3/envs/airflow_sqlite_env/lib/python3.9/site-packages/airflow/example_dags/example_dag_decorator.py for tasks to queue
[2024-10-13T20:03:21.753-0400] {logging_mixin.py:190} INFO - [2024-10-13T20:03:21.753-0400] {dagbag.py:588} INFO - Filling up the DagBag from /Users/karenwang/anaconda3/envs/airflow_sqlite_env/lib/python3.9/site-packages/airflow/example_dags/example_dag_decorator.py
[2024-10-13T20:03:22.047-0400] {processor.py:925} INFO - DAG(s) 'example_dag_decorator' retrieved from /Users/karenwang/anaconda3/envs/airflow_sqlite_env/lib/python3.9/site-packages/airflow/example_dags/example_dag_decorator.py
[2024-10-13T20:03:22.376-0400] {logging_mixin.py:190} INFO - [2024-10-13T20:03:22.375-0400] {dag.py:3239} INFO - Sync 1 DAGs
[2024-10-13T20:03:22.393-0400] {logging_mixin.py:190} INFO - [2024-10-13T20:03:22.392-0400] {dag.py:4180} INFO - Setting next_dagrun for example_dag_decorator to None, run_after=None
[2024-10-13T20:03:22.419-0400] {processor.py:208} INFO - Processing /Users/karenwang/anaconda3/envs/airflow_sqlite_env/lib/python3.9/site-packages/airflow/example_dags/example_dag_decorator.py took 0.675 seconds
[2024-10-13T20:11:21.561-0400] {processor.py:186} INFO - Started process (PID=28605) to work on /Users/karenwang/anaconda3/envs/airflow_sqlite_env/lib/python3.9/site-packages/airflow/example_dags/example_dag_decorator.py
[2024-10-13T20:11:21.562-0400] {processor.py:914} INFO - Processing file /Users/karenwang/anaconda3/envs/airflow_sqlite_env/lib/python3.9/site-packages/airflow/example_dags/example_dag_decorator.py for tasks to queue
[2024-10-13T20:11:21.564-0400] {logging_mixin.py:190} INFO - [2024-10-13T20:11:21.564-0400] {dagbag.py:588} INFO - Filling up the DagBag from /Users/karenwang/anaconda3/envs/airflow_sqlite_env/lib/python3.9/site-packages/airflow/example_dags/example_dag_decorator.py
[2024-10-13T20:11:21.880-0400] {processor.py:925} INFO - DAG(s) 'example_dag_decorator' retrieved from /Users/karenwang/anaconda3/envs/airflow_sqlite_env/lib/python3.9/site-packages/airflow/example_dags/example_dag_decorator.py
[2024-10-13T20:11:22.154-0400] {logging_mixin.py:190} INFO - [2024-10-13T20:11:22.153-0400] {dag.py:3239} INFO - Sync 1 DAGs
[2024-10-13T20:11:22.169-0400] {logging_mixin.py:190} INFO - [2024-10-13T20:11:22.169-0400] {dag.py:4180} INFO - Setting next_dagrun for example_dag_decorator to None, run_after=None
[2024-10-13T20:11:22.195-0400] {processor.py:208} INFO - Processing /Users/karenwang/anaconda3/envs/airflow_sqlite_env/lib/python3.9/site-packages/airflow/example_dags/example_dag_decorator.py took 0.640 seconds
[2024-10-13T20:19:42.257-0400] {processor.py:186} INFO - Started process (PID=31158) to work on /Users/karenwang/anaconda3/envs/airflow_sqlite_env/lib/python3.9/site-packages/airflow/example_dags/example_dag_decorator.py
[2024-10-13T20:19:42.258-0400] {processor.py:914} INFO - Processing file /Users/karenwang/anaconda3/envs/airflow_sqlite_env/lib/python3.9/site-packages/airflow/example_dags/example_dag_decorator.py for tasks to queue
[2024-10-13T20:19:42.259-0400] {logging_mixin.py:190} INFO - [2024-10-13T20:19:42.259-0400] {dagbag.py:588} INFO - Filling up the DagBag from /Users/karenwang/anaconda3/envs/airflow_sqlite_env/lib/python3.9/site-packages/airflow/example_dags/example_dag_decorator.py
[2024-10-13T20:19:42.510-0400] {processor.py:925} INFO - DAG(s) 'example_dag_decorator' retrieved from /Users/karenwang/anaconda3/envs/airflow_sqlite_env/lib/python3.9/site-packages/airflow/example_dags/example_dag_decorator.py
[2024-10-13T20:19:42.802-0400] {logging_mixin.py:190} INFO - [2024-10-13T20:19:42.802-0400] {dag.py:3239} INFO - Sync 1 DAGs
[2024-10-13T20:19:42.819-0400] {logging_mixin.py:190} INFO - [2024-10-13T20:19:42.819-0400] {dag.py:4180} INFO - Setting next_dagrun for example_dag_decorator to None, run_after=None
[2024-10-13T20:19:42.842-0400] {processor.py:208} INFO - Processing /Users/karenwang/anaconda3/envs/airflow_sqlite_env/lib/python3.9/site-packages/airflow/example_dags/example_dag_decorator.py took 0.591 seconds
[2024-10-13T20:29:51.280-0400] {processor.py:186} INFO - Started process (PID=34629) to work on /Users/karenwang/anaconda3/envs/airflow_sqlite_env/lib/python3.9/site-packages/airflow/example_dags/example_dag_decorator.py
[2024-10-13T20:29:51.296-0400] {processor.py:914} INFO - Processing file /Users/karenwang/anaconda3/envs/airflow_sqlite_env/lib/python3.9/site-packages/airflow/example_dags/example_dag_decorator.py for tasks to queue
[2024-10-13T20:29:51.298-0400] {logging_mixin.py:190} INFO - [2024-10-13T20:29:51.297-0400] {dagbag.py:588} INFO - Filling up the DagBag from /Users/karenwang/anaconda3/envs/airflow_sqlite_env/lib/python3.9/site-packages/airflow/example_dags/example_dag_decorator.py
[2024-10-13T20:29:51.775-0400] {processor.py:925} INFO - DAG(s) 'example_dag_decorator' retrieved from /Users/karenwang/anaconda3/envs/airflow_sqlite_env/lib/python3.9/site-packages/airflow/example_dags/example_dag_decorator.py
[2024-10-13T20:29:52.166-0400] {logging_mixin.py:190} INFO - [2024-10-13T20:29:52.166-0400] {dag.py:3239} INFO - Sync 1 DAGs
[2024-10-13T20:29:52.182-0400] {logging_mixin.py:190} INFO - [2024-10-13T20:29:52.181-0400] {dag.py:4180} INFO - Setting next_dagrun for example_dag_decorator to None, run_after=None
[2024-10-13T20:29:52.206-0400] {processor.py:208} INFO - Processing /Users/karenwang/anaconda3/envs/airflow_sqlite_env/lib/python3.9/site-packages/airflow/example_dags/example_dag_decorator.py took 0.934 seconds
[2024-10-13T20:34:04.094-0400] {processor.py:186} INFO - Started process (PID=35946) to work on /Users/karenwang/anaconda3/envs/airflow_sqlite_env/lib/python3.9/site-packages/airflow/example_dags/example_dag_decorator.py
[2024-10-13T20:34:04.096-0400] {processor.py:914} INFO - Processing file /Users/karenwang/anaconda3/envs/airflow_sqlite_env/lib/python3.9/site-packages/airflow/example_dags/example_dag_decorator.py for tasks to queue
[2024-10-13T20:34:04.098-0400] {logging_mixin.py:190} INFO - [2024-10-13T20:34:04.097-0400] {dagbag.py:588} INFO - Filling up the DagBag from /Users/karenwang/anaconda3/envs/airflow_sqlite_env/lib/python3.9/site-packages/airflow/example_dags/example_dag_decorator.py
[2024-10-13T20:34:04.333-0400] {processor.py:925} INFO - DAG(s) 'example_dag_decorator' retrieved from /Users/karenwang/anaconda3/envs/airflow_sqlite_env/lib/python3.9/site-packages/airflow/example_dags/example_dag_decorator.py
[2024-10-13T20:34:04.605-0400] {logging_mixin.py:190} INFO - [2024-10-13T20:34:04.604-0400] {dag.py:3239} INFO - Sync 1 DAGs
[2024-10-13T20:34:04.617-0400] {logging_mixin.py:190} INFO - [2024-10-13T20:34:04.616-0400] {dag.py:4180} INFO - Setting next_dagrun for example_dag_decorator to None, run_after=None
[2024-10-13T20:34:04.640-0400] {processor.py:208} INFO - Processing /Users/karenwang/anaconda3/envs/airflow_sqlite_env/lib/python3.9/site-packages/airflow/example_dags/example_dag_decorator.py took 0.552 seconds
[2024-10-13T20:41:24.891-0400] {processor.py:186} INFO - Started process (PID=38254) to work on /Users/karenwang/anaconda3/envs/airflow_sqlite_env/lib/python3.9/site-packages/airflow/example_dags/example_dag_decorator.py
[2024-10-13T20:41:24.892-0400] {processor.py:914} INFO - Processing file /Users/karenwang/anaconda3/envs/airflow_sqlite_env/lib/python3.9/site-packages/airflow/example_dags/example_dag_decorator.py for tasks to queue
[2024-10-13T20:41:24.894-0400] {logging_mixin.py:190} INFO - [2024-10-13T20:41:24.894-0400] {dagbag.py:588} INFO - Filling up the DagBag from /Users/karenwang/anaconda3/envs/airflow_sqlite_env/lib/python3.9/site-packages/airflow/example_dags/example_dag_decorator.py
[2024-10-13T20:41:25.149-0400] {processor.py:925} INFO - DAG(s) 'example_dag_decorator' retrieved from /Users/karenwang/anaconda3/envs/airflow_sqlite_env/lib/python3.9/site-packages/airflow/example_dags/example_dag_decorator.py
[2024-10-13T20:41:25.425-0400] {logging_mixin.py:190} INFO - [2024-10-13T20:41:25.424-0400] {dag.py:3239} INFO - Sync 1 DAGs
[2024-10-13T20:41:25.436-0400] {logging_mixin.py:190} INFO - [2024-10-13T20:41:25.436-0400] {dag.py:4180} INFO - Setting next_dagrun for example_dag_decorator to None, run_after=None
[2024-10-13T20:41:25.456-0400] {processor.py:208} INFO - Processing /Users/karenwang/anaconda3/envs/airflow_sqlite_env/lib/python3.9/site-packages/airflow/example_dags/example_dag_decorator.py took 0.571 seconds
[2024-10-13T20:48:44.715-0400] {processor.py:186} INFO - Started process (PID=40533) to work on /Users/karenwang/anaconda3/envs/airflow_sqlite_env/lib/python3.9/site-packages/airflow/example_dags/example_dag_decorator.py
[2024-10-13T20:48:44.716-0400] {processor.py:914} INFO - Processing file /Users/karenwang/anaconda3/envs/airflow_sqlite_env/lib/python3.9/site-packages/airflow/example_dags/example_dag_decorator.py for tasks to queue
[2024-10-13T20:48:44.717-0400] {logging_mixin.py:190} INFO - [2024-10-13T20:48:44.717-0400] {dagbag.py:588} INFO - Filling up the DagBag from /Users/karenwang/anaconda3/envs/airflow_sqlite_env/lib/python3.9/site-packages/airflow/example_dags/example_dag_decorator.py
[2024-10-13T20:48:44.959-0400] {processor.py:925} INFO - DAG(s) 'example_dag_decorator' retrieved from /Users/karenwang/anaconda3/envs/airflow_sqlite_env/lib/python3.9/site-packages/airflow/example_dags/example_dag_decorator.py
[2024-10-13T20:48:45.213-0400] {logging_mixin.py:190} INFO - [2024-10-13T20:48:45.213-0400] {dag.py:3239} INFO - Sync 1 DAGs
[2024-10-13T20:48:45.227-0400] {logging_mixin.py:190} INFO - [2024-10-13T20:48:45.227-0400] {dag.py:4180} INFO - Setting next_dagrun for example_dag_decorator to None, run_after=None
[2024-10-13T20:48:45.252-0400] {processor.py:208} INFO - Processing /Users/karenwang/anaconda3/envs/airflow_sqlite_env/lib/python3.9/site-packages/airflow/example_dags/example_dag_decorator.py took 0.543 seconds
[2024-10-13T20:56:02.378-0400] {processor.py:186} INFO - Started process (PID=42810) to work on /Users/karenwang/anaconda3/envs/airflow_sqlite_env/lib/python3.9/site-packages/airflow/example_dags/example_dag_decorator.py
[2024-10-13T20:56:02.380-0400] {processor.py:914} INFO - Processing file /Users/karenwang/anaconda3/envs/airflow_sqlite_env/lib/python3.9/site-packages/airflow/example_dags/example_dag_decorator.py for tasks to queue
[2024-10-13T20:56:02.381-0400] {logging_mixin.py:190} INFO - [2024-10-13T20:56:02.381-0400] {dagbag.py:588} INFO - Filling up the DagBag from /Users/karenwang/anaconda3/envs/airflow_sqlite_env/lib/python3.9/site-packages/airflow/example_dags/example_dag_decorator.py
[2024-10-13T20:56:02.637-0400] {processor.py:925} INFO - DAG(s) 'example_dag_decorator' retrieved from /Users/karenwang/anaconda3/envs/airflow_sqlite_env/lib/python3.9/site-packages/airflow/example_dags/example_dag_decorator.py
[2024-10-13T20:56:02.892-0400] {logging_mixin.py:190} INFO - [2024-10-13T20:56:02.891-0400] {dag.py:3239} INFO - Sync 1 DAGs
[2024-10-13T20:56:02.905-0400] {logging_mixin.py:190} INFO - [2024-10-13T20:56:02.904-0400] {dag.py:4180} INFO - Setting next_dagrun for example_dag_decorator to None, run_after=None
[2024-10-13T20:56:02.927-0400] {processor.py:208} INFO - Processing /Users/karenwang/anaconda3/envs/airflow_sqlite_env/lib/python3.9/site-packages/airflow/example_dags/example_dag_decorator.py took 0.554 seconds
[2024-10-13T21:03:23.364-0400] {processor.py:186} INFO - Started process (PID=45092) to work on /Users/karenwang/anaconda3/envs/airflow_sqlite_env/lib/python3.9/site-packages/airflow/example_dags/example_dag_decorator.py
[2024-10-13T21:03:23.365-0400] {processor.py:914} INFO - Processing file /Users/karenwang/anaconda3/envs/airflow_sqlite_env/lib/python3.9/site-packages/airflow/example_dags/example_dag_decorator.py for tasks to queue
[2024-10-13T21:03:23.366-0400] {logging_mixin.py:190} INFO - [2024-10-13T21:03:23.366-0400] {dagbag.py:588} INFO - Filling up the DagBag from /Users/karenwang/anaconda3/envs/airflow_sqlite_env/lib/python3.9/site-packages/airflow/example_dags/example_dag_decorator.py
[2024-10-13T21:03:23.615-0400] {processor.py:925} INFO - DAG(s) 'example_dag_decorator' retrieved from /Users/karenwang/anaconda3/envs/airflow_sqlite_env/lib/python3.9/site-packages/airflow/example_dags/example_dag_decorator.py
[2024-10-13T21:03:23.870-0400] {logging_mixin.py:190} INFO - [2024-10-13T21:03:23.869-0400] {dag.py:3239} INFO - Sync 1 DAGs
[2024-10-13T21:03:23.884-0400] {logging_mixin.py:190} INFO - [2024-10-13T21:03:23.884-0400] {dag.py:4180} INFO - Setting next_dagrun for example_dag_decorator to None, run_after=None
[2024-10-13T21:03:23.905-0400] {processor.py:208} INFO - Processing /Users/karenwang/anaconda3/envs/airflow_sqlite_env/lib/python3.9/site-packages/airflow/example_dags/example_dag_decorator.py took 0.548 seconds
[2024-10-13T21:12:37.761-0400] {processor.py:186} INFO - Started process (PID=48026) to work on /Users/karenwang/anaconda3/envs/airflow_sqlite_env/lib/python3.9/site-packages/airflow/example_dags/example_dag_decorator.py
[2024-10-13T21:12:37.762-0400] {processor.py:914} INFO - Processing file /Users/karenwang/anaconda3/envs/airflow_sqlite_env/lib/python3.9/site-packages/airflow/example_dags/example_dag_decorator.py for tasks to queue
[2024-10-13T21:12:37.763-0400] {logging_mixin.py:190} INFO - [2024-10-13T21:12:37.763-0400] {dagbag.py:588} INFO - Filling up the DagBag from /Users/karenwang/anaconda3/envs/airflow_sqlite_env/lib/python3.9/site-packages/airflow/example_dags/example_dag_decorator.py
[2024-10-13T21:12:38.017-0400] {processor.py:925} INFO - DAG(s) 'example_dag_decorator' retrieved from /Users/karenwang/anaconda3/envs/airflow_sqlite_env/lib/python3.9/site-packages/airflow/example_dags/example_dag_decorator.py
[2024-10-13T21:12:38.288-0400] {logging_mixin.py:190} INFO - [2024-10-13T21:12:38.288-0400] {dag.py:3239} INFO - Sync 1 DAGs
[2024-10-13T21:12:38.303-0400] {logging_mixin.py:190} INFO - [2024-10-13T21:12:38.302-0400] {dag.py:4180} INFO - Setting next_dagrun for example_dag_decorator to None, run_after=None
[2024-10-13T21:12:38.327-0400] {processor.py:208} INFO - Processing /Users/karenwang/anaconda3/envs/airflow_sqlite_env/lib/python3.9/site-packages/airflow/example_dags/example_dag_decorator.py took 0.572 seconds
[2024-10-13T21:17:11.355-0400] {processor.py:186} INFO - Started process (PID=49683) to work on /Users/karenwang/anaconda3/envs/airflow_sqlite_env/lib/python3.9/site-packages/airflow/example_dags/example_dag_decorator.py
[2024-10-13T21:17:11.356-0400] {processor.py:914} INFO - Processing file /Users/karenwang/anaconda3/envs/airflow_sqlite_env/lib/python3.9/site-packages/airflow/example_dags/example_dag_decorator.py for tasks to queue
[2024-10-13T21:17:11.358-0400] {logging_mixin.py:190} INFO - [2024-10-13T21:17:11.358-0400] {dagbag.py:588} INFO - Filling up the DagBag from /Users/karenwang/anaconda3/envs/airflow_sqlite_env/lib/python3.9/site-packages/airflow/example_dags/example_dag_decorator.py
[2024-10-13T21:17:11.598-0400] {processor.py:925} INFO - DAG(s) 'example_dag_decorator' retrieved from /Users/karenwang/anaconda3/envs/airflow_sqlite_env/lib/python3.9/site-packages/airflow/example_dags/example_dag_decorator.py
[2024-10-13T21:17:11.880-0400] {logging_mixin.py:190} INFO - [2024-10-13T21:17:11.880-0400] {dag.py:3239} INFO - Sync 1 DAGs
[2024-10-13T21:17:11.892-0400] {logging_mixin.py:190} INFO - [2024-10-13T21:17:11.892-0400] {dag.py:4180} INFO - Setting next_dagrun for example_dag_decorator to None, run_after=None
[2024-10-13T21:17:11.918-0400] {processor.py:208} INFO - Processing /Users/karenwang/anaconda3/envs/airflow_sqlite_env/lib/python3.9/site-packages/airflow/example_dags/example_dag_decorator.py took 0.570 seconds
[2024-10-13T21:24:35.179-0400] {processor.py:186} INFO - Started process (PID=51966) to work on /Users/karenwang/anaconda3/envs/airflow_sqlite_env/lib/python3.9/site-packages/airflow/example_dags/example_dag_decorator.py
[2024-10-13T21:24:35.181-0400] {processor.py:914} INFO - Processing file /Users/karenwang/anaconda3/envs/airflow_sqlite_env/lib/python3.9/site-packages/airflow/example_dags/example_dag_decorator.py for tasks to queue
[2024-10-13T21:24:35.182-0400] {logging_mixin.py:190} INFO - [2024-10-13T21:24:35.182-0400] {dagbag.py:588} INFO - Filling up the DagBag from /Users/karenwang/anaconda3/envs/airflow_sqlite_env/lib/python3.9/site-packages/airflow/example_dags/example_dag_decorator.py
[2024-10-13T21:24:35.458-0400] {processor.py:925} INFO - DAG(s) 'example_dag_decorator' retrieved from /Users/karenwang/anaconda3/envs/airflow_sqlite_env/lib/python3.9/site-packages/airflow/example_dags/example_dag_decorator.py
[2024-10-13T21:24:35.723-0400] {logging_mixin.py:190} INFO - [2024-10-13T21:24:35.722-0400] {dag.py:3239} INFO - Sync 1 DAGs
[2024-10-13T21:24:35.734-0400] {logging_mixin.py:190} INFO - [2024-10-13T21:24:35.734-0400] {dag.py:4180} INFO - Setting next_dagrun for example_dag_decorator to None, run_after=None
[2024-10-13T21:24:35.760-0400] {processor.py:208} INFO - Processing /Users/karenwang/anaconda3/envs/airflow_sqlite_env/lib/python3.9/site-packages/airflow/example_dags/example_dag_decorator.py took 0.587 seconds
[2024-10-13T21:32:16.637-0400] {processor.py:186} INFO - Started process (PID=54378) to work on /Users/karenwang/anaconda3/envs/airflow_sqlite_env/lib/python3.9/site-packages/airflow/example_dags/example_dag_decorator.py
[2024-10-13T21:32:16.639-0400] {processor.py:914} INFO - Processing file /Users/karenwang/anaconda3/envs/airflow_sqlite_env/lib/python3.9/site-packages/airflow/example_dags/example_dag_decorator.py for tasks to queue
[2024-10-13T21:32:16.641-0400] {logging_mixin.py:190} INFO - [2024-10-13T21:32:16.640-0400] {dagbag.py:588} INFO - Filling up the DagBag from /Users/karenwang/anaconda3/envs/airflow_sqlite_env/lib/python3.9/site-packages/airflow/example_dags/example_dag_decorator.py
[2024-10-13T21:32:16.913-0400] {processor.py:925} INFO - DAG(s) 'example_dag_decorator' retrieved from /Users/karenwang/anaconda3/envs/airflow_sqlite_env/lib/python3.9/site-packages/airflow/example_dags/example_dag_decorator.py
[2024-10-13T21:32:17.196-0400] {logging_mixin.py:190} INFO - [2024-10-13T21:32:17.195-0400] {dag.py:3239} INFO - Sync 1 DAGs
[2024-10-13T21:32:17.210-0400] {logging_mixin.py:190} INFO - [2024-10-13T21:32:17.209-0400] {dag.py:4180} INFO - Setting next_dagrun for example_dag_decorator to None, run_after=None
[2024-10-13T21:32:17.235-0400] {processor.py:208} INFO - Processing /Users/karenwang/anaconda3/envs/airflow_sqlite_env/lib/python3.9/site-packages/airflow/example_dags/example_dag_decorator.py took 0.604 seconds
[2024-10-13T21:40:01.110-0400] {processor.py:186} INFO - Started process (PID=56806) to work on /Users/karenwang/anaconda3/envs/airflow_sqlite_env/lib/python3.9/site-packages/airflow/example_dags/example_dag_decorator.py
[2024-10-13T21:40:01.112-0400] {processor.py:914} INFO - Processing file /Users/karenwang/anaconda3/envs/airflow_sqlite_env/lib/python3.9/site-packages/airflow/example_dags/example_dag_decorator.py for tasks to queue
[2024-10-13T21:40:01.114-0400] {logging_mixin.py:190} INFO - [2024-10-13T21:40:01.113-0400] {dagbag.py:588} INFO - Filling up the DagBag from /Users/karenwang/anaconda3/envs/airflow_sqlite_env/lib/python3.9/site-packages/airflow/example_dags/example_dag_decorator.py
[2024-10-13T21:40:01.363-0400] {processor.py:925} INFO - DAG(s) 'example_dag_decorator' retrieved from /Users/karenwang/anaconda3/envs/airflow_sqlite_env/lib/python3.9/site-packages/airflow/example_dags/example_dag_decorator.py
[2024-10-13T21:40:01.605-0400] {logging_mixin.py:190} INFO - [2024-10-13T21:40:01.605-0400] {dag.py:3239} INFO - Sync 1 DAGs
[2024-10-13T21:40:01.617-0400] {logging_mixin.py:190} INFO - [2024-10-13T21:40:01.617-0400] {dag.py:4180} INFO - Setting next_dagrun for example_dag_decorator to None, run_after=None
[2024-10-13T21:40:01.641-0400] {processor.py:208} INFO - Processing /Users/karenwang/anaconda3/envs/airflow_sqlite_env/lib/python3.9/site-packages/airflow/example_dags/example_dag_decorator.py took 0.536 seconds
[2024-10-13T21:47:52.661-0400] {processor.py:186} INFO - Started process (PID=59220) to work on /Users/karenwang/anaconda3/envs/airflow_sqlite_env/lib/python3.9/site-packages/airflow/example_dags/example_dag_decorator.py
[2024-10-13T21:47:52.663-0400] {processor.py:914} INFO - Processing file /Users/karenwang/anaconda3/envs/airflow_sqlite_env/lib/python3.9/site-packages/airflow/example_dags/example_dag_decorator.py for tasks to queue
[2024-10-13T21:47:52.665-0400] {logging_mixin.py:190} INFO - [2024-10-13T21:47:52.664-0400] {dagbag.py:588} INFO - Filling up the DagBag from /Users/karenwang/anaconda3/envs/airflow_sqlite_env/lib/python3.9/site-packages/airflow/example_dags/example_dag_decorator.py
[2024-10-13T21:47:52.929-0400] {processor.py:925} INFO - DAG(s) 'example_dag_decorator' retrieved from /Users/karenwang/anaconda3/envs/airflow_sqlite_env/lib/python3.9/site-packages/airflow/example_dags/example_dag_decorator.py
[2024-10-13T21:47:53.217-0400] {logging_mixin.py:190} INFO - [2024-10-13T21:47:53.217-0400] {dag.py:3239} INFO - Sync 1 DAGs
[2024-10-13T21:47:53.230-0400] {logging_mixin.py:190} INFO - [2024-10-13T21:47:53.230-0400] {dag.py:4180} INFO - Setting next_dagrun for example_dag_decorator to None, run_after=None
[2024-10-13T21:47:53.255-0400] {processor.py:208} INFO - Processing /Users/karenwang/anaconda3/envs/airflow_sqlite_env/lib/python3.9/site-packages/airflow/example_dags/example_dag_decorator.py took 0.601 seconds
[2024-10-13T21:55:55.638-0400] {processor.py:186} INFO - Started process (PID=61739) to work on /Users/karenwang/anaconda3/envs/airflow_sqlite_env/lib/python3.9/site-packages/airflow/example_dags/example_dag_decorator.py
[2024-10-13T21:55:55.640-0400] {processor.py:914} INFO - Processing file /Users/karenwang/anaconda3/envs/airflow_sqlite_env/lib/python3.9/site-packages/airflow/example_dags/example_dag_decorator.py for tasks to queue
[2024-10-13T21:55:55.642-0400] {logging_mixin.py:190} INFO - [2024-10-13T21:55:55.641-0400] {dagbag.py:588} INFO - Filling up the DagBag from /Users/karenwang/anaconda3/envs/airflow_sqlite_env/lib/python3.9/site-packages/airflow/example_dags/example_dag_decorator.py
[2024-10-13T21:55:55.907-0400] {processor.py:925} INFO - DAG(s) 'example_dag_decorator' retrieved from /Users/karenwang/anaconda3/envs/airflow_sqlite_env/lib/python3.9/site-packages/airflow/example_dags/example_dag_decorator.py
[2024-10-13T21:55:56.198-0400] {logging_mixin.py:190} INFO - [2024-10-13T21:55:56.197-0400] {dag.py:3239} INFO - Sync 1 DAGs
[2024-10-13T21:55:56.215-0400] {logging_mixin.py:190} INFO - [2024-10-13T21:55:56.214-0400] {dag.py:4180} INFO - Setting next_dagrun for example_dag_decorator to None, run_after=None
[2024-10-13T21:55:56.237-0400] {processor.py:208} INFO - Processing /Users/karenwang/anaconda3/envs/airflow_sqlite_env/lib/python3.9/site-packages/airflow/example_dags/example_dag_decorator.py took 0.604 seconds
[2024-10-13T22:03:42.833-0400] {processor.py:186} INFO - Started process (PID=64142) to work on /Users/karenwang/anaconda3/envs/airflow_sqlite_env/lib/python3.9/site-packages/airflow/example_dags/example_dag_decorator.py
[2024-10-13T22:03:42.835-0400] {processor.py:914} INFO - Processing file /Users/karenwang/anaconda3/envs/airflow_sqlite_env/lib/python3.9/site-packages/airflow/example_dags/example_dag_decorator.py for tasks to queue
[2024-10-13T22:03:42.837-0400] {logging_mixin.py:190} INFO - [2024-10-13T22:03:42.837-0400] {dagbag.py:588} INFO - Filling up the DagBag from /Users/karenwang/anaconda3/envs/airflow_sqlite_env/lib/python3.9/site-packages/airflow/example_dags/example_dag_decorator.py
[2024-10-13T22:03:43.087-0400] {processor.py:925} INFO - DAG(s) 'example_dag_decorator' retrieved from /Users/karenwang/anaconda3/envs/airflow_sqlite_env/lib/python3.9/site-packages/airflow/example_dags/example_dag_decorator.py
[2024-10-13T22:03:43.354-0400] {logging_mixin.py:190} INFO - [2024-10-13T22:03:43.354-0400] {dag.py:3239} INFO - Sync 1 DAGs
[2024-10-13T22:03:43.371-0400] {logging_mixin.py:190} INFO - [2024-10-13T22:03:43.371-0400] {dag.py:4180} INFO - Setting next_dagrun for example_dag_decorator to None, run_after=None
[2024-10-13T22:03:43.394-0400] {processor.py:208} INFO - Processing /Users/karenwang/anaconda3/envs/airflow_sqlite_env/lib/python3.9/site-packages/airflow/example_dags/example_dag_decorator.py took 0.566 seconds
[2024-10-13T22:11:24.996-0400] {processor.py:186} INFO - Started process (PID=66518) to work on /Users/karenwang/anaconda3/envs/airflow_sqlite_env/lib/python3.9/site-packages/airflow/example_dags/example_dag_decorator.py
[2024-10-13T22:11:24.997-0400] {processor.py:914} INFO - Processing file /Users/karenwang/anaconda3/envs/airflow_sqlite_env/lib/python3.9/site-packages/airflow/example_dags/example_dag_decorator.py for tasks to queue
[2024-10-13T22:11:24.999-0400] {logging_mixin.py:190} INFO - [2024-10-13T22:11:24.999-0400] {dagbag.py:588} INFO - Filling up the DagBag from /Users/karenwang/anaconda3/envs/airflow_sqlite_env/lib/python3.9/site-packages/airflow/example_dags/example_dag_decorator.py
[2024-10-13T22:11:25.256-0400] {processor.py:925} INFO - DAG(s) 'example_dag_decorator' retrieved from /Users/karenwang/anaconda3/envs/airflow_sqlite_env/lib/python3.9/site-packages/airflow/example_dags/example_dag_decorator.py
[2024-10-13T22:11:25.542-0400] {logging_mixin.py:190} INFO - [2024-10-13T22:11:25.542-0400] {dag.py:3239} INFO - Sync 1 DAGs
[2024-10-13T22:11:25.558-0400] {logging_mixin.py:190} INFO - [2024-10-13T22:11:25.558-0400] {dag.py:4180} INFO - Setting next_dagrun for example_dag_decorator to None, run_after=None
[2024-10-13T22:11:25.582-0400] {processor.py:208} INFO - Processing /Users/karenwang/anaconda3/envs/airflow_sqlite_env/lib/python3.9/site-packages/airflow/example_dags/example_dag_decorator.py took 0.592 seconds
[2024-10-13T22:19:21.168-0400] {processor.py:186} INFO - Started process (PID=68956) to work on /Users/karenwang/anaconda3/envs/airflow_sqlite_env/lib/python3.9/site-packages/airflow/example_dags/example_dag_decorator.py
[2024-10-13T22:19:21.169-0400] {processor.py:914} INFO - Processing file /Users/karenwang/anaconda3/envs/airflow_sqlite_env/lib/python3.9/site-packages/airflow/example_dags/example_dag_decorator.py for tasks to queue
[2024-10-13T22:19:21.171-0400] {logging_mixin.py:190} INFO - [2024-10-13T22:19:21.170-0400] {dagbag.py:588} INFO - Filling up the DagBag from /Users/karenwang/anaconda3/envs/airflow_sqlite_env/lib/python3.9/site-packages/airflow/example_dags/example_dag_decorator.py
[2024-10-13T22:19:21.472-0400] {processor.py:925} INFO - DAG(s) 'example_dag_decorator' retrieved from /Users/karenwang/anaconda3/envs/airflow_sqlite_env/lib/python3.9/site-packages/airflow/example_dags/example_dag_decorator.py
[2024-10-13T22:19:21.786-0400] {logging_mixin.py:190} INFO - [2024-10-13T22:19:21.786-0400] {dag.py:3239} INFO - Sync 1 DAGs
[2024-10-13T22:19:21.805-0400] {logging_mixin.py:190} INFO - [2024-10-13T22:19:21.805-0400] {dag.py:4180} INFO - Setting next_dagrun for example_dag_decorator to None, run_after=None
[2024-10-13T22:19:21.829-0400] {processor.py:208} INFO - Processing /Users/karenwang/anaconda3/envs/airflow_sqlite_env/lib/python3.9/site-packages/airflow/example_dags/example_dag_decorator.py took 0.667 seconds
[2024-10-13T22:27:41.009-0400] {processor.py:186} INFO - Started process (PID=71618) to work on /Users/karenwang/anaconda3/envs/airflow_sqlite_env/lib/python3.9/site-packages/airflow/example_dags/example_dag_decorator.py
[2024-10-13T22:27:41.010-0400] {processor.py:914} INFO - Processing file /Users/karenwang/anaconda3/envs/airflow_sqlite_env/lib/python3.9/site-packages/airflow/example_dags/example_dag_decorator.py for tasks to queue
[2024-10-13T22:27:41.011-0400] {logging_mixin.py:190} INFO - [2024-10-13T22:27:41.011-0400] {dagbag.py:588} INFO - Filling up the DagBag from /Users/karenwang/anaconda3/envs/airflow_sqlite_env/lib/python3.9/site-packages/airflow/example_dags/example_dag_decorator.py
[2024-10-13T22:27:41.301-0400] {processor.py:925} INFO - DAG(s) 'example_dag_decorator' retrieved from /Users/karenwang/anaconda3/envs/airflow_sqlite_env/lib/python3.9/site-packages/airflow/example_dags/example_dag_decorator.py
[2024-10-13T22:27:41.603-0400] {logging_mixin.py:190} INFO - [2024-10-13T22:27:41.602-0400] {dag.py:3239} INFO - Sync 1 DAGs
[2024-10-13T22:27:41.616-0400] {logging_mixin.py:190} INFO - [2024-10-13T22:27:41.616-0400] {dag.py:4180} INFO - Setting next_dagrun for example_dag_decorator to None, run_after=None
[2024-10-13T22:27:41.641-0400] {processor.py:208} INFO - Processing /Users/karenwang/anaconda3/envs/airflow_sqlite_env/lib/python3.9/site-packages/airflow/example_dags/example_dag_decorator.py took 0.638 seconds
[2024-10-13T22:37:32.587-0400] {processor.py:186} INFO - Started process (PID=74945) to work on /Users/karenwang/anaconda3/envs/airflow_sqlite_env/lib/python3.9/site-packages/airflow/example_dags/example_dag_decorator.py
[2024-10-13T22:37:32.590-0400] {processor.py:914} INFO - Processing file /Users/karenwang/anaconda3/envs/airflow_sqlite_env/lib/python3.9/site-packages/airflow/example_dags/example_dag_decorator.py for tasks to queue
[2024-10-13T22:37:32.591-0400] {logging_mixin.py:190} INFO - [2024-10-13T22:37:32.590-0400] {dagbag.py:588} INFO - Filling up the DagBag from /Users/karenwang/anaconda3/envs/airflow_sqlite_env/lib/python3.9/site-packages/airflow/example_dags/example_dag_decorator.py
[2024-10-13T22:37:32.861-0400] {processor.py:925} INFO - DAG(s) 'example_dag_decorator' retrieved from /Users/karenwang/anaconda3/envs/airflow_sqlite_env/lib/python3.9/site-packages/airflow/example_dags/example_dag_decorator.py
[2024-10-13T22:37:33.158-0400] {logging_mixin.py:190} INFO - [2024-10-13T22:37:33.158-0400] {dag.py:3239} INFO - Sync 1 DAGs
[2024-10-13T22:37:33.177-0400] {logging_mixin.py:190} INFO - [2024-10-13T22:37:33.177-0400] {dag.py:4180} INFO - Setting next_dagrun for example_dag_decorator to None, run_after=None
[2024-10-13T22:37:33.204-0400] {processor.py:208} INFO - Processing /Users/karenwang/anaconda3/envs/airflow_sqlite_env/lib/python3.9/site-packages/airflow/example_dags/example_dag_decorator.py took 0.623 seconds
