[2024-10-13T20:01:45.596-0400] {processor.py:186} INFO - Started process (PID=25644) to work on /Users/karenwang/anaconda3/envs/airflow_sqlite_env/lib/python3.9/site-packages/airflow/example_dags/example_setup_teardown.py
[2024-10-13T20:01:45.598-0400] {processor.py:914} INFO - Processing file /Users/karenwang/anaconda3/envs/airflow_sqlite_env/lib/python3.9/site-packages/airflow/example_dags/example_setup_teardown.py for tasks to queue
[2024-10-13T20:01:45.600-0400] {logging_mixin.py:190} INFO - [2024-10-13T20:01:45.599-0400] {dagbag.py:588} INFO - Filling up the DagBag from /Users/karenwang/anaconda3/envs/airflow_sqlite_env/lib/python3.9/site-packages/airflow/example_dags/example_setup_teardown.py
[2024-10-13T20:01:45.612-0400] {processor.py:925} INFO - DAG(s) 'example_setup_teardown' retrieved from /Users/karenwang/anaconda3/envs/airflow_sqlite_env/lib/python3.9/site-packages/airflow/example_dags/example_setup_teardown.py
[2024-10-13T20:01:45.849-0400] {logging_mixin.py:190} INFO - [2024-10-13T20:01:45.849-0400] {dag.py:3239} INFO - Sync 1 DAGs
[2024-10-13T20:01:45.867-0400] {logging_mixin.py:190} INFO - [2024-10-13T20:01:45.867-0400] {dag.py:4180} INFO - Setting next_dagrun for example_setup_teardown to None, run_after=None
[2024-10-13T20:01:45.892-0400] {processor.py:208} INFO - Processing /Users/karenwang/anaconda3/envs/airflow_sqlite_env/lib/python3.9/site-packages/airflow/example_dags/example_setup_teardown.py took 0.302 seconds
[2024-10-13T20:05:55.621-0400] {processor.py:186} INFO - Started process (PID=26943) to work on /Users/karenwang/anaconda3/envs/airflow_sqlite_env/lib/python3.9/site-packages/airflow/example_dags/example_setup_teardown.py
[2024-10-13T20:05:55.622-0400] {processor.py:914} INFO - Processing file /Users/karenwang/anaconda3/envs/airflow_sqlite_env/lib/python3.9/site-packages/airflow/example_dags/example_setup_teardown.py for tasks to queue
[2024-10-13T20:05:55.624-0400] {logging_mixin.py:190} INFO - [2024-10-13T20:05:55.624-0400] {dagbag.py:588} INFO - Filling up the DagBag from /Users/karenwang/anaconda3/envs/airflow_sqlite_env/lib/python3.9/site-packages/airflow/example_dags/example_setup_teardown.py
[2024-10-13T20:05:55.637-0400] {processor.py:925} INFO - DAG(s) 'example_setup_teardown' retrieved from /Users/karenwang/anaconda3/envs/airflow_sqlite_env/lib/python3.9/site-packages/airflow/example_dags/example_setup_teardown.py
[2024-10-13T20:05:55.864-0400] {logging_mixin.py:190} INFO - [2024-10-13T20:05:55.864-0400] {dag.py:3239} INFO - Sync 1 DAGs
[2024-10-13T20:05:55.881-0400] {logging_mixin.py:190} INFO - [2024-10-13T20:05:55.881-0400] {dag.py:4180} INFO - Setting next_dagrun for example_setup_teardown to None, run_after=None
[2024-10-13T20:05:55.905-0400] {processor.py:208} INFO - Processing /Users/karenwang/anaconda3/envs/airflow_sqlite_env/lib/python3.9/site-packages/airflow/example_dags/example_setup_teardown.py took 0.290 seconds
[2024-10-13T20:09:57.124-0400] {processor.py:186} INFO - Started process (PID=28184) to work on /Users/karenwang/anaconda3/envs/airflow_sqlite_env/lib/python3.9/site-packages/airflow/example_dags/example_setup_teardown.py
[2024-10-13T20:09:57.126-0400] {processor.py:914} INFO - Processing file /Users/karenwang/anaconda3/envs/airflow_sqlite_env/lib/python3.9/site-packages/airflow/example_dags/example_setup_teardown.py for tasks to queue
[2024-10-13T20:09:57.127-0400] {logging_mixin.py:190} INFO - [2024-10-13T20:09:57.126-0400] {dagbag.py:588} INFO - Filling up the DagBag from /Users/karenwang/anaconda3/envs/airflow_sqlite_env/lib/python3.9/site-packages/airflow/example_dags/example_setup_teardown.py
[2024-10-13T20:09:57.138-0400] {processor.py:925} INFO - DAG(s) 'example_setup_teardown' retrieved from /Users/karenwang/anaconda3/envs/airflow_sqlite_env/lib/python3.9/site-packages/airflow/example_dags/example_setup_teardown.py
[2024-10-13T20:09:57.336-0400] {logging_mixin.py:190} INFO - [2024-10-13T20:09:57.336-0400] {dag.py:3239} INFO - Sync 1 DAGs
[2024-10-13T20:09:57.356-0400] {logging_mixin.py:190} INFO - [2024-10-13T20:09:57.356-0400] {dag.py:4180} INFO - Setting next_dagrun for example_setup_teardown to None, run_after=None
[2024-10-13T20:09:57.379-0400] {processor.py:208} INFO - Processing /Users/karenwang/anaconda3/envs/airflow_sqlite_env/lib/python3.9/site-packages/airflow/example_dags/example_setup_teardown.py took 0.262 seconds
[2024-10-13T20:13:55.645-0400] {processor.py:186} INFO - Started process (PID=29401) to work on /Users/karenwang/anaconda3/envs/airflow_sqlite_env/lib/python3.9/site-packages/airflow/example_dags/example_setup_teardown.py
[2024-10-13T20:13:55.647-0400] {processor.py:914} INFO - Processing file /Users/karenwang/anaconda3/envs/airflow_sqlite_env/lib/python3.9/site-packages/airflow/example_dags/example_setup_teardown.py for tasks to queue
[2024-10-13T20:13:55.649-0400] {logging_mixin.py:190} INFO - [2024-10-13T20:13:55.648-0400] {dagbag.py:588} INFO - Filling up the DagBag from /Users/karenwang/anaconda3/envs/airflow_sqlite_env/lib/python3.9/site-packages/airflow/example_dags/example_setup_teardown.py
[2024-10-13T20:13:55.663-0400] {processor.py:925} INFO - DAG(s) 'example_setup_teardown' retrieved from /Users/karenwang/anaconda3/envs/airflow_sqlite_env/lib/python3.9/site-packages/airflow/example_dags/example_setup_teardown.py
[2024-10-13T20:13:55.853-0400] {logging_mixin.py:190} INFO - [2024-10-13T20:13:55.853-0400] {dag.py:3239} INFO - Sync 1 DAGs
[2024-10-13T20:13:55.872-0400] {logging_mixin.py:190} INFO - [2024-10-13T20:13:55.872-0400] {dag.py:4180} INFO - Setting next_dagrun for example_setup_teardown to None, run_after=None
[2024-10-13T20:13:55.895-0400] {processor.py:208} INFO - Processing /Users/karenwang/anaconda3/envs/airflow_sqlite_env/lib/python3.9/site-packages/airflow/example_dags/example_setup_teardown.py took 0.256 seconds
[2024-10-13T20:18:04.149-0400] {processor.py:186} INFO - Started process (PID=30665) to work on /Users/karenwang/anaconda3/envs/airflow_sqlite_env/lib/python3.9/site-packages/airflow/example_dags/example_setup_teardown.py
[2024-10-13T20:18:04.151-0400] {processor.py:914} INFO - Processing file /Users/karenwang/anaconda3/envs/airflow_sqlite_env/lib/python3.9/site-packages/airflow/example_dags/example_setup_teardown.py for tasks to queue
[2024-10-13T20:18:04.152-0400] {logging_mixin.py:190} INFO - [2024-10-13T20:18:04.151-0400] {dagbag.py:588} INFO - Filling up the DagBag from /Users/karenwang/anaconda3/envs/airflow_sqlite_env/lib/python3.9/site-packages/airflow/example_dags/example_setup_teardown.py
[2024-10-13T20:18:04.163-0400] {processor.py:925} INFO - DAG(s) 'example_setup_teardown' retrieved from /Users/karenwang/anaconda3/envs/airflow_sqlite_env/lib/python3.9/site-packages/airflow/example_dags/example_setup_teardown.py
[2024-10-13T20:18:04.379-0400] {logging_mixin.py:190} INFO - [2024-10-13T20:18:04.378-0400] {dag.py:3239} INFO - Sync 1 DAGs
[2024-10-13T20:18:04.393-0400] {logging_mixin.py:190} INFO - [2024-10-13T20:18:04.393-0400] {dag.py:4180} INFO - Setting next_dagrun for example_setup_teardown to None, run_after=None
[2024-10-13T20:18:04.415-0400] {processor.py:208} INFO - Processing /Users/karenwang/anaconda3/envs/airflow_sqlite_env/lib/python3.9/site-packages/airflow/example_dags/example_setup_teardown.py took 0.272 seconds
[2024-10-13T20:22:28.531-0400] {processor.py:186} INFO - Started process (PID=32141) to work on /Users/karenwang/anaconda3/envs/airflow_sqlite_env/lib/python3.9/site-packages/airflow/example_dags/example_setup_teardown.py
[2024-10-13T20:22:28.532-0400] {processor.py:914} INFO - Processing file /Users/karenwang/anaconda3/envs/airflow_sqlite_env/lib/python3.9/site-packages/airflow/example_dags/example_setup_teardown.py for tasks to queue
[2024-10-13T20:22:28.534-0400] {logging_mixin.py:190} INFO - [2024-10-13T20:22:28.533-0400] {dagbag.py:588} INFO - Filling up the DagBag from /Users/karenwang/anaconda3/envs/airflow_sqlite_env/lib/python3.9/site-packages/airflow/example_dags/example_setup_teardown.py
[2024-10-13T20:22:28.548-0400] {processor.py:925} INFO - DAG(s) 'example_setup_teardown' retrieved from /Users/karenwang/anaconda3/envs/airflow_sqlite_env/lib/python3.9/site-packages/airflow/example_dags/example_setup_teardown.py
[2024-10-13T20:22:28.783-0400] {logging_mixin.py:190} INFO - [2024-10-13T20:22:28.783-0400] {dag.py:3239} INFO - Sync 1 DAGs
[2024-10-13T20:22:28.806-0400] {logging_mixin.py:190} INFO - [2024-10-13T20:22:28.805-0400] {dag.py:4180} INFO - Setting next_dagrun for example_setup_teardown to None, run_after=None
[2024-10-13T20:22:28.831-0400] {processor.py:208} INFO - Processing /Users/karenwang/anaconda3/envs/airflow_sqlite_env/lib/python3.9/site-packages/airflow/example_dags/example_setup_teardown.py took 0.306 seconds
[2024-10-13T20:28:07.534-0400] {processor.py:186} INFO - Started process (PID=33994) to work on /Users/karenwang/anaconda3/envs/airflow_sqlite_env/lib/python3.9/site-packages/airflow/example_dags/example_setup_teardown.py
[2024-10-13T20:28:07.535-0400] {processor.py:914} INFO - Processing file /Users/karenwang/anaconda3/envs/airflow_sqlite_env/lib/python3.9/site-packages/airflow/example_dags/example_setup_teardown.py for tasks to queue
[2024-10-13T20:28:07.537-0400] {logging_mixin.py:190} INFO - [2024-10-13T20:28:07.536-0400] {dagbag.py:588} INFO - Filling up the DagBag from /Users/karenwang/anaconda3/envs/airflow_sqlite_env/lib/python3.9/site-packages/airflow/example_dags/example_setup_teardown.py
[2024-10-13T20:28:07.552-0400] {processor.py:925} INFO - DAG(s) 'example_setup_teardown' retrieved from /Users/karenwang/anaconda3/envs/airflow_sqlite_env/lib/python3.9/site-packages/airflow/example_dags/example_setup_teardown.py
[2024-10-13T20:28:07.816-0400] {logging_mixin.py:190} INFO - [2024-10-13T20:28:07.815-0400] {dag.py:3239} INFO - Sync 1 DAGs
[2024-10-13T20:28:07.834-0400] {logging_mixin.py:190} INFO - [2024-10-13T20:28:07.834-0400] {dag.py:4180} INFO - Setting next_dagrun for example_setup_teardown to None, run_after=None
[2024-10-13T20:28:07.860-0400] {processor.py:208} INFO - Processing /Users/karenwang/anaconda3/envs/airflow_sqlite_env/lib/python3.9/site-packages/airflow/example_dags/example_setup_teardown.py took 0.332 seconds
[2024-10-13T20:32:37.463-0400] {processor.py:186} INFO - Started process (PID=35512) to work on /Users/karenwang/anaconda3/envs/airflow_sqlite_env/lib/python3.9/site-packages/airflow/example_dags/example_setup_teardown.py
[2024-10-13T20:32:37.464-0400] {processor.py:914} INFO - Processing file /Users/karenwang/anaconda3/envs/airflow_sqlite_env/lib/python3.9/site-packages/airflow/example_dags/example_setup_teardown.py for tasks to queue
[2024-10-13T20:32:37.466-0400] {logging_mixin.py:190} INFO - [2024-10-13T20:32:37.466-0400] {dagbag.py:588} INFO - Filling up the DagBag from /Users/karenwang/anaconda3/envs/airflow_sqlite_env/lib/python3.9/site-packages/airflow/example_dags/example_setup_teardown.py
[2024-10-13T20:32:37.476-0400] {processor.py:925} INFO - DAG(s) 'example_setup_teardown' retrieved from /Users/karenwang/anaconda3/envs/airflow_sqlite_env/lib/python3.9/site-packages/airflow/example_dags/example_setup_teardown.py
[2024-10-13T20:32:37.670-0400] {logging_mixin.py:190} INFO - [2024-10-13T20:32:37.670-0400] {dag.py:3239} INFO - Sync 1 DAGs
[2024-10-13T20:32:37.689-0400] {logging_mixin.py:190} INFO - [2024-10-13T20:32:37.689-0400] {dag.py:4180} INFO - Setting next_dagrun for example_setup_teardown to None, run_after=None
[2024-10-13T20:32:37.717-0400] {processor.py:208} INFO - Processing /Users/karenwang/anaconda3/envs/airflow_sqlite_env/lib/python3.9/site-packages/airflow/example_dags/example_setup_teardown.py took 0.260 seconds
[2024-10-13T20:36:18.384-0400] {processor.py:186} INFO - Started process (PID=36680) to work on /Users/karenwang/anaconda3/envs/airflow_sqlite_env/lib/python3.9/site-packages/airflow/example_dags/example_setup_teardown.py
[2024-10-13T20:36:18.386-0400] {processor.py:914} INFO - Processing file /Users/karenwang/anaconda3/envs/airflow_sqlite_env/lib/python3.9/site-packages/airflow/example_dags/example_setup_teardown.py for tasks to queue
[2024-10-13T20:36:18.387-0400] {logging_mixin.py:190} INFO - [2024-10-13T20:36:18.387-0400] {dagbag.py:588} INFO - Filling up the DagBag from /Users/karenwang/anaconda3/envs/airflow_sqlite_env/lib/python3.9/site-packages/airflow/example_dags/example_setup_teardown.py
[2024-10-13T20:36:18.398-0400] {processor.py:925} INFO - DAG(s) 'example_setup_teardown' retrieved from /Users/karenwang/anaconda3/envs/airflow_sqlite_env/lib/python3.9/site-packages/airflow/example_dags/example_setup_teardown.py
[2024-10-13T20:36:18.598-0400] {logging_mixin.py:190} INFO - [2024-10-13T20:36:18.598-0400] {dag.py:3239} INFO - Sync 1 DAGs
[2024-10-13T20:36:18.615-0400] {logging_mixin.py:190} INFO - [2024-10-13T20:36:18.615-0400] {dag.py:4180} INFO - Setting next_dagrun for example_setup_teardown to None, run_after=None
[2024-10-13T20:36:18.637-0400] {processor.py:208} INFO - Processing /Users/karenwang/anaconda3/envs/airflow_sqlite_env/lib/python3.9/site-packages/airflow/example_dags/example_setup_teardown.py took 0.259 seconds
[2024-10-13T20:39:57.708-0400] {processor.py:186} INFO - Started process (PID=37801) to work on /Users/karenwang/anaconda3/envs/airflow_sqlite_env/lib/python3.9/site-packages/airflow/example_dags/example_setup_teardown.py
[2024-10-13T20:39:57.710-0400] {processor.py:914} INFO - Processing file /Users/karenwang/anaconda3/envs/airflow_sqlite_env/lib/python3.9/site-packages/airflow/example_dags/example_setup_teardown.py for tasks to queue
[2024-10-13T20:39:57.712-0400] {logging_mixin.py:190} INFO - [2024-10-13T20:39:57.711-0400] {dagbag.py:588} INFO - Filling up the DagBag from /Users/karenwang/anaconda3/envs/airflow_sqlite_env/lib/python3.9/site-packages/airflow/example_dags/example_setup_teardown.py
[2024-10-13T20:39:57.724-0400] {processor.py:925} INFO - DAG(s) 'example_setup_teardown' retrieved from /Users/karenwang/anaconda3/envs/airflow_sqlite_env/lib/python3.9/site-packages/airflow/example_dags/example_setup_teardown.py
[2024-10-13T20:39:57.905-0400] {logging_mixin.py:190} INFO - [2024-10-13T20:39:57.905-0400] {dag.py:3239} INFO - Sync 1 DAGs
[2024-10-13T20:39:57.919-0400] {logging_mixin.py:190} INFO - [2024-10-13T20:39:57.919-0400] {dag.py:4180} INFO - Setting next_dagrun for example_setup_teardown to None, run_after=None
[2024-10-13T20:39:57.939-0400] {processor.py:208} INFO - Processing /Users/karenwang/anaconda3/envs/airflow_sqlite_env/lib/python3.9/site-packages/airflow/example_dags/example_setup_teardown.py took 0.237 seconds
[2024-10-13T20:43:38.152-0400] {processor.py:186} INFO - Started process (PID=38940) to work on /Users/karenwang/anaconda3/envs/airflow_sqlite_env/lib/python3.9/site-packages/airflow/example_dags/example_setup_teardown.py
[2024-10-13T20:43:38.153-0400] {processor.py:914} INFO - Processing file /Users/karenwang/anaconda3/envs/airflow_sqlite_env/lib/python3.9/site-packages/airflow/example_dags/example_setup_teardown.py for tasks to queue
[2024-10-13T20:43:38.155-0400] {logging_mixin.py:190} INFO - [2024-10-13T20:43:38.155-0400] {dagbag.py:588} INFO - Filling up the DagBag from /Users/karenwang/anaconda3/envs/airflow_sqlite_env/lib/python3.9/site-packages/airflow/example_dags/example_setup_teardown.py
[2024-10-13T20:43:38.166-0400] {processor.py:925} INFO - DAG(s) 'example_setup_teardown' retrieved from /Users/karenwang/anaconda3/envs/airflow_sqlite_env/lib/python3.9/site-packages/airflow/example_dags/example_setup_teardown.py
[2024-10-13T20:43:38.353-0400] {logging_mixin.py:190} INFO - [2024-10-13T20:43:38.353-0400] {dag.py:3239} INFO - Sync 1 DAGs
[2024-10-13T20:43:38.366-0400] {logging_mixin.py:190} INFO - [2024-10-13T20:43:38.366-0400] {dag.py:4180} INFO - Setting next_dagrun for example_setup_teardown to None, run_after=None
[2024-10-13T20:43:38.388-0400] {processor.py:208} INFO - Processing /Users/karenwang/anaconda3/envs/airflow_sqlite_env/lib/python3.9/site-packages/airflow/example_dags/example_setup_teardown.py took 0.242 seconds
[2024-10-13T20:47:17.329-0400] {processor.py:186} INFO - Started process (PID=40090) to work on /Users/karenwang/anaconda3/envs/airflow_sqlite_env/lib/python3.9/site-packages/airflow/example_dags/example_setup_teardown.py
[2024-10-13T20:47:17.330-0400] {processor.py:914} INFO - Processing file /Users/karenwang/anaconda3/envs/airflow_sqlite_env/lib/python3.9/site-packages/airflow/example_dags/example_setup_teardown.py for tasks to queue
[2024-10-13T20:47:17.332-0400] {logging_mixin.py:190} INFO - [2024-10-13T20:47:17.331-0400] {dagbag.py:588} INFO - Filling up the DagBag from /Users/karenwang/anaconda3/envs/airflow_sqlite_env/lib/python3.9/site-packages/airflow/example_dags/example_setup_teardown.py
[2024-10-13T20:47:17.343-0400] {processor.py:925} INFO - DAG(s) 'example_setup_teardown' retrieved from /Users/karenwang/anaconda3/envs/airflow_sqlite_env/lib/python3.9/site-packages/airflow/example_dags/example_setup_teardown.py
[2024-10-13T20:47:17.558-0400] {logging_mixin.py:190} INFO - [2024-10-13T20:47:17.557-0400] {dag.py:3239} INFO - Sync 1 DAGs
[2024-10-13T20:47:17.578-0400] {logging_mixin.py:190} INFO - [2024-10-13T20:47:17.577-0400] {dag.py:4180} INFO - Setting next_dagrun for example_setup_teardown to None, run_after=None
[2024-10-13T20:47:17.597-0400] {processor.py:208} INFO - Processing /Users/karenwang/anaconda3/envs/airflow_sqlite_env/lib/python3.9/site-packages/airflow/example_dags/example_setup_teardown.py took 0.273 seconds
[2024-10-13T20:50:56.865-0400] {processor.py:186} INFO - Started process (PID=41221) to work on /Users/karenwang/anaconda3/envs/airflow_sqlite_env/lib/python3.9/site-packages/airflow/example_dags/example_setup_teardown.py
[2024-10-13T20:50:56.866-0400] {processor.py:914} INFO - Processing file /Users/karenwang/anaconda3/envs/airflow_sqlite_env/lib/python3.9/site-packages/airflow/example_dags/example_setup_teardown.py for tasks to queue
[2024-10-13T20:50:56.867-0400] {logging_mixin.py:190} INFO - [2024-10-13T20:50:56.867-0400] {dagbag.py:588} INFO - Filling up the DagBag from /Users/karenwang/anaconda3/envs/airflow_sqlite_env/lib/python3.9/site-packages/airflow/example_dags/example_setup_teardown.py
[2024-10-13T20:50:56.881-0400] {processor.py:925} INFO - DAG(s) 'example_setup_teardown' retrieved from /Users/karenwang/anaconda3/envs/airflow_sqlite_env/lib/python3.9/site-packages/airflow/example_dags/example_setup_teardown.py
[2024-10-13T20:50:57.085-0400] {logging_mixin.py:190} INFO - [2024-10-13T20:50:57.085-0400] {dag.py:3239} INFO - Sync 1 DAGs
[2024-10-13T20:50:57.102-0400] {logging_mixin.py:190} INFO - [2024-10-13T20:50:57.102-0400] {dag.py:4180} INFO - Setting next_dagrun for example_setup_teardown to None, run_after=None
[2024-10-13T20:50:57.126-0400] {processor.py:208} INFO - Processing /Users/karenwang/anaconda3/envs/airflow_sqlite_env/lib/python3.9/site-packages/airflow/example_dags/example_setup_teardown.py took 0.267 seconds
[2024-10-13T20:54:35.542-0400] {processor.py:186} INFO - Started process (PID=42349) to work on /Users/karenwang/anaconda3/envs/airflow_sqlite_env/lib/python3.9/site-packages/airflow/example_dags/example_setup_teardown.py
[2024-10-13T20:54:35.543-0400] {processor.py:914} INFO - Processing file /Users/karenwang/anaconda3/envs/airflow_sqlite_env/lib/python3.9/site-packages/airflow/example_dags/example_setup_teardown.py for tasks to queue
[2024-10-13T20:54:35.545-0400] {logging_mixin.py:190} INFO - [2024-10-13T20:54:35.544-0400] {dagbag.py:588} INFO - Filling up the DagBag from /Users/karenwang/anaconda3/envs/airflow_sqlite_env/lib/python3.9/site-packages/airflow/example_dags/example_setup_teardown.py
[2024-10-13T20:54:35.557-0400] {processor.py:925} INFO - DAG(s) 'example_setup_teardown' retrieved from /Users/karenwang/anaconda3/envs/airflow_sqlite_env/lib/python3.9/site-packages/airflow/example_dags/example_setup_teardown.py
[2024-10-13T20:54:35.759-0400] {logging_mixin.py:190} INFO - [2024-10-13T20:54:35.759-0400] {dag.py:3239} INFO - Sync 1 DAGs
[2024-10-13T20:54:35.779-0400] {logging_mixin.py:190} INFO - [2024-10-13T20:54:35.778-0400] {dag.py:4180} INFO - Setting next_dagrun for example_setup_teardown to None, run_after=None
[2024-10-13T20:54:35.803-0400] {processor.py:208} INFO - Processing /Users/karenwang/anaconda3/envs/airflow_sqlite_env/lib/python3.9/site-packages/airflow/example_dags/example_setup_teardown.py took 0.267 seconds
[2024-10-13T20:58:16.976-0400] {processor.py:186} INFO - Started process (PID=43518) to work on /Users/karenwang/anaconda3/envs/airflow_sqlite_env/lib/python3.9/site-packages/airflow/example_dags/example_setup_teardown.py
[2024-10-13T20:58:16.978-0400] {processor.py:914} INFO - Processing file /Users/karenwang/anaconda3/envs/airflow_sqlite_env/lib/python3.9/site-packages/airflow/example_dags/example_setup_teardown.py for tasks to queue
[2024-10-13T20:58:16.979-0400] {logging_mixin.py:190} INFO - [2024-10-13T20:58:16.979-0400] {dagbag.py:588} INFO - Filling up the DagBag from /Users/karenwang/anaconda3/envs/airflow_sqlite_env/lib/python3.9/site-packages/airflow/example_dags/example_setup_teardown.py
[2024-10-13T20:58:16.990-0400] {processor.py:925} INFO - DAG(s) 'example_setup_teardown' retrieved from /Users/karenwang/anaconda3/envs/airflow_sqlite_env/lib/python3.9/site-packages/airflow/example_dags/example_setup_teardown.py
[2024-10-13T20:58:17.162-0400] {logging_mixin.py:190} INFO - [2024-10-13T20:58:17.162-0400] {dag.py:3239} INFO - Sync 1 DAGs
[2024-10-13T20:58:17.176-0400] {logging_mixin.py:190} INFO - [2024-10-13T20:58:17.175-0400] {dag.py:4180} INFO - Setting next_dagrun for example_setup_teardown to None, run_after=None
[2024-10-13T20:58:17.198-0400] {processor.py:208} INFO - Processing /Users/karenwang/anaconda3/envs/airflow_sqlite_env/lib/python3.9/site-packages/airflow/example_dags/example_setup_teardown.py took 0.228 seconds
[2024-10-13T21:01:56.702-0400] {processor.py:186} INFO - Started process (PID=44635) to work on /Users/karenwang/anaconda3/envs/airflow_sqlite_env/lib/python3.9/site-packages/airflow/example_dags/example_setup_teardown.py
[2024-10-13T21:01:56.703-0400] {processor.py:914} INFO - Processing file /Users/karenwang/anaconda3/envs/airflow_sqlite_env/lib/python3.9/site-packages/airflow/example_dags/example_setup_teardown.py for tasks to queue
[2024-10-13T21:01:56.705-0400] {logging_mixin.py:190} INFO - [2024-10-13T21:01:56.704-0400] {dagbag.py:588} INFO - Filling up the DagBag from /Users/karenwang/anaconda3/envs/airflow_sqlite_env/lib/python3.9/site-packages/airflow/example_dags/example_setup_teardown.py
[2024-10-13T21:01:56.717-0400] {processor.py:925} INFO - DAG(s) 'example_setup_teardown' retrieved from /Users/karenwang/anaconda3/envs/airflow_sqlite_env/lib/python3.9/site-packages/airflow/example_dags/example_setup_teardown.py
[2024-10-13T21:01:56.907-0400] {logging_mixin.py:190} INFO - [2024-10-13T21:01:56.907-0400] {dag.py:3239} INFO - Sync 1 DAGs
[2024-10-13T21:01:56.922-0400] {logging_mixin.py:190} INFO - [2024-10-13T21:01:56.921-0400] {dag.py:4180} INFO - Setting next_dagrun for example_setup_teardown to None, run_after=None
[2024-10-13T21:01:56.945-0400] {processor.py:208} INFO - Processing /Users/karenwang/anaconda3/envs/airflow_sqlite_env/lib/python3.9/site-packages/airflow/example_dags/example_setup_teardown.py took 0.250 seconds
[2024-10-13T21:05:36.324-0400] {processor.py:186} INFO - Started process (PID=45776) to work on /Users/karenwang/anaconda3/envs/airflow_sqlite_env/lib/python3.9/site-packages/airflow/example_dags/example_setup_teardown.py
[2024-10-13T21:05:36.325-0400] {processor.py:914} INFO - Processing file /Users/karenwang/anaconda3/envs/airflow_sqlite_env/lib/python3.9/site-packages/airflow/example_dags/example_setup_teardown.py for tasks to queue
[2024-10-13T21:05:36.327-0400] {logging_mixin.py:190} INFO - [2024-10-13T21:05:36.326-0400] {dagbag.py:588} INFO - Filling up the DagBag from /Users/karenwang/anaconda3/envs/airflow_sqlite_env/lib/python3.9/site-packages/airflow/example_dags/example_setup_teardown.py
[2024-10-13T21:05:36.338-0400] {processor.py:925} INFO - DAG(s) 'example_setup_teardown' retrieved from /Users/karenwang/anaconda3/envs/airflow_sqlite_env/lib/python3.9/site-packages/airflow/example_dags/example_setup_teardown.py
[2024-10-13T21:05:36.512-0400] {logging_mixin.py:190} INFO - [2024-10-13T21:05:36.512-0400] {dag.py:3239} INFO - Sync 1 DAGs
[2024-10-13T21:05:36.526-0400] {logging_mixin.py:190} INFO - [2024-10-13T21:05:36.525-0400] {dag.py:4180} INFO - Setting next_dagrun for example_setup_teardown to None, run_after=None
[2024-10-13T21:05:36.547-0400] {processor.py:208} INFO - Processing /Users/karenwang/anaconda3/envs/airflow_sqlite_env/lib/python3.9/site-packages/airflow/example_dags/example_setup_teardown.py took 0.229 seconds
[2024-10-13T21:11:03.919-0400] {processor.py:186} INFO - Started process (PID=47550) to work on /Users/karenwang/anaconda3/envs/airflow_sqlite_env/lib/python3.9/site-packages/airflow/example_dags/example_setup_teardown.py
[2024-10-13T21:11:03.920-0400] {processor.py:914} INFO - Processing file /Users/karenwang/anaconda3/envs/airflow_sqlite_env/lib/python3.9/site-packages/airflow/example_dags/example_setup_teardown.py for tasks to queue
[2024-10-13T21:11:03.922-0400] {logging_mixin.py:190} INFO - [2024-10-13T21:11:03.921-0400] {dagbag.py:588} INFO - Filling up the DagBag from /Users/karenwang/anaconda3/envs/airflow_sqlite_env/lib/python3.9/site-packages/airflow/example_dags/example_setup_teardown.py
[2024-10-13T21:11:03.933-0400] {processor.py:925} INFO - DAG(s) 'example_setup_teardown' retrieved from /Users/karenwang/anaconda3/envs/airflow_sqlite_env/lib/python3.9/site-packages/airflow/example_dags/example_setup_teardown.py
[2024-10-13T21:11:04.134-0400] {logging_mixin.py:190} INFO - [2024-10-13T21:11:04.134-0400] {dag.py:3239} INFO - Sync 1 DAGs
[2024-10-13T21:11:04.152-0400] {logging_mixin.py:190} INFO - [2024-10-13T21:11:04.152-0400] {dag.py:4180} INFO - Setting next_dagrun for example_setup_teardown to None, run_after=None
[2024-10-13T21:11:04.175-0400] {processor.py:208} INFO - Processing /Users/karenwang/anaconda3/envs/airflow_sqlite_env/lib/python3.9/site-packages/airflow/example_dags/example_setup_teardown.py took 0.262 seconds
[2024-10-13T21:15:37.451-0400] {processor.py:186} INFO - Started process (PID=49056) to work on /Users/karenwang/anaconda3/envs/airflow_sqlite_env/lib/python3.9/site-packages/airflow/example_dags/example_setup_teardown.py
[2024-10-13T21:15:37.452-0400] {processor.py:914} INFO - Processing file /Users/karenwang/anaconda3/envs/airflow_sqlite_env/lib/python3.9/site-packages/airflow/example_dags/example_setup_teardown.py for tasks to queue
[2024-10-13T21:15:37.454-0400] {logging_mixin.py:190} INFO - [2024-10-13T21:15:37.454-0400] {dagbag.py:588} INFO - Filling up the DagBag from /Users/karenwang/anaconda3/envs/airflow_sqlite_env/lib/python3.9/site-packages/airflow/example_dags/example_setup_teardown.py
[2024-10-13T21:15:37.467-0400] {processor.py:925} INFO - DAG(s) 'example_setup_teardown' retrieved from /Users/karenwang/anaconda3/envs/airflow_sqlite_env/lib/python3.9/site-packages/airflow/example_dags/example_setup_teardown.py
[2024-10-13T21:15:37.700-0400] {logging_mixin.py:190} INFO - [2024-10-13T21:15:37.700-0400] {dag.py:3239} INFO - Sync 1 DAGs
[2024-10-13T21:15:37.721-0400] {logging_mixin.py:190} INFO - [2024-10-13T21:15:37.721-0400] {dag.py:4180} INFO - Setting next_dagrun for example_setup_teardown to None, run_after=None
[2024-10-13T21:15:37.746-0400] {processor.py:208} INFO - Processing /Users/karenwang/anaconda3/envs/airflow_sqlite_env/lib/python3.9/site-packages/airflow/example_dags/example_setup_teardown.py took 0.300 seconds
[2024-10-13T21:19:26.975-0400] {processor.py:186} INFO - Started process (PID=50392) to work on /Users/karenwang/anaconda3/envs/airflow_sqlite_env/lib/python3.9/site-packages/airflow/example_dags/example_setup_teardown.py
[2024-10-13T21:19:26.977-0400] {processor.py:914} INFO - Processing file /Users/karenwang/anaconda3/envs/airflow_sqlite_env/lib/python3.9/site-packages/airflow/example_dags/example_setup_teardown.py for tasks to queue
[2024-10-13T21:19:26.978-0400] {logging_mixin.py:190} INFO - [2024-10-13T21:19:26.978-0400] {dagbag.py:588} INFO - Filling up the DagBag from /Users/karenwang/anaconda3/envs/airflow_sqlite_env/lib/python3.9/site-packages/airflow/example_dags/example_setup_teardown.py
[2024-10-13T21:19:26.989-0400] {processor.py:925} INFO - DAG(s) 'example_setup_teardown' retrieved from /Users/karenwang/anaconda3/envs/airflow_sqlite_env/lib/python3.9/site-packages/airflow/example_dags/example_setup_teardown.py
[2024-10-13T21:19:27.189-0400] {logging_mixin.py:190} INFO - [2024-10-13T21:19:27.189-0400] {dag.py:3239} INFO - Sync 1 DAGs
[2024-10-13T21:19:27.203-0400] {logging_mixin.py:190} INFO - [2024-10-13T21:19:27.203-0400] {dag.py:4180} INFO - Setting next_dagrun for example_setup_teardown to None, run_after=None
[2024-10-13T21:19:27.223-0400] {processor.py:208} INFO - Processing /Users/karenwang/anaconda3/envs/airflow_sqlite_env/lib/python3.9/site-packages/airflow/example_dags/example_setup_teardown.py took 0.253 seconds
[2024-10-13T21:23:08.235-0400] {processor.py:186} INFO - Started process (PID=51530) to work on /Users/karenwang/anaconda3/envs/airflow_sqlite_env/lib/python3.9/site-packages/airflow/example_dags/example_setup_teardown.py
[2024-10-13T21:23:08.236-0400] {processor.py:914} INFO - Processing file /Users/karenwang/anaconda3/envs/airflow_sqlite_env/lib/python3.9/site-packages/airflow/example_dags/example_setup_teardown.py for tasks to queue
[2024-10-13T21:23:08.238-0400] {logging_mixin.py:190} INFO - [2024-10-13T21:23:08.238-0400] {dagbag.py:588} INFO - Filling up the DagBag from /Users/karenwang/anaconda3/envs/airflow_sqlite_env/lib/python3.9/site-packages/airflow/example_dags/example_setup_teardown.py
[2024-10-13T21:23:08.250-0400] {processor.py:925} INFO - DAG(s) 'example_setup_teardown' retrieved from /Users/karenwang/anaconda3/envs/airflow_sqlite_env/lib/python3.9/site-packages/airflow/example_dags/example_setup_teardown.py
[2024-10-13T21:23:08.454-0400] {logging_mixin.py:190} INFO - [2024-10-13T21:23:08.454-0400] {dag.py:3239} INFO - Sync 1 DAGs
[2024-10-13T21:23:08.468-0400] {logging_mixin.py:190} INFO - [2024-10-13T21:23:08.468-0400] {dag.py:4180} INFO - Setting next_dagrun for example_setup_teardown to None, run_after=None
[2024-10-13T21:23:08.492-0400] {processor.py:208} INFO - Processing /Users/karenwang/anaconda3/envs/airflow_sqlite_env/lib/python3.9/site-packages/airflow/example_dags/example_setup_teardown.py took 0.263 seconds
[2024-10-13T21:26:47.468-0400] {processor.py:186} INFO - Started process (PID=52662) to work on /Users/karenwang/anaconda3/envs/airflow_sqlite_env/lib/python3.9/site-packages/airflow/example_dags/example_setup_teardown.py
[2024-10-13T21:26:47.470-0400] {processor.py:914} INFO - Processing file /Users/karenwang/anaconda3/envs/airflow_sqlite_env/lib/python3.9/site-packages/airflow/example_dags/example_setup_teardown.py for tasks to queue
[2024-10-13T21:26:47.471-0400] {logging_mixin.py:190} INFO - [2024-10-13T21:26:47.471-0400] {dagbag.py:588} INFO - Filling up the DagBag from /Users/karenwang/anaconda3/envs/airflow_sqlite_env/lib/python3.9/site-packages/airflow/example_dags/example_setup_teardown.py
[2024-10-13T21:26:47.480-0400] {processor.py:925} INFO - DAG(s) 'example_setup_teardown' retrieved from /Users/karenwang/anaconda3/envs/airflow_sqlite_env/lib/python3.9/site-packages/airflow/example_dags/example_setup_teardown.py
[2024-10-13T21:26:47.676-0400] {logging_mixin.py:190} INFO - [2024-10-13T21:26:47.676-0400] {dag.py:3239} INFO - Sync 1 DAGs
[2024-10-13T21:26:47.692-0400] {logging_mixin.py:190} INFO - [2024-10-13T21:26:47.692-0400] {dag.py:4180} INFO - Setting next_dagrun for example_setup_teardown to None, run_after=None
[2024-10-13T21:26:47.713-0400] {processor.py:208} INFO - Processing /Users/karenwang/anaconda3/envs/airflow_sqlite_env/lib/python3.9/site-packages/airflow/example_dags/example_setup_teardown.py took 0.251 seconds
[2024-10-13T21:30:42.490-0400] {processor.py:186} INFO - Started process (PID=53899) to work on /Users/karenwang/anaconda3/envs/airflow_sqlite_env/lib/python3.9/site-packages/airflow/example_dags/example_setup_teardown.py
[2024-10-13T21:30:42.491-0400] {processor.py:914} INFO - Processing file /Users/karenwang/anaconda3/envs/airflow_sqlite_env/lib/python3.9/site-packages/airflow/example_dags/example_setup_teardown.py for tasks to queue
[2024-10-13T21:30:42.493-0400] {logging_mixin.py:190} INFO - [2024-10-13T21:30:42.493-0400] {dagbag.py:588} INFO - Filling up the DagBag from /Users/karenwang/anaconda3/envs/airflow_sqlite_env/lib/python3.9/site-packages/airflow/example_dags/example_setup_teardown.py
[2024-10-13T21:30:42.504-0400] {processor.py:925} INFO - DAG(s) 'example_setup_teardown' retrieved from /Users/karenwang/anaconda3/envs/airflow_sqlite_env/lib/python3.9/site-packages/airflow/example_dags/example_setup_teardown.py
[2024-10-13T21:30:42.730-0400] {logging_mixin.py:190} INFO - [2024-10-13T21:30:42.730-0400] {dag.py:3239} INFO - Sync 1 DAGs
[2024-10-13T21:30:42.745-0400] {logging_mixin.py:190} INFO - [2024-10-13T21:30:42.744-0400] {dag.py:4180} INFO - Setting next_dagrun for example_setup_teardown to None, run_after=None
[2024-10-13T21:30:42.765-0400] {processor.py:208} INFO - Processing /Users/karenwang/anaconda3/envs/airflow_sqlite_env/lib/python3.9/site-packages/airflow/example_dags/example_setup_teardown.py took 0.281 seconds
[2024-10-13T21:34:40.792-0400] {processor.py:186} INFO - Started process (PID=55144) to work on /Users/karenwang/anaconda3/envs/airflow_sqlite_env/lib/python3.9/site-packages/airflow/example_dags/example_setup_teardown.py
[2024-10-13T21:34:40.793-0400] {processor.py:914} INFO - Processing file /Users/karenwang/anaconda3/envs/airflow_sqlite_env/lib/python3.9/site-packages/airflow/example_dags/example_setup_teardown.py for tasks to queue
[2024-10-13T21:34:40.795-0400] {logging_mixin.py:190} INFO - [2024-10-13T21:34:40.795-0400] {dagbag.py:588} INFO - Filling up the DagBag from /Users/karenwang/anaconda3/envs/airflow_sqlite_env/lib/python3.9/site-packages/airflow/example_dags/example_setup_teardown.py
[2024-10-13T21:34:40.809-0400] {processor.py:925} INFO - DAG(s) 'example_setup_teardown' retrieved from /Users/karenwang/anaconda3/envs/airflow_sqlite_env/lib/python3.9/site-packages/airflow/example_dags/example_setup_teardown.py
[2024-10-13T21:34:41.005-0400] {logging_mixin.py:190} INFO - [2024-10-13T21:34:41.004-0400] {dag.py:3239} INFO - Sync 1 DAGs
[2024-10-13T21:34:41.019-0400] {logging_mixin.py:190} INFO - [2024-10-13T21:34:41.019-0400] {dag.py:4180} INFO - Setting next_dagrun for example_setup_teardown to None, run_after=None
[2024-10-13T21:34:41.040-0400] {processor.py:208} INFO - Processing /Users/karenwang/anaconda3/envs/airflow_sqlite_env/lib/python3.9/site-packages/airflow/example_dags/example_setup_teardown.py took 0.254 seconds
[2024-10-13T21:38:33.005-0400] {processor.py:186} INFO - Started process (PID=56360) to work on /Users/karenwang/anaconda3/envs/airflow_sqlite_env/lib/python3.9/site-packages/airflow/example_dags/example_setup_teardown.py
[2024-10-13T21:38:33.006-0400] {processor.py:914} INFO - Processing file /Users/karenwang/anaconda3/envs/airflow_sqlite_env/lib/python3.9/site-packages/airflow/example_dags/example_setup_teardown.py for tasks to queue
[2024-10-13T21:38:33.008-0400] {logging_mixin.py:190} INFO - [2024-10-13T21:38:33.008-0400] {dagbag.py:588} INFO - Filling up the DagBag from /Users/karenwang/anaconda3/envs/airflow_sqlite_env/lib/python3.9/site-packages/airflow/example_dags/example_setup_teardown.py
[2024-10-13T21:38:33.021-0400] {processor.py:925} INFO - DAG(s) 'example_setup_teardown' retrieved from /Users/karenwang/anaconda3/envs/airflow_sqlite_env/lib/python3.9/site-packages/airflow/example_dags/example_setup_teardown.py
[2024-10-13T21:38:33.227-0400] {logging_mixin.py:190} INFO - [2024-10-13T21:38:33.226-0400] {dag.py:3239} INFO - Sync 1 DAGs
[2024-10-13T21:38:33.244-0400] {logging_mixin.py:190} INFO - [2024-10-13T21:38:33.244-0400] {dag.py:4180} INFO - Setting next_dagrun for example_setup_teardown to None, run_after=None
[2024-10-13T21:38:33.268-0400] {processor.py:208} INFO - Processing /Users/karenwang/anaconda3/envs/airflow_sqlite_env/lib/python3.9/site-packages/airflow/example_dags/example_setup_teardown.py took 0.269 seconds
[2024-10-13T21:42:29.349-0400] {processor.py:186} INFO - Started process (PID=57573) to work on /Users/karenwang/anaconda3/envs/airflow_sqlite_env/lib/python3.9/site-packages/airflow/example_dags/example_setup_teardown.py
[2024-10-13T21:42:29.350-0400] {processor.py:914} INFO - Processing file /Users/karenwang/anaconda3/envs/airflow_sqlite_env/lib/python3.9/site-packages/airflow/example_dags/example_setup_teardown.py for tasks to queue
[2024-10-13T21:42:29.352-0400] {logging_mixin.py:190} INFO - [2024-10-13T21:42:29.352-0400] {dagbag.py:588} INFO - Filling up the DagBag from /Users/karenwang/anaconda3/envs/airflow_sqlite_env/lib/python3.9/site-packages/airflow/example_dags/example_setup_teardown.py
[2024-10-13T21:42:29.368-0400] {processor.py:925} INFO - DAG(s) 'example_setup_teardown' retrieved from /Users/karenwang/anaconda3/envs/airflow_sqlite_env/lib/python3.9/site-packages/airflow/example_dags/example_setup_teardown.py
[2024-10-13T21:42:29.630-0400] {logging_mixin.py:190} INFO - [2024-10-13T21:42:29.630-0400] {dag.py:3239} INFO - Sync 1 DAGs
[2024-10-13T21:42:29.648-0400] {logging_mixin.py:190} INFO - [2024-10-13T21:42:29.648-0400] {dag.py:4180} INFO - Setting next_dagrun for example_setup_teardown to None, run_after=None
[2024-10-13T21:42:29.670-0400] {processor.py:208} INFO - Processing /Users/karenwang/anaconda3/envs/airflow_sqlite_env/lib/python3.9/site-packages/airflow/example_dags/example_setup_teardown.py took 0.326 seconds
[2024-10-13T21:46:19.791-0400] {processor.py:186} INFO - Started process (PID=58755) to work on /Users/karenwang/anaconda3/envs/airflow_sqlite_env/lib/python3.9/site-packages/airflow/example_dags/example_setup_teardown.py
[2024-10-13T21:46:19.792-0400] {processor.py:914} INFO - Processing file /Users/karenwang/anaconda3/envs/airflow_sqlite_env/lib/python3.9/site-packages/airflow/example_dags/example_setup_teardown.py for tasks to queue
[2024-10-13T21:46:19.793-0400] {logging_mixin.py:190} INFO - [2024-10-13T21:46:19.793-0400] {dagbag.py:588} INFO - Filling up the DagBag from /Users/karenwang/anaconda3/envs/airflow_sqlite_env/lib/python3.9/site-packages/airflow/example_dags/example_setup_teardown.py
[2024-10-13T21:46:19.806-0400] {processor.py:925} INFO - DAG(s) 'example_setup_teardown' retrieved from /Users/karenwang/anaconda3/envs/airflow_sqlite_env/lib/python3.9/site-packages/airflow/example_dags/example_setup_teardown.py
[2024-10-13T21:46:20.018-0400] {logging_mixin.py:190} INFO - [2024-10-13T21:46:20.018-0400] {dag.py:3239} INFO - Sync 1 DAGs
[2024-10-13T21:46:20.035-0400] {logging_mixin.py:190} INFO - [2024-10-13T21:46:20.035-0400] {dag.py:4180} INFO - Setting next_dagrun for example_setup_teardown to None, run_after=None
[2024-10-13T21:46:20.060-0400] {processor.py:208} INFO - Processing /Users/karenwang/anaconda3/envs/airflow_sqlite_env/lib/python3.9/site-packages/airflow/example_dags/example_setup_teardown.py took 0.276 seconds
[2024-10-13T21:50:21.544-0400] {processor.py:186} INFO - Started process (PID=60022) to work on /Users/karenwang/anaconda3/envs/airflow_sqlite_env/lib/python3.9/site-packages/airflow/example_dags/example_setup_teardown.py
[2024-10-13T21:50:21.546-0400] {processor.py:914} INFO - Processing file /Users/karenwang/anaconda3/envs/airflow_sqlite_env/lib/python3.9/site-packages/airflow/example_dags/example_setup_teardown.py for tasks to queue
[2024-10-13T21:50:21.547-0400] {logging_mixin.py:190} INFO - [2024-10-13T21:50:21.547-0400] {dagbag.py:588} INFO - Filling up the DagBag from /Users/karenwang/anaconda3/envs/airflow_sqlite_env/lib/python3.9/site-packages/airflow/example_dags/example_setup_teardown.py
[2024-10-13T21:50:21.560-0400] {processor.py:925} INFO - DAG(s) 'example_setup_teardown' retrieved from /Users/karenwang/anaconda3/envs/airflow_sqlite_env/lib/python3.9/site-packages/airflow/example_dags/example_setup_teardown.py
[2024-10-13T21:50:21.775-0400] {logging_mixin.py:190} INFO - [2024-10-13T21:50:21.775-0400] {dag.py:3239} INFO - Sync 1 DAGs
[2024-10-13T21:50:21.790-0400] {logging_mixin.py:190} INFO - [2024-10-13T21:50:21.790-0400] {dag.py:4180} INFO - Setting next_dagrun for example_setup_teardown to None, run_after=None
[2024-10-13T21:50:21.812-0400] {processor.py:208} INFO - Processing /Users/karenwang/anaconda3/envs/airflow_sqlite_env/lib/python3.9/site-packages/airflow/example_dags/example_setup_teardown.py took 0.274 seconds
[2024-10-13T21:54:24.505-0400] {processor.py:186} INFO - Started process (PID=61266) to work on /Users/karenwang/anaconda3/envs/airflow_sqlite_env/lib/python3.9/site-packages/airflow/example_dags/example_setup_teardown.py
[2024-10-13T21:54:24.506-0400] {processor.py:914} INFO - Processing file /Users/karenwang/anaconda3/envs/airflow_sqlite_env/lib/python3.9/site-packages/airflow/example_dags/example_setup_teardown.py for tasks to queue
[2024-10-13T21:54:24.508-0400] {logging_mixin.py:190} INFO - [2024-10-13T21:54:24.508-0400] {dagbag.py:588} INFO - Filling up the DagBag from /Users/karenwang/anaconda3/envs/airflow_sqlite_env/lib/python3.9/site-packages/airflow/example_dags/example_setup_teardown.py
[2024-10-13T21:54:24.520-0400] {processor.py:925} INFO - DAG(s) 'example_setup_teardown' retrieved from /Users/karenwang/anaconda3/envs/airflow_sqlite_env/lib/python3.9/site-packages/airflow/example_dags/example_setup_teardown.py
[2024-10-13T21:54:24.750-0400] {logging_mixin.py:190} INFO - [2024-10-13T21:54:24.750-0400] {dag.py:3239} INFO - Sync 1 DAGs
[2024-10-13T21:54:24.767-0400] {logging_mixin.py:190} INFO - [2024-10-13T21:54:24.767-0400] {dag.py:4180} INFO - Setting next_dagrun for example_setup_teardown to None, run_after=None
[2024-10-13T21:54:24.788-0400] {processor.py:208} INFO - Processing /Users/karenwang/anaconda3/envs/airflow_sqlite_env/lib/python3.9/site-packages/airflow/example_dags/example_setup_teardown.py took 0.288 seconds
[2024-10-13T21:58:19.045-0400] {processor.py:186} INFO - Started process (PID=62483) to work on /Users/karenwang/anaconda3/envs/airflow_sqlite_env/lib/python3.9/site-packages/airflow/example_dags/example_setup_teardown.py
[2024-10-13T21:58:19.046-0400] {processor.py:914} INFO - Processing file /Users/karenwang/anaconda3/envs/airflow_sqlite_env/lib/python3.9/site-packages/airflow/example_dags/example_setup_teardown.py for tasks to queue
[2024-10-13T21:58:19.048-0400] {logging_mixin.py:190} INFO - [2024-10-13T21:58:19.047-0400] {dagbag.py:588} INFO - Filling up the DagBag from /Users/karenwang/anaconda3/envs/airflow_sqlite_env/lib/python3.9/site-packages/airflow/example_dags/example_setup_teardown.py
[2024-10-13T21:58:19.061-0400] {processor.py:925} INFO - DAG(s) 'example_setup_teardown' retrieved from /Users/karenwang/anaconda3/envs/airflow_sqlite_env/lib/python3.9/site-packages/airflow/example_dags/example_setup_teardown.py
[2024-10-13T21:58:19.245-0400] {logging_mixin.py:190} INFO - [2024-10-13T21:58:19.245-0400] {dag.py:3239} INFO - Sync 1 DAGs
[2024-10-13T21:58:19.259-0400] {logging_mixin.py:190} INFO - [2024-10-13T21:58:19.259-0400] {dag.py:4180} INFO - Setting next_dagrun for example_setup_teardown to None, run_after=None
[2024-10-13T21:58:19.280-0400] {processor.py:208} INFO - Processing /Users/karenwang/anaconda3/envs/airflow_sqlite_env/lib/python3.9/site-packages/airflow/example_dags/example_setup_teardown.py took 0.241 seconds
[2024-10-13T22:02:08.021-0400] {processor.py:186} INFO - Started process (PID=63666) to work on /Users/karenwang/anaconda3/envs/airflow_sqlite_env/lib/python3.9/site-packages/airflow/example_dags/example_setup_teardown.py
[2024-10-13T22:02:08.022-0400] {processor.py:914} INFO - Processing file /Users/karenwang/anaconda3/envs/airflow_sqlite_env/lib/python3.9/site-packages/airflow/example_dags/example_setup_teardown.py for tasks to queue
[2024-10-13T22:02:08.024-0400] {logging_mixin.py:190} INFO - [2024-10-13T22:02:08.024-0400] {dagbag.py:588} INFO - Filling up the DagBag from /Users/karenwang/anaconda3/envs/airflow_sqlite_env/lib/python3.9/site-packages/airflow/example_dags/example_setup_teardown.py
[2024-10-13T22:02:08.041-0400] {processor.py:925} INFO - DAG(s) 'example_setup_teardown' retrieved from /Users/karenwang/anaconda3/envs/airflow_sqlite_env/lib/python3.9/site-packages/airflow/example_dags/example_setup_teardown.py
[2024-10-13T22:02:08.253-0400] {logging_mixin.py:190} INFO - [2024-10-13T22:02:08.253-0400] {dag.py:3239} INFO - Sync 1 DAGs
[2024-10-13T22:02:08.271-0400] {logging_mixin.py:190} INFO - [2024-10-13T22:02:08.270-0400] {dag.py:4180} INFO - Setting next_dagrun for example_setup_teardown to None, run_after=None
[2024-10-13T22:02:08.295-0400] {processor.py:208} INFO - Processing /Users/karenwang/anaconda3/envs/airflow_sqlite_env/lib/python3.9/site-packages/airflow/example_dags/example_setup_teardown.py took 0.280 seconds
[2024-10-13T22:06:02.679-0400] {processor.py:186} INFO - Started process (PID=64864) to work on /Users/karenwang/anaconda3/envs/airflow_sqlite_env/lib/python3.9/site-packages/airflow/example_dags/example_setup_teardown.py
[2024-10-13T22:06:02.680-0400] {processor.py:914} INFO - Processing file /Users/karenwang/anaconda3/envs/airflow_sqlite_env/lib/python3.9/site-packages/airflow/example_dags/example_setup_teardown.py for tasks to queue
[2024-10-13T22:06:02.682-0400] {logging_mixin.py:190} INFO - [2024-10-13T22:06:02.682-0400] {dagbag.py:588} INFO - Filling up the DagBag from /Users/karenwang/anaconda3/envs/airflow_sqlite_env/lib/python3.9/site-packages/airflow/example_dags/example_setup_teardown.py
[2024-10-13T22:06:02.695-0400] {processor.py:925} INFO - DAG(s) 'example_setup_teardown' retrieved from /Users/karenwang/anaconda3/envs/airflow_sqlite_env/lib/python3.9/site-packages/airflow/example_dags/example_setup_teardown.py
[2024-10-13T22:06:02.905-0400] {logging_mixin.py:190} INFO - [2024-10-13T22:06:02.905-0400] {dag.py:3239} INFO - Sync 1 DAGs
[2024-10-13T22:06:02.924-0400] {logging_mixin.py:190} INFO - [2024-10-13T22:06:02.923-0400] {dag.py:4180} INFO - Setting next_dagrun for example_setup_teardown to None, run_after=None
[2024-10-13T22:06:02.946-0400] {processor.py:208} INFO - Processing /Users/karenwang/anaconda3/envs/airflow_sqlite_env/lib/python3.9/site-packages/airflow/example_dags/example_setup_teardown.py took 0.272 seconds
[2024-10-13T22:09:59.921-0400] {processor.py:186} INFO - Started process (PID=66094) to work on /Users/karenwang/anaconda3/envs/airflow_sqlite_env/lib/python3.9/site-packages/airflow/example_dags/example_setup_teardown.py
[2024-10-13T22:09:59.923-0400] {processor.py:914} INFO - Processing file /Users/karenwang/anaconda3/envs/airflow_sqlite_env/lib/python3.9/site-packages/airflow/example_dags/example_setup_teardown.py for tasks to queue
[2024-10-13T22:09:59.924-0400] {logging_mixin.py:190} INFO - [2024-10-13T22:09:59.923-0400] {dagbag.py:588} INFO - Filling up the DagBag from /Users/karenwang/anaconda3/envs/airflow_sqlite_env/lib/python3.9/site-packages/airflow/example_dags/example_setup_teardown.py
[2024-10-13T22:09:59.938-0400] {processor.py:925} INFO - DAG(s) 'example_setup_teardown' retrieved from /Users/karenwang/anaconda3/envs/airflow_sqlite_env/lib/python3.9/site-packages/airflow/example_dags/example_setup_teardown.py
[2024-10-13T22:10:00.158-0400] {logging_mixin.py:190} INFO - [2024-10-13T22:10:00.157-0400] {dag.py:3239} INFO - Sync 1 DAGs
[2024-10-13T22:10:00.175-0400] {logging_mixin.py:190} INFO - [2024-10-13T22:10:00.175-0400] {dag.py:4180} INFO - Setting next_dagrun for example_setup_teardown to None, run_after=None
[2024-10-13T22:10:00.196-0400] {processor.py:208} INFO - Processing /Users/karenwang/anaconda3/envs/airflow_sqlite_env/lib/python3.9/site-packages/airflow/example_dags/example_setup_teardown.py took 0.282 seconds
[2024-10-13T22:13:51.679-0400] {processor.py:186} INFO - Started process (PID=67283) to work on /Users/karenwang/anaconda3/envs/airflow_sqlite_env/lib/python3.9/site-packages/airflow/example_dags/example_setup_teardown.py
[2024-10-13T22:13:51.680-0400] {processor.py:914} INFO - Processing file /Users/karenwang/anaconda3/envs/airflow_sqlite_env/lib/python3.9/site-packages/airflow/example_dags/example_setup_teardown.py for tasks to queue
[2024-10-13T22:13:51.682-0400] {logging_mixin.py:190} INFO - [2024-10-13T22:13:51.681-0400] {dagbag.py:588} INFO - Filling up the DagBag from /Users/karenwang/anaconda3/envs/airflow_sqlite_env/lib/python3.9/site-packages/airflow/example_dags/example_setup_teardown.py
[2024-10-13T22:13:51.697-0400] {processor.py:925} INFO - DAG(s) 'example_setup_teardown' retrieved from /Users/karenwang/anaconda3/envs/airflow_sqlite_env/lib/python3.9/site-packages/airflow/example_dags/example_setup_teardown.py
[2024-10-13T22:13:51.891-0400] {logging_mixin.py:190} INFO - [2024-10-13T22:13:51.891-0400] {dag.py:3239} INFO - Sync 1 DAGs
[2024-10-13T22:13:51.904-0400] {logging_mixin.py:190} INFO - [2024-10-13T22:13:51.904-0400] {dag.py:4180} INFO - Setting next_dagrun for example_setup_teardown to None, run_after=None
[2024-10-13T22:13:51.925-0400] {processor.py:208} INFO - Processing /Users/karenwang/anaconda3/envs/airflow_sqlite_env/lib/python3.9/site-packages/airflow/example_dags/example_setup_teardown.py took 0.253 seconds
[2024-10-13T22:17:54.993-0400] {processor.py:186} INFO - Started process (PID=68526) to work on /Users/karenwang/anaconda3/envs/airflow_sqlite_env/lib/python3.9/site-packages/airflow/example_dags/example_setup_teardown.py
[2024-10-13T22:17:54.995-0400] {processor.py:914} INFO - Processing file /Users/karenwang/anaconda3/envs/airflow_sqlite_env/lib/python3.9/site-packages/airflow/example_dags/example_setup_teardown.py for tasks to queue
[2024-10-13T22:17:54.996-0400] {logging_mixin.py:190} INFO - [2024-10-13T22:17:54.996-0400] {dagbag.py:588} INFO - Filling up the DagBag from /Users/karenwang/anaconda3/envs/airflow_sqlite_env/lib/python3.9/site-packages/airflow/example_dags/example_setup_teardown.py
[2024-10-13T22:17:55.009-0400] {processor.py:925} INFO - DAG(s) 'example_setup_teardown' retrieved from /Users/karenwang/anaconda3/envs/airflow_sqlite_env/lib/python3.9/site-packages/airflow/example_dags/example_setup_teardown.py
[2024-10-13T22:17:55.214-0400] {logging_mixin.py:190} INFO - [2024-10-13T22:17:55.214-0400] {dag.py:3239} INFO - Sync 1 DAGs
[2024-10-13T22:17:55.233-0400] {logging_mixin.py:190} INFO - [2024-10-13T22:17:55.233-0400] {dag.py:4180} INFO - Setting next_dagrun for example_setup_teardown to None, run_after=None
[2024-10-13T22:17:55.258-0400] {processor.py:208} INFO - Processing /Users/karenwang/anaconda3/envs/airflow_sqlite_env/lib/python3.9/site-packages/airflow/example_dags/example_setup_teardown.py took 0.270 seconds
[2024-10-13T22:21:55.584-0400] {processor.py:186} INFO - Started process (PID=69764) to work on /Users/karenwang/anaconda3/envs/airflow_sqlite_env/lib/python3.9/site-packages/airflow/example_dags/example_setup_teardown.py
[2024-10-13T22:21:55.586-0400] {processor.py:914} INFO - Processing file /Users/karenwang/anaconda3/envs/airflow_sqlite_env/lib/python3.9/site-packages/airflow/example_dags/example_setup_teardown.py for tasks to queue
[2024-10-13T22:21:55.587-0400] {logging_mixin.py:190} INFO - [2024-10-13T22:21:55.587-0400] {dagbag.py:588} INFO - Filling up the DagBag from /Users/karenwang/anaconda3/envs/airflow_sqlite_env/lib/python3.9/site-packages/airflow/example_dags/example_setup_teardown.py
[2024-10-13T22:21:55.599-0400] {processor.py:925} INFO - DAG(s) 'example_setup_teardown' retrieved from /Users/karenwang/anaconda3/envs/airflow_sqlite_env/lib/python3.9/site-packages/airflow/example_dags/example_setup_teardown.py
[2024-10-13T22:21:55.800-0400] {logging_mixin.py:190} INFO - [2024-10-13T22:21:55.799-0400] {dag.py:3239} INFO - Sync 1 DAGs
[2024-10-13T22:21:55.816-0400] {logging_mixin.py:190} INFO - [2024-10-13T22:21:55.815-0400] {dag.py:4180} INFO - Setting next_dagrun for example_setup_teardown to None, run_after=None
[2024-10-13T22:21:55.840-0400] {processor.py:208} INFO - Processing /Users/karenwang/anaconda3/envs/airflow_sqlite_env/lib/python3.9/site-packages/airflow/example_dags/example_setup_teardown.py took 0.261 seconds
[2024-10-13T22:26:04.865-0400] {processor.py:186} INFO - Started process (PID=71115) to work on /Users/karenwang/anaconda3/envs/airflow_sqlite_env/lib/python3.9/site-packages/airflow/example_dags/example_setup_teardown.py
[2024-10-13T22:26:04.867-0400] {processor.py:914} INFO - Processing file /Users/karenwang/anaconda3/envs/airflow_sqlite_env/lib/python3.9/site-packages/airflow/example_dags/example_setup_teardown.py for tasks to queue
[2024-10-13T22:26:04.868-0400] {logging_mixin.py:190} INFO - [2024-10-13T22:26:04.868-0400] {dagbag.py:588} INFO - Filling up the DagBag from /Users/karenwang/anaconda3/envs/airflow_sqlite_env/lib/python3.9/site-packages/airflow/example_dags/example_setup_teardown.py
[2024-10-13T22:26:04.883-0400] {processor.py:925} INFO - DAG(s) 'example_setup_teardown' retrieved from /Users/karenwang/anaconda3/envs/airflow_sqlite_env/lib/python3.9/site-packages/airflow/example_dags/example_setup_teardown.py
[2024-10-13T22:26:05.105-0400] {logging_mixin.py:190} INFO - [2024-10-13T22:26:05.105-0400] {dag.py:3239} INFO - Sync 1 DAGs
[2024-10-13T22:26:05.122-0400] {logging_mixin.py:190} INFO - [2024-10-13T22:26:05.122-0400] {dag.py:4180} INFO - Setting next_dagrun for example_setup_teardown to None, run_after=None
[2024-10-13T22:26:05.146-0400] {processor.py:208} INFO - Processing /Users/karenwang/anaconda3/envs/airflow_sqlite_env/lib/python3.9/site-packages/airflow/example_dags/example_setup_teardown.py took 0.287 seconds
[2024-10-13T22:34:39.873-0400] {processor.py:186} INFO - Started process (PID=73998) to work on /Users/karenwang/anaconda3/envs/airflow_sqlite_env/lib/python3.9/site-packages/airflow/example_dags/example_setup_teardown.py
[2024-10-13T22:34:39.874-0400] {processor.py:914} INFO - Processing file /Users/karenwang/anaconda3/envs/airflow_sqlite_env/lib/python3.9/site-packages/airflow/example_dags/example_setup_teardown.py for tasks to queue
[2024-10-13T22:34:39.876-0400] {logging_mixin.py:190} INFO - [2024-10-13T22:34:39.875-0400] {dagbag.py:588} INFO - Filling up the DagBag from /Users/karenwang/anaconda3/envs/airflow_sqlite_env/lib/python3.9/site-packages/airflow/example_dags/example_setup_teardown.py
[2024-10-13T22:34:39.888-0400] {processor.py:925} INFO - DAG(s) 'example_setup_teardown' retrieved from /Users/karenwang/anaconda3/envs/airflow_sqlite_env/lib/python3.9/site-packages/airflow/example_dags/example_setup_teardown.py
[2024-10-13T22:34:40.087-0400] {logging_mixin.py:190} INFO - [2024-10-13T22:34:40.086-0400] {dag.py:3239} INFO - Sync 1 DAGs
[2024-10-13T22:34:40.106-0400] {logging_mixin.py:190} INFO - [2024-10-13T22:34:40.106-0400] {dag.py:4180} INFO - Setting next_dagrun for example_setup_teardown to None, run_after=None
[2024-10-13T22:34:40.130-0400] {processor.py:208} INFO - Processing /Users/karenwang/anaconda3/envs/airflow_sqlite_env/lib/python3.9/site-packages/airflow/example_dags/example_setup_teardown.py took 0.264 seconds
