[2024-10-13T20:02:35.148-0400] {processor.py:186} INFO - Started process (PID=25906) to work on /Users/karenwang/anaconda3/envs/airflow_sqlite_env/lib/python3.9/site-packages/airflow/example_dags/example_latest_only_with_trigger.py
[2024-10-13T20:02:35.149-0400] {processor.py:914} INFO - Processing file /Users/karenwang/anaconda3/envs/airflow_sqlite_env/lib/python3.9/site-packages/airflow/example_dags/example_latest_only_with_trigger.py for tasks to queue
[2024-10-13T20:02:35.151-0400] {logging_mixin.py:190} INFO - [2024-10-13T20:02:35.151-0400] {dagbag.py:588} INFO - Filling up the DagBag from /Users/karenwang/anaconda3/envs/airflow_sqlite_env/lib/python3.9/site-packages/airflow/example_dags/example_latest_only_with_trigger.py
[2024-10-13T20:02:35.164-0400] {processor.py:925} INFO - DAG(s) 'latest_only_with_trigger' retrieved from /Users/karenwang/anaconda3/envs/airflow_sqlite_env/lib/python3.9/site-packages/airflow/example_dags/example_latest_only_with_trigger.py
[2024-10-13T20:02:35.391-0400] {logging_mixin.py:190} INFO - [2024-10-13T20:02:35.390-0400] {dag.py:3239} INFO - Sync 1 DAGs
[2024-10-13T20:02:35.416-0400] {logging_mixin.py:190} INFO - [2024-10-13T20:02:35.415-0400] {dag.py:4180} INFO - Setting next_dagrun for latest_only_with_trigger to 2024-10-13 20:00:00+00:00, run_after=2024-10-14 00:00:00+00:00
[2024-10-13T20:02:35.439-0400] {processor.py:208} INFO - Processing /Users/karenwang/anaconda3/envs/airflow_sqlite_env/lib/python3.9/site-packages/airflow/example_dags/example_latest_only_with_trigger.py took 0.298 seconds
[2024-10-13T20:06:46.552-0400] {processor.py:186} INFO - Started process (PID=27208) to work on /Users/karenwang/anaconda3/envs/airflow_sqlite_env/lib/python3.9/site-packages/airflow/example_dags/example_latest_only_with_trigger.py
[2024-10-13T20:06:46.553-0400] {processor.py:914} INFO - Processing file /Users/karenwang/anaconda3/envs/airflow_sqlite_env/lib/python3.9/site-packages/airflow/example_dags/example_latest_only_with_trigger.py for tasks to queue
[2024-10-13T20:06:46.555-0400] {logging_mixin.py:190} INFO - [2024-10-13T20:06:46.554-0400] {dagbag.py:588} INFO - Filling up the DagBag from /Users/karenwang/anaconda3/envs/airflow_sqlite_env/lib/python3.9/site-packages/airflow/example_dags/example_latest_only_with_trigger.py
[2024-10-13T20:06:46.565-0400] {processor.py:925} INFO - DAG(s) 'latest_only_with_trigger' retrieved from /Users/karenwang/anaconda3/envs/airflow_sqlite_env/lib/python3.9/site-packages/airflow/example_dags/example_latest_only_with_trigger.py
[2024-10-13T20:06:46.769-0400] {logging_mixin.py:190} INFO - [2024-10-13T20:06:46.769-0400] {dag.py:3239} INFO - Sync 1 DAGs
[2024-10-13T20:06:46.790-0400] {logging_mixin.py:190} INFO - [2024-10-13T20:06:46.790-0400] {dag.py:4180} INFO - Setting next_dagrun for latest_only_with_trigger to 2024-10-13 20:00:00+00:00, run_after=2024-10-14 00:00:00+00:00
[2024-10-13T20:06:46.811-0400] {processor.py:208} INFO - Processing /Users/karenwang/anaconda3/envs/airflow_sqlite_env/lib/python3.9/site-packages/airflow/example_dags/example_latest_only_with_trigger.py took 0.265 seconds
[2024-10-13T20:10:44.732-0400] {processor.py:186} INFO - Started process (PID=28425) to work on /Users/karenwang/anaconda3/envs/airflow_sqlite_env/lib/python3.9/site-packages/airflow/example_dags/example_latest_only_with_trigger.py
[2024-10-13T20:10:44.733-0400] {processor.py:914} INFO - Processing file /Users/karenwang/anaconda3/envs/airflow_sqlite_env/lib/python3.9/site-packages/airflow/example_dags/example_latest_only_with_trigger.py for tasks to queue
[2024-10-13T20:10:44.736-0400] {logging_mixin.py:190} INFO - [2024-10-13T20:10:44.735-0400] {dagbag.py:588} INFO - Filling up the DagBag from /Users/karenwang/anaconda3/envs/airflow_sqlite_env/lib/python3.9/site-packages/airflow/example_dags/example_latest_only_with_trigger.py
[2024-10-13T20:10:44.745-0400] {processor.py:925} INFO - DAG(s) 'latest_only_with_trigger' retrieved from /Users/karenwang/anaconda3/envs/airflow_sqlite_env/lib/python3.9/site-packages/airflow/example_dags/example_latest_only_with_trigger.py
[2024-10-13T20:10:44.983-0400] {logging_mixin.py:190} INFO - [2024-10-13T20:10:44.983-0400] {dag.py:3239} INFO - Sync 1 DAGs
[2024-10-13T20:10:45.018-0400] {logging_mixin.py:190} INFO - [2024-10-13T20:10:45.017-0400] {dag.py:4180} INFO - Setting next_dagrun for latest_only_with_trigger to 2024-10-13 20:00:00+00:00, run_after=2024-10-14 00:00:00+00:00
[2024-10-13T20:10:45.046-0400] {processor.py:208} INFO - Processing /Users/karenwang/anaconda3/envs/airflow_sqlite_env/lib/python3.9/site-packages/airflow/example_dags/example_latest_only_with_trigger.py took 0.321 seconds
[2024-10-13T20:14:44.502-0400] {processor.py:186} INFO - Started process (PID=29642) to work on /Users/karenwang/anaconda3/envs/airflow_sqlite_env/lib/python3.9/site-packages/airflow/example_dags/example_latest_only_with_trigger.py
[2024-10-13T20:14:44.503-0400] {processor.py:914} INFO - Processing file /Users/karenwang/anaconda3/envs/airflow_sqlite_env/lib/python3.9/site-packages/airflow/example_dags/example_latest_only_with_trigger.py for tasks to queue
[2024-10-13T20:14:44.505-0400] {logging_mixin.py:190} INFO - [2024-10-13T20:14:44.504-0400] {dagbag.py:588} INFO - Filling up the DagBag from /Users/karenwang/anaconda3/envs/airflow_sqlite_env/lib/python3.9/site-packages/airflow/example_dags/example_latest_only_with_trigger.py
[2024-10-13T20:14:44.517-0400] {processor.py:925} INFO - DAG(s) 'latest_only_with_trigger' retrieved from /Users/karenwang/anaconda3/envs/airflow_sqlite_env/lib/python3.9/site-packages/airflow/example_dags/example_latest_only_with_trigger.py
[2024-10-13T20:14:44.712-0400] {logging_mixin.py:190} INFO - [2024-10-13T20:14:44.712-0400] {dag.py:3239} INFO - Sync 1 DAGs
[2024-10-13T20:14:44.739-0400] {logging_mixin.py:190} INFO - [2024-10-13T20:14:44.739-0400] {dag.py:4180} INFO - Setting next_dagrun for latest_only_with_trigger to 2024-10-13 20:00:00+00:00, run_after=2024-10-14 00:00:00+00:00
[2024-10-13T20:14:44.762-0400] {processor.py:208} INFO - Processing /Users/karenwang/anaconda3/envs/airflow_sqlite_env/lib/python3.9/site-packages/airflow/example_dags/example_latest_only_with_trigger.py took 0.266 seconds
[2024-10-13T20:18:55.410-0400] {processor.py:186} INFO - Started process (PID=30927) to work on /Users/karenwang/anaconda3/envs/airflow_sqlite_env/lib/python3.9/site-packages/airflow/example_dags/example_latest_only_with_trigger.py
[2024-10-13T20:18:55.411-0400] {processor.py:914} INFO - Processing file /Users/karenwang/anaconda3/envs/airflow_sqlite_env/lib/python3.9/site-packages/airflow/example_dags/example_latest_only_with_trigger.py for tasks to queue
[2024-10-13T20:18:55.413-0400] {logging_mixin.py:190} INFO - [2024-10-13T20:18:55.413-0400] {dagbag.py:588} INFO - Filling up the DagBag from /Users/karenwang/anaconda3/envs/airflow_sqlite_env/lib/python3.9/site-packages/airflow/example_dags/example_latest_only_with_trigger.py
[2024-10-13T20:18:55.427-0400] {processor.py:925} INFO - DAG(s) 'latest_only_with_trigger' retrieved from /Users/karenwang/anaconda3/envs/airflow_sqlite_env/lib/python3.9/site-packages/airflow/example_dags/example_latest_only_with_trigger.py
[2024-10-13T20:18:55.649-0400] {logging_mixin.py:190} INFO - [2024-10-13T20:18:55.648-0400] {dag.py:3239} INFO - Sync 1 DAGs
[2024-10-13T20:18:55.675-0400] {logging_mixin.py:190} INFO - [2024-10-13T20:18:55.674-0400] {dag.py:4180} INFO - Setting next_dagrun for latest_only_with_trigger to 2024-10-13 20:00:00+00:00, run_after=2024-10-14 00:00:00+00:00
[2024-10-13T20:18:55.695-0400] {processor.py:208} INFO - Processing /Users/karenwang/anaconda3/envs/airflow_sqlite_env/lib/python3.9/site-packages/airflow/example_dags/example_latest_only_with_trigger.py took 0.292 seconds
[2024-10-13T20:23:19.853-0400] {processor.py:186} INFO - Started process (PID=32406) to work on /Users/karenwang/anaconda3/envs/airflow_sqlite_env/lib/python3.9/site-packages/airflow/example_dags/example_latest_only_with_trigger.py
[2024-10-13T20:23:19.854-0400] {processor.py:914} INFO - Processing file /Users/karenwang/anaconda3/envs/airflow_sqlite_env/lib/python3.9/site-packages/airflow/example_dags/example_latest_only_with_trigger.py for tasks to queue
[2024-10-13T20:23:19.856-0400] {logging_mixin.py:190} INFO - [2024-10-13T20:23:19.855-0400] {dagbag.py:588} INFO - Filling up the DagBag from /Users/karenwang/anaconda3/envs/airflow_sqlite_env/lib/python3.9/site-packages/airflow/example_dags/example_latest_only_with_trigger.py
[2024-10-13T20:23:19.870-0400] {processor.py:925} INFO - DAG(s) 'latest_only_with_trigger' retrieved from /Users/karenwang/anaconda3/envs/airflow_sqlite_env/lib/python3.9/site-packages/airflow/example_dags/example_latest_only_with_trigger.py
[2024-10-13T20:23:20.136-0400] {logging_mixin.py:190} INFO - [2024-10-13T20:23:20.135-0400] {dag.py:3239} INFO - Sync 1 DAGs
[2024-10-13T20:23:20.168-0400] {logging_mixin.py:190} INFO - [2024-10-13T20:23:20.168-0400] {dag.py:4180} INFO - Setting next_dagrun for latest_only_with_trigger to 2024-10-13 20:00:00+00:00, run_after=2024-10-14 00:00:00+00:00
[2024-10-13T20:23:20.196-0400] {processor.py:208} INFO - Processing /Users/karenwang/anaconda3/envs/airflow_sqlite_env/lib/python3.9/site-packages/airflow/example_dags/example_latest_only_with_trigger.py took 0.351 seconds
[2024-10-13T20:28:59.988-0400] {processor.py:186} INFO - Started process (PID=34324) to work on /Users/karenwang/anaconda3/envs/airflow_sqlite_env/lib/python3.9/site-packages/airflow/example_dags/example_latest_only_with_trigger.py
[2024-10-13T20:28:59.989-0400] {processor.py:914} INFO - Processing file /Users/karenwang/anaconda3/envs/airflow_sqlite_env/lib/python3.9/site-packages/airflow/example_dags/example_latest_only_with_trigger.py for tasks to queue
[2024-10-13T20:28:59.991-0400] {logging_mixin.py:190} INFO - [2024-10-13T20:28:59.990-0400] {dagbag.py:588} INFO - Filling up the DagBag from /Users/karenwang/anaconda3/envs/airflow_sqlite_env/lib/python3.9/site-packages/airflow/example_dags/example_latest_only_with_trigger.py
[2024-10-13T20:29:00.002-0400] {processor.py:925} INFO - DAG(s) 'latest_only_with_trigger' retrieved from /Users/karenwang/anaconda3/envs/airflow_sqlite_env/lib/python3.9/site-packages/airflow/example_dags/example_latest_only_with_trigger.py
[2024-10-13T20:29:00.229-0400] {logging_mixin.py:190} INFO - [2024-10-13T20:29:00.228-0400] {dag.py:3239} INFO - Sync 1 DAGs
[2024-10-13T20:29:00.263-0400] {logging_mixin.py:190} INFO - [2024-10-13T20:29:00.263-0400] {dag.py:4180} INFO - Setting next_dagrun for latest_only_with_trigger to 2024-10-13 20:00:00+00:00, run_after=2024-10-14 00:00:00+00:00
[2024-10-13T20:29:00.295-0400] {processor.py:208} INFO - Processing /Users/karenwang/anaconda3/envs/airflow_sqlite_env/lib/python3.9/site-packages/airflow/example_dags/example_latest_only_with_trigger.py took 0.315 seconds
[2024-10-13T20:33:22.091-0400] {processor.py:186} INFO - Started process (PID=35735) to work on /Users/karenwang/anaconda3/envs/airflow_sqlite_env/lib/python3.9/site-packages/airflow/example_dags/example_latest_only_with_trigger.py
[2024-10-13T20:33:22.092-0400] {processor.py:914} INFO - Processing file /Users/karenwang/anaconda3/envs/airflow_sqlite_env/lib/python3.9/site-packages/airflow/example_dags/example_latest_only_with_trigger.py for tasks to queue
[2024-10-13T20:33:22.093-0400] {logging_mixin.py:190} INFO - [2024-10-13T20:33:22.093-0400] {dagbag.py:588} INFO - Filling up the DagBag from /Users/karenwang/anaconda3/envs/airflow_sqlite_env/lib/python3.9/site-packages/airflow/example_dags/example_latest_only_with_trigger.py
[2024-10-13T20:33:22.103-0400] {processor.py:925} INFO - DAG(s) 'latest_only_with_trigger' retrieved from /Users/karenwang/anaconda3/envs/airflow_sqlite_env/lib/python3.9/site-packages/airflow/example_dags/example_latest_only_with_trigger.py
[2024-10-13T20:33:22.291-0400] {logging_mixin.py:190} INFO - [2024-10-13T20:33:22.291-0400] {dag.py:3239} INFO - Sync 1 DAGs
[2024-10-13T20:33:22.312-0400] {logging_mixin.py:190} INFO - [2024-10-13T20:33:22.312-0400] {dag.py:4180} INFO - Setting next_dagrun for latest_only_with_trigger to 2024-10-13 20:00:00+00:00, run_after=2024-10-14 00:00:00+00:00
[2024-10-13T20:33:22.331-0400] {processor.py:208} INFO - Processing /Users/karenwang/anaconda3/envs/airflow_sqlite_env/lib/python3.9/site-packages/airflow/example_dags/example_latest_only_with_trigger.py took 0.246 seconds
[2024-10-13T20:37:04.102-0400] {processor.py:186} INFO - Started process (PID=36917) to work on /Users/karenwang/anaconda3/envs/airflow_sqlite_env/lib/python3.9/site-packages/airflow/example_dags/example_latest_only_with_trigger.py
[2024-10-13T20:37:04.104-0400] {processor.py:914} INFO - Processing file /Users/karenwang/anaconda3/envs/airflow_sqlite_env/lib/python3.9/site-packages/airflow/example_dags/example_latest_only_with_trigger.py for tasks to queue
[2024-10-13T20:37:04.105-0400] {logging_mixin.py:190} INFO - [2024-10-13T20:37:04.105-0400] {dagbag.py:588} INFO - Filling up the DagBag from /Users/karenwang/anaconda3/envs/airflow_sqlite_env/lib/python3.9/site-packages/airflow/example_dags/example_latest_only_with_trigger.py
[2024-10-13T20:37:04.118-0400] {processor.py:925} INFO - DAG(s) 'latest_only_with_trigger' retrieved from /Users/karenwang/anaconda3/envs/airflow_sqlite_env/lib/python3.9/site-packages/airflow/example_dags/example_latest_only_with_trigger.py
[2024-10-13T20:37:04.324-0400] {logging_mixin.py:190} INFO - [2024-10-13T20:37:04.324-0400] {dag.py:3239} INFO - Sync 1 DAGs
[2024-10-13T20:37:04.345-0400] {logging_mixin.py:190} INFO - [2024-10-13T20:37:04.345-0400] {dag.py:4180} INFO - Setting next_dagrun for latest_only_with_trigger to 2024-10-13 20:00:00+00:00, run_after=2024-10-14 00:00:00+00:00
[2024-10-13T20:37:04.368-0400] {processor.py:208} INFO - Processing /Users/karenwang/anaconda3/envs/airflow_sqlite_env/lib/python3.9/site-packages/airflow/example_dags/example_latest_only_with_trigger.py took 0.271 seconds
[2024-10-13T20:40:42.921-0400] {processor.py:186} INFO - Started process (PID=38032) to work on /Users/karenwang/anaconda3/envs/airflow_sqlite_env/lib/python3.9/site-packages/airflow/example_dags/example_latest_only_with_trigger.py
[2024-10-13T20:40:42.922-0400] {processor.py:914} INFO - Processing file /Users/karenwang/anaconda3/envs/airflow_sqlite_env/lib/python3.9/site-packages/airflow/example_dags/example_latest_only_with_trigger.py for tasks to queue
[2024-10-13T20:40:42.924-0400] {logging_mixin.py:190} INFO - [2024-10-13T20:40:42.923-0400] {dagbag.py:588} INFO - Filling up the DagBag from /Users/karenwang/anaconda3/envs/airflow_sqlite_env/lib/python3.9/site-packages/airflow/example_dags/example_latest_only_with_trigger.py
[2024-10-13T20:40:42.935-0400] {processor.py:925} INFO - DAG(s) 'latest_only_with_trigger' retrieved from /Users/karenwang/anaconda3/envs/airflow_sqlite_env/lib/python3.9/site-packages/airflow/example_dags/example_latest_only_with_trigger.py
[2024-10-13T20:40:43.141-0400] {logging_mixin.py:190} INFO - [2024-10-13T20:40:43.141-0400] {dag.py:3239} INFO - Sync 1 DAGs
[2024-10-13T20:40:43.163-0400] {logging_mixin.py:190} INFO - [2024-10-13T20:40:43.162-0400] {dag.py:4180} INFO - Setting next_dagrun for latest_only_with_trigger to 2024-10-13 20:00:00+00:00, run_after=2024-10-14 00:00:00+00:00
[2024-10-13T20:40:43.187-0400] {processor.py:208} INFO - Processing /Users/karenwang/anaconda3/envs/airflow_sqlite_env/lib/python3.9/site-packages/airflow/example_dags/example_latest_only_with_trigger.py took 0.272 seconds
[2024-10-13T20:44:22.360-0400] {processor.py:186} INFO - Started process (PID=39161) to work on /Users/karenwang/anaconda3/envs/airflow_sqlite_env/lib/python3.9/site-packages/airflow/example_dags/example_latest_only_with_trigger.py
[2024-10-13T20:44:22.361-0400] {processor.py:914} INFO - Processing file /Users/karenwang/anaconda3/envs/airflow_sqlite_env/lib/python3.9/site-packages/airflow/example_dags/example_latest_only_with_trigger.py for tasks to queue
[2024-10-13T20:44:22.362-0400] {logging_mixin.py:190} INFO - [2024-10-13T20:44:22.362-0400] {dagbag.py:588} INFO - Filling up the DagBag from /Users/karenwang/anaconda3/envs/airflow_sqlite_env/lib/python3.9/site-packages/airflow/example_dags/example_latest_only_with_trigger.py
[2024-10-13T20:44:22.371-0400] {processor.py:925} INFO - DAG(s) 'latest_only_with_trigger' retrieved from /Users/karenwang/anaconda3/envs/airflow_sqlite_env/lib/python3.9/site-packages/airflow/example_dags/example_latest_only_with_trigger.py
[2024-10-13T20:44:22.578-0400] {logging_mixin.py:190} INFO - [2024-10-13T20:44:22.578-0400] {dag.py:3239} INFO - Sync 1 DAGs
[2024-10-13T20:44:22.600-0400] {logging_mixin.py:190} INFO - [2024-10-13T20:44:22.599-0400] {dag.py:4180} INFO - Setting next_dagrun for latest_only_with_trigger to 2024-10-13 20:00:00+00:00, run_after=2024-10-14 00:00:00+00:00
[2024-10-13T20:44:22.619-0400] {processor.py:208} INFO - Processing /Users/karenwang/anaconda3/envs/airflow_sqlite_env/lib/python3.9/site-packages/airflow/example_dags/example_latest_only_with_trigger.py took 0.265 seconds
[2024-10-13T20:48:02.867-0400] {processor.py:186} INFO - Started process (PID=40321) to work on /Users/karenwang/anaconda3/envs/airflow_sqlite_env/lib/python3.9/site-packages/airflow/example_dags/example_latest_only_with_trigger.py
[2024-10-13T20:48:02.868-0400] {processor.py:914} INFO - Processing file /Users/karenwang/anaconda3/envs/airflow_sqlite_env/lib/python3.9/site-packages/airflow/example_dags/example_latest_only_with_trigger.py for tasks to queue
[2024-10-13T20:48:02.869-0400] {logging_mixin.py:190} INFO - [2024-10-13T20:48:02.869-0400] {dagbag.py:588} INFO - Filling up the DagBag from /Users/karenwang/anaconda3/envs/airflow_sqlite_env/lib/python3.9/site-packages/airflow/example_dags/example_latest_only_with_trigger.py
[2024-10-13T20:48:02.883-0400] {processor.py:925} INFO - DAG(s) 'latest_only_with_trigger' retrieved from /Users/karenwang/anaconda3/envs/airflow_sqlite_env/lib/python3.9/site-packages/airflow/example_dags/example_latest_only_with_trigger.py
[2024-10-13T20:48:03.073-0400] {logging_mixin.py:190} INFO - [2024-10-13T20:48:03.073-0400] {dag.py:3239} INFO - Sync 1 DAGs
[2024-10-13T20:48:03.097-0400] {logging_mixin.py:190} INFO - [2024-10-13T20:48:03.097-0400] {dag.py:4180} INFO - Setting next_dagrun for latest_only_with_trigger to 2024-10-13 20:00:00+00:00, run_after=2024-10-14 00:00:00+00:00
[2024-10-13T20:48:03.118-0400] {processor.py:208} INFO - Processing /Users/karenwang/anaconda3/envs/airflow_sqlite_env/lib/python3.9/site-packages/airflow/example_dags/example_latest_only_with_trigger.py took 0.257 seconds
[2024-10-13T20:51:40.801-0400] {processor.py:186} INFO - Started process (PID=41436) to work on /Users/karenwang/anaconda3/envs/airflow_sqlite_env/lib/python3.9/site-packages/airflow/example_dags/example_latest_only_with_trigger.py
[2024-10-13T20:51:40.802-0400] {processor.py:914} INFO - Processing file /Users/karenwang/anaconda3/envs/airflow_sqlite_env/lib/python3.9/site-packages/airflow/example_dags/example_latest_only_with_trigger.py for tasks to queue
[2024-10-13T20:51:40.804-0400] {logging_mixin.py:190} INFO - [2024-10-13T20:51:40.803-0400] {dagbag.py:588} INFO - Filling up the DagBag from /Users/karenwang/anaconda3/envs/airflow_sqlite_env/lib/python3.9/site-packages/airflow/example_dags/example_latest_only_with_trigger.py
[2024-10-13T20:51:40.816-0400] {processor.py:925} INFO - DAG(s) 'latest_only_with_trigger' retrieved from /Users/karenwang/anaconda3/envs/airflow_sqlite_env/lib/python3.9/site-packages/airflow/example_dags/example_latest_only_with_trigger.py
[2024-10-13T20:51:41.007-0400] {logging_mixin.py:190} INFO - [2024-10-13T20:51:41.007-0400] {dag.py:3239} INFO - Sync 1 DAGs
[2024-10-13T20:51:41.029-0400] {logging_mixin.py:190} INFO - [2024-10-13T20:51:41.028-0400] {dag.py:4180} INFO - Setting next_dagrun for latest_only_with_trigger to 2024-10-13 20:00:00+00:00, run_after=2024-10-14 00:00:00+00:00
[2024-10-13T20:51:41.054-0400] {processor.py:208} INFO - Processing /Users/karenwang/anaconda3/envs/airflow_sqlite_env/lib/python3.9/site-packages/airflow/example_dags/example_latest_only_with_trigger.py took 0.259 seconds
[2024-10-13T20:55:20.657-0400] {processor.py:186} INFO - Started process (PID=42599) to work on /Users/karenwang/anaconda3/envs/airflow_sqlite_env/lib/python3.9/site-packages/airflow/example_dags/example_latest_only_with_trigger.py
[2024-10-13T20:55:20.658-0400] {processor.py:914} INFO - Processing file /Users/karenwang/anaconda3/envs/airflow_sqlite_env/lib/python3.9/site-packages/airflow/example_dags/example_latest_only_with_trigger.py for tasks to queue
[2024-10-13T20:55:20.660-0400] {logging_mixin.py:190} INFO - [2024-10-13T20:55:20.659-0400] {dagbag.py:588} INFO - Filling up the DagBag from /Users/karenwang/anaconda3/envs/airflow_sqlite_env/lib/python3.9/site-packages/airflow/example_dags/example_latest_only_with_trigger.py
[2024-10-13T20:55:20.671-0400] {processor.py:925} INFO - DAG(s) 'latest_only_with_trigger' retrieved from /Users/karenwang/anaconda3/envs/airflow_sqlite_env/lib/python3.9/site-packages/airflow/example_dags/example_latest_only_with_trigger.py
[2024-10-13T20:55:20.875-0400] {logging_mixin.py:190} INFO - [2024-10-13T20:55:20.874-0400] {dag.py:3239} INFO - Sync 1 DAGs
[2024-10-13T20:55:20.903-0400] {logging_mixin.py:190} INFO - [2024-10-13T20:55:20.903-0400] {dag.py:4180} INFO - Setting next_dagrun for latest_only_with_trigger to 2024-10-13 20:00:00+00:00, run_after=2024-10-14 00:00:00+00:00
[2024-10-13T20:55:20.926-0400] {processor.py:208} INFO - Processing /Users/karenwang/anaconda3/envs/airflow_sqlite_env/lib/python3.9/site-packages/airflow/example_dags/example_latest_only_with_trigger.py took 0.275 seconds
[2024-10-13T20:59:01.887-0400] {processor.py:186} INFO - Started process (PID=43739) to work on /Users/karenwang/anaconda3/envs/airflow_sqlite_env/lib/python3.9/site-packages/airflow/example_dags/example_latest_only_with_trigger.py
[2024-10-13T20:59:01.889-0400] {processor.py:914} INFO - Processing file /Users/karenwang/anaconda3/envs/airflow_sqlite_env/lib/python3.9/site-packages/airflow/example_dags/example_latest_only_with_trigger.py for tasks to queue
[2024-10-13T20:59:01.891-0400] {logging_mixin.py:190} INFO - [2024-10-13T20:59:01.890-0400] {dagbag.py:588} INFO - Filling up the DagBag from /Users/karenwang/anaconda3/envs/airflow_sqlite_env/lib/python3.9/site-packages/airflow/example_dags/example_latest_only_with_trigger.py
[2024-10-13T20:59:01.901-0400] {processor.py:925} INFO - DAG(s) 'latest_only_with_trigger' retrieved from /Users/karenwang/anaconda3/envs/airflow_sqlite_env/lib/python3.9/site-packages/airflow/example_dags/example_latest_only_with_trigger.py
[2024-10-13T20:59:02.100-0400] {logging_mixin.py:190} INFO - [2024-10-13T20:59:02.100-0400] {dag.py:3239} INFO - Sync 1 DAGs
[2024-10-13T20:59:02.127-0400] {logging_mixin.py:190} INFO - [2024-10-13T20:59:02.127-0400] {dag.py:4180} INFO - Setting next_dagrun for latest_only_with_trigger to 2024-10-13 20:00:00+00:00, run_after=2024-10-14 00:00:00+00:00
[2024-10-13T20:59:02.150-0400] {processor.py:208} INFO - Processing /Users/karenwang/anaconda3/envs/airflow_sqlite_env/lib/python3.9/site-packages/airflow/example_dags/example_latest_only_with_trigger.py took 0.269 seconds
[2024-10-13T21:02:41.874-0400] {processor.py:186} INFO - Started process (PID=44874) to work on /Users/karenwang/anaconda3/envs/airflow_sqlite_env/lib/python3.9/site-packages/airflow/example_dags/example_latest_only_with_trigger.py
[2024-10-13T21:02:41.876-0400] {processor.py:914} INFO - Processing file /Users/karenwang/anaconda3/envs/airflow_sqlite_env/lib/python3.9/site-packages/airflow/example_dags/example_latest_only_with_trigger.py for tasks to queue
[2024-10-13T21:02:41.878-0400] {logging_mixin.py:190} INFO - [2024-10-13T21:02:41.878-0400] {dagbag.py:588} INFO - Filling up the DagBag from /Users/karenwang/anaconda3/envs/airflow_sqlite_env/lib/python3.9/site-packages/airflow/example_dags/example_latest_only_with_trigger.py
[2024-10-13T21:02:41.891-0400] {processor.py:925} INFO - DAG(s) 'latest_only_with_trigger' retrieved from /Users/karenwang/anaconda3/envs/airflow_sqlite_env/lib/python3.9/site-packages/airflow/example_dags/example_latest_only_with_trigger.py
[2024-10-13T21:02:42.105-0400] {logging_mixin.py:190} INFO - [2024-10-13T21:02:42.105-0400] {dag.py:3239} INFO - Sync 1 DAGs
[2024-10-13T21:02:42.133-0400] {logging_mixin.py:190} INFO - [2024-10-13T21:02:42.133-0400] {dag.py:4180} INFO - Setting next_dagrun for latest_only_with_trigger to 2024-10-13 20:00:00+00:00, run_after=2024-10-14 00:00:00+00:00
[2024-10-13T21:02:42.157-0400] {processor.py:208} INFO - Processing /Users/karenwang/anaconda3/envs/airflow_sqlite_env/lib/python3.9/site-packages/airflow/example_dags/example_latest_only_with_trigger.py took 0.290 seconds
[2024-10-13T21:06:21.431-0400] {processor.py:186} INFO - Started process (PID=46000) to work on /Users/karenwang/anaconda3/envs/airflow_sqlite_env/lib/python3.9/site-packages/airflow/example_dags/example_latest_only_with_trigger.py
[2024-10-13T21:06:21.433-0400] {processor.py:914} INFO - Processing file /Users/karenwang/anaconda3/envs/airflow_sqlite_env/lib/python3.9/site-packages/airflow/example_dags/example_latest_only_with_trigger.py for tasks to queue
[2024-10-13T21:06:21.434-0400] {logging_mixin.py:190} INFO - [2024-10-13T21:06:21.434-0400] {dagbag.py:588} INFO - Filling up the DagBag from /Users/karenwang/anaconda3/envs/airflow_sqlite_env/lib/python3.9/site-packages/airflow/example_dags/example_latest_only_with_trigger.py
[2024-10-13T21:06:21.445-0400] {processor.py:925} INFO - DAG(s) 'latest_only_with_trigger' retrieved from /Users/karenwang/anaconda3/envs/airflow_sqlite_env/lib/python3.9/site-packages/airflow/example_dags/example_latest_only_with_trigger.py
[2024-10-13T21:06:21.640-0400] {logging_mixin.py:190} INFO - [2024-10-13T21:06:21.639-0400] {dag.py:3239} INFO - Sync 1 DAGs
[2024-10-13T21:06:21.665-0400] {logging_mixin.py:190} INFO - [2024-10-13T21:06:21.665-0400] {dag.py:4180} INFO - Setting next_dagrun for latest_only_with_trigger to 2024-10-13 20:00:00+00:00, run_after=2024-10-14 00:00:00+00:00
[2024-10-13T21:06:21.690-0400] {processor.py:208} INFO - Processing /Users/karenwang/anaconda3/envs/airflow_sqlite_env/lib/python3.9/site-packages/airflow/example_dags/example_latest_only_with_trigger.py took 0.265 seconds
[2024-10-13T21:11:51.123-0400] {processor.py:186} INFO - Started process (PID=47786) to work on /Users/karenwang/anaconda3/envs/airflow_sqlite_env/lib/python3.9/site-packages/airflow/example_dags/example_latest_only_with_trigger.py
[2024-10-13T21:11:51.125-0400] {processor.py:914} INFO - Processing file /Users/karenwang/anaconda3/envs/airflow_sqlite_env/lib/python3.9/site-packages/airflow/example_dags/example_latest_only_with_trigger.py for tasks to queue
[2024-10-13T21:11:51.126-0400] {logging_mixin.py:190} INFO - [2024-10-13T21:11:51.126-0400] {dagbag.py:588} INFO - Filling up the DagBag from /Users/karenwang/anaconda3/envs/airflow_sqlite_env/lib/python3.9/site-packages/airflow/example_dags/example_latest_only_with_trigger.py
[2024-10-13T21:11:51.139-0400] {processor.py:925} INFO - DAG(s) 'latest_only_with_trigger' retrieved from /Users/karenwang/anaconda3/envs/airflow_sqlite_env/lib/python3.9/site-packages/airflow/example_dags/example_latest_only_with_trigger.py
[2024-10-13T21:11:51.414-0400] {logging_mixin.py:190} INFO - [2024-10-13T21:11:51.413-0400] {dag.py:3239} INFO - Sync 1 DAGs
[2024-10-13T21:11:51.435-0400] {logging_mixin.py:190} INFO - [2024-10-13T21:11:51.435-0400] {dag.py:4180} INFO - Setting next_dagrun for latest_only_with_trigger to 2024-10-13 20:00:00+00:00, run_after=2024-10-14 00:00:00+00:00
[2024-10-13T21:11:51.456-0400] {processor.py:208} INFO - Processing /Users/karenwang/anaconda3/envs/airflow_sqlite_env/lib/python3.9/site-packages/airflow/example_dags/example_latest_only_with_trigger.py took 0.340 seconds
[2024-10-13T21:16:28.140-0400] {processor.py:186} INFO - Started process (PID=49450) to work on /Users/karenwang/anaconda3/envs/airflow_sqlite_env/lib/python3.9/site-packages/airflow/example_dags/example_latest_only_with_trigger.py
[2024-10-13T21:16:28.141-0400] {processor.py:914} INFO - Processing file /Users/karenwang/anaconda3/envs/airflow_sqlite_env/lib/python3.9/site-packages/airflow/example_dags/example_latest_only_with_trigger.py for tasks to queue
[2024-10-13T21:16:28.143-0400] {logging_mixin.py:190} INFO - [2024-10-13T21:16:28.143-0400] {dagbag.py:588} INFO - Filling up the DagBag from /Users/karenwang/anaconda3/envs/airflow_sqlite_env/lib/python3.9/site-packages/airflow/example_dags/example_latest_only_with_trigger.py
[2024-10-13T21:16:28.155-0400] {processor.py:925} INFO - DAG(s) 'latest_only_with_trigger' retrieved from /Users/karenwang/anaconda3/envs/airflow_sqlite_env/lib/python3.9/site-packages/airflow/example_dags/example_latest_only_with_trigger.py
[2024-10-13T21:16:28.343-0400] {logging_mixin.py:190} INFO - [2024-10-13T21:16:28.342-0400] {dag.py:3239} INFO - Sync 1 DAGs
[2024-10-13T21:16:28.367-0400] {logging_mixin.py:190} INFO - [2024-10-13T21:16:28.367-0400] {dag.py:4180} INFO - Setting next_dagrun for latest_only_with_trigger to 2024-10-13 20:00:00+00:00, run_after=2024-10-14 00:00:00+00:00
[2024-10-13T21:16:28.389-0400] {processor.py:208} INFO - Processing /Users/karenwang/anaconda3/envs/airflow_sqlite_env/lib/python3.9/site-packages/airflow/example_dags/example_latest_only_with_trigger.py took 0.255 seconds
[2024-10-13T21:20:11.804-0400] {processor.py:186} INFO - Started process (PID=50624) to work on /Users/karenwang/anaconda3/envs/airflow_sqlite_env/lib/python3.9/site-packages/airflow/example_dags/example_latest_only_with_trigger.py
[2024-10-13T21:20:11.805-0400] {processor.py:914} INFO - Processing file /Users/karenwang/anaconda3/envs/airflow_sqlite_env/lib/python3.9/site-packages/airflow/example_dags/example_latest_only_with_trigger.py for tasks to queue
[2024-10-13T21:20:11.806-0400] {logging_mixin.py:190} INFO - [2024-10-13T21:20:11.806-0400] {dagbag.py:588} INFO - Filling up the DagBag from /Users/karenwang/anaconda3/envs/airflow_sqlite_env/lib/python3.9/site-packages/airflow/example_dags/example_latest_only_with_trigger.py
[2024-10-13T21:20:11.818-0400] {processor.py:925} INFO - DAG(s) 'latest_only_with_trigger' retrieved from /Users/karenwang/anaconda3/envs/airflow_sqlite_env/lib/python3.9/site-packages/airflow/example_dags/example_latest_only_with_trigger.py
[2024-10-13T21:20:12.000-0400] {logging_mixin.py:190} INFO - [2024-10-13T21:20:11.999-0400] {dag.py:3239} INFO - Sync 1 DAGs
[2024-10-13T21:20:12.020-0400] {logging_mixin.py:190} INFO - [2024-10-13T21:20:12.020-0400] {dag.py:4180} INFO - Setting next_dagrun for latest_only_with_trigger to 2024-10-13 20:00:00+00:00, run_after=2024-10-14 00:00:00+00:00
[2024-10-13T21:20:12.041-0400] {processor.py:208} INFO - Processing /Users/karenwang/anaconda3/envs/airflow_sqlite_env/lib/python3.9/site-packages/airflow/example_dags/example_latest_only_with_trigger.py took 0.243 seconds
[2024-10-13T21:23:53.667-0400] {processor.py:186} INFO - Started process (PID=51753) to work on /Users/karenwang/anaconda3/envs/airflow_sqlite_env/lib/python3.9/site-packages/airflow/example_dags/example_latest_only_with_trigger.py
[2024-10-13T21:23:53.669-0400] {processor.py:914} INFO - Processing file /Users/karenwang/anaconda3/envs/airflow_sqlite_env/lib/python3.9/site-packages/airflow/example_dags/example_latest_only_with_trigger.py for tasks to queue
[2024-10-13T21:23:53.670-0400] {logging_mixin.py:190} INFO - [2024-10-13T21:23:53.670-0400] {dagbag.py:588} INFO - Filling up the DagBag from /Users/karenwang/anaconda3/envs/airflow_sqlite_env/lib/python3.9/site-packages/airflow/example_dags/example_latest_only_with_trigger.py
[2024-10-13T21:23:53.680-0400] {processor.py:925} INFO - DAG(s) 'latest_only_with_trigger' retrieved from /Users/karenwang/anaconda3/envs/airflow_sqlite_env/lib/python3.9/site-packages/airflow/example_dags/example_latest_only_with_trigger.py
[2024-10-13T21:23:53.883-0400] {logging_mixin.py:190} INFO - [2024-10-13T21:23:53.883-0400] {dag.py:3239} INFO - Sync 1 DAGs
[2024-10-13T21:23:53.905-0400] {logging_mixin.py:190} INFO - [2024-10-13T21:23:53.905-0400] {dag.py:4180} INFO - Setting next_dagrun for latest_only_with_trigger to 2024-10-13 20:00:00+00:00, run_after=2024-10-14 00:00:00+00:00
[2024-10-13T21:23:53.930-0400] {processor.py:208} INFO - Processing /Users/karenwang/anaconda3/envs/airflow_sqlite_env/lib/python3.9/site-packages/airflow/example_dags/example_latest_only_with_trigger.py took 0.268 seconds
[2024-10-13T21:27:33.098-0400] {processor.py:186} INFO - Started process (PID=52894) to work on /Users/karenwang/anaconda3/envs/airflow_sqlite_env/lib/python3.9/site-packages/airflow/example_dags/example_latest_only_with_trigger.py
[2024-10-13T21:27:33.100-0400] {processor.py:914} INFO - Processing file /Users/karenwang/anaconda3/envs/airflow_sqlite_env/lib/python3.9/site-packages/airflow/example_dags/example_latest_only_with_trigger.py for tasks to queue
[2024-10-13T21:27:33.101-0400] {logging_mixin.py:190} INFO - [2024-10-13T21:27:33.101-0400] {dagbag.py:588} INFO - Filling up the DagBag from /Users/karenwang/anaconda3/envs/airflow_sqlite_env/lib/python3.9/site-packages/airflow/example_dags/example_latest_only_with_trigger.py
[2024-10-13T21:27:33.112-0400] {processor.py:925} INFO - DAG(s) 'latest_only_with_trigger' retrieved from /Users/karenwang/anaconda3/envs/airflow_sqlite_env/lib/python3.9/site-packages/airflow/example_dags/example_latest_only_with_trigger.py
[2024-10-13T21:27:33.316-0400] {logging_mixin.py:190} INFO - [2024-10-13T21:27:33.315-0400] {dag.py:3239} INFO - Sync 1 DAGs
[2024-10-13T21:27:33.342-0400] {logging_mixin.py:190} INFO - [2024-10-13T21:27:33.342-0400] {dag.py:4180} INFO - Setting next_dagrun for latest_only_with_trigger to 2024-10-13 20:00:00+00:00, run_after=2024-10-14 00:00:00+00:00
[2024-10-13T21:27:33.366-0400] {processor.py:208} INFO - Processing /Users/karenwang/anaconda3/envs/airflow_sqlite_env/lib/python3.9/site-packages/airflow/example_dags/example_latest_only_with_trigger.py took 0.274 seconds
[2024-10-13T21:31:32.753-0400] {processor.py:186} INFO - Started process (PID=54152) to work on /Users/karenwang/anaconda3/envs/airflow_sqlite_env/lib/python3.9/site-packages/airflow/example_dags/example_latest_only_with_trigger.py
[2024-10-13T21:31:32.754-0400] {processor.py:914} INFO - Processing file /Users/karenwang/anaconda3/envs/airflow_sqlite_env/lib/python3.9/site-packages/airflow/example_dags/example_latest_only_with_trigger.py for tasks to queue
[2024-10-13T21:31:32.755-0400] {logging_mixin.py:190} INFO - [2024-10-13T21:31:32.755-0400] {dagbag.py:588} INFO - Filling up the DagBag from /Users/karenwang/anaconda3/envs/airflow_sqlite_env/lib/python3.9/site-packages/airflow/example_dags/example_latest_only_with_trigger.py
[2024-10-13T21:31:32.767-0400] {processor.py:925} INFO - DAG(s) 'latest_only_with_trigger' retrieved from /Users/karenwang/anaconda3/envs/airflow_sqlite_env/lib/python3.9/site-packages/airflow/example_dags/example_latest_only_with_trigger.py
[2024-10-13T21:31:32.987-0400] {logging_mixin.py:190} INFO - [2024-10-13T21:31:32.986-0400] {dag.py:3239} INFO - Sync 1 DAGs
[2024-10-13T21:31:33.011-0400] {logging_mixin.py:190} INFO - [2024-10-13T21:31:33.011-0400] {dag.py:4180} INFO - Setting next_dagrun for latest_only_with_trigger to 2024-10-13 20:00:00+00:00, run_after=2024-10-14 00:00:00+00:00
[2024-10-13T21:31:33.037-0400] {processor.py:208} INFO - Processing /Users/karenwang/anaconda3/envs/airflow_sqlite_env/lib/python3.9/site-packages/airflow/example_dags/example_latest_only_with_trigger.py took 0.292 seconds
[2024-10-13T21:35:26.409-0400] {processor.py:186} INFO - Started process (PID=55379) to work on /Users/karenwang/anaconda3/envs/airflow_sqlite_env/lib/python3.9/site-packages/airflow/example_dags/example_latest_only_with_trigger.py
[2024-10-13T21:35:26.411-0400] {processor.py:914} INFO - Processing file /Users/karenwang/anaconda3/envs/airflow_sqlite_env/lib/python3.9/site-packages/airflow/example_dags/example_latest_only_with_trigger.py for tasks to queue
[2024-10-13T21:35:26.412-0400] {logging_mixin.py:190} INFO - [2024-10-13T21:35:26.412-0400] {dagbag.py:588} INFO - Filling up the DagBag from /Users/karenwang/anaconda3/envs/airflow_sqlite_env/lib/python3.9/site-packages/airflow/example_dags/example_latest_only_with_trigger.py
[2024-10-13T21:35:26.423-0400] {processor.py:925} INFO - DAG(s) 'latest_only_with_trigger' retrieved from /Users/karenwang/anaconda3/envs/airflow_sqlite_env/lib/python3.9/site-packages/airflow/example_dags/example_latest_only_with_trigger.py
[2024-10-13T21:35:26.671-0400] {logging_mixin.py:190} INFO - [2024-10-13T21:35:26.670-0400] {dag.py:3239} INFO - Sync 1 DAGs
[2024-10-13T21:35:26.698-0400] {logging_mixin.py:190} INFO - [2024-10-13T21:35:26.698-0400] {dag.py:4180} INFO - Setting next_dagrun for latest_only_with_trigger to 2024-10-13 20:00:00+00:00, run_after=2024-10-14 00:00:00+00:00
[2024-10-13T21:35:26.724-0400] {processor.py:208} INFO - Processing /Users/karenwang/anaconda3/envs/airflow_sqlite_env/lib/python3.9/site-packages/airflow/example_dags/example_latest_only_with_trigger.py took 0.322 seconds
[2024-10-13T21:39:19.320-0400] {processor.py:186} INFO - Started process (PID=56595) to work on /Users/karenwang/anaconda3/envs/airflow_sqlite_env/lib/python3.9/site-packages/airflow/example_dags/example_latest_only_with_trigger.py
[2024-10-13T21:39:19.321-0400] {processor.py:914} INFO - Processing file /Users/karenwang/anaconda3/envs/airflow_sqlite_env/lib/python3.9/site-packages/airflow/example_dags/example_latest_only_with_trigger.py for tasks to queue
[2024-10-13T21:39:19.323-0400] {logging_mixin.py:190} INFO - [2024-10-13T21:39:19.323-0400] {dagbag.py:588} INFO - Filling up the DagBag from /Users/karenwang/anaconda3/envs/airflow_sqlite_env/lib/python3.9/site-packages/airflow/example_dags/example_latest_only_with_trigger.py
[2024-10-13T21:39:19.335-0400] {processor.py:925} INFO - DAG(s) 'latest_only_with_trigger' retrieved from /Users/karenwang/anaconda3/envs/airflow_sqlite_env/lib/python3.9/site-packages/airflow/example_dags/example_latest_only_with_trigger.py
[2024-10-13T21:39:19.524-0400] {logging_mixin.py:190} INFO - [2024-10-13T21:39:19.524-0400] {dag.py:3239} INFO - Sync 1 DAGs
[2024-10-13T21:39:19.544-0400] {logging_mixin.py:190} INFO - [2024-10-13T21:39:19.544-0400] {dag.py:4180} INFO - Setting next_dagrun for latest_only_with_trigger to 2024-10-13 20:00:00+00:00, run_after=2024-10-14 00:00:00+00:00
[2024-10-13T21:39:19.566-0400] {processor.py:208} INFO - Processing /Users/karenwang/anaconda3/envs/airflow_sqlite_env/lib/python3.9/site-packages/airflow/example_dags/example_latest_only_with_trigger.py took 0.252 seconds
[2024-10-13T21:43:17.170-0400] {processor.py:186} INFO - Started process (PID=57816) to work on /Users/karenwang/anaconda3/envs/airflow_sqlite_env/lib/python3.9/site-packages/airflow/example_dags/example_latest_only_with_trigger.py
[2024-10-13T21:43:17.171-0400] {processor.py:914} INFO - Processing file /Users/karenwang/anaconda3/envs/airflow_sqlite_env/lib/python3.9/site-packages/airflow/example_dags/example_latest_only_with_trigger.py for tasks to queue
[2024-10-13T21:43:17.173-0400] {logging_mixin.py:190} INFO - [2024-10-13T21:43:17.173-0400] {dagbag.py:588} INFO - Filling up the DagBag from /Users/karenwang/anaconda3/envs/airflow_sqlite_env/lib/python3.9/site-packages/airflow/example_dags/example_latest_only_with_trigger.py
[2024-10-13T21:43:17.186-0400] {processor.py:925} INFO - DAG(s) 'latest_only_with_trigger' retrieved from /Users/karenwang/anaconda3/envs/airflow_sqlite_env/lib/python3.9/site-packages/airflow/example_dags/example_latest_only_with_trigger.py
[2024-10-13T21:43:17.390-0400] {logging_mixin.py:190} INFO - [2024-10-13T21:43:17.390-0400] {dag.py:3239} INFO - Sync 1 DAGs
[2024-10-13T21:43:17.414-0400] {logging_mixin.py:190} INFO - [2024-10-13T21:43:17.414-0400] {dag.py:4180} INFO - Setting next_dagrun for latest_only_with_trigger to 2024-10-13 20:00:00+00:00, run_after=2024-10-14 00:00:00+00:00
[2024-10-13T21:43:17.437-0400] {processor.py:208} INFO - Processing /Users/karenwang/anaconda3/envs/airflow_sqlite_env/lib/python3.9/site-packages/airflow/example_dags/example_latest_only_with_trigger.py took 0.273 seconds
[2024-10-13T21:47:09.317-0400] {processor.py:186} INFO - Started process (PID=58998) to work on /Users/karenwang/anaconda3/envs/airflow_sqlite_env/lib/python3.9/site-packages/airflow/example_dags/example_latest_only_with_trigger.py
[2024-10-13T21:47:09.318-0400] {processor.py:914} INFO - Processing file /Users/karenwang/anaconda3/envs/airflow_sqlite_env/lib/python3.9/site-packages/airflow/example_dags/example_latest_only_with_trigger.py for tasks to queue
[2024-10-13T21:47:09.320-0400] {logging_mixin.py:190} INFO - [2024-10-13T21:47:09.320-0400] {dagbag.py:588} INFO - Filling up the DagBag from /Users/karenwang/anaconda3/envs/airflow_sqlite_env/lib/python3.9/site-packages/airflow/example_dags/example_latest_only_with_trigger.py
[2024-10-13T21:47:09.333-0400] {processor.py:925} INFO - DAG(s) 'latest_only_with_trigger' retrieved from /Users/karenwang/anaconda3/envs/airflow_sqlite_env/lib/python3.9/site-packages/airflow/example_dags/example_latest_only_with_trigger.py
[2024-10-13T21:47:09.536-0400] {logging_mixin.py:190} INFO - [2024-10-13T21:47:09.536-0400] {dag.py:3239} INFO - Sync 1 DAGs
[2024-10-13T21:47:09.564-0400] {logging_mixin.py:190} INFO - [2024-10-13T21:47:09.564-0400] {dag.py:4180} INFO - Setting next_dagrun for latest_only_with_trigger to 2024-10-13 20:00:00+00:00, run_after=2024-10-14 00:00:00+00:00
[2024-10-13T21:47:09.587-0400] {processor.py:208} INFO - Processing /Users/karenwang/anaconda3/envs/airflow_sqlite_env/lib/python3.9/site-packages/airflow/example_dags/example_latest_only_with_trigger.py took 0.277 seconds
[2024-10-13T21:51:08.900-0400] {processor.py:186} INFO - Started process (PID=60264) to work on /Users/karenwang/anaconda3/envs/airflow_sqlite_env/lib/python3.9/site-packages/airflow/example_dags/example_latest_only_with_trigger.py
[2024-10-13T21:51:08.901-0400] {processor.py:914} INFO - Processing file /Users/karenwang/anaconda3/envs/airflow_sqlite_env/lib/python3.9/site-packages/airflow/example_dags/example_latest_only_with_trigger.py for tasks to queue
[2024-10-13T21:51:08.903-0400] {logging_mixin.py:190} INFO - [2024-10-13T21:51:08.902-0400] {dagbag.py:588} INFO - Filling up the DagBag from /Users/karenwang/anaconda3/envs/airflow_sqlite_env/lib/python3.9/site-packages/airflow/example_dags/example_latest_only_with_trigger.py
[2024-10-13T21:51:08.914-0400] {processor.py:925} INFO - DAG(s) 'latest_only_with_trigger' retrieved from /Users/karenwang/anaconda3/envs/airflow_sqlite_env/lib/python3.9/site-packages/airflow/example_dags/example_latest_only_with_trigger.py
[2024-10-13T21:51:09.131-0400] {logging_mixin.py:190} INFO - [2024-10-13T21:51:09.131-0400] {dag.py:3239} INFO - Sync 1 DAGs
[2024-10-13T21:51:09.160-0400] {logging_mixin.py:190} INFO - [2024-10-13T21:51:09.160-0400] {dag.py:4180} INFO - Setting next_dagrun for latest_only_with_trigger to 2024-10-13 20:00:00+00:00, run_after=2024-10-14 00:00:00+00:00
[2024-10-13T21:51:09.184-0400] {processor.py:208} INFO - Processing /Users/karenwang/anaconda3/envs/airflow_sqlite_env/lib/python3.9/site-packages/airflow/example_dags/example_latest_only_with_trigger.py took 0.290 seconds
[2024-10-13T21:55:12.532-0400] {processor.py:186} INFO - Started process (PID=61502) to work on /Users/karenwang/anaconda3/envs/airflow_sqlite_env/lib/python3.9/site-packages/airflow/example_dags/example_latest_only_with_trigger.py
[2024-10-13T21:55:12.534-0400] {processor.py:914} INFO - Processing file /Users/karenwang/anaconda3/envs/airflow_sqlite_env/lib/python3.9/site-packages/airflow/example_dags/example_latest_only_with_trigger.py for tasks to queue
[2024-10-13T21:55:12.535-0400] {logging_mixin.py:190} INFO - [2024-10-13T21:55:12.535-0400] {dagbag.py:588} INFO - Filling up the DagBag from /Users/karenwang/anaconda3/envs/airflow_sqlite_env/lib/python3.9/site-packages/airflow/example_dags/example_latest_only_with_trigger.py
[2024-10-13T21:55:12.548-0400] {processor.py:925} INFO - DAG(s) 'latest_only_with_trigger' retrieved from /Users/karenwang/anaconda3/envs/airflow_sqlite_env/lib/python3.9/site-packages/airflow/example_dags/example_latest_only_with_trigger.py
[2024-10-13T21:55:12.772-0400] {logging_mixin.py:190} INFO - [2024-10-13T21:55:12.772-0400] {dag.py:3239} INFO - Sync 1 DAGs
[2024-10-13T21:55:12.801-0400] {logging_mixin.py:190} INFO - [2024-10-13T21:55:12.800-0400] {dag.py:4180} INFO - Setting next_dagrun for latest_only_with_trigger to 2024-10-13 20:00:00+00:00, run_after=2024-10-14 00:00:00+00:00
[2024-10-13T21:55:12.823-0400] {processor.py:208} INFO - Processing /Users/karenwang/anaconda3/envs/airflow_sqlite_env/lib/python3.9/site-packages/airflow/example_dags/example_latest_only_with_trigger.py took 0.298 seconds
[2024-10-13T21:59:03.297-0400] {processor.py:186} INFO - Started process (PID=62704) to work on /Users/karenwang/anaconda3/envs/airflow_sqlite_env/lib/python3.9/site-packages/airflow/example_dags/example_latest_only_with_trigger.py
[2024-10-13T21:59:03.299-0400] {processor.py:914} INFO - Processing file /Users/karenwang/anaconda3/envs/airflow_sqlite_env/lib/python3.9/site-packages/airflow/example_dags/example_latest_only_with_trigger.py for tasks to queue
[2024-10-13T21:59:03.300-0400] {logging_mixin.py:190} INFO - [2024-10-13T21:59:03.300-0400] {dagbag.py:588} INFO - Filling up the DagBag from /Users/karenwang/anaconda3/envs/airflow_sqlite_env/lib/python3.9/site-packages/airflow/example_dags/example_latest_only_with_trigger.py
[2024-10-13T21:59:03.311-0400] {processor.py:925} INFO - DAG(s) 'latest_only_with_trigger' retrieved from /Users/karenwang/anaconda3/envs/airflow_sqlite_env/lib/python3.9/site-packages/airflow/example_dags/example_latest_only_with_trigger.py
[2024-10-13T21:59:03.497-0400] {logging_mixin.py:190} INFO - [2024-10-13T21:59:03.497-0400] {dag.py:3239} INFO - Sync 1 DAGs
[2024-10-13T21:59:03.518-0400] {logging_mixin.py:190} INFO - [2024-10-13T21:59:03.517-0400] {dag.py:4180} INFO - Setting next_dagrun for latest_only_with_trigger to 2024-10-13 20:00:00+00:00, run_after=2024-10-14 00:00:00+00:00
[2024-10-13T21:59:03.539-0400] {processor.py:208} INFO - Processing /Users/karenwang/anaconda3/envs/airflow_sqlite_env/lib/python3.9/site-packages/airflow/example_dags/example_latest_only_with_trigger.py took 0.247 seconds
[2024-10-13T22:02:56.540-0400] {processor.py:186} INFO - Started process (PID=63909) to work on /Users/karenwang/anaconda3/envs/airflow_sqlite_env/lib/python3.9/site-packages/airflow/example_dags/example_latest_only_with_trigger.py
[2024-10-13T22:02:56.542-0400] {processor.py:914} INFO - Processing file /Users/karenwang/anaconda3/envs/airflow_sqlite_env/lib/python3.9/site-packages/airflow/example_dags/example_latest_only_with_trigger.py for tasks to queue
[2024-10-13T22:02:56.543-0400] {logging_mixin.py:190} INFO - [2024-10-13T22:02:56.543-0400] {dagbag.py:588} INFO - Filling up the DagBag from /Users/karenwang/anaconda3/envs/airflow_sqlite_env/lib/python3.9/site-packages/airflow/example_dags/example_latest_only_with_trigger.py
[2024-10-13T22:02:56.556-0400] {processor.py:925} INFO - DAG(s) 'latest_only_with_trigger' retrieved from /Users/karenwang/anaconda3/envs/airflow_sqlite_env/lib/python3.9/site-packages/airflow/example_dags/example_latest_only_with_trigger.py
[2024-10-13T22:02:56.798-0400] {logging_mixin.py:190} INFO - [2024-10-13T22:02:56.797-0400] {dag.py:3239} INFO - Sync 1 DAGs
[2024-10-13T22:02:56.829-0400] {logging_mixin.py:190} INFO - [2024-10-13T22:02:56.829-0400] {dag.py:4180} INFO - Setting next_dagrun for latest_only_with_trigger to 2024-10-13 20:00:00+00:00, run_after=2024-10-14 00:00:00+00:00
[2024-10-13T22:02:56.857-0400] {processor.py:208} INFO - Processing /Users/karenwang/anaconda3/envs/airflow_sqlite_env/lib/python3.9/site-packages/airflow/example_dags/example_latest_only_with_trigger.py took 0.323 seconds
[2024-10-13T22:06:49.336-0400] {processor.py:186} INFO - Started process (PID=65107) to work on /Users/karenwang/anaconda3/envs/airflow_sqlite_env/lib/python3.9/site-packages/airflow/example_dags/example_latest_only_with_trigger.py
[2024-10-13T22:06:49.337-0400] {processor.py:914} INFO - Processing file /Users/karenwang/anaconda3/envs/airflow_sqlite_env/lib/python3.9/site-packages/airflow/example_dags/example_latest_only_with_trigger.py for tasks to queue
[2024-10-13T22:06:49.339-0400] {logging_mixin.py:190} INFO - [2024-10-13T22:06:49.338-0400] {dagbag.py:588} INFO - Filling up the DagBag from /Users/karenwang/anaconda3/envs/airflow_sqlite_env/lib/python3.9/site-packages/airflow/example_dags/example_latest_only_with_trigger.py
[2024-10-13T22:06:49.351-0400] {processor.py:925} INFO - DAG(s) 'latest_only_with_trigger' retrieved from /Users/karenwang/anaconda3/envs/airflow_sqlite_env/lib/python3.9/site-packages/airflow/example_dags/example_latest_only_with_trigger.py
[2024-10-13T22:06:49.568-0400] {logging_mixin.py:190} INFO - [2024-10-13T22:06:49.568-0400] {dag.py:3239} INFO - Sync 1 DAGs
[2024-10-13T22:06:49.593-0400] {logging_mixin.py:190} INFO - [2024-10-13T22:06:49.593-0400] {dag.py:4180} INFO - Setting next_dagrun for latest_only_with_trigger to 2024-10-13 20:00:00+00:00, run_after=2024-10-14 00:00:00+00:00
[2024-10-13T22:06:49.619-0400] {processor.py:208} INFO - Processing /Users/karenwang/anaconda3/envs/airflow_sqlite_env/lib/python3.9/site-packages/airflow/example_dags/example_latest_only_with_trigger.py took 0.289 seconds
[2024-10-13T22:10:49.434-0400] {processor.py:186} INFO - Started process (PID=66347) to work on /Users/karenwang/anaconda3/envs/airflow_sqlite_env/lib/python3.9/site-packages/airflow/example_dags/example_latest_only_with_trigger.py
[2024-10-13T22:10:49.436-0400] {processor.py:914} INFO - Processing file /Users/karenwang/anaconda3/envs/airflow_sqlite_env/lib/python3.9/site-packages/airflow/example_dags/example_latest_only_with_trigger.py for tasks to queue
[2024-10-13T22:10:49.437-0400] {logging_mixin.py:190} INFO - [2024-10-13T22:10:49.437-0400] {dagbag.py:588} INFO - Filling up the DagBag from /Users/karenwang/anaconda3/envs/airflow_sqlite_env/lib/python3.9/site-packages/airflow/example_dags/example_latest_only_with_trigger.py
[2024-10-13T22:10:49.450-0400] {processor.py:925} INFO - DAG(s) 'latest_only_with_trigger' retrieved from /Users/karenwang/anaconda3/envs/airflow_sqlite_env/lib/python3.9/site-packages/airflow/example_dags/example_latest_only_with_trigger.py
[2024-10-13T22:10:49.662-0400] {logging_mixin.py:190} INFO - [2024-10-13T22:10:49.661-0400] {dag.py:3239} INFO - Sync 1 DAGs
[2024-10-13T22:10:49.691-0400] {logging_mixin.py:190} INFO - [2024-10-13T22:10:49.691-0400] {dag.py:4180} INFO - Setting next_dagrun for latest_only_with_trigger to 2024-10-13 20:00:00+00:00, run_after=2024-10-14 00:00:00+00:00
[2024-10-13T22:10:49.713-0400] {processor.py:208} INFO - Processing /Users/karenwang/anaconda3/envs/airflow_sqlite_env/lib/python3.9/site-packages/airflow/example_dags/example_latest_only_with_trigger.py took 0.285 seconds
[2024-10-13T22:14:40.709-0400] {processor.py:186} INFO - Started process (PID=67526) to work on /Users/karenwang/anaconda3/envs/airflow_sqlite_env/lib/python3.9/site-packages/airflow/example_dags/example_latest_only_with_trigger.py
[2024-10-13T22:14:40.710-0400] {processor.py:914} INFO - Processing file /Users/karenwang/anaconda3/envs/airflow_sqlite_env/lib/python3.9/site-packages/airflow/example_dags/example_latest_only_with_trigger.py for tasks to queue
[2024-10-13T22:14:40.712-0400] {logging_mixin.py:190} INFO - [2024-10-13T22:14:40.712-0400] {dagbag.py:588} INFO - Filling up the DagBag from /Users/karenwang/anaconda3/envs/airflow_sqlite_env/lib/python3.9/site-packages/airflow/example_dags/example_latest_only_with_trigger.py
[2024-10-13T22:14:40.724-0400] {processor.py:925} INFO - DAG(s) 'latest_only_with_trigger' retrieved from /Users/karenwang/anaconda3/envs/airflow_sqlite_env/lib/python3.9/site-packages/airflow/example_dags/example_latest_only_with_trigger.py
[2024-10-13T22:14:40.922-0400] {logging_mixin.py:190} INFO - [2024-10-13T22:14:40.922-0400] {dag.py:3239} INFO - Sync 1 DAGs
[2024-10-13T22:14:40.947-0400] {logging_mixin.py:190} INFO - [2024-10-13T22:14:40.947-0400] {dag.py:4180} INFO - Setting next_dagrun for latest_only_with_trigger to 2024-10-13 20:00:00+00:00, run_after=2024-10-14 00:00:00+00:00
[2024-10-13T22:14:40.973-0400] {processor.py:208} INFO - Processing /Users/karenwang/anaconda3/envs/airflow_sqlite_env/lib/python3.9/site-packages/airflow/example_dags/example_latest_only_with_trigger.py took 0.270 seconds
[2024-10-13T22:18:43.694-0400] {processor.py:186} INFO - Started process (PID=68771) to work on /Users/karenwang/anaconda3/envs/airflow_sqlite_env/lib/python3.9/site-packages/airflow/example_dags/example_latest_only_with_trigger.py
[2024-10-13T22:18:43.696-0400] {processor.py:914} INFO - Processing file /Users/karenwang/anaconda3/envs/airflow_sqlite_env/lib/python3.9/site-packages/airflow/example_dags/example_latest_only_with_trigger.py for tasks to queue
[2024-10-13T22:18:43.698-0400] {logging_mixin.py:190} INFO - [2024-10-13T22:18:43.698-0400] {dagbag.py:588} INFO - Filling up the DagBag from /Users/karenwang/anaconda3/envs/airflow_sqlite_env/lib/python3.9/site-packages/airflow/example_dags/example_latest_only_with_trigger.py
[2024-10-13T22:18:43.711-0400] {processor.py:925} INFO - DAG(s) 'latest_only_with_trigger' retrieved from /Users/karenwang/anaconda3/envs/airflow_sqlite_env/lib/python3.9/site-packages/airflow/example_dags/example_latest_only_with_trigger.py
[2024-10-13T22:18:43.969-0400] {logging_mixin.py:190} INFO - [2024-10-13T22:18:43.968-0400] {dag.py:3239} INFO - Sync 1 DAGs
[2024-10-13T22:18:44.000-0400] {logging_mixin.py:190} INFO - [2024-10-13T22:18:43.999-0400] {dag.py:4180} INFO - Setting next_dagrun for latest_only_with_trigger to 2024-10-13 20:00:00+00:00, run_after=2024-10-14 00:00:00+00:00
[2024-10-13T22:18:44.025-0400] {processor.py:208} INFO - Processing /Users/karenwang/anaconda3/envs/airflow_sqlite_env/lib/python3.9/site-packages/airflow/example_dags/example_latest_only_with_trigger.py took 0.337 seconds
[2024-10-13T22:22:45.974-0400] {processor.py:186} INFO - Started process (PID=70040) to work on /Users/karenwang/anaconda3/envs/airflow_sqlite_env/lib/python3.9/site-packages/airflow/example_dags/example_latest_only_with_trigger.py
[2024-10-13T22:22:45.976-0400] {processor.py:914} INFO - Processing file /Users/karenwang/anaconda3/envs/airflow_sqlite_env/lib/python3.9/site-packages/airflow/example_dags/example_latest_only_with_trigger.py for tasks to queue
[2024-10-13T22:22:45.977-0400] {logging_mixin.py:190} INFO - [2024-10-13T22:22:45.977-0400] {dagbag.py:588} INFO - Filling up the DagBag from /Users/karenwang/anaconda3/envs/airflow_sqlite_env/lib/python3.9/site-packages/airflow/example_dags/example_latest_only_with_trigger.py
[2024-10-13T22:22:45.988-0400] {processor.py:925} INFO - DAG(s) 'latest_only_with_trigger' retrieved from /Users/karenwang/anaconda3/envs/airflow_sqlite_env/lib/python3.9/site-packages/airflow/example_dags/example_latest_only_with_trigger.py
[2024-10-13T22:22:46.211-0400] {logging_mixin.py:190} INFO - [2024-10-13T22:22:46.210-0400] {dag.py:3239} INFO - Sync 1 DAGs
[2024-10-13T22:22:46.238-0400] {logging_mixin.py:190} INFO - [2024-10-13T22:22:46.237-0400] {dag.py:4180} INFO - Setting next_dagrun for latest_only_with_trigger to 2024-10-13 20:00:00+00:00, run_after=2024-10-14 00:00:00+00:00
[2024-10-13T22:22:46.262-0400] {processor.py:208} INFO - Processing /Users/karenwang/anaconda3/envs/airflow_sqlite_env/lib/python3.9/site-packages/airflow/example_dags/example_latest_only_with_trigger.py took 0.293 seconds
[2024-10-13T22:26:55.842-0400] {processor.py:186} INFO - Started process (PID=71372) to work on /Users/karenwang/anaconda3/envs/airflow_sqlite_env/lib/python3.9/site-packages/airflow/example_dags/example_latest_only_with_trigger.py
[2024-10-13T22:26:55.844-0400] {processor.py:914} INFO - Processing file /Users/karenwang/anaconda3/envs/airflow_sqlite_env/lib/python3.9/site-packages/airflow/example_dags/example_latest_only_with_trigger.py for tasks to queue
[2024-10-13T22:26:55.845-0400] {logging_mixin.py:190} INFO - [2024-10-13T22:26:55.845-0400] {dagbag.py:588} INFO - Filling up the DagBag from /Users/karenwang/anaconda3/envs/airflow_sqlite_env/lib/python3.9/site-packages/airflow/example_dags/example_latest_only_with_trigger.py
[2024-10-13T22:26:55.856-0400] {processor.py:925} INFO - DAG(s) 'latest_only_with_trigger' retrieved from /Users/karenwang/anaconda3/envs/airflow_sqlite_env/lib/python3.9/site-packages/airflow/example_dags/example_latest_only_with_trigger.py
[2024-10-13T22:26:56.079-0400] {logging_mixin.py:190} INFO - [2024-10-13T22:26:56.079-0400] {dag.py:3239} INFO - Sync 1 DAGs
[2024-10-13T22:26:56.110-0400] {logging_mixin.py:190} INFO - [2024-10-13T22:26:56.109-0400] {dag.py:4180} INFO - Setting next_dagrun for latest_only_with_trigger to 2024-10-13 20:00:00+00:00, run_after=2024-10-14 00:00:00+00:00
[2024-10-13T22:26:56.138-0400] {processor.py:208} INFO - Processing /Users/karenwang/anaconda3/envs/airflow_sqlite_env/lib/python3.9/site-packages/airflow/example_dags/example_latest_only_with_trigger.py took 0.302 seconds
[2024-10-13T22:36:45.669-0400] {processor.py:186} INFO - Started process (PID=74714) to work on /Users/karenwang/anaconda3/envs/airflow_sqlite_env/lib/python3.9/site-packages/airflow/example_dags/example_latest_only_with_trigger.py
[2024-10-13T22:36:45.670-0400] {processor.py:914} INFO - Processing file /Users/karenwang/anaconda3/envs/airflow_sqlite_env/lib/python3.9/site-packages/airflow/example_dags/example_latest_only_with_trigger.py for tasks to queue
[2024-10-13T22:36:45.672-0400] {logging_mixin.py:190} INFO - [2024-10-13T22:36:45.672-0400] {dagbag.py:588} INFO - Filling up the DagBag from /Users/karenwang/anaconda3/envs/airflow_sqlite_env/lib/python3.9/site-packages/airflow/example_dags/example_latest_only_with_trigger.py
[2024-10-13T22:36:45.682-0400] {processor.py:925} INFO - DAG(s) 'latest_only_with_trigger' retrieved from /Users/karenwang/anaconda3/envs/airflow_sqlite_env/lib/python3.9/site-packages/airflow/example_dags/example_latest_only_with_trigger.py
[2024-10-13T22:36:45.932-0400] {logging_mixin.py:190} INFO - [2024-10-13T22:36:45.931-0400] {dag.py:3239} INFO - Sync 1 DAGs
[2024-10-13T22:36:45.964-0400] {logging_mixin.py:190} INFO - [2024-10-13T22:36:45.964-0400] {dag.py:4180} INFO - Setting next_dagrun for latest_only_with_trigger to 2024-10-13 20:00:00+00:00, run_after=2024-10-14 00:00:00+00:00
[2024-10-13T22:36:45.993-0400] {processor.py:208} INFO - Processing /Users/karenwang/anaconda3/envs/airflow_sqlite_env/lib/python3.9/site-packages/airflow/example_dags/example_latest_only_with_trigger.py took 0.329 seconds
