[2024-10-13T20:07:16.323-0400] {processor.py:186} INFO - Started process (PID=27356) to work on /Users/karenwang/anaconda3/envs/airflow_sqlite_env/lib/python3.9/site-packages/airflow/example_dags/example_branch_operator.py
[2024-10-13T20:07:16.325-0400] {processor.py:914} INFO - Processing file /Users/karenwang/anaconda3/envs/airflow_sqlite_env/lib/python3.9/site-packages/airflow/example_dags/example_branch_operator.py for tasks to queue
[2024-10-13T20:07:16.326-0400] {logging_mixin.py:190} INFO - [2024-10-13T20:07:16.326-0400] {dagbag.py:588} INFO - Filling up the DagBag from /Users/karenwang/anaconda3/envs/airflow_sqlite_env/lib/python3.9/site-packages/airflow/example_dags/example_branch_operator.py
[2024-10-13T20:07:16.417-0400] {processor.py:925} INFO - DAG(s) 'example_branch_operator' retrieved from /Users/karenwang/anaconda3/envs/airflow_sqlite_env/lib/python3.9/site-packages/airflow/example_dags/example_branch_operator.py
[2024-10-13T20:07:16.723-0400] {logging_mixin.py:190} INFO - [2024-10-13T20:07:16.723-0400] {dag.py:3239} INFO - Sync 1 DAGs
[2024-10-13T20:07:16.753-0400] {logging_mixin.py:190} INFO - [2024-10-13T20:07:16.752-0400] {dag.py:4180} INFO - Setting next_dagrun for example_branch_operator to 2024-10-13 00:00:00+00:00, run_after=2024-10-14 00:00:00+00:00
[2024-10-13T20:07:16.780-0400] {processor.py:208} INFO - Processing /Users/karenwang/anaconda3/envs/airflow_sqlite_env/lib/python3.9/site-packages/airflow/example_dags/example_branch_operator.py took 0.462 seconds
[2024-10-13T20:15:14.907-0400] {processor.py:186} INFO - Started process (PID=29799) to work on /Users/karenwang/anaconda3/envs/airflow_sqlite_env/lib/python3.9/site-packages/airflow/example_dags/example_branch_operator.py
[2024-10-13T20:15:14.908-0400] {processor.py:914} INFO - Processing file /Users/karenwang/anaconda3/envs/airflow_sqlite_env/lib/python3.9/site-packages/airflow/example_dags/example_branch_operator.py for tasks to queue
[2024-10-13T20:15:14.910-0400] {logging_mixin.py:190} INFO - [2024-10-13T20:15:14.909-0400] {dagbag.py:588} INFO - Filling up the DagBag from /Users/karenwang/anaconda3/envs/airflow_sqlite_env/lib/python3.9/site-packages/airflow/example_dags/example_branch_operator.py
[2024-10-13T20:15:15.026-0400] {processor.py:925} INFO - DAG(s) 'example_branch_operator' retrieved from /Users/karenwang/anaconda3/envs/airflow_sqlite_env/lib/python3.9/site-packages/airflow/example_dags/example_branch_operator.py
[2024-10-13T20:15:15.413-0400] {logging_mixin.py:190} INFO - [2024-10-13T20:15:15.412-0400] {dag.py:3239} INFO - Sync 1 DAGs
[2024-10-13T20:15:15.447-0400] {logging_mixin.py:190} INFO - [2024-10-13T20:15:15.446-0400] {dag.py:4180} INFO - Setting next_dagrun for example_branch_operator to 2024-10-13 00:00:00+00:00, run_after=2024-10-14 00:00:00+00:00
[2024-10-13T20:15:15.482-0400] {processor.py:208} INFO - Processing /Users/karenwang/anaconda3/envs/airflow_sqlite_env/lib/python3.9/site-packages/airflow/example_dags/example_branch_operator.py took 0.581 seconds
[2024-10-13T20:23:51.187-0400] {processor.py:186} INFO - Started process (PID=32567) to work on /Users/karenwang/anaconda3/envs/airflow_sqlite_env/lib/python3.9/site-packages/airflow/example_dags/example_branch_operator.py
[2024-10-13T20:23:51.189-0400] {processor.py:914} INFO - Processing file /Users/karenwang/anaconda3/envs/airflow_sqlite_env/lib/python3.9/site-packages/airflow/example_dags/example_branch_operator.py for tasks to queue
[2024-10-13T20:23:51.191-0400] {logging_mixin.py:190} INFO - [2024-10-13T20:23:51.190-0400] {dagbag.py:588} INFO - Filling up the DagBag from /Users/karenwang/anaconda3/envs/airflow_sqlite_env/lib/python3.9/site-packages/airflow/example_dags/example_branch_operator.py
[2024-10-13T20:23:51.285-0400] {processor.py:925} INFO - DAG(s) 'example_branch_operator' retrieved from /Users/karenwang/anaconda3/envs/airflow_sqlite_env/lib/python3.9/site-packages/airflow/example_dags/example_branch_operator.py
[2024-10-13T20:23:51.593-0400] {logging_mixin.py:190} INFO - [2024-10-13T20:23:51.593-0400] {dag.py:3239} INFO - Sync 1 DAGs
[2024-10-13T20:23:51.618-0400] {logging_mixin.py:190} INFO - [2024-10-13T20:23:51.618-0400] {dag.py:4180} INFO - Setting next_dagrun for example_branch_operator to 2024-10-13 00:00:00+00:00, run_after=2024-10-14 00:00:00+00:00
[2024-10-13T20:23:51.642-0400] {processor.py:208} INFO - Processing /Users/karenwang/anaconda3/envs/airflow_sqlite_env/lib/python3.9/site-packages/airflow/example_dags/example_branch_operator.py took 0.461 seconds
[2024-10-13T20:30:07.594-0400] {processor.py:186} INFO - Started process (PID=34732) to work on /Users/karenwang/anaconda3/envs/airflow_sqlite_env/lib/python3.9/site-packages/airflow/example_dags/example_branch_operator.py
[2024-10-13T20:30:07.596-0400] {processor.py:914} INFO - Processing file /Users/karenwang/anaconda3/envs/airflow_sqlite_env/lib/python3.9/site-packages/airflow/example_dags/example_branch_operator.py for tasks to queue
[2024-10-13T20:30:07.597-0400] {logging_mixin.py:190} INFO - [2024-10-13T20:30:07.597-0400] {dagbag.py:588} INFO - Filling up the DagBag from /Users/karenwang/anaconda3/envs/airflow_sqlite_env/lib/python3.9/site-packages/airflow/example_dags/example_branch_operator.py
[2024-10-13T20:30:07.715-0400] {processor.py:925} INFO - DAG(s) 'example_branch_operator' retrieved from /Users/karenwang/anaconda3/envs/airflow_sqlite_env/lib/python3.9/site-packages/airflow/example_dags/example_branch_operator.py
[2024-10-13T20:30:08.103-0400] {logging_mixin.py:190} INFO - [2024-10-13T20:30:08.103-0400] {dag.py:3239} INFO - Sync 1 DAGs
[2024-10-13T20:30:08.140-0400] {logging_mixin.py:190} INFO - [2024-10-13T20:30:08.140-0400] {dag.py:4180} INFO - Setting next_dagrun for example_branch_operator to 2024-10-13 00:00:00+00:00, run_after=2024-10-14 00:00:00+00:00
[2024-10-13T20:30:08.167-0400] {processor.py:208} INFO - Processing /Users/karenwang/anaconda3/envs/airflow_sqlite_env/lib/python3.9/site-packages/airflow/example_dags/example_branch_operator.py took 0.579 seconds
[2024-10-13T20:37:28.132-0400] {processor.py:186} INFO - Started process (PID=37034) to work on /Users/karenwang/anaconda3/envs/airflow_sqlite_env/lib/python3.9/site-packages/airflow/example_dags/example_branch_operator.py
[2024-10-13T20:37:28.133-0400] {processor.py:914} INFO - Processing file /Users/karenwang/anaconda3/envs/airflow_sqlite_env/lib/python3.9/site-packages/airflow/example_dags/example_branch_operator.py for tasks to queue
[2024-10-13T20:37:28.135-0400] {logging_mixin.py:190} INFO - [2024-10-13T20:37:28.134-0400] {dagbag.py:588} INFO - Filling up the DagBag from /Users/karenwang/anaconda3/envs/airflow_sqlite_env/lib/python3.9/site-packages/airflow/example_dags/example_branch_operator.py
[2024-10-13T20:37:28.236-0400] {processor.py:925} INFO - DAG(s) 'example_branch_operator' retrieved from /Users/karenwang/anaconda3/envs/airflow_sqlite_env/lib/python3.9/site-packages/airflow/example_dags/example_branch_operator.py
[2024-10-13T20:37:28.485-0400] {logging_mixin.py:190} INFO - [2024-10-13T20:37:28.484-0400] {dag.py:3239} INFO - Sync 1 DAGs
[2024-10-13T20:37:28.514-0400] {logging_mixin.py:190} INFO - [2024-10-13T20:37:28.514-0400] {dag.py:4180} INFO - Setting next_dagrun for example_branch_operator to 2024-10-13 00:00:00+00:00, run_after=2024-10-14 00:00:00+00:00
[2024-10-13T20:37:28.536-0400] {processor.py:208} INFO - Processing /Users/karenwang/anaconda3/envs/airflow_sqlite_env/lib/python3.9/site-packages/airflow/example_dags/example_branch_operator.py took 0.410 seconds
[2024-10-13T20:44:46.426-0400] {processor.py:186} INFO - Started process (PID=39278) to work on /Users/karenwang/anaconda3/envs/airflow_sqlite_env/lib/python3.9/site-packages/airflow/example_dags/example_branch_operator.py
[2024-10-13T20:44:46.428-0400] {processor.py:914} INFO - Processing file /Users/karenwang/anaconda3/envs/airflow_sqlite_env/lib/python3.9/site-packages/airflow/example_dags/example_branch_operator.py for tasks to queue
[2024-10-13T20:44:46.430-0400] {logging_mixin.py:190} INFO - [2024-10-13T20:44:46.430-0400] {dagbag.py:588} INFO - Filling up the DagBag from /Users/karenwang/anaconda3/envs/airflow_sqlite_env/lib/python3.9/site-packages/airflow/example_dags/example_branch_operator.py
[2024-10-13T20:44:46.519-0400] {processor.py:925} INFO - DAG(s) 'example_branch_operator' retrieved from /Users/karenwang/anaconda3/envs/airflow_sqlite_env/lib/python3.9/site-packages/airflow/example_dags/example_branch_operator.py
[2024-10-13T20:44:46.818-0400] {logging_mixin.py:190} INFO - [2024-10-13T20:44:46.818-0400] {dag.py:3239} INFO - Sync 1 DAGs
[2024-10-13T20:44:46.843-0400] {logging_mixin.py:190} INFO - [2024-10-13T20:44:46.842-0400] {dag.py:4180} INFO - Setting next_dagrun for example_branch_operator to 2024-10-13 00:00:00+00:00, run_after=2024-10-14 00:00:00+00:00
[2024-10-13T20:44:46.865-0400] {processor.py:208} INFO - Processing /Users/karenwang/anaconda3/envs/airflow_sqlite_env/lib/python3.9/site-packages/airflow/example_dags/example_branch_operator.py took 0.444 seconds
[2024-10-13T20:52:05.309-0400] {processor.py:186} INFO - Started process (PID=41565) to work on /Users/karenwang/anaconda3/envs/airflow_sqlite_env/lib/python3.9/site-packages/airflow/example_dags/example_branch_operator.py
[2024-10-13T20:52:05.311-0400] {processor.py:914} INFO - Processing file /Users/karenwang/anaconda3/envs/airflow_sqlite_env/lib/python3.9/site-packages/airflow/example_dags/example_branch_operator.py for tasks to queue
[2024-10-13T20:52:05.313-0400] {logging_mixin.py:190} INFO - [2024-10-13T20:52:05.312-0400] {dagbag.py:588} INFO - Filling up the DagBag from /Users/karenwang/anaconda3/envs/airflow_sqlite_env/lib/python3.9/site-packages/airflow/example_dags/example_branch_operator.py
[2024-10-13T20:52:05.409-0400] {processor.py:925} INFO - DAG(s) 'example_branch_operator' retrieved from /Users/karenwang/anaconda3/envs/airflow_sqlite_env/lib/python3.9/site-packages/airflow/example_dags/example_branch_operator.py
[2024-10-13T20:52:05.699-0400] {logging_mixin.py:190} INFO - [2024-10-13T20:52:05.698-0400] {dag.py:3239} INFO - Sync 1 DAGs
[2024-10-13T20:52:05.728-0400] {logging_mixin.py:190} INFO - [2024-10-13T20:52:05.728-0400] {dag.py:4180} INFO - Setting next_dagrun for example_branch_operator to 2024-10-13 00:00:00+00:00, run_after=2024-10-14 00:00:00+00:00
[2024-10-13T20:52:05.751-0400] {processor.py:208} INFO - Processing /Users/karenwang/anaconda3/envs/airflow_sqlite_env/lib/python3.9/site-packages/airflow/example_dags/example_branch_operator.py took 0.448 seconds
[2024-10-13T20:59:25.803-0400] {processor.py:186} INFO - Started process (PID=43866) to work on /Users/karenwang/anaconda3/envs/airflow_sqlite_env/lib/python3.9/site-packages/airflow/example_dags/example_branch_operator.py
[2024-10-13T20:59:25.805-0400] {processor.py:914} INFO - Processing file /Users/karenwang/anaconda3/envs/airflow_sqlite_env/lib/python3.9/site-packages/airflow/example_dags/example_branch_operator.py for tasks to queue
[2024-10-13T20:59:25.807-0400] {logging_mixin.py:190} INFO - [2024-10-13T20:59:25.806-0400] {dagbag.py:588} INFO - Filling up the DagBag from /Users/karenwang/anaconda3/envs/airflow_sqlite_env/lib/python3.9/site-packages/airflow/example_dags/example_branch_operator.py
[2024-10-13T20:59:25.899-0400] {processor.py:925} INFO - DAG(s) 'example_branch_operator' retrieved from /Users/karenwang/anaconda3/envs/airflow_sqlite_env/lib/python3.9/site-packages/airflow/example_dags/example_branch_operator.py
[2024-10-13T20:59:26.167-0400] {logging_mixin.py:190} INFO - [2024-10-13T20:59:26.167-0400] {dag.py:3239} INFO - Sync 1 DAGs
[2024-10-13T20:59:26.199-0400] {logging_mixin.py:190} INFO - [2024-10-13T20:59:26.199-0400] {dag.py:4180} INFO - Setting next_dagrun for example_branch_operator to 2024-10-13 00:00:00+00:00, run_after=2024-10-14 00:00:00+00:00
[2024-10-13T20:59:26.224-0400] {processor.py:208} INFO - Processing /Users/karenwang/anaconda3/envs/airflow_sqlite_env/lib/python3.9/site-packages/airflow/example_dags/example_branch_operator.py took 0.427 seconds
[2024-10-13T21:06:47.056-0400] {processor.py:186} INFO - Started process (PID=46132) to work on /Users/karenwang/anaconda3/envs/airflow_sqlite_env/lib/python3.9/site-packages/airflow/example_dags/example_branch_operator.py
[2024-10-13T21:06:47.057-0400] {processor.py:914} INFO - Processing file /Users/karenwang/anaconda3/envs/airflow_sqlite_env/lib/python3.9/site-packages/airflow/example_dags/example_branch_operator.py for tasks to queue
[2024-10-13T21:06:47.059-0400] {logging_mixin.py:190} INFO - [2024-10-13T21:06:47.058-0400] {dagbag.py:588} INFO - Filling up the DagBag from /Users/karenwang/anaconda3/envs/airflow_sqlite_env/lib/python3.9/site-packages/airflow/example_dags/example_branch_operator.py
[2024-10-13T21:06:47.157-0400] {processor.py:925} INFO - DAG(s) 'example_branch_operator' retrieved from /Users/karenwang/anaconda3/envs/airflow_sqlite_env/lib/python3.9/site-packages/airflow/example_dags/example_branch_operator.py
[2024-10-13T21:06:47.486-0400] {logging_mixin.py:190} INFO - [2024-10-13T21:06:47.485-0400] {dag.py:3239} INFO - Sync 1 DAGs
[2024-10-13T21:06:47.519-0400] {logging_mixin.py:190} INFO - [2024-10-13T21:06:47.519-0400] {dag.py:4180} INFO - Setting next_dagrun for example_branch_operator to 2024-10-13 00:00:00+00:00, run_after=2024-10-14 00:00:00+00:00
[2024-10-13T21:06:47.544-0400] {processor.py:208} INFO - Processing /Users/karenwang/anaconda3/envs/airflow_sqlite_env/lib/python3.9/site-packages/airflow/example_dags/example_branch_operator.py took 0.494 seconds
[2024-10-13T21:12:52.687-0400] {processor.py:186} INFO - Started process (PID=48111) to work on /Users/karenwang/anaconda3/envs/airflow_sqlite_env/lib/python3.9/site-packages/airflow/example_dags/example_branch_operator.py
[2024-10-13T21:12:52.689-0400] {processor.py:914} INFO - Processing file /Users/karenwang/anaconda3/envs/airflow_sqlite_env/lib/python3.9/site-packages/airflow/example_dags/example_branch_operator.py for tasks to queue
[2024-10-13T21:12:52.690-0400] {logging_mixin.py:190} INFO - [2024-10-13T21:12:52.690-0400] {dagbag.py:588} INFO - Filling up the DagBag from /Users/karenwang/anaconda3/envs/airflow_sqlite_env/lib/python3.9/site-packages/airflow/example_dags/example_branch_operator.py
[2024-10-13T21:12:52.793-0400] {processor.py:925} INFO - DAG(s) 'example_branch_operator' retrieved from /Users/karenwang/anaconda3/envs/airflow_sqlite_env/lib/python3.9/site-packages/airflow/example_dags/example_branch_operator.py
[2024-10-13T21:12:53.095-0400] {logging_mixin.py:190} INFO - [2024-10-13T21:12:53.094-0400] {dag.py:3239} INFO - Sync 1 DAGs
[2024-10-13T21:12:53.122-0400] {logging_mixin.py:190} INFO - [2024-10-13T21:12:53.122-0400] {dag.py:4180} INFO - Setting next_dagrun for example_branch_operator to 2024-10-13 00:00:00+00:00, run_after=2024-10-14 00:00:00+00:00
[2024-10-13T21:12:53.150-0400] {processor.py:208} INFO - Processing /Users/karenwang/anaconda3/envs/airflow_sqlite_env/lib/python3.9/site-packages/airflow/example_dags/example_branch_operator.py took 0.470 seconds
[2024-10-13T21:20:36.081-0400] {processor.py:186} INFO - Started process (PID=50741) to work on /Users/karenwang/anaconda3/envs/airflow_sqlite_env/lib/python3.9/site-packages/airflow/example_dags/example_branch_operator.py
[2024-10-13T21:20:36.083-0400] {processor.py:914} INFO - Processing file /Users/karenwang/anaconda3/envs/airflow_sqlite_env/lib/python3.9/site-packages/airflow/example_dags/example_branch_operator.py for tasks to queue
[2024-10-13T21:20:36.084-0400] {logging_mixin.py:190} INFO - [2024-10-13T21:20:36.084-0400] {dagbag.py:588} INFO - Filling up the DagBag from /Users/karenwang/anaconda3/envs/airflow_sqlite_env/lib/python3.9/site-packages/airflow/example_dags/example_branch_operator.py
[2024-10-13T21:20:36.188-0400] {processor.py:925} INFO - DAG(s) 'example_branch_operator' retrieved from /Users/karenwang/anaconda3/envs/airflow_sqlite_env/lib/python3.9/site-packages/airflow/example_dags/example_branch_operator.py
[2024-10-13T21:20:36.478-0400] {logging_mixin.py:190} INFO - [2024-10-13T21:20:36.478-0400] {dag.py:3239} INFO - Sync 1 DAGs
[2024-10-13T21:20:36.501-0400] {logging_mixin.py:190} INFO - [2024-10-13T21:20:36.500-0400] {dag.py:4180} INFO - Setting next_dagrun for example_branch_operator to 2024-10-13 00:00:00+00:00, run_after=2024-10-14 00:00:00+00:00
[2024-10-13T21:20:36.525-0400] {processor.py:208} INFO - Processing /Users/karenwang/anaconda3/envs/airflow_sqlite_env/lib/python3.9/site-packages/airflow/example_dags/example_branch_operator.py took 0.449 seconds
[2024-10-13T21:27:57.887-0400] {processor.py:186} INFO - Started process (PID=53012) to work on /Users/karenwang/anaconda3/envs/airflow_sqlite_env/lib/python3.9/site-packages/airflow/example_dags/example_branch_operator.py
[2024-10-13T21:27:57.888-0400] {processor.py:914} INFO - Processing file /Users/karenwang/anaconda3/envs/airflow_sqlite_env/lib/python3.9/site-packages/airflow/example_dags/example_branch_operator.py for tasks to queue
[2024-10-13T21:27:57.889-0400] {logging_mixin.py:190} INFO - [2024-10-13T21:27:57.889-0400] {dagbag.py:588} INFO - Filling up the DagBag from /Users/karenwang/anaconda3/envs/airflow_sqlite_env/lib/python3.9/site-packages/airflow/example_dags/example_branch_operator.py
[2024-10-13T21:27:57.988-0400] {processor.py:925} INFO - DAG(s) 'example_branch_operator' retrieved from /Users/karenwang/anaconda3/envs/airflow_sqlite_env/lib/python3.9/site-packages/airflow/example_dags/example_branch_operator.py
[2024-10-13T21:27:58.289-0400] {logging_mixin.py:190} INFO - [2024-10-13T21:27:58.288-0400] {dag.py:3239} INFO - Sync 1 DAGs
[2024-10-13T21:27:58.315-0400] {logging_mixin.py:190} INFO - [2024-10-13T21:27:58.315-0400] {dag.py:4180} INFO - Setting next_dagrun for example_branch_operator to 2024-10-13 00:00:00+00:00, run_after=2024-10-14 00:00:00+00:00
[2024-10-13T21:27:58.340-0400] {processor.py:208} INFO - Processing /Users/karenwang/anaconda3/envs/airflow_sqlite_env/lib/python3.9/site-packages/airflow/example_dags/example_branch_operator.py took 0.459 seconds
[2024-10-13T21:35:52.753-0400] {processor.py:186} INFO - Started process (PID=55537) to work on /Users/karenwang/anaconda3/envs/airflow_sqlite_env/lib/python3.9/site-packages/airflow/example_dags/example_branch_operator.py
[2024-10-13T21:35:52.754-0400] {processor.py:914} INFO - Processing file /Users/karenwang/anaconda3/envs/airflow_sqlite_env/lib/python3.9/site-packages/airflow/example_dags/example_branch_operator.py for tasks to queue
[2024-10-13T21:35:52.756-0400] {logging_mixin.py:190} INFO - [2024-10-13T21:35:52.756-0400] {dagbag.py:588} INFO - Filling up the DagBag from /Users/karenwang/anaconda3/envs/airflow_sqlite_env/lib/python3.9/site-packages/airflow/example_dags/example_branch_operator.py
[2024-10-13T21:35:52.865-0400] {processor.py:925} INFO - DAG(s) 'example_branch_operator' retrieved from /Users/karenwang/anaconda3/envs/airflow_sqlite_env/lib/python3.9/site-packages/airflow/example_dags/example_branch_operator.py
[2024-10-13T21:35:53.180-0400] {logging_mixin.py:190} INFO - [2024-10-13T21:35:53.179-0400] {dag.py:3239} INFO - Sync 1 DAGs
[2024-10-13T21:35:53.209-0400] {logging_mixin.py:190} INFO - [2024-10-13T21:35:53.209-0400] {dag.py:4180} INFO - Setting next_dagrun for example_branch_operator to 2024-10-13 00:00:00+00:00, run_after=2024-10-14 00:00:00+00:00
[2024-10-13T21:35:53.232-0400] {processor.py:208} INFO - Processing /Users/karenwang/anaconda3/envs/airflow_sqlite_env/lib/python3.9/site-packages/airflow/example_dags/example_branch_operator.py took 0.486 seconds
[2024-10-13T21:43:38.212-0400] {processor.py:186} INFO - Started process (PID=57922) to work on /Users/karenwang/anaconda3/envs/airflow_sqlite_env/lib/python3.9/site-packages/airflow/example_dags/example_branch_operator.py
[2024-10-13T21:43:38.213-0400] {processor.py:914} INFO - Processing file /Users/karenwang/anaconda3/envs/airflow_sqlite_env/lib/python3.9/site-packages/airflow/example_dags/example_branch_operator.py for tasks to queue
[2024-10-13T21:43:38.214-0400] {logging_mixin.py:190} INFO - [2024-10-13T21:43:38.214-0400] {dagbag.py:588} INFO - Filling up the DagBag from /Users/karenwang/anaconda3/envs/airflow_sqlite_env/lib/python3.9/site-packages/airflow/example_dags/example_branch_operator.py
[2024-10-13T21:43:38.311-0400] {processor.py:925} INFO - DAG(s) 'example_branch_operator' retrieved from /Users/karenwang/anaconda3/envs/airflow_sqlite_env/lib/python3.9/site-packages/airflow/example_dags/example_branch_operator.py
[2024-10-13T21:43:38.612-0400] {logging_mixin.py:190} INFO - [2024-10-13T21:43:38.611-0400] {dag.py:3239} INFO - Sync 1 DAGs
[2024-10-13T21:43:38.645-0400] {logging_mixin.py:190} INFO - [2024-10-13T21:43:38.644-0400] {dag.py:4180} INFO - Setting next_dagrun for example_branch_operator to 2024-10-13 00:00:00+00:00, run_after=2024-10-14 00:00:00+00:00
[2024-10-13T21:43:38.669-0400] {processor.py:208} INFO - Processing /Users/karenwang/anaconda3/envs/airflow_sqlite_env/lib/python3.9/site-packages/airflow/example_dags/example_branch_operator.py took 0.463 seconds
[2024-10-13T21:51:38.564-0400] {processor.py:186} INFO - Started process (PID=60411) to work on /Users/karenwang/anaconda3/envs/airflow_sqlite_env/lib/python3.9/site-packages/airflow/example_dags/example_branch_operator.py
[2024-10-13T21:51:38.566-0400] {processor.py:914} INFO - Processing file /Users/karenwang/anaconda3/envs/airflow_sqlite_env/lib/python3.9/site-packages/airflow/example_dags/example_branch_operator.py for tasks to queue
[2024-10-13T21:51:38.567-0400] {logging_mixin.py:190} INFO - [2024-10-13T21:51:38.567-0400] {dagbag.py:588} INFO - Filling up the DagBag from /Users/karenwang/anaconda3/envs/airflow_sqlite_env/lib/python3.9/site-packages/airflow/example_dags/example_branch_operator.py
[2024-10-13T21:51:38.684-0400] {processor.py:925} INFO - DAG(s) 'example_branch_operator' retrieved from /Users/karenwang/anaconda3/envs/airflow_sqlite_env/lib/python3.9/site-packages/airflow/example_dags/example_branch_operator.py
[2024-10-13T21:51:39.036-0400] {logging_mixin.py:190} INFO - [2024-10-13T21:51:39.036-0400] {dag.py:3239} INFO - Sync 1 DAGs
[2024-10-13T21:51:39.071-0400] {logging_mixin.py:190} INFO - [2024-10-13T21:51:39.070-0400] {dag.py:4180} INFO - Setting next_dagrun for example_branch_operator to 2024-10-13 00:00:00+00:00, run_after=2024-10-14 00:00:00+00:00
[2024-10-13T21:51:39.098-0400] {processor.py:208} INFO - Processing /Users/karenwang/anaconda3/envs/airflow_sqlite_env/lib/python3.9/site-packages/airflow/example_dags/example_branch_operator.py took 0.541 seconds
[2024-10-13T21:59:25.901-0400] {processor.py:186} INFO - Started process (PID=62822) to work on /Users/karenwang/anaconda3/envs/airflow_sqlite_env/lib/python3.9/site-packages/airflow/example_dags/example_branch_operator.py
[2024-10-13T21:59:25.904-0400] {processor.py:914} INFO - Processing file /Users/karenwang/anaconda3/envs/airflow_sqlite_env/lib/python3.9/site-packages/airflow/example_dags/example_branch_operator.py for tasks to queue
[2024-10-13T21:59:25.906-0400] {logging_mixin.py:190} INFO - [2024-10-13T21:59:25.906-0400] {dagbag.py:588} INFO - Filling up the DagBag from /Users/karenwang/anaconda3/envs/airflow_sqlite_env/lib/python3.9/site-packages/airflow/example_dags/example_branch_operator.py
[2024-10-13T21:59:26.018-0400] {processor.py:925} INFO - DAG(s) 'example_branch_operator' retrieved from /Users/karenwang/anaconda3/envs/airflow_sqlite_env/lib/python3.9/site-packages/airflow/example_dags/example_branch_operator.py
[2024-10-13T21:59:26.372-0400] {logging_mixin.py:190} INFO - [2024-10-13T21:59:26.371-0400] {dag.py:3239} INFO - Sync 1 DAGs
[2024-10-13T21:59:26.399-0400] {logging_mixin.py:190} INFO - [2024-10-13T21:59:26.398-0400] {dag.py:4180} INFO - Setting next_dagrun for example_branch_operator to 2024-10-13 00:00:00+00:00, run_after=2024-10-14 00:00:00+00:00
[2024-10-13T21:59:26.426-0400] {processor.py:208} INFO - Processing /Users/karenwang/anaconda3/envs/airflow_sqlite_env/lib/python3.9/site-packages/airflow/example_dags/example_branch_operator.py took 0.534 seconds
[2024-10-13T22:07:19.110-0400] {processor.py:186} INFO - Started process (PID=65260) to work on /Users/karenwang/anaconda3/envs/airflow_sqlite_env/lib/python3.9/site-packages/airflow/example_dags/example_branch_operator.py
[2024-10-13T22:07:19.111-0400] {processor.py:914} INFO - Processing file /Users/karenwang/anaconda3/envs/airflow_sqlite_env/lib/python3.9/site-packages/airflow/example_dags/example_branch_operator.py for tasks to queue
[2024-10-13T22:07:19.112-0400] {logging_mixin.py:190} INFO - [2024-10-13T22:07:19.112-0400] {dagbag.py:588} INFO - Filling up the DagBag from /Users/karenwang/anaconda3/envs/airflow_sqlite_env/lib/python3.9/site-packages/airflow/example_dags/example_branch_operator.py
[2024-10-13T22:07:19.206-0400] {processor.py:925} INFO - DAG(s) 'example_branch_operator' retrieved from /Users/karenwang/anaconda3/envs/airflow_sqlite_env/lib/python3.9/site-packages/airflow/example_dags/example_branch_operator.py
[2024-10-13T22:07:19.508-0400] {logging_mixin.py:190} INFO - [2024-10-13T22:07:19.508-0400] {dag.py:3239} INFO - Sync 1 DAGs
[2024-10-13T22:07:19.536-0400] {logging_mixin.py:190} INFO - [2024-10-13T22:07:19.536-0400] {dag.py:4180} INFO - Setting next_dagrun for example_branch_operator to 2024-10-13 00:00:00+00:00, run_after=2024-10-14 00:00:00+00:00
[2024-10-13T22:07:19.560-0400] {processor.py:208} INFO - Processing /Users/karenwang/anaconda3/envs/airflow_sqlite_env/lib/python3.9/site-packages/airflow/example_dags/example_branch_operator.py took 0.455 seconds
[2024-10-13T22:15:09.822-0400] {processor.py:186} INFO - Started process (PID=67674) to work on /Users/karenwang/anaconda3/envs/airflow_sqlite_env/lib/python3.9/site-packages/airflow/example_dags/example_branch_operator.py
[2024-10-13T22:15:09.824-0400] {processor.py:914} INFO - Processing file /Users/karenwang/anaconda3/envs/airflow_sqlite_env/lib/python3.9/site-packages/airflow/example_dags/example_branch_operator.py for tasks to queue
[2024-10-13T22:15:09.825-0400] {logging_mixin.py:190} INFO - [2024-10-13T22:15:09.825-0400] {dagbag.py:588} INFO - Filling up the DagBag from /Users/karenwang/anaconda3/envs/airflow_sqlite_env/lib/python3.9/site-packages/airflow/example_dags/example_branch_operator.py
[2024-10-13T22:15:09.920-0400] {processor.py:925} INFO - DAG(s) 'example_branch_operator' retrieved from /Users/karenwang/anaconda3/envs/airflow_sqlite_env/lib/python3.9/site-packages/airflow/example_dags/example_branch_operator.py
[2024-10-13T22:15:10.223-0400] {logging_mixin.py:190} INFO - [2024-10-13T22:15:10.223-0400] {dag.py:3239} INFO - Sync 1 DAGs
[2024-10-13T22:15:10.250-0400] {logging_mixin.py:190} INFO - [2024-10-13T22:15:10.250-0400] {dag.py:4180} INFO - Setting next_dagrun for example_branch_operator to 2024-10-13 00:00:00+00:00, run_after=2024-10-14 00:00:00+00:00
[2024-10-13T22:15:10.280-0400] {processor.py:208} INFO - Processing /Users/karenwang/anaconda3/envs/airflow_sqlite_env/lib/python3.9/site-packages/airflow/example_dags/example_branch_operator.py took 0.464 seconds
[2024-10-13T22:23:15.659-0400] {processor.py:186} INFO - Started process (PID=70179) to work on /Users/karenwang/anaconda3/envs/airflow_sqlite_env/lib/python3.9/site-packages/airflow/example_dags/example_branch_operator.py
[2024-10-13T22:23:15.661-0400] {processor.py:914} INFO - Processing file /Users/karenwang/anaconda3/envs/airflow_sqlite_env/lib/python3.9/site-packages/airflow/example_dags/example_branch_operator.py for tasks to queue
[2024-10-13T22:23:15.662-0400] {logging_mixin.py:190} INFO - [2024-10-13T22:23:15.662-0400] {dagbag.py:588} INFO - Filling up the DagBag from /Users/karenwang/anaconda3/envs/airflow_sqlite_env/lib/python3.9/site-packages/airflow/example_dags/example_branch_operator.py
[2024-10-13T22:23:15.776-0400] {processor.py:925} INFO - DAG(s) 'example_branch_operator' retrieved from /Users/karenwang/anaconda3/envs/airflow_sqlite_env/lib/python3.9/site-packages/airflow/example_dags/example_branch_operator.py
[2024-10-13T22:23:16.142-0400] {logging_mixin.py:190} INFO - [2024-10-13T22:23:16.141-0400] {dag.py:3239} INFO - Sync 1 DAGs
[2024-10-13T22:23:16.172-0400] {logging_mixin.py:190} INFO - [2024-10-13T22:23:16.171-0400] {dag.py:4180} INFO - Setting next_dagrun for example_branch_operator to 2024-10-13 00:00:00+00:00, run_after=2024-10-14 00:00:00+00:00
[2024-10-13T22:23:16.201-0400] {processor.py:208} INFO - Processing /Users/karenwang/anaconda3/envs/airflow_sqlite_env/lib/python3.9/site-packages/airflow/example_dags/example_branch_operator.py took 0.548 seconds
[2024-10-13T22:37:47.842-0400] {processor.py:186} INFO - Started process (PID=75019) to work on /Users/karenwang/anaconda3/envs/airflow_sqlite_env/lib/python3.9/site-packages/airflow/example_dags/example_branch_operator.py
[2024-10-13T22:37:47.844-0400] {processor.py:914} INFO - Processing file /Users/karenwang/anaconda3/envs/airflow_sqlite_env/lib/python3.9/site-packages/airflow/example_dags/example_branch_operator.py for tasks to queue
[2024-10-13T22:37:47.846-0400] {logging_mixin.py:190} INFO - [2024-10-13T22:37:47.845-0400] {dagbag.py:588} INFO - Filling up the DagBag from /Users/karenwang/anaconda3/envs/airflow_sqlite_env/lib/python3.9/site-packages/airflow/example_dags/example_branch_operator.py
[2024-10-13T22:37:47.951-0400] {processor.py:925} INFO - DAG(s) 'example_branch_operator' retrieved from /Users/karenwang/anaconda3/envs/airflow_sqlite_env/lib/python3.9/site-packages/airflow/example_dags/example_branch_operator.py
[2024-10-13T22:37:48.273-0400] {logging_mixin.py:190} INFO - [2024-10-13T22:37:48.273-0400] {dag.py:3239} INFO - Sync 1 DAGs
[2024-10-13T22:37:48.300-0400] {logging_mixin.py:190} INFO - [2024-10-13T22:37:48.299-0400] {dag.py:4180} INFO - Setting next_dagrun for example_branch_operator to 2024-10-13 00:00:00+00:00, run_after=2024-10-14 00:00:00+00:00
[2024-10-13T22:37:48.321-0400] {processor.py:208} INFO - Processing /Users/karenwang/anaconda3/envs/airflow_sqlite_env/lib/python3.9/site-packages/airflow/example_dags/example_branch_operator.py took 0.486 seconds
