[2024-10-13T20:02:08.873-0400] {processor.py:186} INFO - Started process (PID=25768) to work on /Users/karenwang/anaconda3/envs/airflow_sqlite_env/lib/python3.9/site-packages/airflow/example_dags/example_python_decorator.py
[2024-10-13T20:02:08.875-0400] {processor.py:914} INFO - Processing file /Users/karenwang/anaconda3/envs/airflow_sqlite_env/lib/python3.9/site-packages/airflow/example_dags/example_python_decorator.py for tasks to queue
[2024-10-13T20:02:08.877-0400] {logging_mixin.py:190} INFO - [2024-10-13T20:02:08.876-0400] {dagbag.py:588} INFO - Filling up the DagBag from /Users/karenwang/anaconda3/envs/airflow_sqlite_env/lib/python3.9/site-packages/airflow/example_dags/example_python_decorator.py
[2024-10-13T20:02:09.020-0400] {processor.py:925} INFO - DAG(s) 'example_python_decorator' retrieved from /Users/karenwang/anaconda3/envs/airflow_sqlite_env/lib/python3.9/site-packages/airflow/example_dags/example_python_decorator.py
[2024-10-13T20:02:09.328-0400] {logging_mixin.py:190} INFO - [2024-10-13T20:02:09.327-0400] {dag.py:3239} INFO - Sync 1 DAGs
[2024-10-13T20:02:09.346-0400] {logging_mixin.py:190} INFO - [2024-10-13T20:02:09.345-0400] {dag.py:4180} INFO - Setting next_dagrun for example_python_decorator to None, run_after=None
[2024-10-13T20:02:09.372-0400] {processor.py:208} INFO - Processing /Users/karenwang/anaconda3/envs/airflow_sqlite_env/lib/python3.9/site-packages/airflow/example_dags/example_python_decorator.py took 0.505 seconds
[2024-10-13T20:06:19.855-0400] {processor.py:186} INFO - Started process (PID=27069) to work on /Users/karenwang/anaconda3/envs/airflow_sqlite_env/lib/python3.9/site-packages/airflow/example_dags/example_python_decorator.py
[2024-10-13T20:06:19.856-0400] {processor.py:914} INFO - Processing file /Users/karenwang/anaconda3/envs/airflow_sqlite_env/lib/python3.9/site-packages/airflow/example_dags/example_python_decorator.py for tasks to queue
[2024-10-13T20:06:19.858-0400] {logging_mixin.py:190} INFO - [2024-10-13T20:06:19.858-0400] {dagbag.py:588} INFO - Filling up the DagBag from /Users/karenwang/anaconda3/envs/airflow_sqlite_env/lib/python3.9/site-packages/airflow/example_dags/example_python_decorator.py
[2024-10-13T20:06:19.977-0400] {processor.py:925} INFO - DAG(s) 'example_python_decorator' retrieved from /Users/karenwang/anaconda3/envs/airflow_sqlite_env/lib/python3.9/site-packages/airflow/example_dags/example_python_decorator.py
[2024-10-13T20:06:20.288-0400] {logging_mixin.py:190} INFO - [2024-10-13T20:06:20.287-0400] {dag.py:3239} INFO - Sync 1 DAGs
[2024-10-13T20:06:20.304-0400] {logging_mixin.py:190} INFO - [2024-10-13T20:06:20.303-0400] {dag.py:4180} INFO - Setting next_dagrun for example_python_decorator to None, run_after=None
[2024-10-13T20:06:20.327-0400] {processor.py:208} INFO - Processing /Users/karenwang/anaconda3/envs/airflow_sqlite_env/lib/python3.9/site-packages/airflow/example_dags/example_python_decorator.py took 0.478 seconds
[2024-10-13T20:10:20.279-0400] {processor.py:186} INFO - Started process (PID=28298) to work on /Users/karenwang/anaconda3/envs/airflow_sqlite_env/lib/python3.9/site-packages/airflow/example_dags/example_python_decorator.py
[2024-10-13T20:10:20.280-0400] {processor.py:914} INFO - Processing file /Users/karenwang/anaconda3/envs/airflow_sqlite_env/lib/python3.9/site-packages/airflow/example_dags/example_python_decorator.py for tasks to queue
[2024-10-13T20:10:20.282-0400] {logging_mixin.py:190} INFO - [2024-10-13T20:10:20.281-0400] {dagbag.py:588} INFO - Filling up the DagBag from /Users/karenwang/anaconda3/envs/airflow_sqlite_env/lib/python3.9/site-packages/airflow/example_dags/example_python_decorator.py
[2024-10-13T20:10:20.376-0400] {processor.py:925} INFO - DAG(s) 'example_python_decorator' retrieved from /Users/karenwang/anaconda3/envs/airflow_sqlite_env/lib/python3.9/site-packages/airflow/example_dags/example_python_decorator.py
[2024-10-13T20:10:20.647-0400] {logging_mixin.py:190} INFO - [2024-10-13T20:10:20.646-0400] {dag.py:3239} INFO - Sync 1 DAGs
[2024-10-13T20:10:20.664-0400] {logging_mixin.py:190} INFO - [2024-10-13T20:10:20.663-0400] {dag.py:4180} INFO - Setting next_dagrun for example_python_decorator to None, run_after=None
[2024-10-13T20:10:20.687-0400] {processor.py:208} INFO - Processing /Users/karenwang/anaconda3/envs/airflow_sqlite_env/lib/python3.9/site-packages/airflow/example_dags/example_python_decorator.py took 0.413 seconds
[2024-10-13T20:14:19.349-0400] {processor.py:186} INFO - Started process (PID=29515) to work on /Users/karenwang/anaconda3/envs/airflow_sqlite_env/lib/python3.9/site-packages/airflow/example_dags/example_python_decorator.py
[2024-10-13T20:14:19.350-0400] {processor.py:914} INFO - Processing file /Users/karenwang/anaconda3/envs/airflow_sqlite_env/lib/python3.9/site-packages/airflow/example_dags/example_python_decorator.py for tasks to queue
[2024-10-13T20:14:19.352-0400] {logging_mixin.py:190} INFO - [2024-10-13T20:14:19.351-0400] {dagbag.py:588} INFO - Filling up the DagBag from /Users/karenwang/anaconda3/envs/airflow_sqlite_env/lib/python3.9/site-packages/airflow/example_dags/example_python_decorator.py
[2024-10-13T20:14:19.470-0400] {processor.py:925} INFO - DAG(s) 'example_python_decorator' retrieved from /Users/karenwang/anaconda3/envs/airflow_sqlite_env/lib/python3.9/site-packages/airflow/example_dags/example_python_decorator.py
[2024-10-13T20:14:19.786-0400] {logging_mixin.py:190} INFO - [2024-10-13T20:14:19.785-0400] {dag.py:3239} INFO - Sync 1 DAGs
[2024-10-13T20:14:19.800-0400] {logging_mixin.py:190} INFO - [2024-10-13T20:14:19.800-0400] {dag.py:4180} INFO - Setting next_dagrun for example_python_decorator to None, run_after=None
[2024-10-13T20:14:19.825-0400] {processor.py:208} INFO - Processing /Users/karenwang/anaconda3/envs/airflow_sqlite_env/lib/python3.9/site-packages/airflow/example_dags/example_python_decorator.py took 0.482 seconds
[2024-10-13T20:18:27.847-0400] {processor.py:186} INFO - Started process (PID=30779) to work on /Users/karenwang/anaconda3/envs/airflow_sqlite_env/lib/python3.9/site-packages/airflow/example_dags/example_python_decorator.py
[2024-10-13T20:18:27.848-0400] {processor.py:914} INFO - Processing file /Users/karenwang/anaconda3/envs/airflow_sqlite_env/lib/python3.9/site-packages/airflow/example_dags/example_python_decorator.py for tasks to queue
[2024-10-13T20:18:27.850-0400] {logging_mixin.py:190} INFO - [2024-10-13T20:18:27.850-0400] {dagbag.py:588} INFO - Filling up the DagBag from /Users/karenwang/anaconda3/envs/airflow_sqlite_env/lib/python3.9/site-packages/airflow/example_dags/example_python_decorator.py
[2024-10-13T20:18:27.956-0400] {processor.py:925} INFO - DAG(s) 'example_python_decorator' retrieved from /Users/karenwang/anaconda3/envs/airflow_sqlite_env/lib/python3.9/site-packages/airflow/example_dags/example_python_decorator.py
[2024-10-13T20:18:28.249-0400] {logging_mixin.py:190} INFO - [2024-10-13T20:18:28.249-0400] {dag.py:3239} INFO - Sync 1 DAGs
[2024-10-13T20:18:28.262-0400] {logging_mixin.py:190} INFO - [2024-10-13T20:18:28.261-0400] {dag.py:4180} INFO - Setting next_dagrun for example_python_decorator to None, run_after=None
[2024-10-13T20:18:28.287-0400] {processor.py:208} INFO - Processing /Users/karenwang/anaconda3/envs/airflow_sqlite_env/lib/python3.9/site-packages/airflow/example_dags/example_python_decorator.py took 0.446 seconds
[2024-10-13T20:22:52.574-0400] {processor.py:186} INFO - Started process (PID=32268) to work on /Users/karenwang/anaconda3/envs/airflow_sqlite_env/lib/python3.9/site-packages/airflow/example_dags/example_python_decorator.py
[2024-10-13T20:22:52.576-0400] {processor.py:914} INFO - Processing file /Users/karenwang/anaconda3/envs/airflow_sqlite_env/lib/python3.9/site-packages/airflow/example_dags/example_python_decorator.py for tasks to queue
[2024-10-13T20:22:52.577-0400] {logging_mixin.py:190} INFO - [2024-10-13T20:22:52.577-0400] {dagbag.py:588} INFO - Filling up the DagBag from /Users/karenwang/anaconda3/envs/airflow_sqlite_env/lib/python3.9/site-packages/airflow/example_dags/example_python_decorator.py
[2024-10-13T20:22:52.691-0400] {processor.py:925} INFO - DAG(s) 'example_python_decorator' retrieved from /Users/karenwang/anaconda3/envs/airflow_sqlite_env/lib/python3.9/site-packages/airflow/example_dags/example_python_decorator.py
[2024-10-13T20:22:52.947-0400] {logging_mixin.py:190} INFO - [2024-10-13T20:22:52.947-0400] {dag.py:3239} INFO - Sync 1 DAGs
[2024-10-13T20:22:52.962-0400] {logging_mixin.py:190} INFO - [2024-10-13T20:22:52.962-0400] {dag.py:4180} INFO - Setting next_dagrun for example_python_decorator to None, run_after=None
[2024-10-13T20:22:52.984-0400] {processor.py:208} INFO - Processing /Users/karenwang/anaconda3/envs/airflow_sqlite_env/lib/python3.9/site-packages/airflow/example_dags/example_python_decorator.py took 0.417 seconds
[2024-10-13T20:28:31.982-0400] {processor.py:186} INFO - Started process (PID=34161) to work on /Users/karenwang/anaconda3/envs/airflow_sqlite_env/lib/python3.9/site-packages/airflow/example_dags/example_python_decorator.py
[2024-10-13T20:28:31.984-0400] {processor.py:914} INFO - Processing file /Users/karenwang/anaconda3/envs/airflow_sqlite_env/lib/python3.9/site-packages/airflow/example_dags/example_python_decorator.py for tasks to queue
[2024-10-13T20:28:31.985-0400] {logging_mixin.py:190} INFO - [2024-10-13T20:28:31.985-0400] {dagbag.py:588} INFO - Filling up the DagBag from /Users/karenwang/anaconda3/envs/airflow_sqlite_env/lib/python3.9/site-packages/airflow/example_dags/example_python_decorator.py
[2024-10-13T20:28:32.107-0400] {processor.py:925} INFO - DAG(s) 'example_python_decorator' retrieved from /Users/karenwang/anaconda3/envs/airflow_sqlite_env/lib/python3.9/site-packages/airflow/example_dags/example_python_decorator.py
[2024-10-13T20:28:32.511-0400] {logging_mixin.py:190} INFO - [2024-10-13T20:28:32.510-0400] {dag.py:3239} INFO - Sync 1 DAGs
[2024-10-13T20:28:32.541-0400] {logging_mixin.py:190} INFO - [2024-10-13T20:28:32.540-0400] {dag.py:4180} INFO - Setting next_dagrun for example_python_decorator to None, run_after=None
[2024-10-13T20:28:32.575-0400] {processor.py:208} INFO - Processing /Users/karenwang/anaconda3/envs/airflow_sqlite_env/lib/python3.9/site-packages/airflow/example_dags/example_python_decorator.py took 0.600 seconds
[2024-10-13T20:32:59.269-0400] {processor.py:186} INFO - Started process (PID=35617) to work on /Users/karenwang/anaconda3/envs/airflow_sqlite_env/lib/python3.9/site-packages/airflow/example_dags/example_python_decorator.py
[2024-10-13T20:32:59.270-0400] {processor.py:914} INFO - Processing file /Users/karenwang/anaconda3/envs/airflow_sqlite_env/lib/python3.9/site-packages/airflow/example_dags/example_python_decorator.py for tasks to queue
[2024-10-13T20:32:59.271-0400] {logging_mixin.py:190} INFO - [2024-10-13T20:32:59.271-0400] {dagbag.py:588} INFO - Filling up the DagBag from /Users/karenwang/anaconda3/envs/airflow_sqlite_env/lib/python3.9/site-packages/airflow/example_dags/example_python_decorator.py
[2024-10-13T20:32:59.367-0400] {processor.py:925} INFO - DAG(s) 'example_python_decorator' retrieved from /Users/karenwang/anaconda3/envs/airflow_sqlite_env/lib/python3.9/site-packages/airflow/example_dags/example_python_decorator.py
[2024-10-13T20:32:59.641-0400] {logging_mixin.py:190} INFO - [2024-10-13T20:32:59.641-0400] {dag.py:3239} INFO - Sync 1 DAGs
[2024-10-13T20:32:59.656-0400] {logging_mixin.py:190} INFO - [2024-10-13T20:32:59.656-0400] {dag.py:4180} INFO - Setting next_dagrun for example_python_decorator to None, run_after=None
[2024-10-13T20:32:59.677-0400] {processor.py:208} INFO - Processing /Users/karenwang/anaconda3/envs/airflow_sqlite_env/lib/python3.9/site-packages/airflow/example_dags/example_python_decorator.py took 0.414 seconds
[2024-10-13T20:36:40.179-0400] {processor.py:186} INFO - Started process (PID=36786) to work on /Users/karenwang/anaconda3/envs/airflow_sqlite_env/lib/python3.9/site-packages/airflow/example_dags/example_python_decorator.py
[2024-10-13T20:36:40.181-0400] {processor.py:914} INFO - Processing file /Users/karenwang/anaconda3/envs/airflow_sqlite_env/lib/python3.9/site-packages/airflow/example_dags/example_python_decorator.py for tasks to queue
[2024-10-13T20:36:40.182-0400] {logging_mixin.py:190} INFO - [2024-10-13T20:36:40.181-0400] {dagbag.py:588} INFO - Filling up the DagBag from /Users/karenwang/anaconda3/envs/airflow_sqlite_env/lib/python3.9/site-packages/airflow/example_dags/example_python_decorator.py
[2024-10-13T20:36:40.275-0400] {processor.py:925} INFO - DAG(s) 'example_python_decorator' retrieved from /Users/karenwang/anaconda3/envs/airflow_sqlite_env/lib/python3.9/site-packages/airflow/example_dags/example_python_decorator.py
[2024-10-13T20:36:40.540-0400] {logging_mixin.py:190} INFO - [2024-10-13T20:36:40.539-0400] {dag.py:3239} INFO - Sync 1 DAGs
[2024-10-13T20:36:40.556-0400] {logging_mixin.py:190} INFO - [2024-10-13T20:36:40.556-0400] {dag.py:4180} INFO - Setting next_dagrun for example_python_decorator to None, run_after=None
[2024-10-13T20:36:40.578-0400] {processor.py:208} INFO - Processing /Users/karenwang/anaconda3/envs/airflow_sqlite_env/lib/python3.9/site-packages/airflow/example_dags/example_python_decorator.py took 0.405 seconds
[2024-10-13T20:40:19.218-0400] {processor.py:186} INFO - Started process (PID=37905) to work on /Users/karenwang/anaconda3/envs/airflow_sqlite_env/lib/python3.9/site-packages/airflow/example_dags/example_python_decorator.py
[2024-10-13T20:40:19.220-0400] {processor.py:914} INFO - Processing file /Users/karenwang/anaconda3/envs/airflow_sqlite_env/lib/python3.9/site-packages/airflow/example_dags/example_python_decorator.py for tasks to queue
[2024-10-13T20:40:19.221-0400] {logging_mixin.py:190} INFO - [2024-10-13T20:40:19.221-0400] {dagbag.py:588} INFO - Filling up the DagBag from /Users/karenwang/anaconda3/envs/airflow_sqlite_env/lib/python3.9/site-packages/airflow/example_dags/example_python_decorator.py
[2024-10-13T20:40:19.324-0400] {processor.py:925} INFO - DAG(s) 'example_python_decorator' retrieved from /Users/karenwang/anaconda3/envs/airflow_sqlite_env/lib/python3.9/site-packages/airflow/example_dags/example_python_decorator.py
[2024-10-13T20:40:19.622-0400] {logging_mixin.py:190} INFO - [2024-10-13T20:40:19.621-0400] {dag.py:3239} INFO - Sync 1 DAGs
[2024-10-13T20:40:19.637-0400] {logging_mixin.py:190} INFO - [2024-10-13T20:40:19.636-0400] {dag.py:4180} INFO - Setting next_dagrun for example_python_decorator to None, run_after=None
[2024-10-13T20:40:19.662-0400] {processor.py:208} INFO - Processing /Users/karenwang/anaconda3/envs/airflow_sqlite_env/lib/python3.9/site-packages/airflow/example_dags/example_python_decorator.py took 0.449 seconds
[2024-10-13T20:43:59.842-0400] {processor.py:186} INFO - Started process (PID=39044) to work on /Users/karenwang/anaconda3/envs/airflow_sqlite_env/lib/python3.9/site-packages/airflow/example_dags/example_python_decorator.py
[2024-10-13T20:43:59.843-0400] {processor.py:914} INFO - Processing file /Users/karenwang/anaconda3/envs/airflow_sqlite_env/lib/python3.9/site-packages/airflow/example_dags/example_python_decorator.py for tasks to queue
[2024-10-13T20:43:59.845-0400] {logging_mixin.py:190} INFO - [2024-10-13T20:43:59.844-0400] {dagbag.py:588} INFO - Filling up the DagBag from /Users/karenwang/anaconda3/envs/airflow_sqlite_env/lib/python3.9/site-packages/airflow/example_dags/example_python_decorator.py
[2024-10-13T20:43:59.942-0400] {processor.py:925} INFO - DAG(s) 'example_python_decorator' retrieved from /Users/karenwang/anaconda3/envs/airflow_sqlite_env/lib/python3.9/site-packages/airflow/example_dags/example_python_decorator.py
[2024-10-13T20:44:00.228-0400] {logging_mixin.py:190} INFO - [2024-10-13T20:44:00.228-0400] {dag.py:3239} INFO - Sync 1 DAGs
[2024-10-13T20:44:00.243-0400] {logging_mixin.py:190} INFO - [2024-10-13T20:44:00.243-0400] {dag.py:4180} INFO - Setting next_dagrun for example_python_decorator to None, run_after=None
[2024-10-13T20:44:00.263-0400] {processor.py:208} INFO - Processing /Users/karenwang/anaconda3/envs/airflow_sqlite_env/lib/python3.9/site-packages/airflow/example_dags/example_python_decorator.py took 0.426 seconds
[2024-10-13T20:47:38.628-0400] {processor.py:186} INFO - Started process (PID=40194) to work on /Users/karenwang/anaconda3/envs/airflow_sqlite_env/lib/python3.9/site-packages/airflow/example_dags/example_python_decorator.py
[2024-10-13T20:47:38.629-0400] {processor.py:914} INFO - Processing file /Users/karenwang/anaconda3/envs/airflow_sqlite_env/lib/python3.9/site-packages/airflow/example_dags/example_python_decorator.py for tasks to queue
[2024-10-13T20:47:38.631-0400] {logging_mixin.py:190} INFO - [2024-10-13T20:47:38.630-0400] {dagbag.py:588} INFO - Filling up the DagBag from /Users/karenwang/anaconda3/envs/airflow_sqlite_env/lib/python3.9/site-packages/airflow/example_dags/example_python_decorator.py
[2024-10-13T20:47:38.727-0400] {processor.py:925} INFO - DAG(s) 'example_python_decorator' retrieved from /Users/karenwang/anaconda3/envs/airflow_sqlite_env/lib/python3.9/site-packages/airflow/example_dags/example_python_decorator.py
[2024-10-13T20:47:39.005-0400] {logging_mixin.py:190} INFO - [2024-10-13T20:47:39.004-0400] {dag.py:3239} INFO - Sync 1 DAGs
[2024-10-13T20:47:39.018-0400] {logging_mixin.py:190} INFO - [2024-10-13T20:47:39.018-0400] {dag.py:4180} INFO - Setting next_dagrun for example_python_decorator to None, run_after=None
[2024-10-13T20:47:39.041-0400] {processor.py:208} INFO - Processing /Users/karenwang/anaconda3/envs/airflow_sqlite_env/lib/python3.9/site-packages/airflow/example_dags/example_python_decorator.py took 0.420 seconds
[2024-10-13T20:51:17.729-0400] {processor.py:186} INFO - Started process (PID=41318) to work on /Users/karenwang/anaconda3/envs/airflow_sqlite_env/lib/python3.9/site-packages/airflow/example_dags/example_python_decorator.py
[2024-10-13T20:51:17.730-0400] {processor.py:914} INFO - Processing file /Users/karenwang/anaconda3/envs/airflow_sqlite_env/lib/python3.9/site-packages/airflow/example_dags/example_python_decorator.py for tasks to queue
[2024-10-13T20:51:17.732-0400] {logging_mixin.py:190} INFO - [2024-10-13T20:51:17.732-0400] {dagbag.py:588} INFO - Filling up the DagBag from /Users/karenwang/anaconda3/envs/airflow_sqlite_env/lib/python3.9/site-packages/airflow/example_dags/example_python_decorator.py
[2024-10-13T20:51:17.831-0400] {processor.py:925} INFO - DAG(s) 'example_python_decorator' retrieved from /Users/karenwang/anaconda3/envs/airflow_sqlite_env/lib/python3.9/site-packages/airflow/example_dags/example_python_decorator.py
[2024-10-13T20:51:18.094-0400] {logging_mixin.py:190} INFO - [2024-10-13T20:51:18.094-0400] {dag.py:3239} INFO - Sync 1 DAGs
[2024-10-13T20:51:18.107-0400] {logging_mixin.py:190} INFO - [2024-10-13T20:51:18.106-0400] {dag.py:4180} INFO - Setting next_dagrun for example_python_decorator to None, run_after=None
[2024-10-13T20:51:18.129-0400] {processor.py:208} INFO - Processing /Users/karenwang/anaconda3/envs/airflow_sqlite_env/lib/python3.9/site-packages/airflow/example_dags/example_python_decorator.py took 0.406 seconds
[2024-10-13T20:54:56.541-0400] {processor.py:186} INFO - Started process (PID=42453) to work on /Users/karenwang/anaconda3/envs/airflow_sqlite_env/lib/python3.9/site-packages/airflow/example_dags/example_python_decorator.py
[2024-10-13T20:54:56.543-0400] {processor.py:914} INFO - Processing file /Users/karenwang/anaconda3/envs/airflow_sqlite_env/lib/python3.9/site-packages/airflow/example_dags/example_python_decorator.py for tasks to queue
[2024-10-13T20:54:56.544-0400] {logging_mixin.py:190} INFO - [2024-10-13T20:54:56.544-0400] {dagbag.py:588} INFO - Filling up the DagBag from /Users/karenwang/anaconda3/envs/airflow_sqlite_env/lib/python3.9/site-packages/airflow/example_dags/example_python_decorator.py
[2024-10-13T20:54:56.639-0400] {processor.py:925} INFO - DAG(s) 'example_python_decorator' retrieved from /Users/karenwang/anaconda3/envs/airflow_sqlite_env/lib/python3.9/site-packages/airflow/example_dags/example_python_decorator.py
[2024-10-13T20:54:56.900-0400] {logging_mixin.py:190} INFO - [2024-10-13T20:54:56.899-0400] {dag.py:3239} INFO - Sync 1 DAGs
[2024-10-13T20:54:56.912-0400] {logging_mixin.py:190} INFO - [2024-10-13T20:54:56.911-0400] {dag.py:4180} INFO - Setting next_dagrun for example_python_decorator to None, run_after=None
[2024-10-13T20:54:56.935-0400] {processor.py:208} INFO - Processing /Users/karenwang/anaconda3/envs/airflow_sqlite_env/lib/python3.9/site-packages/airflow/example_dags/example_python_decorator.py took 0.399 seconds
[2024-10-13T20:58:38.442-0400] {processor.py:186} INFO - Started process (PID=43622) to work on /Users/karenwang/anaconda3/envs/airflow_sqlite_env/lib/python3.9/site-packages/airflow/example_dags/example_python_decorator.py
[2024-10-13T20:58:38.443-0400] {processor.py:914} INFO - Processing file /Users/karenwang/anaconda3/envs/airflow_sqlite_env/lib/python3.9/site-packages/airflow/example_dags/example_python_decorator.py for tasks to queue
[2024-10-13T20:58:38.445-0400] {logging_mixin.py:190} INFO - [2024-10-13T20:58:38.444-0400] {dagbag.py:588} INFO - Filling up the DagBag from /Users/karenwang/anaconda3/envs/airflow_sqlite_env/lib/python3.9/site-packages/airflow/example_dags/example_python_decorator.py
[2024-10-13T20:58:38.537-0400] {processor.py:925} INFO - DAG(s) 'example_python_decorator' retrieved from /Users/karenwang/anaconda3/envs/airflow_sqlite_env/lib/python3.9/site-packages/airflow/example_dags/example_python_decorator.py
[2024-10-13T20:58:38.801-0400] {logging_mixin.py:190} INFO - [2024-10-13T20:58:38.800-0400] {dag.py:3239} INFO - Sync 1 DAGs
[2024-10-13T20:58:38.813-0400] {logging_mixin.py:190} INFO - [2024-10-13T20:58:38.813-0400] {dag.py:4180} INFO - Setting next_dagrun for example_python_decorator to None, run_after=None
[2024-10-13T20:58:38.833-0400] {processor.py:208} INFO - Processing /Users/karenwang/anaconda3/envs/airflow_sqlite_env/lib/python3.9/site-packages/airflow/example_dags/example_python_decorator.py took 0.397 seconds
[2024-10-13T21:02:18.127-0400] {processor.py:186} INFO - Started process (PID=44750) to work on /Users/karenwang/anaconda3/envs/airflow_sqlite_env/lib/python3.9/site-packages/airflow/example_dags/example_python_decorator.py
[2024-10-13T21:02:18.128-0400] {processor.py:914} INFO - Processing file /Users/karenwang/anaconda3/envs/airflow_sqlite_env/lib/python3.9/site-packages/airflow/example_dags/example_python_decorator.py for tasks to queue
[2024-10-13T21:02:18.130-0400] {logging_mixin.py:190} INFO - [2024-10-13T21:02:18.129-0400] {dagbag.py:588} INFO - Filling up the DagBag from /Users/karenwang/anaconda3/envs/airflow_sqlite_env/lib/python3.9/site-packages/airflow/example_dags/example_python_decorator.py
[2024-10-13T21:02:18.233-0400] {processor.py:925} INFO - DAG(s) 'example_python_decorator' retrieved from /Users/karenwang/anaconda3/envs/airflow_sqlite_env/lib/python3.9/site-packages/airflow/example_dags/example_python_decorator.py
[2024-10-13T21:02:18.506-0400] {logging_mixin.py:190} INFO - [2024-10-13T21:02:18.506-0400] {dag.py:3239} INFO - Sync 1 DAGs
[2024-10-13T21:02:18.518-0400] {logging_mixin.py:190} INFO - [2024-10-13T21:02:18.518-0400] {dag.py:4180} INFO - Setting next_dagrun for example_python_decorator to None, run_after=None
[2024-10-13T21:02:18.539-0400] {processor.py:208} INFO - Processing /Users/karenwang/anaconda3/envs/airflow_sqlite_env/lib/python3.9/site-packages/airflow/example_dags/example_python_decorator.py took 0.418 seconds
[2024-10-13T21:05:57.811-0400] {processor.py:186} INFO - Started process (PID=45881) to work on /Users/karenwang/anaconda3/envs/airflow_sqlite_env/lib/python3.9/site-packages/airflow/example_dags/example_python_decorator.py
[2024-10-13T21:05:57.812-0400] {processor.py:914} INFO - Processing file /Users/karenwang/anaconda3/envs/airflow_sqlite_env/lib/python3.9/site-packages/airflow/example_dags/example_python_decorator.py for tasks to queue
[2024-10-13T21:05:57.814-0400] {logging_mixin.py:190} INFO - [2024-10-13T21:05:57.813-0400] {dagbag.py:588} INFO - Filling up the DagBag from /Users/karenwang/anaconda3/envs/airflow_sqlite_env/lib/python3.9/site-packages/airflow/example_dags/example_python_decorator.py
[2024-10-13T21:05:57.925-0400] {processor.py:925} INFO - DAG(s) 'example_python_decorator' retrieved from /Users/karenwang/anaconda3/envs/airflow_sqlite_env/lib/python3.9/site-packages/airflow/example_dags/example_python_decorator.py
[2024-10-13T21:05:58.177-0400] {logging_mixin.py:190} INFO - [2024-10-13T21:05:58.177-0400] {dag.py:3239} INFO - Sync 1 DAGs
[2024-10-13T21:05:58.191-0400] {logging_mixin.py:190} INFO - [2024-10-13T21:05:58.191-0400] {dag.py:4180} INFO - Setting next_dagrun for example_python_decorator to None, run_after=None
[2024-10-13T21:05:58.216-0400] {processor.py:208} INFO - Processing /Users/karenwang/anaconda3/envs/airflow_sqlite_env/lib/python3.9/site-packages/airflow/example_dags/example_python_decorator.py took 0.411 seconds
[2024-10-13T21:11:24.838-0400] {processor.py:186} INFO - Started process (PID=47656) to work on /Users/karenwang/anaconda3/envs/airflow_sqlite_env/lib/python3.9/site-packages/airflow/example_dags/example_python_decorator.py
[2024-10-13T21:11:24.839-0400] {processor.py:914} INFO - Processing file /Users/karenwang/anaconda3/envs/airflow_sqlite_env/lib/python3.9/site-packages/airflow/example_dags/example_python_decorator.py for tasks to queue
[2024-10-13T21:11:24.841-0400] {logging_mixin.py:190} INFO - [2024-10-13T21:11:24.840-0400] {dagbag.py:588} INFO - Filling up the DagBag from /Users/karenwang/anaconda3/envs/airflow_sqlite_env/lib/python3.9/site-packages/airflow/example_dags/example_python_decorator.py
[2024-10-13T21:11:24.937-0400] {processor.py:925} INFO - DAG(s) 'example_python_decorator' retrieved from /Users/karenwang/anaconda3/envs/airflow_sqlite_env/lib/python3.9/site-packages/airflow/example_dags/example_python_decorator.py
[2024-10-13T21:11:25.195-0400] {logging_mixin.py:190} INFO - [2024-10-13T21:11:25.195-0400] {dag.py:3239} INFO - Sync 1 DAGs
[2024-10-13T21:11:25.209-0400] {logging_mixin.py:190} INFO - [2024-10-13T21:11:25.209-0400] {dag.py:4180} INFO - Setting next_dagrun for example_python_decorator to None, run_after=None
[2024-10-13T21:11:25.231-0400] {processor.py:208} INFO - Processing /Users/karenwang/anaconda3/envs/airflow_sqlite_env/lib/python3.9/site-packages/airflow/example_dags/example_python_decorator.py took 0.399 seconds
[2024-10-13T21:16:02.022-0400] {processor.py:186} INFO - Started process (PID=49315) to work on /Users/karenwang/anaconda3/envs/airflow_sqlite_env/lib/python3.9/site-packages/airflow/example_dags/example_python_decorator.py
[2024-10-13T21:16:02.023-0400] {processor.py:914} INFO - Processing file /Users/karenwang/anaconda3/envs/airflow_sqlite_env/lib/python3.9/site-packages/airflow/example_dags/example_python_decorator.py for tasks to queue
[2024-10-13T21:16:02.025-0400] {logging_mixin.py:190} INFO - [2024-10-13T21:16:02.024-0400] {dagbag.py:588} INFO - Filling up the DagBag from /Users/karenwang/anaconda3/envs/airflow_sqlite_env/lib/python3.9/site-packages/airflow/example_dags/example_python_decorator.py
[2024-10-13T21:16:02.126-0400] {processor.py:925} INFO - DAG(s) 'example_python_decorator' retrieved from /Users/karenwang/anaconda3/envs/airflow_sqlite_env/lib/python3.9/site-packages/airflow/example_dags/example_python_decorator.py
[2024-10-13T21:16:02.400-0400] {logging_mixin.py:190} INFO - [2024-10-13T21:16:02.400-0400] {dag.py:3239} INFO - Sync 1 DAGs
[2024-10-13T21:16:02.412-0400] {logging_mixin.py:190} INFO - [2024-10-13T21:16:02.412-0400] {dag.py:4180} INFO - Setting next_dagrun for example_python_decorator to None, run_after=None
[2024-10-13T21:16:02.438-0400] {processor.py:208} INFO - Processing /Users/karenwang/anaconda3/envs/airflow_sqlite_env/lib/python3.9/site-packages/airflow/example_dags/example_python_decorator.py took 0.422 seconds
[2024-10-13T21:19:48.801-0400] {processor.py:186} INFO - Started process (PID=50507) to work on /Users/karenwang/anaconda3/envs/airflow_sqlite_env/lib/python3.9/site-packages/airflow/example_dags/example_python_decorator.py
[2024-10-13T21:19:48.802-0400] {processor.py:914} INFO - Processing file /Users/karenwang/anaconda3/envs/airflow_sqlite_env/lib/python3.9/site-packages/airflow/example_dags/example_python_decorator.py for tasks to queue
[2024-10-13T21:19:48.804-0400] {logging_mixin.py:190} INFO - [2024-10-13T21:19:48.803-0400] {dagbag.py:588} INFO - Filling up the DagBag from /Users/karenwang/anaconda3/envs/airflow_sqlite_env/lib/python3.9/site-packages/airflow/example_dags/example_python_decorator.py
[2024-10-13T21:19:48.902-0400] {processor.py:925} INFO - DAG(s) 'example_python_decorator' retrieved from /Users/karenwang/anaconda3/envs/airflow_sqlite_env/lib/python3.9/site-packages/airflow/example_dags/example_python_decorator.py
[2024-10-13T21:19:49.175-0400] {logging_mixin.py:190} INFO - [2024-10-13T21:19:49.175-0400] {dag.py:3239} INFO - Sync 1 DAGs
[2024-10-13T21:19:49.187-0400] {logging_mixin.py:190} INFO - [2024-10-13T21:19:49.187-0400] {dag.py:4180} INFO - Setting next_dagrun for example_python_decorator to None, run_after=None
[2024-10-13T21:19:49.210-0400] {processor.py:208} INFO - Processing /Users/karenwang/anaconda3/envs/airflow_sqlite_env/lib/python3.9/site-packages/airflow/example_dags/example_python_decorator.py took 0.415 seconds
[2024-10-13T21:23:30.226-0400] {processor.py:186} INFO - Started process (PID=51634) to work on /Users/karenwang/anaconda3/envs/airflow_sqlite_env/lib/python3.9/site-packages/airflow/example_dags/example_python_decorator.py
[2024-10-13T21:23:30.228-0400] {processor.py:914} INFO - Processing file /Users/karenwang/anaconda3/envs/airflow_sqlite_env/lib/python3.9/site-packages/airflow/example_dags/example_python_decorator.py for tasks to queue
[2024-10-13T21:23:30.229-0400] {logging_mixin.py:190} INFO - [2024-10-13T21:23:30.229-0400] {dagbag.py:588} INFO - Filling up the DagBag from /Users/karenwang/anaconda3/envs/airflow_sqlite_env/lib/python3.9/site-packages/airflow/example_dags/example_python_decorator.py
[2024-10-13T21:23:30.323-0400] {processor.py:925} INFO - DAG(s) 'example_python_decorator' retrieved from /Users/karenwang/anaconda3/envs/airflow_sqlite_env/lib/python3.9/site-packages/airflow/example_dags/example_python_decorator.py
[2024-10-13T21:23:30.593-0400] {logging_mixin.py:190} INFO - [2024-10-13T21:23:30.592-0400] {dag.py:3239} INFO - Sync 1 DAGs
[2024-10-13T21:23:30.605-0400] {logging_mixin.py:190} INFO - [2024-10-13T21:23:30.604-0400] {dag.py:4180} INFO - Setting next_dagrun for example_python_decorator to None, run_after=None
[2024-10-13T21:23:30.628-0400] {processor.py:208} INFO - Processing /Users/karenwang/anaconda3/envs/airflow_sqlite_env/lib/python3.9/site-packages/airflow/example_dags/example_python_decorator.py took 0.407 seconds
[2024-10-13T21:27:09.047-0400] {processor.py:186} INFO - Started process (PID=52766) to work on /Users/karenwang/anaconda3/envs/airflow_sqlite_env/lib/python3.9/site-packages/airflow/example_dags/example_python_decorator.py
[2024-10-13T21:27:09.049-0400] {processor.py:914} INFO - Processing file /Users/karenwang/anaconda3/envs/airflow_sqlite_env/lib/python3.9/site-packages/airflow/example_dags/example_python_decorator.py for tasks to queue
[2024-10-13T21:27:09.051-0400] {logging_mixin.py:190} INFO - [2024-10-13T21:27:09.050-0400] {dagbag.py:588} INFO - Filling up the DagBag from /Users/karenwang/anaconda3/envs/airflow_sqlite_env/lib/python3.9/site-packages/airflow/example_dags/example_python_decorator.py
[2024-10-13T21:27:09.157-0400] {processor.py:925} INFO - DAG(s) 'example_python_decorator' retrieved from /Users/karenwang/anaconda3/envs/airflow_sqlite_env/lib/python3.9/site-packages/airflow/example_dags/example_python_decorator.py
[2024-10-13T21:27:09.438-0400] {logging_mixin.py:190} INFO - [2024-10-13T21:27:09.437-0400] {dag.py:3239} INFO - Sync 1 DAGs
[2024-10-13T21:27:09.453-0400] {logging_mixin.py:190} INFO - [2024-10-13T21:27:09.453-0400] {dag.py:4180} INFO - Setting next_dagrun for example_python_decorator to None, run_after=None
[2024-10-13T21:27:09.476-0400] {processor.py:208} INFO - Processing /Users/karenwang/anaconda3/envs/airflow_sqlite_env/lib/python3.9/site-packages/airflow/example_dags/example_python_decorator.py took 0.434 seconds
[2024-10-13T21:31:05.715-0400] {processor.py:186} INFO - Started process (PID=54022) to work on /Users/karenwang/anaconda3/envs/airflow_sqlite_env/lib/python3.9/site-packages/airflow/example_dags/example_python_decorator.py
[2024-10-13T21:31:05.716-0400] {processor.py:914} INFO - Processing file /Users/karenwang/anaconda3/envs/airflow_sqlite_env/lib/python3.9/site-packages/airflow/example_dags/example_python_decorator.py for tasks to queue
[2024-10-13T21:31:05.718-0400] {logging_mixin.py:190} INFO - [2024-10-13T21:31:05.717-0400] {dagbag.py:588} INFO - Filling up the DagBag from /Users/karenwang/anaconda3/envs/airflow_sqlite_env/lib/python3.9/site-packages/airflow/example_dags/example_python_decorator.py
[2024-10-13T21:31:05.836-0400] {processor.py:925} INFO - DAG(s) 'example_python_decorator' retrieved from /Users/karenwang/anaconda3/envs/airflow_sqlite_env/lib/python3.9/site-packages/airflow/example_dags/example_python_decorator.py
[2024-10-13T21:31:06.144-0400] {logging_mixin.py:190} INFO - [2024-10-13T21:31:06.143-0400] {dag.py:3239} INFO - Sync 1 DAGs
[2024-10-13T21:31:06.159-0400] {logging_mixin.py:190} INFO - [2024-10-13T21:31:06.159-0400] {dag.py:4180} INFO - Setting next_dagrun for example_python_decorator to None, run_after=None
[2024-10-13T21:31:06.186-0400] {processor.py:208} INFO - Processing /Users/karenwang/anaconda3/envs/airflow_sqlite_env/lib/python3.9/site-packages/airflow/example_dags/example_python_decorator.py took 0.478 seconds
[2024-10-13T21:35:02.075-0400] {processor.py:186} INFO - Started process (PID=55249) to work on /Users/karenwang/anaconda3/envs/airflow_sqlite_env/lib/python3.9/site-packages/airflow/example_dags/example_python_decorator.py
[2024-10-13T21:35:02.076-0400] {processor.py:914} INFO - Processing file /Users/karenwang/anaconda3/envs/airflow_sqlite_env/lib/python3.9/site-packages/airflow/example_dags/example_python_decorator.py for tasks to queue
[2024-10-13T21:35:02.078-0400] {logging_mixin.py:190} INFO - [2024-10-13T21:35:02.077-0400] {dagbag.py:588} INFO - Filling up the DagBag from /Users/karenwang/anaconda3/envs/airflow_sqlite_env/lib/python3.9/site-packages/airflow/example_dags/example_python_decorator.py
[2024-10-13T21:35:02.165-0400] {processor.py:925} INFO - DAG(s) 'example_python_decorator' retrieved from /Users/karenwang/anaconda3/envs/airflow_sqlite_env/lib/python3.9/site-packages/airflow/example_dags/example_python_decorator.py
[2024-10-13T21:35:02.420-0400] {logging_mixin.py:190} INFO - [2024-10-13T21:35:02.420-0400] {dag.py:3239} INFO - Sync 1 DAGs
[2024-10-13T21:35:02.436-0400] {logging_mixin.py:190} INFO - [2024-10-13T21:35:02.436-0400] {dag.py:4180} INFO - Setting next_dagrun for example_python_decorator to None, run_after=None
[2024-10-13T21:35:02.460-0400] {processor.py:208} INFO - Processing /Users/karenwang/anaconda3/envs/airflow_sqlite_env/lib/python3.9/site-packages/airflow/example_dags/example_python_decorator.py took 0.392 seconds
[2024-10-13T21:38:54.975-0400] {processor.py:186} INFO - Started process (PID=56467) to work on /Users/karenwang/anaconda3/envs/airflow_sqlite_env/lib/python3.9/site-packages/airflow/example_dags/example_python_decorator.py
[2024-10-13T21:38:54.976-0400] {processor.py:914} INFO - Processing file /Users/karenwang/anaconda3/envs/airflow_sqlite_env/lib/python3.9/site-packages/airflow/example_dags/example_python_decorator.py for tasks to queue
[2024-10-13T21:38:54.978-0400] {logging_mixin.py:190} INFO - [2024-10-13T21:38:54.977-0400] {dagbag.py:588} INFO - Filling up the DagBag from /Users/karenwang/anaconda3/envs/airflow_sqlite_env/lib/python3.9/site-packages/airflow/example_dags/example_python_decorator.py
[2024-10-13T21:38:55.074-0400] {processor.py:925} INFO - DAG(s) 'example_python_decorator' retrieved from /Users/karenwang/anaconda3/envs/airflow_sqlite_env/lib/python3.9/site-packages/airflow/example_dags/example_python_decorator.py
[2024-10-13T21:38:55.327-0400] {logging_mixin.py:190} INFO - [2024-10-13T21:38:55.326-0400] {dag.py:3239} INFO - Sync 1 DAGs
[2024-10-13T21:38:55.346-0400] {logging_mixin.py:190} INFO - [2024-10-13T21:38:55.346-0400] {dag.py:4180} INFO - Setting next_dagrun for example_python_decorator to None, run_after=None
[2024-10-13T21:38:55.370-0400] {processor.py:208} INFO - Processing /Users/karenwang/anaconda3/envs/airflow_sqlite_env/lib/python3.9/site-packages/airflow/example_dags/example_python_decorator.py took 0.400 seconds
[2024-10-13T21:42:52.058-0400] {processor.py:186} INFO - Started process (PID=57687) to work on /Users/karenwang/anaconda3/envs/airflow_sqlite_env/lib/python3.9/site-packages/airflow/example_dags/example_python_decorator.py
[2024-10-13T21:42:52.060-0400] {processor.py:914} INFO - Processing file /Users/karenwang/anaconda3/envs/airflow_sqlite_env/lib/python3.9/site-packages/airflow/example_dags/example_python_decorator.py for tasks to queue
[2024-10-13T21:42:52.061-0400] {logging_mixin.py:190} INFO - [2024-10-13T21:42:52.060-0400] {dagbag.py:588} INFO - Filling up the DagBag from /Users/karenwang/anaconda3/envs/airflow_sqlite_env/lib/python3.9/site-packages/airflow/example_dags/example_python_decorator.py
[2024-10-13T21:42:52.162-0400] {processor.py:925} INFO - DAG(s) 'example_python_decorator' retrieved from /Users/karenwang/anaconda3/envs/airflow_sqlite_env/lib/python3.9/site-packages/airflow/example_dags/example_python_decorator.py
[2024-10-13T21:42:52.463-0400] {logging_mixin.py:190} INFO - [2024-10-13T21:42:52.463-0400] {dag.py:3239} INFO - Sync 1 DAGs
[2024-10-13T21:42:52.480-0400] {logging_mixin.py:190} INFO - [2024-10-13T21:42:52.480-0400] {dag.py:4180} INFO - Setting next_dagrun for example_python_decorator to None, run_after=None
[2024-10-13T21:42:52.504-0400] {processor.py:208} INFO - Processing /Users/karenwang/anaconda3/envs/airflow_sqlite_env/lib/python3.9/site-packages/airflow/example_dags/example_python_decorator.py took 0.453 seconds
[2024-10-13T21:46:43.264-0400] {processor.py:186} INFO - Started process (PID=58870) to work on /Users/karenwang/anaconda3/envs/airflow_sqlite_env/lib/python3.9/site-packages/airflow/example_dags/example_python_decorator.py
[2024-10-13T21:46:43.265-0400] {processor.py:914} INFO - Processing file /Users/karenwang/anaconda3/envs/airflow_sqlite_env/lib/python3.9/site-packages/airflow/example_dags/example_python_decorator.py for tasks to queue
[2024-10-13T21:46:43.267-0400] {logging_mixin.py:190} INFO - [2024-10-13T21:46:43.266-0400] {dagbag.py:588} INFO - Filling up the DagBag from /Users/karenwang/anaconda3/envs/airflow_sqlite_env/lib/python3.9/site-packages/airflow/example_dags/example_python_decorator.py
[2024-10-13T21:46:43.366-0400] {processor.py:925} INFO - DAG(s) 'example_python_decorator' retrieved from /Users/karenwang/anaconda3/envs/airflow_sqlite_env/lib/python3.9/site-packages/airflow/example_dags/example_python_decorator.py
[2024-10-13T21:46:43.660-0400] {logging_mixin.py:190} INFO - [2024-10-13T21:46:43.660-0400] {dag.py:3239} INFO - Sync 1 DAGs
[2024-10-13T21:46:43.675-0400] {logging_mixin.py:190} INFO - [2024-10-13T21:46:43.674-0400] {dag.py:4180} INFO - Setting next_dagrun for example_python_decorator to None, run_after=None
[2024-10-13T21:46:43.700-0400] {processor.py:208} INFO - Processing /Users/karenwang/anaconda3/envs/airflow_sqlite_env/lib/python3.9/site-packages/airflow/example_dags/example_python_decorator.py took 0.442 seconds
[2024-10-13T21:50:43.814-0400] {processor.py:186} INFO - Started process (PID=60136) to work on /Users/karenwang/anaconda3/envs/airflow_sqlite_env/lib/python3.9/site-packages/airflow/example_dags/example_python_decorator.py
[2024-10-13T21:50:43.816-0400] {processor.py:914} INFO - Processing file /Users/karenwang/anaconda3/envs/airflow_sqlite_env/lib/python3.9/site-packages/airflow/example_dags/example_python_decorator.py for tasks to queue
[2024-10-13T21:50:43.818-0400] {logging_mixin.py:190} INFO - [2024-10-13T21:50:43.817-0400] {dagbag.py:588} INFO - Filling up the DagBag from /Users/karenwang/anaconda3/envs/airflow_sqlite_env/lib/python3.9/site-packages/airflow/example_dags/example_python_decorator.py
[2024-10-13T21:50:43.923-0400] {processor.py:925} INFO - DAG(s) 'example_python_decorator' retrieved from /Users/karenwang/anaconda3/envs/airflow_sqlite_env/lib/python3.9/site-packages/airflow/example_dags/example_python_decorator.py
[2024-10-13T21:50:44.225-0400] {logging_mixin.py:190} INFO - [2024-10-13T21:50:44.224-0400] {dag.py:3239} INFO - Sync 1 DAGs
[2024-10-13T21:50:44.238-0400] {logging_mixin.py:190} INFO - [2024-10-13T21:50:44.238-0400] {dag.py:4180} INFO - Setting next_dagrun for example_python_decorator to None, run_after=None
[2024-10-13T21:50:44.265-0400] {processor.py:208} INFO - Processing /Users/karenwang/anaconda3/envs/airflow_sqlite_env/lib/python3.9/site-packages/airflow/example_dags/example_python_decorator.py took 0.457 seconds
[2024-10-13T21:54:47.312-0400] {processor.py:186} INFO - Started process (PID=61380) to work on /Users/karenwang/anaconda3/envs/airflow_sqlite_env/lib/python3.9/site-packages/airflow/example_dags/example_python_decorator.py
[2024-10-13T21:54:47.314-0400] {processor.py:914} INFO - Processing file /Users/karenwang/anaconda3/envs/airflow_sqlite_env/lib/python3.9/site-packages/airflow/example_dags/example_python_decorator.py for tasks to queue
[2024-10-13T21:54:47.315-0400] {logging_mixin.py:190} INFO - [2024-10-13T21:54:47.315-0400] {dagbag.py:588} INFO - Filling up the DagBag from /Users/karenwang/anaconda3/envs/airflow_sqlite_env/lib/python3.9/site-packages/airflow/example_dags/example_python_decorator.py
[2024-10-13T21:54:47.430-0400] {processor.py:925} INFO - DAG(s) 'example_python_decorator' retrieved from /Users/karenwang/anaconda3/envs/airflow_sqlite_env/lib/python3.9/site-packages/airflow/example_dags/example_python_decorator.py
[2024-10-13T21:54:47.726-0400] {logging_mixin.py:190} INFO - [2024-10-13T21:54:47.726-0400] {dag.py:3239} INFO - Sync 1 DAGs
[2024-10-13T21:54:47.740-0400] {logging_mixin.py:190} INFO - [2024-10-13T21:54:47.740-0400] {dag.py:4180} INFO - Setting next_dagrun for example_python_decorator to None, run_after=None
[2024-10-13T21:54:47.761-0400] {processor.py:208} INFO - Processing /Users/karenwang/anaconda3/envs/airflow_sqlite_env/lib/python3.9/site-packages/airflow/example_dags/example_python_decorator.py took 0.455 seconds
[2024-10-13T21:58:40.037-0400] {processor.py:186} INFO - Started process (PID=62587) to work on /Users/karenwang/anaconda3/envs/airflow_sqlite_env/lib/python3.9/site-packages/airflow/example_dags/example_python_decorator.py
[2024-10-13T21:58:40.038-0400] {processor.py:914} INFO - Processing file /Users/karenwang/anaconda3/envs/airflow_sqlite_env/lib/python3.9/site-packages/airflow/example_dags/example_python_decorator.py for tasks to queue
[2024-10-13T21:58:40.039-0400] {logging_mixin.py:190} INFO - [2024-10-13T21:58:40.039-0400] {dagbag.py:588} INFO - Filling up the DagBag from /Users/karenwang/anaconda3/envs/airflow_sqlite_env/lib/python3.9/site-packages/airflow/example_dags/example_python_decorator.py
[2024-10-13T21:58:40.147-0400] {processor.py:925} INFO - DAG(s) 'example_python_decorator' retrieved from /Users/karenwang/anaconda3/envs/airflow_sqlite_env/lib/python3.9/site-packages/airflow/example_dags/example_python_decorator.py
[2024-10-13T21:58:40.444-0400] {logging_mixin.py:190} INFO - [2024-10-13T21:58:40.443-0400] {dag.py:3239} INFO - Sync 1 DAGs
[2024-10-13T21:58:40.461-0400] {logging_mixin.py:190} INFO - [2024-10-13T21:58:40.460-0400] {dag.py:4180} INFO - Setting next_dagrun for example_python_decorator to None, run_after=None
[2024-10-13T21:58:40.486-0400] {processor.py:208} INFO - Processing /Users/karenwang/anaconda3/envs/airflow_sqlite_env/lib/python3.9/site-packages/airflow/example_dags/example_python_decorator.py took 0.455 seconds
[2024-10-13T22:02:31.051-0400] {processor.py:186} INFO - Started process (PID=63780) to work on /Users/karenwang/anaconda3/envs/airflow_sqlite_env/lib/python3.9/site-packages/airflow/example_dags/example_python_decorator.py
[2024-10-13T22:02:31.052-0400] {processor.py:914} INFO - Processing file /Users/karenwang/anaconda3/envs/airflow_sqlite_env/lib/python3.9/site-packages/airflow/example_dags/example_python_decorator.py for tasks to queue
[2024-10-13T22:02:31.054-0400] {logging_mixin.py:190} INFO - [2024-10-13T22:02:31.054-0400] {dagbag.py:588} INFO - Filling up the DagBag from /Users/karenwang/anaconda3/envs/airflow_sqlite_env/lib/python3.9/site-packages/airflow/example_dags/example_python_decorator.py
[2024-10-13T22:02:31.158-0400] {processor.py:925} INFO - DAG(s) 'example_python_decorator' retrieved from /Users/karenwang/anaconda3/envs/airflow_sqlite_env/lib/python3.9/site-packages/airflow/example_dags/example_python_decorator.py
[2024-10-13T22:02:31.446-0400] {logging_mixin.py:190} INFO - [2024-10-13T22:02:31.445-0400] {dag.py:3239} INFO - Sync 1 DAGs
[2024-10-13T22:02:31.462-0400] {logging_mixin.py:190} INFO - [2024-10-13T22:02:31.461-0400] {dag.py:4180} INFO - Setting next_dagrun for example_python_decorator to None, run_after=None
[2024-10-13T22:02:31.486-0400] {processor.py:208} INFO - Processing /Users/karenwang/anaconda3/envs/airflow_sqlite_env/lib/python3.9/site-packages/airflow/example_dags/example_python_decorator.py took 0.442 seconds
[2024-10-13T22:06:25.572-0400] {processor.py:186} INFO - Started process (PID=64980) to work on /Users/karenwang/anaconda3/envs/airflow_sqlite_env/lib/python3.9/site-packages/airflow/example_dags/example_python_decorator.py
[2024-10-13T22:06:25.573-0400] {processor.py:914} INFO - Processing file /Users/karenwang/anaconda3/envs/airflow_sqlite_env/lib/python3.9/site-packages/airflow/example_dags/example_python_decorator.py for tasks to queue
[2024-10-13T22:06:25.574-0400] {logging_mixin.py:190} INFO - [2024-10-13T22:06:25.574-0400] {dagbag.py:588} INFO - Filling up the DagBag from /Users/karenwang/anaconda3/envs/airflow_sqlite_env/lib/python3.9/site-packages/airflow/example_dags/example_python_decorator.py
[2024-10-13T22:06:25.680-0400] {processor.py:925} INFO - DAG(s) 'example_python_decorator' retrieved from /Users/karenwang/anaconda3/envs/airflow_sqlite_env/lib/python3.9/site-packages/airflow/example_dags/example_python_decorator.py
[2024-10-13T22:06:25.975-0400] {logging_mixin.py:190} INFO - [2024-10-13T22:06:25.974-0400] {dag.py:3239} INFO - Sync 1 DAGs
[2024-10-13T22:06:25.990-0400] {logging_mixin.py:190} INFO - [2024-10-13T22:06:25.989-0400] {dag.py:4180} INFO - Setting next_dagrun for example_python_decorator to None, run_after=None
[2024-10-13T22:06:26.016-0400] {processor.py:208} INFO - Processing /Users/karenwang/anaconda3/envs/airflow_sqlite_env/lib/python3.9/site-packages/airflow/example_dags/example_python_decorator.py took 0.450 seconds
[2024-10-13T22:10:24.423-0400] {processor.py:186} INFO - Started process (PID=66221) to work on /Users/karenwang/anaconda3/envs/airflow_sqlite_env/lib/python3.9/site-packages/airflow/example_dags/example_python_decorator.py
[2024-10-13T22:10:24.424-0400] {processor.py:914} INFO - Processing file /Users/karenwang/anaconda3/envs/airflow_sqlite_env/lib/python3.9/site-packages/airflow/example_dags/example_python_decorator.py for tasks to queue
[2024-10-13T22:10:24.425-0400] {logging_mixin.py:190} INFO - [2024-10-13T22:10:24.425-0400] {dagbag.py:588} INFO - Filling up the DagBag from /Users/karenwang/anaconda3/envs/airflow_sqlite_env/lib/python3.9/site-packages/airflow/example_dags/example_python_decorator.py
[2024-10-13T22:10:24.525-0400] {processor.py:925} INFO - DAG(s) 'example_python_decorator' retrieved from /Users/karenwang/anaconda3/envs/airflow_sqlite_env/lib/python3.9/site-packages/airflow/example_dags/example_python_decorator.py
[2024-10-13T22:10:24.807-0400] {logging_mixin.py:190} INFO - [2024-10-13T22:10:24.806-0400] {dag.py:3239} INFO - Sync 1 DAGs
[2024-10-13T22:10:24.825-0400] {logging_mixin.py:190} INFO - [2024-10-13T22:10:24.824-0400] {dag.py:4180} INFO - Setting next_dagrun for example_python_decorator to None, run_after=None
[2024-10-13T22:10:24.847-0400] {processor.py:208} INFO - Processing /Users/karenwang/anaconda3/envs/airflow_sqlite_env/lib/python3.9/site-packages/airflow/example_dags/example_python_decorator.py took 0.430 seconds
[2024-10-13T22:14:16.539-0400] {processor.py:186} INFO - Started process (PID=67409) to work on /Users/karenwang/anaconda3/envs/airflow_sqlite_env/lib/python3.9/site-packages/airflow/example_dags/example_python_decorator.py
[2024-10-13T22:14:16.540-0400] {processor.py:914} INFO - Processing file /Users/karenwang/anaconda3/envs/airflow_sqlite_env/lib/python3.9/site-packages/airflow/example_dags/example_python_decorator.py for tasks to queue
[2024-10-13T22:14:16.541-0400] {logging_mixin.py:190} INFO - [2024-10-13T22:14:16.541-0400] {dagbag.py:588} INFO - Filling up the DagBag from /Users/karenwang/anaconda3/envs/airflow_sqlite_env/lib/python3.9/site-packages/airflow/example_dags/example_python_decorator.py
[2024-10-13T22:14:16.645-0400] {processor.py:925} INFO - DAG(s) 'example_python_decorator' retrieved from /Users/karenwang/anaconda3/envs/airflow_sqlite_env/lib/python3.9/site-packages/airflow/example_dags/example_python_decorator.py
[2024-10-13T22:14:16.935-0400] {logging_mixin.py:190} INFO - [2024-10-13T22:14:16.934-0400] {dag.py:3239} INFO - Sync 1 DAGs
[2024-10-13T22:14:16.954-0400] {logging_mixin.py:190} INFO - [2024-10-13T22:14:16.954-0400] {dag.py:4180} INFO - Setting next_dagrun for example_python_decorator to None, run_after=None
[2024-10-13T22:14:16.979-0400] {processor.py:208} INFO - Processing /Users/karenwang/anaconda3/envs/airflow_sqlite_env/lib/python3.9/site-packages/airflow/example_dags/example_python_decorator.py took 0.445 seconds
[2024-10-13T22:18:18.167-0400] {processor.py:186} INFO - Started process (PID=68640) to work on /Users/karenwang/anaconda3/envs/airflow_sqlite_env/lib/python3.9/site-packages/airflow/example_dags/example_python_decorator.py
[2024-10-13T22:18:18.169-0400] {processor.py:914} INFO - Processing file /Users/karenwang/anaconda3/envs/airflow_sqlite_env/lib/python3.9/site-packages/airflow/example_dags/example_python_decorator.py for tasks to queue
[2024-10-13T22:18:18.171-0400] {logging_mixin.py:190} INFO - [2024-10-13T22:18:18.170-0400] {dagbag.py:588} INFO - Filling up the DagBag from /Users/karenwang/anaconda3/envs/airflow_sqlite_env/lib/python3.9/site-packages/airflow/example_dags/example_python_decorator.py
[2024-10-13T22:18:18.286-0400] {processor.py:925} INFO - DAG(s) 'example_python_decorator' retrieved from /Users/karenwang/anaconda3/envs/airflow_sqlite_env/lib/python3.9/site-packages/airflow/example_dags/example_python_decorator.py
[2024-10-13T22:18:18.601-0400] {logging_mixin.py:190} INFO - [2024-10-13T22:18:18.600-0400] {dag.py:3239} INFO - Sync 1 DAGs
[2024-10-13T22:18:18.619-0400] {logging_mixin.py:190} INFO - [2024-10-13T22:18:18.619-0400] {dag.py:4180} INFO - Setting next_dagrun for example_python_decorator to None, run_after=None
[2024-10-13T22:18:18.641-0400] {processor.py:208} INFO - Processing /Users/karenwang/anaconda3/envs/airflow_sqlite_env/lib/python3.9/site-packages/airflow/example_dags/example_python_decorator.py took 0.480 seconds
[2024-10-13T22:22:19.424-0400] {processor.py:186} INFO - Started process (PID=69894) to work on /Users/karenwang/anaconda3/envs/airflow_sqlite_env/lib/python3.9/site-packages/airflow/example_dags/example_python_decorator.py
[2024-10-13T22:22:19.426-0400] {processor.py:914} INFO - Processing file /Users/karenwang/anaconda3/envs/airflow_sqlite_env/lib/python3.9/site-packages/airflow/example_dags/example_python_decorator.py for tasks to queue
[2024-10-13T22:22:19.427-0400] {logging_mixin.py:190} INFO - [2024-10-13T22:22:19.427-0400] {dagbag.py:588} INFO - Filling up the DagBag from /Users/karenwang/anaconda3/envs/airflow_sqlite_env/lib/python3.9/site-packages/airflow/example_dags/example_python_decorator.py
[2024-10-13T22:22:19.540-0400] {processor.py:925} INFO - DAG(s) 'example_python_decorator' retrieved from /Users/karenwang/anaconda3/envs/airflow_sqlite_env/lib/python3.9/site-packages/airflow/example_dags/example_python_decorator.py
[2024-10-13T22:22:19.825-0400] {logging_mixin.py:190} INFO - [2024-10-13T22:22:19.825-0400] {dag.py:3239} INFO - Sync 1 DAGs
[2024-10-13T22:22:19.839-0400] {logging_mixin.py:190} INFO - [2024-10-13T22:22:19.839-0400] {dag.py:4180} INFO - Setting next_dagrun for example_python_decorator to None, run_after=None
[2024-10-13T22:22:19.859-0400] {processor.py:208} INFO - Processing /Users/karenwang/anaconda3/envs/airflow_sqlite_env/lib/python3.9/site-packages/airflow/example_dags/example_python_decorator.py took 0.440 seconds
[2024-10-13T22:26:28.868-0400] {processor.py:186} INFO - Started process (PID=71232) to work on /Users/karenwang/anaconda3/envs/airflow_sqlite_env/lib/python3.9/site-packages/airflow/example_dags/example_python_decorator.py
[2024-10-13T22:26:28.870-0400] {processor.py:914} INFO - Processing file /Users/karenwang/anaconda3/envs/airflow_sqlite_env/lib/python3.9/site-packages/airflow/example_dags/example_python_decorator.py for tasks to queue
[2024-10-13T22:26:28.871-0400] {logging_mixin.py:190} INFO - [2024-10-13T22:26:28.871-0400] {dagbag.py:588} INFO - Filling up the DagBag from /Users/karenwang/anaconda3/envs/airflow_sqlite_env/lib/python3.9/site-packages/airflow/example_dags/example_python_decorator.py
[2024-10-13T22:26:28.984-0400] {processor.py:925} INFO - DAG(s) 'example_python_decorator' retrieved from /Users/karenwang/anaconda3/envs/airflow_sqlite_env/lib/python3.9/site-packages/airflow/example_dags/example_python_decorator.py
[2024-10-13T22:26:29.306-0400] {logging_mixin.py:190} INFO - [2024-10-13T22:26:29.306-0400] {dag.py:3239} INFO - Sync 1 DAGs
[2024-10-13T22:26:29.325-0400] {logging_mixin.py:190} INFO - [2024-10-13T22:26:29.324-0400] {dag.py:4180} INFO - Setting next_dagrun for example_python_decorator to None, run_after=None
[2024-10-13T22:26:29.353-0400] {processor.py:208} INFO - Processing /Users/karenwang/anaconda3/envs/airflow_sqlite_env/lib/python3.9/site-packages/airflow/example_dags/example_python_decorator.py took 0.490 seconds
[2024-10-13T22:35:02.268-0400] {processor.py:186} INFO - Started process (PID=74102) to work on /Users/karenwang/anaconda3/envs/airflow_sqlite_env/lib/python3.9/site-packages/airflow/example_dags/example_python_decorator.py
[2024-10-13T22:35:02.270-0400] {processor.py:914} INFO - Processing file /Users/karenwang/anaconda3/envs/airflow_sqlite_env/lib/python3.9/site-packages/airflow/example_dags/example_python_decorator.py for tasks to queue
[2024-10-13T22:35:02.271-0400] {logging_mixin.py:190} INFO - [2024-10-13T22:35:02.271-0400] {dagbag.py:588} INFO - Filling up the DagBag from /Users/karenwang/anaconda3/envs/airflow_sqlite_env/lib/python3.9/site-packages/airflow/example_dags/example_python_decorator.py
[2024-10-13T22:35:02.384-0400] {processor.py:925} INFO - DAG(s) 'example_python_decorator' retrieved from /Users/karenwang/anaconda3/envs/airflow_sqlite_env/lib/python3.9/site-packages/airflow/example_dags/example_python_decorator.py
[2024-10-13T22:35:02.683-0400] {logging_mixin.py:190} INFO - [2024-10-13T22:35:02.682-0400] {dag.py:3239} INFO - Sync 1 DAGs
[2024-10-13T22:35:02.702-0400] {logging_mixin.py:190} INFO - [2024-10-13T22:35:02.701-0400] {dag.py:4180} INFO - Setting next_dagrun for example_python_decorator to None, run_after=None
[2024-10-13T22:35:02.726-0400] {processor.py:208} INFO - Processing /Users/karenwang/anaconda3/envs/airflow_sqlite_env/lib/python3.9/site-packages/airflow/example_dags/example_python_decorator.py took 0.465 seconds
