[2024-10-13T20:03:01.470-0400] {processor.py:186} INFO - Started process (PID=26034) to work on /Users/karenwang/anaconda3/envs/airflow_sqlite_env/lib/python3.9/site-packages/airflow/example_dags/example_dynamic_task_mapping.py
[2024-10-13T20:03:01.472-0400] {processor.py:914} INFO - Processing file /Users/karenwang/anaconda3/envs/airflow_sqlite_env/lib/python3.9/site-packages/airflow/example_dags/example_dynamic_task_mapping.py for tasks to queue
[2024-10-13T20:03:01.473-0400] {logging_mixin.py:190} INFO - [2024-10-13T20:03:01.473-0400] {dagbag.py:588} INFO - Filling up the DagBag from /Users/karenwang/anaconda3/envs/airflow_sqlite_env/lib/python3.9/site-packages/airflow/example_dags/example_dynamic_task_mapping.py
[2024-10-13T20:03:01.577-0400] {processor.py:925} INFO - DAG(s) 'example_dynamic_task_mapping' retrieved from /Users/karenwang/anaconda3/envs/airflow_sqlite_env/lib/python3.9/site-packages/airflow/example_dags/example_dynamic_task_mapping.py
[2024-10-13T20:03:01.733-0400] {logging_mixin.py:190} INFO - [2024-10-13T20:03:01.733-0400] {dag.py:3239} INFO - Sync 1 DAGs
[2024-10-13T20:03:01.754-0400] {logging_mixin.py:190} INFO - [2024-10-13T20:03:01.753-0400] {dag.py:4180} INFO - Setting next_dagrun for example_dynamic_task_mapping to None, run_after=None
[2024-10-13T20:03:01.775-0400] {processor.py:208} INFO - Processing /Users/karenwang/anaconda3/envs/airflow_sqlite_env/lib/python3.9/site-packages/airflow/example_dags/example_dynamic_task_mapping.py took 0.311 seconds
[2024-10-13T20:11:01.961-0400] {processor.py:186} INFO - Started process (PID=28510) to work on /Users/karenwang/anaconda3/envs/airflow_sqlite_env/lib/python3.9/site-packages/airflow/example_dags/example_dynamic_task_mapping.py
[2024-10-13T20:11:01.962-0400] {processor.py:914} INFO - Processing file /Users/karenwang/anaconda3/envs/airflow_sqlite_env/lib/python3.9/site-packages/airflow/example_dags/example_dynamic_task_mapping.py for tasks to queue
[2024-10-13T20:11:01.963-0400] {logging_mixin.py:190} INFO - [2024-10-13T20:11:01.963-0400] {dagbag.py:588} INFO - Filling up the DagBag from /Users/karenwang/anaconda3/envs/airflow_sqlite_env/lib/python3.9/site-packages/airflow/example_dags/example_dynamic_task_mapping.py
[2024-10-13T20:11:02.069-0400] {processor.py:925} INFO - DAG(s) 'example_dynamic_task_mapping' retrieved from /Users/karenwang/anaconda3/envs/airflow_sqlite_env/lib/python3.9/site-packages/airflow/example_dags/example_dynamic_task_mapping.py
[2024-10-13T20:11:02.231-0400] {logging_mixin.py:190} INFO - [2024-10-13T20:11:02.231-0400] {dag.py:3239} INFO - Sync 1 DAGs
[2024-10-13T20:11:02.248-0400] {logging_mixin.py:190} INFO - [2024-10-13T20:11:02.247-0400] {dag.py:4180} INFO - Setting next_dagrun for example_dynamic_task_mapping to None, run_after=None
[2024-10-13T20:11:02.270-0400] {processor.py:208} INFO - Processing /Users/karenwang/anaconda3/envs/airflow_sqlite_env/lib/python3.9/site-packages/airflow/example_dags/example_dynamic_task_mapping.py took 0.316 seconds
[2024-10-13T20:19:22.608-0400] {processor.py:186} INFO - Started process (PID=31063) to work on /Users/karenwang/anaconda3/envs/airflow_sqlite_env/lib/python3.9/site-packages/airflow/example_dags/example_dynamic_task_mapping.py
[2024-10-13T20:19:22.609-0400] {processor.py:914} INFO - Processing file /Users/karenwang/anaconda3/envs/airflow_sqlite_env/lib/python3.9/site-packages/airflow/example_dags/example_dynamic_task_mapping.py for tasks to queue
[2024-10-13T20:19:22.611-0400] {logging_mixin.py:190} INFO - [2024-10-13T20:19:22.611-0400] {dagbag.py:588} INFO - Filling up the DagBag from /Users/karenwang/anaconda3/envs/airflow_sqlite_env/lib/python3.9/site-packages/airflow/example_dags/example_dynamic_task_mapping.py
[2024-10-13T20:19:22.710-0400] {processor.py:925} INFO - DAG(s) 'example_dynamic_task_mapping' retrieved from /Users/karenwang/anaconda3/envs/airflow_sqlite_env/lib/python3.9/site-packages/airflow/example_dags/example_dynamic_task_mapping.py
[2024-10-13T20:19:22.891-0400] {logging_mixin.py:190} INFO - [2024-10-13T20:19:22.890-0400] {dag.py:3239} INFO - Sync 1 DAGs
[2024-10-13T20:19:22.910-0400] {logging_mixin.py:190} INFO - [2024-10-13T20:19:22.910-0400] {dag.py:4180} INFO - Setting next_dagrun for example_dynamic_task_mapping to None, run_after=None
[2024-10-13T20:19:22.933-0400] {processor.py:208} INFO - Processing /Users/karenwang/anaconda3/envs/airflow_sqlite_env/lib/python3.9/site-packages/airflow/example_dags/example_dynamic_task_mapping.py took 0.331 seconds
[2024-10-13T20:29:28.929-0400] {processor.py:186} INFO - Started process (PID=34481) to work on /Users/karenwang/anaconda3/envs/airflow_sqlite_env/lib/python3.9/site-packages/airflow/example_dags/example_dynamic_task_mapping.py
[2024-10-13T20:29:28.931-0400] {processor.py:914} INFO - Processing file /Users/karenwang/anaconda3/envs/airflow_sqlite_env/lib/python3.9/site-packages/airflow/example_dags/example_dynamic_task_mapping.py for tasks to queue
[2024-10-13T20:29:28.932-0400] {logging_mixin.py:190} INFO - [2024-10-13T20:29:28.932-0400] {dagbag.py:588} INFO - Filling up the DagBag from /Users/karenwang/anaconda3/envs/airflow_sqlite_env/lib/python3.9/site-packages/airflow/example_dags/example_dynamic_task_mapping.py
[2024-10-13T20:29:29.057-0400] {processor.py:925} INFO - DAG(s) 'example_dynamic_task_mapping' retrieved from /Users/karenwang/anaconda3/envs/airflow_sqlite_env/lib/python3.9/site-packages/airflow/example_dags/example_dynamic_task_mapping.py
[2024-10-13T20:29:29.279-0400] {logging_mixin.py:190} INFO - [2024-10-13T20:29:29.278-0400] {dag.py:3239} INFO - Sync 1 DAGs
[2024-10-13T20:29:29.300-0400] {logging_mixin.py:190} INFO - [2024-10-13T20:29:29.299-0400] {dag.py:4180} INFO - Setting next_dagrun for example_dynamic_task_mapping to None, run_after=None
[2024-10-13T20:29:29.341-0400] {processor.py:208} INFO - Processing /Users/karenwang/anaconda3/envs/airflow_sqlite_env/lib/python3.9/site-packages/airflow/example_dags/example_dynamic_task_mapping.py took 0.419 seconds
[2024-10-13T20:33:46.454-0400] {processor.py:186} INFO - Started process (PID=35861) to work on /Users/karenwang/anaconda3/envs/airflow_sqlite_env/lib/python3.9/site-packages/airflow/example_dags/example_dynamic_task_mapping.py
[2024-10-13T20:33:46.456-0400] {processor.py:914} INFO - Processing file /Users/karenwang/anaconda3/envs/airflow_sqlite_env/lib/python3.9/site-packages/airflow/example_dags/example_dynamic_task_mapping.py for tasks to queue
[2024-10-13T20:33:46.457-0400] {logging_mixin.py:190} INFO - [2024-10-13T20:33:46.457-0400] {dagbag.py:588} INFO - Filling up the DagBag from /Users/karenwang/anaconda3/envs/airflow_sqlite_env/lib/python3.9/site-packages/airflow/example_dags/example_dynamic_task_mapping.py
[2024-10-13T20:33:46.552-0400] {processor.py:925} INFO - DAG(s) 'example_dynamic_task_mapping' retrieved from /Users/karenwang/anaconda3/envs/airflow_sqlite_env/lib/python3.9/site-packages/airflow/example_dags/example_dynamic_task_mapping.py
[2024-10-13T20:33:46.696-0400] {logging_mixin.py:190} INFO - [2024-10-13T20:33:46.695-0400] {dag.py:3239} INFO - Sync 1 DAGs
[2024-10-13T20:33:46.712-0400] {logging_mixin.py:190} INFO - [2024-10-13T20:33:46.711-0400] {dag.py:4180} INFO - Setting next_dagrun for example_dynamic_task_mapping to None, run_after=None
[2024-10-13T20:33:46.735-0400] {processor.py:208} INFO - Processing /Users/karenwang/anaconda3/envs/airflow_sqlite_env/lib/python3.9/site-packages/airflow/example_dags/example_dynamic_task_mapping.py took 0.287 seconds
[2024-10-13T20:41:07.385-0400] {processor.py:186} INFO - Started process (PID=38159) to work on /Users/karenwang/anaconda3/envs/airflow_sqlite_env/lib/python3.9/site-packages/airflow/example_dags/example_dynamic_task_mapping.py
[2024-10-13T20:41:07.387-0400] {processor.py:914} INFO - Processing file /Users/karenwang/anaconda3/envs/airflow_sqlite_env/lib/python3.9/site-packages/airflow/example_dags/example_dynamic_task_mapping.py for tasks to queue
[2024-10-13T20:41:07.388-0400] {logging_mixin.py:190} INFO - [2024-10-13T20:41:07.388-0400] {dagbag.py:588} INFO - Filling up the DagBag from /Users/karenwang/anaconda3/envs/airflow_sqlite_env/lib/python3.9/site-packages/airflow/example_dags/example_dynamic_task_mapping.py
[2024-10-13T20:41:07.479-0400] {processor.py:925} INFO - DAG(s) 'example_dynamic_task_mapping' retrieved from /Users/karenwang/anaconda3/envs/airflow_sqlite_env/lib/python3.9/site-packages/airflow/example_dags/example_dynamic_task_mapping.py
[2024-10-13T20:41:07.618-0400] {logging_mixin.py:190} INFO - [2024-10-13T20:41:07.618-0400] {dag.py:3239} INFO - Sync 1 DAGs
[2024-10-13T20:41:07.630-0400] {logging_mixin.py:190} INFO - [2024-10-13T20:41:07.630-0400] {dag.py:4180} INFO - Setting next_dagrun for example_dynamic_task_mapping to None, run_after=None
[2024-10-13T20:41:07.652-0400] {processor.py:208} INFO - Processing /Users/karenwang/anaconda3/envs/airflow_sqlite_env/lib/python3.9/site-packages/airflow/example_dags/example_dynamic_task_mapping.py took 0.273 seconds
[2024-10-13T20:48:27.060-0400] {processor.py:186} INFO - Started process (PID=40437) to work on /Users/karenwang/anaconda3/envs/airflow_sqlite_env/lib/python3.9/site-packages/airflow/example_dags/example_dynamic_task_mapping.py
[2024-10-13T20:48:27.061-0400] {processor.py:914} INFO - Processing file /Users/karenwang/anaconda3/envs/airflow_sqlite_env/lib/python3.9/site-packages/airflow/example_dags/example_dynamic_task_mapping.py for tasks to queue
[2024-10-13T20:48:27.063-0400] {logging_mixin.py:190} INFO - [2024-10-13T20:48:27.063-0400] {dagbag.py:588} INFO - Filling up the DagBag from /Users/karenwang/anaconda3/envs/airflow_sqlite_env/lib/python3.9/site-packages/airflow/example_dags/example_dynamic_task_mapping.py
[2024-10-13T20:48:27.151-0400] {processor.py:925} INFO - DAG(s) 'example_dynamic_task_mapping' retrieved from /Users/karenwang/anaconda3/envs/airflow_sqlite_env/lib/python3.9/site-packages/airflow/example_dags/example_dynamic_task_mapping.py
[2024-10-13T20:48:27.294-0400] {logging_mixin.py:190} INFO - [2024-10-13T20:48:27.293-0400] {dag.py:3239} INFO - Sync 1 DAGs
[2024-10-13T20:48:27.307-0400] {logging_mixin.py:190} INFO - [2024-10-13T20:48:27.307-0400] {dag.py:4180} INFO - Setting next_dagrun for example_dynamic_task_mapping to None, run_after=None
[2024-10-13T20:48:27.329-0400] {processor.py:208} INFO - Processing /Users/karenwang/anaconda3/envs/airflow_sqlite_env/lib/python3.9/site-packages/airflow/example_dags/example_dynamic_task_mapping.py took 0.274 seconds
[2024-10-13T20:55:44.706-0400] {processor.py:186} INFO - Started process (PID=42715) to work on /Users/karenwang/anaconda3/envs/airflow_sqlite_env/lib/python3.9/site-packages/airflow/example_dags/example_dynamic_task_mapping.py
[2024-10-13T20:55:44.707-0400] {processor.py:914} INFO - Processing file /Users/karenwang/anaconda3/envs/airflow_sqlite_env/lib/python3.9/site-packages/airflow/example_dags/example_dynamic_task_mapping.py for tasks to queue
[2024-10-13T20:55:44.708-0400] {logging_mixin.py:190} INFO - [2024-10-13T20:55:44.708-0400] {dagbag.py:588} INFO - Filling up the DagBag from /Users/karenwang/anaconda3/envs/airflow_sqlite_env/lib/python3.9/site-packages/airflow/example_dags/example_dynamic_task_mapping.py
[2024-10-13T20:55:44.803-0400] {processor.py:925} INFO - DAG(s) 'example_dynamic_task_mapping' retrieved from /Users/karenwang/anaconda3/envs/airflow_sqlite_env/lib/python3.9/site-packages/airflow/example_dags/example_dynamic_task_mapping.py
[2024-10-13T20:55:44.968-0400] {logging_mixin.py:190} INFO - [2024-10-13T20:55:44.967-0400] {dag.py:3239} INFO - Sync 1 DAGs
[2024-10-13T20:55:44.986-0400] {logging_mixin.py:190} INFO - [2024-10-13T20:55:44.986-0400] {dag.py:4180} INFO - Setting next_dagrun for example_dynamic_task_mapping to None, run_after=None
[2024-10-13T20:55:45.010-0400] {processor.py:208} INFO - Processing /Users/karenwang/anaconda3/envs/airflow_sqlite_env/lib/python3.9/site-packages/airflow/example_dags/example_dynamic_task_mapping.py took 0.311 seconds
[2024-10-13T21:03:06.231-0400] {processor.py:186} INFO - Started process (PID=44997) to work on /Users/karenwang/anaconda3/envs/airflow_sqlite_env/lib/python3.9/site-packages/airflow/example_dags/example_dynamic_task_mapping.py
[2024-10-13T21:03:06.232-0400] {processor.py:914} INFO - Processing file /Users/karenwang/anaconda3/envs/airflow_sqlite_env/lib/python3.9/site-packages/airflow/example_dags/example_dynamic_task_mapping.py for tasks to queue
[2024-10-13T21:03:06.234-0400] {logging_mixin.py:190} INFO - [2024-10-13T21:03:06.234-0400] {dagbag.py:588} INFO - Filling up the DagBag from /Users/karenwang/anaconda3/envs/airflow_sqlite_env/lib/python3.9/site-packages/airflow/example_dags/example_dynamic_task_mapping.py
[2024-10-13T21:03:06.326-0400] {processor.py:925} INFO - DAG(s) 'example_dynamic_task_mapping' retrieved from /Users/karenwang/anaconda3/envs/airflow_sqlite_env/lib/python3.9/site-packages/airflow/example_dags/example_dynamic_task_mapping.py
[2024-10-13T21:03:06.450-0400] {logging_mixin.py:190} INFO - [2024-10-13T21:03:06.450-0400] {dag.py:3239} INFO - Sync 1 DAGs
[2024-10-13T21:03:06.462-0400] {logging_mixin.py:190} INFO - [2024-10-13T21:03:06.462-0400] {dag.py:4180} INFO - Setting next_dagrun for example_dynamic_task_mapping to None, run_after=None
[2024-10-13T21:03:06.484-0400] {processor.py:208} INFO - Processing /Users/karenwang/anaconda3/envs/airflow_sqlite_env/lib/python3.9/site-packages/airflow/example_dags/example_dynamic_task_mapping.py took 0.259 seconds
[2024-10-13T21:12:18.606-0400] {processor.py:186} INFO - Started process (PID=47930) to work on /Users/karenwang/anaconda3/envs/airflow_sqlite_env/lib/python3.9/site-packages/airflow/example_dags/example_dynamic_task_mapping.py
[2024-10-13T21:12:18.608-0400] {processor.py:914} INFO - Processing file /Users/karenwang/anaconda3/envs/airflow_sqlite_env/lib/python3.9/site-packages/airflow/example_dags/example_dynamic_task_mapping.py for tasks to queue
[2024-10-13T21:12:18.609-0400] {logging_mixin.py:190} INFO - [2024-10-13T21:12:18.609-0400] {dagbag.py:588} INFO - Filling up the DagBag from /Users/karenwang/anaconda3/envs/airflow_sqlite_env/lib/python3.9/site-packages/airflow/example_dags/example_dynamic_task_mapping.py
[2024-10-13T21:12:18.701-0400] {processor.py:925} INFO - DAG(s) 'example_dynamic_task_mapping' retrieved from /Users/karenwang/anaconda3/envs/airflow_sqlite_env/lib/python3.9/site-packages/airflow/example_dags/example_dynamic_task_mapping.py
[2024-10-13T21:12:18.868-0400] {logging_mixin.py:190} INFO - [2024-10-13T21:12:18.868-0400] {dag.py:3239} INFO - Sync 1 DAGs
[2024-10-13T21:12:18.882-0400] {logging_mixin.py:190} INFO - [2024-10-13T21:12:18.882-0400] {dag.py:4180} INFO - Setting next_dagrun for example_dynamic_task_mapping to None, run_after=None
[2024-10-13T21:12:18.926-0400] {processor.py:208} INFO - Processing /Users/karenwang/anaconda3/envs/airflow_sqlite_env/lib/python3.9/site-packages/airflow/example_dags/example_dynamic_task_mapping.py took 0.327 seconds
[2024-10-13T21:16:52.679-0400] {processor.py:186} INFO - Started process (PID=49582) to work on /Users/karenwang/anaconda3/envs/airflow_sqlite_env/lib/python3.9/site-packages/airflow/example_dags/example_dynamic_task_mapping.py
[2024-10-13T21:16:52.680-0400] {processor.py:914} INFO - Processing file /Users/karenwang/anaconda3/envs/airflow_sqlite_env/lib/python3.9/site-packages/airflow/example_dags/example_dynamic_task_mapping.py for tasks to queue
[2024-10-13T21:16:52.682-0400] {logging_mixin.py:190} INFO - [2024-10-13T21:16:52.682-0400] {dagbag.py:588} INFO - Filling up the DagBag from /Users/karenwang/anaconda3/envs/airflow_sqlite_env/lib/python3.9/site-packages/airflow/example_dags/example_dynamic_task_mapping.py
[2024-10-13T21:16:52.771-0400] {processor.py:925} INFO - DAG(s) 'example_dynamic_task_mapping' retrieved from /Users/karenwang/anaconda3/envs/airflow_sqlite_env/lib/python3.9/site-packages/airflow/example_dags/example_dynamic_task_mapping.py
[2024-10-13T21:16:52.905-0400] {logging_mixin.py:190} INFO - [2024-10-13T21:16:52.905-0400] {dag.py:3239} INFO - Sync 1 DAGs
[2024-10-13T21:16:52.920-0400] {logging_mixin.py:190} INFO - [2024-10-13T21:16:52.920-0400] {dag.py:4180} INFO - Setting next_dagrun for example_dynamic_task_mapping to None, run_after=None
[2024-10-13T21:16:52.942-0400] {processor.py:208} INFO - Processing /Users/karenwang/anaconda3/envs/airflow_sqlite_env/lib/python3.9/site-packages/airflow/example_dags/example_dynamic_task_mapping.py took 0.269 seconds
[2024-10-13T21:24:17.661-0400] {processor.py:186} INFO - Started process (PID=51881) to work on /Users/karenwang/anaconda3/envs/airflow_sqlite_env/lib/python3.9/site-packages/airflow/example_dags/example_dynamic_task_mapping.py
[2024-10-13T21:24:17.662-0400] {processor.py:914} INFO - Processing file /Users/karenwang/anaconda3/envs/airflow_sqlite_env/lib/python3.9/site-packages/airflow/example_dags/example_dynamic_task_mapping.py for tasks to queue
[2024-10-13T21:24:17.664-0400] {logging_mixin.py:190} INFO - [2024-10-13T21:24:17.664-0400] {dagbag.py:588} INFO - Filling up the DagBag from /Users/karenwang/anaconda3/envs/airflow_sqlite_env/lib/python3.9/site-packages/airflow/example_dags/example_dynamic_task_mapping.py
[2024-10-13T21:24:17.762-0400] {processor.py:925} INFO - DAG(s) 'example_dynamic_task_mapping' retrieved from /Users/karenwang/anaconda3/envs/airflow_sqlite_env/lib/python3.9/site-packages/airflow/example_dags/example_dynamic_task_mapping.py
[2024-10-13T21:24:17.902-0400] {logging_mixin.py:190} INFO - [2024-10-13T21:24:17.902-0400] {dag.py:3239} INFO - Sync 1 DAGs
[2024-10-13T21:24:17.916-0400] {logging_mixin.py:190} INFO - [2024-10-13T21:24:17.916-0400] {dag.py:4180} INFO - Setting next_dagrun for example_dynamic_task_mapping to None, run_after=None
[2024-10-13T21:24:17.937-0400] {processor.py:208} INFO - Processing /Users/karenwang/anaconda3/envs/airflow_sqlite_env/lib/python3.9/site-packages/airflow/example_dags/example_dynamic_task_mapping.py took 0.282 seconds
[2024-10-13T21:31:58.564-0400] {processor.py:186} INFO - Started process (PID=54293) to work on /Users/karenwang/anaconda3/envs/airflow_sqlite_env/lib/python3.9/site-packages/airflow/example_dags/example_dynamic_task_mapping.py
[2024-10-13T21:31:58.565-0400] {processor.py:914} INFO - Processing file /Users/karenwang/anaconda3/envs/airflow_sqlite_env/lib/python3.9/site-packages/airflow/example_dags/example_dynamic_task_mapping.py for tasks to queue
[2024-10-13T21:31:58.567-0400] {logging_mixin.py:190} INFO - [2024-10-13T21:31:58.567-0400] {dagbag.py:588} INFO - Filling up the DagBag from /Users/karenwang/anaconda3/envs/airflow_sqlite_env/lib/python3.9/site-packages/airflow/example_dags/example_dynamic_task_mapping.py
[2024-10-13T21:31:58.678-0400] {processor.py:925} INFO - DAG(s) 'example_dynamic_task_mapping' retrieved from /Users/karenwang/anaconda3/envs/airflow_sqlite_env/lib/python3.9/site-packages/airflow/example_dags/example_dynamic_task_mapping.py
[2024-10-13T21:31:58.843-0400] {logging_mixin.py:190} INFO - [2024-10-13T21:31:58.842-0400] {dag.py:3239} INFO - Sync 1 DAGs
[2024-10-13T21:31:58.856-0400] {logging_mixin.py:190} INFO - [2024-10-13T21:31:58.856-0400] {dag.py:4180} INFO - Setting next_dagrun for example_dynamic_task_mapping to None, run_after=None
[2024-10-13T21:31:58.879-0400] {processor.py:208} INFO - Processing /Users/karenwang/anaconda3/envs/airflow_sqlite_env/lib/python3.9/site-packages/airflow/example_dags/example_dynamic_task_mapping.py took 0.321 seconds
[2024-10-13T21:39:43.610-0400] {processor.py:186} INFO - Started process (PID=56721) to work on /Users/karenwang/anaconda3/envs/airflow_sqlite_env/lib/python3.9/site-packages/airflow/example_dags/example_dynamic_task_mapping.py
[2024-10-13T21:39:43.612-0400] {processor.py:914} INFO - Processing file /Users/karenwang/anaconda3/envs/airflow_sqlite_env/lib/python3.9/site-packages/airflow/example_dags/example_dynamic_task_mapping.py for tasks to queue
[2024-10-13T21:39:43.613-0400] {logging_mixin.py:190} INFO - [2024-10-13T21:39:43.613-0400] {dagbag.py:588} INFO - Filling up the DagBag from /Users/karenwang/anaconda3/envs/airflow_sqlite_env/lib/python3.9/site-packages/airflow/example_dags/example_dynamic_task_mapping.py
[2024-10-13T21:39:43.708-0400] {processor.py:925} INFO - DAG(s) 'example_dynamic_task_mapping' retrieved from /Users/karenwang/anaconda3/envs/airflow_sqlite_env/lib/python3.9/site-packages/airflow/example_dags/example_dynamic_task_mapping.py
[2024-10-13T21:39:43.860-0400] {logging_mixin.py:190} INFO - [2024-10-13T21:39:43.860-0400] {dag.py:3239} INFO - Sync 1 DAGs
[2024-10-13T21:39:43.876-0400] {logging_mixin.py:190} INFO - [2024-10-13T21:39:43.876-0400] {dag.py:4180} INFO - Setting next_dagrun for example_dynamic_task_mapping to None, run_after=None
[2024-10-13T21:39:43.898-0400] {processor.py:208} INFO - Processing /Users/karenwang/anaconda3/envs/airflow_sqlite_env/lib/python3.9/site-packages/airflow/example_dags/example_dynamic_task_mapping.py took 0.293 seconds
[2024-10-13T21:47:34.899-0400] {processor.py:186} INFO - Started process (PID=59124) to work on /Users/karenwang/anaconda3/envs/airflow_sqlite_env/lib/python3.9/site-packages/airflow/example_dags/example_dynamic_task_mapping.py
[2024-10-13T21:47:34.900-0400] {processor.py:914} INFO - Processing file /Users/karenwang/anaconda3/envs/airflow_sqlite_env/lib/python3.9/site-packages/airflow/example_dags/example_dynamic_task_mapping.py for tasks to queue
[2024-10-13T21:47:34.902-0400] {logging_mixin.py:190} INFO - [2024-10-13T21:47:34.902-0400] {dagbag.py:588} INFO - Filling up the DagBag from /Users/karenwang/anaconda3/envs/airflow_sqlite_env/lib/python3.9/site-packages/airflow/example_dags/example_dynamic_task_mapping.py
[2024-10-13T21:47:35.003-0400] {processor.py:925} INFO - DAG(s) 'example_dynamic_task_mapping' retrieved from /Users/karenwang/anaconda3/envs/airflow_sqlite_env/lib/python3.9/site-packages/airflow/example_dags/example_dynamic_task_mapping.py
[2024-10-13T21:47:35.163-0400] {logging_mixin.py:190} INFO - [2024-10-13T21:47:35.163-0400] {dag.py:3239} INFO - Sync 1 DAGs
[2024-10-13T21:47:35.180-0400] {logging_mixin.py:190} INFO - [2024-10-13T21:47:35.180-0400] {dag.py:4180} INFO - Setting next_dagrun for example_dynamic_task_mapping to None, run_after=None
[2024-10-13T21:47:35.202-0400] {processor.py:208} INFO - Processing /Users/karenwang/anaconda3/envs/airflow_sqlite_env/lib/python3.9/site-packages/airflow/example_dags/example_dynamic_task_mapping.py took 0.309 seconds
[2024-10-13T21:55:37.980-0400] {processor.py:186} INFO - Started process (PID=61653) to work on /Users/karenwang/anaconda3/envs/airflow_sqlite_env/lib/python3.9/site-packages/airflow/example_dags/example_dynamic_task_mapping.py
[2024-10-13T21:55:37.982-0400] {processor.py:914} INFO - Processing file /Users/karenwang/anaconda3/envs/airflow_sqlite_env/lib/python3.9/site-packages/airflow/example_dags/example_dynamic_task_mapping.py for tasks to queue
[2024-10-13T21:55:37.983-0400] {logging_mixin.py:190} INFO - [2024-10-13T21:55:37.983-0400] {dagbag.py:588} INFO - Filling up the DagBag from /Users/karenwang/anaconda3/envs/airflow_sqlite_env/lib/python3.9/site-packages/airflow/example_dags/example_dynamic_task_mapping.py
[2024-10-13T21:55:38.084-0400] {processor.py:925} INFO - DAG(s) 'example_dynamic_task_mapping' retrieved from /Users/karenwang/anaconda3/envs/airflow_sqlite_env/lib/python3.9/site-packages/airflow/example_dags/example_dynamic_task_mapping.py
[2024-10-13T21:55:38.239-0400] {logging_mixin.py:190} INFO - [2024-10-13T21:55:38.238-0400] {dag.py:3239} INFO - Sync 1 DAGs
[2024-10-13T21:55:38.256-0400] {logging_mixin.py:190} INFO - [2024-10-13T21:55:38.256-0400] {dag.py:4180} INFO - Setting next_dagrun for example_dynamic_task_mapping to None, run_after=None
[2024-10-13T21:55:38.281-0400] {processor.py:208} INFO - Processing /Users/karenwang/anaconda3/envs/airflow_sqlite_env/lib/python3.9/site-packages/airflow/example_dags/example_dynamic_task_mapping.py took 0.307 seconds
[2024-10-13T22:03:24.600-0400] {processor.py:186} INFO - Started process (PID=64047) to work on /Users/karenwang/anaconda3/envs/airflow_sqlite_env/lib/python3.9/site-packages/airflow/example_dags/example_dynamic_task_mapping.py
[2024-10-13T22:03:24.601-0400] {processor.py:914} INFO - Processing file /Users/karenwang/anaconda3/envs/airflow_sqlite_env/lib/python3.9/site-packages/airflow/example_dags/example_dynamic_task_mapping.py for tasks to queue
[2024-10-13T22:03:24.603-0400] {logging_mixin.py:190} INFO - [2024-10-13T22:03:24.602-0400] {dagbag.py:588} INFO - Filling up the DagBag from /Users/karenwang/anaconda3/envs/airflow_sqlite_env/lib/python3.9/site-packages/airflow/example_dags/example_dynamic_task_mapping.py
[2024-10-13T22:03:24.702-0400] {processor.py:925} INFO - DAG(s) 'example_dynamic_task_mapping' retrieved from /Users/karenwang/anaconda3/envs/airflow_sqlite_env/lib/python3.9/site-packages/airflow/example_dags/example_dynamic_task_mapping.py
[2024-10-13T22:03:24.860-0400] {logging_mixin.py:190} INFO - [2024-10-13T22:03:24.860-0400] {dag.py:3239} INFO - Sync 1 DAGs
[2024-10-13T22:03:24.876-0400] {logging_mixin.py:190} INFO - [2024-10-13T22:03:24.875-0400] {dag.py:4180} INFO - Setting next_dagrun for example_dynamic_task_mapping to None, run_after=None
[2024-10-13T22:03:24.901-0400] {processor.py:208} INFO - Processing /Users/karenwang/anaconda3/envs/airflow_sqlite_env/lib/python3.9/site-packages/airflow/example_dags/example_dynamic_task_mapping.py took 0.306 seconds
[2024-10-13T22:11:07.143-0400] {processor.py:186} INFO - Started process (PID=66433) to work on /Users/karenwang/anaconda3/envs/airflow_sqlite_env/lib/python3.9/site-packages/airflow/example_dags/example_dynamic_task_mapping.py
[2024-10-13T22:11:07.144-0400] {processor.py:914} INFO - Processing file /Users/karenwang/anaconda3/envs/airflow_sqlite_env/lib/python3.9/site-packages/airflow/example_dags/example_dynamic_task_mapping.py for tasks to queue
[2024-10-13T22:11:07.146-0400] {logging_mixin.py:190} INFO - [2024-10-13T22:11:07.146-0400] {dagbag.py:588} INFO - Filling up the DagBag from /Users/karenwang/anaconda3/envs/airflow_sqlite_env/lib/python3.9/site-packages/airflow/example_dags/example_dynamic_task_mapping.py
[2024-10-13T22:11:07.245-0400] {processor.py:925} INFO - DAG(s) 'example_dynamic_task_mapping' retrieved from /Users/karenwang/anaconda3/envs/airflow_sqlite_env/lib/python3.9/site-packages/airflow/example_dags/example_dynamic_task_mapping.py
[2024-10-13T22:11:07.400-0400] {logging_mixin.py:190} INFO - [2024-10-13T22:11:07.400-0400] {dag.py:3239} INFO - Sync 1 DAGs
[2024-10-13T22:11:07.416-0400] {logging_mixin.py:190} INFO - [2024-10-13T22:11:07.416-0400] {dag.py:4180} INFO - Setting next_dagrun for example_dynamic_task_mapping to None, run_after=None
[2024-10-13T22:11:07.442-0400] {processor.py:208} INFO - Processing /Users/karenwang/anaconda3/envs/airflow_sqlite_env/lib/python3.9/site-packages/airflow/example_dags/example_dynamic_task_mapping.py took 0.306 seconds
[2024-10-13T22:19:01.434-0400] {processor.py:186} INFO - Started process (PID=68858) to work on /Users/karenwang/anaconda3/envs/airflow_sqlite_env/lib/python3.9/site-packages/airflow/example_dags/example_dynamic_task_mapping.py
[2024-10-13T22:19:01.435-0400] {processor.py:914} INFO - Processing file /Users/karenwang/anaconda3/envs/airflow_sqlite_env/lib/python3.9/site-packages/airflow/example_dags/example_dynamic_task_mapping.py for tasks to queue
[2024-10-13T22:19:01.437-0400] {logging_mixin.py:190} INFO - [2024-10-13T22:19:01.437-0400] {dagbag.py:588} INFO - Filling up the DagBag from /Users/karenwang/anaconda3/envs/airflow_sqlite_env/lib/python3.9/site-packages/airflow/example_dags/example_dynamic_task_mapping.py
[2024-10-13T22:19:01.536-0400] {processor.py:925} INFO - DAG(s) 'example_dynamic_task_mapping' retrieved from /Users/karenwang/anaconda3/envs/airflow_sqlite_env/lib/python3.9/site-packages/airflow/example_dags/example_dynamic_task_mapping.py
[2024-10-13T22:19:01.701-0400] {logging_mixin.py:190} INFO - [2024-10-13T22:19:01.700-0400] {dag.py:3239} INFO - Sync 1 DAGs
[2024-10-13T22:19:01.715-0400] {logging_mixin.py:190} INFO - [2024-10-13T22:19:01.715-0400] {dag.py:4180} INFO - Setting next_dagrun for example_dynamic_task_mapping to None, run_after=None
[2024-10-13T22:19:01.739-0400] {processor.py:208} INFO - Processing /Users/karenwang/anaconda3/envs/airflow_sqlite_env/lib/python3.9/site-packages/airflow/example_dags/example_dynamic_task_mapping.py took 0.312 seconds
[2024-10-13T22:27:22.464-0400] {processor.py:186} INFO - Started process (PID=71522) to work on /Users/karenwang/anaconda3/envs/airflow_sqlite_env/lib/python3.9/site-packages/airflow/example_dags/example_dynamic_task_mapping.py
[2024-10-13T22:27:22.465-0400] {processor.py:914} INFO - Processing file /Users/karenwang/anaconda3/envs/airflow_sqlite_env/lib/python3.9/site-packages/airflow/example_dags/example_dynamic_task_mapping.py for tasks to queue
[2024-10-13T22:27:22.467-0400] {logging_mixin.py:190} INFO - [2024-10-13T22:27:22.466-0400] {dagbag.py:588} INFO - Filling up the DagBag from /Users/karenwang/anaconda3/envs/airflow_sqlite_env/lib/python3.9/site-packages/airflow/example_dags/example_dynamic_task_mapping.py
[2024-10-13T22:27:22.554-0400] {processor.py:925} INFO - DAG(s) 'example_dynamic_task_mapping' retrieved from /Users/karenwang/anaconda3/envs/airflow_sqlite_env/lib/python3.9/site-packages/airflow/example_dags/example_dynamic_task_mapping.py
[2024-10-13T22:27:22.704-0400] {logging_mixin.py:190} INFO - [2024-10-13T22:27:22.703-0400] {dag.py:3239} INFO - Sync 1 DAGs
[2024-10-13T22:27:22.722-0400] {logging_mixin.py:190} INFO - [2024-10-13T22:27:22.722-0400] {dag.py:4180} INFO - Setting next_dagrun for example_dynamic_task_mapping to None, run_after=None
[2024-10-13T22:27:22.743-0400] {processor.py:208} INFO - Processing /Users/karenwang/anaconda3/envs/airflow_sqlite_env/lib/python3.9/site-packages/airflow/example_dags/example_dynamic_task_mapping.py took 0.285 seconds
[2024-10-13T22:37:13.403-0400] {processor.py:186} INFO - Started process (PID=74850) to work on /Users/karenwang/anaconda3/envs/airflow_sqlite_env/lib/python3.9/site-packages/airflow/example_dags/example_dynamic_task_mapping.py
[2024-10-13T22:37:13.405-0400] {processor.py:914} INFO - Processing file /Users/karenwang/anaconda3/envs/airflow_sqlite_env/lib/python3.9/site-packages/airflow/example_dags/example_dynamic_task_mapping.py for tasks to queue
[2024-10-13T22:37:13.407-0400] {logging_mixin.py:190} INFO - [2024-10-13T22:37:13.406-0400] {dagbag.py:588} INFO - Filling up the DagBag from /Users/karenwang/anaconda3/envs/airflow_sqlite_env/lib/python3.9/site-packages/airflow/example_dags/example_dynamic_task_mapping.py
[2024-10-13T22:37:13.513-0400] {processor.py:925} INFO - DAG(s) 'example_dynamic_task_mapping' retrieved from /Users/karenwang/anaconda3/envs/airflow_sqlite_env/lib/python3.9/site-packages/airflow/example_dags/example_dynamic_task_mapping.py
[2024-10-13T22:37:13.681-0400] {logging_mixin.py:190} INFO - [2024-10-13T22:37:13.681-0400] {dag.py:3239} INFO - Sync 1 DAGs
[2024-10-13T22:37:13.700-0400] {logging_mixin.py:190} INFO - [2024-10-13T22:37:13.699-0400] {dag.py:4180} INFO - Setting next_dagrun for example_dynamic_task_mapping to None, run_after=None
[2024-10-13T22:37:13.724-0400] {processor.py:208} INFO - Processing /Users/karenwang/anaconda3/envs/airflow_sqlite_env/lib/python3.9/site-packages/airflow/example_dags/example_dynamic_task_mapping.py took 0.327 seconds
