[2024-10-13T20:01:34.896-0400] {processor.py:186} INFO - Started process (PID=25589) to work on /Users/karenwang/anaconda3/envs/airflow_sqlite_env/lib/python3.9/site-packages/airflow/example_dags/example_short_circuit_operator.py
[2024-10-13T20:01:34.898-0400] {processor.py:914} INFO - Processing file /Users/karenwang/anaconda3/envs/airflow_sqlite_env/lib/python3.9/site-packages/airflow/example_dags/example_short_circuit_operator.py for tasks to queue
[2024-10-13T20:01:34.899-0400] {logging_mixin.py:190} INFO - [2024-10-13T20:01:34.899-0400] {dagbag.py:588} INFO - Filling up the DagBag from /Users/karenwang/anaconda3/envs/airflow_sqlite_env/lib/python3.9/site-packages/airflow/example_dags/example_short_circuit_operator.py
[2024-10-13T20:01:34.982-0400] {processor.py:925} INFO - DAG(s) 'example_short_circuit_operator' retrieved from /Users/karenwang/anaconda3/envs/airflow_sqlite_env/lib/python3.9/site-packages/airflow/example_dags/example_short_circuit_operator.py
[2024-10-13T20:01:35.143-0400] {logging_mixin.py:190} INFO - [2024-10-13T20:01:35.143-0400] {dag.py:3239} INFO - Sync 1 DAGs
[2024-10-13T20:01:35.157-0400] {logging_mixin.py:190} INFO - [2024-10-13T20:01:35.157-0400] {dag.py:4180} INFO - Setting next_dagrun for example_short_circuit_operator to None, run_after=None
[2024-10-13T20:01:35.178-0400] {processor.py:208} INFO - Processing /Users/karenwang/anaconda3/envs/airflow_sqlite_env/lib/python3.9/site-packages/airflow/example_dags/example_short_circuit_operator.py took 0.287 seconds
[2024-10-13T20:05:44.265-0400] {processor.py:186} INFO - Started process (PID=26890) to work on /Users/karenwang/anaconda3/envs/airflow_sqlite_env/lib/python3.9/site-packages/airflow/example_dags/example_short_circuit_operator.py
[2024-10-13T20:05:44.267-0400] {processor.py:914} INFO - Processing file /Users/karenwang/anaconda3/envs/airflow_sqlite_env/lib/python3.9/site-packages/airflow/example_dags/example_short_circuit_operator.py for tasks to queue
[2024-10-13T20:05:44.268-0400] {logging_mixin.py:190} INFO - [2024-10-13T20:05:44.268-0400] {dagbag.py:588} INFO - Filling up the DagBag from /Users/karenwang/anaconda3/envs/airflow_sqlite_env/lib/python3.9/site-packages/airflow/example_dags/example_short_circuit_operator.py
[2024-10-13T20:05:44.356-0400] {processor.py:925} INFO - DAG(s) 'example_short_circuit_operator' retrieved from /Users/karenwang/anaconda3/envs/airflow_sqlite_env/lib/python3.9/site-packages/airflow/example_dags/example_short_circuit_operator.py
[2024-10-13T20:05:44.518-0400] {logging_mixin.py:190} INFO - [2024-10-13T20:05:44.517-0400] {dag.py:3239} INFO - Sync 1 DAGs
[2024-10-13T20:05:44.532-0400] {logging_mixin.py:190} INFO - [2024-10-13T20:05:44.531-0400] {dag.py:4180} INFO - Setting next_dagrun for example_short_circuit_operator to None, run_after=None
[2024-10-13T20:05:44.560-0400] {processor.py:208} INFO - Processing /Users/karenwang/anaconda3/envs/airflow_sqlite_env/lib/python3.9/site-packages/airflow/example_dags/example_short_circuit_operator.py took 0.300 seconds
[2024-10-13T20:09:45.875-0400] {processor.py:186} INFO - Started process (PID=28131) to work on /Users/karenwang/anaconda3/envs/airflow_sqlite_env/lib/python3.9/site-packages/airflow/example_dags/example_short_circuit_operator.py
[2024-10-13T20:09:45.876-0400] {processor.py:914} INFO - Processing file /Users/karenwang/anaconda3/envs/airflow_sqlite_env/lib/python3.9/site-packages/airflow/example_dags/example_short_circuit_operator.py for tasks to queue
[2024-10-13T20:09:45.877-0400] {logging_mixin.py:190} INFO - [2024-10-13T20:09:45.877-0400] {dagbag.py:588} INFO - Filling up the DagBag from /Users/karenwang/anaconda3/envs/airflow_sqlite_env/lib/python3.9/site-packages/airflow/example_dags/example_short_circuit_operator.py
[2024-10-13T20:09:45.982-0400] {processor.py:925} INFO - DAG(s) 'example_short_circuit_operator' retrieved from /Users/karenwang/anaconda3/envs/airflow_sqlite_env/lib/python3.9/site-packages/airflow/example_dags/example_short_circuit_operator.py
[2024-10-13T20:09:46.176-0400] {logging_mixin.py:190} INFO - [2024-10-13T20:09:46.176-0400] {dag.py:3239} INFO - Sync 1 DAGs
[2024-10-13T20:09:46.189-0400] {logging_mixin.py:190} INFO - [2024-10-13T20:09:46.189-0400] {dag.py:4180} INFO - Setting next_dagrun for example_short_circuit_operator to None, run_after=None
[2024-10-13T20:09:46.212-0400] {processor.py:208} INFO - Processing /Users/karenwang/anaconda3/envs/airflow_sqlite_env/lib/python3.9/site-packages/airflow/example_dags/example_short_circuit_operator.py took 0.343 seconds
[2024-10-13T20:13:44.288-0400] {processor.py:186} INFO - Started process (PID=29348) to work on /Users/karenwang/anaconda3/envs/airflow_sqlite_env/lib/python3.9/site-packages/airflow/example_dags/example_short_circuit_operator.py
[2024-10-13T20:13:44.289-0400] {processor.py:914} INFO - Processing file /Users/karenwang/anaconda3/envs/airflow_sqlite_env/lib/python3.9/site-packages/airflow/example_dags/example_short_circuit_operator.py for tasks to queue
[2024-10-13T20:13:44.291-0400] {logging_mixin.py:190} INFO - [2024-10-13T20:13:44.290-0400] {dagbag.py:588} INFO - Filling up the DagBag from /Users/karenwang/anaconda3/envs/airflow_sqlite_env/lib/python3.9/site-packages/airflow/example_dags/example_short_circuit_operator.py
[2024-10-13T20:13:44.368-0400] {processor.py:925} INFO - DAG(s) 'example_short_circuit_operator' retrieved from /Users/karenwang/anaconda3/envs/airflow_sqlite_env/lib/python3.9/site-packages/airflow/example_dags/example_short_circuit_operator.py
[2024-10-13T20:13:44.555-0400] {logging_mixin.py:190} INFO - [2024-10-13T20:13:44.554-0400] {dag.py:3239} INFO - Sync 1 DAGs
[2024-10-13T20:13:44.569-0400] {logging_mixin.py:190} INFO - [2024-10-13T20:13:44.568-0400] {dag.py:4180} INFO - Setting next_dagrun for example_short_circuit_operator to None, run_after=None
[2024-10-13T20:13:44.591-0400] {processor.py:208} INFO - Processing /Users/karenwang/anaconda3/envs/airflow_sqlite_env/lib/python3.9/site-packages/airflow/example_dags/example_short_circuit_operator.py took 0.309 seconds
[2024-10-13T20:17:53.957-0400] {processor.py:186} INFO - Started process (PID=30612) to work on /Users/karenwang/anaconda3/envs/airflow_sqlite_env/lib/python3.9/site-packages/airflow/example_dags/example_short_circuit_operator.py
[2024-10-13T20:17:53.959-0400] {processor.py:914} INFO - Processing file /Users/karenwang/anaconda3/envs/airflow_sqlite_env/lib/python3.9/site-packages/airflow/example_dags/example_short_circuit_operator.py for tasks to queue
[2024-10-13T20:17:53.960-0400] {logging_mixin.py:190} INFO - [2024-10-13T20:17:53.960-0400] {dagbag.py:588} INFO - Filling up the DagBag from /Users/karenwang/anaconda3/envs/airflow_sqlite_env/lib/python3.9/site-packages/airflow/example_dags/example_short_circuit_operator.py
[2024-10-13T20:17:54.051-0400] {processor.py:925} INFO - DAG(s) 'example_short_circuit_operator' retrieved from /Users/karenwang/anaconda3/envs/airflow_sqlite_env/lib/python3.9/site-packages/airflow/example_dags/example_short_circuit_operator.py
[2024-10-13T20:17:54.230-0400] {logging_mixin.py:190} INFO - [2024-10-13T20:17:54.230-0400] {dag.py:3239} INFO - Sync 1 DAGs
[2024-10-13T20:17:54.245-0400] {logging_mixin.py:190} INFO - [2024-10-13T20:17:54.245-0400] {dag.py:4180} INFO - Setting next_dagrun for example_short_circuit_operator to None, run_after=None
[2024-10-13T20:17:54.268-0400] {processor.py:208} INFO - Processing /Users/karenwang/anaconda3/envs/airflow_sqlite_env/lib/python3.9/site-packages/airflow/example_dags/example_short_circuit_operator.py took 0.319 seconds
[2024-10-13T20:22:17.082-0400] {processor.py:186} INFO - Started process (PID=32086) to work on /Users/karenwang/anaconda3/envs/airflow_sqlite_env/lib/python3.9/site-packages/airflow/example_dags/example_short_circuit_operator.py
[2024-10-13T20:22:17.084-0400] {processor.py:914} INFO - Processing file /Users/karenwang/anaconda3/envs/airflow_sqlite_env/lib/python3.9/site-packages/airflow/example_dags/example_short_circuit_operator.py for tasks to queue
[2024-10-13T20:22:17.086-0400] {logging_mixin.py:190} INFO - [2024-10-13T20:22:17.085-0400] {dagbag.py:588} INFO - Filling up the DagBag from /Users/karenwang/anaconda3/envs/airflow_sqlite_env/lib/python3.9/site-packages/airflow/example_dags/example_short_circuit_operator.py
[2024-10-13T20:22:17.178-0400] {processor.py:925} INFO - DAG(s) 'example_short_circuit_operator' retrieved from /Users/karenwang/anaconda3/envs/airflow_sqlite_env/lib/python3.9/site-packages/airflow/example_dags/example_short_circuit_operator.py
[2024-10-13T20:22:17.367-0400] {logging_mixin.py:190} INFO - [2024-10-13T20:22:17.366-0400] {dag.py:3239} INFO - Sync 1 DAGs
[2024-10-13T20:22:17.386-0400] {logging_mixin.py:190} INFO - [2024-10-13T20:22:17.386-0400] {dag.py:4180} INFO - Setting next_dagrun for example_short_circuit_operator to None, run_after=None
[2024-10-13T20:22:17.415-0400] {processor.py:208} INFO - Processing /Users/karenwang/anaconda3/envs/airflow_sqlite_env/lib/python3.9/site-packages/airflow/example_dags/example_short_circuit_operator.py took 0.338 seconds
[2024-10-13T20:27:57.008-0400] {processor.py:186} INFO - Started process (PID=33941) to work on /Users/karenwang/anaconda3/envs/airflow_sqlite_env/lib/python3.9/site-packages/airflow/example_dags/example_short_circuit_operator.py
[2024-10-13T20:27:57.010-0400] {processor.py:914} INFO - Processing file /Users/karenwang/anaconda3/envs/airflow_sqlite_env/lib/python3.9/site-packages/airflow/example_dags/example_short_circuit_operator.py for tasks to queue
[2024-10-13T20:27:57.011-0400] {logging_mixin.py:190} INFO - [2024-10-13T20:27:57.011-0400] {dagbag.py:588} INFO - Filling up the DagBag from /Users/karenwang/anaconda3/envs/airflow_sqlite_env/lib/python3.9/site-packages/airflow/example_dags/example_short_circuit_operator.py
[2024-10-13T20:27:57.092-0400] {processor.py:925} INFO - DAG(s) 'example_short_circuit_operator' retrieved from /Users/karenwang/anaconda3/envs/airflow_sqlite_env/lib/python3.9/site-packages/airflow/example_dags/example_short_circuit_operator.py
[2024-10-13T20:27:57.262-0400] {logging_mixin.py:190} INFO - [2024-10-13T20:27:57.261-0400] {dag.py:3239} INFO - Sync 1 DAGs
[2024-10-13T20:27:57.276-0400] {logging_mixin.py:190} INFO - [2024-10-13T20:27:57.276-0400] {dag.py:4180} INFO - Setting next_dagrun for example_short_circuit_operator to None, run_after=None
[2024-10-13T20:27:57.297-0400] {processor.py:208} INFO - Processing /Users/karenwang/anaconda3/envs/airflow_sqlite_env/lib/python3.9/site-packages/airflow/example_dags/example_short_circuit_operator.py took 0.295 seconds
[2024-10-13T20:32:27.989-0400] {processor.py:186} INFO - Started process (PID=35459) to work on /Users/karenwang/anaconda3/envs/airflow_sqlite_env/lib/python3.9/site-packages/airflow/example_dags/example_short_circuit_operator.py
[2024-10-13T20:32:27.991-0400] {processor.py:914} INFO - Processing file /Users/karenwang/anaconda3/envs/airflow_sqlite_env/lib/python3.9/site-packages/airflow/example_dags/example_short_circuit_operator.py for tasks to queue
[2024-10-13T20:32:27.992-0400] {logging_mixin.py:190} INFO - [2024-10-13T20:32:27.992-0400] {dagbag.py:588} INFO - Filling up the DagBag from /Users/karenwang/anaconda3/envs/airflow_sqlite_env/lib/python3.9/site-packages/airflow/example_dags/example_short_circuit_operator.py
[2024-10-13T20:32:28.071-0400] {processor.py:925} INFO - DAG(s) 'example_short_circuit_operator' retrieved from /Users/karenwang/anaconda3/envs/airflow_sqlite_env/lib/python3.9/site-packages/airflow/example_dags/example_short_circuit_operator.py
[2024-10-13T20:32:28.224-0400] {logging_mixin.py:190} INFO - [2024-10-13T20:32:28.223-0400] {dag.py:3239} INFO - Sync 1 DAGs
[2024-10-13T20:32:28.241-0400] {logging_mixin.py:190} INFO - [2024-10-13T20:32:28.241-0400] {dag.py:4180} INFO - Setting next_dagrun for example_short_circuit_operator to None, run_after=None
[2024-10-13T20:32:28.262-0400] {processor.py:208} INFO - Processing /Users/karenwang/anaconda3/envs/airflow_sqlite_env/lib/python3.9/site-packages/airflow/example_dags/example_short_circuit_operator.py took 0.279 seconds
[2024-10-13T20:36:08.838-0400] {processor.py:186} INFO - Started process (PID=36620) to work on /Users/karenwang/anaconda3/envs/airflow_sqlite_env/lib/python3.9/site-packages/airflow/example_dags/example_short_circuit_operator.py
[2024-10-13T20:36:08.840-0400] {processor.py:914} INFO - Processing file /Users/karenwang/anaconda3/envs/airflow_sqlite_env/lib/python3.9/site-packages/airflow/example_dags/example_short_circuit_operator.py for tasks to queue
[2024-10-13T20:36:08.841-0400] {logging_mixin.py:190} INFO - [2024-10-13T20:36:08.841-0400] {dagbag.py:588} INFO - Filling up the DagBag from /Users/karenwang/anaconda3/envs/airflow_sqlite_env/lib/python3.9/site-packages/airflow/example_dags/example_short_circuit_operator.py
[2024-10-13T20:36:08.926-0400] {processor.py:925} INFO - DAG(s) 'example_short_circuit_operator' retrieved from /Users/karenwang/anaconda3/envs/airflow_sqlite_env/lib/python3.9/site-packages/airflow/example_dags/example_short_circuit_operator.py
[2024-10-13T20:36:09.066-0400] {logging_mixin.py:190} INFO - [2024-10-13T20:36:09.065-0400] {dag.py:3239} INFO - Sync 1 DAGs
[2024-10-13T20:36:09.084-0400] {logging_mixin.py:190} INFO - [2024-10-13T20:36:09.083-0400] {dag.py:4180} INFO - Setting next_dagrun for example_short_circuit_operator to None, run_after=None
[2024-10-13T20:36:09.108-0400] {processor.py:208} INFO - Processing /Users/karenwang/anaconda3/envs/airflow_sqlite_env/lib/python3.9/site-packages/airflow/example_dags/example_short_circuit_operator.py took 0.275 seconds
[2024-10-13T20:39:47.914-0400] {processor.py:186} INFO - Started process (PID=37757) to work on /Users/karenwang/anaconda3/envs/airflow_sqlite_env/lib/python3.9/site-packages/airflow/example_dags/example_short_circuit_operator.py
[2024-10-13T20:39:47.915-0400] {processor.py:914} INFO - Processing file /Users/karenwang/anaconda3/envs/airflow_sqlite_env/lib/python3.9/site-packages/airflow/example_dags/example_short_circuit_operator.py for tasks to queue
[2024-10-13T20:39:47.917-0400] {logging_mixin.py:190} INFO - [2024-10-13T20:39:47.917-0400] {dagbag.py:588} INFO - Filling up the DagBag from /Users/karenwang/anaconda3/envs/airflow_sqlite_env/lib/python3.9/site-packages/airflow/example_dags/example_short_circuit_operator.py
[2024-10-13T20:39:47.996-0400] {processor.py:925} INFO - DAG(s) 'example_short_circuit_operator' retrieved from /Users/karenwang/anaconda3/envs/airflow_sqlite_env/lib/python3.9/site-packages/airflow/example_dags/example_short_circuit_operator.py
[2024-10-13T20:39:48.172-0400] {logging_mixin.py:190} INFO - [2024-10-13T20:39:48.171-0400] {dag.py:3239} INFO - Sync 1 DAGs
[2024-10-13T20:39:48.188-0400] {logging_mixin.py:190} INFO - [2024-10-13T20:39:48.188-0400] {dag.py:4180} INFO - Setting next_dagrun for example_short_circuit_operator to None, run_after=None
[2024-10-13T20:39:48.212-0400] {processor.py:208} INFO - Processing /Users/karenwang/anaconda3/envs/airflow_sqlite_env/lib/python3.9/site-packages/airflow/example_dags/example_short_circuit_operator.py took 0.304 seconds
[2024-10-13T20:43:27.825-0400] {processor.py:186} INFO - Started process (PID=38887) to work on /Users/karenwang/anaconda3/envs/airflow_sqlite_env/lib/python3.9/site-packages/airflow/example_dags/example_short_circuit_operator.py
[2024-10-13T20:43:27.826-0400] {processor.py:914} INFO - Processing file /Users/karenwang/anaconda3/envs/airflow_sqlite_env/lib/python3.9/site-packages/airflow/example_dags/example_short_circuit_operator.py for tasks to queue
[2024-10-13T20:43:27.827-0400] {logging_mixin.py:190} INFO - [2024-10-13T20:43:27.827-0400] {dagbag.py:588} INFO - Filling up the DagBag from /Users/karenwang/anaconda3/envs/airflow_sqlite_env/lib/python3.9/site-packages/airflow/example_dags/example_short_circuit_operator.py
[2024-10-13T20:43:27.909-0400] {processor.py:925} INFO - DAG(s) 'example_short_circuit_operator' retrieved from /Users/karenwang/anaconda3/envs/airflow_sqlite_env/lib/python3.9/site-packages/airflow/example_dags/example_short_circuit_operator.py
[2024-10-13T20:43:28.079-0400] {logging_mixin.py:190} INFO - [2024-10-13T20:43:28.079-0400] {dag.py:3239} INFO - Sync 1 DAGs
[2024-10-13T20:43:28.099-0400] {logging_mixin.py:190} INFO - [2024-10-13T20:43:28.098-0400] {dag.py:4180} INFO - Setting next_dagrun for example_short_circuit_operator to None, run_after=None
[2024-10-13T20:43:28.122-0400] {processor.py:208} INFO - Processing /Users/karenwang/anaconda3/envs/airflow_sqlite_env/lib/python3.9/site-packages/airflow/example_dags/example_short_circuit_operator.py took 0.303 seconds
[2024-10-13T20:47:07.025-0400] {processor.py:186} INFO - Started process (PID=40037) to work on /Users/karenwang/anaconda3/envs/airflow_sqlite_env/lib/python3.9/site-packages/airflow/example_dags/example_short_circuit_operator.py
[2024-10-13T20:47:07.026-0400] {processor.py:914} INFO - Processing file /Users/karenwang/anaconda3/envs/airflow_sqlite_env/lib/python3.9/site-packages/airflow/example_dags/example_short_circuit_operator.py for tasks to queue
[2024-10-13T20:47:07.027-0400] {logging_mixin.py:190} INFO - [2024-10-13T20:47:07.027-0400] {dagbag.py:588} INFO - Filling up the DagBag from /Users/karenwang/anaconda3/envs/airflow_sqlite_env/lib/python3.9/site-packages/airflow/example_dags/example_short_circuit_operator.py
[2024-10-13T20:47:07.111-0400] {processor.py:925} INFO - DAG(s) 'example_short_circuit_operator' retrieved from /Users/karenwang/anaconda3/envs/airflow_sqlite_env/lib/python3.9/site-packages/airflow/example_dags/example_short_circuit_operator.py
[2024-10-13T20:47:07.266-0400] {logging_mixin.py:190} INFO - [2024-10-13T20:47:07.265-0400] {dag.py:3239} INFO - Sync 1 DAGs
[2024-10-13T20:47:07.283-0400] {logging_mixin.py:190} INFO - [2024-10-13T20:47:07.282-0400] {dag.py:4180} INFO - Setting next_dagrun for example_short_circuit_operator to None, run_after=None
[2024-10-13T20:47:07.307-0400] {processor.py:208} INFO - Processing /Users/karenwang/anaconda3/envs/airflow_sqlite_env/lib/python3.9/site-packages/airflow/example_dags/example_short_circuit_operator.py took 0.289 seconds
[2024-10-13T20:50:46.967-0400] {processor.py:186} INFO - Started process (PID=41169) to work on /Users/karenwang/anaconda3/envs/airflow_sqlite_env/lib/python3.9/site-packages/airflow/example_dags/example_short_circuit_operator.py
[2024-10-13T20:50:46.968-0400] {processor.py:914} INFO - Processing file /Users/karenwang/anaconda3/envs/airflow_sqlite_env/lib/python3.9/site-packages/airflow/example_dags/example_short_circuit_operator.py for tasks to queue
[2024-10-13T20:50:46.970-0400] {logging_mixin.py:190} INFO - [2024-10-13T20:50:46.970-0400] {dagbag.py:588} INFO - Filling up the DagBag from /Users/karenwang/anaconda3/envs/airflow_sqlite_env/lib/python3.9/site-packages/airflow/example_dags/example_short_circuit_operator.py
[2024-10-13T20:50:47.048-0400] {processor.py:925} INFO - DAG(s) 'example_short_circuit_operator' retrieved from /Users/karenwang/anaconda3/envs/airflow_sqlite_env/lib/python3.9/site-packages/airflow/example_dags/example_short_circuit_operator.py
[2024-10-13T20:50:47.195-0400] {logging_mixin.py:190} INFO - [2024-10-13T20:50:47.195-0400] {dag.py:3239} INFO - Sync 1 DAGs
[2024-10-13T20:50:47.208-0400] {logging_mixin.py:190} INFO - [2024-10-13T20:50:47.208-0400] {dag.py:4180} INFO - Setting next_dagrun for example_short_circuit_operator to None, run_after=None
[2024-10-13T20:50:47.230-0400] {processor.py:208} INFO - Processing /Users/karenwang/anaconda3/envs/airflow_sqlite_env/lib/python3.9/site-packages/airflow/example_dags/example_short_circuit_operator.py took 0.269 seconds
[2024-10-13T20:54:25.265-0400] {processor.py:186} INFO - Started process (PID=42306) to work on /Users/karenwang/anaconda3/envs/airflow_sqlite_env/lib/python3.9/site-packages/airflow/example_dags/example_short_circuit_operator.py
[2024-10-13T20:54:25.266-0400] {processor.py:914} INFO - Processing file /Users/karenwang/anaconda3/envs/airflow_sqlite_env/lib/python3.9/site-packages/airflow/example_dags/example_short_circuit_operator.py for tasks to queue
[2024-10-13T20:54:25.268-0400] {logging_mixin.py:190} INFO - [2024-10-13T20:54:25.267-0400] {dagbag.py:588} INFO - Filling up the DagBag from /Users/karenwang/anaconda3/envs/airflow_sqlite_env/lib/python3.9/site-packages/airflow/example_dags/example_short_circuit_operator.py
[2024-10-13T20:54:25.348-0400] {processor.py:925} INFO - DAG(s) 'example_short_circuit_operator' retrieved from /Users/karenwang/anaconda3/envs/airflow_sqlite_env/lib/python3.9/site-packages/airflow/example_dags/example_short_circuit_operator.py
[2024-10-13T20:54:25.512-0400] {logging_mixin.py:190} INFO - [2024-10-13T20:54:25.512-0400] {dag.py:3239} INFO - Sync 1 DAGs
[2024-10-13T20:54:25.525-0400] {logging_mixin.py:190} INFO - [2024-10-13T20:54:25.525-0400] {dag.py:4180} INFO - Setting next_dagrun for example_short_circuit_operator to None, run_after=None
[2024-10-13T20:54:25.549-0400] {processor.py:208} INFO - Processing /Users/karenwang/anaconda3/envs/airflow_sqlite_env/lib/python3.9/site-packages/airflow/example_dags/example_short_circuit_operator.py took 0.290 seconds
[2024-10-13T20:58:06.764-0400] {processor.py:186} INFO - Started process (PID=43465) to work on /Users/karenwang/anaconda3/envs/airflow_sqlite_env/lib/python3.9/site-packages/airflow/example_dags/example_short_circuit_operator.py
[2024-10-13T20:58:06.766-0400] {processor.py:914} INFO - Processing file /Users/karenwang/anaconda3/envs/airflow_sqlite_env/lib/python3.9/site-packages/airflow/example_dags/example_short_circuit_operator.py for tasks to queue
[2024-10-13T20:58:06.768-0400] {logging_mixin.py:190} INFO - [2024-10-13T20:58:06.767-0400] {dagbag.py:588} INFO - Filling up the DagBag from /Users/karenwang/anaconda3/envs/airflow_sqlite_env/lib/python3.9/site-packages/airflow/example_dags/example_short_circuit_operator.py
[2024-10-13T20:58:06.848-0400] {processor.py:925} INFO - DAG(s) 'example_short_circuit_operator' retrieved from /Users/karenwang/anaconda3/envs/airflow_sqlite_env/lib/python3.9/site-packages/airflow/example_dags/example_short_circuit_operator.py
[2024-10-13T20:58:06.991-0400] {logging_mixin.py:190} INFO - [2024-10-13T20:58:06.990-0400] {dag.py:3239} INFO - Sync 1 DAGs
[2024-10-13T20:58:07.003-0400] {logging_mixin.py:190} INFO - [2024-10-13T20:58:07.003-0400] {dag.py:4180} INFO - Setting next_dagrun for example_short_circuit_operator to None, run_after=None
[2024-10-13T20:58:07.027-0400] {processor.py:208} INFO - Processing /Users/karenwang/anaconda3/envs/airflow_sqlite_env/lib/python3.9/site-packages/airflow/example_dags/example_short_circuit_operator.py took 0.269 seconds
[2024-10-13T21:01:46.419-0400] {processor.py:186} INFO - Started process (PID=44582) to work on /Users/karenwang/anaconda3/envs/airflow_sqlite_env/lib/python3.9/site-packages/airflow/example_dags/example_short_circuit_operator.py
[2024-10-13T21:01:46.420-0400] {processor.py:914} INFO - Processing file /Users/karenwang/anaconda3/envs/airflow_sqlite_env/lib/python3.9/site-packages/airflow/example_dags/example_short_circuit_operator.py for tasks to queue
[2024-10-13T21:01:46.421-0400] {logging_mixin.py:190} INFO - [2024-10-13T21:01:46.421-0400] {dagbag.py:588} INFO - Filling up the DagBag from /Users/karenwang/anaconda3/envs/airflow_sqlite_env/lib/python3.9/site-packages/airflow/example_dags/example_short_circuit_operator.py
[2024-10-13T21:01:46.507-0400] {processor.py:925} INFO - DAG(s) 'example_short_circuit_operator' retrieved from /Users/karenwang/anaconda3/envs/airflow_sqlite_env/lib/python3.9/site-packages/airflow/example_dags/example_short_circuit_operator.py
[2024-10-13T21:01:46.635-0400] {logging_mixin.py:190} INFO - [2024-10-13T21:01:46.634-0400] {dag.py:3239} INFO - Sync 1 DAGs
[2024-10-13T21:01:46.647-0400] {logging_mixin.py:190} INFO - [2024-10-13T21:01:46.646-0400] {dag.py:4180} INFO - Setting next_dagrun for example_short_circuit_operator to None, run_after=None
[2024-10-13T21:01:46.668-0400] {processor.py:208} INFO - Processing /Users/karenwang/anaconda3/envs/airflow_sqlite_env/lib/python3.9/site-packages/airflow/example_dags/example_short_circuit_operator.py took 0.255 seconds
[2024-10-13T21:05:26.149-0400] {processor.py:186} INFO - Started process (PID=45723) to work on /Users/karenwang/anaconda3/envs/airflow_sqlite_env/lib/python3.9/site-packages/airflow/example_dags/example_short_circuit_operator.py
[2024-10-13T21:05:26.150-0400] {processor.py:914} INFO - Processing file /Users/karenwang/anaconda3/envs/airflow_sqlite_env/lib/python3.9/site-packages/airflow/example_dags/example_short_circuit_operator.py for tasks to queue
[2024-10-13T21:05:26.151-0400] {logging_mixin.py:190} INFO - [2024-10-13T21:05:26.151-0400] {dagbag.py:588} INFO - Filling up the DagBag from /Users/karenwang/anaconda3/envs/airflow_sqlite_env/lib/python3.9/site-packages/airflow/example_dags/example_short_circuit_operator.py
[2024-10-13T21:05:26.235-0400] {processor.py:925} INFO - DAG(s) 'example_short_circuit_operator' retrieved from /Users/karenwang/anaconda3/envs/airflow_sqlite_env/lib/python3.9/site-packages/airflow/example_dags/example_short_circuit_operator.py
[2024-10-13T21:05:26.395-0400] {logging_mixin.py:190} INFO - [2024-10-13T21:05:26.394-0400] {dag.py:3239} INFO - Sync 1 DAGs
[2024-10-13T21:05:26.407-0400] {logging_mixin.py:190} INFO - [2024-10-13T21:05:26.406-0400] {dag.py:4180} INFO - Setting next_dagrun for example_short_circuit_operator to None, run_after=None
[2024-10-13T21:05:26.428-0400] {processor.py:208} INFO - Processing /Users/karenwang/anaconda3/envs/airflow_sqlite_env/lib/python3.9/site-packages/airflow/example_dags/example_short_circuit_operator.py took 0.285 seconds
[2024-10-13T21:10:54.058-0400] {processor.py:186} INFO - Started process (PID=47497) to work on /Users/karenwang/anaconda3/envs/airflow_sqlite_env/lib/python3.9/site-packages/airflow/example_dags/example_short_circuit_operator.py
[2024-10-13T21:10:54.060-0400] {processor.py:914} INFO - Processing file /Users/karenwang/anaconda3/envs/airflow_sqlite_env/lib/python3.9/site-packages/airflow/example_dags/example_short_circuit_operator.py for tasks to queue
[2024-10-13T21:10:54.061-0400] {logging_mixin.py:190} INFO - [2024-10-13T21:10:54.061-0400] {dagbag.py:588} INFO - Filling up the DagBag from /Users/karenwang/anaconda3/envs/airflow_sqlite_env/lib/python3.9/site-packages/airflow/example_dags/example_short_circuit_operator.py
[2024-10-13T21:10:54.136-0400] {processor.py:925} INFO - DAG(s) 'example_short_circuit_operator' retrieved from /Users/karenwang/anaconda3/envs/airflow_sqlite_env/lib/python3.9/site-packages/airflow/example_dags/example_short_circuit_operator.py
[2024-10-13T21:10:54.273-0400] {logging_mixin.py:190} INFO - [2024-10-13T21:10:54.272-0400] {dag.py:3239} INFO - Sync 1 DAGs
[2024-10-13T21:10:54.290-0400] {logging_mixin.py:190} INFO - [2024-10-13T21:10:54.290-0400] {dag.py:4180} INFO - Setting next_dagrun for example_short_circuit_operator to None, run_after=None
[2024-10-13T21:10:54.312-0400] {processor.py:208} INFO - Processing /Users/karenwang/anaconda3/envs/airflow_sqlite_env/lib/python3.9/site-packages/airflow/example_dags/example_short_circuit_operator.py took 0.260 seconds
[2024-10-13T21:15:26.281-0400] {processor.py:186} INFO - Started process (PID=48990) to work on /Users/karenwang/anaconda3/envs/airflow_sqlite_env/lib/python3.9/site-packages/airflow/example_dags/example_short_circuit_operator.py
[2024-10-13T21:15:26.282-0400] {processor.py:914} INFO - Processing file /Users/karenwang/anaconda3/envs/airflow_sqlite_env/lib/python3.9/site-packages/airflow/example_dags/example_short_circuit_operator.py for tasks to queue
[2024-10-13T21:15:26.284-0400] {logging_mixin.py:190} INFO - [2024-10-13T21:15:26.283-0400] {dagbag.py:588} INFO - Filling up the DagBag from /Users/karenwang/anaconda3/envs/airflow_sqlite_env/lib/python3.9/site-packages/airflow/example_dags/example_short_circuit_operator.py
[2024-10-13T21:15:26.367-0400] {processor.py:925} INFO - DAG(s) 'example_short_circuit_operator' retrieved from /Users/karenwang/anaconda3/envs/airflow_sqlite_env/lib/python3.9/site-packages/airflow/example_dags/example_short_circuit_operator.py
[2024-10-13T21:15:26.536-0400] {logging_mixin.py:190} INFO - [2024-10-13T21:15:26.536-0400] {dag.py:3239} INFO - Sync 1 DAGs
[2024-10-13T21:15:26.549-0400] {logging_mixin.py:190} INFO - [2024-10-13T21:15:26.549-0400] {dag.py:4180} INFO - Setting next_dagrun for example_short_circuit_operator to None, run_after=None
[2024-10-13T21:15:26.576-0400] {processor.py:208} INFO - Processing /Users/karenwang/anaconda3/envs/airflow_sqlite_env/lib/python3.9/site-packages/airflow/example_dags/example_short_circuit_operator.py took 0.302 seconds
[2024-10-13T21:19:17.406-0400] {processor.py:186} INFO - Started process (PID=50337) to work on /Users/karenwang/anaconda3/envs/airflow_sqlite_env/lib/python3.9/site-packages/airflow/example_dags/example_short_circuit_operator.py
[2024-10-13T21:19:17.407-0400] {processor.py:914} INFO - Processing file /Users/karenwang/anaconda3/envs/airflow_sqlite_env/lib/python3.9/site-packages/airflow/example_dags/example_short_circuit_operator.py for tasks to queue
[2024-10-13T21:19:17.408-0400] {logging_mixin.py:190} INFO - [2024-10-13T21:19:17.408-0400] {dagbag.py:588} INFO - Filling up the DagBag from /Users/karenwang/anaconda3/envs/airflow_sqlite_env/lib/python3.9/site-packages/airflow/example_dags/example_short_circuit_operator.py
[2024-10-13T21:19:17.488-0400] {processor.py:925} INFO - DAG(s) 'example_short_circuit_operator' retrieved from /Users/karenwang/anaconda3/envs/airflow_sqlite_env/lib/python3.9/site-packages/airflow/example_dags/example_short_circuit_operator.py
[2024-10-13T21:19:17.640-0400] {logging_mixin.py:190} INFO - [2024-10-13T21:19:17.640-0400] {dag.py:3239} INFO - Sync 1 DAGs
[2024-10-13T21:19:17.652-0400] {logging_mixin.py:190} INFO - [2024-10-13T21:19:17.652-0400] {dag.py:4180} INFO - Setting next_dagrun for example_short_circuit_operator to None, run_after=None
[2024-10-13T21:19:17.675-0400] {processor.py:208} INFO - Processing /Users/karenwang/anaconda3/envs/airflow_sqlite_env/lib/python3.9/site-packages/airflow/example_dags/example_short_circuit_operator.py took 0.275 seconds
[2024-10-13T21:22:57.580-0400] {processor.py:186} INFO - Started process (PID=51477) to work on /Users/karenwang/anaconda3/envs/airflow_sqlite_env/lib/python3.9/site-packages/airflow/example_dags/example_short_circuit_operator.py
[2024-10-13T21:22:57.581-0400] {processor.py:914} INFO - Processing file /Users/karenwang/anaconda3/envs/airflow_sqlite_env/lib/python3.9/site-packages/airflow/example_dags/example_short_circuit_operator.py for tasks to queue
[2024-10-13T21:22:57.583-0400] {logging_mixin.py:190} INFO - [2024-10-13T21:22:57.582-0400] {dagbag.py:588} INFO - Filling up the DagBag from /Users/karenwang/anaconda3/envs/airflow_sqlite_env/lib/python3.9/site-packages/airflow/example_dags/example_short_circuit_operator.py
[2024-10-13T21:22:57.665-0400] {processor.py:925} INFO - DAG(s) 'example_short_circuit_operator' retrieved from /Users/karenwang/anaconda3/envs/airflow_sqlite_env/lib/python3.9/site-packages/airflow/example_dags/example_short_circuit_operator.py
[2024-10-13T21:22:57.835-0400] {logging_mixin.py:190} INFO - [2024-10-13T21:22:57.835-0400] {dag.py:3239} INFO - Sync 1 DAGs
[2024-10-13T21:22:57.851-0400] {logging_mixin.py:190} INFO - [2024-10-13T21:22:57.851-0400] {dag.py:4180} INFO - Setting next_dagrun for example_short_circuit_operator to None, run_after=None
[2024-10-13T21:22:57.876-0400] {processor.py:208} INFO - Processing /Users/karenwang/anaconda3/envs/airflow_sqlite_env/lib/python3.9/site-packages/airflow/example_dags/example_short_circuit_operator.py took 0.301 seconds
[2024-10-13T21:26:37.857-0400] {processor.py:186} INFO - Started process (PID=52606) to work on /Users/karenwang/anaconda3/envs/airflow_sqlite_env/lib/python3.9/site-packages/airflow/example_dags/example_short_circuit_operator.py
[2024-10-13T21:26:37.858-0400] {processor.py:914} INFO - Processing file /Users/karenwang/anaconda3/envs/airflow_sqlite_env/lib/python3.9/site-packages/airflow/example_dags/example_short_circuit_operator.py for tasks to queue
[2024-10-13T21:26:37.860-0400] {logging_mixin.py:190} INFO - [2024-10-13T21:26:37.860-0400] {dagbag.py:588} INFO - Filling up the DagBag from /Users/karenwang/anaconda3/envs/airflow_sqlite_env/lib/python3.9/site-packages/airflow/example_dags/example_short_circuit_operator.py
[2024-10-13T21:26:37.938-0400] {processor.py:925} INFO - DAG(s) 'example_short_circuit_operator' retrieved from /Users/karenwang/anaconda3/envs/airflow_sqlite_env/lib/python3.9/site-packages/airflow/example_dags/example_short_circuit_operator.py
[2024-10-13T21:26:38.079-0400] {logging_mixin.py:190} INFO - [2024-10-13T21:26:38.079-0400] {dag.py:3239} INFO - Sync 1 DAGs
[2024-10-13T21:26:38.097-0400] {logging_mixin.py:190} INFO - [2024-10-13T21:26:38.096-0400] {dag.py:4180} INFO - Setting next_dagrun for example_short_circuit_operator to None, run_after=None
[2024-10-13T21:26:38.118-0400] {processor.py:208} INFO - Processing /Users/karenwang/anaconda3/envs/airflow_sqlite_env/lib/python3.9/site-packages/airflow/example_dags/example_short_circuit_operator.py took 0.267 seconds
[2024-10-13T21:30:32.208-0400] {processor.py:186} INFO - Started process (PID=53856) to work on /Users/karenwang/anaconda3/envs/airflow_sqlite_env/lib/python3.9/site-packages/airflow/example_dags/example_short_circuit_operator.py
[2024-10-13T21:30:32.209-0400] {processor.py:914} INFO - Processing file /Users/karenwang/anaconda3/envs/airflow_sqlite_env/lib/python3.9/site-packages/airflow/example_dags/example_short_circuit_operator.py for tasks to queue
[2024-10-13T21:30:32.210-0400] {logging_mixin.py:190} INFO - [2024-10-13T21:30:32.210-0400] {dagbag.py:588} INFO - Filling up the DagBag from /Users/karenwang/anaconda3/envs/airflow_sqlite_env/lib/python3.9/site-packages/airflow/example_dags/example_short_circuit_operator.py
[2024-10-13T21:30:32.300-0400] {processor.py:925} INFO - DAG(s) 'example_short_circuit_operator' retrieved from /Users/karenwang/anaconda3/envs/airflow_sqlite_env/lib/python3.9/site-packages/airflow/example_dags/example_short_circuit_operator.py
[2024-10-13T21:30:32.471-0400] {logging_mixin.py:190} INFO - [2024-10-13T21:30:32.471-0400] {dag.py:3239} INFO - Sync 1 DAGs
[2024-10-13T21:30:32.489-0400] {logging_mixin.py:190} INFO - [2024-10-13T21:30:32.489-0400] {dag.py:4180} INFO - Setting next_dagrun for example_short_circuit_operator to None, run_after=None
[2024-10-13T21:30:32.515-0400] {processor.py:208} INFO - Processing /Users/karenwang/anaconda3/envs/airflow_sqlite_env/lib/python3.9/site-packages/airflow/example_dags/example_short_circuit_operator.py took 0.313 seconds
[2024-10-13T21:34:30.209-0400] {processor.py:186} INFO - Started process (PID=55076) to work on /Users/karenwang/anaconda3/envs/airflow_sqlite_env/lib/python3.9/site-packages/airflow/example_dags/example_short_circuit_operator.py
[2024-10-13T21:34:30.210-0400] {processor.py:914} INFO - Processing file /Users/karenwang/anaconda3/envs/airflow_sqlite_env/lib/python3.9/site-packages/airflow/example_dags/example_short_circuit_operator.py for tasks to queue
[2024-10-13T21:34:30.211-0400] {logging_mixin.py:190} INFO - [2024-10-13T21:34:30.211-0400] {dagbag.py:588} INFO - Filling up the DagBag from /Users/karenwang/anaconda3/envs/airflow_sqlite_env/lib/python3.9/site-packages/airflow/example_dags/example_short_circuit_operator.py
[2024-10-13T21:34:30.295-0400] {processor.py:925} INFO - DAG(s) 'example_short_circuit_operator' retrieved from /Users/karenwang/anaconda3/envs/airflow_sqlite_env/lib/python3.9/site-packages/airflow/example_dags/example_short_circuit_operator.py
[2024-10-13T21:34:30.450-0400] {logging_mixin.py:190} INFO - [2024-10-13T21:34:30.450-0400] {dag.py:3239} INFO - Sync 1 DAGs
[2024-10-13T21:34:30.465-0400] {logging_mixin.py:190} INFO - [2024-10-13T21:34:30.465-0400] {dag.py:4180} INFO - Setting next_dagrun for example_short_circuit_operator to None, run_after=None
[2024-10-13T21:34:30.489-0400] {processor.py:208} INFO - Processing /Users/karenwang/anaconda3/envs/airflow_sqlite_env/lib/python3.9/site-packages/airflow/example_dags/example_short_circuit_operator.py took 0.287 seconds
[2024-10-13T21:38:22.882-0400] {processor.py:186} INFO - Started process (PID=56307) to work on /Users/karenwang/anaconda3/envs/airflow_sqlite_env/lib/python3.9/site-packages/airflow/example_dags/example_short_circuit_operator.py
[2024-10-13T21:38:22.884-0400] {processor.py:914} INFO - Processing file /Users/karenwang/anaconda3/envs/airflow_sqlite_env/lib/python3.9/site-packages/airflow/example_dags/example_short_circuit_operator.py for tasks to queue
[2024-10-13T21:38:22.885-0400] {logging_mixin.py:190} INFO - [2024-10-13T21:38:22.885-0400] {dagbag.py:588} INFO - Filling up the DagBag from /Users/karenwang/anaconda3/envs/airflow_sqlite_env/lib/python3.9/site-packages/airflow/example_dags/example_short_circuit_operator.py
[2024-10-13T21:38:22.964-0400] {processor.py:925} INFO - DAG(s) 'example_short_circuit_operator' retrieved from /Users/karenwang/anaconda3/envs/airflow_sqlite_env/lib/python3.9/site-packages/airflow/example_dags/example_short_circuit_operator.py
[2024-10-13T21:38:23.145-0400] {logging_mixin.py:190} INFO - [2024-10-13T21:38:23.144-0400] {dag.py:3239} INFO - Sync 1 DAGs
[2024-10-13T21:38:23.162-0400] {logging_mixin.py:190} INFO - [2024-10-13T21:38:23.162-0400] {dag.py:4180} INFO - Setting next_dagrun for example_short_circuit_operator to None, run_after=None
[2024-10-13T21:38:23.186-0400] {processor.py:208} INFO - Processing /Users/karenwang/anaconda3/envs/airflow_sqlite_env/lib/python3.9/site-packages/airflow/example_dags/example_short_circuit_operator.py took 0.310 seconds
[2024-10-13T21:42:18.372-0400] {processor.py:186} INFO - Started process (PID=57520) to work on /Users/karenwang/anaconda3/envs/airflow_sqlite_env/lib/python3.9/site-packages/airflow/example_dags/example_short_circuit_operator.py
[2024-10-13T21:42:18.374-0400] {processor.py:914} INFO - Processing file /Users/karenwang/anaconda3/envs/airflow_sqlite_env/lib/python3.9/site-packages/airflow/example_dags/example_short_circuit_operator.py for tasks to queue
[2024-10-13T21:42:18.375-0400] {logging_mixin.py:190} INFO - [2024-10-13T21:42:18.375-0400] {dagbag.py:588} INFO - Filling up the DagBag from /Users/karenwang/anaconda3/envs/airflow_sqlite_env/lib/python3.9/site-packages/airflow/example_dags/example_short_circuit_operator.py
[2024-10-13T21:42:18.465-0400] {processor.py:925} INFO - DAG(s) 'example_short_circuit_operator' retrieved from /Users/karenwang/anaconda3/envs/airflow_sqlite_env/lib/python3.9/site-packages/airflow/example_dags/example_short_circuit_operator.py
[2024-10-13T21:42:18.635-0400] {logging_mixin.py:190} INFO - [2024-10-13T21:42:18.635-0400] {dag.py:3239} INFO - Sync 1 DAGs
[2024-10-13T21:42:18.648-0400] {logging_mixin.py:190} INFO - [2024-10-13T21:42:18.648-0400] {dag.py:4180} INFO - Setting next_dagrun for example_short_circuit_operator to None, run_after=None
[2024-10-13T21:42:18.670-0400] {processor.py:208} INFO - Processing /Users/karenwang/anaconda3/envs/airflow_sqlite_env/lib/python3.9/site-packages/airflow/example_dags/example_short_circuit_operator.py took 0.304 seconds
[2024-10-13T21:46:09.723-0400] {processor.py:186} INFO - Started process (PID=58702) to work on /Users/karenwang/anaconda3/envs/airflow_sqlite_env/lib/python3.9/site-packages/airflow/example_dags/example_short_circuit_operator.py
[2024-10-13T21:46:09.725-0400] {processor.py:914} INFO - Processing file /Users/karenwang/anaconda3/envs/airflow_sqlite_env/lib/python3.9/site-packages/airflow/example_dags/example_short_circuit_operator.py for tasks to queue
[2024-10-13T21:46:09.726-0400] {logging_mixin.py:190} INFO - [2024-10-13T21:46:09.726-0400] {dagbag.py:588} INFO - Filling up the DagBag from /Users/karenwang/anaconda3/envs/airflow_sqlite_env/lib/python3.9/site-packages/airflow/example_dags/example_short_circuit_operator.py
[2024-10-13T21:46:09.808-0400] {processor.py:925} INFO - DAG(s) 'example_short_circuit_operator' retrieved from /Users/karenwang/anaconda3/envs/airflow_sqlite_env/lib/python3.9/site-packages/airflow/example_dags/example_short_circuit_operator.py
[2024-10-13T21:46:09.974-0400] {logging_mixin.py:190} INFO - [2024-10-13T21:46:09.973-0400] {dag.py:3239} INFO - Sync 1 DAGs
[2024-10-13T21:46:09.991-0400] {logging_mixin.py:190} INFO - [2024-10-13T21:46:09.990-0400] {dag.py:4180} INFO - Setting next_dagrun for example_short_circuit_operator to None, run_after=None
[2024-10-13T21:46:10.014-0400] {processor.py:208} INFO - Processing /Users/karenwang/anaconda3/envs/airflow_sqlite_env/lib/python3.9/site-packages/airflow/example_dags/example_short_circuit_operator.py took 0.297 seconds
[2024-10-13T21:50:10.606-0400] {processor.py:186} INFO - Started process (PID=59969) to work on /Users/karenwang/anaconda3/envs/airflow_sqlite_env/lib/python3.9/site-packages/airflow/example_dags/example_short_circuit_operator.py
[2024-10-13T21:50:10.608-0400] {processor.py:914} INFO - Processing file /Users/karenwang/anaconda3/envs/airflow_sqlite_env/lib/python3.9/site-packages/airflow/example_dags/example_short_circuit_operator.py for tasks to queue
[2024-10-13T21:50:10.609-0400] {logging_mixin.py:190} INFO - [2024-10-13T21:50:10.609-0400] {dagbag.py:588} INFO - Filling up the DagBag from /Users/karenwang/anaconda3/envs/airflow_sqlite_env/lib/python3.9/site-packages/airflow/example_dags/example_short_circuit_operator.py
[2024-10-13T21:50:10.705-0400] {processor.py:925} INFO - DAG(s) 'example_short_circuit_operator' retrieved from /Users/karenwang/anaconda3/envs/airflow_sqlite_env/lib/python3.9/site-packages/airflow/example_dags/example_short_circuit_operator.py
[2024-10-13T21:50:10.875-0400] {logging_mixin.py:190} INFO - [2024-10-13T21:50:10.874-0400] {dag.py:3239} INFO - Sync 1 DAGs
[2024-10-13T21:50:10.888-0400] {logging_mixin.py:190} INFO - [2024-10-13T21:50:10.888-0400] {dag.py:4180} INFO - Setting next_dagrun for example_short_circuit_operator to None, run_after=None
[2024-10-13T21:50:10.913-0400] {processor.py:208} INFO - Processing /Users/karenwang/anaconda3/envs/airflow_sqlite_env/lib/python3.9/site-packages/airflow/example_dags/example_short_circuit_operator.py took 0.312 seconds
[2024-10-13T21:54:13.404-0400] {processor.py:186} INFO - Started process (PID=61203) to work on /Users/karenwang/anaconda3/envs/airflow_sqlite_env/lib/python3.9/site-packages/airflow/example_dags/example_short_circuit_operator.py
[2024-10-13T21:54:13.406-0400] {processor.py:914} INFO - Processing file /Users/karenwang/anaconda3/envs/airflow_sqlite_env/lib/python3.9/site-packages/airflow/example_dags/example_short_circuit_operator.py for tasks to queue
[2024-10-13T21:54:13.407-0400] {logging_mixin.py:190} INFO - [2024-10-13T21:54:13.407-0400] {dagbag.py:588} INFO - Filling up the DagBag from /Users/karenwang/anaconda3/envs/airflow_sqlite_env/lib/python3.9/site-packages/airflow/example_dags/example_short_circuit_operator.py
[2024-10-13T21:54:13.494-0400] {processor.py:925} INFO - DAG(s) 'example_short_circuit_operator' retrieved from /Users/karenwang/anaconda3/envs/airflow_sqlite_env/lib/python3.9/site-packages/airflow/example_dags/example_short_circuit_operator.py
[2024-10-13T21:54:13.669-0400] {logging_mixin.py:190} INFO - [2024-10-13T21:54:13.668-0400] {dag.py:3239} INFO - Sync 1 DAGs
[2024-10-13T21:54:13.683-0400] {logging_mixin.py:190} INFO - [2024-10-13T21:54:13.682-0400] {dag.py:4180} INFO - Setting next_dagrun for example_short_circuit_operator to None, run_after=None
[2024-10-13T21:54:13.708-0400] {processor.py:208} INFO - Processing /Users/karenwang/anaconda3/envs/airflow_sqlite_env/lib/python3.9/site-packages/airflow/example_dags/example_short_circuit_operator.py took 0.309 seconds
[2024-10-13T21:58:08.639-0400] {processor.py:186} INFO - Started process (PID=62430) to work on /Users/karenwang/anaconda3/envs/airflow_sqlite_env/lib/python3.9/site-packages/airflow/example_dags/example_short_circuit_operator.py
[2024-10-13T21:58:08.640-0400] {processor.py:914} INFO - Processing file /Users/karenwang/anaconda3/envs/airflow_sqlite_env/lib/python3.9/site-packages/airflow/example_dags/example_short_circuit_operator.py for tasks to queue
[2024-10-13T21:58:08.641-0400] {logging_mixin.py:190} INFO - [2024-10-13T21:58:08.641-0400] {dagbag.py:588} INFO - Filling up the DagBag from /Users/karenwang/anaconda3/envs/airflow_sqlite_env/lib/python3.9/site-packages/airflow/example_dags/example_short_circuit_operator.py
[2024-10-13T21:58:08.722-0400] {processor.py:925} INFO - DAG(s) 'example_short_circuit_operator' retrieved from /Users/karenwang/anaconda3/envs/airflow_sqlite_env/lib/python3.9/site-packages/airflow/example_dags/example_short_circuit_operator.py
[2024-10-13T21:58:08.876-0400] {logging_mixin.py:190} INFO - [2024-10-13T21:58:08.876-0400] {dag.py:3239} INFO - Sync 1 DAGs
[2024-10-13T21:58:08.889-0400] {logging_mixin.py:190} INFO - [2024-10-13T21:58:08.888-0400] {dag.py:4180} INFO - Setting next_dagrun for example_short_circuit_operator to None, run_after=None
[2024-10-13T21:58:08.909-0400] {processor.py:208} INFO - Processing /Users/karenwang/anaconda3/envs/airflow_sqlite_env/lib/python3.9/site-packages/airflow/example_dags/example_short_circuit_operator.py took 0.277 seconds
[2024-10-13T22:01:57.693-0400] {processor.py:186} INFO - Started process (PID=63612) to work on /Users/karenwang/anaconda3/envs/airflow_sqlite_env/lib/python3.9/site-packages/airflow/example_dags/example_short_circuit_operator.py
[2024-10-13T22:01:57.695-0400] {processor.py:914} INFO - Processing file /Users/karenwang/anaconda3/envs/airflow_sqlite_env/lib/python3.9/site-packages/airflow/example_dags/example_short_circuit_operator.py for tasks to queue
[2024-10-13T22:01:57.696-0400] {logging_mixin.py:190} INFO - [2024-10-13T22:01:57.696-0400] {dagbag.py:588} INFO - Filling up the DagBag from /Users/karenwang/anaconda3/envs/airflow_sqlite_env/lib/python3.9/site-packages/airflow/example_dags/example_short_circuit_operator.py
[2024-10-13T22:01:57.798-0400] {processor.py:925} INFO - DAG(s) 'example_short_circuit_operator' retrieved from /Users/karenwang/anaconda3/envs/airflow_sqlite_env/lib/python3.9/site-packages/airflow/example_dags/example_short_circuit_operator.py
[2024-10-13T22:01:57.995-0400] {logging_mixin.py:190} INFO - [2024-10-13T22:01:57.995-0400] {dag.py:3239} INFO - Sync 1 DAGs
[2024-10-13T22:01:58.015-0400] {logging_mixin.py:190} INFO - [2024-10-13T22:01:58.014-0400] {dag.py:4180} INFO - Setting next_dagrun for example_short_circuit_operator to None, run_after=None
[2024-10-13T22:01:58.044-0400] {processor.py:208} INFO - Processing /Users/karenwang/anaconda3/envs/airflow_sqlite_env/lib/python3.9/site-packages/airflow/example_dags/example_short_circuit_operator.py took 0.358 seconds
[2024-10-13T22:05:52.316-0400] {processor.py:186} INFO - Started process (PID=64811) to work on /Users/karenwang/anaconda3/envs/airflow_sqlite_env/lib/python3.9/site-packages/airflow/example_dags/example_short_circuit_operator.py
[2024-10-13T22:05:52.318-0400] {processor.py:914} INFO - Processing file /Users/karenwang/anaconda3/envs/airflow_sqlite_env/lib/python3.9/site-packages/airflow/example_dags/example_short_circuit_operator.py for tasks to queue
[2024-10-13T22:05:52.320-0400] {logging_mixin.py:190} INFO - [2024-10-13T22:05:52.319-0400] {dagbag.py:588} INFO - Filling up the DagBag from /Users/karenwang/anaconda3/envs/airflow_sqlite_env/lib/python3.9/site-packages/airflow/example_dags/example_short_circuit_operator.py
[2024-10-13T22:05:52.403-0400] {processor.py:925} INFO - DAG(s) 'example_short_circuit_operator' retrieved from /Users/karenwang/anaconda3/envs/airflow_sqlite_env/lib/python3.9/site-packages/airflow/example_dags/example_short_circuit_operator.py
[2024-10-13T22:05:52.571-0400] {logging_mixin.py:190} INFO - [2024-10-13T22:05:52.571-0400] {dag.py:3239} INFO - Sync 1 DAGs
[2024-10-13T22:05:52.585-0400] {logging_mixin.py:190} INFO - [2024-10-13T22:05:52.584-0400] {dag.py:4180} INFO - Setting next_dagrun for example_short_circuit_operator to None, run_after=None
[2024-10-13T22:05:52.610-0400] {processor.py:208} INFO - Processing /Users/karenwang/anaconda3/envs/airflow_sqlite_env/lib/python3.9/site-packages/airflow/example_dags/example_short_circuit_operator.py took 0.299 seconds
[2024-10-13T22:09:49.076-0400] {processor.py:186} INFO - Started process (PID=66041) to work on /Users/karenwang/anaconda3/envs/airflow_sqlite_env/lib/python3.9/site-packages/airflow/example_dags/example_short_circuit_operator.py
[2024-10-13T22:09:49.077-0400] {processor.py:914} INFO - Processing file /Users/karenwang/anaconda3/envs/airflow_sqlite_env/lib/python3.9/site-packages/airflow/example_dags/example_short_circuit_operator.py for tasks to queue
[2024-10-13T22:09:49.078-0400] {logging_mixin.py:190} INFO - [2024-10-13T22:09:49.078-0400] {dagbag.py:588} INFO - Filling up the DagBag from /Users/karenwang/anaconda3/envs/airflow_sqlite_env/lib/python3.9/site-packages/airflow/example_dags/example_short_circuit_operator.py
[2024-10-13T22:09:49.152-0400] {processor.py:925} INFO - DAG(s) 'example_short_circuit_operator' retrieved from /Users/karenwang/anaconda3/envs/airflow_sqlite_env/lib/python3.9/site-packages/airflow/example_dags/example_short_circuit_operator.py
[2024-10-13T22:09:49.306-0400] {logging_mixin.py:190} INFO - [2024-10-13T22:09:49.305-0400] {dag.py:3239} INFO - Sync 1 DAGs
[2024-10-13T22:09:49.318-0400] {logging_mixin.py:190} INFO - [2024-10-13T22:09:49.318-0400] {dag.py:4180} INFO - Setting next_dagrun for example_short_circuit_operator to None, run_after=None
[2024-10-13T22:09:49.343-0400] {processor.py:208} INFO - Processing /Users/karenwang/anaconda3/envs/airflow_sqlite_env/lib/python3.9/site-packages/airflow/example_dags/example_short_circuit_operator.py took 0.274 seconds
[2024-10-13T22:13:40.923-0400] {processor.py:186} INFO - Started process (PID=67230) to work on /Users/karenwang/anaconda3/envs/airflow_sqlite_env/lib/python3.9/site-packages/airflow/example_dags/example_short_circuit_operator.py
[2024-10-13T22:13:40.924-0400] {processor.py:914} INFO - Processing file /Users/karenwang/anaconda3/envs/airflow_sqlite_env/lib/python3.9/site-packages/airflow/example_dags/example_short_circuit_operator.py for tasks to queue
[2024-10-13T22:13:40.925-0400] {logging_mixin.py:190} INFO - [2024-10-13T22:13:40.925-0400] {dagbag.py:588} INFO - Filling up the DagBag from /Users/karenwang/anaconda3/envs/airflow_sqlite_env/lib/python3.9/site-packages/airflow/example_dags/example_short_circuit_operator.py
[2024-10-13T22:13:41.001-0400] {processor.py:925} INFO - DAG(s) 'example_short_circuit_operator' retrieved from /Users/karenwang/anaconda3/envs/airflow_sqlite_env/lib/python3.9/site-packages/airflow/example_dags/example_short_circuit_operator.py
[2024-10-13T22:13:41.162-0400] {logging_mixin.py:190} INFO - [2024-10-13T22:13:41.162-0400] {dag.py:3239} INFO - Sync 1 DAGs
[2024-10-13T22:13:41.179-0400] {logging_mixin.py:190} INFO - [2024-10-13T22:13:41.179-0400] {dag.py:4180} INFO - Setting next_dagrun for example_short_circuit_operator to None, run_after=None
[2024-10-13T22:13:41.202-0400] {processor.py:208} INFO - Processing /Users/karenwang/anaconda3/envs/airflow_sqlite_env/lib/python3.9/site-packages/airflow/example_dags/example_short_circuit_operator.py took 0.286 seconds
[2024-10-13T22:17:44.505-0400] {processor.py:186} INFO - Started process (PID=68473) to work on /Users/karenwang/anaconda3/envs/airflow_sqlite_env/lib/python3.9/site-packages/airflow/example_dags/example_short_circuit_operator.py
[2024-10-13T22:17:44.507-0400] {processor.py:914} INFO - Processing file /Users/karenwang/anaconda3/envs/airflow_sqlite_env/lib/python3.9/site-packages/airflow/example_dags/example_short_circuit_operator.py for tasks to queue
[2024-10-13T22:17:44.508-0400] {logging_mixin.py:190} INFO - [2024-10-13T22:17:44.508-0400] {dagbag.py:588} INFO - Filling up the DagBag from /Users/karenwang/anaconda3/envs/airflow_sqlite_env/lib/python3.9/site-packages/airflow/example_dags/example_short_circuit_operator.py
[2024-10-13T22:17:44.587-0400] {processor.py:925} INFO - DAG(s) 'example_short_circuit_operator' retrieved from /Users/karenwang/anaconda3/envs/airflow_sqlite_env/lib/python3.9/site-packages/airflow/example_dags/example_short_circuit_operator.py
[2024-10-13T22:17:44.755-0400] {logging_mixin.py:190} INFO - [2024-10-13T22:17:44.755-0400] {dag.py:3239} INFO - Sync 1 DAGs
[2024-10-13T22:17:44.769-0400] {logging_mixin.py:190} INFO - [2024-10-13T22:17:44.769-0400] {dag.py:4180} INFO - Setting next_dagrun for example_short_circuit_operator to None, run_after=None
[2024-10-13T22:17:44.793-0400] {processor.py:208} INFO - Processing /Users/karenwang/anaconda3/envs/airflow_sqlite_env/lib/python3.9/site-packages/airflow/example_dags/example_short_circuit_operator.py took 0.294 seconds
[2024-10-13T22:21:44.089-0400] {processor.py:186} INFO - Started process (PID=69700) to work on /Users/karenwang/anaconda3/envs/airflow_sqlite_env/lib/python3.9/site-packages/airflow/example_dags/example_short_circuit_operator.py
[2024-10-13T22:21:44.091-0400] {processor.py:914} INFO - Processing file /Users/karenwang/anaconda3/envs/airflow_sqlite_env/lib/python3.9/site-packages/airflow/example_dags/example_short_circuit_operator.py for tasks to queue
[2024-10-13T22:21:44.093-0400] {logging_mixin.py:190} INFO - [2024-10-13T22:21:44.092-0400] {dagbag.py:588} INFO - Filling up the DagBag from /Users/karenwang/anaconda3/envs/airflow_sqlite_env/lib/python3.9/site-packages/airflow/example_dags/example_short_circuit_operator.py
[2024-10-13T22:21:44.202-0400] {processor.py:925} INFO - DAG(s) 'example_short_circuit_operator' retrieved from /Users/karenwang/anaconda3/envs/airflow_sqlite_env/lib/python3.9/site-packages/airflow/example_dags/example_short_circuit_operator.py
[2024-10-13T22:21:44.431-0400] {logging_mixin.py:190} INFO - [2024-10-13T22:21:44.430-0400] {dag.py:3239} INFO - Sync 1 DAGs
[2024-10-13T22:21:44.451-0400] {logging_mixin.py:190} INFO - [2024-10-13T22:21:44.450-0400] {dag.py:4180} INFO - Setting next_dagrun for example_short_circuit_operator to None, run_after=None
[2024-10-13T22:21:44.480-0400] {processor.py:208} INFO - Processing /Users/karenwang/anaconda3/envs/airflow_sqlite_env/lib/python3.9/site-packages/airflow/example_dags/example_short_circuit_operator.py took 0.398 seconds
[2024-10-13T22:25:54.029-0400] {processor.py:186} INFO - Started process (PID=71055) to work on /Users/karenwang/anaconda3/envs/airflow_sqlite_env/lib/python3.9/site-packages/airflow/example_dags/example_short_circuit_operator.py
[2024-10-13T22:25:54.030-0400] {processor.py:914} INFO - Processing file /Users/karenwang/anaconda3/envs/airflow_sqlite_env/lib/python3.9/site-packages/airflow/example_dags/example_short_circuit_operator.py for tasks to queue
[2024-10-13T22:25:54.031-0400] {logging_mixin.py:190} INFO - [2024-10-13T22:25:54.031-0400] {dagbag.py:588} INFO - Filling up the DagBag from /Users/karenwang/anaconda3/envs/airflow_sqlite_env/lib/python3.9/site-packages/airflow/example_dags/example_short_circuit_operator.py
[2024-10-13T22:25:54.114-0400] {processor.py:925} INFO - DAG(s) 'example_short_circuit_operator' retrieved from /Users/karenwang/anaconda3/envs/airflow_sqlite_env/lib/python3.9/site-packages/airflow/example_dags/example_short_circuit_operator.py
[2024-10-13T22:25:54.245-0400] {logging_mixin.py:190} INFO - [2024-10-13T22:25:54.244-0400] {dag.py:3239} INFO - Sync 1 DAGs
[2024-10-13T22:25:54.262-0400] {logging_mixin.py:190} INFO - [2024-10-13T22:25:54.261-0400] {dag.py:4180} INFO - Setting next_dagrun for example_short_circuit_operator to None, run_after=None
[2024-10-13T22:25:54.285-0400] {processor.py:208} INFO - Processing /Users/karenwang/anaconda3/envs/airflow_sqlite_env/lib/python3.9/site-packages/airflow/example_dags/example_short_circuit_operator.py took 0.262 seconds
[2024-10-13T22:34:29.993-0400] {processor.py:186} INFO - Started process (PID=73943) to work on /Users/karenwang/anaconda3/envs/airflow_sqlite_env/lib/python3.9/site-packages/airflow/example_dags/example_short_circuit_operator.py
[2024-10-13T22:34:29.995-0400] {processor.py:914} INFO - Processing file /Users/karenwang/anaconda3/envs/airflow_sqlite_env/lib/python3.9/site-packages/airflow/example_dags/example_short_circuit_operator.py for tasks to queue
[2024-10-13T22:34:29.996-0400] {logging_mixin.py:190} INFO - [2024-10-13T22:34:29.996-0400] {dagbag.py:588} INFO - Filling up the DagBag from /Users/karenwang/anaconda3/envs/airflow_sqlite_env/lib/python3.9/site-packages/airflow/example_dags/example_short_circuit_operator.py
[2024-10-13T22:34:30.068-0400] {processor.py:925} INFO - DAG(s) 'example_short_circuit_operator' retrieved from /Users/karenwang/anaconda3/envs/airflow_sqlite_env/lib/python3.9/site-packages/airflow/example_dags/example_short_circuit_operator.py
[2024-10-13T22:34:30.213-0400] {logging_mixin.py:190} INFO - [2024-10-13T22:34:30.212-0400] {dag.py:3239} INFO - Sync 1 DAGs
[2024-10-13T22:34:30.225-0400] {logging_mixin.py:190} INFO - [2024-10-13T22:34:30.225-0400] {dag.py:4180} INFO - Setting next_dagrun for example_short_circuit_operator to None, run_after=None
[2024-10-13T22:34:30.251-0400] {processor.py:208} INFO - Processing /Users/karenwang/anaconda3/envs/airflow_sqlite_env/lib/python3.9/site-packages/airflow/example_dags/example_short_circuit_operator.py took 0.264 seconds
[2024-10-13T22:41:41.837-0400] {processor.py:186} INFO - Started process (PID=76365) to work on /Users/karenwang/anaconda3/envs/airflow_sqlite_env/lib/python3.9/site-packages/airflow/example_dags/example_short_circuit_operator.py
[2024-10-13T22:41:41.839-0400] {processor.py:914} INFO - Processing file /Users/karenwang/anaconda3/envs/airflow_sqlite_env/lib/python3.9/site-packages/airflow/example_dags/example_short_circuit_operator.py for tasks to queue
[2024-10-13T22:41:41.841-0400] {logging_mixin.py:190} INFO - [2024-10-13T22:41:41.841-0400] {dagbag.py:588} INFO - Filling up the DagBag from /Users/karenwang/anaconda3/envs/airflow_sqlite_env/lib/python3.9/site-packages/airflow/example_dags/example_short_circuit_operator.py
[2024-10-13T22:41:41.929-0400] {processor.py:925} INFO - DAG(s) 'example_short_circuit_operator' retrieved from /Users/karenwang/anaconda3/envs/airflow_sqlite_env/lib/python3.9/site-packages/airflow/example_dags/example_short_circuit_operator.py
[2024-10-13T22:41:42.167-0400] {logging_mixin.py:190} INFO - [2024-10-13T22:41:42.166-0400] {dag.py:3239} INFO - Sync 1 DAGs
[2024-10-13T22:41:42.185-0400] {logging_mixin.py:190} INFO - [2024-10-13T22:41:42.185-0400] {dag.py:4180} INFO - Setting next_dagrun for example_short_circuit_operator to None, run_after=None
[2024-10-13T22:41:42.213-0400] {processor.py:208} INFO - Processing /Users/karenwang/anaconda3/envs/airflow_sqlite_env/lib/python3.9/site-packages/airflow/example_dags/example_short_circuit_operator.py took 0.383 seconds
