[2024-10-13T20:07:22.911-0400] {processor.py:186} INFO - Started process (PID=27388) to work on /Users/karenwang/anaconda3/envs/airflow_sqlite_env/lib/python3.9/site-packages/airflow/example_dags/example_branch_day_of_week_operator.py
[2024-10-13T20:07:22.912-0400] {processor.py:914} INFO - Processing file /Users/karenwang/anaconda3/envs/airflow_sqlite_env/lib/python3.9/site-packages/airflow/example_dags/example_branch_day_of_week_operator.py for tasks to queue
[2024-10-13T20:07:22.913-0400] {logging_mixin.py:190} INFO - [2024-10-13T20:07:22.913-0400] {dagbag.py:588} INFO - Filling up the DagBag from /Users/karenwang/anaconda3/envs/airflow_sqlite_env/lib/python3.9/site-packages/airflow/example_dags/example_branch_day_of_week_operator.py
[2024-10-13T20:07:22.928-0400] {processor.py:925} INFO - DAG(s) 'example_weekday_branch_operator' retrieved from /Users/karenwang/anaconda3/envs/airflow_sqlite_env/lib/python3.9/site-packages/airflow/example_dags/example_branch_day_of_week_operator.py
[2024-10-13T20:07:23.137-0400] {logging_mixin.py:190} INFO - [2024-10-13T20:07:23.136-0400] {dag.py:3239} INFO - Sync 1 DAGs
[2024-10-13T20:07:23.168-0400] {logging_mixin.py:190} INFO - [2024-10-13T20:07:23.168-0400] {dag.py:4180} INFO - Setting next_dagrun for example_weekday_branch_operator to 2024-10-13 00:00:00+00:00, run_after=2024-10-14 00:00:00+00:00
[2024-10-13T20:07:23.194-0400] {processor.py:208} INFO - Processing /Users/karenwang/anaconda3/envs/airflow_sqlite_env/lib/python3.9/site-packages/airflow/example_dags/example_branch_day_of_week_operator.py took 0.290 seconds
[2024-10-13T20:15:23.274-0400] {processor.py:186} INFO - Started process (PID=29841) to work on /Users/karenwang/anaconda3/envs/airflow_sqlite_env/lib/python3.9/site-packages/airflow/example_dags/example_branch_day_of_week_operator.py
[2024-10-13T20:15:23.276-0400] {processor.py:914} INFO - Processing file /Users/karenwang/anaconda3/envs/airflow_sqlite_env/lib/python3.9/site-packages/airflow/example_dags/example_branch_day_of_week_operator.py for tasks to queue
[2024-10-13T20:15:23.277-0400] {logging_mixin.py:190} INFO - [2024-10-13T20:15:23.276-0400] {dagbag.py:588} INFO - Filling up the DagBag from /Users/karenwang/anaconda3/envs/airflow_sqlite_env/lib/python3.9/site-packages/airflow/example_dags/example_branch_day_of_week_operator.py
[2024-10-13T20:15:23.289-0400] {processor.py:925} INFO - DAG(s) 'example_weekday_branch_operator' retrieved from /Users/karenwang/anaconda3/envs/airflow_sqlite_env/lib/python3.9/site-packages/airflow/example_dags/example_branch_day_of_week_operator.py
[2024-10-13T20:15:23.521-0400] {logging_mixin.py:190} INFO - [2024-10-13T20:15:23.521-0400] {dag.py:3239} INFO - Sync 1 DAGs
[2024-10-13T20:15:23.554-0400] {logging_mixin.py:190} INFO - [2024-10-13T20:15:23.554-0400] {dag.py:4180} INFO - Setting next_dagrun for example_weekday_branch_operator to 2024-10-13 00:00:00+00:00, run_after=2024-10-14 00:00:00+00:00
[2024-10-13T20:15:23.577-0400] {processor.py:208} INFO - Processing /Users/karenwang/anaconda3/envs/airflow_sqlite_env/lib/python3.9/site-packages/airflow/example_dags/example_branch_day_of_week_operator.py took 0.309 seconds
[2024-10-13T20:23:58.551-0400] {processor.py:186} INFO - Started process (PID=32623) to work on /Users/karenwang/anaconda3/envs/airflow_sqlite_env/lib/python3.9/site-packages/airflow/example_dags/example_branch_day_of_week_operator.py
[2024-10-13T20:23:58.553-0400] {processor.py:914} INFO - Processing file /Users/karenwang/anaconda3/envs/airflow_sqlite_env/lib/python3.9/site-packages/airflow/example_dags/example_branch_day_of_week_operator.py for tasks to queue
[2024-10-13T20:23:58.555-0400] {logging_mixin.py:190} INFO - [2024-10-13T20:23:58.554-0400] {dagbag.py:588} INFO - Filling up the DagBag from /Users/karenwang/anaconda3/envs/airflow_sqlite_env/lib/python3.9/site-packages/airflow/example_dags/example_branch_day_of_week_operator.py
[2024-10-13T20:23:58.573-0400] {processor.py:925} INFO - DAG(s) 'example_weekday_branch_operator' retrieved from /Users/karenwang/anaconda3/envs/airflow_sqlite_env/lib/python3.9/site-packages/airflow/example_dags/example_branch_day_of_week_operator.py
[2024-10-13T20:23:58.809-0400] {logging_mixin.py:190} INFO - [2024-10-13T20:23:58.809-0400] {dag.py:3239} INFO - Sync 1 DAGs
[2024-10-13T20:23:58.840-0400] {logging_mixin.py:190} INFO - [2024-10-13T20:23:58.840-0400] {dag.py:4180} INFO - Setting next_dagrun for example_weekday_branch_operator to 2024-10-13 00:00:00+00:00, run_after=2024-10-14 00:00:00+00:00
[2024-10-13T20:23:58.865-0400] {processor.py:208} INFO - Processing /Users/karenwang/anaconda3/envs/airflow_sqlite_env/lib/python3.9/site-packages/airflow/example_dags/example_branch_day_of_week_operator.py took 0.320 seconds
[2024-10-13T20:30:15.061-0400] {processor.py:186} INFO - Started process (PID=34774) to work on /Users/karenwang/anaconda3/envs/airflow_sqlite_env/lib/python3.9/site-packages/airflow/example_dags/example_branch_day_of_week_operator.py
[2024-10-13T20:30:15.063-0400] {processor.py:914} INFO - Processing file /Users/karenwang/anaconda3/envs/airflow_sqlite_env/lib/python3.9/site-packages/airflow/example_dags/example_branch_day_of_week_operator.py for tasks to queue
[2024-10-13T20:30:15.064-0400] {logging_mixin.py:190} INFO - [2024-10-13T20:30:15.064-0400] {dagbag.py:588} INFO - Filling up the DagBag from /Users/karenwang/anaconda3/envs/airflow_sqlite_env/lib/python3.9/site-packages/airflow/example_dags/example_branch_day_of_week_operator.py
[2024-10-13T20:30:15.078-0400] {processor.py:925} INFO - DAG(s) 'example_weekday_branch_operator' retrieved from /Users/karenwang/anaconda3/envs/airflow_sqlite_env/lib/python3.9/site-packages/airflow/example_dags/example_branch_day_of_week_operator.py
[2024-10-13T20:30:15.306-0400] {logging_mixin.py:190} INFO - [2024-10-13T20:30:15.305-0400] {dag.py:3239} INFO - Sync 1 DAGs
[2024-10-13T20:30:15.336-0400] {logging_mixin.py:190} INFO - [2024-10-13T20:30:15.335-0400] {dag.py:4180} INFO - Setting next_dagrun for example_weekday_branch_operator to 2024-10-13 00:00:00+00:00, run_after=2024-10-14 00:00:00+00:00
[2024-10-13T20:30:15.361-0400] {processor.py:208} INFO - Processing /Users/karenwang/anaconda3/envs/airflow_sqlite_env/lib/python3.9/site-packages/airflow/example_dags/example_branch_day_of_week_operator.py took 0.306 seconds
[2024-10-13T20:37:35.030-0400] {processor.py:186} INFO - Started process (PID=37066) to work on /Users/karenwang/anaconda3/envs/airflow_sqlite_env/lib/python3.9/site-packages/airflow/example_dags/example_branch_day_of_week_operator.py
[2024-10-13T20:37:35.032-0400] {processor.py:914} INFO - Processing file /Users/karenwang/anaconda3/envs/airflow_sqlite_env/lib/python3.9/site-packages/airflow/example_dags/example_branch_day_of_week_operator.py for tasks to queue
[2024-10-13T20:37:35.033-0400] {logging_mixin.py:190} INFO - [2024-10-13T20:37:35.033-0400] {dagbag.py:588} INFO - Filling up the DagBag from /Users/karenwang/anaconda3/envs/airflow_sqlite_env/lib/python3.9/site-packages/airflow/example_dags/example_branch_day_of_week_operator.py
[2024-10-13T20:37:35.051-0400] {processor.py:925} INFO - DAG(s) 'example_weekday_branch_operator' retrieved from /Users/karenwang/anaconda3/envs/airflow_sqlite_env/lib/python3.9/site-packages/airflow/example_dags/example_branch_day_of_week_operator.py
[2024-10-13T20:37:35.233-0400] {logging_mixin.py:190} INFO - [2024-10-13T20:37:35.233-0400] {dag.py:3239} INFO - Sync 1 DAGs
[2024-10-13T20:37:35.259-0400] {logging_mixin.py:190} INFO - [2024-10-13T20:37:35.259-0400] {dag.py:4180} INFO - Setting next_dagrun for example_weekday_branch_operator to 2024-10-13 00:00:00+00:00, run_after=2024-10-14 00:00:00+00:00
[2024-10-13T20:37:35.282-0400] {processor.py:208} INFO - Processing /Users/karenwang/anaconda3/envs/airflow_sqlite_env/lib/python3.9/site-packages/airflow/example_dags/example_branch_day_of_week_operator.py took 0.258 seconds
[2024-10-13T20:44:53.403-0400] {processor.py:186} INFO - Started process (PID=39320) to work on /Users/karenwang/anaconda3/envs/airflow_sqlite_env/lib/python3.9/site-packages/airflow/example_dags/example_branch_day_of_week_operator.py
[2024-10-13T20:44:53.404-0400] {processor.py:914} INFO - Processing file /Users/karenwang/anaconda3/envs/airflow_sqlite_env/lib/python3.9/site-packages/airflow/example_dags/example_branch_day_of_week_operator.py for tasks to queue
[2024-10-13T20:44:53.405-0400] {logging_mixin.py:190} INFO - [2024-10-13T20:44:53.405-0400] {dagbag.py:588} INFO - Filling up the DagBag from /Users/karenwang/anaconda3/envs/airflow_sqlite_env/lib/python3.9/site-packages/airflow/example_dags/example_branch_day_of_week_operator.py
[2024-10-13T20:44:53.420-0400] {processor.py:925} INFO - DAG(s) 'example_weekday_branch_operator' retrieved from /Users/karenwang/anaconda3/envs/airflow_sqlite_env/lib/python3.9/site-packages/airflow/example_dags/example_branch_day_of_week_operator.py
[2024-10-13T20:44:53.607-0400] {logging_mixin.py:190} INFO - [2024-10-13T20:44:53.607-0400] {dag.py:3239} INFO - Sync 1 DAGs
[2024-10-13T20:44:53.633-0400] {logging_mixin.py:190} INFO - [2024-10-13T20:44:53.633-0400] {dag.py:4180} INFO - Setting next_dagrun for example_weekday_branch_operator to 2024-10-13 00:00:00+00:00, run_after=2024-10-14 00:00:00+00:00
[2024-10-13T20:44:53.652-0400] {processor.py:208} INFO - Processing /Users/karenwang/anaconda3/envs/airflow_sqlite_env/lib/python3.9/site-packages/airflow/example_dags/example_branch_day_of_week_operator.py took 0.255 seconds
[2024-10-13T20:52:12.191-0400] {processor.py:186} INFO - Started process (PID=41599) to work on /Users/karenwang/anaconda3/envs/airflow_sqlite_env/lib/python3.9/site-packages/airflow/example_dags/example_branch_day_of_week_operator.py
[2024-10-13T20:52:12.193-0400] {processor.py:914} INFO - Processing file /Users/karenwang/anaconda3/envs/airflow_sqlite_env/lib/python3.9/site-packages/airflow/example_dags/example_branch_day_of_week_operator.py for tasks to queue
[2024-10-13T20:52:12.194-0400] {logging_mixin.py:190} INFO - [2024-10-13T20:52:12.194-0400] {dagbag.py:588} INFO - Filling up the DagBag from /Users/karenwang/anaconda3/envs/airflow_sqlite_env/lib/python3.9/site-packages/airflow/example_dags/example_branch_day_of_week_operator.py
[2024-10-13T20:52:12.212-0400] {processor.py:925} INFO - DAG(s) 'example_weekday_branch_operator' retrieved from /Users/karenwang/anaconda3/envs/airflow_sqlite_env/lib/python3.9/site-packages/airflow/example_dags/example_branch_day_of_week_operator.py
[2024-10-13T20:52:12.421-0400] {logging_mixin.py:190} INFO - [2024-10-13T20:52:12.420-0400] {dag.py:3239} INFO - Sync 1 DAGs
[2024-10-13T20:52:12.453-0400] {logging_mixin.py:190} INFO - [2024-10-13T20:52:12.453-0400] {dag.py:4180} INFO - Setting next_dagrun for example_weekday_branch_operator to 2024-10-13 00:00:00+00:00, run_after=2024-10-14 00:00:00+00:00
[2024-10-13T20:52:12.478-0400] {processor.py:208} INFO - Processing /Users/karenwang/anaconda3/envs/airflow_sqlite_env/lib/python3.9/site-packages/airflow/example_dags/example_branch_day_of_week_operator.py took 0.293 seconds
[2024-10-13T20:59:32.658-0400] {processor.py:186} INFO - Started process (PID=43898) to work on /Users/karenwang/anaconda3/envs/airflow_sqlite_env/lib/python3.9/site-packages/airflow/example_dags/example_branch_day_of_week_operator.py
[2024-10-13T20:59:32.659-0400] {processor.py:914} INFO - Processing file /Users/karenwang/anaconda3/envs/airflow_sqlite_env/lib/python3.9/site-packages/airflow/example_dags/example_branch_day_of_week_operator.py for tasks to queue
[2024-10-13T20:59:32.661-0400] {logging_mixin.py:190} INFO - [2024-10-13T20:59:32.660-0400] {dagbag.py:588} INFO - Filling up the DagBag from /Users/karenwang/anaconda3/envs/airflow_sqlite_env/lib/python3.9/site-packages/airflow/example_dags/example_branch_day_of_week_operator.py
[2024-10-13T20:59:32.675-0400] {processor.py:925} INFO - DAG(s) 'example_weekday_branch_operator' retrieved from /Users/karenwang/anaconda3/envs/airflow_sqlite_env/lib/python3.9/site-packages/airflow/example_dags/example_branch_day_of_week_operator.py
[2024-10-13T20:59:32.857-0400] {logging_mixin.py:190} INFO - [2024-10-13T20:59:32.857-0400] {dag.py:3239} INFO - Sync 1 DAGs
[2024-10-13T20:59:32.879-0400] {logging_mixin.py:190} INFO - [2024-10-13T20:59:32.879-0400] {dag.py:4180} INFO - Setting next_dagrun for example_weekday_branch_operator to 2024-10-13 00:00:00+00:00, run_after=2024-10-14 00:00:00+00:00
[2024-10-13T20:59:32.899-0400] {processor.py:208} INFO - Processing /Users/karenwang/anaconda3/envs/airflow_sqlite_env/lib/python3.9/site-packages/airflow/example_dags/example_branch_day_of_week_operator.py took 0.247 seconds
[2024-10-13T21:06:54.600-0400] {processor.py:186} INFO - Started process (PID=46174) to work on /Users/karenwang/anaconda3/envs/airflow_sqlite_env/lib/python3.9/site-packages/airflow/example_dags/example_branch_day_of_week_operator.py
[2024-10-13T21:06:54.601-0400] {processor.py:914} INFO - Processing file /Users/karenwang/anaconda3/envs/airflow_sqlite_env/lib/python3.9/site-packages/airflow/example_dags/example_branch_day_of_week_operator.py for tasks to queue
[2024-10-13T21:06:54.602-0400] {logging_mixin.py:190} INFO - [2024-10-13T21:06:54.602-0400] {dagbag.py:588} INFO - Filling up the DagBag from /Users/karenwang/anaconda3/envs/airflow_sqlite_env/lib/python3.9/site-packages/airflow/example_dags/example_branch_day_of_week_operator.py
[2024-10-13T21:06:54.620-0400] {processor.py:925} INFO - DAG(s) 'example_weekday_branch_operator' retrieved from /Users/karenwang/anaconda3/envs/airflow_sqlite_env/lib/python3.9/site-packages/airflow/example_dags/example_branch_day_of_week_operator.py
[2024-10-13T21:06:54.812-0400] {logging_mixin.py:190} INFO - [2024-10-13T21:06:54.812-0400] {dag.py:3239} INFO - Sync 1 DAGs
[2024-10-13T21:06:54.841-0400] {logging_mixin.py:190} INFO - [2024-10-13T21:06:54.841-0400] {dag.py:4180} INFO - Setting next_dagrun for example_weekday_branch_operator to 2024-10-13 00:00:00+00:00, run_after=2024-10-14 00:00:00+00:00
[2024-10-13T21:06:54.864-0400] {processor.py:208} INFO - Processing /Users/karenwang/anaconda3/envs/airflow_sqlite_env/lib/python3.9/site-packages/airflow/example_dags/example_branch_day_of_week_operator.py took 0.270 seconds
[2024-10-13T21:12:59.214-0400] {processor.py:186} INFO - Started process (PID=48143) to work on /Users/karenwang/anaconda3/envs/airflow_sqlite_env/lib/python3.9/site-packages/airflow/example_dags/example_branch_day_of_week_operator.py
[2024-10-13T21:12:59.215-0400] {processor.py:914} INFO - Processing file /Users/karenwang/anaconda3/envs/airflow_sqlite_env/lib/python3.9/site-packages/airflow/example_dags/example_branch_day_of_week_operator.py for tasks to queue
[2024-10-13T21:12:59.217-0400] {logging_mixin.py:190} INFO - [2024-10-13T21:12:59.216-0400] {dagbag.py:588} INFO - Filling up the DagBag from /Users/karenwang/anaconda3/envs/airflow_sqlite_env/lib/python3.9/site-packages/airflow/example_dags/example_branch_day_of_week_operator.py
[2024-10-13T21:12:59.230-0400] {processor.py:925} INFO - DAG(s) 'example_weekday_branch_operator' retrieved from /Users/karenwang/anaconda3/envs/airflow_sqlite_env/lib/python3.9/site-packages/airflow/example_dags/example_branch_day_of_week_operator.py
[2024-10-13T21:12:59.453-0400] {logging_mixin.py:190} INFO - [2024-10-13T21:12:59.452-0400] {dag.py:3239} INFO - Sync 1 DAGs
[2024-10-13T21:12:59.484-0400] {logging_mixin.py:190} INFO - [2024-10-13T21:12:59.483-0400] {dag.py:4180} INFO - Setting next_dagrun for example_weekday_branch_operator to 2024-10-13 00:00:00+00:00, run_after=2024-10-14 00:00:00+00:00
[2024-10-13T21:12:59.510-0400] {processor.py:208} INFO - Processing /Users/karenwang/anaconda3/envs/airflow_sqlite_env/lib/python3.9/site-packages/airflow/example_dags/example_branch_day_of_week_operator.py took 0.301 seconds
[2024-10-13T21:20:43.098-0400] {processor.py:186} INFO - Started process (PID=50783) to work on /Users/karenwang/anaconda3/envs/airflow_sqlite_env/lib/python3.9/site-packages/airflow/example_dags/example_branch_day_of_week_operator.py
[2024-10-13T21:20:43.100-0400] {processor.py:914} INFO - Processing file /Users/karenwang/anaconda3/envs/airflow_sqlite_env/lib/python3.9/site-packages/airflow/example_dags/example_branch_day_of_week_operator.py for tasks to queue
[2024-10-13T21:20:43.101-0400] {logging_mixin.py:190} INFO - [2024-10-13T21:20:43.101-0400] {dagbag.py:588} INFO - Filling up the DagBag from /Users/karenwang/anaconda3/envs/airflow_sqlite_env/lib/python3.9/site-packages/airflow/example_dags/example_branch_day_of_week_operator.py
[2024-10-13T21:20:43.114-0400] {processor.py:925} INFO - DAG(s) 'example_weekday_branch_operator' retrieved from /Users/karenwang/anaconda3/envs/airflow_sqlite_env/lib/python3.9/site-packages/airflow/example_dags/example_branch_day_of_week_operator.py
[2024-10-13T21:20:43.307-0400] {logging_mixin.py:190} INFO - [2024-10-13T21:20:43.306-0400] {dag.py:3239} INFO - Sync 1 DAGs
[2024-10-13T21:20:43.338-0400] {logging_mixin.py:190} INFO - [2024-10-13T21:20:43.338-0400] {dag.py:4180} INFO - Setting next_dagrun for example_weekday_branch_operator to 2024-10-13 00:00:00+00:00, run_after=2024-10-14 00:00:00+00:00
[2024-10-13T21:20:43.360-0400] {processor.py:208} INFO - Processing /Users/karenwang/anaconda3/envs/airflow_sqlite_env/lib/python3.9/site-packages/airflow/example_dags/example_branch_day_of_week_operator.py took 0.267 seconds
[2024-10-13T21:28:04.562-0400] {processor.py:186} INFO - Started process (PID=53054) to work on /Users/karenwang/anaconda3/envs/airflow_sqlite_env/lib/python3.9/site-packages/airflow/example_dags/example_branch_day_of_week_operator.py
[2024-10-13T21:28:04.564-0400] {processor.py:914} INFO - Processing file /Users/karenwang/anaconda3/envs/airflow_sqlite_env/lib/python3.9/site-packages/airflow/example_dags/example_branch_day_of_week_operator.py for tasks to queue
[2024-10-13T21:28:04.566-0400] {logging_mixin.py:190} INFO - [2024-10-13T21:28:04.566-0400] {dagbag.py:588} INFO - Filling up the DagBag from /Users/karenwang/anaconda3/envs/airflow_sqlite_env/lib/python3.9/site-packages/airflow/example_dags/example_branch_day_of_week_operator.py
[2024-10-13T21:28:04.580-0400] {processor.py:925} INFO - DAG(s) 'example_weekday_branch_operator' retrieved from /Users/karenwang/anaconda3/envs/airflow_sqlite_env/lib/python3.9/site-packages/airflow/example_dags/example_branch_day_of_week_operator.py
[2024-10-13T21:28:04.785-0400] {logging_mixin.py:190} INFO - [2024-10-13T21:28:04.785-0400] {dag.py:3239} INFO - Sync 1 DAGs
[2024-10-13T21:28:04.812-0400] {logging_mixin.py:190} INFO - [2024-10-13T21:28:04.812-0400] {dag.py:4180} INFO - Setting next_dagrun for example_weekday_branch_operator to 2024-10-13 00:00:00+00:00, run_after=2024-10-14 00:00:00+00:00
[2024-10-13T21:28:04.835-0400] {processor.py:208} INFO - Processing /Users/karenwang/anaconda3/envs/airflow_sqlite_env/lib/python3.9/site-packages/airflow/example_dags/example_branch_day_of_week_operator.py took 0.279 seconds
[2024-10-13T21:36:00.331-0400] {processor.py:186} INFO - Started process (PID=55569) to work on /Users/karenwang/anaconda3/envs/airflow_sqlite_env/lib/python3.9/site-packages/airflow/example_dags/example_branch_day_of_week_operator.py
[2024-10-13T21:36:00.333-0400] {processor.py:914} INFO - Processing file /Users/karenwang/anaconda3/envs/airflow_sqlite_env/lib/python3.9/site-packages/airflow/example_dags/example_branch_day_of_week_operator.py for tasks to queue
[2024-10-13T21:36:00.335-0400] {logging_mixin.py:190} INFO - [2024-10-13T21:36:00.334-0400] {dagbag.py:588} INFO - Filling up the DagBag from /Users/karenwang/anaconda3/envs/airflow_sqlite_env/lib/python3.9/site-packages/airflow/example_dags/example_branch_day_of_week_operator.py
[2024-10-13T21:36:00.349-0400] {processor.py:925} INFO - DAG(s) 'example_weekday_branch_operator' retrieved from /Users/karenwang/anaconda3/envs/airflow_sqlite_env/lib/python3.9/site-packages/airflow/example_dags/example_branch_day_of_week_operator.py
[2024-10-13T21:36:00.555-0400] {logging_mixin.py:190} INFO - [2024-10-13T21:36:00.554-0400] {dag.py:3239} INFO - Sync 1 DAGs
[2024-10-13T21:36:00.582-0400] {logging_mixin.py:190} INFO - [2024-10-13T21:36:00.582-0400] {dag.py:4180} INFO - Setting next_dagrun for example_weekday_branch_operator to 2024-10-13 00:00:00+00:00, run_after=2024-10-14 00:00:00+00:00
[2024-10-13T21:36:00.611-0400] {processor.py:208} INFO - Processing /Users/karenwang/anaconda3/envs/airflow_sqlite_env/lib/python3.9/site-packages/airflow/example_dags/example_branch_day_of_week_operator.py took 0.285 seconds
[2024-10-13T21:43:45.779-0400] {processor.py:186} INFO - Started process (PID=57964) to work on /Users/karenwang/anaconda3/envs/airflow_sqlite_env/lib/python3.9/site-packages/airflow/example_dags/example_branch_day_of_week_operator.py
[2024-10-13T21:43:45.781-0400] {processor.py:914} INFO - Processing file /Users/karenwang/anaconda3/envs/airflow_sqlite_env/lib/python3.9/site-packages/airflow/example_dags/example_branch_day_of_week_operator.py for tasks to queue
[2024-10-13T21:43:45.782-0400] {logging_mixin.py:190} INFO - [2024-10-13T21:43:45.782-0400] {dagbag.py:588} INFO - Filling up the DagBag from /Users/karenwang/anaconda3/envs/airflow_sqlite_env/lib/python3.9/site-packages/airflow/example_dags/example_branch_day_of_week_operator.py
[2024-10-13T21:43:45.800-0400] {processor.py:925} INFO - DAG(s) 'example_weekday_branch_operator' retrieved from /Users/karenwang/anaconda3/envs/airflow_sqlite_env/lib/python3.9/site-packages/airflow/example_dags/example_branch_day_of_week_operator.py
[2024-10-13T21:43:46.024-0400] {logging_mixin.py:190} INFO - [2024-10-13T21:43:46.024-0400] {dag.py:3239} INFO - Sync 1 DAGs
[2024-10-13T21:43:46.054-0400] {logging_mixin.py:190} INFO - [2024-10-13T21:43:46.054-0400] {dag.py:4180} INFO - Setting next_dagrun for example_weekday_branch_operator to 2024-10-13 00:00:00+00:00, run_after=2024-10-14 00:00:00+00:00
[2024-10-13T21:43:46.078-0400] {processor.py:208} INFO - Processing /Users/karenwang/anaconda3/envs/airflow_sqlite_env/lib/python3.9/site-packages/airflow/example_dags/example_branch_day_of_week_operator.py took 0.305 seconds
[2024-10-13T21:51:46.438-0400] {processor.py:186} INFO - Started process (PID=60453) to work on /Users/karenwang/anaconda3/envs/airflow_sqlite_env/lib/python3.9/site-packages/airflow/example_dags/example_branch_day_of_week_operator.py
[2024-10-13T21:51:46.439-0400] {processor.py:914} INFO - Processing file /Users/karenwang/anaconda3/envs/airflow_sqlite_env/lib/python3.9/site-packages/airflow/example_dags/example_branch_day_of_week_operator.py for tasks to queue
[2024-10-13T21:51:46.441-0400] {logging_mixin.py:190} INFO - [2024-10-13T21:51:46.440-0400] {dagbag.py:588} INFO - Filling up the DagBag from /Users/karenwang/anaconda3/envs/airflow_sqlite_env/lib/python3.9/site-packages/airflow/example_dags/example_branch_day_of_week_operator.py
[2024-10-13T21:51:46.458-0400] {processor.py:925} INFO - DAG(s) 'example_weekday_branch_operator' retrieved from /Users/karenwang/anaconda3/envs/airflow_sqlite_env/lib/python3.9/site-packages/airflow/example_dags/example_branch_day_of_week_operator.py
[2024-10-13T21:51:46.696-0400] {logging_mixin.py:190} INFO - [2024-10-13T21:51:46.696-0400] {dag.py:3239} INFO - Sync 1 DAGs
[2024-10-13T21:51:46.732-0400] {logging_mixin.py:190} INFO - [2024-10-13T21:51:46.732-0400] {dag.py:4180} INFO - Setting next_dagrun for example_weekday_branch_operator to 2024-10-13 00:00:00+00:00, run_after=2024-10-14 00:00:00+00:00
[2024-10-13T21:51:46.759-0400] {processor.py:208} INFO - Processing /Users/karenwang/anaconda3/envs/airflow_sqlite_env/lib/python3.9/site-packages/airflow/example_dags/example_branch_day_of_week_operator.py took 0.327 seconds
[2024-10-13T21:59:33.564-0400] {processor.py:186} INFO - Started process (PID=62854) to work on /Users/karenwang/anaconda3/envs/airflow_sqlite_env/lib/python3.9/site-packages/airflow/example_dags/example_branch_day_of_week_operator.py
[2024-10-13T21:59:33.565-0400] {processor.py:914} INFO - Processing file /Users/karenwang/anaconda3/envs/airflow_sqlite_env/lib/python3.9/site-packages/airflow/example_dags/example_branch_day_of_week_operator.py for tasks to queue
[2024-10-13T21:59:33.567-0400] {logging_mixin.py:190} INFO - [2024-10-13T21:59:33.566-0400] {dagbag.py:588} INFO - Filling up the DagBag from /Users/karenwang/anaconda3/envs/airflow_sqlite_env/lib/python3.9/site-packages/airflow/example_dags/example_branch_day_of_week_operator.py
[2024-10-13T21:59:33.583-0400] {processor.py:925} INFO - DAG(s) 'example_weekday_branch_operator' retrieved from /Users/karenwang/anaconda3/envs/airflow_sqlite_env/lib/python3.9/site-packages/airflow/example_dags/example_branch_day_of_week_operator.py
[2024-10-13T21:59:33.822-0400] {logging_mixin.py:190} INFO - [2024-10-13T21:59:33.822-0400] {dag.py:3239} INFO - Sync 1 DAGs
[2024-10-13T21:59:33.853-0400] {logging_mixin.py:190} INFO - [2024-10-13T21:59:33.852-0400] {dag.py:4180} INFO - Setting next_dagrun for example_weekday_branch_operator to 2024-10-13 00:00:00+00:00, run_after=2024-10-14 00:00:00+00:00
[2024-10-13T21:59:33.878-0400] {processor.py:208} INFO - Processing /Users/karenwang/anaconda3/envs/airflow_sqlite_env/lib/python3.9/site-packages/airflow/example_dags/example_branch_day_of_week_operator.py took 0.320 seconds
[2024-10-13T22:07:25.554-0400] {processor.py:186} INFO - Started process (PID=65292) to work on /Users/karenwang/anaconda3/envs/airflow_sqlite_env/lib/python3.9/site-packages/airflow/example_dags/example_branch_day_of_week_operator.py
[2024-10-13T22:07:25.556-0400] {processor.py:914} INFO - Processing file /Users/karenwang/anaconda3/envs/airflow_sqlite_env/lib/python3.9/site-packages/airflow/example_dags/example_branch_day_of_week_operator.py for tasks to queue
[2024-10-13T22:07:25.557-0400] {logging_mixin.py:190} INFO - [2024-10-13T22:07:25.557-0400] {dagbag.py:588} INFO - Filling up the DagBag from /Users/karenwang/anaconda3/envs/airflow_sqlite_env/lib/python3.9/site-packages/airflow/example_dags/example_branch_day_of_week_operator.py
[2024-10-13T22:07:25.574-0400] {processor.py:925} INFO - DAG(s) 'example_weekday_branch_operator' retrieved from /Users/karenwang/anaconda3/envs/airflow_sqlite_env/lib/python3.9/site-packages/airflow/example_dags/example_branch_day_of_week_operator.py
[2024-10-13T22:07:25.785-0400] {logging_mixin.py:190} INFO - [2024-10-13T22:07:25.785-0400] {dag.py:3239} INFO - Sync 1 DAGs
[2024-10-13T22:07:25.812-0400] {logging_mixin.py:190} INFO - [2024-10-13T22:07:25.812-0400] {dag.py:4180} INFO - Setting next_dagrun for example_weekday_branch_operator to 2024-10-13 00:00:00+00:00, run_after=2024-10-14 00:00:00+00:00
[2024-10-13T22:07:25.835-0400] {processor.py:208} INFO - Processing /Users/karenwang/anaconda3/envs/airflow_sqlite_env/lib/python3.9/site-packages/airflow/example_dags/example_branch_day_of_week_operator.py took 0.287 seconds
[2024-10-13T22:15:17.280-0400] {processor.py:186} INFO - Started process (PID=67716) to work on /Users/karenwang/anaconda3/envs/airflow_sqlite_env/lib/python3.9/site-packages/airflow/example_dags/example_branch_day_of_week_operator.py
[2024-10-13T22:15:17.281-0400] {processor.py:914} INFO - Processing file /Users/karenwang/anaconda3/envs/airflow_sqlite_env/lib/python3.9/site-packages/airflow/example_dags/example_branch_day_of_week_operator.py for tasks to queue
[2024-10-13T22:15:17.282-0400] {logging_mixin.py:190} INFO - [2024-10-13T22:15:17.282-0400] {dagbag.py:588} INFO - Filling up the DagBag from /Users/karenwang/anaconda3/envs/airflow_sqlite_env/lib/python3.9/site-packages/airflow/example_dags/example_branch_day_of_week_operator.py
[2024-10-13T22:15:17.300-0400] {processor.py:925} INFO - DAG(s) 'example_weekday_branch_operator' retrieved from /Users/karenwang/anaconda3/envs/airflow_sqlite_env/lib/python3.9/site-packages/airflow/example_dags/example_branch_day_of_week_operator.py
[2024-10-13T22:15:17.523-0400] {logging_mixin.py:190} INFO - [2024-10-13T22:15:17.523-0400] {dag.py:3239} INFO - Sync 1 DAGs
[2024-10-13T22:15:17.548-0400] {logging_mixin.py:190} INFO - [2024-10-13T22:15:17.548-0400] {dag.py:4180} INFO - Setting next_dagrun for example_weekday_branch_operator to 2024-10-13 00:00:00+00:00, run_after=2024-10-14 00:00:00+00:00
[2024-10-13T22:15:17.572-0400] {processor.py:208} INFO - Processing /Users/karenwang/anaconda3/envs/airflow_sqlite_env/lib/python3.9/site-packages/airflow/example_dags/example_branch_day_of_week_operator.py took 0.299 seconds
[2024-10-13T22:23:23.204-0400] {processor.py:186} INFO - Started process (PID=70233) to work on /Users/karenwang/anaconda3/envs/airflow_sqlite_env/lib/python3.9/site-packages/airflow/example_dags/example_branch_day_of_week_operator.py
[2024-10-13T22:23:23.206-0400] {processor.py:914} INFO - Processing file /Users/karenwang/anaconda3/envs/airflow_sqlite_env/lib/python3.9/site-packages/airflow/example_dags/example_branch_day_of_week_operator.py for tasks to queue
[2024-10-13T22:23:23.207-0400] {logging_mixin.py:190} INFO - [2024-10-13T22:23:23.207-0400] {dagbag.py:588} INFO - Filling up the DagBag from /Users/karenwang/anaconda3/envs/airflow_sqlite_env/lib/python3.9/site-packages/airflow/example_dags/example_branch_day_of_week_operator.py
[2024-10-13T22:23:23.224-0400] {processor.py:925} INFO - DAG(s) 'example_weekday_branch_operator' retrieved from /Users/karenwang/anaconda3/envs/airflow_sqlite_env/lib/python3.9/site-packages/airflow/example_dags/example_branch_day_of_week_operator.py
[2024-10-13T22:23:23.446-0400] {logging_mixin.py:190} INFO - [2024-10-13T22:23:23.445-0400] {dag.py:3239} INFO - Sync 1 DAGs
[2024-10-13T22:23:23.475-0400] {logging_mixin.py:190} INFO - [2024-10-13T22:23:23.475-0400] {dag.py:4180} INFO - Setting next_dagrun for example_weekday_branch_operator to 2024-10-13 00:00:00+00:00, run_after=2024-10-14 00:00:00+00:00
[2024-10-13T22:23:23.503-0400] {processor.py:208} INFO - Processing /Users/karenwang/anaconda3/envs/airflow_sqlite_env/lib/python3.9/site-packages/airflow/example_dags/example_branch_day_of_week_operator.py took 0.305 seconds
[2024-10-13T22:37:55.612-0400] {processor.py:186} INFO - Started process (PID=75062) to work on /Users/karenwang/anaconda3/envs/airflow_sqlite_env/lib/python3.9/site-packages/airflow/example_dags/example_branch_day_of_week_operator.py
[2024-10-13T22:37:55.614-0400] {processor.py:914} INFO - Processing file /Users/karenwang/anaconda3/envs/airflow_sqlite_env/lib/python3.9/site-packages/airflow/example_dags/example_branch_day_of_week_operator.py for tasks to queue
[2024-10-13T22:37:55.615-0400] {logging_mixin.py:190} INFO - [2024-10-13T22:37:55.615-0400] {dagbag.py:588} INFO - Filling up the DagBag from /Users/karenwang/anaconda3/envs/airflow_sqlite_env/lib/python3.9/site-packages/airflow/example_dags/example_branch_day_of_week_operator.py
[2024-10-13T22:37:55.629-0400] {processor.py:925} INFO - DAG(s) 'example_weekday_branch_operator' retrieved from /Users/karenwang/anaconda3/envs/airflow_sqlite_env/lib/python3.9/site-packages/airflow/example_dags/example_branch_day_of_week_operator.py
[2024-10-13T22:37:55.842-0400] {logging_mixin.py:190} INFO - [2024-10-13T22:37:55.842-0400] {dag.py:3239} INFO - Sync 1 DAGs
[2024-10-13T22:37:55.876-0400] {logging_mixin.py:190} INFO - [2024-10-13T22:37:55.876-0400] {dag.py:4180} INFO - Setting next_dagrun for example_weekday_branch_operator to 2024-10-13 00:00:00+00:00, run_after=2024-10-14 00:00:00+00:00
[2024-10-13T22:37:55.901-0400] {processor.py:208} INFO - Processing /Users/karenwang/anaconda3/envs/airflow_sqlite_env/lib/python3.9/site-packages/airflow/example_dags/example_branch_day_of_week_operator.py took 0.295 seconds
