[2024-10-13T20:00:57.581-0400] {processor.py:186} INFO - Started process (PID=25400) to work on /Users/karenwang/anaconda3/envs/airflow_sqlite_env/lib/python3.9/site-packages/airflow/example_dags/example_trigger_target_dag.py
[2024-10-13T20:00:57.583-0400] {processor.py:914} INFO - Processing file /Users/karenwang/anaconda3/envs/airflow_sqlite_env/lib/python3.9/site-packages/airflow/example_dags/example_trigger_target_dag.py for tasks to queue
[2024-10-13T20:00:57.584-0400] {logging_mixin.py:190} INFO - [2024-10-13T20:00:57.584-0400] {dagbag.py:588} INFO - Filling up the DagBag from /Users/karenwang/anaconda3/envs/airflow_sqlite_env/lib/python3.9/site-packages/airflow/example_dags/example_trigger_target_dag.py
[2024-10-13T20:00:57.679-0400] {processor.py:925} INFO - DAG(s) 'example_trigger_target_dag' retrieved from /Users/karenwang/anaconda3/envs/airflow_sqlite_env/lib/python3.9/site-packages/airflow/example_dags/example_trigger_target_dag.py
[2024-10-13T20:00:57.849-0400] {logging_mixin.py:190} INFO - [2024-10-13T20:00:57.849-0400] {dag.py:3239} INFO - Sync 1 DAGs
[2024-10-13T20:00:57.862-0400] {logging_mixin.py:190} INFO - [2024-10-13T20:00:57.862-0400] {dag.py:4180} INFO - Setting next_dagrun for example_trigger_target_dag to None, run_after=None
[2024-10-13T20:00:57.887-0400] {processor.py:208} INFO - Processing /Users/karenwang/anaconda3/envs/airflow_sqlite_env/lib/python3.9/site-packages/airflow/example_dags/example_trigger_target_dag.py took 0.312 seconds
[2024-10-13T20:05:04.925-0400] {processor.py:186} INFO - Started process (PID=26691) to work on /Users/karenwang/anaconda3/envs/airflow_sqlite_env/lib/python3.9/site-packages/airflow/example_dags/example_trigger_target_dag.py
[2024-10-13T20:05:04.927-0400] {processor.py:914} INFO - Processing file /Users/karenwang/anaconda3/envs/airflow_sqlite_env/lib/python3.9/site-packages/airflow/example_dags/example_trigger_target_dag.py for tasks to queue
[2024-10-13T20:05:04.928-0400] {logging_mixin.py:190} INFO - [2024-10-13T20:05:04.928-0400] {dagbag.py:588} INFO - Filling up the DagBag from /Users/karenwang/anaconda3/envs/airflow_sqlite_env/lib/python3.9/site-packages/airflow/example_dags/example_trigger_target_dag.py
[2024-10-13T20:05:05.044-0400] {processor.py:925} INFO - DAG(s) 'example_trigger_target_dag' retrieved from /Users/karenwang/anaconda3/envs/airflow_sqlite_env/lib/python3.9/site-packages/airflow/example_dags/example_trigger_target_dag.py
[2024-10-13T20:05:05.203-0400] {logging_mixin.py:190} INFO - [2024-10-13T20:05:05.202-0400] {dag.py:3239} INFO - Sync 1 DAGs
[2024-10-13T20:05:05.216-0400] {logging_mixin.py:190} INFO - [2024-10-13T20:05:05.216-0400] {dag.py:4180} INFO - Setting next_dagrun for example_trigger_target_dag to None, run_after=None
[2024-10-13T20:05:05.240-0400] {processor.py:208} INFO - Processing /Users/karenwang/anaconda3/envs/airflow_sqlite_env/lib/python3.9/site-packages/airflow/example_dags/example_trigger_target_dag.py took 0.323 seconds
[2024-10-13T20:09:08.556-0400] {processor.py:186} INFO - Started process (PID=27942) to work on /Users/karenwang/anaconda3/envs/airflow_sqlite_env/lib/python3.9/site-packages/airflow/example_dags/example_trigger_target_dag.py
[2024-10-13T20:09:08.558-0400] {processor.py:914} INFO - Processing file /Users/karenwang/anaconda3/envs/airflow_sqlite_env/lib/python3.9/site-packages/airflow/example_dags/example_trigger_target_dag.py for tasks to queue
[2024-10-13T20:09:08.559-0400] {logging_mixin.py:190} INFO - [2024-10-13T20:09:08.559-0400] {dagbag.py:588} INFO - Filling up the DagBag from /Users/karenwang/anaconda3/envs/airflow_sqlite_env/lib/python3.9/site-packages/airflow/example_dags/example_trigger_target_dag.py
[2024-10-13T20:09:08.654-0400] {processor.py:925} INFO - DAG(s) 'example_trigger_target_dag' retrieved from /Users/karenwang/anaconda3/envs/airflow_sqlite_env/lib/python3.9/site-packages/airflow/example_dags/example_trigger_target_dag.py
[2024-10-13T20:09:08.818-0400] {logging_mixin.py:190} INFO - [2024-10-13T20:09:08.818-0400] {dag.py:3239} INFO - Sync 1 DAGs
[2024-10-13T20:09:08.838-0400] {logging_mixin.py:190} INFO - [2024-10-13T20:09:08.838-0400] {dag.py:4180} INFO - Setting next_dagrun for example_trigger_target_dag to None, run_after=None
[2024-10-13T20:09:08.861-0400] {processor.py:208} INFO - Processing /Users/karenwang/anaconda3/envs/airflow_sqlite_env/lib/python3.9/site-packages/airflow/example_dags/example_trigger_target_dag.py took 0.310 seconds
[2024-10-13T20:13:05.185-0400] {processor.py:186} INFO - Started process (PID=29143) to work on /Users/karenwang/anaconda3/envs/airflow_sqlite_env/lib/python3.9/site-packages/airflow/example_dags/example_trigger_target_dag.py
[2024-10-13T20:13:05.187-0400] {processor.py:914} INFO - Processing file /Users/karenwang/anaconda3/envs/airflow_sqlite_env/lib/python3.9/site-packages/airflow/example_dags/example_trigger_target_dag.py for tasks to queue
[2024-10-13T20:13:05.188-0400] {logging_mixin.py:190} INFO - [2024-10-13T20:13:05.188-0400] {dagbag.py:588} INFO - Filling up the DagBag from /Users/karenwang/anaconda3/envs/airflow_sqlite_env/lib/python3.9/site-packages/airflow/example_dags/example_trigger_target_dag.py
[2024-10-13T20:13:05.293-0400] {processor.py:925} INFO - DAG(s) 'example_trigger_target_dag' retrieved from /Users/karenwang/anaconda3/envs/airflow_sqlite_env/lib/python3.9/site-packages/airflow/example_dags/example_trigger_target_dag.py
[2024-10-13T20:13:05.487-0400] {logging_mixin.py:190} INFO - [2024-10-13T20:13:05.487-0400] {dag.py:3239} INFO - Sync 1 DAGs
[2024-10-13T20:13:05.507-0400] {logging_mixin.py:190} INFO - [2024-10-13T20:13:05.506-0400] {dag.py:4180} INFO - Setting next_dagrun for example_trigger_target_dag to None, run_after=None
[2024-10-13T20:13:05.530-0400] {processor.py:208} INFO - Processing /Users/karenwang/anaconda3/envs/airflow_sqlite_env/lib/python3.9/site-packages/airflow/example_dags/example_trigger_target_dag.py took 0.351 seconds
[2024-10-13T20:17:14.560-0400] {processor.py:186} INFO - Started process (PID=30413) to work on /Users/karenwang/anaconda3/envs/airflow_sqlite_env/lib/python3.9/site-packages/airflow/example_dags/example_trigger_target_dag.py
[2024-10-13T20:17:14.561-0400] {processor.py:914} INFO - Processing file /Users/karenwang/anaconda3/envs/airflow_sqlite_env/lib/python3.9/site-packages/airflow/example_dags/example_trigger_target_dag.py for tasks to queue
[2024-10-13T20:17:14.563-0400] {logging_mixin.py:190} INFO - [2024-10-13T20:17:14.562-0400] {dagbag.py:588} INFO - Filling up the DagBag from /Users/karenwang/anaconda3/envs/airflow_sqlite_env/lib/python3.9/site-packages/airflow/example_dags/example_trigger_target_dag.py
[2024-10-13T20:17:14.681-0400] {processor.py:925} INFO - DAG(s) 'example_trigger_target_dag' retrieved from /Users/karenwang/anaconda3/envs/airflow_sqlite_env/lib/python3.9/site-packages/airflow/example_dags/example_trigger_target_dag.py
[2024-10-13T20:17:14.850-0400] {logging_mixin.py:190} INFO - [2024-10-13T20:17:14.850-0400] {dag.py:3239} INFO - Sync 1 DAGs
[2024-10-13T20:17:14.866-0400] {logging_mixin.py:190} INFO - [2024-10-13T20:17:14.866-0400] {dag.py:4180} INFO - Setting next_dagrun for example_trigger_target_dag to None, run_after=None
[2024-10-13T20:17:14.893-0400] {processor.py:208} INFO - Processing /Users/karenwang/anaconda3/envs/airflow_sqlite_env/lib/python3.9/site-packages/airflow/example_dags/example_trigger_target_dag.py took 0.339 seconds
[2024-10-13T20:21:35.813-0400] {processor.py:186} INFO - Started process (PID=31827) to work on /Users/karenwang/anaconda3/envs/airflow_sqlite_env/lib/python3.9/site-packages/airflow/example_dags/example_trigger_target_dag.py
[2024-10-13T20:21:35.814-0400] {processor.py:914} INFO - Processing file /Users/karenwang/anaconda3/envs/airflow_sqlite_env/lib/python3.9/site-packages/airflow/example_dags/example_trigger_target_dag.py for tasks to queue
[2024-10-13T20:21:35.816-0400] {logging_mixin.py:190} INFO - [2024-10-13T20:21:35.815-0400] {dagbag.py:588} INFO - Filling up the DagBag from /Users/karenwang/anaconda3/envs/airflow_sqlite_env/lib/python3.9/site-packages/airflow/example_dags/example_trigger_target_dag.py
[2024-10-13T20:21:35.922-0400] {processor.py:925} INFO - DAG(s) 'example_trigger_target_dag' retrieved from /Users/karenwang/anaconda3/envs/airflow_sqlite_env/lib/python3.9/site-packages/airflow/example_dags/example_trigger_target_dag.py
[2024-10-13T20:21:36.091-0400] {logging_mixin.py:190} INFO - [2024-10-13T20:21:36.091-0400] {dag.py:3239} INFO - Sync 1 DAGs
[2024-10-13T20:21:36.108-0400] {logging_mixin.py:190} INFO - [2024-10-13T20:21:36.107-0400] {dag.py:4180} INFO - Setting next_dagrun for example_trigger_target_dag to None, run_after=None
[2024-10-13T20:21:36.134-0400] {processor.py:208} INFO - Processing /Users/karenwang/anaconda3/envs/airflow_sqlite_env/lib/python3.9/site-packages/airflow/example_dags/example_trigger_target_dag.py took 0.328 seconds
[2024-10-13T20:27:18.802-0400] {processor.py:186} INFO - Started process (PID=33746) to work on /Users/karenwang/anaconda3/envs/airflow_sqlite_env/lib/python3.9/site-packages/airflow/example_dags/example_trigger_target_dag.py
[2024-10-13T20:27:18.803-0400] {processor.py:914} INFO - Processing file /Users/karenwang/anaconda3/envs/airflow_sqlite_env/lib/python3.9/site-packages/airflow/example_dags/example_trigger_target_dag.py for tasks to queue
[2024-10-13T20:27:18.805-0400] {logging_mixin.py:190} INFO - [2024-10-13T20:27:18.804-0400] {dagbag.py:588} INFO - Filling up the DagBag from /Users/karenwang/anaconda3/envs/airflow_sqlite_env/lib/python3.9/site-packages/airflow/example_dags/example_trigger_target_dag.py
[2024-10-13T20:27:18.910-0400] {processor.py:925} INFO - DAG(s) 'example_trigger_target_dag' retrieved from /Users/karenwang/anaconda3/envs/airflow_sqlite_env/lib/python3.9/site-packages/airflow/example_dags/example_trigger_target_dag.py
[2024-10-13T20:27:19.053-0400] {logging_mixin.py:190} INFO - [2024-10-13T20:27:19.053-0400] {dag.py:3239} INFO - Sync 1 DAGs
[2024-10-13T20:27:19.066-0400] {logging_mixin.py:190} INFO - [2024-10-13T20:27:19.065-0400] {dag.py:4180} INFO - Setting next_dagrun for example_trigger_target_dag to None, run_after=None
[2024-10-13T20:27:19.089-0400] {processor.py:208} INFO - Processing /Users/karenwang/anaconda3/envs/airflow_sqlite_env/lib/python3.9/site-packages/airflow/example_dags/example_trigger_target_dag.py took 0.294 seconds
[2024-10-13T20:31:53.268-0400] {processor.py:186} INFO - Started process (PID=35290) to work on /Users/karenwang/anaconda3/envs/airflow_sqlite_env/lib/python3.9/site-packages/airflow/example_dags/example_trigger_target_dag.py
[2024-10-13T20:31:53.269-0400] {processor.py:914} INFO - Processing file /Users/karenwang/anaconda3/envs/airflow_sqlite_env/lib/python3.9/site-packages/airflow/example_dags/example_trigger_target_dag.py for tasks to queue
[2024-10-13T20:31:53.271-0400] {logging_mixin.py:190} INFO - [2024-10-13T20:31:53.271-0400] {dagbag.py:588} INFO - Filling up the DagBag from /Users/karenwang/anaconda3/envs/airflow_sqlite_env/lib/python3.9/site-packages/airflow/example_dags/example_trigger_target_dag.py
[2024-10-13T20:31:53.366-0400] {processor.py:925} INFO - DAG(s) 'example_trigger_target_dag' retrieved from /Users/karenwang/anaconda3/envs/airflow_sqlite_env/lib/python3.9/site-packages/airflow/example_dags/example_trigger_target_dag.py
[2024-10-13T20:31:53.508-0400] {logging_mixin.py:190} INFO - [2024-10-13T20:31:53.507-0400] {dag.py:3239} INFO - Sync 1 DAGs
[2024-10-13T20:31:53.526-0400] {logging_mixin.py:190} INFO - [2024-10-13T20:31:53.525-0400] {dag.py:4180} INFO - Setting next_dagrun for example_trigger_target_dag to None, run_after=None
[2024-10-13T20:31:53.548-0400] {processor.py:208} INFO - Processing /Users/karenwang/anaconda3/envs/airflow_sqlite_env/lib/python3.9/site-packages/airflow/example_dags/example_trigger_target_dag.py took 0.287 seconds
[2024-10-13T20:35:34.105-0400] {processor.py:186} INFO - Started process (PID=36429) to work on /Users/karenwang/anaconda3/envs/airflow_sqlite_env/lib/python3.9/site-packages/airflow/example_dags/example_trigger_target_dag.py
[2024-10-13T20:35:34.107-0400] {processor.py:914} INFO - Processing file /Users/karenwang/anaconda3/envs/airflow_sqlite_env/lib/python3.9/site-packages/airflow/example_dags/example_trigger_target_dag.py for tasks to queue
[2024-10-13T20:35:34.109-0400] {logging_mixin.py:190} INFO - [2024-10-13T20:35:34.108-0400] {dagbag.py:588} INFO - Filling up the DagBag from /Users/karenwang/anaconda3/envs/airflow_sqlite_env/lib/python3.9/site-packages/airflow/example_dags/example_trigger_target_dag.py
[2024-10-13T20:35:34.200-0400] {processor.py:925} INFO - DAG(s) 'example_trigger_target_dag' retrieved from /Users/karenwang/anaconda3/envs/airflow_sqlite_env/lib/python3.9/site-packages/airflow/example_dags/example_trigger_target_dag.py
[2024-10-13T20:35:34.350-0400] {logging_mixin.py:190} INFO - [2024-10-13T20:35:34.350-0400] {dag.py:3239} INFO - Sync 1 DAGs
[2024-10-13T20:35:34.369-0400] {logging_mixin.py:190} INFO - [2024-10-13T20:35:34.368-0400] {dag.py:4180} INFO - Setting next_dagrun for example_trigger_target_dag to None, run_after=None
[2024-10-13T20:35:34.394-0400] {processor.py:208} INFO - Processing /Users/karenwang/anaconda3/envs/airflow_sqlite_env/lib/python3.9/site-packages/airflow/example_dags/example_trigger_target_dag.py took 0.294 seconds
[2024-10-13T20:39:13.608-0400] {processor.py:186} INFO - Started process (PID=37580) to work on /Users/karenwang/anaconda3/envs/airflow_sqlite_env/lib/python3.9/site-packages/airflow/example_dags/example_trigger_target_dag.py
[2024-10-13T20:39:13.609-0400] {processor.py:914} INFO - Processing file /Users/karenwang/anaconda3/envs/airflow_sqlite_env/lib/python3.9/site-packages/airflow/example_dags/example_trigger_target_dag.py for tasks to queue
[2024-10-13T20:39:13.611-0400] {logging_mixin.py:190} INFO - [2024-10-13T20:39:13.610-0400] {dagbag.py:588} INFO - Filling up the DagBag from /Users/karenwang/anaconda3/envs/airflow_sqlite_env/lib/python3.9/site-packages/airflow/example_dags/example_trigger_target_dag.py
[2024-10-13T20:39:13.712-0400] {processor.py:925} INFO - DAG(s) 'example_trigger_target_dag' retrieved from /Users/karenwang/anaconda3/envs/airflow_sqlite_env/lib/python3.9/site-packages/airflow/example_dags/example_trigger_target_dag.py
[2024-10-13T20:39:13.864-0400] {logging_mixin.py:190} INFO - [2024-10-13T20:39:13.864-0400] {dag.py:3239} INFO - Sync 1 DAGs
[2024-10-13T20:39:13.878-0400] {logging_mixin.py:190} INFO - [2024-10-13T20:39:13.878-0400] {dag.py:4180} INFO - Setting next_dagrun for example_trigger_target_dag to None, run_after=None
[2024-10-13T20:39:13.900-0400] {processor.py:208} INFO - Processing /Users/karenwang/anaconda3/envs/airflow_sqlite_env/lib/python3.9/site-packages/airflow/example_dags/example_trigger_target_dag.py took 0.298 seconds
[2024-10-13T20:42:53.163-0400] {processor.py:186} INFO - Started process (PID=38717) to work on /Users/karenwang/anaconda3/envs/airflow_sqlite_env/lib/python3.9/site-packages/airflow/example_dags/example_trigger_target_dag.py
[2024-10-13T20:42:53.164-0400] {processor.py:914} INFO - Processing file /Users/karenwang/anaconda3/envs/airflow_sqlite_env/lib/python3.9/site-packages/airflow/example_dags/example_trigger_target_dag.py for tasks to queue
[2024-10-13T20:42:53.166-0400] {logging_mixin.py:190} INFO - [2024-10-13T20:42:53.166-0400] {dagbag.py:588} INFO - Filling up the DagBag from /Users/karenwang/anaconda3/envs/airflow_sqlite_env/lib/python3.9/site-packages/airflow/example_dags/example_trigger_target_dag.py
[2024-10-13T20:42:53.257-0400] {processor.py:925} INFO - DAG(s) 'example_trigger_target_dag' retrieved from /Users/karenwang/anaconda3/envs/airflow_sqlite_env/lib/python3.9/site-packages/airflow/example_dags/example_trigger_target_dag.py
[2024-10-13T20:42:53.408-0400] {logging_mixin.py:190} INFO - [2024-10-13T20:42:53.408-0400] {dag.py:3239} INFO - Sync 1 DAGs
[2024-10-13T20:42:53.420-0400] {logging_mixin.py:190} INFO - [2024-10-13T20:42:53.420-0400] {dag.py:4180} INFO - Setting next_dagrun for example_trigger_target_dag to None, run_after=None
[2024-10-13T20:42:53.440-0400] {processor.py:208} INFO - Processing /Users/karenwang/anaconda3/envs/airflow_sqlite_env/lib/python3.9/site-packages/airflow/example_dags/example_trigger_target_dag.py took 0.283 seconds
[2024-10-13T20:46:32.157-0400] {processor.py:186} INFO - Started process (PID=39851) to work on /Users/karenwang/anaconda3/envs/airflow_sqlite_env/lib/python3.9/site-packages/airflow/example_dags/example_trigger_target_dag.py
[2024-10-13T20:46:32.159-0400] {processor.py:914} INFO - Processing file /Users/karenwang/anaconda3/envs/airflow_sqlite_env/lib/python3.9/site-packages/airflow/example_dags/example_trigger_target_dag.py for tasks to queue
[2024-10-13T20:46:32.160-0400] {logging_mixin.py:190} INFO - [2024-10-13T20:46:32.160-0400] {dagbag.py:588} INFO - Filling up the DagBag from /Users/karenwang/anaconda3/envs/airflow_sqlite_env/lib/python3.9/site-packages/airflow/example_dags/example_trigger_target_dag.py
[2024-10-13T20:46:32.252-0400] {processor.py:925} INFO - DAG(s) 'example_trigger_target_dag' retrieved from /Users/karenwang/anaconda3/envs/airflow_sqlite_env/lib/python3.9/site-packages/airflow/example_dags/example_trigger_target_dag.py
[2024-10-13T20:46:32.389-0400] {logging_mixin.py:190} INFO - [2024-10-13T20:46:32.389-0400] {dag.py:3239} INFO - Sync 1 DAGs
[2024-10-13T20:46:32.403-0400] {logging_mixin.py:190} INFO - [2024-10-13T20:46:32.402-0400] {dag.py:4180} INFO - Setting next_dagrun for example_trigger_target_dag to None, run_after=None
[2024-10-13T20:46:32.424-0400] {processor.py:208} INFO - Processing /Users/karenwang/anaconda3/envs/airflow_sqlite_env/lib/python3.9/site-packages/airflow/example_dags/example_trigger_target_dag.py took 0.272 seconds
[2024-10-13T20:50:11.979-0400] {processor.py:186} INFO - Started process (PID=40990) to work on /Users/karenwang/anaconda3/envs/airflow_sqlite_env/lib/python3.9/site-packages/airflow/example_dags/example_trigger_target_dag.py
[2024-10-13T20:50:11.980-0400] {processor.py:914} INFO - Processing file /Users/karenwang/anaconda3/envs/airflow_sqlite_env/lib/python3.9/site-packages/airflow/example_dags/example_trigger_target_dag.py for tasks to queue
[2024-10-13T20:50:11.982-0400] {logging_mixin.py:190} INFO - [2024-10-13T20:50:11.981-0400] {dagbag.py:588} INFO - Filling up the DagBag from /Users/karenwang/anaconda3/envs/airflow_sqlite_env/lib/python3.9/site-packages/airflow/example_dags/example_trigger_target_dag.py
[2024-10-13T20:50:12.073-0400] {processor.py:925} INFO - DAG(s) 'example_trigger_target_dag' retrieved from /Users/karenwang/anaconda3/envs/airflow_sqlite_env/lib/python3.9/site-packages/airflow/example_dags/example_trigger_target_dag.py
[2024-10-13T20:50:12.232-0400] {logging_mixin.py:190} INFO - [2024-10-13T20:50:12.232-0400] {dag.py:3239} INFO - Sync 1 DAGs
[2024-10-13T20:50:12.246-0400] {logging_mixin.py:190} INFO - [2024-10-13T20:50:12.246-0400] {dag.py:4180} INFO - Setting next_dagrun for example_trigger_target_dag to None, run_after=None
[2024-10-13T20:50:12.271-0400] {processor.py:208} INFO - Processing /Users/karenwang/anaconda3/envs/airflow_sqlite_env/lib/python3.9/site-packages/airflow/example_dags/example_trigger_target_dag.py took 0.299 seconds
[2024-10-13T20:53:50.414-0400] {processor.py:186} INFO - Started process (PID=42128) to work on /Users/karenwang/anaconda3/envs/airflow_sqlite_env/lib/python3.9/site-packages/airflow/example_dags/example_trigger_target_dag.py
[2024-10-13T20:53:50.416-0400] {processor.py:914} INFO - Processing file /Users/karenwang/anaconda3/envs/airflow_sqlite_env/lib/python3.9/site-packages/airflow/example_dags/example_trigger_target_dag.py for tasks to queue
[2024-10-13T20:53:50.416-0400] {logging_mixin.py:190} INFO - [2024-10-13T20:53:50.416-0400] {dagbag.py:588} INFO - Filling up the DagBag from /Users/karenwang/anaconda3/envs/airflow_sqlite_env/lib/python3.9/site-packages/airflow/example_dags/example_trigger_target_dag.py
[2024-10-13T20:53:50.507-0400] {processor.py:925} INFO - DAG(s) 'example_trigger_target_dag' retrieved from /Users/karenwang/anaconda3/envs/airflow_sqlite_env/lib/python3.9/site-packages/airflow/example_dags/example_trigger_target_dag.py
[2024-10-13T20:53:50.651-0400] {logging_mixin.py:190} INFO - [2024-10-13T20:53:50.650-0400] {dag.py:3239} INFO - Sync 1 DAGs
[2024-10-13T20:53:50.664-0400] {logging_mixin.py:190} INFO - [2024-10-13T20:53:50.663-0400] {dag.py:4180} INFO - Setting next_dagrun for example_trigger_target_dag to None, run_after=None
[2024-10-13T20:53:50.682-0400] {processor.py:208} INFO - Processing /Users/karenwang/anaconda3/envs/airflow_sqlite_env/lib/python3.9/site-packages/airflow/example_dags/example_trigger_target_dag.py took 0.274 seconds
[2024-10-13T20:57:31.930-0400] {processor.py:186} INFO - Started process (PID=43273) to work on /Users/karenwang/anaconda3/envs/airflow_sqlite_env/lib/python3.9/site-packages/airflow/example_dags/example_trigger_target_dag.py
[2024-10-13T20:57:31.932-0400] {processor.py:914} INFO - Processing file /Users/karenwang/anaconda3/envs/airflow_sqlite_env/lib/python3.9/site-packages/airflow/example_dags/example_trigger_target_dag.py for tasks to queue
[2024-10-13T20:57:31.933-0400] {logging_mixin.py:190} INFO - [2024-10-13T20:57:31.933-0400] {dagbag.py:588} INFO - Filling up the DagBag from /Users/karenwang/anaconda3/envs/airflow_sqlite_env/lib/python3.9/site-packages/airflow/example_dags/example_trigger_target_dag.py
[2024-10-13T20:57:32.029-0400] {processor.py:925} INFO - DAG(s) 'example_trigger_target_dag' retrieved from /Users/karenwang/anaconda3/envs/airflow_sqlite_env/lib/python3.9/site-packages/airflow/example_dags/example_trigger_target_dag.py
[2024-10-13T20:57:32.155-0400] {logging_mixin.py:190} INFO - [2024-10-13T20:57:32.155-0400] {dag.py:3239} INFO - Sync 1 DAGs
[2024-10-13T20:57:32.174-0400] {logging_mixin.py:190} INFO - [2024-10-13T20:57:32.174-0400] {dag.py:4180} INFO - Setting next_dagrun for example_trigger_target_dag to None, run_after=None
[2024-10-13T20:57:32.200-0400] {processor.py:208} INFO - Processing /Users/karenwang/anaconda3/envs/airflow_sqlite_env/lib/python3.9/site-packages/airflow/example_dags/example_trigger_target_dag.py took 0.276 seconds
[2024-10-13T21:01:11.520-0400] {processor.py:186} INFO - Started process (PID=44409) to work on /Users/karenwang/anaconda3/envs/airflow_sqlite_env/lib/python3.9/site-packages/airflow/example_dags/example_trigger_target_dag.py
[2024-10-13T21:01:11.521-0400] {processor.py:914} INFO - Processing file /Users/karenwang/anaconda3/envs/airflow_sqlite_env/lib/python3.9/site-packages/airflow/example_dags/example_trigger_target_dag.py for tasks to queue
[2024-10-13T21:01:11.523-0400] {logging_mixin.py:190} INFO - [2024-10-13T21:01:11.522-0400] {dagbag.py:588} INFO - Filling up the DagBag from /Users/karenwang/anaconda3/envs/airflow_sqlite_env/lib/python3.9/site-packages/airflow/example_dags/example_trigger_target_dag.py
[2024-10-13T21:01:11.614-0400] {processor.py:925} INFO - DAG(s) 'example_trigger_target_dag' retrieved from /Users/karenwang/anaconda3/envs/airflow_sqlite_env/lib/python3.9/site-packages/airflow/example_dags/example_trigger_target_dag.py
[2024-10-13T21:01:11.768-0400] {logging_mixin.py:190} INFO - [2024-10-13T21:01:11.767-0400] {dag.py:3239} INFO - Sync 1 DAGs
[2024-10-13T21:01:11.783-0400] {logging_mixin.py:190} INFO - [2024-10-13T21:01:11.783-0400] {dag.py:4180} INFO - Setting next_dagrun for example_trigger_target_dag to None, run_after=None
[2024-10-13T21:01:11.804-0400] {processor.py:208} INFO - Processing /Users/karenwang/anaconda3/envs/airflow_sqlite_env/lib/python3.9/site-packages/airflow/example_dags/example_trigger_target_dag.py took 0.291 seconds
[2024-10-13T21:04:51.392-0400] {processor.py:186} INFO - Started process (PID=45545) to work on /Users/karenwang/anaconda3/envs/airflow_sqlite_env/lib/python3.9/site-packages/airflow/example_dags/example_trigger_target_dag.py
[2024-10-13T21:04:51.394-0400] {processor.py:914} INFO - Processing file /Users/karenwang/anaconda3/envs/airflow_sqlite_env/lib/python3.9/site-packages/airflow/example_dags/example_trigger_target_dag.py for tasks to queue
[2024-10-13T21:04:51.395-0400] {logging_mixin.py:190} INFO - [2024-10-13T21:04:51.395-0400] {dagbag.py:588} INFO - Filling up the DagBag from /Users/karenwang/anaconda3/envs/airflow_sqlite_env/lib/python3.9/site-packages/airflow/example_dags/example_trigger_target_dag.py
[2024-10-13T21:04:51.482-0400] {processor.py:925} INFO - DAG(s) 'example_trigger_target_dag' retrieved from /Users/karenwang/anaconda3/envs/airflow_sqlite_env/lib/python3.9/site-packages/airflow/example_dags/example_trigger_target_dag.py
[2024-10-13T21:04:51.626-0400] {logging_mixin.py:190} INFO - [2024-10-13T21:04:51.626-0400] {dag.py:3239} INFO - Sync 1 DAGs
[2024-10-13T21:04:51.639-0400] {logging_mixin.py:190} INFO - [2024-10-13T21:04:51.638-0400] {dag.py:4180} INFO - Setting next_dagrun for example_trigger_target_dag to None, run_after=None
[2024-10-13T21:04:51.660-0400] {processor.py:208} INFO - Processing /Users/karenwang/anaconda3/envs/airflow_sqlite_env/lib/python3.9/site-packages/airflow/example_dags/example_trigger_target_dag.py took 0.274 seconds
[2024-10-13T21:10:16.609-0400] {processor.py:186} INFO - Started process (PID=47309) to work on /Users/karenwang/anaconda3/envs/airflow_sqlite_env/lib/python3.9/site-packages/airflow/example_dags/example_trigger_target_dag.py
[2024-10-13T21:10:16.611-0400] {processor.py:914} INFO - Processing file /Users/karenwang/anaconda3/envs/airflow_sqlite_env/lib/python3.9/site-packages/airflow/example_dags/example_trigger_target_dag.py for tasks to queue
[2024-10-13T21:10:16.612-0400] {logging_mixin.py:190} INFO - [2024-10-13T21:10:16.612-0400] {dagbag.py:588} INFO - Filling up the DagBag from /Users/karenwang/anaconda3/envs/airflow_sqlite_env/lib/python3.9/site-packages/airflow/example_dags/example_trigger_target_dag.py
[2024-10-13T21:10:16.708-0400] {processor.py:925} INFO - DAG(s) 'example_trigger_target_dag' retrieved from /Users/karenwang/anaconda3/envs/airflow_sqlite_env/lib/python3.9/site-packages/airflow/example_dags/example_trigger_target_dag.py
[2024-10-13T21:10:16.871-0400] {logging_mixin.py:190} INFO - [2024-10-13T21:10:16.871-0400] {dag.py:3239} INFO - Sync 1 DAGs
[2024-10-13T21:10:16.891-0400] {logging_mixin.py:190} INFO - [2024-10-13T21:10:16.891-0400] {dag.py:4180} INFO - Setting next_dagrun for example_trigger_target_dag to None, run_after=None
[2024-10-13T21:10:16.914-0400] {processor.py:208} INFO - Processing /Users/karenwang/anaconda3/envs/airflow_sqlite_env/lib/python3.9/site-packages/airflow/example_dags/example_trigger_target_dag.py took 0.310 seconds
[2024-10-13T21:14:47.239-0400] {processor.py:186} INFO - Started process (PID=48776) to work on /Users/karenwang/anaconda3/envs/airflow_sqlite_env/lib/python3.9/site-packages/airflow/example_dags/example_trigger_target_dag.py
[2024-10-13T21:14:47.240-0400] {processor.py:914} INFO - Processing file /Users/karenwang/anaconda3/envs/airflow_sqlite_env/lib/python3.9/site-packages/airflow/example_dags/example_trigger_target_dag.py for tasks to queue
[2024-10-13T21:14:47.242-0400] {logging_mixin.py:190} INFO - [2024-10-13T21:14:47.242-0400] {dagbag.py:588} INFO - Filling up the DagBag from /Users/karenwang/anaconda3/envs/airflow_sqlite_env/lib/python3.9/site-packages/airflow/example_dags/example_trigger_target_dag.py
[2024-10-13T21:14:47.341-0400] {processor.py:925} INFO - DAG(s) 'example_trigger_target_dag' retrieved from /Users/karenwang/anaconda3/envs/airflow_sqlite_env/lib/python3.9/site-packages/airflow/example_dags/example_trigger_target_dag.py
[2024-10-13T21:14:47.526-0400] {logging_mixin.py:190} INFO - [2024-10-13T21:14:47.525-0400] {dag.py:3239} INFO - Sync 1 DAGs
[2024-10-13T21:14:47.540-0400] {logging_mixin.py:190} INFO - [2024-10-13T21:14:47.540-0400] {dag.py:4180} INFO - Setting next_dagrun for example_trigger_target_dag to None, run_after=None
[2024-10-13T21:14:47.565-0400] {processor.py:208} INFO - Processing /Users/karenwang/anaconda3/envs/airflow_sqlite_env/lib/python3.9/site-packages/airflow/example_dags/example_trigger_target_dag.py took 0.332 seconds
[2024-10-13T21:18:42.553-0400] {processor.py:186} INFO - Started process (PID=50158) to work on /Users/karenwang/anaconda3/envs/airflow_sqlite_env/lib/python3.9/site-packages/airflow/example_dags/example_trigger_target_dag.py
[2024-10-13T21:18:42.555-0400] {processor.py:914} INFO - Processing file /Users/karenwang/anaconda3/envs/airflow_sqlite_env/lib/python3.9/site-packages/airflow/example_dags/example_trigger_target_dag.py for tasks to queue
[2024-10-13T21:18:42.556-0400] {logging_mixin.py:190} INFO - [2024-10-13T21:18:42.556-0400] {dagbag.py:588} INFO - Filling up the DagBag from /Users/karenwang/anaconda3/envs/airflow_sqlite_env/lib/python3.9/site-packages/airflow/example_dags/example_trigger_target_dag.py
[2024-10-13T21:18:42.650-0400] {processor.py:925} INFO - DAG(s) 'example_trigger_target_dag' retrieved from /Users/karenwang/anaconda3/envs/airflow_sqlite_env/lib/python3.9/site-packages/airflow/example_dags/example_trigger_target_dag.py
[2024-10-13T21:18:42.791-0400] {logging_mixin.py:190} INFO - [2024-10-13T21:18:42.790-0400] {dag.py:3239} INFO - Sync 1 DAGs
[2024-10-13T21:18:42.819-0400] {logging_mixin.py:190} INFO - [2024-10-13T21:18:42.818-0400] {dag.py:4180} INFO - Setting next_dagrun for example_trigger_target_dag to None, run_after=None
[2024-10-13T21:18:42.843-0400] {processor.py:208} INFO - Processing /Users/karenwang/anaconda3/envs/airflow_sqlite_env/lib/python3.9/site-packages/airflow/example_dags/example_trigger_target_dag.py took 0.296 seconds
[2024-10-13T21:22:22.588-0400] {processor.py:186} INFO - Started process (PID=51299) to work on /Users/karenwang/anaconda3/envs/airflow_sqlite_env/lib/python3.9/site-packages/airflow/example_dags/example_trigger_target_dag.py
[2024-10-13T21:22:22.590-0400] {processor.py:914} INFO - Processing file /Users/karenwang/anaconda3/envs/airflow_sqlite_env/lib/python3.9/site-packages/airflow/example_dags/example_trigger_target_dag.py for tasks to queue
[2024-10-13T21:22:22.591-0400] {logging_mixin.py:190} INFO - [2024-10-13T21:22:22.591-0400] {dagbag.py:588} INFO - Filling up the DagBag from /Users/karenwang/anaconda3/envs/airflow_sqlite_env/lib/python3.9/site-packages/airflow/example_dags/example_trigger_target_dag.py
[2024-10-13T21:22:22.683-0400] {processor.py:925} INFO - DAG(s) 'example_trigger_target_dag' retrieved from /Users/karenwang/anaconda3/envs/airflow_sqlite_env/lib/python3.9/site-packages/airflow/example_dags/example_trigger_target_dag.py
[2024-10-13T21:22:22.834-0400] {logging_mixin.py:190} INFO - [2024-10-13T21:22:22.833-0400] {dag.py:3239} INFO - Sync 1 DAGs
[2024-10-13T21:22:22.851-0400] {logging_mixin.py:190} INFO - [2024-10-13T21:22:22.851-0400] {dag.py:4180} INFO - Setting next_dagrun for example_trigger_target_dag to None, run_after=None
[2024-10-13T21:22:22.873-0400] {processor.py:208} INFO - Processing /Users/karenwang/anaconda3/envs/airflow_sqlite_env/lib/python3.9/site-packages/airflow/example_dags/example_trigger_target_dag.py took 0.290 seconds
[2024-10-13T21:26:02.901-0400] {processor.py:186} INFO - Started process (PID=52436) to work on /Users/karenwang/anaconda3/envs/airflow_sqlite_env/lib/python3.9/site-packages/airflow/example_dags/example_trigger_target_dag.py
[2024-10-13T21:26:02.902-0400] {processor.py:914} INFO - Processing file /Users/karenwang/anaconda3/envs/airflow_sqlite_env/lib/python3.9/site-packages/airflow/example_dags/example_trigger_target_dag.py for tasks to queue
[2024-10-13T21:26:02.904-0400] {logging_mixin.py:190} INFO - [2024-10-13T21:26:02.904-0400] {dagbag.py:588} INFO - Filling up the DagBag from /Users/karenwang/anaconda3/envs/airflow_sqlite_env/lib/python3.9/site-packages/airflow/example_dags/example_trigger_target_dag.py
[2024-10-13T21:26:02.997-0400] {processor.py:925} INFO - DAG(s) 'example_trigger_target_dag' retrieved from /Users/karenwang/anaconda3/envs/airflow_sqlite_env/lib/python3.9/site-packages/airflow/example_dags/example_trigger_target_dag.py
[2024-10-13T21:26:03.142-0400] {logging_mixin.py:190} INFO - [2024-10-13T21:26:03.141-0400] {dag.py:3239} INFO - Sync 1 DAGs
[2024-10-13T21:26:03.161-0400] {logging_mixin.py:190} INFO - [2024-10-13T21:26:03.161-0400] {dag.py:4180} INFO - Setting next_dagrun for example_trigger_target_dag to None, run_after=None
[2024-10-13T21:26:03.183-0400] {processor.py:208} INFO - Processing /Users/karenwang/anaconda3/envs/airflow_sqlite_env/lib/python3.9/site-packages/airflow/example_dags/example_trigger_target_dag.py took 0.288 seconds
[2024-10-13T21:29:52.967-0400] {processor.py:186} INFO - Started process (PID=53645) to work on /Users/karenwang/anaconda3/envs/airflow_sqlite_env/lib/python3.9/site-packages/airflow/example_dags/example_trigger_target_dag.py
[2024-10-13T21:29:52.968-0400] {processor.py:914} INFO - Processing file /Users/karenwang/anaconda3/envs/airflow_sqlite_env/lib/python3.9/site-packages/airflow/example_dags/example_trigger_target_dag.py for tasks to queue
[2024-10-13T21:29:52.970-0400] {logging_mixin.py:190} INFO - [2024-10-13T21:29:52.970-0400] {dagbag.py:588} INFO - Filling up the DagBag from /Users/karenwang/anaconda3/envs/airflow_sqlite_env/lib/python3.9/site-packages/airflow/example_dags/example_trigger_target_dag.py
[2024-10-13T21:29:53.053-0400] {processor.py:925} INFO - DAG(s) 'example_trigger_target_dag' retrieved from /Users/karenwang/anaconda3/envs/airflow_sqlite_env/lib/python3.9/site-packages/airflow/example_dags/example_trigger_target_dag.py
[2024-10-13T21:29:53.189-0400] {logging_mixin.py:190} INFO - [2024-10-13T21:29:53.189-0400] {dag.py:3239} INFO - Sync 1 DAGs
[2024-10-13T21:29:53.205-0400] {logging_mixin.py:190} INFO - [2024-10-13T21:29:53.205-0400] {dag.py:4180} INFO - Setting next_dagrun for example_trigger_target_dag to None, run_after=None
[2024-10-13T21:29:53.228-0400] {processor.py:208} INFO - Processing /Users/karenwang/anaconda3/envs/airflow_sqlite_env/lib/python3.9/site-packages/airflow/example_dags/example_trigger_target_dag.py took 0.268 seconds
[2024-10-13T21:33:52.549-0400] {processor.py:186} INFO - Started process (PID=54879) to work on /Users/karenwang/anaconda3/envs/airflow_sqlite_env/lib/python3.9/site-packages/airflow/example_dags/example_trigger_target_dag.py
[2024-10-13T21:33:52.551-0400] {processor.py:914} INFO - Processing file /Users/karenwang/anaconda3/envs/airflow_sqlite_env/lib/python3.9/site-packages/airflow/example_dags/example_trigger_target_dag.py for tasks to queue
[2024-10-13T21:33:52.552-0400] {logging_mixin.py:190} INFO - [2024-10-13T21:33:52.552-0400] {dagbag.py:588} INFO - Filling up the DagBag from /Users/karenwang/anaconda3/envs/airflow_sqlite_env/lib/python3.9/site-packages/airflow/example_dags/example_trigger_target_dag.py
[2024-10-13T21:33:52.643-0400] {processor.py:925} INFO - DAG(s) 'example_trigger_target_dag' retrieved from /Users/karenwang/anaconda3/envs/airflow_sqlite_env/lib/python3.9/site-packages/airflow/example_dags/example_trigger_target_dag.py
[2024-10-13T21:33:52.803-0400] {logging_mixin.py:190} INFO - [2024-10-13T21:33:52.803-0400] {dag.py:3239} INFO - Sync 1 DAGs
[2024-10-13T21:33:52.818-0400] {logging_mixin.py:190} INFO - [2024-10-13T21:33:52.817-0400] {dag.py:4180} INFO - Setting next_dagrun for example_trigger_target_dag to None, run_after=None
[2024-10-13T21:33:52.842-0400] {processor.py:208} INFO - Processing /Users/karenwang/anaconda3/envs/airflow_sqlite_env/lib/python3.9/site-packages/airflow/example_dags/example_trigger_target_dag.py took 0.299 seconds
[2024-10-13T21:37:44.815-0400] {processor.py:186} INFO - Started process (PID=56116) to work on /Users/karenwang/anaconda3/envs/airflow_sqlite_env/lib/python3.9/site-packages/airflow/example_dags/example_trigger_target_dag.py
[2024-10-13T21:37:44.816-0400] {processor.py:914} INFO - Processing file /Users/karenwang/anaconda3/envs/airflow_sqlite_env/lib/python3.9/site-packages/airflow/example_dags/example_trigger_target_dag.py for tasks to queue
[2024-10-13T21:37:44.819-0400] {logging_mixin.py:190} INFO - [2024-10-13T21:37:44.819-0400] {dagbag.py:588} INFO - Filling up the DagBag from /Users/karenwang/anaconda3/envs/airflow_sqlite_env/lib/python3.9/site-packages/airflow/example_dags/example_trigger_target_dag.py
[2024-10-13T21:37:44.928-0400] {processor.py:925} INFO - DAG(s) 'example_trigger_target_dag' retrieved from /Users/karenwang/anaconda3/envs/airflow_sqlite_env/lib/python3.9/site-packages/airflow/example_dags/example_trigger_target_dag.py
[2024-10-13T21:37:45.083-0400] {logging_mixin.py:190} INFO - [2024-10-13T21:37:45.083-0400] {dag.py:3239} INFO - Sync 1 DAGs
[2024-10-13T21:37:45.102-0400] {logging_mixin.py:190} INFO - [2024-10-13T21:37:45.101-0400] {dag.py:4180} INFO - Setting next_dagrun for example_trigger_target_dag to None, run_after=None
[2024-10-13T21:37:45.129-0400] {processor.py:208} INFO - Processing /Users/karenwang/anaconda3/envs/airflow_sqlite_env/lib/python3.9/site-packages/airflow/example_dags/example_trigger_target_dag.py took 0.319 seconds
[2024-10-13T21:41:40.233-0400] {processor.py:186} INFO - Started process (PID=57329) to work on /Users/karenwang/anaconda3/envs/airflow_sqlite_env/lib/python3.9/site-packages/airflow/example_dags/example_trigger_target_dag.py
[2024-10-13T21:41:40.234-0400] {processor.py:914} INFO - Processing file /Users/karenwang/anaconda3/envs/airflow_sqlite_env/lib/python3.9/site-packages/airflow/example_dags/example_trigger_target_dag.py for tasks to queue
[2024-10-13T21:41:40.235-0400] {logging_mixin.py:190} INFO - [2024-10-13T21:41:40.235-0400] {dagbag.py:588} INFO - Filling up the DagBag from /Users/karenwang/anaconda3/envs/airflow_sqlite_env/lib/python3.9/site-packages/airflow/example_dags/example_trigger_target_dag.py
[2024-10-13T21:41:40.331-0400] {processor.py:925} INFO - DAG(s) 'example_trigger_target_dag' retrieved from /Users/karenwang/anaconda3/envs/airflow_sqlite_env/lib/python3.9/site-packages/airflow/example_dags/example_trigger_target_dag.py
[2024-10-13T21:41:40.478-0400] {logging_mixin.py:190} INFO - [2024-10-13T21:41:40.477-0400] {dag.py:3239} INFO - Sync 1 DAGs
[2024-10-13T21:41:40.494-0400] {logging_mixin.py:190} INFO - [2024-10-13T21:41:40.494-0400] {dag.py:4180} INFO - Setting next_dagrun for example_trigger_target_dag to None, run_after=None
[2024-10-13T21:41:40.518-0400] {processor.py:208} INFO - Processing /Users/karenwang/anaconda3/envs/airflow_sqlite_env/lib/python3.9/site-packages/airflow/example_dags/example_trigger_target_dag.py took 0.291 seconds
[2024-10-13T21:45:31.697-0400] {processor.py:186} INFO - Started process (PID=58508) to work on /Users/karenwang/anaconda3/envs/airflow_sqlite_env/lib/python3.9/site-packages/airflow/example_dags/example_trigger_target_dag.py
[2024-10-13T21:45:31.699-0400] {processor.py:914} INFO - Processing file /Users/karenwang/anaconda3/envs/airflow_sqlite_env/lib/python3.9/site-packages/airflow/example_dags/example_trigger_target_dag.py for tasks to queue
[2024-10-13T21:45:31.700-0400] {logging_mixin.py:190} INFO - [2024-10-13T21:45:31.700-0400] {dagbag.py:588} INFO - Filling up the DagBag from /Users/karenwang/anaconda3/envs/airflow_sqlite_env/lib/python3.9/site-packages/airflow/example_dags/example_trigger_target_dag.py
[2024-10-13T21:45:31.798-0400] {processor.py:925} INFO - DAG(s) 'example_trigger_target_dag' retrieved from /Users/karenwang/anaconda3/envs/airflow_sqlite_env/lib/python3.9/site-packages/airflow/example_dags/example_trigger_target_dag.py
[2024-10-13T21:45:31.965-0400] {logging_mixin.py:190} INFO - [2024-10-13T21:45:31.964-0400] {dag.py:3239} INFO - Sync 1 DAGs
[2024-10-13T21:45:31.979-0400] {logging_mixin.py:190} INFO - [2024-10-13T21:45:31.978-0400] {dag.py:4180} INFO - Setting next_dagrun for example_trigger_target_dag to None, run_after=None
[2024-10-13T21:45:32.000-0400] {processor.py:208} INFO - Processing /Users/karenwang/anaconda3/envs/airflow_sqlite_env/lib/python3.9/site-packages/airflow/example_dags/example_trigger_target_dag.py took 0.310 seconds
[2024-10-13T21:49:33.086-0400] {processor.py:186} INFO - Started process (PID=59777) to work on /Users/karenwang/anaconda3/envs/airflow_sqlite_env/lib/python3.9/site-packages/airflow/example_dags/example_trigger_target_dag.py
[2024-10-13T21:49:33.088-0400] {processor.py:914} INFO - Processing file /Users/karenwang/anaconda3/envs/airflow_sqlite_env/lib/python3.9/site-packages/airflow/example_dags/example_trigger_target_dag.py for tasks to queue
[2024-10-13T21:49:33.089-0400] {logging_mixin.py:190} INFO - [2024-10-13T21:49:33.089-0400] {dagbag.py:588} INFO - Filling up the DagBag from /Users/karenwang/anaconda3/envs/airflow_sqlite_env/lib/python3.9/site-packages/airflow/example_dags/example_trigger_target_dag.py
[2024-10-13T21:49:33.196-0400] {processor.py:925} INFO - DAG(s) 'example_trigger_target_dag' retrieved from /Users/karenwang/anaconda3/envs/airflow_sqlite_env/lib/python3.9/site-packages/airflow/example_dags/example_trigger_target_dag.py
[2024-10-13T21:49:33.362-0400] {logging_mixin.py:190} INFO - [2024-10-13T21:49:33.362-0400] {dag.py:3239} INFO - Sync 1 DAGs
[2024-10-13T21:49:33.379-0400] {logging_mixin.py:190} INFO - [2024-10-13T21:49:33.378-0400] {dag.py:4180} INFO - Setting next_dagrun for example_trigger_target_dag to None, run_after=None
[2024-10-13T21:49:33.404-0400] {processor.py:208} INFO - Processing /Users/karenwang/anaconda3/envs/airflow_sqlite_env/lib/python3.9/site-packages/airflow/example_dags/example_trigger_target_dag.py took 0.323 seconds
[2024-10-13T21:53:35.003-0400] {processor.py:186} INFO - Started process (PID=61015) to work on /Users/karenwang/anaconda3/envs/airflow_sqlite_env/lib/python3.9/site-packages/airflow/example_dags/example_trigger_target_dag.py
[2024-10-13T21:53:35.005-0400] {processor.py:914} INFO - Processing file /Users/karenwang/anaconda3/envs/airflow_sqlite_env/lib/python3.9/site-packages/airflow/example_dags/example_trigger_target_dag.py for tasks to queue
[2024-10-13T21:53:35.006-0400] {logging_mixin.py:190} INFO - [2024-10-13T21:53:35.006-0400] {dagbag.py:588} INFO - Filling up the DagBag from /Users/karenwang/anaconda3/envs/airflow_sqlite_env/lib/python3.9/site-packages/airflow/example_dags/example_trigger_target_dag.py
[2024-10-13T21:53:35.101-0400] {processor.py:925} INFO - DAG(s) 'example_trigger_target_dag' retrieved from /Users/karenwang/anaconda3/envs/airflow_sqlite_env/lib/python3.9/site-packages/airflow/example_dags/example_trigger_target_dag.py
[2024-10-13T21:53:35.252-0400] {logging_mixin.py:190} INFO - [2024-10-13T21:53:35.252-0400] {dag.py:3239} INFO - Sync 1 DAGs
[2024-10-13T21:53:35.269-0400] {logging_mixin.py:190} INFO - [2024-10-13T21:53:35.269-0400] {dag.py:4180} INFO - Setting next_dagrun for example_trigger_target_dag to None, run_after=None
[2024-10-13T21:53:35.295-0400] {processor.py:208} INFO - Processing /Users/karenwang/anaconda3/envs/airflow_sqlite_env/lib/python3.9/site-packages/airflow/example_dags/example_trigger_target_dag.py took 0.298 seconds
[2024-10-13T21:57:33.632-0400] {processor.py:186} INFO - Started process (PID=62262) to work on /Users/karenwang/anaconda3/envs/airflow_sqlite_env/lib/python3.9/site-packages/airflow/example_dags/example_trigger_target_dag.py
[2024-10-13T21:57:33.633-0400] {processor.py:914} INFO - Processing file /Users/karenwang/anaconda3/envs/airflow_sqlite_env/lib/python3.9/site-packages/airflow/example_dags/example_trigger_target_dag.py for tasks to queue
[2024-10-13T21:57:33.635-0400] {logging_mixin.py:190} INFO - [2024-10-13T21:57:33.635-0400] {dagbag.py:588} INFO - Filling up the DagBag from /Users/karenwang/anaconda3/envs/airflow_sqlite_env/lib/python3.9/site-packages/airflow/example_dags/example_trigger_target_dag.py
[2024-10-13T21:57:33.737-0400] {processor.py:925} INFO - DAG(s) 'example_trigger_target_dag' retrieved from /Users/karenwang/anaconda3/envs/airflow_sqlite_env/lib/python3.9/site-packages/airflow/example_dags/example_trigger_target_dag.py
[2024-10-13T21:57:33.887-0400] {logging_mixin.py:190} INFO - [2024-10-13T21:57:33.886-0400] {dag.py:3239} INFO - Sync 1 DAGs
[2024-10-13T21:57:33.905-0400] {logging_mixin.py:190} INFO - [2024-10-13T21:57:33.905-0400] {dag.py:4180} INFO - Setting next_dagrun for example_trigger_target_dag to None, run_after=None
[2024-10-13T21:57:33.930-0400] {processor.py:208} INFO - Processing /Users/karenwang/anaconda3/envs/airflow_sqlite_env/lib/python3.9/site-packages/airflow/example_dags/example_trigger_target_dag.py took 0.304 seconds
[2024-10-13T22:01:19.446-0400] {processor.py:186} INFO - Started process (PID=63410) to work on /Users/karenwang/anaconda3/envs/airflow_sqlite_env/lib/python3.9/site-packages/airflow/example_dags/example_trigger_target_dag.py
[2024-10-13T22:01:19.447-0400] {processor.py:914} INFO - Processing file /Users/karenwang/anaconda3/envs/airflow_sqlite_env/lib/python3.9/site-packages/airflow/example_dags/example_trigger_target_dag.py for tasks to queue
[2024-10-13T22:01:19.448-0400] {logging_mixin.py:190} INFO - [2024-10-13T22:01:19.448-0400] {dagbag.py:588} INFO - Filling up the DagBag from /Users/karenwang/anaconda3/envs/airflow_sqlite_env/lib/python3.9/site-packages/airflow/example_dags/example_trigger_target_dag.py
[2024-10-13T22:01:19.534-0400] {processor.py:925} INFO - DAG(s) 'example_trigger_target_dag' retrieved from /Users/karenwang/anaconda3/envs/airflow_sqlite_env/lib/python3.9/site-packages/airflow/example_dags/example_trigger_target_dag.py
[2024-10-13T22:01:19.673-0400] {logging_mixin.py:190} INFO - [2024-10-13T22:01:19.673-0400] {dag.py:3239} INFO - Sync 1 DAGs
[2024-10-13T22:01:19.685-0400] {logging_mixin.py:190} INFO - [2024-10-13T22:01:19.685-0400] {dag.py:4180} INFO - Setting next_dagrun for example_trigger_target_dag to None, run_after=None
[2024-10-13T22:01:19.706-0400] {processor.py:208} INFO - Processing /Users/karenwang/anaconda3/envs/airflow_sqlite_env/lib/python3.9/site-packages/airflow/example_dags/example_trigger_target_dag.py took 0.267 seconds
[2024-10-13T22:05:15.768-0400] {processor.py:186} INFO - Started process (PID=64625) to work on /Users/karenwang/anaconda3/envs/airflow_sqlite_env/lib/python3.9/site-packages/airflow/example_dags/example_trigger_target_dag.py
[2024-10-13T22:05:15.770-0400] {processor.py:914} INFO - Processing file /Users/karenwang/anaconda3/envs/airflow_sqlite_env/lib/python3.9/site-packages/airflow/example_dags/example_trigger_target_dag.py for tasks to queue
[2024-10-13T22:05:15.771-0400] {logging_mixin.py:190} INFO - [2024-10-13T22:05:15.771-0400] {dagbag.py:588} INFO - Filling up the DagBag from /Users/karenwang/anaconda3/envs/airflow_sqlite_env/lib/python3.9/site-packages/airflow/example_dags/example_trigger_target_dag.py
[2024-10-13T22:05:15.869-0400] {processor.py:925} INFO - DAG(s) 'example_trigger_target_dag' retrieved from /Users/karenwang/anaconda3/envs/airflow_sqlite_env/lib/python3.9/site-packages/airflow/example_dags/example_trigger_target_dag.py
[2024-10-13T22:05:16.032-0400] {logging_mixin.py:190} INFO - [2024-10-13T22:05:16.032-0400] {dag.py:3239} INFO - Sync 1 DAGs
[2024-10-13T22:05:16.051-0400] {logging_mixin.py:190} INFO - [2024-10-13T22:05:16.051-0400] {dag.py:4180} INFO - Setting next_dagrun for example_trigger_target_dag to None, run_after=None
[2024-10-13T22:05:16.073-0400] {processor.py:208} INFO - Processing /Users/karenwang/anaconda3/envs/airflow_sqlite_env/lib/python3.9/site-packages/airflow/example_dags/example_trigger_target_dag.py took 0.311 seconds
[2024-10-13T22:09:12.225-0400] {processor.py:186} INFO - Started process (PID=65853) to work on /Users/karenwang/anaconda3/envs/airflow_sqlite_env/lib/python3.9/site-packages/airflow/example_dags/example_trigger_target_dag.py
[2024-10-13T22:09:12.226-0400] {processor.py:914} INFO - Processing file /Users/karenwang/anaconda3/envs/airflow_sqlite_env/lib/python3.9/site-packages/airflow/example_dags/example_trigger_target_dag.py for tasks to queue
[2024-10-13T22:09:12.228-0400] {logging_mixin.py:190} INFO - [2024-10-13T22:09:12.227-0400] {dagbag.py:588} INFO - Filling up the DagBag from /Users/karenwang/anaconda3/envs/airflow_sqlite_env/lib/python3.9/site-packages/airflow/example_dags/example_trigger_target_dag.py
[2024-10-13T22:09:12.323-0400] {processor.py:925} INFO - DAG(s) 'example_trigger_target_dag' retrieved from /Users/karenwang/anaconda3/envs/airflow_sqlite_env/lib/python3.9/site-packages/airflow/example_dags/example_trigger_target_dag.py
[2024-10-13T22:09:12.481-0400] {logging_mixin.py:190} INFO - [2024-10-13T22:09:12.480-0400] {dag.py:3239} INFO - Sync 1 DAGs
[2024-10-13T22:09:12.498-0400] {logging_mixin.py:190} INFO - [2024-10-13T22:09:12.498-0400] {dag.py:4180} INFO - Setting next_dagrun for example_trigger_target_dag to None, run_after=None
[2024-10-13T22:09:12.524-0400] {processor.py:208} INFO - Processing /Users/karenwang/anaconda3/envs/airflow_sqlite_env/lib/python3.9/site-packages/airflow/example_dags/example_trigger_target_dag.py took 0.305 seconds
[2024-10-13T22:13:04.647-0400] {processor.py:186} INFO - Started process (PID=67041) to work on /Users/karenwang/anaconda3/envs/airflow_sqlite_env/lib/python3.9/site-packages/airflow/example_dags/example_trigger_target_dag.py
[2024-10-13T22:13:04.648-0400] {processor.py:914} INFO - Processing file /Users/karenwang/anaconda3/envs/airflow_sqlite_env/lib/python3.9/site-packages/airflow/example_dags/example_trigger_target_dag.py for tasks to queue
[2024-10-13T22:13:04.650-0400] {logging_mixin.py:190} INFO - [2024-10-13T22:13:04.650-0400] {dagbag.py:588} INFO - Filling up the DagBag from /Users/karenwang/anaconda3/envs/airflow_sqlite_env/lib/python3.9/site-packages/airflow/example_dags/example_trigger_target_dag.py
[2024-10-13T22:13:04.746-0400] {processor.py:925} INFO - DAG(s) 'example_trigger_target_dag' retrieved from /Users/karenwang/anaconda3/envs/airflow_sqlite_env/lib/python3.9/site-packages/airflow/example_dags/example_trigger_target_dag.py
[2024-10-13T22:13:04.903-0400] {logging_mixin.py:190} INFO - [2024-10-13T22:13:04.903-0400] {dag.py:3239} INFO - Sync 1 DAGs
[2024-10-13T22:13:04.919-0400] {logging_mixin.py:190} INFO - [2024-10-13T22:13:04.919-0400] {dag.py:4180} INFO - Setting next_dagrun for example_trigger_target_dag to None, run_after=None
[2024-10-13T22:13:04.940-0400] {processor.py:208} INFO - Processing /Users/karenwang/anaconda3/envs/airflow_sqlite_env/lib/python3.9/site-packages/airflow/example_dags/example_trigger_target_dag.py took 0.300 seconds
[2024-10-13T22:17:06.354-0400] {processor.py:186} INFO - Started process (PID=68273) to work on /Users/karenwang/anaconda3/envs/airflow_sqlite_env/lib/python3.9/site-packages/airflow/example_dags/example_trigger_target_dag.py
[2024-10-13T22:17:06.356-0400] {processor.py:914} INFO - Processing file /Users/karenwang/anaconda3/envs/airflow_sqlite_env/lib/python3.9/site-packages/airflow/example_dags/example_trigger_target_dag.py for tasks to queue
[2024-10-13T22:17:06.357-0400] {logging_mixin.py:190} INFO - [2024-10-13T22:17:06.357-0400] {dagbag.py:588} INFO - Filling up the DagBag from /Users/karenwang/anaconda3/envs/airflow_sqlite_env/lib/python3.9/site-packages/airflow/example_dags/example_trigger_target_dag.py
[2024-10-13T22:17:06.454-0400] {processor.py:925} INFO - DAG(s) 'example_trigger_target_dag' retrieved from /Users/karenwang/anaconda3/envs/airflow_sqlite_env/lib/python3.9/site-packages/airflow/example_dags/example_trigger_target_dag.py
[2024-10-13T22:17:06.641-0400] {logging_mixin.py:190} INFO - [2024-10-13T22:17:06.641-0400] {dag.py:3239} INFO - Sync 1 DAGs
[2024-10-13T22:17:06.660-0400] {logging_mixin.py:190} INFO - [2024-10-13T22:17:06.660-0400] {dag.py:4180} INFO - Setting next_dagrun for example_trigger_target_dag to None, run_after=None
[2024-10-13T22:17:06.686-0400] {processor.py:208} INFO - Processing /Users/karenwang/anaconda3/envs/airflow_sqlite_env/lib/python3.9/site-packages/airflow/example_dags/example_trigger_target_dag.py took 0.338 seconds
[2024-10-13T22:21:05.676-0400] {processor.py:186} INFO - Started process (PID=69507) to work on /Users/karenwang/anaconda3/envs/airflow_sqlite_env/lib/python3.9/site-packages/airflow/example_dags/example_trigger_target_dag.py
[2024-10-13T22:21:05.678-0400] {processor.py:914} INFO - Processing file /Users/karenwang/anaconda3/envs/airflow_sqlite_env/lib/python3.9/site-packages/airflow/example_dags/example_trigger_target_dag.py for tasks to queue
[2024-10-13T22:21:05.679-0400] {logging_mixin.py:190} INFO - [2024-10-13T22:21:05.679-0400] {dagbag.py:588} INFO - Filling up the DagBag from /Users/karenwang/anaconda3/envs/airflow_sqlite_env/lib/python3.9/site-packages/airflow/example_dags/example_trigger_target_dag.py
[2024-10-13T22:21:05.790-0400] {processor.py:925} INFO - DAG(s) 'example_trigger_target_dag' retrieved from /Users/karenwang/anaconda3/envs/airflow_sqlite_env/lib/python3.9/site-packages/airflow/example_dags/example_trigger_target_dag.py
[2024-10-13T22:21:05.958-0400] {logging_mixin.py:190} INFO - [2024-10-13T22:21:05.958-0400] {dag.py:3239} INFO - Sync 1 DAGs
[2024-10-13T22:21:05.978-0400] {logging_mixin.py:190} INFO - [2024-10-13T22:21:05.978-0400] {dag.py:4180} INFO - Setting next_dagrun for example_trigger_target_dag to None, run_after=None
[2024-10-13T22:21:06.000-0400] {processor.py:208} INFO - Processing /Users/karenwang/anaconda3/envs/airflow_sqlite_env/lib/python3.9/site-packages/airflow/example_dags/example_trigger_target_dag.py took 0.331 seconds
[2024-10-13T22:25:15.379-0400] {processor.py:186} INFO - Started process (PID=70847) to work on /Users/karenwang/anaconda3/envs/airflow_sqlite_env/lib/python3.9/site-packages/airflow/example_dags/example_trigger_target_dag.py
[2024-10-13T22:25:15.380-0400] {processor.py:914} INFO - Processing file /Users/karenwang/anaconda3/envs/airflow_sqlite_env/lib/python3.9/site-packages/airflow/example_dags/example_trigger_target_dag.py for tasks to queue
[2024-10-13T22:25:15.381-0400] {logging_mixin.py:190} INFO - [2024-10-13T22:25:15.381-0400] {dagbag.py:588} INFO - Filling up the DagBag from /Users/karenwang/anaconda3/envs/airflow_sqlite_env/lib/python3.9/site-packages/airflow/example_dags/example_trigger_target_dag.py
[2024-10-13T22:25:15.486-0400] {processor.py:925} INFO - DAG(s) 'example_trigger_target_dag' retrieved from /Users/karenwang/anaconda3/envs/airflow_sqlite_env/lib/python3.9/site-packages/airflow/example_dags/example_trigger_target_dag.py
[2024-10-13T22:25:15.654-0400] {logging_mixin.py:190} INFO - [2024-10-13T22:25:15.653-0400] {dag.py:3239} INFO - Sync 1 DAGs
[2024-10-13T22:25:15.671-0400] {logging_mixin.py:190} INFO - [2024-10-13T22:25:15.670-0400] {dag.py:4180} INFO - Setting next_dagrun for example_trigger_target_dag to None, run_after=None
[2024-10-13T22:25:15.696-0400] {processor.py:208} INFO - Processing /Users/karenwang/anaconda3/envs/airflow_sqlite_env/lib/python3.9/site-packages/airflow/example_dags/example_trigger_target_dag.py took 0.323 seconds
[2024-10-13T22:33:53.804-0400] {processor.py:186} INFO - Started process (PID=73753) to work on /Users/karenwang/anaconda3/envs/airflow_sqlite_env/lib/python3.9/site-packages/airflow/example_dags/example_trigger_target_dag.py
[2024-10-13T22:33:53.806-0400] {processor.py:914} INFO - Processing file /Users/karenwang/anaconda3/envs/airflow_sqlite_env/lib/python3.9/site-packages/airflow/example_dags/example_trigger_target_dag.py for tasks to queue
[2024-10-13T22:33:53.808-0400] {logging_mixin.py:190} INFO - [2024-10-13T22:33:53.807-0400] {dagbag.py:588} INFO - Filling up the DagBag from /Users/karenwang/anaconda3/envs/airflow_sqlite_env/lib/python3.9/site-packages/airflow/example_dags/example_trigger_target_dag.py
[2024-10-13T22:33:53.925-0400] {processor.py:925} INFO - DAG(s) 'example_trigger_target_dag' retrieved from /Users/karenwang/anaconda3/envs/airflow_sqlite_env/lib/python3.9/site-packages/airflow/example_dags/example_trigger_target_dag.py
[2024-10-13T22:33:54.139-0400] {logging_mixin.py:190} INFO - [2024-10-13T22:33:54.139-0400] {dag.py:3239} INFO - Sync 1 DAGs
[2024-10-13T22:33:54.159-0400] {logging_mixin.py:190} INFO - [2024-10-13T22:33:54.158-0400] {dag.py:4180} INFO - Setting next_dagrun for example_trigger_target_dag to None, run_after=None
[2024-10-13T22:33:54.189-0400] {processor.py:208} INFO - Processing /Users/karenwang/anaconda3/envs/airflow_sqlite_env/lib/python3.9/site-packages/airflow/example_dags/example_trigger_target_dag.py took 0.392 seconds
[2024-10-13T22:39:44.502-0400] {processor.py:186} INFO - Started process (PID=75645) to work on /Users/karenwang/anaconda3/envs/airflow_sqlite_env/lib/python3.9/site-packages/airflow/example_dags/example_trigger_target_dag.py
[2024-10-13T22:39:44.504-0400] {processor.py:914} INFO - Processing file /Users/karenwang/anaconda3/envs/airflow_sqlite_env/lib/python3.9/site-packages/airflow/example_dags/example_trigger_target_dag.py for tasks to queue
[2024-10-13T22:39:44.505-0400] {logging_mixin.py:190} INFO - [2024-10-13T22:39:44.505-0400] {dagbag.py:588} INFO - Filling up the DagBag from /Users/karenwang/anaconda3/envs/airflow_sqlite_env/lib/python3.9/site-packages/airflow/example_dags/example_trigger_target_dag.py
[2024-10-13T22:39:44.619-0400] {processor.py:925} INFO - DAG(s) 'example_trigger_target_dag' retrieved from /Users/karenwang/anaconda3/envs/airflow_sqlite_env/lib/python3.9/site-packages/airflow/example_dags/example_trigger_target_dag.py
[2024-10-13T22:39:44.767-0400] {logging_mixin.py:190} INFO - [2024-10-13T22:39:44.767-0400] {dag.py:3239} INFO - Sync 1 DAGs
[2024-10-13T22:39:44.784-0400] {logging_mixin.py:190} INFO - [2024-10-13T22:39:44.784-0400] {dag.py:4180} INFO - Setting next_dagrun for example_trigger_target_dag to None, run_after=None
[2024-10-13T22:39:44.807-0400] {processor.py:208} INFO - Processing /Users/karenwang/anaconda3/envs/airflow_sqlite_env/lib/python3.9/site-packages/airflow/example_dags/example_trigger_target_dag.py took 0.310 seconds
