[2024-10-13T20:01:27.531-0400] {processor.py:186} INFO - Started process (PID=25547) to work on /Users/karenwang/anaconda3/envs/airflow_sqlite_env/lib/python3.9/site-packages/airflow/example_dags/example_sla_dag.py
[2024-10-13T20:01:27.533-0400] {processor.py:914} INFO - Processing file /Users/karenwang/anaconda3/envs/airflow_sqlite_env/lib/python3.9/site-packages/airflow/example_dags/example_sla_dag.py for tasks to queue
[2024-10-13T20:01:27.534-0400] {logging_mixin.py:190} INFO - [2024-10-13T20:01:27.534-0400] {dagbag.py:588} INFO - Filling up the DagBag from /Users/karenwang/anaconda3/envs/airflow_sqlite_env/lib/python3.9/site-packages/airflow/example_dags/example_sla_dag.py
[2024-10-13T20:01:27.639-0400] {processor.py:925} INFO - DAG(s) 'example_sla_dag' retrieved from /Users/karenwang/anaconda3/envs/airflow_sqlite_env/lib/python3.9/site-packages/airflow/example_dags/example_sla_dag.py
[2024-10-13T20:01:27.797-0400] {logging_mixin.py:190} INFO - [2024-10-13T20:01:27.796-0400] {dag.py:3239} INFO - Sync 1 DAGs
[2024-10-13T20:01:27.830-0400] {logging_mixin.py:190} INFO - [2024-10-13T20:01:27.830-0400] {dag.py:4180} INFO - Setting next_dagrun for example_sla_dag to 2024-10-13 23:58:00+00:00, run_after=2024-10-14 00:00:00+00:00
[2024-10-13T20:01:27.852-0400] {processor.py:208} INFO - Processing /Users/karenwang/anaconda3/envs/airflow_sqlite_env/lib/python3.9/site-packages/airflow/example_dags/example_sla_dag.py took 0.327 seconds
[2024-10-13T20:05:36.626-0400] {processor.py:186} INFO - Started process (PID=26847) to work on /Users/karenwang/anaconda3/envs/airflow_sqlite_env/lib/python3.9/site-packages/airflow/example_dags/example_sla_dag.py
[2024-10-13T20:05:36.627-0400] {processor.py:914} INFO - Processing file /Users/karenwang/anaconda3/envs/airflow_sqlite_env/lib/python3.9/site-packages/airflow/example_dags/example_sla_dag.py for tasks to queue
[2024-10-13T20:05:36.628-0400] {logging_mixin.py:190} INFO - [2024-10-13T20:05:36.628-0400] {dagbag.py:588} INFO - Filling up the DagBag from /Users/karenwang/anaconda3/envs/airflow_sqlite_env/lib/python3.9/site-packages/airflow/example_dags/example_sla_dag.py
[2024-10-13T20:05:36.717-0400] {processor.py:925} INFO - DAG(s) 'example_sla_dag' retrieved from /Users/karenwang/anaconda3/envs/airflow_sqlite_env/lib/python3.9/site-packages/airflow/example_dags/example_sla_dag.py
[2024-10-13T20:05:36.903-0400] {logging_mixin.py:190} INFO - [2024-10-13T20:05:36.903-0400] {dag.py:3239} INFO - Sync 1 DAGs
[2024-10-13T20:05:36.938-0400] {logging_mixin.py:190} INFO - [2024-10-13T20:05:36.938-0400] {dag.py:4180} INFO - Setting next_dagrun for example_sla_dag to 2024-10-14 00:02:00+00:00, run_after=2024-10-14 00:04:00+00:00
[2024-10-13T20:05:36.965-0400] {processor.py:208} INFO - Processing /Users/karenwang/anaconda3/envs/airflow_sqlite_env/lib/python3.9/site-packages/airflow/example_dags/example_sla_dag.py took 0.345 seconds
[2024-10-13T20:09:38.125-0400] {processor.py:186} INFO - Started process (PID=28089) to work on /Users/karenwang/anaconda3/envs/airflow_sqlite_env/lib/python3.9/site-packages/airflow/example_dags/example_sla_dag.py
[2024-10-13T20:09:38.126-0400] {processor.py:914} INFO - Processing file /Users/karenwang/anaconda3/envs/airflow_sqlite_env/lib/python3.9/site-packages/airflow/example_dags/example_sla_dag.py for tasks to queue
[2024-10-13T20:09:38.128-0400] {logging_mixin.py:190} INFO - [2024-10-13T20:09:38.127-0400] {dagbag.py:588} INFO - Filling up the DagBag from /Users/karenwang/anaconda3/envs/airflow_sqlite_env/lib/python3.9/site-packages/airflow/example_dags/example_sla_dag.py
[2024-10-13T20:09:38.241-0400] {processor.py:925} INFO - DAG(s) 'example_sla_dag' retrieved from /Users/karenwang/anaconda3/envs/airflow_sqlite_env/lib/python3.9/site-packages/airflow/example_dags/example_sla_dag.py
[2024-10-13T20:09:38.420-0400] {logging_mixin.py:190} INFO - [2024-10-13T20:09:38.419-0400] {dag.py:3239} INFO - Sync 1 DAGs
[2024-10-13T20:09:38.444-0400] {logging_mixin.py:190} INFO - [2024-10-13T20:09:38.444-0400] {dag.py:4180} INFO - Setting next_dagrun for example_sla_dag to 2024-10-14 00:06:00+00:00, run_after=2024-10-14 00:08:00+00:00
[2024-10-13T20:09:38.464-0400] {processor.py:208} INFO - Processing /Users/karenwang/anaconda3/envs/airflow_sqlite_env/lib/python3.9/site-packages/airflow/example_dags/example_sla_dag.py took 0.345 seconds
[2024-10-13T20:13:36.796-0400] {processor.py:186} INFO - Started process (PID=29306) to work on /Users/karenwang/anaconda3/envs/airflow_sqlite_env/lib/python3.9/site-packages/airflow/example_dags/example_sla_dag.py
[2024-10-13T20:13:36.798-0400] {processor.py:914} INFO - Processing file /Users/karenwang/anaconda3/envs/airflow_sqlite_env/lib/python3.9/site-packages/airflow/example_dags/example_sla_dag.py for tasks to queue
[2024-10-13T20:13:36.800-0400] {logging_mixin.py:190} INFO - [2024-10-13T20:13:36.799-0400] {dagbag.py:588} INFO - Filling up the DagBag from /Users/karenwang/anaconda3/envs/airflow_sqlite_env/lib/python3.9/site-packages/airflow/example_dags/example_sla_dag.py
[2024-10-13T20:13:36.897-0400] {processor.py:925} INFO - DAG(s) 'example_sla_dag' retrieved from /Users/karenwang/anaconda3/envs/airflow_sqlite_env/lib/python3.9/site-packages/airflow/example_dags/example_sla_dag.py
[2024-10-13T20:13:37.063-0400] {logging_mixin.py:190} INFO - [2024-10-13T20:13:37.063-0400] {dag.py:3239} INFO - Sync 1 DAGs
[2024-10-13T20:13:37.089-0400] {logging_mixin.py:190} INFO - [2024-10-13T20:13:37.089-0400] {dag.py:4180} INFO - Setting next_dagrun for example_sla_dag to 2024-10-14 00:10:00+00:00, run_after=2024-10-14 00:12:00+00:00
[2024-10-13T20:13:37.113-0400] {processor.py:208} INFO - Processing /Users/karenwang/anaconda3/envs/airflow_sqlite_env/lib/python3.9/site-packages/airflow/example_dags/example_sla_dag.py took 0.323 seconds
[2024-10-13T20:17:46.453-0400] {processor.py:186} INFO - Started process (PID=30580) to work on /Users/karenwang/anaconda3/envs/airflow_sqlite_env/lib/python3.9/site-packages/airflow/example_dags/example_sla_dag.py
[2024-10-13T20:17:46.454-0400] {processor.py:914} INFO - Processing file /Users/karenwang/anaconda3/envs/airflow_sqlite_env/lib/python3.9/site-packages/airflow/example_dags/example_sla_dag.py for tasks to queue
[2024-10-13T20:17:46.456-0400] {logging_mixin.py:190} INFO - [2024-10-13T20:17:46.455-0400] {dagbag.py:588} INFO - Filling up the DagBag from /Users/karenwang/anaconda3/envs/airflow_sqlite_env/lib/python3.9/site-packages/airflow/example_dags/example_sla_dag.py
[2024-10-13T20:17:46.570-0400] {processor.py:925} INFO - DAG(s) 'example_sla_dag' retrieved from /Users/karenwang/anaconda3/envs/airflow_sqlite_env/lib/python3.9/site-packages/airflow/example_dags/example_sla_dag.py
[2024-10-13T20:17:46.748-0400] {logging_mixin.py:190} INFO - [2024-10-13T20:17:46.748-0400] {dag.py:3239} INFO - Sync 1 DAGs
[2024-10-13T20:17:46.784-0400] {logging_mixin.py:190} INFO - [2024-10-13T20:17:46.784-0400] {dag.py:4180} INFO - Setting next_dagrun for example_sla_dag to 2024-10-14 00:14:00+00:00, run_after=2024-10-14 00:16:00+00:00
[2024-10-13T20:17:46.807-0400] {processor.py:208} INFO - Processing /Users/karenwang/anaconda3/envs/airflow_sqlite_env/lib/python3.9/site-packages/airflow/example_dags/example_sla_dag.py took 0.360 seconds
[2024-10-13T20:22:09.510-0400] {processor.py:186} INFO - Started process (PID=32040) to work on /Users/karenwang/anaconda3/envs/airflow_sqlite_env/lib/python3.9/site-packages/airflow/example_dags/example_sla_dag.py
[2024-10-13T20:22:09.512-0400] {processor.py:914} INFO - Processing file /Users/karenwang/anaconda3/envs/airflow_sqlite_env/lib/python3.9/site-packages/airflow/example_dags/example_sla_dag.py for tasks to queue
[2024-10-13T20:22:09.513-0400] {logging_mixin.py:190} INFO - [2024-10-13T20:22:09.513-0400] {dagbag.py:588} INFO - Filling up the DagBag from /Users/karenwang/anaconda3/envs/airflow_sqlite_env/lib/python3.9/site-packages/airflow/example_dags/example_sla_dag.py
[2024-10-13T20:22:09.629-0400] {processor.py:925} INFO - DAG(s) 'example_sla_dag' retrieved from /Users/karenwang/anaconda3/envs/airflow_sqlite_env/lib/python3.9/site-packages/airflow/example_dags/example_sla_dag.py
[2024-10-13T20:22:09.782-0400] {logging_mixin.py:190} INFO - [2024-10-13T20:22:09.781-0400] {dag.py:3239} INFO - Sync 1 DAGs
[2024-10-13T20:22:09.820-0400] {logging_mixin.py:190} INFO - [2024-10-13T20:22:09.820-0400] {dag.py:4180} INFO - Setting next_dagrun for example_sla_dag to 2024-10-14 00:20:00+00:00, run_after=2024-10-14 00:22:00+00:00
[2024-10-13T20:22:09.903-0400] {processor.py:208} INFO - Processing /Users/karenwang/anaconda3/envs/airflow_sqlite_env/lib/python3.9/site-packages/airflow/example_dags/example_sla_dag.py took 0.403 seconds
[2024-10-13T20:27:49.716-0400] {processor.py:186} INFO - Started process (PID=33899) to work on /Users/karenwang/anaconda3/envs/airflow_sqlite_env/lib/python3.9/site-packages/airflow/example_dags/example_sla_dag.py
[2024-10-13T20:27:49.718-0400] {processor.py:914} INFO - Processing file /Users/karenwang/anaconda3/envs/airflow_sqlite_env/lib/python3.9/site-packages/airflow/example_dags/example_sla_dag.py for tasks to queue
[2024-10-13T20:27:49.719-0400] {logging_mixin.py:190} INFO - [2024-10-13T20:27:49.719-0400] {dagbag.py:588} INFO - Filling up the DagBag from /Users/karenwang/anaconda3/envs/airflow_sqlite_env/lib/python3.9/site-packages/airflow/example_dags/example_sla_dag.py
[2024-10-13T20:27:49.821-0400] {processor.py:925} INFO - DAG(s) 'example_sla_dag' retrieved from /Users/karenwang/anaconda3/envs/airflow_sqlite_env/lib/python3.9/site-packages/airflow/example_dags/example_sla_dag.py
[2024-10-13T20:27:49.977-0400] {logging_mixin.py:190} INFO - [2024-10-13T20:27:49.977-0400] {dag.py:3239} INFO - Sync 1 DAGs
[2024-10-13T20:27:50.007-0400] {logging_mixin.py:190} INFO - [2024-10-13T20:27:50.007-0400] {dag.py:4180} INFO - Setting next_dagrun for example_sla_dag to 2024-10-14 00:24:00+00:00, run_after=2024-10-14 00:26:00+00:00
[2024-10-13T20:27:50.031-0400] {processor.py:208} INFO - Processing /Users/karenwang/anaconda3/envs/airflow_sqlite_env/lib/python3.9/site-packages/airflow/example_dags/example_sla_dag.py took 0.322 seconds
[2024-10-13T20:32:21.532-0400] {processor.py:186} INFO - Started process (PID=35427) to work on /Users/karenwang/anaconda3/envs/airflow_sqlite_env/lib/python3.9/site-packages/airflow/example_dags/example_sla_dag.py
[2024-10-13T20:32:21.534-0400] {processor.py:914} INFO - Processing file /Users/karenwang/anaconda3/envs/airflow_sqlite_env/lib/python3.9/site-packages/airflow/example_dags/example_sla_dag.py for tasks to queue
[2024-10-13T20:32:21.535-0400] {logging_mixin.py:190} INFO - [2024-10-13T20:32:21.535-0400] {dagbag.py:588} INFO - Filling up the DagBag from /Users/karenwang/anaconda3/envs/airflow_sqlite_env/lib/python3.9/site-packages/airflow/example_dags/example_sla_dag.py
[2024-10-13T20:32:21.635-0400] {processor.py:925} INFO - DAG(s) 'example_sla_dag' retrieved from /Users/karenwang/anaconda3/envs/airflow_sqlite_env/lib/python3.9/site-packages/airflow/example_dags/example_sla_dag.py
[2024-10-13T20:32:21.795-0400] {logging_mixin.py:190} INFO - [2024-10-13T20:32:21.795-0400] {dag.py:3239} INFO - Sync 1 DAGs
[2024-10-13T20:32:21.825-0400] {logging_mixin.py:190} INFO - [2024-10-13T20:32:21.825-0400] {dag.py:4180} INFO - Setting next_dagrun for example_sla_dag to 2024-10-14 00:30:00+00:00, run_after=2024-10-14 00:32:00+00:00
[2024-10-13T20:32:21.850-0400] {processor.py:208} INFO - Processing /Users/karenwang/anaconda3/envs/airflow_sqlite_env/lib/python3.9/site-packages/airflow/example_dags/example_sla_dag.py took 0.323 seconds
[2024-10-13T20:36:02.390-0400] {processor.py:186} INFO - Started process (PID=36587) to work on /Users/karenwang/anaconda3/envs/airflow_sqlite_env/lib/python3.9/site-packages/airflow/example_dags/example_sla_dag.py
[2024-10-13T20:36:02.392-0400] {processor.py:914} INFO - Processing file /Users/karenwang/anaconda3/envs/airflow_sqlite_env/lib/python3.9/site-packages/airflow/example_dags/example_sla_dag.py for tasks to queue
[2024-10-13T20:36:02.394-0400] {logging_mixin.py:190} INFO - [2024-10-13T20:36:02.394-0400] {dagbag.py:588} INFO - Filling up the DagBag from /Users/karenwang/anaconda3/envs/airflow_sqlite_env/lib/python3.9/site-packages/airflow/example_dags/example_sla_dag.py
[2024-10-13T20:36:02.490-0400] {processor.py:925} INFO - DAG(s) 'example_sla_dag' retrieved from /Users/karenwang/anaconda3/envs/airflow_sqlite_env/lib/python3.9/site-packages/airflow/example_dags/example_sla_dag.py
[2024-10-13T20:36:02.647-0400] {logging_mixin.py:190} INFO - [2024-10-13T20:36:02.646-0400] {dag.py:3239} INFO - Sync 1 DAGs
[2024-10-13T20:36:02.675-0400] {logging_mixin.py:190} INFO - [2024-10-13T20:36:02.675-0400] {dag.py:4180} INFO - Setting next_dagrun for example_sla_dag to 2024-10-14 00:34:00+00:00, run_after=2024-10-14 00:36:00+00:00
[2024-10-13T20:36:02.697-0400] {processor.py:208} INFO - Processing /Users/karenwang/anaconda3/envs/airflow_sqlite_env/lib/python3.9/site-packages/airflow/example_dags/example_sla_dag.py took 0.312 seconds
[2024-10-13T20:39:41.823-0400] {processor.py:186} INFO - Started process (PID=37726) to work on /Users/karenwang/anaconda3/envs/airflow_sqlite_env/lib/python3.9/site-packages/airflow/example_dags/example_sla_dag.py
[2024-10-13T20:39:41.824-0400] {processor.py:914} INFO - Processing file /Users/karenwang/anaconda3/envs/airflow_sqlite_env/lib/python3.9/site-packages/airflow/example_dags/example_sla_dag.py for tasks to queue
[2024-10-13T20:39:41.826-0400] {logging_mixin.py:190} INFO - [2024-10-13T20:39:41.826-0400] {dagbag.py:588} INFO - Filling up the DagBag from /Users/karenwang/anaconda3/envs/airflow_sqlite_env/lib/python3.9/site-packages/airflow/example_dags/example_sla_dag.py
[2024-10-13T20:39:41.918-0400] {processor.py:925} INFO - DAG(s) 'example_sla_dag' retrieved from /Users/karenwang/anaconda3/envs/airflow_sqlite_env/lib/python3.9/site-packages/airflow/example_dags/example_sla_dag.py
[2024-10-13T20:39:42.069-0400] {logging_mixin.py:190} INFO - [2024-10-13T20:39:42.068-0400] {dag.py:3239} INFO - Sync 1 DAGs
[2024-10-13T20:39:42.094-0400] {logging_mixin.py:190} INFO - [2024-10-13T20:39:42.094-0400] {dag.py:4180} INFO - Setting next_dagrun for example_sla_dag to 2024-10-14 00:36:00+00:00, run_after=2024-10-14 00:38:00+00:00
[2024-10-13T20:39:42.121-0400] {processor.py:208} INFO - Processing /Users/karenwang/anaconda3/envs/airflow_sqlite_env/lib/python3.9/site-packages/airflow/example_dags/example_sla_dag.py took 0.305 seconds
[2024-10-13T20:43:21.149-0400] {processor.py:186} INFO - Started process (PID=38855) to work on /Users/karenwang/anaconda3/envs/airflow_sqlite_env/lib/python3.9/site-packages/airflow/example_dags/example_sla_dag.py
[2024-10-13T20:43:21.151-0400] {processor.py:914} INFO - Processing file /Users/karenwang/anaconda3/envs/airflow_sqlite_env/lib/python3.9/site-packages/airflow/example_dags/example_sla_dag.py for tasks to queue
[2024-10-13T20:43:21.152-0400] {logging_mixin.py:190} INFO - [2024-10-13T20:43:21.152-0400] {dagbag.py:588} INFO - Filling up the DagBag from /Users/karenwang/anaconda3/envs/airflow_sqlite_env/lib/python3.9/site-packages/airflow/example_dags/example_sla_dag.py
[2024-10-13T20:43:21.248-0400] {processor.py:925} INFO - DAG(s) 'example_sla_dag' retrieved from /Users/karenwang/anaconda3/envs/airflow_sqlite_env/lib/python3.9/site-packages/airflow/example_dags/example_sla_dag.py
[2024-10-13T20:43:21.373-0400] {logging_mixin.py:190} INFO - [2024-10-13T20:43:21.372-0400] {dag.py:3239} INFO - Sync 1 DAGs
[2024-10-13T20:43:21.399-0400] {logging_mixin.py:190} INFO - [2024-10-13T20:43:21.398-0400] {dag.py:4180} INFO - Setting next_dagrun for example_sla_dag to 2024-10-14 00:40:00+00:00, run_after=2024-10-14 00:42:00+00:00
[2024-10-13T20:43:21.418-0400] {processor.py:208} INFO - Processing /Users/karenwang/anaconda3/envs/airflow_sqlite_env/lib/python3.9/site-packages/airflow/example_dags/example_sla_dag.py took 0.275 seconds
[2024-10-13T20:47:00.324-0400] {processor.py:186} INFO - Started process (PID=40005) to work on /Users/karenwang/anaconda3/envs/airflow_sqlite_env/lib/python3.9/site-packages/airflow/example_dags/example_sla_dag.py
[2024-10-13T20:47:00.325-0400] {processor.py:914} INFO - Processing file /Users/karenwang/anaconda3/envs/airflow_sqlite_env/lib/python3.9/site-packages/airflow/example_dags/example_sla_dag.py for tasks to queue
[2024-10-13T20:47:00.327-0400] {logging_mixin.py:190} INFO - [2024-10-13T20:47:00.327-0400] {dagbag.py:588} INFO - Filling up the DagBag from /Users/karenwang/anaconda3/envs/airflow_sqlite_env/lib/python3.9/site-packages/airflow/example_dags/example_sla_dag.py
[2024-10-13T20:47:00.413-0400] {processor.py:925} INFO - DAG(s) 'example_sla_dag' retrieved from /Users/karenwang/anaconda3/envs/airflow_sqlite_env/lib/python3.9/site-packages/airflow/example_dags/example_sla_dag.py
[2024-10-13T20:47:00.560-0400] {logging_mixin.py:190} INFO - [2024-10-13T20:47:00.559-0400] {dag.py:3239} INFO - Sync 1 DAGs
[2024-10-13T20:47:00.583-0400] {logging_mixin.py:190} INFO - [2024-10-13T20:47:00.582-0400] {dag.py:4180} INFO - Setting next_dagrun for example_sla_dag to 2024-10-14 00:44:00+00:00, run_after=2024-10-14 00:46:00+00:00
[2024-10-13T20:47:00.602-0400] {processor.py:208} INFO - Processing /Users/karenwang/anaconda3/envs/airflow_sqlite_env/lib/python3.9/site-packages/airflow/example_dags/example_sla_dag.py took 0.284 seconds
[2024-10-13T20:50:40.110-0400] {processor.py:186} INFO - Started process (PID=41137) to work on /Users/karenwang/anaconda3/envs/airflow_sqlite_env/lib/python3.9/site-packages/airflow/example_dags/example_sla_dag.py
[2024-10-13T20:50:40.111-0400] {processor.py:914} INFO - Processing file /Users/karenwang/anaconda3/envs/airflow_sqlite_env/lib/python3.9/site-packages/airflow/example_dags/example_sla_dag.py for tasks to queue
[2024-10-13T20:50:40.112-0400] {logging_mixin.py:190} INFO - [2024-10-13T20:50:40.112-0400] {dagbag.py:588} INFO - Filling up the DagBag from /Users/karenwang/anaconda3/envs/airflow_sqlite_env/lib/python3.9/site-packages/airflow/example_dags/example_sla_dag.py
[2024-10-13T20:50:40.216-0400] {processor.py:925} INFO - DAG(s) 'example_sla_dag' retrieved from /Users/karenwang/anaconda3/envs/airflow_sqlite_env/lib/python3.9/site-packages/airflow/example_dags/example_sla_dag.py
[2024-10-13T20:50:40.363-0400] {logging_mixin.py:190} INFO - [2024-10-13T20:50:40.362-0400] {dag.py:3239} INFO - Sync 1 DAGs
[2024-10-13T20:50:40.393-0400] {logging_mixin.py:190} INFO - [2024-10-13T20:50:40.392-0400] {dag.py:4180} INFO - Setting next_dagrun for example_sla_dag to 2024-10-14 00:48:00+00:00, run_after=2024-10-14 00:50:00+00:00
[2024-10-13T20:50:40.414-0400] {processor.py:208} INFO - Processing /Users/karenwang/anaconda3/envs/airflow_sqlite_env/lib/python3.9/site-packages/airflow/example_dags/example_sla_dag.py took 0.310 seconds
[2024-10-13T20:54:18.569-0400] {processor.py:186} INFO - Started process (PID=42264) to work on /Users/karenwang/anaconda3/envs/airflow_sqlite_env/lib/python3.9/site-packages/airflow/example_dags/example_sla_dag.py
[2024-10-13T20:54:18.570-0400] {processor.py:914} INFO - Processing file /Users/karenwang/anaconda3/envs/airflow_sqlite_env/lib/python3.9/site-packages/airflow/example_dags/example_sla_dag.py for tasks to queue
[2024-10-13T20:54:18.572-0400] {logging_mixin.py:190} INFO - [2024-10-13T20:54:18.572-0400] {dagbag.py:588} INFO - Filling up the DagBag from /Users/karenwang/anaconda3/envs/airflow_sqlite_env/lib/python3.9/site-packages/airflow/example_dags/example_sla_dag.py
[2024-10-13T20:54:18.657-0400] {processor.py:925} INFO - DAG(s) 'example_sla_dag' retrieved from /Users/karenwang/anaconda3/envs/airflow_sqlite_env/lib/python3.9/site-packages/airflow/example_dags/example_sla_dag.py
[2024-10-13T20:54:18.812-0400] {logging_mixin.py:190} INFO - [2024-10-13T20:54:18.812-0400] {dag.py:3239} INFO - Sync 1 DAGs
[2024-10-13T20:54:18.835-0400] {logging_mixin.py:190} INFO - [2024-10-13T20:54:18.835-0400] {dag.py:4180} INFO - Setting next_dagrun for example_sla_dag to 2024-10-14 00:52:00+00:00, run_after=2024-10-14 00:54:00+00:00
[2024-10-13T20:54:18.859-0400] {processor.py:208} INFO - Processing /Users/karenwang/anaconda3/envs/airflow_sqlite_env/lib/python3.9/site-packages/airflow/example_dags/example_sla_dag.py took 0.296 seconds
[2024-10-13T20:57:59.923-0400] {processor.py:186} INFO - Started process (PID=43433) to work on /Users/karenwang/anaconda3/envs/airflow_sqlite_env/lib/python3.9/site-packages/airflow/example_dags/example_sla_dag.py
[2024-10-13T20:57:59.924-0400] {processor.py:914} INFO - Processing file /Users/karenwang/anaconda3/envs/airflow_sqlite_env/lib/python3.9/site-packages/airflow/example_dags/example_sla_dag.py for tasks to queue
[2024-10-13T20:57:59.926-0400] {logging_mixin.py:190} INFO - [2024-10-13T20:57:59.925-0400] {dagbag.py:588} INFO - Filling up the DagBag from /Users/karenwang/anaconda3/envs/airflow_sqlite_env/lib/python3.9/site-packages/airflow/example_dags/example_sla_dag.py
[2024-10-13T20:58:00.020-0400] {processor.py:925} INFO - DAG(s) 'example_sla_dag' retrieved from /Users/karenwang/anaconda3/envs/airflow_sqlite_env/lib/python3.9/site-packages/airflow/example_dags/example_sla_dag.py
[2024-10-13T20:58:00.156-0400] {logging_mixin.py:190} INFO - [2024-10-13T20:58:00.156-0400] {dag.py:3239} INFO - Sync 1 DAGs
[2024-10-13T20:58:00.180-0400] {logging_mixin.py:190} INFO - [2024-10-13T20:58:00.180-0400] {dag.py:4180} INFO - Setting next_dagrun for example_sla_dag to 2024-10-14 00:56:00+00:00, run_after=2024-10-14 00:58:00+00:00
[2024-10-13T20:58:00.206-0400] {processor.py:208} INFO - Processing /Users/karenwang/anaconda3/envs/airflow_sqlite_env/lib/python3.9/site-packages/airflow/example_dags/example_sla_dag.py took 0.289 seconds
[2024-10-13T21:01:39.770-0400] {processor.py:186} INFO - Started process (PID=44548) to work on /Users/karenwang/anaconda3/envs/airflow_sqlite_env/lib/python3.9/site-packages/airflow/example_dags/example_sla_dag.py
[2024-10-13T21:01:39.771-0400] {processor.py:914} INFO - Processing file /Users/karenwang/anaconda3/envs/airflow_sqlite_env/lib/python3.9/site-packages/airflow/example_dags/example_sla_dag.py for tasks to queue
[2024-10-13T21:01:39.773-0400] {logging_mixin.py:190} INFO - [2024-10-13T21:01:39.772-0400] {dagbag.py:588} INFO - Filling up the DagBag from /Users/karenwang/anaconda3/envs/airflow_sqlite_env/lib/python3.9/site-packages/airflow/example_dags/example_sla_dag.py
[2024-10-13T21:01:39.865-0400] {processor.py:925} INFO - DAG(s) 'example_sla_dag' retrieved from /Users/karenwang/anaconda3/envs/airflow_sqlite_env/lib/python3.9/site-packages/airflow/example_dags/example_sla_dag.py
[2024-10-13T21:01:40.044-0400] {logging_mixin.py:190} INFO - [2024-10-13T21:01:40.044-0400] {dag.py:3239} INFO - Sync 1 DAGs
[2024-10-13T21:01:40.073-0400] {logging_mixin.py:190} INFO - [2024-10-13T21:01:40.073-0400] {dag.py:4180} INFO - Setting next_dagrun for example_sla_dag to 2024-10-14 00:58:00+00:00, run_after=2024-10-14 01:00:00+00:00
[2024-10-13T21:01:40.096-0400] {processor.py:208} INFO - Processing /Users/karenwang/anaconda3/envs/airflow_sqlite_env/lib/python3.9/site-packages/airflow/example_dags/example_sla_dag.py took 0.332 seconds
[2024-10-13T21:05:19.430-0400] {processor.py:186} INFO - Started process (PID=45691) to work on /Users/karenwang/anaconda3/envs/airflow_sqlite_env/lib/python3.9/site-packages/airflow/example_dags/example_sla_dag.py
[2024-10-13T21:05:19.431-0400] {processor.py:914} INFO - Processing file /Users/karenwang/anaconda3/envs/airflow_sqlite_env/lib/python3.9/site-packages/airflow/example_dags/example_sla_dag.py for tasks to queue
[2024-10-13T21:05:19.433-0400] {logging_mixin.py:190} INFO - [2024-10-13T21:05:19.432-0400] {dagbag.py:588} INFO - Filling up the DagBag from /Users/karenwang/anaconda3/envs/airflow_sqlite_env/lib/python3.9/site-packages/airflow/example_dags/example_sla_dag.py
[2024-10-13T21:05:19.531-0400] {processor.py:925} INFO - DAG(s) 'example_sla_dag' retrieved from /Users/karenwang/anaconda3/envs/airflow_sqlite_env/lib/python3.9/site-packages/airflow/example_dags/example_sla_dag.py
[2024-10-13T21:05:19.690-0400] {logging_mixin.py:190} INFO - [2024-10-13T21:05:19.689-0400] {dag.py:3239} INFO - Sync 1 DAGs
[2024-10-13T21:05:19.723-0400] {logging_mixin.py:190} INFO - [2024-10-13T21:05:19.722-0400] {dag.py:4180} INFO - Setting next_dagrun for example_sla_dag to 2024-10-14 01:02:00+00:00, run_after=2024-10-14 01:04:00+00:00
[2024-10-13T21:05:19.748-0400] {processor.py:208} INFO - Processing /Users/karenwang/anaconda3/envs/airflow_sqlite_env/lib/python3.9/site-packages/airflow/example_dags/example_sla_dag.py took 0.324 seconds
[2024-10-13T21:10:46.158-0400] {processor.py:186} INFO - Started process (PID=47455) to work on /Users/karenwang/anaconda3/envs/airflow_sqlite_env/lib/python3.9/site-packages/airflow/example_dags/example_sla_dag.py
[2024-10-13T21:10:46.160-0400] {processor.py:914} INFO - Processing file /Users/karenwang/anaconda3/envs/airflow_sqlite_env/lib/python3.9/site-packages/airflow/example_dags/example_sla_dag.py for tasks to queue
[2024-10-13T21:10:46.161-0400] {logging_mixin.py:190} INFO - [2024-10-13T21:10:46.161-0400] {dagbag.py:588} INFO - Filling up the DagBag from /Users/karenwang/anaconda3/envs/airflow_sqlite_env/lib/python3.9/site-packages/airflow/example_dags/example_sla_dag.py
[2024-10-13T21:10:46.276-0400] {processor.py:925} INFO - DAG(s) 'example_sla_dag' retrieved from /Users/karenwang/anaconda3/envs/airflow_sqlite_env/lib/python3.9/site-packages/airflow/example_dags/example_sla_dag.py
[2024-10-13T21:10:46.461-0400] {logging_mixin.py:190} INFO - [2024-10-13T21:10:46.461-0400] {dag.py:3239} INFO - Sync 1 DAGs
[2024-10-13T21:10:46.506-0400] {logging_mixin.py:190} INFO - [2024-10-13T21:10:46.505-0400] {dag.py:4180} INFO - Setting next_dagrun for example_sla_dag to 2024-10-14 01:08:00+00:00, run_after=2024-10-14 01:10:00+00:00
[2024-10-13T21:10:46.557-0400] {processor.py:208} INFO - Processing /Users/karenwang/anaconda3/envs/airflow_sqlite_env/lib/python3.9/site-packages/airflow/example_dags/example_sla_dag.py took 0.404 seconds
[2024-10-13T21:15:18.773-0400] {processor.py:186} INFO - Started process (PID=48951) to work on /Users/karenwang/anaconda3/envs/airflow_sqlite_env/lib/python3.9/site-packages/airflow/example_dags/example_sla_dag.py
[2024-10-13T21:15:18.774-0400] {processor.py:914} INFO - Processing file /Users/karenwang/anaconda3/envs/airflow_sqlite_env/lib/python3.9/site-packages/airflow/example_dags/example_sla_dag.py for tasks to queue
[2024-10-13T21:15:18.776-0400] {logging_mixin.py:190} INFO - [2024-10-13T21:15:18.775-0400] {dagbag.py:588} INFO - Filling up the DagBag from /Users/karenwang/anaconda3/envs/airflow_sqlite_env/lib/python3.9/site-packages/airflow/example_dags/example_sla_dag.py
[2024-10-13T21:15:18.882-0400] {processor.py:925} INFO - DAG(s) 'example_sla_dag' retrieved from /Users/karenwang/anaconda3/envs/airflow_sqlite_env/lib/python3.9/site-packages/airflow/example_dags/example_sla_dag.py
[2024-10-13T21:15:19.072-0400] {logging_mixin.py:190} INFO - [2024-10-13T21:15:19.071-0400] {dag.py:3239} INFO - Sync 1 DAGs
[2024-10-13T21:15:19.105-0400] {logging_mixin.py:190} INFO - [2024-10-13T21:15:19.105-0400] {dag.py:4180} INFO - Setting next_dagrun for example_sla_dag to 2024-10-14 01:12:00+00:00, run_after=2024-10-14 01:14:00+00:00
[2024-10-13T21:15:19.128-0400] {processor.py:208} INFO - Processing /Users/karenwang/anaconda3/envs/airflow_sqlite_env/lib/python3.9/site-packages/airflow/example_dags/example_sla_dag.py took 0.361 seconds
[2024-10-13T21:19:10.865-0400] {processor.py:186} INFO - Started process (PID=50305) to work on /Users/karenwang/anaconda3/envs/airflow_sqlite_env/lib/python3.9/site-packages/airflow/example_dags/example_sla_dag.py
[2024-10-13T21:19:10.867-0400] {processor.py:914} INFO - Processing file /Users/karenwang/anaconda3/envs/airflow_sqlite_env/lib/python3.9/site-packages/airflow/example_dags/example_sla_dag.py for tasks to queue
[2024-10-13T21:19:10.868-0400] {logging_mixin.py:190} INFO - [2024-10-13T21:19:10.868-0400] {dagbag.py:588} INFO - Filling up the DagBag from /Users/karenwang/anaconda3/envs/airflow_sqlite_env/lib/python3.9/site-packages/airflow/example_dags/example_sla_dag.py
[2024-10-13T21:19:10.962-0400] {processor.py:925} INFO - DAG(s) 'example_sla_dag' retrieved from /Users/karenwang/anaconda3/envs/airflow_sqlite_env/lib/python3.9/site-packages/airflow/example_dags/example_sla_dag.py
[2024-10-13T21:19:11.098-0400] {logging_mixin.py:190} INFO - [2024-10-13T21:19:11.098-0400] {dag.py:3239} INFO - Sync 1 DAGs
[2024-10-13T21:19:11.125-0400] {logging_mixin.py:190} INFO - [2024-10-13T21:19:11.124-0400] {dag.py:4180} INFO - Setting next_dagrun for example_sla_dag to 2024-10-14 01:16:00+00:00, run_after=2024-10-14 01:18:00+00:00
[2024-10-13T21:19:11.145-0400] {processor.py:208} INFO - Processing /Users/karenwang/anaconda3/envs/airflow_sqlite_env/lib/python3.9/site-packages/airflow/example_dags/example_sla_dag.py took 0.285 seconds
[2024-10-13T21:22:50.844-0400] {processor.py:186} INFO - Started process (PID=51435) to work on /Users/karenwang/anaconda3/envs/airflow_sqlite_env/lib/python3.9/site-packages/airflow/example_dags/example_sla_dag.py
[2024-10-13T21:22:50.846-0400] {processor.py:914} INFO - Processing file /Users/karenwang/anaconda3/envs/airflow_sqlite_env/lib/python3.9/site-packages/airflow/example_dags/example_sla_dag.py for tasks to queue
[2024-10-13T21:22:50.847-0400] {logging_mixin.py:190} INFO - [2024-10-13T21:22:50.847-0400] {dagbag.py:588} INFO - Filling up the DagBag from /Users/karenwang/anaconda3/envs/airflow_sqlite_env/lib/python3.9/site-packages/airflow/example_dags/example_sla_dag.py
[2024-10-13T21:22:50.947-0400] {processor.py:925} INFO - DAG(s) 'example_sla_dag' retrieved from /Users/karenwang/anaconda3/envs/airflow_sqlite_env/lib/python3.9/site-packages/airflow/example_dags/example_sla_dag.py
[2024-10-13T21:22:51.082-0400] {logging_mixin.py:190} INFO - [2024-10-13T21:22:51.082-0400] {dag.py:3239} INFO - Sync 1 DAGs
[2024-10-13T21:22:51.106-0400] {logging_mixin.py:190} INFO - [2024-10-13T21:22:51.106-0400] {dag.py:4180} INFO - Setting next_dagrun for example_sla_dag to 2024-10-14 01:20:00+00:00, run_after=2024-10-14 01:22:00+00:00
[2024-10-13T21:22:51.129-0400] {processor.py:208} INFO - Processing /Users/karenwang/anaconda3/envs/airflow_sqlite_env/lib/python3.9/site-packages/airflow/example_dags/example_sla_dag.py took 0.291 seconds
[2024-10-13T21:26:31.491-0400] {processor.py:186} INFO - Started process (PID=52574) to work on /Users/karenwang/anaconda3/envs/airflow_sqlite_env/lib/python3.9/site-packages/airflow/example_dags/example_sla_dag.py
[2024-10-13T21:26:31.492-0400] {processor.py:914} INFO - Processing file /Users/karenwang/anaconda3/envs/airflow_sqlite_env/lib/python3.9/site-packages/airflow/example_dags/example_sla_dag.py for tasks to queue
[2024-10-13T21:26:31.493-0400] {logging_mixin.py:190} INFO - [2024-10-13T21:26:31.493-0400] {dagbag.py:588} INFO - Filling up the DagBag from /Users/karenwang/anaconda3/envs/airflow_sqlite_env/lib/python3.9/site-packages/airflow/example_dags/example_sla_dag.py
[2024-10-13T21:26:31.581-0400] {processor.py:925} INFO - DAG(s) 'example_sla_dag' retrieved from /Users/karenwang/anaconda3/envs/airflow_sqlite_env/lib/python3.9/site-packages/airflow/example_dags/example_sla_dag.py
[2024-10-13T21:26:31.714-0400] {logging_mixin.py:190} INFO - [2024-10-13T21:26:31.714-0400] {dag.py:3239} INFO - Sync 1 DAGs
[2024-10-13T21:26:31.738-0400] {logging_mixin.py:190} INFO - [2024-10-13T21:26:31.738-0400] {dag.py:4180} INFO - Setting next_dagrun for example_sla_dag to 2024-10-14 01:24:00+00:00, run_after=2024-10-14 01:26:00+00:00
[2024-10-13T21:26:31.757-0400] {processor.py:208} INFO - Processing /Users/karenwang/anaconda3/envs/airflow_sqlite_env/lib/python3.9/site-packages/airflow/example_dags/example_sla_dag.py took 0.272 seconds
[2024-10-13T21:30:24.901-0400] {processor.py:186} INFO - Started process (PID=53814) to work on /Users/karenwang/anaconda3/envs/airflow_sqlite_env/lib/python3.9/site-packages/airflow/example_dags/example_sla_dag.py
[2024-10-13T21:30:24.902-0400] {processor.py:914} INFO - Processing file /Users/karenwang/anaconda3/envs/airflow_sqlite_env/lib/python3.9/site-packages/airflow/example_dags/example_sla_dag.py for tasks to queue
[2024-10-13T21:30:24.904-0400] {logging_mixin.py:190} INFO - [2024-10-13T21:30:24.903-0400] {dagbag.py:588} INFO - Filling up the DagBag from /Users/karenwang/anaconda3/envs/airflow_sqlite_env/lib/python3.9/site-packages/airflow/example_dags/example_sla_dag.py
[2024-10-13T21:30:24.999-0400] {processor.py:925} INFO - DAG(s) 'example_sla_dag' retrieved from /Users/karenwang/anaconda3/envs/airflow_sqlite_env/lib/python3.9/site-packages/airflow/example_dags/example_sla_dag.py
[2024-10-13T21:30:25.160-0400] {logging_mixin.py:190} INFO - [2024-10-13T21:30:25.160-0400] {dag.py:3239} INFO - Sync 1 DAGs
[2024-10-13T21:30:25.195-0400] {logging_mixin.py:190} INFO - [2024-10-13T21:30:25.194-0400] {dag.py:4180} INFO - Setting next_dagrun for example_sla_dag to 2024-10-14 01:28:00+00:00, run_after=2024-10-14 01:30:00+00:00
[2024-10-13T21:30:25.220-0400] {processor.py:208} INFO - Processing /Users/karenwang/anaconda3/envs/airflow_sqlite_env/lib/python3.9/site-packages/airflow/example_dags/example_sla_dag.py took 0.325 seconds
[2024-10-13T21:34:22.772-0400] {processor.py:186} INFO - Started process (PID=55034) to work on /Users/karenwang/anaconda3/envs/airflow_sqlite_env/lib/python3.9/site-packages/airflow/example_dags/example_sla_dag.py
[2024-10-13T21:34:22.774-0400] {processor.py:914} INFO - Processing file /Users/karenwang/anaconda3/envs/airflow_sqlite_env/lib/python3.9/site-packages/airflow/example_dags/example_sla_dag.py for tasks to queue
[2024-10-13T21:34:22.777-0400] {logging_mixin.py:190} INFO - [2024-10-13T21:34:22.776-0400] {dagbag.py:588} INFO - Filling up the DagBag from /Users/karenwang/anaconda3/envs/airflow_sqlite_env/lib/python3.9/site-packages/airflow/example_dags/example_sla_dag.py
[2024-10-13T21:34:22.871-0400] {processor.py:925} INFO - DAG(s) 'example_sla_dag' retrieved from /Users/karenwang/anaconda3/envs/airflow_sqlite_env/lib/python3.9/site-packages/airflow/example_dags/example_sla_dag.py
[2024-10-13T21:34:23.040-0400] {logging_mixin.py:190} INFO - [2024-10-13T21:34:23.040-0400] {dag.py:3239} INFO - Sync 1 DAGs
[2024-10-13T21:34:23.073-0400] {logging_mixin.py:190} INFO - [2024-10-13T21:34:23.072-0400] {dag.py:4180} INFO - Setting next_dagrun for example_sla_dag to 2024-10-14 01:32:00+00:00, run_after=2024-10-14 01:34:00+00:00
[2024-10-13T21:34:23.098-0400] {processor.py:208} INFO - Processing /Users/karenwang/anaconda3/envs/airflow_sqlite_env/lib/python3.9/site-packages/airflow/example_dags/example_sla_dag.py took 0.331 seconds
[2024-10-13T21:38:15.747-0400] {processor.py:186} INFO - Started process (PID=56275) to work on /Users/karenwang/anaconda3/envs/airflow_sqlite_env/lib/python3.9/site-packages/airflow/example_dags/example_sla_dag.py
[2024-10-13T21:38:15.749-0400] {processor.py:914} INFO - Processing file /Users/karenwang/anaconda3/envs/airflow_sqlite_env/lib/python3.9/site-packages/airflow/example_dags/example_sla_dag.py for tasks to queue
[2024-10-13T21:38:15.751-0400] {logging_mixin.py:190} INFO - [2024-10-13T21:38:15.751-0400] {dagbag.py:588} INFO - Filling up the DagBag from /Users/karenwang/anaconda3/envs/airflow_sqlite_env/lib/python3.9/site-packages/airflow/example_dags/example_sla_dag.py
[2024-10-13T21:38:15.849-0400] {processor.py:925} INFO - DAG(s) 'example_sla_dag' retrieved from /Users/karenwang/anaconda3/envs/airflow_sqlite_env/lib/python3.9/site-packages/airflow/example_dags/example_sla_dag.py
[2024-10-13T21:38:16.019-0400] {logging_mixin.py:190} INFO - [2024-10-13T21:38:16.018-0400] {dag.py:3239} INFO - Sync 1 DAGs
[2024-10-13T21:38:16.044-0400] {logging_mixin.py:190} INFO - [2024-10-13T21:38:16.044-0400] {dag.py:4180} INFO - Setting next_dagrun for example_sla_dag to 2024-10-14 01:36:00+00:00, run_after=2024-10-14 01:38:00+00:00
[2024-10-13T21:38:16.072-0400] {processor.py:208} INFO - Processing /Users/karenwang/anaconda3/envs/airflow_sqlite_env/lib/python3.9/site-packages/airflow/example_dags/example_sla_dag.py took 0.330 seconds
[2024-10-13T21:42:11.104-0400] {processor.py:186} INFO - Started process (PID=57488) to work on /Users/karenwang/anaconda3/envs/airflow_sqlite_env/lib/python3.9/site-packages/airflow/example_dags/example_sla_dag.py
[2024-10-13T21:42:11.106-0400] {processor.py:914} INFO - Processing file /Users/karenwang/anaconda3/envs/airflow_sqlite_env/lib/python3.9/site-packages/airflow/example_dags/example_sla_dag.py for tasks to queue
[2024-10-13T21:42:11.107-0400] {logging_mixin.py:190} INFO - [2024-10-13T21:42:11.107-0400] {dagbag.py:588} INFO - Filling up the DagBag from /Users/karenwang/anaconda3/envs/airflow_sqlite_env/lib/python3.9/site-packages/airflow/example_dags/example_sla_dag.py
[2024-10-13T21:42:11.209-0400] {processor.py:925} INFO - DAG(s) 'example_sla_dag' retrieved from /Users/karenwang/anaconda3/envs/airflow_sqlite_env/lib/python3.9/site-packages/airflow/example_dags/example_sla_dag.py
[2024-10-13T21:42:11.364-0400] {logging_mixin.py:190} INFO - [2024-10-13T21:42:11.364-0400] {dag.py:3239} INFO - Sync 1 DAGs
[2024-10-13T21:42:11.389-0400] {logging_mixin.py:190} INFO - [2024-10-13T21:42:11.389-0400] {dag.py:4180} INFO - Setting next_dagrun for example_sla_dag to 2024-10-14 01:40:00+00:00, run_after=2024-10-14 01:42:00+00:00
[2024-10-13T21:42:11.414-0400] {processor.py:208} INFO - Processing /Users/karenwang/anaconda3/envs/airflow_sqlite_env/lib/python3.9/site-packages/airflow/example_dags/example_sla_dag.py took 0.316 seconds
[2024-10-13T21:46:02.415-0400] {processor.py:186} INFO - Started process (PID=58655) to work on /Users/karenwang/anaconda3/envs/airflow_sqlite_env/lib/python3.9/site-packages/airflow/example_dags/example_sla_dag.py
[2024-10-13T21:46:02.417-0400] {processor.py:914} INFO - Processing file /Users/karenwang/anaconda3/envs/airflow_sqlite_env/lib/python3.9/site-packages/airflow/example_dags/example_sla_dag.py for tasks to queue
[2024-10-13T21:46:02.419-0400] {logging_mixin.py:190} INFO - [2024-10-13T21:46:02.418-0400] {dagbag.py:588} INFO - Filling up the DagBag from /Users/karenwang/anaconda3/envs/airflow_sqlite_env/lib/python3.9/site-packages/airflow/example_dags/example_sla_dag.py
[2024-10-13T21:46:02.518-0400] {processor.py:925} INFO - DAG(s) 'example_sla_dag' retrieved from /Users/karenwang/anaconda3/envs/airflow_sqlite_env/lib/python3.9/site-packages/airflow/example_dags/example_sla_dag.py
[2024-10-13T21:46:02.696-0400] {logging_mixin.py:190} INFO - [2024-10-13T21:46:02.696-0400] {dag.py:3239} INFO - Sync 1 DAGs
[2024-10-13T21:46:02.726-0400] {logging_mixin.py:190} INFO - [2024-10-13T21:46:02.726-0400] {dag.py:4180} INFO - Setting next_dagrun for example_sla_dag to 2024-10-14 01:44:00+00:00, run_after=2024-10-14 01:46:00+00:00
[2024-10-13T21:46:02.750-0400] {processor.py:208} INFO - Processing /Users/karenwang/anaconda3/envs/airflow_sqlite_env/lib/python3.9/site-packages/airflow/example_dags/example_sla_dag.py took 0.343 seconds
[2024-10-13T21:50:03.367-0400] {processor.py:186} INFO - Started process (PID=59936) to work on /Users/karenwang/anaconda3/envs/airflow_sqlite_env/lib/python3.9/site-packages/airflow/example_dags/example_sla_dag.py
[2024-10-13T21:50:03.369-0400] {processor.py:914} INFO - Processing file /Users/karenwang/anaconda3/envs/airflow_sqlite_env/lib/python3.9/site-packages/airflow/example_dags/example_sla_dag.py for tasks to queue
[2024-10-13T21:50:03.371-0400] {logging_mixin.py:190} INFO - [2024-10-13T21:50:03.370-0400] {dagbag.py:588} INFO - Filling up the DagBag from /Users/karenwang/anaconda3/envs/airflow_sqlite_env/lib/python3.9/site-packages/airflow/example_dags/example_sla_dag.py
[2024-10-13T21:50:03.470-0400] {processor.py:925} INFO - DAG(s) 'example_sla_dag' retrieved from /Users/karenwang/anaconda3/envs/airflow_sqlite_env/lib/python3.9/site-packages/airflow/example_dags/example_sla_dag.py
[2024-10-13T21:50:03.630-0400] {logging_mixin.py:190} INFO - [2024-10-13T21:50:03.630-0400] {dag.py:3239} INFO - Sync 1 DAGs
[2024-10-13T21:50:03.659-0400] {logging_mixin.py:190} INFO - [2024-10-13T21:50:03.658-0400] {dag.py:4180} INFO - Setting next_dagrun for example_sla_dag to 2024-10-14 01:48:00+00:00, run_after=2024-10-14 01:50:00+00:00
[2024-10-13T21:50:03.684-0400] {processor.py:208} INFO - Processing /Users/karenwang/anaconda3/envs/airflow_sqlite_env/lib/python3.9/site-packages/airflow/example_dags/example_sla_dag.py took 0.323 seconds
[2024-10-13T21:54:06.027-0400] {processor.py:186} INFO - Started process (PID=61171) to work on /Users/karenwang/anaconda3/envs/airflow_sqlite_env/lib/python3.9/site-packages/airflow/example_dags/example_sla_dag.py
[2024-10-13T21:54:06.029-0400] {processor.py:914} INFO - Processing file /Users/karenwang/anaconda3/envs/airflow_sqlite_env/lib/python3.9/site-packages/airflow/example_dags/example_sla_dag.py for tasks to queue
[2024-10-13T21:54:06.031-0400] {logging_mixin.py:190} INFO - [2024-10-13T21:54:06.031-0400] {dagbag.py:588} INFO - Filling up the DagBag from /Users/karenwang/anaconda3/envs/airflow_sqlite_env/lib/python3.9/site-packages/airflow/example_dags/example_sla_dag.py
[2024-10-13T21:54:06.141-0400] {processor.py:925} INFO - DAG(s) 'example_sla_dag' retrieved from /Users/karenwang/anaconda3/envs/airflow_sqlite_env/lib/python3.9/site-packages/airflow/example_dags/example_sla_dag.py
[2024-10-13T21:54:06.307-0400] {logging_mixin.py:190} INFO - [2024-10-13T21:54:06.307-0400] {dag.py:3239} INFO - Sync 1 DAGs
[2024-10-13T21:54:06.340-0400] {logging_mixin.py:190} INFO - [2024-10-13T21:54:06.339-0400] {dag.py:4180} INFO - Setting next_dagrun for example_sla_dag to 2024-10-14 01:52:00+00:00, run_after=2024-10-14 01:54:00+00:00
[2024-10-13T21:54:06.365-0400] {processor.py:208} INFO - Processing /Users/karenwang/anaconda3/envs/airflow_sqlite_env/lib/python3.9/site-packages/airflow/example_dags/example_sla_dag.py took 0.344 seconds
[2024-10-13T21:58:01.596-0400] {processor.py:186} INFO - Started process (PID=62398) to work on /Users/karenwang/anaconda3/envs/airflow_sqlite_env/lib/python3.9/site-packages/airflow/example_dags/example_sla_dag.py
[2024-10-13T21:58:01.599-0400] {processor.py:914} INFO - Processing file /Users/karenwang/anaconda3/envs/airflow_sqlite_env/lib/python3.9/site-packages/airflow/example_dags/example_sla_dag.py for tasks to queue
[2024-10-13T21:58:01.600-0400] {logging_mixin.py:190} INFO - [2024-10-13T21:58:01.600-0400] {dagbag.py:588} INFO - Filling up the DagBag from /Users/karenwang/anaconda3/envs/airflow_sqlite_env/lib/python3.9/site-packages/airflow/example_dags/example_sla_dag.py
[2024-10-13T21:58:01.695-0400] {processor.py:925} INFO - DAG(s) 'example_sla_dag' retrieved from /Users/karenwang/anaconda3/envs/airflow_sqlite_env/lib/python3.9/site-packages/airflow/example_dags/example_sla_dag.py
[2024-10-13T21:58:01.857-0400] {logging_mixin.py:190} INFO - [2024-10-13T21:58:01.856-0400] {dag.py:3239} INFO - Sync 1 DAGs
[2024-10-13T21:58:01.889-0400] {logging_mixin.py:190} INFO - [2024-10-13T21:58:01.889-0400] {dag.py:4180} INFO - Setting next_dagrun for example_sla_dag to 2024-10-14 01:56:00+00:00, run_after=2024-10-14 01:58:00+00:00
[2024-10-13T21:58:01.910-0400] {processor.py:208} INFO - Processing /Users/karenwang/anaconda3/envs/airflow_sqlite_env/lib/python3.9/site-packages/airflow/example_dags/example_sla_dag.py took 0.319 seconds
[2024-10-13T22:01:50.365-0400] {processor.py:186} INFO - Started process (PID=63577) to work on /Users/karenwang/anaconda3/envs/airflow_sqlite_env/lib/python3.9/site-packages/airflow/example_dags/example_sla_dag.py
[2024-10-13T22:01:50.367-0400] {processor.py:914} INFO - Processing file /Users/karenwang/anaconda3/envs/airflow_sqlite_env/lib/python3.9/site-packages/airflow/example_dags/example_sla_dag.py for tasks to queue
[2024-10-13T22:01:50.368-0400] {logging_mixin.py:190} INFO - [2024-10-13T22:01:50.368-0400] {dagbag.py:588} INFO - Filling up the DagBag from /Users/karenwang/anaconda3/envs/airflow_sqlite_env/lib/python3.9/site-packages/airflow/example_dags/example_sla_dag.py
[2024-10-13T22:01:50.461-0400] {processor.py:925} INFO - DAG(s) 'example_sla_dag' retrieved from /Users/karenwang/anaconda3/envs/airflow_sqlite_env/lib/python3.9/site-packages/airflow/example_dags/example_sla_dag.py
[2024-10-13T22:01:50.612-0400] {logging_mixin.py:190} INFO - [2024-10-13T22:01:50.611-0400] {dag.py:3239} INFO - Sync 1 DAGs
[2024-10-13T22:01:50.640-0400] {logging_mixin.py:190} INFO - [2024-10-13T22:01:50.640-0400] {dag.py:4180} INFO - Setting next_dagrun for example_sla_dag to 2024-10-14 01:58:00+00:00, run_after=2024-10-14 02:00:00+00:00
[2024-10-13T22:01:50.661-0400] {processor.py:208} INFO - Processing /Users/karenwang/anaconda3/envs/airflow_sqlite_env/lib/python3.9/site-packages/airflow/example_dags/example_sla_dag.py took 0.302 seconds
[2024-10-13T22:05:45.068-0400] {processor.py:186} INFO - Started process (PID=64779) to work on /Users/karenwang/anaconda3/envs/airflow_sqlite_env/lib/python3.9/site-packages/airflow/example_dags/example_sla_dag.py
[2024-10-13T22:05:45.070-0400] {processor.py:914} INFO - Processing file /Users/karenwang/anaconda3/envs/airflow_sqlite_env/lib/python3.9/site-packages/airflow/example_dags/example_sla_dag.py for tasks to queue
[2024-10-13T22:05:45.071-0400] {logging_mixin.py:190} INFO - [2024-10-13T22:05:45.071-0400] {dagbag.py:588} INFO - Filling up the DagBag from /Users/karenwang/anaconda3/envs/airflow_sqlite_env/lib/python3.9/site-packages/airflow/example_dags/example_sla_dag.py
[2024-10-13T22:05:45.171-0400] {processor.py:925} INFO - DAG(s) 'example_sla_dag' retrieved from /Users/karenwang/anaconda3/envs/airflow_sqlite_env/lib/python3.9/site-packages/airflow/example_dags/example_sla_dag.py
[2024-10-13T22:05:45.334-0400] {logging_mixin.py:190} INFO - [2024-10-13T22:05:45.334-0400] {dag.py:3239} INFO - Sync 1 DAGs
[2024-10-13T22:05:45.359-0400] {logging_mixin.py:190} INFO - [2024-10-13T22:05:45.358-0400] {dag.py:4180} INFO - Setting next_dagrun for example_sla_dag to 2024-10-14 02:02:00+00:00, run_after=2024-10-14 02:04:00+00:00
[2024-10-13T22:05:45.382-0400] {processor.py:208} INFO - Processing /Users/karenwang/anaconda3/envs/airflow_sqlite_env/lib/python3.9/site-packages/airflow/example_dags/example_sla_dag.py took 0.321 seconds
[2024-10-13T22:09:41.855-0400] {processor.py:186} INFO - Started process (PID=65999) to work on /Users/karenwang/anaconda3/envs/airflow_sqlite_env/lib/python3.9/site-packages/airflow/example_dags/example_sla_dag.py
[2024-10-13T22:09:41.856-0400] {processor.py:914} INFO - Processing file /Users/karenwang/anaconda3/envs/airflow_sqlite_env/lib/python3.9/site-packages/airflow/example_dags/example_sla_dag.py for tasks to queue
[2024-10-13T22:09:41.857-0400] {logging_mixin.py:190} INFO - [2024-10-13T22:09:41.857-0400] {dagbag.py:588} INFO - Filling up the DagBag from /Users/karenwang/anaconda3/envs/airflow_sqlite_env/lib/python3.9/site-packages/airflow/example_dags/example_sla_dag.py
[2024-10-13T22:09:41.988-0400] {processor.py:925} INFO - DAG(s) 'example_sla_dag' retrieved from /Users/karenwang/anaconda3/envs/airflow_sqlite_env/lib/python3.9/site-packages/airflow/example_dags/example_sla_dag.py
[2024-10-13T22:09:42.202-0400] {logging_mixin.py:190} INFO - [2024-10-13T22:09:42.202-0400] {dag.py:3239} INFO - Sync 1 DAGs
[2024-10-13T22:09:42.241-0400] {logging_mixin.py:190} INFO - [2024-10-13T22:09:42.241-0400] {dag.py:4180} INFO - Setting next_dagrun for example_sla_dag to 2024-10-14 02:06:00+00:00, run_after=2024-10-14 02:08:00+00:00
[2024-10-13T22:09:42.267-0400] {processor.py:208} INFO - Processing /Users/karenwang/anaconda3/envs/airflow_sqlite_env/lib/python3.9/site-packages/airflow/example_dags/example_sla_dag.py took 0.419 seconds
[2024-10-13T22:13:34.420-0400] {processor.py:186} INFO - Started process (PID=67198) to work on /Users/karenwang/anaconda3/envs/airflow_sqlite_env/lib/python3.9/site-packages/airflow/example_dags/example_sla_dag.py
[2024-10-13T22:13:34.422-0400] {processor.py:914} INFO - Processing file /Users/karenwang/anaconda3/envs/airflow_sqlite_env/lib/python3.9/site-packages/airflow/example_dags/example_sla_dag.py for tasks to queue
[2024-10-13T22:13:34.424-0400] {logging_mixin.py:190} INFO - [2024-10-13T22:13:34.424-0400] {dagbag.py:588} INFO - Filling up the DagBag from /Users/karenwang/anaconda3/envs/airflow_sqlite_env/lib/python3.9/site-packages/airflow/example_dags/example_sla_dag.py
[2024-10-13T22:13:34.528-0400] {processor.py:925} INFO - DAG(s) 'example_sla_dag' retrieved from /Users/karenwang/anaconda3/envs/airflow_sqlite_env/lib/python3.9/site-packages/airflow/example_dags/example_sla_dag.py
[2024-10-13T22:13:34.695-0400] {logging_mixin.py:190} INFO - [2024-10-13T22:13:34.694-0400] {dag.py:3239} INFO - Sync 1 DAGs
[2024-10-13T22:13:34.720-0400] {logging_mixin.py:190} INFO - [2024-10-13T22:13:34.720-0400] {dag.py:4180} INFO - Setting next_dagrun for example_sla_dag to 2024-10-14 02:10:00+00:00, run_after=2024-10-14 02:12:00+00:00
[2024-10-13T22:13:34.746-0400] {processor.py:208} INFO - Processing /Users/karenwang/anaconda3/envs/airflow_sqlite_env/lib/python3.9/site-packages/airflow/example_dags/example_sla_dag.py took 0.333 seconds
[2024-10-13T22:17:37.275-0400] {processor.py:186} INFO - Started process (PID=68431) to work on /Users/karenwang/anaconda3/envs/airflow_sqlite_env/lib/python3.9/site-packages/airflow/example_dags/example_sla_dag.py
[2024-10-13T22:17:37.277-0400] {processor.py:914} INFO - Processing file /Users/karenwang/anaconda3/envs/airflow_sqlite_env/lib/python3.9/site-packages/airflow/example_dags/example_sla_dag.py for tasks to queue
[2024-10-13T22:17:37.278-0400] {logging_mixin.py:190} INFO - [2024-10-13T22:17:37.278-0400] {dagbag.py:588} INFO - Filling up the DagBag from /Users/karenwang/anaconda3/envs/airflow_sqlite_env/lib/python3.9/site-packages/airflow/example_dags/example_sla_dag.py
[2024-10-13T22:17:37.382-0400] {processor.py:925} INFO - DAG(s) 'example_sla_dag' retrieved from /Users/karenwang/anaconda3/envs/airflow_sqlite_env/lib/python3.9/site-packages/airflow/example_dags/example_sla_dag.py
[2024-10-13T22:17:37.539-0400] {logging_mixin.py:190} INFO - [2024-10-13T22:17:37.538-0400] {dag.py:3239} INFO - Sync 1 DAGs
[2024-10-13T22:17:37.570-0400] {logging_mixin.py:190} INFO - [2024-10-13T22:17:37.569-0400] {dag.py:4180} INFO - Setting next_dagrun for example_sla_dag to 2024-10-14 02:14:00+00:00, run_after=2024-10-14 02:16:00+00:00
[2024-10-13T22:17:37.592-0400] {processor.py:208} INFO - Processing /Users/karenwang/anaconda3/envs/airflow_sqlite_env/lib/python3.9/site-packages/airflow/example_dags/example_sla_dag.py took 0.323 seconds
[2024-10-13T22:21:36.293-0400] {processor.py:186} INFO - Started process (PID=69656) to work on /Users/karenwang/anaconda3/envs/airflow_sqlite_env/lib/python3.9/site-packages/airflow/example_dags/example_sla_dag.py
[2024-10-13T22:21:36.294-0400] {processor.py:914} INFO - Processing file /Users/karenwang/anaconda3/envs/airflow_sqlite_env/lib/python3.9/site-packages/airflow/example_dags/example_sla_dag.py for tasks to queue
[2024-10-13T22:21:36.296-0400] {logging_mixin.py:190} INFO - [2024-10-13T22:21:36.295-0400] {dagbag.py:588} INFO - Filling up the DagBag from /Users/karenwang/anaconda3/envs/airflow_sqlite_env/lib/python3.9/site-packages/airflow/example_dags/example_sla_dag.py
[2024-10-13T22:21:36.400-0400] {processor.py:925} INFO - DAG(s) 'example_sla_dag' retrieved from /Users/karenwang/anaconda3/envs/airflow_sqlite_env/lib/python3.9/site-packages/airflow/example_dags/example_sla_dag.py
[2024-10-13T22:21:36.558-0400] {logging_mixin.py:190} INFO - [2024-10-13T22:21:36.557-0400] {dag.py:3239} INFO - Sync 1 DAGs
[2024-10-13T22:21:36.584-0400] {logging_mixin.py:190} INFO - [2024-10-13T22:21:36.584-0400] {dag.py:4180} INFO - Setting next_dagrun for example_sla_dag to 2024-10-14 02:18:00+00:00, run_after=2024-10-14 02:20:00+00:00
[2024-10-13T22:21:36.602-0400] {processor.py:208} INFO - Processing /Users/karenwang/anaconda3/envs/airflow_sqlite_env/lib/python3.9/site-packages/airflow/example_dags/example_sla_dag.py took 0.315 seconds
[2024-10-13T22:25:46.430-0400] {processor.py:186} INFO - Started process (PID=71006) to work on /Users/karenwang/anaconda3/envs/airflow_sqlite_env/lib/python3.9/site-packages/airflow/example_dags/example_sla_dag.py
[2024-10-13T22:25:46.432-0400] {processor.py:914} INFO - Processing file /Users/karenwang/anaconda3/envs/airflow_sqlite_env/lib/python3.9/site-packages/airflow/example_dags/example_sla_dag.py for tasks to queue
[2024-10-13T22:25:46.433-0400] {logging_mixin.py:190} INFO - [2024-10-13T22:25:46.433-0400] {dagbag.py:588} INFO - Filling up the DagBag from /Users/karenwang/anaconda3/envs/airflow_sqlite_env/lib/python3.9/site-packages/airflow/example_dags/example_sla_dag.py
[2024-10-13T22:25:46.533-0400] {processor.py:925} INFO - DAG(s) 'example_sla_dag' retrieved from /Users/karenwang/anaconda3/envs/airflow_sqlite_env/lib/python3.9/site-packages/airflow/example_dags/example_sla_dag.py
[2024-10-13T22:25:46.715-0400] {logging_mixin.py:190} INFO - [2024-10-13T22:25:46.714-0400] {dag.py:3239} INFO - Sync 1 DAGs
[2024-10-13T22:25:46.747-0400] {logging_mixin.py:190} INFO - [2024-10-13T22:25:46.746-0400] {dag.py:4180} INFO - Setting next_dagrun for example_sla_dag to 2024-10-14 02:22:00+00:00, run_after=2024-10-14 02:24:00+00:00
[2024-10-13T22:25:46.772-0400] {processor.py:208} INFO - Processing /Users/karenwang/anaconda3/envs/airflow_sqlite_env/lib/python3.9/site-packages/airflow/example_dags/example_sla_dag.py took 0.349 seconds
[2024-10-13T22:34:23.221-0400] {processor.py:186} INFO - Started process (PID=73911) to work on /Users/karenwang/anaconda3/envs/airflow_sqlite_env/lib/python3.9/site-packages/airflow/example_dags/example_sla_dag.py
[2024-10-13T22:34:23.223-0400] {processor.py:914} INFO - Processing file /Users/karenwang/anaconda3/envs/airflow_sqlite_env/lib/python3.9/site-packages/airflow/example_dags/example_sla_dag.py for tasks to queue
[2024-10-13T22:34:23.225-0400] {logging_mixin.py:190} INFO - [2024-10-13T22:34:23.224-0400] {dagbag.py:588} INFO - Filling up the DagBag from /Users/karenwang/anaconda3/envs/airflow_sqlite_env/lib/python3.9/site-packages/airflow/example_dags/example_sla_dag.py
[2024-10-13T22:34:23.323-0400] {processor.py:925} INFO - DAG(s) 'example_sla_dag' retrieved from /Users/karenwang/anaconda3/envs/airflow_sqlite_env/lib/python3.9/site-packages/airflow/example_dags/example_sla_dag.py
[2024-10-13T22:34:23.454-0400] {logging_mixin.py:190} INFO - [2024-10-13T22:34:23.453-0400] {dag.py:3239} INFO - Sync 1 DAGs
[2024-10-13T22:34:23.476-0400] {logging_mixin.py:190} INFO - [2024-10-13T22:34:23.476-0400] {dag.py:4180} INFO - Setting next_dagrun for example_sla_dag to 2024-10-14 02:32:00+00:00, run_after=2024-10-14 02:34:00+00:00
[2024-10-13T22:34:23.497-0400] {processor.py:208} INFO - Processing /Users/karenwang/anaconda3/envs/airflow_sqlite_env/lib/python3.9/site-packages/airflow/example_dags/example_sla_dag.py took 0.281 seconds
[2024-10-13T22:41:33.942-0400] {processor.py:186} INFO - Started process (PID=76290) to work on /Users/karenwang/anaconda3/envs/airflow_sqlite_env/lib/python3.9/site-packages/airflow/example_dags/example_sla_dag.py
[2024-10-13T22:41:33.943-0400] {processor.py:914} INFO - Processing file /Users/karenwang/anaconda3/envs/airflow_sqlite_env/lib/python3.9/site-packages/airflow/example_dags/example_sla_dag.py for tasks to queue
[2024-10-13T22:41:33.945-0400] {logging_mixin.py:190} INFO - [2024-10-13T22:41:33.945-0400] {dagbag.py:588} INFO - Filling up the DagBag from /Users/karenwang/anaconda3/envs/airflow_sqlite_env/lib/python3.9/site-packages/airflow/example_dags/example_sla_dag.py
[2024-10-13T22:41:34.062-0400] {processor.py:925} INFO - DAG(s) 'example_sla_dag' retrieved from /Users/karenwang/anaconda3/envs/airflow_sqlite_env/lib/python3.9/site-packages/airflow/example_dags/example_sla_dag.py
[2024-10-13T22:41:34.253-0400] {logging_mixin.py:190} INFO - [2024-10-13T22:41:34.252-0400] {dag.py:3239} INFO - Sync 1 DAGs
[2024-10-13T22:41:34.292-0400] {logging_mixin.py:190} INFO - [2024-10-13T22:41:34.292-0400] {dag.py:4180} INFO - Setting next_dagrun for example_sla_dag to 2024-10-14 02:38:00+00:00, run_after=2024-10-14 02:40:00+00:00
[2024-10-13T22:41:34.321-0400] {processor.py:208} INFO - Processing /Users/karenwang/anaconda3/envs/airflow_sqlite_env/lib/python3.9/site-packages/airflow/example_dags/example_sla_dag.py took 0.386 seconds
