[2024-10-13T20:02:39.101-0400] {processor.py:186} INFO - Started process (PID=25917) to work on /Users/karenwang/anaconda3/envs/airflow_sqlite_env/lib/python3.9/site-packages/airflow/example_dags/example_latest_only.py
[2024-10-13T20:02:39.103-0400] {processor.py:914} INFO - Processing file /Users/karenwang/anaconda3/envs/airflow_sqlite_env/lib/python3.9/site-packages/airflow/example_dags/example_latest_only.py for tasks to queue
[2024-10-13T20:02:39.104-0400] {logging_mixin.py:190} INFO - [2024-10-13T20:02:39.104-0400] {dagbag.py:588} INFO - Filling up the DagBag from /Users/karenwang/anaconda3/envs/airflow_sqlite_env/lib/python3.9/site-packages/airflow/example_dags/example_latest_only.py
[2024-10-13T20:02:39.116-0400] {processor.py:925} INFO - DAG(s) 'latest_only' retrieved from /Users/karenwang/anaconda3/envs/airflow_sqlite_env/lib/python3.9/site-packages/airflow/example_dags/example_latest_only.py
[2024-10-13T20:02:39.382-0400] {logging_mixin.py:190} INFO - [2024-10-13T20:02:39.381-0400] {dag.py:3239} INFO - Sync 1 DAGs
[2024-10-13T20:02:39.403-0400] {logging_mixin.py:190} INFO - [2024-10-13T20:02:39.403-0400] {dag.py:4180} INFO - Setting next_dagrun for latest_only to 2024-10-13 20:00:00+00:00, run_after=2024-10-14 00:00:00+00:00
[2024-10-13T20:02:39.427-0400] {processor.py:208} INFO - Processing /Users/karenwang/anaconda3/envs/airflow_sqlite_env/lib/python3.9/site-packages/airflow/example_dags/example_latest_only.py took 0.333 seconds
[2024-10-13T20:06:50.112-0400] {processor.py:186} INFO - Started process (PID=27220) to work on /Users/karenwang/anaconda3/envs/airflow_sqlite_env/lib/python3.9/site-packages/airflow/example_dags/example_latest_only.py
[2024-10-13T20:06:50.113-0400] {processor.py:914} INFO - Processing file /Users/karenwang/anaconda3/envs/airflow_sqlite_env/lib/python3.9/site-packages/airflow/example_dags/example_latest_only.py for tasks to queue
[2024-10-13T20:06:50.114-0400] {logging_mixin.py:190} INFO - [2024-10-13T20:06:50.114-0400] {dagbag.py:588} INFO - Filling up the DagBag from /Users/karenwang/anaconda3/envs/airflow_sqlite_env/lib/python3.9/site-packages/airflow/example_dags/example_latest_only.py
[2024-10-13T20:06:50.123-0400] {processor.py:925} INFO - DAG(s) 'latest_only' retrieved from /Users/karenwang/anaconda3/envs/airflow_sqlite_env/lib/python3.9/site-packages/airflow/example_dags/example_latest_only.py
[2024-10-13T20:06:50.328-0400] {logging_mixin.py:190} INFO - [2024-10-13T20:06:50.328-0400] {dag.py:3239} INFO - Sync 1 DAGs
[2024-10-13T20:06:50.349-0400] {logging_mixin.py:190} INFO - [2024-10-13T20:06:50.349-0400] {dag.py:4180} INFO - Setting next_dagrun for latest_only to 2024-10-13 20:00:00+00:00, run_after=2024-10-14 00:00:00+00:00
[2024-10-13T20:06:50.368-0400] {processor.py:208} INFO - Processing /Users/karenwang/anaconda3/envs/airflow_sqlite_env/lib/python3.9/site-packages/airflow/example_dags/example_latest_only.py took 0.263 seconds
[2024-10-13T20:10:48.763-0400] {processor.py:186} INFO - Started process (PID=28446) to work on /Users/karenwang/anaconda3/envs/airflow_sqlite_env/lib/python3.9/site-packages/airflow/example_dags/example_latest_only.py
[2024-10-13T20:10:48.764-0400] {processor.py:914} INFO - Processing file /Users/karenwang/anaconda3/envs/airflow_sqlite_env/lib/python3.9/site-packages/airflow/example_dags/example_latest_only.py for tasks to queue
[2024-10-13T20:10:48.766-0400] {logging_mixin.py:190} INFO - [2024-10-13T20:10:48.765-0400] {dagbag.py:588} INFO - Filling up the DagBag from /Users/karenwang/anaconda3/envs/airflow_sqlite_env/lib/python3.9/site-packages/airflow/example_dags/example_latest_only.py
[2024-10-13T20:10:48.779-0400] {processor.py:925} INFO - DAG(s) 'latest_only' retrieved from /Users/karenwang/anaconda3/envs/airflow_sqlite_env/lib/python3.9/site-packages/airflow/example_dags/example_latest_only.py
[2024-10-13T20:10:49.024-0400] {logging_mixin.py:190} INFO - [2024-10-13T20:10:49.024-0400] {dag.py:3239} INFO - Sync 1 DAGs
[2024-10-13T20:10:49.057-0400] {logging_mixin.py:190} INFO - [2024-10-13T20:10:49.057-0400] {dag.py:4180} INFO - Setting next_dagrun for latest_only to 2024-10-13 20:00:00+00:00, run_after=2024-10-14 00:00:00+00:00
[2024-10-13T20:10:49.084-0400] {processor.py:208} INFO - Processing /Users/karenwang/anaconda3/envs/airflow_sqlite_env/lib/python3.9/site-packages/airflow/example_dags/example_latest_only.py took 0.327 seconds
[2024-10-13T20:14:48.122-0400] {processor.py:186} INFO - Started process (PID=29663) to work on /Users/karenwang/anaconda3/envs/airflow_sqlite_env/lib/python3.9/site-packages/airflow/example_dags/example_latest_only.py
[2024-10-13T20:14:48.124-0400] {processor.py:914} INFO - Processing file /Users/karenwang/anaconda3/envs/airflow_sqlite_env/lib/python3.9/site-packages/airflow/example_dags/example_latest_only.py for tasks to queue
[2024-10-13T20:14:48.125-0400] {logging_mixin.py:190} INFO - [2024-10-13T20:14:48.125-0400] {dagbag.py:588} INFO - Filling up the DagBag from /Users/karenwang/anaconda3/envs/airflow_sqlite_env/lib/python3.9/site-packages/airflow/example_dags/example_latest_only.py
[2024-10-13T20:14:48.134-0400] {processor.py:925} INFO - DAG(s) 'latest_only' retrieved from /Users/karenwang/anaconda3/envs/airflow_sqlite_env/lib/python3.9/site-packages/airflow/example_dags/example_latest_only.py
[2024-10-13T20:14:48.329-0400] {logging_mixin.py:190} INFO - [2024-10-13T20:14:48.329-0400] {dag.py:3239} INFO - Sync 1 DAGs
[2024-10-13T20:14:48.350-0400] {logging_mixin.py:190} INFO - [2024-10-13T20:14:48.350-0400] {dag.py:4180} INFO - Setting next_dagrun for latest_only to 2024-10-13 20:00:00+00:00, run_after=2024-10-14 00:00:00+00:00
[2024-10-13T20:14:48.373-0400] {processor.py:208} INFO - Processing /Users/karenwang/anaconda3/envs/airflow_sqlite_env/lib/python3.9/site-packages/airflow/example_dags/example_latest_only.py took 0.256 seconds
[2024-10-13T20:18:59.107-0400] {processor.py:186} INFO - Started process (PID=30948) to work on /Users/karenwang/anaconda3/envs/airflow_sqlite_env/lib/python3.9/site-packages/airflow/example_dags/example_latest_only.py
[2024-10-13T20:18:59.108-0400] {processor.py:914} INFO - Processing file /Users/karenwang/anaconda3/envs/airflow_sqlite_env/lib/python3.9/site-packages/airflow/example_dags/example_latest_only.py for tasks to queue
[2024-10-13T20:18:59.110-0400] {logging_mixin.py:190} INFO - [2024-10-13T20:18:59.110-0400] {dagbag.py:588} INFO - Filling up the DagBag from /Users/karenwang/anaconda3/envs/airflow_sqlite_env/lib/python3.9/site-packages/airflow/example_dags/example_latest_only.py
[2024-10-13T20:18:59.120-0400] {processor.py:925} INFO - DAG(s) 'latest_only' retrieved from /Users/karenwang/anaconda3/envs/airflow_sqlite_env/lib/python3.9/site-packages/airflow/example_dags/example_latest_only.py
[2024-10-13T20:18:59.352-0400] {logging_mixin.py:190} INFO - [2024-10-13T20:18:59.352-0400] {dag.py:3239} INFO - Sync 1 DAGs
[2024-10-13T20:18:59.379-0400] {logging_mixin.py:190} INFO - [2024-10-13T20:18:59.378-0400] {dag.py:4180} INFO - Setting next_dagrun for latest_only to 2024-10-13 20:00:00+00:00, run_after=2024-10-14 00:00:00+00:00
[2024-10-13T20:18:59.399-0400] {processor.py:208} INFO - Processing /Users/karenwang/anaconda3/envs/airflow_sqlite_env/lib/python3.9/site-packages/airflow/example_dags/example_latest_only.py took 0.298 seconds
[2024-10-13T20:23:23.317-0400] {processor.py:186} INFO - Started process (PID=32429) to work on /Users/karenwang/anaconda3/envs/airflow_sqlite_env/lib/python3.9/site-packages/airflow/example_dags/example_latest_only.py
[2024-10-13T20:23:23.319-0400] {processor.py:914} INFO - Processing file /Users/karenwang/anaconda3/envs/airflow_sqlite_env/lib/python3.9/site-packages/airflow/example_dags/example_latest_only.py for tasks to queue
[2024-10-13T20:23:23.320-0400] {logging_mixin.py:190} INFO - [2024-10-13T20:23:23.320-0400] {dagbag.py:588} INFO - Filling up the DagBag from /Users/karenwang/anaconda3/envs/airflow_sqlite_env/lib/python3.9/site-packages/airflow/example_dags/example_latest_only.py
[2024-10-13T20:23:23.329-0400] {processor.py:925} INFO - DAG(s) 'latest_only' retrieved from /Users/karenwang/anaconda3/envs/airflow_sqlite_env/lib/python3.9/site-packages/airflow/example_dags/example_latest_only.py
[2024-10-13T20:23:23.549-0400] {logging_mixin.py:190} INFO - [2024-10-13T20:23:23.549-0400] {dag.py:3239} INFO - Sync 1 DAGs
[2024-10-13T20:23:23.573-0400] {logging_mixin.py:190} INFO - [2024-10-13T20:23:23.573-0400] {dag.py:4180} INFO - Setting next_dagrun for latest_only to 2024-10-13 20:00:00+00:00, run_after=2024-10-14 00:00:00+00:00
[2024-10-13T20:23:23.592-0400] {processor.py:208} INFO - Processing /Users/karenwang/anaconda3/envs/airflow_sqlite_env/lib/python3.9/site-packages/airflow/example_dags/example_latest_only.py took 0.280 seconds
[2024-10-13T20:29:04.029-0400] {processor.py:186} INFO - Started process (PID=34346) to work on /Users/karenwang/anaconda3/envs/airflow_sqlite_env/lib/python3.9/site-packages/airflow/example_dags/example_latest_only.py
[2024-10-13T20:29:04.031-0400] {processor.py:914} INFO - Processing file /Users/karenwang/anaconda3/envs/airflow_sqlite_env/lib/python3.9/site-packages/airflow/example_dags/example_latest_only.py for tasks to queue
[2024-10-13T20:29:04.032-0400] {logging_mixin.py:190} INFO - [2024-10-13T20:29:04.032-0400] {dagbag.py:588} INFO - Filling up the DagBag from /Users/karenwang/anaconda3/envs/airflow_sqlite_env/lib/python3.9/site-packages/airflow/example_dags/example_latest_only.py
[2024-10-13T20:29:04.045-0400] {processor.py:925} INFO - DAG(s) 'latest_only' retrieved from /Users/karenwang/anaconda3/envs/airflow_sqlite_env/lib/python3.9/site-packages/airflow/example_dags/example_latest_only.py
[2024-10-13T20:29:04.302-0400] {logging_mixin.py:190} INFO - [2024-10-13T20:29:04.301-0400] {dag.py:3239} INFO - Sync 1 DAGs
[2024-10-13T20:29:04.337-0400] {logging_mixin.py:190} INFO - [2024-10-13T20:29:04.336-0400] {dag.py:4180} INFO - Setting next_dagrun for latest_only to 2024-10-13 20:00:00+00:00, run_after=2024-10-14 00:00:00+00:00
[2024-10-13T20:29:04.367-0400] {processor.py:208} INFO - Processing /Users/karenwang/anaconda3/envs/airflow_sqlite_env/lib/python3.9/site-packages/airflow/example_dags/example_latest_only.py took 0.344 seconds
[2024-10-13T20:33:25.487-0400] {processor.py:186} INFO - Started process (PID=35756) to work on /Users/karenwang/anaconda3/envs/airflow_sqlite_env/lib/python3.9/site-packages/airflow/example_dags/example_latest_only.py
[2024-10-13T20:33:25.488-0400] {processor.py:914} INFO - Processing file /Users/karenwang/anaconda3/envs/airflow_sqlite_env/lib/python3.9/site-packages/airflow/example_dags/example_latest_only.py for tasks to queue
[2024-10-13T20:33:25.490-0400] {logging_mixin.py:190} INFO - [2024-10-13T20:33:25.489-0400] {dagbag.py:588} INFO - Filling up the DagBag from /Users/karenwang/anaconda3/envs/airflow_sqlite_env/lib/python3.9/site-packages/airflow/example_dags/example_latest_only.py
[2024-10-13T20:33:25.502-0400] {processor.py:925} INFO - DAG(s) 'latest_only' retrieved from /Users/karenwang/anaconda3/envs/airflow_sqlite_env/lib/python3.9/site-packages/airflow/example_dags/example_latest_only.py
[2024-10-13T20:33:25.693-0400] {logging_mixin.py:190} INFO - [2024-10-13T20:33:25.692-0400] {dag.py:3239} INFO - Sync 1 DAGs
[2024-10-13T20:33:25.720-0400] {logging_mixin.py:190} INFO - [2024-10-13T20:33:25.719-0400] {dag.py:4180} INFO - Setting next_dagrun for latest_only to 2024-10-13 20:00:00+00:00, run_after=2024-10-14 00:00:00+00:00
[2024-10-13T20:33:25.744-0400] {processor.py:208} INFO - Processing /Users/karenwang/anaconda3/envs/airflow_sqlite_env/lib/python3.9/site-packages/airflow/example_dags/example_latest_only.py took 0.263 seconds
[2024-10-13T20:37:07.541-0400] {processor.py:186} INFO - Started process (PID=36928) to work on /Users/karenwang/anaconda3/envs/airflow_sqlite_env/lib/python3.9/site-packages/airflow/example_dags/example_latest_only.py
[2024-10-13T20:37:07.542-0400] {processor.py:914} INFO - Processing file /Users/karenwang/anaconda3/envs/airflow_sqlite_env/lib/python3.9/site-packages/airflow/example_dags/example_latest_only.py for tasks to queue
[2024-10-13T20:37:07.544-0400] {logging_mixin.py:190} INFO - [2024-10-13T20:37:07.543-0400] {dagbag.py:588} INFO - Filling up the DagBag from /Users/karenwang/anaconda3/envs/airflow_sqlite_env/lib/python3.9/site-packages/airflow/example_dags/example_latest_only.py
[2024-10-13T20:37:07.553-0400] {processor.py:925} INFO - DAG(s) 'latest_only' retrieved from /Users/karenwang/anaconda3/envs/airflow_sqlite_env/lib/python3.9/site-packages/airflow/example_dags/example_latest_only.py
[2024-10-13T20:37:07.761-0400] {logging_mixin.py:190} INFO - [2024-10-13T20:37:07.761-0400] {dag.py:3239} INFO - Sync 1 DAGs
[2024-10-13T20:37:07.783-0400] {logging_mixin.py:190} INFO - [2024-10-13T20:37:07.782-0400] {dag.py:4180} INFO - Setting next_dagrun for latest_only to 2024-10-13 20:00:00+00:00, run_after=2024-10-14 00:00:00+00:00
[2024-10-13T20:37:07.803-0400] {processor.py:208} INFO - Processing /Users/karenwang/anaconda3/envs/airflow_sqlite_env/lib/python3.9/site-packages/airflow/example_dags/example_latest_only.py took 0.268 seconds
[2024-10-13T20:40:46.434-0400] {processor.py:186} INFO - Started process (PID=38043) to work on /Users/karenwang/anaconda3/envs/airflow_sqlite_env/lib/python3.9/site-packages/airflow/example_dags/example_latest_only.py
[2024-10-13T20:40:46.436-0400] {processor.py:914} INFO - Processing file /Users/karenwang/anaconda3/envs/airflow_sqlite_env/lib/python3.9/site-packages/airflow/example_dags/example_latest_only.py for tasks to queue
[2024-10-13T20:40:46.437-0400] {logging_mixin.py:190} INFO - [2024-10-13T20:40:46.437-0400] {dagbag.py:588} INFO - Filling up the DagBag from /Users/karenwang/anaconda3/envs/airflow_sqlite_env/lib/python3.9/site-packages/airflow/example_dags/example_latest_only.py
[2024-10-13T20:40:46.447-0400] {processor.py:925} INFO - DAG(s) 'latest_only' retrieved from /Users/karenwang/anaconda3/envs/airflow_sqlite_env/lib/python3.9/site-packages/airflow/example_dags/example_latest_only.py
[2024-10-13T20:40:46.641-0400] {logging_mixin.py:190} INFO - [2024-10-13T20:40:46.641-0400] {dag.py:3239} INFO - Sync 1 DAGs
[2024-10-13T20:40:46.665-0400] {logging_mixin.py:190} INFO - [2024-10-13T20:40:46.665-0400] {dag.py:4180} INFO - Setting next_dagrun for latest_only to 2024-10-13 20:00:00+00:00, run_after=2024-10-14 00:00:00+00:00
[2024-10-13T20:40:46.688-0400] {processor.py:208} INFO - Processing /Users/karenwang/anaconda3/envs/airflow_sqlite_env/lib/python3.9/site-packages/airflow/example_dags/example_latest_only.py took 0.260 seconds
[2024-10-13T20:44:25.673-0400] {processor.py:186} INFO - Started process (PID=39182) to work on /Users/karenwang/anaconda3/envs/airflow_sqlite_env/lib/python3.9/site-packages/airflow/example_dags/example_latest_only.py
[2024-10-13T20:44:25.674-0400] {processor.py:914} INFO - Processing file /Users/karenwang/anaconda3/envs/airflow_sqlite_env/lib/python3.9/site-packages/airflow/example_dags/example_latest_only.py for tasks to queue
[2024-10-13T20:44:25.676-0400] {logging_mixin.py:190} INFO - [2024-10-13T20:44:25.676-0400] {dagbag.py:588} INFO - Filling up the DagBag from /Users/karenwang/anaconda3/envs/airflow_sqlite_env/lib/python3.9/site-packages/airflow/example_dags/example_latest_only.py
[2024-10-13T20:44:25.687-0400] {processor.py:925} INFO - DAG(s) 'latest_only' retrieved from /Users/karenwang/anaconda3/envs/airflow_sqlite_env/lib/python3.9/site-packages/airflow/example_dags/example_latest_only.py
[2024-10-13T20:44:25.882-0400] {logging_mixin.py:190} INFO - [2024-10-13T20:44:25.882-0400] {dag.py:3239} INFO - Sync 1 DAGs
[2024-10-13T20:44:25.905-0400] {logging_mixin.py:190} INFO - [2024-10-13T20:44:25.905-0400] {dag.py:4180} INFO - Setting next_dagrun for latest_only to 2024-10-13 20:00:00+00:00, run_after=2024-10-14 00:00:00+00:00
[2024-10-13T20:44:25.927-0400] {processor.py:208} INFO - Processing /Users/karenwang/anaconda3/envs/airflow_sqlite_env/lib/python3.9/site-packages/airflow/example_dags/example_latest_only.py took 0.260 seconds
[2024-10-13T20:48:06.266-0400] {processor.py:186} INFO - Started process (PID=40332) to work on /Users/karenwang/anaconda3/envs/airflow_sqlite_env/lib/python3.9/site-packages/airflow/example_dags/example_latest_only.py
[2024-10-13T20:48:06.267-0400] {processor.py:914} INFO - Processing file /Users/karenwang/anaconda3/envs/airflow_sqlite_env/lib/python3.9/site-packages/airflow/example_dags/example_latest_only.py for tasks to queue
[2024-10-13T20:48:06.269-0400] {logging_mixin.py:190} INFO - [2024-10-13T20:48:06.269-0400] {dagbag.py:588} INFO - Filling up the DagBag from /Users/karenwang/anaconda3/envs/airflow_sqlite_env/lib/python3.9/site-packages/airflow/example_dags/example_latest_only.py
[2024-10-13T20:48:06.280-0400] {processor.py:925} INFO - DAG(s) 'latest_only' retrieved from /Users/karenwang/anaconda3/envs/airflow_sqlite_env/lib/python3.9/site-packages/airflow/example_dags/example_latest_only.py
[2024-10-13T20:48:06.453-0400] {logging_mixin.py:190} INFO - [2024-10-13T20:48:06.452-0400] {dag.py:3239} INFO - Sync 1 DAGs
[2024-10-13T20:48:06.473-0400] {logging_mixin.py:190} INFO - [2024-10-13T20:48:06.473-0400] {dag.py:4180} INFO - Setting next_dagrun for latest_only to 2024-10-13 20:00:00+00:00, run_after=2024-10-14 00:00:00+00:00
[2024-10-13T20:48:06.491-0400] {processor.py:208} INFO - Processing /Users/karenwang/anaconda3/envs/airflow_sqlite_env/lib/python3.9/site-packages/airflow/example_dags/example_latest_only.py took 0.231 seconds
[2024-10-13T20:51:44.371-0400] {processor.py:186} INFO - Started process (PID=41459) to work on /Users/karenwang/anaconda3/envs/airflow_sqlite_env/lib/python3.9/site-packages/airflow/example_dags/example_latest_only.py
[2024-10-13T20:51:44.372-0400] {processor.py:914} INFO - Processing file /Users/karenwang/anaconda3/envs/airflow_sqlite_env/lib/python3.9/site-packages/airflow/example_dags/example_latest_only.py for tasks to queue
[2024-10-13T20:51:44.373-0400] {logging_mixin.py:190} INFO - [2024-10-13T20:51:44.373-0400] {dagbag.py:588} INFO - Filling up the DagBag from /Users/karenwang/anaconda3/envs/airflow_sqlite_env/lib/python3.9/site-packages/airflow/example_dags/example_latest_only.py
[2024-10-13T20:51:44.383-0400] {processor.py:925} INFO - DAG(s) 'latest_only' retrieved from /Users/karenwang/anaconda3/envs/airflow_sqlite_env/lib/python3.9/site-packages/airflow/example_dags/example_latest_only.py
[2024-10-13T20:51:44.576-0400] {logging_mixin.py:190} INFO - [2024-10-13T20:51:44.575-0400] {dag.py:3239} INFO - Sync 1 DAGs
[2024-10-13T20:51:44.598-0400] {logging_mixin.py:190} INFO - [2024-10-13T20:51:44.598-0400] {dag.py:4180} INFO - Setting next_dagrun for latest_only to 2024-10-13 20:00:00+00:00, run_after=2024-10-14 00:00:00+00:00
[2024-10-13T20:51:44.618-0400] {processor.py:208} INFO - Processing /Users/karenwang/anaconda3/envs/airflow_sqlite_env/lib/python3.9/site-packages/airflow/example_dags/example_latest_only.py took 0.254 seconds
[2024-10-13T20:55:24.113-0400] {processor.py:186} INFO - Started process (PID=42620) to work on /Users/karenwang/anaconda3/envs/airflow_sqlite_env/lib/python3.9/site-packages/airflow/example_dags/example_latest_only.py
[2024-10-13T20:55:24.114-0400] {processor.py:914} INFO - Processing file /Users/karenwang/anaconda3/envs/airflow_sqlite_env/lib/python3.9/site-packages/airflow/example_dags/example_latest_only.py for tasks to queue
[2024-10-13T20:55:24.116-0400] {logging_mixin.py:190} INFO - [2024-10-13T20:55:24.115-0400] {dagbag.py:588} INFO - Filling up the DagBag from /Users/karenwang/anaconda3/envs/airflow_sqlite_env/lib/python3.9/site-packages/airflow/example_dags/example_latest_only.py
[2024-10-13T20:55:24.127-0400] {processor.py:925} INFO - DAG(s) 'latest_only' retrieved from /Users/karenwang/anaconda3/envs/airflow_sqlite_env/lib/python3.9/site-packages/airflow/example_dags/example_latest_only.py
[2024-10-13T20:55:24.342-0400] {logging_mixin.py:190} INFO - [2024-10-13T20:55:24.341-0400] {dag.py:3239} INFO - Sync 1 DAGs
[2024-10-13T20:55:24.367-0400] {logging_mixin.py:190} INFO - [2024-10-13T20:55:24.367-0400] {dag.py:4180} INFO - Setting next_dagrun for latest_only to 2024-10-13 20:00:00+00:00, run_after=2024-10-14 00:00:00+00:00
[2024-10-13T20:55:24.390-0400] {processor.py:208} INFO - Processing /Users/karenwang/anaconda3/envs/airflow_sqlite_env/lib/python3.9/site-packages/airflow/example_dags/example_latest_only.py took 0.283 seconds
[2024-10-13T20:59:05.316-0400] {processor.py:186} INFO - Started process (PID=43760) to work on /Users/karenwang/anaconda3/envs/airflow_sqlite_env/lib/python3.9/site-packages/airflow/example_dags/example_latest_only.py
[2024-10-13T20:59:05.317-0400] {processor.py:914} INFO - Processing file /Users/karenwang/anaconda3/envs/airflow_sqlite_env/lib/python3.9/site-packages/airflow/example_dags/example_latest_only.py for tasks to queue
[2024-10-13T20:59:05.319-0400] {logging_mixin.py:190} INFO - [2024-10-13T20:59:05.318-0400] {dagbag.py:588} INFO - Filling up the DagBag from /Users/karenwang/anaconda3/envs/airflow_sqlite_env/lib/python3.9/site-packages/airflow/example_dags/example_latest_only.py
[2024-10-13T20:59:05.330-0400] {processor.py:925} INFO - DAG(s) 'latest_only' retrieved from /Users/karenwang/anaconda3/envs/airflow_sqlite_env/lib/python3.9/site-packages/airflow/example_dags/example_latest_only.py
[2024-10-13T20:59:05.512-0400] {logging_mixin.py:190} INFO - [2024-10-13T20:59:05.511-0400] {dag.py:3239} INFO - Sync 1 DAGs
[2024-10-13T20:59:05.541-0400] {logging_mixin.py:190} INFO - [2024-10-13T20:59:05.541-0400] {dag.py:4180} INFO - Setting next_dagrun for latest_only to 2024-10-13 20:00:00+00:00, run_after=2024-10-14 00:00:00+00:00
[2024-10-13T20:59:05.563-0400] {processor.py:208} INFO - Processing /Users/karenwang/anaconda3/envs/airflow_sqlite_env/lib/python3.9/site-packages/airflow/example_dags/example_latest_only.py took 0.252 seconds
[2024-10-13T21:02:45.349-0400] {processor.py:186} INFO - Started process (PID=44886) to work on /Users/karenwang/anaconda3/envs/airflow_sqlite_env/lib/python3.9/site-packages/airflow/example_dags/example_latest_only.py
[2024-10-13T21:02:45.350-0400] {processor.py:914} INFO - Processing file /Users/karenwang/anaconda3/envs/airflow_sqlite_env/lib/python3.9/site-packages/airflow/example_dags/example_latest_only.py for tasks to queue
[2024-10-13T21:02:45.352-0400] {logging_mixin.py:190} INFO - [2024-10-13T21:02:45.351-0400] {dagbag.py:588} INFO - Filling up the DagBag from /Users/karenwang/anaconda3/envs/airflow_sqlite_env/lib/python3.9/site-packages/airflow/example_dags/example_latest_only.py
[2024-10-13T21:02:45.362-0400] {processor.py:925} INFO - DAG(s) 'latest_only' retrieved from /Users/karenwang/anaconda3/envs/airflow_sqlite_env/lib/python3.9/site-packages/airflow/example_dags/example_latest_only.py
[2024-10-13T21:02:45.585-0400] {logging_mixin.py:190} INFO - [2024-10-13T21:02:45.584-0400] {dag.py:3239} INFO - Sync 1 DAGs
[2024-10-13T21:02:45.612-0400] {logging_mixin.py:190} INFO - [2024-10-13T21:02:45.611-0400] {dag.py:4180} INFO - Setting next_dagrun for latest_only to 2024-10-13 20:00:00+00:00, run_after=2024-10-14 00:00:00+00:00
[2024-10-13T21:02:45.635-0400] {processor.py:208} INFO - Processing /Users/karenwang/anaconda3/envs/airflow_sqlite_env/lib/python3.9/site-packages/airflow/example_dags/example_latest_only.py took 0.291 seconds
[2024-10-13T21:06:25.147-0400] {processor.py:186} INFO - Started process (PID=46021) to work on /Users/karenwang/anaconda3/envs/airflow_sqlite_env/lib/python3.9/site-packages/airflow/example_dags/example_latest_only.py
[2024-10-13T21:06:25.148-0400] {processor.py:914} INFO - Processing file /Users/karenwang/anaconda3/envs/airflow_sqlite_env/lib/python3.9/site-packages/airflow/example_dags/example_latest_only.py for tasks to queue
[2024-10-13T21:06:25.150-0400] {logging_mixin.py:190} INFO - [2024-10-13T21:06:25.150-0400] {dagbag.py:588} INFO - Filling up the DagBag from /Users/karenwang/anaconda3/envs/airflow_sqlite_env/lib/python3.9/site-packages/airflow/example_dags/example_latest_only.py
[2024-10-13T21:06:25.161-0400] {processor.py:925} INFO - DAG(s) 'latest_only' retrieved from /Users/karenwang/anaconda3/envs/airflow_sqlite_env/lib/python3.9/site-packages/airflow/example_dags/example_latest_only.py
[2024-10-13T21:06:25.374-0400] {logging_mixin.py:190} INFO - [2024-10-13T21:06:25.374-0400] {dag.py:3239} INFO - Sync 1 DAGs
[2024-10-13T21:06:25.401-0400] {logging_mixin.py:190} INFO - [2024-10-13T21:06:25.400-0400] {dag.py:4180} INFO - Setting next_dagrun for latest_only to 2024-10-13 20:00:00+00:00, run_after=2024-10-14 00:00:00+00:00
[2024-10-13T21:06:25.424-0400] {processor.py:208} INFO - Processing /Users/karenwang/anaconda3/envs/airflow_sqlite_env/lib/python3.9/site-packages/airflow/example_dags/example_latest_only.py took 0.283 seconds
[2024-10-13T21:11:54.818-0400] {processor.py:186} INFO - Started process (PID=47808) to work on /Users/karenwang/anaconda3/envs/airflow_sqlite_env/lib/python3.9/site-packages/airflow/example_dags/example_latest_only.py
[2024-10-13T21:11:54.820-0400] {processor.py:914} INFO - Processing file /Users/karenwang/anaconda3/envs/airflow_sqlite_env/lib/python3.9/site-packages/airflow/example_dags/example_latest_only.py for tasks to queue
[2024-10-13T21:11:54.821-0400] {logging_mixin.py:190} INFO - [2024-10-13T21:11:54.821-0400] {dagbag.py:588} INFO - Filling up the DagBag from /Users/karenwang/anaconda3/envs/airflow_sqlite_env/lib/python3.9/site-packages/airflow/example_dags/example_latest_only.py
[2024-10-13T21:11:54.830-0400] {processor.py:925} INFO - DAG(s) 'latest_only' retrieved from /Users/karenwang/anaconda3/envs/airflow_sqlite_env/lib/python3.9/site-packages/airflow/example_dags/example_latest_only.py
[2024-10-13T21:11:55.048-0400] {logging_mixin.py:190} INFO - [2024-10-13T21:11:55.048-0400] {dag.py:3239} INFO - Sync 1 DAGs
[2024-10-13T21:11:55.101-0400] {logging_mixin.py:190} INFO - [2024-10-13T21:11:55.101-0400] {dag.py:4180} INFO - Setting next_dagrun for latest_only to 2024-10-13 20:00:00+00:00, run_after=2024-10-14 00:00:00+00:00
[2024-10-13T21:11:55.133-0400] {processor.py:208} INFO - Processing /Users/karenwang/anaconda3/envs/airflow_sqlite_env/lib/python3.9/site-packages/airflow/example_dags/example_latest_only.py took 0.321 seconds
[2024-10-13T21:16:31.785-0400] {processor.py:186} INFO - Started process (PID=49475) to work on /Users/karenwang/anaconda3/envs/airflow_sqlite_env/lib/python3.9/site-packages/airflow/example_dags/example_latest_only.py
[2024-10-13T21:16:31.786-0400] {processor.py:914} INFO - Processing file /Users/karenwang/anaconda3/envs/airflow_sqlite_env/lib/python3.9/site-packages/airflow/example_dags/example_latest_only.py for tasks to queue
[2024-10-13T21:16:31.788-0400] {logging_mixin.py:190} INFO - [2024-10-13T21:16:31.788-0400] {dagbag.py:588} INFO - Filling up the DagBag from /Users/karenwang/anaconda3/envs/airflow_sqlite_env/lib/python3.9/site-packages/airflow/example_dags/example_latest_only.py
[2024-10-13T21:16:31.802-0400] {processor.py:925} INFO - DAG(s) 'latest_only' retrieved from /Users/karenwang/anaconda3/envs/airflow_sqlite_env/lib/python3.9/site-packages/airflow/example_dags/example_latest_only.py
[2024-10-13T21:16:32.054-0400] {logging_mixin.py:190} INFO - [2024-10-13T21:16:32.053-0400] {dag.py:3239} INFO - Sync 1 DAGs
[2024-10-13T21:16:32.086-0400] {logging_mixin.py:190} INFO - [2024-10-13T21:16:32.085-0400] {dag.py:4180} INFO - Setting next_dagrun for latest_only to 2024-10-13 20:00:00+00:00, run_after=2024-10-14 00:00:00+00:00
[2024-10-13T21:16:32.109-0400] {processor.py:208} INFO - Processing /Users/karenwang/anaconda3/envs/airflow_sqlite_env/lib/python3.9/site-packages/airflow/example_dags/example_latest_only.py took 0.330 seconds
[2024-10-13T21:20:15.180-0400] {processor.py:186} INFO - Started process (PID=50635) to work on /Users/karenwang/anaconda3/envs/airflow_sqlite_env/lib/python3.9/site-packages/airflow/example_dags/example_latest_only.py
[2024-10-13T21:20:15.181-0400] {processor.py:914} INFO - Processing file /Users/karenwang/anaconda3/envs/airflow_sqlite_env/lib/python3.9/site-packages/airflow/example_dags/example_latest_only.py for tasks to queue
[2024-10-13T21:20:15.182-0400] {logging_mixin.py:190} INFO - [2024-10-13T21:20:15.182-0400] {dagbag.py:588} INFO - Filling up the DagBag from /Users/karenwang/anaconda3/envs/airflow_sqlite_env/lib/python3.9/site-packages/airflow/example_dags/example_latest_only.py
[2024-10-13T21:20:15.192-0400] {processor.py:925} INFO - DAG(s) 'latest_only' retrieved from /Users/karenwang/anaconda3/envs/airflow_sqlite_env/lib/python3.9/site-packages/airflow/example_dags/example_latest_only.py
[2024-10-13T21:20:15.397-0400] {logging_mixin.py:190} INFO - [2024-10-13T21:20:15.396-0400] {dag.py:3239} INFO - Sync 1 DAGs
[2024-10-13T21:20:15.423-0400] {logging_mixin.py:190} INFO - [2024-10-13T21:20:15.423-0400] {dag.py:4180} INFO - Setting next_dagrun for latest_only to 2024-10-13 20:00:00+00:00, run_after=2024-10-14 00:00:00+00:00
[2024-10-13T21:20:15.446-0400] {processor.py:208} INFO - Processing /Users/karenwang/anaconda3/envs/airflow_sqlite_env/lib/python3.9/site-packages/airflow/example_dags/example_latest_only.py took 0.272 seconds
[2024-10-13T21:23:56.250-0400] {processor.py:186} INFO - Started process (PID=51764) to work on /Users/karenwang/anaconda3/envs/airflow_sqlite_env/lib/python3.9/site-packages/airflow/example_dags/example_latest_only.py
[2024-10-13T21:23:56.252-0400] {processor.py:914} INFO - Processing file /Users/karenwang/anaconda3/envs/airflow_sqlite_env/lib/python3.9/site-packages/airflow/example_dags/example_latest_only.py for tasks to queue
[2024-10-13T21:23:56.253-0400] {logging_mixin.py:190} INFO - [2024-10-13T21:23:56.253-0400] {dagbag.py:588} INFO - Filling up the DagBag from /Users/karenwang/anaconda3/envs/airflow_sqlite_env/lib/python3.9/site-packages/airflow/example_dags/example_latest_only.py
[2024-10-13T21:23:56.263-0400] {processor.py:925} INFO - DAG(s) 'latest_only' retrieved from /Users/karenwang/anaconda3/envs/airflow_sqlite_env/lib/python3.9/site-packages/airflow/example_dags/example_latest_only.py
[2024-10-13T21:23:56.457-0400] {logging_mixin.py:190} INFO - [2024-10-13T21:23:56.456-0400] {dag.py:3239} INFO - Sync 1 DAGs
[2024-10-13T21:23:56.484-0400] {logging_mixin.py:190} INFO - [2024-10-13T21:23:56.484-0400] {dag.py:4180} INFO - Setting next_dagrun for latest_only to 2024-10-13 20:00:00+00:00, run_after=2024-10-14 00:00:00+00:00
[2024-10-13T21:23:56.507-0400] {processor.py:208} INFO - Processing /Users/karenwang/anaconda3/envs/airflow_sqlite_env/lib/python3.9/site-packages/airflow/example_dags/example_latest_only.py took 0.262 seconds
[2024-10-13T21:27:36.592-0400] {processor.py:186} INFO - Started process (PID=52905) to work on /Users/karenwang/anaconda3/envs/airflow_sqlite_env/lib/python3.9/site-packages/airflow/example_dags/example_latest_only.py
[2024-10-13T21:27:36.594-0400] {processor.py:914} INFO - Processing file /Users/karenwang/anaconda3/envs/airflow_sqlite_env/lib/python3.9/site-packages/airflow/example_dags/example_latest_only.py for tasks to queue
[2024-10-13T21:27:36.595-0400] {logging_mixin.py:190} INFO - [2024-10-13T21:27:36.595-0400] {dagbag.py:588} INFO - Filling up the DagBag from /Users/karenwang/anaconda3/envs/airflow_sqlite_env/lib/python3.9/site-packages/airflow/example_dags/example_latest_only.py
[2024-10-13T21:27:36.607-0400] {processor.py:925} INFO - DAG(s) 'latest_only' retrieved from /Users/karenwang/anaconda3/envs/airflow_sqlite_env/lib/python3.9/site-packages/airflow/example_dags/example_latest_only.py
[2024-10-13T21:27:36.796-0400] {logging_mixin.py:190} INFO - [2024-10-13T21:27:36.796-0400] {dag.py:3239} INFO - Sync 1 DAGs
[2024-10-13T21:27:36.819-0400] {logging_mixin.py:190} INFO - [2024-10-13T21:27:36.819-0400] {dag.py:4180} INFO - Setting next_dagrun for latest_only to 2024-10-13 20:00:00+00:00, run_after=2024-10-14 00:00:00+00:00
[2024-10-13T21:27:36.842-0400] {processor.py:208} INFO - Processing /Users/karenwang/anaconda3/envs/airflow_sqlite_env/lib/python3.9/site-packages/airflow/example_dags/example_latest_only.py took 0.256 seconds
[2024-10-13T21:31:36.416-0400] {processor.py:186} INFO - Started process (PID=54173) to work on /Users/karenwang/anaconda3/envs/airflow_sqlite_env/lib/python3.9/site-packages/airflow/example_dags/example_latest_only.py
[2024-10-13T21:31:36.417-0400] {processor.py:914} INFO - Processing file /Users/karenwang/anaconda3/envs/airflow_sqlite_env/lib/python3.9/site-packages/airflow/example_dags/example_latest_only.py for tasks to queue
[2024-10-13T21:31:36.419-0400] {logging_mixin.py:190} INFO - [2024-10-13T21:31:36.418-0400] {dagbag.py:588} INFO - Filling up the DagBag from /Users/karenwang/anaconda3/envs/airflow_sqlite_env/lib/python3.9/site-packages/airflow/example_dags/example_latest_only.py
[2024-10-13T21:31:36.431-0400] {processor.py:925} INFO - DAG(s) 'latest_only' retrieved from /Users/karenwang/anaconda3/envs/airflow_sqlite_env/lib/python3.9/site-packages/airflow/example_dags/example_latest_only.py
[2024-10-13T21:31:36.644-0400] {logging_mixin.py:190} INFO - [2024-10-13T21:31:36.643-0400] {dag.py:3239} INFO - Sync 1 DAGs
[2024-10-13T21:31:36.672-0400] {logging_mixin.py:190} INFO - [2024-10-13T21:31:36.672-0400] {dag.py:4180} INFO - Setting next_dagrun for latest_only to 2024-10-13 20:00:00+00:00, run_after=2024-10-14 00:00:00+00:00
[2024-10-13T21:31:36.699-0400] {processor.py:208} INFO - Processing /Users/karenwang/anaconda3/envs/airflow_sqlite_env/lib/python3.9/site-packages/airflow/example_dags/example_latest_only.py took 0.289 seconds
[2024-10-13T21:35:30.094-0400] {processor.py:186} INFO - Started process (PID=55418) to work on /Users/karenwang/anaconda3/envs/airflow_sqlite_env/lib/python3.9/site-packages/airflow/example_dags/example_latest_only.py
[2024-10-13T21:35:30.095-0400] {processor.py:914} INFO - Processing file /Users/karenwang/anaconda3/envs/airflow_sqlite_env/lib/python3.9/site-packages/airflow/example_dags/example_latest_only.py for tasks to queue
[2024-10-13T21:35:30.096-0400] {logging_mixin.py:190} INFO - [2024-10-13T21:35:30.096-0400] {dagbag.py:588} INFO - Filling up the DagBag from /Users/karenwang/anaconda3/envs/airflow_sqlite_env/lib/python3.9/site-packages/airflow/example_dags/example_latest_only.py
[2024-10-13T21:35:30.109-0400] {processor.py:925} INFO - DAG(s) 'latest_only' retrieved from /Users/karenwang/anaconda3/envs/airflow_sqlite_env/lib/python3.9/site-packages/airflow/example_dags/example_latest_only.py
[2024-10-13T21:35:30.317-0400] {logging_mixin.py:190} INFO - [2024-10-13T21:35:30.317-0400] {dag.py:3239} INFO - Sync 1 DAGs
[2024-10-13T21:35:30.343-0400] {logging_mixin.py:190} INFO - [2024-10-13T21:35:30.342-0400] {dag.py:4180} INFO - Setting next_dagrun for latest_only to 2024-10-13 20:00:00+00:00, run_after=2024-10-14 00:00:00+00:00
[2024-10-13T21:35:30.368-0400] {processor.py:208} INFO - Processing /Users/karenwang/anaconda3/envs/airflow_sqlite_env/lib/python3.9/site-packages/airflow/example_dags/example_latest_only.py took 0.280 seconds
[2024-10-13T21:39:22.634-0400] {processor.py:186} INFO - Started process (PID=56616) to work on /Users/karenwang/anaconda3/envs/airflow_sqlite_env/lib/python3.9/site-packages/airflow/example_dags/example_latest_only.py
[2024-10-13T21:39:22.635-0400] {processor.py:914} INFO - Processing file /Users/karenwang/anaconda3/envs/airflow_sqlite_env/lib/python3.9/site-packages/airflow/example_dags/example_latest_only.py for tasks to queue
[2024-10-13T21:39:22.636-0400] {logging_mixin.py:190} INFO - [2024-10-13T21:39:22.636-0400] {dagbag.py:588} INFO - Filling up the DagBag from /Users/karenwang/anaconda3/envs/airflow_sqlite_env/lib/python3.9/site-packages/airflow/example_dags/example_latest_only.py
[2024-10-13T21:39:22.645-0400] {processor.py:925} INFO - DAG(s) 'latest_only' retrieved from /Users/karenwang/anaconda3/envs/airflow_sqlite_env/lib/python3.9/site-packages/airflow/example_dags/example_latest_only.py
[2024-10-13T21:39:22.839-0400] {logging_mixin.py:190} INFO - [2024-10-13T21:39:22.839-0400] {dag.py:3239} INFO - Sync 1 DAGs
[2024-10-13T21:39:22.860-0400] {logging_mixin.py:190} INFO - [2024-10-13T21:39:22.860-0400] {dag.py:4180} INFO - Setting next_dagrun for latest_only to 2024-10-13 20:00:00+00:00, run_after=2024-10-14 00:00:00+00:00
[2024-10-13T21:39:22.882-0400] {processor.py:208} INFO - Processing /Users/karenwang/anaconda3/envs/airflow_sqlite_env/lib/python3.9/site-packages/airflow/example_dags/example_latest_only.py took 0.255 seconds
[2024-10-13T21:43:19.766-0400] {processor.py:186} INFO - Started process (PID=57827) to work on /Users/karenwang/anaconda3/envs/airflow_sqlite_env/lib/python3.9/site-packages/airflow/example_dags/example_latest_only.py
[2024-10-13T21:43:19.768-0400] {processor.py:914} INFO - Processing file /Users/karenwang/anaconda3/envs/airflow_sqlite_env/lib/python3.9/site-packages/airflow/example_dags/example_latest_only.py for tasks to queue
[2024-10-13T21:43:19.770-0400] {logging_mixin.py:190} INFO - [2024-10-13T21:43:19.769-0400] {dagbag.py:588} INFO - Filling up the DagBag from /Users/karenwang/anaconda3/envs/airflow_sqlite_env/lib/python3.9/site-packages/airflow/example_dags/example_latest_only.py
[2024-10-13T21:43:19.781-0400] {processor.py:925} INFO - DAG(s) 'latest_only' retrieved from /Users/karenwang/anaconda3/envs/airflow_sqlite_env/lib/python3.9/site-packages/airflow/example_dags/example_latest_only.py
[2024-10-13T21:43:19.993-0400] {logging_mixin.py:190} INFO - [2024-10-13T21:43:19.992-0400] {dag.py:3239} INFO - Sync 1 DAGs
[2024-10-13T21:43:20.016-0400] {logging_mixin.py:190} INFO - [2024-10-13T21:43:20.016-0400] {dag.py:4180} INFO - Setting next_dagrun for latest_only to 2024-10-13 20:00:00+00:00, run_after=2024-10-14 00:00:00+00:00
[2024-10-13T21:43:20.037-0400] {processor.py:208} INFO - Processing /Users/karenwang/anaconda3/envs/airflow_sqlite_env/lib/python3.9/site-packages/airflow/example_dags/example_latest_only.py took 0.277 seconds
[2024-10-13T21:47:12.923-0400] {processor.py:186} INFO - Started process (PID=59019) to work on /Users/karenwang/anaconda3/envs/airflow_sqlite_env/lib/python3.9/site-packages/airflow/example_dags/example_latest_only.py
[2024-10-13T21:47:12.924-0400] {processor.py:914} INFO - Processing file /Users/karenwang/anaconda3/envs/airflow_sqlite_env/lib/python3.9/site-packages/airflow/example_dags/example_latest_only.py for tasks to queue
[2024-10-13T21:47:12.926-0400] {logging_mixin.py:190} INFO - [2024-10-13T21:47:12.925-0400] {dagbag.py:588} INFO - Filling up the DagBag from /Users/karenwang/anaconda3/envs/airflow_sqlite_env/lib/python3.9/site-packages/airflow/example_dags/example_latest_only.py
[2024-10-13T21:47:12.937-0400] {processor.py:925} INFO - DAG(s) 'latest_only' retrieved from /Users/karenwang/anaconda3/envs/airflow_sqlite_env/lib/python3.9/site-packages/airflow/example_dags/example_latest_only.py
[2024-10-13T21:47:13.151-0400] {logging_mixin.py:190} INFO - [2024-10-13T21:47:13.150-0400] {dag.py:3239} INFO - Sync 1 DAGs
[2024-10-13T21:47:13.175-0400] {logging_mixin.py:190} INFO - [2024-10-13T21:47:13.174-0400] {dag.py:4180} INFO - Setting next_dagrun for latest_only to 2024-10-13 20:00:00+00:00, run_after=2024-10-14 00:00:00+00:00
[2024-10-13T21:47:13.198-0400] {processor.py:208} INFO - Processing /Users/karenwang/anaconda3/envs/airflow_sqlite_env/lib/python3.9/site-packages/airflow/example_dags/example_latest_only.py took 0.282 seconds
[2024-10-13T21:51:11.505-0400] {processor.py:186} INFO - Started process (PID=60275) to work on /Users/karenwang/anaconda3/envs/airflow_sqlite_env/lib/python3.9/site-packages/airflow/example_dags/example_latest_only.py
[2024-10-13T21:51:11.507-0400] {processor.py:914} INFO - Processing file /Users/karenwang/anaconda3/envs/airflow_sqlite_env/lib/python3.9/site-packages/airflow/example_dags/example_latest_only.py for tasks to queue
[2024-10-13T21:51:11.509-0400] {logging_mixin.py:190} INFO - [2024-10-13T21:51:11.508-0400] {dagbag.py:588} INFO - Filling up the DagBag from /Users/karenwang/anaconda3/envs/airflow_sqlite_env/lib/python3.9/site-packages/airflow/example_dags/example_latest_only.py
[2024-10-13T21:51:11.519-0400] {processor.py:925} INFO - DAG(s) 'latest_only' retrieved from /Users/karenwang/anaconda3/envs/airflow_sqlite_env/lib/python3.9/site-packages/airflow/example_dags/example_latest_only.py
[2024-10-13T21:51:11.758-0400] {logging_mixin.py:190} INFO - [2024-10-13T21:51:11.758-0400] {dag.py:3239} INFO - Sync 1 DAGs
[2024-10-13T21:51:11.786-0400] {logging_mixin.py:190} INFO - [2024-10-13T21:51:11.785-0400] {dag.py:4180} INFO - Setting next_dagrun for latest_only to 2024-10-13 20:00:00+00:00, run_after=2024-10-14 00:00:00+00:00
[2024-10-13T21:51:11.811-0400] {processor.py:208} INFO - Processing /Users/karenwang/anaconda3/envs/airflow_sqlite_env/lib/python3.9/site-packages/airflow/example_dags/example_latest_only.py took 0.311 seconds
[2024-10-13T21:55:16.192-0400] {processor.py:186} INFO - Started process (PID=61537) to work on /Users/karenwang/anaconda3/envs/airflow_sqlite_env/lib/python3.9/site-packages/airflow/example_dags/example_latest_only.py
[2024-10-13T21:55:16.193-0400] {processor.py:914} INFO - Processing file /Users/karenwang/anaconda3/envs/airflow_sqlite_env/lib/python3.9/site-packages/airflow/example_dags/example_latest_only.py for tasks to queue
[2024-10-13T21:55:16.194-0400] {logging_mixin.py:190} INFO - [2024-10-13T21:55:16.194-0400] {dagbag.py:588} INFO - Filling up the DagBag from /Users/karenwang/anaconda3/envs/airflow_sqlite_env/lib/python3.9/site-packages/airflow/example_dags/example_latest_only.py
[2024-10-13T21:55:16.204-0400] {processor.py:925} INFO - DAG(s) 'latest_only' retrieved from /Users/karenwang/anaconda3/envs/airflow_sqlite_env/lib/python3.9/site-packages/airflow/example_dags/example_latest_only.py
[2024-10-13T21:55:16.418-0400] {logging_mixin.py:190} INFO - [2024-10-13T21:55:16.417-0400] {dag.py:3239} INFO - Sync 1 DAGs
[2024-10-13T21:55:16.451-0400] {logging_mixin.py:190} INFO - [2024-10-13T21:55:16.451-0400] {dag.py:4180} INFO - Setting next_dagrun for latest_only to 2024-10-13 20:00:00+00:00, run_after=2024-10-14 00:00:00+00:00
[2024-10-13T21:55:16.477-0400] {processor.py:208} INFO - Processing /Users/karenwang/anaconda3/envs/airflow_sqlite_env/lib/python3.9/site-packages/airflow/example_dags/example_latest_only.py took 0.291 seconds
[2024-10-13T21:59:06.709-0400] {processor.py:186} INFO - Started process (PID=62726) to work on /Users/karenwang/anaconda3/envs/airflow_sqlite_env/lib/python3.9/site-packages/airflow/example_dags/example_latest_only.py
[2024-10-13T21:59:06.711-0400] {processor.py:914} INFO - Processing file /Users/karenwang/anaconda3/envs/airflow_sqlite_env/lib/python3.9/site-packages/airflow/example_dags/example_latest_only.py for tasks to queue
[2024-10-13T21:59:06.712-0400] {logging_mixin.py:190} INFO - [2024-10-13T21:59:06.712-0400] {dagbag.py:588} INFO - Filling up the DagBag from /Users/karenwang/anaconda3/envs/airflow_sqlite_env/lib/python3.9/site-packages/airflow/example_dags/example_latest_only.py
[2024-10-13T21:59:06.724-0400] {processor.py:925} INFO - DAG(s) 'latest_only' retrieved from /Users/karenwang/anaconda3/envs/airflow_sqlite_env/lib/python3.9/site-packages/airflow/example_dags/example_latest_only.py
[2024-10-13T21:59:06.922-0400] {logging_mixin.py:190} INFO - [2024-10-13T21:59:06.922-0400] {dag.py:3239} INFO - Sync 1 DAGs
[2024-10-13T21:59:06.943-0400] {logging_mixin.py:190} INFO - [2024-10-13T21:59:06.943-0400] {dag.py:4180} INFO - Setting next_dagrun for latest_only to 2024-10-13 20:00:00+00:00, run_after=2024-10-14 00:00:00+00:00
[2024-10-13T21:59:06.963-0400] {processor.py:208} INFO - Processing /Users/karenwang/anaconda3/envs/airflow_sqlite_env/lib/python3.9/site-packages/airflow/example_dags/example_latest_only.py took 0.260 seconds
[2024-10-13T22:03:00.278-0400] {processor.py:186} INFO - Started process (PID=63930) to work on /Users/karenwang/anaconda3/envs/airflow_sqlite_env/lib/python3.9/site-packages/airflow/example_dags/example_latest_only.py
[2024-10-13T22:03:00.279-0400] {processor.py:914} INFO - Processing file /Users/karenwang/anaconda3/envs/airflow_sqlite_env/lib/python3.9/site-packages/airflow/example_dags/example_latest_only.py for tasks to queue
[2024-10-13T22:03:00.281-0400] {logging_mixin.py:190} INFO - [2024-10-13T22:03:00.281-0400] {dagbag.py:588} INFO - Filling up the DagBag from /Users/karenwang/anaconda3/envs/airflow_sqlite_env/lib/python3.9/site-packages/airflow/example_dags/example_latest_only.py
[2024-10-13T22:03:00.293-0400] {processor.py:925} INFO - DAG(s) 'latest_only' retrieved from /Users/karenwang/anaconda3/envs/airflow_sqlite_env/lib/python3.9/site-packages/airflow/example_dags/example_latest_only.py
[2024-10-13T22:03:00.534-0400] {logging_mixin.py:190} INFO - [2024-10-13T22:03:00.533-0400] {dag.py:3239} INFO - Sync 1 DAGs
[2024-10-13T22:03:00.563-0400] {logging_mixin.py:190} INFO - [2024-10-13T22:03:00.562-0400] {dag.py:4180} INFO - Setting next_dagrun for latest_only to 2024-10-13 20:00:00+00:00, run_after=2024-10-14 00:00:00+00:00
[2024-10-13T22:03:00.588-0400] {processor.py:208} INFO - Processing /Users/karenwang/anaconda3/envs/airflow_sqlite_env/lib/python3.9/site-packages/airflow/example_dags/example_latest_only.py took 0.319 seconds
[2024-10-13T22:06:52.887-0400] {processor.py:186} INFO - Started process (PID=65119) to work on /Users/karenwang/anaconda3/envs/airflow_sqlite_env/lib/python3.9/site-packages/airflow/example_dags/example_latest_only.py
[2024-10-13T22:06:52.889-0400] {processor.py:914} INFO - Processing file /Users/karenwang/anaconda3/envs/airflow_sqlite_env/lib/python3.9/site-packages/airflow/example_dags/example_latest_only.py for tasks to queue
[2024-10-13T22:06:52.891-0400] {logging_mixin.py:190} INFO - [2024-10-13T22:06:52.890-0400] {dagbag.py:588} INFO - Filling up the DagBag from /Users/karenwang/anaconda3/envs/airflow_sqlite_env/lib/python3.9/site-packages/airflow/example_dags/example_latest_only.py
[2024-10-13T22:06:52.901-0400] {processor.py:925} INFO - DAG(s) 'latest_only' retrieved from /Users/karenwang/anaconda3/envs/airflow_sqlite_env/lib/python3.9/site-packages/airflow/example_dags/example_latest_only.py
[2024-10-13T22:06:53.097-0400] {logging_mixin.py:190} INFO - [2024-10-13T22:06:53.096-0400] {dag.py:3239} INFO - Sync 1 DAGs
[2024-10-13T22:06:53.125-0400] {logging_mixin.py:190} INFO - [2024-10-13T22:06:53.125-0400] {dag.py:4180} INFO - Setting next_dagrun for latest_only to 2024-10-13 20:00:00+00:00, run_after=2024-10-14 00:00:00+00:00
[2024-10-13T22:06:53.151-0400] {processor.py:208} INFO - Processing /Users/karenwang/anaconda3/envs/airflow_sqlite_env/lib/python3.9/site-packages/airflow/example_dags/example_latest_only.py took 0.270 seconds
[2024-10-13T22:10:53.010-0400] {processor.py:186} INFO - Started process (PID=66359) to work on /Users/karenwang/anaconda3/envs/airflow_sqlite_env/lib/python3.9/site-packages/airflow/example_dags/example_latest_only.py
[2024-10-13T22:10:53.011-0400] {processor.py:914} INFO - Processing file /Users/karenwang/anaconda3/envs/airflow_sqlite_env/lib/python3.9/site-packages/airflow/example_dags/example_latest_only.py for tasks to queue
[2024-10-13T22:10:53.013-0400] {logging_mixin.py:190} INFO - [2024-10-13T22:10:53.012-0400] {dagbag.py:588} INFO - Filling up the DagBag from /Users/karenwang/anaconda3/envs/airflow_sqlite_env/lib/python3.9/site-packages/airflow/example_dags/example_latest_only.py
[2024-10-13T22:10:53.024-0400] {processor.py:925} INFO - DAG(s) 'latest_only' retrieved from /Users/karenwang/anaconda3/envs/airflow_sqlite_env/lib/python3.9/site-packages/airflow/example_dags/example_latest_only.py
[2024-10-13T22:10:53.236-0400] {logging_mixin.py:190} INFO - [2024-10-13T22:10:53.235-0400] {dag.py:3239} INFO - Sync 1 DAGs
[2024-10-13T22:10:53.260-0400] {logging_mixin.py:190} INFO - [2024-10-13T22:10:53.260-0400] {dag.py:4180} INFO - Setting next_dagrun for latest_only to 2024-10-13 20:00:00+00:00, run_after=2024-10-14 00:00:00+00:00
[2024-10-13T22:10:53.281-0400] {processor.py:208} INFO - Processing /Users/karenwang/anaconda3/envs/airflow_sqlite_env/lib/python3.9/site-packages/airflow/example_dags/example_latest_only.py took 0.277 seconds
[2024-10-13T22:14:44.323-0400] {processor.py:186} INFO - Started process (PID=67547) to work on /Users/karenwang/anaconda3/envs/airflow_sqlite_env/lib/python3.9/site-packages/airflow/example_dags/example_latest_only.py
[2024-10-13T22:14:44.324-0400] {processor.py:914} INFO - Processing file /Users/karenwang/anaconda3/envs/airflow_sqlite_env/lib/python3.9/site-packages/airflow/example_dags/example_latest_only.py for tasks to queue
[2024-10-13T22:14:44.325-0400] {logging_mixin.py:190} INFO - [2024-10-13T22:14:44.325-0400] {dagbag.py:588} INFO - Filling up the DagBag from /Users/karenwang/anaconda3/envs/airflow_sqlite_env/lib/python3.9/site-packages/airflow/example_dags/example_latest_only.py
[2024-10-13T22:14:44.336-0400] {processor.py:925} INFO - DAG(s) 'latest_only' retrieved from /Users/karenwang/anaconda3/envs/airflow_sqlite_env/lib/python3.9/site-packages/airflow/example_dags/example_latest_only.py
[2024-10-13T22:14:44.551-0400] {logging_mixin.py:190} INFO - [2024-10-13T22:14:44.551-0400] {dag.py:3239} INFO - Sync 1 DAGs
[2024-10-13T22:14:44.577-0400] {logging_mixin.py:190} INFO - [2024-10-13T22:14:44.577-0400] {dag.py:4180} INFO - Setting next_dagrun for latest_only to 2024-10-13 20:00:00+00:00, run_after=2024-10-14 00:00:00+00:00
[2024-10-13T22:14:44.601-0400] {processor.py:208} INFO - Processing /Users/karenwang/anaconda3/envs/airflow_sqlite_env/lib/python3.9/site-packages/airflow/example_dags/example_latest_only.py took 0.284 seconds
[2024-10-13T22:18:47.308-0400] {processor.py:186} INFO - Started process (PID=68782) to work on /Users/karenwang/anaconda3/envs/airflow_sqlite_env/lib/python3.9/site-packages/airflow/example_dags/example_latest_only.py
[2024-10-13T22:18:47.310-0400] {processor.py:914} INFO - Processing file /Users/karenwang/anaconda3/envs/airflow_sqlite_env/lib/python3.9/site-packages/airflow/example_dags/example_latest_only.py for tasks to queue
[2024-10-13T22:18:47.311-0400] {logging_mixin.py:190} INFO - [2024-10-13T22:18:47.311-0400] {dagbag.py:588} INFO - Filling up the DagBag from /Users/karenwang/anaconda3/envs/airflow_sqlite_env/lib/python3.9/site-packages/airflow/example_dags/example_latest_only.py
[2024-10-13T22:18:47.323-0400] {processor.py:925} INFO - DAG(s) 'latest_only' retrieved from /Users/karenwang/anaconda3/envs/airflow_sqlite_env/lib/python3.9/site-packages/airflow/example_dags/example_latest_only.py
[2024-10-13T22:18:47.528-0400] {logging_mixin.py:190} INFO - [2024-10-13T22:18:47.527-0400] {dag.py:3239} INFO - Sync 1 DAGs
[2024-10-13T22:18:47.553-0400] {logging_mixin.py:190} INFO - [2024-10-13T22:18:47.553-0400] {dag.py:4180} INFO - Setting next_dagrun for latest_only to 2024-10-13 20:00:00+00:00, run_after=2024-10-14 00:00:00+00:00
[2024-10-13T22:18:47.577-0400] {processor.py:208} INFO - Processing /Users/karenwang/anaconda3/envs/airflow_sqlite_env/lib/python3.9/site-packages/airflow/example_dags/example_latest_only.py took 0.275 seconds
[2024-10-13T22:22:49.608-0400] {processor.py:186} INFO - Started process (PID=70051) to work on /Users/karenwang/anaconda3/envs/airflow_sqlite_env/lib/python3.9/site-packages/airflow/example_dags/example_latest_only.py
[2024-10-13T22:22:49.609-0400] {processor.py:914} INFO - Processing file /Users/karenwang/anaconda3/envs/airflow_sqlite_env/lib/python3.9/site-packages/airflow/example_dags/example_latest_only.py for tasks to queue
[2024-10-13T22:22:49.610-0400] {logging_mixin.py:190} INFO - [2024-10-13T22:22:49.610-0400] {dagbag.py:588} INFO - Filling up the DagBag from /Users/karenwang/anaconda3/envs/airflow_sqlite_env/lib/python3.9/site-packages/airflow/example_dags/example_latest_only.py
[2024-10-13T22:22:49.622-0400] {processor.py:925} INFO - DAG(s) 'latest_only' retrieved from /Users/karenwang/anaconda3/envs/airflow_sqlite_env/lib/python3.9/site-packages/airflow/example_dags/example_latest_only.py
[2024-10-13T22:22:49.818-0400] {logging_mixin.py:190} INFO - [2024-10-13T22:22:49.818-0400] {dag.py:3239} INFO - Sync 1 DAGs
[2024-10-13T22:22:49.844-0400] {logging_mixin.py:190} INFO - [2024-10-13T22:22:49.844-0400] {dag.py:4180} INFO - Setting next_dagrun for latest_only to 2024-10-13 20:00:00+00:00, run_after=2024-10-14 00:00:00+00:00
[2024-10-13T22:22:49.870-0400] {processor.py:208} INFO - Processing /Users/karenwang/anaconda3/envs/airflow_sqlite_env/lib/python3.9/site-packages/airflow/example_dags/example_latest_only.py took 0.270 seconds
[2024-10-13T22:26:59.541-0400] {processor.py:186} INFO - Started process (PID=71399) to work on /Users/karenwang/anaconda3/envs/airflow_sqlite_env/lib/python3.9/site-packages/airflow/example_dags/example_latest_only.py
[2024-10-13T22:26:59.542-0400] {processor.py:914} INFO - Processing file /Users/karenwang/anaconda3/envs/airflow_sqlite_env/lib/python3.9/site-packages/airflow/example_dags/example_latest_only.py for tasks to queue
[2024-10-13T22:26:59.544-0400] {logging_mixin.py:190} INFO - [2024-10-13T22:26:59.544-0400] {dagbag.py:588} INFO - Filling up the DagBag from /Users/karenwang/anaconda3/envs/airflow_sqlite_env/lib/python3.9/site-packages/airflow/example_dags/example_latest_only.py
[2024-10-13T22:26:59.554-0400] {processor.py:925} INFO - DAG(s) 'latest_only' retrieved from /Users/karenwang/anaconda3/envs/airflow_sqlite_env/lib/python3.9/site-packages/airflow/example_dags/example_latest_only.py
[2024-10-13T22:26:59.790-0400] {logging_mixin.py:190} INFO - [2024-10-13T22:26:59.789-0400] {dag.py:3239} INFO - Sync 1 DAGs
[2024-10-13T22:26:59.821-0400] {logging_mixin.py:190} INFO - [2024-10-13T22:26:59.820-0400] {dag.py:4180} INFO - Setting next_dagrun for latest_only to 2024-10-13 20:00:00+00:00, run_after=2024-10-14 00:00:00+00:00
[2024-10-13T22:26:59.847-0400] {processor.py:208} INFO - Processing /Users/karenwang/anaconda3/envs/airflow_sqlite_env/lib/python3.9/site-packages/airflow/example_dags/example_latest_only.py took 0.311 seconds
[2024-10-13T22:36:49.541-0400] {processor.py:186} INFO - Started process (PID=74735) to work on /Users/karenwang/anaconda3/envs/airflow_sqlite_env/lib/python3.9/site-packages/airflow/example_dags/example_latest_only.py
[2024-10-13T22:36:49.543-0400] {processor.py:914} INFO - Processing file /Users/karenwang/anaconda3/envs/airflow_sqlite_env/lib/python3.9/site-packages/airflow/example_dags/example_latest_only.py for tasks to queue
[2024-10-13T22:36:49.545-0400] {logging_mixin.py:190} INFO - [2024-10-13T22:36:49.544-0400] {dagbag.py:588} INFO - Filling up the DagBag from /Users/karenwang/anaconda3/envs/airflow_sqlite_env/lib/python3.9/site-packages/airflow/example_dags/example_latest_only.py
[2024-10-13T22:36:49.556-0400] {processor.py:925} INFO - DAG(s) 'latest_only' retrieved from /Users/karenwang/anaconda3/envs/airflow_sqlite_env/lib/python3.9/site-packages/airflow/example_dags/example_latest_only.py
[2024-10-13T22:36:49.784-0400] {logging_mixin.py:190} INFO - [2024-10-13T22:36:49.783-0400] {dag.py:3239} INFO - Sync 1 DAGs
[2024-10-13T22:36:49.815-0400] {logging_mixin.py:190} INFO - [2024-10-13T22:36:49.814-0400] {dag.py:4180} INFO - Setting next_dagrun for latest_only to 2024-10-13 20:00:00+00:00, run_after=2024-10-14 00:00:00+00:00
[2024-10-13T22:36:49.839-0400] {processor.py:208} INFO - Processing /Users/karenwang/anaconda3/envs/airflow_sqlite_env/lib/python3.9/site-packages/airflow/example_dags/example_latest_only.py took 0.304 seconds
