[2024-10-13T20:02:20.325-0400] {processor.py:186} INFO - Started process (PID=25831) to work on /Users/karenwang/anaconda3/envs/airflow_sqlite_env/lib/python3.9/site-packages/airflow/example_dags/example_params_trigger_ui.py
[2024-10-13T20:02:20.327-0400] {processor.py:914} INFO - Processing file /Users/karenwang/anaconda3/envs/airflow_sqlite_env/lib/python3.9/site-packages/airflow/example_dags/example_params_trigger_ui.py for tasks to queue
[2024-10-13T20:02:20.328-0400] {logging_mixin.py:190} INFO - [2024-10-13T20:02:20.328-0400] {dagbag.py:588} INFO - Filling up the DagBag from /Users/karenwang/anaconda3/envs/airflow_sqlite_env/lib/python3.9/site-packages/airflow/example_dags/example_params_trigger_ui.py
[2024-10-13T20:02:20.425-0400] {processor.py:925} INFO - DAG(s) 'example_params_trigger_ui' retrieved from /Users/karenwang/anaconda3/envs/airflow_sqlite_env/lib/python3.9/site-packages/airflow/example_dags/example_params_trigger_ui.py
[2024-10-13T20:02:20.670-0400] {logging_mixin.py:190} INFO - [2024-10-13T20:02:20.669-0400] {dag.py:3239} INFO - Sync 1 DAGs
[2024-10-13T20:02:20.692-0400] {logging_mixin.py:190} INFO - [2024-10-13T20:02:20.691-0400] {dag.py:4180} INFO - Setting next_dagrun for example_params_trigger_ui to None, run_after=None
[2024-10-13T20:02:20.720-0400] {processor.py:208} INFO - Processing /Users/karenwang/anaconda3/envs/airflow_sqlite_env/lib/python3.9/site-packages/airflow/example_dags/example_params_trigger_ui.py took 0.401 seconds
[2024-10-13T20:06:31.620-0400] {processor.py:186} INFO - Started process (PID=27122) to work on /Users/karenwang/anaconda3/envs/airflow_sqlite_env/lib/python3.9/site-packages/airflow/example_dags/example_params_trigger_ui.py
[2024-10-13T20:06:31.622-0400] {processor.py:914} INFO - Processing file /Users/karenwang/anaconda3/envs/airflow_sqlite_env/lib/python3.9/site-packages/airflow/example_dags/example_params_trigger_ui.py for tasks to queue
[2024-10-13T20:06:31.624-0400] {logging_mixin.py:190} INFO - [2024-10-13T20:06:31.623-0400] {dagbag.py:588} INFO - Filling up the DagBag from /Users/karenwang/anaconda3/envs/airflow_sqlite_env/lib/python3.9/site-packages/airflow/example_dags/example_params_trigger_ui.py
[2024-10-13T20:06:31.749-0400] {processor.py:925} INFO - DAG(s) 'example_params_trigger_ui' retrieved from /Users/karenwang/anaconda3/envs/airflow_sqlite_env/lib/python3.9/site-packages/airflow/example_dags/example_params_trigger_ui.py
[2024-10-13T20:06:32.003-0400] {logging_mixin.py:190} INFO - [2024-10-13T20:06:32.002-0400] {dag.py:3239} INFO - Sync 1 DAGs
[2024-10-13T20:06:32.022-0400] {logging_mixin.py:190} INFO - [2024-10-13T20:06:32.021-0400] {dag.py:4180} INFO - Setting next_dagrun for example_params_trigger_ui to None, run_after=None
[2024-10-13T20:06:32.051-0400] {processor.py:208} INFO - Processing /Users/karenwang/anaconda3/envs/airflow_sqlite_env/lib/python3.9/site-packages/airflow/example_dags/example_params_trigger_ui.py took 0.438 seconds
[2024-10-13T20:10:30.325-0400] {processor.py:186} INFO - Started process (PID=28351) to work on /Users/karenwang/anaconda3/envs/airflow_sqlite_env/lib/python3.9/site-packages/airflow/example_dags/example_params_trigger_ui.py
[2024-10-13T20:10:30.326-0400] {processor.py:914} INFO - Processing file /Users/karenwang/anaconda3/envs/airflow_sqlite_env/lib/python3.9/site-packages/airflow/example_dags/example_params_trigger_ui.py for tasks to queue
[2024-10-13T20:10:30.328-0400] {logging_mixin.py:190} INFO - [2024-10-13T20:10:30.327-0400] {dagbag.py:588} INFO - Filling up the DagBag from /Users/karenwang/anaconda3/envs/airflow_sqlite_env/lib/python3.9/site-packages/airflow/example_dags/example_params_trigger_ui.py
[2024-10-13T20:10:30.423-0400] {processor.py:925} INFO - DAG(s) 'example_params_trigger_ui' retrieved from /Users/karenwang/anaconda3/envs/airflow_sqlite_env/lib/python3.9/site-packages/airflow/example_dags/example_params_trigger_ui.py
[2024-10-13T20:10:30.623-0400] {logging_mixin.py:190} INFO - [2024-10-13T20:10:30.622-0400] {dag.py:3239} INFO - Sync 1 DAGs
[2024-10-13T20:10:30.638-0400] {logging_mixin.py:190} INFO - [2024-10-13T20:10:30.638-0400] {dag.py:4180} INFO - Setting next_dagrun for example_params_trigger_ui to None, run_after=None
[2024-10-13T20:10:30.659-0400] {processor.py:208} INFO - Processing /Users/karenwang/anaconda3/envs/airflow_sqlite_env/lib/python3.9/site-packages/airflow/example_dags/example_params_trigger_ui.py took 0.341 seconds
[2024-10-13T20:14:30.514-0400] {processor.py:186} INFO - Started process (PID=29578) to work on /Users/karenwang/anaconda3/envs/airflow_sqlite_env/lib/python3.9/site-packages/airflow/example_dags/example_params_trigger_ui.py
[2024-10-13T20:14:30.516-0400] {processor.py:914} INFO - Processing file /Users/karenwang/anaconda3/envs/airflow_sqlite_env/lib/python3.9/site-packages/airflow/example_dags/example_params_trigger_ui.py for tasks to queue
[2024-10-13T20:14:30.518-0400] {logging_mixin.py:190} INFO - [2024-10-13T20:14:30.517-0400] {dagbag.py:588} INFO - Filling up the DagBag from /Users/karenwang/anaconda3/envs/airflow_sqlite_env/lib/python3.9/site-packages/airflow/example_dags/example_params_trigger_ui.py
[2024-10-13T20:14:30.612-0400] {processor.py:925} INFO - DAG(s) 'example_params_trigger_ui' retrieved from /Users/karenwang/anaconda3/envs/airflow_sqlite_env/lib/python3.9/site-packages/airflow/example_dags/example_params_trigger_ui.py
[2024-10-13T20:14:30.796-0400] {logging_mixin.py:190} INFO - [2024-10-13T20:14:30.796-0400] {dag.py:3239} INFO - Sync 1 DAGs
[2024-10-13T20:14:30.813-0400] {logging_mixin.py:190} INFO - [2024-10-13T20:14:30.813-0400] {dag.py:4180} INFO - Setting next_dagrun for example_params_trigger_ui to None, run_after=None
[2024-10-13T20:14:30.835-0400] {processor.py:208} INFO - Processing /Users/karenwang/anaconda3/envs/airflow_sqlite_env/lib/python3.9/site-packages/airflow/example_dags/example_params_trigger_ui.py took 0.326 seconds
[2024-10-13T20:18:39.642-0400] {processor.py:186} INFO - Started process (PID=30853) to work on /Users/karenwang/anaconda3/envs/airflow_sqlite_env/lib/python3.9/site-packages/airflow/example_dags/example_params_trigger_ui.py
[2024-10-13T20:18:39.643-0400] {processor.py:914} INFO - Processing file /Users/karenwang/anaconda3/envs/airflow_sqlite_env/lib/python3.9/site-packages/airflow/example_dags/example_params_trigger_ui.py for tasks to queue
[2024-10-13T20:18:39.645-0400] {logging_mixin.py:190} INFO - [2024-10-13T20:18:39.644-0400] {dagbag.py:588} INFO - Filling up the DagBag from /Users/karenwang/anaconda3/envs/airflow_sqlite_env/lib/python3.9/site-packages/airflow/example_dags/example_params_trigger_ui.py
[2024-10-13T20:18:39.748-0400] {processor.py:925} INFO - DAG(s) 'example_params_trigger_ui' retrieved from /Users/karenwang/anaconda3/envs/airflow_sqlite_env/lib/python3.9/site-packages/airflow/example_dags/example_params_trigger_ui.py
[2024-10-13T20:18:40.011-0400] {logging_mixin.py:190} INFO - [2024-10-13T20:18:40.011-0400] {dag.py:3239} INFO - Sync 1 DAGs
[2024-10-13T20:18:40.028-0400] {logging_mixin.py:190} INFO - [2024-10-13T20:18:40.028-0400] {dag.py:4180} INFO - Setting next_dagrun for example_params_trigger_ui to None, run_after=None
[2024-10-13T20:18:40.054-0400] {processor.py:208} INFO - Processing /Users/karenwang/anaconda3/envs/airflow_sqlite_env/lib/python3.9/site-packages/airflow/example_dags/example_params_trigger_ui.py took 0.417 seconds
[2024-10-13T20:23:04.103-0400] {processor.py:186} INFO - Started process (PID=32322) to work on /Users/karenwang/anaconda3/envs/airflow_sqlite_env/lib/python3.9/site-packages/airflow/example_dags/example_params_trigger_ui.py
[2024-10-13T20:23:04.105-0400] {processor.py:914} INFO - Processing file /Users/karenwang/anaconda3/envs/airflow_sqlite_env/lib/python3.9/site-packages/airflow/example_dags/example_params_trigger_ui.py for tasks to queue
[2024-10-13T20:23:04.106-0400] {logging_mixin.py:190} INFO - [2024-10-13T20:23:04.106-0400] {dagbag.py:588} INFO - Filling up the DagBag from /Users/karenwang/anaconda3/envs/airflow_sqlite_env/lib/python3.9/site-packages/airflow/example_dags/example_params_trigger_ui.py
[2024-10-13T20:23:04.216-0400] {processor.py:925} INFO - DAG(s) 'example_params_trigger_ui' retrieved from /Users/karenwang/anaconda3/envs/airflow_sqlite_env/lib/python3.9/site-packages/airflow/example_dags/example_params_trigger_ui.py
[2024-10-13T20:23:04.444-0400] {logging_mixin.py:190} INFO - [2024-10-13T20:23:04.444-0400] {dag.py:3239} INFO - Sync 1 DAGs
[2024-10-13T20:23:04.462-0400] {logging_mixin.py:190} INFO - [2024-10-13T20:23:04.462-0400] {dag.py:4180} INFO - Setting next_dagrun for example_params_trigger_ui to None, run_after=None
[2024-10-13T20:23:04.482-0400] {processor.py:208} INFO - Processing /Users/karenwang/anaconda3/envs/airflow_sqlite_env/lib/python3.9/site-packages/airflow/example_dags/example_params_trigger_ui.py took 0.385 seconds
[2024-10-13T20:28:44.089-0400] {processor.py:186} INFO - Started process (PID=34227) to work on /Users/karenwang/anaconda3/envs/airflow_sqlite_env/lib/python3.9/site-packages/airflow/example_dags/example_params_trigger_ui.py
[2024-10-13T20:28:44.090-0400] {processor.py:914} INFO - Processing file /Users/karenwang/anaconda3/envs/airflow_sqlite_env/lib/python3.9/site-packages/airflow/example_dags/example_params_trigger_ui.py for tasks to queue
[2024-10-13T20:28:44.092-0400] {logging_mixin.py:190} INFO - [2024-10-13T20:28:44.091-0400] {dagbag.py:588} INFO - Filling up the DagBag from /Users/karenwang/anaconda3/envs/airflow_sqlite_env/lib/python3.9/site-packages/airflow/example_dags/example_params_trigger_ui.py
[2024-10-13T20:28:44.200-0400] {processor.py:925} INFO - DAG(s) 'example_params_trigger_ui' retrieved from /Users/karenwang/anaconda3/envs/airflow_sqlite_env/lib/python3.9/site-packages/airflow/example_dags/example_params_trigger_ui.py
[2024-10-13T20:28:44.416-0400] {logging_mixin.py:190} INFO - [2024-10-13T20:28:44.416-0400] {dag.py:3239} INFO - Sync 1 DAGs
[2024-10-13T20:28:44.431-0400] {logging_mixin.py:190} INFO - [2024-10-13T20:28:44.430-0400] {dag.py:4180} INFO - Setting next_dagrun for example_params_trigger_ui to None, run_after=None
[2024-10-13T20:28:44.454-0400] {processor.py:208} INFO - Processing /Users/karenwang/anaconda3/envs/airflow_sqlite_env/lib/python3.9/site-packages/airflow/example_dags/example_params_trigger_ui.py took 0.372 seconds
[2024-10-13T20:33:08.293-0400] {processor.py:186} INFO - Started process (PID=35661) to work on /Users/karenwang/anaconda3/envs/airflow_sqlite_env/lib/python3.9/site-packages/airflow/example_dags/example_params_trigger_ui.py
[2024-10-13T20:33:08.294-0400] {processor.py:914} INFO - Processing file /Users/karenwang/anaconda3/envs/airflow_sqlite_env/lib/python3.9/site-packages/airflow/example_dags/example_params_trigger_ui.py for tasks to queue
[2024-10-13T20:33:08.296-0400] {logging_mixin.py:190} INFO - [2024-10-13T20:33:08.295-0400] {dagbag.py:588} INFO - Filling up the DagBag from /Users/karenwang/anaconda3/envs/airflow_sqlite_env/lib/python3.9/site-packages/airflow/example_dags/example_params_trigger_ui.py
[2024-10-13T20:33:08.393-0400] {processor.py:925} INFO - DAG(s) 'example_params_trigger_ui' retrieved from /Users/karenwang/anaconda3/envs/airflow_sqlite_env/lib/python3.9/site-packages/airflow/example_dags/example_params_trigger_ui.py
[2024-10-13T20:33:08.581-0400] {logging_mixin.py:190} INFO - [2024-10-13T20:33:08.581-0400] {dag.py:3239} INFO - Sync 1 DAGs
[2024-10-13T20:33:08.594-0400] {logging_mixin.py:190} INFO - [2024-10-13T20:33:08.593-0400] {dag.py:4180} INFO - Setting next_dagrun for example_params_trigger_ui to None, run_after=None
[2024-10-13T20:33:08.616-0400] {processor.py:208} INFO - Processing /Users/karenwang/anaconda3/envs/airflow_sqlite_env/lib/python3.9/site-packages/airflow/example_dags/example_params_trigger_ui.py took 0.330 seconds
[2024-10-13T20:36:50.140-0400] {processor.py:186} INFO - Started process (PID=36843) to work on /Users/karenwang/anaconda3/envs/airflow_sqlite_env/lib/python3.9/site-packages/airflow/example_dags/example_params_trigger_ui.py
[2024-10-13T20:36:50.141-0400] {processor.py:914} INFO - Processing file /Users/karenwang/anaconda3/envs/airflow_sqlite_env/lib/python3.9/site-packages/airflow/example_dags/example_params_trigger_ui.py for tasks to queue
[2024-10-13T20:36:50.143-0400] {logging_mixin.py:190} INFO - [2024-10-13T20:36:50.143-0400] {dagbag.py:588} INFO - Filling up the DagBag from /Users/karenwang/anaconda3/envs/airflow_sqlite_env/lib/python3.9/site-packages/airflow/example_dags/example_params_trigger_ui.py
[2024-10-13T20:36:50.237-0400] {processor.py:925} INFO - DAG(s) 'example_params_trigger_ui' retrieved from /Users/karenwang/anaconda3/envs/airflow_sqlite_env/lib/python3.9/site-packages/airflow/example_dags/example_params_trigger_ui.py
[2024-10-13T20:36:50.414-0400] {logging_mixin.py:190} INFO - [2024-10-13T20:36:50.414-0400] {dag.py:3239} INFO - Sync 1 DAGs
[2024-10-13T20:36:50.430-0400] {logging_mixin.py:190} INFO - [2024-10-13T20:36:50.430-0400] {dag.py:4180} INFO - Setting next_dagrun for example_params_trigger_ui to None, run_after=None
[2024-10-13T20:36:50.454-0400] {processor.py:208} INFO - Processing /Users/karenwang/anaconda3/envs/airflow_sqlite_env/lib/python3.9/site-packages/airflow/example_dags/example_params_trigger_ui.py took 0.320 seconds
[2024-10-13T20:40:29.307-0400] {processor.py:186} INFO - Started process (PID=37958) to work on /Users/karenwang/anaconda3/envs/airflow_sqlite_env/lib/python3.9/site-packages/airflow/example_dags/example_params_trigger_ui.py
[2024-10-13T20:40:29.309-0400] {processor.py:914} INFO - Processing file /Users/karenwang/anaconda3/envs/airflow_sqlite_env/lib/python3.9/site-packages/airflow/example_dags/example_params_trigger_ui.py for tasks to queue
[2024-10-13T20:40:29.310-0400] {logging_mixin.py:190} INFO - [2024-10-13T20:40:29.310-0400] {dagbag.py:588} INFO - Filling up the DagBag from /Users/karenwang/anaconda3/envs/airflow_sqlite_env/lib/python3.9/site-packages/airflow/example_dags/example_params_trigger_ui.py
[2024-10-13T20:40:29.402-0400] {processor.py:925} INFO - DAG(s) 'example_params_trigger_ui' retrieved from /Users/karenwang/anaconda3/envs/airflow_sqlite_env/lib/python3.9/site-packages/airflow/example_dags/example_params_trigger_ui.py
[2024-10-13T20:40:29.604-0400] {logging_mixin.py:190} INFO - [2024-10-13T20:40:29.603-0400] {dag.py:3239} INFO - Sync 1 DAGs
[2024-10-13T20:40:29.616-0400] {logging_mixin.py:190} INFO - [2024-10-13T20:40:29.616-0400] {dag.py:4180} INFO - Setting next_dagrun for example_params_trigger_ui to None, run_after=None
[2024-10-13T20:40:29.636-0400] {processor.py:208} INFO - Processing /Users/karenwang/anaconda3/envs/airflow_sqlite_env/lib/python3.9/site-packages/airflow/example_dags/example_params_trigger_ui.py took 0.334 seconds
[2024-10-13T20:44:10.051-0400] {processor.py:186} INFO - Started process (PID=39097) to work on /Users/karenwang/anaconda3/envs/airflow_sqlite_env/lib/python3.9/site-packages/airflow/example_dags/example_params_trigger_ui.py
[2024-10-13T20:44:10.053-0400] {processor.py:914} INFO - Processing file /Users/karenwang/anaconda3/envs/airflow_sqlite_env/lib/python3.9/site-packages/airflow/example_dags/example_params_trigger_ui.py for tasks to queue
[2024-10-13T20:44:10.054-0400] {logging_mixin.py:190} INFO - [2024-10-13T20:44:10.054-0400] {dagbag.py:588} INFO - Filling up the DagBag from /Users/karenwang/anaconda3/envs/airflow_sqlite_env/lib/python3.9/site-packages/airflow/example_dags/example_params_trigger_ui.py
[2024-10-13T20:44:10.140-0400] {processor.py:925} INFO - DAG(s) 'example_params_trigger_ui' retrieved from /Users/karenwang/anaconda3/envs/airflow_sqlite_env/lib/python3.9/site-packages/airflow/example_dags/example_params_trigger_ui.py
[2024-10-13T20:44:10.322-0400] {logging_mixin.py:190} INFO - [2024-10-13T20:44:10.321-0400] {dag.py:3239} INFO - Sync 1 DAGs
[2024-10-13T20:44:10.336-0400] {logging_mixin.py:190} INFO - [2024-10-13T20:44:10.335-0400] {dag.py:4180} INFO - Setting next_dagrun for example_params_trigger_ui to None, run_after=None
[2024-10-13T20:44:10.359-0400] {processor.py:208} INFO - Processing /Users/karenwang/anaconda3/envs/airflow_sqlite_env/lib/python3.9/site-packages/airflow/example_dags/example_params_trigger_ui.py took 0.314 seconds
[2024-10-13T20:47:48.909-0400] {processor.py:186} INFO - Started process (PID=40247) to work on /Users/karenwang/anaconda3/envs/airflow_sqlite_env/lib/python3.9/site-packages/airflow/example_dags/example_params_trigger_ui.py
[2024-10-13T20:47:48.910-0400] {processor.py:914} INFO - Processing file /Users/karenwang/anaconda3/envs/airflow_sqlite_env/lib/python3.9/site-packages/airflow/example_dags/example_params_trigger_ui.py for tasks to queue
[2024-10-13T20:47:48.911-0400] {logging_mixin.py:190} INFO - [2024-10-13T20:47:48.911-0400] {dagbag.py:588} INFO - Filling up the DagBag from /Users/karenwang/anaconda3/envs/airflow_sqlite_env/lib/python3.9/site-packages/airflow/example_dags/example_params_trigger_ui.py
[2024-10-13T20:47:49.013-0400] {processor.py:925} INFO - DAG(s) 'example_params_trigger_ui' retrieved from /Users/karenwang/anaconda3/envs/airflow_sqlite_env/lib/python3.9/site-packages/airflow/example_dags/example_params_trigger_ui.py
[2024-10-13T20:47:49.208-0400] {logging_mixin.py:190} INFO - [2024-10-13T20:47:49.207-0400] {dag.py:3239} INFO - Sync 1 DAGs
[2024-10-13T20:47:49.221-0400] {logging_mixin.py:190} INFO - [2024-10-13T20:47:49.221-0400] {dag.py:4180} INFO - Setting next_dagrun for example_params_trigger_ui to None, run_after=None
[2024-10-13T20:47:49.246-0400] {processor.py:208} INFO - Processing /Users/karenwang/anaconda3/envs/airflow_sqlite_env/lib/python3.9/site-packages/airflow/example_dags/example_params_trigger_ui.py took 0.343 seconds
[2024-10-13T20:51:26.760-0400] {processor.py:186} INFO - Started process (PID=41371) to work on /Users/karenwang/anaconda3/envs/airflow_sqlite_env/lib/python3.9/site-packages/airflow/example_dags/example_params_trigger_ui.py
[2024-10-13T20:51:26.761-0400] {processor.py:914} INFO - Processing file /Users/karenwang/anaconda3/envs/airflow_sqlite_env/lib/python3.9/site-packages/airflow/example_dags/example_params_trigger_ui.py for tasks to queue
[2024-10-13T20:51:26.762-0400] {logging_mixin.py:190} INFO - [2024-10-13T20:51:26.762-0400] {dagbag.py:588} INFO - Filling up the DagBag from /Users/karenwang/anaconda3/envs/airflow_sqlite_env/lib/python3.9/site-packages/airflow/example_dags/example_params_trigger_ui.py
[2024-10-13T20:51:26.865-0400] {processor.py:925} INFO - DAG(s) 'example_params_trigger_ui' retrieved from /Users/karenwang/anaconda3/envs/airflow_sqlite_env/lib/python3.9/site-packages/airflow/example_dags/example_params_trigger_ui.py
[2024-10-13T20:51:27.042-0400] {logging_mixin.py:190} INFO - [2024-10-13T20:51:27.042-0400] {dag.py:3239} INFO - Sync 1 DAGs
[2024-10-13T20:51:27.055-0400] {logging_mixin.py:190} INFO - [2024-10-13T20:51:27.055-0400] {dag.py:4180} INFO - Setting next_dagrun for example_params_trigger_ui to None, run_after=None
[2024-10-13T20:51:27.075-0400] {processor.py:208} INFO - Processing /Users/karenwang/anaconda3/envs/airflow_sqlite_env/lib/python3.9/site-packages/airflow/example_dags/example_params_trigger_ui.py took 0.322 seconds
[2024-10-13T20:55:06.951-0400] {processor.py:186} INFO - Started process (PID=42506) to work on /Users/karenwang/anaconda3/envs/airflow_sqlite_env/lib/python3.9/site-packages/airflow/example_dags/example_params_trigger_ui.py
[2024-10-13T20:55:06.952-0400] {processor.py:914} INFO - Processing file /Users/karenwang/anaconda3/envs/airflow_sqlite_env/lib/python3.9/site-packages/airflow/example_dags/example_params_trigger_ui.py for tasks to queue
[2024-10-13T20:55:06.953-0400] {logging_mixin.py:190} INFO - [2024-10-13T20:55:06.953-0400] {dagbag.py:588} INFO - Filling up the DagBag from /Users/karenwang/anaconda3/envs/airflow_sqlite_env/lib/python3.9/site-packages/airflow/example_dags/example_params_trigger_ui.py
[2024-10-13T20:55:07.044-0400] {processor.py:925} INFO - DAG(s) 'example_params_trigger_ui' retrieved from /Users/karenwang/anaconda3/envs/airflow_sqlite_env/lib/python3.9/site-packages/airflow/example_dags/example_params_trigger_ui.py
[2024-10-13T20:55:07.220-0400] {logging_mixin.py:190} INFO - [2024-10-13T20:55:07.220-0400] {dag.py:3239} INFO - Sync 1 DAGs
[2024-10-13T20:55:07.237-0400] {logging_mixin.py:190} INFO - [2024-10-13T20:55:07.236-0400] {dag.py:4180} INFO - Setting next_dagrun for example_params_trigger_ui to None, run_after=None
[2024-10-13T20:55:07.260-0400] {processor.py:208} INFO - Processing /Users/karenwang/anaconda3/envs/airflow_sqlite_env/lib/python3.9/site-packages/airflow/example_dags/example_params_trigger_ui.py took 0.316 seconds
[2024-10-13T20:58:48.475-0400] {processor.py:186} INFO - Started process (PID=43675) to work on /Users/karenwang/anaconda3/envs/airflow_sqlite_env/lib/python3.9/site-packages/airflow/example_dags/example_params_trigger_ui.py
[2024-10-13T20:58:48.476-0400] {processor.py:914} INFO - Processing file /Users/karenwang/anaconda3/envs/airflow_sqlite_env/lib/python3.9/site-packages/airflow/example_dags/example_params_trigger_ui.py for tasks to queue
[2024-10-13T20:58:48.478-0400] {logging_mixin.py:190} INFO - [2024-10-13T20:58:48.477-0400] {dagbag.py:588} INFO - Filling up the DagBag from /Users/karenwang/anaconda3/envs/airflow_sqlite_env/lib/python3.9/site-packages/airflow/example_dags/example_params_trigger_ui.py
[2024-10-13T20:58:48.567-0400] {processor.py:925} INFO - DAG(s) 'example_params_trigger_ui' retrieved from /Users/karenwang/anaconda3/envs/airflow_sqlite_env/lib/python3.9/site-packages/airflow/example_dags/example_params_trigger_ui.py
[2024-10-13T20:58:48.741-0400] {logging_mixin.py:190} INFO - [2024-10-13T20:58:48.741-0400] {dag.py:3239} INFO - Sync 1 DAGs
[2024-10-13T20:58:48.754-0400] {logging_mixin.py:190} INFO - [2024-10-13T20:58:48.753-0400] {dag.py:4180} INFO - Setting next_dagrun for example_params_trigger_ui to None, run_after=None
[2024-10-13T20:58:48.773-0400] {processor.py:208} INFO - Processing /Users/karenwang/anaconda3/envs/airflow_sqlite_env/lib/python3.9/site-packages/airflow/example_dags/example_params_trigger_ui.py took 0.304 seconds
[2024-10-13T21:02:28.181-0400] {processor.py:186} INFO - Started process (PID=44793) to work on /Users/karenwang/anaconda3/envs/airflow_sqlite_env/lib/python3.9/site-packages/airflow/example_dags/example_params_trigger_ui.py
[2024-10-13T21:02:28.182-0400] {processor.py:914} INFO - Processing file /Users/karenwang/anaconda3/envs/airflow_sqlite_env/lib/python3.9/site-packages/airflow/example_dags/example_params_trigger_ui.py for tasks to queue
[2024-10-13T21:02:28.184-0400] {logging_mixin.py:190} INFO - [2024-10-13T21:02:28.184-0400] {dagbag.py:588} INFO - Filling up the DagBag from /Users/karenwang/anaconda3/envs/airflow_sqlite_env/lib/python3.9/site-packages/airflow/example_dags/example_params_trigger_ui.py
[2024-10-13T21:02:28.274-0400] {processor.py:925} INFO - DAG(s) 'example_params_trigger_ui' retrieved from /Users/karenwang/anaconda3/envs/airflow_sqlite_env/lib/python3.9/site-packages/airflow/example_dags/example_params_trigger_ui.py
[2024-10-13T21:02:28.475-0400] {logging_mixin.py:190} INFO - [2024-10-13T21:02:28.475-0400] {dag.py:3239} INFO - Sync 1 DAGs
[2024-10-13T21:02:28.487-0400] {logging_mixin.py:190} INFO - [2024-10-13T21:02:28.487-0400] {dag.py:4180} INFO - Setting next_dagrun for example_params_trigger_ui to None, run_after=None
[2024-10-13T21:02:28.506-0400] {processor.py:208} INFO - Processing /Users/karenwang/anaconda3/envs/airflow_sqlite_env/lib/python3.9/site-packages/airflow/example_dags/example_params_trigger_ui.py took 0.331 seconds
[2024-10-13T21:06:07.849-0400] {processor.py:186} INFO - Started process (PID=45934) to work on /Users/karenwang/anaconda3/envs/airflow_sqlite_env/lib/python3.9/site-packages/airflow/example_dags/example_params_trigger_ui.py
[2024-10-13T21:06:07.850-0400] {processor.py:914} INFO - Processing file /Users/karenwang/anaconda3/envs/airflow_sqlite_env/lib/python3.9/site-packages/airflow/example_dags/example_params_trigger_ui.py for tasks to queue
[2024-10-13T21:06:07.851-0400] {logging_mixin.py:190} INFO - [2024-10-13T21:06:07.851-0400] {dagbag.py:588} INFO - Filling up the DagBag from /Users/karenwang/anaconda3/envs/airflow_sqlite_env/lib/python3.9/site-packages/airflow/example_dags/example_params_trigger_ui.py
[2024-10-13T21:06:07.949-0400] {processor.py:925} INFO - DAG(s) 'example_params_trigger_ui' retrieved from /Users/karenwang/anaconda3/envs/airflow_sqlite_env/lib/python3.9/site-packages/airflow/example_dags/example_params_trigger_ui.py
[2024-10-13T21:06:08.149-0400] {logging_mixin.py:190} INFO - [2024-10-13T21:06:08.149-0400] {dag.py:3239} INFO - Sync 1 DAGs
[2024-10-13T21:06:08.162-0400] {logging_mixin.py:190} INFO - [2024-10-13T21:06:08.161-0400] {dag.py:4180} INFO - Setting next_dagrun for example_params_trigger_ui to None, run_after=None
[2024-10-13T21:06:08.185-0400] {processor.py:208} INFO - Processing /Users/karenwang/anaconda3/envs/airflow_sqlite_env/lib/python3.9/site-packages/airflow/example_dags/example_params_trigger_ui.py took 0.342 seconds
[2024-10-13T21:11:35.601-0400] {processor.py:186} INFO - Started process (PID=47709) to work on /Users/karenwang/anaconda3/envs/airflow_sqlite_env/lib/python3.9/site-packages/airflow/example_dags/example_params_trigger_ui.py
[2024-10-13T21:11:35.603-0400] {processor.py:914} INFO - Processing file /Users/karenwang/anaconda3/envs/airflow_sqlite_env/lib/python3.9/site-packages/airflow/example_dags/example_params_trigger_ui.py for tasks to queue
[2024-10-13T21:11:35.605-0400] {logging_mixin.py:190} INFO - [2024-10-13T21:11:35.604-0400] {dagbag.py:588} INFO - Filling up the DagBag from /Users/karenwang/anaconda3/envs/airflow_sqlite_env/lib/python3.9/site-packages/airflow/example_dags/example_params_trigger_ui.py
[2024-10-13T21:11:35.704-0400] {processor.py:925} INFO - DAG(s) 'example_params_trigger_ui' retrieved from /Users/karenwang/anaconda3/envs/airflow_sqlite_env/lib/python3.9/site-packages/airflow/example_dags/example_params_trigger_ui.py
[2024-10-13T21:11:35.916-0400] {logging_mixin.py:190} INFO - [2024-10-13T21:11:35.916-0400] {dag.py:3239} INFO - Sync 1 DAGs
[2024-10-13T21:11:35.933-0400] {logging_mixin.py:190} INFO - [2024-10-13T21:11:35.932-0400] {dag.py:4180} INFO - Setting next_dagrun for example_params_trigger_ui to None, run_after=None
[2024-10-13T21:11:35.956-0400] {processor.py:208} INFO - Processing /Users/karenwang/anaconda3/envs/airflow_sqlite_env/lib/python3.9/site-packages/airflow/example_dags/example_params_trigger_ui.py took 0.361 seconds
[2024-10-13T21:16:13.376-0400] {processor.py:186} INFO - Started process (PID=49368) to work on /Users/karenwang/anaconda3/envs/airflow_sqlite_env/lib/python3.9/site-packages/airflow/example_dags/example_params_trigger_ui.py
[2024-10-13T21:16:13.377-0400] {processor.py:914} INFO - Processing file /Users/karenwang/anaconda3/envs/airflow_sqlite_env/lib/python3.9/site-packages/airflow/example_dags/example_params_trigger_ui.py for tasks to queue
[2024-10-13T21:16:13.379-0400] {logging_mixin.py:190} INFO - [2024-10-13T21:16:13.379-0400] {dagbag.py:588} INFO - Filling up the DagBag from /Users/karenwang/anaconda3/envs/airflow_sqlite_env/lib/python3.9/site-packages/airflow/example_dags/example_params_trigger_ui.py
[2024-10-13T21:16:13.476-0400] {processor.py:925} INFO - DAG(s) 'example_params_trigger_ui' retrieved from /Users/karenwang/anaconda3/envs/airflow_sqlite_env/lib/python3.9/site-packages/airflow/example_dags/example_params_trigger_ui.py
[2024-10-13T21:16:13.689-0400] {logging_mixin.py:190} INFO - [2024-10-13T21:16:13.688-0400] {dag.py:3239} INFO - Sync 1 DAGs
[2024-10-13T21:16:13.708-0400] {logging_mixin.py:190} INFO - [2024-10-13T21:16:13.708-0400] {dag.py:4180} INFO - Setting next_dagrun for example_params_trigger_ui to None, run_after=None
[2024-10-13T21:16:13.737-0400] {processor.py:208} INFO - Processing /Users/karenwang/anaconda3/envs/airflow_sqlite_env/lib/python3.9/site-packages/airflow/example_dags/example_params_trigger_ui.py took 0.367 seconds
[2024-10-13T21:19:57.867-0400] {processor.py:186} INFO - Started process (PID=50550) to work on /Users/karenwang/anaconda3/envs/airflow_sqlite_env/lib/python3.9/site-packages/airflow/example_dags/example_params_trigger_ui.py
[2024-10-13T21:19:57.868-0400] {processor.py:914} INFO - Processing file /Users/karenwang/anaconda3/envs/airflow_sqlite_env/lib/python3.9/site-packages/airflow/example_dags/example_params_trigger_ui.py for tasks to queue
[2024-10-13T21:19:57.870-0400] {logging_mixin.py:190} INFO - [2024-10-13T21:19:57.870-0400] {dagbag.py:588} INFO - Filling up the DagBag from /Users/karenwang/anaconda3/envs/airflow_sqlite_env/lib/python3.9/site-packages/airflow/example_dags/example_params_trigger_ui.py
[2024-10-13T21:19:57.963-0400] {processor.py:925} INFO - DAG(s) 'example_params_trigger_ui' retrieved from /Users/karenwang/anaconda3/envs/airflow_sqlite_env/lib/python3.9/site-packages/airflow/example_dags/example_params_trigger_ui.py
[2024-10-13T21:19:58.135-0400] {logging_mixin.py:190} INFO - [2024-10-13T21:19:58.135-0400] {dag.py:3239} INFO - Sync 1 DAGs
[2024-10-13T21:19:58.147-0400] {logging_mixin.py:190} INFO - [2024-10-13T21:19:58.147-0400] {dag.py:4180} INFO - Setting next_dagrun for example_params_trigger_ui to None, run_after=None
[2024-10-13T21:19:58.169-0400] {processor.py:208} INFO - Processing /Users/karenwang/anaconda3/envs/airflow_sqlite_env/lib/python3.9/site-packages/airflow/example_dags/example_params_trigger_ui.py took 0.308 seconds
[2024-10-13T21:23:40.178-0400] {processor.py:186} INFO - Started process (PID=51687) to work on /Users/karenwang/anaconda3/envs/airflow_sqlite_env/lib/python3.9/site-packages/airflow/example_dags/example_params_trigger_ui.py
[2024-10-13T21:23:40.179-0400] {processor.py:914} INFO - Processing file /Users/karenwang/anaconda3/envs/airflow_sqlite_env/lib/python3.9/site-packages/airflow/example_dags/example_params_trigger_ui.py for tasks to queue
[2024-10-13T21:23:40.181-0400] {logging_mixin.py:190} INFO - [2024-10-13T21:23:40.181-0400] {dagbag.py:588} INFO - Filling up the DagBag from /Users/karenwang/anaconda3/envs/airflow_sqlite_env/lib/python3.9/site-packages/airflow/example_dags/example_params_trigger_ui.py
[2024-10-13T21:23:40.288-0400] {processor.py:925} INFO - DAG(s) 'example_params_trigger_ui' retrieved from /Users/karenwang/anaconda3/envs/airflow_sqlite_env/lib/python3.9/site-packages/airflow/example_dags/example_params_trigger_ui.py
[2024-10-13T21:23:40.488-0400] {logging_mixin.py:190} INFO - [2024-10-13T21:23:40.487-0400] {dag.py:3239} INFO - Sync 1 DAGs
[2024-10-13T21:23:40.507-0400] {logging_mixin.py:190} INFO - [2024-10-13T21:23:40.507-0400] {dag.py:4180} INFO - Setting next_dagrun for example_params_trigger_ui to None, run_after=None
[2024-10-13T21:23:40.532-0400] {processor.py:208} INFO - Processing /Users/karenwang/anaconda3/envs/airflow_sqlite_env/lib/python3.9/site-packages/airflow/example_dags/example_params_trigger_ui.py took 0.360 seconds
[2024-10-13T21:27:19.184-0400] {processor.py:186} INFO - Started process (PID=52819) to work on /Users/karenwang/anaconda3/envs/airflow_sqlite_env/lib/python3.9/site-packages/airflow/example_dags/example_params_trigger_ui.py
[2024-10-13T21:27:19.185-0400] {processor.py:914} INFO - Processing file /Users/karenwang/anaconda3/envs/airflow_sqlite_env/lib/python3.9/site-packages/airflow/example_dags/example_params_trigger_ui.py for tasks to queue
[2024-10-13T21:27:19.186-0400] {logging_mixin.py:190} INFO - [2024-10-13T21:27:19.186-0400] {dagbag.py:588} INFO - Filling up the DagBag from /Users/karenwang/anaconda3/envs/airflow_sqlite_env/lib/python3.9/site-packages/airflow/example_dags/example_params_trigger_ui.py
[2024-10-13T21:27:19.283-0400] {processor.py:925} INFO - DAG(s) 'example_params_trigger_ui' retrieved from /Users/karenwang/anaconda3/envs/airflow_sqlite_env/lib/python3.9/site-packages/airflow/example_dags/example_params_trigger_ui.py
[2024-10-13T21:27:19.493-0400] {logging_mixin.py:190} INFO - [2024-10-13T21:27:19.493-0400] {dag.py:3239} INFO - Sync 1 DAGs
[2024-10-13T21:27:19.509-0400] {logging_mixin.py:190} INFO - [2024-10-13T21:27:19.509-0400] {dag.py:4180} INFO - Setting next_dagrun for example_params_trigger_ui to None, run_after=None
[2024-10-13T21:27:19.531-0400] {processor.py:208} INFO - Processing /Users/karenwang/anaconda3/envs/airflow_sqlite_env/lib/python3.9/site-packages/airflow/example_dags/example_params_trigger_ui.py took 0.352 seconds
[2024-10-13T21:31:17.210-0400] {processor.py:186} INFO - Started process (PID=54077) to work on /Users/karenwang/anaconda3/envs/airflow_sqlite_env/lib/python3.9/site-packages/airflow/example_dags/example_params_trigger_ui.py
[2024-10-13T21:31:17.212-0400] {processor.py:914} INFO - Processing file /Users/karenwang/anaconda3/envs/airflow_sqlite_env/lib/python3.9/site-packages/airflow/example_dags/example_params_trigger_ui.py for tasks to queue
[2024-10-13T21:31:17.213-0400] {logging_mixin.py:190} INFO - [2024-10-13T21:31:17.213-0400] {dagbag.py:588} INFO - Filling up the DagBag from /Users/karenwang/anaconda3/envs/airflow_sqlite_env/lib/python3.9/site-packages/airflow/example_dags/example_params_trigger_ui.py
[2024-10-13T21:31:17.313-0400] {processor.py:925} INFO - DAG(s) 'example_params_trigger_ui' retrieved from /Users/karenwang/anaconda3/envs/airflow_sqlite_env/lib/python3.9/site-packages/airflow/example_dags/example_params_trigger_ui.py
[2024-10-13T21:31:17.512-0400] {logging_mixin.py:190} INFO - [2024-10-13T21:31:17.511-0400] {dag.py:3239} INFO - Sync 1 DAGs
[2024-10-13T21:31:17.529-0400] {logging_mixin.py:190} INFO - [2024-10-13T21:31:17.529-0400] {dag.py:4180} INFO - Setting next_dagrun for example_params_trigger_ui to None, run_after=None
[2024-10-13T21:31:17.553-0400] {processor.py:208} INFO - Processing /Users/karenwang/anaconda3/envs/airflow_sqlite_env/lib/python3.9/site-packages/airflow/example_dags/example_params_trigger_ui.py took 0.348 seconds
[2024-10-13T21:35:11.495-0400] {processor.py:186} INFO - Started process (PID=55292) to work on /Users/karenwang/anaconda3/envs/airflow_sqlite_env/lib/python3.9/site-packages/airflow/example_dags/example_params_trigger_ui.py
[2024-10-13T21:35:11.496-0400] {processor.py:914} INFO - Processing file /Users/karenwang/anaconda3/envs/airflow_sqlite_env/lib/python3.9/site-packages/airflow/example_dags/example_params_trigger_ui.py for tasks to queue
[2024-10-13T21:35:11.497-0400] {logging_mixin.py:190} INFO - [2024-10-13T21:35:11.497-0400] {dagbag.py:588} INFO - Filling up the DagBag from /Users/karenwang/anaconda3/envs/airflow_sqlite_env/lib/python3.9/site-packages/airflow/example_dags/example_params_trigger_ui.py
[2024-10-13T21:35:11.602-0400] {processor.py:925} INFO - DAG(s) 'example_params_trigger_ui' retrieved from /Users/karenwang/anaconda3/envs/airflow_sqlite_env/lib/python3.9/site-packages/airflow/example_dags/example_params_trigger_ui.py
[2024-10-13T21:35:11.817-0400] {logging_mixin.py:190} INFO - [2024-10-13T21:35:11.817-0400] {dag.py:3239} INFO - Sync 1 DAGs
[2024-10-13T21:35:11.832-0400] {logging_mixin.py:190} INFO - [2024-10-13T21:35:11.831-0400] {dag.py:4180} INFO - Setting next_dagrun for example_params_trigger_ui to None, run_after=None
[2024-10-13T21:35:11.854-0400] {processor.py:208} INFO - Processing /Users/karenwang/anaconda3/envs/airflow_sqlite_env/lib/python3.9/site-packages/airflow/example_dags/example_params_trigger_ui.py took 0.365 seconds
[2024-10-13T21:39:05.402-0400] {processor.py:186} INFO - Started process (PID=56520) to work on /Users/karenwang/anaconda3/envs/airflow_sqlite_env/lib/python3.9/site-packages/airflow/example_dags/example_params_trigger_ui.py
[2024-10-13T21:39:05.404-0400] {processor.py:914} INFO - Processing file /Users/karenwang/anaconda3/envs/airflow_sqlite_env/lib/python3.9/site-packages/airflow/example_dags/example_params_trigger_ui.py for tasks to queue
[2024-10-13T21:39:05.405-0400] {logging_mixin.py:190} INFO - [2024-10-13T21:39:05.405-0400] {dagbag.py:588} INFO - Filling up the DagBag from /Users/karenwang/anaconda3/envs/airflow_sqlite_env/lib/python3.9/site-packages/airflow/example_dags/example_params_trigger_ui.py
[2024-10-13T21:39:05.504-0400] {processor.py:925} INFO - DAG(s) 'example_params_trigger_ui' retrieved from /Users/karenwang/anaconda3/envs/airflow_sqlite_env/lib/python3.9/site-packages/airflow/example_dags/example_params_trigger_ui.py
[2024-10-13T21:39:05.702-0400] {logging_mixin.py:190} INFO - [2024-10-13T21:39:05.702-0400] {dag.py:3239} INFO - Sync 1 DAGs
[2024-10-13T21:39:05.718-0400] {logging_mixin.py:190} INFO - [2024-10-13T21:39:05.718-0400] {dag.py:4180} INFO - Setting next_dagrun for example_params_trigger_ui to None, run_after=None
[2024-10-13T21:39:05.743-0400] {processor.py:208} INFO - Processing /Users/karenwang/anaconda3/envs/airflow_sqlite_env/lib/python3.9/site-packages/airflow/example_dags/example_params_trigger_ui.py took 0.347 seconds
[2024-10-13T21:43:03.246-0400] {processor.py:186} INFO - Started process (PID=57740) to work on /Users/karenwang/anaconda3/envs/airflow_sqlite_env/lib/python3.9/site-packages/airflow/example_dags/example_params_trigger_ui.py
[2024-10-13T21:43:03.247-0400] {processor.py:914} INFO - Processing file /Users/karenwang/anaconda3/envs/airflow_sqlite_env/lib/python3.9/site-packages/airflow/example_dags/example_params_trigger_ui.py for tasks to queue
[2024-10-13T21:43:03.248-0400] {logging_mixin.py:190} INFO - [2024-10-13T21:43:03.248-0400] {dagbag.py:588} INFO - Filling up the DagBag from /Users/karenwang/anaconda3/envs/airflow_sqlite_env/lib/python3.9/site-packages/airflow/example_dags/example_params_trigger_ui.py
[2024-10-13T21:43:03.355-0400] {processor.py:925} INFO - DAG(s) 'example_params_trigger_ui' retrieved from /Users/karenwang/anaconda3/envs/airflow_sqlite_env/lib/python3.9/site-packages/airflow/example_dags/example_params_trigger_ui.py
[2024-10-13T21:43:03.546-0400] {logging_mixin.py:190} INFO - [2024-10-13T21:43:03.546-0400] {dag.py:3239} INFO - Sync 1 DAGs
[2024-10-13T21:43:03.563-0400] {logging_mixin.py:190} INFO - [2024-10-13T21:43:03.562-0400] {dag.py:4180} INFO - Setting next_dagrun for example_params_trigger_ui to None, run_after=None
[2024-10-13T21:43:03.586-0400] {processor.py:208} INFO - Processing /Users/karenwang/anaconda3/envs/airflow_sqlite_env/lib/python3.9/site-packages/airflow/example_dags/example_params_trigger_ui.py took 0.346 seconds
[2024-10-13T21:46:54.611-0400] {processor.py:186} INFO - Started process (PID=58924) to work on /Users/karenwang/anaconda3/envs/airflow_sqlite_env/lib/python3.9/site-packages/airflow/example_dags/example_params_trigger_ui.py
[2024-10-13T21:46:54.612-0400] {processor.py:914} INFO - Processing file /Users/karenwang/anaconda3/envs/airflow_sqlite_env/lib/python3.9/site-packages/airflow/example_dags/example_params_trigger_ui.py for tasks to queue
[2024-10-13T21:46:54.613-0400] {logging_mixin.py:190} INFO - [2024-10-13T21:46:54.613-0400] {dagbag.py:588} INFO - Filling up the DagBag from /Users/karenwang/anaconda3/envs/airflow_sqlite_env/lib/python3.9/site-packages/airflow/example_dags/example_params_trigger_ui.py
[2024-10-13T21:46:54.719-0400] {processor.py:925} INFO - DAG(s) 'example_params_trigger_ui' retrieved from /Users/karenwang/anaconda3/envs/airflow_sqlite_env/lib/python3.9/site-packages/airflow/example_dags/example_params_trigger_ui.py
[2024-10-13T21:46:54.929-0400] {logging_mixin.py:190} INFO - [2024-10-13T21:46:54.928-0400] {dag.py:3239} INFO - Sync 1 DAGs
[2024-10-13T21:46:54.945-0400] {logging_mixin.py:190} INFO - [2024-10-13T21:46:54.945-0400] {dag.py:4180} INFO - Setting next_dagrun for example_params_trigger_ui to None, run_after=None
[2024-10-13T21:46:54.968-0400] {processor.py:208} INFO - Processing /Users/karenwang/anaconda3/envs/airflow_sqlite_env/lib/python3.9/site-packages/airflow/example_dags/example_params_trigger_ui.py took 0.363 seconds
[2024-10-13T21:50:55.072-0400] {processor.py:186} INFO - Started process (PID=60190) to work on /Users/karenwang/anaconda3/envs/airflow_sqlite_env/lib/python3.9/site-packages/airflow/example_dags/example_params_trigger_ui.py
[2024-10-13T21:50:55.073-0400] {processor.py:914} INFO - Processing file /Users/karenwang/anaconda3/envs/airflow_sqlite_env/lib/python3.9/site-packages/airflow/example_dags/example_params_trigger_ui.py for tasks to queue
[2024-10-13T21:50:55.075-0400] {logging_mixin.py:190} INFO - [2024-10-13T21:50:55.075-0400] {dagbag.py:588} INFO - Filling up the DagBag from /Users/karenwang/anaconda3/envs/airflow_sqlite_env/lib/python3.9/site-packages/airflow/example_dags/example_params_trigger_ui.py
[2024-10-13T21:50:55.175-0400] {processor.py:925} INFO - DAG(s) 'example_params_trigger_ui' retrieved from /Users/karenwang/anaconda3/envs/airflow_sqlite_env/lib/python3.9/site-packages/airflow/example_dags/example_params_trigger_ui.py
[2024-10-13T21:50:55.383-0400] {logging_mixin.py:190} INFO - [2024-10-13T21:50:55.383-0400] {dag.py:3239} INFO - Sync 1 DAGs
[2024-10-13T21:50:55.396-0400] {logging_mixin.py:190} INFO - [2024-10-13T21:50:55.396-0400] {dag.py:4180} INFO - Setting next_dagrun for example_params_trigger_ui to None, run_after=None
[2024-10-13T21:50:55.417-0400] {processor.py:208} INFO - Processing /Users/karenwang/anaconda3/envs/airflow_sqlite_env/lib/python3.9/site-packages/airflow/example_dags/example_params_trigger_ui.py took 0.352 seconds
[2024-10-13T21:54:58.539-0400] {processor.py:186} INFO - Started process (PID=61434) to work on /Users/karenwang/anaconda3/envs/airflow_sqlite_env/lib/python3.9/site-packages/airflow/example_dags/example_params_trigger_ui.py
[2024-10-13T21:54:58.541-0400] {processor.py:914} INFO - Processing file /Users/karenwang/anaconda3/envs/airflow_sqlite_env/lib/python3.9/site-packages/airflow/example_dags/example_params_trigger_ui.py for tasks to queue
[2024-10-13T21:54:58.542-0400] {logging_mixin.py:190} INFO - [2024-10-13T21:54:58.542-0400] {dagbag.py:588} INFO - Filling up the DagBag from /Users/karenwang/anaconda3/envs/airflow_sqlite_env/lib/python3.9/site-packages/airflow/example_dags/example_params_trigger_ui.py
[2024-10-13T21:54:58.649-0400] {processor.py:925} INFO - DAG(s) 'example_params_trigger_ui' retrieved from /Users/karenwang/anaconda3/envs/airflow_sqlite_env/lib/python3.9/site-packages/airflow/example_dags/example_params_trigger_ui.py
[2024-10-13T21:54:58.845-0400] {logging_mixin.py:190} INFO - [2024-10-13T21:54:58.845-0400] {dag.py:3239} INFO - Sync 1 DAGs
[2024-10-13T21:54:58.864-0400] {logging_mixin.py:190} INFO - [2024-10-13T21:54:58.863-0400] {dag.py:4180} INFO - Setting next_dagrun for example_params_trigger_ui to None, run_after=None
[2024-10-13T21:54:58.886-0400] {processor.py:208} INFO - Processing /Users/karenwang/anaconda3/envs/airflow_sqlite_env/lib/python3.9/site-packages/airflow/example_dags/example_params_trigger_ui.py took 0.353 seconds
[2024-10-13T21:58:50.747-0400] {processor.py:186} INFO - Started process (PID=62640) to work on /Users/karenwang/anaconda3/envs/airflow_sqlite_env/lib/python3.9/site-packages/airflow/example_dags/example_params_trigger_ui.py
[2024-10-13T21:58:50.749-0400] {processor.py:914} INFO - Processing file /Users/karenwang/anaconda3/envs/airflow_sqlite_env/lib/python3.9/site-packages/airflow/example_dags/example_params_trigger_ui.py for tasks to queue
[2024-10-13T21:58:50.750-0400] {logging_mixin.py:190} INFO - [2024-10-13T21:58:50.750-0400] {dagbag.py:588} INFO - Filling up the DagBag from /Users/karenwang/anaconda3/envs/airflow_sqlite_env/lib/python3.9/site-packages/airflow/example_dags/example_params_trigger_ui.py
[2024-10-13T21:58:50.837-0400] {processor.py:925} INFO - DAG(s) 'example_params_trigger_ui' retrieved from /Users/karenwang/anaconda3/envs/airflow_sqlite_env/lib/python3.9/site-packages/airflow/example_dags/example_params_trigger_ui.py
[2024-10-13T21:58:51.012-0400] {logging_mixin.py:190} INFO - [2024-10-13T21:58:51.011-0400] {dag.py:3239} INFO - Sync 1 DAGs
[2024-10-13T21:58:51.029-0400] {logging_mixin.py:190} INFO - [2024-10-13T21:58:51.028-0400] {dag.py:4180} INFO - Setting next_dagrun for example_params_trigger_ui to None, run_after=None
[2024-10-13T21:58:51.052-0400] {processor.py:208} INFO - Processing /Users/karenwang/anaconda3/envs/airflow_sqlite_env/lib/python3.9/site-packages/airflow/example_dags/example_params_trigger_ui.py took 0.311 seconds
[2024-10-13T22:02:42.567-0400] {processor.py:186} INFO - Started process (PID=63834) to work on /Users/karenwang/anaconda3/envs/airflow_sqlite_env/lib/python3.9/site-packages/airflow/example_dags/example_params_trigger_ui.py
[2024-10-13T22:02:42.569-0400] {processor.py:914} INFO - Processing file /Users/karenwang/anaconda3/envs/airflow_sqlite_env/lib/python3.9/site-packages/airflow/example_dags/example_params_trigger_ui.py for tasks to queue
[2024-10-13T22:02:42.570-0400] {logging_mixin.py:190} INFO - [2024-10-13T22:02:42.570-0400] {dagbag.py:588} INFO - Filling up the DagBag from /Users/karenwang/anaconda3/envs/airflow_sqlite_env/lib/python3.9/site-packages/airflow/example_dags/example_params_trigger_ui.py
[2024-10-13T22:02:42.665-0400] {processor.py:925} INFO - DAG(s) 'example_params_trigger_ui' retrieved from /Users/karenwang/anaconda3/envs/airflow_sqlite_env/lib/python3.9/site-packages/airflow/example_dags/example_params_trigger_ui.py
[2024-10-13T22:02:42.887-0400] {logging_mixin.py:190} INFO - [2024-10-13T22:02:42.886-0400] {dag.py:3239} INFO - Sync 1 DAGs
[2024-10-13T22:02:42.914-0400] {logging_mixin.py:190} INFO - [2024-10-13T22:02:42.914-0400] {dag.py:4180} INFO - Setting next_dagrun for example_params_trigger_ui to None, run_after=None
[2024-10-13T22:02:42.934-0400] {processor.py:208} INFO - Processing /Users/karenwang/anaconda3/envs/airflow_sqlite_env/lib/python3.9/site-packages/airflow/example_dags/example_params_trigger_ui.py took 0.373 seconds
[2024-10-13T22:06:35.820-0400] {processor.py:186} INFO - Started process (PID=65033) to work on /Users/karenwang/anaconda3/envs/airflow_sqlite_env/lib/python3.9/site-packages/airflow/example_dags/example_params_trigger_ui.py
[2024-10-13T22:06:35.821-0400] {processor.py:914} INFO - Processing file /Users/karenwang/anaconda3/envs/airflow_sqlite_env/lib/python3.9/site-packages/airflow/example_dags/example_params_trigger_ui.py for tasks to queue
[2024-10-13T22:06:35.824-0400] {logging_mixin.py:190} INFO - [2024-10-13T22:06:35.823-0400] {dagbag.py:588} INFO - Filling up the DagBag from /Users/karenwang/anaconda3/envs/airflow_sqlite_env/lib/python3.9/site-packages/airflow/example_dags/example_params_trigger_ui.py
[2024-10-13T22:06:35.920-0400] {processor.py:925} INFO - DAG(s) 'example_params_trigger_ui' retrieved from /Users/karenwang/anaconda3/envs/airflow_sqlite_env/lib/python3.9/site-packages/airflow/example_dags/example_params_trigger_ui.py
[2024-10-13T22:06:36.119-0400] {logging_mixin.py:190} INFO - [2024-10-13T22:06:36.119-0400] {dag.py:3239} INFO - Sync 1 DAGs
[2024-10-13T22:06:36.133-0400] {logging_mixin.py:190} INFO - [2024-10-13T22:06:36.133-0400] {dag.py:4180} INFO - Setting next_dagrun for example_params_trigger_ui to None, run_after=None
[2024-10-13T22:06:36.156-0400] {processor.py:208} INFO - Processing /Users/karenwang/anaconda3/envs/airflow_sqlite_env/lib/python3.9/site-packages/airflow/example_dags/example_params_trigger_ui.py took 0.343 seconds
[2024-10-13T22:10:35.528-0400] {processor.py:186} INFO - Started process (PID=66274) to work on /Users/karenwang/anaconda3/envs/airflow_sqlite_env/lib/python3.9/site-packages/airflow/example_dags/example_params_trigger_ui.py
[2024-10-13T22:10:35.530-0400] {processor.py:914} INFO - Processing file /Users/karenwang/anaconda3/envs/airflow_sqlite_env/lib/python3.9/site-packages/airflow/example_dags/example_params_trigger_ui.py for tasks to queue
[2024-10-13T22:10:35.531-0400] {logging_mixin.py:190} INFO - [2024-10-13T22:10:35.531-0400] {dagbag.py:588} INFO - Filling up the DagBag from /Users/karenwang/anaconda3/envs/airflow_sqlite_env/lib/python3.9/site-packages/airflow/example_dags/example_params_trigger_ui.py
[2024-10-13T22:10:35.639-0400] {processor.py:925} INFO - DAG(s) 'example_params_trigger_ui' retrieved from /Users/karenwang/anaconda3/envs/airflow_sqlite_env/lib/python3.9/site-packages/airflow/example_dags/example_params_trigger_ui.py
[2024-10-13T22:10:35.845-0400] {logging_mixin.py:190} INFO - [2024-10-13T22:10:35.844-0400] {dag.py:3239} INFO - Sync 1 DAGs
[2024-10-13T22:10:35.860-0400] {logging_mixin.py:190} INFO - [2024-10-13T22:10:35.860-0400] {dag.py:4180} INFO - Setting next_dagrun for example_params_trigger_ui to None, run_after=None
[2024-10-13T22:10:35.885-0400] {processor.py:208} INFO - Processing /Users/karenwang/anaconda3/envs/airflow_sqlite_env/lib/python3.9/site-packages/airflow/example_dags/example_params_trigger_ui.py took 0.363 seconds
[2024-10-13T22:14:27.789-0400] {processor.py:186} INFO - Started process (PID=67462) to work on /Users/karenwang/anaconda3/envs/airflow_sqlite_env/lib/python3.9/site-packages/airflow/example_dags/example_params_trigger_ui.py
[2024-10-13T22:14:27.791-0400] {processor.py:914} INFO - Processing file /Users/karenwang/anaconda3/envs/airflow_sqlite_env/lib/python3.9/site-packages/airflow/example_dags/example_params_trigger_ui.py for tasks to queue
[2024-10-13T22:14:27.792-0400] {logging_mixin.py:190} INFO - [2024-10-13T22:14:27.792-0400] {dagbag.py:588} INFO - Filling up the DagBag from /Users/karenwang/anaconda3/envs/airflow_sqlite_env/lib/python3.9/site-packages/airflow/example_dags/example_params_trigger_ui.py
[2024-10-13T22:14:27.891-0400] {processor.py:925} INFO - DAG(s) 'example_params_trigger_ui' retrieved from /Users/karenwang/anaconda3/envs/airflow_sqlite_env/lib/python3.9/site-packages/airflow/example_dags/example_params_trigger_ui.py
[2024-10-13T22:14:28.109-0400] {logging_mixin.py:190} INFO - [2024-10-13T22:14:28.109-0400] {dag.py:3239} INFO - Sync 1 DAGs
[2024-10-13T22:14:28.124-0400] {logging_mixin.py:190} INFO - [2024-10-13T22:14:28.123-0400] {dag.py:4180} INFO - Setting next_dagrun for example_params_trigger_ui to None, run_after=None
[2024-10-13T22:14:28.147-0400] {processor.py:208} INFO - Processing /Users/karenwang/anaconda3/envs/airflow_sqlite_env/lib/python3.9/site-packages/airflow/example_dags/example_params_trigger_ui.py took 0.364 seconds
[2024-10-13T22:18:29.371-0400] {processor.py:186} INFO - Started process (PID=68696) to work on /Users/karenwang/anaconda3/envs/airflow_sqlite_env/lib/python3.9/site-packages/airflow/example_dags/example_params_trigger_ui.py
[2024-10-13T22:18:29.372-0400] {processor.py:914} INFO - Processing file /Users/karenwang/anaconda3/envs/airflow_sqlite_env/lib/python3.9/site-packages/airflow/example_dags/example_params_trigger_ui.py for tasks to queue
[2024-10-13T22:18:29.374-0400] {logging_mixin.py:190} INFO - [2024-10-13T22:18:29.374-0400] {dagbag.py:588} INFO - Filling up the DagBag from /Users/karenwang/anaconda3/envs/airflow_sqlite_env/lib/python3.9/site-packages/airflow/example_dags/example_params_trigger_ui.py
[2024-10-13T22:18:29.474-0400] {processor.py:925} INFO - DAG(s) 'example_params_trigger_ui' retrieved from /Users/karenwang/anaconda3/envs/airflow_sqlite_env/lib/python3.9/site-packages/airflow/example_dags/example_params_trigger_ui.py
[2024-10-13T22:18:29.674-0400] {logging_mixin.py:190} INFO - [2024-10-13T22:18:29.674-0400] {dag.py:3239} INFO - Sync 1 DAGs
[2024-10-13T22:18:29.690-0400] {logging_mixin.py:190} INFO - [2024-10-13T22:18:29.690-0400] {dag.py:4180} INFO - Setting next_dagrun for example_params_trigger_ui to None, run_after=None
[2024-10-13T22:18:29.716-0400] {processor.py:208} INFO - Processing /Users/karenwang/anaconda3/envs/airflow_sqlite_env/lib/python3.9/site-packages/airflow/example_dags/example_params_trigger_ui.py took 0.350 seconds
[2024-10-13T22:22:30.847-0400] {processor.py:186} INFO - Started process (PID=69952) to work on /Users/karenwang/anaconda3/envs/airflow_sqlite_env/lib/python3.9/site-packages/airflow/example_dags/example_params_trigger_ui.py
[2024-10-13T22:22:30.848-0400] {processor.py:914} INFO - Processing file /Users/karenwang/anaconda3/envs/airflow_sqlite_env/lib/python3.9/site-packages/airflow/example_dags/example_params_trigger_ui.py for tasks to queue
[2024-10-13T22:22:30.849-0400] {logging_mixin.py:190} INFO - [2024-10-13T22:22:30.849-0400] {dagbag.py:588} INFO - Filling up the DagBag from /Users/karenwang/anaconda3/envs/airflow_sqlite_env/lib/python3.9/site-packages/airflow/example_dags/example_params_trigger_ui.py
[2024-10-13T22:22:30.948-0400] {processor.py:925} INFO - DAG(s) 'example_params_trigger_ui' retrieved from /Users/karenwang/anaconda3/envs/airflow_sqlite_env/lib/python3.9/site-packages/airflow/example_dags/example_params_trigger_ui.py
[2024-10-13T22:22:31.170-0400] {logging_mixin.py:190} INFO - [2024-10-13T22:22:31.169-0400] {dag.py:3239} INFO - Sync 1 DAGs
[2024-10-13T22:22:31.185-0400] {logging_mixin.py:190} INFO - [2024-10-13T22:22:31.185-0400] {dag.py:4180} INFO - Setting next_dagrun for example_params_trigger_ui to None, run_after=None
[2024-10-13T22:22:31.214-0400] {processor.py:208} INFO - Processing /Users/karenwang/anaconda3/envs/airflow_sqlite_env/lib/python3.9/site-packages/airflow/example_dags/example_params_trigger_ui.py took 0.373 seconds
[2024-10-13T22:26:40.487-0400] {processor.py:186} INFO - Started process (PID=71295) to work on /Users/karenwang/anaconda3/envs/airflow_sqlite_env/lib/python3.9/site-packages/airflow/example_dags/example_params_trigger_ui.py
[2024-10-13T22:26:40.488-0400] {processor.py:914} INFO - Processing file /Users/karenwang/anaconda3/envs/airflow_sqlite_env/lib/python3.9/site-packages/airflow/example_dags/example_params_trigger_ui.py for tasks to queue
[2024-10-13T22:26:40.490-0400] {logging_mixin.py:190} INFO - [2024-10-13T22:26:40.490-0400] {dagbag.py:588} INFO - Filling up the DagBag from /Users/karenwang/anaconda3/envs/airflow_sqlite_env/lib/python3.9/site-packages/airflow/example_dags/example_params_trigger_ui.py
[2024-10-13T22:26:40.588-0400] {processor.py:925} INFO - DAG(s) 'example_params_trigger_ui' retrieved from /Users/karenwang/anaconda3/envs/airflow_sqlite_env/lib/python3.9/site-packages/airflow/example_dags/example_params_trigger_ui.py
[2024-10-13T22:26:40.804-0400] {logging_mixin.py:190} INFO - [2024-10-13T22:26:40.803-0400] {dag.py:3239} INFO - Sync 1 DAGs
[2024-10-13T22:26:40.818-0400] {logging_mixin.py:190} INFO - [2024-10-13T22:26:40.818-0400] {dag.py:4180} INFO - Setting next_dagrun for example_params_trigger_ui to None, run_after=None
[2024-10-13T22:26:40.844-0400] {processor.py:208} INFO - Processing /Users/karenwang/anaconda3/envs/airflow_sqlite_env/lib/python3.9/site-packages/airflow/example_dags/example_params_trigger_ui.py took 0.363 seconds
[2024-10-13T22:36:30.686-0400] {processor.py:186} INFO - Started process (PID=74633) to work on /Users/karenwang/anaconda3/envs/airflow_sqlite_env/lib/python3.9/site-packages/airflow/example_dags/example_params_trigger_ui.py
[2024-10-13T22:36:30.688-0400] {processor.py:914} INFO - Processing file /Users/karenwang/anaconda3/envs/airflow_sqlite_env/lib/python3.9/site-packages/airflow/example_dags/example_params_trigger_ui.py for tasks to queue
[2024-10-13T22:36:30.689-0400] {logging_mixin.py:190} INFO - [2024-10-13T22:36:30.689-0400] {dagbag.py:588} INFO - Filling up the DagBag from /Users/karenwang/anaconda3/envs/airflow_sqlite_env/lib/python3.9/site-packages/airflow/example_dags/example_params_trigger_ui.py
[2024-10-13T22:36:30.802-0400] {processor.py:925} INFO - DAG(s) 'example_params_trigger_ui' retrieved from /Users/karenwang/anaconda3/envs/airflow_sqlite_env/lib/python3.9/site-packages/airflow/example_dags/example_params_trigger_ui.py
[2024-10-13T22:36:31.029-0400] {logging_mixin.py:190} INFO - [2024-10-13T22:36:31.028-0400] {dag.py:3239} INFO - Sync 1 DAGs
[2024-10-13T22:36:31.047-0400] {logging_mixin.py:190} INFO - [2024-10-13T22:36:31.046-0400] {dag.py:4180} INFO - Setting next_dagrun for example_params_trigger_ui to None, run_after=None
[2024-10-13T22:36:31.072-0400] {processor.py:208} INFO - Processing /Users/karenwang/anaconda3/envs/airflow_sqlite_env/lib/python3.9/site-packages/airflow/example_dags/example_params_trigger_ui.py took 0.392 seconds
