[2024-10-13T20:01:38.528-0400] {processor.py:186} INFO - Started process (PID=25610) to work on /Users/karenwang/anaconda3/envs/airflow_sqlite_env/lib/python3.9/site-packages/airflow/example_dags/example_short_circuit_decorator.py
[2024-10-13T20:01:38.529-0400] {processor.py:914} INFO - Processing file /Users/karenwang/anaconda3/envs/airflow_sqlite_env/lib/python3.9/site-packages/airflow/example_dags/example_short_circuit_decorator.py for tasks to queue
[2024-10-13T20:01:38.531-0400] {logging_mixin.py:190} INFO - [2024-10-13T20:01:38.530-0400] {dagbag.py:588} INFO - Filling up the DagBag from /Users/karenwang/anaconda3/envs/airflow_sqlite_env/lib/python3.9/site-packages/airflow/example_dags/example_short_circuit_decorator.py
[2024-10-13T20:01:38.636-0400] {processor.py:925} INFO - DAG(s) 'example_short_circuit_decorator' retrieved from /Users/karenwang/anaconda3/envs/airflow_sqlite_env/lib/python3.9/site-packages/airflow/example_dags/example_short_circuit_decorator.py
[2024-10-13T20:01:38.814-0400] {logging_mixin.py:190} INFO - [2024-10-13T20:01:38.814-0400] {dag.py:3239} INFO - Sync 1 DAGs
[2024-10-13T20:01:38.832-0400] {logging_mixin.py:190} INFO - [2024-10-13T20:01:38.831-0400] {dag.py:4180} INFO - Setting next_dagrun for example_short_circuit_decorator to None, run_after=None
[2024-10-13T20:01:38.853-0400] {processor.py:208} INFO - Processing /Users/karenwang/anaconda3/envs/airflow_sqlite_env/lib/python3.9/site-packages/airflow/example_dags/example_short_circuit_decorator.py took 0.331 seconds
[2024-10-13T20:05:48.031-0400] {processor.py:186} INFO - Started process (PID=26911) to work on /Users/karenwang/anaconda3/envs/airflow_sqlite_env/lib/python3.9/site-packages/airflow/example_dags/example_short_circuit_decorator.py
[2024-10-13T20:05:48.032-0400] {processor.py:914} INFO - Processing file /Users/karenwang/anaconda3/envs/airflow_sqlite_env/lib/python3.9/site-packages/airflow/example_dags/example_short_circuit_decorator.py for tasks to queue
[2024-10-13T20:05:48.034-0400] {logging_mixin.py:190} INFO - [2024-10-13T20:05:48.034-0400] {dagbag.py:588} INFO - Filling up the DagBag from /Users/karenwang/anaconda3/envs/airflow_sqlite_env/lib/python3.9/site-packages/airflow/example_dags/example_short_circuit_decorator.py
[2024-10-13T20:05:48.133-0400] {processor.py:925} INFO - DAG(s) 'example_short_circuit_decorator' retrieved from /Users/karenwang/anaconda3/envs/airflow_sqlite_env/lib/python3.9/site-packages/airflow/example_dags/example_short_circuit_decorator.py
[2024-10-13T20:05:48.309-0400] {logging_mixin.py:190} INFO - [2024-10-13T20:05:48.308-0400] {dag.py:3239} INFO - Sync 1 DAGs
[2024-10-13T20:05:48.321-0400] {logging_mixin.py:190} INFO - [2024-10-13T20:05:48.321-0400] {dag.py:4180} INFO - Setting next_dagrun for example_short_circuit_decorator to None, run_after=None
[2024-10-13T20:05:48.343-0400] {processor.py:208} INFO - Processing /Users/karenwang/anaconda3/envs/airflow_sqlite_env/lib/python3.9/site-packages/airflow/example_dags/example_short_circuit_decorator.py took 0.318 seconds
[2024-10-13T20:09:49.729-0400] {processor.py:186} INFO - Started process (PID=28151) to work on /Users/karenwang/anaconda3/envs/airflow_sqlite_env/lib/python3.9/site-packages/airflow/example_dags/example_short_circuit_decorator.py
[2024-10-13T20:09:49.730-0400] {processor.py:914} INFO - Processing file /Users/karenwang/anaconda3/envs/airflow_sqlite_env/lib/python3.9/site-packages/airflow/example_dags/example_short_circuit_decorator.py for tasks to queue
[2024-10-13T20:09:49.732-0400] {logging_mixin.py:190} INFO - [2024-10-13T20:09:49.731-0400] {dagbag.py:588} INFO - Filling up the DagBag from /Users/karenwang/anaconda3/envs/airflow_sqlite_env/lib/python3.9/site-packages/airflow/example_dags/example_short_circuit_decorator.py
[2024-10-13T20:09:49.848-0400] {processor.py:925} INFO - DAG(s) 'example_short_circuit_decorator' retrieved from /Users/karenwang/anaconda3/envs/airflow_sqlite_env/lib/python3.9/site-packages/airflow/example_dags/example_short_circuit_decorator.py
[2024-10-13T20:09:49.993-0400] {logging_mixin.py:190} INFO - [2024-10-13T20:09:49.993-0400] {dag.py:3239} INFO - Sync 1 DAGs
[2024-10-13T20:09:50.009-0400] {logging_mixin.py:190} INFO - [2024-10-13T20:09:50.009-0400] {dag.py:4180} INFO - Setting next_dagrun for example_short_circuit_decorator to None, run_after=None
[2024-10-13T20:09:50.035-0400] {processor.py:208} INFO - Processing /Users/karenwang/anaconda3/envs/airflow_sqlite_env/lib/python3.9/site-packages/airflow/example_dags/example_short_circuit_decorator.py took 0.312 seconds
[2024-10-13T20:13:48.150-0400] {processor.py:186} INFO - Started process (PID=29369) to work on /Users/karenwang/anaconda3/envs/airflow_sqlite_env/lib/python3.9/site-packages/airflow/example_dags/example_short_circuit_decorator.py
[2024-10-13T20:13:48.151-0400] {processor.py:914} INFO - Processing file /Users/karenwang/anaconda3/envs/airflow_sqlite_env/lib/python3.9/site-packages/airflow/example_dags/example_short_circuit_decorator.py for tasks to queue
[2024-10-13T20:13:48.153-0400] {logging_mixin.py:190} INFO - [2024-10-13T20:13:48.152-0400] {dagbag.py:588} INFO - Filling up the DagBag from /Users/karenwang/anaconda3/envs/airflow_sqlite_env/lib/python3.9/site-packages/airflow/example_dags/example_short_circuit_decorator.py
[2024-10-13T20:13:48.253-0400] {processor.py:925} INFO - DAG(s) 'example_short_circuit_decorator' retrieved from /Users/karenwang/anaconda3/envs/airflow_sqlite_env/lib/python3.9/site-packages/airflow/example_dags/example_short_circuit_decorator.py
[2024-10-13T20:13:48.415-0400] {logging_mixin.py:190} INFO - [2024-10-13T20:13:48.414-0400] {dag.py:3239} INFO - Sync 1 DAGs
[2024-10-13T20:13:48.429-0400] {logging_mixin.py:190} INFO - [2024-10-13T20:13:48.429-0400] {dag.py:4180} INFO - Setting next_dagrun for example_short_circuit_decorator to None, run_after=None
[2024-10-13T20:13:48.452-0400] {processor.py:208} INFO - Processing /Users/karenwang/anaconda3/envs/airflow_sqlite_env/lib/python3.9/site-packages/airflow/example_dags/example_short_circuit_decorator.py took 0.308 seconds
[2024-10-13T20:17:57.715-0400] {processor.py:186} INFO - Started process (PID=30633) to work on /Users/karenwang/anaconda3/envs/airflow_sqlite_env/lib/python3.9/site-packages/airflow/example_dags/example_short_circuit_decorator.py
[2024-10-13T20:17:57.716-0400] {processor.py:914} INFO - Processing file /Users/karenwang/anaconda3/envs/airflow_sqlite_env/lib/python3.9/site-packages/airflow/example_dags/example_short_circuit_decorator.py for tasks to queue
[2024-10-13T20:17:57.718-0400] {logging_mixin.py:190} INFO - [2024-10-13T20:17:57.718-0400] {dagbag.py:588} INFO - Filling up the DagBag from /Users/karenwang/anaconda3/envs/airflow_sqlite_env/lib/python3.9/site-packages/airflow/example_dags/example_short_circuit_decorator.py
[2024-10-13T20:17:57.816-0400] {processor.py:925} INFO - DAG(s) 'example_short_circuit_decorator' retrieved from /Users/karenwang/anaconda3/envs/airflow_sqlite_env/lib/python3.9/site-packages/airflow/example_dags/example_short_circuit_decorator.py
[2024-10-13T20:17:58.042-0400] {logging_mixin.py:190} INFO - [2024-10-13T20:17:58.042-0400] {dag.py:3239} INFO - Sync 1 DAGs
[2024-10-13T20:17:58.063-0400] {logging_mixin.py:190} INFO - [2024-10-13T20:17:58.063-0400] {dag.py:4180} INFO - Setting next_dagrun for example_short_circuit_decorator to None, run_after=None
[2024-10-13T20:17:58.088-0400] {processor.py:208} INFO - Processing /Users/karenwang/anaconda3/envs/airflow_sqlite_env/lib/python3.9/site-packages/airflow/example_dags/example_short_circuit_decorator.py took 0.379 seconds
[2024-10-13T20:22:20.975-0400] {processor.py:186} INFO - Started process (PID=32097) to work on /Users/karenwang/anaconda3/envs/airflow_sqlite_env/lib/python3.9/site-packages/airflow/example_dags/example_short_circuit_decorator.py
[2024-10-13T20:22:20.977-0400] {processor.py:914} INFO - Processing file /Users/karenwang/anaconda3/envs/airflow_sqlite_env/lib/python3.9/site-packages/airflow/example_dags/example_short_circuit_decorator.py for tasks to queue
[2024-10-13T20:22:20.978-0400] {logging_mixin.py:190} INFO - [2024-10-13T20:22:20.978-0400] {dagbag.py:588} INFO - Filling up the DagBag from /Users/karenwang/anaconda3/envs/airflow_sqlite_env/lib/python3.9/site-packages/airflow/example_dags/example_short_circuit_decorator.py
[2024-10-13T20:22:21.082-0400] {processor.py:925} INFO - DAG(s) 'example_short_circuit_decorator' retrieved from /Users/karenwang/anaconda3/envs/airflow_sqlite_env/lib/python3.9/site-packages/airflow/example_dags/example_short_circuit_decorator.py
[2024-10-13T20:22:21.248-0400] {logging_mixin.py:190} INFO - [2024-10-13T20:22:21.248-0400] {dag.py:3239} INFO - Sync 1 DAGs
[2024-10-13T20:22:21.265-0400] {logging_mixin.py:190} INFO - [2024-10-13T20:22:21.265-0400] {dag.py:4180} INFO - Setting next_dagrun for example_short_circuit_decorator to None, run_after=None
[2024-10-13T20:22:21.288-0400] {processor.py:208} INFO - Processing /Users/karenwang/anaconda3/envs/airflow_sqlite_env/lib/python3.9/site-packages/airflow/example_dags/example_short_circuit_decorator.py took 0.320 seconds
[2024-10-13T20:28:00.681-0400] {processor.py:186} INFO - Started process (PID=33952) to work on /Users/karenwang/anaconda3/envs/airflow_sqlite_env/lib/python3.9/site-packages/airflow/example_dags/example_short_circuit_decorator.py
[2024-10-13T20:28:00.682-0400] {processor.py:914} INFO - Processing file /Users/karenwang/anaconda3/envs/airflow_sqlite_env/lib/python3.9/site-packages/airflow/example_dags/example_short_circuit_decorator.py for tasks to queue
[2024-10-13T20:28:00.683-0400] {logging_mixin.py:190} INFO - [2024-10-13T20:28:00.683-0400] {dagbag.py:588} INFO - Filling up the DagBag from /Users/karenwang/anaconda3/envs/airflow_sqlite_env/lib/python3.9/site-packages/airflow/example_dags/example_short_circuit_decorator.py
[2024-10-13T20:28:00.778-0400] {processor.py:925} INFO - DAG(s) 'example_short_circuit_decorator' retrieved from /Users/karenwang/anaconda3/envs/airflow_sqlite_env/lib/python3.9/site-packages/airflow/example_dags/example_short_circuit_decorator.py
[2024-10-13T20:28:00.948-0400] {logging_mixin.py:190} INFO - [2024-10-13T20:28:00.947-0400] {dag.py:3239} INFO - Sync 1 DAGs
[2024-10-13T20:28:00.966-0400] {logging_mixin.py:190} INFO - [2024-10-13T20:28:00.966-0400] {dag.py:4180} INFO - Setting next_dagrun for example_short_circuit_decorator to None, run_after=None
[2024-10-13T20:28:00.993-0400] {processor.py:208} INFO - Processing /Users/karenwang/anaconda3/envs/airflow_sqlite_env/lib/python3.9/site-packages/airflow/example_dags/example_short_circuit_decorator.py took 0.318 seconds
[2024-10-13T20:32:30.561-0400] {processor.py:186} INFO - Started process (PID=35470) to work on /Users/karenwang/anaconda3/envs/airflow_sqlite_env/lib/python3.9/site-packages/airflow/example_dags/example_short_circuit_decorator.py
[2024-10-13T20:32:30.562-0400] {processor.py:914} INFO - Processing file /Users/karenwang/anaconda3/envs/airflow_sqlite_env/lib/python3.9/site-packages/airflow/example_dags/example_short_circuit_decorator.py for tasks to queue
[2024-10-13T20:32:30.563-0400] {logging_mixin.py:190} INFO - [2024-10-13T20:32:30.563-0400] {dagbag.py:588} INFO - Filling up the DagBag from /Users/karenwang/anaconda3/envs/airflow_sqlite_env/lib/python3.9/site-packages/airflow/example_dags/example_short_circuit_decorator.py
[2024-10-13T20:32:30.655-0400] {processor.py:925} INFO - DAG(s) 'example_short_circuit_decorator' retrieved from /Users/karenwang/anaconda3/envs/airflow_sqlite_env/lib/python3.9/site-packages/airflow/example_dags/example_short_circuit_decorator.py
[2024-10-13T20:32:30.806-0400] {logging_mixin.py:190} INFO - [2024-10-13T20:32:30.805-0400] {dag.py:3239} INFO - Sync 1 DAGs
[2024-10-13T20:32:30.818-0400] {logging_mixin.py:190} INFO - [2024-10-13T20:32:30.818-0400] {dag.py:4180} INFO - Setting next_dagrun for example_short_circuit_decorator to None, run_after=None
[2024-10-13T20:32:30.842-0400] {processor.py:208} INFO - Processing /Users/karenwang/anaconda3/envs/airflow_sqlite_env/lib/python3.9/site-packages/airflow/example_dags/example_short_circuit_decorator.py took 0.287 seconds
[2024-10-13T20:36:11.265-0400] {processor.py:186} INFO - Started process (PID=36631) to work on /Users/karenwang/anaconda3/envs/airflow_sqlite_env/lib/python3.9/site-packages/airflow/example_dags/example_short_circuit_decorator.py
[2024-10-13T20:36:11.266-0400] {processor.py:914} INFO - Processing file /Users/karenwang/anaconda3/envs/airflow_sqlite_env/lib/python3.9/site-packages/airflow/example_dags/example_short_circuit_decorator.py for tasks to queue
[2024-10-13T20:36:11.268-0400] {logging_mixin.py:190} INFO - [2024-10-13T20:36:11.268-0400] {dagbag.py:588} INFO - Filling up the DagBag from /Users/karenwang/anaconda3/envs/airflow_sqlite_env/lib/python3.9/site-packages/airflow/example_dags/example_short_circuit_decorator.py
[2024-10-13T20:36:11.366-0400] {processor.py:925} INFO - DAG(s) 'example_short_circuit_decorator' retrieved from /Users/karenwang/anaconda3/envs/airflow_sqlite_env/lib/python3.9/site-packages/airflow/example_dags/example_short_circuit_decorator.py
[2024-10-13T20:36:11.508-0400] {logging_mixin.py:190} INFO - [2024-10-13T20:36:11.507-0400] {dag.py:3239} INFO - Sync 1 DAGs
[2024-10-13T20:36:11.520-0400] {logging_mixin.py:190} INFO - [2024-10-13T20:36:11.520-0400] {dag.py:4180} INFO - Setting next_dagrun for example_short_circuit_decorator to None, run_after=None
[2024-10-13T20:36:11.540-0400] {processor.py:208} INFO - Processing /Users/karenwang/anaconda3/envs/airflow_sqlite_env/lib/python3.9/site-packages/airflow/example_dags/example_short_circuit_decorator.py took 0.280 seconds
[2024-10-13T20:39:50.871-0400] {processor.py:186} INFO - Started process (PID=37769) to work on /Users/karenwang/anaconda3/envs/airflow_sqlite_env/lib/python3.9/site-packages/airflow/example_dags/example_short_circuit_decorator.py
[2024-10-13T20:39:50.872-0400] {processor.py:914} INFO - Processing file /Users/karenwang/anaconda3/envs/airflow_sqlite_env/lib/python3.9/site-packages/airflow/example_dags/example_short_circuit_decorator.py for tasks to queue
[2024-10-13T20:39:50.874-0400] {logging_mixin.py:190} INFO - [2024-10-13T20:39:50.874-0400] {dagbag.py:588} INFO - Filling up the DagBag from /Users/karenwang/anaconda3/envs/airflow_sqlite_env/lib/python3.9/site-packages/airflow/example_dags/example_short_circuit_decorator.py
[2024-10-13T20:39:50.970-0400] {processor.py:925} INFO - DAG(s) 'example_short_circuit_decorator' retrieved from /Users/karenwang/anaconda3/envs/airflow_sqlite_env/lib/python3.9/site-packages/airflow/example_dags/example_short_circuit_decorator.py
[2024-10-13T20:39:51.118-0400] {logging_mixin.py:190} INFO - [2024-10-13T20:39:51.118-0400] {dag.py:3239} INFO - Sync 1 DAGs
[2024-10-13T20:39:51.130-0400] {logging_mixin.py:190} INFO - [2024-10-13T20:39:51.130-0400] {dag.py:4180} INFO - Setting next_dagrun for example_short_circuit_decorator to None, run_after=None
[2024-10-13T20:39:51.156-0400] {processor.py:208} INFO - Processing /Users/karenwang/anaconda3/envs/airflow_sqlite_env/lib/python3.9/site-packages/airflow/example_dags/example_short_circuit_decorator.py took 0.292 seconds
[2024-10-13T20:43:31.262-0400] {processor.py:186} INFO - Started process (PID=38908) to work on /Users/karenwang/anaconda3/envs/airflow_sqlite_env/lib/python3.9/site-packages/airflow/example_dags/example_short_circuit_decorator.py
[2024-10-13T20:43:31.263-0400] {processor.py:914} INFO - Processing file /Users/karenwang/anaconda3/envs/airflow_sqlite_env/lib/python3.9/site-packages/airflow/example_dags/example_short_circuit_decorator.py for tasks to queue
[2024-10-13T20:43:31.265-0400] {logging_mixin.py:190} INFO - [2024-10-13T20:43:31.264-0400] {dagbag.py:588} INFO - Filling up the DagBag from /Users/karenwang/anaconda3/envs/airflow_sqlite_env/lib/python3.9/site-packages/airflow/example_dags/example_short_circuit_decorator.py
[2024-10-13T20:43:31.359-0400] {processor.py:925} INFO - DAG(s) 'example_short_circuit_decorator' retrieved from /Users/karenwang/anaconda3/envs/airflow_sqlite_env/lib/python3.9/site-packages/airflow/example_dags/example_short_circuit_decorator.py
[2024-10-13T20:43:31.498-0400] {logging_mixin.py:190} INFO - [2024-10-13T20:43:31.497-0400] {dag.py:3239} INFO - Sync 1 DAGs
[2024-10-13T20:43:31.515-0400] {logging_mixin.py:190} INFO - [2024-10-13T20:43:31.514-0400] {dag.py:4180} INFO - Setting next_dagrun for example_short_circuit_decorator to None, run_after=None
[2024-10-13T20:43:31.536-0400] {processor.py:208} INFO - Processing /Users/karenwang/anaconda3/envs/airflow_sqlite_env/lib/python3.9/site-packages/airflow/example_dags/example_short_circuit_decorator.py took 0.281 seconds
[2024-10-13T20:47:10.446-0400] {processor.py:186} INFO - Started process (PID=40058) to work on /Users/karenwang/anaconda3/envs/airflow_sqlite_env/lib/python3.9/site-packages/airflow/example_dags/example_short_circuit_decorator.py
[2024-10-13T20:47:10.447-0400] {processor.py:914} INFO - Processing file /Users/karenwang/anaconda3/envs/airflow_sqlite_env/lib/python3.9/site-packages/airflow/example_dags/example_short_circuit_decorator.py for tasks to queue
[2024-10-13T20:47:10.449-0400] {logging_mixin.py:190} INFO - [2024-10-13T20:47:10.448-0400] {dagbag.py:588} INFO - Filling up the DagBag from /Users/karenwang/anaconda3/envs/airflow_sqlite_env/lib/python3.9/site-packages/airflow/example_dags/example_short_circuit_decorator.py
[2024-10-13T20:47:10.539-0400] {processor.py:925} INFO - DAG(s) 'example_short_circuit_decorator' retrieved from /Users/karenwang/anaconda3/envs/airflow_sqlite_env/lib/python3.9/site-packages/airflow/example_dags/example_short_circuit_decorator.py
[2024-10-13T20:47:10.693-0400] {logging_mixin.py:190} INFO - [2024-10-13T20:47:10.692-0400] {dag.py:3239} INFO - Sync 1 DAGs
[2024-10-13T20:47:10.708-0400] {logging_mixin.py:190} INFO - [2024-10-13T20:47:10.708-0400] {dag.py:4180} INFO - Setting next_dagrun for example_short_circuit_decorator to None, run_after=None
[2024-10-13T20:47:10.732-0400] {processor.py:208} INFO - Processing /Users/karenwang/anaconda3/envs/airflow_sqlite_env/lib/python3.9/site-packages/airflow/example_dags/example_short_circuit_decorator.py took 0.292 seconds
[2024-10-13T20:50:49.891-0400] {processor.py:186} INFO - Started process (PID=41180) to work on /Users/karenwang/anaconda3/envs/airflow_sqlite_env/lib/python3.9/site-packages/airflow/example_dags/example_short_circuit_decorator.py
[2024-10-13T20:50:49.892-0400] {processor.py:914} INFO - Processing file /Users/karenwang/anaconda3/envs/airflow_sqlite_env/lib/python3.9/site-packages/airflow/example_dags/example_short_circuit_decorator.py for tasks to queue
[2024-10-13T20:50:49.893-0400] {logging_mixin.py:190} INFO - [2024-10-13T20:50:49.893-0400] {dagbag.py:588} INFO - Filling up the DagBag from /Users/karenwang/anaconda3/envs/airflow_sqlite_env/lib/python3.9/site-packages/airflow/example_dags/example_short_circuit_decorator.py
[2024-10-13T20:50:49.981-0400] {processor.py:925} INFO - DAG(s) 'example_short_circuit_decorator' retrieved from /Users/karenwang/anaconda3/envs/airflow_sqlite_env/lib/python3.9/site-packages/airflow/example_dags/example_short_circuit_decorator.py
[2024-10-13T20:50:50.130-0400] {logging_mixin.py:190} INFO - [2024-10-13T20:50:50.130-0400] {dag.py:3239} INFO - Sync 1 DAGs
[2024-10-13T20:50:50.147-0400] {logging_mixin.py:190} INFO - [2024-10-13T20:50:50.147-0400] {dag.py:4180} INFO - Setting next_dagrun for example_short_circuit_decorator to None, run_after=None
[2024-10-13T20:50:50.170-0400] {processor.py:208} INFO - Processing /Users/karenwang/anaconda3/envs/airflow_sqlite_env/lib/python3.9/site-packages/airflow/example_dags/example_short_circuit_decorator.py took 0.286 seconds
[2024-10-13T20:54:28.638-0400] {processor.py:186} INFO - Started process (PID=42317) to work on /Users/karenwang/anaconda3/envs/airflow_sqlite_env/lib/python3.9/site-packages/airflow/example_dags/example_short_circuit_decorator.py
[2024-10-13T20:54:28.640-0400] {processor.py:914} INFO - Processing file /Users/karenwang/anaconda3/envs/airflow_sqlite_env/lib/python3.9/site-packages/airflow/example_dags/example_short_circuit_decorator.py for tasks to queue
[2024-10-13T20:54:28.641-0400] {logging_mixin.py:190} INFO - [2024-10-13T20:54:28.641-0400] {dagbag.py:588} INFO - Filling up the DagBag from /Users/karenwang/anaconda3/envs/airflow_sqlite_env/lib/python3.9/site-packages/airflow/example_dags/example_short_circuit_decorator.py
[2024-10-13T20:54:28.734-0400] {processor.py:925} INFO - DAG(s) 'example_short_circuit_decorator' retrieved from /Users/karenwang/anaconda3/envs/airflow_sqlite_env/lib/python3.9/site-packages/airflow/example_dags/example_short_circuit_decorator.py
[2024-10-13T20:54:28.880-0400] {logging_mixin.py:190} INFO - [2024-10-13T20:54:28.880-0400] {dag.py:3239} INFO - Sync 1 DAGs
[2024-10-13T20:54:28.900-0400] {logging_mixin.py:190} INFO - [2024-10-13T20:54:28.900-0400] {dag.py:4180} INFO - Setting next_dagrun for example_short_circuit_decorator to None, run_after=None
[2024-10-13T20:54:28.921-0400] {processor.py:208} INFO - Processing /Users/karenwang/anaconda3/envs/airflow_sqlite_env/lib/python3.9/site-packages/airflow/example_dags/example_short_circuit_decorator.py took 0.289 seconds
[2024-10-13T20:58:10.121-0400] {processor.py:186} INFO - Started process (PID=43486) to work on /Users/karenwang/anaconda3/envs/airflow_sqlite_env/lib/python3.9/site-packages/airflow/example_dags/example_short_circuit_decorator.py
[2024-10-13T20:58:10.122-0400] {processor.py:914} INFO - Processing file /Users/karenwang/anaconda3/envs/airflow_sqlite_env/lib/python3.9/site-packages/airflow/example_dags/example_short_circuit_decorator.py for tasks to queue
[2024-10-13T20:58:10.123-0400] {logging_mixin.py:190} INFO - [2024-10-13T20:58:10.123-0400] {dagbag.py:588} INFO - Filling up the DagBag from /Users/karenwang/anaconda3/envs/airflow_sqlite_env/lib/python3.9/site-packages/airflow/example_dags/example_short_circuit_decorator.py
[2024-10-13T20:58:10.216-0400] {processor.py:925} INFO - DAG(s) 'example_short_circuit_decorator' retrieved from /Users/karenwang/anaconda3/envs/airflow_sqlite_env/lib/python3.9/site-packages/airflow/example_dags/example_short_circuit_decorator.py
[2024-10-13T20:58:10.369-0400] {logging_mixin.py:190} INFO - [2024-10-13T20:58:10.369-0400] {dag.py:3239} INFO - Sync 1 DAGs
[2024-10-13T20:58:10.388-0400] {logging_mixin.py:190} INFO - [2024-10-13T20:58:10.387-0400] {dag.py:4180} INFO - Setting next_dagrun for example_short_circuit_decorator to None, run_after=None
[2024-10-13T20:58:10.412-0400] {processor.py:208} INFO - Processing /Users/karenwang/anaconda3/envs/airflow_sqlite_env/lib/python3.9/site-packages/airflow/example_dags/example_short_circuit_decorator.py took 0.297 seconds
[2024-10-13T21:01:49.801-0400] {processor.py:186} INFO - Started process (PID=44603) to work on /Users/karenwang/anaconda3/envs/airflow_sqlite_env/lib/python3.9/site-packages/airflow/example_dags/example_short_circuit_decorator.py
[2024-10-13T21:01:49.802-0400] {processor.py:914} INFO - Processing file /Users/karenwang/anaconda3/envs/airflow_sqlite_env/lib/python3.9/site-packages/airflow/example_dags/example_short_circuit_decorator.py for tasks to queue
[2024-10-13T21:01:49.804-0400] {logging_mixin.py:190} INFO - [2024-10-13T21:01:49.804-0400] {dagbag.py:588} INFO - Filling up the DagBag from /Users/karenwang/anaconda3/envs/airflow_sqlite_env/lib/python3.9/site-packages/airflow/example_dags/example_short_circuit_decorator.py
[2024-10-13T21:01:49.892-0400] {processor.py:925} INFO - DAG(s) 'example_short_circuit_decorator' retrieved from /Users/karenwang/anaconda3/envs/airflow_sqlite_env/lib/python3.9/site-packages/airflow/example_dags/example_short_circuit_decorator.py
[2024-10-13T21:01:50.040-0400] {logging_mixin.py:190} INFO - [2024-10-13T21:01:50.040-0400] {dag.py:3239} INFO - Sync 1 DAGs
[2024-10-13T21:01:50.054-0400] {logging_mixin.py:190} INFO - [2024-10-13T21:01:50.053-0400] {dag.py:4180} INFO - Setting next_dagrun for example_short_circuit_decorator to None, run_after=None
[2024-10-13T21:01:50.078-0400] {processor.py:208} INFO - Processing /Users/karenwang/anaconda3/envs/airflow_sqlite_env/lib/python3.9/site-packages/airflow/example_dags/example_short_circuit_decorator.py took 0.283 seconds
[2024-10-13T21:05:29.532-0400] {processor.py:186} INFO - Started process (PID=45744) to work on /Users/karenwang/anaconda3/envs/airflow_sqlite_env/lib/python3.9/site-packages/airflow/example_dags/example_short_circuit_decorator.py
[2024-10-13T21:05:29.534-0400] {processor.py:914} INFO - Processing file /Users/karenwang/anaconda3/envs/airflow_sqlite_env/lib/python3.9/site-packages/airflow/example_dags/example_short_circuit_decorator.py for tasks to queue
[2024-10-13T21:05:29.535-0400] {logging_mixin.py:190} INFO - [2024-10-13T21:05:29.535-0400] {dagbag.py:588} INFO - Filling up the DagBag from /Users/karenwang/anaconda3/envs/airflow_sqlite_env/lib/python3.9/site-packages/airflow/example_dags/example_short_circuit_decorator.py
[2024-10-13T21:05:29.632-0400] {processor.py:925} INFO - DAG(s) 'example_short_circuit_decorator' retrieved from /Users/karenwang/anaconda3/envs/airflow_sqlite_env/lib/python3.9/site-packages/airflow/example_dags/example_short_circuit_decorator.py
[2024-10-13T21:05:29.782-0400] {logging_mixin.py:190} INFO - [2024-10-13T21:05:29.782-0400] {dag.py:3239} INFO - Sync 1 DAGs
[2024-10-13T21:05:29.795-0400] {logging_mixin.py:190} INFO - [2024-10-13T21:05:29.795-0400] {dag.py:4180} INFO - Setting next_dagrun for example_short_circuit_decorator to None, run_after=None
[2024-10-13T21:05:29.817-0400] {processor.py:208} INFO - Processing /Users/karenwang/anaconda3/envs/airflow_sqlite_env/lib/python3.9/site-packages/airflow/example_dags/example_short_circuit_decorator.py took 0.290 seconds
[2024-10-13T21:10:57.534-0400] {processor.py:186} INFO - Started process (PID=47518) to work on /Users/karenwang/anaconda3/envs/airflow_sqlite_env/lib/python3.9/site-packages/airflow/example_dags/example_short_circuit_decorator.py
[2024-10-13T21:10:57.536-0400] {processor.py:914} INFO - Processing file /Users/karenwang/anaconda3/envs/airflow_sqlite_env/lib/python3.9/site-packages/airflow/example_dags/example_short_circuit_decorator.py for tasks to queue
[2024-10-13T21:10:57.537-0400] {logging_mixin.py:190} INFO - [2024-10-13T21:10:57.537-0400] {dagbag.py:588} INFO - Filling up the DagBag from /Users/karenwang/anaconda3/envs/airflow_sqlite_env/lib/python3.9/site-packages/airflow/example_dags/example_short_circuit_decorator.py
[2024-10-13T21:10:57.642-0400] {processor.py:925} INFO - DAG(s) 'example_short_circuit_decorator' retrieved from /Users/karenwang/anaconda3/envs/airflow_sqlite_env/lib/python3.9/site-packages/airflow/example_dags/example_short_circuit_decorator.py
[2024-10-13T21:10:57.799-0400] {logging_mixin.py:190} INFO - [2024-10-13T21:10:57.799-0400] {dag.py:3239} INFO - Sync 1 DAGs
[2024-10-13T21:10:57.816-0400] {logging_mixin.py:190} INFO - [2024-10-13T21:10:57.815-0400] {dag.py:4180} INFO - Setting next_dagrun for example_short_circuit_decorator to None, run_after=None
[2024-10-13T21:10:57.836-0400] {processor.py:208} INFO - Processing /Users/karenwang/anaconda3/envs/airflow_sqlite_env/lib/python3.9/site-packages/airflow/example_dags/example_short_circuit_decorator.py took 0.308 seconds
[2024-10-13T21:15:29.979-0400] {processor.py:186} INFO - Started process (PID=49012) to work on /Users/karenwang/anaconda3/envs/airflow_sqlite_env/lib/python3.9/site-packages/airflow/example_dags/example_short_circuit_decorator.py
[2024-10-13T21:15:29.981-0400] {processor.py:914} INFO - Processing file /Users/karenwang/anaconda3/envs/airflow_sqlite_env/lib/python3.9/site-packages/airflow/example_dags/example_short_circuit_decorator.py for tasks to queue
[2024-10-13T21:15:29.982-0400] {logging_mixin.py:190} INFO - [2024-10-13T21:15:29.982-0400] {dagbag.py:588} INFO - Filling up the DagBag from /Users/karenwang/anaconda3/envs/airflow_sqlite_env/lib/python3.9/site-packages/airflow/example_dags/example_short_circuit_decorator.py
[2024-10-13T21:15:30.091-0400] {processor.py:925} INFO - DAG(s) 'example_short_circuit_decorator' retrieved from /Users/karenwang/anaconda3/envs/airflow_sqlite_env/lib/python3.9/site-packages/airflow/example_dags/example_short_circuit_decorator.py
[2024-10-13T21:15:30.273-0400] {logging_mixin.py:190} INFO - [2024-10-13T21:15:30.272-0400] {dag.py:3239} INFO - Sync 1 DAGs
[2024-10-13T21:15:30.292-0400] {logging_mixin.py:190} INFO - [2024-10-13T21:15:30.291-0400] {dag.py:4180} INFO - Setting next_dagrun for example_short_circuit_decorator to None, run_after=None
[2024-10-13T21:15:30.319-0400] {processor.py:208} INFO - Processing /Users/karenwang/anaconda3/envs/airflow_sqlite_env/lib/python3.9/site-packages/airflow/example_dags/example_short_circuit_decorator.py took 0.346 seconds
[2024-10-13T21:19:19.912-0400] {processor.py:186} INFO - Started process (PID=50348) to work on /Users/karenwang/anaconda3/envs/airflow_sqlite_env/lib/python3.9/site-packages/airflow/example_dags/example_short_circuit_decorator.py
[2024-10-13T21:19:19.913-0400] {processor.py:914} INFO - Processing file /Users/karenwang/anaconda3/envs/airflow_sqlite_env/lib/python3.9/site-packages/airflow/example_dags/example_short_circuit_decorator.py for tasks to queue
[2024-10-13T21:19:19.915-0400] {logging_mixin.py:190} INFO - [2024-10-13T21:19:19.914-0400] {dagbag.py:588} INFO - Filling up the DagBag from /Users/karenwang/anaconda3/envs/airflow_sqlite_env/lib/python3.9/site-packages/airflow/example_dags/example_short_circuit_decorator.py
[2024-10-13T21:19:20.005-0400] {processor.py:925} INFO - DAG(s) 'example_short_circuit_decorator' retrieved from /Users/karenwang/anaconda3/envs/airflow_sqlite_env/lib/python3.9/site-packages/airflow/example_dags/example_short_circuit_decorator.py
[2024-10-13T21:19:20.160-0400] {logging_mixin.py:190} INFO - [2024-10-13T21:19:20.160-0400] {dag.py:3239} INFO - Sync 1 DAGs
[2024-10-13T21:19:20.172-0400] {logging_mixin.py:190} INFO - [2024-10-13T21:19:20.172-0400] {dag.py:4180} INFO - Setting next_dagrun for example_short_circuit_decorator to None, run_after=None
[2024-10-13T21:19:20.192-0400] {processor.py:208} INFO - Processing /Users/karenwang/anaconda3/envs/airflow_sqlite_env/lib/python3.9/site-packages/airflow/example_dags/example_short_circuit_decorator.py took 0.285 seconds
[2024-10-13T21:23:01.153-0400] {processor.py:186} INFO - Started process (PID=51488) to work on /Users/karenwang/anaconda3/envs/airflow_sqlite_env/lib/python3.9/site-packages/airflow/example_dags/example_short_circuit_decorator.py
[2024-10-13T21:23:01.155-0400] {processor.py:914} INFO - Processing file /Users/karenwang/anaconda3/envs/airflow_sqlite_env/lib/python3.9/site-packages/airflow/example_dags/example_short_circuit_decorator.py for tasks to queue
[2024-10-13T21:23:01.157-0400] {logging_mixin.py:190} INFO - [2024-10-13T21:23:01.156-0400] {dagbag.py:588} INFO - Filling up the DagBag from /Users/karenwang/anaconda3/envs/airflow_sqlite_env/lib/python3.9/site-packages/airflow/example_dags/example_short_circuit_decorator.py
[2024-10-13T21:23:01.246-0400] {processor.py:925} INFO - DAG(s) 'example_short_circuit_decorator' retrieved from /Users/karenwang/anaconda3/envs/airflow_sqlite_env/lib/python3.9/site-packages/airflow/example_dags/example_short_circuit_decorator.py
[2024-10-13T21:23:01.407-0400] {logging_mixin.py:190} INFO - [2024-10-13T21:23:01.406-0400] {dag.py:3239} INFO - Sync 1 DAGs
[2024-10-13T21:23:01.421-0400] {logging_mixin.py:190} INFO - [2024-10-13T21:23:01.421-0400] {dag.py:4180} INFO - Setting next_dagrun for example_short_circuit_decorator to None, run_after=None
[2024-10-13T21:23:01.442-0400] {processor.py:208} INFO - Processing /Users/karenwang/anaconda3/envs/airflow_sqlite_env/lib/python3.9/site-packages/airflow/example_dags/example_short_circuit_decorator.py took 0.295 seconds
[2024-10-13T21:26:40.492-0400] {processor.py:186} INFO - Started process (PID=52627) to work on /Users/karenwang/anaconda3/envs/airflow_sqlite_env/lib/python3.9/site-packages/airflow/example_dags/example_short_circuit_decorator.py
[2024-10-13T21:26:40.493-0400] {processor.py:914} INFO - Processing file /Users/karenwang/anaconda3/envs/airflow_sqlite_env/lib/python3.9/site-packages/airflow/example_dags/example_short_circuit_decorator.py for tasks to queue
[2024-10-13T21:26:40.495-0400] {logging_mixin.py:190} INFO - [2024-10-13T21:26:40.494-0400] {dagbag.py:588} INFO - Filling up the DagBag from /Users/karenwang/anaconda3/envs/airflow_sqlite_env/lib/python3.9/site-packages/airflow/example_dags/example_short_circuit_decorator.py
[2024-10-13T21:26:40.582-0400] {processor.py:925} INFO - DAG(s) 'example_short_circuit_decorator' retrieved from /Users/karenwang/anaconda3/envs/airflow_sqlite_env/lib/python3.9/site-packages/airflow/example_dags/example_short_circuit_decorator.py
[2024-10-13T21:26:40.745-0400] {logging_mixin.py:190} INFO - [2024-10-13T21:26:40.745-0400] {dag.py:3239} INFO - Sync 1 DAGs
[2024-10-13T21:26:40.758-0400] {logging_mixin.py:190} INFO - [2024-10-13T21:26:40.757-0400] {dag.py:4180} INFO - Setting next_dagrun for example_short_circuit_decorator to None, run_after=None
[2024-10-13T21:26:40.777-0400] {processor.py:208} INFO - Processing /Users/karenwang/anaconda3/envs/airflow_sqlite_env/lib/python3.9/site-packages/airflow/example_dags/example_short_circuit_decorator.py took 0.292 seconds
[2024-10-13T21:30:35.914-0400] {processor.py:186} INFO - Started process (PID=53867) to work on /Users/karenwang/anaconda3/envs/airflow_sqlite_env/lib/python3.9/site-packages/airflow/example_dags/example_short_circuit_decorator.py
[2024-10-13T21:30:35.915-0400] {processor.py:914} INFO - Processing file /Users/karenwang/anaconda3/envs/airflow_sqlite_env/lib/python3.9/site-packages/airflow/example_dags/example_short_circuit_decorator.py for tasks to queue
[2024-10-13T21:30:35.917-0400] {logging_mixin.py:190} INFO - [2024-10-13T21:30:35.917-0400] {dagbag.py:588} INFO - Filling up the DagBag from /Users/karenwang/anaconda3/envs/airflow_sqlite_env/lib/python3.9/site-packages/airflow/example_dags/example_short_circuit_decorator.py
[2024-10-13T21:30:36.009-0400] {processor.py:925} INFO - DAG(s) 'example_short_circuit_decorator' retrieved from /Users/karenwang/anaconda3/envs/airflow_sqlite_env/lib/python3.9/site-packages/airflow/example_dags/example_short_circuit_decorator.py
[2024-10-13T21:30:36.165-0400] {logging_mixin.py:190} INFO - [2024-10-13T21:30:36.165-0400] {dag.py:3239} INFO - Sync 1 DAGs
[2024-10-13T21:30:36.182-0400] {logging_mixin.py:190} INFO - [2024-10-13T21:30:36.182-0400] {dag.py:4180} INFO - Setting next_dagrun for example_short_circuit_decorator to None, run_after=None
[2024-10-13T21:30:36.206-0400] {processor.py:208} INFO - Processing /Users/karenwang/anaconda3/envs/airflow_sqlite_env/lib/python3.9/site-packages/airflow/example_dags/example_short_circuit_decorator.py took 0.298 seconds
[2024-10-13T21:34:33.753-0400] {processor.py:186} INFO - Started process (PID=55092) to work on /Users/karenwang/anaconda3/envs/airflow_sqlite_env/lib/python3.9/site-packages/airflow/example_dags/example_short_circuit_decorator.py
[2024-10-13T21:34:33.755-0400] {processor.py:914} INFO - Processing file /Users/karenwang/anaconda3/envs/airflow_sqlite_env/lib/python3.9/site-packages/airflow/example_dags/example_short_circuit_decorator.py for tasks to queue
[2024-10-13T21:34:33.756-0400] {logging_mixin.py:190} INFO - [2024-10-13T21:34:33.756-0400] {dagbag.py:588} INFO - Filling up the DagBag from /Users/karenwang/anaconda3/envs/airflow_sqlite_env/lib/python3.9/site-packages/airflow/example_dags/example_short_circuit_decorator.py
[2024-10-13T21:34:33.848-0400] {processor.py:925} INFO - DAG(s) 'example_short_circuit_decorator' retrieved from /Users/karenwang/anaconda3/envs/airflow_sqlite_env/lib/python3.9/site-packages/airflow/example_dags/example_short_circuit_decorator.py
[2024-10-13T21:34:34.009-0400] {logging_mixin.py:190} INFO - [2024-10-13T21:34:34.009-0400] {dag.py:3239} INFO - Sync 1 DAGs
[2024-10-13T21:34:34.022-0400] {logging_mixin.py:190} INFO - [2024-10-13T21:34:34.022-0400] {dag.py:4180} INFO - Setting next_dagrun for example_short_circuit_decorator to None, run_after=None
[2024-10-13T21:34:34.045-0400] {processor.py:208} INFO - Processing /Users/karenwang/anaconda3/envs/airflow_sqlite_env/lib/python3.9/site-packages/airflow/example_dags/example_short_circuit_decorator.py took 0.298 seconds
[2024-10-13T21:38:26.432-0400] {processor.py:186} INFO - Started process (PID=56328) to work on /Users/karenwang/anaconda3/envs/airflow_sqlite_env/lib/python3.9/site-packages/airflow/example_dags/example_short_circuit_decorator.py
[2024-10-13T21:38:26.434-0400] {processor.py:914} INFO - Processing file /Users/karenwang/anaconda3/envs/airflow_sqlite_env/lib/python3.9/site-packages/airflow/example_dags/example_short_circuit_decorator.py for tasks to queue
[2024-10-13T21:38:26.435-0400] {logging_mixin.py:190} INFO - [2024-10-13T21:38:26.435-0400] {dagbag.py:588} INFO - Filling up the DagBag from /Users/karenwang/anaconda3/envs/airflow_sqlite_env/lib/python3.9/site-packages/airflow/example_dags/example_short_circuit_decorator.py
[2024-10-13T21:38:26.540-0400] {processor.py:925} INFO - DAG(s) 'example_short_circuit_decorator' retrieved from /Users/karenwang/anaconda3/envs/airflow_sqlite_env/lib/python3.9/site-packages/airflow/example_dags/example_short_circuit_decorator.py
[2024-10-13T21:38:26.693-0400] {logging_mixin.py:190} INFO - [2024-10-13T21:38:26.693-0400] {dag.py:3239} INFO - Sync 1 DAGs
[2024-10-13T21:38:26.707-0400] {logging_mixin.py:190} INFO - [2024-10-13T21:38:26.707-0400] {dag.py:4180} INFO - Setting next_dagrun for example_short_circuit_decorator to None, run_after=None
[2024-10-13T21:38:26.729-0400] {processor.py:208} INFO - Processing /Users/karenwang/anaconda3/envs/airflow_sqlite_env/lib/python3.9/site-packages/airflow/example_dags/example_short_circuit_decorator.py took 0.302 seconds
[2024-10-13T21:42:22.011-0400] {processor.py:186} INFO - Started process (PID=57541) to work on /Users/karenwang/anaconda3/envs/airflow_sqlite_env/lib/python3.9/site-packages/airflow/example_dags/example_short_circuit_decorator.py
[2024-10-13T21:42:22.013-0400] {processor.py:914} INFO - Processing file /Users/karenwang/anaconda3/envs/airflow_sqlite_env/lib/python3.9/site-packages/airflow/example_dags/example_short_circuit_decorator.py for tasks to queue
[2024-10-13T21:42:22.014-0400] {logging_mixin.py:190} INFO - [2024-10-13T21:42:22.014-0400] {dagbag.py:588} INFO - Filling up the DagBag from /Users/karenwang/anaconda3/envs/airflow_sqlite_env/lib/python3.9/site-packages/airflow/example_dags/example_short_circuit_decorator.py
[2024-10-13T21:42:22.117-0400] {processor.py:925} INFO - DAG(s) 'example_short_circuit_decorator' retrieved from /Users/karenwang/anaconda3/envs/airflow_sqlite_env/lib/python3.9/site-packages/airflow/example_dags/example_short_circuit_decorator.py
[2024-10-13T21:42:22.286-0400] {logging_mixin.py:190} INFO - [2024-10-13T21:42:22.285-0400] {dag.py:3239} INFO - Sync 1 DAGs
[2024-10-13T21:42:22.301-0400] {logging_mixin.py:190} INFO - [2024-10-13T21:42:22.301-0400] {dag.py:4180} INFO - Setting next_dagrun for example_short_circuit_decorator to None, run_after=None
[2024-10-13T21:42:22.325-0400] {processor.py:208} INFO - Processing /Users/karenwang/anaconda3/envs/airflow_sqlite_env/lib/python3.9/site-packages/airflow/example_dags/example_short_circuit_decorator.py took 0.320 seconds
[2024-10-13T21:46:13.377-0400] {processor.py:186} INFO - Started process (PID=58723) to work on /Users/karenwang/anaconda3/envs/airflow_sqlite_env/lib/python3.9/site-packages/airflow/example_dags/example_short_circuit_decorator.py
[2024-10-13T21:46:13.379-0400] {processor.py:914} INFO - Processing file /Users/karenwang/anaconda3/envs/airflow_sqlite_env/lib/python3.9/site-packages/airflow/example_dags/example_short_circuit_decorator.py for tasks to queue
[2024-10-13T21:46:13.380-0400] {logging_mixin.py:190} INFO - [2024-10-13T21:46:13.380-0400] {dagbag.py:588} INFO - Filling up the DagBag from /Users/karenwang/anaconda3/envs/airflow_sqlite_env/lib/python3.9/site-packages/airflow/example_dags/example_short_circuit_decorator.py
[2024-10-13T21:46:13.476-0400] {processor.py:925} INFO - DAG(s) 'example_short_circuit_decorator' retrieved from /Users/karenwang/anaconda3/envs/airflow_sqlite_env/lib/python3.9/site-packages/airflow/example_dags/example_short_circuit_decorator.py
[2024-10-13T21:46:13.645-0400] {logging_mixin.py:190} INFO - [2024-10-13T21:46:13.644-0400] {dag.py:3239} INFO - Sync 1 DAGs
[2024-10-13T21:46:13.662-0400] {logging_mixin.py:190} INFO - [2024-10-13T21:46:13.661-0400] {dag.py:4180} INFO - Setting next_dagrun for example_short_circuit_decorator to None, run_after=None
[2024-10-13T21:46:13.682-0400] {processor.py:208} INFO - Processing /Users/karenwang/anaconda3/envs/airflow_sqlite_env/lib/python3.9/site-packages/airflow/example_dags/example_short_circuit_decorator.py took 0.311 seconds
[2024-10-13T21:50:14.222-0400] {processor.py:186} INFO - Started process (PID=59990) to work on /Users/karenwang/anaconda3/envs/airflow_sqlite_env/lib/python3.9/site-packages/airflow/example_dags/example_short_circuit_decorator.py
[2024-10-13T21:50:14.224-0400] {processor.py:914} INFO - Processing file /Users/karenwang/anaconda3/envs/airflow_sqlite_env/lib/python3.9/site-packages/airflow/example_dags/example_short_circuit_decorator.py for tasks to queue
[2024-10-13T21:50:14.226-0400] {logging_mixin.py:190} INFO - [2024-10-13T21:50:14.225-0400] {dagbag.py:588} INFO - Filling up the DagBag from /Users/karenwang/anaconda3/envs/airflow_sqlite_env/lib/python3.9/site-packages/airflow/example_dags/example_short_circuit_decorator.py
[2024-10-13T21:50:14.326-0400] {processor.py:925} INFO - DAG(s) 'example_short_circuit_decorator' retrieved from /Users/karenwang/anaconda3/envs/airflow_sqlite_env/lib/python3.9/site-packages/airflow/example_dags/example_short_circuit_decorator.py
[2024-10-13T21:50:14.484-0400] {logging_mixin.py:190} INFO - [2024-10-13T21:50:14.483-0400] {dag.py:3239} INFO - Sync 1 DAGs
[2024-10-13T21:50:14.502-0400] {logging_mixin.py:190} INFO - [2024-10-13T21:50:14.501-0400] {dag.py:4180} INFO - Setting next_dagrun for example_short_circuit_decorator to None, run_after=None
[2024-10-13T21:50:14.523-0400] {processor.py:208} INFO - Processing /Users/karenwang/anaconda3/envs/airflow_sqlite_env/lib/python3.9/site-packages/airflow/example_dags/example_short_circuit_decorator.py took 0.307 seconds
[2024-10-13T21:54:17.154-0400] {processor.py:186} INFO - Started process (PID=61224) to work on /Users/karenwang/anaconda3/envs/airflow_sqlite_env/lib/python3.9/site-packages/airflow/example_dags/example_short_circuit_decorator.py
[2024-10-13T21:54:17.156-0400] {processor.py:914} INFO - Processing file /Users/karenwang/anaconda3/envs/airflow_sqlite_env/lib/python3.9/site-packages/airflow/example_dags/example_short_circuit_decorator.py for tasks to queue
[2024-10-13T21:54:17.157-0400] {logging_mixin.py:190} INFO - [2024-10-13T21:54:17.157-0400] {dagbag.py:588} INFO - Filling up the DagBag from /Users/karenwang/anaconda3/envs/airflow_sqlite_env/lib/python3.9/site-packages/airflow/example_dags/example_short_circuit_decorator.py
[2024-10-13T21:54:17.255-0400] {processor.py:925} INFO - DAG(s) 'example_short_circuit_decorator' retrieved from /Users/karenwang/anaconda3/envs/airflow_sqlite_env/lib/python3.9/site-packages/airflow/example_dags/example_short_circuit_decorator.py
[2024-10-13T21:54:17.429-0400] {logging_mixin.py:190} INFO - [2024-10-13T21:54:17.428-0400] {dag.py:3239} INFO - Sync 1 DAGs
[2024-10-13T21:54:17.443-0400] {logging_mixin.py:190} INFO - [2024-10-13T21:54:17.443-0400] {dag.py:4180} INFO - Setting next_dagrun for example_short_circuit_decorator to None, run_after=None
[2024-10-13T21:54:17.464-0400] {processor.py:208} INFO - Processing /Users/karenwang/anaconda3/envs/airflow_sqlite_env/lib/python3.9/site-packages/airflow/example_dags/example_short_circuit_decorator.py took 0.316 seconds
[2024-10-13T21:58:12.125-0400] {processor.py:186} INFO - Started process (PID=62451) to work on /Users/karenwang/anaconda3/envs/airflow_sqlite_env/lib/python3.9/site-packages/airflow/example_dags/example_short_circuit_decorator.py
[2024-10-13T21:58:12.127-0400] {processor.py:914} INFO - Processing file /Users/karenwang/anaconda3/envs/airflow_sqlite_env/lib/python3.9/site-packages/airflow/example_dags/example_short_circuit_decorator.py for tasks to queue
[2024-10-13T21:58:12.129-0400] {logging_mixin.py:190} INFO - [2024-10-13T21:58:12.128-0400] {dagbag.py:588} INFO - Filling up the DagBag from /Users/karenwang/anaconda3/envs/airflow_sqlite_env/lib/python3.9/site-packages/airflow/example_dags/example_short_circuit_decorator.py
[2024-10-13T21:58:12.226-0400] {processor.py:925} INFO - DAG(s) 'example_short_circuit_decorator' retrieved from /Users/karenwang/anaconda3/envs/airflow_sqlite_env/lib/python3.9/site-packages/airflow/example_dags/example_short_circuit_decorator.py
[2024-10-13T21:58:12.390-0400] {logging_mixin.py:190} INFO - [2024-10-13T21:58:12.390-0400] {dag.py:3239} INFO - Sync 1 DAGs
[2024-10-13T21:58:12.406-0400] {logging_mixin.py:190} INFO - [2024-10-13T21:58:12.405-0400] {dag.py:4180} INFO - Setting next_dagrun for example_short_circuit_decorator to None, run_after=None
[2024-10-13T21:58:12.430-0400] {processor.py:208} INFO - Processing /Users/karenwang/anaconda3/envs/airflow_sqlite_env/lib/python3.9/site-packages/airflow/example_dags/example_short_circuit_decorator.py took 0.310 seconds
[2024-10-13T22:02:01.178-0400] {processor.py:186} INFO - Started process (PID=63634) to work on /Users/karenwang/anaconda3/envs/airflow_sqlite_env/lib/python3.9/site-packages/airflow/example_dags/example_short_circuit_decorator.py
[2024-10-13T22:02:01.179-0400] {processor.py:914} INFO - Processing file /Users/karenwang/anaconda3/envs/airflow_sqlite_env/lib/python3.9/site-packages/airflow/example_dags/example_short_circuit_decorator.py for tasks to queue
[2024-10-13T22:02:01.181-0400] {logging_mixin.py:190} INFO - [2024-10-13T22:02:01.181-0400] {dagbag.py:588} INFO - Filling up the DagBag from /Users/karenwang/anaconda3/envs/airflow_sqlite_env/lib/python3.9/site-packages/airflow/example_dags/example_short_circuit_decorator.py
[2024-10-13T22:02:01.282-0400] {processor.py:925} INFO - DAG(s) 'example_short_circuit_decorator' retrieved from /Users/karenwang/anaconda3/envs/airflow_sqlite_env/lib/python3.9/site-packages/airflow/example_dags/example_short_circuit_decorator.py
[2024-10-13T22:02:01.439-0400] {logging_mixin.py:190} INFO - [2024-10-13T22:02:01.439-0400] {dag.py:3239} INFO - Sync 1 DAGs
[2024-10-13T22:02:01.457-0400] {logging_mixin.py:190} INFO - [2024-10-13T22:02:01.456-0400] {dag.py:4180} INFO - Setting next_dagrun for example_short_circuit_decorator to None, run_after=None
[2024-10-13T22:02:01.481-0400] {processor.py:208} INFO - Processing /Users/karenwang/anaconda3/envs/airflow_sqlite_env/lib/python3.9/site-packages/airflow/example_dags/example_short_circuit_decorator.py took 0.310 seconds
[2024-10-13T22:05:55.919-0400] {processor.py:186} INFO - Started process (PID=64832) to work on /Users/karenwang/anaconda3/envs/airflow_sqlite_env/lib/python3.9/site-packages/airflow/example_dags/example_short_circuit_decorator.py
[2024-10-13T22:05:55.920-0400] {processor.py:914} INFO - Processing file /Users/karenwang/anaconda3/envs/airflow_sqlite_env/lib/python3.9/site-packages/airflow/example_dags/example_short_circuit_decorator.py for tasks to queue
[2024-10-13T22:05:55.921-0400] {logging_mixin.py:190} INFO - [2024-10-13T22:05:55.921-0400] {dagbag.py:588} INFO - Filling up the DagBag from /Users/karenwang/anaconda3/envs/airflow_sqlite_env/lib/python3.9/site-packages/airflow/example_dags/example_short_circuit_decorator.py
[2024-10-13T22:05:56.023-0400] {processor.py:925} INFO - DAG(s) 'example_short_circuit_decorator' retrieved from /Users/karenwang/anaconda3/envs/airflow_sqlite_env/lib/python3.9/site-packages/airflow/example_dags/example_short_circuit_decorator.py
[2024-10-13T22:05:56.193-0400] {logging_mixin.py:190} INFO - [2024-10-13T22:05:56.192-0400] {dag.py:3239} INFO - Sync 1 DAGs
[2024-10-13T22:05:56.211-0400] {logging_mixin.py:190} INFO - [2024-10-13T22:05:56.210-0400] {dag.py:4180} INFO - Setting next_dagrun for example_short_circuit_decorator to None, run_after=None
[2024-10-13T22:05:56.232-0400] {processor.py:208} INFO - Processing /Users/karenwang/anaconda3/envs/airflow_sqlite_env/lib/python3.9/site-packages/airflow/example_dags/example_short_circuit_decorator.py took 0.321 seconds
[2024-10-13T22:09:52.628-0400] {processor.py:186} INFO - Started process (PID=66062) to work on /Users/karenwang/anaconda3/envs/airflow_sqlite_env/lib/python3.9/site-packages/airflow/example_dags/example_short_circuit_decorator.py
[2024-10-13T22:09:52.629-0400] {processor.py:914} INFO - Processing file /Users/karenwang/anaconda3/envs/airflow_sqlite_env/lib/python3.9/site-packages/airflow/example_dags/example_short_circuit_decorator.py for tasks to queue
[2024-10-13T22:09:52.631-0400] {logging_mixin.py:190} INFO - [2024-10-13T22:09:52.631-0400] {dagbag.py:588} INFO - Filling up the DagBag from /Users/karenwang/anaconda3/envs/airflow_sqlite_env/lib/python3.9/site-packages/airflow/example_dags/example_short_circuit_decorator.py
[2024-10-13T22:09:52.736-0400] {processor.py:925} INFO - DAG(s) 'example_short_circuit_decorator' retrieved from /Users/karenwang/anaconda3/envs/airflow_sqlite_env/lib/python3.9/site-packages/airflow/example_dags/example_short_circuit_decorator.py
[2024-10-13T22:09:52.877-0400] {logging_mixin.py:190} INFO - [2024-10-13T22:09:52.877-0400] {dag.py:3239} INFO - Sync 1 DAGs
[2024-10-13T22:09:52.892-0400] {logging_mixin.py:190} INFO - [2024-10-13T22:09:52.892-0400] {dag.py:4180} INFO - Setting next_dagrun for example_short_circuit_decorator to None, run_after=None
[2024-10-13T22:09:52.916-0400] {processor.py:208} INFO - Processing /Users/karenwang/anaconda3/envs/airflow_sqlite_env/lib/python3.9/site-packages/airflow/example_dags/example_short_circuit_decorator.py took 0.294 seconds
[2024-10-13T22:13:43.927-0400] {processor.py:186} INFO - Started process (PID=67241) to work on /Users/karenwang/anaconda3/envs/airflow_sqlite_env/lib/python3.9/site-packages/airflow/example_dags/example_short_circuit_decorator.py
[2024-10-13T22:13:43.928-0400] {processor.py:914} INFO - Processing file /Users/karenwang/anaconda3/envs/airflow_sqlite_env/lib/python3.9/site-packages/airflow/example_dags/example_short_circuit_decorator.py for tasks to queue
[2024-10-13T22:13:43.930-0400] {logging_mixin.py:190} INFO - [2024-10-13T22:13:43.930-0400] {dagbag.py:588} INFO - Filling up the DagBag from /Users/karenwang/anaconda3/envs/airflow_sqlite_env/lib/python3.9/site-packages/airflow/example_dags/example_short_circuit_decorator.py
[2024-10-13T22:13:44.038-0400] {processor.py:925} INFO - DAG(s) 'example_short_circuit_decorator' retrieved from /Users/karenwang/anaconda3/envs/airflow_sqlite_env/lib/python3.9/site-packages/airflow/example_dags/example_short_circuit_decorator.py
[2024-10-13T22:13:44.214-0400] {logging_mixin.py:190} INFO - [2024-10-13T22:13:44.214-0400] {dag.py:3239} INFO - Sync 1 DAGs
[2024-10-13T22:13:44.229-0400] {logging_mixin.py:190} INFO - [2024-10-13T22:13:44.229-0400] {dag.py:4180} INFO - Setting next_dagrun for example_short_circuit_decorator to None, run_after=None
[2024-10-13T22:13:44.255-0400] {processor.py:208} INFO - Processing /Users/karenwang/anaconda3/envs/airflow_sqlite_env/lib/python3.9/site-packages/airflow/example_dags/example_short_circuit_decorator.py took 0.335 seconds
[2024-10-13T22:17:48.108-0400] {processor.py:186} INFO - Started process (PID=68484) to work on /Users/karenwang/anaconda3/envs/airflow_sqlite_env/lib/python3.9/site-packages/airflow/example_dags/example_short_circuit_decorator.py
[2024-10-13T22:17:48.110-0400] {processor.py:914} INFO - Processing file /Users/karenwang/anaconda3/envs/airflow_sqlite_env/lib/python3.9/site-packages/airflow/example_dags/example_short_circuit_decorator.py for tasks to queue
[2024-10-13T22:17:48.111-0400] {logging_mixin.py:190} INFO - [2024-10-13T22:17:48.111-0400] {dagbag.py:588} INFO - Filling up the DagBag from /Users/karenwang/anaconda3/envs/airflow_sqlite_env/lib/python3.9/site-packages/airflow/example_dags/example_short_circuit_decorator.py
[2024-10-13T22:17:48.211-0400] {processor.py:925} INFO - DAG(s) 'example_short_circuit_decorator' retrieved from /Users/karenwang/anaconda3/envs/airflow_sqlite_env/lib/python3.9/site-packages/airflow/example_dags/example_short_circuit_decorator.py
[2024-10-13T22:17:48.376-0400] {logging_mixin.py:190} INFO - [2024-10-13T22:17:48.376-0400] {dag.py:3239} INFO - Sync 1 DAGs
[2024-10-13T22:17:48.391-0400] {logging_mixin.py:190} INFO - [2024-10-13T22:17:48.391-0400] {dag.py:4180} INFO - Setting next_dagrun for example_short_circuit_decorator to None, run_after=None
[2024-10-13T22:17:48.415-0400] {processor.py:208} INFO - Processing /Users/karenwang/anaconda3/envs/airflow_sqlite_env/lib/python3.9/site-packages/airflow/example_dags/example_short_circuit_decorator.py took 0.312 seconds
[2024-10-13T22:21:48.241-0400] {processor.py:186} INFO - Started process (PID=69722) to work on /Users/karenwang/anaconda3/envs/airflow_sqlite_env/lib/python3.9/site-packages/airflow/example_dags/example_short_circuit_decorator.py
[2024-10-13T22:21:48.242-0400] {processor.py:914} INFO - Processing file /Users/karenwang/anaconda3/envs/airflow_sqlite_env/lib/python3.9/site-packages/airflow/example_dags/example_short_circuit_decorator.py for tasks to queue
[2024-10-13T22:21:48.244-0400] {logging_mixin.py:190} INFO - [2024-10-13T22:21:48.243-0400] {dagbag.py:588} INFO - Filling up the DagBag from /Users/karenwang/anaconda3/envs/airflow_sqlite_env/lib/python3.9/site-packages/airflow/example_dags/example_short_circuit_decorator.py
[2024-10-13T22:21:48.348-0400] {processor.py:925} INFO - DAG(s) 'example_short_circuit_decorator' retrieved from /Users/karenwang/anaconda3/envs/airflow_sqlite_env/lib/python3.9/site-packages/airflow/example_dags/example_short_circuit_decorator.py
[2024-10-13T22:21:48.515-0400] {logging_mixin.py:190} INFO - [2024-10-13T22:21:48.515-0400] {dag.py:3239} INFO - Sync 1 DAGs
[2024-10-13T22:21:48.528-0400] {logging_mixin.py:190} INFO - [2024-10-13T22:21:48.527-0400] {dag.py:4180} INFO - Setting next_dagrun for example_short_circuit_decorator to None, run_after=None
[2024-10-13T22:21:48.551-0400] {processor.py:208} INFO - Processing /Users/karenwang/anaconda3/envs/airflow_sqlite_env/lib/python3.9/site-packages/airflow/example_dags/example_short_circuit_decorator.py took 0.316 seconds
[2024-10-13T22:25:57.587-0400] {processor.py:186} INFO - Started process (PID=71066) to work on /Users/karenwang/anaconda3/envs/airflow_sqlite_env/lib/python3.9/site-packages/airflow/example_dags/example_short_circuit_decorator.py
[2024-10-13T22:25:57.589-0400] {processor.py:914} INFO - Processing file /Users/karenwang/anaconda3/envs/airflow_sqlite_env/lib/python3.9/site-packages/airflow/example_dags/example_short_circuit_decorator.py for tasks to queue
[2024-10-13T22:25:57.590-0400] {logging_mixin.py:190} INFO - [2024-10-13T22:25:57.590-0400] {dagbag.py:588} INFO - Filling up the DagBag from /Users/karenwang/anaconda3/envs/airflow_sqlite_env/lib/python3.9/site-packages/airflow/example_dags/example_short_circuit_decorator.py
[2024-10-13T22:25:57.690-0400] {processor.py:925} INFO - DAG(s) 'example_short_circuit_decorator' retrieved from /Users/karenwang/anaconda3/envs/airflow_sqlite_env/lib/python3.9/site-packages/airflow/example_dags/example_short_circuit_decorator.py
[2024-10-13T22:25:57.845-0400] {logging_mixin.py:190} INFO - [2024-10-13T22:25:57.845-0400] {dag.py:3239} INFO - Sync 1 DAGs
[2024-10-13T22:25:57.865-0400] {logging_mixin.py:190} INFO - [2024-10-13T22:25:57.865-0400] {dag.py:4180} INFO - Setting next_dagrun for example_short_circuit_decorator to None, run_after=None
[2024-10-13T22:25:57.891-0400] {processor.py:208} INFO - Processing /Users/karenwang/anaconda3/envs/airflow_sqlite_env/lib/python3.9/site-packages/airflow/example_dags/example_short_circuit_decorator.py took 0.310 seconds
[2024-10-13T22:34:32.908-0400] {processor.py:186} INFO - Started process (PID=73954) to work on /Users/karenwang/anaconda3/envs/airflow_sqlite_env/lib/python3.9/site-packages/airflow/example_dags/example_short_circuit_decorator.py
[2024-10-13T22:34:32.910-0400] {processor.py:914} INFO - Processing file /Users/karenwang/anaconda3/envs/airflow_sqlite_env/lib/python3.9/site-packages/airflow/example_dags/example_short_circuit_decorator.py for tasks to queue
[2024-10-13T22:34:32.912-0400] {logging_mixin.py:190} INFO - [2024-10-13T22:34:32.912-0400] {dagbag.py:588} INFO - Filling up the DagBag from /Users/karenwang/anaconda3/envs/airflow_sqlite_env/lib/python3.9/site-packages/airflow/example_dags/example_short_circuit_decorator.py
[2024-10-13T22:34:33.006-0400] {processor.py:925} INFO - DAG(s) 'example_short_circuit_decorator' retrieved from /Users/karenwang/anaconda3/envs/airflow_sqlite_env/lib/python3.9/site-packages/airflow/example_dags/example_short_circuit_decorator.py
[2024-10-13T22:34:33.174-0400] {logging_mixin.py:190} INFO - [2024-10-13T22:34:33.174-0400] {dag.py:3239} INFO - Sync 1 DAGs
[2024-10-13T22:34:33.192-0400] {logging_mixin.py:190} INFO - [2024-10-13T22:34:33.192-0400] {dag.py:4180} INFO - Setting next_dagrun for example_short_circuit_decorator to None, run_after=None
[2024-10-13T22:34:33.212-0400] {processor.py:208} INFO - Processing /Users/karenwang/anaconda3/envs/airflow_sqlite_env/lib/python3.9/site-packages/airflow/example_dags/example_short_circuit_decorator.py took 0.310 seconds
[2024-10-13T22:41:45.649-0400] {processor.py:186} INFO - Started process (PID=76388) to work on /Users/karenwang/anaconda3/envs/airflow_sqlite_env/lib/python3.9/site-packages/airflow/example_dags/example_short_circuit_decorator.py
[2024-10-13T22:41:45.651-0400] {processor.py:914} INFO - Processing file /Users/karenwang/anaconda3/envs/airflow_sqlite_env/lib/python3.9/site-packages/airflow/example_dags/example_short_circuit_decorator.py for tasks to queue
[2024-10-13T22:41:45.652-0400] {logging_mixin.py:190} INFO - [2024-10-13T22:41:45.652-0400] {dagbag.py:588} INFO - Filling up the DagBag from /Users/karenwang/anaconda3/envs/airflow_sqlite_env/lib/python3.9/site-packages/airflow/example_dags/example_short_circuit_decorator.py
[2024-10-13T22:41:45.751-0400] {processor.py:925} INFO - DAG(s) 'example_short_circuit_decorator' retrieved from /Users/karenwang/anaconda3/envs/airflow_sqlite_env/lib/python3.9/site-packages/airflow/example_dags/example_short_circuit_decorator.py
[2024-10-13T22:41:45.930-0400] {logging_mixin.py:190} INFO - [2024-10-13T22:41:45.930-0400] {dag.py:3239} INFO - Sync 1 DAGs
[2024-10-13T22:41:45.949-0400] {logging_mixin.py:190} INFO - [2024-10-13T22:41:45.948-0400] {dag.py:4180} INFO - Setting next_dagrun for example_short_circuit_decorator to None, run_after=None
[2024-10-13T22:41:45.973-0400] {processor.py:208} INFO - Processing /Users/karenwang/anaconda3/envs/airflow_sqlite_env/lib/python3.9/site-packages/airflow/example_dags/example_short_circuit_decorator.py took 0.330 seconds
