[2024-10-13T20:07:30.038-0400] {processor.py:186} INFO - Started process (PID=27420) to work on /Users/karenwang/anaconda3/envs/airflow_sqlite_env/lib/python3.9/site-packages/airflow/example_dags/example_bash_operator.py
[2024-10-13T20:07:30.040-0400] {processor.py:914} INFO - Processing file /Users/karenwang/anaconda3/envs/airflow_sqlite_env/lib/python3.9/site-packages/airflow/example_dags/example_bash_operator.py for tasks to queue
[2024-10-13T20:07:30.041-0400] {logging_mixin.py:190} INFO - [2024-10-13T20:07:30.041-0400] {dagbag.py:588} INFO - Filling up the DagBag from /Users/karenwang/anaconda3/envs/airflow_sqlite_env/lib/python3.9/site-packages/airflow/example_dags/example_bash_operator.py
[2024-10-13T20:07:30.059-0400] {processor.py:925} INFO - DAG(s) 'example_bash_operator' retrieved from /Users/karenwang/anaconda3/envs/airflow_sqlite_env/lib/python3.9/site-packages/airflow/example_dags/example_bash_operator.py
[2024-10-13T20:07:30.280-0400] {logging_mixin.py:190} INFO - [2024-10-13T20:07:30.280-0400] {dag.py:3239} INFO - Sync 1 DAGs
[2024-10-13T20:07:30.308-0400] {logging_mixin.py:190} INFO - [2024-10-13T20:07:30.308-0400] {dag.py:4180} INFO - Setting next_dagrun for example_bash_operator to 2024-10-13 00:00:00+00:00, run_after=2024-10-14 00:00:00+00:00
[2024-10-13T20:07:30.332-0400] {processor.py:208} INFO - Processing /Users/karenwang/anaconda3/envs/airflow_sqlite_env/lib/python3.9/site-packages/airflow/example_dags/example_bash_operator.py took 0.299 seconds
[2024-10-13T20:15:30.728-0400] {processor.py:186} INFO - Started process (PID=29873) to work on /Users/karenwang/anaconda3/envs/airflow_sqlite_env/lib/python3.9/site-packages/airflow/example_dags/example_bash_operator.py
[2024-10-13T20:15:30.730-0400] {processor.py:914} INFO - Processing file /Users/karenwang/anaconda3/envs/airflow_sqlite_env/lib/python3.9/site-packages/airflow/example_dags/example_bash_operator.py for tasks to queue
[2024-10-13T20:15:30.731-0400] {logging_mixin.py:190} INFO - [2024-10-13T20:15:30.731-0400] {dagbag.py:588} INFO - Filling up the DagBag from /Users/karenwang/anaconda3/envs/airflow_sqlite_env/lib/python3.9/site-packages/airflow/example_dags/example_bash_operator.py
[2024-10-13T20:15:30.745-0400] {processor.py:925} INFO - DAG(s) 'example_bash_operator' retrieved from /Users/karenwang/anaconda3/envs/airflow_sqlite_env/lib/python3.9/site-packages/airflow/example_dags/example_bash_operator.py
[2024-10-13T20:15:30.971-0400] {logging_mixin.py:190} INFO - [2024-10-13T20:15:30.971-0400] {dag.py:3239} INFO - Sync 1 DAGs
[2024-10-13T20:15:31.000-0400] {logging_mixin.py:190} INFO - [2024-10-13T20:15:31.000-0400] {dag.py:4180} INFO - Setting next_dagrun for example_bash_operator to 2024-10-13 00:00:00+00:00, run_after=2024-10-14 00:00:00+00:00
[2024-10-13T20:15:31.024-0400] {processor.py:208} INFO - Processing /Users/karenwang/anaconda3/envs/airflow_sqlite_env/lib/python3.9/site-packages/airflow/example_dags/example_bash_operator.py took 0.301 seconds
[2024-10-13T20:24:06.189-0400] {processor.py:186} INFO - Started process (PID=32655) to work on /Users/karenwang/anaconda3/envs/airflow_sqlite_env/lib/python3.9/site-packages/airflow/example_dags/example_bash_operator.py
[2024-10-13T20:24:06.191-0400] {processor.py:914} INFO - Processing file /Users/karenwang/anaconda3/envs/airflow_sqlite_env/lib/python3.9/site-packages/airflow/example_dags/example_bash_operator.py for tasks to queue
[2024-10-13T20:24:06.192-0400] {logging_mixin.py:190} INFO - [2024-10-13T20:24:06.192-0400] {dagbag.py:588} INFO - Filling up the DagBag from /Users/karenwang/anaconda3/envs/airflow_sqlite_env/lib/python3.9/site-packages/airflow/example_dags/example_bash_operator.py
[2024-10-13T20:24:06.212-0400] {processor.py:925} INFO - DAG(s) 'example_bash_operator' retrieved from /Users/karenwang/anaconda3/envs/airflow_sqlite_env/lib/python3.9/site-packages/airflow/example_dags/example_bash_operator.py
[2024-10-13T20:24:06.451-0400] {logging_mixin.py:190} INFO - [2024-10-13T20:24:06.451-0400] {dag.py:3239} INFO - Sync 1 DAGs
[2024-10-13T20:24:06.486-0400] {logging_mixin.py:190} INFO - [2024-10-13T20:24:06.486-0400] {dag.py:4180} INFO - Setting next_dagrun for example_bash_operator to 2024-10-13 00:00:00+00:00, run_after=2024-10-14 00:00:00+00:00
[2024-10-13T20:24:06.561-0400] {processor.py:208} INFO - Processing /Users/karenwang/anaconda3/envs/airflow_sqlite_env/lib/python3.9/site-packages/airflow/example_dags/example_bash_operator.py took 0.378 seconds
[2024-10-13T20:30:21.627-0400] {processor.py:186} INFO - Started process (PID=34806) to work on /Users/karenwang/anaconda3/envs/airflow_sqlite_env/lib/python3.9/site-packages/airflow/example_dags/example_bash_operator.py
[2024-10-13T20:30:21.629-0400] {processor.py:914} INFO - Processing file /Users/karenwang/anaconda3/envs/airflow_sqlite_env/lib/python3.9/site-packages/airflow/example_dags/example_bash_operator.py for tasks to queue
[2024-10-13T20:30:21.630-0400] {logging_mixin.py:190} INFO - [2024-10-13T20:30:21.630-0400] {dagbag.py:588} INFO - Filling up the DagBag from /Users/karenwang/anaconda3/envs/airflow_sqlite_env/lib/python3.9/site-packages/airflow/example_dags/example_bash_operator.py
[2024-10-13T20:30:21.650-0400] {processor.py:925} INFO - DAG(s) 'example_bash_operator' retrieved from /Users/karenwang/anaconda3/envs/airflow_sqlite_env/lib/python3.9/site-packages/airflow/example_dags/example_bash_operator.py
[2024-10-13T20:30:21.864-0400] {logging_mixin.py:190} INFO - [2024-10-13T20:30:21.864-0400] {dag.py:3239} INFO - Sync 1 DAGs
[2024-10-13T20:30:21.890-0400] {logging_mixin.py:190} INFO - [2024-10-13T20:30:21.890-0400] {dag.py:4180} INFO - Setting next_dagrun for example_bash_operator to 2024-10-13 00:00:00+00:00, run_after=2024-10-14 00:00:00+00:00
[2024-10-13T20:30:21.910-0400] {processor.py:208} INFO - Processing /Users/karenwang/anaconda3/envs/airflow_sqlite_env/lib/python3.9/site-packages/airflow/example_dags/example_bash_operator.py took 0.289 seconds
[2024-10-13T20:37:41.809-0400] {processor.py:186} INFO - Started process (PID=37107) to work on /Users/karenwang/anaconda3/envs/airflow_sqlite_env/lib/python3.9/site-packages/airflow/example_dags/example_bash_operator.py
[2024-10-13T20:37:41.811-0400] {processor.py:914} INFO - Processing file /Users/karenwang/anaconda3/envs/airflow_sqlite_env/lib/python3.9/site-packages/airflow/example_dags/example_bash_operator.py for tasks to queue
[2024-10-13T20:37:41.812-0400] {logging_mixin.py:190} INFO - [2024-10-13T20:37:41.812-0400] {dagbag.py:588} INFO - Filling up the DagBag from /Users/karenwang/anaconda3/envs/airflow_sqlite_env/lib/python3.9/site-packages/airflow/example_dags/example_bash_operator.py
[2024-10-13T20:37:41.828-0400] {processor.py:925} INFO - DAG(s) 'example_bash_operator' retrieved from /Users/karenwang/anaconda3/envs/airflow_sqlite_env/lib/python3.9/site-packages/airflow/example_dags/example_bash_operator.py
[2024-10-13T20:37:42.037-0400] {logging_mixin.py:190} INFO - [2024-10-13T20:37:42.037-0400] {dag.py:3239} INFO - Sync 1 DAGs
[2024-10-13T20:37:42.069-0400] {logging_mixin.py:190} INFO - [2024-10-13T20:37:42.068-0400] {dag.py:4180} INFO - Setting next_dagrun for example_bash_operator to 2024-10-13 00:00:00+00:00, run_after=2024-10-14 00:00:00+00:00
[2024-10-13T20:37:42.094-0400] {processor.py:208} INFO - Processing /Users/karenwang/anaconda3/envs/airflow_sqlite_env/lib/python3.9/site-packages/airflow/example_dags/example_bash_operator.py took 0.291 seconds
[2024-10-13T20:45:00.402-0400] {processor.py:186} INFO - Started process (PID=39352) to work on /Users/karenwang/anaconda3/envs/airflow_sqlite_env/lib/python3.9/site-packages/airflow/example_dags/example_bash_operator.py
[2024-10-13T20:45:00.403-0400] {processor.py:914} INFO - Processing file /Users/karenwang/anaconda3/envs/airflow_sqlite_env/lib/python3.9/site-packages/airflow/example_dags/example_bash_operator.py for tasks to queue
[2024-10-13T20:45:00.405-0400] {logging_mixin.py:190} INFO - [2024-10-13T20:45:00.404-0400] {dagbag.py:588} INFO - Filling up the DagBag from /Users/karenwang/anaconda3/envs/airflow_sqlite_env/lib/python3.9/site-packages/airflow/example_dags/example_bash_operator.py
[2024-10-13T20:45:00.425-0400] {processor.py:925} INFO - DAG(s) 'example_bash_operator' retrieved from /Users/karenwang/anaconda3/envs/airflow_sqlite_env/lib/python3.9/site-packages/airflow/example_dags/example_bash_operator.py
[2024-10-13T20:45:00.646-0400] {logging_mixin.py:190} INFO - [2024-10-13T20:45:00.646-0400] {dag.py:3239} INFO - Sync 1 DAGs
[2024-10-13T20:45:00.668-0400] {logging_mixin.py:190} INFO - [2024-10-13T20:45:00.668-0400] {dag.py:4180} INFO - Setting next_dagrun for example_bash_operator to 2024-10-13 00:00:00+00:00, run_after=2024-10-14 00:00:00+00:00
[2024-10-13T20:45:00.693-0400] {processor.py:208} INFO - Processing /Users/karenwang/anaconda3/envs/airflow_sqlite_env/lib/python3.9/site-packages/airflow/example_dags/example_bash_operator.py took 0.297 seconds
[2024-10-13T20:52:19.071-0400] {processor.py:186} INFO - Started process (PID=41641) to work on /Users/karenwang/anaconda3/envs/airflow_sqlite_env/lib/python3.9/site-packages/airflow/example_dags/example_bash_operator.py
[2024-10-13T20:52:19.072-0400] {processor.py:914} INFO - Processing file /Users/karenwang/anaconda3/envs/airflow_sqlite_env/lib/python3.9/site-packages/airflow/example_dags/example_bash_operator.py for tasks to queue
[2024-10-13T20:52:19.074-0400] {logging_mixin.py:190} INFO - [2024-10-13T20:52:19.074-0400] {dagbag.py:588} INFO - Filling up the DagBag from /Users/karenwang/anaconda3/envs/airflow_sqlite_env/lib/python3.9/site-packages/airflow/example_dags/example_bash_operator.py
[2024-10-13T20:52:19.091-0400] {processor.py:925} INFO - DAG(s) 'example_bash_operator' retrieved from /Users/karenwang/anaconda3/envs/airflow_sqlite_env/lib/python3.9/site-packages/airflow/example_dags/example_bash_operator.py
[2024-10-13T20:52:19.301-0400] {logging_mixin.py:190} INFO - [2024-10-13T20:52:19.301-0400] {dag.py:3239} INFO - Sync 1 DAGs
[2024-10-13T20:52:19.333-0400] {logging_mixin.py:190} INFO - [2024-10-13T20:52:19.333-0400] {dag.py:4180} INFO - Setting next_dagrun for example_bash_operator to 2024-10-13 00:00:00+00:00, run_after=2024-10-14 00:00:00+00:00
[2024-10-13T20:52:19.358-0400] {processor.py:208} INFO - Processing /Users/karenwang/anaconda3/envs/airflow_sqlite_env/lib/python3.9/site-packages/airflow/example_dags/example_bash_operator.py took 0.293 seconds
[2024-10-13T20:59:39.607-0400] {processor.py:186} INFO - Started process (PID=43930) to work on /Users/karenwang/anaconda3/envs/airflow_sqlite_env/lib/python3.9/site-packages/airflow/example_dags/example_bash_operator.py
[2024-10-13T20:59:39.608-0400] {processor.py:914} INFO - Processing file /Users/karenwang/anaconda3/envs/airflow_sqlite_env/lib/python3.9/site-packages/airflow/example_dags/example_bash_operator.py for tasks to queue
[2024-10-13T20:59:39.610-0400] {logging_mixin.py:190} INFO - [2024-10-13T20:59:39.609-0400] {dagbag.py:588} INFO - Filling up the DagBag from /Users/karenwang/anaconda3/envs/airflow_sqlite_env/lib/python3.9/site-packages/airflow/example_dags/example_bash_operator.py
[2024-10-13T20:59:39.630-0400] {processor.py:925} INFO - DAG(s) 'example_bash_operator' retrieved from /Users/karenwang/anaconda3/envs/airflow_sqlite_env/lib/python3.9/site-packages/airflow/example_dags/example_bash_operator.py
[2024-10-13T20:59:39.860-0400] {logging_mixin.py:190} INFO - [2024-10-13T20:59:39.860-0400] {dag.py:3239} INFO - Sync 1 DAGs
[2024-10-13T20:59:39.888-0400] {logging_mixin.py:190} INFO - [2024-10-13T20:59:39.887-0400] {dag.py:4180} INFO - Setting next_dagrun for example_bash_operator to 2024-10-13 00:00:00+00:00, run_after=2024-10-14 00:00:00+00:00
[2024-10-13T20:59:39.912-0400] {processor.py:208} INFO - Processing /Users/karenwang/anaconda3/envs/airflow_sqlite_env/lib/python3.9/site-packages/airflow/example_dags/example_bash_operator.py took 0.310 seconds
[2024-10-13T21:13:06.570-0400] {processor.py:186} INFO - Started process (PID=48175) to work on /Users/karenwang/anaconda3/envs/airflow_sqlite_env/lib/python3.9/site-packages/airflow/example_dags/example_bash_operator.py
[2024-10-13T21:13:06.571-0400] {processor.py:914} INFO - Processing file /Users/karenwang/anaconda3/envs/airflow_sqlite_env/lib/python3.9/site-packages/airflow/example_dags/example_bash_operator.py for tasks to queue
[2024-10-13T21:13:06.573-0400] {logging_mixin.py:190} INFO - [2024-10-13T21:13:06.573-0400] {dagbag.py:588} INFO - Filling up the DagBag from /Users/karenwang/anaconda3/envs/airflow_sqlite_env/lib/python3.9/site-packages/airflow/example_dags/example_bash_operator.py
[2024-10-13T21:13:06.595-0400] {processor.py:925} INFO - DAG(s) 'example_bash_operator' retrieved from /Users/karenwang/anaconda3/envs/airflow_sqlite_env/lib/python3.9/site-packages/airflow/example_dags/example_bash_operator.py
[2024-10-13T21:13:06.850-0400] {logging_mixin.py:190} INFO - [2024-10-13T21:13:06.850-0400] {dag.py:3239} INFO - Sync 1 DAGs
[2024-10-13T21:13:06.879-0400] {logging_mixin.py:190} INFO - [2024-10-13T21:13:06.879-0400] {dag.py:4180} INFO - Setting next_dagrun for example_bash_operator to 2024-10-13 00:00:00+00:00, run_after=2024-10-14 00:00:00+00:00
[2024-10-13T21:13:06.905-0400] {processor.py:208} INFO - Processing /Users/karenwang/anaconda3/envs/airflow_sqlite_env/lib/python3.9/site-packages/airflow/example_dags/example_bash_operator.py took 0.341 seconds
[2024-10-13T21:20:50.065-0400] {processor.py:186} INFO - Started process (PID=50815) to work on /Users/karenwang/anaconda3/envs/airflow_sqlite_env/lib/python3.9/site-packages/airflow/example_dags/example_bash_operator.py
[2024-10-13T21:20:50.066-0400] {processor.py:914} INFO - Processing file /Users/karenwang/anaconda3/envs/airflow_sqlite_env/lib/python3.9/site-packages/airflow/example_dags/example_bash_operator.py for tasks to queue
[2024-10-13T21:20:50.068-0400] {logging_mixin.py:190} INFO - [2024-10-13T21:20:50.068-0400] {dagbag.py:588} INFO - Filling up the DagBag from /Users/karenwang/anaconda3/envs/airflow_sqlite_env/lib/python3.9/site-packages/airflow/example_dags/example_bash_operator.py
[2024-10-13T21:20:50.086-0400] {processor.py:925} INFO - DAG(s) 'example_bash_operator' retrieved from /Users/karenwang/anaconda3/envs/airflow_sqlite_env/lib/python3.9/site-packages/airflow/example_dags/example_bash_operator.py
[2024-10-13T21:20:50.297-0400] {logging_mixin.py:190} INFO - [2024-10-13T21:20:50.297-0400] {dag.py:3239} INFO - Sync 1 DAGs
[2024-10-13T21:20:50.325-0400] {logging_mixin.py:190} INFO - [2024-10-13T21:20:50.325-0400] {dag.py:4180} INFO - Setting next_dagrun for example_bash_operator to 2024-10-13 00:00:00+00:00, run_after=2024-10-14 00:00:00+00:00
[2024-10-13T21:20:50.350-0400] {processor.py:208} INFO - Processing /Users/karenwang/anaconda3/envs/airflow_sqlite_env/lib/python3.9/site-packages/airflow/example_dags/example_bash_operator.py took 0.291 seconds
[2024-10-13T21:28:11.618-0400] {processor.py:186} INFO - Started process (PID=53086) to work on /Users/karenwang/anaconda3/envs/airflow_sqlite_env/lib/python3.9/site-packages/airflow/example_dags/example_bash_operator.py
[2024-10-13T21:28:11.619-0400] {processor.py:914} INFO - Processing file /Users/karenwang/anaconda3/envs/airflow_sqlite_env/lib/python3.9/site-packages/airflow/example_dags/example_bash_operator.py for tasks to queue
[2024-10-13T21:28:11.621-0400] {logging_mixin.py:190} INFO - [2024-10-13T21:28:11.621-0400] {dagbag.py:588} INFO - Filling up the DagBag from /Users/karenwang/anaconda3/envs/airflow_sqlite_env/lib/python3.9/site-packages/airflow/example_dags/example_bash_operator.py
[2024-10-13T21:28:11.641-0400] {processor.py:925} INFO - DAG(s) 'example_bash_operator' retrieved from /Users/karenwang/anaconda3/envs/airflow_sqlite_env/lib/python3.9/site-packages/airflow/example_dags/example_bash_operator.py
[2024-10-13T21:28:11.867-0400] {logging_mixin.py:190} INFO - [2024-10-13T21:28:11.866-0400] {dag.py:3239} INFO - Sync 1 DAGs
[2024-10-13T21:28:11.901-0400] {logging_mixin.py:190} INFO - [2024-10-13T21:28:11.901-0400] {dag.py:4180} INFO - Setting next_dagrun for example_bash_operator to 2024-10-13 00:00:00+00:00, run_after=2024-10-14 00:00:00+00:00
[2024-10-13T21:28:11.923-0400] {processor.py:208} INFO - Processing /Users/karenwang/anaconda3/envs/airflow_sqlite_env/lib/python3.9/site-packages/airflow/example_dags/example_bash_operator.py took 0.312 seconds
[2024-10-13T21:36:07.770-0400] {processor.py:186} INFO - Started process (PID=55611) to work on /Users/karenwang/anaconda3/envs/airflow_sqlite_env/lib/python3.9/site-packages/airflow/example_dags/example_bash_operator.py
[2024-10-13T21:36:07.771-0400] {processor.py:914} INFO - Processing file /Users/karenwang/anaconda3/envs/airflow_sqlite_env/lib/python3.9/site-packages/airflow/example_dags/example_bash_operator.py for tasks to queue
[2024-10-13T21:36:07.773-0400] {logging_mixin.py:190} INFO - [2024-10-13T21:36:07.773-0400] {dagbag.py:588} INFO - Filling up the DagBag from /Users/karenwang/anaconda3/envs/airflow_sqlite_env/lib/python3.9/site-packages/airflow/example_dags/example_bash_operator.py
[2024-10-13T21:36:07.792-0400] {processor.py:925} INFO - DAG(s) 'example_bash_operator' retrieved from /Users/karenwang/anaconda3/envs/airflow_sqlite_env/lib/python3.9/site-packages/airflow/example_dags/example_bash_operator.py
[2024-10-13T21:36:08.023-0400] {logging_mixin.py:190} INFO - [2024-10-13T21:36:08.023-0400] {dag.py:3239} INFO - Sync 1 DAGs
[2024-10-13T21:36:08.048-0400] {logging_mixin.py:190} INFO - [2024-10-13T21:36:08.047-0400] {dag.py:4180} INFO - Setting next_dagrun for example_bash_operator to 2024-10-13 00:00:00+00:00, run_after=2024-10-14 00:00:00+00:00
[2024-10-13T21:36:08.071-0400] {processor.py:208} INFO - Processing /Users/karenwang/anaconda3/envs/airflow_sqlite_env/lib/python3.9/site-packages/airflow/example_dags/example_bash_operator.py took 0.306 seconds
[2024-10-13T21:43:53.078-0400] {processor.py:186} INFO - Started process (PID=57998) to work on /Users/karenwang/anaconda3/envs/airflow_sqlite_env/lib/python3.9/site-packages/airflow/example_dags/example_bash_operator.py
[2024-10-13T21:43:53.079-0400] {processor.py:914} INFO - Processing file /Users/karenwang/anaconda3/envs/airflow_sqlite_env/lib/python3.9/site-packages/airflow/example_dags/example_bash_operator.py for tasks to queue
[2024-10-13T21:43:53.081-0400] {logging_mixin.py:190} INFO - [2024-10-13T21:43:53.080-0400] {dagbag.py:588} INFO - Filling up the DagBag from /Users/karenwang/anaconda3/envs/airflow_sqlite_env/lib/python3.9/site-packages/airflow/example_dags/example_bash_operator.py
[2024-10-13T21:43:53.101-0400] {processor.py:925} INFO - DAG(s) 'example_bash_operator' retrieved from /Users/karenwang/anaconda3/envs/airflow_sqlite_env/lib/python3.9/site-packages/airflow/example_dags/example_bash_operator.py
[2024-10-13T21:43:53.317-0400] {logging_mixin.py:190} INFO - [2024-10-13T21:43:53.317-0400] {dag.py:3239} INFO - Sync 1 DAGs
[2024-10-13T21:43:53.346-0400] {logging_mixin.py:190} INFO - [2024-10-13T21:43:53.346-0400] {dag.py:4180} INFO - Setting next_dagrun for example_bash_operator to 2024-10-13 00:00:00+00:00, run_after=2024-10-14 00:00:00+00:00
[2024-10-13T21:43:53.372-0400] {processor.py:208} INFO - Processing /Users/karenwang/anaconda3/envs/airflow_sqlite_env/lib/python3.9/site-packages/airflow/example_dags/example_bash_operator.py took 0.300 seconds
[2024-10-13T21:51:53.855-0400] {processor.py:186} INFO - Started process (PID=60486) to work on /Users/karenwang/anaconda3/envs/airflow_sqlite_env/lib/python3.9/site-packages/airflow/example_dags/example_bash_operator.py
[2024-10-13T21:51:53.856-0400] {processor.py:914} INFO - Processing file /Users/karenwang/anaconda3/envs/airflow_sqlite_env/lib/python3.9/site-packages/airflow/example_dags/example_bash_operator.py for tasks to queue
[2024-10-13T21:51:53.858-0400] {logging_mixin.py:190} INFO - [2024-10-13T21:51:53.857-0400] {dagbag.py:588} INFO - Filling up the DagBag from /Users/karenwang/anaconda3/envs/airflow_sqlite_env/lib/python3.9/site-packages/airflow/example_dags/example_bash_operator.py
[2024-10-13T21:51:53.878-0400] {processor.py:925} INFO - DAG(s) 'example_bash_operator' retrieved from /Users/karenwang/anaconda3/envs/airflow_sqlite_env/lib/python3.9/site-packages/airflow/example_dags/example_bash_operator.py
[2024-10-13T21:51:54.090-0400] {logging_mixin.py:190} INFO - [2024-10-13T21:51:54.090-0400] {dag.py:3239} INFO - Sync 1 DAGs
[2024-10-13T21:51:54.117-0400] {logging_mixin.py:190} INFO - [2024-10-13T21:51:54.117-0400] {dag.py:4180} INFO - Setting next_dagrun for example_bash_operator to 2024-10-13 00:00:00+00:00, run_after=2024-10-14 00:00:00+00:00
[2024-10-13T21:51:54.139-0400] {processor.py:208} INFO - Processing /Users/karenwang/anaconda3/envs/airflow_sqlite_env/lib/python3.9/site-packages/airflow/example_dags/example_bash_operator.py took 0.290 seconds
[2024-10-13T21:59:41.030-0400] {processor.py:186} INFO - Started process (PID=62896) to work on /Users/karenwang/anaconda3/envs/airflow_sqlite_env/lib/python3.9/site-packages/airflow/example_dags/example_bash_operator.py
[2024-10-13T21:59:41.032-0400] {processor.py:914} INFO - Processing file /Users/karenwang/anaconda3/envs/airflow_sqlite_env/lib/python3.9/site-packages/airflow/example_dags/example_bash_operator.py for tasks to queue
[2024-10-13T21:59:41.034-0400] {logging_mixin.py:190} INFO - [2024-10-13T21:59:41.034-0400] {dagbag.py:588} INFO - Filling up the DagBag from /Users/karenwang/anaconda3/envs/airflow_sqlite_env/lib/python3.9/site-packages/airflow/example_dags/example_bash_operator.py
[2024-10-13T21:59:41.053-0400] {processor.py:925} INFO - DAG(s) 'example_bash_operator' retrieved from /Users/karenwang/anaconda3/envs/airflow_sqlite_env/lib/python3.9/site-packages/airflow/example_dags/example_bash_operator.py
[2024-10-13T21:59:41.278-0400] {logging_mixin.py:190} INFO - [2024-10-13T21:59:41.278-0400] {dag.py:3239} INFO - Sync 1 DAGs
[2024-10-13T21:59:41.305-0400] {logging_mixin.py:190} INFO - [2024-10-13T21:59:41.305-0400] {dag.py:4180} INFO - Setting next_dagrun for example_bash_operator to 2024-10-13 00:00:00+00:00, run_after=2024-10-14 00:00:00+00:00
[2024-10-13T21:59:41.328-0400] {processor.py:208} INFO - Processing /Users/karenwang/anaconda3/envs/airflow_sqlite_env/lib/python3.9/site-packages/airflow/example_dags/example_bash_operator.py took 0.304 seconds
[2024-10-13T22:07:31.901-0400] {processor.py:186} INFO - Started process (PID=65324) to work on /Users/karenwang/anaconda3/envs/airflow_sqlite_env/lib/python3.9/site-packages/airflow/example_dags/example_bash_operator.py
[2024-10-13T22:07:31.903-0400] {processor.py:914} INFO - Processing file /Users/karenwang/anaconda3/envs/airflow_sqlite_env/lib/python3.9/site-packages/airflow/example_dags/example_bash_operator.py for tasks to queue
[2024-10-13T22:07:31.905-0400] {logging_mixin.py:190} INFO - [2024-10-13T22:07:31.904-0400] {dagbag.py:588} INFO - Filling up the DagBag from /Users/karenwang/anaconda3/envs/airflow_sqlite_env/lib/python3.9/site-packages/airflow/example_dags/example_bash_operator.py
[2024-10-13T22:07:31.926-0400] {processor.py:925} INFO - DAG(s) 'example_bash_operator' retrieved from /Users/karenwang/anaconda3/envs/airflow_sqlite_env/lib/python3.9/site-packages/airflow/example_dags/example_bash_operator.py
[2024-10-13T22:07:32.157-0400] {logging_mixin.py:190} INFO - [2024-10-13T22:07:32.157-0400] {dag.py:3239} INFO - Sync 1 DAGs
[2024-10-13T22:07:32.188-0400] {logging_mixin.py:190} INFO - [2024-10-13T22:07:32.187-0400] {dag.py:4180} INFO - Setting next_dagrun for example_bash_operator to 2024-10-13 00:00:00+00:00, run_after=2024-10-14 00:00:00+00:00
[2024-10-13T22:07:32.213-0400] {processor.py:208} INFO - Processing /Users/karenwang/anaconda3/envs/airflow_sqlite_env/lib/python3.9/site-packages/airflow/example_dags/example_bash_operator.py took 0.317 seconds
[2024-10-13T22:15:23.800-0400] {processor.py:186} INFO - Started process (PID=67748) to work on /Users/karenwang/anaconda3/envs/airflow_sqlite_env/lib/python3.9/site-packages/airflow/example_dags/example_bash_operator.py
[2024-10-13T22:15:23.802-0400] {processor.py:914} INFO - Processing file /Users/karenwang/anaconda3/envs/airflow_sqlite_env/lib/python3.9/site-packages/airflow/example_dags/example_bash_operator.py for tasks to queue
[2024-10-13T22:15:23.803-0400] {logging_mixin.py:190} INFO - [2024-10-13T22:15:23.803-0400] {dagbag.py:588} INFO - Filling up the DagBag from /Users/karenwang/anaconda3/envs/airflow_sqlite_env/lib/python3.9/site-packages/airflow/example_dags/example_bash_operator.py
[2024-10-13T22:15:23.819-0400] {processor.py:925} INFO - DAG(s) 'example_bash_operator' retrieved from /Users/karenwang/anaconda3/envs/airflow_sqlite_env/lib/python3.9/site-packages/airflow/example_dags/example_bash_operator.py
[2024-10-13T22:15:24.046-0400] {logging_mixin.py:190} INFO - [2024-10-13T22:15:24.046-0400] {dag.py:3239} INFO - Sync 1 DAGs
[2024-10-13T22:15:24.074-0400] {logging_mixin.py:190} INFO - [2024-10-13T22:15:24.073-0400] {dag.py:4180} INFO - Setting next_dagrun for example_bash_operator to 2024-10-13 00:00:00+00:00, run_after=2024-10-14 00:00:00+00:00
[2024-10-13T22:15:24.099-0400] {processor.py:208} INFO - Processing /Users/karenwang/anaconda3/envs/airflow_sqlite_env/lib/python3.9/site-packages/airflow/example_dags/example_bash_operator.py took 0.306 seconds
[2024-10-13T22:23:30.644-0400] {processor.py:186} INFO - Started process (PID=70275) to work on /Users/karenwang/anaconda3/envs/airflow_sqlite_env/lib/python3.9/site-packages/airflow/example_dags/example_bash_operator.py
[2024-10-13T22:23:30.645-0400] {processor.py:914} INFO - Processing file /Users/karenwang/anaconda3/envs/airflow_sqlite_env/lib/python3.9/site-packages/airflow/example_dags/example_bash_operator.py for tasks to queue
[2024-10-13T22:23:30.647-0400] {logging_mixin.py:190} INFO - [2024-10-13T22:23:30.646-0400] {dagbag.py:588} INFO - Filling up the DagBag from /Users/karenwang/anaconda3/envs/airflow_sqlite_env/lib/python3.9/site-packages/airflow/example_dags/example_bash_operator.py
[2024-10-13T22:23:30.668-0400] {processor.py:925} INFO - DAG(s) 'example_bash_operator' retrieved from /Users/karenwang/anaconda3/envs/airflow_sqlite_env/lib/python3.9/site-packages/airflow/example_dags/example_bash_operator.py
[2024-10-13T22:23:30.911-0400] {logging_mixin.py:190} INFO - [2024-10-13T22:23:30.910-0400] {dag.py:3239} INFO - Sync 1 DAGs
[2024-10-13T22:23:30.944-0400] {logging_mixin.py:190} INFO - [2024-10-13T22:23:30.944-0400] {dag.py:4180} INFO - Setting next_dagrun for example_bash_operator to 2024-10-13 00:00:00+00:00, run_after=2024-10-14 00:00:00+00:00
[2024-10-13T22:23:30.967-0400] {processor.py:208} INFO - Processing /Users/karenwang/anaconda3/envs/airflow_sqlite_env/lib/python3.9/site-packages/airflow/example_dags/example_bash_operator.py took 0.330 seconds
[2024-10-13T22:38:03.024-0400] {processor.py:186} INFO - Started process (PID=75121) to work on /Users/karenwang/anaconda3/envs/airflow_sqlite_env/lib/python3.9/site-packages/airflow/example_dags/example_bash_operator.py
[2024-10-13T22:38:03.026-0400] {processor.py:914} INFO - Processing file /Users/karenwang/anaconda3/envs/airflow_sqlite_env/lib/python3.9/site-packages/airflow/example_dags/example_bash_operator.py for tasks to queue
[2024-10-13T22:38:03.027-0400] {logging_mixin.py:190} INFO - [2024-10-13T22:38:03.027-0400] {dagbag.py:588} INFO - Filling up the DagBag from /Users/karenwang/anaconda3/envs/airflow_sqlite_env/lib/python3.9/site-packages/airflow/example_dags/example_bash_operator.py
[2024-10-13T22:38:03.043-0400] {processor.py:925} INFO - DAG(s) 'example_bash_operator' retrieved from /Users/karenwang/anaconda3/envs/airflow_sqlite_env/lib/python3.9/site-packages/airflow/example_dags/example_bash_operator.py
[2024-10-13T22:38:03.254-0400] {logging_mixin.py:190} INFO - [2024-10-13T22:38:03.254-0400] {dag.py:3239} INFO - Sync 1 DAGs
[2024-10-13T22:38:03.279-0400] {logging_mixin.py:190} INFO - [2024-10-13T22:38:03.279-0400] {dag.py:4180} INFO - Setting next_dagrun for example_bash_operator to 2024-10-13 00:00:00+00:00, run_after=2024-10-14 00:00:00+00:00
[2024-10-13T22:38:03.304-0400] {processor.py:208} INFO - Processing /Users/karenwang/anaconda3/envs/airflow_sqlite_env/lib/python3.9/site-packages/airflow/example_dags/example_bash_operator.py took 0.285 seconds
