[2024-10-13T20:00:42.152-0400] {processor.py:186} INFO - Started process (PID=25322) to work on /Users/karenwang/anaconda3/envs/airflow_sqlite_env/lib/python3.9/site-packages/airflow/example_dags/example_xcomargs.py
[2024-10-13T20:00:42.154-0400] {processor.py:914} INFO - Processing file /Users/karenwang/anaconda3/envs/airflow_sqlite_env/lib/python3.9/site-packages/airflow/example_dags/example_xcomargs.py for tasks to queue
[2024-10-13T20:00:42.156-0400] {logging_mixin.py:190} INFO - [2024-10-13T20:00:42.155-0400] {dagbag.py:588} INFO - Filling up the DagBag from /Users/karenwang/anaconda3/envs/airflow_sqlite_env/lib/python3.9/site-packages/airflow/example_dags/example_xcomargs.py
[2024-10-13T20:00:42.260-0400] {processor.py:925} INFO - DAG(s) 'example_xcom_args_with_operators', 'example_xcom_args' retrieved from /Users/karenwang/anaconda3/envs/airflow_sqlite_env/lib/python3.9/site-packages/airflow/example_dags/example_xcomargs.py
[2024-10-13T20:00:42.422-0400] {logging_mixin.py:190} INFO - [2024-10-13T20:00:42.421-0400] {dag.py:3239} INFO - Sync 2 DAGs
[2024-10-13T20:00:42.436-0400] {logging_mixin.py:190} INFO - [2024-10-13T20:00:42.436-0400] {dag.py:4180} INFO - Setting next_dagrun for example_xcom_args to None, run_after=None
[2024-10-13T20:00:42.441-0400] {logging_mixin.py:190} INFO - [2024-10-13T20:00:42.441-0400] {dag.py:4180} INFO - Setting next_dagrun for example_xcom_args_with_operators to None, run_after=None
[2024-10-13T20:00:42.463-0400] {processor.py:208} INFO - Processing /Users/karenwang/anaconda3/envs/airflow_sqlite_env/lib/python3.9/site-packages/airflow/example_dags/example_xcomargs.py took 0.317 seconds
[2024-10-13T20:04:48.987-0400] {processor.py:186} INFO - Started process (PID=26618) to work on /Users/karenwang/anaconda3/envs/airflow_sqlite_env/lib/python3.9/site-packages/airflow/example_dags/example_xcomargs.py
[2024-10-13T20:04:48.988-0400] {processor.py:914} INFO - Processing file /Users/karenwang/anaconda3/envs/airflow_sqlite_env/lib/python3.9/site-packages/airflow/example_dags/example_xcomargs.py for tasks to queue
[2024-10-13T20:04:48.990-0400] {logging_mixin.py:190} INFO - [2024-10-13T20:04:48.989-0400] {dagbag.py:588} INFO - Filling up the DagBag from /Users/karenwang/anaconda3/envs/airflow_sqlite_env/lib/python3.9/site-packages/airflow/example_dags/example_xcomargs.py
[2024-10-13T20:04:49.097-0400] {processor.py:925} INFO - DAG(s) 'example_xcom_args_with_operators', 'example_xcom_args' retrieved from /Users/karenwang/anaconda3/envs/airflow_sqlite_env/lib/python3.9/site-packages/airflow/example_dags/example_xcomargs.py
[2024-10-13T20:04:49.256-0400] {logging_mixin.py:190} INFO - [2024-10-13T20:04:49.256-0400] {dag.py:3239} INFO - Sync 2 DAGs
[2024-10-13T20:04:49.269-0400] {logging_mixin.py:190} INFO - [2024-10-13T20:04:49.269-0400] {dag.py:4180} INFO - Setting next_dagrun for example_xcom_args to None, run_after=None
[2024-10-13T20:04:49.272-0400] {logging_mixin.py:190} INFO - [2024-10-13T20:04:49.272-0400] {dag.py:4180} INFO - Setting next_dagrun for example_xcom_args_with_operators to None, run_after=None
[2024-10-13T20:04:49.292-0400] {processor.py:208} INFO - Processing /Users/karenwang/anaconda3/envs/airflow_sqlite_env/lib/python3.9/site-packages/airflow/example_dags/example_xcomargs.py took 0.311 seconds
[2024-10-13T20:08:53.953-0400] {processor.py:186} INFO - Started process (PID=27867) to work on /Users/karenwang/anaconda3/envs/airflow_sqlite_env/lib/python3.9/site-packages/airflow/example_dags/example_xcomargs.py
[2024-10-13T20:08:53.955-0400] {processor.py:914} INFO - Processing file /Users/karenwang/anaconda3/envs/airflow_sqlite_env/lib/python3.9/site-packages/airflow/example_dags/example_xcomargs.py for tasks to queue
[2024-10-13T20:08:53.956-0400] {logging_mixin.py:190} INFO - [2024-10-13T20:08:53.956-0400] {dagbag.py:588} INFO - Filling up the DagBag from /Users/karenwang/anaconda3/envs/airflow_sqlite_env/lib/python3.9/site-packages/airflow/example_dags/example_xcomargs.py
[2024-10-13T20:08:54.072-0400] {processor.py:925} INFO - DAG(s) 'example_xcom_args_with_operators', 'example_xcom_args' retrieved from /Users/karenwang/anaconda3/envs/airflow_sqlite_env/lib/python3.9/site-packages/airflow/example_dags/example_xcomargs.py
[2024-10-13T20:08:54.263-0400] {logging_mixin.py:190} INFO - [2024-10-13T20:08:54.262-0400] {dag.py:3239} INFO - Sync 2 DAGs
[2024-10-13T20:08:54.283-0400] {logging_mixin.py:190} INFO - [2024-10-13T20:08:54.283-0400] {dag.py:4180} INFO - Setting next_dagrun for example_xcom_args to None, run_after=None
[2024-10-13T20:08:54.289-0400] {logging_mixin.py:190} INFO - [2024-10-13T20:08:54.289-0400] {dag.py:4180} INFO - Setting next_dagrun for example_xcom_args_with_operators to None, run_after=None
[2024-10-13T20:08:54.360-0400] {processor.py:208} INFO - Processing /Users/karenwang/anaconda3/envs/airflow_sqlite_env/lib/python3.9/site-packages/airflow/example_dags/example_xcomargs.py took 0.413 seconds
[2024-10-13T20:12:49.244-0400] {processor.py:186} INFO - Started process (PID=29070) to work on /Users/karenwang/anaconda3/envs/airflow_sqlite_env/lib/python3.9/site-packages/airflow/example_dags/example_xcomargs.py
[2024-10-13T20:12:49.246-0400] {processor.py:914} INFO - Processing file /Users/karenwang/anaconda3/envs/airflow_sqlite_env/lib/python3.9/site-packages/airflow/example_dags/example_xcomargs.py for tasks to queue
[2024-10-13T20:12:49.247-0400] {logging_mixin.py:190} INFO - [2024-10-13T20:12:49.247-0400] {dagbag.py:588} INFO - Filling up the DagBag from /Users/karenwang/anaconda3/envs/airflow_sqlite_env/lib/python3.9/site-packages/airflow/example_dags/example_xcomargs.py
[2024-10-13T20:12:49.347-0400] {processor.py:925} INFO - DAG(s) 'example_xcom_args', 'example_xcom_args_with_operators' retrieved from /Users/karenwang/anaconda3/envs/airflow_sqlite_env/lib/python3.9/site-packages/airflow/example_dags/example_xcomargs.py
[2024-10-13T20:12:49.512-0400] {logging_mixin.py:190} INFO - [2024-10-13T20:12:49.512-0400] {dag.py:3239} INFO - Sync 2 DAGs
[2024-10-13T20:12:49.528-0400] {logging_mixin.py:190} INFO - [2024-10-13T20:12:49.528-0400] {dag.py:4180} INFO - Setting next_dagrun for example_xcom_args to None, run_after=None
[2024-10-13T20:12:49.532-0400] {logging_mixin.py:190} INFO - [2024-10-13T20:12:49.532-0400] {dag.py:4180} INFO - Setting next_dagrun for example_xcom_args_with_operators to None, run_after=None
[2024-10-13T20:12:49.553-0400] {processor.py:208} INFO - Processing /Users/karenwang/anaconda3/envs/airflow_sqlite_env/lib/python3.9/site-packages/airflow/example_dags/example_xcomargs.py took 0.314 seconds
[2024-10-13T20:16:58.692-0400] {processor.py:186} INFO - Started process (PID=30340) to work on /Users/karenwang/anaconda3/envs/airflow_sqlite_env/lib/python3.9/site-packages/airflow/example_dags/example_xcomargs.py
[2024-10-13T20:16:58.694-0400] {processor.py:914} INFO - Processing file /Users/karenwang/anaconda3/envs/airflow_sqlite_env/lib/python3.9/site-packages/airflow/example_dags/example_xcomargs.py for tasks to queue
[2024-10-13T20:16:58.696-0400] {logging_mixin.py:190} INFO - [2024-10-13T20:16:58.695-0400] {dagbag.py:588} INFO - Filling up the DagBag from /Users/karenwang/anaconda3/envs/airflow_sqlite_env/lib/python3.9/site-packages/airflow/example_dags/example_xcomargs.py
[2024-10-13T20:16:58.795-0400] {processor.py:925} INFO - DAG(s) 'example_xcom_args_with_operators', 'example_xcom_args' retrieved from /Users/karenwang/anaconda3/envs/airflow_sqlite_env/lib/python3.9/site-packages/airflow/example_dags/example_xcomargs.py
[2024-10-13T20:16:58.965-0400] {logging_mixin.py:190} INFO - [2024-10-13T20:16:58.965-0400] {dag.py:3239} INFO - Sync 2 DAGs
[2024-10-13T20:16:58.986-0400] {logging_mixin.py:190} INFO - [2024-10-13T20:16:58.985-0400] {dag.py:4180} INFO - Setting next_dagrun for example_xcom_args to None, run_after=None
[2024-10-13T20:16:58.991-0400] {logging_mixin.py:190} INFO - [2024-10-13T20:16:58.991-0400] {dag.py:4180} INFO - Setting next_dagrun for example_xcom_args_with_operators to None, run_after=None
[2024-10-13T20:16:59.020-0400] {processor.py:208} INFO - Processing /Users/karenwang/anaconda3/envs/airflow_sqlite_env/lib/python3.9/site-packages/airflow/example_dags/example_xcomargs.py took 0.334 seconds
[2024-10-13T20:21:19.555-0400] {processor.py:186} INFO - Started process (PID=31719) to work on /Users/karenwang/anaconda3/envs/airflow_sqlite_env/lib/python3.9/site-packages/airflow/example_dags/example_xcomargs.py
[2024-10-13T20:21:19.557-0400] {processor.py:914} INFO - Processing file /Users/karenwang/anaconda3/envs/airflow_sqlite_env/lib/python3.9/site-packages/airflow/example_dags/example_xcomargs.py for tasks to queue
[2024-10-13T20:21:19.558-0400] {logging_mixin.py:190} INFO - [2024-10-13T20:21:19.558-0400] {dagbag.py:588} INFO - Filling up the DagBag from /Users/karenwang/anaconda3/envs/airflow_sqlite_env/lib/python3.9/site-packages/airflow/example_dags/example_xcomargs.py
[2024-10-13T20:21:19.671-0400] {processor.py:925} INFO - DAG(s) 'example_xcom_args_with_operators', 'example_xcom_args' retrieved from /Users/karenwang/anaconda3/envs/airflow_sqlite_env/lib/python3.9/site-packages/airflow/example_dags/example_xcomargs.py
[2024-10-13T20:21:19.862-0400] {logging_mixin.py:190} INFO - [2024-10-13T20:21:19.862-0400] {dag.py:3239} INFO - Sync 2 DAGs
[2024-10-13T20:21:19.880-0400] {logging_mixin.py:190} INFO - [2024-10-13T20:21:19.880-0400] {dag.py:4180} INFO - Setting next_dagrun for example_xcom_args to None, run_after=None
[2024-10-13T20:21:19.884-0400] {logging_mixin.py:190} INFO - [2024-10-13T20:21:19.883-0400] {dag.py:4180} INFO - Setting next_dagrun for example_xcom_args_with_operators to None, run_after=None
[2024-10-13T20:21:19.906-0400] {processor.py:208} INFO - Processing /Users/karenwang/anaconda3/envs/airflow_sqlite_env/lib/python3.9/site-packages/airflow/example_dags/example_xcomargs.py took 0.359 seconds
[2024-10-13T20:26:57.275-0400] {processor.py:186} INFO - Started process (PID=33613) to work on /Users/karenwang/anaconda3/envs/airflow_sqlite_env/lib/python3.9/site-packages/airflow/example_dags/example_xcomargs.py
[2024-10-13T20:26:57.276-0400] {processor.py:914} INFO - Processing file /Users/karenwang/anaconda3/envs/airflow_sqlite_env/lib/python3.9/site-packages/airflow/example_dags/example_xcomargs.py for tasks to queue
[2024-10-13T20:26:57.277-0400] {logging_mixin.py:190} INFO - [2024-10-13T20:26:57.277-0400] {dagbag.py:588} INFO - Filling up the DagBag from /Users/karenwang/anaconda3/envs/airflow_sqlite_env/lib/python3.9/site-packages/airflow/example_dags/example_xcomargs.py
[2024-10-13T20:26:57.386-0400] {processor.py:925} INFO - DAG(s) 'example_xcom_args', 'example_xcom_args_with_operators' retrieved from /Users/karenwang/anaconda3/envs/airflow_sqlite_env/lib/python3.9/site-packages/airflow/example_dags/example_xcomargs.py
[2024-10-13T20:26:57.577-0400] {logging_mixin.py:190} INFO - [2024-10-13T20:26:57.577-0400] {dag.py:3239} INFO - Sync 2 DAGs
[2024-10-13T20:26:57.594-0400] {logging_mixin.py:190} INFO - [2024-10-13T20:26:57.594-0400] {dag.py:4180} INFO - Setting next_dagrun for example_xcom_args to None, run_after=None
[2024-10-13T20:26:57.598-0400] {logging_mixin.py:190} INFO - [2024-10-13T20:26:57.598-0400] {dag.py:4180} INFO - Setting next_dagrun for example_xcom_args_with_operators to None, run_after=None
[2024-10-13T20:26:57.621-0400] {processor.py:208} INFO - Processing /Users/karenwang/anaconda3/envs/airflow_sqlite_env/lib/python3.9/site-packages/airflow/example_dags/example_xcomargs.py took 0.353 seconds
[2024-10-13T20:31:39.564-0400] {processor.py:186} INFO - Started process (PID=35215) to work on /Users/karenwang/anaconda3/envs/airflow_sqlite_env/lib/python3.9/site-packages/airflow/example_dags/example_xcomargs.py
[2024-10-13T20:31:39.565-0400] {processor.py:914} INFO - Processing file /Users/karenwang/anaconda3/envs/airflow_sqlite_env/lib/python3.9/site-packages/airflow/example_dags/example_xcomargs.py for tasks to queue
[2024-10-13T20:31:39.566-0400] {logging_mixin.py:190} INFO - [2024-10-13T20:31:39.566-0400] {dagbag.py:588} INFO - Filling up the DagBag from /Users/karenwang/anaconda3/envs/airflow_sqlite_env/lib/python3.9/site-packages/airflow/example_dags/example_xcomargs.py
[2024-10-13T20:31:39.662-0400] {processor.py:925} INFO - DAG(s) 'example_xcom_args_with_operators', 'example_xcom_args' retrieved from /Users/karenwang/anaconda3/envs/airflow_sqlite_env/lib/python3.9/site-packages/airflow/example_dags/example_xcomargs.py
[2024-10-13T20:31:39.813-0400] {logging_mixin.py:190} INFO - [2024-10-13T20:31:39.813-0400] {dag.py:3239} INFO - Sync 2 DAGs
[2024-10-13T20:31:39.829-0400] {logging_mixin.py:190} INFO - [2024-10-13T20:31:39.828-0400] {dag.py:4180} INFO - Setting next_dagrun for example_xcom_args to None, run_after=None
[2024-10-13T20:31:39.833-0400] {logging_mixin.py:190} INFO - [2024-10-13T20:31:39.833-0400] {dag.py:4180} INFO - Setting next_dagrun for example_xcom_args_with_operators to None, run_after=None
[2024-10-13T20:31:39.854-0400] {processor.py:208} INFO - Processing /Users/karenwang/anaconda3/envs/airflow_sqlite_env/lib/python3.9/site-packages/airflow/example_dags/example_xcomargs.py took 0.295 seconds
[2024-10-13T20:35:19.546-0400] {processor.py:186} INFO - Started process (PID=36356) to work on /Users/karenwang/anaconda3/envs/airflow_sqlite_env/lib/python3.9/site-packages/airflow/example_dags/example_xcomargs.py
[2024-10-13T20:35:19.547-0400] {processor.py:914} INFO - Processing file /Users/karenwang/anaconda3/envs/airflow_sqlite_env/lib/python3.9/site-packages/airflow/example_dags/example_xcomargs.py for tasks to queue
[2024-10-13T20:35:19.549-0400] {logging_mixin.py:190} INFO - [2024-10-13T20:35:19.548-0400] {dagbag.py:588} INFO - Filling up the DagBag from /Users/karenwang/anaconda3/envs/airflow_sqlite_env/lib/python3.9/site-packages/airflow/example_dags/example_xcomargs.py
[2024-10-13T20:35:19.636-0400] {processor.py:925} INFO - DAG(s) 'example_xcom_args_with_operators', 'example_xcom_args' retrieved from /Users/karenwang/anaconda3/envs/airflow_sqlite_env/lib/python3.9/site-packages/airflow/example_dags/example_xcomargs.py
[2024-10-13T20:35:19.793-0400] {logging_mixin.py:190} INFO - [2024-10-13T20:35:19.793-0400] {dag.py:3239} INFO - Sync 2 DAGs
[2024-10-13T20:35:19.809-0400] {logging_mixin.py:190} INFO - [2024-10-13T20:35:19.809-0400] {dag.py:4180} INFO - Setting next_dagrun for example_xcom_args to None, run_after=None
[2024-10-13T20:35:19.812-0400] {logging_mixin.py:190} INFO - [2024-10-13T20:35:19.812-0400] {dag.py:4180} INFO - Setting next_dagrun for example_xcom_args_with_operators to None, run_after=None
[2024-10-13T20:35:19.830-0400] {processor.py:208} INFO - Processing /Users/karenwang/anaconda3/envs/airflow_sqlite_env/lib/python3.9/site-packages/airflow/example_dags/example_xcomargs.py took 0.290 seconds
[2024-10-13T20:38:59.433-0400] {processor.py:186} INFO - Started process (PID=37507) to work on /Users/karenwang/anaconda3/envs/airflow_sqlite_env/lib/python3.9/site-packages/airflow/example_dags/example_xcomargs.py
[2024-10-13T20:38:59.435-0400] {processor.py:914} INFO - Processing file /Users/karenwang/anaconda3/envs/airflow_sqlite_env/lib/python3.9/site-packages/airflow/example_dags/example_xcomargs.py for tasks to queue
[2024-10-13T20:38:59.437-0400] {logging_mixin.py:190} INFO - [2024-10-13T20:38:59.436-0400] {dagbag.py:588} INFO - Filling up the DagBag from /Users/karenwang/anaconda3/envs/airflow_sqlite_env/lib/python3.9/site-packages/airflow/example_dags/example_xcomargs.py
[2024-10-13T20:38:59.533-0400] {processor.py:925} INFO - DAG(s) 'example_xcom_args_with_operators', 'example_xcom_args' retrieved from /Users/karenwang/anaconda3/envs/airflow_sqlite_env/lib/python3.9/site-packages/airflow/example_dags/example_xcomargs.py
[2024-10-13T20:38:59.685-0400] {logging_mixin.py:190} INFO - [2024-10-13T20:38:59.685-0400] {dag.py:3239} INFO - Sync 2 DAGs
[2024-10-13T20:38:59.703-0400] {logging_mixin.py:190} INFO - [2024-10-13T20:38:59.702-0400] {dag.py:4180} INFO - Setting next_dagrun for example_xcom_args to None, run_after=None
[2024-10-13T20:38:59.707-0400] {logging_mixin.py:190} INFO - [2024-10-13T20:38:59.706-0400] {dag.py:4180} INFO - Setting next_dagrun for example_xcom_args_with_operators to None, run_after=None
[2024-10-13T20:38:59.728-0400] {processor.py:208} INFO - Processing /Users/karenwang/anaconda3/envs/airflow_sqlite_env/lib/python3.9/site-packages/airflow/example_dags/example_xcomargs.py took 0.300 seconds
[2024-10-13T20:42:39.052-0400] {processor.py:186} INFO - Started process (PID=38644) to work on /Users/karenwang/anaconda3/envs/airflow_sqlite_env/lib/python3.9/site-packages/airflow/example_dags/example_xcomargs.py
[2024-10-13T20:42:39.053-0400] {processor.py:914} INFO - Processing file /Users/karenwang/anaconda3/envs/airflow_sqlite_env/lib/python3.9/site-packages/airflow/example_dags/example_xcomargs.py for tasks to queue
[2024-10-13T20:42:39.055-0400] {logging_mixin.py:190} INFO - [2024-10-13T20:42:39.055-0400] {dagbag.py:588} INFO - Filling up the DagBag from /Users/karenwang/anaconda3/envs/airflow_sqlite_env/lib/python3.9/site-packages/airflow/example_dags/example_xcomargs.py
[2024-10-13T20:42:39.153-0400] {processor.py:925} INFO - DAG(s) 'example_xcom_args', 'example_xcom_args_with_operators' retrieved from /Users/karenwang/anaconda3/envs/airflow_sqlite_env/lib/python3.9/site-packages/airflow/example_dags/example_xcomargs.py
[2024-10-13T20:42:39.303-0400] {logging_mixin.py:190} INFO - [2024-10-13T20:42:39.303-0400] {dag.py:3239} INFO - Sync 2 DAGs
[2024-10-13T20:42:39.316-0400] {logging_mixin.py:190} INFO - [2024-10-13T20:42:39.315-0400] {dag.py:4180} INFO - Setting next_dagrun for example_xcom_args to None, run_after=None
[2024-10-13T20:42:39.319-0400] {logging_mixin.py:190} INFO - [2024-10-13T20:42:39.319-0400] {dag.py:4180} INFO - Setting next_dagrun for example_xcom_args_with_operators to None, run_after=None
[2024-10-13T20:42:39.338-0400] {processor.py:208} INFO - Processing /Users/karenwang/anaconda3/envs/airflow_sqlite_env/lib/python3.9/site-packages/airflow/example_dags/example_xcomargs.py took 0.293 seconds
[2024-10-13T20:46:18.284-0400] {processor.py:186} INFO - Started process (PID=39778) to work on /Users/karenwang/anaconda3/envs/airflow_sqlite_env/lib/python3.9/site-packages/airflow/example_dags/example_xcomargs.py
[2024-10-13T20:46:18.285-0400] {processor.py:914} INFO - Processing file /Users/karenwang/anaconda3/envs/airflow_sqlite_env/lib/python3.9/site-packages/airflow/example_dags/example_xcomargs.py for tasks to queue
[2024-10-13T20:46:18.287-0400] {logging_mixin.py:190} INFO - [2024-10-13T20:46:18.286-0400] {dagbag.py:588} INFO - Filling up the DagBag from /Users/karenwang/anaconda3/envs/airflow_sqlite_env/lib/python3.9/site-packages/airflow/example_dags/example_xcomargs.py
[2024-10-13T20:46:18.376-0400] {processor.py:925} INFO - DAG(s) 'example_xcom_args_with_operators', 'example_xcom_args' retrieved from /Users/karenwang/anaconda3/envs/airflow_sqlite_env/lib/python3.9/site-packages/airflow/example_dags/example_xcomargs.py
[2024-10-13T20:46:18.504-0400] {logging_mixin.py:190} INFO - [2024-10-13T20:46:18.504-0400] {dag.py:3239} INFO - Sync 2 DAGs
[2024-10-13T20:46:18.516-0400] {logging_mixin.py:190} INFO - [2024-10-13T20:46:18.516-0400] {dag.py:4180} INFO - Setting next_dagrun for example_xcom_args to None, run_after=None
[2024-10-13T20:46:18.520-0400] {logging_mixin.py:190} INFO - [2024-10-13T20:46:18.519-0400] {dag.py:4180} INFO - Setting next_dagrun for example_xcom_args_with_operators to None, run_after=None
[2024-10-13T20:46:18.538-0400] {processor.py:208} INFO - Processing /Users/karenwang/anaconda3/envs/airflow_sqlite_env/lib/python3.9/site-packages/airflow/example_dags/example_xcomargs.py took 0.260 seconds
[2024-10-13T20:49:57.779-0400] {processor.py:186} INFO - Started process (PID=40909) to work on /Users/karenwang/anaconda3/envs/airflow_sqlite_env/lib/python3.9/site-packages/airflow/example_dags/example_xcomargs.py
[2024-10-13T20:49:57.781-0400] {processor.py:914} INFO - Processing file /Users/karenwang/anaconda3/envs/airflow_sqlite_env/lib/python3.9/site-packages/airflow/example_dags/example_xcomargs.py for tasks to queue
[2024-10-13T20:49:57.782-0400] {logging_mixin.py:190} INFO - [2024-10-13T20:49:57.782-0400] {dagbag.py:588} INFO - Filling up the DagBag from /Users/karenwang/anaconda3/envs/airflow_sqlite_env/lib/python3.9/site-packages/airflow/example_dags/example_xcomargs.py
[2024-10-13T20:49:57.865-0400] {processor.py:925} INFO - DAG(s) 'example_xcom_args_with_operators', 'example_xcom_args' retrieved from /Users/karenwang/anaconda3/envs/airflow_sqlite_env/lib/python3.9/site-packages/airflow/example_dags/example_xcomargs.py
[2024-10-13T20:49:58.014-0400] {logging_mixin.py:190} INFO - [2024-10-13T20:49:58.013-0400] {dag.py:3239} INFO - Sync 2 DAGs
[2024-10-13T20:49:58.032-0400] {logging_mixin.py:190} INFO - [2024-10-13T20:49:58.031-0400] {dag.py:4180} INFO - Setting next_dagrun for example_xcom_args to None, run_after=None
[2024-10-13T20:49:58.035-0400] {logging_mixin.py:190} INFO - [2024-10-13T20:49:58.035-0400] {dag.py:4180} INFO - Setting next_dagrun for example_xcom_args_with_operators to None, run_after=None
[2024-10-13T20:49:58.053-0400] {processor.py:208} INFO - Processing /Users/karenwang/anaconda3/envs/airflow_sqlite_env/lib/python3.9/site-packages/airflow/example_dags/example_xcomargs.py took 0.280 seconds
[2024-10-13T20:53:35.835-0400] {processor.py:186} INFO - Started process (PID=42053) to work on /Users/karenwang/anaconda3/envs/airflow_sqlite_env/lib/python3.9/site-packages/airflow/example_dags/example_xcomargs.py
[2024-10-13T20:53:35.836-0400] {processor.py:914} INFO - Processing file /Users/karenwang/anaconda3/envs/airflow_sqlite_env/lib/python3.9/site-packages/airflow/example_dags/example_xcomargs.py for tasks to queue
[2024-10-13T20:53:35.838-0400] {logging_mixin.py:190} INFO - [2024-10-13T20:53:35.837-0400] {dagbag.py:588} INFO - Filling up the DagBag from /Users/karenwang/anaconda3/envs/airflow_sqlite_env/lib/python3.9/site-packages/airflow/example_dags/example_xcomargs.py
[2024-10-13T20:53:35.930-0400] {processor.py:925} INFO - DAG(s) 'example_xcom_args_with_operators', 'example_xcom_args' retrieved from /Users/karenwang/anaconda3/envs/airflow_sqlite_env/lib/python3.9/site-packages/airflow/example_dags/example_xcomargs.py
[2024-10-13T20:53:36.097-0400] {logging_mixin.py:190} INFO - [2024-10-13T20:53:36.097-0400] {dag.py:3239} INFO - Sync 2 DAGs
[2024-10-13T20:53:36.116-0400] {logging_mixin.py:190} INFO - [2024-10-13T20:53:36.116-0400] {dag.py:4180} INFO - Setting next_dagrun for example_xcom_args to None, run_after=None
[2024-10-13T20:53:36.122-0400] {logging_mixin.py:190} INFO - [2024-10-13T20:53:36.121-0400] {dag.py:4180} INFO - Setting next_dagrun for example_xcom_args_with_operators to None, run_after=None
[2024-10-13T20:53:36.145-0400] {processor.py:208} INFO - Processing /Users/karenwang/anaconda3/envs/airflow_sqlite_env/lib/python3.9/site-packages/airflow/example_dags/example_xcomargs.py took 0.315 seconds
[2024-10-13T20:57:17.823-0400] {processor.py:186} INFO - Started process (PID=43210) to work on /Users/karenwang/anaconda3/envs/airflow_sqlite_env/lib/python3.9/site-packages/airflow/example_dags/example_xcomargs.py
[2024-10-13T20:57:17.824-0400] {processor.py:914} INFO - Processing file /Users/karenwang/anaconda3/envs/airflow_sqlite_env/lib/python3.9/site-packages/airflow/example_dags/example_xcomargs.py for tasks to queue
[2024-10-13T20:57:17.826-0400] {logging_mixin.py:190} INFO - [2024-10-13T20:57:17.826-0400] {dagbag.py:588} INFO - Filling up the DagBag from /Users/karenwang/anaconda3/envs/airflow_sqlite_env/lib/python3.9/site-packages/airflow/example_dags/example_xcomargs.py
[2024-10-13T20:57:17.915-0400] {processor.py:925} INFO - DAG(s) 'example_xcom_args_with_operators', 'example_xcom_args' retrieved from /Users/karenwang/anaconda3/envs/airflow_sqlite_env/lib/python3.9/site-packages/airflow/example_dags/example_xcomargs.py
[2024-10-13T20:57:18.066-0400] {logging_mixin.py:190} INFO - [2024-10-13T20:57:18.066-0400] {dag.py:3239} INFO - Sync 2 DAGs
[2024-10-13T20:57:18.079-0400] {logging_mixin.py:190} INFO - [2024-10-13T20:57:18.079-0400] {dag.py:4180} INFO - Setting next_dagrun for example_xcom_args to None, run_after=None
[2024-10-13T20:57:18.082-0400] {logging_mixin.py:190} INFO - [2024-10-13T20:57:18.082-0400] {dag.py:4180} INFO - Setting next_dagrun for example_xcom_args_with_operators to None, run_after=None
[2024-10-13T20:57:18.100-0400] {processor.py:208} INFO - Processing /Users/karenwang/anaconda3/envs/airflow_sqlite_env/lib/python3.9/site-packages/airflow/example_dags/example_xcomargs.py took 0.283 seconds
[2024-10-13T21:00:57.738-0400] {processor.py:186} INFO - Started process (PID=44336) to work on /Users/karenwang/anaconda3/envs/airflow_sqlite_env/lib/python3.9/site-packages/airflow/example_dags/example_xcomargs.py
[2024-10-13T21:00:57.739-0400] {processor.py:914} INFO - Processing file /Users/karenwang/anaconda3/envs/airflow_sqlite_env/lib/python3.9/site-packages/airflow/example_dags/example_xcomargs.py for tasks to queue
[2024-10-13T21:00:57.740-0400] {logging_mixin.py:190} INFO - [2024-10-13T21:00:57.740-0400] {dagbag.py:588} INFO - Filling up the DagBag from /Users/karenwang/anaconda3/envs/airflow_sqlite_env/lib/python3.9/site-packages/airflow/example_dags/example_xcomargs.py
[2024-10-13T21:00:57.835-0400] {processor.py:925} INFO - DAG(s) 'example_xcom_args_with_operators', 'example_xcom_args' retrieved from /Users/karenwang/anaconda3/envs/airflow_sqlite_env/lib/python3.9/site-packages/airflow/example_dags/example_xcomargs.py
[2024-10-13T21:00:57.995-0400] {logging_mixin.py:190} INFO - [2024-10-13T21:00:57.994-0400] {dag.py:3239} INFO - Sync 2 DAGs
[2024-10-13T21:00:58.012-0400] {logging_mixin.py:190} INFO - [2024-10-13T21:00:58.012-0400] {dag.py:4180} INFO - Setting next_dagrun for example_xcom_args to None, run_after=None
[2024-10-13T21:00:58.016-0400] {logging_mixin.py:190} INFO - [2024-10-13T21:00:58.016-0400] {dag.py:4180} INFO - Setting next_dagrun for example_xcom_args_with_operators to None, run_after=None
[2024-10-13T21:00:58.036-0400] {processor.py:208} INFO - Processing /Users/karenwang/anaconda3/envs/airflow_sqlite_env/lib/python3.9/site-packages/airflow/example_dags/example_xcomargs.py took 0.303 seconds
[2024-10-13T21:04:36.971-0400] {processor.py:186} INFO - Started process (PID=45481) to work on /Users/karenwang/anaconda3/envs/airflow_sqlite_env/lib/python3.9/site-packages/airflow/example_dags/example_xcomargs.py
[2024-10-13T21:04:36.973-0400] {processor.py:914} INFO - Processing file /Users/karenwang/anaconda3/envs/airflow_sqlite_env/lib/python3.9/site-packages/airflow/example_dags/example_xcomargs.py for tasks to queue
[2024-10-13T21:04:36.974-0400] {logging_mixin.py:190} INFO - [2024-10-13T21:04:36.974-0400] {dagbag.py:588} INFO - Filling up the DagBag from /Users/karenwang/anaconda3/envs/airflow_sqlite_env/lib/python3.9/site-packages/airflow/example_dags/example_xcomargs.py
[2024-10-13T21:04:37.074-0400] {processor.py:925} INFO - DAG(s) 'example_xcom_args_with_operators', 'example_xcom_args' retrieved from /Users/karenwang/anaconda3/envs/airflow_sqlite_env/lib/python3.9/site-packages/airflow/example_dags/example_xcomargs.py
[2024-10-13T21:04:37.232-0400] {logging_mixin.py:190} INFO - [2024-10-13T21:04:37.232-0400] {dag.py:3239} INFO - Sync 2 DAGs
[2024-10-13T21:04:37.251-0400] {logging_mixin.py:190} INFO - [2024-10-13T21:04:37.250-0400] {dag.py:4180} INFO - Setting next_dagrun for example_xcom_args to None, run_after=None
[2024-10-13T21:04:37.254-0400] {logging_mixin.py:190} INFO - [2024-10-13T21:04:37.254-0400] {dag.py:4180} INFO - Setting next_dagrun for example_xcom_args_with_operators to None, run_after=None
[2024-10-13T21:04:37.274-0400] {processor.py:208} INFO - Processing /Users/karenwang/anaconda3/envs/airflow_sqlite_env/lib/python3.9/site-packages/airflow/example_dags/example_xcomargs.py took 0.310 seconds
[2024-10-13T21:09:55.151-0400] {processor.py:186} INFO - Started process (PID=47205) to work on /Users/karenwang/anaconda3/envs/airflow_sqlite_env/lib/python3.9/site-packages/airflow/example_dags/example_xcomargs.py
[2024-10-13T21:09:55.152-0400] {processor.py:914} INFO - Processing file /Users/karenwang/anaconda3/envs/airflow_sqlite_env/lib/python3.9/site-packages/airflow/example_dags/example_xcomargs.py for tasks to queue
[2024-10-13T21:09:55.154-0400] {logging_mixin.py:190} INFO - [2024-10-13T21:09:55.153-0400] {dagbag.py:588} INFO - Filling up the DagBag from /Users/karenwang/anaconda3/envs/airflow_sqlite_env/lib/python3.9/site-packages/airflow/example_dags/example_xcomargs.py
[2024-10-13T21:09:55.269-0400] {processor.py:925} INFO - DAG(s) 'example_xcom_args', 'example_xcom_args_with_operators' retrieved from /Users/karenwang/anaconda3/envs/airflow_sqlite_env/lib/python3.9/site-packages/airflow/example_dags/example_xcomargs.py
[2024-10-13T21:09:55.487-0400] {logging_mixin.py:190} INFO - [2024-10-13T21:09:55.487-0400] {dag.py:3239} INFO - Sync 2 DAGs
[2024-10-13T21:09:55.509-0400] {logging_mixin.py:190} INFO - [2024-10-13T21:09:55.509-0400] {dag.py:4180} INFO - Setting next_dagrun for example_xcom_args to None, run_after=None
[2024-10-13T21:09:55.515-0400] {logging_mixin.py:190} INFO - [2024-10-13T21:09:55.514-0400] {dag.py:4180} INFO - Setting next_dagrun for example_xcom_args_with_operators to None, run_after=None
[2024-10-13T21:09:55.544-0400] {processor.py:208} INFO - Processing /Users/karenwang/anaconda3/envs/airflow_sqlite_env/lib/python3.9/site-packages/airflow/example_dags/example_xcomargs.py took 0.400 seconds
[2024-10-13T21:14:31.324-0400] {processor.py:186} INFO - Started process (PID=48640) to work on /Users/karenwang/anaconda3/envs/airflow_sqlite_env/lib/python3.9/site-packages/airflow/example_dags/example_xcomargs.py
[2024-10-13T21:14:31.326-0400] {processor.py:914} INFO - Processing file /Users/karenwang/anaconda3/envs/airflow_sqlite_env/lib/python3.9/site-packages/airflow/example_dags/example_xcomargs.py for tasks to queue
[2024-10-13T21:14:31.327-0400] {logging_mixin.py:190} INFO - [2024-10-13T21:14:31.326-0400] {dagbag.py:588} INFO - Filling up the DagBag from /Users/karenwang/anaconda3/envs/airflow_sqlite_env/lib/python3.9/site-packages/airflow/example_dags/example_xcomargs.py
[2024-10-13T21:14:31.424-0400] {processor.py:925} INFO - DAG(s) 'example_xcom_args', 'example_xcom_args_with_operators' retrieved from /Users/karenwang/anaconda3/envs/airflow_sqlite_env/lib/python3.9/site-packages/airflow/example_dags/example_xcomargs.py
[2024-10-13T21:14:31.575-0400] {logging_mixin.py:190} INFO - [2024-10-13T21:14:31.575-0400] {dag.py:3239} INFO - Sync 2 DAGs
[2024-10-13T21:14:31.593-0400] {logging_mixin.py:190} INFO - [2024-10-13T21:14:31.593-0400] {dag.py:4180} INFO - Setting next_dagrun for example_xcom_args to None, run_after=None
[2024-10-13T21:14:31.606-0400] {logging_mixin.py:190} INFO - [2024-10-13T21:14:31.605-0400] {dag.py:4180} INFO - Setting next_dagrun for example_xcom_args_with_operators to None, run_after=None
[2024-10-13T21:14:31.626-0400] {processor.py:208} INFO - Processing /Users/karenwang/anaconda3/envs/airflow_sqlite_env/lib/python3.9/site-packages/airflow/example_dags/example_xcomargs.py took 0.308 seconds
[2024-10-13T21:18:27.936-0400] {processor.py:186} INFO - Started process (PID=50084) to work on /Users/karenwang/anaconda3/envs/airflow_sqlite_env/lib/python3.9/site-packages/airflow/example_dags/example_xcomargs.py
[2024-10-13T21:18:27.938-0400] {processor.py:914} INFO - Processing file /Users/karenwang/anaconda3/envs/airflow_sqlite_env/lib/python3.9/site-packages/airflow/example_dags/example_xcomargs.py for tasks to queue
[2024-10-13T21:18:27.939-0400] {logging_mixin.py:190} INFO - [2024-10-13T21:18:27.939-0400] {dagbag.py:588} INFO - Filling up the DagBag from /Users/karenwang/anaconda3/envs/airflow_sqlite_env/lib/python3.9/site-packages/airflow/example_dags/example_xcomargs.py
[2024-10-13T21:18:28.031-0400] {processor.py:925} INFO - DAG(s) 'example_xcom_args', 'example_xcom_args_with_operators' retrieved from /Users/karenwang/anaconda3/envs/airflow_sqlite_env/lib/python3.9/site-packages/airflow/example_dags/example_xcomargs.py
[2024-10-13T21:18:28.186-0400] {logging_mixin.py:190} INFO - [2024-10-13T21:18:28.186-0400] {dag.py:3239} INFO - Sync 2 DAGs
[2024-10-13T21:18:28.199-0400] {logging_mixin.py:190} INFO - [2024-10-13T21:18:28.199-0400] {dag.py:4180} INFO - Setting next_dagrun for example_xcom_args to None, run_after=None
[2024-10-13T21:18:28.203-0400] {logging_mixin.py:190} INFO - [2024-10-13T21:18:28.202-0400] {dag.py:4180} INFO - Setting next_dagrun for example_xcom_args_with_operators to None, run_after=None
[2024-10-13T21:18:28.223-0400] {processor.py:208} INFO - Processing /Users/karenwang/anaconda3/envs/airflow_sqlite_env/lib/python3.9/site-packages/airflow/example_dags/example_xcomargs.py took 0.293 seconds
[2024-10-13T21:22:07.947-0400] {processor.py:186} INFO - Started process (PID=51226) to work on /Users/karenwang/anaconda3/envs/airflow_sqlite_env/lib/python3.9/site-packages/airflow/example_dags/example_xcomargs.py
[2024-10-13T21:22:07.949-0400] {processor.py:914} INFO - Processing file /Users/karenwang/anaconda3/envs/airflow_sqlite_env/lib/python3.9/site-packages/airflow/example_dags/example_xcomargs.py for tasks to queue
[2024-10-13T21:22:07.951-0400] {logging_mixin.py:190} INFO - [2024-10-13T21:22:07.950-0400] {dagbag.py:588} INFO - Filling up the DagBag from /Users/karenwang/anaconda3/envs/airflow_sqlite_env/lib/python3.9/site-packages/airflow/example_dags/example_xcomargs.py
[2024-10-13T21:22:08.035-0400] {processor.py:925} INFO - DAG(s) 'example_xcom_args', 'example_xcom_args_with_operators' retrieved from /Users/karenwang/anaconda3/envs/airflow_sqlite_env/lib/python3.9/site-packages/airflow/example_dags/example_xcomargs.py
[2024-10-13T21:22:08.201-0400] {logging_mixin.py:190} INFO - [2024-10-13T21:22:08.200-0400] {dag.py:3239} INFO - Sync 2 DAGs
[2024-10-13T21:22:08.213-0400] {logging_mixin.py:190} INFO - [2024-10-13T21:22:08.213-0400] {dag.py:4180} INFO - Setting next_dagrun for example_xcom_args to None, run_after=None
[2024-10-13T21:22:08.217-0400] {logging_mixin.py:190} INFO - [2024-10-13T21:22:08.217-0400] {dag.py:4180} INFO - Setting next_dagrun for example_xcom_args_with_operators to None, run_after=None
[2024-10-13T21:22:08.236-0400] {processor.py:208} INFO - Processing /Users/karenwang/anaconda3/envs/airflow_sqlite_env/lib/python3.9/site-packages/airflow/example_dags/example_xcomargs.py took 0.294 seconds
[2024-10-13T21:25:49.287-0400] {processor.py:186} INFO - Started process (PID=52363) to work on /Users/karenwang/anaconda3/envs/airflow_sqlite_env/lib/python3.9/site-packages/airflow/example_dags/example_xcomargs.py
[2024-10-13T21:25:49.289-0400] {processor.py:914} INFO - Processing file /Users/karenwang/anaconda3/envs/airflow_sqlite_env/lib/python3.9/site-packages/airflow/example_dags/example_xcomargs.py for tasks to queue
[2024-10-13T21:25:49.290-0400] {logging_mixin.py:190} INFO - [2024-10-13T21:25:49.290-0400] {dagbag.py:588} INFO - Filling up the DagBag from /Users/karenwang/anaconda3/envs/airflow_sqlite_env/lib/python3.9/site-packages/airflow/example_dags/example_xcomargs.py
[2024-10-13T21:25:49.379-0400] {processor.py:925} INFO - DAG(s) 'example_xcom_args', 'example_xcom_args_with_operators' retrieved from /Users/karenwang/anaconda3/envs/airflow_sqlite_env/lib/python3.9/site-packages/airflow/example_dags/example_xcomargs.py
[2024-10-13T21:25:49.511-0400] {logging_mixin.py:190} INFO - [2024-10-13T21:25:49.511-0400] {dag.py:3239} INFO - Sync 2 DAGs
[2024-10-13T21:25:49.523-0400] {logging_mixin.py:190} INFO - [2024-10-13T21:25:49.523-0400] {dag.py:4180} INFO - Setting next_dagrun for example_xcom_args to None, run_after=None
[2024-10-13T21:25:49.527-0400] {logging_mixin.py:190} INFO - [2024-10-13T21:25:49.527-0400] {dag.py:4180} INFO - Setting next_dagrun for example_xcom_args_with_operators to None, run_after=None
[2024-10-13T21:25:49.546-0400] {processor.py:208} INFO - Processing /Users/karenwang/anaconda3/envs/airflow_sqlite_env/lib/python3.9/site-packages/airflow/example_dags/example_xcomargs.py took 0.265 seconds
[2024-10-13T21:29:37.396-0400] {processor.py:186} INFO - Started process (PID=53571) to work on /Users/karenwang/anaconda3/envs/airflow_sqlite_env/lib/python3.9/site-packages/airflow/example_dags/example_xcomargs.py
[2024-10-13T21:29:37.398-0400] {processor.py:914} INFO - Processing file /Users/karenwang/anaconda3/envs/airflow_sqlite_env/lib/python3.9/site-packages/airflow/example_dags/example_xcomargs.py for tasks to queue
[2024-10-13T21:29:37.399-0400] {logging_mixin.py:190} INFO - [2024-10-13T21:29:37.399-0400] {dagbag.py:588} INFO - Filling up the DagBag from /Users/karenwang/anaconda3/envs/airflow_sqlite_env/lib/python3.9/site-packages/airflow/example_dags/example_xcomargs.py
[2024-10-13T21:29:37.510-0400] {processor.py:925} INFO - DAG(s) 'example_xcom_args_with_operators', 'example_xcom_args' retrieved from /Users/karenwang/anaconda3/envs/airflow_sqlite_env/lib/python3.9/site-packages/airflow/example_dags/example_xcomargs.py
[2024-10-13T21:29:37.681-0400] {logging_mixin.py:190} INFO - [2024-10-13T21:29:37.680-0400] {dag.py:3239} INFO - Sync 2 DAGs
[2024-10-13T21:29:37.699-0400] {logging_mixin.py:190} INFO - [2024-10-13T21:29:37.699-0400] {dag.py:4180} INFO - Setting next_dagrun for example_xcom_args to None, run_after=None
[2024-10-13T21:29:37.702-0400] {logging_mixin.py:190} INFO - [2024-10-13T21:29:37.702-0400] {dag.py:4180} INFO - Setting next_dagrun for example_xcom_args_with_operators to None, run_after=None
[2024-10-13T21:29:37.723-0400] {processor.py:208} INFO - Processing /Users/karenwang/anaconda3/envs/airflow_sqlite_env/lib/python3.9/site-packages/airflow/example_dags/example_xcomargs.py took 0.333 seconds
[2024-10-13T21:33:37.807-0400] {processor.py:186} INFO - Started process (PID=54805) to work on /Users/karenwang/anaconda3/envs/airflow_sqlite_env/lib/python3.9/site-packages/airflow/example_dags/example_xcomargs.py
[2024-10-13T21:33:37.809-0400] {processor.py:914} INFO - Processing file /Users/karenwang/anaconda3/envs/airflow_sqlite_env/lib/python3.9/site-packages/airflow/example_dags/example_xcomargs.py for tasks to queue
[2024-10-13T21:33:37.811-0400] {logging_mixin.py:190} INFO - [2024-10-13T21:33:37.810-0400] {dagbag.py:588} INFO - Filling up the DagBag from /Users/karenwang/anaconda3/envs/airflow_sqlite_env/lib/python3.9/site-packages/airflow/example_dags/example_xcomargs.py
[2024-10-13T21:33:37.908-0400] {processor.py:925} INFO - DAG(s) 'example_xcom_args', 'example_xcom_args_with_operators' retrieved from /Users/karenwang/anaconda3/envs/airflow_sqlite_env/lib/python3.9/site-packages/airflow/example_dags/example_xcomargs.py
[2024-10-13T21:33:38.076-0400] {logging_mixin.py:190} INFO - [2024-10-13T21:33:38.075-0400] {dag.py:3239} INFO - Sync 2 DAGs
[2024-10-13T21:33:38.089-0400] {logging_mixin.py:190} INFO - [2024-10-13T21:33:38.089-0400] {dag.py:4180} INFO - Setting next_dagrun for example_xcom_args to None, run_after=None
[2024-10-13T21:33:38.093-0400] {logging_mixin.py:190} INFO - [2024-10-13T21:33:38.093-0400] {dag.py:4180} INFO - Setting next_dagrun for example_xcom_args_with_operators to None, run_after=None
[2024-10-13T21:33:38.114-0400] {processor.py:208} INFO - Processing /Users/karenwang/anaconda3/envs/airflow_sqlite_env/lib/python3.9/site-packages/airflow/example_dags/example_xcomargs.py took 0.312 seconds
[2024-10-13T21:37:30.250-0400] {processor.py:186} INFO - Started process (PID=56042) to work on /Users/karenwang/anaconda3/envs/airflow_sqlite_env/lib/python3.9/site-packages/airflow/example_dags/example_xcomargs.py
[2024-10-13T21:37:30.252-0400] {processor.py:914} INFO - Processing file /Users/karenwang/anaconda3/envs/airflow_sqlite_env/lib/python3.9/site-packages/airflow/example_dags/example_xcomargs.py for tasks to queue
[2024-10-13T21:37:30.253-0400] {logging_mixin.py:190} INFO - [2024-10-13T21:37:30.253-0400] {dagbag.py:588} INFO - Filling up the DagBag from /Users/karenwang/anaconda3/envs/airflow_sqlite_env/lib/python3.9/site-packages/airflow/example_dags/example_xcomargs.py
[2024-10-13T21:37:30.354-0400] {processor.py:925} INFO - DAG(s) 'example_xcom_args', 'example_xcom_args_with_operators' retrieved from /Users/karenwang/anaconda3/envs/airflow_sqlite_env/lib/python3.9/site-packages/airflow/example_dags/example_xcomargs.py
[2024-10-13T21:37:30.527-0400] {logging_mixin.py:190} INFO - [2024-10-13T21:37:30.526-0400] {dag.py:3239} INFO - Sync 2 DAGs
[2024-10-13T21:37:30.543-0400] {logging_mixin.py:190} INFO - [2024-10-13T21:37:30.543-0400] {dag.py:4180} INFO - Setting next_dagrun for example_xcom_args to None, run_after=None
[2024-10-13T21:37:30.547-0400] {logging_mixin.py:190} INFO - [2024-10-13T21:37:30.547-0400] {dag.py:4180} INFO - Setting next_dagrun for example_xcom_args_with_operators to None, run_after=None
[2024-10-13T21:37:30.566-0400] {processor.py:208} INFO - Processing /Users/karenwang/anaconda3/envs/airflow_sqlite_env/lib/python3.9/site-packages/airflow/example_dags/example_xcomargs.py took 0.323 seconds
[2024-10-13T21:41:25.483-0400] {processor.py:186} INFO - Started process (PID=57256) to work on /Users/karenwang/anaconda3/envs/airflow_sqlite_env/lib/python3.9/site-packages/airflow/example_dags/example_xcomargs.py
[2024-10-13T21:41:25.484-0400] {processor.py:914} INFO - Processing file /Users/karenwang/anaconda3/envs/airflow_sqlite_env/lib/python3.9/site-packages/airflow/example_dags/example_xcomargs.py for tasks to queue
[2024-10-13T21:41:25.486-0400] {logging_mixin.py:190} INFO - [2024-10-13T21:41:25.486-0400] {dagbag.py:588} INFO - Filling up the DagBag from /Users/karenwang/anaconda3/envs/airflow_sqlite_env/lib/python3.9/site-packages/airflow/example_dags/example_xcomargs.py
[2024-10-13T21:41:25.585-0400] {processor.py:925} INFO - DAG(s) 'example_xcom_args_with_operators', 'example_xcom_args' retrieved from /Users/karenwang/anaconda3/envs/airflow_sqlite_env/lib/python3.9/site-packages/airflow/example_dags/example_xcomargs.py
[2024-10-13T21:41:25.788-0400] {logging_mixin.py:190} INFO - [2024-10-13T21:41:25.788-0400] {dag.py:3239} INFO - Sync 2 DAGs
[2024-10-13T21:41:25.805-0400] {logging_mixin.py:190} INFO - [2024-10-13T21:41:25.804-0400] {dag.py:4180} INFO - Setting next_dagrun for example_xcom_args to None, run_after=None
[2024-10-13T21:41:25.809-0400] {logging_mixin.py:190} INFO - [2024-10-13T21:41:25.808-0400] {dag.py:4180} INFO - Setting next_dagrun for example_xcom_args_with_operators to None, run_after=None
[2024-10-13T21:41:25.833-0400] {processor.py:208} INFO - Processing /Users/karenwang/anaconda3/envs/airflow_sqlite_env/lib/python3.9/site-packages/airflow/example_dags/example_xcomargs.py took 0.356 seconds
[2024-10-13T21:45:17.050-0400] {processor.py:186} INFO - Started process (PID=58435) to work on /Users/karenwang/anaconda3/envs/airflow_sqlite_env/lib/python3.9/site-packages/airflow/example_dags/example_xcomargs.py
[2024-10-13T21:45:17.052-0400] {processor.py:914} INFO - Processing file /Users/karenwang/anaconda3/envs/airflow_sqlite_env/lib/python3.9/site-packages/airflow/example_dags/example_xcomargs.py for tasks to queue
[2024-10-13T21:45:17.053-0400] {logging_mixin.py:190} INFO - [2024-10-13T21:45:17.053-0400] {dagbag.py:588} INFO - Filling up the DagBag from /Users/karenwang/anaconda3/envs/airflow_sqlite_env/lib/python3.9/site-packages/airflow/example_dags/example_xcomargs.py
[2024-10-13T21:45:17.159-0400] {processor.py:925} INFO - DAG(s) 'example_xcom_args_with_operators', 'example_xcom_args' retrieved from /Users/karenwang/anaconda3/envs/airflow_sqlite_env/lib/python3.9/site-packages/airflow/example_dags/example_xcomargs.py
[2024-10-13T21:45:17.352-0400] {logging_mixin.py:190} INFO - [2024-10-13T21:45:17.351-0400] {dag.py:3239} INFO - Sync 2 DAGs
[2024-10-13T21:45:17.369-0400] {logging_mixin.py:190} INFO - [2024-10-13T21:45:17.368-0400] {dag.py:4180} INFO - Setting next_dagrun for example_xcom_args to None, run_after=None
[2024-10-13T21:45:17.374-0400] {logging_mixin.py:190} INFO - [2024-10-13T21:45:17.373-0400] {dag.py:4180} INFO - Setting next_dagrun for example_xcom_args_with_operators to None, run_after=None
[2024-10-13T21:45:17.397-0400] {processor.py:208} INFO - Processing /Users/karenwang/anaconda3/envs/airflow_sqlite_env/lib/python3.9/site-packages/airflow/example_dags/example_xcomargs.py took 0.353 seconds
[2024-10-13T21:49:18.372-0400] {processor.py:186} INFO - Started process (PID=59704) to work on /Users/karenwang/anaconda3/envs/airflow_sqlite_env/lib/python3.9/site-packages/airflow/example_dags/example_xcomargs.py
[2024-10-13T21:49:18.374-0400] {processor.py:914} INFO - Processing file /Users/karenwang/anaconda3/envs/airflow_sqlite_env/lib/python3.9/site-packages/airflow/example_dags/example_xcomargs.py for tasks to queue
[2024-10-13T21:49:18.375-0400] {logging_mixin.py:190} INFO - [2024-10-13T21:49:18.375-0400] {dagbag.py:588} INFO - Filling up the DagBag from /Users/karenwang/anaconda3/envs/airflow_sqlite_env/lib/python3.9/site-packages/airflow/example_dags/example_xcomargs.py
[2024-10-13T21:49:18.479-0400] {processor.py:925} INFO - DAG(s) 'example_xcom_args_with_operators', 'example_xcom_args' retrieved from /Users/karenwang/anaconda3/envs/airflow_sqlite_env/lib/python3.9/site-packages/airflow/example_dags/example_xcomargs.py
[2024-10-13T21:49:18.644-0400] {logging_mixin.py:190} INFO - [2024-10-13T21:49:18.643-0400] {dag.py:3239} INFO - Sync 2 DAGs
[2024-10-13T21:49:18.662-0400] {logging_mixin.py:190} INFO - [2024-10-13T21:49:18.661-0400] {dag.py:4180} INFO - Setting next_dagrun for example_xcom_args to None, run_after=None
[2024-10-13T21:49:18.666-0400] {logging_mixin.py:190} INFO - [2024-10-13T21:49:18.666-0400] {dag.py:4180} INFO - Setting next_dagrun for example_xcom_args_with_operators to None, run_after=None
[2024-10-13T21:49:18.687-0400] {processor.py:208} INFO - Processing /Users/karenwang/anaconda3/envs/airflow_sqlite_env/lib/python3.9/site-packages/airflow/example_dags/example_xcomargs.py took 0.321 seconds
[2024-10-13T21:53:20.275-0400] {processor.py:186} INFO - Started process (PID=60939) to work on /Users/karenwang/anaconda3/envs/airflow_sqlite_env/lib/python3.9/site-packages/airflow/example_dags/example_xcomargs.py
[2024-10-13T21:53:20.276-0400] {processor.py:914} INFO - Processing file /Users/karenwang/anaconda3/envs/airflow_sqlite_env/lib/python3.9/site-packages/airflow/example_dags/example_xcomargs.py for tasks to queue
[2024-10-13T21:53:20.277-0400] {logging_mixin.py:190} INFO - [2024-10-13T21:53:20.277-0400] {dagbag.py:588} INFO - Filling up the DagBag from /Users/karenwang/anaconda3/envs/airflow_sqlite_env/lib/python3.9/site-packages/airflow/example_dags/example_xcomargs.py
[2024-10-13T21:53:20.378-0400] {processor.py:925} INFO - DAG(s) 'example_xcom_args_with_operators', 'example_xcom_args' retrieved from /Users/karenwang/anaconda3/envs/airflow_sqlite_env/lib/python3.9/site-packages/airflow/example_dags/example_xcomargs.py
[2024-10-13T21:53:20.545-0400] {logging_mixin.py:190} INFO - [2024-10-13T21:53:20.545-0400] {dag.py:3239} INFO - Sync 2 DAGs
[2024-10-13T21:53:20.560-0400] {logging_mixin.py:190} INFO - [2024-10-13T21:53:20.560-0400] {dag.py:4180} INFO - Setting next_dagrun for example_xcom_args to None, run_after=None
[2024-10-13T21:53:20.564-0400] {logging_mixin.py:190} INFO - [2024-10-13T21:53:20.563-0400] {dag.py:4180} INFO - Setting next_dagrun for example_xcom_args_with_operators to None, run_after=None
[2024-10-13T21:53:20.586-0400] {processor.py:208} INFO - Processing /Users/karenwang/anaconda3/envs/airflow_sqlite_env/lib/python3.9/site-packages/airflow/example_dags/example_xcomargs.py took 0.317 seconds
[2024-10-13T21:57:19.925-0400] {processor.py:186} INFO - Started process (PID=62189) to work on /Users/karenwang/anaconda3/envs/airflow_sqlite_env/lib/python3.9/site-packages/airflow/example_dags/example_xcomargs.py
[2024-10-13T21:57:19.926-0400] {processor.py:914} INFO - Processing file /Users/karenwang/anaconda3/envs/airflow_sqlite_env/lib/python3.9/site-packages/airflow/example_dags/example_xcomargs.py for tasks to queue
[2024-10-13T21:57:19.928-0400] {logging_mixin.py:190} INFO - [2024-10-13T21:57:19.928-0400] {dagbag.py:588} INFO - Filling up the DagBag from /Users/karenwang/anaconda3/envs/airflow_sqlite_env/lib/python3.9/site-packages/airflow/example_dags/example_xcomargs.py
[2024-10-13T21:57:20.021-0400] {processor.py:925} INFO - DAG(s) 'example_xcom_args_with_operators', 'example_xcom_args' retrieved from /Users/karenwang/anaconda3/envs/airflow_sqlite_env/lib/python3.9/site-packages/airflow/example_dags/example_xcomargs.py
[2024-10-13T21:57:20.168-0400] {logging_mixin.py:190} INFO - [2024-10-13T21:57:20.168-0400] {dag.py:3239} INFO - Sync 2 DAGs
[2024-10-13T21:57:20.180-0400] {logging_mixin.py:190} INFO - [2024-10-13T21:57:20.180-0400] {dag.py:4180} INFO - Setting next_dagrun for example_xcom_args to None, run_after=None
[2024-10-13T21:57:20.184-0400] {logging_mixin.py:190} INFO - [2024-10-13T21:57:20.184-0400] {dag.py:4180} INFO - Setting next_dagrun for example_xcom_args_with_operators to None, run_after=None
[2024-10-13T21:57:20.204-0400] {processor.py:208} INFO - Processing /Users/karenwang/anaconda3/envs/airflow_sqlite_env/lib/python3.9/site-packages/airflow/example_dags/example_xcomargs.py took 0.285 seconds
[2024-10-13T22:01:05.787-0400] {processor.py:186} INFO - Started process (PID=63336) to work on /Users/karenwang/anaconda3/envs/airflow_sqlite_env/lib/python3.9/site-packages/airflow/example_dags/example_xcomargs.py
[2024-10-13T22:01:05.788-0400] {processor.py:914} INFO - Processing file /Users/karenwang/anaconda3/envs/airflow_sqlite_env/lib/python3.9/site-packages/airflow/example_dags/example_xcomargs.py for tasks to queue
[2024-10-13T22:01:05.789-0400] {logging_mixin.py:190} INFO - [2024-10-13T22:01:05.789-0400] {dagbag.py:588} INFO - Filling up the DagBag from /Users/karenwang/anaconda3/envs/airflow_sqlite_env/lib/python3.9/site-packages/airflow/example_dags/example_xcomargs.py
[2024-10-13T22:01:05.875-0400] {processor.py:925} INFO - DAG(s) 'example_xcom_args_with_operators', 'example_xcom_args' retrieved from /Users/karenwang/anaconda3/envs/airflow_sqlite_env/lib/python3.9/site-packages/airflow/example_dags/example_xcomargs.py
[2024-10-13T22:01:06.032-0400] {logging_mixin.py:190} INFO - [2024-10-13T22:01:06.032-0400] {dag.py:3239} INFO - Sync 2 DAGs
[2024-10-13T22:01:06.047-0400] {logging_mixin.py:190} INFO - [2024-10-13T22:01:06.047-0400] {dag.py:4180} INFO - Setting next_dagrun for example_xcom_args to None, run_after=None
[2024-10-13T22:01:06.051-0400] {logging_mixin.py:190} INFO - [2024-10-13T22:01:06.050-0400] {dag.py:4180} INFO - Setting next_dagrun for example_xcom_args_with_operators to None, run_after=None
[2024-10-13T22:01:06.070-0400] {processor.py:208} INFO - Processing /Users/karenwang/anaconda3/envs/airflow_sqlite_env/lib/python3.9/site-packages/airflow/example_dags/example_xcomargs.py took 0.289 seconds
[2024-10-13T22:05:00.902-0400] {processor.py:186} INFO - Started process (PID=64552) to work on /Users/karenwang/anaconda3/envs/airflow_sqlite_env/lib/python3.9/site-packages/airflow/example_dags/example_xcomargs.py
[2024-10-13T22:05:00.903-0400] {processor.py:914} INFO - Processing file /Users/karenwang/anaconda3/envs/airflow_sqlite_env/lib/python3.9/site-packages/airflow/example_dags/example_xcomargs.py for tasks to queue
[2024-10-13T22:05:00.904-0400] {logging_mixin.py:190} INFO - [2024-10-13T22:05:00.904-0400] {dagbag.py:588} INFO - Filling up the DagBag from /Users/karenwang/anaconda3/envs/airflow_sqlite_env/lib/python3.9/site-packages/airflow/example_dags/example_xcomargs.py
[2024-10-13T22:05:01.007-0400] {processor.py:925} INFO - DAG(s) 'example_xcom_args_with_operators', 'example_xcom_args' retrieved from /Users/karenwang/anaconda3/envs/airflow_sqlite_env/lib/python3.9/site-packages/airflow/example_dags/example_xcomargs.py
[2024-10-13T22:05:01.148-0400] {logging_mixin.py:190} INFO - [2024-10-13T22:05:01.148-0400] {dag.py:3239} INFO - Sync 2 DAGs
[2024-10-13T22:05:01.161-0400] {logging_mixin.py:190} INFO - [2024-10-13T22:05:01.161-0400] {dag.py:4180} INFO - Setting next_dagrun for example_xcom_args to None, run_after=None
[2024-10-13T22:05:01.165-0400] {logging_mixin.py:190} INFO - [2024-10-13T22:05:01.165-0400] {dag.py:4180} INFO - Setting next_dagrun for example_xcom_args_with_operators to None, run_after=None
[2024-10-13T22:05:01.185-0400] {processor.py:208} INFO - Processing /Users/karenwang/anaconda3/envs/airflow_sqlite_env/lib/python3.9/site-packages/airflow/example_dags/example_xcomargs.py took 0.289 seconds
[2024-10-13T22:08:56.999-0400] {processor.py:186} INFO - Started process (PID=65779) to work on /Users/karenwang/anaconda3/envs/airflow_sqlite_env/lib/python3.9/site-packages/airflow/example_dags/example_xcomargs.py
[2024-10-13T22:08:57.001-0400] {processor.py:914} INFO - Processing file /Users/karenwang/anaconda3/envs/airflow_sqlite_env/lib/python3.9/site-packages/airflow/example_dags/example_xcomargs.py for tasks to queue
[2024-10-13T22:08:57.002-0400] {logging_mixin.py:190} INFO - [2024-10-13T22:08:57.002-0400] {dagbag.py:588} INFO - Filling up the DagBag from /Users/karenwang/anaconda3/envs/airflow_sqlite_env/lib/python3.9/site-packages/airflow/example_dags/example_xcomargs.py
[2024-10-13T22:08:57.109-0400] {processor.py:925} INFO - DAG(s) 'example_xcom_args', 'example_xcom_args_with_operators' retrieved from /Users/karenwang/anaconda3/envs/airflow_sqlite_env/lib/python3.9/site-packages/airflow/example_dags/example_xcomargs.py
[2024-10-13T22:08:57.281-0400] {logging_mixin.py:190} INFO - [2024-10-13T22:08:57.281-0400] {dag.py:3239} INFO - Sync 2 DAGs
[2024-10-13T22:08:57.296-0400] {logging_mixin.py:190} INFO - [2024-10-13T22:08:57.296-0400] {dag.py:4180} INFO - Setting next_dagrun for example_xcom_args to None, run_after=None
[2024-10-13T22:08:57.301-0400] {logging_mixin.py:190} INFO - [2024-10-13T22:08:57.301-0400] {dag.py:4180} INFO - Setting next_dagrun for example_xcom_args_with_operators to None, run_after=None
[2024-10-13T22:08:57.323-0400] {processor.py:208} INFO - Processing /Users/karenwang/anaconda3/envs/airflow_sqlite_env/lib/python3.9/site-packages/airflow/example_dags/example_xcomargs.py took 0.330 seconds
[2024-10-13T22:12:49.994-0400] {processor.py:186} INFO - Started process (PID=66968) to work on /Users/karenwang/anaconda3/envs/airflow_sqlite_env/lib/python3.9/site-packages/airflow/example_dags/example_xcomargs.py
[2024-10-13T22:12:49.996-0400] {processor.py:914} INFO - Processing file /Users/karenwang/anaconda3/envs/airflow_sqlite_env/lib/python3.9/site-packages/airflow/example_dags/example_xcomargs.py for tasks to queue
[2024-10-13T22:12:49.998-0400] {logging_mixin.py:190} INFO - [2024-10-13T22:12:49.998-0400] {dagbag.py:588} INFO - Filling up the DagBag from /Users/karenwang/anaconda3/envs/airflow_sqlite_env/lib/python3.9/site-packages/airflow/example_dags/example_xcomargs.py
[2024-10-13T22:12:50.107-0400] {processor.py:925} INFO - DAG(s) 'example_xcom_args_with_operators', 'example_xcom_args' retrieved from /Users/karenwang/anaconda3/envs/airflow_sqlite_env/lib/python3.9/site-packages/airflow/example_dags/example_xcomargs.py
[2024-10-13T22:12:50.297-0400] {logging_mixin.py:190} INFO - [2024-10-13T22:12:50.297-0400] {dag.py:3239} INFO - Sync 2 DAGs
[2024-10-13T22:12:50.316-0400] {logging_mixin.py:190} INFO - [2024-10-13T22:12:50.316-0400] {dag.py:4180} INFO - Setting next_dagrun for example_xcom_args to None, run_after=None
[2024-10-13T22:12:50.320-0400] {logging_mixin.py:190} INFO - [2024-10-13T22:12:50.320-0400] {dag.py:4180} INFO - Setting next_dagrun for example_xcom_args_with_operators to None, run_after=None
[2024-10-13T22:12:50.345-0400] {processor.py:208} INFO - Processing /Users/karenwang/anaconda3/envs/airflow_sqlite_env/lib/python3.9/site-packages/airflow/example_dags/example_xcomargs.py took 0.356 seconds
[2024-10-13T22:16:50.393-0400] {processor.py:186} INFO - Started process (PID=68199) to work on /Users/karenwang/anaconda3/envs/airflow_sqlite_env/lib/python3.9/site-packages/airflow/example_dags/example_xcomargs.py
[2024-10-13T22:16:50.394-0400] {processor.py:914} INFO - Processing file /Users/karenwang/anaconda3/envs/airflow_sqlite_env/lib/python3.9/site-packages/airflow/example_dags/example_xcomargs.py for tasks to queue
[2024-10-13T22:16:50.395-0400] {logging_mixin.py:190} INFO - [2024-10-13T22:16:50.395-0400] {dagbag.py:588} INFO - Filling up the DagBag from /Users/karenwang/anaconda3/envs/airflow_sqlite_env/lib/python3.9/site-packages/airflow/example_dags/example_xcomargs.py
[2024-10-13T22:16:50.499-0400] {processor.py:925} INFO - DAG(s) 'example_xcom_args', 'example_xcom_args_with_operators' retrieved from /Users/karenwang/anaconda3/envs/airflow_sqlite_env/lib/python3.9/site-packages/airflow/example_dags/example_xcomargs.py
[2024-10-13T22:16:50.664-0400] {logging_mixin.py:190} INFO - [2024-10-13T22:16:50.664-0400] {dag.py:3239} INFO - Sync 2 DAGs
[2024-10-13T22:16:50.680-0400] {logging_mixin.py:190} INFO - [2024-10-13T22:16:50.680-0400] {dag.py:4180} INFO - Setting next_dagrun for example_xcom_args to None, run_after=None
[2024-10-13T22:16:50.684-0400] {logging_mixin.py:190} INFO - [2024-10-13T22:16:50.684-0400] {dag.py:4180} INFO - Setting next_dagrun for example_xcom_args_with_operators to None, run_after=None
[2024-10-13T22:16:50.705-0400] {processor.py:208} INFO - Processing /Users/karenwang/anaconda3/envs/airflow_sqlite_env/lib/python3.9/site-packages/airflow/example_dags/example_xcomargs.py took 0.318 seconds
[2024-10-13T22:20:49.388-0400] {processor.py:186} INFO - Started process (PID=69421) to work on /Users/karenwang/anaconda3/envs/airflow_sqlite_env/lib/python3.9/site-packages/airflow/example_dags/example_xcomargs.py
[2024-10-13T22:20:49.391-0400] {processor.py:914} INFO - Processing file /Users/karenwang/anaconda3/envs/airflow_sqlite_env/lib/python3.9/site-packages/airflow/example_dags/example_xcomargs.py for tasks to queue
[2024-10-13T22:20:49.392-0400] {logging_mixin.py:190} INFO - [2024-10-13T22:20:49.392-0400] {dagbag.py:588} INFO - Filling up the DagBag from /Users/karenwang/anaconda3/envs/airflow_sqlite_env/lib/python3.9/site-packages/airflow/example_dags/example_xcomargs.py
[2024-10-13T22:20:49.491-0400] {processor.py:925} INFO - DAG(s) 'example_xcom_args_with_operators', 'example_xcom_args' retrieved from /Users/karenwang/anaconda3/envs/airflow_sqlite_env/lib/python3.9/site-packages/airflow/example_dags/example_xcomargs.py
[2024-10-13T22:20:49.638-0400] {logging_mixin.py:190} INFO - [2024-10-13T22:20:49.638-0400] {dag.py:3239} INFO - Sync 2 DAGs
[2024-10-13T22:20:49.661-0400] {logging_mixin.py:190} INFO - [2024-10-13T22:20:49.661-0400] {dag.py:4180} INFO - Setting next_dagrun for example_xcom_args to None, run_after=None
[2024-10-13T22:20:49.666-0400] {logging_mixin.py:190} INFO - [2024-10-13T22:20:49.666-0400] {dag.py:4180} INFO - Setting next_dagrun for example_xcom_args_with_operators to None, run_after=None
[2024-10-13T22:20:49.687-0400] {processor.py:208} INFO - Processing /Users/karenwang/anaconda3/envs/airflow_sqlite_env/lib/python3.9/site-packages/airflow/example_dags/example_xcomargs.py took 0.306 seconds
[2024-10-13T22:24:58.166-0400] {processor.py:186} INFO - Started process (PID=70762) to work on /Users/karenwang/anaconda3/envs/airflow_sqlite_env/lib/python3.9/site-packages/airflow/example_dags/example_xcomargs.py
[2024-10-13T22:24:58.167-0400] {processor.py:914} INFO - Processing file /Users/karenwang/anaconda3/envs/airflow_sqlite_env/lib/python3.9/site-packages/airflow/example_dags/example_xcomargs.py for tasks to queue
[2024-10-13T22:24:58.169-0400] {logging_mixin.py:190} INFO - [2024-10-13T22:24:58.168-0400] {dagbag.py:588} INFO - Filling up the DagBag from /Users/karenwang/anaconda3/envs/airflow_sqlite_env/lib/python3.9/site-packages/airflow/example_dags/example_xcomargs.py
[2024-10-13T22:24:58.268-0400] {processor.py:925} INFO - DAG(s) 'example_xcom_args_with_operators', 'example_xcom_args' retrieved from /Users/karenwang/anaconda3/envs/airflow_sqlite_env/lib/python3.9/site-packages/airflow/example_dags/example_xcomargs.py
[2024-10-13T22:24:58.435-0400] {logging_mixin.py:190} INFO - [2024-10-13T22:24:58.435-0400] {dag.py:3239} INFO - Sync 2 DAGs
[2024-10-13T22:24:58.452-0400] {logging_mixin.py:190} INFO - [2024-10-13T22:24:58.452-0400] {dag.py:4180} INFO - Setting next_dagrun for example_xcom_args to None, run_after=None
[2024-10-13T22:24:58.455-0400] {logging_mixin.py:190} INFO - [2024-10-13T22:24:58.455-0400] {dag.py:4180} INFO - Setting next_dagrun for example_xcom_args_with_operators to None, run_after=None
[2024-10-13T22:24:58.475-0400] {processor.py:208} INFO - Processing /Users/karenwang/anaconda3/envs/airflow_sqlite_env/lib/python3.9/site-packages/airflow/example_dags/example_xcomargs.py took 0.316 seconds
[2024-10-13T22:33:31.895-0400] {processor.py:186} INFO - Started process (PID=73650) to work on /Users/karenwang/anaconda3/envs/airflow_sqlite_env/lib/python3.9/site-packages/airflow/example_dags/example_xcomargs.py
[2024-10-13T22:33:31.898-0400] {processor.py:914} INFO - Processing file /Users/karenwang/anaconda3/envs/airflow_sqlite_env/lib/python3.9/site-packages/airflow/example_dags/example_xcomargs.py for tasks to queue
[2024-10-13T22:33:31.899-0400] {logging_mixin.py:190} INFO - [2024-10-13T22:33:31.899-0400] {dagbag.py:588} INFO - Filling up the DagBag from /Users/karenwang/anaconda3/envs/airflow_sqlite_env/lib/python3.9/site-packages/airflow/example_dags/example_xcomargs.py
[2024-10-13T22:33:32.008-0400] {processor.py:925} INFO - DAG(s) 'example_xcom_args', 'example_xcom_args_with_operators' retrieved from /Users/karenwang/anaconda3/envs/airflow_sqlite_env/lib/python3.9/site-packages/airflow/example_dags/example_xcomargs.py
[2024-10-13T22:33:32.185-0400] {logging_mixin.py:190} INFO - [2024-10-13T22:33:32.185-0400] {dag.py:3239} INFO - Sync 2 DAGs
[2024-10-13T22:33:32.205-0400] {logging_mixin.py:190} INFO - [2024-10-13T22:33:32.204-0400] {dag.py:4180} INFO - Setting next_dagrun for example_xcom_args to None, run_after=None
[2024-10-13T22:33:32.210-0400] {logging_mixin.py:190} INFO - [2024-10-13T22:33:32.209-0400] {dag.py:4180} INFO - Setting next_dagrun for example_xcom_args_with_operators to None, run_after=None
[2024-10-13T22:33:32.235-0400] {processor.py:208} INFO - Processing /Users/karenwang/anaconda3/envs/airflow_sqlite_env/lib/python3.9/site-packages/airflow/example_dags/example_xcomargs.py took 0.347 seconds
[2024-10-13T22:39:29.127-0400] {processor.py:186} INFO - Started process (PID=75570) to work on /Users/karenwang/anaconda3/envs/airflow_sqlite_env/lib/python3.9/site-packages/airflow/example_dags/example_xcomargs.py
[2024-10-13T22:39:29.128-0400] {processor.py:914} INFO - Processing file /Users/karenwang/anaconda3/envs/airflow_sqlite_env/lib/python3.9/site-packages/airflow/example_dags/example_xcomargs.py for tasks to queue
[2024-10-13T22:39:29.130-0400] {logging_mixin.py:190} INFO - [2024-10-13T22:39:29.129-0400] {dagbag.py:588} INFO - Filling up the DagBag from /Users/karenwang/anaconda3/envs/airflow_sqlite_env/lib/python3.9/site-packages/airflow/example_dags/example_xcomargs.py
[2024-10-13T22:39:29.234-0400] {processor.py:925} INFO - DAG(s) 'example_xcom_args_with_operators', 'example_xcom_args' retrieved from /Users/karenwang/anaconda3/envs/airflow_sqlite_env/lib/python3.9/site-packages/airflow/example_dags/example_xcomargs.py
[2024-10-13T22:39:29.395-0400] {logging_mixin.py:190} INFO - [2024-10-13T22:39:29.395-0400] {dag.py:3239} INFO - Sync 2 DAGs
[2024-10-13T22:39:29.410-0400] {logging_mixin.py:190} INFO - [2024-10-13T22:39:29.410-0400] {dag.py:4180} INFO - Setting next_dagrun for example_xcom_args to None, run_after=None
[2024-10-13T22:39:29.414-0400] {logging_mixin.py:190} INFO - [2024-10-13T22:39:29.414-0400] {dag.py:4180} INFO - Setting next_dagrun for example_xcom_args_with_operators to None, run_after=None
[2024-10-13T22:39:29.439-0400] {processor.py:208} INFO - Processing /Users/karenwang/anaconda3/envs/airflow_sqlite_env/lib/python3.9/site-packages/airflow/example_dags/example_xcomargs.py took 0.318 seconds
