[2024-10-13T20:01:42.258-0400] {processor.py:186} INFO - Started process (PID=25632) to work on /Users/karenwang/anaconda3/envs/airflow_sqlite_env/lib/python3.9/site-packages/airflow/example_dags/example_setup_teardown_taskflow.py
[2024-10-13T20:01:42.259-0400] {processor.py:914} INFO - Processing file /Users/karenwang/anaconda3/envs/airflow_sqlite_env/lib/python3.9/site-packages/airflow/example_dags/example_setup_teardown_taskflow.py for tasks to queue
[2024-10-13T20:01:42.261-0400] {logging_mixin.py:190} INFO - [2024-10-13T20:01:42.261-0400] {dagbag.py:588} INFO - Filling up the DagBag from /Users/karenwang/anaconda3/envs/airflow_sqlite_env/lib/python3.9/site-packages/airflow/example_dags/example_setup_teardown_taskflow.py
[2024-10-13T20:01:42.368-0400] {processor.py:925} INFO - DAG(s) 'example_setup_teardown_taskflow' retrieved from /Users/karenwang/anaconda3/envs/airflow_sqlite_env/lib/python3.9/site-packages/airflow/example_dags/example_setup_teardown_taskflow.py
[2024-10-13T20:01:42.561-0400] {logging_mixin.py:190} INFO - [2024-10-13T20:01:42.560-0400] {dag.py:3239} INFO - Sync 1 DAGs
[2024-10-13T20:01:42.578-0400] {logging_mixin.py:190} INFO - [2024-10-13T20:01:42.577-0400] {dag.py:4180} INFO - Setting next_dagrun for example_setup_teardown_taskflow to None, run_after=None
[2024-10-13T20:01:42.600-0400] {processor.py:208} INFO - Processing /Users/karenwang/anaconda3/envs/airflow_sqlite_env/lib/python3.9/site-packages/airflow/example_dags/example_setup_teardown_taskflow.py took 0.349 seconds
[2024-10-13T20:05:51.887-0400] {processor.py:186} INFO - Started process (PID=26932) to work on /Users/karenwang/anaconda3/envs/airflow_sqlite_env/lib/python3.9/site-packages/airflow/example_dags/example_setup_teardown_taskflow.py
[2024-10-13T20:05:51.889-0400] {processor.py:914} INFO - Processing file /Users/karenwang/anaconda3/envs/airflow_sqlite_env/lib/python3.9/site-packages/airflow/example_dags/example_setup_teardown_taskflow.py for tasks to queue
[2024-10-13T20:05:51.890-0400] {logging_mixin.py:190} INFO - [2024-10-13T20:05:51.890-0400] {dagbag.py:588} INFO - Filling up the DagBag from /Users/karenwang/anaconda3/envs/airflow_sqlite_env/lib/python3.9/site-packages/airflow/example_dags/example_setup_teardown_taskflow.py
[2024-10-13T20:05:51.988-0400] {processor.py:925} INFO - DAG(s) 'example_setup_teardown_taskflow' retrieved from /Users/karenwang/anaconda3/envs/airflow_sqlite_env/lib/python3.9/site-packages/airflow/example_dags/example_setup_teardown_taskflow.py
[2024-10-13T20:05:52.158-0400] {logging_mixin.py:190} INFO - [2024-10-13T20:05:52.158-0400] {dag.py:3239} INFO - Sync 1 DAGs
[2024-10-13T20:05:52.175-0400] {logging_mixin.py:190} INFO - [2024-10-13T20:05:52.175-0400] {dag.py:4180} INFO - Setting next_dagrun for example_setup_teardown_taskflow to None, run_after=None
[2024-10-13T20:05:52.196-0400] {processor.py:208} INFO - Processing /Users/karenwang/anaconda3/envs/airflow_sqlite_env/lib/python3.9/site-packages/airflow/example_dags/example_setup_teardown_taskflow.py took 0.314 seconds
[2024-10-13T20:09:53.400-0400] {processor.py:186} INFO - Started process (PID=28163) to work on /Users/karenwang/anaconda3/envs/airflow_sqlite_env/lib/python3.9/site-packages/airflow/example_dags/example_setup_teardown_taskflow.py
[2024-10-13T20:09:53.401-0400] {processor.py:914} INFO - Processing file /Users/karenwang/anaconda3/envs/airflow_sqlite_env/lib/python3.9/site-packages/airflow/example_dags/example_setup_teardown_taskflow.py for tasks to queue
[2024-10-13T20:09:53.403-0400] {logging_mixin.py:190} INFO - [2024-10-13T20:09:53.402-0400] {dagbag.py:588} INFO - Filling up the DagBag from /Users/karenwang/anaconda3/envs/airflow_sqlite_env/lib/python3.9/site-packages/airflow/example_dags/example_setup_teardown_taskflow.py
[2024-10-13T20:09:53.498-0400] {processor.py:925} INFO - DAG(s) 'example_setup_teardown_taskflow' retrieved from /Users/karenwang/anaconda3/envs/airflow_sqlite_env/lib/python3.9/site-packages/airflow/example_dags/example_setup_teardown_taskflow.py
[2024-10-13T20:09:53.658-0400] {logging_mixin.py:190} INFO - [2024-10-13T20:09:53.658-0400] {dag.py:3239} INFO - Sync 1 DAGs
[2024-10-13T20:09:53.676-0400] {logging_mixin.py:190} INFO - [2024-10-13T20:09:53.676-0400] {dag.py:4180} INFO - Setting next_dagrun for example_setup_teardown_taskflow to None, run_after=None
[2024-10-13T20:09:53.701-0400] {processor.py:208} INFO - Processing /Users/karenwang/anaconda3/envs/airflow_sqlite_env/lib/python3.9/site-packages/airflow/example_dags/example_setup_teardown_taskflow.py took 0.307 seconds
[2024-10-13T20:13:51.919-0400] {processor.py:186} INFO - Started process (PID=29380) to work on /Users/karenwang/anaconda3/envs/airflow_sqlite_env/lib/python3.9/site-packages/airflow/example_dags/example_setup_teardown_taskflow.py
[2024-10-13T20:13:51.921-0400] {processor.py:914} INFO - Processing file /Users/karenwang/anaconda3/envs/airflow_sqlite_env/lib/python3.9/site-packages/airflow/example_dags/example_setup_teardown_taskflow.py for tasks to queue
[2024-10-13T20:13:51.923-0400] {logging_mixin.py:190} INFO - [2024-10-13T20:13:51.922-0400] {dagbag.py:588} INFO - Filling up the DagBag from /Users/karenwang/anaconda3/envs/airflow_sqlite_env/lib/python3.9/site-packages/airflow/example_dags/example_setup_teardown_taskflow.py
[2024-10-13T20:13:52.029-0400] {processor.py:925} INFO - DAG(s) 'example_setup_teardown_taskflow' retrieved from /Users/karenwang/anaconda3/envs/airflow_sqlite_env/lib/python3.9/site-packages/airflow/example_dags/example_setup_teardown_taskflow.py
[2024-10-13T20:13:52.192-0400] {logging_mixin.py:190} INFO - [2024-10-13T20:13:52.192-0400] {dag.py:3239} INFO - Sync 1 DAGs
[2024-10-13T20:13:52.205-0400] {logging_mixin.py:190} INFO - [2024-10-13T20:13:52.205-0400] {dag.py:4180} INFO - Setting next_dagrun for example_setup_teardown_taskflow to None, run_after=None
[2024-10-13T20:13:52.230-0400] {processor.py:208} INFO - Processing /Users/karenwang/anaconda3/envs/airflow_sqlite_env/lib/python3.9/site-packages/airflow/example_dags/example_setup_teardown_taskflow.py took 0.318 seconds
[2024-10-13T20:18:01.527-0400] {processor.py:186} INFO - Started process (PID=30654) to work on /Users/karenwang/anaconda3/envs/airflow_sqlite_env/lib/python3.9/site-packages/airflow/example_dags/example_setup_teardown_taskflow.py
[2024-10-13T20:18:01.528-0400] {processor.py:914} INFO - Processing file /Users/karenwang/anaconda3/envs/airflow_sqlite_env/lib/python3.9/site-packages/airflow/example_dags/example_setup_teardown_taskflow.py for tasks to queue
[2024-10-13T20:18:01.530-0400] {logging_mixin.py:190} INFO - [2024-10-13T20:18:01.530-0400] {dagbag.py:588} INFO - Filling up the DagBag from /Users/karenwang/anaconda3/envs/airflow_sqlite_env/lib/python3.9/site-packages/airflow/example_dags/example_setup_teardown_taskflow.py
[2024-10-13T20:18:01.629-0400] {processor.py:925} INFO - DAG(s) 'example_setup_teardown_taskflow' retrieved from /Users/karenwang/anaconda3/envs/airflow_sqlite_env/lib/python3.9/site-packages/airflow/example_dags/example_setup_teardown_taskflow.py
[2024-10-13T20:18:01.779-0400] {logging_mixin.py:190} INFO - [2024-10-13T20:18:01.779-0400] {dag.py:3239} INFO - Sync 1 DAGs
[2024-10-13T20:18:01.791-0400] {logging_mixin.py:190} INFO - [2024-10-13T20:18:01.791-0400] {dag.py:4180} INFO - Setting next_dagrun for example_setup_teardown_taskflow to None, run_after=None
[2024-10-13T20:18:01.813-0400] {processor.py:208} INFO - Processing /Users/karenwang/anaconda3/envs/airflow_sqlite_env/lib/python3.9/site-packages/airflow/example_dags/example_setup_teardown_taskflow.py took 0.292 seconds
[2024-10-13T20:22:24.728-0400] {processor.py:186} INFO - Started process (PID=32120) to work on /Users/karenwang/anaconda3/envs/airflow_sqlite_env/lib/python3.9/site-packages/airflow/example_dags/example_setup_teardown_taskflow.py
[2024-10-13T20:22:24.731-0400] {processor.py:914} INFO - Processing file /Users/karenwang/anaconda3/envs/airflow_sqlite_env/lib/python3.9/site-packages/airflow/example_dags/example_setup_teardown_taskflow.py for tasks to queue
[2024-10-13T20:22:24.732-0400] {logging_mixin.py:190} INFO - [2024-10-13T20:22:24.732-0400] {dagbag.py:588} INFO - Filling up the DagBag from /Users/karenwang/anaconda3/envs/airflow_sqlite_env/lib/python3.9/site-packages/airflow/example_dags/example_setup_teardown_taskflow.py
[2024-10-13T20:22:24.855-0400] {processor.py:925} INFO - DAG(s) 'example_setup_teardown_taskflow' retrieved from /Users/karenwang/anaconda3/envs/airflow_sqlite_env/lib/python3.9/site-packages/airflow/example_dags/example_setup_teardown_taskflow.py
[2024-10-13T20:22:25.057-0400] {logging_mixin.py:190} INFO - [2024-10-13T20:22:25.057-0400] {dag.py:3239} INFO - Sync 1 DAGs
[2024-10-13T20:22:25.085-0400] {logging_mixin.py:190} INFO - [2024-10-13T20:22:25.084-0400] {dag.py:4180} INFO - Setting next_dagrun for example_setup_teardown_taskflow to None, run_after=None
[2024-10-13T20:22:25.114-0400] {processor.py:208} INFO - Processing /Users/karenwang/anaconda3/envs/airflow_sqlite_env/lib/python3.9/site-packages/airflow/example_dags/example_setup_teardown_taskflow.py took 0.391 seconds
[2024-10-13T20:28:03.802-0400] {processor.py:186} INFO - Started process (PID=33973) to work on /Users/karenwang/anaconda3/envs/airflow_sqlite_env/lib/python3.9/site-packages/airflow/example_dags/example_setup_teardown_taskflow.py
[2024-10-13T20:28:03.804-0400] {processor.py:914} INFO - Processing file /Users/karenwang/anaconda3/envs/airflow_sqlite_env/lib/python3.9/site-packages/airflow/example_dags/example_setup_teardown_taskflow.py for tasks to queue
[2024-10-13T20:28:03.805-0400] {logging_mixin.py:190} INFO - [2024-10-13T20:28:03.805-0400] {dagbag.py:588} INFO - Filling up the DagBag from /Users/karenwang/anaconda3/envs/airflow_sqlite_env/lib/python3.9/site-packages/airflow/example_dags/example_setup_teardown_taskflow.py
[2024-10-13T20:28:03.914-0400] {processor.py:925} INFO - DAG(s) 'example_setup_teardown_taskflow' retrieved from /Users/karenwang/anaconda3/envs/airflow_sqlite_env/lib/python3.9/site-packages/airflow/example_dags/example_setup_teardown_taskflow.py
[2024-10-13T20:28:04.086-0400] {logging_mixin.py:190} INFO - [2024-10-13T20:28:04.085-0400] {dag.py:3239} INFO - Sync 1 DAGs
[2024-10-13T20:28:04.102-0400] {logging_mixin.py:190} INFO - [2024-10-13T20:28:04.102-0400] {dag.py:4180} INFO - Setting next_dagrun for example_setup_teardown_taskflow to None, run_after=None
[2024-10-13T20:28:04.126-0400] {processor.py:208} INFO - Processing /Users/karenwang/anaconda3/envs/airflow_sqlite_env/lib/python3.9/site-packages/airflow/example_dags/example_setup_teardown_taskflow.py took 0.330 seconds
[2024-10-13T20:32:33.949-0400] {processor.py:186} INFO - Started process (PID=35491) to work on /Users/karenwang/anaconda3/envs/airflow_sqlite_env/lib/python3.9/site-packages/airflow/example_dags/example_setup_teardown_taskflow.py
[2024-10-13T20:32:33.951-0400] {processor.py:914} INFO - Processing file /Users/karenwang/anaconda3/envs/airflow_sqlite_env/lib/python3.9/site-packages/airflow/example_dags/example_setup_teardown_taskflow.py for tasks to queue
[2024-10-13T20:32:33.952-0400] {logging_mixin.py:190} INFO - [2024-10-13T20:32:33.952-0400] {dagbag.py:588} INFO - Filling up the DagBag from /Users/karenwang/anaconda3/envs/airflow_sqlite_env/lib/python3.9/site-packages/airflow/example_dags/example_setup_teardown_taskflow.py
[2024-10-13T20:32:34.036-0400] {processor.py:925} INFO - DAG(s) 'example_setup_teardown_taskflow' retrieved from /Users/karenwang/anaconda3/envs/airflow_sqlite_env/lib/python3.9/site-packages/airflow/example_dags/example_setup_teardown_taskflow.py
[2024-10-13T20:32:34.181-0400] {logging_mixin.py:190} INFO - [2024-10-13T20:32:34.181-0400] {dag.py:3239} INFO - Sync 1 DAGs
[2024-10-13T20:32:34.194-0400] {logging_mixin.py:190} INFO - [2024-10-13T20:32:34.194-0400] {dag.py:4180} INFO - Setting next_dagrun for example_setup_teardown_taskflow to None, run_after=None
[2024-10-13T20:32:34.219-0400] {processor.py:208} INFO - Processing /Users/karenwang/anaconda3/envs/airflow_sqlite_env/lib/python3.9/site-packages/airflow/example_dags/example_setup_teardown_taskflow.py took 0.275 seconds
[2024-10-13T20:36:14.730-0400] {processor.py:186} INFO - Started process (PID=36653) to work on /Users/karenwang/anaconda3/envs/airflow_sqlite_env/lib/python3.9/site-packages/airflow/example_dags/example_setup_teardown_taskflow.py
[2024-10-13T20:36:14.731-0400] {processor.py:914} INFO - Processing file /Users/karenwang/anaconda3/envs/airflow_sqlite_env/lib/python3.9/site-packages/airflow/example_dags/example_setup_teardown_taskflow.py for tasks to queue
[2024-10-13T20:36:14.732-0400] {logging_mixin.py:190} INFO - [2024-10-13T20:36:14.732-0400] {dagbag.py:588} INFO - Filling up the DagBag from /Users/karenwang/anaconda3/envs/airflow_sqlite_env/lib/python3.9/site-packages/airflow/example_dags/example_setup_teardown_taskflow.py
[2024-10-13T20:36:14.832-0400] {processor.py:925} INFO - DAG(s) 'example_setup_teardown_taskflow' retrieved from /Users/karenwang/anaconda3/envs/airflow_sqlite_env/lib/python3.9/site-packages/airflow/example_dags/example_setup_teardown_taskflow.py
[2024-10-13T20:36:14.999-0400] {logging_mixin.py:190} INFO - [2024-10-13T20:36:14.999-0400] {dag.py:3239} INFO - Sync 1 DAGs
[2024-10-13T20:36:15.015-0400] {logging_mixin.py:190} INFO - [2024-10-13T20:36:15.014-0400] {dag.py:4180} INFO - Setting next_dagrun for example_setup_teardown_taskflow to None, run_after=None
[2024-10-13T20:36:15.038-0400] {processor.py:208} INFO - Processing /Users/karenwang/anaconda3/envs/airflow_sqlite_env/lib/python3.9/site-packages/airflow/example_dags/example_setup_teardown_taskflow.py took 0.316 seconds
[2024-10-13T20:39:54.248-0400] {processor.py:186} INFO - Started process (PID=37790) to work on /Users/karenwang/anaconda3/envs/airflow_sqlite_env/lib/python3.9/site-packages/airflow/example_dags/example_setup_teardown_taskflow.py
[2024-10-13T20:39:54.250-0400] {processor.py:914} INFO - Processing file /Users/karenwang/anaconda3/envs/airflow_sqlite_env/lib/python3.9/site-packages/airflow/example_dags/example_setup_teardown_taskflow.py for tasks to queue
[2024-10-13T20:39:54.252-0400] {logging_mixin.py:190} INFO - [2024-10-13T20:39:54.251-0400] {dagbag.py:588} INFO - Filling up the DagBag from /Users/karenwang/anaconda3/envs/airflow_sqlite_env/lib/python3.9/site-packages/airflow/example_dags/example_setup_teardown_taskflow.py
[2024-10-13T20:39:54.353-0400] {processor.py:925} INFO - DAG(s) 'example_setup_teardown_taskflow' retrieved from /Users/karenwang/anaconda3/envs/airflow_sqlite_env/lib/python3.9/site-packages/airflow/example_dags/example_setup_teardown_taskflow.py
[2024-10-13T20:39:54.517-0400] {logging_mixin.py:190} INFO - [2024-10-13T20:39:54.516-0400] {dag.py:3239} INFO - Sync 1 DAGs
[2024-10-13T20:39:54.530-0400] {logging_mixin.py:190} INFO - [2024-10-13T20:39:54.530-0400] {dag.py:4180} INFO - Setting next_dagrun for example_setup_teardown_taskflow to None, run_after=None
[2024-10-13T20:39:54.552-0400] {processor.py:208} INFO - Processing /Users/karenwang/anaconda3/envs/airflow_sqlite_env/lib/python3.9/site-packages/airflow/example_dags/example_setup_teardown_taskflow.py took 0.310 seconds
[2024-10-13T20:43:34.716-0400] {processor.py:186} INFO - Started process (PID=38919) to work on /Users/karenwang/anaconda3/envs/airflow_sqlite_env/lib/python3.9/site-packages/airflow/example_dags/example_setup_teardown_taskflow.py
[2024-10-13T20:43:34.717-0400] {processor.py:914} INFO - Processing file /Users/karenwang/anaconda3/envs/airflow_sqlite_env/lib/python3.9/site-packages/airflow/example_dags/example_setup_teardown_taskflow.py for tasks to queue
[2024-10-13T20:43:34.719-0400] {logging_mixin.py:190} INFO - [2024-10-13T20:43:34.719-0400] {dagbag.py:588} INFO - Filling up the DagBag from /Users/karenwang/anaconda3/envs/airflow_sqlite_env/lib/python3.9/site-packages/airflow/example_dags/example_setup_teardown_taskflow.py
[2024-10-13T20:43:34.812-0400] {processor.py:925} INFO - DAG(s) 'example_setup_teardown_taskflow' retrieved from /Users/karenwang/anaconda3/envs/airflow_sqlite_env/lib/python3.9/site-packages/airflow/example_dags/example_setup_teardown_taskflow.py
[2024-10-13T20:43:34.968-0400] {logging_mixin.py:190} INFO - [2024-10-13T20:43:34.967-0400] {dag.py:3239} INFO - Sync 1 DAGs
[2024-10-13T20:43:34.984-0400] {logging_mixin.py:190} INFO - [2024-10-13T20:43:34.984-0400] {dag.py:4180} INFO - Setting next_dagrun for example_setup_teardown_taskflow to None, run_after=None
[2024-10-13T20:43:35.005-0400] {processor.py:208} INFO - Processing /Users/karenwang/anaconda3/envs/airflow_sqlite_env/lib/python3.9/site-packages/airflow/example_dags/example_setup_teardown_taskflow.py took 0.295 seconds
[2024-10-13T20:47:13.876-0400] {processor.py:186} INFO - Started process (PID=40079) to work on /Users/karenwang/anaconda3/envs/airflow_sqlite_env/lib/python3.9/site-packages/airflow/example_dags/example_setup_teardown_taskflow.py
[2024-10-13T20:47:13.878-0400] {processor.py:914} INFO - Processing file /Users/karenwang/anaconda3/envs/airflow_sqlite_env/lib/python3.9/site-packages/airflow/example_dags/example_setup_teardown_taskflow.py for tasks to queue
[2024-10-13T20:47:13.879-0400] {logging_mixin.py:190} INFO - [2024-10-13T20:47:13.879-0400] {dagbag.py:588} INFO - Filling up the DagBag from /Users/karenwang/anaconda3/envs/airflow_sqlite_env/lib/python3.9/site-packages/airflow/example_dags/example_setup_teardown_taskflow.py
[2024-10-13T20:47:13.978-0400] {processor.py:925} INFO - DAG(s) 'example_setup_teardown_taskflow' retrieved from /Users/karenwang/anaconda3/envs/airflow_sqlite_env/lib/python3.9/site-packages/airflow/example_dags/example_setup_teardown_taskflow.py
[2024-10-13T20:47:14.127-0400] {logging_mixin.py:190} INFO - [2024-10-13T20:47:14.126-0400] {dag.py:3239} INFO - Sync 1 DAGs
[2024-10-13T20:47:14.139-0400] {logging_mixin.py:190} INFO - [2024-10-13T20:47:14.139-0400] {dag.py:4180} INFO - Setting next_dagrun for example_setup_teardown_taskflow to None, run_after=None
[2024-10-13T20:47:14.160-0400] {processor.py:208} INFO - Processing /Users/karenwang/anaconda3/envs/airflow_sqlite_env/lib/python3.9/site-packages/airflow/example_dags/example_setup_teardown_taskflow.py took 0.290 seconds
[2024-10-13T20:50:53.399-0400] {processor.py:186} INFO - Started process (PID=41201) to work on /Users/karenwang/anaconda3/envs/airflow_sqlite_env/lib/python3.9/site-packages/airflow/example_dags/example_setup_teardown_taskflow.py
[2024-10-13T20:50:53.401-0400] {processor.py:914} INFO - Processing file /Users/karenwang/anaconda3/envs/airflow_sqlite_env/lib/python3.9/site-packages/airflow/example_dags/example_setup_teardown_taskflow.py for tasks to queue
[2024-10-13T20:50:53.403-0400] {logging_mixin.py:190} INFO - [2024-10-13T20:50:53.402-0400] {dagbag.py:588} INFO - Filling up the DagBag from /Users/karenwang/anaconda3/envs/airflow_sqlite_env/lib/python3.9/site-packages/airflow/example_dags/example_setup_teardown_taskflow.py
[2024-10-13T20:50:53.496-0400] {processor.py:925} INFO - DAG(s) 'example_setup_teardown_taskflow' retrieved from /Users/karenwang/anaconda3/envs/airflow_sqlite_env/lib/python3.9/site-packages/airflow/example_dags/example_setup_teardown_taskflow.py
[2024-10-13T20:50:53.648-0400] {logging_mixin.py:190} INFO - [2024-10-13T20:50:53.648-0400] {dag.py:3239} INFO - Sync 1 DAGs
[2024-10-13T20:50:53.663-0400] {logging_mixin.py:190} INFO - [2024-10-13T20:50:53.663-0400] {dag.py:4180} INFO - Setting next_dagrun for example_setup_teardown_taskflow to None, run_after=None
[2024-10-13T20:50:53.684-0400] {processor.py:208} INFO - Processing /Users/karenwang/anaconda3/envs/airflow_sqlite_env/lib/python3.9/site-packages/airflow/example_dags/example_setup_teardown_taskflow.py took 0.291 seconds
[2024-10-13T20:54:32.145-0400] {processor.py:186} INFO - Started process (PID=42338) to work on /Users/karenwang/anaconda3/envs/airflow_sqlite_env/lib/python3.9/site-packages/airflow/example_dags/example_setup_teardown_taskflow.py
[2024-10-13T20:54:32.147-0400] {processor.py:914} INFO - Processing file /Users/karenwang/anaconda3/envs/airflow_sqlite_env/lib/python3.9/site-packages/airflow/example_dags/example_setup_teardown_taskflow.py for tasks to queue
[2024-10-13T20:54:32.149-0400] {logging_mixin.py:190} INFO - [2024-10-13T20:54:32.149-0400] {dagbag.py:588} INFO - Filling up the DagBag from /Users/karenwang/anaconda3/envs/airflow_sqlite_env/lib/python3.9/site-packages/airflow/example_dags/example_setup_teardown_taskflow.py
[2024-10-13T20:54:32.254-0400] {processor.py:925} INFO - DAG(s) 'example_setup_teardown_taskflow' retrieved from /Users/karenwang/anaconda3/envs/airflow_sqlite_env/lib/python3.9/site-packages/airflow/example_dags/example_setup_teardown_taskflow.py
[2024-10-13T20:54:32.393-0400] {logging_mixin.py:190} INFO - [2024-10-13T20:54:32.393-0400] {dag.py:3239} INFO - Sync 1 DAGs
[2024-10-13T20:54:32.405-0400] {logging_mixin.py:190} INFO - [2024-10-13T20:54:32.405-0400] {dag.py:4180} INFO - Setting next_dagrun for example_setup_teardown_taskflow to None, run_after=None
[2024-10-13T20:54:32.428-0400] {processor.py:208} INFO - Processing /Users/karenwang/anaconda3/envs/airflow_sqlite_env/lib/python3.9/site-packages/airflow/example_dags/example_setup_teardown_taskflow.py took 0.291 seconds
[2024-10-13T20:58:13.575-0400] {processor.py:186} INFO - Started process (PID=43497) to work on /Users/karenwang/anaconda3/envs/airflow_sqlite_env/lib/python3.9/site-packages/airflow/example_dags/example_setup_teardown_taskflow.py
[2024-10-13T20:58:13.576-0400] {processor.py:914} INFO - Processing file /Users/karenwang/anaconda3/envs/airflow_sqlite_env/lib/python3.9/site-packages/airflow/example_dags/example_setup_teardown_taskflow.py for tasks to queue
[2024-10-13T20:58:13.578-0400] {logging_mixin.py:190} INFO - [2024-10-13T20:58:13.577-0400] {dagbag.py:588} INFO - Filling up the DagBag from /Users/karenwang/anaconda3/envs/airflow_sqlite_env/lib/python3.9/site-packages/airflow/example_dags/example_setup_teardown_taskflow.py
[2024-10-13T20:58:13.664-0400] {processor.py:925} INFO - DAG(s) 'example_setup_teardown_taskflow' retrieved from /Users/karenwang/anaconda3/envs/airflow_sqlite_env/lib/python3.9/site-packages/airflow/example_dags/example_setup_teardown_taskflow.py
[2024-10-13T20:58:13.814-0400] {logging_mixin.py:190} INFO - [2024-10-13T20:58:13.814-0400] {dag.py:3239} INFO - Sync 1 DAGs
[2024-10-13T20:58:13.828-0400] {logging_mixin.py:190} INFO - [2024-10-13T20:58:13.828-0400] {dag.py:4180} INFO - Setting next_dagrun for example_setup_teardown_taskflow to None, run_after=None
[2024-10-13T20:58:13.848-0400] {processor.py:208} INFO - Processing /Users/karenwang/anaconda3/envs/airflow_sqlite_env/lib/python3.9/site-packages/airflow/example_dags/example_setup_teardown_taskflow.py took 0.279 seconds
[2024-10-13T21:01:53.261-0400] {processor.py:186} INFO - Started process (PID=44624) to work on /Users/karenwang/anaconda3/envs/airflow_sqlite_env/lib/python3.9/site-packages/airflow/example_dags/example_setup_teardown_taskflow.py
[2024-10-13T21:01:53.263-0400] {processor.py:914} INFO - Processing file /Users/karenwang/anaconda3/envs/airflow_sqlite_env/lib/python3.9/site-packages/airflow/example_dags/example_setup_teardown_taskflow.py for tasks to queue
[2024-10-13T21:01:53.264-0400] {logging_mixin.py:190} INFO - [2024-10-13T21:01:53.264-0400] {dagbag.py:588} INFO - Filling up the DagBag from /Users/karenwang/anaconda3/envs/airflow_sqlite_env/lib/python3.9/site-packages/airflow/example_dags/example_setup_teardown_taskflow.py
[2024-10-13T21:01:53.361-0400] {processor.py:925} INFO - DAG(s) 'example_setup_teardown_taskflow' retrieved from /Users/karenwang/anaconda3/envs/airflow_sqlite_env/lib/python3.9/site-packages/airflow/example_dags/example_setup_teardown_taskflow.py
[2024-10-13T21:01:53.506-0400] {logging_mixin.py:190} INFO - [2024-10-13T21:01:53.506-0400] {dag.py:3239} INFO - Sync 1 DAGs
[2024-10-13T21:01:53.518-0400] {logging_mixin.py:190} INFO - [2024-10-13T21:01:53.518-0400] {dag.py:4180} INFO - Setting next_dagrun for example_setup_teardown_taskflow to None, run_after=None
[2024-10-13T21:01:53.542-0400] {processor.py:208} INFO - Processing /Users/karenwang/anaconda3/envs/airflow_sqlite_env/lib/python3.9/site-packages/airflow/example_dags/example_setup_teardown_taskflow.py took 0.287 seconds
[2024-10-13T21:05:32.990-0400] {processor.py:186} INFO - Started process (PID=45755) to work on /Users/karenwang/anaconda3/envs/airflow_sqlite_env/lib/python3.9/site-packages/airflow/example_dags/example_setup_teardown_taskflow.py
[2024-10-13T21:05:32.992-0400] {processor.py:914} INFO - Processing file /Users/karenwang/anaconda3/envs/airflow_sqlite_env/lib/python3.9/site-packages/airflow/example_dags/example_setup_teardown_taskflow.py for tasks to queue
[2024-10-13T21:05:32.993-0400] {logging_mixin.py:190} INFO - [2024-10-13T21:05:32.993-0400] {dagbag.py:588} INFO - Filling up the DagBag from /Users/karenwang/anaconda3/envs/airflow_sqlite_env/lib/python3.9/site-packages/airflow/example_dags/example_setup_teardown_taskflow.py
[2024-10-13T21:05:33.090-0400] {processor.py:925} INFO - DAG(s) 'example_setup_teardown_taskflow' retrieved from /Users/karenwang/anaconda3/envs/airflow_sqlite_env/lib/python3.9/site-packages/airflow/example_dags/example_setup_teardown_taskflow.py
[2024-10-13T21:05:33.234-0400] {logging_mixin.py:190} INFO - [2024-10-13T21:05:33.234-0400] {dag.py:3239} INFO - Sync 1 DAGs
[2024-10-13T21:05:33.246-0400] {logging_mixin.py:190} INFO - [2024-10-13T21:05:33.246-0400] {dag.py:4180} INFO - Setting next_dagrun for example_setup_teardown_taskflow to None, run_after=None
[2024-10-13T21:05:33.267-0400] {processor.py:208} INFO - Processing /Users/karenwang/anaconda3/envs/airflow_sqlite_env/lib/python3.9/site-packages/airflow/example_dags/example_setup_teardown_taskflow.py took 0.282 seconds
[2024-10-13T21:11:01.006-0400] {processor.py:186} INFO - Started process (PID=47539) to work on /Users/karenwang/anaconda3/envs/airflow_sqlite_env/lib/python3.9/site-packages/airflow/example_dags/example_setup_teardown_taskflow.py
[2024-10-13T21:11:01.007-0400] {processor.py:914} INFO - Processing file /Users/karenwang/anaconda3/envs/airflow_sqlite_env/lib/python3.9/site-packages/airflow/example_dags/example_setup_teardown_taskflow.py for tasks to queue
[2024-10-13T21:11:01.009-0400] {logging_mixin.py:190} INFO - [2024-10-13T21:11:01.008-0400] {dagbag.py:588} INFO - Filling up the DagBag from /Users/karenwang/anaconda3/envs/airflow_sqlite_env/lib/python3.9/site-packages/airflow/example_dags/example_setup_teardown_taskflow.py
[2024-10-13T21:11:01.125-0400] {processor.py:925} INFO - DAG(s) 'example_setup_teardown_taskflow' retrieved from /Users/karenwang/anaconda3/envs/airflow_sqlite_env/lib/python3.9/site-packages/airflow/example_dags/example_setup_teardown_taskflow.py
[2024-10-13T21:11:01.279-0400] {logging_mixin.py:190} INFO - [2024-10-13T21:11:01.279-0400] {dag.py:3239} INFO - Sync 1 DAGs
[2024-10-13T21:11:01.297-0400] {logging_mixin.py:190} INFO - [2024-10-13T21:11:01.297-0400] {dag.py:4180} INFO - Setting next_dagrun for example_setup_teardown_taskflow to None, run_after=None
[2024-10-13T21:11:01.318-0400] {processor.py:208} INFO - Processing /Users/karenwang/anaconda3/envs/airflow_sqlite_env/lib/python3.9/site-packages/airflow/example_dags/example_setup_teardown_taskflow.py took 0.318 seconds
[2024-10-13T21:15:33.764-0400] {processor.py:186} INFO - Started process (PID=49033) to work on /Users/karenwang/anaconda3/envs/airflow_sqlite_env/lib/python3.9/site-packages/airflow/example_dags/example_setup_teardown_taskflow.py
[2024-10-13T21:15:33.766-0400] {processor.py:914} INFO - Processing file /Users/karenwang/anaconda3/envs/airflow_sqlite_env/lib/python3.9/site-packages/airflow/example_dags/example_setup_teardown_taskflow.py for tasks to queue
[2024-10-13T21:15:33.768-0400] {logging_mixin.py:190} INFO - [2024-10-13T21:15:33.768-0400] {dagbag.py:588} INFO - Filling up the DagBag from /Users/karenwang/anaconda3/envs/airflow_sqlite_env/lib/python3.9/site-packages/airflow/example_dags/example_setup_teardown_taskflow.py
[2024-10-13T21:15:33.886-0400] {processor.py:925} INFO - DAG(s) 'example_setup_teardown_taskflow' retrieved from /Users/karenwang/anaconda3/envs/airflow_sqlite_env/lib/python3.9/site-packages/airflow/example_dags/example_setup_teardown_taskflow.py
[2024-10-13T21:15:34.047-0400] {logging_mixin.py:190} INFO - [2024-10-13T21:15:34.047-0400] {dag.py:3239} INFO - Sync 1 DAGs
[2024-10-13T21:15:34.064-0400] {logging_mixin.py:190} INFO - [2024-10-13T21:15:34.063-0400] {dag.py:4180} INFO - Setting next_dagrun for example_setup_teardown_taskflow to None, run_after=None
[2024-10-13T21:15:34.090-0400] {processor.py:208} INFO - Processing /Users/karenwang/anaconda3/envs/airflow_sqlite_env/lib/python3.9/site-packages/airflow/example_dags/example_setup_teardown_taskflow.py took 0.331 seconds
[2024-10-13T21:19:23.432-0400] {processor.py:186} INFO - Started process (PID=50369) to work on /Users/karenwang/anaconda3/envs/airflow_sqlite_env/lib/python3.9/site-packages/airflow/example_dags/example_setup_teardown_taskflow.py
[2024-10-13T21:19:23.433-0400] {processor.py:914} INFO - Processing file /Users/karenwang/anaconda3/envs/airflow_sqlite_env/lib/python3.9/site-packages/airflow/example_dags/example_setup_teardown_taskflow.py for tasks to queue
[2024-10-13T21:19:23.434-0400] {logging_mixin.py:190} INFO - [2024-10-13T21:19:23.434-0400] {dagbag.py:588} INFO - Filling up the DagBag from /Users/karenwang/anaconda3/envs/airflow_sqlite_env/lib/python3.9/site-packages/airflow/example_dags/example_setup_teardown_taskflow.py
[2024-10-13T21:19:23.518-0400] {processor.py:925} INFO - DAG(s) 'example_setup_teardown_taskflow' retrieved from /Users/karenwang/anaconda3/envs/airflow_sqlite_env/lib/python3.9/site-packages/airflow/example_dags/example_setup_teardown_taskflow.py
[2024-10-13T21:19:23.676-0400] {logging_mixin.py:190} INFO - [2024-10-13T21:19:23.675-0400] {dag.py:3239} INFO - Sync 1 DAGs
[2024-10-13T21:19:23.692-0400] {logging_mixin.py:190} INFO - [2024-10-13T21:19:23.691-0400] {dag.py:4180} INFO - Setting next_dagrun for example_setup_teardown_taskflow to None, run_after=None
[2024-10-13T21:19:23.722-0400] {processor.py:208} INFO - Processing /Users/karenwang/anaconda3/envs/airflow_sqlite_env/lib/python3.9/site-packages/airflow/example_dags/example_setup_teardown_taskflow.py took 0.296 seconds
[2024-10-13T21:23:04.714-0400] {processor.py:186} INFO - Started process (PID=51509) to work on /Users/karenwang/anaconda3/envs/airflow_sqlite_env/lib/python3.9/site-packages/airflow/example_dags/example_setup_teardown_taskflow.py
[2024-10-13T21:23:04.715-0400] {processor.py:914} INFO - Processing file /Users/karenwang/anaconda3/envs/airflow_sqlite_env/lib/python3.9/site-packages/airflow/example_dags/example_setup_teardown_taskflow.py for tasks to queue
[2024-10-13T21:23:04.717-0400] {logging_mixin.py:190} INFO - [2024-10-13T21:23:04.716-0400] {dagbag.py:588} INFO - Filling up the DagBag from /Users/karenwang/anaconda3/envs/airflow_sqlite_env/lib/python3.9/site-packages/airflow/example_dags/example_setup_teardown_taskflow.py
[2024-10-13T21:23:04.823-0400] {processor.py:925} INFO - DAG(s) 'example_setup_teardown_taskflow' retrieved from /Users/karenwang/anaconda3/envs/airflow_sqlite_env/lib/python3.9/site-packages/airflow/example_dags/example_setup_teardown_taskflow.py
[2024-10-13T21:23:04.988-0400] {logging_mixin.py:190} INFO - [2024-10-13T21:23:04.987-0400] {dag.py:3239} INFO - Sync 1 DAGs
[2024-10-13T21:23:05.001-0400] {logging_mixin.py:190} INFO - [2024-10-13T21:23:05.001-0400] {dag.py:4180} INFO - Setting next_dagrun for example_setup_teardown_taskflow to None, run_after=None
[2024-10-13T21:23:05.024-0400] {processor.py:208} INFO - Processing /Users/karenwang/anaconda3/envs/airflow_sqlite_env/lib/python3.9/site-packages/airflow/example_dags/example_setup_teardown_taskflow.py took 0.316 seconds
[2024-10-13T21:26:44.036-0400] {processor.py:186} INFO - Started process (PID=52640) to work on /Users/karenwang/anaconda3/envs/airflow_sqlite_env/lib/python3.9/site-packages/airflow/example_dags/example_setup_teardown_taskflow.py
[2024-10-13T21:26:44.038-0400] {processor.py:914} INFO - Processing file /Users/karenwang/anaconda3/envs/airflow_sqlite_env/lib/python3.9/site-packages/airflow/example_dags/example_setup_teardown_taskflow.py for tasks to queue
[2024-10-13T21:26:44.039-0400] {logging_mixin.py:190} INFO - [2024-10-13T21:26:44.039-0400] {dagbag.py:588} INFO - Filling up the DagBag from /Users/karenwang/anaconda3/envs/airflow_sqlite_env/lib/python3.9/site-packages/airflow/example_dags/example_setup_teardown_taskflow.py
[2024-10-13T21:26:44.134-0400] {processor.py:925} INFO - DAG(s) 'example_setup_teardown_taskflow' retrieved from /Users/karenwang/anaconda3/envs/airflow_sqlite_env/lib/python3.9/site-packages/airflow/example_dags/example_setup_teardown_taskflow.py
[2024-10-13T21:26:44.282-0400] {logging_mixin.py:190} INFO - [2024-10-13T21:26:44.282-0400] {dag.py:3239} INFO - Sync 1 DAGs
[2024-10-13T21:26:44.298-0400] {logging_mixin.py:190} INFO - [2024-10-13T21:26:44.298-0400] {dag.py:4180} INFO - Setting next_dagrun for example_setup_teardown_taskflow to None, run_after=None
[2024-10-13T21:26:44.322-0400] {processor.py:208} INFO - Processing /Users/karenwang/anaconda3/envs/airflow_sqlite_env/lib/python3.9/site-packages/airflow/example_dags/example_setup_teardown_taskflow.py took 0.292 seconds
[2024-10-13T21:30:38.838-0400] {processor.py:186} INFO - Started process (PID=53888) to work on /Users/karenwang/anaconda3/envs/airflow_sqlite_env/lib/python3.9/site-packages/airflow/example_dags/example_setup_teardown_taskflow.py
[2024-10-13T21:30:38.840-0400] {processor.py:914} INFO - Processing file /Users/karenwang/anaconda3/envs/airflow_sqlite_env/lib/python3.9/site-packages/airflow/example_dags/example_setup_teardown_taskflow.py for tasks to queue
[2024-10-13T21:30:38.842-0400] {logging_mixin.py:190} INFO - [2024-10-13T21:30:38.841-0400] {dagbag.py:588} INFO - Filling up the DagBag from /Users/karenwang/anaconda3/envs/airflow_sqlite_env/lib/python3.9/site-packages/airflow/example_dags/example_setup_teardown_taskflow.py
[2024-10-13T21:30:38.942-0400] {processor.py:925} INFO - DAG(s) 'example_setup_teardown_taskflow' retrieved from /Users/karenwang/anaconda3/envs/airflow_sqlite_env/lib/python3.9/site-packages/airflow/example_dags/example_setup_teardown_taskflow.py
[2024-10-13T21:30:39.098-0400] {logging_mixin.py:190} INFO - [2024-10-13T21:30:39.098-0400] {dag.py:3239} INFO - Sync 1 DAGs
[2024-10-13T21:30:39.115-0400] {logging_mixin.py:190} INFO - [2024-10-13T21:30:39.114-0400] {dag.py:4180} INFO - Setting next_dagrun for example_setup_teardown_taskflow to None, run_after=None
[2024-10-13T21:30:39.140-0400] {processor.py:208} INFO - Processing /Users/karenwang/anaconda3/envs/airflow_sqlite_env/lib/python3.9/site-packages/airflow/example_dags/example_setup_teardown_taskflow.py took 0.308 seconds
[2024-10-13T21:34:37.261-0400] {processor.py:186} INFO - Started process (PID=55116) to work on /Users/karenwang/anaconda3/envs/airflow_sqlite_env/lib/python3.9/site-packages/airflow/example_dags/example_setup_teardown_taskflow.py
[2024-10-13T21:34:37.263-0400] {processor.py:914} INFO - Processing file /Users/karenwang/anaconda3/envs/airflow_sqlite_env/lib/python3.9/site-packages/airflow/example_dags/example_setup_teardown_taskflow.py for tasks to queue
[2024-10-13T21:34:37.265-0400] {logging_mixin.py:190} INFO - [2024-10-13T21:34:37.265-0400] {dagbag.py:588} INFO - Filling up the DagBag from /Users/karenwang/anaconda3/envs/airflow_sqlite_env/lib/python3.9/site-packages/airflow/example_dags/example_setup_teardown_taskflow.py
[2024-10-13T21:34:37.423-0400] {processor.py:925} INFO - DAG(s) 'example_setup_teardown_taskflow' retrieved from /Users/karenwang/anaconda3/envs/airflow_sqlite_env/lib/python3.9/site-packages/airflow/example_dags/example_setup_teardown_taskflow.py
[2024-10-13T21:34:37.569-0400] {logging_mixin.py:190} INFO - [2024-10-13T21:34:37.569-0400] {dag.py:3239} INFO - Sync 1 DAGs
[2024-10-13T21:34:37.586-0400] {logging_mixin.py:190} INFO - [2024-10-13T21:34:37.586-0400] {dag.py:4180} INFO - Setting next_dagrun for example_setup_teardown_taskflow to None, run_after=None
[2024-10-13T21:34:37.610-0400] {processor.py:208} INFO - Processing /Users/karenwang/anaconda3/envs/airflow_sqlite_env/lib/python3.9/site-packages/airflow/example_dags/example_setup_teardown_taskflow.py took 0.356 seconds
[2024-10-13T21:38:29.564-0400] {processor.py:186} INFO - Started process (PID=56339) to work on /Users/karenwang/anaconda3/envs/airflow_sqlite_env/lib/python3.9/site-packages/airflow/example_dags/example_setup_teardown_taskflow.py
[2024-10-13T21:38:29.565-0400] {processor.py:914} INFO - Processing file /Users/karenwang/anaconda3/envs/airflow_sqlite_env/lib/python3.9/site-packages/airflow/example_dags/example_setup_teardown_taskflow.py for tasks to queue
[2024-10-13T21:38:29.567-0400] {logging_mixin.py:190} INFO - [2024-10-13T21:38:29.566-0400] {dagbag.py:588} INFO - Filling up the DagBag from /Users/karenwang/anaconda3/envs/airflow_sqlite_env/lib/python3.9/site-packages/airflow/example_dags/example_setup_teardown_taskflow.py
[2024-10-13T21:38:29.661-0400] {processor.py:925} INFO - DAG(s) 'example_setup_teardown_taskflow' retrieved from /Users/karenwang/anaconda3/envs/airflow_sqlite_env/lib/python3.9/site-packages/airflow/example_dags/example_setup_teardown_taskflow.py
[2024-10-13T21:38:29.822-0400] {logging_mixin.py:190} INFO - [2024-10-13T21:38:29.821-0400] {dag.py:3239} INFO - Sync 1 DAGs
[2024-10-13T21:38:29.838-0400] {logging_mixin.py:190} INFO - [2024-10-13T21:38:29.837-0400] {dag.py:4180} INFO - Setting next_dagrun for example_setup_teardown_taskflow to None, run_after=None
[2024-10-13T21:38:29.863-0400] {processor.py:208} INFO - Processing /Users/karenwang/anaconda3/envs/airflow_sqlite_env/lib/python3.9/site-packages/airflow/example_dags/example_setup_teardown_taskflow.py took 0.306 seconds
[2024-10-13T21:42:25.679-0400] {processor.py:186} INFO - Started process (PID=57552) to work on /Users/karenwang/anaconda3/envs/airflow_sqlite_env/lib/python3.9/site-packages/airflow/example_dags/example_setup_teardown_taskflow.py
[2024-10-13T21:42:25.680-0400] {processor.py:914} INFO - Processing file /Users/karenwang/anaconda3/envs/airflow_sqlite_env/lib/python3.9/site-packages/airflow/example_dags/example_setup_teardown_taskflow.py for tasks to queue
[2024-10-13T21:42:25.681-0400] {logging_mixin.py:190} INFO - [2024-10-13T21:42:25.681-0400] {dagbag.py:588} INFO - Filling up the DagBag from /Users/karenwang/anaconda3/envs/airflow_sqlite_env/lib/python3.9/site-packages/airflow/example_dags/example_setup_teardown_taskflow.py
[2024-10-13T21:42:25.785-0400] {processor.py:925} INFO - DAG(s) 'example_setup_teardown_taskflow' retrieved from /Users/karenwang/anaconda3/envs/airflow_sqlite_env/lib/python3.9/site-packages/airflow/example_dags/example_setup_teardown_taskflow.py
[2024-10-13T21:42:25.936-0400] {logging_mixin.py:190} INFO - [2024-10-13T21:42:25.936-0400] {dag.py:3239} INFO - Sync 1 DAGs
[2024-10-13T21:42:25.950-0400] {logging_mixin.py:190} INFO - [2024-10-13T21:42:25.950-0400] {dag.py:4180} INFO - Setting next_dagrun for example_setup_teardown_taskflow to None, run_after=None
[2024-10-13T21:42:25.973-0400] {processor.py:208} INFO - Processing /Users/karenwang/anaconda3/envs/airflow_sqlite_env/lib/python3.9/site-packages/airflow/example_dags/example_setup_teardown_taskflow.py took 0.301 seconds
[2024-10-13T21:46:17.040-0400] {processor.py:186} INFO - Started process (PID=58734) to work on /Users/karenwang/anaconda3/envs/airflow_sqlite_env/lib/python3.9/site-packages/airflow/example_dags/example_setup_teardown_taskflow.py
[2024-10-13T21:46:17.042-0400] {processor.py:914} INFO - Processing file /Users/karenwang/anaconda3/envs/airflow_sqlite_env/lib/python3.9/site-packages/airflow/example_dags/example_setup_teardown_taskflow.py for tasks to queue
[2024-10-13T21:46:17.044-0400] {logging_mixin.py:190} INFO - [2024-10-13T21:46:17.044-0400] {dagbag.py:588} INFO - Filling up the DagBag from /Users/karenwang/anaconda3/envs/airflow_sqlite_env/lib/python3.9/site-packages/airflow/example_dags/example_setup_teardown_taskflow.py
[2024-10-13T21:46:17.147-0400] {processor.py:925} INFO - DAG(s) 'example_setup_teardown_taskflow' retrieved from /Users/karenwang/anaconda3/envs/airflow_sqlite_env/lib/python3.9/site-packages/airflow/example_dags/example_setup_teardown_taskflow.py
[2024-10-13T21:46:17.310-0400] {logging_mixin.py:190} INFO - [2024-10-13T21:46:17.310-0400] {dag.py:3239} INFO - Sync 1 DAGs
[2024-10-13T21:46:17.328-0400] {logging_mixin.py:190} INFO - [2024-10-13T21:46:17.328-0400] {dag.py:4180} INFO - Setting next_dagrun for example_setup_teardown_taskflow to None, run_after=None
[2024-10-13T21:46:17.353-0400] {processor.py:208} INFO - Processing /Users/karenwang/anaconda3/envs/airflow_sqlite_env/lib/python3.9/site-packages/airflow/example_dags/example_setup_teardown_taskflow.py took 0.318 seconds
[2024-10-13T21:50:17.906-0400] {processor.py:186} INFO - Started process (PID=60011) to work on /Users/karenwang/anaconda3/envs/airflow_sqlite_env/lib/python3.9/site-packages/airflow/example_dags/example_setup_teardown_taskflow.py
[2024-10-13T21:50:17.908-0400] {processor.py:914} INFO - Processing file /Users/karenwang/anaconda3/envs/airflow_sqlite_env/lib/python3.9/site-packages/airflow/example_dags/example_setup_teardown_taskflow.py for tasks to queue
[2024-10-13T21:50:17.909-0400] {logging_mixin.py:190} INFO - [2024-10-13T21:50:17.909-0400] {dagbag.py:588} INFO - Filling up the DagBag from /Users/karenwang/anaconda3/envs/airflow_sqlite_env/lib/python3.9/site-packages/airflow/example_dags/example_setup_teardown_taskflow.py
[2024-10-13T21:50:18.008-0400] {processor.py:925} INFO - DAG(s) 'example_setup_teardown_taskflow' retrieved from /Users/karenwang/anaconda3/envs/airflow_sqlite_env/lib/python3.9/site-packages/airflow/example_dags/example_setup_teardown_taskflow.py
[2024-10-13T21:50:18.173-0400] {logging_mixin.py:190} INFO - [2024-10-13T21:50:18.172-0400] {dag.py:3239} INFO - Sync 1 DAGs
[2024-10-13T21:50:18.191-0400] {logging_mixin.py:190} INFO - [2024-10-13T21:50:18.191-0400] {dag.py:4180} INFO - Setting next_dagrun for example_setup_teardown_taskflow to None, run_after=None
[2024-10-13T21:50:18.213-0400] {processor.py:208} INFO - Processing /Users/karenwang/anaconda3/envs/airflow_sqlite_env/lib/python3.9/site-packages/airflow/example_dags/example_setup_teardown_taskflow.py took 0.313 seconds
[2024-10-13T21:54:20.834-0400] {processor.py:186} INFO - Started process (PID=61245) to work on /Users/karenwang/anaconda3/envs/airflow_sqlite_env/lib/python3.9/site-packages/airflow/example_dags/example_setup_teardown_taskflow.py
[2024-10-13T21:54:20.836-0400] {processor.py:914} INFO - Processing file /Users/karenwang/anaconda3/envs/airflow_sqlite_env/lib/python3.9/site-packages/airflow/example_dags/example_setup_teardown_taskflow.py for tasks to queue
[2024-10-13T21:54:20.837-0400] {logging_mixin.py:190} INFO - [2024-10-13T21:54:20.837-0400] {dagbag.py:588} INFO - Filling up the DagBag from /Users/karenwang/anaconda3/envs/airflow_sqlite_env/lib/python3.9/site-packages/airflow/example_dags/example_setup_teardown_taskflow.py
[2024-10-13T21:54:20.935-0400] {processor.py:925} INFO - DAG(s) 'example_setup_teardown_taskflow' retrieved from /Users/karenwang/anaconda3/envs/airflow_sqlite_env/lib/python3.9/site-packages/airflow/example_dags/example_setup_teardown_taskflow.py
[2024-10-13T21:54:21.095-0400] {logging_mixin.py:190} INFO - [2024-10-13T21:54:21.095-0400] {dag.py:3239} INFO - Sync 1 DAGs
[2024-10-13T21:54:21.111-0400] {logging_mixin.py:190} INFO - [2024-10-13T21:54:21.110-0400] {dag.py:4180} INFO - Setting next_dagrun for example_setup_teardown_taskflow to None, run_after=None
[2024-10-13T21:54:21.136-0400] {processor.py:208} INFO - Processing /Users/karenwang/anaconda3/envs/airflow_sqlite_env/lib/python3.9/site-packages/airflow/example_dags/example_setup_teardown_taskflow.py took 0.307 seconds
[2024-10-13T21:58:15.639-0400] {processor.py:186} INFO - Started process (PID=62472) to work on /Users/karenwang/anaconda3/envs/airflow_sqlite_env/lib/python3.9/site-packages/airflow/example_dags/example_setup_teardown_taskflow.py
[2024-10-13T21:58:15.640-0400] {processor.py:914} INFO - Processing file /Users/karenwang/anaconda3/envs/airflow_sqlite_env/lib/python3.9/site-packages/airflow/example_dags/example_setup_teardown_taskflow.py for tasks to queue
[2024-10-13T21:58:15.642-0400] {logging_mixin.py:190} INFO - [2024-10-13T21:58:15.641-0400] {dagbag.py:588} INFO - Filling up the DagBag from /Users/karenwang/anaconda3/envs/airflow_sqlite_env/lib/python3.9/site-packages/airflow/example_dags/example_setup_teardown_taskflow.py
[2024-10-13T21:58:15.747-0400] {processor.py:925} INFO - DAG(s) 'example_setup_teardown_taskflow' retrieved from /Users/karenwang/anaconda3/envs/airflow_sqlite_env/lib/python3.9/site-packages/airflow/example_dags/example_setup_teardown_taskflow.py
[2024-10-13T21:58:15.894-0400] {logging_mixin.py:190} INFO - [2024-10-13T21:58:15.894-0400] {dag.py:3239} INFO - Sync 1 DAGs
[2024-10-13T21:58:15.908-0400] {logging_mixin.py:190} INFO - [2024-10-13T21:58:15.908-0400] {dag.py:4180} INFO - Setting next_dagrun for example_setup_teardown_taskflow to None, run_after=None
[2024-10-13T21:58:15.930-0400] {processor.py:208} INFO - Processing /Users/karenwang/anaconda3/envs/airflow_sqlite_env/lib/python3.9/site-packages/airflow/example_dags/example_setup_teardown_taskflow.py took 0.297 seconds
[2024-10-13T22:02:04.812-0400] {processor.py:186} INFO - Started process (PID=63645) to work on /Users/karenwang/anaconda3/envs/airflow_sqlite_env/lib/python3.9/site-packages/airflow/example_dags/example_setup_teardown_taskflow.py
[2024-10-13T22:02:04.814-0400] {processor.py:914} INFO - Processing file /Users/karenwang/anaconda3/envs/airflow_sqlite_env/lib/python3.9/site-packages/airflow/example_dags/example_setup_teardown_taskflow.py for tasks to queue
[2024-10-13T22:02:04.815-0400] {logging_mixin.py:190} INFO - [2024-10-13T22:02:04.815-0400] {dagbag.py:588} INFO - Filling up the DagBag from /Users/karenwang/anaconda3/envs/airflow_sqlite_env/lib/python3.9/site-packages/airflow/example_dags/example_setup_teardown_taskflow.py
[2024-10-13T22:02:04.911-0400] {processor.py:925} INFO - DAG(s) 'example_setup_teardown_taskflow' retrieved from /Users/karenwang/anaconda3/envs/airflow_sqlite_env/lib/python3.9/site-packages/airflow/example_dags/example_setup_teardown_taskflow.py
[2024-10-13T22:02:05.079-0400] {logging_mixin.py:190} INFO - [2024-10-13T22:02:05.078-0400] {dag.py:3239} INFO - Sync 1 DAGs
[2024-10-13T22:02:05.096-0400] {logging_mixin.py:190} INFO - [2024-10-13T22:02:05.096-0400] {dag.py:4180} INFO - Setting next_dagrun for example_setup_teardown_taskflow to None, run_after=None
[2024-10-13T22:02:05.120-0400] {processor.py:208} INFO - Processing /Users/karenwang/anaconda3/envs/airflow_sqlite_env/lib/python3.9/site-packages/airflow/example_dags/example_setup_teardown_taskflow.py took 0.314 seconds
[2024-10-13T22:05:59.531-0400] {processor.py:186} INFO - Started process (PID=64853) to work on /Users/karenwang/anaconda3/envs/airflow_sqlite_env/lib/python3.9/site-packages/airflow/example_dags/example_setup_teardown_taskflow.py
[2024-10-13T22:05:59.534-0400] {processor.py:914} INFO - Processing file /Users/karenwang/anaconda3/envs/airflow_sqlite_env/lib/python3.9/site-packages/airflow/example_dags/example_setup_teardown_taskflow.py for tasks to queue
[2024-10-13T22:05:59.535-0400] {logging_mixin.py:190} INFO - [2024-10-13T22:05:59.535-0400] {dagbag.py:588} INFO - Filling up the DagBag from /Users/karenwang/anaconda3/envs/airflow_sqlite_env/lib/python3.9/site-packages/airflow/example_dags/example_setup_teardown_taskflow.py
[2024-10-13T22:05:59.636-0400] {processor.py:925} INFO - DAG(s) 'example_setup_teardown_taskflow' retrieved from /Users/karenwang/anaconda3/envs/airflow_sqlite_env/lib/python3.9/site-packages/airflow/example_dags/example_setup_teardown_taskflow.py
[2024-10-13T22:05:59.797-0400] {logging_mixin.py:190} INFO - [2024-10-13T22:05:59.796-0400] {dag.py:3239} INFO - Sync 1 DAGs
[2024-10-13T22:05:59.812-0400] {logging_mixin.py:190} INFO - [2024-10-13T22:05:59.812-0400] {dag.py:4180} INFO - Setting next_dagrun for example_setup_teardown_taskflow to None, run_after=None
[2024-10-13T22:05:59.831-0400] {processor.py:208} INFO - Processing /Users/karenwang/anaconda3/envs/airflow_sqlite_env/lib/python3.9/site-packages/airflow/example_dags/example_setup_teardown_taskflow.py took 0.306 seconds
[2024-10-13T22:09:56.373-0400] {processor.py:186} INFO - Started process (PID=66073) to work on /Users/karenwang/anaconda3/envs/airflow_sqlite_env/lib/python3.9/site-packages/airflow/example_dags/example_setup_teardown_taskflow.py
[2024-10-13T22:09:56.374-0400] {processor.py:914} INFO - Processing file /Users/karenwang/anaconda3/envs/airflow_sqlite_env/lib/python3.9/site-packages/airflow/example_dags/example_setup_teardown_taskflow.py for tasks to queue
[2024-10-13T22:09:56.376-0400] {logging_mixin.py:190} INFO - [2024-10-13T22:09:56.376-0400] {dagbag.py:588} INFO - Filling up the DagBag from /Users/karenwang/anaconda3/envs/airflow_sqlite_env/lib/python3.9/site-packages/airflow/example_dags/example_setup_teardown_taskflow.py
[2024-10-13T22:09:56.483-0400] {processor.py:925} INFO - DAG(s) 'example_setup_teardown_taskflow' retrieved from /Users/karenwang/anaconda3/envs/airflow_sqlite_env/lib/python3.9/site-packages/airflow/example_dags/example_setup_teardown_taskflow.py
[2024-10-13T22:09:56.651-0400] {logging_mixin.py:190} INFO - [2024-10-13T22:09:56.650-0400] {dag.py:3239} INFO - Sync 1 DAGs
[2024-10-13T22:09:56.666-0400] {logging_mixin.py:190} INFO - [2024-10-13T22:09:56.666-0400] {dag.py:4180} INFO - Setting next_dagrun for example_setup_teardown_taskflow to None, run_after=None
[2024-10-13T22:09:56.693-0400] {processor.py:208} INFO - Processing /Users/karenwang/anaconda3/envs/airflow_sqlite_env/lib/python3.9/site-packages/airflow/example_dags/example_setup_teardown_taskflow.py took 0.326 seconds
[2024-10-13T22:13:47.533-0400] {processor.py:186} INFO - Started process (PID=67262) to work on /Users/karenwang/anaconda3/envs/airflow_sqlite_env/lib/python3.9/site-packages/airflow/example_dags/example_setup_teardown_taskflow.py
[2024-10-13T22:13:47.534-0400] {processor.py:914} INFO - Processing file /Users/karenwang/anaconda3/envs/airflow_sqlite_env/lib/python3.9/site-packages/airflow/example_dags/example_setup_teardown_taskflow.py for tasks to queue
[2024-10-13T22:13:47.536-0400] {logging_mixin.py:190} INFO - [2024-10-13T22:13:47.535-0400] {dagbag.py:588} INFO - Filling up the DagBag from /Users/karenwang/anaconda3/envs/airflow_sqlite_env/lib/python3.9/site-packages/airflow/example_dags/example_setup_teardown_taskflow.py
[2024-10-13T22:13:47.636-0400] {processor.py:925} INFO - DAG(s) 'example_setup_teardown_taskflow' retrieved from /Users/karenwang/anaconda3/envs/airflow_sqlite_env/lib/python3.9/site-packages/airflow/example_dags/example_setup_teardown_taskflow.py
[2024-10-13T22:13:47.796-0400] {logging_mixin.py:190} INFO - [2024-10-13T22:13:47.795-0400] {dag.py:3239} INFO - Sync 1 DAGs
[2024-10-13T22:13:47.809-0400] {logging_mixin.py:190} INFO - [2024-10-13T22:13:47.809-0400] {dag.py:4180} INFO - Setting next_dagrun for example_setup_teardown_taskflow to None, run_after=None
[2024-10-13T22:13:47.832-0400] {processor.py:208} INFO - Processing /Users/karenwang/anaconda3/envs/airflow_sqlite_env/lib/python3.9/site-packages/airflow/example_dags/example_setup_teardown_taskflow.py took 0.306 seconds
[2024-10-13T22:17:51.793-0400] {processor.py:186} INFO - Started process (PID=68505) to work on /Users/karenwang/anaconda3/envs/airflow_sqlite_env/lib/python3.9/site-packages/airflow/example_dags/example_setup_teardown_taskflow.py
[2024-10-13T22:17:51.795-0400] {processor.py:914} INFO - Processing file /Users/karenwang/anaconda3/envs/airflow_sqlite_env/lib/python3.9/site-packages/airflow/example_dags/example_setup_teardown_taskflow.py for tasks to queue
[2024-10-13T22:17:51.796-0400] {logging_mixin.py:190} INFO - [2024-10-13T22:17:51.796-0400] {dagbag.py:588} INFO - Filling up the DagBag from /Users/karenwang/anaconda3/envs/airflow_sqlite_env/lib/python3.9/site-packages/airflow/example_dags/example_setup_teardown_taskflow.py
[2024-10-13T22:17:51.889-0400] {processor.py:925} INFO - DAG(s) 'example_setup_teardown_taskflow' retrieved from /Users/karenwang/anaconda3/envs/airflow_sqlite_env/lib/python3.9/site-packages/airflow/example_dags/example_setup_teardown_taskflow.py
[2024-10-13T22:17:52.057-0400] {logging_mixin.py:190} INFO - [2024-10-13T22:17:52.056-0400] {dag.py:3239} INFO - Sync 1 DAGs
[2024-10-13T22:17:52.071-0400] {logging_mixin.py:190} INFO - [2024-10-13T22:17:52.071-0400] {dag.py:4180} INFO - Setting next_dagrun for example_setup_teardown_taskflow to None, run_after=None
[2024-10-13T22:17:52.095-0400] {processor.py:208} INFO - Processing /Users/karenwang/anaconda3/envs/airflow_sqlite_env/lib/python3.9/site-packages/airflow/example_dags/example_setup_teardown_taskflow.py took 0.307 seconds
[2024-10-13T22:21:51.927-0400] {processor.py:186} INFO - Started process (PID=69743) to work on /Users/karenwang/anaconda3/envs/airflow_sqlite_env/lib/python3.9/site-packages/airflow/example_dags/example_setup_teardown_taskflow.py
[2024-10-13T22:21:51.928-0400] {processor.py:914} INFO - Processing file /Users/karenwang/anaconda3/envs/airflow_sqlite_env/lib/python3.9/site-packages/airflow/example_dags/example_setup_teardown_taskflow.py for tasks to queue
[2024-10-13T22:21:51.930-0400] {logging_mixin.py:190} INFO - [2024-10-13T22:21:51.930-0400] {dagbag.py:588} INFO - Filling up the DagBag from /Users/karenwang/anaconda3/envs/airflow_sqlite_env/lib/python3.9/site-packages/airflow/example_dags/example_setup_teardown_taskflow.py
[2024-10-13T22:21:52.036-0400] {processor.py:925} INFO - DAG(s) 'example_setup_teardown_taskflow' retrieved from /Users/karenwang/anaconda3/envs/airflow_sqlite_env/lib/python3.9/site-packages/airflow/example_dags/example_setup_teardown_taskflow.py
[2024-10-13T22:21:52.208-0400] {logging_mixin.py:190} INFO - [2024-10-13T22:21:52.208-0400] {dag.py:3239} INFO - Sync 1 DAGs
[2024-10-13T22:21:52.227-0400] {logging_mixin.py:190} INFO - [2024-10-13T22:21:52.227-0400] {dag.py:4180} INFO - Setting next_dagrun for example_setup_teardown_taskflow to None, run_after=None
[2024-10-13T22:21:52.255-0400] {processor.py:208} INFO - Processing /Users/karenwang/anaconda3/envs/airflow_sqlite_env/lib/python3.9/site-packages/airflow/example_dags/example_setup_teardown_taskflow.py took 0.334 seconds
[2024-10-13T22:26:01.001-0400] {processor.py:186} INFO - Started process (PID=71087) to work on /Users/karenwang/anaconda3/envs/airflow_sqlite_env/lib/python3.9/site-packages/airflow/example_dags/example_setup_teardown_taskflow.py
[2024-10-13T22:26:01.003-0400] {processor.py:914} INFO - Processing file /Users/karenwang/anaconda3/envs/airflow_sqlite_env/lib/python3.9/site-packages/airflow/example_dags/example_setup_teardown_taskflow.py for tasks to queue
[2024-10-13T22:26:01.005-0400] {logging_mixin.py:190} INFO - [2024-10-13T22:26:01.004-0400] {dagbag.py:588} INFO - Filling up the DagBag from /Users/karenwang/anaconda3/envs/airflow_sqlite_env/lib/python3.9/site-packages/airflow/example_dags/example_setup_teardown_taskflow.py
[2024-10-13T22:26:01.108-0400] {processor.py:925} INFO - DAG(s) 'example_setup_teardown_taskflow' retrieved from /Users/karenwang/anaconda3/envs/airflow_sqlite_env/lib/python3.9/site-packages/airflow/example_dags/example_setup_teardown_taskflow.py
[2024-10-13T22:26:01.294-0400] {logging_mixin.py:190} INFO - [2024-10-13T22:26:01.294-0400] {dag.py:3239} INFO - Sync 1 DAGs
[2024-10-13T22:26:01.310-0400] {logging_mixin.py:190} INFO - [2024-10-13T22:26:01.310-0400] {dag.py:4180} INFO - Setting next_dagrun for example_setup_teardown_taskflow to None, run_after=None
[2024-10-13T22:26:01.337-0400] {processor.py:208} INFO - Processing /Users/karenwang/anaconda3/envs/airflow_sqlite_env/lib/python3.9/site-packages/airflow/example_dags/example_setup_teardown_taskflow.py took 0.341 seconds
[2024-10-13T22:34:36.393-0400] {processor.py:186} INFO - Started process (PID=73976) to work on /Users/karenwang/anaconda3/envs/airflow_sqlite_env/lib/python3.9/site-packages/airflow/example_dags/example_setup_teardown_taskflow.py
[2024-10-13T22:34:36.394-0400] {processor.py:914} INFO - Processing file /Users/karenwang/anaconda3/envs/airflow_sqlite_env/lib/python3.9/site-packages/airflow/example_dags/example_setup_teardown_taskflow.py for tasks to queue
[2024-10-13T22:34:36.396-0400] {logging_mixin.py:190} INFO - [2024-10-13T22:34:36.395-0400] {dagbag.py:588} INFO - Filling up the DagBag from /Users/karenwang/anaconda3/envs/airflow_sqlite_env/lib/python3.9/site-packages/airflow/example_dags/example_setup_teardown_taskflow.py
[2024-10-13T22:34:36.504-0400] {processor.py:925} INFO - DAG(s) 'example_setup_teardown_taskflow' retrieved from /Users/karenwang/anaconda3/envs/airflow_sqlite_env/lib/python3.9/site-packages/airflow/example_dags/example_setup_teardown_taskflow.py
[2024-10-13T22:34:36.660-0400] {logging_mixin.py:190} INFO - [2024-10-13T22:34:36.660-0400] {dag.py:3239} INFO - Sync 1 DAGs
[2024-10-13T22:34:36.674-0400] {logging_mixin.py:190} INFO - [2024-10-13T22:34:36.673-0400] {dag.py:4180} INFO - Setting next_dagrun for example_setup_teardown_taskflow to None, run_after=None
[2024-10-13T22:34:36.698-0400] {processor.py:208} INFO - Processing /Users/karenwang/anaconda3/envs/airflow_sqlite_env/lib/python3.9/site-packages/airflow/example_dags/example_setup_teardown_taskflow.py took 0.311 seconds
