[2024-10-13T20:03:17.595-0400] {processor.py:186} INFO - Started process (PID=26118) to work on /Users/karenwang/anaconda3/envs/airflow_sqlite_env/lib/python3.9/site-packages/airflow/example_dags/example_dataset_alias.py
[2024-10-13T20:03:17.597-0400] {processor.py:914} INFO - Processing file /Users/karenwang/anaconda3/envs/airflow_sqlite_env/lib/python3.9/site-packages/airflow/example_dags/example_dataset_alias.py for tasks to queue
[2024-10-13T20:03:17.598-0400] {logging_mixin.py:190} INFO - [2024-10-13T20:03:17.598-0400] {dagbag.py:588} INFO - Filling up the DagBag from /Users/karenwang/anaconda3/envs/airflow_sqlite_env/lib/python3.9/site-packages/airflow/example_dags/example_dataset_alias.py
[2024-10-13T20:03:17.923-0400] {processor.py:925} INFO - DAG(s) 'dataset_s3_bucket_consumer', 'dataset_alias_example_alias_consumer', 'dataset_s3_bucket_producer', 'dataset_alias_example_alias_producer' retrieved from /Users/karenwang/anaconda3/envs/airflow_sqlite_env/lib/python3.9/site-packages/airflow/example_dags/example_dataset_alias.py
[2024-10-13T20:03:17.958-0400] {logging_mixin.py:190} INFO - [2024-10-13T20:03:17.958-0400] {dag.py:3239} INFO - Sync 4 DAGs
[2024-10-13T20:03:17.985-0400] {logging_mixin.py:190} INFO - [2024-10-13T20:03:17.985-0400] {dag.py:4180} INFO - Setting next_dagrun for dataset_alias_example_alias_consumer to None, run_after=None
[2024-10-13T20:03:17.988-0400] {logging_mixin.py:190} INFO - [2024-10-13T20:03:17.988-0400] {dag.py:4180} INFO - Setting next_dagrun for dataset_alias_example_alias_producer to None, run_after=None
[2024-10-13T20:03:17.990-0400] {logging_mixin.py:190} INFO - [2024-10-13T20:03:17.989-0400] {dag.py:4180} INFO - Setting next_dagrun for dataset_s3_bucket_consumer to None, run_after=None
[2024-10-13T20:03:17.991-0400] {logging_mixin.py:190} INFO - [2024-10-13T20:03:17.990-0400] {dag.py:4180} INFO - Setting next_dagrun for dataset_s3_bucket_producer to None, run_after=None
[2024-10-13T20:03:18.015-0400] {processor.py:208} INFO - Processing /Users/karenwang/anaconda3/envs/airflow_sqlite_env/lib/python3.9/site-packages/airflow/example_dags/example_dataset_alias.py took 0.430 seconds
[2024-10-13T20:11:17.818-0400] {processor.py:186} INFO - Started process (PID=28584) to work on /Users/karenwang/anaconda3/envs/airflow_sqlite_env/lib/python3.9/site-packages/airflow/example_dags/example_dataset_alias.py
[2024-10-13T20:11:17.819-0400] {processor.py:914} INFO - Processing file /Users/karenwang/anaconda3/envs/airflow_sqlite_env/lib/python3.9/site-packages/airflow/example_dags/example_dataset_alias.py for tasks to queue
[2024-10-13T20:11:17.821-0400] {logging_mixin.py:190} INFO - [2024-10-13T20:11:17.820-0400] {dagbag.py:588} INFO - Filling up the DagBag from /Users/karenwang/anaconda3/envs/airflow_sqlite_env/lib/python3.9/site-packages/airflow/example_dags/example_dataset_alias.py
[2024-10-13T20:11:18.126-0400] {processor.py:925} INFO - DAG(s) 'dataset_s3_bucket_producer', 'dataset_alias_example_alias_producer', 'dataset_alias_example_alias_consumer', 'dataset_s3_bucket_consumer' retrieved from /Users/karenwang/anaconda3/envs/airflow_sqlite_env/lib/python3.9/site-packages/airflow/example_dags/example_dataset_alias.py
[2024-10-13T20:11:18.153-0400] {logging_mixin.py:190} INFO - [2024-10-13T20:11:18.152-0400] {dag.py:3239} INFO - Sync 4 DAGs
[2024-10-13T20:11:18.184-0400] {logging_mixin.py:190} INFO - [2024-10-13T20:11:18.184-0400] {dag.py:4180} INFO - Setting next_dagrun for dataset_alias_example_alias_consumer to None, run_after=None
[2024-10-13T20:11:18.188-0400] {logging_mixin.py:190} INFO - [2024-10-13T20:11:18.188-0400] {dag.py:4180} INFO - Setting next_dagrun for dataset_alias_example_alias_producer to None, run_after=None
[2024-10-13T20:11:18.190-0400] {logging_mixin.py:190} INFO - [2024-10-13T20:11:18.190-0400] {dag.py:4180} INFO - Setting next_dagrun for dataset_s3_bucket_consumer to None, run_after=None
[2024-10-13T20:11:18.191-0400] {logging_mixin.py:190} INFO - [2024-10-13T20:11:18.191-0400] {dag.py:4180} INFO - Setting next_dagrun for dataset_s3_bucket_producer to None, run_after=None
[2024-10-13T20:11:18.217-0400] {processor.py:208} INFO - Processing /Users/karenwang/anaconda3/envs/airflow_sqlite_env/lib/python3.9/site-packages/airflow/example_dags/example_dataset_alias.py took 0.405 seconds
[2024-10-13T20:19:38.314-0400] {processor.py:186} INFO - Started process (PID=31147) to work on /Users/karenwang/anaconda3/envs/airflow_sqlite_env/lib/python3.9/site-packages/airflow/example_dags/example_dataset_alias.py
[2024-10-13T20:19:38.316-0400] {processor.py:914} INFO - Processing file /Users/karenwang/anaconda3/envs/airflow_sqlite_env/lib/python3.9/site-packages/airflow/example_dags/example_dataset_alias.py for tasks to queue
[2024-10-13T20:19:38.317-0400] {logging_mixin.py:190} INFO - [2024-10-13T20:19:38.317-0400] {dagbag.py:588} INFO - Filling up the DagBag from /Users/karenwang/anaconda3/envs/airflow_sqlite_env/lib/python3.9/site-packages/airflow/example_dags/example_dataset_alias.py
[2024-10-13T20:19:38.648-0400] {processor.py:925} INFO - DAG(s) 'dataset_alias_example_alias_consumer', 'dataset_alias_example_alias_producer', 'dataset_s3_bucket_producer', 'dataset_s3_bucket_consumer' retrieved from /Users/karenwang/anaconda3/envs/airflow_sqlite_env/lib/python3.9/site-packages/airflow/example_dags/example_dataset_alias.py
[2024-10-13T20:19:38.685-0400] {logging_mixin.py:190} INFO - [2024-10-13T20:19:38.685-0400] {dag.py:3239} INFO - Sync 4 DAGs
[2024-10-13T20:19:38.713-0400] {logging_mixin.py:190} INFO - [2024-10-13T20:19:38.713-0400] {dag.py:4180} INFO - Setting next_dagrun for dataset_alias_example_alias_consumer to None, run_after=None
[2024-10-13T20:19:38.717-0400] {logging_mixin.py:190} INFO - [2024-10-13T20:19:38.716-0400] {dag.py:4180} INFO - Setting next_dagrun for dataset_alias_example_alias_producer to None, run_after=None
[2024-10-13T20:19:38.719-0400] {logging_mixin.py:190} INFO - [2024-10-13T20:19:38.719-0400] {dag.py:4180} INFO - Setting next_dagrun for dataset_s3_bucket_consumer to None, run_after=None
[2024-10-13T20:19:38.720-0400] {logging_mixin.py:190} INFO - [2024-10-13T20:19:38.720-0400] {dag.py:4180} INFO - Setting next_dagrun for dataset_s3_bucket_producer to None, run_after=None
[2024-10-13T20:19:38.751-0400] {processor.py:208} INFO - Processing /Users/karenwang/anaconda3/envs/airflow_sqlite_env/lib/python3.9/site-packages/airflow/example_dags/example_dataset_alias.py took 0.443 seconds
[2024-10-13T20:29:47.576-0400] {processor.py:186} INFO - Started process (PID=34617) to work on /Users/karenwang/anaconda3/envs/airflow_sqlite_env/lib/python3.9/site-packages/airflow/example_dags/example_dataset_alias.py
[2024-10-13T20:29:47.578-0400] {processor.py:914} INFO - Processing file /Users/karenwang/anaconda3/envs/airflow_sqlite_env/lib/python3.9/site-packages/airflow/example_dags/example_dataset_alias.py for tasks to queue
[2024-10-13T20:29:47.579-0400] {logging_mixin.py:190} INFO - [2024-10-13T20:29:47.579-0400] {dagbag.py:588} INFO - Filling up the DagBag from /Users/karenwang/anaconda3/envs/airflow_sqlite_env/lib/python3.9/site-packages/airflow/example_dags/example_dataset_alias.py
[2024-10-13T20:29:47.945-0400] {processor.py:925} INFO - DAG(s) 'dataset_s3_bucket_consumer', 'dataset_alias_example_alias_consumer', 'dataset_alias_example_alias_producer', 'dataset_s3_bucket_producer' retrieved from /Users/karenwang/anaconda3/envs/airflow_sqlite_env/lib/python3.9/site-packages/airflow/example_dags/example_dataset_alias.py
[2024-10-13T20:29:47.981-0400] {logging_mixin.py:190} INFO - [2024-10-13T20:29:47.980-0400] {dag.py:3239} INFO - Sync 4 DAGs
[2024-10-13T20:29:48.015-0400] {logging_mixin.py:190} INFO - [2024-10-13T20:29:48.015-0400] {dag.py:4180} INFO - Setting next_dagrun for dataset_alias_example_alias_consumer to None, run_after=None
[2024-10-13T20:29:48.019-0400] {logging_mixin.py:190} INFO - [2024-10-13T20:29:48.019-0400] {dag.py:4180} INFO - Setting next_dagrun for dataset_alias_example_alias_producer to None, run_after=None
[2024-10-13T20:29:48.021-0400] {logging_mixin.py:190} INFO - [2024-10-13T20:29:48.021-0400] {dag.py:4180} INFO - Setting next_dagrun for dataset_s3_bucket_consumer to None, run_after=None
[2024-10-13T20:29:48.022-0400] {logging_mixin.py:190} INFO - [2024-10-13T20:29:48.022-0400] {dag.py:4180} INFO - Setting next_dagrun for dataset_s3_bucket_producer to None, run_after=None
[2024-10-13T20:29:48.054-0400] {processor.py:208} INFO - Processing /Users/karenwang/anaconda3/envs/airflow_sqlite_env/lib/python3.9/site-packages/airflow/example_dags/example_dataset_alias.py took 0.484 seconds
[2024-10-13T20:34:00.581-0400] {processor.py:186} INFO - Started process (PID=35925) to work on /Users/karenwang/anaconda3/envs/airflow_sqlite_env/lib/python3.9/site-packages/airflow/example_dags/example_dataset_alias.py
[2024-10-13T20:34:00.582-0400] {processor.py:914} INFO - Processing file /Users/karenwang/anaconda3/envs/airflow_sqlite_env/lib/python3.9/site-packages/airflow/example_dags/example_dataset_alias.py for tasks to queue
[2024-10-13T20:34:00.584-0400] {logging_mixin.py:190} INFO - [2024-10-13T20:34:00.583-0400] {dagbag.py:588} INFO - Filling up the DagBag from /Users/karenwang/anaconda3/envs/airflow_sqlite_env/lib/python3.9/site-packages/airflow/example_dags/example_dataset_alias.py
[2024-10-13T20:34:00.844-0400] {processor.py:925} INFO - DAG(s) 'dataset_s3_bucket_consumer', 'dataset_alias_example_alias_consumer', 'dataset_s3_bucket_producer', 'dataset_alias_example_alias_producer' retrieved from /Users/karenwang/anaconda3/envs/airflow_sqlite_env/lib/python3.9/site-packages/airflow/example_dags/example_dataset_alias.py
[2024-10-13T20:34:00.870-0400] {logging_mixin.py:190} INFO - [2024-10-13T20:34:00.869-0400] {dag.py:3239} INFO - Sync 4 DAGs
[2024-10-13T20:34:00.891-0400] {logging_mixin.py:190} INFO - [2024-10-13T20:34:00.891-0400] {dag.py:4180} INFO - Setting next_dagrun for dataset_alias_example_alias_consumer to None, run_after=None
[2024-10-13T20:34:00.894-0400] {logging_mixin.py:190} INFO - [2024-10-13T20:34:00.894-0400] {dag.py:4180} INFO - Setting next_dagrun for dataset_alias_example_alias_producer to None, run_after=None
[2024-10-13T20:34:00.896-0400] {logging_mixin.py:190} INFO - [2024-10-13T20:34:00.895-0400] {dag.py:4180} INFO - Setting next_dagrun for dataset_s3_bucket_consumer to None, run_after=None
[2024-10-13T20:34:00.897-0400] {logging_mixin.py:190} INFO - [2024-10-13T20:34:00.897-0400] {dag.py:4180} INFO - Setting next_dagrun for dataset_s3_bucket_producer to None, run_after=None
[2024-10-13T20:34:00.928-0400] {processor.py:208} INFO - Processing /Users/karenwang/anaconda3/envs/airflow_sqlite_env/lib/python3.9/site-packages/airflow/example_dags/example_dataset_alias.py took 0.352 seconds
[2024-10-13T20:41:21.421-0400] {processor.py:186} INFO - Started process (PID=38233) to work on /Users/karenwang/anaconda3/envs/airflow_sqlite_env/lib/python3.9/site-packages/airflow/example_dags/example_dataset_alias.py
[2024-10-13T20:41:21.422-0400] {processor.py:914} INFO - Processing file /Users/karenwang/anaconda3/envs/airflow_sqlite_env/lib/python3.9/site-packages/airflow/example_dags/example_dataset_alias.py for tasks to queue
[2024-10-13T20:41:21.424-0400] {logging_mixin.py:190} INFO - [2024-10-13T20:41:21.423-0400] {dagbag.py:588} INFO - Filling up the DagBag from /Users/karenwang/anaconda3/envs/airflow_sqlite_env/lib/python3.9/site-packages/airflow/example_dags/example_dataset_alias.py
[2024-10-13T20:41:21.710-0400] {processor.py:925} INFO - DAG(s) 'dataset_alias_example_alias_producer', 'dataset_alias_example_alias_consumer', 'dataset_s3_bucket_producer', 'dataset_s3_bucket_consumer' retrieved from /Users/karenwang/anaconda3/envs/airflow_sqlite_env/lib/python3.9/site-packages/airflow/example_dags/example_dataset_alias.py
[2024-10-13T20:41:21.738-0400] {logging_mixin.py:190} INFO - [2024-10-13T20:41:21.738-0400] {dag.py:3239} INFO - Sync 4 DAGs
[2024-10-13T20:41:21.762-0400] {logging_mixin.py:190} INFO - [2024-10-13T20:41:21.761-0400] {dag.py:4180} INFO - Setting next_dagrun for dataset_alias_example_alias_consumer to None, run_after=None
[2024-10-13T20:41:21.764-0400] {logging_mixin.py:190} INFO - [2024-10-13T20:41:21.764-0400] {dag.py:4180} INFO - Setting next_dagrun for dataset_alias_example_alias_producer to None, run_after=None
[2024-10-13T20:41:21.765-0400] {logging_mixin.py:190} INFO - [2024-10-13T20:41:21.765-0400] {dag.py:4180} INFO - Setting next_dagrun for dataset_s3_bucket_consumer to None, run_after=None
[2024-10-13T20:41:21.766-0400] {logging_mixin.py:190} INFO - [2024-10-13T20:41:21.766-0400] {dag.py:4180} INFO - Setting next_dagrun for dataset_s3_bucket_producer to None, run_after=None
[2024-10-13T20:41:21.791-0400] {processor.py:208} INFO - Processing /Users/karenwang/anaconda3/envs/airflow_sqlite_env/lib/python3.9/site-packages/airflow/example_dags/example_dataset_alias.py took 0.376 seconds
[2024-10-13T20:48:41.257-0400] {processor.py:186} INFO - Started process (PID=40512) to work on /Users/karenwang/anaconda3/envs/airflow_sqlite_env/lib/python3.9/site-packages/airflow/example_dags/example_dataset_alias.py
[2024-10-13T20:48:41.258-0400] {processor.py:914} INFO - Processing file /Users/karenwang/anaconda3/envs/airflow_sqlite_env/lib/python3.9/site-packages/airflow/example_dags/example_dataset_alias.py for tasks to queue
[2024-10-13T20:48:41.259-0400] {logging_mixin.py:190} INFO - [2024-10-13T20:48:41.259-0400] {dagbag.py:588} INFO - Filling up the DagBag from /Users/karenwang/anaconda3/envs/airflow_sqlite_env/lib/python3.9/site-packages/airflow/example_dags/example_dataset_alias.py
[2024-10-13T20:48:41.536-0400] {processor.py:925} INFO - DAG(s) 'dataset_alias_example_alias_consumer', 'dataset_alias_example_alias_producer', 'dataset_s3_bucket_producer', 'dataset_s3_bucket_consumer' retrieved from /Users/karenwang/anaconda3/envs/airflow_sqlite_env/lib/python3.9/site-packages/airflow/example_dags/example_dataset_alias.py
[2024-10-13T20:48:41.569-0400] {logging_mixin.py:190} INFO - [2024-10-13T20:48:41.569-0400] {dag.py:3239} INFO - Sync 4 DAGs
[2024-10-13T20:48:41.596-0400] {logging_mixin.py:190} INFO - [2024-10-13T20:48:41.596-0400] {dag.py:4180} INFO - Setting next_dagrun for dataset_alias_example_alias_consumer to None, run_after=None
[2024-10-13T20:48:41.599-0400] {logging_mixin.py:190} INFO - [2024-10-13T20:48:41.598-0400] {dag.py:4180} INFO - Setting next_dagrun for dataset_alias_example_alias_producer to None, run_after=None
[2024-10-13T20:48:41.600-0400] {logging_mixin.py:190} INFO - [2024-10-13T20:48:41.600-0400] {dag.py:4180} INFO - Setting next_dagrun for dataset_s3_bucket_consumer to None, run_after=None
[2024-10-13T20:48:41.601-0400] {logging_mixin.py:190} INFO - [2024-10-13T20:48:41.601-0400] {dag.py:4180} INFO - Setting next_dagrun for dataset_s3_bucket_producer to None, run_after=None
[2024-10-13T20:48:41.626-0400] {processor.py:208} INFO - Processing /Users/karenwang/anaconda3/envs/airflow_sqlite_env/lib/python3.9/site-packages/airflow/example_dags/example_dataset_alias.py took 0.375 seconds
[2024-10-13T20:55:58.799-0400] {processor.py:186} INFO - Started process (PID=42789) to work on /Users/karenwang/anaconda3/envs/airflow_sqlite_env/lib/python3.9/site-packages/airflow/example_dags/example_dataset_alias.py
[2024-10-13T20:55:58.801-0400] {processor.py:914} INFO - Processing file /Users/karenwang/anaconda3/envs/airflow_sqlite_env/lib/python3.9/site-packages/airflow/example_dags/example_dataset_alias.py for tasks to queue
[2024-10-13T20:55:58.802-0400] {logging_mixin.py:190} INFO - [2024-10-13T20:55:58.802-0400] {dagbag.py:588} INFO - Filling up the DagBag from /Users/karenwang/anaconda3/envs/airflow_sqlite_env/lib/python3.9/site-packages/airflow/example_dags/example_dataset_alias.py
[2024-10-13T20:55:59.093-0400] {processor.py:925} INFO - DAG(s) 'dataset_s3_bucket_consumer', 'dataset_alias_example_alias_consumer', 'dataset_s3_bucket_producer', 'dataset_alias_example_alias_producer' retrieved from /Users/karenwang/anaconda3/envs/airflow_sqlite_env/lib/python3.9/site-packages/airflow/example_dags/example_dataset_alias.py
[2024-10-13T20:55:59.123-0400] {logging_mixin.py:190} INFO - [2024-10-13T20:55:59.123-0400] {dag.py:3239} INFO - Sync 4 DAGs
[2024-10-13T20:55:59.151-0400] {logging_mixin.py:190} INFO - [2024-10-13T20:55:59.151-0400] {dag.py:4180} INFO - Setting next_dagrun for dataset_alias_example_alias_consumer to None, run_after=None
[2024-10-13T20:55:59.154-0400] {logging_mixin.py:190} INFO - [2024-10-13T20:55:59.153-0400] {dag.py:4180} INFO - Setting next_dagrun for dataset_alias_example_alias_producer to None, run_after=None
[2024-10-13T20:55:59.155-0400] {logging_mixin.py:190} INFO - [2024-10-13T20:55:59.155-0400] {dag.py:4180} INFO - Setting next_dagrun for dataset_s3_bucket_consumer to None, run_after=None
[2024-10-13T20:55:59.156-0400] {logging_mixin.py:190} INFO - [2024-10-13T20:55:59.156-0400] {dag.py:4180} INFO - Setting next_dagrun for dataset_s3_bucket_producer to None, run_after=None
[2024-10-13T20:55:59.185-0400] {processor.py:208} INFO - Processing /Users/karenwang/anaconda3/envs/airflow_sqlite_env/lib/python3.9/site-packages/airflow/example_dags/example_dataset_alias.py took 0.391 seconds
[2024-10-13T21:03:19.906-0400] {processor.py:186} INFO - Started process (PID=45071) to work on /Users/karenwang/anaconda3/envs/airflow_sqlite_env/lib/python3.9/site-packages/airflow/example_dags/example_dataset_alias.py
[2024-10-13T21:03:19.907-0400] {processor.py:914} INFO - Processing file /Users/karenwang/anaconda3/envs/airflow_sqlite_env/lib/python3.9/site-packages/airflow/example_dags/example_dataset_alias.py for tasks to queue
[2024-10-13T21:03:19.909-0400] {logging_mixin.py:190} INFO - [2024-10-13T21:03:19.908-0400] {dagbag.py:588} INFO - Filling up the DagBag from /Users/karenwang/anaconda3/envs/airflow_sqlite_env/lib/python3.9/site-packages/airflow/example_dags/example_dataset_alias.py
[2024-10-13T21:03:20.173-0400] {processor.py:925} INFO - DAG(s) 'dataset_s3_bucket_producer', 'dataset_alias_example_alias_producer', 'dataset_s3_bucket_consumer', 'dataset_alias_example_alias_consumer' retrieved from /Users/karenwang/anaconda3/envs/airflow_sqlite_env/lib/python3.9/site-packages/airflow/example_dags/example_dataset_alias.py
[2024-10-13T21:03:20.204-0400] {logging_mixin.py:190} INFO - [2024-10-13T21:03:20.203-0400] {dag.py:3239} INFO - Sync 4 DAGs
[2024-10-13T21:03:20.231-0400] {logging_mixin.py:190} INFO - [2024-10-13T21:03:20.231-0400] {dag.py:4180} INFO - Setting next_dagrun for dataset_alias_example_alias_consumer to None, run_after=None
[2024-10-13T21:03:20.234-0400] {logging_mixin.py:190} INFO - [2024-10-13T21:03:20.234-0400] {dag.py:4180} INFO - Setting next_dagrun for dataset_alias_example_alias_producer to None, run_after=None
[2024-10-13T21:03:20.235-0400] {logging_mixin.py:190} INFO - [2024-10-13T21:03:20.235-0400] {dag.py:4180} INFO - Setting next_dagrun for dataset_s3_bucket_consumer to None, run_after=None
[2024-10-13T21:03:20.237-0400] {logging_mixin.py:190} INFO - [2024-10-13T21:03:20.236-0400] {dag.py:4180} INFO - Setting next_dagrun for dataset_s3_bucket_producer to None, run_after=None
[2024-10-13T21:03:20.259-0400] {processor.py:208} INFO - Processing /Users/karenwang/anaconda3/envs/airflow_sqlite_env/lib/python3.9/site-packages/airflow/example_dags/example_dataset_alias.py took 0.359 seconds
[2024-10-13T21:12:33.941-0400] {processor.py:186} INFO - Started process (PID=48015) to work on /Users/karenwang/anaconda3/envs/airflow_sqlite_env/lib/python3.9/site-packages/airflow/example_dags/example_dataset_alias.py
[2024-10-13T21:12:33.942-0400] {processor.py:914} INFO - Processing file /Users/karenwang/anaconda3/envs/airflow_sqlite_env/lib/python3.9/site-packages/airflow/example_dags/example_dataset_alias.py for tasks to queue
[2024-10-13T21:12:33.944-0400] {logging_mixin.py:190} INFO - [2024-10-13T21:12:33.943-0400] {dagbag.py:588} INFO - Filling up the DagBag from /Users/karenwang/anaconda3/envs/airflow_sqlite_env/lib/python3.9/site-packages/airflow/example_dags/example_dataset_alias.py
[2024-10-13T21:12:34.234-0400] {processor.py:925} INFO - DAG(s) 'dataset_alias_example_alias_consumer', 'dataset_s3_bucket_producer', 'dataset_alias_example_alias_producer', 'dataset_s3_bucket_consumer' retrieved from /Users/karenwang/anaconda3/envs/airflow_sqlite_env/lib/python3.9/site-packages/airflow/example_dags/example_dataset_alias.py
[2024-10-13T21:12:34.271-0400] {logging_mixin.py:190} INFO - [2024-10-13T21:12:34.270-0400] {dag.py:3239} INFO - Sync 4 DAGs
[2024-10-13T21:12:34.297-0400] {logging_mixin.py:190} INFO - [2024-10-13T21:12:34.297-0400] {dag.py:4180} INFO - Setting next_dagrun for dataset_alias_example_alias_consumer to None, run_after=None
[2024-10-13T21:12:34.300-0400] {logging_mixin.py:190} INFO - [2024-10-13T21:12:34.299-0400] {dag.py:4180} INFO - Setting next_dagrun for dataset_alias_example_alias_producer to None, run_after=None
[2024-10-13T21:12:34.302-0400] {logging_mixin.py:190} INFO - [2024-10-13T21:12:34.301-0400] {dag.py:4180} INFO - Setting next_dagrun for dataset_s3_bucket_consumer to None, run_after=None
[2024-10-13T21:12:34.303-0400] {logging_mixin.py:190} INFO - [2024-10-13T21:12:34.303-0400] {dag.py:4180} INFO - Setting next_dagrun for dataset_s3_bucket_producer to None, run_after=None
[2024-10-13T21:12:34.330-0400] {processor.py:208} INFO - Processing /Users/karenwang/anaconda3/envs/airflow_sqlite_env/lib/python3.9/site-packages/airflow/example_dags/example_dataset_alias.py took 0.395 seconds
[2024-10-13T21:17:07.621-0400] {processor.py:186} INFO - Started process (PID=49660) to work on /Users/karenwang/anaconda3/envs/airflow_sqlite_env/lib/python3.9/site-packages/airflow/example_dags/example_dataset_alias.py
[2024-10-13T21:17:07.623-0400] {processor.py:914} INFO - Processing file /Users/karenwang/anaconda3/envs/airflow_sqlite_env/lib/python3.9/site-packages/airflow/example_dags/example_dataset_alias.py for tasks to queue
[2024-10-13T21:17:07.624-0400] {logging_mixin.py:190} INFO - [2024-10-13T21:17:07.624-0400] {dagbag.py:588} INFO - Filling up the DagBag from /Users/karenwang/anaconda3/envs/airflow_sqlite_env/lib/python3.9/site-packages/airflow/example_dags/example_dataset_alias.py
[2024-10-13T21:17:07.926-0400] {processor.py:925} INFO - DAG(s) 'dataset_alias_example_alias_consumer', 'dataset_alias_example_alias_producer', 'dataset_s3_bucket_consumer', 'dataset_s3_bucket_producer' retrieved from /Users/karenwang/anaconda3/envs/airflow_sqlite_env/lib/python3.9/site-packages/airflow/example_dags/example_dataset_alias.py
[2024-10-13T21:17:07.960-0400] {logging_mixin.py:190} INFO - [2024-10-13T21:17:07.960-0400] {dag.py:3239} INFO - Sync 4 DAGs
[2024-10-13T21:17:07.991-0400] {logging_mixin.py:190} INFO - [2024-10-13T21:17:07.991-0400] {dag.py:4180} INFO - Setting next_dagrun for dataset_alias_example_alias_consumer to None, run_after=None
[2024-10-13T21:17:07.994-0400] {logging_mixin.py:190} INFO - [2024-10-13T21:17:07.994-0400] {dag.py:4180} INFO - Setting next_dagrun for dataset_alias_example_alias_producer to None, run_after=None
[2024-10-13T21:17:07.995-0400] {logging_mixin.py:190} INFO - [2024-10-13T21:17:07.995-0400] {dag.py:4180} INFO - Setting next_dagrun for dataset_s3_bucket_consumer to None, run_after=None
[2024-10-13T21:17:07.996-0400] {logging_mixin.py:190} INFO - [2024-10-13T21:17:07.996-0400] {dag.py:4180} INFO - Setting next_dagrun for dataset_s3_bucket_producer to None, run_after=None
[2024-10-13T21:17:08.022-0400] {processor.py:208} INFO - Processing /Users/karenwang/anaconda3/envs/airflow_sqlite_env/lib/python3.9/site-packages/airflow/example_dags/example_dataset_alias.py took 0.406 seconds
[2024-10-13T21:24:31.664-0400] {processor.py:186} INFO - Started process (PID=51945) to work on /Users/karenwang/anaconda3/envs/airflow_sqlite_env/lib/python3.9/site-packages/airflow/example_dags/example_dataset_alias.py
[2024-10-13T21:24:31.665-0400] {processor.py:914} INFO - Processing file /Users/karenwang/anaconda3/envs/airflow_sqlite_env/lib/python3.9/site-packages/airflow/example_dags/example_dataset_alias.py for tasks to queue
[2024-10-13T21:24:31.667-0400] {logging_mixin.py:190} INFO - [2024-10-13T21:24:31.666-0400] {dagbag.py:588} INFO - Filling up the DagBag from /Users/karenwang/anaconda3/envs/airflow_sqlite_env/lib/python3.9/site-packages/airflow/example_dags/example_dataset_alias.py
[2024-10-13T21:24:31.943-0400] {processor.py:925} INFO - DAG(s) 'dataset_s3_bucket_consumer', 'dataset_s3_bucket_producer', 'dataset_alias_example_alias_consumer', 'dataset_alias_example_alias_producer' retrieved from /Users/karenwang/anaconda3/envs/airflow_sqlite_env/lib/python3.9/site-packages/airflow/example_dags/example_dataset_alias.py
[2024-10-13T21:24:31.971-0400] {logging_mixin.py:190} INFO - [2024-10-13T21:24:31.970-0400] {dag.py:3239} INFO - Sync 4 DAGs
[2024-10-13T21:24:31.992-0400] {logging_mixin.py:190} INFO - [2024-10-13T21:24:31.992-0400] {dag.py:4180} INFO - Setting next_dagrun for dataset_alias_example_alias_consumer to None, run_after=None
[2024-10-13T21:24:31.995-0400] {logging_mixin.py:190} INFO - [2024-10-13T21:24:31.995-0400] {dag.py:4180} INFO - Setting next_dagrun for dataset_alias_example_alias_producer to None, run_after=None
[2024-10-13T21:24:31.996-0400] {logging_mixin.py:190} INFO - [2024-10-13T21:24:31.996-0400] {dag.py:4180} INFO - Setting next_dagrun for dataset_s3_bucket_consumer to None, run_after=None
[2024-10-13T21:24:31.997-0400] {logging_mixin.py:190} INFO - [2024-10-13T21:24:31.997-0400] {dag.py:4180} INFO - Setting next_dagrun for dataset_s3_bucket_producer to None, run_after=None
[2024-10-13T21:24:32.019-0400] {processor.py:208} INFO - Processing /Users/karenwang/anaconda3/envs/airflow_sqlite_env/lib/python3.9/site-packages/airflow/example_dags/example_dataset_alias.py took 0.362 seconds
[2024-10-13T21:32:12.770-0400] {processor.py:186} INFO - Started process (PID=54357) to work on /Users/karenwang/anaconda3/envs/airflow_sqlite_env/lib/python3.9/site-packages/airflow/example_dags/example_dataset_alias.py
[2024-10-13T21:32:12.771-0400] {processor.py:914} INFO - Processing file /Users/karenwang/anaconda3/envs/airflow_sqlite_env/lib/python3.9/site-packages/airflow/example_dags/example_dataset_alias.py for tasks to queue
[2024-10-13T21:32:12.772-0400] {logging_mixin.py:190} INFO - [2024-10-13T21:32:12.772-0400] {dagbag.py:588} INFO - Filling up the DagBag from /Users/karenwang/anaconda3/envs/airflow_sqlite_env/lib/python3.9/site-packages/airflow/example_dags/example_dataset_alias.py
[2024-10-13T21:32:13.078-0400] {processor.py:925} INFO - DAG(s) 'dataset_alias_example_alias_consumer', 'dataset_s3_bucket_producer', 'dataset_alias_example_alias_producer', 'dataset_s3_bucket_consumer' retrieved from /Users/karenwang/anaconda3/envs/airflow_sqlite_env/lib/python3.9/site-packages/airflow/example_dags/example_dataset_alias.py
[2024-10-13T21:32:13.112-0400] {logging_mixin.py:190} INFO - [2024-10-13T21:32:13.111-0400] {dag.py:3239} INFO - Sync 4 DAGs
[2024-10-13T21:32:13.139-0400] {logging_mixin.py:190} INFO - [2024-10-13T21:32:13.138-0400] {dag.py:4180} INFO - Setting next_dagrun for dataset_alias_example_alias_consumer to None, run_after=None
[2024-10-13T21:32:13.142-0400] {logging_mixin.py:190} INFO - [2024-10-13T21:32:13.141-0400] {dag.py:4180} INFO - Setting next_dagrun for dataset_alias_example_alias_producer to None, run_after=None
[2024-10-13T21:32:13.143-0400] {logging_mixin.py:190} INFO - [2024-10-13T21:32:13.143-0400] {dag.py:4180} INFO - Setting next_dagrun for dataset_s3_bucket_consumer to None, run_after=None
[2024-10-13T21:32:13.144-0400] {logging_mixin.py:190} INFO - [2024-10-13T21:32:13.144-0400] {dag.py:4180} INFO - Setting next_dagrun for dataset_s3_bucket_producer to None, run_after=None
[2024-10-13T21:32:13.174-0400] {processor.py:208} INFO - Processing /Users/karenwang/anaconda3/envs/airflow_sqlite_env/lib/python3.9/site-packages/airflow/example_dags/example_dataset_alias.py took 0.410 seconds
[2024-10-13T21:39:57.525-0400] {processor.py:186} INFO - Started process (PID=56785) to work on /Users/karenwang/anaconda3/envs/airflow_sqlite_env/lib/python3.9/site-packages/airflow/example_dags/example_dataset_alias.py
[2024-10-13T21:39:57.527-0400] {processor.py:914} INFO - Processing file /Users/karenwang/anaconda3/envs/airflow_sqlite_env/lib/python3.9/site-packages/airflow/example_dags/example_dataset_alias.py for tasks to queue
[2024-10-13T21:39:57.528-0400] {logging_mixin.py:190} INFO - [2024-10-13T21:39:57.528-0400] {dagbag.py:588} INFO - Filling up the DagBag from /Users/karenwang/anaconda3/envs/airflow_sqlite_env/lib/python3.9/site-packages/airflow/example_dags/example_dataset_alias.py
[2024-10-13T21:39:57.806-0400] {processor.py:925} INFO - DAG(s) 'dataset_s3_bucket_producer', 'dataset_s3_bucket_consumer', 'dataset_alias_example_alias_producer', 'dataset_alias_example_alias_consumer' retrieved from /Users/karenwang/anaconda3/envs/airflow_sqlite_env/lib/python3.9/site-packages/airflow/example_dags/example_dataset_alias.py
[2024-10-13T21:39:57.833-0400] {logging_mixin.py:190} INFO - [2024-10-13T21:39:57.833-0400] {dag.py:3239} INFO - Sync 4 DAGs
[2024-10-13T21:39:57.855-0400] {logging_mixin.py:190} INFO - [2024-10-13T21:39:57.855-0400] {dag.py:4180} INFO - Setting next_dagrun for dataset_alias_example_alias_consumer to None, run_after=None
[2024-10-13T21:39:57.857-0400] {logging_mixin.py:190} INFO - [2024-10-13T21:39:57.857-0400] {dag.py:4180} INFO - Setting next_dagrun for dataset_alias_example_alias_producer to None, run_after=None
[2024-10-13T21:39:57.858-0400] {logging_mixin.py:190} INFO - [2024-10-13T21:39:57.858-0400] {dag.py:4180} INFO - Setting next_dagrun for dataset_s3_bucket_consumer to None, run_after=None
[2024-10-13T21:39:57.860-0400] {logging_mixin.py:190} INFO - [2024-10-13T21:39:57.859-0400] {dag.py:4180} INFO - Setting next_dagrun for dataset_s3_bucket_producer to None, run_after=None
[2024-10-13T21:39:57.883-0400] {processor.py:208} INFO - Processing /Users/karenwang/anaconda3/envs/airflow_sqlite_env/lib/python3.9/site-packages/airflow/example_dags/example_dataset_alias.py took 0.363 seconds
[2024-10-13T21:47:48.857-0400] {processor.py:186} INFO - Started process (PID=59199) to work on /Users/karenwang/anaconda3/envs/airflow_sqlite_env/lib/python3.9/site-packages/airflow/example_dags/example_dataset_alias.py
[2024-10-13T21:47:48.858-0400] {processor.py:914} INFO - Processing file /Users/karenwang/anaconda3/envs/airflow_sqlite_env/lib/python3.9/site-packages/airflow/example_dags/example_dataset_alias.py for tasks to queue
[2024-10-13T21:47:48.860-0400] {logging_mixin.py:190} INFO - [2024-10-13T21:47:48.860-0400] {dagbag.py:588} INFO - Filling up the DagBag from /Users/karenwang/anaconda3/envs/airflow_sqlite_env/lib/python3.9/site-packages/airflow/example_dags/example_dataset_alias.py
[2024-10-13T21:47:49.173-0400] {processor.py:925} INFO - DAG(s) 'dataset_s3_bucket_producer', 'dataset_s3_bucket_consumer', 'dataset_alias_example_alias_consumer', 'dataset_alias_example_alias_producer' retrieved from /Users/karenwang/anaconda3/envs/airflow_sqlite_env/lib/python3.9/site-packages/airflow/example_dags/example_dataset_alias.py
[2024-10-13T21:47:49.205-0400] {logging_mixin.py:190} INFO - [2024-10-13T21:47:49.205-0400] {dag.py:3239} INFO - Sync 4 DAGs
[2024-10-13T21:47:49.239-0400] {logging_mixin.py:190} INFO - [2024-10-13T21:47:49.239-0400] {dag.py:4180} INFO - Setting next_dagrun for dataset_alias_example_alias_consumer to None, run_after=None
[2024-10-13T21:47:49.243-0400] {logging_mixin.py:190} INFO - [2024-10-13T21:47:49.243-0400] {dag.py:4180} INFO - Setting next_dagrun for dataset_alias_example_alias_producer to None, run_after=None
[2024-10-13T21:47:49.245-0400] {logging_mixin.py:190} INFO - [2024-10-13T21:47:49.245-0400] {dag.py:4180} INFO - Setting next_dagrun for dataset_s3_bucket_consumer to None, run_after=None
[2024-10-13T21:47:49.246-0400] {logging_mixin.py:190} INFO - [2024-10-13T21:47:49.246-0400] {dag.py:4180} INFO - Setting next_dagrun for dataset_s3_bucket_producer to None, run_after=None
[2024-10-13T21:47:49.275-0400] {processor.py:208} INFO - Processing /Users/karenwang/anaconda3/envs/airflow_sqlite_env/lib/python3.9/site-packages/airflow/example_dags/example_dataset_alias.py took 0.423 seconds
[2024-10-13T21:55:52.826-0400] {processor.py:186} INFO - Started process (PID=61728) to work on /Users/karenwang/anaconda3/envs/airflow_sqlite_env/lib/python3.9/site-packages/airflow/example_dags/example_dataset_alias.py
[2024-10-13T21:55:52.827-0400] {processor.py:914} INFO - Processing file /Users/karenwang/anaconda3/envs/airflow_sqlite_env/lib/python3.9/site-packages/airflow/example_dags/example_dataset_alias.py for tasks to queue
[2024-10-13T21:55:52.829-0400] {logging_mixin.py:190} INFO - [2024-10-13T21:55:52.829-0400] {dagbag.py:588} INFO - Filling up the DagBag from /Users/karenwang/anaconda3/envs/airflow_sqlite_env/lib/python3.9/site-packages/airflow/example_dags/example_dataset_alias.py
[2024-10-13T21:55:53.131-0400] {processor.py:925} INFO - DAG(s) 'dataset_alias_example_alias_consumer', 'dataset_alias_example_alias_producer', 'dataset_s3_bucket_producer', 'dataset_s3_bucket_consumer' retrieved from /Users/karenwang/anaconda3/envs/airflow_sqlite_env/lib/python3.9/site-packages/airflow/example_dags/example_dataset_alias.py
[2024-10-13T21:55:53.169-0400] {logging_mixin.py:190} INFO - [2024-10-13T21:55:53.169-0400] {dag.py:3239} INFO - Sync 4 DAGs
[2024-10-13T21:55:53.199-0400] {logging_mixin.py:190} INFO - [2024-10-13T21:55:53.199-0400] {dag.py:4180} INFO - Setting next_dagrun for dataset_alias_example_alias_consumer to None, run_after=None
[2024-10-13T21:55:53.201-0400] {logging_mixin.py:190} INFO - [2024-10-13T21:55:53.201-0400] {dag.py:4180} INFO - Setting next_dagrun for dataset_alias_example_alias_producer to None, run_after=None
[2024-10-13T21:55:53.202-0400] {logging_mixin.py:190} INFO - [2024-10-13T21:55:53.202-0400] {dag.py:4180} INFO - Setting next_dagrun for dataset_s3_bucket_consumer to None, run_after=None
[2024-10-13T21:55:53.204-0400] {logging_mixin.py:190} INFO - [2024-10-13T21:55:53.203-0400] {dag.py:4180} INFO - Setting next_dagrun for dataset_s3_bucket_producer to None, run_after=None
[2024-10-13T21:55:53.229-0400] {processor.py:208} INFO - Processing /Users/karenwang/anaconda3/envs/airflow_sqlite_env/lib/python3.9/site-packages/airflow/example_dags/example_dataset_alias.py took 0.409 seconds
[2024-10-13T22:03:39.177-0400] {processor.py:186} INFO - Started process (PID=64121) to work on /Users/karenwang/anaconda3/envs/airflow_sqlite_env/lib/python3.9/site-packages/airflow/example_dags/example_dataset_alias.py
[2024-10-13T22:03:39.178-0400] {processor.py:914} INFO - Processing file /Users/karenwang/anaconda3/envs/airflow_sqlite_env/lib/python3.9/site-packages/airflow/example_dags/example_dataset_alias.py for tasks to queue
[2024-10-13T22:03:39.180-0400] {logging_mixin.py:190} INFO - [2024-10-13T22:03:39.179-0400] {dagbag.py:588} INFO - Filling up the DagBag from /Users/karenwang/anaconda3/envs/airflow_sqlite_env/lib/python3.9/site-packages/airflow/example_dags/example_dataset_alias.py
[2024-10-13T22:03:39.469-0400] {processor.py:925} INFO - DAG(s) 'dataset_s3_bucket_consumer', 'dataset_alias_example_alias_producer', 'dataset_s3_bucket_producer', 'dataset_alias_example_alias_consumer' retrieved from /Users/karenwang/anaconda3/envs/airflow_sqlite_env/lib/python3.9/site-packages/airflow/example_dags/example_dataset_alias.py
[2024-10-13T22:03:39.504-0400] {logging_mixin.py:190} INFO - [2024-10-13T22:03:39.504-0400] {dag.py:3239} INFO - Sync 4 DAGs
[2024-10-13T22:03:39.531-0400] {logging_mixin.py:190} INFO - [2024-10-13T22:03:39.530-0400] {dag.py:4180} INFO - Setting next_dagrun for dataset_alias_example_alias_consumer to None, run_after=None
[2024-10-13T22:03:39.533-0400] {logging_mixin.py:190} INFO - [2024-10-13T22:03:39.533-0400] {dag.py:4180} INFO - Setting next_dagrun for dataset_alias_example_alias_producer to None, run_after=None
[2024-10-13T22:03:39.534-0400] {logging_mixin.py:190} INFO - [2024-10-13T22:03:39.534-0400] {dag.py:4180} INFO - Setting next_dagrun for dataset_s3_bucket_consumer to None, run_after=None
[2024-10-13T22:03:39.535-0400] {logging_mixin.py:190} INFO - [2024-10-13T22:03:39.535-0400] {dag.py:4180} INFO - Setting next_dagrun for dataset_s3_bucket_producer to None, run_after=None
[2024-10-13T22:03:39.561-0400] {processor.py:208} INFO - Processing /Users/karenwang/anaconda3/envs/airflow_sqlite_env/lib/python3.9/site-packages/airflow/example_dags/example_dataset_alias.py took 0.389 seconds
[2024-10-13T22:11:21.268-0400] {processor.py:186} INFO - Started process (PID=66507) to work on /Users/karenwang/anaconda3/envs/airflow_sqlite_env/lib/python3.9/site-packages/airflow/example_dags/example_dataset_alias.py
[2024-10-13T22:11:21.270-0400] {processor.py:914} INFO - Processing file /Users/karenwang/anaconda3/envs/airflow_sqlite_env/lib/python3.9/site-packages/airflow/example_dags/example_dataset_alias.py for tasks to queue
[2024-10-13T22:11:21.271-0400] {logging_mixin.py:190} INFO - [2024-10-13T22:11:21.271-0400] {dagbag.py:588} INFO - Filling up the DagBag from /Users/karenwang/anaconda3/envs/airflow_sqlite_env/lib/python3.9/site-packages/airflow/example_dags/example_dataset_alias.py
[2024-10-13T22:11:21.581-0400] {processor.py:925} INFO - DAG(s) 'dataset_alias_example_alias_consumer', 'dataset_s3_bucket_consumer', 'dataset_s3_bucket_producer', 'dataset_alias_example_alias_producer' retrieved from /Users/karenwang/anaconda3/envs/airflow_sqlite_env/lib/python3.9/site-packages/airflow/example_dags/example_dataset_alias.py
[2024-10-13T22:11:21.614-0400] {logging_mixin.py:190} INFO - [2024-10-13T22:11:21.614-0400] {dag.py:3239} INFO - Sync 4 DAGs
[2024-10-13T22:11:21.642-0400] {logging_mixin.py:190} INFO - [2024-10-13T22:11:21.642-0400] {dag.py:4180} INFO - Setting next_dagrun for dataset_alias_example_alias_consumer to None, run_after=None
[2024-10-13T22:11:21.645-0400] {logging_mixin.py:190} INFO - [2024-10-13T22:11:21.645-0400] {dag.py:4180} INFO - Setting next_dagrun for dataset_alias_example_alias_producer to None, run_after=None
[2024-10-13T22:11:21.647-0400] {logging_mixin.py:190} INFO - [2024-10-13T22:11:21.646-0400] {dag.py:4180} INFO - Setting next_dagrun for dataset_s3_bucket_consumer to None, run_after=None
[2024-10-13T22:11:21.648-0400] {logging_mixin.py:190} INFO - [2024-10-13T22:11:21.647-0400] {dag.py:4180} INFO - Setting next_dagrun for dataset_s3_bucket_producer to None, run_after=None
[2024-10-13T22:11:21.677-0400] {processor.py:208} INFO - Processing /Users/karenwang/anaconda3/envs/airflow_sqlite_env/lib/python3.9/site-packages/airflow/example_dags/example_dataset_alias.py took 0.415 seconds
[2024-10-13T22:19:17.203-0400] {processor.py:186} INFO - Started process (PID=68934) to work on /Users/karenwang/anaconda3/envs/airflow_sqlite_env/lib/python3.9/site-packages/airflow/example_dags/example_dataset_alias.py
[2024-10-13T22:19:17.205-0400] {processor.py:914} INFO - Processing file /Users/karenwang/anaconda3/envs/airflow_sqlite_env/lib/python3.9/site-packages/airflow/example_dags/example_dataset_alias.py for tasks to queue
[2024-10-13T22:19:17.207-0400] {logging_mixin.py:190} INFO - [2024-10-13T22:19:17.207-0400] {dagbag.py:588} INFO - Filling up the DagBag from /Users/karenwang/anaconda3/envs/airflow_sqlite_env/lib/python3.9/site-packages/airflow/example_dags/example_dataset_alias.py
[2024-10-13T22:19:17.549-0400] {processor.py:925} INFO - DAG(s) 'dataset_s3_bucket_producer', 'dataset_s3_bucket_consumer', 'dataset_alias_example_alias_consumer', 'dataset_alias_example_alias_producer' retrieved from /Users/karenwang/anaconda3/envs/airflow_sqlite_env/lib/python3.9/site-packages/airflow/example_dags/example_dataset_alias.py
[2024-10-13T22:19:17.582-0400] {logging_mixin.py:190} INFO - [2024-10-13T22:19:17.581-0400] {dag.py:3239} INFO - Sync 4 DAGs
[2024-10-13T22:19:17.612-0400] {logging_mixin.py:190} INFO - [2024-10-13T22:19:17.612-0400] {dag.py:4180} INFO - Setting next_dagrun for dataset_alias_example_alias_consumer to None, run_after=None
[2024-10-13T22:19:17.615-0400] {logging_mixin.py:190} INFO - [2024-10-13T22:19:17.615-0400] {dag.py:4180} INFO - Setting next_dagrun for dataset_alias_example_alias_producer to None, run_after=None
[2024-10-13T22:19:17.617-0400] {logging_mixin.py:190} INFO - [2024-10-13T22:19:17.617-0400] {dag.py:4180} INFO - Setting next_dagrun for dataset_s3_bucket_consumer to None, run_after=None
[2024-10-13T22:19:17.619-0400] {logging_mixin.py:190} INFO - [2024-10-13T22:19:17.619-0400] {dag.py:4180} INFO - Setting next_dagrun for dataset_s3_bucket_producer to None, run_after=None
[2024-10-13T22:19:17.648-0400] {processor.py:208} INFO - Processing /Users/karenwang/anaconda3/envs/airflow_sqlite_env/lib/python3.9/site-packages/airflow/example_dags/example_dataset_alias.py took 0.452 seconds
[2024-10-13T22:27:37.131-0400] {processor.py:186} INFO - Started process (PID=71602) to work on /Users/karenwang/anaconda3/envs/airflow_sqlite_env/lib/python3.9/site-packages/airflow/example_dags/example_dataset_alias.py
[2024-10-13T22:27:37.133-0400] {processor.py:914} INFO - Processing file /Users/karenwang/anaconda3/envs/airflow_sqlite_env/lib/python3.9/site-packages/airflow/example_dags/example_dataset_alias.py for tasks to queue
[2024-10-13T22:27:37.135-0400] {logging_mixin.py:190} INFO - [2024-10-13T22:27:37.134-0400] {dagbag.py:588} INFO - Filling up the DagBag from /Users/karenwang/anaconda3/envs/airflow_sqlite_env/lib/python3.9/site-packages/airflow/example_dags/example_dataset_alias.py
[2024-10-13T22:27:37.501-0400] {processor.py:925} INFO - DAG(s) 'dataset_alias_example_alias_producer', 'dataset_s3_bucket_consumer', 'dataset_alias_example_alias_consumer', 'dataset_s3_bucket_producer' retrieved from /Users/karenwang/anaconda3/envs/airflow_sqlite_env/lib/python3.9/site-packages/airflow/example_dags/example_dataset_alias.py
[2024-10-13T22:27:37.533-0400] {logging_mixin.py:190} INFO - [2024-10-13T22:27:37.533-0400] {dag.py:3239} INFO - Sync 4 DAGs
[2024-10-13T22:27:37.556-0400] {logging_mixin.py:190} INFO - [2024-10-13T22:27:37.556-0400] {dag.py:4180} INFO - Setting next_dagrun for dataset_alias_example_alias_consumer to None, run_after=None
[2024-10-13T22:27:37.559-0400] {logging_mixin.py:190} INFO - [2024-10-13T22:27:37.559-0400] {dag.py:4180} INFO - Setting next_dagrun for dataset_alias_example_alias_producer to None, run_after=None
[2024-10-13T22:27:37.560-0400] {logging_mixin.py:190} INFO - [2024-10-13T22:27:37.560-0400] {dag.py:4180} INFO - Setting next_dagrun for dataset_s3_bucket_consumer to None, run_after=None
[2024-10-13T22:27:37.561-0400] {logging_mixin.py:190} INFO - [2024-10-13T22:27:37.561-0400] {dag.py:4180} INFO - Setting next_dagrun for dataset_s3_bucket_producer to None, run_after=None
[2024-10-13T22:27:37.590-0400] {processor.py:208} INFO - Processing /Users/karenwang/anaconda3/envs/airflow_sqlite_env/lib/python3.9/site-packages/airflow/example_dags/example_dataset_alias.py took 0.464 seconds
[2024-10-13T22:37:28.794-0400] {processor.py:186} INFO - Started process (PID=74924) to work on /Users/karenwang/anaconda3/envs/airflow_sqlite_env/lib/python3.9/site-packages/airflow/example_dags/example_dataset_alias.py
[2024-10-13T22:37:28.796-0400] {processor.py:914} INFO - Processing file /Users/karenwang/anaconda3/envs/airflow_sqlite_env/lib/python3.9/site-packages/airflow/example_dags/example_dataset_alias.py for tasks to queue
[2024-10-13T22:37:28.798-0400] {logging_mixin.py:190} INFO - [2024-10-13T22:37:28.797-0400] {dagbag.py:588} INFO - Filling up the DagBag from /Users/karenwang/anaconda3/envs/airflow_sqlite_env/lib/python3.9/site-packages/airflow/example_dags/example_dataset_alias.py
[2024-10-13T22:37:29.117-0400] {processor.py:925} INFO - DAG(s) 'dataset_s3_bucket_consumer', 'dataset_alias_example_alias_consumer', 'dataset_s3_bucket_producer', 'dataset_alias_example_alias_producer' retrieved from /Users/karenwang/anaconda3/envs/airflow_sqlite_env/lib/python3.9/site-packages/airflow/example_dags/example_dataset_alias.py
[2024-10-13T22:37:29.151-0400] {logging_mixin.py:190} INFO - [2024-10-13T22:37:29.151-0400] {dag.py:3239} INFO - Sync 4 DAGs
[2024-10-13T22:37:29.178-0400] {logging_mixin.py:190} INFO - [2024-10-13T22:37:29.177-0400] {dag.py:4180} INFO - Setting next_dagrun for dataset_alias_example_alias_consumer to None, run_after=None
[2024-10-13T22:37:29.182-0400] {logging_mixin.py:190} INFO - [2024-10-13T22:37:29.181-0400] {dag.py:4180} INFO - Setting next_dagrun for dataset_alias_example_alias_producer to None, run_after=None
[2024-10-13T22:37:29.183-0400] {logging_mixin.py:190} INFO - [2024-10-13T22:37:29.183-0400] {dag.py:4180} INFO - Setting next_dagrun for dataset_s3_bucket_consumer to None, run_after=None
[2024-10-13T22:37:29.184-0400] {logging_mixin.py:190} INFO - [2024-10-13T22:37:29.184-0400] {dag.py:4180} INFO - Setting next_dagrun for dataset_s3_bucket_producer to None, run_after=None
[2024-10-13T22:37:29.214-0400] {processor.py:208} INFO - Processing /Users/karenwang/anaconda3/envs/airflow_sqlite_env/lib/python3.9/site-packages/airflow/example_dags/example_dataset_alias.py took 0.425 seconds
