[2024-10-13T20:03:05.302-0400] {processor.py:186} INFO - Started process (PID=26055) to work on /Users/karenwang/anaconda3/envs/airflow_sqlite_env/lib/python3.9/site-packages/airflow/example_dags/example_display_name.py
[2024-10-13T20:03:05.303-0400] {processor.py:914} INFO - Processing file /Users/karenwang/anaconda3/envs/airflow_sqlite_env/lib/python3.9/site-packages/airflow/example_dags/example_display_name.py for tasks to queue
[2024-10-13T20:03:05.305-0400] {logging_mixin.py:190} INFO - [2024-10-13T20:03:05.305-0400] {dagbag.py:588} INFO - Filling up the DagBag from /Users/karenwang/anaconda3/envs/airflow_sqlite_env/lib/python3.9/site-packages/airflow/example_dags/example_display_name.py
[2024-10-13T20:03:05.405-0400] {processor.py:925} INFO - DAG(s) 'example_display_name' retrieved from /Users/karenwang/anaconda3/envs/airflow_sqlite_env/lib/python3.9/site-packages/airflow/example_dags/example_display_name.py
[2024-10-13T20:03:05.555-0400] {logging_mixin.py:190} INFO - [2024-10-13T20:03:05.555-0400] {dag.py:3239} INFO - Sync 1 DAGs
[2024-10-13T20:03:05.575-0400] {logging_mixin.py:190} INFO - [2024-10-13T20:03:05.575-0400] {dag.py:4180} INFO - Setting next_dagrun for example_display_name to None, run_after=None
[2024-10-13T20:03:05.601-0400] {processor.py:208} INFO - Processing /Users/karenwang/anaconda3/envs/airflow_sqlite_env/lib/python3.9/site-packages/airflow/example_dags/example_display_name.py took 0.305 seconds
[2024-10-13T20:11:05.723-0400] {processor.py:186} INFO - Started process (PID=28531) to work on /Users/karenwang/anaconda3/envs/airflow_sqlite_env/lib/python3.9/site-packages/airflow/example_dags/example_display_name.py
[2024-10-13T20:11:05.725-0400] {processor.py:914} INFO - Processing file /Users/karenwang/anaconda3/envs/airflow_sqlite_env/lib/python3.9/site-packages/airflow/example_dags/example_display_name.py for tasks to queue
[2024-10-13T20:11:05.726-0400] {logging_mixin.py:190} INFO - [2024-10-13T20:11:05.726-0400] {dagbag.py:588} INFO - Filling up the DagBag from /Users/karenwang/anaconda3/envs/airflow_sqlite_env/lib/python3.9/site-packages/airflow/example_dags/example_display_name.py
[2024-10-13T20:11:05.845-0400] {processor.py:925} INFO - DAG(s) 'example_display_name' retrieved from /Users/karenwang/anaconda3/envs/airflow_sqlite_env/lib/python3.9/site-packages/airflow/example_dags/example_display_name.py
[2024-10-13T20:11:06.053-0400] {logging_mixin.py:190} INFO - [2024-10-13T20:11:06.052-0400] {dag.py:3239} INFO - Sync 1 DAGs
[2024-10-13T20:11:06.067-0400] {logging_mixin.py:190} INFO - [2024-10-13T20:11:06.067-0400] {dag.py:4180} INFO - Setting next_dagrun for example_display_name to None, run_after=None
[2024-10-13T20:11:06.096-0400] {processor.py:208} INFO - Processing /Users/karenwang/anaconda3/envs/airflow_sqlite_env/lib/python3.9/site-packages/airflow/example_dags/example_display_name.py took 0.380 seconds
[2024-10-13T20:19:26.410-0400] {processor.py:186} INFO - Started process (PID=31084) to work on /Users/karenwang/anaconda3/envs/airflow_sqlite_env/lib/python3.9/site-packages/airflow/example_dags/example_display_name.py
[2024-10-13T20:19:26.413-0400] {processor.py:914} INFO - Processing file /Users/karenwang/anaconda3/envs/airflow_sqlite_env/lib/python3.9/site-packages/airflow/example_dags/example_display_name.py for tasks to queue
[2024-10-13T20:19:26.415-0400] {logging_mixin.py:190} INFO - [2024-10-13T20:19:26.414-0400] {dagbag.py:588} INFO - Filling up the DagBag from /Users/karenwang/anaconda3/envs/airflow_sqlite_env/lib/python3.9/site-packages/airflow/example_dags/example_display_name.py
[2024-10-13T20:19:26.524-0400] {processor.py:925} INFO - DAG(s) 'example_display_name' retrieved from /Users/karenwang/anaconda3/envs/airflow_sqlite_env/lib/python3.9/site-packages/airflow/example_dags/example_display_name.py
[2024-10-13T20:19:26.735-0400] {logging_mixin.py:190} INFO - [2024-10-13T20:19:26.734-0400] {dag.py:3239} INFO - Sync 1 DAGs
[2024-10-13T20:19:26.754-0400] {logging_mixin.py:190} INFO - [2024-10-13T20:19:26.754-0400] {dag.py:4180} INFO - Setting next_dagrun for example_display_name to None, run_after=None
[2024-10-13T20:19:26.784-0400] {processor.py:208} INFO - Processing /Users/karenwang/anaconda3/envs/airflow_sqlite_env/lib/python3.9/site-packages/airflow/example_dags/example_display_name.py took 0.381 seconds
[2024-10-13T20:29:33.587-0400] {processor.py:186} INFO - Started process (PID=34513) to work on /Users/karenwang/anaconda3/envs/airflow_sqlite_env/lib/python3.9/site-packages/airflow/example_dags/example_display_name.py
[2024-10-13T20:29:33.588-0400] {processor.py:914} INFO - Processing file /Users/karenwang/anaconda3/envs/airflow_sqlite_env/lib/python3.9/site-packages/airflow/example_dags/example_display_name.py for tasks to queue
[2024-10-13T20:29:33.590-0400] {logging_mixin.py:190} INFO - [2024-10-13T20:29:33.589-0400] {dagbag.py:588} INFO - Filling up the DagBag from /Users/karenwang/anaconda3/envs/airflow_sqlite_env/lib/python3.9/site-packages/airflow/example_dags/example_display_name.py
[2024-10-13T20:29:33.696-0400] {processor.py:925} INFO - DAG(s) 'example_display_name' retrieved from /Users/karenwang/anaconda3/envs/airflow_sqlite_env/lib/python3.9/site-packages/airflow/example_dags/example_display_name.py
[2024-10-13T20:29:33.895-0400] {logging_mixin.py:190} INFO - [2024-10-13T20:29:33.894-0400] {dag.py:3239} INFO - Sync 1 DAGs
[2024-10-13T20:29:33.915-0400] {logging_mixin.py:190} INFO - [2024-10-13T20:29:33.914-0400] {dag.py:4180} INFO - Setting next_dagrun for example_display_name to None, run_after=None
[2024-10-13T20:29:33.946-0400] {processor.py:208} INFO - Processing /Users/karenwang/anaconda3/envs/airflow_sqlite_env/lib/python3.9/site-packages/airflow/example_dags/example_display_name.py took 0.365 seconds
[2024-10-13T20:33:50.323-0400] {processor.py:186} INFO - Started process (PID=35872) to work on /Users/karenwang/anaconda3/envs/airflow_sqlite_env/lib/python3.9/site-packages/airflow/example_dags/example_display_name.py
[2024-10-13T20:33:50.326-0400] {processor.py:914} INFO - Processing file /Users/karenwang/anaconda3/envs/airflow_sqlite_env/lib/python3.9/site-packages/airflow/example_dags/example_display_name.py for tasks to queue
[2024-10-13T20:33:50.327-0400] {logging_mixin.py:190} INFO - [2024-10-13T20:33:50.327-0400] {dagbag.py:588} INFO - Filling up the DagBag from /Users/karenwang/anaconda3/envs/airflow_sqlite_env/lib/python3.9/site-packages/airflow/example_dags/example_display_name.py
[2024-10-13T20:33:50.448-0400] {processor.py:925} INFO - DAG(s) 'example_display_name' retrieved from /Users/karenwang/anaconda3/envs/airflow_sqlite_env/lib/python3.9/site-packages/airflow/example_dags/example_display_name.py
[2024-10-13T20:33:50.634-0400] {logging_mixin.py:190} INFO - [2024-10-13T20:33:50.634-0400] {dag.py:3239} INFO - Sync 1 DAGs
[2024-10-13T20:33:50.652-0400] {logging_mixin.py:190} INFO - [2024-10-13T20:33:50.652-0400] {dag.py:4180} INFO - Setting next_dagrun for example_display_name to None, run_after=None
[2024-10-13T20:33:50.680-0400] {processor.py:208} INFO - Processing /Users/karenwang/anaconda3/envs/airflow_sqlite_env/lib/python3.9/site-packages/airflow/example_dags/example_display_name.py took 0.365 seconds
[2024-10-13T20:41:10.853-0400] {processor.py:186} INFO - Started process (PID=38180) to work on /Users/karenwang/anaconda3/envs/airflow_sqlite_env/lib/python3.9/site-packages/airflow/example_dags/example_display_name.py
[2024-10-13T20:41:10.855-0400] {processor.py:914} INFO - Processing file /Users/karenwang/anaconda3/envs/airflow_sqlite_env/lib/python3.9/site-packages/airflow/example_dags/example_display_name.py for tasks to queue
[2024-10-13T20:41:10.856-0400] {logging_mixin.py:190} INFO - [2024-10-13T20:41:10.856-0400] {dagbag.py:588} INFO - Filling up the DagBag from /Users/karenwang/anaconda3/envs/airflow_sqlite_env/lib/python3.9/site-packages/airflow/example_dags/example_display_name.py
[2024-10-13T20:41:10.947-0400] {processor.py:925} INFO - DAG(s) 'example_display_name' retrieved from /Users/karenwang/anaconda3/envs/airflow_sqlite_env/lib/python3.9/site-packages/airflow/example_dags/example_display_name.py
[2024-10-13T20:41:11.081-0400] {logging_mixin.py:190} INFO - [2024-10-13T20:41:11.081-0400] {dag.py:3239} INFO - Sync 1 DAGs
[2024-10-13T20:41:11.094-0400] {logging_mixin.py:190} INFO - [2024-10-13T20:41:11.093-0400] {dag.py:4180} INFO - Setting next_dagrun for example_display_name to None, run_after=None
[2024-10-13T20:41:11.115-0400] {processor.py:208} INFO - Processing /Users/karenwang/anaconda3/envs/airflow_sqlite_env/lib/python3.9/site-packages/airflow/example_dags/example_display_name.py took 0.268 seconds
[2024-10-13T20:48:30.459-0400] {processor.py:186} INFO - Started process (PID=40458) to work on /Users/karenwang/anaconda3/envs/airflow_sqlite_env/lib/python3.9/site-packages/airflow/example_dags/example_display_name.py
[2024-10-13T20:48:30.460-0400] {processor.py:914} INFO - Processing file /Users/karenwang/anaconda3/envs/airflow_sqlite_env/lib/python3.9/site-packages/airflow/example_dags/example_display_name.py for tasks to queue
[2024-10-13T20:48:30.462-0400] {logging_mixin.py:190} INFO - [2024-10-13T20:48:30.461-0400] {dagbag.py:588} INFO - Filling up the DagBag from /Users/karenwang/anaconda3/envs/airflow_sqlite_env/lib/python3.9/site-packages/airflow/example_dags/example_display_name.py
[2024-10-13T20:48:30.543-0400] {processor.py:925} INFO - DAG(s) 'example_display_name' retrieved from /Users/karenwang/anaconda3/envs/airflow_sqlite_env/lib/python3.9/site-packages/airflow/example_dags/example_display_name.py
[2024-10-13T20:48:30.674-0400] {logging_mixin.py:190} INFO - [2024-10-13T20:48:30.674-0400] {dag.py:3239} INFO - Sync 1 DAGs
[2024-10-13T20:48:30.687-0400] {logging_mixin.py:190} INFO - [2024-10-13T20:48:30.687-0400] {dag.py:4180} INFO - Setting next_dagrun for example_display_name to None, run_after=None
[2024-10-13T20:48:30.709-0400] {processor.py:208} INFO - Processing /Users/karenwang/anaconda3/envs/airflow_sqlite_env/lib/python3.9/site-packages/airflow/example_dags/example_display_name.py took 0.257 seconds
[2024-10-13T20:55:48.312-0400] {processor.py:186} INFO - Started process (PID=42736) to work on /Users/karenwang/anaconda3/envs/airflow_sqlite_env/lib/python3.9/site-packages/airflow/example_dags/example_display_name.py
[2024-10-13T20:55:48.314-0400] {processor.py:914} INFO - Processing file /Users/karenwang/anaconda3/envs/airflow_sqlite_env/lib/python3.9/site-packages/airflow/example_dags/example_display_name.py for tasks to queue
[2024-10-13T20:55:48.315-0400] {logging_mixin.py:190} INFO - [2024-10-13T20:55:48.315-0400] {dagbag.py:588} INFO - Filling up the DagBag from /Users/karenwang/anaconda3/envs/airflow_sqlite_env/lib/python3.9/site-packages/airflow/example_dags/example_display_name.py
[2024-10-13T20:55:48.394-0400] {processor.py:925} INFO - DAG(s) 'example_display_name' retrieved from /Users/karenwang/anaconda3/envs/airflow_sqlite_env/lib/python3.9/site-packages/airflow/example_dags/example_display_name.py
[2024-10-13T20:55:48.555-0400] {logging_mixin.py:190} INFO - [2024-10-13T20:55:48.555-0400] {dag.py:3239} INFO - Sync 1 DAGs
[2024-10-13T20:55:48.567-0400] {logging_mixin.py:190} INFO - [2024-10-13T20:55:48.567-0400] {dag.py:4180} INFO - Setting next_dagrun for example_display_name to None, run_after=None
[2024-10-13T20:55:48.589-0400] {processor.py:208} INFO - Processing /Users/karenwang/anaconda3/envs/airflow_sqlite_env/lib/python3.9/site-packages/airflow/example_dags/example_display_name.py took 0.283 seconds
[2024-10-13T21:03:09.599-0400] {processor.py:186} INFO - Started process (PID=45018) to work on /Users/karenwang/anaconda3/envs/airflow_sqlite_env/lib/python3.9/site-packages/airflow/example_dags/example_display_name.py
[2024-10-13T21:03:09.601-0400] {processor.py:914} INFO - Processing file /Users/karenwang/anaconda3/envs/airflow_sqlite_env/lib/python3.9/site-packages/airflow/example_dags/example_display_name.py for tasks to queue
[2024-10-13T21:03:09.602-0400] {logging_mixin.py:190} INFO - [2024-10-13T21:03:09.602-0400] {dagbag.py:588} INFO - Filling up the DagBag from /Users/karenwang/anaconda3/envs/airflow_sqlite_env/lib/python3.9/site-packages/airflow/example_dags/example_display_name.py
[2024-10-13T21:03:09.695-0400] {processor.py:925} INFO - DAG(s) 'example_display_name' retrieved from /Users/karenwang/anaconda3/envs/airflow_sqlite_env/lib/python3.9/site-packages/airflow/example_dags/example_display_name.py
[2024-10-13T21:03:09.846-0400] {logging_mixin.py:190} INFO - [2024-10-13T21:03:09.845-0400] {dag.py:3239} INFO - Sync 1 DAGs
[2024-10-13T21:03:09.858-0400] {logging_mixin.py:190} INFO - [2024-10-13T21:03:09.857-0400] {dag.py:4180} INFO - Setting next_dagrun for example_display_name to None, run_after=None
[2024-10-13T21:03:09.880-0400] {processor.py:208} INFO - Processing /Users/karenwang/anaconda3/envs/airflow_sqlite_env/lib/python3.9/site-packages/airflow/example_dags/example_display_name.py took 0.286 seconds
[2024-10-13T21:12:22.307-0400] {processor.py:186} INFO - Started process (PID=47951) to work on /Users/karenwang/anaconda3/envs/airflow_sqlite_env/lib/python3.9/site-packages/airflow/example_dags/example_display_name.py
[2024-10-13T21:12:22.309-0400] {processor.py:914} INFO - Processing file /Users/karenwang/anaconda3/envs/airflow_sqlite_env/lib/python3.9/site-packages/airflow/example_dags/example_display_name.py for tasks to queue
[2024-10-13T21:12:22.311-0400] {logging_mixin.py:190} INFO - [2024-10-13T21:12:22.310-0400] {dagbag.py:588} INFO - Filling up the DagBag from /Users/karenwang/anaconda3/envs/airflow_sqlite_env/lib/python3.9/site-packages/airflow/example_dags/example_display_name.py
[2024-10-13T21:12:22.423-0400] {processor.py:925} INFO - DAG(s) 'example_display_name' retrieved from /Users/karenwang/anaconda3/envs/airflow_sqlite_env/lib/python3.9/site-packages/airflow/example_dags/example_display_name.py
[2024-10-13T21:12:22.610-0400] {logging_mixin.py:190} INFO - [2024-10-13T21:12:22.609-0400] {dag.py:3239} INFO - Sync 1 DAGs
[2024-10-13T21:12:22.626-0400] {logging_mixin.py:190} INFO - [2024-10-13T21:12:22.625-0400] {dag.py:4180} INFO - Setting next_dagrun for example_display_name to None, run_after=None
[2024-10-13T21:12:22.651-0400] {processor.py:208} INFO - Processing /Users/karenwang/anaconda3/envs/airflow_sqlite_env/lib/python3.9/site-packages/airflow/example_dags/example_display_name.py took 0.352 seconds
[2024-10-13T21:16:56.267-0400] {processor.py:186} INFO - Started process (PID=49603) to work on /Users/karenwang/anaconda3/envs/airflow_sqlite_env/lib/python3.9/site-packages/airflow/example_dags/example_display_name.py
[2024-10-13T21:16:56.268-0400] {processor.py:914} INFO - Processing file /Users/karenwang/anaconda3/envs/airflow_sqlite_env/lib/python3.9/site-packages/airflow/example_dags/example_display_name.py for tasks to queue
[2024-10-13T21:16:56.269-0400] {logging_mixin.py:190} INFO - [2024-10-13T21:16:56.269-0400] {dagbag.py:588} INFO - Filling up the DagBag from /Users/karenwang/anaconda3/envs/airflow_sqlite_env/lib/python3.9/site-packages/airflow/example_dags/example_display_name.py
[2024-10-13T21:16:56.376-0400] {processor.py:925} INFO - DAG(s) 'example_display_name' retrieved from /Users/karenwang/anaconda3/envs/airflow_sqlite_env/lib/python3.9/site-packages/airflow/example_dags/example_display_name.py
[2024-10-13T21:16:56.532-0400] {logging_mixin.py:190} INFO - [2024-10-13T21:16:56.532-0400] {dag.py:3239} INFO - Sync 1 DAGs
[2024-10-13T21:16:56.547-0400] {logging_mixin.py:190} INFO - [2024-10-13T21:16:56.547-0400] {dag.py:4180} INFO - Setting next_dagrun for example_display_name to None, run_after=None
[2024-10-13T21:16:56.572-0400] {processor.py:208} INFO - Processing /Users/karenwang/anaconda3/envs/airflow_sqlite_env/lib/python3.9/site-packages/airflow/example_dags/example_display_name.py took 0.312 seconds
[2024-10-13T21:24:21.106-0400] {processor.py:186} INFO - Started process (PID=51892) to work on /Users/karenwang/anaconda3/envs/airflow_sqlite_env/lib/python3.9/site-packages/airflow/example_dags/example_display_name.py
[2024-10-13T21:24:21.107-0400] {processor.py:914} INFO - Processing file /Users/karenwang/anaconda3/envs/airflow_sqlite_env/lib/python3.9/site-packages/airflow/example_dags/example_display_name.py for tasks to queue
[2024-10-13T21:24:21.108-0400] {logging_mixin.py:190} INFO - [2024-10-13T21:24:21.108-0400] {dagbag.py:588} INFO - Filling up the DagBag from /Users/karenwang/anaconda3/envs/airflow_sqlite_env/lib/python3.9/site-packages/airflow/example_dags/example_display_name.py
[2024-10-13T21:24:21.202-0400] {processor.py:925} INFO - DAG(s) 'example_display_name' retrieved from /Users/karenwang/anaconda3/envs/airflow_sqlite_env/lib/python3.9/site-packages/airflow/example_dags/example_display_name.py
[2024-10-13T21:24:21.360-0400] {logging_mixin.py:190} INFO - [2024-10-13T21:24:21.360-0400] {dag.py:3239} INFO - Sync 1 DAGs
[2024-10-13T21:24:21.373-0400] {logging_mixin.py:190} INFO - [2024-10-13T21:24:21.373-0400] {dag.py:4180} INFO - Setting next_dagrun for example_display_name to None, run_after=None
[2024-10-13T21:24:21.392-0400] {processor.py:208} INFO - Processing /Users/karenwang/anaconda3/envs/airflow_sqlite_env/lib/python3.9/site-packages/airflow/example_dags/example_display_name.py took 0.292 seconds
[2024-10-13T21:32:02.278-0400] {processor.py:186} INFO - Started process (PID=54304) to work on /Users/karenwang/anaconda3/envs/airflow_sqlite_env/lib/python3.9/site-packages/airflow/example_dags/example_display_name.py
[2024-10-13T21:32:02.279-0400] {processor.py:914} INFO - Processing file /Users/karenwang/anaconda3/envs/airflow_sqlite_env/lib/python3.9/site-packages/airflow/example_dags/example_display_name.py for tasks to queue
[2024-10-13T21:32:02.281-0400] {logging_mixin.py:190} INFO - [2024-10-13T21:32:02.281-0400] {dagbag.py:588} INFO - Filling up the DagBag from /Users/karenwang/anaconda3/envs/airflow_sqlite_env/lib/python3.9/site-packages/airflow/example_dags/example_display_name.py
[2024-10-13T21:32:02.377-0400] {processor.py:925} INFO - DAG(s) 'example_display_name' retrieved from /Users/karenwang/anaconda3/envs/airflow_sqlite_env/lib/python3.9/site-packages/airflow/example_dags/example_display_name.py
[2024-10-13T21:32:02.532-0400] {logging_mixin.py:190} INFO - [2024-10-13T21:32:02.532-0400] {dag.py:3239} INFO - Sync 1 DAGs
[2024-10-13T21:32:02.550-0400] {logging_mixin.py:190} INFO - [2024-10-13T21:32:02.549-0400] {dag.py:4180} INFO - Setting next_dagrun for example_display_name to None, run_after=None
[2024-10-13T21:32:02.573-0400] {processor.py:208} INFO - Processing /Users/karenwang/anaconda3/envs/airflow_sqlite_env/lib/python3.9/site-packages/airflow/example_dags/example_display_name.py took 0.301 seconds
[2024-10-13T21:39:47.082-0400] {processor.py:186} INFO - Started process (PID=56732) to work on /Users/karenwang/anaconda3/envs/airflow_sqlite_env/lib/python3.9/site-packages/airflow/example_dags/example_display_name.py
[2024-10-13T21:39:47.084-0400] {processor.py:914} INFO - Processing file /Users/karenwang/anaconda3/envs/airflow_sqlite_env/lib/python3.9/site-packages/airflow/example_dags/example_display_name.py for tasks to queue
[2024-10-13T21:39:47.085-0400] {logging_mixin.py:190} INFO - [2024-10-13T21:39:47.085-0400] {dagbag.py:588} INFO - Filling up the DagBag from /Users/karenwang/anaconda3/envs/airflow_sqlite_env/lib/python3.9/site-packages/airflow/example_dags/example_display_name.py
[2024-10-13T21:39:47.174-0400] {processor.py:925} INFO - DAG(s) 'example_display_name' retrieved from /Users/karenwang/anaconda3/envs/airflow_sqlite_env/lib/python3.9/site-packages/airflow/example_dags/example_display_name.py
[2024-10-13T21:39:47.337-0400] {logging_mixin.py:190} INFO - [2024-10-13T21:39:47.336-0400] {dag.py:3239} INFO - Sync 1 DAGs
[2024-10-13T21:39:47.355-0400] {logging_mixin.py:190} INFO - [2024-10-13T21:39:47.355-0400] {dag.py:4180} INFO - Setting next_dagrun for example_display_name to None, run_after=None
[2024-10-13T21:39:47.395-0400] {processor.py:208} INFO - Processing /Users/karenwang/anaconda3/envs/airflow_sqlite_env/lib/python3.9/site-packages/airflow/example_dags/example_display_name.py took 0.319 seconds
[2024-10-13T21:47:38.565-0400] {processor.py:186} INFO - Started process (PID=59145) to work on /Users/karenwang/anaconda3/envs/airflow_sqlite_env/lib/python3.9/site-packages/airflow/example_dags/example_display_name.py
[2024-10-13T21:47:38.566-0400] {processor.py:914} INFO - Processing file /Users/karenwang/anaconda3/envs/airflow_sqlite_env/lib/python3.9/site-packages/airflow/example_dags/example_display_name.py for tasks to queue
[2024-10-13T21:47:38.568-0400] {logging_mixin.py:190} INFO - [2024-10-13T21:47:38.567-0400] {dagbag.py:588} INFO - Filling up the DagBag from /Users/karenwang/anaconda3/envs/airflow_sqlite_env/lib/python3.9/site-packages/airflow/example_dags/example_display_name.py
[2024-10-13T21:47:38.663-0400] {processor.py:925} INFO - DAG(s) 'example_display_name' retrieved from /Users/karenwang/anaconda3/envs/airflow_sqlite_env/lib/python3.9/site-packages/airflow/example_dags/example_display_name.py
[2024-10-13T21:47:38.824-0400] {logging_mixin.py:190} INFO - [2024-10-13T21:47:38.824-0400] {dag.py:3239} INFO - Sync 1 DAGs
[2024-10-13T21:47:38.839-0400] {logging_mixin.py:190} INFO - [2024-10-13T21:47:38.838-0400] {dag.py:4180} INFO - Setting next_dagrun for example_display_name to None, run_after=None
[2024-10-13T21:47:38.861-0400] {processor.py:208} INFO - Processing /Users/karenwang/anaconda3/envs/airflow_sqlite_env/lib/python3.9/site-packages/airflow/example_dags/example_display_name.py took 0.303 seconds
[2024-10-13T21:55:41.655-0400] {processor.py:186} INFO - Started process (PID=61664) to work on /Users/karenwang/anaconda3/envs/airflow_sqlite_env/lib/python3.9/site-packages/airflow/example_dags/example_display_name.py
[2024-10-13T21:55:41.657-0400] {processor.py:914} INFO - Processing file /Users/karenwang/anaconda3/envs/airflow_sqlite_env/lib/python3.9/site-packages/airflow/example_dags/example_display_name.py for tasks to queue
[2024-10-13T21:55:41.658-0400] {logging_mixin.py:190} INFO - [2024-10-13T21:55:41.657-0400] {dagbag.py:588} INFO - Filling up the DagBag from /Users/karenwang/anaconda3/envs/airflow_sqlite_env/lib/python3.9/site-packages/airflow/example_dags/example_display_name.py
[2024-10-13T21:55:41.757-0400] {processor.py:925} INFO - DAG(s) 'example_display_name' retrieved from /Users/karenwang/anaconda3/envs/airflow_sqlite_env/lib/python3.9/site-packages/airflow/example_dags/example_display_name.py
[2024-10-13T21:55:41.910-0400] {logging_mixin.py:190} INFO - [2024-10-13T21:55:41.909-0400] {dag.py:3239} INFO - Sync 1 DAGs
[2024-10-13T21:55:41.924-0400] {logging_mixin.py:190} INFO - [2024-10-13T21:55:41.924-0400] {dag.py:4180} INFO - Setting next_dagrun for example_display_name to None, run_after=None
[2024-10-13T21:55:41.944-0400] {processor.py:208} INFO - Processing /Users/karenwang/anaconda3/envs/airflow_sqlite_env/lib/python3.9/site-packages/airflow/example_dags/example_display_name.py took 0.295 seconds
[2024-10-13T22:03:28.399-0400] {processor.py:186} INFO - Started process (PID=64068) to work on /Users/karenwang/anaconda3/envs/airflow_sqlite_env/lib/python3.9/site-packages/airflow/example_dags/example_display_name.py
[2024-10-13T22:03:28.400-0400] {processor.py:914} INFO - Processing file /Users/karenwang/anaconda3/envs/airflow_sqlite_env/lib/python3.9/site-packages/airflow/example_dags/example_display_name.py for tasks to queue
[2024-10-13T22:03:28.401-0400] {logging_mixin.py:190} INFO - [2024-10-13T22:03:28.400-0400] {dagbag.py:588} INFO - Filling up the DagBag from /Users/karenwang/anaconda3/envs/airflow_sqlite_env/lib/python3.9/site-packages/airflow/example_dags/example_display_name.py
[2024-10-13T22:03:28.515-0400] {processor.py:925} INFO - DAG(s) 'example_display_name' retrieved from /Users/karenwang/anaconda3/envs/airflow_sqlite_env/lib/python3.9/site-packages/airflow/example_dags/example_display_name.py
[2024-10-13T22:03:28.694-0400] {logging_mixin.py:190} INFO - [2024-10-13T22:03:28.693-0400] {dag.py:3239} INFO - Sync 1 DAGs
[2024-10-13T22:03:28.713-0400] {logging_mixin.py:190} INFO - [2024-10-13T22:03:28.713-0400] {dag.py:4180} INFO - Setting next_dagrun for example_display_name to None, run_after=None
[2024-10-13T22:03:28.738-0400] {processor.py:208} INFO - Processing /Users/karenwang/anaconda3/envs/airflow_sqlite_env/lib/python3.9/site-packages/airflow/example_dags/example_display_name.py took 0.345 seconds
[2024-10-13T22:11:10.767-0400] {processor.py:186} INFO - Started process (PID=66454) to work on /Users/karenwang/anaconda3/envs/airflow_sqlite_env/lib/python3.9/site-packages/airflow/example_dags/example_display_name.py
[2024-10-13T22:11:10.769-0400] {processor.py:914} INFO - Processing file /Users/karenwang/anaconda3/envs/airflow_sqlite_env/lib/python3.9/site-packages/airflow/example_dags/example_display_name.py for tasks to queue
[2024-10-13T22:11:10.770-0400] {logging_mixin.py:190} INFO - [2024-10-13T22:11:10.770-0400] {dagbag.py:588} INFO - Filling up the DagBag from /Users/karenwang/anaconda3/envs/airflow_sqlite_env/lib/python3.9/site-packages/airflow/example_dags/example_display_name.py
[2024-10-13T22:11:10.866-0400] {processor.py:925} INFO - DAG(s) 'example_display_name' retrieved from /Users/karenwang/anaconda3/envs/airflow_sqlite_env/lib/python3.9/site-packages/airflow/example_dags/example_display_name.py
[2024-10-13T22:11:11.032-0400] {logging_mixin.py:190} INFO - [2024-10-13T22:11:11.032-0400] {dag.py:3239} INFO - Sync 1 DAGs
[2024-10-13T22:11:11.050-0400] {logging_mixin.py:190} INFO - [2024-10-13T22:11:11.049-0400] {dag.py:4180} INFO - Setting next_dagrun for example_display_name to None, run_after=None
[2024-10-13T22:11:11.073-0400] {processor.py:208} INFO - Processing /Users/karenwang/anaconda3/envs/airflow_sqlite_env/lib/python3.9/site-packages/airflow/example_dags/example_display_name.py took 0.312 seconds
[2024-10-13T22:19:05.833-0400] {processor.py:186} INFO - Started process (PID=68879) to work on /Users/karenwang/anaconda3/envs/airflow_sqlite_env/lib/python3.9/site-packages/airflow/example_dags/example_display_name.py
[2024-10-13T22:19:05.834-0400] {processor.py:914} INFO - Processing file /Users/karenwang/anaconda3/envs/airflow_sqlite_env/lib/python3.9/site-packages/airflow/example_dags/example_display_name.py for tasks to queue
[2024-10-13T22:19:05.836-0400] {logging_mixin.py:190} INFO - [2024-10-13T22:19:05.836-0400] {dagbag.py:588} INFO - Filling up the DagBag from /Users/karenwang/anaconda3/envs/airflow_sqlite_env/lib/python3.9/site-packages/airflow/example_dags/example_display_name.py
[2024-10-13T22:19:05.936-0400] {processor.py:925} INFO - DAG(s) 'example_display_name' retrieved from /Users/karenwang/anaconda3/envs/airflow_sqlite_env/lib/python3.9/site-packages/airflow/example_dags/example_display_name.py
[2024-10-13T22:19:06.096-0400] {logging_mixin.py:190} INFO - [2024-10-13T22:19:06.096-0400] {dag.py:3239} INFO - Sync 1 DAGs
[2024-10-13T22:19:06.112-0400] {logging_mixin.py:190} INFO - [2024-10-13T22:19:06.111-0400] {dag.py:4180} INFO - Setting next_dagrun for example_display_name to None, run_after=None
[2024-10-13T22:19:06.135-0400] {processor.py:208} INFO - Processing /Users/karenwang/anaconda3/envs/airflow_sqlite_env/lib/python3.9/site-packages/airflow/example_dags/example_display_name.py took 0.309 seconds
[2024-10-13T22:27:26.094-0400] {processor.py:186} INFO - Started process (PID=71533) to work on /Users/karenwang/anaconda3/envs/airflow_sqlite_env/lib/python3.9/site-packages/airflow/example_dags/example_display_name.py
[2024-10-13T22:27:26.095-0400] {processor.py:914} INFO - Processing file /Users/karenwang/anaconda3/envs/airflow_sqlite_env/lib/python3.9/site-packages/airflow/example_dags/example_display_name.py for tasks to queue
[2024-10-13T22:27:26.097-0400] {logging_mixin.py:190} INFO - [2024-10-13T22:27:26.097-0400] {dagbag.py:588} INFO - Filling up the DagBag from /Users/karenwang/anaconda3/envs/airflow_sqlite_env/lib/python3.9/site-packages/airflow/example_dags/example_display_name.py
[2024-10-13T22:27:26.194-0400] {processor.py:925} INFO - DAG(s) 'example_display_name' retrieved from /Users/karenwang/anaconda3/envs/airflow_sqlite_env/lib/python3.9/site-packages/airflow/example_dags/example_display_name.py
[2024-10-13T22:27:26.342-0400] {logging_mixin.py:190} INFO - [2024-10-13T22:27:26.342-0400] {dag.py:3239} INFO - Sync 1 DAGs
[2024-10-13T22:27:26.357-0400] {logging_mixin.py:190} INFO - [2024-10-13T22:27:26.357-0400] {dag.py:4180} INFO - Setting next_dagrun for example_display_name to None, run_after=None
[2024-10-13T22:27:26.378-0400] {processor.py:208} INFO - Processing /Users/karenwang/anaconda3/envs/airflow_sqlite_env/lib/python3.9/site-packages/airflow/example_dags/example_display_name.py took 0.292 seconds
[2024-10-13T22:37:17.403-0400] {processor.py:186} INFO - Started process (PID=74871) to work on /Users/karenwang/anaconda3/envs/airflow_sqlite_env/lib/python3.9/site-packages/airflow/example_dags/example_display_name.py
[2024-10-13T22:37:17.405-0400] {processor.py:914} INFO - Processing file /Users/karenwang/anaconda3/envs/airflow_sqlite_env/lib/python3.9/site-packages/airflow/example_dags/example_display_name.py for tasks to queue
[2024-10-13T22:37:17.406-0400] {logging_mixin.py:190} INFO - [2024-10-13T22:37:17.406-0400] {dagbag.py:588} INFO - Filling up the DagBag from /Users/karenwang/anaconda3/envs/airflow_sqlite_env/lib/python3.9/site-packages/airflow/example_dags/example_display_name.py
[2024-10-13T22:37:17.515-0400] {processor.py:925} INFO - DAG(s) 'example_display_name' retrieved from /Users/karenwang/anaconda3/envs/airflow_sqlite_env/lib/python3.9/site-packages/airflow/example_dags/example_display_name.py
[2024-10-13T22:37:17.683-0400] {logging_mixin.py:190} INFO - [2024-10-13T22:37:17.683-0400] {dag.py:3239} INFO - Sync 1 DAGs
[2024-10-13T22:37:17.702-0400] {logging_mixin.py:190} INFO - [2024-10-13T22:37:17.702-0400] {dag.py:4180} INFO - Setting next_dagrun for example_display_name to None, run_after=None
[2024-10-13T22:37:17.726-0400] {processor.py:208} INFO - Processing /Users/karenwang/anaconda3/envs/airflow_sqlite_env/lib/python3.9/site-packages/airflow/example_dags/example_display_name.py took 0.330 seconds
