[2024-10-13T20:07:20.139-0400] {processor.py:186} INFO - Started process (PID=27377) to work on /Users/karenwang/anaconda3/envs/airflow_sqlite_env/lib/python3.9/site-packages/airflow/example_dags/example_branch_labels.py
[2024-10-13T20:07:20.140-0400] {processor.py:914} INFO - Processing file /Users/karenwang/anaconda3/envs/airflow_sqlite_env/lib/python3.9/site-packages/airflow/example_dags/example_branch_labels.py for tasks to queue
[2024-10-13T20:07:20.142-0400] {logging_mixin.py:190} INFO - [2024-10-13T20:07:20.141-0400] {dagbag.py:588} INFO - Filling up the DagBag from /Users/karenwang/anaconda3/envs/airflow_sqlite_env/lib/python3.9/site-packages/airflow/example_dags/example_branch_labels.py
[2024-10-13T20:07:20.155-0400] {processor.py:925} INFO - DAG(s) 'example_branch_labels' retrieved from /Users/karenwang/anaconda3/envs/airflow_sqlite_env/lib/python3.9/site-packages/airflow/example_dags/example_branch_labels.py
[2024-10-13T20:07:20.366-0400] {logging_mixin.py:190} INFO - [2024-10-13T20:07:20.365-0400] {dag.py:3239} INFO - Sync 1 DAGs
[2024-10-13T20:07:20.396-0400] {logging_mixin.py:190} INFO - [2024-10-13T20:07:20.395-0400] {dag.py:4180} INFO - Setting next_dagrun for example_branch_labels to 2024-10-13 00:00:00+00:00, run_after=2024-10-14 00:00:00+00:00
[2024-10-13T20:07:20.416-0400] {processor.py:208} INFO - Processing /Users/karenwang/anaconda3/envs/airflow_sqlite_env/lib/python3.9/site-packages/airflow/example_dags/example_branch_labels.py took 0.284 seconds
[2024-10-13T20:15:19.215-0400] {processor.py:186} INFO - Started process (PID=29820) to work on /Users/karenwang/anaconda3/envs/airflow_sqlite_env/lib/python3.9/site-packages/airflow/example_dags/example_branch_labels.py
[2024-10-13T20:15:19.217-0400] {processor.py:914} INFO - Processing file /Users/karenwang/anaconda3/envs/airflow_sqlite_env/lib/python3.9/site-packages/airflow/example_dags/example_branch_labels.py for tasks to queue
[2024-10-13T20:15:19.219-0400] {logging_mixin.py:190} INFO - [2024-10-13T20:15:19.218-0400] {dagbag.py:588} INFO - Filling up the DagBag from /Users/karenwang/anaconda3/envs/airflow_sqlite_env/lib/python3.9/site-packages/airflow/example_dags/example_branch_labels.py
[2024-10-13T20:15:19.230-0400] {processor.py:925} INFO - DAG(s) 'example_branch_labels' retrieved from /Users/karenwang/anaconda3/envs/airflow_sqlite_env/lib/python3.9/site-packages/airflow/example_dags/example_branch_labels.py
[2024-10-13T20:15:19.441-0400] {logging_mixin.py:190} INFO - [2024-10-13T20:15:19.441-0400] {dag.py:3239} INFO - Sync 1 DAGs
[2024-10-13T20:15:19.474-0400] {logging_mixin.py:190} INFO - [2024-10-13T20:15:19.474-0400] {dag.py:4180} INFO - Setting next_dagrun for example_branch_labels to 2024-10-13 00:00:00+00:00, run_after=2024-10-14 00:00:00+00:00
[2024-10-13T20:15:19.502-0400] {processor.py:208} INFO - Processing /Users/karenwang/anaconda3/envs/airflow_sqlite_env/lib/python3.9/site-packages/airflow/example_dags/example_branch_labels.py took 0.294 seconds
[2024-10-13T20:23:54.929-0400] {processor.py:186} INFO - Started process (PID=32602) to work on /Users/karenwang/anaconda3/envs/airflow_sqlite_env/lib/python3.9/site-packages/airflow/example_dags/example_branch_labels.py
[2024-10-13T20:23:54.932-0400] {processor.py:914} INFO - Processing file /Users/karenwang/anaconda3/envs/airflow_sqlite_env/lib/python3.9/site-packages/airflow/example_dags/example_branch_labels.py for tasks to queue
[2024-10-13T20:23:54.933-0400] {logging_mixin.py:190} INFO - [2024-10-13T20:23:54.933-0400] {dagbag.py:588} INFO - Filling up the DagBag from /Users/karenwang/anaconda3/envs/airflow_sqlite_env/lib/python3.9/site-packages/airflow/example_dags/example_branch_labels.py
[2024-10-13T20:23:54.944-0400] {processor.py:925} INFO - DAG(s) 'example_branch_labels' retrieved from /Users/karenwang/anaconda3/envs/airflow_sqlite_env/lib/python3.9/site-packages/airflow/example_dags/example_branch_labels.py
[2024-10-13T20:23:55.140-0400] {logging_mixin.py:190} INFO - [2024-10-13T20:23:55.139-0400] {dag.py:3239} INFO - Sync 1 DAGs
[2024-10-13T20:23:55.162-0400] {logging_mixin.py:190} INFO - [2024-10-13T20:23:55.162-0400] {dag.py:4180} INFO - Setting next_dagrun for example_branch_labels to 2024-10-13 00:00:00+00:00, run_after=2024-10-14 00:00:00+00:00
[2024-10-13T20:23:55.181-0400] {processor.py:208} INFO - Processing /Users/karenwang/anaconda3/envs/airflow_sqlite_env/lib/python3.9/site-packages/airflow/example_dags/example_branch_labels.py took 0.257 seconds
[2024-10-13T20:30:11.484-0400] {processor.py:186} INFO - Started process (PID=34753) to work on /Users/karenwang/anaconda3/envs/airflow_sqlite_env/lib/python3.9/site-packages/airflow/example_dags/example_branch_labels.py
[2024-10-13T20:30:11.486-0400] {processor.py:914} INFO - Processing file /Users/karenwang/anaconda3/envs/airflow_sqlite_env/lib/python3.9/site-packages/airflow/example_dags/example_branch_labels.py for tasks to queue
[2024-10-13T20:30:11.487-0400] {logging_mixin.py:190} INFO - [2024-10-13T20:30:11.487-0400] {dagbag.py:588} INFO - Filling up the DagBag from /Users/karenwang/anaconda3/envs/airflow_sqlite_env/lib/python3.9/site-packages/airflow/example_dags/example_branch_labels.py
[2024-10-13T20:30:11.502-0400] {processor.py:925} INFO - DAG(s) 'example_branch_labels' retrieved from /Users/karenwang/anaconda3/envs/airflow_sqlite_env/lib/python3.9/site-packages/airflow/example_dags/example_branch_labels.py
[2024-10-13T20:30:11.701-0400] {logging_mixin.py:190} INFO - [2024-10-13T20:30:11.701-0400] {dag.py:3239} INFO - Sync 1 DAGs
[2024-10-13T20:30:11.733-0400] {logging_mixin.py:190} INFO - [2024-10-13T20:30:11.732-0400] {dag.py:4180} INFO - Setting next_dagrun for example_branch_labels to 2024-10-13 00:00:00+00:00, run_after=2024-10-14 00:00:00+00:00
[2024-10-13T20:30:11.754-0400] {processor.py:208} INFO - Processing /Users/karenwang/anaconda3/envs/airflow_sqlite_env/lib/python3.9/site-packages/airflow/example_dags/example_branch_labels.py took 0.276 seconds
[2024-10-13T20:37:31.744-0400] {processor.py:186} INFO - Started process (PID=37055) to work on /Users/karenwang/anaconda3/envs/airflow_sqlite_env/lib/python3.9/site-packages/airflow/example_dags/example_branch_labels.py
[2024-10-13T20:37:31.745-0400] {processor.py:914} INFO - Processing file /Users/karenwang/anaconda3/envs/airflow_sqlite_env/lib/python3.9/site-packages/airflow/example_dags/example_branch_labels.py for tasks to queue
[2024-10-13T20:37:31.747-0400] {logging_mixin.py:190} INFO - [2024-10-13T20:37:31.746-0400] {dagbag.py:588} INFO - Filling up the DagBag from /Users/karenwang/anaconda3/envs/airflow_sqlite_env/lib/python3.9/site-packages/airflow/example_dags/example_branch_labels.py
[2024-10-13T20:37:31.760-0400] {processor.py:925} INFO - DAG(s) 'example_branch_labels' retrieved from /Users/karenwang/anaconda3/envs/airflow_sqlite_env/lib/python3.9/site-packages/airflow/example_dags/example_branch_labels.py
[2024-10-13T20:37:31.945-0400] {logging_mixin.py:190} INFO - [2024-10-13T20:37:31.945-0400] {dag.py:3239} INFO - Sync 1 DAGs
[2024-10-13T20:37:31.967-0400] {logging_mixin.py:190} INFO - [2024-10-13T20:37:31.967-0400] {dag.py:4180} INFO - Setting next_dagrun for example_branch_labels to 2024-10-13 00:00:00+00:00, run_after=2024-10-14 00:00:00+00:00
[2024-10-13T20:37:31.988-0400] {processor.py:208} INFO - Processing /Users/karenwang/anaconda3/envs/airflow_sqlite_env/lib/python3.9/site-packages/airflow/example_dags/example_branch_labels.py took 0.250 seconds
[2024-10-13T20:44:50.022-0400] {processor.py:186} INFO - Started process (PID=39299) to work on /Users/karenwang/anaconda3/envs/airflow_sqlite_env/lib/python3.9/site-packages/airflow/example_dags/example_branch_labels.py
[2024-10-13T20:44:50.023-0400] {processor.py:914} INFO - Processing file /Users/karenwang/anaconda3/envs/airflow_sqlite_env/lib/python3.9/site-packages/airflow/example_dags/example_branch_labels.py for tasks to queue
[2024-10-13T20:44:50.025-0400] {logging_mixin.py:190} INFO - [2024-10-13T20:44:50.025-0400] {dagbag.py:588} INFO - Filling up the DagBag from /Users/karenwang/anaconda3/envs/airflow_sqlite_env/lib/python3.9/site-packages/airflow/example_dags/example_branch_labels.py
[2024-10-13T20:44:50.039-0400] {processor.py:925} INFO - DAG(s) 'example_branch_labels' retrieved from /Users/karenwang/anaconda3/envs/airflow_sqlite_env/lib/python3.9/site-packages/airflow/example_dags/example_branch_labels.py
[2024-10-13T20:44:50.224-0400] {logging_mixin.py:190} INFO - [2024-10-13T20:44:50.224-0400] {dag.py:3239} INFO - Sync 1 DAGs
[2024-10-13T20:44:50.250-0400] {logging_mixin.py:190} INFO - [2024-10-13T20:44:50.250-0400] {dag.py:4180} INFO - Setting next_dagrun for example_branch_labels to 2024-10-13 00:00:00+00:00, run_after=2024-10-14 00:00:00+00:00
[2024-10-13T20:44:50.272-0400] {processor.py:208} INFO - Processing /Users/karenwang/anaconda3/envs/airflow_sqlite_env/lib/python3.9/site-packages/airflow/example_dags/example_branch_labels.py took 0.256 seconds
[2024-10-13T20:52:08.948-0400] {processor.py:186} INFO - Started process (PID=41588) to work on /Users/karenwang/anaconda3/envs/airflow_sqlite_env/lib/python3.9/site-packages/airflow/example_dags/example_branch_labels.py
[2024-10-13T20:52:08.949-0400] {processor.py:914} INFO - Processing file /Users/karenwang/anaconda3/envs/airflow_sqlite_env/lib/python3.9/site-packages/airflow/example_dags/example_branch_labels.py for tasks to queue
[2024-10-13T20:52:08.951-0400] {logging_mixin.py:190} INFO - [2024-10-13T20:52:08.950-0400] {dagbag.py:588} INFO - Filling up the DagBag from /Users/karenwang/anaconda3/envs/airflow_sqlite_env/lib/python3.9/site-packages/airflow/example_dags/example_branch_labels.py
[2024-10-13T20:52:08.965-0400] {processor.py:925} INFO - DAG(s) 'example_branch_labels' retrieved from /Users/karenwang/anaconda3/envs/airflow_sqlite_env/lib/python3.9/site-packages/airflow/example_dags/example_branch_labels.py
[2024-10-13T20:52:09.158-0400] {logging_mixin.py:190} INFO - [2024-10-13T20:52:09.157-0400] {dag.py:3239} INFO - Sync 1 DAGs
[2024-10-13T20:52:09.179-0400] {logging_mixin.py:190} INFO - [2024-10-13T20:52:09.179-0400] {dag.py:4180} INFO - Setting next_dagrun for example_branch_labels to 2024-10-13 00:00:00+00:00, run_after=2024-10-14 00:00:00+00:00
[2024-10-13T20:52:09.199-0400] {processor.py:208} INFO - Processing /Users/karenwang/anaconda3/envs/airflow_sqlite_env/lib/python3.9/site-packages/airflow/example_dags/example_branch_labels.py took 0.257 seconds
[2024-10-13T20:59:29.331-0400] {processor.py:186} INFO - Started process (PID=43877) to work on /Users/karenwang/anaconda3/envs/airflow_sqlite_env/lib/python3.9/site-packages/airflow/example_dags/example_branch_labels.py
[2024-10-13T20:59:29.333-0400] {processor.py:914} INFO - Processing file /Users/karenwang/anaconda3/envs/airflow_sqlite_env/lib/python3.9/site-packages/airflow/example_dags/example_branch_labels.py for tasks to queue
[2024-10-13T20:59:29.334-0400] {logging_mixin.py:190} INFO - [2024-10-13T20:59:29.334-0400] {dagbag.py:588} INFO - Filling up the DagBag from /Users/karenwang/anaconda3/envs/airflow_sqlite_env/lib/python3.9/site-packages/airflow/example_dags/example_branch_labels.py
[2024-10-13T20:59:29.345-0400] {processor.py:925} INFO - DAG(s) 'example_branch_labels' retrieved from /Users/karenwang/anaconda3/envs/airflow_sqlite_env/lib/python3.9/site-packages/airflow/example_dags/example_branch_labels.py
[2024-10-13T20:59:29.528-0400] {logging_mixin.py:190} INFO - [2024-10-13T20:59:29.528-0400] {dag.py:3239} INFO - Sync 1 DAGs
[2024-10-13T20:59:29.550-0400] {logging_mixin.py:190} INFO - [2024-10-13T20:59:29.549-0400] {dag.py:4180} INFO - Setting next_dagrun for example_branch_labels to 2024-10-13 00:00:00+00:00, run_after=2024-10-14 00:00:00+00:00
[2024-10-13T20:59:29.572-0400] {processor.py:208} INFO - Processing /Users/karenwang/anaconda3/envs/airflow_sqlite_env/lib/python3.9/site-packages/airflow/example_dags/example_branch_labels.py took 0.246 seconds
[2024-10-13T21:06:51.004-0400] {processor.py:186} INFO - Started process (PID=46153) to work on /Users/karenwang/anaconda3/envs/airflow_sqlite_env/lib/python3.9/site-packages/airflow/example_dags/example_branch_labels.py
[2024-10-13T21:06:51.006-0400] {processor.py:914} INFO - Processing file /Users/karenwang/anaconda3/envs/airflow_sqlite_env/lib/python3.9/site-packages/airflow/example_dags/example_branch_labels.py for tasks to queue
[2024-10-13T21:06:51.007-0400] {logging_mixin.py:190} INFO - [2024-10-13T21:06:51.007-0400] {dagbag.py:588} INFO - Filling up the DagBag from /Users/karenwang/anaconda3/envs/airflow_sqlite_env/lib/python3.9/site-packages/airflow/example_dags/example_branch_labels.py
[2024-10-13T21:06:51.020-0400] {processor.py:925} INFO - DAG(s) 'example_branch_labels' retrieved from /Users/karenwang/anaconda3/envs/airflow_sqlite_env/lib/python3.9/site-packages/airflow/example_dags/example_branch_labels.py
[2024-10-13T21:06:51.227-0400] {logging_mixin.py:190} INFO - [2024-10-13T21:06:51.227-0400] {dag.py:3239} INFO - Sync 1 DAGs
[2024-10-13T21:06:51.253-0400] {logging_mixin.py:190} INFO - [2024-10-13T21:06:51.253-0400] {dag.py:4180} INFO - Setting next_dagrun for example_branch_labels to 2024-10-13 00:00:00+00:00, run_after=2024-10-14 00:00:00+00:00
[2024-10-13T21:06:51.274-0400] {processor.py:208} INFO - Processing /Users/karenwang/anaconda3/envs/airflow_sqlite_env/lib/python3.9/site-packages/airflow/example_dags/example_branch_labels.py took 0.275 seconds
[2024-10-13T21:12:56.413-0400] {processor.py:186} INFO - Started process (PID=48122) to work on /Users/karenwang/anaconda3/envs/airflow_sqlite_env/lib/python3.9/site-packages/airflow/example_dags/example_branch_labels.py
[2024-10-13T21:12:56.414-0400] {processor.py:914} INFO - Processing file /Users/karenwang/anaconda3/envs/airflow_sqlite_env/lib/python3.9/site-packages/airflow/example_dags/example_branch_labels.py for tasks to queue
[2024-10-13T21:12:56.416-0400] {logging_mixin.py:190} INFO - [2024-10-13T21:12:56.416-0400] {dagbag.py:588} INFO - Filling up the DagBag from /Users/karenwang/anaconda3/envs/airflow_sqlite_env/lib/python3.9/site-packages/airflow/example_dags/example_branch_labels.py
[2024-10-13T21:12:56.428-0400] {processor.py:925} INFO - DAG(s) 'example_branch_labels' retrieved from /Users/karenwang/anaconda3/envs/airflow_sqlite_env/lib/python3.9/site-packages/airflow/example_dags/example_branch_labels.py
[2024-10-13T21:12:56.633-0400] {logging_mixin.py:190} INFO - [2024-10-13T21:12:56.633-0400] {dag.py:3239} INFO - Sync 1 DAGs
[2024-10-13T21:12:56.664-0400] {logging_mixin.py:190} INFO - [2024-10-13T21:12:56.664-0400] {dag.py:4180} INFO - Setting next_dagrun for example_branch_labels to 2024-10-13 00:00:00+00:00, run_after=2024-10-14 00:00:00+00:00
[2024-10-13T21:12:56.687-0400] {processor.py:208} INFO - Processing /Users/karenwang/anaconda3/envs/airflow_sqlite_env/lib/python3.9/site-packages/airflow/example_dags/example_branch_labels.py took 0.280 seconds
[2024-10-13T21:20:39.726-0400] {processor.py:186} INFO - Started process (PID=50762) to work on /Users/karenwang/anaconda3/envs/airflow_sqlite_env/lib/python3.9/site-packages/airflow/example_dags/example_branch_labels.py
[2024-10-13T21:20:39.728-0400] {processor.py:914} INFO - Processing file /Users/karenwang/anaconda3/envs/airflow_sqlite_env/lib/python3.9/site-packages/airflow/example_dags/example_branch_labels.py for tasks to queue
[2024-10-13T21:20:39.729-0400] {logging_mixin.py:190} INFO - [2024-10-13T21:20:39.729-0400] {dagbag.py:588} INFO - Filling up the DagBag from /Users/karenwang/anaconda3/envs/airflow_sqlite_env/lib/python3.9/site-packages/airflow/example_dags/example_branch_labels.py
[2024-10-13T21:20:39.740-0400] {processor.py:925} INFO - DAG(s) 'example_branch_labels' retrieved from /Users/karenwang/anaconda3/envs/airflow_sqlite_env/lib/python3.9/site-packages/airflow/example_dags/example_branch_labels.py
[2024-10-13T21:20:39.937-0400] {logging_mixin.py:190} INFO - [2024-10-13T21:20:39.936-0400] {dag.py:3239} INFO - Sync 1 DAGs
[2024-10-13T21:20:39.958-0400] {logging_mixin.py:190} INFO - [2024-10-13T21:20:39.958-0400] {dag.py:4180} INFO - Setting next_dagrun for example_branch_labels to 2024-10-13 00:00:00+00:00, run_after=2024-10-14 00:00:00+00:00
[2024-10-13T21:20:39.980-0400] {processor.py:208} INFO - Processing /Users/karenwang/anaconda3/envs/airflow_sqlite_env/lib/python3.9/site-packages/airflow/example_dags/example_branch_labels.py took 0.260 seconds
[2024-10-13T21:28:01.601-0400] {processor.py:186} INFO - Started process (PID=53033) to work on /Users/karenwang/anaconda3/envs/airflow_sqlite_env/lib/python3.9/site-packages/airflow/example_dags/example_branch_labels.py
[2024-10-13T21:28:01.602-0400] {processor.py:914} INFO - Processing file /Users/karenwang/anaconda3/envs/airflow_sqlite_env/lib/python3.9/site-packages/airflow/example_dags/example_branch_labels.py for tasks to queue
[2024-10-13T21:28:01.604-0400] {logging_mixin.py:190} INFO - [2024-10-13T21:28:01.604-0400] {dagbag.py:588} INFO - Filling up the DagBag from /Users/karenwang/anaconda3/envs/airflow_sqlite_env/lib/python3.9/site-packages/airflow/example_dags/example_branch_labels.py
[2024-10-13T21:28:01.620-0400] {processor.py:925} INFO - DAG(s) 'example_branch_labels' retrieved from /Users/karenwang/anaconda3/envs/airflow_sqlite_env/lib/python3.9/site-packages/airflow/example_dags/example_branch_labels.py
[2024-10-13T21:28:01.811-0400] {logging_mixin.py:190} INFO - [2024-10-13T21:28:01.810-0400] {dag.py:3239} INFO - Sync 1 DAGs
[2024-10-13T21:28:01.833-0400] {logging_mixin.py:190} INFO - [2024-10-13T21:28:01.832-0400] {dag.py:4180} INFO - Setting next_dagrun for example_branch_labels to 2024-10-13 00:00:00+00:00, run_after=2024-10-14 00:00:00+00:00
[2024-10-13T21:28:01.853-0400] {processor.py:208} INFO - Processing /Users/karenwang/anaconda3/envs/airflow_sqlite_env/lib/python3.9/site-packages/airflow/example_dags/example_branch_labels.py took 0.258 seconds
[2024-10-13T21:35:56.664-0400] {processor.py:186} INFO - Started process (PID=55558) to work on /Users/karenwang/anaconda3/envs/airflow_sqlite_env/lib/python3.9/site-packages/airflow/example_dags/example_branch_labels.py
[2024-10-13T21:35:56.666-0400] {processor.py:914} INFO - Processing file /Users/karenwang/anaconda3/envs/airflow_sqlite_env/lib/python3.9/site-packages/airflow/example_dags/example_branch_labels.py for tasks to queue
[2024-10-13T21:35:56.667-0400] {logging_mixin.py:190} INFO - [2024-10-13T21:35:56.667-0400] {dagbag.py:588} INFO - Filling up the DagBag from /Users/karenwang/anaconda3/envs/airflow_sqlite_env/lib/python3.9/site-packages/airflow/example_dags/example_branch_labels.py
[2024-10-13T21:35:56.679-0400] {processor.py:925} INFO - DAG(s) 'example_branch_labels' retrieved from /Users/karenwang/anaconda3/envs/airflow_sqlite_env/lib/python3.9/site-packages/airflow/example_dags/example_branch_labels.py
[2024-10-13T21:35:56.912-0400] {logging_mixin.py:190} INFO - [2024-10-13T21:35:56.911-0400] {dag.py:3239} INFO - Sync 1 DAGs
[2024-10-13T21:35:56.938-0400] {logging_mixin.py:190} INFO - [2024-10-13T21:35:56.937-0400] {dag.py:4180} INFO - Setting next_dagrun for example_branch_labels to 2024-10-13 00:00:00+00:00, run_after=2024-10-14 00:00:00+00:00
[2024-10-13T21:35:56.961-0400] {processor.py:208} INFO - Processing /Users/karenwang/anaconda3/envs/airflow_sqlite_env/lib/python3.9/site-packages/airflow/example_dags/example_branch_labels.py took 0.303 seconds
[2024-10-13T21:43:42.110-0400] {processor.py:186} INFO - Started process (PID=57943) to work on /Users/karenwang/anaconda3/envs/airflow_sqlite_env/lib/python3.9/site-packages/airflow/example_dags/example_branch_labels.py
[2024-10-13T21:43:42.111-0400] {processor.py:914} INFO - Processing file /Users/karenwang/anaconda3/envs/airflow_sqlite_env/lib/python3.9/site-packages/airflow/example_dags/example_branch_labels.py for tasks to queue
[2024-10-13T21:43:42.112-0400] {logging_mixin.py:190} INFO - [2024-10-13T21:43:42.112-0400] {dagbag.py:588} INFO - Filling up the DagBag from /Users/karenwang/anaconda3/envs/airflow_sqlite_env/lib/python3.9/site-packages/airflow/example_dags/example_branch_labels.py
[2024-10-13T21:43:42.128-0400] {processor.py:925} INFO - DAG(s) 'example_branch_labels' retrieved from /Users/karenwang/anaconda3/envs/airflow_sqlite_env/lib/python3.9/site-packages/airflow/example_dags/example_branch_labels.py
[2024-10-13T21:43:42.334-0400] {logging_mixin.py:190} INFO - [2024-10-13T21:43:42.334-0400] {dag.py:3239} INFO - Sync 1 DAGs
[2024-10-13T21:43:42.361-0400] {logging_mixin.py:190} INFO - [2024-10-13T21:43:42.361-0400] {dag.py:4180} INFO - Setting next_dagrun for example_branch_labels to 2024-10-13 00:00:00+00:00, run_after=2024-10-14 00:00:00+00:00
[2024-10-13T21:43:42.383-0400] {processor.py:208} INFO - Processing /Users/karenwang/anaconda3/envs/airflow_sqlite_env/lib/python3.9/site-packages/airflow/example_dags/example_branch_labels.py took 0.278 seconds
[2024-10-13T21:51:42.608-0400] {processor.py:186} INFO - Started process (PID=60432) to work on /Users/karenwang/anaconda3/envs/airflow_sqlite_env/lib/python3.9/site-packages/airflow/example_dags/example_branch_labels.py
[2024-10-13T21:51:42.609-0400] {processor.py:914} INFO - Processing file /Users/karenwang/anaconda3/envs/airflow_sqlite_env/lib/python3.9/site-packages/airflow/example_dags/example_branch_labels.py for tasks to queue
[2024-10-13T21:51:42.611-0400] {logging_mixin.py:190} INFO - [2024-10-13T21:51:42.611-0400] {dagbag.py:588} INFO - Filling up the DagBag from /Users/karenwang/anaconda3/envs/airflow_sqlite_env/lib/python3.9/site-packages/airflow/example_dags/example_branch_labels.py
[2024-10-13T21:51:42.627-0400] {processor.py:925} INFO - DAG(s) 'example_branch_labels' retrieved from /Users/karenwang/anaconda3/envs/airflow_sqlite_env/lib/python3.9/site-packages/airflow/example_dags/example_branch_labels.py
[2024-10-13T21:51:42.884-0400] {logging_mixin.py:190} INFO - [2024-10-13T21:51:42.884-0400] {dag.py:3239} INFO - Sync 1 DAGs
[2024-10-13T21:51:42.913-0400] {logging_mixin.py:190} INFO - [2024-10-13T21:51:42.913-0400] {dag.py:4180} INFO - Setting next_dagrun for example_branch_labels to 2024-10-13 00:00:00+00:00, run_after=2024-10-14 00:00:00+00:00
[2024-10-13T21:51:42.952-0400] {processor.py:208} INFO - Processing /Users/karenwang/anaconda3/envs/airflow_sqlite_env/lib/python3.9/site-packages/airflow/example_dags/example_branch_labels.py took 0.350 seconds
[2024-10-13T21:59:29.797-0400] {processor.py:186} INFO - Started process (PID=62843) to work on /Users/karenwang/anaconda3/envs/airflow_sqlite_env/lib/python3.9/site-packages/airflow/example_dags/example_branch_labels.py
[2024-10-13T21:59:29.798-0400] {processor.py:914} INFO - Processing file /Users/karenwang/anaconda3/envs/airflow_sqlite_env/lib/python3.9/site-packages/airflow/example_dags/example_branch_labels.py for tasks to queue
[2024-10-13T21:59:29.800-0400] {logging_mixin.py:190} INFO - [2024-10-13T21:59:29.800-0400] {dagbag.py:588} INFO - Filling up the DagBag from /Users/karenwang/anaconda3/envs/airflow_sqlite_env/lib/python3.9/site-packages/airflow/example_dags/example_branch_labels.py
[2024-10-13T21:59:29.815-0400] {processor.py:925} INFO - DAG(s) 'example_branch_labels' retrieved from /Users/karenwang/anaconda3/envs/airflow_sqlite_env/lib/python3.9/site-packages/airflow/example_dags/example_branch_labels.py
[2024-10-13T21:59:30.029-0400] {logging_mixin.py:190} INFO - [2024-10-13T21:59:30.029-0400] {dag.py:3239} INFO - Sync 1 DAGs
[2024-10-13T21:59:30.057-0400] {logging_mixin.py:190} INFO - [2024-10-13T21:59:30.057-0400] {dag.py:4180} INFO - Setting next_dagrun for example_branch_labels to 2024-10-13 00:00:00+00:00, run_after=2024-10-14 00:00:00+00:00
[2024-10-13T21:59:30.081-0400] {processor.py:208} INFO - Processing /Users/karenwang/anaconda3/envs/airflow_sqlite_env/lib/python3.9/site-packages/airflow/example_dags/example_branch_labels.py took 0.290 seconds
[2024-10-13T22:07:22.889-0400] {processor.py:186} INFO - Started process (PID=65271) to work on /Users/karenwang/anaconda3/envs/airflow_sqlite_env/lib/python3.9/site-packages/airflow/example_dags/example_branch_labels.py
[2024-10-13T22:07:22.890-0400] {processor.py:914} INFO - Processing file /Users/karenwang/anaconda3/envs/airflow_sqlite_env/lib/python3.9/site-packages/airflow/example_dags/example_branch_labels.py for tasks to queue
[2024-10-13T22:07:22.892-0400] {logging_mixin.py:190} INFO - [2024-10-13T22:07:22.891-0400] {dagbag.py:588} INFO - Filling up the DagBag from /Users/karenwang/anaconda3/envs/airflow_sqlite_env/lib/python3.9/site-packages/airflow/example_dags/example_branch_labels.py
[2024-10-13T22:07:22.904-0400] {processor.py:925} INFO - DAG(s) 'example_branch_labels' retrieved from /Users/karenwang/anaconda3/envs/airflow_sqlite_env/lib/python3.9/site-packages/airflow/example_dags/example_branch_labels.py
[2024-10-13T22:07:23.123-0400] {logging_mixin.py:190} INFO - [2024-10-13T22:07:23.122-0400] {dag.py:3239} INFO - Sync 1 DAGs
[2024-10-13T22:07:23.152-0400] {logging_mixin.py:190} INFO - [2024-10-13T22:07:23.151-0400] {dag.py:4180} INFO - Setting next_dagrun for example_branch_labels to 2024-10-13 00:00:00+00:00, run_after=2024-10-14 00:00:00+00:00
[2024-10-13T22:07:23.176-0400] {processor.py:208} INFO - Processing /Users/karenwang/anaconda3/envs/airflow_sqlite_env/lib/python3.9/site-packages/airflow/example_dags/example_branch_labels.py took 0.293 seconds
[2024-10-13T22:15:13.624-0400] {processor.py:186} INFO - Started process (PID=67695) to work on /Users/karenwang/anaconda3/envs/airflow_sqlite_env/lib/python3.9/site-packages/airflow/example_dags/example_branch_labels.py
[2024-10-13T22:15:13.625-0400] {processor.py:914} INFO - Processing file /Users/karenwang/anaconda3/envs/airflow_sqlite_env/lib/python3.9/site-packages/airflow/example_dags/example_branch_labels.py for tasks to queue
[2024-10-13T22:15:13.626-0400] {logging_mixin.py:190} INFO - [2024-10-13T22:15:13.626-0400] {dagbag.py:588} INFO - Filling up the DagBag from /Users/karenwang/anaconda3/envs/airflow_sqlite_env/lib/python3.9/site-packages/airflow/example_dags/example_branch_labels.py
[2024-10-13T22:15:13.641-0400] {processor.py:925} INFO - DAG(s) 'example_branch_labels' retrieved from /Users/karenwang/anaconda3/envs/airflow_sqlite_env/lib/python3.9/site-packages/airflow/example_dags/example_branch_labels.py
[2024-10-13T22:15:13.857-0400] {logging_mixin.py:190} INFO - [2024-10-13T22:15:13.857-0400] {dag.py:3239} INFO - Sync 1 DAGs
[2024-10-13T22:15:13.882-0400] {logging_mixin.py:190} INFO - [2024-10-13T22:15:13.881-0400] {dag.py:4180} INFO - Setting next_dagrun for example_branch_labels to 2024-10-13 00:00:00+00:00, run_after=2024-10-14 00:00:00+00:00
[2024-10-13T22:15:13.904-0400] {processor.py:208} INFO - Processing /Users/karenwang/anaconda3/envs/airflow_sqlite_env/lib/python3.9/site-packages/airflow/example_dags/example_branch_labels.py took 0.286 seconds
[2024-10-13T22:23:19.445-0400] {processor.py:186} INFO - Started process (PID=70208) to work on /Users/karenwang/anaconda3/envs/airflow_sqlite_env/lib/python3.9/site-packages/airflow/example_dags/example_branch_labels.py
[2024-10-13T22:23:19.447-0400] {processor.py:914} INFO - Processing file /Users/karenwang/anaconda3/envs/airflow_sqlite_env/lib/python3.9/site-packages/airflow/example_dags/example_branch_labels.py for tasks to queue
[2024-10-13T22:23:19.448-0400] {logging_mixin.py:190} INFO - [2024-10-13T22:23:19.448-0400] {dagbag.py:588} INFO - Filling up the DagBag from /Users/karenwang/anaconda3/envs/airflow_sqlite_env/lib/python3.9/site-packages/airflow/example_dags/example_branch_labels.py
[2024-10-13T22:23:19.464-0400] {processor.py:925} INFO - DAG(s) 'example_branch_labels' retrieved from /Users/karenwang/anaconda3/envs/airflow_sqlite_env/lib/python3.9/site-packages/airflow/example_dags/example_branch_labels.py
[2024-10-13T22:23:19.706-0400] {logging_mixin.py:190} INFO - [2024-10-13T22:23:19.705-0400] {dag.py:3239} INFO - Sync 1 DAGs
[2024-10-13T22:23:19.737-0400] {logging_mixin.py:190} INFO - [2024-10-13T22:23:19.737-0400] {dag.py:4180} INFO - Setting next_dagrun for example_branch_labels to 2024-10-13 00:00:00+00:00, run_after=2024-10-14 00:00:00+00:00
[2024-10-13T22:23:19.759-0400] {processor.py:208} INFO - Processing /Users/karenwang/anaconda3/envs/airflow_sqlite_env/lib/python3.9/site-packages/airflow/example_dags/example_branch_labels.py took 0.320 seconds
[2024-10-13T22:37:51.738-0400] {processor.py:186} INFO - Started process (PID=75040) to work on /Users/karenwang/anaconda3/envs/airflow_sqlite_env/lib/python3.9/site-packages/airflow/example_dags/example_branch_labels.py
[2024-10-13T22:37:51.739-0400] {processor.py:914} INFO - Processing file /Users/karenwang/anaconda3/envs/airflow_sqlite_env/lib/python3.9/site-packages/airflow/example_dags/example_branch_labels.py for tasks to queue
[2024-10-13T22:37:51.740-0400] {logging_mixin.py:190} INFO - [2024-10-13T22:37:51.740-0400] {dagbag.py:588} INFO - Filling up the DagBag from /Users/karenwang/anaconda3/envs/airflow_sqlite_env/lib/python3.9/site-packages/airflow/example_dags/example_branch_labels.py
[2024-10-13T22:37:51.755-0400] {processor.py:925} INFO - DAG(s) 'example_branch_labels' retrieved from /Users/karenwang/anaconda3/envs/airflow_sqlite_env/lib/python3.9/site-packages/airflow/example_dags/example_branch_labels.py
[2024-10-13T22:37:51.966-0400] {logging_mixin.py:190} INFO - [2024-10-13T22:37:51.965-0400] {dag.py:3239} INFO - Sync 1 DAGs
[2024-10-13T22:37:51.998-0400] {logging_mixin.py:190} INFO - [2024-10-13T22:37:51.998-0400] {dag.py:4180} INFO - Setting next_dagrun for example_branch_labels to 2024-10-13 00:00:00+00:00, run_after=2024-10-14 00:00:00+00:00
[2024-10-13T22:37:52.020-0400] {processor.py:208} INFO - Processing /Users/karenwang/anaconda3/envs/airflow_sqlite_env/lib/python3.9/site-packages/airflow/example_dags/example_branch_labels.py took 0.288 seconds
