[2024-10-13T20:07:12.429-0400] {processor.py:186} INFO - Started process (PID=27335) to work on /Users/karenwang/anaconda3/envs/airflow_sqlite_env/lib/python3.9/site-packages/airflow/example_dags/example_branch_operator_decorator.py
[2024-10-13T20:07:12.431-0400] {processor.py:914} INFO - Processing file /Users/karenwang/anaconda3/envs/airflow_sqlite_env/lib/python3.9/site-packages/airflow/example_dags/example_branch_operator_decorator.py for tasks to queue
[2024-10-13T20:07:12.432-0400] {logging_mixin.py:190} INFO - [2024-10-13T20:07:12.432-0400] {dagbag.py:588} INFO - Filling up the DagBag from /Users/karenwang/anaconda3/envs/airflow_sqlite_env/lib/python3.9/site-packages/airflow/example_dags/example_branch_operator_decorator.py
[2024-10-13T20:07:12.551-0400] {processor.py:925} INFO - DAG(s) 'example_branch_python_operator_decorator' retrieved from /Users/karenwang/anaconda3/envs/airflow_sqlite_env/lib/python3.9/site-packages/airflow/example_dags/example_branch_operator_decorator.py
[2024-10-13T20:07:12.857-0400] {logging_mixin.py:190} INFO - [2024-10-13T20:07:12.857-0400] {dag.py:3239} INFO - Sync 1 DAGs
[2024-10-13T20:07:12.883-0400] {logging_mixin.py:190} INFO - [2024-10-13T20:07:12.882-0400] {dag.py:4180} INFO - Setting next_dagrun for example_branch_python_operator_decorator to 2024-10-13 00:00:00+00:00, run_after=2024-10-14 00:00:00+00:00
[2024-10-13T20:07:12.911-0400] {processor.py:208} INFO - Processing /Users/karenwang/anaconda3/envs/airflow_sqlite_env/lib/python3.9/site-packages/airflow/example_dags/example_branch_operator_decorator.py took 0.488 seconds
[2024-10-13T20:15:10.812-0400] {processor.py:186} INFO - Started process (PID=29778) to work on /Users/karenwang/anaconda3/envs/airflow_sqlite_env/lib/python3.9/site-packages/airflow/example_dags/example_branch_operator_decorator.py
[2024-10-13T20:15:10.814-0400] {processor.py:914} INFO - Processing file /Users/karenwang/anaconda3/envs/airflow_sqlite_env/lib/python3.9/site-packages/airflow/example_dags/example_branch_operator_decorator.py for tasks to queue
[2024-10-13T20:15:10.816-0400] {logging_mixin.py:190} INFO - [2024-10-13T20:15:10.815-0400] {dagbag.py:588} INFO - Filling up the DagBag from /Users/karenwang/anaconda3/envs/airflow_sqlite_env/lib/python3.9/site-packages/airflow/example_dags/example_branch_operator_decorator.py
[2024-10-13T20:15:10.972-0400] {processor.py:925} INFO - DAG(s) 'example_branch_python_operator_decorator' retrieved from /Users/karenwang/anaconda3/envs/airflow_sqlite_env/lib/python3.9/site-packages/airflow/example_dags/example_branch_operator_decorator.py
[2024-10-13T20:15:11.371-0400] {logging_mixin.py:190} INFO - [2024-10-13T20:15:11.371-0400] {dag.py:3239} INFO - Sync 1 DAGs
[2024-10-13T20:15:11.408-0400] {logging_mixin.py:190} INFO - [2024-10-13T20:15:11.407-0400] {dag.py:4180} INFO - Setting next_dagrun for example_branch_python_operator_decorator to 2024-10-13 00:00:00+00:00, run_after=2024-10-14 00:00:00+00:00
[2024-10-13T20:15:11.440-0400] {processor.py:208} INFO - Processing /Users/karenwang/anaconda3/envs/airflow_sqlite_env/lib/python3.9/site-packages/airflow/example_dags/example_branch_operator_decorator.py took 0.635 seconds
[2024-10-13T20:23:47.155-0400] {processor.py:186} INFO - Started process (PID=32546) to work on /Users/karenwang/anaconda3/envs/airflow_sqlite_env/lib/python3.9/site-packages/airflow/example_dags/example_branch_operator_decorator.py
[2024-10-13T20:23:47.159-0400] {processor.py:914} INFO - Processing file /Users/karenwang/anaconda3/envs/airflow_sqlite_env/lib/python3.9/site-packages/airflow/example_dags/example_branch_operator_decorator.py for tasks to queue
[2024-10-13T20:23:47.160-0400] {logging_mixin.py:190} INFO - [2024-10-13T20:23:47.160-0400] {dagbag.py:588} INFO - Filling up the DagBag from /Users/karenwang/anaconda3/envs/airflow_sqlite_env/lib/python3.9/site-packages/airflow/example_dags/example_branch_operator_decorator.py
[2024-10-13T20:23:47.294-0400] {processor.py:925} INFO - DAG(s) 'example_branch_python_operator_decorator' retrieved from /Users/karenwang/anaconda3/envs/airflow_sqlite_env/lib/python3.9/site-packages/airflow/example_dags/example_branch_operator_decorator.py
[2024-10-13T20:23:47.640-0400] {logging_mixin.py:190} INFO - [2024-10-13T20:23:47.640-0400] {dag.py:3239} INFO - Sync 1 DAGs
[2024-10-13T20:23:47.672-0400] {logging_mixin.py:190} INFO - [2024-10-13T20:23:47.671-0400] {dag.py:4180} INFO - Setting next_dagrun for example_branch_python_operator_decorator to 2024-10-13 00:00:00+00:00, run_after=2024-10-14 00:00:00+00:00
[2024-10-13T20:23:47.700-0400] {processor.py:208} INFO - Processing /Users/karenwang/anaconda3/envs/airflow_sqlite_env/lib/python3.9/site-packages/airflow/example_dags/example_branch_operator_decorator.py took 0.550 seconds
[2024-10-13T20:30:03.911-0400] {processor.py:186} INFO - Started process (PID=34702) to work on /Users/karenwang/anaconda3/envs/airflow_sqlite_env/lib/python3.9/site-packages/airflow/example_dags/example_branch_operator_decorator.py
[2024-10-13T20:30:03.912-0400] {processor.py:914} INFO - Processing file /Users/karenwang/anaconda3/envs/airflow_sqlite_env/lib/python3.9/site-packages/airflow/example_dags/example_branch_operator_decorator.py for tasks to queue
[2024-10-13T20:30:03.914-0400] {logging_mixin.py:190} INFO - [2024-10-13T20:30:03.913-0400] {dagbag.py:588} INFO - Filling up the DagBag from /Users/karenwang/anaconda3/envs/airflow_sqlite_env/lib/python3.9/site-packages/airflow/example_dags/example_branch_operator_decorator.py
[2024-10-13T20:30:04.047-0400] {processor.py:925} INFO - DAG(s) 'example_branch_python_operator_decorator' retrieved from /Users/karenwang/anaconda3/envs/airflow_sqlite_env/lib/python3.9/site-packages/airflow/example_dags/example_branch_operator_decorator.py
[2024-10-13T20:30:04.389-0400] {logging_mixin.py:190} INFO - [2024-10-13T20:30:04.389-0400] {dag.py:3239} INFO - Sync 1 DAGs
[2024-10-13T20:30:04.421-0400] {logging_mixin.py:190} INFO - [2024-10-13T20:30:04.420-0400] {dag.py:4180} INFO - Setting next_dagrun for example_branch_python_operator_decorator to 2024-10-13 00:00:00+00:00, run_after=2024-10-14 00:00:00+00:00
[2024-10-13T20:30:04.447-0400] {processor.py:208} INFO - Processing /Users/karenwang/anaconda3/envs/airflow_sqlite_env/lib/python3.9/site-packages/airflow/example_dags/example_branch_operator_decorator.py took 0.542 seconds
[2024-10-13T20:37:24.609-0400] {processor.py:186} INFO - Started process (PID=37013) to work on /Users/karenwang/anaconda3/envs/airflow_sqlite_env/lib/python3.9/site-packages/airflow/example_dags/example_branch_operator_decorator.py
[2024-10-13T20:37:24.610-0400] {processor.py:914} INFO - Processing file /Users/karenwang/anaconda3/envs/airflow_sqlite_env/lib/python3.9/site-packages/airflow/example_dags/example_branch_operator_decorator.py for tasks to queue
[2024-10-13T20:37:24.612-0400] {logging_mixin.py:190} INFO - [2024-10-13T20:37:24.612-0400] {dagbag.py:588} INFO - Filling up the DagBag from /Users/karenwang/anaconda3/envs/airflow_sqlite_env/lib/python3.9/site-packages/airflow/example_dags/example_branch_operator_decorator.py
[2024-10-13T20:37:24.734-0400] {processor.py:925} INFO - DAG(s) 'example_branch_python_operator_decorator' retrieved from /Users/karenwang/anaconda3/envs/airflow_sqlite_env/lib/python3.9/site-packages/airflow/example_dags/example_branch_operator_decorator.py
[2024-10-13T20:37:24.980-0400] {logging_mixin.py:190} INFO - [2024-10-13T20:37:24.980-0400] {dag.py:3239} INFO - Sync 1 DAGs
[2024-10-13T20:37:25.001-0400] {logging_mixin.py:190} INFO - [2024-10-13T20:37:25.001-0400] {dag.py:4180} INFO - Setting next_dagrun for example_branch_python_operator_decorator to 2024-10-13 00:00:00+00:00, run_after=2024-10-14 00:00:00+00:00
[2024-10-13T20:37:25.024-0400] {processor.py:208} INFO - Processing /Users/karenwang/anaconda3/envs/airflow_sqlite_env/lib/python3.9/site-packages/airflow/example_dags/example_branch_operator_decorator.py took 0.421 seconds
[2024-10-13T20:44:42.887-0400] {processor.py:186} INFO - Started process (PID=39267) to work on /Users/karenwang/anaconda3/envs/airflow_sqlite_env/lib/python3.9/site-packages/airflow/example_dags/example_branch_operator_decorator.py
[2024-10-13T20:44:42.888-0400] {processor.py:914} INFO - Processing file /Users/karenwang/anaconda3/envs/airflow_sqlite_env/lib/python3.9/site-packages/airflow/example_dags/example_branch_operator_decorator.py for tasks to queue
[2024-10-13T20:44:42.889-0400] {logging_mixin.py:190} INFO - [2024-10-13T20:44:42.889-0400] {dagbag.py:588} INFO - Filling up the DagBag from /Users/karenwang/anaconda3/envs/airflow_sqlite_env/lib/python3.9/site-packages/airflow/example_dags/example_branch_operator_decorator.py
[2024-10-13T20:44:43.002-0400] {processor.py:925} INFO - DAG(s) 'example_branch_python_operator_decorator' retrieved from /Users/karenwang/anaconda3/envs/airflow_sqlite_env/lib/python3.9/site-packages/airflow/example_dags/example_branch_operator_decorator.py
[2024-10-13T20:44:43.279-0400] {logging_mixin.py:190} INFO - [2024-10-13T20:44:43.279-0400] {dag.py:3239} INFO - Sync 1 DAGs
[2024-10-13T20:44:43.311-0400] {logging_mixin.py:190} INFO - [2024-10-13T20:44:43.310-0400] {dag.py:4180} INFO - Setting next_dagrun for example_branch_python_operator_decorator to 2024-10-13 00:00:00+00:00, run_after=2024-10-14 00:00:00+00:00
[2024-10-13T20:44:43.333-0400] {processor.py:208} INFO - Processing /Users/karenwang/anaconda3/envs/airflow_sqlite_env/lib/python3.9/site-packages/airflow/example_dags/example_branch_operator_decorator.py took 0.452 seconds
[2024-10-13T20:52:01.616-0400] {processor.py:186} INFO - Started process (PID=41544) to work on /Users/karenwang/anaconda3/envs/airflow_sqlite_env/lib/python3.9/site-packages/airflow/example_dags/example_branch_operator_decorator.py
[2024-10-13T20:52:01.618-0400] {processor.py:914} INFO - Processing file /Users/karenwang/anaconda3/envs/airflow_sqlite_env/lib/python3.9/site-packages/airflow/example_dags/example_branch_operator_decorator.py for tasks to queue
[2024-10-13T20:52:01.620-0400] {logging_mixin.py:190} INFO - [2024-10-13T20:52:01.619-0400] {dagbag.py:588} INFO - Filling up the DagBag from /Users/karenwang/anaconda3/envs/airflow_sqlite_env/lib/python3.9/site-packages/airflow/example_dags/example_branch_operator_decorator.py
[2024-10-13T20:52:01.732-0400] {processor.py:925} INFO - DAG(s) 'example_branch_python_operator_decorator' retrieved from /Users/karenwang/anaconda3/envs/airflow_sqlite_env/lib/python3.9/site-packages/airflow/example_dags/example_branch_operator_decorator.py
[2024-10-13T20:52:01.993-0400] {logging_mixin.py:190} INFO - [2024-10-13T20:52:01.993-0400] {dag.py:3239} INFO - Sync 1 DAGs
[2024-10-13T20:52:02.017-0400] {logging_mixin.py:190} INFO - [2024-10-13T20:52:02.017-0400] {dag.py:4180} INFO - Setting next_dagrun for example_branch_python_operator_decorator to 2024-10-13 00:00:00+00:00, run_after=2024-10-14 00:00:00+00:00
[2024-10-13T20:52:02.042-0400] {processor.py:208} INFO - Processing /Users/karenwang/anaconda3/envs/airflow_sqlite_env/lib/python3.9/site-packages/airflow/example_dags/example_branch_operator_decorator.py took 0.431 seconds
[2024-10-13T20:59:22.280-0400] {processor.py:186} INFO - Started process (PID=43845) to work on /Users/karenwang/anaconda3/envs/airflow_sqlite_env/lib/python3.9/site-packages/airflow/example_dags/example_branch_operator_decorator.py
[2024-10-13T20:59:22.281-0400] {processor.py:914} INFO - Processing file /Users/karenwang/anaconda3/envs/airflow_sqlite_env/lib/python3.9/site-packages/airflow/example_dags/example_branch_operator_decorator.py for tasks to queue
[2024-10-13T20:59:22.283-0400] {logging_mixin.py:190} INFO - [2024-10-13T20:59:22.282-0400] {dagbag.py:588} INFO - Filling up the DagBag from /Users/karenwang/anaconda3/envs/airflow_sqlite_env/lib/python3.9/site-packages/airflow/example_dags/example_branch_operator_decorator.py
[2024-10-13T20:59:22.384-0400] {processor.py:925} INFO - DAG(s) 'example_branch_python_operator_decorator' retrieved from /Users/karenwang/anaconda3/envs/airflow_sqlite_env/lib/python3.9/site-packages/airflow/example_dags/example_branch_operator_decorator.py
[2024-10-13T20:59:22.645-0400] {logging_mixin.py:190} INFO - [2024-10-13T20:59:22.645-0400] {dag.py:3239} INFO - Sync 1 DAGs
[2024-10-13T20:59:22.666-0400] {logging_mixin.py:190} INFO - [2024-10-13T20:59:22.665-0400] {dag.py:4180} INFO - Setting next_dagrun for example_branch_python_operator_decorator to 2024-10-13 00:00:00+00:00, run_after=2024-10-14 00:00:00+00:00
[2024-10-13T20:59:22.689-0400] {processor.py:208} INFO - Processing /Users/karenwang/anaconda3/envs/airflow_sqlite_env/lib/python3.9/site-packages/airflow/example_dags/example_branch_operator_decorator.py took 0.415 seconds
[2024-10-13T21:06:43.328-0400] {processor.py:186} INFO - Started process (PID=46108) to work on /Users/karenwang/anaconda3/envs/airflow_sqlite_env/lib/python3.9/site-packages/airflow/example_dags/example_branch_operator_decorator.py
[2024-10-13T21:06:43.329-0400] {processor.py:914} INFO - Processing file /Users/karenwang/anaconda3/envs/airflow_sqlite_env/lib/python3.9/site-packages/airflow/example_dags/example_branch_operator_decorator.py for tasks to queue
[2024-10-13T21:06:43.331-0400] {logging_mixin.py:190} INFO - [2024-10-13T21:06:43.331-0400] {dagbag.py:588} INFO - Filling up the DagBag from /Users/karenwang/anaconda3/envs/airflow_sqlite_env/lib/python3.9/site-packages/airflow/example_dags/example_branch_operator_decorator.py
[2024-10-13T21:06:43.474-0400] {processor.py:925} INFO - DAG(s) 'example_branch_python_operator_decorator' retrieved from /Users/karenwang/anaconda3/envs/airflow_sqlite_env/lib/python3.9/site-packages/airflow/example_dags/example_branch_operator_decorator.py
[2024-10-13T21:06:43.844-0400] {logging_mixin.py:190} INFO - [2024-10-13T21:06:43.844-0400] {dag.py:3239} INFO - Sync 1 DAGs
[2024-10-13T21:06:43.876-0400] {logging_mixin.py:190} INFO - [2024-10-13T21:06:43.876-0400] {dag.py:4180} INFO - Setting next_dagrun for example_branch_python_operator_decorator to 2024-10-13 00:00:00+00:00, run_after=2024-10-14 00:00:00+00:00
[2024-10-13T21:06:43.906-0400] {processor.py:208} INFO - Processing /Users/karenwang/anaconda3/envs/airflow_sqlite_env/lib/python3.9/site-packages/airflow/example_dags/example_branch_operator_decorator.py took 0.585 seconds
[2024-10-13T21:12:48.877-0400] {processor.py:186} INFO - Started process (PID=48090) to work on /Users/karenwang/anaconda3/envs/airflow_sqlite_env/lib/python3.9/site-packages/airflow/example_dags/example_branch_operator_decorator.py
[2024-10-13T21:12:48.878-0400] {processor.py:914} INFO - Processing file /Users/karenwang/anaconda3/envs/airflow_sqlite_env/lib/python3.9/site-packages/airflow/example_dags/example_branch_operator_decorator.py for tasks to queue
[2024-10-13T21:12:48.879-0400] {logging_mixin.py:190} INFO - [2024-10-13T21:12:48.879-0400] {dagbag.py:588} INFO - Filling up the DagBag from /Users/karenwang/anaconda3/envs/airflow_sqlite_env/lib/python3.9/site-packages/airflow/example_dags/example_branch_operator_decorator.py
[2024-10-13T21:12:48.997-0400] {processor.py:925} INFO - DAG(s) 'example_branch_python_operator_decorator' retrieved from /Users/karenwang/anaconda3/envs/airflow_sqlite_env/lib/python3.9/site-packages/airflow/example_dags/example_branch_operator_decorator.py
[2024-10-13T21:12:49.295-0400] {logging_mixin.py:190} INFO - [2024-10-13T21:12:49.294-0400] {dag.py:3239} INFO - Sync 1 DAGs
[2024-10-13T21:12:49.321-0400] {logging_mixin.py:190} INFO - [2024-10-13T21:12:49.320-0400] {dag.py:4180} INFO - Setting next_dagrun for example_branch_python_operator_decorator to 2024-10-13 00:00:00+00:00, run_after=2024-10-14 00:00:00+00:00
[2024-10-13T21:12:49.344-0400] {processor.py:208} INFO - Processing /Users/karenwang/anaconda3/envs/airflow_sqlite_env/lib/python3.9/site-packages/airflow/example_dags/example_branch_operator_decorator.py took 0.473 seconds
[2024-10-13T21:20:32.412-0400] {processor.py:186} INFO - Started process (PID=50730) to work on /Users/karenwang/anaconda3/envs/airflow_sqlite_env/lib/python3.9/site-packages/airflow/example_dags/example_branch_operator_decorator.py
[2024-10-13T21:20:32.413-0400] {processor.py:914} INFO - Processing file /Users/karenwang/anaconda3/envs/airflow_sqlite_env/lib/python3.9/site-packages/airflow/example_dags/example_branch_operator_decorator.py for tasks to queue
[2024-10-13T21:20:32.415-0400] {logging_mixin.py:190} INFO - [2024-10-13T21:20:32.415-0400] {dagbag.py:588} INFO - Filling up the DagBag from /Users/karenwang/anaconda3/envs/airflow_sqlite_env/lib/python3.9/site-packages/airflow/example_dags/example_branch_operator_decorator.py
[2024-10-13T21:20:32.531-0400] {processor.py:925} INFO - DAG(s) 'example_branch_python_operator_decorator' retrieved from /Users/karenwang/anaconda3/envs/airflow_sqlite_env/lib/python3.9/site-packages/airflow/example_dags/example_branch_operator_decorator.py
[2024-10-13T21:20:32.807-0400] {logging_mixin.py:190} INFO - [2024-10-13T21:20:32.807-0400] {dag.py:3239} INFO - Sync 1 DAGs
[2024-10-13T21:20:32.830-0400] {logging_mixin.py:190} INFO - [2024-10-13T21:20:32.829-0400] {dag.py:4180} INFO - Setting next_dagrun for example_branch_python_operator_decorator to 2024-10-13 00:00:00+00:00, run_after=2024-10-14 00:00:00+00:00
[2024-10-13T21:20:32.855-0400] {processor.py:208} INFO - Processing /Users/karenwang/anaconda3/envs/airflow_sqlite_env/lib/python3.9/site-packages/airflow/example_dags/example_branch_operator_decorator.py took 0.450 seconds
[2024-10-13T21:27:54.144-0400] {processor.py:186} INFO - Started process (PID=53001) to work on /Users/karenwang/anaconda3/envs/airflow_sqlite_env/lib/python3.9/site-packages/airflow/example_dags/example_branch_operator_decorator.py
[2024-10-13T21:27:54.145-0400] {processor.py:914} INFO - Processing file /Users/karenwang/anaconda3/envs/airflow_sqlite_env/lib/python3.9/site-packages/airflow/example_dags/example_branch_operator_decorator.py for tasks to queue
[2024-10-13T21:27:54.147-0400] {logging_mixin.py:190} INFO - [2024-10-13T21:27:54.146-0400] {dagbag.py:588} INFO - Filling up the DagBag from /Users/karenwang/anaconda3/envs/airflow_sqlite_env/lib/python3.9/site-packages/airflow/example_dags/example_branch_operator_decorator.py
[2024-10-13T21:27:54.259-0400] {processor.py:925} INFO - DAG(s) 'example_branch_python_operator_decorator' retrieved from /Users/karenwang/anaconda3/envs/airflow_sqlite_env/lib/python3.9/site-packages/airflow/example_dags/example_branch_operator_decorator.py
[2024-10-13T21:27:54.562-0400] {logging_mixin.py:190} INFO - [2024-10-13T21:27:54.562-0400] {dag.py:3239} INFO - Sync 1 DAGs
[2024-10-13T21:27:54.590-0400] {logging_mixin.py:190} INFO - [2024-10-13T21:27:54.589-0400] {dag.py:4180} INFO - Setting next_dagrun for example_branch_python_operator_decorator to 2024-10-13 00:00:00+00:00, run_after=2024-10-14 00:00:00+00:00
[2024-10-13T21:27:54.614-0400] {processor.py:208} INFO - Processing /Users/karenwang/anaconda3/envs/airflow_sqlite_env/lib/python3.9/site-packages/airflow/example_dags/example_branch_operator_decorator.py took 0.476 seconds
[2024-10-13T21:35:48.809-0400] {processor.py:186} INFO - Started process (PID=55516) to work on /Users/karenwang/anaconda3/envs/airflow_sqlite_env/lib/python3.9/site-packages/airflow/example_dags/example_branch_operator_decorator.py
[2024-10-13T21:35:48.810-0400] {processor.py:914} INFO - Processing file /Users/karenwang/anaconda3/envs/airflow_sqlite_env/lib/python3.9/site-packages/airflow/example_dags/example_branch_operator_decorator.py for tasks to queue
[2024-10-13T21:35:48.812-0400] {logging_mixin.py:190} INFO - [2024-10-13T21:35:48.811-0400] {dagbag.py:588} INFO - Filling up the DagBag from /Users/karenwang/anaconda3/envs/airflow_sqlite_env/lib/python3.9/site-packages/airflow/example_dags/example_branch_operator_decorator.py
[2024-10-13T21:35:48.938-0400] {processor.py:925} INFO - DAG(s) 'example_branch_python_operator_decorator' retrieved from /Users/karenwang/anaconda3/envs/airflow_sqlite_env/lib/python3.9/site-packages/airflow/example_dags/example_branch_operator_decorator.py
[2024-10-13T21:35:49.254-0400] {logging_mixin.py:190} INFO - [2024-10-13T21:35:49.253-0400] {dag.py:3239} INFO - Sync 1 DAGs
[2024-10-13T21:35:49.283-0400] {logging_mixin.py:190} INFO - [2024-10-13T21:35:49.282-0400] {dag.py:4180} INFO - Setting next_dagrun for example_branch_python_operator_decorator to 2024-10-13 00:00:00+00:00, run_after=2024-10-14 00:00:00+00:00
[2024-10-13T21:35:49.307-0400] {processor.py:208} INFO - Processing /Users/karenwang/anaconda3/envs/airflow_sqlite_env/lib/python3.9/site-packages/airflow/example_dags/example_branch_operator_decorator.py took 0.505 seconds
[2024-10-13T21:43:34.365-0400] {processor.py:186} INFO - Started process (PID=57901) to work on /Users/karenwang/anaconda3/envs/airflow_sqlite_env/lib/python3.9/site-packages/airflow/example_dags/example_branch_operator_decorator.py
[2024-10-13T21:43:34.366-0400] {processor.py:914} INFO - Processing file /Users/karenwang/anaconda3/envs/airflow_sqlite_env/lib/python3.9/site-packages/airflow/example_dags/example_branch_operator_decorator.py for tasks to queue
[2024-10-13T21:43:34.368-0400] {logging_mixin.py:190} INFO - [2024-10-13T21:43:34.367-0400] {dagbag.py:588} INFO - Filling up the DagBag from /Users/karenwang/anaconda3/envs/airflow_sqlite_env/lib/python3.9/site-packages/airflow/example_dags/example_branch_operator_decorator.py
[2024-10-13T21:43:34.484-0400] {processor.py:925} INFO - DAG(s) 'example_branch_python_operator_decorator' retrieved from /Users/karenwang/anaconda3/envs/airflow_sqlite_env/lib/python3.9/site-packages/airflow/example_dags/example_branch_operator_decorator.py
[2024-10-13T21:43:34.810-0400] {logging_mixin.py:190} INFO - [2024-10-13T21:43:34.810-0400] {dag.py:3239} INFO - Sync 1 DAGs
[2024-10-13T21:43:34.838-0400] {logging_mixin.py:190} INFO - [2024-10-13T21:43:34.838-0400] {dag.py:4180} INFO - Setting next_dagrun for example_branch_python_operator_decorator to 2024-10-13 00:00:00+00:00, run_after=2024-10-14 00:00:00+00:00
[2024-10-13T21:43:34.861-0400] {processor.py:208} INFO - Processing /Users/karenwang/anaconda3/envs/airflow_sqlite_env/lib/python3.9/site-packages/airflow/example_dags/example_branch_operator_decorator.py took 0.502 seconds
[2024-10-13T21:51:34.522-0400] {processor.py:186} INFO - Started process (PID=60390) to work on /Users/karenwang/anaconda3/envs/airflow_sqlite_env/lib/python3.9/site-packages/airflow/example_dags/example_branch_operator_decorator.py
[2024-10-13T21:51:34.523-0400] {processor.py:914} INFO - Processing file /Users/karenwang/anaconda3/envs/airflow_sqlite_env/lib/python3.9/site-packages/airflow/example_dags/example_branch_operator_decorator.py for tasks to queue
[2024-10-13T21:51:34.525-0400] {logging_mixin.py:190} INFO - [2024-10-13T21:51:34.525-0400] {dagbag.py:588} INFO - Filling up the DagBag from /Users/karenwang/anaconda3/envs/airflow_sqlite_env/lib/python3.9/site-packages/airflow/example_dags/example_branch_operator_decorator.py
[2024-10-13T21:51:34.658-0400] {processor.py:925} INFO - DAG(s) 'example_branch_python_operator_decorator' retrieved from /Users/karenwang/anaconda3/envs/airflow_sqlite_env/lib/python3.9/site-packages/airflow/example_dags/example_branch_operator_decorator.py
[2024-10-13T21:51:34.986-0400] {logging_mixin.py:190} INFO - [2024-10-13T21:51:34.986-0400] {dag.py:3239} INFO - Sync 1 DAGs
[2024-10-13T21:51:35.010-0400] {logging_mixin.py:190} INFO - [2024-10-13T21:51:35.010-0400] {dag.py:4180} INFO - Setting next_dagrun for example_branch_python_operator_decorator to 2024-10-13 00:00:00+00:00, run_after=2024-10-14 00:00:00+00:00
[2024-10-13T21:51:35.033-0400] {processor.py:208} INFO - Processing /Users/karenwang/anaconda3/envs/airflow_sqlite_env/lib/python3.9/site-packages/airflow/example_dags/example_branch_operator_decorator.py took 0.518 seconds
[2024-10-13T21:59:21.890-0400] {processor.py:186} INFO - Started process (PID=62801) to work on /Users/karenwang/anaconda3/envs/airflow_sqlite_env/lib/python3.9/site-packages/airflow/example_dags/example_branch_operator_decorator.py
[2024-10-13T21:59:21.892-0400] {processor.py:914} INFO - Processing file /Users/karenwang/anaconda3/envs/airflow_sqlite_env/lib/python3.9/site-packages/airflow/example_dags/example_branch_operator_decorator.py for tasks to queue
[2024-10-13T21:59:21.894-0400] {logging_mixin.py:190} INFO - [2024-10-13T21:59:21.893-0400] {dagbag.py:588} INFO - Filling up the DagBag from /Users/karenwang/anaconda3/envs/airflow_sqlite_env/lib/python3.9/site-packages/airflow/example_dags/example_branch_operator_decorator.py
[2024-10-13T21:59:22.026-0400] {processor.py:925} INFO - DAG(s) 'example_branch_python_operator_decorator' retrieved from /Users/karenwang/anaconda3/envs/airflow_sqlite_env/lib/python3.9/site-packages/airflow/example_dags/example_branch_operator_decorator.py
[2024-10-13T21:59:22.333-0400] {logging_mixin.py:190} INFO - [2024-10-13T21:59:22.332-0400] {dag.py:3239} INFO - Sync 1 DAGs
[2024-10-13T21:59:22.358-0400] {logging_mixin.py:190} INFO - [2024-10-13T21:59:22.358-0400] {dag.py:4180} INFO - Setting next_dagrun for example_branch_python_operator_decorator to 2024-10-13 00:00:00+00:00, run_after=2024-10-14 00:00:00+00:00
[2024-10-13T21:59:22.382-0400] {processor.py:208} INFO - Processing /Users/karenwang/anaconda3/envs/airflow_sqlite_env/lib/python3.9/site-packages/airflow/example_dags/example_branch_operator_decorator.py took 0.498 seconds
[2024-10-13T22:07:15.314-0400] {processor.py:186} INFO - Started process (PID=65237) to work on /Users/karenwang/anaconda3/envs/airflow_sqlite_env/lib/python3.9/site-packages/airflow/example_dags/example_branch_operator_decorator.py
[2024-10-13T22:07:15.316-0400] {processor.py:914} INFO - Processing file /Users/karenwang/anaconda3/envs/airflow_sqlite_env/lib/python3.9/site-packages/airflow/example_dags/example_branch_operator_decorator.py for tasks to queue
[2024-10-13T22:07:15.317-0400] {logging_mixin.py:190} INFO - [2024-10-13T22:07:15.317-0400] {dagbag.py:588} INFO - Filling up the DagBag from /Users/karenwang/anaconda3/envs/airflow_sqlite_env/lib/python3.9/site-packages/airflow/example_dags/example_branch_operator_decorator.py
[2024-10-13T22:07:15.440-0400] {processor.py:925} INFO - DAG(s) 'example_branch_python_operator_decorator' retrieved from /Users/karenwang/anaconda3/envs/airflow_sqlite_env/lib/python3.9/site-packages/airflow/example_dags/example_branch_operator_decorator.py
[2024-10-13T22:07:15.742-0400] {logging_mixin.py:190} INFO - [2024-10-13T22:07:15.742-0400] {dag.py:3239} INFO - Sync 1 DAGs
[2024-10-13T22:07:15.767-0400] {logging_mixin.py:190} INFO - [2024-10-13T22:07:15.767-0400] {dag.py:4180} INFO - Setting next_dagrun for example_branch_python_operator_decorator to 2024-10-13 00:00:00+00:00, run_after=2024-10-14 00:00:00+00:00
[2024-10-13T22:07:15.791-0400] {processor.py:208} INFO - Processing /Users/karenwang/anaconda3/envs/airflow_sqlite_env/lib/python3.9/site-packages/airflow/example_dags/example_branch_operator_decorator.py took 0.482 seconds
[2024-10-13T22:15:05.977-0400] {processor.py:186} INFO - Started process (PID=67653) to work on /Users/karenwang/anaconda3/envs/airflow_sqlite_env/lib/python3.9/site-packages/airflow/example_dags/example_branch_operator_decorator.py
[2024-10-13T22:15:05.978-0400] {processor.py:914} INFO - Processing file /Users/karenwang/anaconda3/envs/airflow_sqlite_env/lib/python3.9/site-packages/airflow/example_dags/example_branch_operator_decorator.py for tasks to queue
[2024-10-13T22:15:05.980-0400] {logging_mixin.py:190} INFO - [2024-10-13T22:15:05.979-0400] {dagbag.py:588} INFO - Filling up the DagBag from /Users/karenwang/anaconda3/envs/airflow_sqlite_env/lib/python3.9/site-packages/airflow/example_dags/example_branch_operator_decorator.py
[2024-10-13T22:15:06.092-0400] {processor.py:925} INFO - DAG(s) 'example_branch_python_operator_decorator' retrieved from /Users/karenwang/anaconda3/envs/airflow_sqlite_env/lib/python3.9/site-packages/airflow/example_dags/example_branch_operator_decorator.py
[2024-10-13T22:15:06.403-0400] {logging_mixin.py:190} INFO - [2024-10-13T22:15:06.403-0400] {dag.py:3239} INFO - Sync 1 DAGs
[2024-10-13T22:15:06.435-0400] {logging_mixin.py:190} INFO - [2024-10-13T22:15:06.435-0400] {dag.py:4180} INFO - Setting next_dagrun for example_branch_python_operator_decorator to 2024-10-13 00:00:00+00:00, run_after=2024-10-14 00:00:00+00:00
[2024-10-13T22:15:06.457-0400] {processor.py:208} INFO - Processing /Users/karenwang/anaconda3/envs/airflow_sqlite_env/lib/python3.9/site-packages/airflow/example_dags/example_branch_operator_decorator.py took 0.487 seconds
[2024-10-13T22:23:11.492-0400] {processor.py:186} INFO - Started process (PID=70166) to work on /Users/karenwang/anaconda3/envs/airflow_sqlite_env/lib/python3.9/site-packages/airflow/example_dags/example_branch_operator_decorator.py
[2024-10-13T22:23:11.494-0400] {processor.py:914} INFO - Processing file /Users/karenwang/anaconda3/envs/airflow_sqlite_env/lib/python3.9/site-packages/airflow/example_dags/example_branch_operator_decorator.py for tasks to queue
[2024-10-13T22:23:11.495-0400] {logging_mixin.py:190} INFO - [2024-10-13T22:23:11.495-0400] {dagbag.py:588} INFO - Filling up the DagBag from /Users/karenwang/anaconda3/envs/airflow_sqlite_env/lib/python3.9/site-packages/airflow/example_dags/example_branch_operator_decorator.py
[2024-10-13T22:23:11.612-0400] {processor.py:925} INFO - DAG(s) 'example_branch_python_operator_decorator' retrieved from /Users/karenwang/anaconda3/envs/airflow_sqlite_env/lib/python3.9/site-packages/airflow/example_dags/example_branch_operator_decorator.py
[2024-10-13T22:23:11.912-0400] {logging_mixin.py:190} INFO - [2024-10-13T22:23:11.912-0400] {dag.py:3239} INFO - Sync 1 DAGs
[2024-10-13T22:23:11.943-0400] {logging_mixin.py:190} INFO - [2024-10-13T22:23:11.942-0400] {dag.py:4180} INFO - Setting next_dagrun for example_branch_python_operator_decorator to 2024-10-13 00:00:00+00:00, run_after=2024-10-14 00:00:00+00:00
[2024-10-13T22:23:11.968-0400] {processor.py:208} INFO - Processing /Users/karenwang/anaconda3/envs/airflow_sqlite_env/lib/python3.9/site-packages/airflow/example_dags/example_branch_operator_decorator.py took 0.481 seconds
[2024-10-13T22:37:44.001-0400] {processor.py:186} INFO - Started process (PID=75008) to work on /Users/karenwang/anaconda3/envs/airflow_sqlite_env/lib/python3.9/site-packages/airflow/example_dags/example_branch_operator_decorator.py
[2024-10-13T22:37:44.003-0400] {processor.py:914} INFO - Processing file /Users/karenwang/anaconda3/envs/airflow_sqlite_env/lib/python3.9/site-packages/airflow/example_dags/example_branch_operator_decorator.py for tasks to queue
[2024-10-13T22:37:44.005-0400] {logging_mixin.py:190} INFO - [2024-10-13T22:37:44.005-0400] {dagbag.py:588} INFO - Filling up the DagBag from /Users/karenwang/anaconda3/envs/airflow_sqlite_env/lib/python3.9/site-packages/airflow/example_dags/example_branch_operator_decorator.py
[2024-10-13T22:37:44.123-0400] {processor.py:925} INFO - DAG(s) 'example_branch_python_operator_decorator' retrieved from /Users/karenwang/anaconda3/envs/airflow_sqlite_env/lib/python3.9/site-packages/airflow/example_dags/example_branch_operator_decorator.py
[2024-10-13T22:37:44.444-0400] {logging_mixin.py:190} INFO - [2024-10-13T22:37:44.444-0400] {dag.py:3239} INFO - Sync 1 DAGs
[2024-10-13T22:37:44.469-0400] {logging_mixin.py:190} INFO - [2024-10-13T22:37:44.469-0400] {dag.py:4180} INFO - Setting next_dagrun for example_branch_python_operator_decorator to 2024-10-13 00:00:00+00:00, run_after=2024-10-14 00:00:00+00:00
[2024-10-13T22:37:44.494-0400] {processor.py:208} INFO - Processing /Users/karenwang/anaconda3/envs/airflow_sqlite_env/lib/python3.9/site-packages/airflow/example_dags/example_branch_operator_decorator.py took 0.499 seconds
