[2024-10-13T20:02:49.347-0400] {processor.py:186} INFO - Started process (PID=25971) to work on /Users/karenwang/anaconda3/envs/airflow_sqlite_env/lib/python3.9/site-packages/airflow/example_dags/example_external_task_marker_dag.py
[2024-10-13T20:02:49.348-0400] {processor.py:914} INFO - Processing file /Users/karenwang/anaconda3/envs/airflow_sqlite_env/lib/python3.9/site-packages/airflow/example_dags/example_external_task_marker_dag.py for tasks to queue
[2024-10-13T20:02:49.350-0400] {logging_mixin.py:190} INFO - [2024-10-13T20:02:49.350-0400] {dagbag.py:588} INFO - Filling up the DagBag from /Users/karenwang/anaconda3/envs/airflow_sqlite_env/lib/python3.9/site-packages/airflow/example_dags/example_external_task_marker_dag.py
[2024-10-13T20:02:49.366-0400] {processor.py:925} INFO - DAG(s) 'example_external_task_marker_child', 'example_external_task_marker_parent' retrieved from /Users/karenwang/anaconda3/envs/airflow_sqlite_env/lib/python3.9/site-packages/airflow/example_dags/example_external_task_marker_dag.py
[2024-10-13T20:02:53.581-0400] {logging_mixin.py:190} INFO - [2024-10-13T20:02:53.581-0400] {utils.py:148} INFO - Note: NumExpr detected 16 cores but "NUMEXPR_MAX_THREADS" not set, so enforcing safe limit of 8.
[2024-10-13T20:02:53.582-0400] {logging_mixin.py:190} INFO - [2024-10-13T20:02:53.582-0400] {utils.py:160} INFO - NumExpr defaulting to 8 threads.
[2024-10-13T20:02:54.048-0400] {logging_mixin.py:190} INFO - [2024-10-13T20:02:54.048-0400] {dag.py:3239} INFO - Sync 2 DAGs
[2024-10-13T20:02:54.066-0400] {logging_mixin.py:190} INFO - [2024-10-13T20:02:54.066-0400] {dag.py:4180} INFO - Setting next_dagrun for example_external_task_marker_child to None, run_after=None
[2024-10-13T20:02:54.071-0400] {logging_mixin.py:190} INFO - [2024-10-13T20:02:54.070-0400] {dag.py:4180} INFO - Setting next_dagrun for example_external_task_marker_parent to None, run_after=None
[2024-10-13T20:02:54.091-0400] {processor.py:208} INFO - Processing /Users/karenwang/anaconda3/envs/airflow_sqlite_env/lib/python3.9/site-packages/airflow/example_dags/example_external_task_marker_dag.py took 4.751 seconds
[2024-10-13T20:07:01.037-0400] {processor.py:186} INFO - Started process (PID=27273) to work on /Users/karenwang/anaconda3/envs/airflow_sqlite_env/lib/python3.9/site-packages/airflow/example_dags/example_external_task_marker_dag.py
[2024-10-13T20:07:01.038-0400] {processor.py:914} INFO - Processing file /Users/karenwang/anaconda3/envs/airflow_sqlite_env/lib/python3.9/site-packages/airflow/example_dags/example_external_task_marker_dag.py for tasks to queue
[2024-10-13T20:07:01.040-0400] {logging_mixin.py:190} INFO - [2024-10-13T20:07:01.040-0400] {dagbag.py:588} INFO - Filling up the DagBag from /Users/karenwang/anaconda3/envs/airflow_sqlite_env/lib/python3.9/site-packages/airflow/example_dags/example_external_task_marker_dag.py
[2024-10-13T20:07:01.056-0400] {processor.py:925} INFO - DAG(s) 'example_external_task_marker_parent', 'example_external_task_marker_child' retrieved from /Users/karenwang/anaconda3/envs/airflow_sqlite_env/lib/python3.9/site-packages/airflow/example_dags/example_external_task_marker_dag.py
[2024-10-13T20:07:05.123-0400] {logging_mixin.py:190} INFO - [2024-10-13T20:07:05.123-0400] {utils.py:148} INFO - Note: NumExpr detected 16 cores but "NUMEXPR_MAX_THREADS" not set, so enforcing safe limit of 8.
[2024-10-13T20:07:05.124-0400] {logging_mixin.py:190} INFO - [2024-10-13T20:07:05.123-0400] {utils.py:160} INFO - NumExpr defaulting to 8 threads.
[2024-10-13T20:07:05.553-0400] {logging_mixin.py:190} INFO - [2024-10-13T20:07:05.552-0400] {dag.py:3239} INFO - Sync 2 DAGs
[2024-10-13T20:07:05.570-0400] {logging_mixin.py:190} INFO - [2024-10-13T20:07:05.570-0400] {dag.py:4180} INFO - Setting next_dagrun for example_external_task_marker_child to None, run_after=None
[2024-10-13T20:07:05.574-0400] {logging_mixin.py:190} INFO - [2024-10-13T20:07:05.574-0400] {dag.py:4180} INFO - Setting next_dagrun for example_external_task_marker_parent to None, run_after=None
[2024-10-13T20:07:05.599-0400] {processor.py:208} INFO - Processing /Users/karenwang/anaconda3/envs/airflow_sqlite_env/lib/python3.9/site-packages/airflow/example_dags/example_external_task_marker_dag.py took 4.571 seconds
[2024-10-13T20:14:58.691-0400] {processor.py:186} INFO - Started process (PID=29716) to work on /Users/karenwang/anaconda3/envs/airflow_sqlite_env/lib/python3.9/site-packages/airflow/example_dags/example_external_task_marker_dag.py
[2024-10-13T20:14:58.692-0400] {processor.py:914} INFO - Processing file /Users/karenwang/anaconda3/envs/airflow_sqlite_env/lib/python3.9/site-packages/airflow/example_dags/example_external_task_marker_dag.py for tasks to queue
[2024-10-13T20:14:58.694-0400] {logging_mixin.py:190} INFO - [2024-10-13T20:14:58.694-0400] {dagbag.py:588} INFO - Filling up the DagBag from /Users/karenwang/anaconda3/envs/airflow_sqlite_env/lib/python3.9/site-packages/airflow/example_dags/example_external_task_marker_dag.py
[2024-10-13T20:14:58.711-0400] {processor.py:925} INFO - DAG(s) 'example_external_task_marker_child', 'example_external_task_marker_parent' retrieved from /Users/karenwang/anaconda3/envs/airflow_sqlite_env/lib/python3.9/site-packages/airflow/example_dags/example_external_task_marker_dag.py
[2024-10-13T20:15:02.704-0400] {logging_mixin.py:190} INFO - [2024-10-13T20:15:02.704-0400] {utils.py:148} INFO - Note: NumExpr detected 16 cores but "NUMEXPR_MAX_THREADS" not set, so enforcing safe limit of 8.
[2024-10-13T20:15:02.705-0400] {logging_mixin.py:190} INFO - [2024-10-13T20:15:02.704-0400] {utils.py:160} INFO - NumExpr defaulting to 8 threads.
[2024-10-13T20:15:03.109-0400] {logging_mixin.py:190} INFO - [2024-10-13T20:15:03.108-0400] {dag.py:3239} INFO - Sync 2 DAGs
[2024-10-13T20:15:03.126-0400] {logging_mixin.py:190} INFO - [2024-10-13T20:15:03.125-0400] {dag.py:4180} INFO - Setting next_dagrun for example_external_task_marker_child to None, run_after=None
[2024-10-13T20:15:03.131-0400] {logging_mixin.py:190} INFO - [2024-10-13T20:15:03.130-0400] {dag.py:4180} INFO - Setting next_dagrun for example_external_task_marker_parent to None, run_after=None
[2024-10-13T20:15:03.151-0400] {processor.py:208} INFO - Processing /Users/karenwang/anaconda3/envs/airflow_sqlite_env/lib/python3.9/site-packages/airflow/example_dags/example_external_task_marker_dag.py took 4.466 seconds
[2024-10-13T20:19:10.668-0400] {processor.py:186} INFO - Started process (PID=31010) to work on /Users/karenwang/anaconda3/envs/airflow_sqlite_env/lib/python3.9/site-packages/airflow/example_dags/example_external_task_marker_dag.py
[2024-10-13T20:19:10.669-0400] {processor.py:914} INFO - Processing file /Users/karenwang/anaconda3/envs/airflow_sqlite_env/lib/python3.9/site-packages/airflow/example_dags/example_external_task_marker_dag.py for tasks to queue
[2024-10-13T20:19:10.671-0400] {logging_mixin.py:190} INFO - [2024-10-13T20:19:10.671-0400] {dagbag.py:588} INFO - Filling up the DagBag from /Users/karenwang/anaconda3/envs/airflow_sqlite_env/lib/python3.9/site-packages/airflow/example_dags/example_external_task_marker_dag.py
[2024-10-13T20:19:10.692-0400] {processor.py:925} INFO - DAG(s) 'example_external_task_marker_parent', 'example_external_task_marker_child' retrieved from /Users/karenwang/anaconda3/envs/airflow_sqlite_env/lib/python3.9/site-packages/airflow/example_dags/example_external_task_marker_dag.py
[2024-10-13T20:19:14.815-0400] {logging_mixin.py:190} INFO - [2024-10-13T20:19:14.814-0400] {utils.py:148} INFO - Note: NumExpr detected 16 cores but "NUMEXPR_MAX_THREADS" not set, so enforcing safe limit of 8.
[2024-10-13T20:19:14.815-0400] {logging_mixin.py:190} INFO - [2024-10-13T20:19:14.815-0400] {utils.py:160} INFO - NumExpr defaulting to 8 threads.
[2024-10-13T20:19:15.215-0400] {logging_mixin.py:190} INFO - [2024-10-13T20:19:15.214-0400] {dag.py:3239} INFO - Sync 2 DAGs
[2024-10-13T20:19:15.231-0400] {logging_mixin.py:190} INFO - [2024-10-13T20:19:15.231-0400] {dag.py:4180} INFO - Setting next_dagrun for example_external_task_marker_child to None, run_after=None
[2024-10-13T20:19:15.236-0400] {logging_mixin.py:190} INFO - [2024-10-13T20:19:15.236-0400] {dag.py:4180} INFO - Setting next_dagrun for example_external_task_marker_parent to None, run_after=None
[2024-10-13T20:19:15.257-0400] {processor.py:208} INFO - Processing /Users/karenwang/anaconda3/envs/airflow_sqlite_env/lib/python3.9/site-packages/airflow/example_dags/example_external_task_marker_dag.py took 4.595 seconds
[2024-10-13T20:23:34.854-0400] {processor.py:186} INFO - Started process (PID=32482) to work on /Users/karenwang/anaconda3/envs/airflow_sqlite_env/lib/python3.9/site-packages/airflow/example_dags/example_external_task_marker_dag.py
[2024-10-13T20:23:34.856-0400] {processor.py:914} INFO - Processing file /Users/karenwang/anaconda3/envs/airflow_sqlite_env/lib/python3.9/site-packages/airflow/example_dags/example_external_task_marker_dag.py for tasks to queue
[2024-10-13T20:23:34.857-0400] {logging_mixin.py:190} INFO - [2024-10-13T20:23:34.857-0400] {dagbag.py:588} INFO - Filling up the DagBag from /Users/karenwang/anaconda3/envs/airflow_sqlite_env/lib/python3.9/site-packages/airflow/example_dags/example_external_task_marker_dag.py
[2024-10-13T20:23:34.880-0400] {processor.py:925} INFO - DAG(s) 'example_external_task_marker_parent', 'example_external_task_marker_child' retrieved from /Users/karenwang/anaconda3/envs/airflow_sqlite_env/lib/python3.9/site-packages/airflow/example_dags/example_external_task_marker_dag.py
[2024-10-13T20:23:39.180-0400] {logging_mixin.py:190} INFO - [2024-10-13T20:23:39.180-0400] {utils.py:148} INFO - Note: NumExpr detected 16 cores but "NUMEXPR_MAX_THREADS" not set, so enforcing safe limit of 8.
[2024-10-13T20:23:39.181-0400] {logging_mixin.py:190} INFO - [2024-10-13T20:23:39.181-0400] {utils.py:160} INFO - NumExpr defaulting to 8 threads.
[2024-10-13T20:23:39.562-0400] {logging_mixin.py:190} INFO - [2024-10-13T20:23:39.561-0400] {dag.py:3239} INFO - Sync 2 DAGs
[2024-10-13T20:23:39.581-0400] {logging_mixin.py:190} INFO - [2024-10-13T20:23:39.581-0400] {dag.py:4180} INFO - Setting next_dagrun for example_external_task_marker_child to None, run_after=None
[2024-10-13T20:23:39.586-0400] {logging_mixin.py:190} INFO - [2024-10-13T20:23:39.585-0400] {dag.py:4180} INFO - Setting next_dagrun for example_external_task_marker_parent to None, run_after=None
[2024-10-13T20:23:39.612-0400] {processor.py:208} INFO - Processing /Users/karenwang/anaconda3/envs/airflow_sqlite_env/lib/python3.9/site-packages/airflow/example_dags/example_external_task_marker_dag.py took 4.764 seconds
[2024-10-13T20:29:15.706-0400] {processor.py:186} INFO - Started process (PID=34416) to work on /Users/karenwang/anaconda3/envs/airflow_sqlite_env/lib/python3.9/site-packages/airflow/example_dags/example_external_task_marker_dag.py
[2024-10-13T20:29:15.708-0400] {processor.py:914} INFO - Processing file /Users/karenwang/anaconda3/envs/airflow_sqlite_env/lib/python3.9/site-packages/airflow/example_dags/example_external_task_marker_dag.py for tasks to queue
[2024-10-13T20:29:15.710-0400] {logging_mixin.py:190} INFO - [2024-10-13T20:29:15.709-0400] {dagbag.py:588} INFO - Filling up the DagBag from /Users/karenwang/anaconda3/envs/airflow_sqlite_env/lib/python3.9/site-packages/airflow/example_dags/example_external_task_marker_dag.py
[2024-10-13T20:29:15.730-0400] {processor.py:925} INFO - DAG(s) 'example_external_task_marker_child', 'example_external_task_marker_parent' retrieved from /Users/karenwang/anaconda3/envs/airflow_sqlite_env/lib/python3.9/site-packages/airflow/example_dags/example_external_task_marker_dag.py
[2024-10-13T20:29:20.090-0400] {logging_mixin.py:190} INFO - [2024-10-13T20:29:20.090-0400] {utils.py:148} INFO - Note: NumExpr detected 16 cores but "NUMEXPR_MAX_THREADS" not set, so enforcing safe limit of 8.
[2024-10-13T20:29:20.091-0400] {logging_mixin.py:190} INFO - [2024-10-13T20:29:20.091-0400] {utils.py:160} INFO - NumExpr defaulting to 8 threads.
[2024-10-13T20:29:20.541-0400] {logging_mixin.py:190} INFO - [2024-10-13T20:29:20.541-0400] {dag.py:3239} INFO - Sync 2 DAGs
[2024-10-13T20:29:20.560-0400] {logging_mixin.py:190} INFO - [2024-10-13T20:29:20.560-0400] {dag.py:4180} INFO - Setting next_dagrun for example_external_task_marker_child to None, run_after=None
[2024-10-13T20:29:20.564-0400] {logging_mixin.py:190} INFO - [2024-10-13T20:29:20.564-0400] {dag.py:4180} INFO - Setting next_dagrun for example_external_task_marker_parent to None, run_after=None
[2024-10-13T20:29:20.588-0400] {processor.py:208} INFO - Processing /Users/karenwang/anaconda3/envs/airflow_sqlite_env/lib/python3.9/site-packages/airflow/example_dags/example_external_task_marker_dag.py took 4.887 seconds
[2024-10-13T20:33:35.853-0400] {processor.py:186} INFO - Started process (PID=35809) to work on /Users/karenwang/anaconda3/envs/airflow_sqlite_env/lib/python3.9/site-packages/airflow/example_dags/example_external_task_marker_dag.py
[2024-10-13T20:33:35.854-0400] {processor.py:914} INFO - Processing file /Users/karenwang/anaconda3/envs/airflow_sqlite_env/lib/python3.9/site-packages/airflow/example_dags/example_external_task_marker_dag.py for tasks to queue
[2024-10-13T20:33:35.855-0400] {logging_mixin.py:190} INFO - [2024-10-13T20:33:35.855-0400] {dagbag.py:588} INFO - Filling up the DagBag from /Users/karenwang/anaconda3/envs/airflow_sqlite_env/lib/python3.9/site-packages/airflow/example_dags/example_external_task_marker_dag.py
[2024-10-13T20:33:35.873-0400] {processor.py:925} INFO - DAG(s) 'example_external_task_marker_child', 'example_external_task_marker_parent' retrieved from /Users/karenwang/anaconda3/envs/airflow_sqlite_env/lib/python3.9/site-packages/airflow/example_dags/example_external_task_marker_dag.py
[2024-10-13T20:33:39.532-0400] {logging_mixin.py:190} INFO - [2024-10-13T20:33:39.532-0400] {utils.py:148} INFO - Note: NumExpr detected 16 cores but "NUMEXPR_MAX_THREADS" not set, so enforcing safe limit of 8.
[2024-10-13T20:33:39.533-0400] {logging_mixin.py:190} INFO - [2024-10-13T20:33:39.533-0400] {utils.py:160} INFO - NumExpr defaulting to 8 threads.
[2024-10-13T20:33:39.897-0400] {logging_mixin.py:190} INFO - [2024-10-13T20:33:39.896-0400] {dag.py:3239} INFO - Sync 2 DAGs
[2024-10-13T20:33:39.909-0400] {logging_mixin.py:190} INFO - [2024-10-13T20:33:39.909-0400] {dag.py:4180} INFO - Setting next_dagrun for example_external_task_marker_child to None, run_after=None
[2024-10-13T20:33:39.912-0400] {logging_mixin.py:190} INFO - [2024-10-13T20:33:39.912-0400] {dag.py:4180} INFO - Setting next_dagrun for example_external_task_marker_parent to None, run_after=None
[2024-10-13T20:33:39.933-0400] {processor.py:208} INFO - Processing /Users/karenwang/anaconda3/envs/airflow_sqlite_env/lib/python3.9/site-packages/airflow/example_dags/example_external_task_marker_dag.py took 4.087 seconds
[2024-10-13T20:40:56.846-0400] {processor.py:186} INFO - Started process (PID=38107) to work on /Users/karenwang/anaconda3/envs/airflow_sqlite_env/lib/python3.9/site-packages/airflow/example_dags/example_external_task_marker_dag.py
[2024-10-13T20:40:56.848-0400] {processor.py:914} INFO - Processing file /Users/karenwang/anaconda3/envs/airflow_sqlite_env/lib/python3.9/site-packages/airflow/example_dags/example_external_task_marker_dag.py for tasks to queue
[2024-10-13T20:40:56.849-0400] {logging_mixin.py:190} INFO - [2024-10-13T20:40:56.849-0400] {dagbag.py:588} INFO - Filling up the DagBag from /Users/karenwang/anaconda3/envs/airflow_sqlite_env/lib/python3.9/site-packages/airflow/example_dags/example_external_task_marker_dag.py
[2024-10-13T20:40:56.869-0400] {processor.py:925} INFO - DAG(s) 'example_external_task_marker_parent', 'example_external_task_marker_child' retrieved from /Users/karenwang/anaconda3/envs/airflow_sqlite_env/lib/python3.9/site-packages/airflow/example_dags/example_external_task_marker_dag.py
[2024-10-13T20:41:00.456-0400] {logging_mixin.py:190} INFO - [2024-10-13T20:41:00.456-0400] {utils.py:148} INFO - Note: NumExpr detected 16 cores but "NUMEXPR_MAX_THREADS" not set, so enforcing safe limit of 8.
[2024-10-13T20:41:00.457-0400] {logging_mixin.py:190} INFO - [2024-10-13T20:41:00.457-0400] {utils.py:160} INFO - NumExpr defaulting to 8 threads.
[2024-10-13T20:41:00.807-0400] {logging_mixin.py:190} INFO - [2024-10-13T20:41:00.806-0400] {dag.py:3239} INFO - Sync 2 DAGs
[2024-10-13T20:41:00.825-0400] {logging_mixin.py:190} INFO - [2024-10-13T20:41:00.825-0400] {dag.py:4180} INFO - Setting next_dagrun for example_external_task_marker_child to None, run_after=None
[2024-10-13T20:41:00.829-0400] {logging_mixin.py:190} INFO - [2024-10-13T20:41:00.829-0400] {dag.py:4180} INFO - Setting next_dagrun for example_external_task_marker_parent to None, run_after=None
[2024-10-13T20:41:00.852-0400] {processor.py:208} INFO - Processing /Users/karenwang/anaconda3/envs/airflow_sqlite_env/lib/python3.9/site-packages/airflow/example_dags/example_external_task_marker_dag.py took 4.011 seconds
[2024-10-13T20:48:16.442-0400] {processor.py:186} INFO - Started process (PID=40385) to work on /Users/karenwang/anaconda3/envs/airflow_sqlite_env/lib/python3.9/site-packages/airflow/example_dags/example_external_task_marker_dag.py
[2024-10-13T20:48:16.443-0400] {processor.py:914} INFO - Processing file /Users/karenwang/anaconda3/envs/airflow_sqlite_env/lib/python3.9/site-packages/airflow/example_dags/example_external_task_marker_dag.py for tasks to queue
[2024-10-13T20:48:16.445-0400] {logging_mixin.py:190} INFO - [2024-10-13T20:48:16.445-0400] {dagbag.py:588} INFO - Filling up the DagBag from /Users/karenwang/anaconda3/envs/airflow_sqlite_env/lib/python3.9/site-packages/airflow/example_dags/example_external_task_marker_dag.py
[2024-10-13T20:48:16.460-0400] {processor.py:925} INFO - DAG(s) 'example_external_task_marker_parent', 'example_external_task_marker_child' retrieved from /Users/karenwang/anaconda3/envs/airflow_sqlite_env/lib/python3.9/site-packages/airflow/example_dags/example_external_task_marker_dag.py
[2024-10-13T20:48:20.078-0400] {logging_mixin.py:190} INFO - [2024-10-13T20:48:20.078-0400] {utils.py:148} INFO - Note: NumExpr detected 16 cores but "NUMEXPR_MAX_THREADS" not set, so enforcing safe limit of 8.
[2024-10-13T20:48:20.078-0400] {logging_mixin.py:190} INFO - [2024-10-13T20:48:20.078-0400] {utils.py:160} INFO - NumExpr defaulting to 8 threads.
[2024-10-13T20:48:20.418-0400] {logging_mixin.py:190} INFO - [2024-10-13T20:48:20.418-0400] {dag.py:3239} INFO - Sync 2 DAGs
[2024-10-13T20:48:20.435-0400] {logging_mixin.py:190} INFO - [2024-10-13T20:48:20.435-0400] {dag.py:4180} INFO - Setting next_dagrun for example_external_task_marker_child to None, run_after=None
[2024-10-13T20:48:20.439-0400] {logging_mixin.py:190} INFO - [2024-10-13T20:48:20.439-0400] {dag.py:4180} INFO - Setting next_dagrun for example_external_task_marker_parent to None, run_after=None
[2024-10-13T20:48:20.460-0400] {processor.py:208} INFO - Processing /Users/karenwang/anaconda3/envs/airflow_sqlite_env/lib/python3.9/site-packages/airflow/example_dags/example_external_task_marker_dag.py took 4.023 seconds
[2024-10-13T20:55:34.428-0400] {processor.py:186} INFO - Started process (PID=42663) to work on /Users/karenwang/anaconda3/envs/airflow_sqlite_env/lib/python3.9/site-packages/airflow/example_dags/example_external_task_marker_dag.py
[2024-10-13T20:55:34.429-0400] {processor.py:914} INFO - Processing file /Users/karenwang/anaconda3/envs/airflow_sqlite_env/lib/python3.9/site-packages/airflow/example_dags/example_external_task_marker_dag.py for tasks to queue
[2024-10-13T20:55:34.431-0400] {logging_mixin.py:190} INFO - [2024-10-13T20:55:34.431-0400] {dagbag.py:588} INFO - Filling up the DagBag from /Users/karenwang/anaconda3/envs/airflow_sqlite_env/lib/python3.9/site-packages/airflow/example_dags/example_external_task_marker_dag.py
[2024-10-13T20:55:34.445-0400] {processor.py:925} INFO - DAG(s) 'example_external_task_marker_child', 'example_external_task_marker_parent' retrieved from /Users/karenwang/anaconda3/envs/airflow_sqlite_env/lib/python3.9/site-packages/airflow/example_dags/example_external_task_marker_dag.py
[2024-10-13T20:55:38.148-0400] {logging_mixin.py:190} INFO - [2024-10-13T20:55:38.148-0400] {utils.py:148} INFO - Note: NumExpr detected 16 cores but "NUMEXPR_MAX_THREADS" not set, so enforcing safe limit of 8.
[2024-10-13T20:55:38.148-0400] {logging_mixin.py:190} INFO - [2024-10-13T20:55:38.148-0400] {utils.py:160} INFO - NumExpr defaulting to 8 threads.
[2024-10-13T20:55:38.535-0400] {logging_mixin.py:190} INFO - [2024-10-13T20:55:38.535-0400] {dag.py:3239} INFO - Sync 2 DAGs
[2024-10-13T20:55:38.551-0400] {logging_mixin.py:190} INFO - [2024-10-13T20:55:38.551-0400] {dag.py:4180} INFO - Setting next_dagrun for example_external_task_marker_child to None, run_after=None
[2024-10-13T20:55:38.554-0400] {logging_mixin.py:190} INFO - [2024-10-13T20:55:38.554-0400] {dag.py:4180} INFO - Setting next_dagrun for example_external_task_marker_parent to None, run_after=None
[2024-10-13T20:55:38.574-0400] {processor.py:208} INFO - Processing /Users/karenwang/anaconda3/envs/airflow_sqlite_env/lib/python3.9/site-packages/airflow/example_dags/example_external_task_marker_dag.py took 4.153 seconds
[2024-10-13T21:02:55.612-0400] {processor.py:186} INFO - Started process (PID=44939) to work on /Users/karenwang/anaconda3/envs/airflow_sqlite_env/lib/python3.9/site-packages/airflow/example_dags/example_external_task_marker_dag.py
[2024-10-13T21:02:55.614-0400] {processor.py:914} INFO - Processing file /Users/karenwang/anaconda3/envs/airflow_sqlite_env/lib/python3.9/site-packages/airflow/example_dags/example_external_task_marker_dag.py for tasks to queue
[2024-10-13T21:02:55.615-0400] {logging_mixin.py:190} INFO - [2024-10-13T21:02:55.615-0400] {dagbag.py:588} INFO - Filling up the DagBag from /Users/karenwang/anaconda3/envs/airflow_sqlite_env/lib/python3.9/site-packages/airflow/example_dags/example_external_task_marker_dag.py
[2024-10-13T21:02:55.630-0400] {processor.py:925} INFO - DAG(s) 'example_external_task_marker_child', 'example_external_task_marker_parent' retrieved from /Users/karenwang/anaconda3/envs/airflow_sqlite_env/lib/python3.9/site-packages/airflow/example_dags/example_external_task_marker_dag.py
[2024-10-13T21:02:59.368-0400] {logging_mixin.py:190} INFO - [2024-10-13T21:02:59.367-0400] {utils.py:148} INFO - Note: NumExpr detected 16 cores but "NUMEXPR_MAX_THREADS" not set, so enforcing safe limit of 8.
[2024-10-13T21:02:59.368-0400] {logging_mixin.py:190} INFO - [2024-10-13T21:02:59.368-0400] {utils.py:160} INFO - NumExpr defaulting to 8 threads.
[2024-10-13T21:02:59.757-0400] {logging_mixin.py:190} INFO - [2024-10-13T21:02:59.757-0400] {dag.py:3239} INFO - Sync 2 DAGs
[2024-10-13T21:02:59.770-0400] {logging_mixin.py:190} INFO - [2024-10-13T21:02:59.769-0400] {dag.py:4180} INFO - Setting next_dagrun for example_external_task_marker_child to None, run_after=None
[2024-10-13T21:02:59.773-0400] {logging_mixin.py:190} INFO - [2024-10-13T21:02:59.773-0400] {dag.py:4180} INFO - Setting next_dagrun for example_external_task_marker_parent to None, run_after=None
[2024-10-13T21:02:59.796-0400] {processor.py:208} INFO - Processing /Users/karenwang/anaconda3/envs/airflow_sqlite_env/lib/python3.9/site-packages/airflow/example_dags/example_external_task_marker_dag.py took 4.189 seconds
[2024-10-13T21:12:06.770-0400] {processor.py:186} INFO - Started process (PID=47877) to work on /Users/karenwang/anaconda3/envs/airflow_sqlite_env/lib/python3.9/site-packages/airflow/example_dags/example_external_task_marker_dag.py
[2024-10-13T21:12:06.772-0400] {processor.py:914} INFO - Processing file /Users/karenwang/anaconda3/envs/airflow_sqlite_env/lib/python3.9/site-packages/airflow/example_dags/example_external_task_marker_dag.py for tasks to queue
[2024-10-13T21:12:06.773-0400] {logging_mixin.py:190} INFO - [2024-10-13T21:12:06.773-0400] {dagbag.py:588} INFO - Filling up the DagBag from /Users/karenwang/anaconda3/envs/airflow_sqlite_env/lib/python3.9/site-packages/airflow/example_dags/example_external_task_marker_dag.py
[2024-10-13T21:12:06.793-0400] {processor.py:925} INFO - DAG(s) 'example_external_task_marker_child', 'example_external_task_marker_parent' retrieved from /Users/karenwang/anaconda3/envs/airflow_sqlite_env/lib/python3.9/site-packages/airflow/example_dags/example_external_task_marker_dag.py
[2024-10-13T21:12:10.916-0400] {logging_mixin.py:190} INFO - [2024-10-13T21:12:10.916-0400] {utils.py:148} INFO - Note: NumExpr detected 16 cores but "NUMEXPR_MAX_THREADS" not set, so enforcing safe limit of 8.
[2024-10-13T21:12:10.917-0400] {logging_mixin.py:190} INFO - [2024-10-13T21:12:10.916-0400] {utils.py:160} INFO - NumExpr defaulting to 8 threads.
[2024-10-13T21:12:11.320-0400] {logging_mixin.py:190} INFO - [2024-10-13T21:12:11.319-0400] {dag.py:3239} INFO - Sync 2 DAGs
[2024-10-13T21:12:11.338-0400] {logging_mixin.py:190} INFO - [2024-10-13T21:12:11.337-0400] {dag.py:4180} INFO - Setting next_dagrun for example_external_task_marker_child to None, run_after=None
[2024-10-13T21:12:11.342-0400] {logging_mixin.py:190} INFO - [2024-10-13T21:12:11.342-0400] {dag.py:4180} INFO - Setting next_dagrun for example_external_task_marker_parent to None, run_after=None
[2024-10-13T21:12:11.367-0400] {processor.py:208} INFO - Processing /Users/karenwang/anaconda3/envs/airflow_sqlite_env/lib/python3.9/site-packages/airflow/example_dags/example_external_task_marker_dag.py took 4.603 seconds
[2024-10-13T21:16:42.311-0400] {processor.py:186} INFO - Started process (PID=49530) to work on /Users/karenwang/anaconda3/envs/airflow_sqlite_env/lib/python3.9/site-packages/airflow/example_dags/example_external_task_marker_dag.py
[2024-10-13T21:16:42.312-0400] {processor.py:914} INFO - Processing file /Users/karenwang/anaconda3/envs/airflow_sqlite_env/lib/python3.9/site-packages/airflow/example_dags/example_external_task_marker_dag.py for tasks to queue
[2024-10-13T21:16:42.314-0400] {logging_mixin.py:190} INFO - [2024-10-13T21:16:42.313-0400] {dagbag.py:588} INFO - Filling up the DagBag from /Users/karenwang/anaconda3/envs/airflow_sqlite_env/lib/python3.9/site-packages/airflow/example_dags/example_external_task_marker_dag.py
[2024-10-13T21:16:42.328-0400] {processor.py:925} INFO - DAG(s) 'example_external_task_marker_parent', 'example_external_task_marker_child' retrieved from /Users/karenwang/anaconda3/envs/airflow_sqlite_env/lib/python3.9/site-packages/airflow/example_dags/example_external_task_marker_dag.py
[2024-10-13T21:16:46.208-0400] {logging_mixin.py:190} INFO - [2024-10-13T21:16:46.207-0400] {utils.py:148} INFO - Note: NumExpr detected 16 cores but "NUMEXPR_MAX_THREADS" not set, so enforcing safe limit of 8.
[2024-10-13T21:16:46.208-0400] {logging_mixin.py:190} INFO - [2024-10-13T21:16:46.208-0400] {utils.py:160} INFO - NumExpr defaulting to 8 threads.
[2024-10-13T21:16:46.599-0400] {logging_mixin.py:190} INFO - [2024-10-13T21:16:46.599-0400] {dag.py:3239} INFO - Sync 2 DAGs
[2024-10-13T21:16:46.613-0400] {logging_mixin.py:190} INFO - [2024-10-13T21:16:46.613-0400] {dag.py:4180} INFO - Setting next_dagrun for example_external_task_marker_child to None, run_after=None
[2024-10-13T21:16:46.618-0400] {logging_mixin.py:190} INFO - [2024-10-13T21:16:46.617-0400] {dag.py:4180} INFO - Setting next_dagrun for example_external_task_marker_parent to None, run_after=None
[2024-10-13T21:16:46.639-0400] {processor.py:208} INFO - Processing /Users/karenwang/anaconda3/envs/airflow_sqlite_env/lib/python3.9/site-packages/airflow/example_dags/example_external_task_marker_dag.py took 4.334 seconds
[2024-10-13T21:24:06.681-0400] {processor.py:186} INFO - Started process (PID=51817) to work on /Users/karenwang/anaconda3/envs/airflow_sqlite_env/lib/python3.9/site-packages/airflow/example_dags/example_external_task_marker_dag.py
[2024-10-13T21:24:06.683-0400] {processor.py:914} INFO - Processing file /Users/karenwang/anaconda3/envs/airflow_sqlite_env/lib/python3.9/site-packages/airflow/example_dags/example_external_task_marker_dag.py for tasks to queue
[2024-10-13T21:24:06.685-0400] {logging_mixin.py:190} INFO - [2024-10-13T21:24:06.685-0400] {dagbag.py:588} INFO - Filling up the DagBag from /Users/karenwang/anaconda3/envs/airflow_sqlite_env/lib/python3.9/site-packages/airflow/example_dags/example_external_task_marker_dag.py
[2024-10-13T21:24:06.705-0400] {processor.py:925} INFO - DAG(s) 'example_external_task_marker_child', 'example_external_task_marker_parent' retrieved from /Users/karenwang/anaconda3/envs/airflow_sqlite_env/lib/python3.9/site-packages/airflow/example_dags/example_external_task_marker_dag.py
[2024-10-13T21:24:10.485-0400] {logging_mixin.py:190} INFO - [2024-10-13T21:24:10.485-0400] {utils.py:148} INFO - Note: NumExpr detected 16 cores but "NUMEXPR_MAX_THREADS" not set, so enforcing safe limit of 8.
[2024-10-13T21:24:10.486-0400] {logging_mixin.py:190} INFO - [2024-10-13T21:24:10.486-0400] {utils.py:160} INFO - NumExpr defaulting to 8 threads.
[2024-10-13T21:24:10.867-0400] {logging_mixin.py:190} INFO - [2024-10-13T21:24:10.867-0400] {dag.py:3239} INFO - Sync 2 DAGs
[2024-10-13T21:24:10.885-0400] {logging_mixin.py:190} INFO - [2024-10-13T21:24:10.884-0400] {dag.py:4180} INFO - Setting next_dagrun for example_external_task_marker_child to None, run_after=None
[2024-10-13T21:24:10.889-0400] {logging_mixin.py:190} INFO - [2024-10-13T21:24:10.889-0400] {dag.py:4180} INFO - Setting next_dagrun for example_external_task_marker_parent to None, run_after=None
[2024-10-13T21:24:10.914-0400] {processor.py:208} INFO - Processing /Users/karenwang/anaconda3/envs/airflow_sqlite_env/lib/python3.9/site-packages/airflow/example_dags/example_external_task_marker_dag.py took 4.238 seconds
[2024-10-13T21:31:47.001-0400] {processor.py:186} INFO - Started process (PID=54231) to work on /Users/karenwang/anaconda3/envs/airflow_sqlite_env/lib/python3.9/site-packages/airflow/example_dags/example_external_task_marker_dag.py
[2024-10-13T21:31:47.003-0400] {processor.py:914} INFO - Processing file /Users/karenwang/anaconda3/envs/airflow_sqlite_env/lib/python3.9/site-packages/airflow/example_dags/example_external_task_marker_dag.py for tasks to queue
[2024-10-13T21:31:47.004-0400] {logging_mixin.py:190} INFO - [2024-10-13T21:31:47.004-0400] {dagbag.py:588} INFO - Filling up the DagBag from /Users/karenwang/anaconda3/envs/airflow_sqlite_env/lib/python3.9/site-packages/airflow/example_dags/example_external_task_marker_dag.py
[2024-10-13T21:31:47.025-0400] {processor.py:925} INFO - DAG(s) 'example_external_task_marker_child', 'example_external_task_marker_parent' retrieved from /Users/karenwang/anaconda3/envs/airflow_sqlite_env/lib/python3.9/site-packages/airflow/example_dags/example_external_task_marker_dag.py
[2024-10-13T21:31:51.070-0400] {logging_mixin.py:190} INFO - [2024-10-13T21:31:51.069-0400] {utils.py:148} INFO - Note: NumExpr detected 16 cores but "NUMEXPR_MAX_THREADS" not set, so enforcing safe limit of 8.
[2024-10-13T21:31:51.070-0400] {logging_mixin.py:190} INFO - [2024-10-13T21:31:51.070-0400] {utils.py:160} INFO - NumExpr defaulting to 8 threads.
[2024-10-13T21:31:51.480-0400] {logging_mixin.py:190} INFO - [2024-10-13T21:31:51.480-0400] {dag.py:3239} INFO - Sync 2 DAGs
[2024-10-13T21:31:51.496-0400] {logging_mixin.py:190} INFO - [2024-10-13T21:31:51.496-0400] {dag.py:4180} INFO - Setting next_dagrun for example_external_task_marker_child to None, run_after=None
[2024-10-13T21:31:51.499-0400] {logging_mixin.py:190} INFO - [2024-10-13T21:31:51.499-0400] {dag.py:4180} INFO - Setting next_dagrun for example_external_task_marker_parent to None, run_after=None
[2024-10-13T21:31:51.522-0400] {processor.py:208} INFO - Processing /Users/karenwang/anaconda3/envs/airflow_sqlite_env/lib/python3.9/site-packages/airflow/example_dags/example_external_task_marker_dag.py took 4.531 seconds
[2024-10-13T21:39:33.020-0400] {processor.py:186} INFO - Started process (PID=56668) to work on /Users/karenwang/anaconda3/envs/airflow_sqlite_env/lib/python3.9/site-packages/airflow/example_dags/example_external_task_marker_dag.py
[2024-10-13T21:39:33.021-0400] {processor.py:914} INFO - Processing file /Users/karenwang/anaconda3/envs/airflow_sqlite_env/lib/python3.9/site-packages/airflow/example_dags/example_external_task_marker_dag.py for tasks to queue
[2024-10-13T21:39:33.022-0400] {logging_mixin.py:190} INFO - [2024-10-13T21:39:33.022-0400] {dagbag.py:588} INFO - Filling up the DagBag from /Users/karenwang/anaconda3/envs/airflow_sqlite_env/lib/python3.9/site-packages/airflow/example_dags/example_external_task_marker_dag.py
[2024-10-13T21:39:33.040-0400] {processor.py:925} INFO - DAG(s) 'example_external_task_marker_child', 'example_external_task_marker_parent' retrieved from /Users/karenwang/anaconda3/envs/airflow_sqlite_env/lib/python3.9/site-packages/airflow/example_dags/example_external_task_marker_dag.py
[2024-10-13T21:39:36.763-0400] {logging_mixin.py:190} INFO - [2024-10-13T21:39:36.762-0400] {utils.py:148} INFO - Note: NumExpr detected 16 cores but "NUMEXPR_MAX_THREADS" not set, so enforcing safe limit of 8.
[2024-10-13T21:39:36.763-0400] {logging_mixin.py:190} INFO - [2024-10-13T21:39:36.763-0400] {utils.py:160} INFO - NumExpr defaulting to 8 threads.
[2024-10-13T21:39:37.094-0400] {logging_mixin.py:190} INFO - [2024-10-13T21:39:37.093-0400] {dag.py:3239} INFO - Sync 2 DAGs
[2024-10-13T21:39:37.106-0400] {logging_mixin.py:190} INFO - [2024-10-13T21:39:37.106-0400] {dag.py:4180} INFO - Setting next_dagrun for example_external_task_marker_child to None, run_after=None
[2024-10-13T21:39:37.109-0400] {logging_mixin.py:190} INFO - [2024-10-13T21:39:37.109-0400] {dag.py:4180} INFO - Setting next_dagrun for example_external_task_marker_parent to None, run_after=None
[2024-10-13T21:39:37.132-0400] {processor.py:208} INFO - Processing /Users/karenwang/anaconda3/envs/airflow_sqlite_env/lib/python3.9/site-packages/airflow/example_dags/example_external_task_marker_dag.py took 4.118 seconds
[2024-10-13T21:47:23.464-0400] {processor.py:186} INFO - Started process (PID=59072) to work on /Users/karenwang/anaconda3/envs/airflow_sqlite_env/lib/python3.9/site-packages/airflow/example_dags/example_external_task_marker_dag.py
[2024-10-13T21:47:23.466-0400] {processor.py:914} INFO - Processing file /Users/karenwang/anaconda3/envs/airflow_sqlite_env/lib/python3.9/site-packages/airflow/example_dags/example_external_task_marker_dag.py for tasks to queue
[2024-10-13T21:47:23.467-0400] {logging_mixin.py:190} INFO - [2024-10-13T21:47:23.467-0400] {dagbag.py:588} INFO - Filling up the DagBag from /Users/karenwang/anaconda3/envs/airflow_sqlite_env/lib/python3.9/site-packages/airflow/example_dags/example_external_task_marker_dag.py
[2024-10-13T21:47:23.485-0400] {processor.py:925} INFO - DAG(s) 'example_external_task_marker_parent', 'example_external_task_marker_child' retrieved from /Users/karenwang/anaconda3/envs/airflow_sqlite_env/lib/python3.9/site-packages/airflow/example_dags/example_external_task_marker_dag.py
[2024-10-13T21:47:27.425-0400] {logging_mixin.py:190} INFO - [2024-10-13T21:47:27.425-0400] {utils.py:148} INFO - Note: NumExpr detected 16 cores but "NUMEXPR_MAX_THREADS" not set, so enforcing safe limit of 8.
[2024-10-13T21:47:27.426-0400] {logging_mixin.py:190} INFO - [2024-10-13T21:47:27.426-0400] {utils.py:160} INFO - NumExpr defaulting to 8 threads.
[2024-10-13T21:47:27.809-0400] {logging_mixin.py:190} INFO - [2024-10-13T21:47:27.808-0400] {dag.py:3239} INFO - Sync 2 DAGs
[2024-10-13T21:47:27.823-0400] {logging_mixin.py:190} INFO - [2024-10-13T21:47:27.823-0400] {dag.py:4180} INFO - Setting next_dagrun for example_external_task_marker_child to None, run_after=None
[2024-10-13T21:47:27.827-0400] {logging_mixin.py:190} INFO - [2024-10-13T21:47:27.827-0400] {dag.py:4180} INFO - Setting next_dagrun for example_external_task_marker_parent to None, run_after=None
[2024-10-13T21:47:27.850-0400] {processor.py:208} INFO - Processing /Users/karenwang/anaconda3/envs/airflow_sqlite_env/lib/python3.9/site-packages/airflow/example_dags/example_external_task_marker_dag.py took 4.394 seconds
[2024-10-13T21:51:22.547-0400] {processor.py:186} INFO - Started process (PID=60328) to work on /Users/karenwang/anaconda3/envs/airflow_sqlite_env/lib/python3.9/site-packages/airflow/example_dags/example_external_task_marker_dag.py
[2024-10-13T21:51:22.548-0400] {processor.py:914} INFO - Processing file /Users/karenwang/anaconda3/envs/airflow_sqlite_env/lib/python3.9/site-packages/airflow/example_dags/example_external_task_marker_dag.py for tasks to queue
[2024-10-13T21:51:22.549-0400] {logging_mixin.py:190} INFO - [2024-10-13T21:51:22.549-0400] {dagbag.py:588} INFO - Filling up the DagBag from /Users/karenwang/anaconda3/envs/airflow_sqlite_env/lib/python3.9/site-packages/airflow/example_dags/example_external_task_marker_dag.py
[2024-10-13T21:51:22.567-0400] {processor.py:925} INFO - DAG(s) 'example_external_task_marker_parent', 'example_external_task_marker_child' retrieved from /Users/karenwang/anaconda3/envs/airflow_sqlite_env/lib/python3.9/site-packages/airflow/example_dags/example_external_task_marker_dag.py
[2024-10-13T21:51:26.614-0400] {logging_mixin.py:190} INFO - [2024-10-13T21:51:26.614-0400] {utils.py:148} INFO - Note: NumExpr detected 16 cores but "NUMEXPR_MAX_THREADS" not set, so enforcing safe limit of 8.
[2024-10-13T21:51:26.614-0400] {logging_mixin.py:190} INFO - [2024-10-13T21:51:26.614-0400] {utils.py:160} INFO - NumExpr defaulting to 8 threads.
[2024-10-13T21:51:27.009-0400] {logging_mixin.py:190} INFO - [2024-10-13T21:51:27.008-0400] {dag.py:3239} INFO - Sync 2 DAGs
[2024-10-13T21:51:27.022-0400] {logging_mixin.py:190} INFO - [2024-10-13T21:51:27.022-0400] {dag.py:4180} INFO - Setting next_dagrun for example_external_task_marker_child to None, run_after=None
[2024-10-13T21:51:27.026-0400] {logging_mixin.py:190} INFO - [2024-10-13T21:51:27.026-0400] {dag.py:4180} INFO - Setting next_dagrun for example_external_task_marker_parent to None, run_after=None
[2024-10-13T21:51:27.048-0400] {processor.py:208} INFO - Processing /Users/karenwang/anaconda3/envs/airflow_sqlite_env/lib/python3.9/site-packages/airflow/example_dags/example_external_task_marker_dag.py took 4.507 seconds
[2024-10-13T21:55:26.569-0400] {processor.py:186} INFO - Started process (PID=61591) to work on /Users/karenwang/anaconda3/envs/airflow_sqlite_env/lib/python3.9/site-packages/airflow/example_dags/example_external_task_marker_dag.py
[2024-10-13T21:55:26.571-0400] {processor.py:914} INFO - Processing file /Users/karenwang/anaconda3/envs/airflow_sqlite_env/lib/python3.9/site-packages/airflow/example_dags/example_external_task_marker_dag.py for tasks to queue
[2024-10-13T21:55:26.572-0400] {logging_mixin.py:190} INFO - [2024-10-13T21:55:26.572-0400] {dagbag.py:588} INFO - Filling up the DagBag from /Users/karenwang/anaconda3/envs/airflow_sqlite_env/lib/python3.9/site-packages/airflow/example_dags/example_external_task_marker_dag.py
[2024-10-13T21:55:26.590-0400] {processor.py:925} INFO - DAG(s) 'example_external_task_marker_parent', 'example_external_task_marker_child' retrieved from /Users/karenwang/anaconda3/envs/airflow_sqlite_env/lib/python3.9/site-packages/airflow/example_dags/example_external_task_marker_dag.py
[2024-10-13T21:55:30.609-0400] {logging_mixin.py:190} INFO - [2024-10-13T21:55:30.609-0400] {utils.py:148} INFO - Note: NumExpr detected 16 cores but "NUMEXPR_MAX_THREADS" not set, so enforcing safe limit of 8.
[2024-10-13T21:55:30.609-0400] {logging_mixin.py:190} INFO - [2024-10-13T21:55:30.609-0400] {utils.py:160} INFO - NumExpr defaulting to 8 threads.
[2024-10-13T21:55:30.992-0400] {logging_mixin.py:190} INFO - [2024-10-13T21:55:30.991-0400] {dag.py:3239} INFO - Sync 2 DAGs
[2024-10-13T21:55:31.010-0400] {logging_mixin.py:190} INFO - [2024-10-13T21:55:31.010-0400] {dag.py:4180} INFO - Setting next_dagrun for example_external_task_marker_child to None, run_after=None
[2024-10-13T21:55:31.014-0400] {logging_mixin.py:190} INFO - [2024-10-13T21:55:31.014-0400] {dag.py:4180} INFO - Setting next_dagrun for example_external_task_marker_parent to None, run_after=None
[2024-10-13T21:55:31.034-0400] {processor.py:208} INFO - Processing /Users/karenwang/anaconda3/envs/airflow_sqlite_env/lib/python3.9/site-packages/airflow/example_dags/example_external_task_marker_dag.py took 4.471 seconds
[2024-10-13T22:03:11.806-0400] {processor.py:186} INFO - Started process (PID=63983) to work on /Users/karenwang/anaconda3/envs/airflow_sqlite_env/lib/python3.9/site-packages/airflow/example_dags/example_external_task_marker_dag.py
[2024-10-13T22:03:11.808-0400] {processor.py:914} INFO - Processing file /Users/karenwang/anaconda3/envs/airflow_sqlite_env/lib/python3.9/site-packages/airflow/example_dags/example_external_task_marker_dag.py for tasks to queue
[2024-10-13T22:03:11.809-0400] {logging_mixin.py:190} INFO - [2024-10-13T22:03:11.809-0400] {dagbag.py:588} INFO - Filling up the DagBag from /Users/karenwang/anaconda3/envs/airflow_sqlite_env/lib/python3.9/site-packages/airflow/example_dags/example_external_task_marker_dag.py
[2024-10-13T22:03:11.833-0400] {processor.py:925} INFO - DAG(s) 'example_external_task_marker_parent', 'example_external_task_marker_child' retrieved from /Users/karenwang/anaconda3/envs/airflow_sqlite_env/lib/python3.9/site-packages/airflow/example_dags/example_external_task_marker_dag.py
[2024-10-13T22:03:16.625-0400] {logging_mixin.py:190} INFO - [2024-10-13T22:03:16.625-0400] {utils.py:148} INFO - Note: NumExpr detected 16 cores but "NUMEXPR_MAX_THREADS" not set, so enforcing safe limit of 8.
[2024-10-13T22:03:16.626-0400] {logging_mixin.py:190} INFO - [2024-10-13T22:03:16.626-0400] {utils.py:160} INFO - NumExpr defaulting to 8 threads.
[2024-10-13T22:03:17.102-0400] {logging_mixin.py:190} INFO - [2024-10-13T22:03:17.102-0400] {dag.py:3239} INFO - Sync 2 DAGs
[2024-10-13T22:03:17.118-0400] {logging_mixin.py:190} INFO - [2024-10-13T22:03:17.118-0400] {dag.py:4180} INFO - Setting next_dagrun for example_external_task_marker_child to None, run_after=None
[2024-10-13T22:03:17.125-0400] {logging_mixin.py:190} INFO - [2024-10-13T22:03:17.125-0400] {dag.py:4180} INFO - Setting next_dagrun for example_external_task_marker_parent to None, run_after=None
[2024-10-13T22:03:17.149-0400] {processor.py:208} INFO - Processing /Users/karenwang/anaconda3/envs/airflow_sqlite_env/lib/python3.9/site-packages/airflow/example_dags/example_external_task_marker_dag.py took 5.350 seconds
[2024-10-13T22:07:03.788-0400] {processor.py:186} INFO - Started process (PID=65172) to work on /Users/karenwang/anaconda3/envs/airflow_sqlite_env/lib/python3.9/site-packages/airflow/example_dags/example_external_task_marker_dag.py
[2024-10-13T22:07:03.789-0400] {processor.py:914} INFO - Processing file /Users/karenwang/anaconda3/envs/airflow_sqlite_env/lib/python3.9/site-packages/airflow/example_dags/example_external_task_marker_dag.py for tasks to queue
[2024-10-13T22:07:03.791-0400] {logging_mixin.py:190} INFO - [2024-10-13T22:07:03.790-0400] {dagbag.py:588} INFO - Filling up the DagBag from /Users/karenwang/anaconda3/envs/airflow_sqlite_env/lib/python3.9/site-packages/airflow/example_dags/example_external_task_marker_dag.py
[2024-10-13T22:07:03.807-0400] {processor.py:925} INFO - DAG(s) 'example_external_task_marker_parent', 'example_external_task_marker_child' retrieved from /Users/karenwang/anaconda3/envs/airflow_sqlite_env/lib/python3.9/site-packages/airflow/example_dags/example_external_task_marker_dag.py
[2024-10-13T22:07:07.707-0400] {logging_mixin.py:190} INFO - [2024-10-13T22:07:07.706-0400] {utils.py:148} INFO - Note: NumExpr detected 16 cores but "NUMEXPR_MAX_THREADS" not set, so enforcing safe limit of 8.
[2024-10-13T22:07:07.707-0400] {logging_mixin.py:190} INFO - [2024-10-13T22:07:07.707-0400] {utils.py:160} INFO - NumExpr defaulting to 8 threads.
[2024-10-13T22:07:08.105-0400] {logging_mixin.py:190} INFO - [2024-10-13T22:07:08.105-0400] {dag.py:3239} INFO - Sync 2 DAGs
[2024-10-13T22:07:08.119-0400] {logging_mixin.py:190} INFO - [2024-10-13T22:07:08.119-0400] {dag.py:4180} INFO - Setting next_dagrun for example_external_task_marker_child to None, run_after=None
[2024-10-13T22:07:08.123-0400] {logging_mixin.py:190} INFO - [2024-10-13T22:07:08.123-0400] {dag.py:4180} INFO - Setting next_dagrun for example_external_task_marker_parent to None, run_after=None
[2024-10-13T22:07:08.145-0400] {processor.py:208} INFO - Processing /Users/karenwang/anaconda3/envs/airflow_sqlite_env/lib/python3.9/site-packages/airflow/example_dags/example_external_task_marker_dag.py took 4.363 seconds
[2024-10-13T22:14:54.510-0400] {processor.py:186} INFO - Started process (PID=67601) to work on /Users/karenwang/anaconda3/envs/airflow_sqlite_env/lib/python3.9/site-packages/airflow/example_dags/example_external_task_marker_dag.py
[2024-10-13T22:14:54.512-0400] {processor.py:914} INFO - Processing file /Users/karenwang/anaconda3/envs/airflow_sqlite_env/lib/python3.9/site-packages/airflow/example_dags/example_external_task_marker_dag.py for tasks to queue
[2024-10-13T22:14:54.513-0400] {logging_mixin.py:190} INFO - [2024-10-13T22:14:54.513-0400] {dagbag.py:588} INFO - Filling up the DagBag from /Users/karenwang/anaconda3/envs/airflow_sqlite_env/lib/python3.9/site-packages/airflow/example_dags/example_external_task_marker_dag.py
[2024-10-13T22:14:54.532-0400] {processor.py:925} INFO - DAG(s) 'example_external_task_marker_child', 'example_external_task_marker_parent' retrieved from /Users/karenwang/anaconda3/envs/airflow_sqlite_env/lib/python3.9/site-packages/airflow/example_dags/example_external_task_marker_dag.py
[2024-10-13T22:14:58.489-0400] {logging_mixin.py:190} INFO - [2024-10-13T22:14:58.489-0400] {utils.py:148} INFO - Note: NumExpr detected 16 cores but "NUMEXPR_MAX_THREADS" not set, so enforcing safe limit of 8.
[2024-10-13T22:14:58.489-0400] {logging_mixin.py:190} INFO - [2024-10-13T22:14:58.489-0400] {utils.py:160} INFO - NumExpr defaulting to 8 threads.
[2024-10-13T22:14:58.895-0400] {logging_mixin.py:190} INFO - [2024-10-13T22:14:58.894-0400] {dag.py:3239} INFO - Sync 2 DAGs
[2024-10-13T22:14:58.909-0400] {logging_mixin.py:190} INFO - [2024-10-13T22:14:58.909-0400] {dag.py:4180} INFO - Setting next_dagrun for example_external_task_marker_child to None, run_after=None
[2024-10-13T22:14:58.913-0400] {logging_mixin.py:190} INFO - [2024-10-13T22:14:58.912-0400] {dag.py:4180} INFO - Setting next_dagrun for example_external_task_marker_parent to None, run_after=None
[2024-10-13T22:14:58.933-0400] {processor.py:208} INFO - Processing /Users/karenwang/anaconda3/envs/airflow_sqlite_env/lib/python3.9/site-packages/airflow/example_dags/example_external_task_marker_dag.py took 4.429 seconds
[2024-10-13T22:22:59.968-0400] {processor.py:186} INFO - Started process (PID=70104) to work on /Users/karenwang/anaconda3/envs/airflow_sqlite_env/lib/python3.9/site-packages/airflow/example_dags/example_external_task_marker_dag.py
[2024-10-13T22:22:59.969-0400] {processor.py:914} INFO - Processing file /Users/karenwang/anaconda3/envs/airflow_sqlite_env/lib/python3.9/site-packages/airflow/example_dags/example_external_task_marker_dag.py for tasks to queue
[2024-10-13T22:22:59.972-0400] {logging_mixin.py:190} INFO - [2024-10-13T22:22:59.971-0400] {dagbag.py:588} INFO - Filling up the DagBag from /Users/karenwang/anaconda3/envs/airflow_sqlite_env/lib/python3.9/site-packages/airflow/example_dags/example_external_task_marker_dag.py
[2024-10-13T22:23:00.044-0400] {processor.py:925} INFO - DAG(s) 'example_external_task_marker_child', 'example_external_task_marker_parent' retrieved from /Users/karenwang/anaconda3/envs/airflow_sqlite_env/lib/python3.9/site-packages/airflow/example_dags/example_external_task_marker_dag.py
[2024-10-13T22:23:04.127-0400] {logging_mixin.py:190} INFO - [2024-10-13T22:23:04.126-0400] {utils.py:148} INFO - Note: NumExpr detected 16 cores but "NUMEXPR_MAX_THREADS" not set, so enforcing safe limit of 8.
[2024-10-13T22:23:04.127-0400] {logging_mixin.py:190} INFO - [2024-10-13T22:23:04.127-0400] {utils.py:160} INFO - NumExpr defaulting to 8 threads.
[2024-10-13T22:23:04.511-0400] {logging_mixin.py:190} INFO - [2024-10-13T22:23:04.510-0400] {dag.py:3239} INFO - Sync 2 DAGs
[2024-10-13T22:23:04.529-0400] {logging_mixin.py:190} INFO - [2024-10-13T22:23:04.528-0400] {dag.py:4180} INFO - Setting next_dagrun for example_external_task_marker_child to None, run_after=None
[2024-10-13T22:23:04.532-0400] {logging_mixin.py:190} INFO - [2024-10-13T22:23:04.532-0400] {dag.py:4180} INFO - Setting next_dagrun for example_external_task_marker_parent to None, run_after=None
[2024-10-13T22:23:04.551-0400] {processor.py:208} INFO - Processing /Users/karenwang/anaconda3/envs/airflow_sqlite_env/lib/python3.9/site-packages/airflow/example_dags/example_external_task_marker_dag.py took 4.591 seconds
[2024-10-13T22:27:10.576-0400] {processor.py:186} INFO - Started process (PID=71453) to work on /Users/karenwang/anaconda3/envs/airflow_sqlite_env/lib/python3.9/site-packages/airflow/example_dags/example_external_task_marker_dag.py
[2024-10-13T22:27:10.578-0400] {processor.py:914} INFO - Processing file /Users/karenwang/anaconda3/envs/airflow_sqlite_env/lib/python3.9/site-packages/airflow/example_dags/example_external_task_marker_dag.py for tasks to queue
[2024-10-13T22:27:10.580-0400] {logging_mixin.py:190} INFO - [2024-10-13T22:27:10.579-0400] {dagbag.py:588} INFO - Filling up the DagBag from /Users/karenwang/anaconda3/envs/airflow_sqlite_env/lib/python3.9/site-packages/airflow/example_dags/example_external_task_marker_dag.py
[2024-10-13T22:27:10.600-0400] {processor.py:925} INFO - DAG(s) 'example_external_task_marker_parent', 'example_external_task_marker_child' retrieved from /Users/karenwang/anaconda3/envs/airflow_sqlite_env/lib/python3.9/site-packages/airflow/example_dags/example_external_task_marker_dag.py
[2024-10-13T22:27:14.912-0400] {logging_mixin.py:190} INFO - [2024-10-13T22:27:14.911-0400] {utils.py:148} INFO - Note: NumExpr detected 16 cores but "NUMEXPR_MAX_THREADS" not set, so enforcing safe limit of 8.
[2024-10-13T22:27:14.912-0400] {logging_mixin.py:190} INFO - [2024-10-13T22:27:14.912-0400] {utils.py:160} INFO - NumExpr defaulting to 8 threads.
[2024-10-13T22:27:15.335-0400] {logging_mixin.py:190} INFO - [2024-10-13T22:27:15.334-0400] {dag.py:3239} INFO - Sync 2 DAGs
[2024-10-13T22:27:15.353-0400] {logging_mixin.py:190} INFO - [2024-10-13T22:27:15.353-0400] {dag.py:4180} INFO - Setting next_dagrun for example_external_task_marker_child to None, run_after=None
[2024-10-13T22:27:15.357-0400] {logging_mixin.py:190} INFO - [2024-10-13T22:27:15.357-0400] {dag.py:4180} INFO - Setting next_dagrun for example_external_task_marker_parent to None, run_after=None
[2024-10-13T22:27:15.379-0400] {processor.py:208} INFO - Processing /Users/karenwang/anaconda3/envs/airflow_sqlite_env/lib/python3.9/site-packages/airflow/example_dags/example_external_task_marker_dag.py took 4.828 seconds
[2024-10-13T22:37:01.168-0400] {processor.py:186} INFO - Started process (PID=74788) to work on /Users/karenwang/anaconda3/envs/airflow_sqlite_env/lib/python3.9/site-packages/airflow/example_dags/example_external_task_marker_dag.py
[2024-10-13T22:37:01.170-0400] {processor.py:914} INFO - Processing file /Users/karenwang/anaconda3/envs/airflow_sqlite_env/lib/python3.9/site-packages/airflow/example_dags/example_external_task_marker_dag.py for tasks to queue
[2024-10-13T22:37:01.172-0400] {logging_mixin.py:190} INFO - [2024-10-13T22:37:01.172-0400] {dagbag.py:588} INFO - Filling up the DagBag from /Users/karenwang/anaconda3/envs/airflow_sqlite_env/lib/python3.9/site-packages/airflow/example_dags/example_external_task_marker_dag.py
[2024-10-13T22:37:01.191-0400] {processor.py:925} INFO - DAG(s) 'example_external_task_marker_parent', 'example_external_task_marker_child' retrieved from /Users/karenwang/anaconda3/envs/airflow_sqlite_env/lib/python3.9/site-packages/airflow/example_dags/example_external_task_marker_dag.py
[2024-10-13T22:37:05.448-0400] {logging_mixin.py:190} INFO - [2024-10-13T22:37:05.447-0400] {utils.py:148} INFO - Note: NumExpr detected 16 cores but "NUMEXPR_MAX_THREADS" not set, so enforcing safe limit of 8.
[2024-10-13T22:37:05.448-0400] {logging_mixin.py:190} INFO - [2024-10-13T22:37:05.448-0400] {utils.py:160} INFO - NumExpr defaulting to 8 threads.
[2024-10-13T22:37:05.871-0400] {logging_mixin.py:190} INFO - [2024-10-13T22:37:05.871-0400] {dag.py:3239} INFO - Sync 2 DAGs
[2024-10-13T22:37:05.892-0400] {logging_mixin.py:190} INFO - [2024-10-13T22:37:05.892-0400] {dag.py:4180} INFO - Setting next_dagrun for example_external_task_marker_child to None, run_after=None
[2024-10-13T22:37:05.897-0400] {logging_mixin.py:190} INFO - [2024-10-13T22:37:05.897-0400] {dag.py:4180} INFO - Setting next_dagrun for example_external_task_marker_parent to None, run_after=None
[2024-10-13T22:37:05.923-0400] {processor.py:208} INFO - Processing /Users/karenwang/anaconda3/envs/airflow_sqlite_env/lib/python3.9/site-packages/airflow/example_dags/example_external_task_marker_dag.py took 4.761 seconds
