[2024-10-13T20:01:15.187-0400] {processor.py:186} INFO - Started process (PID=25495) to work on /Users/karenwang/anaconda3/envs/airflow_sqlite_env/lib/python3.9/site-packages/airflow/example_dags/example_task_group.py
[2024-10-13T20:01:15.188-0400] {processor.py:914} INFO - Processing file /Users/karenwang/anaconda3/envs/airflow_sqlite_env/lib/python3.9/site-packages/airflow/example_dags/example_task_group.py for tasks to queue
[2024-10-13T20:01:15.190-0400] {logging_mixin.py:190} INFO - [2024-10-13T20:01:15.190-0400] {dagbag.py:588} INFO - Filling up the DagBag from /Users/karenwang/anaconda3/envs/airflow_sqlite_env/lib/python3.9/site-packages/airflow/example_dags/example_task_group.py
[2024-10-13T20:01:15.203-0400] {processor.py:925} INFO - DAG(s) 'example_task_group' retrieved from /Users/karenwang/anaconda3/envs/airflow_sqlite_env/lib/python3.9/site-packages/airflow/example_dags/example_task_group.py
[2024-10-13T20:01:15.438-0400] {logging_mixin.py:190} INFO - [2024-10-13T20:01:15.438-0400] {dag.py:3239} INFO - Sync 1 DAGs
[2024-10-13T20:01:15.454-0400] {logging_mixin.py:190} INFO - [2024-10-13T20:01:15.454-0400] {dag.py:4180} INFO - Setting next_dagrun for example_task_group to None, run_after=None
[2024-10-13T20:01:15.482-0400] {processor.py:208} INFO - Processing /Users/karenwang/anaconda3/envs/airflow_sqlite_env/lib/python3.9/site-packages/airflow/example_dags/example_task_group.py took 0.301 seconds
[2024-10-13T20:05:24.503-0400] {processor.py:186} INFO - Started process (PID=26795) to work on /Users/karenwang/anaconda3/envs/airflow_sqlite_env/lib/python3.9/site-packages/airflow/example_dags/example_task_group.py
[2024-10-13T20:05:24.504-0400] {processor.py:914} INFO - Processing file /Users/karenwang/anaconda3/envs/airflow_sqlite_env/lib/python3.9/site-packages/airflow/example_dags/example_task_group.py for tasks to queue
[2024-10-13T20:05:24.506-0400] {logging_mixin.py:190} INFO - [2024-10-13T20:05:24.505-0400] {dagbag.py:588} INFO - Filling up the DagBag from /Users/karenwang/anaconda3/envs/airflow_sqlite_env/lib/python3.9/site-packages/airflow/example_dags/example_task_group.py
[2024-10-13T20:05:24.522-0400] {processor.py:925} INFO - DAG(s) 'example_task_group' retrieved from /Users/karenwang/anaconda3/envs/airflow_sqlite_env/lib/python3.9/site-packages/airflow/example_dags/example_task_group.py
[2024-10-13T20:05:24.754-0400] {logging_mixin.py:190} INFO - [2024-10-13T20:05:24.753-0400] {dag.py:3239} INFO - Sync 1 DAGs
[2024-10-13T20:05:24.776-0400] {logging_mixin.py:190} INFO - [2024-10-13T20:05:24.775-0400] {dag.py:4180} INFO - Setting next_dagrun for example_task_group to None, run_after=None
[2024-10-13T20:05:24.805-0400] {processor.py:208} INFO - Processing /Users/karenwang/anaconda3/envs/airflow_sqlite_env/lib/python3.9/site-packages/airflow/example_dags/example_task_group.py took 0.308 seconds
[2024-10-13T20:09:27.173-0400] {processor.py:186} INFO - Started process (PID=28037) to work on /Users/karenwang/anaconda3/envs/airflow_sqlite_env/lib/python3.9/site-packages/airflow/example_dags/example_task_group.py
[2024-10-13T20:09:27.175-0400] {processor.py:914} INFO - Processing file /Users/karenwang/anaconda3/envs/airflow_sqlite_env/lib/python3.9/site-packages/airflow/example_dags/example_task_group.py for tasks to queue
[2024-10-13T20:09:27.176-0400] {logging_mixin.py:190} INFO - [2024-10-13T20:09:27.176-0400] {dagbag.py:588} INFO - Filling up the DagBag from /Users/karenwang/anaconda3/envs/airflow_sqlite_env/lib/python3.9/site-packages/airflow/example_dags/example_task_group.py
[2024-10-13T20:09:27.188-0400] {processor.py:925} INFO - DAG(s) 'example_task_group' retrieved from /Users/karenwang/anaconda3/envs/airflow_sqlite_env/lib/python3.9/site-packages/airflow/example_dags/example_task_group.py
[2024-10-13T20:09:27.419-0400] {logging_mixin.py:190} INFO - [2024-10-13T20:09:27.419-0400] {dag.py:3239} INFO - Sync 1 DAGs
[2024-10-13T20:09:27.437-0400] {logging_mixin.py:190} INFO - [2024-10-13T20:09:27.436-0400] {dag.py:4180} INFO - Setting next_dagrun for example_task_group to None, run_after=None
[2024-10-13T20:09:27.463-0400] {processor.py:208} INFO - Processing /Users/karenwang/anaconda3/envs/airflow_sqlite_env/lib/python3.9/site-packages/airflow/example_dags/example_task_group.py took 0.297 seconds
[2024-10-13T20:13:24.699-0400] {processor.py:186} INFO - Started process (PID=29254) to work on /Users/karenwang/anaconda3/envs/airflow_sqlite_env/lib/python3.9/site-packages/airflow/example_dags/example_task_group.py
[2024-10-13T20:13:24.700-0400] {processor.py:914} INFO - Processing file /Users/karenwang/anaconda3/envs/airflow_sqlite_env/lib/python3.9/site-packages/airflow/example_dags/example_task_group.py for tasks to queue
[2024-10-13T20:13:24.702-0400] {logging_mixin.py:190} INFO - [2024-10-13T20:13:24.702-0400] {dagbag.py:588} INFO - Filling up the DagBag from /Users/karenwang/anaconda3/envs/airflow_sqlite_env/lib/python3.9/site-packages/airflow/example_dags/example_task_group.py
[2024-10-13T20:13:24.717-0400] {processor.py:925} INFO - DAG(s) 'example_task_group' retrieved from /Users/karenwang/anaconda3/envs/airflow_sqlite_env/lib/python3.9/site-packages/airflow/example_dags/example_task_group.py
[2024-10-13T20:13:24.951-0400] {logging_mixin.py:190} INFO - [2024-10-13T20:13:24.951-0400] {dag.py:3239} INFO - Sync 1 DAGs
[2024-10-13T20:13:24.975-0400] {logging_mixin.py:190} INFO - [2024-10-13T20:13:24.975-0400] {dag.py:4180} INFO - Setting next_dagrun for example_task_group to None, run_after=None
[2024-10-13T20:13:25.006-0400] {processor.py:208} INFO - Processing /Users/karenwang/anaconda3/envs/airflow_sqlite_env/lib/python3.9/site-packages/airflow/example_dags/example_task_group.py took 0.313 seconds
[2024-10-13T20:17:34.266-0400] {processor.py:186} INFO - Started process (PID=30518) to work on /Users/karenwang/anaconda3/envs/airflow_sqlite_env/lib/python3.9/site-packages/airflow/example_dags/example_task_group.py
[2024-10-13T20:17:34.268-0400] {processor.py:914} INFO - Processing file /Users/karenwang/anaconda3/envs/airflow_sqlite_env/lib/python3.9/site-packages/airflow/example_dags/example_task_group.py for tasks to queue
[2024-10-13T20:17:34.269-0400] {logging_mixin.py:190} INFO - [2024-10-13T20:17:34.269-0400] {dagbag.py:588} INFO - Filling up the DagBag from /Users/karenwang/anaconda3/envs/airflow_sqlite_env/lib/python3.9/site-packages/airflow/example_dags/example_task_group.py
[2024-10-13T20:17:34.284-0400] {processor.py:925} INFO - DAG(s) 'example_task_group' retrieved from /Users/karenwang/anaconda3/envs/airflow_sqlite_env/lib/python3.9/site-packages/airflow/example_dags/example_task_group.py
[2024-10-13T20:17:34.532-0400] {logging_mixin.py:190} INFO - [2024-10-13T20:17:34.531-0400] {dag.py:3239} INFO - Sync 1 DAGs
[2024-10-13T20:17:34.550-0400] {logging_mixin.py:190} INFO - [2024-10-13T20:17:34.550-0400] {dag.py:4180} INFO - Setting next_dagrun for example_task_group to None, run_after=None
[2024-10-13T20:17:34.573-0400] {processor.py:208} INFO - Processing /Users/karenwang/anaconda3/envs/airflow_sqlite_env/lib/python3.9/site-packages/airflow/example_dags/example_task_group.py took 0.312 seconds
[2024-10-13T20:21:56.994-0400] {processor.py:186} INFO - Started process (PID=31977) to work on /Users/karenwang/anaconda3/envs/airflow_sqlite_env/lib/python3.9/site-packages/airflow/example_dags/example_task_group.py
[2024-10-13T20:21:56.995-0400] {processor.py:914} INFO - Processing file /Users/karenwang/anaconda3/envs/airflow_sqlite_env/lib/python3.9/site-packages/airflow/example_dags/example_task_group.py for tasks to queue
[2024-10-13T20:21:56.997-0400] {logging_mixin.py:190} INFO - [2024-10-13T20:21:56.996-0400] {dagbag.py:588} INFO - Filling up the DagBag from /Users/karenwang/anaconda3/envs/airflow_sqlite_env/lib/python3.9/site-packages/airflow/example_dags/example_task_group.py
[2024-10-13T20:21:57.015-0400] {processor.py:925} INFO - DAG(s) 'example_task_group' retrieved from /Users/karenwang/anaconda3/envs/airflow_sqlite_env/lib/python3.9/site-packages/airflow/example_dags/example_task_group.py
[2024-10-13T20:21:57.289-0400] {logging_mixin.py:190} INFO - [2024-10-13T20:21:57.288-0400] {dag.py:3239} INFO - Sync 1 DAGs
[2024-10-13T20:21:57.306-0400] {logging_mixin.py:190} INFO - [2024-10-13T20:21:57.305-0400] {dag.py:4180} INFO - Setting next_dagrun for example_task_group to None, run_after=None
[2024-10-13T20:21:57.328-0400] {processor.py:208} INFO - Processing /Users/karenwang/anaconda3/envs/airflow_sqlite_env/lib/python3.9/site-packages/airflow/example_dags/example_task_group.py took 0.341 seconds
[2024-10-13T20:27:38.025-0400] {processor.py:186} INFO - Started process (PID=33847) to work on /Users/karenwang/anaconda3/envs/airflow_sqlite_env/lib/python3.9/site-packages/airflow/example_dags/example_task_group.py
[2024-10-13T20:27:38.026-0400] {processor.py:914} INFO - Processing file /Users/karenwang/anaconda3/envs/airflow_sqlite_env/lib/python3.9/site-packages/airflow/example_dags/example_task_group.py for tasks to queue
[2024-10-13T20:27:38.028-0400] {logging_mixin.py:190} INFO - [2024-10-13T20:27:38.028-0400] {dagbag.py:588} INFO - Filling up the DagBag from /Users/karenwang/anaconda3/envs/airflow_sqlite_env/lib/python3.9/site-packages/airflow/example_dags/example_task_group.py
[2024-10-13T20:27:38.043-0400] {processor.py:925} INFO - DAG(s) 'example_task_group' retrieved from /Users/karenwang/anaconda3/envs/airflow_sqlite_env/lib/python3.9/site-packages/airflow/example_dags/example_task_group.py
[2024-10-13T20:27:38.265-0400] {logging_mixin.py:190} INFO - [2024-10-13T20:27:38.264-0400] {dag.py:3239} INFO - Sync 1 DAGs
[2024-10-13T20:27:38.278-0400] {logging_mixin.py:190} INFO - [2024-10-13T20:27:38.278-0400] {dag.py:4180} INFO - Setting next_dagrun for example_task_group to None, run_after=None
[2024-10-13T20:27:38.298-0400] {processor.py:208} INFO - Processing /Users/karenwang/anaconda3/envs/airflow_sqlite_env/lib/python3.9/site-packages/airflow/example_dags/example_task_group.py took 0.279 seconds
[2024-10-13T20:32:10.736-0400] {processor.py:186} INFO - Started process (PID=35374) to work on /Users/karenwang/anaconda3/envs/airflow_sqlite_env/lib/python3.9/site-packages/airflow/example_dags/example_task_group.py
[2024-10-13T20:32:10.737-0400] {processor.py:914} INFO - Processing file /Users/karenwang/anaconda3/envs/airflow_sqlite_env/lib/python3.9/site-packages/airflow/example_dags/example_task_group.py for tasks to queue
[2024-10-13T20:32:10.739-0400] {logging_mixin.py:190} INFO - [2024-10-13T20:32:10.738-0400] {dagbag.py:588} INFO - Filling up the DagBag from /Users/karenwang/anaconda3/envs/airflow_sqlite_env/lib/python3.9/site-packages/airflow/example_dags/example_task_group.py
[2024-10-13T20:32:10.750-0400] {processor.py:925} INFO - DAG(s) 'example_task_group' retrieved from /Users/karenwang/anaconda3/envs/airflow_sqlite_env/lib/python3.9/site-packages/airflow/example_dags/example_task_group.py
[2024-10-13T20:32:10.981-0400] {logging_mixin.py:190} INFO - [2024-10-13T20:32:10.980-0400] {dag.py:3239} INFO - Sync 1 DAGs
[2024-10-13T20:32:10.999-0400] {logging_mixin.py:190} INFO - [2024-10-13T20:32:10.999-0400] {dag.py:4180} INFO - Setting next_dagrun for example_task_group to None, run_after=None
[2024-10-13T20:32:11.021-0400] {processor.py:208} INFO - Processing /Users/karenwang/anaconda3/envs/airflow_sqlite_env/lib/python3.9/site-packages/airflow/example_dags/example_task_group.py took 0.291 seconds
[2024-10-13T20:35:51.550-0400] {processor.py:186} INFO - Started process (PID=36514) to work on /Users/karenwang/anaconda3/envs/airflow_sqlite_env/lib/python3.9/site-packages/airflow/example_dags/example_task_group.py
[2024-10-13T20:35:51.551-0400] {processor.py:914} INFO - Processing file /Users/karenwang/anaconda3/envs/airflow_sqlite_env/lib/python3.9/site-packages/airflow/example_dags/example_task_group.py for tasks to queue
[2024-10-13T20:35:51.553-0400] {logging_mixin.py:190} INFO - [2024-10-13T20:35:51.552-0400] {dagbag.py:588} INFO - Filling up the DagBag from /Users/karenwang/anaconda3/envs/airflow_sqlite_env/lib/python3.9/site-packages/airflow/example_dags/example_task_group.py
[2024-10-13T20:35:51.564-0400] {processor.py:925} INFO - DAG(s) 'example_task_group' retrieved from /Users/karenwang/anaconda3/envs/airflow_sqlite_env/lib/python3.9/site-packages/airflow/example_dags/example_task_group.py
[2024-10-13T20:35:51.780-0400] {logging_mixin.py:190} INFO - [2024-10-13T20:35:51.779-0400] {dag.py:3239} INFO - Sync 1 DAGs
[2024-10-13T20:35:51.793-0400] {logging_mixin.py:190} INFO - [2024-10-13T20:35:51.793-0400] {dag.py:4180} INFO - Setting next_dagrun for example_task_group to None, run_after=None
[2024-10-13T20:35:51.820-0400] {processor.py:208} INFO - Processing /Users/karenwang/anaconda3/envs/airflow_sqlite_env/lib/python3.9/site-packages/airflow/example_dags/example_task_group.py took 0.276 seconds
[2024-10-13T20:39:30.997-0400] {processor.py:186} INFO - Started process (PID=37671) to work on /Users/karenwang/anaconda3/envs/airflow_sqlite_env/lib/python3.9/site-packages/airflow/example_dags/example_task_group.py
[2024-10-13T20:39:30.999-0400] {processor.py:914} INFO - Processing file /Users/karenwang/anaconda3/envs/airflow_sqlite_env/lib/python3.9/site-packages/airflow/example_dags/example_task_group.py for tasks to queue
[2024-10-13T20:39:31.000-0400] {logging_mixin.py:190} INFO - [2024-10-13T20:39:31.000-0400] {dagbag.py:588} INFO - Filling up the DagBag from /Users/karenwang/anaconda3/envs/airflow_sqlite_env/lib/python3.9/site-packages/airflow/example_dags/example_task_group.py
[2024-10-13T20:39:31.013-0400] {processor.py:925} INFO - DAG(s) 'example_task_group' retrieved from /Users/karenwang/anaconda3/envs/airflow_sqlite_env/lib/python3.9/site-packages/airflow/example_dags/example_task_group.py
[2024-10-13T20:39:31.225-0400] {logging_mixin.py:190} INFO - [2024-10-13T20:39:31.225-0400] {dag.py:3239} INFO - Sync 1 DAGs
[2024-10-13T20:39:31.240-0400] {logging_mixin.py:190} INFO - [2024-10-13T20:39:31.240-0400] {dag.py:4180} INFO - Setting next_dagrun for example_task_group to None, run_after=None
[2024-10-13T20:39:31.262-0400] {processor.py:208} INFO - Processing /Users/karenwang/anaconda3/envs/airflow_sqlite_env/lib/python3.9/site-packages/airflow/example_dags/example_task_group.py took 0.271 seconds
[2024-10-13T20:43:10.484-0400] {processor.py:186} INFO - Started process (PID=38801) to work on /Users/karenwang/anaconda3/envs/airflow_sqlite_env/lib/python3.9/site-packages/airflow/example_dags/example_task_group.py
[2024-10-13T20:43:10.485-0400] {processor.py:914} INFO - Processing file /Users/karenwang/anaconda3/envs/airflow_sqlite_env/lib/python3.9/site-packages/airflow/example_dags/example_task_group.py for tasks to queue
[2024-10-13T20:43:10.487-0400] {logging_mixin.py:190} INFO - [2024-10-13T20:43:10.486-0400] {dagbag.py:588} INFO - Filling up the DagBag from /Users/karenwang/anaconda3/envs/airflow_sqlite_env/lib/python3.9/site-packages/airflow/example_dags/example_task_group.py
[2024-10-13T20:43:10.501-0400] {processor.py:925} INFO - DAG(s) 'example_task_group' retrieved from /Users/karenwang/anaconda3/envs/airflow_sqlite_env/lib/python3.9/site-packages/airflow/example_dags/example_task_group.py
[2024-10-13T20:43:10.688-0400] {logging_mixin.py:190} INFO - [2024-10-13T20:43:10.687-0400] {dag.py:3239} INFO - Sync 1 DAGs
[2024-10-13T20:43:10.705-0400] {logging_mixin.py:190} INFO - [2024-10-13T20:43:10.705-0400] {dag.py:4180} INFO - Setting next_dagrun for example_task_group to None, run_after=None
[2024-10-13T20:43:10.732-0400] {processor.py:208} INFO - Processing /Users/karenwang/anaconda3/envs/airflow_sqlite_env/lib/python3.9/site-packages/airflow/example_dags/example_task_group.py took 0.253 seconds
[2024-10-13T20:46:49.607-0400] {processor.py:186} INFO - Started process (PID=39953) to work on /Users/karenwang/anaconda3/envs/airflow_sqlite_env/lib/python3.9/site-packages/airflow/example_dags/example_task_group.py
[2024-10-13T20:46:49.608-0400] {processor.py:914} INFO - Processing file /Users/karenwang/anaconda3/envs/airflow_sqlite_env/lib/python3.9/site-packages/airflow/example_dags/example_task_group.py for tasks to queue
[2024-10-13T20:46:49.610-0400] {logging_mixin.py:190} INFO - [2024-10-13T20:46:49.610-0400] {dagbag.py:588} INFO - Filling up the DagBag from /Users/karenwang/anaconda3/envs/airflow_sqlite_env/lib/python3.9/site-packages/airflow/example_dags/example_task_group.py
[2024-10-13T20:46:49.624-0400] {processor.py:925} INFO - DAG(s) 'example_task_group' retrieved from /Users/karenwang/anaconda3/envs/airflow_sqlite_env/lib/python3.9/site-packages/airflow/example_dags/example_task_group.py
[2024-10-13T20:46:49.838-0400] {logging_mixin.py:190} INFO - [2024-10-13T20:46:49.838-0400] {dag.py:3239} INFO - Sync 1 DAGs
[2024-10-13T20:46:49.857-0400] {logging_mixin.py:190} INFO - [2024-10-13T20:46:49.856-0400] {dag.py:4180} INFO - Setting next_dagrun for example_task_group to None, run_after=None
[2024-10-13T20:46:49.882-0400] {processor.py:208} INFO - Processing /Users/karenwang/anaconda3/envs/airflow_sqlite_env/lib/python3.9/site-packages/airflow/example_dags/example_task_group.py took 0.280 seconds
[2024-10-13T20:50:29.442-0400] {processor.py:186} INFO - Started process (PID=41075) to work on /Users/karenwang/anaconda3/envs/airflow_sqlite_env/lib/python3.9/site-packages/airflow/example_dags/example_task_group.py
[2024-10-13T20:50:29.443-0400] {processor.py:914} INFO - Processing file /Users/karenwang/anaconda3/envs/airflow_sqlite_env/lib/python3.9/site-packages/airflow/example_dags/example_task_group.py for tasks to queue
[2024-10-13T20:50:29.444-0400] {logging_mixin.py:190} INFO - [2024-10-13T20:50:29.444-0400] {dagbag.py:588} INFO - Filling up the DagBag from /Users/karenwang/anaconda3/envs/airflow_sqlite_env/lib/python3.9/site-packages/airflow/example_dags/example_task_group.py
[2024-10-13T20:50:29.457-0400] {processor.py:925} INFO - DAG(s) 'example_task_group' retrieved from /Users/karenwang/anaconda3/envs/airflow_sqlite_env/lib/python3.9/site-packages/airflow/example_dags/example_task_group.py
[2024-10-13T20:50:29.648-0400] {logging_mixin.py:190} INFO - [2024-10-13T20:50:29.648-0400] {dag.py:3239} INFO - Sync 1 DAGs
[2024-10-13T20:50:29.661-0400] {logging_mixin.py:190} INFO - [2024-10-13T20:50:29.661-0400] {dag.py:4180} INFO - Setting next_dagrun for example_task_group to None, run_after=None
[2024-10-13T20:50:29.683-0400] {processor.py:208} INFO - Processing /Users/karenwang/anaconda3/envs/airflow_sqlite_env/lib/python3.9/site-packages/airflow/example_dags/example_task_group.py took 0.247 seconds
[2024-10-13T20:54:07.876-0400] {processor.py:186} INFO - Started process (PID=42212) to work on /Users/karenwang/anaconda3/envs/airflow_sqlite_env/lib/python3.9/site-packages/airflow/example_dags/example_task_group.py
[2024-10-13T20:54:07.877-0400] {processor.py:914} INFO - Processing file /Users/karenwang/anaconda3/envs/airflow_sqlite_env/lib/python3.9/site-packages/airflow/example_dags/example_task_group.py for tasks to queue
[2024-10-13T20:54:07.879-0400] {logging_mixin.py:190} INFO - [2024-10-13T20:54:07.878-0400] {dagbag.py:588} INFO - Filling up the DagBag from /Users/karenwang/anaconda3/envs/airflow_sqlite_env/lib/python3.9/site-packages/airflow/example_dags/example_task_group.py
[2024-10-13T20:54:07.889-0400] {processor.py:925} INFO - DAG(s) 'example_task_group' retrieved from /Users/karenwang/anaconda3/envs/airflow_sqlite_env/lib/python3.9/site-packages/airflow/example_dags/example_task_group.py
[2024-10-13T20:54:08.073-0400] {logging_mixin.py:190} INFO - [2024-10-13T20:54:08.073-0400] {dag.py:3239} INFO - Sync 1 DAGs
[2024-10-13T20:54:08.086-0400] {logging_mixin.py:190} INFO - [2024-10-13T20:54:08.086-0400] {dag.py:4180} INFO - Setting next_dagrun for example_task_group to None, run_after=None
[2024-10-13T20:54:08.108-0400] {processor.py:208} INFO - Processing /Users/karenwang/anaconda3/envs/airflow_sqlite_env/lib/python3.9/site-packages/airflow/example_dags/example_task_group.py took 0.237 seconds
[2024-10-13T20:57:49.398-0400] {processor.py:186} INFO - Started process (PID=43380) to work on /Users/karenwang/anaconda3/envs/airflow_sqlite_env/lib/python3.9/site-packages/airflow/example_dags/example_task_group.py
[2024-10-13T20:57:49.399-0400] {processor.py:914} INFO - Processing file /Users/karenwang/anaconda3/envs/airflow_sqlite_env/lib/python3.9/site-packages/airflow/example_dags/example_task_group.py for tasks to queue
[2024-10-13T20:57:49.401-0400] {logging_mixin.py:190} INFO - [2024-10-13T20:57:49.401-0400] {dagbag.py:588} INFO - Filling up the DagBag from /Users/karenwang/anaconda3/envs/airflow_sqlite_env/lib/python3.9/site-packages/airflow/example_dags/example_task_group.py
[2024-10-13T20:57:49.416-0400] {processor.py:925} INFO - DAG(s) 'example_task_group' retrieved from /Users/karenwang/anaconda3/envs/airflow_sqlite_env/lib/python3.9/site-packages/airflow/example_dags/example_task_group.py
[2024-10-13T20:57:49.597-0400] {logging_mixin.py:190} INFO - [2024-10-13T20:57:49.596-0400] {dag.py:3239} INFO - Sync 1 DAGs
[2024-10-13T20:57:49.610-0400] {logging_mixin.py:190} INFO - [2024-10-13T20:57:49.610-0400] {dag.py:4180} INFO - Setting next_dagrun for example_task_group to None, run_after=None
[2024-10-13T20:57:49.630-0400] {processor.py:208} INFO - Processing /Users/karenwang/anaconda3/envs/airflow_sqlite_env/lib/python3.9/site-packages/airflow/example_dags/example_task_group.py took 0.238 seconds
[2024-10-13T21:01:28.929-0400] {processor.py:186} INFO - Started process (PID=44496) to work on /Users/karenwang/anaconda3/envs/airflow_sqlite_env/lib/python3.9/site-packages/airflow/example_dags/example_task_group.py
[2024-10-13T21:01:28.931-0400] {processor.py:914} INFO - Processing file /Users/karenwang/anaconda3/envs/airflow_sqlite_env/lib/python3.9/site-packages/airflow/example_dags/example_task_group.py for tasks to queue
[2024-10-13T21:01:28.932-0400] {logging_mixin.py:190} INFO - [2024-10-13T21:01:28.932-0400] {dagbag.py:588} INFO - Filling up the DagBag from /Users/karenwang/anaconda3/envs/airflow_sqlite_env/lib/python3.9/site-packages/airflow/example_dags/example_task_group.py
[2024-10-13T21:01:28.943-0400] {processor.py:925} INFO - DAG(s) 'example_task_group' retrieved from /Users/karenwang/anaconda3/envs/airflow_sqlite_env/lib/python3.9/site-packages/airflow/example_dags/example_task_group.py
[2024-10-13T21:01:29.147-0400] {logging_mixin.py:190} INFO - [2024-10-13T21:01:29.147-0400] {dag.py:3239} INFO - Sync 1 DAGs
[2024-10-13T21:01:29.161-0400] {logging_mixin.py:190} INFO - [2024-10-13T21:01:29.161-0400] {dag.py:4180} INFO - Setting next_dagrun for example_task_group to None, run_after=None
[2024-10-13T21:01:29.181-0400] {processor.py:208} INFO - Processing /Users/karenwang/anaconda3/envs/airflow_sqlite_env/lib/python3.9/site-packages/airflow/example_dags/example_task_group.py took 0.258 seconds
[2024-10-13T21:05:08.723-0400] {processor.py:186} INFO - Started process (PID=45639) to work on /Users/karenwang/anaconda3/envs/airflow_sqlite_env/lib/python3.9/site-packages/airflow/example_dags/example_task_group.py
[2024-10-13T21:05:08.725-0400] {processor.py:914} INFO - Processing file /Users/karenwang/anaconda3/envs/airflow_sqlite_env/lib/python3.9/site-packages/airflow/example_dags/example_task_group.py for tasks to queue
[2024-10-13T21:05:08.727-0400] {logging_mixin.py:190} INFO - [2024-10-13T21:05:08.726-0400] {dagbag.py:588} INFO - Filling up the DagBag from /Users/karenwang/anaconda3/envs/airflow_sqlite_env/lib/python3.9/site-packages/airflow/example_dags/example_task_group.py
[2024-10-13T21:05:08.740-0400] {processor.py:925} INFO - DAG(s) 'example_task_group' retrieved from /Users/karenwang/anaconda3/envs/airflow_sqlite_env/lib/python3.9/site-packages/airflow/example_dags/example_task_group.py
[2024-10-13T21:05:08.938-0400] {logging_mixin.py:190} INFO - [2024-10-13T21:05:08.938-0400] {dag.py:3239} INFO - Sync 1 DAGs
[2024-10-13T21:05:08.958-0400] {logging_mixin.py:190} INFO - [2024-10-13T21:05:08.958-0400] {dag.py:4180} INFO - Setting next_dagrun for example_task_group to None, run_after=None
[2024-10-13T21:05:08.983-0400] {processor.py:208} INFO - Processing /Users/karenwang/anaconda3/envs/airflow_sqlite_env/lib/python3.9/site-packages/airflow/example_dags/example_task_group.py took 0.265 seconds
[2024-10-13T21:10:35.433-0400] {processor.py:186} INFO - Started process (PID=47403) to work on /Users/karenwang/anaconda3/envs/airflow_sqlite_env/lib/python3.9/site-packages/airflow/example_dags/example_task_group.py
[2024-10-13T21:10:35.434-0400] {processor.py:914} INFO - Processing file /Users/karenwang/anaconda3/envs/airflow_sqlite_env/lib/python3.9/site-packages/airflow/example_dags/example_task_group.py for tasks to queue
[2024-10-13T21:10:35.435-0400] {logging_mixin.py:190} INFO - [2024-10-13T21:10:35.435-0400] {dagbag.py:588} INFO - Filling up the DagBag from /Users/karenwang/anaconda3/envs/airflow_sqlite_env/lib/python3.9/site-packages/airflow/example_dags/example_task_group.py
[2024-10-13T21:10:35.451-0400] {processor.py:925} INFO - DAG(s) 'example_task_group' retrieved from /Users/karenwang/anaconda3/envs/airflow_sqlite_env/lib/python3.9/site-packages/airflow/example_dags/example_task_group.py
[2024-10-13T21:10:35.638-0400] {logging_mixin.py:190} INFO - [2024-10-13T21:10:35.637-0400] {dag.py:3239} INFO - Sync 1 DAGs
[2024-10-13T21:10:35.653-0400] {logging_mixin.py:190} INFO - [2024-10-13T21:10:35.653-0400] {dag.py:4180} INFO - Setting next_dagrun for example_task_group to None, run_after=None
[2024-10-13T21:10:35.673-0400] {processor.py:208} INFO - Processing /Users/karenwang/anaconda3/envs/airflow_sqlite_env/lib/python3.9/site-packages/airflow/example_dags/example_task_group.py took 0.246 seconds
[2024-10-13T21:15:06.765-0400] {processor.py:186} INFO - Started process (PID=48871) to work on /Users/karenwang/anaconda3/envs/airflow_sqlite_env/lib/python3.9/site-packages/airflow/example_dags/example_task_group.py
[2024-10-13T21:15:06.767-0400] {processor.py:914} INFO - Processing file /Users/karenwang/anaconda3/envs/airflow_sqlite_env/lib/python3.9/site-packages/airflow/example_dags/example_task_group.py for tasks to queue
[2024-10-13T21:15:06.768-0400] {logging_mixin.py:190} INFO - [2024-10-13T21:15:06.768-0400] {dagbag.py:588} INFO - Filling up the DagBag from /Users/karenwang/anaconda3/envs/airflow_sqlite_env/lib/python3.9/site-packages/airflow/example_dags/example_task_group.py
[2024-10-13T21:15:06.781-0400] {processor.py:925} INFO - DAG(s) 'example_task_group' retrieved from /Users/karenwang/anaconda3/envs/airflow_sqlite_env/lib/python3.9/site-packages/airflow/example_dags/example_task_group.py
[2024-10-13T21:15:07.007-0400] {logging_mixin.py:190} INFO - [2024-10-13T21:15:07.007-0400] {dag.py:3239} INFO - Sync 1 DAGs
[2024-10-13T21:15:07.028-0400] {logging_mixin.py:190} INFO - [2024-10-13T21:15:07.027-0400] {dag.py:4180} INFO - Setting next_dagrun for example_task_group to None, run_after=None
[2024-10-13T21:15:07.052-0400] {processor.py:208} INFO - Processing /Users/karenwang/anaconda3/envs/airflow_sqlite_env/lib/python3.9/site-packages/airflow/example_dags/example_task_group.py took 0.293 seconds
[2024-10-13T21:19:00.092-0400] {processor.py:186} INFO - Started process (PID=50253) to work on /Users/karenwang/anaconda3/envs/airflow_sqlite_env/lib/python3.9/site-packages/airflow/example_dags/example_task_group.py
[2024-10-13T21:19:00.093-0400] {processor.py:914} INFO - Processing file /Users/karenwang/anaconda3/envs/airflow_sqlite_env/lib/python3.9/site-packages/airflow/example_dags/example_task_group.py for tasks to queue
[2024-10-13T21:19:00.095-0400] {logging_mixin.py:190} INFO - [2024-10-13T21:19:00.095-0400] {dagbag.py:588} INFO - Filling up the DagBag from /Users/karenwang/anaconda3/envs/airflow_sqlite_env/lib/python3.9/site-packages/airflow/example_dags/example_task_group.py
[2024-10-13T21:19:00.108-0400] {processor.py:925} INFO - DAG(s) 'example_task_group' retrieved from /Users/karenwang/anaconda3/envs/airflow_sqlite_env/lib/python3.9/site-packages/airflow/example_dags/example_task_group.py
[2024-10-13T21:19:00.304-0400] {logging_mixin.py:190} INFO - [2024-10-13T21:19:00.304-0400] {dag.py:3239} INFO - Sync 1 DAGs
[2024-10-13T21:19:00.317-0400] {logging_mixin.py:190} INFO - [2024-10-13T21:19:00.317-0400] {dag.py:4180} INFO - Setting next_dagrun for example_task_group to None, run_after=None
[2024-10-13T21:19:00.339-0400] {processor.py:208} INFO - Processing /Users/karenwang/anaconda3/envs/airflow_sqlite_env/lib/python3.9/site-packages/airflow/example_dags/example_task_group.py took 0.253 seconds
[2024-10-13T21:22:39.984-0400] {processor.py:186} INFO - Started process (PID=51383) to work on /Users/karenwang/anaconda3/envs/airflow_sqlite_env/lib/python3.9/site-packages/airflow/example_dags/example_task_group.py
[2024-10-13T21:22:39.985-0400] {processor.py:914} INFO - Processing file /Users/karenwang/anaconda3/envs/airflow_sqlite_env/lib/python3.9/site-packages/airflow/example_dags/example_task_group.py for tasks to queue
[2024-10-13T21:22:39.987-0400] {logging_mixin.py:190} INFO - [2024-10-13T21:22:39.986-0400] {dagbag.py:588} INFO - Filling up the DagBag from /Users/karenwang/anaconda3/envs/airflow_sqlite_env/lib/python3.9/site-packages/airflow/example_dags/example_task_group.py
[2024-10-13T21:22:40.001-0400] {processor.py:925} INFO - DAG(s) 'example_task_group' retrieved from /Users/karenwang/anaconda3/envs/airflow_sqlite_env/lib/python3.9/site-packages/airflow/example_dags/example_task_group.py
[2024-10-13T21:22:40.199-0400] {logging_mixin.py:190} INFO - [2024-10-13T21:22:40.198-0400] {dag.py:3239} INFO - Sync 1 DAGs
[2024-10-13T21:22:40.214-0400] {logging_mixin.py:190} INFO - [2024-10-13T21:22:40.213-0400] {dag.py:4180} INFO - Setting next_dagrun for example_task_group to None, run_after=None
[2024-10-13T21:22:40.234-0400] {processor.py:208} INFO - Processing /Users/karenwang/anaconda3/envs/airflow_sqlite_env/lib/python3.9/site-packages/airflow/example_dags/example_task_group.py took 0.256 seconds
[2024-10-13T21:26:20.527-0400] {processor.py:186} INFO - Started process (PID=52522) to work on /Users/karenwang/anaconda3/envs/airflow_sqlite_env/lib/python3.9/site-packages/airflow/example_dags/example_task_group.py
[2024-10-13T21:26:20.528-0400] {processor.py:914} INFO - Processing file /Users/karenwang/anaconda3/envs/airflow_sqlite_env/lib/python3.9/site-packages/airflow/example_dags/example_task_group.py for tasks to queue
[2024-10-13T21:26:20.530-0400] {logging_mixin.py:190} INFO - [2024-10-13T21:26:20.529-0400] {dagbag.py:588} INFO - Filling up the DagBag from /Users/karenwang/anaconda3/envs/airflow_sqlite_env/lib/python3.9/site-packages/airflow/example_dags/example_task_group.py
[2024-10-13T21:26:20.541-0400] {processor.py:925} INFO - DAG(s) 'example_task_group' retrieved from /Users/karenwang/anaconda3/envs/airflow_sqlite_env/lib/python3.9/site-packages/airflow/example_dags/example_task_group.py
[2024-10-13T21:26:20.721-0400] {logging_mixin.py:190} INFO - [2024-10-13T21:26:20.721-0400] {dag.py:3239} INFO - Sync 1 DAGs
[2024-10-13T21:26:20.739-0400] {logging_mixin.py:190} INFO - [2024-10-13T21:26:20.739-0400] {dag.py:4180} INFO - Setting next_dagrun for example_task_group to None, run_after=None
[2024-10-13T21:26:20.763-0400] {processor.py:208} INFO - Processing /Users/karenwang/anaconda3/envs/airflow_sqlite_env/lib/python3.9/site-packages/airflow/example_dags/example_task_group.py took 0.243 seconds
[2024-10-13T21:30:13.454-0400] {processor.py:186} INFO - Started process (PID=53762) to work on /Users/karenwang/anaconda3/envs/airflow_sqlite_env/lib/python3.9/site-packages/airflow/example_dags/example_task_group.py
[2024-10-13T21:30:13.455-0400] {processor.py:914} INFO - Processing file /Users/karenwang/anaconda3/envs/airflow_sqlite_env/lib/python3.9/site-packages/airflow/example_dags/example_task_group.py for tasks to queue
[2024-10-13T21:30:13.457-0400] {logging_mixin.py:190} INFO - [2024-10-13T21:30:13.456-0400] {dagbag.py:588} INFO - Filling up the DagBag from /Users/karenwang/anaconda3/envs/airflow_sqlite_env/lib/python3.9/site-packages/airflow/example_dags/example_task_group.py
[2024-10-13T21:30:13.471-0400] {processor.py:925} INFO - DAG(s) 'example_task_group' retrieved from /Users/karenwang/anaconda3/envs/airflow_sqlite_env/lib/python3.9/site-packages/airflow/example_dags/example_task_group.py
[2024-10-13T21:30:13.678-0400] {logging_mixin.py:190} INFO - [2024-10-13T21:30:13.677-0400] {dag.py:3239} INFO - Sync 1 DAGs
[2024-10-13T21:30:13.695-0400] {logging_mixin.py:190} INFO - [2024-10-13T21:30:13.694-0400] {dag.py:4180} INFO - Setting next_dagrun for example_task_group to None, run_after=None
[2024-10-13T21:30:13.718-0400] {processor.py:208} INFO - Processing /Users/karenwang/anaconda3/envs/airflow_sqlite_env/lib/python3.9/site-packages/airflow/example_dags/example_task_group.py took 0.269 seconds
[2024-10-13T21:34:11.271-0400] {processor.py:186} INFO - Started process (PID=54974) to work on /Users/karenwang/anaconda3/envs/airflow_sqlite_env/lib/python3.9/site-packages/airflow/example_dags/example_task_group.py
[2024-10-13T21:34:11.272-0400] {processor.py:914} INFO - Processing file /Users/karenwang/anaconda3/envs/airflow_sqlite_env/lib/python3.9/site-packages/airflow/example_dags/example_task_group.py for tasks to queue
[2024-10-13T21:34:11.273-0400] {logging_mixin.py:190} INFO - [2024-10-13T21:34:11.273-0400] {dagbag.py:588} INFO - Filling up the DagBag from /Users/karenwang/anaconda3/envs/airflow_sqlite_env/lib/python3.9/site-packages/airflow/example_dags/example_task_group.py
[2024-10-13T21:34:11.285-0400] {processor.py:925} INFO - DAG(s) 'example_task_group' retrieved from /Users/karenwang/anaconda3/envs/airflow_sqlite_env/lib/python3.9/site-packages/airflow/example_dags/example_task_group.py
[2024-10-13T21:34:11.502-0400] {logging_mixin.py:190} INFO - [2024-10-13T21:34:11.502-0400] {dag.py:3239} INFO - Sync 1 DAGs
[2024-10-13T21:34:11.520-0400] {logging_mixin.py:190} INFO - [2024-10-13T21:34:11.520-0400] {dag.py:4180} INFO - Setting next_dagrun for example_task_group to None, run_after=None
[2024-10-13T21:34:11.542-0400] {processor.py:208} INFO - Processing /Users/karenwang/anaconda3/envs/airflow_sqlite_env/lib/python3.9/site-packages/airflow/example_dags/example_task_group.py took 0.277 seconds
[2024-10-13T21:38:04.246-0400] {processor.py:186} INFO - Started process (PID=56213) to work on /Users/karenwang/anaconda3/envs/airflow_sqlite_env/lib/python3.9/site-packages/airflow/example_dags/example_task_group.py
[2024-10-13T21:38:04.247-0400] {processor.py:914} INFO - Processing file /Users/karenwang/anaconda3/envs/airflow_sqlite_env/lib/python3.9/site-packages/airflow/example_dags/example_task_group.py for tasks to queue
[2024-10-13T21:38:04.248-0400] {logging_mixin.py:190} INFO - [2024-10-13T21:38:04.248-0400] {dagbag.py:588} INFO - Filling up the DagBag from /Users/karenwang/anaconda3/envs/airflow_sqlite_env/lib/python3.9/site-packages/airflow/example_dags/example_task_group.py
[2024-10-13T21:38:04.262-0400] {processor.py:925} INFO - DAG(s) 'example_task_group' retrieved from /Users/karenwang/anaconda3/envs/airflow_sqlite_env/lib/python3.9/site-packages/airflow/example_dags/example_task_group.py
[2024-10-13T21:38:04.481-0400] {logging_mixin.py:190} INFO - [2024-10-13T21:38:04.481-0400] {dag.py:3239} INFO - Sync 1 DAGs
[2024-10-13T21:38:04.497-0400] {logging_mixin.py:190} INFO - [2024-10-13T21:38:04.496-0400] {dag.py:4180} INFO - Setting next_dagrun for example_task_group to None, run_after=None
[2024-10-13T21:38:04.519-0400] {processor.py:208} INFO - Processing /Users/karenwang/anaconda3/envs/airflow_sqlite_env/lib/python3.9/site-packages/airflow/example_dags/example_task_group.py took 0.279 seconds
[2024-10-13T21:41:59.596-0400] {processor.py:186} INFO - Started process (PID=57426) to work on /Users/karenwang/anaconda3/envs/airflow_sqlite_env/lib/python3.9/site-packages/airflow/example_dags/example_task_group.py
[2024-10-13T21:41:59.598-0400] {processor.py:914} INFO - Processing file /Users/karenwang/anaconda3/envs/airflow_sqlite_env/lib/python3.9/site-packages/airflow/example_dags/example_task_group.py for tasks to queue
[2024-10-13T21:41:59.599-0400] {logging_mixin.py:190} INFO - [2024-10-13T21:41:59.599-0400] {dagbag.py:588} INFO - Filling up the DagBag from /Users/karenwang/anaconda3/envs/airflow_sqlite_env/lib/python3.9/site-packages/airflow/example_dags/example_task_group.py
[2024-10-13T21:41:59.613-0400] {processor.py:925} INFO - DAG(s) 'example_task_group' retrieved from /Users/karenwang/anaconda3/envs/airflow_sqlite_env/lib/python3.9/site-packages/airflow/example_dags/example_task_group.py
[2024-10-13T21:41:59.832-0400] {logging_mixin.py:190} INFO - [2024-10-13T21:41:59.832-0400] {dag.py:3239} INFO - Sync 1 DAGs
[2024-10-13T21:41:59.849-0400] {logging_mixin.py:190} INFO - [2024-10-13T21:41:59.849-0400] {dag.py:4180} INFO - Setting next_dagrun for example_task_group to None, run_after=None
[2024-10-13T21:41:59.875-0400] {processor.py:208} INFO - Processing /Users/karenwang/anaconda3/envs/airflow_sqlite_env/lib/python3.9/site-packages/airflow/example_dags/example_task_group.py took 0.285 seconds
[2024-10-13T21:45:50.984-0400] {processor.py:186} INFO - Started process (PID=58603) to work on /Users/karenwang/anaconda3/envs/airflow_sqlite_env/lib/python3.9/site-packages/airflow/example_dags/example_task_group.py
[2024-10-13T21:45:50.985-0400] {processor.py:914} INFO - Processing file /Users/karenwang/anaconda3/envs/airflow_sqlite_env/lib/python3.9/site-packages/airflow/example_dags/example_task_group.py for tasks to queue
[2024-10-13T21:45:50.986-0400] {logging_mixin.py:190} INFO - [2024-10-13T21:45:50.986-0400] {dagbag.py:588} INFO - Filling up the DagBag from /Users/karenwang/anaconda3/envs/airflow_sqlite_env/lib/python3.9/site-packages/airflow/example_dags/example_task_group.py
[2024-10-13T21:45:50.998-0400] {processor.py:925} INFO - DAG(s) 'example_task_group' retrieved from /Users/karenwang/anaconda3/envs/airflow_sqlite_env/lib/python3.9/site-packages/airflow/example_dags/example_task_group.py
[2024-10-13T21:45:51.214-0400] {logging_mixin.py:190} INFO - [2024-10-13T21:45:51.213-0400] {dag.py:3239} INFO - Sync 1 DAGs
[2024-10-13T21:45:51.230-0400] {logging_mixin.py:190} INFO - [2024-10-13T21:45:51.230-0400] {dag.py:4180} INFO - Setting next_dagrun for example_task_group to None, run_after=None
[2024-10-13T21:45:51.280-0400] {processor.py:208} INFO - Processing /Users/karenwang/anaconda3/envs/airflow_sqlite_env/lib/python3.9/site-packages/airflow/example_dags/example_task_group.py took 0.302 seconds
[2024-10-13T21:49:51.923-0400] {processor.py:186} INFO - Started process (PID=59874) to work on /Users/karenwang/anaconda3/envs/airflow_sqlite_env/lib/python3.9/site-packages/airflow/example_dags/example_task_group.py
[2024-10-13T21:49:51.925-0400] {processor.py:914} INFO - Processing file /Users/karenwang/anaconda3/envs/airflow_sqlite_env/lib/python3.9/site-packages/airflow/example_dags/example_task_group.py for tasks to queue
[2024-10-13T21:49:51.926-0400] {logging_mixin.py:190} INFO - [2024-10-13T21:49:51.926-0400] {dagbag.py:588} INFO - Filling up the DagBag from /Users/karenwang/anaconda3/envs/airflow_sqlite_env/lib/python3.9/site-packages/airflow/example_dags/example_task_group.py
[2024-10-13T21:49:51.940-0400] {processor.py:925} INFO - DAG(s) 'example_task_group' retrieved from /Users/karenwang/anaconda3/envs/airflow_sqlite_env/lib/python3.9/site-packages/airflow/example_dags/example_task_group.py
[2024-10-13T21:49:52.152-0400] {logging_mixin.py:190} INFO - [2024-10-13T21:49:52.152-0400] {dag.py:3239} INFO - Sync 1 DAGs
[2024-10-13T21:49:52.167-0400] {logging_mixin.py:190} INFO - [2024-10-13T21:49:52.167-0400] {dag.py:4180} INFO - Setting next_dagrun for example_task_group to None, run_after=None
[2024-10-13T21:49:52.191-0400] {processor.py:208} INFO - Processing /Users/karenwang/anaconda3/envs/airflow_sqlite_env/lib/python3.9/site-packages/airflow/example_dags/example_task_group.py took 0.273 seconds
[2024-10-13T21:53:54.179-0400] {processor.py:186} INFO - Started process (PID=61109) to work on /Users/karenwang/anaconda3/envs/airflow_sqlite_env/lib/python3.9/site-packages/airflow/example_dags/example_task_group.py
[2024-10-13T21:53:54.181-0400] {processor.py:914} INFO - Processing file /Users/karenwang/anaconda3/envs/airflow_sqlite_env/lib/python3.9/site-packages/airflow/example_dags/example_task_group.py for tasks to queue
[2024-10-13T21:53:54.182-0400] {logging_mixin.py:190} INFO - [2024-10-13T21:53:54.182-0400] {dagbag.py:588} INFO - Filling up the DagBag from /Users/karenwang/anaconda3/envs/airflow_sqlite_env/lib/python3.9/site-packages/airflow/example_dags/example_task_group.py
[2024-10-13T21:53:54.197-0400] {processor.py:925} INFO - DAG(s) 'example_task_group' retrieved from /Users/karenwang/anaconda3/envs/airflow_sqlite_env/lib/python3.9/site-packages/airflow/example_dags/example_task_group.py
[2024-10-13T21:53:54.432-0400] {logging_mixin.py:190} INFO - [2024-10-13T21:53:54.432-0400] {dag.py:3239} INFO - Sync 1 DAGs
[2024-10-13T21:53:54.453-0400] {logging_mixin.py:190} INFO - [2024-10-13T21:53:54.453-0400] {dag.py:4180} INFO - Setting next_dagrun for example_task_group to None, run_after=None
[2024-10-13T21:53:54.481-0400] {processor.py:208} INFO - Processing /Users/karenwang/anaconda3/envs/airflow_sqlite_env/lib/python3.9/site-packages/airflow/example_dags/example_task_group.py took 0.308 seconds
[2024-10-13T21:57:51.095-0400] {processor.py:186} INFO - Started process (PID=62346) to work on /Users/karenwang/anaconda3/envs/airflow_sqlite_env/lib/python3.9/site-packages/airflow/example_dags/example_task_group.py
[2024-10-13T21:57:51.096-0400] {processor.py:914} INFO - Processing file /Users/karenwang/anaconda3/envs/airflow_sqlite_env/lib/python3.9/site-packages/airflow/example_dags/example_task_group.py for tasks to queue
[2024-10-13T21:57:51.098-0400] {logging_mixin.py:190} INFO - [2024-10-13T21:57:51.097-0400] {dagbag.py:588} INFO - Filling up the DagBag from /Users/karenwang/anaconda3/envs/airflow_sqlite_env/lib/python3.9/site-packages/airflow/example_dags/example_task_group.py
[2024-10-13T21:57:51.113-0400] {processor.py:925} INFO - DAG(s) 'example_task_group' retrieved from /Users/karenwang/anaconda3/envs/airflow_sqlite_env/lib/python3.9/site-packages/airflow/example_dags/example_task_group.py
[2024-10-13T21:57:51.300-0400] {logging_mixin.py:190} INFO - [2024-10-13T21:57:51.300-0400] {dag.py:3239} INFO - Sync 1 DAGs
[2024-10-13T21:57:51.313-0400] {logging_mixin.py:190} INFO - [2024-10-13T21:57:51.313-0400] {dag.py:4180} INFO - Setting next_dagrun for example_task_group to None, run_after=None
[2024-10-13T21:57:51.333-0400] {processor.py:208} INFO - Processing /Users/karenwang/anaconda3/envs/airflow_sqlite_env/lib/python3.9/site-packages/airflow/example_dags/example_task_group.py took 0.245 seconds
[2024-10-13T22:01:38.016-0400] {processor.py:186} INFO - Started process (PID=63500) to work on /Users/karenwang/anaconda3/envs/airflow_sqlite_env/lib/python3.9/site-packages/airflow/example_dags/example_task_group.py
[2024-10-13T22:01:38.018-0400] {processor.py:914} INFO - Processing file /Users/karenwang/anaconda3/envs/airflow_sqlite_env/lib/python3.9/site-packages/airflow/example_dags/example_task_group.py for tasks to queue
[2024-10-13T22:01:38.019-0400] {logging_mixin.py:190} INFO - [2024-10-13T22:01:38.019-0400] {dagbag.py:588} INFO - Filling up the DagBag from /Users/karenwang/anaconda3/envs/airflow_sqlite_env/lib/python3.9/site-packages/airflow/example_dags/example_task_group.py
[2024-10-13T22:01:38.033-0400] {processor.py:925} INFO - DAG(s) 'example_task_group' retrieved from /Users/karenwang/anaconda3/envs/airflow_sqlite_env/lib/python3.9/site-packages/airflow/example_dags/example_task_group.py
[2024-10-13T22:01:38.251-0400] {logging_mixin.py:190} INFO - [2024-10-13T22:01:38.251-0400] {dag.py:3239} INFO - Sync 1 DAGs
[2024-10-13T22:01:38.270-0400] {logging_mixin.py:190} INFO - [2024-10-13T22:01:38.270-0400] {dag.py:4180} INFO - Setting next_dagrun for example_task_group to None, run_after=None
[2024-10-13T22:01:38.296-0400] {processor.py:208} INFO - Processing /Users/karenwang/anaconda3/envs/airflow_sqlite_env/lib/python3.9/site-packages/airflow/example_dags/example_task_group.py took 0.285 seconds
[2024-10-13T22:05:33.391-0400] {processor.py:186} INFO - Started process (PID=64709) to work on /Users/karenwang/anaconda3/envs/airflow_sqlite_env/lib/python3.9/site-packages/airflow/example_dags/example_task_group.py
[2024-10-13T22:05:33.392-0400] {processor.py:914} INFO - Processing file /Users/karenwang/anaconda3/envs/airflow_sqlite_env/lib/python3.9/site-packages/airflow/example_dags/example_task_group.py for tasks to queue
[2024-10-13T22:05:33.394-0400] {logging_mixin.py:190} INFO - [2024-10-13T22:05:33.393-0400] {dagbag.py:588} INFO - Filling up the DagBag from /Users/karenwang/anaconda3/envs/airflow_sqlite_env/lib/python3.9/site-packages/airflow/example_dags/example_task_group.py
[2024-10-13T22:05:33.409-0400] {processor.py:925} INFO - DAG(s) 'example_task_group' retrieved from /Users/karenwang/anaconda3/envs/airflow_sqlite_env/lib/python3.9/site-packages/airflow/example_dags/example_task_group.py
[2024-10-13T22:05:33.620-0400] {logging_mixin.py:190} INFO - [2024-10-13T22:05:33.620-0400] {dag.py:3239} INFO - Sync 1 DAGs
[2024-10-13T22:05:33.640-0400] {logging_mixin.py:190} INFO - [2024-10-13T22:05:33.639-0400] {dag.py:4180} INFO - Setting next_dagrun for example_task_group to None, run_after=None
[2024-10-13T22:05:33.664-0400] {processor.py:208} INFO - Processing /Users/karenwang/anaconda3/envs/airflow_sqlite_env/lib/python3.9/site-packages/airflow/example_dags/example_task_group.py took 0.279 seconds
[2024-10-13T22:09:29.901-0400] {processor.py:186} INFO - Started process (PID=65947) to work on /Users/karenwang/anaconda3/envs/airflow_sqlite_env/lib/python3.9/site-packages/airflow/example_dags/example_task_group.py
[2024-10-13T22:09:29.903-0400] {processor.py:914} INFO - Processing file /Users/karenwang/anaconda3/envs/airflow_sqlite_env/lib/python3.9/site-packages/airflow/example_dags/example_task_group.py for tasks to queue
[2024-10-13T22:09:29.904-0400] {logging_mixin.py:190} INFO - [2024-10-13T22:09:29.904-0400] {dagbag.py:588} INFO - Filling up the DagBag from /Users/karenwang/anaconda3/envs/airflow_sqlite_env/lib/python3.9/site-packages/airflow/example_dags/example_task_group.py
[2024-10-13T22:09:29.918-0400] {processor.py:925} INFO - DAG(s) 'example_task_group' retrieved from /Users/karenwang/anaconda3/envs/airflow_sqlite_env/lib/python3.9/site-packages/airflow/example_dags/example_task_group.py
[2024-10-13T22:09:30.144-0400] {logging_mixin.py:190} INFO - [2024-10-13T22:09:30.143-0400] {dag.py:3239} INFO - Sync 1 DAGs
[2024-10-13T22:09:30.162-0400] {logging_mixin.py:190} INFO - [2024-10-13T22:09:30.162-0400] {dag.py:4180} INFO - Setting next_dagrun for example_task_group to None, run_after=None
[2024-10-13T22:09:30.185-0400] {processor.py:208} INFO - Processing /Users/karenwang/anaconda3/envs/airflow_sqlite_env/lib/python3.9/site-packages/airflow/example_dags/example_task_group.py took 0.290 seconds
[2024-10-13T22:13:23.319-0400] {processor.py:186} INFO - Started process (PID=67136) to work on /Users/karenwang/anaconda3/envs/airflow_sqlite_env/lib/python3.9/site-packages/airflow/example_dags/example_task_group.py
[2024-10-13T22:13:23.321-0400] {processor.py:914} INFO - Processing file /Users/karenwang/anaconda3/envs/airflow_sqlite_env/lib/python3.9/site-packages/airflow/example_dags/example_task_group.py for tasks to queue
[2024-10-13T22:13:23.322-0400] {logging_mixin.py:190} INFO - [2024-10-13T22:13:23.322-0400] {dagbag.py:588} INFO - Filling up the DagBag from /Users/karenwang/anaconda3/envs/airflow_sqlite_env/lib/python3.9/site-packages/airflow/example_dags/example_task_group.py
[2024-10-13T22:13:23.335-0400] {processor.py:925} INFO - DAG(s) 'example_task_group' retrieved from /Users/karenwang/anaconda3/envs/airflow_sqlite_env/lib/python3.9/site-packages/airflow/example_dags/example_task_group.py
[2024-10-13T22:13:23.550-0400] {logging_mixin.py:190} INFO - [2024-10-13T22:13:23.550-0400] {dag.py:3239} INFO - Sync 1 DAGs
[2024-10-13T22:13:23.566-0400] {logging_mixin.py:190} INFO - [2024-10-13T22:13:23.566-0400] {dag.py:4180} INFO - Setting next_dagrun for example_task_group to None, run_after=None
[2024-10-13T22:13:23.588-0400] {processor.py:208} INFO - Processing /Users/karenwang/anaconda3/envs/airflow_sqlite_env/lib/python3.9/site-packages/airflow/example_dags/example_task_group.py took 0.274 seconds
[2024-10-13T22:17:25.835-0400] {processor.py:186} INFO - Started process (PID=68379) to work on /Users/karenwang/anaconda3/envs/airflow_sqlite_env/lib/python3.9/site-packages/airflow/example_dags/example_task_group.py
[2024-10-13T22:17:25.836-0400] {processor.py:914} INFO - Processing file /Users/karenwang/anaconda3/envs/airflow_sqlite_env/lib/python3.9/site-packages/airflow/example_dags/example_task_group.py for tasks to queue
[2024-10-13T22:17:25.838-0400] {logging_mixin.py:190} INFO - [2024-10-13T22:17:25.838-0400] {dagbag.py:588} INFO - Filling up the DagBag from /Users/karenwang/anaconda3/envs/airflow_sqlite_env/lib/python3.9/site-packages/airflow/example_dags/example_task_group.py
[2024-10-13T22:17:25.853-0400] {processor.py:925} INFO - DAG(s) 'example_task_group' retrieved from /Users/karenwang/anaconda3/envs/airflow_sqlite_env/lib/python3.9/site-packages/airflow/example_dags/example_task_group.py
[2024-10-13T22:17:26.056-0400] {logging_mixin.py:190} INFO - [2024-10-13T22:17:26.056-0400] {dag.py:3239} INFO - Sync 1 DAGs
[2024-10-13T22:17:26.071-0400] {logging_mixin.py:190} INFO - [2024-10-13T22:17:26.070-0400] {dag.py:4180} INFO - Setting next_dagrun for example_task_group to None, run_after=None
[2024-10-13T22:17:26.095-0400] {processor.py:208} INFO - Processing /Users/karenwang/anaconda3/envs/airflow_sqlite_env/lib/python3.9/site-packages/airflow/example_dags/example_task_group.py took 0.266 seconds
[2024-10-13T22:21:24.884-0400] {processor.py:186} INFO - Started process (PID=69604) to work on /Users/karenwang/anaconda3/envs/airflow_sqlite_env/lib/python3.9/site-packages/airflow/example_dags/example_task_group.py
[2024-10-13T22:21:24.886-0400] {processor.py:914} INFO - Processing file /Users/karenwang/anaconda3/envs/airflow_sqlite_env/lib/python3.9/site-packages/airflow/example_dags/example_task_group.py for tasks to queue
[2024-10-13T22:21:24.887-0400] {logging_mixin.py:190} INFO - [2024-10-13T22:21:24.886-0400] {dagbag.py:588} INFO - Filling up the DagBag from /Users/karenwang/anaconda3/envs/airflow_sqlite_env/lib/python3.9/site-packages/airflow/example_dags/example_task_group.py
[2024-10-13T22:21:24.898-0400] {processor.py:925} INFO - DAG(s) 'example_task_group' retrieved from /Users/karenwang/anaconda3/envs/airflow_sqlite_env/lib/python3.9/site-packages/airflow/example_dags/example_task_group.py
[2024-10-13T22:21:25.107-0400] {logging_mixin.py:190} INFO - [2024-10-13T22:21:25.106-0400] {dag.py:3239} INFO - Sync 1 DAGs
[2024-10-13T22:21:25.125-0400] {logging_mixin.py:190} INFO - [2024-10-13T22:21:25.124-0400] {dag.py:4180} INFO - Setting next_dagrun for example_task_group to None, run_after=None
[2024-10-13T22:21:25.148-0400] {processor.py:208} INFO - Processing /Users/karenwang/anaconda3/envs/airflow_sqlite_env/lib/python3.9/site-packages/airflow/example_dags/example_task_group.py took 0.270 seconds
[2024-10-13T22:25:34.499-0400] {processor.py:186} INFO - Started process (PID=70941) to work on /Users/karenwang/anaconda3/envs/airflow_sqlite_env/lib/python3.9/site-packages/airflow/example_dags/example_task_group.py
[2024-10-13T22:25:34.501-0400] {processor.py:914} INFO - Processing file /Users/karenwang/anaconda3/envs/airflow_sqlite_env/lib/python3.9/site-packages/airflow/example_dags/example_task_group.py for tasks to queue
[2024-10-13T22:25:34.503-0400] {logging_mixin.py:190} INFO - [2024-10-13T22:25:34.502-0400] {dagbag.py:588} INFO - Filling up the DagBag from /Users/karenwang/anaconda3/envs/airflow_sqlite_env/lib/python3.9/site-packages/airflow/example_dags/example_task_group.py
[2024-10-13T22:25:34.518-0400] {processor.py:925} INFO - DAG(s) 'example_task_group' retrieved from /Users/karenwang/anaconda3/envs/airflow_sqlite_env/lib/python3.9/site-packages/airflow/example_dags/example_task_group.py
[2024-10-13T22:25:34.727-0400] {logging_mixin.py:190} INFO - [2024-10-13T22:25:34.727-0400] {dag.py:3239} INFO - Sync 1 DAGs
[2024-10-13T22:25:34.743-0400] {logging_mixin.py:190} INFO - [2024-10-13T22:25:34.742-0400] {dag.py:4180} INFO - Setting next_dagrun for example_task_group to None, run_after=None
[2024-10-13T22:25:34.770-0400] {processor.py:208} INFO - Processing /Users/karenwang/anaconda3/envs/airflow_sqlite_env/lib/python3.9/site-packages/airflow/example_dags/example_task_group.py took 0.277 seconds
[2024-10-13T22:34:12.985-0400] {processor.py:186} INFO - Started process (PID=73859) to work on /Users/karenwang/anaconda3/envs/airflow_sqlite_env/lib/python3.9/site-packages/airflow/example_dags/example_task_group.py
[2024-10-13T22:34:12.986-0400] {processor.py:914} INFO - Processing file /Users/karenwang/anaconda3/envs/airflow_sqlite_env/lib/python3.9/site-packages/airflow/example_dags/example_task_group.py for tasks to queue
[2024-10-13T22:34:12.988-0400] {logging_mixin.py:190} INFO - [2024-10-13T22:34:12.988-0400] {dagbag.py:588} INFO - Filling up the DagBag from /Users/karenwang/anaconda3/envs/airflow_sqlite_env/lib/python3.9/site-packages/airflow/example_dags/example_task_group.py
[2024-10-13T22:34:13.001-0400] {processor.py:925} INFO - DAG(s) 'example_task_group' retrieved from /Users/karenwang/anaconda3/envs/airflow_sqlite_env/lib/python3.9/site-packages/airflow/example_dags/example_task_group.py
[2024-10-13T22:34:13.205-0400] {logging_mixin.py:190} INFO - [2024-10-13T22:34:13.204-0400] {dag.py:3239} INFO - Sync 1 DAGs
[2024-10-13T22:34:13.224-0400] {logging_mixin.py:190} INFO - [2024-10-13T22:34:13.224-0400] {dag.py:4180} INFO - Setting next_dagrun for example_task_group to None, run_after=None
[2024-10-13T22:34:13.249-0400] {processor.py:208} INFO - Processing /Users/karenwang/anaconda3/envs/airflow_sqlite_env/lib/python3.9/site-packages/airflow/example_dags/example_task_group.py took 0.270 seconds
[2024-10-13T22:40:17.177-0400] {processor.py:186} INFO - Started process (PID=75817) to work on /Users/karenwang/anaconda3/envs/airflow_sqlite_env/lib/python3.9/site-packages/airflow/example_dags/example_task_group.py
[2024-10-13T22:40:17.179-0400] {processor.py:914} INFO - Processing file /Users/karenwang/anaconda3/envs/airflow_sqlite_env/lib/python3.9/site-packages/airflow/example_dags/example_task_group.py for tasks to queue
[2024-10-13T22:40:17.180-0400] {logging_mixin.py:190} INFO - [2024-10-13T22:40:17.180-0400] {dagbag.py:588} INFO - Filling up the DagBag from /Users/karenwang/anaconda3/envs/airflow_sqlite_env/lib/python3.9/site-packages/airflow/example_dags/example_task_group.py
[2024-10-13T22:40:17.191-0400] {processor.py:925} INFO - DAG(s) 'example_task_group' retrieved from /Users/karenwang/anaconda3/envs/airflow_sqlite_env/lib/python3.9/site-packages/airflow/example_dags/example_task_group.py
[2024-10-13T22:40:17.392-0400] {logging_mixin.py:190} INFO - [2024-10-13T22:40:17.392-0400] {dag.py:3239} INFO - Sync 1 DAGs
[2024-10-13T22:40:17.409-0400] {logging_mixin.py:190} INFO - [2024-10-13T22:40:17.409-0400] {dag.py:4180} INFO - Setting next_dagrun for example_task_group to None, run_after=None
[2024-10-13T22:40:17.433-0400] {processor.py:208} INFO - Processing /Users/karenwang/anaconda3/envs/airflow_sqlite_env/lib/python3.9/site-packages/airflow/example_dags/example_task_group.py took 0.261 seconds
