[2024-10-13T20:00:27.064-0400] {processor.py:186} INFO - Started process (PID=25246) to work on /Users/karenwang/anaconda3/envs/airflow_sqlite_env/lib/python3.9/site-packages/airflow/example_dags/tutorial_taskflow_api.py
[2024-10-13T20:00:27.065-0400] {processor.py:914} INFO - Processing file /Users/karenwang/anaconda3/envs/airflow_sqlite_env/lib/python3.9/site-packages/airflow/example_dags/tutorial_taskflow_api.py for tasks to queue
[2024-10-13T20:00:27.067-0400] {logging_mixin.py:190} INFO - [2024-10-13T20:00:27.067-0400] {dagbag.py:588} INFO - Filling up the DagBag from /Users/karenwang/anaconda3/envs/airflow_sqlite_env/lib/python3.9/site-packages/airflow/example_dags/tutorial_taskflow_api.py
[2024-10-13T20:00:27.184-0400] {processor.py:925} INFO - DAG(s) 'tutorial_taskflow_api' retrieved from /Users/karenwang/anaconda3/envs/airflow_sqlite_env/lib/python3.9/site-packages/airflow/example_dags/tutorial_taskflow_api.py
[2024-10-13T20:00:27.360-0400] {logging_mixin.py:190} INFO - [2024-10-13T20:00:27.359-0400] {dag.py:3239} INFO - Sync 1 DAGs
[2024-10-13T20:00:27.378-0400] {logging_mixin.py:190} INFO - [2024-10-13T20:00:27.378-0400] {dag.py:4180} INFO - Setting next_dagrun for tutorial_taskflow_api to None, run_after=None
[2024-10-13T20:00:27.406-0400] {processor.py:208} INFO - Processing /Users/karenwang/anaconda3/envs/airflow_sqlite_env/lib/python3.9/site-packages/airflow/example_dags/tutorial_taskflow_api.py took 0.348 seconds
[2024-10-13T20:04:33.917-0400] {processor.py:186} INFO - Started process (PID=26544) to work on /Users/karenwang/anaconda3/envs/airflow_sqlite_env/lib/python3.9/site-packages/airflow/example_dags/tutorial_taskflow_api.py
[2024-10-13T20:04:33.918-0400] {processor.py:914} INFO - Processing file /Users/karenwang/anaconda3/envs/airflow_sqlite_env/lib/python3.9/site-packages/airflow/example_dags/tutorial_taskflow_api.py for tasks to queue
[2024-10-13T20:04:33.920-0400] {logging_mixin.py:190} INFO - [2024-10-13T20:04:33.919-0400] {dagbag.py:588} INFO - Filling up the DagBag from /Users/karenwang/anaconda3/envs/airflow_sqlite_env/lib/python3.9/site-packages/airflow/example_dags/tutorial_taskflow_api.py
[2024-10-13T20:04:34.035-0400] {processor.py:925} INFO - DAG(s) 'tutorial_taskflow_api' retrieved from /Users/karenwang/anaconda3/envs/airflow_sqlite_env/lib/python3.9/site-packages/airflow/example_dags/tutorial_taskflow_api.py
[2024-10-13T20:04:34.241-0400] {logging_mixin.py:190} INFO - [2024-10-13T20:04:34.241-0400] {dag.py:3239} INFO - Sync 1 DAGs
[2024-10-13T20:04:34.256-0400] {logging_mixin.py:190} INFO - [2024-10-13T20:04:34.256-0400] {dag.py:4180} INFO - Setting next_dagrun for tutorial_taskflow_api to None, run_after=None
[2024-10-13T20:04:34.283-0400] {processor.py:208} INFO - Processing /Users/karenwang/anaconda3/envs/airflow_sqlite_env/lib/python3.9/site-packages/airflow/example_dags/tutorial_taskflow_api.py took 0.372 seconds
[2024-10-13T20:08:39.334-0400] {processor.py:186} INFO - Started process (PID=27793) to work on /Users/karenwang/anaconda3/envs/airflow_sqlite_env/lib/python3.9/site-packages/airflow/example_dags/tutorial_taskflow_api.py
[2024-10-13T20:08:39.336-0400] {processor.py:914} INFO - Processing file /Users/karenwang/anaconda3/envs/airflow_sqlite_env/lib/python3.9/site-packages/airflow/example_dags/tutorial_taskflow_api.py for tasks to queue
[2024-10-13T20:08:39.338-0400] {logging_mixin.py:190} INFO - [2024-10-13T20:08:39.337-0400] {dagbag.py:588} INFO - Filling up the DagBag from /Users/karenwang/anaconda3/envs/airflow_sqlite_env/lib/python3.9/site-packages/airflow/example_dags/tutorial_taskflow_api.py
[2024-10-13T20:08:39.433-0400] {processor.py:925} INFO - DAG(s) 'tutorial_taskflow_api' retrieved from /Users/karenwang/anaconda3/envs/airflow_sqlite_env/lib/python3.9/site-packages/airflow/example_dags/tutorial_taskflow_api.py
[2024-10-13T20:08:39.579-0400] {logging_mixin.py:190} INFO - [2024-10-13T20:08:39.579-0400] {dag.py:3239} INFO - Sync 1 DAGs
[2024-10-13T20:08:39.592-0400] {logging_mixin.py:190} INFO - [2024-10-13T20:08:39.592-0400] {dag.py:4180} INFO - Setting next_dagrun for tutorial_taskflow_api to None, run_after=None
[2024-10-13T20:08:39.617-0400] {processor.py:208} INFO - Processing /Users/karenwang/anaconda3/envs/airflow_sqlite_env/lib/python3.9/site-packages/airflow/example_dags/tutorial_taskflow_api.py took 0.289 seconds
[2024-10-13T20:12:33.778-0400] {processor.py:186} INFO - Started process (PID=28984) to work on /Users/karenwang/anaconda3/envs/airflow_sqlite_env/lib/python3.9/site-packages/airflow/example_dags/tutorial_taskflow_api.py
[2024-10-13T20:12:33.779-0400] {processor.py:914} INFO - Processing file /Users/karenwang/anaconda3/envs/airflow_sqlite_env/lib/python3.9/site-packages/airflow/example_dags/tutorial_taskflow_api.py for tasks to queue
[2024-10-13T20:12:33.781-0400] {logging_mixin.py:190} INFO - [2024-10-13T20:12:33.781-0400] {dagbag.py:588} INFO - Filling up the DagBag from /Users/karenwang/anaconda3/envs/airflow_sqlite_env/lib/python3.9/site-packages/airflow/example_dags/tutorial_taskflow_api.py
[2024-10-13T20:12:33.870-0400] {processor.py:925} INFO - DAG(s) 'tutorial_taskflow_api' retrieved from /Users/karenwang/anaconda3/envs/airflow_sqlite_env/lib/python3.9/site-packages/airflow/example_dags/tutorial_taskflow_api.py
[2024-10-13T20:12:34.024-0400] {logging_mixin.py:190} INFO - [2024-10-13T20:12:34.024-0400] {dag.py:3239} INFO - Sync 1 DAGs
[2024-10-13T20:12:34.041-0400] {logging_mixin.py:190} INFO - [2024-10-13T20:12:34.040-0400] {dag.py:4180} INFO - Setting next_dagrun for tutorial_taskflow_api to None, run_after=None
[2024-10-13T20:12:34.066-0400] {processor.py:208} INFO - Processing /Users/karenwang/anaconda3/envs/airflow_sqlite_env/lib/python3.9/site-packages/airflow/example_dags/tutorial_taskflow_api.py took 0.294 seconds
[2024-10-13T20:16:43.471-0400] {processor.py:186} INFO - Started process (PID=30265) to work on /Users/karenwang/anaconda3/envs/airflow_sqlite_env/lib/python3.9/site-packages/airflow/example_dags/tutorial_taskflow_api.py
[2024-10-13T20:16:43.472-0400] {processor.py:914} INFO - Processing file /Users/karenwang/anaconda3/envs/airflow_sqlite_env/lib/python3.9/site-packages/airflow/example_dags/tutorial_taskflow_api.py for tasks to queue
[2024-10-13T20:16:43.474-0400] {logging_mixin.py:190} INFO - [2024-10-13T20:16:43.473-0400] {dagbag.py:588} INFO - Filling up the DagBag from /Users/karenwang/anaconda3/envs/airflow_sqlite_env/lib/python3.9/site-packages/airflow/example_dags/tutorial_taskflow_api.py
[2024-10-13T20:16:43.570-0400] {processor.py:925} INFO - DAG(s) 'tutorial_taskflow_api' retrieved from /Users/karenwang/anaconda3/envs/airflow_sqlite_env/lib/python3.9/site-packages/airflow/example_dags/tutorial_taskflow_api.py
[2024-10-13T20:16:43.718-0400] {logging_mixin.py:190} INFO - [2024-10-13T20:16:43.718-0400] {dag.py:3239} INFO - Sync 1 DAGs
[2024-10-13T20:16:43.732-0400] {logging_mixin.py:190} INFO - [2024-10-13T20:16:43.732-0400] {dag.py:4180} INFO - Setting next_dagrun for tutorial_taskflow_api to None, run_after=None
[2024-10-13T20:16:43.753-0400] {processor.py:208} INFO - Processing /Users/karenwang/anaconda3/envs/airflow_sqlite_env/lib/python3.9/site-packages/airflow/example_dags/tutorial_taskflow_api.py took 0.287 seconds
[2024-10-13T20:21:03.615-0400] {processor.py:186} INFO - Started process (PID=31640) to work on /Users/karenwang/anaconda3/envs/airflow_sqlite_env/lib/python3.9/site-packages/airflow/example_dags/tutorial_taskflow_api.py
[2024-10-13T20:21:03.617-0400] {processor.py:914} INFO - Processing file /Users/karenwang/anaconda3/envs/airflow_sqlite_env/lib/python3.9/site-packages/airflow/example_dags/tutorial_taskflow_api.py for tasks to queue
[2024-10-13T20:21:03.619-0400] {logging_mixin.py:190} INFO - [2024-10-13T20:21:03.619-0400] {dagbag.py:588} INFO - Filling up the DagBag from /Users/karenwang/anaconda3/envs/airflow_sqlite_env/lib/python3.9/site-packages/airflow/example_dags/tutorial_taskflow_api.py
[2024-10-13T20:21:03.740-0400] {processor.py:925} INFO - DAG(s) 'tutorial_taskflow_api' retrieved from /Users/karenwang/anaconda3/envs/airflow_sqlite_env/lib/python3.9/site-packages/airflow/example_dags/tutorial_taskflow_api.py
[2024-10-13T20:21:03.951-0400] {logging_mixin.py:190} INFO - [2024-10-13T20:21:03.950-0400] {dag.py:3239} INFO - Sync 1 DAGs
[2024-10-13T20:21:03.971-0400] {logging_mixin.py:190} INFO - [2024-10-13T20:21:03.971-0400] {dag.py:4180} INFO - Setting next_dagrun for tutorial_taskflow_api to None, run_after=None
[2024-10-13T20:21:04.000-0400] {processor.py:208} INFO - Processing /Users/karenwang/anaconda3/envs/airflow_sqlite_env/lib/python3.9/site-packages/airflow/example_dags/tutorial_taskflow_api.py took 0.393 seconds
[2024-10-13T20:26:41.018-0400] {processor.py:186} INFO - Started process (PID=33518) to work on /Users/karenwang/anaconda3/envs/airflow_sqlite_env/lib/python3.9/site-packages/airflow/example_dags/tutorial_taskflow_api.py
[2024-10-13T20:26:41.019-0400] {processor.py:914} INFO - Processing file /Users/karenwang/anaconda3/envs/airflow_sqlite_env/lib/python3.9/site-packages/airflow/example_dags/tutorial_taskflow_api.py for tasks to queue
[2024-10-13T20:26:41.021-0400] {logging_mixin.py:190} INFO - [2024-10-13T20:26:41.021-0400] {dagbag.py:588} INFO - Filling up the DagBag from /Users/karenwang/anaconda3/envs/airflow_sqlite_env/lib/python3.9/site-packages/airflow/example_dags/tutorial_taskflow_api.py
[2024-10-13T20:26:41.204-0400] {processor.py:925} INFO - DAG(s) 'tutorial_taskflow_api' retrieved from /Users/karenwang/anaconda3/envs/airflow_sqlite_env/lib/python3.9/site-packages/airflow/example_dags/tutorial_taskflow_api.py
[2024-10-13T20:26:41.498-0400] {logging_mixin.py:190} INFO - [2024-10-13T20:26:41.497-0400] {dag.py:3239} INFO - Sync 1 DAGs
[2024-10-13T20:26:41.521-0400] {logging_mixin.py:190} INFO - [2024-10-13T20:26:41.520-0400] {dag.py:4180} INFO - Setting next_dagrun for tutorial_taskflow_api to None, run_after=None
[2024-10-13T20:26:41.552-0400] {processor.py:208} INFO - Processing /Users/karenwang/anaconda3/envs/airflow_sqlite_env/lib/python3.9/site-packages/airflow/example_dags/tutorial_taskflow_api.py took 0.541 seconds
[2024-10-13T20:31:26.558-0400] {processor.py:186} INFO - Started process (PID=35151) to work on /Users/karenwang/anaconda3/envs/airflow_sqlite_env/lib/python3.9/site-packages/airflow/example_dags/tutorial_taskflow_api.py
[2024-10-13T20:31:26.559-0400] {processor.py:914} INFO - Processing file /Users/karenwang/anaconda3/envs/airflow_sqlite_env/lib/python3.9/site-packages/airflow/example_dags/tutorial_taskflow_api.py for tasks to queue
[2024-10-13T20:31:26.560-0400] {logging_mixin.py:190} INFO - [2024-10-13T20:31:26.559-0400] {dagbag.py:588} INFO - Filling up the DagBag from /Users/karenwang/anaconda3/envs/airflow_sqlite_env/lib/python3.9/site-packages/airflow/example_dags/tutorial_taskflow_api.py
[2024-10-13T20:31:26.644-0400] {processor.py:925} INFO - DAG(s) 'tutorial_taskflow_api' retrieved from /Users/karenwang/anaconda3/envs/airflow_sqlite_env/lib/python3.9/site-packages/airflow/example_dags/tutorial_taskflow_api.py
[2024-10-13T20:31:26.803-0400] {logging_mixin.py:190} INFO - [2024-10-13T20:31:26.803-0400] {dag.py:3239} INFO - Sync 1 DAGs
[2024-10-13T20:31:26.816-0400] {logging_mixin.py:190} INFO - [2024-10-13T20:31:26.816-0400] {dag.py:4180} INFO - Setting next_dagrun for tutorial_taskflow_api to None, run_after=None
[2024-10-13T20:31:26.840-0400] {processor.py:208} INFO - Processing /Users/karenwang/anaconda3/envs/airflow_sqlite_env/lib/python3.9/site-packages/airflow/example_dags/tutorial_taskflow_api.py took 0.288 seconds
[2024-10-13T20:35:05.883-0400] {processor.py:186} INFO - Started process (PID=36281) to work on /Users/karenwang/anaconda3/envs/airflow_sqlite_env/lib/python3.9/site-packages/airflow/example_dags/tutorial_taskflow_api.py
[2024-10-13T20:35:05.884-0400] {processor.py:914} INFO - Processing file /Users/karenwang/anaconda3/envs/airflow_sqlite_env/lib/python3.9/site-packages/airflow/example_dags/tutorial_taskflow_api.py for tasks to queue
[2024-10-13T20:35:05.885-0400] {logging_mixin.py:190} INFO - [2024-10-13T20:35:05.885-0400] {dagbag.py:588} INFO - Filling up the DagBag from /Users/karenwang/anaconda3/envs/airflow_sqlite_env/lib/python3.9/site-packages/airflow/example_dags/tutorial_taskflow_api.py
[2024-10-13T20:35:05.978-0400] {processor.py:925} INFO - DAG(s) 'tutorial_taskflow_api' retrieved from /Users/karenwang/anaconda3/envs/airflow_sqlite_env/lib/python3.9/site-packages/airflow/example_dags/tutorial_taskflow_api.py
[2024-10-13T20:35:06.111-0400] {logging_mixin.py:190} INFO - [2024-10-13T20:35:06.111-0400] {dag.py:3239} INFO - Sync 1 DAGs
[2024-10-13T20:35:06.130-0400] {logging_mixin.py:190} INFO - [2024-10-13T20:35:06.130-0400] {dag.py:4180} INFO - Setting next_dagrun for tutorial_taskflow_api to None, run_after=None
[2024-10-13T20:35:06.153-0400] {processor.py:208} INFO - Processing /Users/karenwang/anaconda3/envs/airflow_sqlite_env/lib/python3.9/site-packages/airflow/example_dags/tutorial_taskflow_api.py took 0.277 seconds
[2024-10-13T20:38:45.909-0400] {processor.py:186} INFO - Started process (PID=37441) to work on /Users/karenwang/anaconda3/envs/airflow_sqlite_env/lib/python3.9/site-packages/airflow/example_dags/tutorial_taskflow_api.py
[2024-10-13T20:38:45.910-0400] {processor.py:914} INFO - Processing file /Users/karenwang/anaconda3/envs/airflow_sqlite_env/lib/python3.9/site-packages/airflow/example_dags/tutorial_taskflow_api.py for tasks to queue
[2024-10-13T20:38:45.912-0400] {logging_mixin.py:190} INFO - [2024-10-13T20:38:45.911-0400] {dagbag.py:588} INFO - Filling up the DagBag from /Users/karenwang/anaconda3/envs/airflow_sqlite_env/lib/python3.9/site-packages/airflow/example_dags/tutorial_taskflow_api.py
[2024-10-13T20:38:46.003-0400] {processor.py:925} INFO - DAG(s) 'tutorial_taskflow_api' retrieved from /Users/karenwang/anaconda3/envs/airflow_sqlite_env/lib/python3.9/site-packages/airflow/example_dags/tutorial_taskflow_api.py
[2024-10-13T20:38:46.130-0400] {logging_mixin.py:190} INFO - [2024-10-13T20:38:46.129-0400] {dag.py:3239} INFO - Sync 1 DAGs
[2024-10-13T20:38:46.142-0400] {logging_mixin.py:190} INFO - [2024-10-13T20:38:46.142-0400] {dag.py:4180} INFO - Setting next_dagrun for tutorial_taskflow_api to None, run_after=None
[2024-10-13T20:38:46.162-0400] {processor.py:208} INFO - Processing /Users/karenwang/anaconda3/envs/airflow_sqlite_env/lib/python3.9/site-packages/airflow/example_dags/tutorial_taskflow_api.py took 0.259 seconds
[2024-10-13T20:42:25.473-0400] {processor.py:186} INFO - Started process (PID=38570) to work on /Users/karenwang/anaconda3/envs/airflow_sqlite_env/lib/python3.9/site-packages/airflow/example_dags/tutorial_taskflow_api.py
[2024-10-13T20:42:25.474-0400] {processor.py:914} INFO - Processing file /Users/karenwang/anaconda3/envs/airflow_sqlite_env/lib/python3.9/site-packages/airflow/example_dags/tutorial_taskflow_api.py for tasks to queue
[2024-10-13T20:42:25.476-0400] {logging_mixin.py:190} INFO - [2024-10-13T20:42:25.475-0400] {dagbag.py:588} INFO - Filling up the DagBag from /Users/karenwang/anaconda3/envs/airflow_sqlite_env/lib/python3.9/site-packages/airflow/example_dags/tutorial_taskflow_api.py
[2024-10-13T20:42:25.558-0400] {processor.py:925} INFO - DAG(s) 'tutorial_taskflow_api' retrieved from /Users/karenwang/anaconda3/envs/airflow_sqlite_env/lib/python3.9/site-packages/airflow/example_dags/tutorial_taskflow_api.py
[2024-10-13T20:42:25.713-0400] {logging_mixin.py:190} INFO - [2024-10-13T20:42:25.712-0400] {dag.py:3239} INFO - Sync 1 DAGs
[2024-10-13T20:42:25.725-0400] {logging_mixin.py:190} INFO - [2024-10-13T20:42:25.725-0400] {dag.py:4180} INFO - Setting next_dagrun for tutorial_taskflow_api to None, run_after=None
[2024-10-13T20:42:25.745-0400] {processor.py:208} INFO - Processing /Users/karenwang/anaconda3/envs/airflow_sqlite_env/lib/python3.9/site-packages/airflow/example_dags/tutorial_taskflow_api.py took 0.279 seconds
[2024-10-13T20:46:04.471-0400] {processor.py:186} INFO - Started process (PID=39711) to work on /Users/karenwang/anaconda3/envs/airflow_sqlite_env/lib/python3.9/site-packages/airflow/example_dags/tutorial_taskflow_api.py
[2024-10-13T20:46:04.473-0400] {processor.py:914} INFO - Processing file /Users/karenwang/anaconda3/envs/airflow_sqlite_env/lib/python3.9/site-packages/airflow/example_dags/tutorial_taskflow_api.py for tasks to queue
[2024-10-13T20:46:04.474-0400] {logging_mixin.py:190} INFO - [2024-10-13T20:46:04.474-0400] {dagbag.py:588} INFO - Filling up the DagBag from /Users/karenwang/anaconda3/envs/airflow_sqlite_env/lib/python3.9/site-packages/airflow/example_dags/tutorial_taskflow_api.py
[2024-10-13T20:46:04.561-0400] {processor.py:925} INFO - DAG(s) 'tutorial_taskflow_api' retrieved from /Users/karenwang/anaconda3/envs/airflow_sqlite_env/lib/python3.9/site-packages/airflow/example_dags/tutorial_taskflow_api.py
[2024-10-13T20:46:04.722-0400] {logging_mixin.py:190} INFO - [2024-10-13T20:46:04.722-0400] {dag.py:3239} INFO - Sync 1 DAGs
[2024-10-13T20:46:04.735-0400] {logging_mixin.py:190} INFO - [2024-10-13T20:46:04.734-0400] {dag.py:4180} INFO - Setting next_dagrun for tutorial_taskflow_api to None, run_after=None
[2024-10-13T20:46:04.756-0400] {processor.py:208} INFO - Processing /Users/karenwang/anaconda3/envs/airflow_sqlite_env/lib/python3.9/site-packages/airflow/example_dags/tutorial_taskflow_api.py took 0.290 seconds
[2024-10-13T20:49:44.309-0400] {processor.py:186} INFO - Started process (PID=40845) to work on /Users/karenwang/anaconda3/envs/airflow_sqlite_env/lib/python3.9/site-packages/airflow/example_dags/tutorial_taskflow_api.py
[2024-10-13T20:49:44.311-0400] {processor.py:914} INFO - Processing file /Users/karenwang/anaconda3/envs/airflow_sqlite_env/lib/python3.9/site-packages/airflow/example_dags/tutorial_taskflow_api.py for tasks to queue
[2024-10-13T20:49:44.312-0400] {logging_mixin.py:190} INFO - [2024-10-13T20:49:44.312-0400] {dagbag.py:588} INFO - Filling up the DagBag from /Users/karenwang/anaconda3/envs/airflow_sqlite_env/lib/python3.9/site-packages/airflow/example_dags/tutorial_taskflow_api.py
[2024-10-13T20:49:44.398-0400] {processor.py:925} INFO - DAG(s) 'tutorial_taskflow_api' retrieved from /Users/karenwang/anaconda3/envs/airflow_sqlite_env/lib/python3.9/site-packages/airflow/example_dags/tutorial_taskflow_api.py
[2024-10-13T20:49:44.523-0400] {logging_mixin.py:190} INFO - [2024-10-13T20:49:44.523-0400] {dag.py:3239} INFO - Sync 1 DAGs
[2024-10-13T20:49:44.535-0400] {logging_mixin.py:190} INFO - [2024-10-13T20:49:44.535-0400] {dag.py:4180} INFO - Setting next_dagrun for tutorial_taskflow_api to None, run_after=None
[2024-10-13T20:49:44.557-0400] {processor.py:208} INFO - Processing /Users/karenwang/anaconda3/envs/airflow_sqlite_env/lib/python3.9/site-packages/airflow/example_dags/tutorial_taskflow_api.py took 0.254 seconds
[2024-10-13T20:53:22.213-0400] {processor.py:186} INFO - Started process (PID=41989) to work on /Users/karenwang/anaconda3/envs/airflow_sqlite_env/lib/python3.9/site-packages/airflow/example_dags/tutorial_taskflow_api.py
[2024-10-13T20:53:22.215-0400] {processor.py:914} INFO - Processing file /Users/karenwang/anaconda3/envs/airflow_sqlite_env/lib/python3.9/site-packages/airflow/example_dags/tutorial_taskflow_api.py for tasks to queue
[2024-10-13T20:53:22.216-0400] {logging_mixin.py:190} INFO - [2024-10-13T20:53:22.216-0400] {dagbag.py:588} INFO - Filling up the DagBag from /Users/karenwang/anaconda3/envs/airflow_sqlite_env/lib/python3.9/site-packages/airflow/example_dags/tutorial_taskflow_api.py
[2024-10-13T20:53:22.311-0400] {processor.py:925} INFO - DAG(s) 'tutorial_taskflow_api' retrieved from /Users/karenwang/anaconda3/envs/airflow_sqlite_env/lib/python3.9/site-packages/airflow/example_dags/tutorial_taskflow_api.py
[2024-10-13T20:53:22.458-0400] {logging_mixin.py:190} INFO - [2024-10-13T20:53:22.457-0400] {dag.py:3239} INFO - Sync 1 DAGs
[2024-10-13T20:53:22.471-0400] {logging_mixin.py:190} INFO - [2024-10-13T20:53:22.470-0400] {dag.py:4180} INFO - Setting next_dagrun for tutorial_taskflow_api to None, run_after=None
[2024-10-13T20:53:22.494-0400] {processor.py:208} INFO - Processing /Users/karenwang/anaconda3/envs/airflow_sqlite_env/lib/python3.9/site-packages/airflow/example_dags/tutorial_taskflow_api.py took 0.288 seconds
[2024-10-13T20:57:04.092-0400] {processor.py:186} INFO - Started process (PID=43131) to work on /Users/karenwang/anaconda3/envs/airflow_sqlite_env/lib/python3.9/site-packages/airflow/example_dags/tutorial_taskflow_api.py
[2024-10-13T20:57:04.094-0400] {processor.py:914} INFO - Processing file /Users/karenwang/anaconda3/envs/airflow_sqlite_env/lib/python3.9/site-packages/airflow/example_dags/tutorial_taskflow_api.py for tasks to queue
[2024-10-13T20:57:04.095-0400] {logging_mixin.py:190} INFO - [2024-10-13T20:57:04.095-0400] {dagbag.py:588} INFO - Filling up the DagBag from /Users/karenwang/anaconda3/envs/airflow_sqlite_env/lib/python3.9/site-packages/airflow/example_dags/tutorial_taskflow_api.py
[2024-10-13T20:57:04.186-0400] {processor.py:925} INFO - DAG(s) 'tutorial_taskflow_api' retrieved from /Users/karenwang/anaconda3/envs/airflow_sqlite_env/lib/python3.9/site-packages/airflow/example_dags/tutorial_taskflow_api.py
[2024-10-13T20:57:04.312-0400] {logging_mixin.py:190} INFO - [2024-10-13T20:57:04.312-0400] {dag.py:3239} INFO - Sync 1 DAGs
[2024-10-13T20:57:04.326-0400] {logging_mixin.py:190} INFO - [2024-10-13T20:57:04.326-0400] {dag.py:4180} INFO - Setting next_dagrun for tutorial_taskflow_api to None, run_after=None
[2024-10-13T20:57:04.345-0400] {processor.py:208} INFO - Processing /Users/karenwang/anaconda3/envs/airflow_sqlite_env/lib/python3.9/site-packages/airflow/example_dags/tutorial_taskflow_api.py took 0.258 seconds
[2024-10-13T21:00:44.908-0400] {processor.py:186} INFO - Started process (PID=44272) to work on /Users/karenwang/anaconda3/envs/airflow_sqlite_env/lib/python3.9/site-packages/airflow/example_dags/tutorial_taskflow_api.py
[2024-10-13T21:00:44.910-0400] {processor.py:914} INFO - Processing file /Users/karenwang/anaconda3/envs/airflow_sqlite_env/lib/python3.9/site-packages/airflow/example_dags/tutorial_taskflow_api.py for tasks to queue
[2024-10-13T21:00:44.911-0400] {logging_mixin.py:190} INFO - [2024-10-13T21:00:44.911-0400] {dagbag.py:588} INFO - Filling up the DagBag from /Users/karenwang/anaconda3/envs/airflow_sqlite_env/lib/python3.9/site-packages/airflow/example_dags/tutorial_taskflow_api.py
[2024-10-13T21:00:45.002-0400] {processor.py:925} INFO - DAG(s) 'tutorial_taskflow_api' retrieved from /Users/karenwang/anaconda3/envs/airflow_sqlite_env/lib/python3.9/site-packages/airflow/example_dags/tutorial_taskflow_api.py
[2024-10-13T21:00:45.153-0400] {logging_mixin.py:190} INFO - [2024-10-13T21:00:45.153-0400] {dag.py:3239} INFO - Sync 1 DAGs
[2024-10-13T21:00:45.165-0400] {logging_mixin.py:190} INFO - [2024-10-13T21:00:45.165-0400] {dag.py:4180} INFO - Setting next_dagrun for tutorial_taskflow_api to None, run_after=None
[2024-10-13T21:00:45.187-0400] {processor.py:208} INFO - Processing /Users/karenwang/anaconda3/envs/airflow_sqlite_env/lib/python3.9/site-packages/airflow/example_dags/tutorial_taskflow_api.py took 0.284 seconds
[2024-10-13T21:04:23.213-0400] {processor.py:186} INFO - Started process (PID=45405) to work on /Users/karenwang/anaconda3/envs/airflow_sqlite_env/lib/python3.9/site-packages/airflow/example_dags/tutorial_taskflow_api.py
[2024-10-13T21:04:23.215-0400] {processor.py:914} INFO - Processing file /Users/karenwang/anaconda3/envs/airflow_sqlite_env/lib/python3.9/site-packages/airflow/example_dags/tutorial_taskflow_api.py for tasks to queue
[2024-10-13T21:04:23.216-0400] {logging_mixin.py:190} INFO - [2024-10-13T21:04:23.215-0400] {dagbag.py:588} INFO - Filling up the DagBag from /Users/karenwang/anaconda3/envs/airflow_sqlite_env/lib/python3.9/site-packages/airflow/example_dags/tutorial_taskflow_api.py
[2024-10-13T21:04:23.308-0400] {processor.py:925} INFO - DAG(s) 'tutorial_taskflow_api' retrieved from /Users/karenwang/anaconda3/envs/airflow_sqlite_env/lib/python3.9/site-packages/airflow/example_dags/tutorial_taskflow_api.py
[2024-10-13T21:04:23.450-0400] {logging_mixin.py:190} INFO - [2024-10-13T21:04:23.450-0400] {dag.py:3239} INFO - Sync 1 DAGs
[2024-10-13T21:04:23.463-0400] {logging_mixin.py:190} INFO - [2024-10-13T21:04:23.462-0400] {dag.py:4180} INFO - Setting next_dagrun for tutorial_taskflow_api to None, run_after=None
[2024-10-13T21:04:23.485-0400] {processor.py:208} INFO - Processing /Users/karenwang/anaconda3/envs/airflow_sqlite_env/lib/python3.9/site-packages/airflow/example_dags/tutorial_taskflow_api.py took 0.279 seconds
[2024-10-13T21:09:40.362-0400] {processor.py:186} INFO - Started process (PID=47130) to work on /Users/karenwang/anaconda3/envs/airflow_sqlite_env/lib/python3.9/site-packages/airflow/example_dags/tutorial_taskflow_api.py
[2024-10-13T21:09:40.363-0400] {processor.py:914} INFO - Processing file /Users/karenwang/anaconda3/envs/airflow_sqlite_env/lib/python3.9/site-packages/airflow/example_dags/tutorial_taskflow_api.py for tasks to queue
[2024-10-13T21:09:40.365-0400] {logging_mixin.py:190} INFO - [2024-10-13T21:09:40.364-0400] {dagbag.py:588} INFO - Filling up the DagBag from /Users/karenwang/anaconda3/envs/airflow_sqlite_env/lib/python3.9/site-packages/airflow/example_dags/tutorial_taskflow_api.py
[2024-10-13T21:09:40.465-0400] {processor.py:925} INFO - DAG(s) 'tutorial_taskflow_api' retrieved from /Users/karenwang/anaconda3/envs/airflow_sqlite_env/lib/python3.9/site-packages/airflow/example_dags/tutorial_taskflow_api.py
[2024-10-13T21:09:40.614-0400] {logging_mixin.py:190} INFO - [2024-10-13T21:09:40.613-0400] {dag.py:3239} INFO - Sync 1 DAGs
[2024-10-13T21:09:40.632-0400] {logging_mixin.py:190} INFO - [2024-10-13T21:09:40.631-0400] {dag.py:4180} INFO - Setting next_dagrun for tutorial_taskflow_api to None, run_after=None
[2024-10-13T21:09:40.658-0400] {processor.py:208} INFO - Processing /Users/karenwang/anaconda3/envs/airflow_sqlite_env/lib/python3.9/site-packages/airflow/example_dags/tutorial_taskflow_api.py took 0.303 seconds
[2024-10-13T21:14:16.575-0400] {processor.py:186} INFO - Started process (PID=48564) to work on /Users/karenwang/anaconda3/envs/airflow_sqlite_env/lib/python3.9/site-packages/airflow/example_dags/tutorial_taskflow_api.py
[2024-10-13T21:14:16.577-0400] {processor.py:914} INFO - Processing file /Users/karenwang/anaconda3/envs/airflow_sqlite_env/lib/python3.9/site-packages/airflow/example_dags/tutorial_taskflow_api.py for tasks to queue
[2024-10-13T21:14:16.578-0400] {logging_mixin.py:190} INFO - [2024-10-13T21:14:16.578-0400] {dagbag.py:588} INFO - Filling up the DagBag from /Users/karenwang/anaconda3/envs/airflow_sqlite_env/lib/python3.9/site-packages/airflow/example_dags/tutorial_taskflow_api.py
[2024-10-13T21:14:16.690-0400] {processor.py:925} INFO - DAG(s) 'tutorial_taskflow_api' retrieved from /Users/karenwang/anaconda3/envs/airflow_sqlite_env/lib/python3.9/site-packages/airflow/example_dags/tutorial_taskflow_api.py
[2024-10-13T21:14:16.855-0400] {logging_mixin.py:190} INFO - [2024-10-13T21:14:16.854-0400] {dag.py:3239} INFO - Sync 1 DAGs
[2024-10-13T21:14:16.871-0400] {logging_mixin.py:190} INFO - [2024-10-13T21:14:16.871-0400] {dag.py:4180} INFO - Setting next_dagrun for tutorial_taskflow_api to None, run_after=None
[2024-10-13T21:14:16.895-0400] {processor.py:208} INFO - Processing /Users/karenwang/anaconda3/envs/airflow_sqlite_env/lib/python3.9/site-packages/airflow/example_dags/tutorial_taskflow_api.py took 0.326 seconds
[2024-10-13T21:18:14.129-0400] {processor.py:186} INFO - Started process (PID=50020) to work on /Users/karenwang/anaconda3/envs/airflow_sqlite_env/lib/python3.9/site-packages/airflow/example_dags/tutorial_taskflow_api.py
[2024-10-13T21:18:14.138-0400] {processor.py:914} INFO - Processing file /Users/karenwang/anaconda3/envs/airflow_sqlite_env/lib/python3.9/site-packages/airflow/example_dags/tutorial_taskflow_api.py for tasks to queue
[2024-10-13T21:18:14.139-0400] {logging_mixin.py:190} INFO - [2024-10-13T21:18:14.139-0400] {dagbag.py:588} INFO - Filling up the DagBag from /Users/karenwang/anaconda3/envs/airflow_sqlite_env/lib/python3.9/site-packages/airflow/example_dags/tutorial_taskflow_api.py
[2024-10-13T21:18:14.224-0400] {processor.py:925} INFO - DAG(s) 'tutorial_taskflow_api' retrieved from /Users/karenwang/anaconda3/envs/airflow_sqlite_env/lib/python3.9/site-packages/airflow/example_dags/tutorial_taskflow_api.py
[2024-10-13T21:18:14.369-0400] {logging_mixin.py:190} INFO - [2024-10-13T21:18:14.369-0400] {dag.py:3239} INFO - Sync 1 DAGs
[2024-10-13T21:18:14.386-0400] {logging_mixin.py:190} INFO - [2024-10-13T21:18:14.386-0400] {dag.py:4180} INFO - Setting next_dagrun for tutorial_taskflow_api to None, run_after=None
[2024-10-13T21:18:14.409-0400] {processor.py:208} INFO - Processing /Users/karenwang/anaconda3/envs/airflow_sqlite_env/lib/python3.9/site-packages/airflow/example_dags/tutorial_taskflow_api.py took 0.286 seconds
[2024-10-13T21:21:54.042-0400] {processor.py:186} INFO - Started process (PID=51152) to work on /Users/karenwang/anaconda3/envs/airflow_sqlite_env/lib/python3.9/site-packages/airflow/example_dags/tutorial_taskflow_api.py
[2024-10-13T21:21:54.044-0400] {processor.py:914} INFO - Processing file /Users/karenwang/anaconda3/envs/airflow_sqlite_env/lib/python3.9/site-packages/airflow/example_dags/tutorial_taskflow_api.py for tasks to queue
[2024-10-13T21:21:54.045-0400] {logging_mixin.py:190} INFO - [2024-10-13T21:21:54.045-0400] {dagbag.py:588} INFO - Filling up the DagBag from /Users/karenwang/anaconda3/envs/airflow_sqlite_env/lib/python3.9/site-packages/airflow/example_dags/tutorial_taskflow_api.py
[2024-10-13T21:21:54.137-0400] {processor.py:925} INFO - DAG(s) 'tutorial_taskflow_api' retrieved from /Users/karenwang/anaconda3/envs/airflow_sqlite_env/lib/python3.9/site-packages/airflow/example_dags/tutorial_taskflow_api.py
[2024-10-13T21:21:54.286-0400] {logging_mixin.py:190} INFO - [2024-10-13T21:21:54.286-0400] {dag.py:3239} INFO - Sync 1 DAGs
[2024-10-13T21:21:54.301-0400] {logging_mixin.py:190} INFO - [2024-10-13T21:21:54.301-0400] {dag.py:4180} INFO - Setting next_dagrun for tutorial_taskflow_api to None, run_after=None
[2024-10-13T21:21:54.323-0400] {processor.py:208} INFO - Processing /Users/karenwang/anaconda3/envs/airflow_sqlite_env/lib/python3.9/site-packages/airflow/example_dags/tutorial_taskflow_api.py took 0.286 seconds
[2024-10-13T21:25:36.344-0400] {processor.py:186} INFO - Started process (PID=52299) to work on /Users/karenwang/anaconda3/envs/airflow_sqlite_env/lib/python3.9/site-packages/airflow/example_dags/tutorial_taskflow_api.py
[2024-10-13T21:25:36.345-0400] {processor.py:914} INFO - Processing file /Users/karenwang/anaconda3/envs/airflow_sqlite_env/lib/python3.9/site-packages/airflow/example_dags/tutorial_taskflow_api.py for tasks to queue
[2024-10-13T21:25:36.347-0400] {logging_mixin.py:190} INFO - [2024-10-13T21:25:36.346-0400] {dagbag.py:588} INFO - Filling up the DagBag from /Users/karenwang/anaconda3/envs/airflow_sqlite_env/lib/python3.9/site-packages/airflow/example_dags/tutorial_taskflow_api.py
[2024-10-13T21:25:36.437-0400] {processor.py:925} INFO - DAG(s) 'tutorial_taskflow_api' retrieved from /Users/karenwang/anaconda3/envs/airflow_sqlite_env/lib/python3.9/site-packages/airflow/example_dags/tutorial_taskflow_api.py
[2024-10-13T21:25:36.580-0400] {logging_mixin.py:190} INFO - [2024-10-13T21:25:36.579-0400] {dag.py:3239} INFO - Sync 1 DAGs
[2024-10-13T21:25:36.592-0400] {logging_mixin.py:190} INFO - [2024-10-13T21:25:36.592-0400] {dag.py:4180} INFO - Setting next_dagrun for tutorial_taskflow_api to None, run_after=None
[2024-10-13T21:25:36.613-0400] {processor.py:208} INFO - Processing /Users/karenwang/anaconda3/envs/airflow_sqlite_env/lib/python3.9/site-packages/airflow/example_dags/tutorial_taskflow_api.py took 0.276 seconds
[2024-10-13T21:29:21.948-0400] {processor.py:186} INFO - Started process (PID=53486) to work on /Users/karenwang/anaconda3/envs/airflow_sqlite_env/lib/python3.9/site-packages/airflow/example_dags/tutorial_taskflow_api.py
[2024-10-13T21:29:21.949-0400] {processor.py:914} INFO - Processing file /Users/karenwang/anaconda3/envs/airflow_sqlite_env/lib/python3.9/site-packages/airflow/example_dags/tutorial_taskflow_api.py for tasks to queue
[2024-10-13T21:29:21.951-0400] {logging_mixin.py:190} INFO - [2024-10-13T21:29:21.950-0400] {dagbag.py:588} INFO - Filling up the DagBag from /Users/karenwang/anaconda3/envs/airflow_sqlite_env/lib/python3.9/site-packages/airflow/example_dags/tutorial_taskflow_api.py
[2024-10-13T21:29:22.043-0400] {processor.py:925} INFO - DAG(s) 'tutorial_taskflow_api' retrieved from /Users/karenwang/anaconda3/envs/airflow_sqlite_env/lib/python3.9/site-packages/airflow/example_dags/tutorial_taskflow_api.py
[2024-10-13T21:29:22.194-0400] {logging_mixin.py:190} INFO - [2024-10-13T21:29:22.194-0400] {dag.py:3239} INFO - Sync 1 DAGs
[2024-10-13T21:29:22.206-0400] {logging_mixin.py:190} INFO - [2024-10-13T21:29:22.206-0400] {dag.py:4180} INFO - Setting next_dagrun for tutorial_taskflow_api to None, run_after=None
[2024-10-13T21:29:22.226-0400] {processor.py:208} INFO - Processing /Users/karenwang/anaconda3/envs/airflow_sqlite_env/lib/python3.9/site-packages/airflow/example_dags/tutorial_taskflow_api.py took 0.285 seconds
[2024-10-13T21:33:23.099-0400] {processor.py:186} INFO - Started process (PID=54730) to work on /Users/karenwang/anaconda3/envs/airflow_sqlite_env/lib/python3.9/site-packages/airflow/example_dags/tutorial_taskflow_api.py
[2024-10-13T21:33:23.100-0400] {processor.py:914} INFO - Processing file /Users/karenwang/anaconda3/envs/airflow_sqlite_env/lib/python3.9/site-packages/airflow/example_dags/tutorial_taskflow_api.py for tasks to queue
[2024-10-13T21:33:23.102-0400] {logging_mixin.py:190} INFO - [2024-10-13T21:33:23.102-0400] {dagbag.py:588} INFO - Filling up the DagBag from /Users/karenwang/anaconda3/envs/airflow_sqlite_env/lib/python3.9/site-packages/airflow/example_dags/tutorial_taskflow_api.py
[2024-10-13T21:33:23.209-0400] {processor.py:925} INFO - DAG(s) 'tutorial_taskflow_api' retrieved from /Users/karenwang/anaconda3/envs/airflow_sqlite_env/lib/python3.9/site-packages/airflow/example_dags/tutorial_taskflow_api.py
[2024-10-13T21:33:23.371-0400] {logging_mixin.py:190} INFO - [2024-10-13T21:33:23.370-0400] {dag.py:3239} INFO - Sync 1 DAGs
[2024-10-13T21:33:23.388-0400] {logging_mixin.py:190} INFO - [2024-10-13T21:33:23.387-0400] {dag.py:4180} INFO - Setting next_dagrun for tutorial_taskflow_api to None, run_after=None
[2024-10-13T21:33:23.412-0400] {processor.py:208} INFO - Processing /Users/karenwang/anaconda3/envs/airflow_sqlite_env/lib/python3.9/site-packages/airflow/example_dags/tutorial_taskflow_api.py took 0.320 seconds
[2024-10-13T21:37:16.522-0400] {processor.py:186} INFO - Started process (PID=55976) to work on /Users/karenwang/anaconda3/envs/airflow_sqlite_env/lib/python3.9/site-packages/airflow/example_dags/tutorial_taskflow_api.py
[2024-10-13T21:37:16.524-0400] {processor.py:914} INFO - Processing file /Users/karenwang/anaconda3/envs/airflow_sqlite_env/lib/python3.9/site-packages/airflow/example_dags/tutorial_taskflow_api.py for tasks to queue
[2024-10-13T21:37:16.525-0400] {logging_mixin.py:190} INFO - [2024-10-13T21:37:16.524-0400] {dagbag.py:588} INFO - Filling up the DagBag from /Users/karenwang/anaconda3/envs/airflow_sqlite_env/lib/python3.9/site-packages/airflow/example_dags/tutorial_taskflow_api.py
[2024-10-13T21:37:16.635-0400] {processor.py:925} INFO - DAG(s) 'tutorial_taskflow_api' retrieved from /Users/karenwang/anaconda3/envs/airflow_sqlite_env/lib/python3.9/site-packages/airflow/example_dags/tutorial_taskflow_api.py
[2024-10-13T21:37:16.807-0400] {logging_mixin.py:190} INFO - [2024-10-13T21:37:16.806-0400] {dag.py:3239} INFO - Sync 1 DAGs
[2024-10-13T21:37:16.823-0400] {logging_mixin.py:190} INFO - [2024-10-13T21:37:16.823-0400] {dag.py:4180} INFO - Setting next_dagrun for tutorial_taskflow_api to None, run_after=None
[2024-10-13T21:37:16.843-0400] {processor.py:208} INFO - Processing /Users/karenwang/anaconda3/envs/airflow_sqlite_env/lib/python3.9/site-packages/airflow/example_dags/tutorial_taskflow_api.py took 0.327 seconds
[2024-10-13T21:41:10.985-0400] {processor.py:186} INFO - Started process (PID=57182) to work on /Users/karenwang/anaconda3/envs/airflow_sqlite_env/lib/python3.9/site-packages/airflow/example_dags/tutorial_taskflow_api.py
[2024-10-13T21:41:10.986-0400] {processor.py:914} INFO - Processing file /Users/karenwang/anaconda3/envs/airflow_sqlite_env/lib/python3.9/site-packages/airflow/example_dags/tutorial_taskflow_api.py for tasks to queue
[2024-10-13T21:41:10.988-0400] {logging_mixin.py:190} INFO - [2024-10-13T21:41:10.988-0400] {dagbag.py:588} INFO - Filling up the DagBag from /Users/karenwang/anaconda3/envs/airflow_sqlite_env/lib/python3.9/site-packages/airflow/example_dags/tutorial_taskflow_api.py
[2024-10-13T21:41:11.110-0400] {processor.py:925} INFO - DAG(s) 'tutorial_taskflow_api' retrieved from /Users/karenwang/anaconda3/envs/airflow_sqlite_env/lib/python3.9/site-packages/airflow/example_dags/tutorial_taskflow_api.py
[2024-10-13T21:41:11.268-0400] {logging_mixin.py:190} INFO - [2024-10-13T21:41:11.268-0400] {dag.py:3239} INFO - Sync 1 DAGs
[2024-10-13T21:41:11.284-0400] {logging_mixin.py:190} INFO - [2024-10-13T21:41:11.284-0400] {dag.py:4180} INFO - Setting next_dagrun for tutorial_taskflow_api to None, run_after=None
[2024-10-13T21:41:11.307-0400] {processor.py:208} INFO - Processing /Users/karenwang/anaconda3/envs/airflow_sqlite_env/lib/python3.9/site-packages/airflow/example_dags/tutorial_taskflow_api.py took 0.329 seconds
[2024-10-13T21:45:02.108-0400] {processor.py:186} INFO - Started process (PID=58361) to work on /Users/karenwang/anaconda3/envs/airflow_sqlite_env/lib/python3.9/site-packages/airflow/example_dags/tutorial_taskflow_api.py
[2024-10-13T21:45:02.110-0400] {processor.py:914} INFO - Processing file /Users/karenwang/anaconda3/envs/airflow_sqlite_env/lib/python3.9/site-packages/airflow/example_dags/tutorial_taskflow_api.py for tasks to queue
[2024-10-13T21:45:02.112-0400] {logging_mixin.py:190} INFO - [2024-10-13T21:45:02.111-0400] {dagbag.py:588} INFO - Filling up the DagBag from /Users/karenwang/anaconda3/envs/airflow_sqlite_env/lib/python3.9/site-packages/airflow/example_dags/tutorial_taskflow_api.py
[2024-10-13T21:45:02.214-0400] {processor.py:925} INFO - DAG(s) 'tutorial_taskflow_api' retrieved from /Users/karenwang/anaconda3/envs/airflow_sqlite_env/lib/python3.9/site-packages/airflow/example_dags/tutorial_taskflow_api.py
[2024-10-13T21:45:02.374-0400] {logging_mixin.py:190} INFO - [2024-10-13T21:45:02.373-0400] {dag.py:3239} INFO - Sync 1 DAGs
[2024-10-13T21:45:02.390-0400] {logging_mixin.py:190} INFO - [2024-10-13T21:45:02.390-0400] {dag.py:4180} INFO - Setting next_dagrun for tutorial_taskflow_api to None, run_after=None
[2024-10-13T21:45:02.412-0400] {processor.py:208} INFO - Processing /Users/karenwang/anaconda3/envs/airflow_sqlite_env/lib/python3.9/site-packages/airflow/example_dags/tutorial_taskflow_api.py took 0.310 seconds
[2024-10-13T21:49:03.933-0400] {processor.py:186} INFO - Started process (PID=59640) to work on /Users/karenwang/anaconda3/envs/airflow_sqlite_env/lib/python3.9/site-packages/airflow/example_dags/tutorial_taskflow_api.py
[2024-10-13T21:49:03.934-0400] {processor.py:914} INFO - Processing file /Users/karenwang/anaconda3/envs/airflow_sqlite_env/lib/python3.9/site-packages/airflow/example_dags/tutorial_taskflow_api.py for tasks to queue
[2024-10-13T21:49:03.936-0400] {logging_mixin.py:190} INFO - [2024-10-13T21:49:03.936-0400] {dagbag.py:588} INFO - Filling up the DagBag from /Users/karenwang/anaconda3/envs/airflow_sqlite_env/lib/python3.9/site-packages/airflow/example_dags/tutorial_taskflow_api.py
[2024-10-13T21:49:04.033-0400] {processor.py:925} INFO - DAG(s) 'tutorial_taskflow_api' retrieved from /Users/karenwang/anaconda3/envs/airflow_sqlite_env/lib/python3.9/site-packages/airflow/example_dags/tutorial_taskflow_api.py
[2024-10-13T21:49:04.192-0400] {logging_mixin.py:190} INFO - [2024-10-13T21:49:04.192-0400] {dag.py:3239} INFO - Sync 1 DAGs
[2024-10-13T21:49:04.206-0400] {logging_mixin.py:190} INFO - [2024-10-13T21:49:04.205-0400] {dag.py:4180} INFO - Setting next_dagrun for tutorial_taskflow_api to None, run_after=None
[2024-10-13T21:49:04.229-0400] {processor.py:208} INFO - Processing /Users/karenwang/anaconda3/envs/airflow_sqlite_env/lib/python3.9/site-packages/airflow/example_dags/tutorial_taskflow_api.py took 0.302 seconds
[2024-10-13T21:53:05.438-0400] {processor.py:186} INFO - Started process (PID=60865) to work on /Users/karenwang/anaconda3/envs/airflow_sqlite_env/lib/python3.9/site-packages/airflow/example_dags/tutorial_taskflow_api.py
[2024-10-13T21:53:05.439-0400] {processor.py:914} INFO - Processing file /Users/karenwang/anaconda3/envs/airflow_sqlite_env/lib/python3.9/site-packages/airflow/example_dags/tutorial_taskflow_api.py for tasks to queue
[2024-10-13T21:53:05.441-0400] {logging_mixin.py:190} INFO - [2024-10-13T21:53:05.440-0400] {dagbag.py:588} INFO - Filling up the DagBag from /Users/karenwang/anaconda3/envs/airflow_sqlite_env/lib/python3.9/site-packages/airflow/example_dags/tutorial_taskflow_api.py
[2024-10-13T21:53:05.546-0400] {processor.py:925} INFO - DAG(s) 'tutorial_taskflow_api' retrieved from /Users/karenwang/anaconda3/envs/airflow_sqlite_env/lib/python3.9/site-packages/airflow/example_dags/tutorial_taskflow_api.py
[2024-10-13T21:53:05.705-0400] {logging_mixin.py:190} INFO - [2024-10-13T21:53:05.704-0400] {dag.py:3239} INFO - Sync 1 DAGs
[2024-10-13T21:53:05.723-0400] {logging_mixin.py:190} INFO - [2024-10-13T21:53:05.723-0400] {dag.py:4180} INFO - Setting next_dagrun for tutorial_taskflow_api to None, run_after=None
[2024-10-13T21:53:05.746-0400] {processor.py:208} INFO - Processing /Users/karenwang/anaconda3/envs/airflow_sqlite_env/lib/python3.9/site-packages/airflow/example_dags/tutorial_taskflow_api.py took 0.315 seconds
[2024-10-13T21:57:05.079-0400] {processor.py:186} INFO - Started process (PID=62105) to work on /Users/karenwang/anaconda3/envs/airflow_sqlite_env/lib/python3.9/site-packages/airflow/example_dags/tutorial_taskflow_api.py
[2024-10-13T21:57:05.080-0400] {processor.py:914} INFO - Processing file /Users/karenwang/anaconda3/envs/airflow_sqlite_env/lib/python3.9/site-packages/airflow/example_dags/tutorial_taskflow_api.py for tasks to queue
[2024-10-13T21:57:05.081-0400] {logging_mixin.py:190} INFO - [2024-10-13T21:57:05.081-0400] {dagbag.py:588} INFO - Filling up the DagBag from /Users/karenwang/anaconda3/envs/airflow_sqlite_env/lib/python3.9/site-packages/airflow/example_dags/tutorial_taskflow_api.py
[2024-10-13T21:57:05.192-0400] {processor.py:925} INFO - DAG(s) 'tutorial_taskflow_api' retrieved from /Users/karenwang/anaconda3/envs/airflow_sqlite_env/lib/python3.9/site-packages/airflow/example_dags/tutorial_taskflow_api.py
[2024-10-13T21:57:05.359-0400] {logging_mixin.py:190} INFO - [2024-10-13T21:57:05.359-0400] {dag.py:3239} INFO - Sync 1 DAGs
[2024-10-13T21:57:05.377-0400] {logging_mixin.py:190} INFO - [2024-10-13T21:57:05.377-0400] {dag.py:4180} INFO - Setting next_dagrun for tutorial_taskflow_api to None, run_after=None
[2024-10-13T21:57:05.403-0400] {processor.py:208} INFO - Processing /Users/karenwang/anaconda3/envs/airflow_sqlite_env/lib/python3.9/site-packages/airflow/example_dags/tutorial_taskflow_api.py took 0.331 seconds
[2024-10-13T22:00:51.059-0400] {processor.py:186} INFO - Started process (PID=63262) to work on /Users/karenwang/anaconda3/envs/airflow_sqlite_env/lib/python3.9/site-packages/airflow/example_dags/tutorial_taskflow_api.py
[2024-10-13T22:00:51.061-0400] {processor.py:914} INFO - Processing file /Users/karenwang/anaconda3/envs/airflow_sqlite_env/lib/python3.9/site-packages/airflow/example_dags/tutorial_taskflow_api.py for tasks to queue
[2024-10-13T22:00:51.062-0400] {logging_mixin.py:190} INFO - [2024-10-13T22:00:51.062-0400] {dagbag.py:588} INFO - Filling up the DagBag from /Users/karenwang/anaconda3/envs/airflow_sqlite_env/lib/python3.9/site-packages/airflow/example_dags/tutorial_taskflow_api.py
[2024-10-13T22:00:51.160-0400] {processor.py:925} INFO - DAG(s) 'tutorial_taskflow_api' retrieved from /Users/karenwang/anaconda3/envs/airflow_sqlite_env/lib/python3.9/site-packages/airflow/example_dags/tutorial_taskflow_api.py
[2024-10-13T22:00:51.312-0400] {logging_mixin.py:190} INFO - [2024-10-13T22:00:51.312-0400] {dag.py:3239} INFO - Sync 1 DAGs
[2024-10-13T22:00:51.329-0400] {logging_mixin.py:190} INFO - [2024-10-13T22:00:51.329-0400] {dag.py:4180} INFO - Setting next_dagrun for tutorial_taskflow_api to None, run_after=None
[2024-10-13T22:00:51.354-0400] {processor.py:208} INFO - Processing /Users/karenwang/anaconda3/envs/airflow_sqlite_env/lib/python3.9/site-packages/airflow/example_dags/tutorial_taskflow_api.py took 0.301 seconds
[2024-10-13T22:04:47.171-0400] {processor.py:186} INFO - Started process (PID=64488) to work on /Users/karenwang/anaconda3/envs/airflow_sqlite_env/lib/python3.9/site-packages/airflow/example_dags/tutorial_taskflow_api.py
[2024-10-13T22:04:47.173-0400] {processor.py:914} INFO - Processing file /Users/karenwang/anaconda3/envs/airflow_sqlite_env/lib/python3.9/site-packages/airflow/example_dags/tutorial_taskflow_api.py for tasks to queue
[2024-10-13T22:04:47.174-0400] {logging_mixin.py:190} INFO - [2024-10-13T22:04:47.174-0400] {dagbag.py:588} INFO - Filling up the DagBag from /Users/karenwang/anaconda3/envs/airflow_sqlite_env/lib/python3.9/site-packages/airflow/example_dags/tutorial_taskflow_api.py
[2024-10-13T22:04:47.271-0400] {processor.py:925} INFO - DAG(s) 'tutorial_taskflow_api' retrieved from /Users/karenwang/anaconda3/envs/airflow_sqlite_env/lib/python3.9/site-packages/airflow/example_dags/tutorial_taskflow_api.py
[2024-10-13T22:04:47.413-0400] {logging_mixin.py:190} INFO - [2024-10-13T22:04:47.413-0400] {dag.py:3239} INFO - Sync 1 DAGs
[2024-10-13T22:04:47.426-0400] {logging_mixin.py:190} INFO - [2024-10-13T22:04:47.426-0400] {dag.py:4180} INFO - Setting next_dagrun for tutorial_taskflow_api to None, run_after=None
[2024-10-13T22:04:47.445-0400] {processor.py:208} INFO - Processing /Users/karenwang/anaconda3/envs/airflow_sqlite_env/lib/python3.9/site-packages/airflow/example_dags/tutorial_taskflow_api.py took 0.281 seconds
[2024-10-13T22:08:41.781-0400] {processor.py:186} INFO - Started process (PID=65702) to work on /Users/karenwang/anaconda3/envs/airflow_sqlite_env/lib/python3.9/site-packages/airflow/example_dags/tutorial_taskflow_api.py
[2024-10-13T22:08:41.783-0400] {processor.py:914} INFO - Processing file /Users/karenwang/anaconda3/envs/airflow_sqlite_env/lib/python3.9/site-packages/airflow/example_dags/tutorial_taskflow_api.py for tasks to queue
[2024-10-13T22:08:41.784-0400] {logging_mixin.py:190} INFO - [2024-10-13T22:08:41.784-0400] {dagbag.py:588} INFO - Filling up the DagBag from /Users/karenwang/anaconda3/envs/airflow_sqlite_env/lib/python3.9/site-packages/airflow/example_dags/tutorial_taskflow_api.py
[2024-10-13T22:08:41.897-0400] {processor.py:925} INFO - DAG(s) 'tutorial_taskflow_api' retrieved from /Users/karenwang/anaconda3/envs/airflow_sqlite_env/lib/python3.9/site-packages/airflow/example_dags/tutorial_taskflow_api.py
[2024-10-13T22:08:42.094-0400] {logging_mixin.py:190} INFO - [2024-10-13T22:08:42.093-0400] {dag.py:3239} INFO - Sync 1 DAGs
[2024-10-13T22:08:42.111-0400] {logging_mixin.py:190} INFO - [2024-10-13T22:08:42.111-0400] {dag.py:4180} INFO - Setting next_dagrun for tutorial_taskflow_api to None, run_after=None
[2024-10-13T22:08:42.135-0400] {processor.py:208} INFO - Processing /Users/karenwang/anaconda3/envs/airflow_sqlite_env/lib/python3.9/site-packages/airflow/example_dags/tutorial_taskflow_api.py took 0.360 seconds
[2024-10-13T22:12:35.338-0400] {processor.py:186} INFO - Started process (PID=66894) to work on /Users/karenwang/anaconda3/envs/airflow_sqlite_env/lib/python3.9/site-packages/airflow/example_dags/tutorial_taskflow_api.py
[2024-10-13T22:12:35.339-0400] {processor.py:914} INFO - Processing file /Users/karenwang/anaconda3/envs/airflow_sqlite_env/lib/python3.9/site-packages/airflow/example_dags/tutorial_taskflow_api.py for tasks to queue
[2024-10-13T22:12:35.341-0400] {logging_mixin.py:190} INFO - [2024-10-13T22:12:35.340-0400] {dagbag.py:588} INFO - Filling up the DagBag from /Users/karenwang/anaconda3/envs/airflow_sqlite_env/lib/python3.9/site-packages/airflow/example_dags/tutorial_taskflow_api.py
[2024-10-13T22:12:35.442-0400] {processor.py:925} INFO - DAG(s) 'tutorial_taskflow_api' retrieved from /Users/karenwang/anaconda3/envs/airflow_sqlite_env/lib/python3.9/site-packages/airflow/example_dags/tutorial_taskflow_api.py
[2024-10-13T22:12:35.594-0400] {logging_mixin.py:190} INFO - [2024-10-13T22:12:35.594-0400] {dag.py:3239} INFO - Sync 1 DAGs
[2024-10-13T22:12:35.613-0400] {logging_mixin.py:190} INFO - [2024-10-13T22:12:35.612-0400] {dag.py:4180} INFO - Setting next_dagrun for tutorial_taskflow_api to None, run_after=None
[2024-10-13T22:12:35.636-0400] {processor.py:208} INFO - Processing /Users/karenwang/anaconda3/envs/airflow_sqlite_env/lib/python3.9/site-packages/airflow/example_dags/tutorial_taskflow_api.py took 0.304 seconds
[2024-10-13T22:16:35.387-0400] {processor.py:186} INFO - Started process (PID=68123) to work on /Users/karenwang/anaconda3/envs/airflow_sqlite_env/lib/python3.9/site-packages/airflow/example_dags/tutorial_taskflow_api.py
[2024-10-13T22:16:35.388-0400] {processor.py:914} INFO - Processing file /Users/karenwang/anaconda3/envs/airflow_sqlite_env/lib/python3.9/site-packages/airflow/example_dags/tutorial_taskflow_api.py for tasks to queue
[2024-10-13T22:16:35.389-0400] {logging_mixin.py:190} INFO - [2024-10-13T22:16:35.389-0400] {dagbag.py:588} INFO - Filling up the DagBag from /Users/karenwang/anaconda3/envs/airflow_sqlite_env/lib/python3.9/site-packages/airflow/example_dags/tutorial_taskflow_api.py
[2024-10-13T22:16:35.498-0400] {processor.py:925} INFO - DAG(s) 'tutorial_taskflow_api' retrieved from /Users/karenwang/anaconda3/envs/airflow_sqlite_env/lib/python3.9/site-packages/airflow/example_dags/tutorial_taskflow_api.py
[2024-10-13T22:16:35.665-0400] {logging_mixin.py:190} INFO - [2024-10-13T22:16:35.664-0400] {dag.py:3239} INFO - Sync 1 DAGs
[2024-10-13T22:16:35.683-0400] {logging_mixin.py:190} INFO - [2024-10-13T22:16:35.682-0400] {dag.py:4180} INFO - Setting next_dagrun for tutorial_taskflow_api to None, run_after=None
[2024-10-13T22:16:35.706-0400] {processor.py:208} INFO - Processing /Users/karenwang/anaconda3/envs/airflow_sqlite_env/lib/python3.9/site-packages/airflow/example_dags/tutorial_taskflow_api.py took 0.326 seconds
[2024-10-13T22:20:33.979-0400] {processor.py:186} INFO - Started process (PID=69341) to work on /Users/karenwang/anaconda3/envs/airflow_sqlite_env/lib/python3.9/site-packages/airflow/example_dags/tutorial_taskflow_api.py
[2024-10-13T22:20:33.981-0400] {processor.py:914} INFO - Processing file /Users/karenwang/anaconda3/envs/airflow_sqlite_env/lib/python3.9/site-packages/airflow/example_dags/tutorial_taskflow_api.py for tasks to queue
[2024-10-13T22:20:33.982-0400] {logging_mixin.py:190} INFO - [2024-10-13T22:20:33.982-0400] {dagbag.py:588} INFO - Filling up the DagBag from /Users/karenwang/anaconda3/envs/airflow_sqlite_env/lib/python3.9/site-packages/airflow/example_dags/tutorial_taskflow_api.py
[2024-10-13T22:20:34.073-0400] {processor.py:925} INFO - DAG(s) 'tutorial_taskflow_api' retrieved from /Users/karenwang/anaconda3/envs/airflow_sqlite_env/lib/python3.9/site-packages/airflow/example_dags/tutorial_taskflow_api.py
[2024-10-13T22:20:34.236-0400] {logging_mixin.py:190} INFO - [2024-10-13T22:20:34.235-0400] {dag.py:3239} INFO - Sync 1 DAGs
[2024-10-13T22:20:34.253-0400] {logging_mixin.py:190} INFO - [2024-10-13T22:20:34.253-0400] {dag.py:4180} INFO - Setting next_dagrun for tutorial_taskflow_api to None, run_after=None
[2024-10-13T22:20:34.277-0400] {processor.py:208} INFO - Processing /Users/karenwang/anaconda3/envs/airflow_sqlite_env/lib/python3.9/site-packages/airflow/example_dags/tutorial_taskflow_api.py took 0.305 seconds
[2024-10-13T22:24:44.191-0400] {processor.py:186} INFO - Started process (PID=70696) to work on /Users/karenwang/anaconda3/envs/airflow_sqlite_env/lib/python3.9/site-packages/airflow/example_dags/tutorial_taskflow_api.py
[2024-10-13T22:24:44.193-0400] {processor.py:914} INFO - Processing file /Users/karenwang/anaconda3/envs/airflow_sqlite_env/lib/python3.9/site-packages/airflow/example_dags/tutorial_taskflow_api.py for tasks to queue
[2024-10-13T22:24:44.195-0400] {logging_mixin.py:190} INFO - [2024-10-13T22:24:44.194-0400] {dagbag.py:588} INFO - Filling up the DagBag from /Users/karenwang/anaconda3/envs/airflow_sqlite_env/lib/python3.9/site-packages/airflow/example_dags/tutorial_taskflow_api.py
[2024-10-13T22:24:44.298-0400] {processor.py:925} INFO - DAG(s) 'tutorial_taskflow_api' retrieved from /Users/karenwang/anaconda3/envs/airflow_sqlite_env/lib/python3.9/site-packages/airflow/example_dags/tutorial_taskflow_api.py
[2024-10-13T22:24:44.454-0400] {logging_mixin.py:190} INFO - [2024-10-13T22:24:44.454-0400] {dag.py:3239} INFO - Sync 1 DAGs
[2024-10-13T22:24:44.473-0400] {logging_mixin.py:190} INFO - [2024-10-13T22:24:44.473-0400] {dag.py:4180} INFO - Setting next_dagrun for tutorial_taskflow_api to None, run_after=None
[2024-10-13T22:24:44.501-0400] {processor.py:208} INFO - Processing /Users/karenwang/anaconda3/envs/airflow_sqlite_env/lib/python3.9/site-packages/airflow/example_dags/tutorial_taskflow_api.py took 0.316 seconds
[2024-10-13T22:33:16.398-0400] {processor.py:186} INFO - Started process (PID=73575) to work on /Users/karenwang/anaconda3/envs/airflow_sqlite_env/lib/python3.9/site-packages/airflow/example_dags/tutorial_taskflow_api.py
[2024-10-13T22:33:16.400-0400] {processor.py:914} INFO - Processing file /Users/karenwang/anaconda3/envs/airflow_sqlite_env/lib/python3.9/site-packages/airflow/example_dags/tutorial_taskflow_api.py for tasks to queue
[2024-10-13T22:33:16.402-0400] {logging_mixin.py:190} INFO - [2024-10-13T22:33:16.401-0400] {dagbag.py:588} INFO - Filling up the DagBag from /Users/karenwang/anaconda3/envs/airflow_sqlite_env/lib/python3.9/site-packages/airflow/example_dags/tutorial_taskflow_api.py
[2024-10-13T22:33:16.509-0400] {processor.py:925} INFO - DAG(s) 'tutorial_taskflow_api' retrieved from /Users/karenwang/anaconda3/envs/airflow_sqlite_env/lib/python3.9/site-packages/airflow/example_dags/tutorial_taskflow_api.py
[2024-10-13T22:33:16.689-0400] {logging_mixin.py:190} INFO - [2024-10-13T22:33:16.689-0400] {dag.py:3239} INFO - Sync 1 DAGs
[2024-10-13T22:33:16.705-0400] {logging_mixin.py:190} INFO - [2024-10-13T22:33:16.705-0400] {dag.py:4180} INFO - Setting next_dagrun for tutorial_taskflow_api to None, run_after=None
[2024-10-13T22:33:16.731-0400] {processor.py:208} INFO - Processing /Users/karenwang/anaconda3/envs/airflow_sqlite_env/lib/python3.9/site-packages/airflow/example_dags/tutorial_taskflow_api.py took 0.340 seconds
[2024-10-13T22:39:16.559-0400] {processor.py:186} INFO - Started process (PID=75506) to work on /Users/karenwang/anaconda3/envs/airflow_sqlite_env/lib/python3.9/site-packages/airflow/example_dags/tutorial_taskflow_api.py
[2024-10-13T22:39:16.561-0400] {processor.py:914} INFO - Processing file /Users/karenwang/anaconda3/envs/airflow_sqlite_env/lib/python3.9/site-packages/airflow/example_dags/tutorial_taskflow_api.py for tasks to queue
[2024-10-13T22:39:16.562-0400] {logging_mixin.py:190} INFO - [2024-10-13T22:39:16.562-0400] {dagbag.py:588} INFO - Filling up the DagBag from /Users/karenwang/anaconda3/envs/airflow_sqlite_env/lib/python3.9/site-packages/airflow/example_dags/tutorial_taskflow_api.py
[2024-10-13T22:39:16.667-0400] {processor.py:925} INFO - DAG(s) 'tutorial_taskflow_api' retrieved from /Users/karenwang/anaconda3/envs/airflow_sqlite_env/lib/python3.9/site-packages/airflow/example_dags/tutorial_taskflow_api.py
[2024-10-13T22:39:16.829-0400] {logging_mixin.py:190} INFO - [2024-10-13T22:39:16.828-0400] {dag.py:3239} INFO - Sync 1 DAGs
[2024-10-13T22:39:16.843-0400] {logging_mixin.py:190} INFO - [2024-10-13T22:39:16.843-0400] {dag.py:4180} INFO - Setting next_dagrun for tutorial_taskflow_api to None, run_after=None
[2024-10-13T22:39:16.868-0400] {processor.py:208} INFO - Processing /Users/karenwang/anaconda3/envs/airflow_sqlite_env/lib/python3.9/site-packages/airflow/example_dags/tutorial_taskflow_api.py took 0.316 seconds
