[2024-10-13T20:00:38.520-0400] {processor.py:186} INFO - Started process (PID=25301) to work on /Users/karenwang/anaconda3/envs/airflow_sqlite_env/lib/python3.9/site-packages/airflow/example_dags/tutorial.py
[2024-10-13T20:00:38.521-0400] {processor.py:914} INFO - Processing file /Users/karenwang/anaconda3/envs/airflow_sqlite_env/lib/python3.9/site-packages/airflow/example_dags/tutorial.py for tasks to queue
[2024-10-13T20:00:38.523-0400] {logging_mixin.py:190} INFO - [2024-10-13T20:00:38.522-0400] {dagbag.py:588} INFO - Filling up the DagBag from /Users/karenwang/anaconda3/envs/airflow_sqlite_env/lib/python3.9/site-packages/airflow/example_dags/tutorial.py
[2024-10-13T20:00:38.538-0400] {processor.py:925} INFO - DAG(s) 'tutorial' retrieved from /Users/karenwang/anaconda3/envs/airflow_sqlite_env/lib/python3.9/site-packages/airflow/example_dags/tutorial.py
[2024-10-13T20:00:38.776-0400] {logging_mixin.py:190} INFO - [2024-10-13T20:00:38.776-0400] {dag.py:3239} INFO - Sync 1 DAGs
[2024-10-13T20:00:38.799-0400] {logging_mixin.py:190} INFO - [2024-10-13T20:00:38.799-0400] {dag.py:4180} INFO - Setting next_dagrun for tutorial to 2024-10-13 00:00:00+00:00, run_after=2024-10-14 00:00:00+00:00
[2024-10-13T20:00:38.824-0400] {processor.py:208} INFO - Processing /Users/karenwang/anaconda3/envs/airflow_sqlite_env/lib/python3.9/site-packages/airflow/example_dags/tutorial.py took 0.310 seconds
[2024-10-13T20:04:45.291-0400] {processor.py:186} INFO - Started process (PID=26597) to work on /Users/karenwang/anaconda3/envs/airflow_sqlite_env/lib/python3.9/site-packages/airflow/example_dags/tutorial.py
[2024-10-13T20:04:45.293-0400] {processor.py:914} INFO - Processing file /Users/karenwang/anaconda3/envs/airflow_sqlite_env/lib/python3.9/site-packages/airflow/example_dags/tutorial.py for tasks to queue
[2024-10-13T20:04:45.294-0400] {logging_mixin.py:190} INFO - [2024-10-13T20:04:45.294-0400] {dagbag.py:588} INFO - Filling up the DagBag from /Users/karenwang/anaconda3/envs/airflow_sqlite_env/lib/python3.9/site-packages/airflow/example_dags/tutorial.py
[2024-10-13T20:04:45.305-0400] {processor.py:925} INFO - DAG(s) 'tutorial' retrieved from /Users/karenwang/anaconda3/envs/airflow_sqlite_env/lib/python3.9/site-packages/airflow/example_dags/tutorial.py
[2024-10-13T20:04:45.509-0400] {logging_mixin.py:190} INFO - [2024-10-13T20:04:45.509-0400] {dag.py:3239} INFO - Sync 1 DAGs
[2024-10-13T20:04:45.536-0400] {logging_mixin.py:190} INFO - [2024-10-13T20:04:45.536-0400] {dag.py:4180} INFO - Setting next_dagrun for tutorial to 2024-10-13 00:00:00+00:00, run_after=2024-10-14 00:00:00+00:00
[2024-10-13T20:04:45.556-0400] {processor.py:208} INFO - Processing /Users/karenwang/anaconda3/envs/airflow_sqlite_env/lib/python3.9/site-packages/airflow/example_dags/tutorial.py took 0.272 seconds
[2024-10-13T20:08:50.395-0400] {processor.py:186} INFO - Started process (PID=27846) to work on /Users/karenwang/anaconda3/envs/airflow_sqlite_env/lib/python3.9/site-packages/airflow/example_dags/tutorial.py
[2024-10-13T20:08:50.396-0400] {processor.py:914} INFO - Processing file /Users/karenwang/anaconda3/envs/airflow_sqlite_env/lib/python3.9/site-packages/airflow/example_dags/tutorial.py for tasks to queue
[2024-10-13T20:08:50.398-0400] {logging_mixin.py:190} INFO - [2024-10-13T20:08:50.397-0400] {dagbag.py:588} INFO - Filling up the DagBag from /Users/karenwang/anaconda3/envs/airflow_sqlite_env/lib/python3.9/site-packages/airflow/example_dags/tutorial.py
[2024-10-13T20:08:50.410-0400] {processor.py:925} INFO - DAG(s) 'tutorial' retrieved from /Users/karenwang/anaconda3/envs/airflow_sqlite_env/lib/python3.9/site-packages/airflow/example_dags/tutorial.py
[2024-10-13T20:08:50.616-0400] {logging_mixin.py:190} INFO - [2024-10-13T20:08:50.616-0400] {dag.py:3239} INFO - Sync 1 DAGs
[2024-10-13T20:08:50.647-0400] {logging_mixin.py:190} INFO - [2024-10-13T20:08:50.647-0400] {dag.py:4180} INFO - Setting next_dagrun for tutorial to 2024-10-13 00:00:00+00:00, run_after=2024-10-14 00:00:00+00:00
[2024-10-13T20:08:50.676-0400] {processor.py:208} INFO - Processing /Users/karenwang/anaconda3/envs/airflow_sqlite_env/lib/python3.9/site-packages/airflow/example_dags/tutorial.py took 0.287 seconds
[2024-10-13T20:12:45.452-0400] {processor.py:186} INFO - Started process (PID=29049) to work on /Users/karenwang/anaconda3/envs/airflow_sqlite_env/lib/python3.9/site-packages/airflow/example_dags/tutorial.py
[2024-10-13T20:12:45.453-0400] {processor.py:914} INFO - Processing file /Users/karenwang/anaconda3/envs/airflow_sqlite_env/lib/python3.9/site-packages/airflow/example_dags/tutorial.py for tasks to queue
[2024-10-13T20:12:45.455-0400] {logging_mixin.py:190} INFO - [2024-10-13T20:12:45.454-0400] {dagbag.py:588} INFO - Filling up the DagBag from /Users/karenwang/anaconda3/envs/airflow_sqlite_env/lib/python3.9/site-packages/airflow/example_dags/tutorial.py
[2024-10-13T20:12:45.466-0400] {processor.py:925} INFO - DAG(s) 'tutorial' retrieved from /Users/karenwang/anaconda3/envs/airflow_sqlite_env/lib/python3.9/site-packages/airflow/example_dags/tutorial.py
[2024-10-13T20:12:45.676-0400] {logging_mixin.py:190} INFO - [2024-10-13T20:12:45.676-0400] {dag.py:3239} INFO - Sync 1 DAGs
[2024-10-13T20:12:45.703-0400] {logging_mixin.py:190} INFO - [2024-10-13T20:12:45.703-0400] {dag.py:4180} INFO - Setting next_dagrun for tutorial to 2024-10-13 00:00:00+00:00, run_after=2024-10-14 00:00:00+00:00
[2024-10-13T20:12:45.727-0400] {processor.py:208} INFO - Processing /Users/karenwang/anaconda3/envs/airflow_sqlite_env/lib/python3.9/site-packages/airflow/example_dags/tutorial.py took 0.281 seconds
[2024-10-13T20:16:55.082-0400] {processor.py:186} INFO - Started process (PID=30319) to work on /Users/karenwang/anaconda3/envs/airflow_sqlite_env/lib/python3.9/site-packages/airflow/example_dags/tutorial.py
[2024-10-13T20:16:55.084-0400] {processor.py:914} INFO - Processing file /Users/karenwang/anaconda3/envs/airflow_sqlite_env/lib/python3.9/site-packages/airflow/example_dags/tutorial.py for tasks to queue
[2024-10-13T20:16:55.085-0400] {logging_mixin.py:190} INFO - [2024-10-13T20:16:55.085-0400] {dagbag.py:588} INFO - Filling up the DagBag from /Users/karenwang/anaconda3/envs/airflow_sqlite_env/lib/python3.9/site-packages/airflow/example_dags/tutorial.py
[2024-10-13T20:16:55.095-0400] {processor.py:925} INFO - DAG(s) 'tutorial' retrieved from /Users/karenwang/anaconda3/envs/airflow_sqlite_env/lib/python3.9/site-packages/airflow/example_dags/tutorial.py
[2024-10-13T20:16:55.312-0400] {logging_mixin.py:190} INFO - [2024-10-13T20:16:55.311-0400] {dag.py:3239} INFO - Sync 1 DAGs
[2024-10-13T20:16:55.340-0400] {logging_mixin.py:190} INFO - [2024-10-13T20:16:55.339-0400] {dag.py:4180} INFO - Setting next_dagrun for tutorial to 2024-10-13 00:00:00+00:00, run_after=2024-10-14 00:00:00+00:00
[2024-10-13T20:16:55.361-0400] {processor.py:208} INFO - Processing /Users/karenwang/anaconda3/envs/airflow_sqlite_env/lib/python3.9/site-packages/airflow/example_dags/tutorial.py took 0.285 seconds
[2024-10-13T20:21:15.781-0400] {processor.py:186} INFO - Started process (PID=31708) to work on /Users/karenwang/anaconda3/envs/airflow_sqlite_env/lib/python3.9/site-packages/airflow/example_dags/tutorial.py
[2024-10-13T20:21:15.782-0400] {processor.py:914} INFO - Processing file /Users/karenwang/anaconda3/envs/airflow_sqlite_env/lib/python3.9/site-packages/airflow/example_dags/tutorial.py for tasks to queue
[2024-10-13T20:21:15.783-0400] {logging_mixin.py:190} INFO - [2024-10-13T20:21:15.783-0400] {dagbag.py:588} INFO - Filling up the DagBag from /Users/karenwang/anaconda3/envs/airflow_sqlite_env/lib/python3.9/site-packages/airflow/example_dags/tutorial.py
[2024-10-13T20:21:15.797-0400] {processor.py:925} INFO - DAG(s) 'tutorial' retrieved from /Users/karenwang/anaconda3/envs/airflow_sqlite_env/lib/python3.9/site-packages/airflow/example_dags/tutorial.py
[2024-10-13T20:21:16.021-0400] {logging_mixin.py:190} INFO - [2024-10-13T20:21:16.021-0400] {dag.py:3239} INFO - Sync 1 DAGs
[2024-10-13T20:21:16.045-0400] {logging_mixin.py:190} INFO - [2024-10-13T20:21:16.045-0400] {dag.py:4180} INFO - Setting next_dagrun for tutorial to 2024-10-13 00:00:00+00:00, run_after=2024-10-14 00:00:00+00:00
[2024-10-13T20:21:16.069-0400] {processor.py:208} INFO - Processing /Users/karenwang/anaconda3/envs/airflow_sqlite_env/lib/python3.9/site-packages/airflow/example_dags/tutorial.py took 0.294 seconds
[2024-10-13T20:26:53.276-0400] {processor.py:186} INFO - Started process (PID=33592) to work on /Users/karenwang/anaconda3/envs/airflow_sqlite_env/lib/python3.9/site-packages/airflow/example_dags/tutorial.py
[2024-10-13T20:26:53.277-0400] {processor.py:914} INFO - Processing file /Users/karenwang/anaconda3/envs/airflow_sqlite_env/lib/python3.9/site-packages/airflow/example_dags/tutorial.py for tasks to queue
[2024-10-13T20:26:53.279-0400] {logging_mixin.py:190} INFO - [2024-10-13T20:26:53.279-0400] {dagbag.py:588} INFO - Filling up the DagBag from /Users/karenwang/anaconda3/envs/airflow_sqlite_env/lib/python3.9/site-packages/airflow/example_dags/tutorial.py
[2024-10-13T20:26:53.291-0400] {processor.py:925} INFO - DAG(s) 'tutorial' retrieved from /Users/karenwang/anaconda3/envs/airflow_sqlite_env/lib/python3.9/site-packages/airflow/example_dags/tutorial.py
[2024-10-13T20:26:53.555-0400] {logging_mixin.py:190} INFO - [2024-10-13T20:26:53.555-0400] {dag.py:3239} INFO - Sync 1 DAGs
[2024-10-13T20:26:53.590-0400] {logging_mixin.py:190} INFO - [2024-10-13T20:26:53.590-0400] {dag.py:4180} INFO - Setting next_dagrun for tutorial to 2024-10-13 00:00:00+00:00, run_after=2024-10-14 00:00:00+00:00
[2024-10-13T20:26:53.618-0400] {processor.py:208} INFO - Processing /Users/karenwang/anaconda3/envs/airflow_sqlite_env/lib/python3.9/site-packages/airflow/example_dags/tutorial.py took 0.348 seconds
[2024-10-13T20:31:36.117-0400] {processor.py:186} INFO - Started process (PID=35204) to work on /Users/karenwang/anaconda3/envs/airflow_sqlite_env/lib/python3.9/site-packages/airflow/example_dags/tutorial.py
[2024-10-13T20:31:36.119-0400] {processor.py:914} INFO - Processing file /Users/karenwang/anaconda3/envs/airflow_sqlite_env/lib/python3.9/site-packages/airflow/example_dags/tutorial.py for tasks to queue
[2024-10-13T20:31:36.120-0400] {logging_mixin.py:190} INFO - [2024-10-13T20:31:36.120-0400] {dagbag.py:588} INFO - Filling up the DagBag from /Users/karenwang/anaconda3/envs/airflow_sqlite_env/lib/python3.9/site-packages/airflow/example_dags/tutorial.py
[2024-10-13T20:31:36.131-0400] {processor.py:925} INFO - DAG(s) 'tutorial' retrieved from /Users/karenwang/anaconda3/envs/airflow_sqlite_env/lib/python3.9/site-packages/airflow/example_dags/tutorial.py
[2024-10-13T20:31:36.335-0400] {logging_mixin.py:190} INFO - [2024-10-13T20:31:36.334-0400] {dag.py:3239} INFO - Sync 1 DAGs
[2024-10-13T20:31:36.361-0400] {logging_mixin.py:190} INFO - [2024-10-13T20:31:36.360-0400] {dag.py:4180} INFO - Setting next_dagrun for tutorial to 2024-10-13 00:00:00+00:00, run_after=2024-10-14 00:00:00+00:00
[2024-10-13T20:31:36.388-0400] {processor.py:208} INFO - Processing /Users/karenwang/anaconda3/envs/airflow_sqlite_env/lib/python3.9/site-packages/airflow/example_dags/tutorial.py took 0.276 seconds
[2024-10-13T20:35:16.099-0400] {processor.py:186} INFO - Started process (PID=36335) to work on /Users/karenwang/anaconda3/envs/airflow_sqlite_env/lib/python3.9/site-packages/airflow/example_dags/tutorial.py
[2024-10-13T20:35:16.100-0400] {processor.py:914} INFO - Processing file /Users/karenwang/anaconda3/envs/airflow_sqlite_env/lib/python3.9/site-packages/airflow/example_dags/tutorial.py for tasks to queue
[2024-10-13T20:35:16.101-0400] {logging_mixin.py:190} INFO - [2024-10-13T20:35:16.101-0400] {dagbag.py:588} INFO - Filling up the DagBag from /Users/karenwang/anaconda3/envs/airflow_sqlite_env/lib/python3.9/site-packages/airflow/example_dags/tutorial.py
[2024-10-13T20:35:16.114-0400] {processor.py:925} INFO - DAG(s) 'tutorial' retrieved from /Users/karenwang/anaconda3/envs/airflow_sqlite_env/lib/python3.9/site-packages/airflow/example_dags/tutorial.py
[2024-10-13T20:35:16.318-0400] {logging_mixin.py:190} INFO - [2024-10-13T20:35:16.318-0400] {dag.py:3239} INFO - Sync 1 DAGs
[2024-10-13T20:35:16.339-0400] {logging_mixin.py:190} INFO - [2024-10-13T20:35:16.338-0400] {dag.py:4180} INFO - Setting next_dagrun for tutorial to 2024-10-13 00:00:00+00:00, run_after=2024-10-14 00:00:00+00:00
[2024-10-13T20:35:16.361-0400] {processor.py:208} INFO - Processing /Users/karenwang/anaconda3/envs/airflow_sqlite_env/lib/python3.9/site-packages/airflow/example_dags/tutorial.py took 0.268 seconds
[2024-10-13T20:38:56.059-0400] {processor.py:186} INFO - Started process (PID=37496) to work on /Users/karenwang/anaconda3/envs/airflow_sqlite_env/lib/python3.9/site-packages/airflow/example_dags/tutorial.py
[2024-10-13T20:38:56.061-0400] {processor.py:914} INFO - Processing file /Users/karenwang/anaconda3/envs/airflow_sqlite_env/lib/python3.9/site-packages/airflow/example_dags/tutorial.py for tasks to queue
[2024-10-13T20:38:56.063-0400] {logging_mixin.py:190} INFO - [2024-10-13T20:38:56.062-0400] {dagbag.py:588} INFO - Filling up the DagBag from /Users/karenwang/anaconda3/envs/airflow_sqlite_env/lib/python3.9/site-packages/airflow/example_dags/tutorial.py
[2024-10-13T20:38:56.075-0400] {processor.py:925} INFO - DAG(s) 'tutorial' retrieved from /Users/karenwang/anaconda3/envs/airflow_sqlite_env/lib/python3.9/site-packages/airflow/example_dags/tutorial.py
[2024-10-13T20:38:56.263-0400] {logging_mixin.py:190} INFO - [2024-10-13T20:38:56.262-0400] {dag.py:3239} INFO - Sync 1 DAGs
[2024-10-13T20:38:56.283-0400] {logging_mixin.py:190} INFO - [2024-10-13T20:38:56.283-0400] {dag.py:4180} INFO - Setting next_dagrun for tutorial to 2024-10-13 00:00:00+00:00, run_after=2024-10-14 00:00:00+00:00
[2024-10-13T20:38:56.305-0400] {processor.py:208} INFO - Processing /Users/karenwang/anaconda3/envs/airflow_sqlite_env/lib/python3.9/site-packages/airflow/example_dags/tutorial.py took 0.252 seconds
[2024-10-13T20:42:35.671-0400] {processor.py:186} INFO - Started process (PID=38623) to work on /Users/karenwang/anaconda3/envs/airflow_sqlite_env/lib/python3.9/site-packages/airflow/example_dags/tutorial.py
[2024-10-13T20:42:35.673-0400] {processor.py:914} INFO - Processing file /Users/karenwang/anaconda3/envs/airflow_sqlite_env/lib/python3.9/site-packages/airflow/example_dags/tutorial.py for tasks to queue
[2024-10-13T20:42:35.674-0400] {logging_mixin.py:190} INFO - [2024-10-13T20:42:35.674-0400] {dagbag.py:588} INFO - Filling up the DagBag from /Users/karenwang/anaconda3/envs/airflow_sqlite_env/lib/python3.9/site-packages/airflow/example_dags/tutorial.py
[2024-10-13T20:42:35.687-0400] {processor.py:925} INFO - DAG(s) 'tutorial' retrieved from /Users/karenwang/anaconda3/envs/airflow_sqlite_env/lib/python3.9/site-packages/airflow/example_dags/tutorial.py
[2024-10-13T20:42:35.901-0400] {logging_mixin.py:190} INFO - [2024-10-13T20:42:35.901-0400] {dag.py:3239} INFO - Sync 1 DAGs
[2024-10-13T20:42:35.923-0400] {logging_mixin.py:190} INFO - [2024-10-13T20:42:35.923-0400] {dag.py:4180} INFO - Setting next_dagrun for tutorial to 2024-10-13 00:00:00+00:00, run_after=2024-10-14 00:00:00+00:00
[2024-10-13T20:42:35.941-0400] {processor.py:208} INFO - Processing /Users/karenwang/anaconda3/envs/airflow_sqlite_env/lib/python3.9/site-packages/airflow/example_dags/tutorial.py took 0.277 seconds
[2024-10-13T20:46:14.858-0400] {processor.py:186} INFO - Started process (PID=39755) to work on /Users/karenwang/anaconda3/envs/airflow_sqlite_env/lib/python3.9/site-packages/airflow/example_dags/tutorial.py
[2024-10-13T20:46:14.859-0400] {processor.py:914} INFO - Processing file /Users/karenwang/anaconda3/envs/airflow_sqlite_env/lib/python3.9/site-packages/airflow/example_dags/tutorial.py for tasks to queue
[2024-10-13T20:46:14.860-0400] {logging_mixin.py:190} INFO - [2024-10-13T20:46:14.860-0400] {dagbag.py:588} INFO - Filling up the DagBag from /Users/karenwang/anaconda3/envs/airflow_sqlite_env/lib/python3.9/site-packages/airflow/example_dags/tutorial.py
[2024-10-13T20:46:14.869-0400] {processor.py:925} INFO - DAG(s) 'tutorial' retrieved from /Users/karenwang/anaconda3/envs/airflow_sqlite_env/lib/python3.9/site-packages/airflow/example_dags/tutorial.py
[2024-10-13T20:46:15.059-0400] {logging_mixin.py:190} INFO - [2024-10-13T20:46:15.059-0400] {dag.py:3239} INFO - Sync 1 DAGs
[2024-10-13T20:46:15.085-0400] {logging_mixin.py:190} INFO - [2024-10-13T20:46:15.085-0400] {dag.py:4180} INFO - Setting next_dagrun for tutorial to 2024-10-13 00:00:00+00:00, run_after=2024-10-14 00:00:00+00:00
[2024-10-13T20:46:15.103-0400] {processor.py:208} INFO - Processing /Users/karenwang/anaconda3/envs/airflow_sqlite_env/lib/python3.9/site-packages/airflow/example_dags/tutorial.py took 0.251 seconds
[2024-10-13T20:49:54.391-0400] {processor.py:186} INFO - Started process (PID=40898) to work on /Users/karenwang/anaconda3/envs/airflow_sqlite_env/lib/python3.9/site-packages/airflow/example_dags/tutorial.py
[2024-10-13T20:49:54.392-0400] {processor.py:914} INFO - Processing file /Users/karenwang/anaconda3/envs/airflow_sqlite_env/lib/python3.9/site-packages/airflow/example_dags/tutorial.py for tasks to queue
[2024-10-13T20:49:54.394-0400] {logging_mixin.py:190} INFO - [2024-10-13T20:49:54.393-0400] {dagbag.py:588} INFO - Filling up the DagBag from /Users/karenwang/anaconda3/envs/airflow_sqlite_env/lib/python3.9/site-packages/airflow/example_dags/tutorial.py
[2024-10-13T20:49:54.406-0400] {processor.py:925} INFO - DAG(s) 'tutorial' retrieved from /Users/karenwang/anaconda3/envs/airflow_sqlite_env/lib/python3.9/site-packages/airflow/example_dags/tutorial.py
[2024-10-13T20:49:54.579-0400] {logging_mixin.py:190} INFO - [2024-10-13T20:49:54.579-0400] {dag.py:3239} INFO - Sync 1 DAGs
[2024-10-13T20:49:54.599-0400] {logging_mixin.py:190} INFO - [2024-10-13T20:49:54.599-0400] {dag.py:4180} INFO - Setting next_dagrun for tutorial to 2024-10-13 00:00:00+00:00, run_after=2024-10-14 00:00:00+00:00
[2024-10-13T20:49:54.619-0400] {processor.py:208} INFO - Processing /Users/karenwang/anaconda3/envs/airflow_sqlite_env/lib/python3.9/site-packages/airflow/example_dags/tutorial.py took 0.235 seconds
[2024-10-13T20:53:32.423-0400] {processor.py:186} INFO - Started process (PID=42032) to work on /Users/karenwang/anaconda3/envs/airflow_sqlite_env/lib/python3.9/site-packages/airflow/example_dags/tutorial.py
[2024-10-13T20:53:32.424-0400] {processor.py:914} INFO - Processing file /Users/karenwang/anaconda3/envs/airflow_sqlite_env/lib/python3.9/site-packages/airflow/example_dags/tutorial.py for tasks to queue
[2024-10-13T20:53:32.426-0400] {logging_mixin.py:190} INFO - [2024-10-13T20:53:32.426-0400] {dagbag.py:588} INFO - Filling up the DagBag from /Users/karenwang/anaconda3/envs/airflow_sqlite_env/lib/python3.9/site-packages/airflow/example_dags/tutorial.py
[2024-10-13T20:53:32.435-0400] {processor.py:925} INFO - DAG(s) 'tutorial' retrieved from /Users/karenwang/anaconda3/envs/airflow_sqlite_env/lib/python3.9/site-packages/airflow/example_dags/tutorial.py
[2024-10-13T20:53:32.636-0400] {logging_mixin.py:190} INFO - [2024-10-13T20:53:32.635-0400] {dag.py:3239} INFO - Sync 1 DAGs
[2024-10-13T20:53:32.656-0400] {logging_mixin.py:190} INFO - [2024-10-13T20:53:32.656-0400] {dag.py:4180} INFO - Setting next_dagrun for tutorial to 2024-10-13 00:00:00+00:00, run_after=2024-10-14 00:00:00+00:00
[2024-10-13T20:53:32.680-0400] {processor.py:208} INFO - Processing /Users/karenwang/anaconda3/envs/airflow_sqlite_env/lib/python3.9/site-packages/airflow/example_dags/tutorial.py took 0.262 seconds
[2024-10-13T20:57:14.392-0400] {processor.py:186} INFO - Started process (PID=43187) to work on /Users/karenwang/anaconda3/envs/airflow_sqlite_env/lib/python3.9/site-packages/airflow/example_dags/tutorial.py
[2024-10-13T20:57:14.393-0400] {processor.py:914} INFO - Processing file /Users/karenwang/anaconda3/envs/airflow_sqlite_env/lib/python3.9/site-packages/airflow/example_dags/tutorial.py for tasks to queue
[2024-10-13T20:57:14.395-0400] {logging_mixin.py:190} INFO - [2024-10-13T20:57:14.394-0400] {dagbag.py:588} INFO - Filling up the DagBag from /Users/karenwang/anaconda3/envs/airflow_sqlite_env/lib/python3.9/site-packages/airflow/example_dags/tutorial.py
[2024-10-13T20:57:14.404-0400] {processor.py:925} INFO - DAG(s) 'tutorial' retrieved from /Users/karenwang/anaconda3/envs/airflow_sqlite_env/lib/python3.9/site-packages/airflow/example_dags/tutorial.py
[2024-10-13T20:57:14.588-0400] {logging_mixin.py:190} INFO - [2024-10-13T20:57:14.588-0400] {dag.py:3239} INFO - Sync 1 DAGs
[2024-10-13T20:57:14.610-0400] {logging_mixin.py:190} INFO - [2024-10-13T20:57:14.610-0400] {dag.py:4180} INFO - Setting next_dagrun for tutorial to 2024-10-13 00:00:00+00:00, run_after=2024-10-14 00:00:00+00:00
[2024-10-13T20:57:14.629-0400] {processor.py:208} INFO - Processing /Users/karenwang/anaconda3/envs/airflow_sqlite_env/lib/python3.9/site-packages/airflow/example_dags/tutorial.py took 0.243 seconds
[2024-10-13T21:00:54.285-0400] {processor.py:186} INFO - Started process (PID=44325) to work on /Users/karenwang/anaconda3/envs/airflow_sqlite_env/lib/python3.9/site-packages/airflow/example_dags/tutorial.py
[2024-10-13T21:00:54.286-0400] {processor.py:914} INFO - Processing file /Users/karenwang/anaconda3/envs/airflow_sqlite_env/lib/python3.9/site-packages/airflow/example_dags/tutorial.py for tasks to queue
[2024-10-13T21:00:54.287-0400] {logging_mixin.py:190} INFO - [2024-10-13T21:00:54.287-0400] {dagbag.py:588} INFO - Filling up the DagBag from /Users/karenwang/anaconda3/envs/airflow_sqlite_env/lib/python3.9/site-packages/airflow/example_dags/tutorial.py
[2024-10-13T21:00:54.299-0400] {processor.py:925} INFO - DAG(s) 'tutorial' retrieved from /Users/karenwang/anaconda3/envs/airflow_sqlite_env/lib/python3.9/site-packages/airflow/example_dags/tutorial.py
[2024-10-13T21:00:54.481-0400] {logging_mixin.py:190} INFO - [2024-10-13T21:00:54.480-0400] {dag.py:3239} INFO - Sync 1 DAGs
[2024-10-13T21:00:54.501-0400] {logging_mixin.py:190} INFO - [2024-10-13T21:00:54.501-0400] {dag.py:4180} INFO - Setting next_dagrun for tutorial to 2024-10-13 00:00:00+00:00, run_after=2024-10-14 00:00:00+00:00
[2024-10-13T21:00:54.522-0400] {processor.py:208} INFO - Processing /Users/karenwang/anaconda3/envs/airflow_sqlite_env/lib/python3.9/site-packages/airflow/example_dags/tutorial.py took 0.243 seconds
[2024-10-13T21:04:33.553-0400] {processor.py:186} INFO - Started process (PID=45460) to work on /Users/karenwang/anaconda3/envs/airflow_sqlite_env/lib/python3.9/site-packages/airflow/example_dags/tutorial.py
[2024-10-13T21:04:33.555-0400] {processor.py:914} INFO - Processing file /Users/karenwang/anaconda3/envs/airflow_sqlite_env/lib/python3.9/site-packages/airflow/example_dags/tutorial.py for tasks to queue
[2024-10-13T21:04:33.556-0400] {logging_mixin.py:190} INFO - [2024-10-13T21:04:33.556-0400] {dagbag.py:588} INFO - Filling up the DagBag from /Users/karenwang/anaconda3/envs/airflow_sqlite_env/lib/python3.9/site-packages/airflow/example_dags/tutorial.py
[2024-10-13T21:04:33.569-0400] {processor.py:925} INFO - DAG(s) 'tutorial' retrieved from /Users/karenwang/anaconda3/envs/airflow_sqlite_env/lib/python3.9/site-packages/airflow/example_dags/tutorial.py
[2024-10-13T21:04:33.763-0400] {logging_mixin.py:190} INFO - [2024-10-13T21:04:33.763-0400] {dag.py:3239} INFO - Sync 1 DAGs
[2024-10-13T21:04:33.789-0400] {logging_mixin.py:190} INFO - [2024-10-13T21:04:33.789-0400] {dag.py:4180} INFO - Setting next_dagrun for tutorial to 2024-10-13 00:00:00+00:00, run_after=2024-10-14 00:00:00+00:00
[2024-10-13T21:04:33.810-0400] {processor.py:208} INFO - Processing /Users/karenwang/anaconda3/envs/airflow_sqlite_env/lib/python3.9/site-packages/airflow/example_dags/tutorial.py took 0.263 seconds
[2024-10-13T21:09:50.902-0400] {processor.py:186} INFO - Started process (PID=47183) to work on /Users/karenwang/anaconda3/envs/airflow_sqlite_env/lib/python3.9/site-packages/airflow/example_dags/tutorial.py
[2024-10-13T21:09:50.903-0400] {processor.py:914} INFO - Processing file /Users/karenwang/anaconda3/envs/airflow_sqlite_env/lib/python3.9/site-packages/airflow/example_dags/tutorial.py for tasks to queue
[2024-10-13T21:09:50.905-0400] {logging_mixin.py:190} INFO - [2024-10-13T21:09:50.905-0400] {dagbag.py:588} INFO - Filling up the DagBag from /Users/karenwang/anaconda3/envs/airflow_sqlite_env/lib/python3.9/site-packages/airflow/example_dags/tutorial.py
[2024-10-13T21:09:50.918-0400] {processor.py:925} INFO - DAG(s) 'tutorial' retrieved from /Users/karenwang/anaconda3/envs/airflow_sqlite_env/lib/python3.9/site-packages/airflow/example_dags/tutorial.py
[2024-10-13T21:09:51.154-0400] {logging_mixin.py:190} INFO - [2024-10-13T21:09:51.153-0400] {dag.py:3239} INFO - Sync 1 DAGs
[2024-10-13T21:09:51.183-0400] {logging_mixin.py:190} INFO - [2024-10-13T21:09:51.183-0400] {dag.py:4180} INFO - Setting next_dagrun for tutorial to 2024-10-13 00:00:00+00:00, run_after=2024-10-14 00:00:00+00:00
[2024-10-13T21:09:51.207-0400] {processor.py:208} INFO - Processing /Users/karenwang/anaconda3/envs/airflow_sqlite_env/lib/python3.9/site-packages/airflow/example_dags/tutorial.py took 0.312 seconds
[2024-10-13T21:14:27.764-0400] {processor.py:186} INFO - Started process (PID=48629) to work on /Users/karenwang/anaconda3/envs/airflow_sqlite_env/lib/python3.9/site-packages/airflow/example_dags/tutorial.py
[2024-10-13T21:14:27.765-0400] {processor.py:914} INFO - Processing file /Users/karenwang/anaconda3/envs/airflow_sqlite_env/lib/python3.9/site-packages/airflow/example_dags/tutorial.py for tasks to queue
[2024-10-13T21:14:27.766-0400] {logging_mixin.py:190} INFO - [2024-10-13T21:14:27.766-0400] {dagbag.py:588} INFO - Filling up the DagBag from /Users/karenwang/anaconda3/envs/airflow_sqlite_env/lib/python3.9/site-packages/airflow/example_dags/tutorial.py
[2024-10-13T21:14:27.776-0400] {processor.py:925} INFO - DAG(s) 'tutorial' retrieved from /Users/karenwang/anaconda3/envs/airflow_sqlite_env/lib/python3.9/site-packages/airflow/example_dags/tutorial.py
[2024-10-13T21:14:27.985-0400] {logging_mixin.py:190} INFO - [2024-10-13T21:14:27.984-0400] {dag.py:3239} INFO - Sync 1 DAGs
[2024-10-13T21:14:28.008-0400] {logging_mixin.py:190} INFO - [2024-10-13T21:14:28.007-0400] {dag.py:4180} INFO - Setting next_dagrun for tutorial to 2024-10-13 00:00:00+00:00, run_after=2024-10-14 00:00:00+00:00
[2024-10-13T21:14:28.028-0400] {processor.py:208} INFO - Processing /Users/karenwang/anaconda3/envs/airflow_sqlite_env/lib/python3.9/site-packages/airflow/example_dags/tutorial.py took 0.270 seconds
[2024-10-13T21:18:24.455-0400] {processor.py:186} INFO - Started process (PID=50073) to work on /Users/karenwang/anaconda3/envs/airflow_sqlite_env/lib/python3.9/site-packages/airflow/example_dags/tutorial.py
[2024-10-13T21:18:24.456-0400] {processor.py:914} INFO - Processing file /Users/karenwang/anaconda3/envs/airflow_sqlite_env/lib/python3.9/site-packages/airflow/example_dags/tutorial.py for tasks to queue
[2024-10-13T21:18:24.457-0400] {logging_mixin.py:190} INFO - [2024-10-13T21:18:24.457-0400] {dagbag.py:588} INFO - Filling up the DagBag from /Users/karenwang/anaconda3/envs/airflow_sqlite_env/lib/python3.9/site-packages/airflow/example_dags/tutorial.py
[2024-10-13T21:18:24.467-0400] {processor.py:925} INFO - DAG(s) 'tutorial' retrieved from /Users/karenwang/anaconda3/envs/airflow_sqlite_env/lib/python3.9/site-packages/airflow/example_dags/tutorial.py
[2024-10-13T21:18:24.664-0400] {logging_mixin.py:190} INFO - [2024-10-13T21:18:24.664-0400] {dag.py:3239} INFO - Sync 1 DAGs
[2024-10-13T21:18:24.689-0400] {logging_mixin.py:190} INFO - [2024-10-13T21:18:24.689-0400] {dag.py:4180} INFO - Setting next_dagrun for tutorial to 2024-10-13 00:00:00+00:00, run_after=2024-10-14 00:00:00+00:00
[2024-10-13T21:18:24.713-0400] {processor.py:208} INFO - Processing /Users/karenwang/anaconda3/envs/airflow_sqlite_env/lib/python3.9/site-packages/airflow/example_dags/tutorial.py took 0.264 seconds
[2024-10-13T21:22:04.456-0400] {processor.py:186} INFO - Started process (PID=51205) to work on /Users/karenwang/anaconda3/envs/airflow_sqlite_env/lib/python3.9/site-packages/airflow/example_dags/tutorial.py
[2024-10-13T21:22:04.457-0400] {processor.py:914} INFO - Processing file /Users/karenwang/anaconda3/envs/airflow_sqlite_env/lib/python3.9/site-packages/airflow/example_dags/tutorial.py for tasks to queue
[2024-10-13T21:22:04.458-0400] {logging_mixin.py:190} INFO - [2024-10-13T21:22:04.458-0400] {dagbag.py:588} INFO - Filling up the DagBag from /Users/karenwang/anaconda3/envs/airflow_sqlite_env/lib/python3.9/site-packages/airflow/example_dags/tutorial.py
[2024-10-13T21:22:04.467-0400] {processor.py:925} INFO - DAG(s) 'tutorial' retrieved from /Users/karenwang/anaconda3/envs/airflow_sqlite_env/lib/python3.9/site-packages/airflow/example_dags/tutorial.py
[2024-10-13T21:22:04.655-0400] {logging_mixin.py:190} INFO - [2024-10-13T21:22:04.654-0400] {dag.py:3239} INFO - Sync 1 DAGs
[2024-10-13T21:22:04.681-0400] {logging_mixin.py:190} INFO - [2024-10-13T21:22:04.681-0400] {dag.py:4180} INFO - Setting next_dagrun for tutorial to 2024-10-13 00:00:00+00:00, run_after=2024-10-14 00:00:00+00:00
[2024-10-13T21:22:04.703-0400] {processor.py:208} INFO - Processing /Users/karenwang/anaconda3/envs/airflow_sqlite_env/lib/python3.9/site-packages/airflow/example_dags/tutorial.py took 0.253 seconds
[2024-10-13T21:25:46.671-0400] {processor.py:186} INFO - Started process (PID=52352) to work on /Users/karenwang/anaconda3/envs/airflow_sqlite_env/lib/python3.9/site-packages/airflow/example_dags/tutorial.py
[2024-10-13T21:25:46.673-0400] {processor.py:914} INFO - Processing file /Users/karenwang/anaconda3/envs/airflow_sqlite_env/lib/python3.9/site-packages/airflow/example_dags/tutorial.py for tasks to queue
[2024-10-13T21:25:46.674-0400] {logging_mixin.py:190} INFO - [2024-10-13T21:25:46.674-0400] {dagbag.py:588} INFO - Filling up the DagBag from /Users/karenwang/anaconda3/envs/airflow_sqlite_env/lib/python3.9/site-packages/airflow/example_dags/tutorial.py
[2024-10-13T21:25:46.686-0400] {processor.py:925} INFO - DAG(s) 'tutorial' retrieved from /Users/karenwang/anaconda3/envs/airflow_sqlite_env/lib/python3.9/site-packages/airflow/example_dags/tutorial.py
[2024-10-13T21:25:46.863-0400] {logging_mixin.py:190} INFO - [2024-10-13T21:25:46.862-0400] {dag.py:3239} INFO - Sync 1 DAGs
[2024-10-13T21:25:46.892-0400] {logging_mixin.py:190} INFO - [2024-10-13T21:25:46.892-0400] {dag.py:4180} INFO - Setting next_dagrun for tutorial to 2024-10-13 00:00:00+00:00, run_after=2024-10-14 00:00:00+00:00
[2024-10-13T21:25:46.913-0400] {processor.py:208} INFO - Processing /Users/karenwang/anaconda3/envs/airflow_sqlite_env/lib/python3.9/site-packages/airflow/example_dags/tutorial.py took 0.248 seconds
[2024-10-13T21:29:33.723-0400] {processor.py:186} INFO - Started process (PID=53550) to work on /Users/karenwang/anaconda3/envs/airflow_sqlite_env/lib/python3.9/site-packages/airflow/example_dags/tutorial.py
[2024-10-13T21:29:33.725-0400] {processor.py:914} INFO - Processing file /Users/karenwang/anaconda3/envs/airflow_sqlite_env/lib/python3.9/site-packages/airflow/example_dags/tutorial.py for tasks to queue
[2024-10-13T21:29:33.726-0400] {logging_mixin.py:190} INFO - [2024-10-13T21:29:33.726-0400] {dagbag.py:588} INFO - Filling up the DagBag from /Users/karenwang/anaconda3/envs/airflow_sqlite_env/lib/python3.9/site-packages/airflow/example_dags/tutorial.py
[2024-10-13T21:29:33.736-0400] {processor.py:925} INFO - DAG(s) 'tutorial' retrieved from /Users/karenwang/anaconda3/envs/airflow_sqlite_env/lib/python3.9/site-packages/airflow/example_dags/tutorial.py
[2024-10-13T21:29:33.917-0400] {logging_mixin.py:190} INFO - [2024-10-13T21:29:33.917-0400] {dag.py:3239} INFO - Sync 1 DAGs
[2024-10-13T21:29:33.941-0400] {logging_mixin.py:190} INFO - [2024-10-13T21:29:33.940-0400] {dag.py:4180} INFO - Setting next_dagrun for tutorial to 2024-10-13 00:00:00+00:00, run_after=2024-10-14 00:00:00+00:00
[2024-10-13T21:29:33.961-0400] {processor.py:208} INFO - Processing /Users/karenwang/anaconda3/envs/airflow_sqlite_env/lib/python3.9/site-packages/airflow/example_dags/tutorial.py took 0.245 seconds
[2024-10-13T21:33:34.140-0400] {processor.py:186} INFO - Started process (PID=54784) to work on /Users/karenwang/anaconda3/envs/airflow_sqlite_env/lib/python3.9/site-packages/airflow/example_dags/tutorial.py
[2024-10-13T21:33:34.142-0400] {processor.py:914} INFO - Processing file /Users/karenwang/anaconda3/envs/airflow_sqlite_env/lib/python3.9/site-packages/airflow/example_dags/tutorial.py for tasks to queue
[2024-10-13T21:33:34.143-0400] {logging_mixin.py:190} INFO - [2024-10-13T21:33:34.143-0400] {dagbag.py:588} INFO - Filling up the DagBag from /Users/karenwang/anaconda3/envs/airflow_sqlite_env/lib/python3.9/site-packages/airflow/example_dags/tutorial.py
[2024-10-13T21:33:34.156-0400] {processor.py:925} INFO - DAG(s) 'tutorial' retrieved from /Users/karenwang/anaconda3/envs/airflow_sqlite_env/lib/python3.9/site-packages/airflow/example_dags/tutorial.py
[2024-10-13T21:33:34.379-0400] {logging_mixin.py:190} INFO - [2024-10-13T21:33:34.379-0400] {dag.py:3239} INFO - Sync 1 DAGs
[2024-10-13T21:33:34.410-0400] {logging_mixin.py:190} INFO - [2024-10-13T21:33:34.410-0400] {dag.py:4180} INFO - Setting next_dagrun for tutorial to 2024-10-13 00:00:00+00:00, run_after=2024-10-14 00:00:00+00:00
[2024-10-13T21:33:34.434-0400] {processor.py:208} INFO - Processing /Users/karenwang/anaconda3/envs/airflow_sqlite_env/lib/python3.9/site-packages/airflow/example_dags/tutorial.py took 0.300 seconds
[2024-10-13T21:37:26.483-0400] {processor.py:186} INFO - Started process (PID=56021) to work on /Users/karenwang/anaconda3/envs/airflow_sqlite_env/lib/python3.9/site-packages/airflow/example_dags/tutorial.py
[2024-10-13T21:37:26.485-0400] {processor.py:914} INFO - Processing file /Users/karenwang/anaconda3/envs/airflow_sqlite_env/lib/python3.9/site-packages/airflow/example_dags/tutorial.py for tasks to queue
[2024-10-13T21:37:26.486-0400] {logging_mixin.py:190} INFO - [2024-10-13T21:37:26.486-0400] {dagbag.py:588} INFO - Filling up the DagBag from /Users/karenwang/anaconda3/envs/airflow_sqlite_env/lib/python3.9/site-packages/airflow/example_dags/tutorial.py
[2024-10-13T21:37:26.497-0400] {processor.py:925} INFO - DAG(s) 'tutorial' retrieved from /Users/karenwang/anaconda3/envs/airflow_sqlite_env/lib/python3.9/site-packages/airflow/example_dags/tutorial.py
[2024-10-13T21:37:26.685-0400] {logging_mixin.py:190} INFO - [2024-10-13T21:37:26.684-0400] {dag.py:3239} INFO - Sync 1 DAGs
[2024-10-13T21:37:26.707-0400] {logging_mixin.py:190} INFO - [2024-10-13T21:37:26.707-0400] {dag.py:4180} INFO - Setting next_dagrun for tutorial to 2024-10-13 00:00:00+00:00, run_after=2024-10-14 00:00:00+00:00
[2024-10-13T21:37:26.729-0400] {processor.py:208} INFO - Processing /Users/karenwang/anaconda3/envs/airflow_sqlite_env/lib/python3.9/site-packages/airflow/example_dags/tutorial.py took 0.251 seconds
[2024-10-13T21:41:21.852-0400] {processor.py:186} INFO - Started process (PID=57235) to work on /Users/karenwang/anaconda3/envs/airflow_sqlite_env/lib/python3.9/site-packages/airflow/example_dags/tutorial.py
[2024-10-13T21:41:21.853-0400] {processor.py:914} INFO - Processing file /Users/karenwang/anaconda3/envs/airflow_sqlite_env/lib/python3.9/site-packages/airflow/example_dags/tutorial.py for tasks to queue
[2024-10-13T21:41:21.855-0400] {logging_mixin.py:190} INFO - [2024-10-13T21:41:21.854-0400] {dagbag.py:588} INFO - Filling up the DagBag from /Users/karenwang/anaconda3/envs/airflow_sqlite_env/lib/python3.9/site-packages/airflow/example_dags/tutorial.py
[2024-10-13T21:41:21.875-0400] {processor.py:925} INFO - DAG(s) 'tutorial' retrieved from /Users/karenwang/anaconda3/envs/airflow_sqlite_env/lib/python3.9/site-packages/airflow/example_dags/tutorial.py
[2024-10-13T21:41:22.098-0400] {logging_mixin.py:190} INFO - [2024-10-13T21:41:22.098-0400] {dag.py:3239} INFO - Sync 1 DAGs
[2024-10-13T21:41:22.126-0400] {logging_mixin.py:190} INFO - [2024-10-13T21:41:22.126-0400] {dag.py:4180} INFO - Setting next_dagrun for tutorial to 2024-10-13 00:00:00+00:00, run_after=2024-10-14 00:00:00+00:00
[2024-10-13T21:41:22.150-0400] {processor.py:208} INFO - Processing /Users/karenwang/anaconda3/envs/airflow_sqlite_env/lib/python3.9/site-packages/airflow/example_dags/tutorial.py took 0.305 seconds
[2024-10-13T21:45:13.301-0400] {processor.py:186} INFO - Started process (PID=58414) to work on /Users/karenwang/anaconda3/envs/airflow_sqlite_env/lib/python3.9/site-packages/airflow/example_dags/tutorial.py
[2024-10-13T21:45:13.303-0400] {processor.py:914} INFO - Processing file /Users/karenwang/anaconda3/envs/airflow_sqlite_env/lib/python3.9/site-packages/airflow/example_dags/tutorial.py for tasks to queue
[2024-10-13T21:45:13.304-0400] {logging_mixin.py:190} INFO - [2024-10-13T21:45:13.304-0400] {dagbag.py:588} INFO - Filling up the DagBag from /Users/karenwang/anaconda3/envs/airflow_sqlite_env/lib/python3.9/site-packages/airflow/example_dags/tutorial.py
[2024-10-13T21:45:13.317-0400] {processor.py:925} INFO - DAG(s) 'tutorial' retrieved from /Users/karenwang/anaconda3/envs/airflow_sqlite_env/lib/python3.9/site-packages/airflow/example_dags/tutorial.py
[2024-10-13T21:45:13.547-0400] {logging_mixin.py:190} INFO - [2024-10-13T21:45:13.546-0400] {dag.py:3239} INFO - Sync 1 DAGs
[2024-10-13T21:45:13.575-0400] {logging_mixin.py:190} INFO - [2024-10-13T21:45:13.575-0400] {dag.py:4180} INFO - Setting next_dagrun for tutorial to 2024-10-13 00:00:00+00:00, run_after=2024-10-14 00:00:00+00:00
[2024-10-13T21:45:13.601-0400] {processor.py:208} INFO - Processing /Users/karenwang/anaconda3/envs/airflow_sqlite_env/lib/python3.9/site-packages/airflow/example_dags/tutorial.py took 0.306 seconds
[2024-10-13T21:49:14.782-0400] {processor.py:186} INFO - Started process (PID=59693) to work on /Users/karenwang/anaconda3/envs/airflow_sqlite_env/lib/python3.9/site-packages/airflow/example_dags/tutorial.py
[2024-10-13T21:49:14.783-0400] {processor.py:914} INFO - Processing file /Users/karenwang/anaconda3/envs/airflow_sqlite_env/lib/python3.9/site-packages/airflow/example_dags/tutorial.py for tasks to queue
[2024-10-13T21:49:14.785-0400] {logging_mixin.py:190} INFO - [2024-10-13T21:49:14.785-0400] {dagbag.py:588} INFO - Filling up the DagBag from /Users/karenwang/anaconda3/envs/airflow_sqlite_env/lib/python3.9/site-packages/airflow/example_dags/tutorial.py
[2024-10-13T21:49:14.796-0400] {processor.py:925} INFO - DAG(s) 'tutorial' retrieved from /Users/karenwang/anaconda3/envs/airflow_sqlite_env/lib/python3.9/site-packages/airflow/example_dags/tutorial.py
[2024-10-13T21:49:15.015-0400] {logging_mixin.py:190} INFO - [2024-10-13T21:49:15.015-0400] {dag.py:3239} INFO - Sync 1 DAGs
[2024-10-13T21:49:15.042-0400] {logging_mixin.py:190} INFO - [2024-10-13T21:49:15.042-0400] {dag.py:4180} INFO - Setting next_dagrun for tutorial to 2024-10-13 00:00:00+00:00, run_after=2024-10-14 00:00:00+00:00
[2024-10-13T21:49:15.068-0400] {processor.py:208} INFO - Processing /Users/karenwang/anaconda3/envs/airflow_sqlite_env/lib/python3.9/site-packages/airflow/example_dags/tutorial.py took 0.292 seconds
[2024-10-13T21:53:16.597-0400] {processor.py:186} INFO - Started process (PID=60918) to work on /Users/karenwang/anaconda3/envs/airflow_sqlite_env/lib/python3.9/site-packages/airflow/example_dags/tutorial.py
[2024-10-13T21:53:16.598-0400] {processor.py:914} INFO - Processing file /Users/karenwang/anaconda3/envs/airflow_sqlite_env/lib/python3.9/site-packages/airflow/example_dags/tutorial.py for tasks to queue
[2024-10-13T21:53:16.600-0400] {logging_mixin.py:190} INFO - [2024-10-13T21:53:16.599-0400] {dagbag.py:588} INFO - Filling up the DagBag from /Users/karenwang/anaconda3/envs/airflow_sqlite_env/lib/python3.9/site-packages/airflow/example_dags/tutorial.py
[2024-10-13T21:53:16.612-0400] {processor.py:925} INFO - DAG(s) 'tutorial' retrieved from /Users/karenwang/anaconda3/envs/airflow_sqlite_env/lib/python3.9/site-packages/airflow/example_dags/tutorial.py
[2024-10-13T21:53:16.858-0400] {logging_mixin.py:190} INFO - [2024-10-13T21:53:16.857-0400] {dag.py:3239} INFO - Sync 1 DAGs
[2024-10-13T21:53:16.884-0400] {logging_mixin.py:190} INFO - [2024-10-13T21:53:16.884-0400] {dag.py:4180} INFO - Setting next_dagrun for tutorial to 2024-10-13 00:00:00+00:00, run_after=2024-10-14 00:00:00+00:00
[2024-10-13T21:53:16.909-0400] {processor.py:208} INFO - Processing /Users/karenwang/anaconda3/envs/airflow_sqlite_env/lib/python3.9/site-packages/airflow/example_dags/tutorial.py took 0.318 seconds
[2024-10-13T21:57:16.390-0400] {processor.py:186} INFO - Started process (PID=62168) to work on /Users/karenwang/anaconda3/envs/airflow_sqlite_env/lib/python3.9/site-packages/airflow/example_dags/tutorial.py
[2024-10-13T21:57:16.392-0400] {processor.py:914} INFO - Processing file /Users/karenwang/anaconda3/envs/airflow_sqlite_env/lib/python3.9/site-packages/airflow/example_dags/tutorial.py for tasks to queue
[2024-10-13T21:57:16.393-0400] {logging_mixin.py:190} INFO - [2024-10-13T21:57:16.393-0400] {dagbag.py:588} INFO - Filling up the DagBag from /Users/karenwang/anaconda3/envs/airflow_sqlite_env/lib/python3.9/site-packages/airflow/example_dags/tutorial.py
[2024-10-13T21:57:16.406-0400] {processor.py:925} INFO - DAG(s) 'tutorial' retrieved from /Users/karenwang/anaconda3/envs/airflow_sqlite_env/lib/python3.9/site-packages/airflow/example_dags/tutorial.py
[2024-10-13T21:57:16.603-0400] {logging_mixin.py:190} INFO - [2024-10-13T21:57:16.603-0400] {dag.py:3239} INFO - Sync 1 DAGs
[2024-10-13T21:57:16.630-0400] {logging_mixin.py:190} INFO - [2024-10-13T21:57:16.629-0400] {dag.py:4180} INFO - Setting next_dagrun for tutorial to 2024-10-13 00:00:00+00:00, run_after=2024-10-14 00:00:00+00:00
[2024-10-13T21:57:16.652-0400] {processor.py:208} INFO - Processing /Users/karenwang/anaconda3/envs/airflow_sqlite_env/lib/python3.9/site-packages/airflow/example_dags/tutorial.py took 0.268 seconds
[2024-10-13T22:01:02.272-0400] {processor.py:186} INFO - Started process (PID=63324) to work on /Users/karenwang/anaconda3/envs/airflow_sqlite_env/lib/python3.9/site-packages/airflow/example_dags/tutorial.py
[2024-10-13T22:01:02.274-0400] {processor.py:914} INFO - Processing file /Users/karenwang/anaconda3/envs/airflow_sqlite_env/lib/python3.9/site-packages/airflow/example_dags/tutorial.py for tasks to queue
[2024-10-13T22:01:02.276-0400] {logging_mixin.py:190} INFO - [2024-10-13T22:01:02.275-0400] {dagbag.py:588} INFO - Filling up the DagBag from /Users/karenwang/anaconda3/envs/airflow_sqlite_env/lib/python3.9/site-packages/airflow/example_dags/tutorial.py
[2024-10-13T22:01:02.288-0400] {processor.py:925} INFO - DAG(s) 'tutorial' retrieved from /Users/karenwang/anaconda3/envs/airflow_sqlite_env/lib/python3.9/site-packages/airflow/example_dags/tutorial.py
[2024-10-13T22:01:02.518-0400] {logging_mixin.py:190} INFO - [2024-10-13T22:01:02.517-0400] {dag.py:3239} INFO - Sync 1 DAGs
[2024-10-13T22:01:02.546-0400] {logging_mixin.py:190} INFO - [2024-10-13T22:01:02.545-0400] {dag.py:4180} INFO - Setting next_dagrun for tutorial to 2024-10-13 00:00:00+00:00, run_after=2024-10-14 00:00:00+00:00
[2024-10-13T22:01:02.571-0400] {processor.py:208} INFO - Processing /Users/karenwang/anaconda3/envs/airflow_sqlite_env/lib/python3.9/site-packages/airflow/example_dags/tutorial.py took 0.304 seconds
[2024-10-13T22:04:57.510-0400] {processor.py:186} INFO - Started process (PID=64531) to work on /Users/karenwang/anaconda3/envs/airflow_sqlite_env/lib/python3.9/site-packages/airflow/example_dags/tutorial.py
[2024-10-13T22:04:57.511-0400] {processor.py:914} INFO - Processing file /Users/karenwang/anaconda3/envs/airflow_sqlite_env/lib/python3.9/site-packages/airflow/example_dags/tutorial.py for tasks to queue
[2024-10-13T22:04:57.513-0400] {logging_mixin.py:190} INFO - [2024-10-13T22:04:57.512-0400] {dagbag.py:588} INFO - Filling up the DagBag from /Users/karenwang/anaconda3/envs/airflow_sqlite_env/lib/python3.9/site-packages/airflow/example_dags/tutorial.py
[2024-10-13T22:04:57.523-0400] {processor.py:925} INFO - DAG(s) 'tutorial' retrieved from /Users/karenwang/anaconda3/envs/airflow_sqlite_env/lib/python3.9/site-packages/airflow/example_dags/tutorial.py
[2024-10-13T22:04:57.712-0400] {logging_mixin.py:190} INFO - [2024-10-13T22:04:57.711-0400] {dag.py:3239} INFO - Sync 1 DAGs
[2024-10-13T22:04:57.735-0400] {logging_mixin.py:190} INFO - [2024-10-13T22:04:57.735-0400] {dag.py:4180} INFO - Setting next_dagrun for tutorial to 2024-10-13 00:00:00+00:00, run_after=2024-10-14 00:00:00+00:00
[2024-10-13T22:04:57.759-0400] {processor.py:208} INFO - Processing /Users/karenwang/anaconda3/envs/airflow_sqlite_env/lib/python3.9/site-packages/airflow/example_dags/tutorial.py took 0.255 seconds
[2024-10-13T22:08:53.325-0400] {processor.py:186} INFO - Started process (PID=65758) to work on /Users/karenwang/anaconda3/envs/airflow_sqlite_env/lib/python3.9/site-packages/airflow/example_dags/tutorial.py
[2024-10-13T22:08:53.326-0400] {processor.py:914} INFO - Processing file /Users/karenwang/anaconda3/envs/airflow_sqlite_env/lib/python3.9/site-packages/airflow/example_dags/tutorial.py for tasks to queue
[2024-10-13T22:08:53.327-0400] {logging_mixin.py:190} INFO - [2024-10-13T22:08:53.327-0400] {dagbag.py:588} INFO - Filling up the DagBag from /Users/karenwang/anaconda3/envs/airflow_sqlite_env/lib/python3.9/site-packages/airflow/example_dags/tutorial.py
[2024-10-13T22:08:53.341-0400] {processor.py:925} INFO - DAG(s) 'tutorial' retrieved from /Users/karenwang/anaconda3/envs/airflow_sqlite_env/lib/python3.9/site-packages/airflow/example_dags/tutorial.py
[2024-10-13T22:08:53.545-0400] {logging_mixin.py:190} INFO - [2024-10-13T22:08:53.544-0400] {dag.py:3239} INFO - Sync 1 DAGs
[2024-10-13T22:08:53.571-0400] {logging_mixin.py:190} INFO - [2024-10-13T22:08:53.571-0400] {dag.py:4180} INFO - Setting next_dagrun for tutorial to 2024-10-13 00:00:00+00:00, run_after=2024-10-14 00:00:00+00:00
[2024-10-13T22:08:53.596-0400] {processor.py:208} INFO - Processing /Users/karenwang/anaconda3/envs/airflow_sqlite_env/lib/python3.9/site-packages/airflow/example_dags/tutorial.py took 0.277 seconds
[2024-10-13T22:12:46.376-0400] {processor.py:186} INFO - Started process (PID=66947) to work on /Users/karenwang/anaconda3/envs/airflow_sqlite_env/lib/python3.9/site-packages/airflow/example_dags/tutorial.py
[2024-10-13T22:12:46.378-0400] {processor.py:914} INFO - Processing file /Users/karenwang/anaconda3/envs/airflow_sqlite_env/lib/python3.9/site-packages/airflow/example_dags/tutorial.py for tasks to queue
[2024-10-13T22:12:46.379-0400] {logging_mixin.py:190} INFO - [2024-10-13T22:12:46.379-0400] {dagbag.py:588} INFO - Filling up the DagBag from /Users/karenwang/anaconda3/envs/airflow_sqlite_env/lib/python3.9/site-packages/airflow/example_dags/tutorial.py
[2024-10-13T22:12:46.392-0400] {processor.py:925} INFO - DAG(s) 'tutorial' retrieved from /Users/karenwang/anaconda3/envs/airflow_sqlite_env/lib/python3.9/site-packages/airflow/example_dags/tutorial.py
[2024-10-13T22:12:46.604-0400] {logging_mixin.py:190} INFO - [2024-10-13T22:12:46.604-0400] {dag.py:3239} INFO - Sync 1 DAGs
[2024-10-13T22:12:46.630-0400] {logging_mixin.py:190} INFO - [2024-10-13T22:12:46.629-0400] {dag.py:4180} INFO - Setting next_dagrun for tutorial to 2024-10-13 00:00:00+00:00, run_after=2024-10-14 00:00:00+00:00
[2024-10-13T22:12:46.655-0400] {processor.py:208} INFO - Processing /Users/karenwang/anaconda3/envs/airflow_sqlite_env/lib/python3.9/site-packages/airflow/example_dags/tutorial.py took 0.284 seconds
[2024-10-13T22:16:46.732-0400] {processor.py:186} INFO - Started process (PID=68178) to work on /Users/karenwang/anaconda3/envs/airflow_sqlite_env/lib/python3.9/site-packages/airflow/example_dags/tutorial.py
[2024-10-13T22:16:46.734-0400] {processor.py:914} INFO - Processing file /Users/karenwang/anaconda3/envs/airflow_sqlite_env/lib/python3.9/site-packages/airflow/example_dags/tutorial.py for tasks to queue
[2024-10-13T22:16:46.735-0400] {logging_mixin.py:190} INFO - [2024-10-13T22:16:46.735-0400] {dagbag.py:588} INFO - Filling up the DagBag from /Users/karenwang/anaconda3/envs/airflow_sqlite_env/lib/python3.9/site-packages/airflow/example_dags/tutorial.py
[2024-10-13T22:16:46.748-0400] {processor.py:925} INFO - DAG(s) 'tutorial' retrieved from /Users/karenwang/anaconda3/envs/airflow_sqlite_env/lib/python3.9/site-packages/airflow/example_dags/tutorial.py
[2024-10-13T22:16:46.958-0400] {logging_mixin.py:190} INFO - [2024-10-13T22:16:46.958-0400] {dag.py:3239} INFO - Sync 1 DAGs
[2024-10-13T22:16:46.987-0400] {logging_mixin.py:190} INFO - [2024-10-13T22:16:46.987-0400] {dag.py:4180} INFO - Setting next_dagrun for tutorial to 2024-10-13 00:00:00+00:00, run_after=2024-10-14 00:00:00+00:00
[2024-10-13T22:16:47.011-0400] {processor.py:208} INFO - Processing /Users/karenwang/anaconda3/envs/airflow_sqlite_env/lib/python3.9/site-packages/airflow/example_dags/tutorial.py took 0.285 seconds
[2024-10-13T22:20:45.620-0400] {processor.py:186} INFO - Started process (PID=69397) to work on /Users/karenwang/anaconda3/envs/airflow_sqlite_env/lib/python3.9/site-packages/airflow/example_dags/tutorial.py
[2024-10-13T22:20:45.622-0400] {processor.py:914} INFO - Processing file /Users/karenwang/anaconda3/envs/airflow_sqlite_env/lib/python3.9/site-packages/airflow/example_dags/tutorial.py for tasks to queue
[2024-10-13T22:20:45.624-0400] {logging_mixin.py:190} INFO - [2024-10-13T22:20:45.624-0400] {dagbag.py:588} INFO - Filling up the DagBag from /Users/karenwang/anaconda3/envs/airflow_sqlite_env/lib/python3.9/site-packages/airflow/example_dags/tutorial.py
[2024-10-13T22:20:45.649-0400] {processor.py:925} INFO - DAG(s) 'tutorial' retrieved from /Users/karenwang/anaconda3/envs/airflow_sqlite_env/lib/python3.9/site-packages/airflow/example_dags/tutorial.py
[2024-10-13T22:20:45.914-0400] {logging_mixin.py:190} INFO - [2024-10-13T22:20:45.914-0400] {dag.py:3239} INFO - Sync 1 DAGs
[2024-10-13T22:20:45.941-0400] {logging_mixin.py:190} INFO - [2024-10-13T22:20:45.941-0400] {dag.py:4180} INFO - Setting next_dagrun for tutorial to 2024-10-13 00:00:00+00:00, run_after=2024-10-14 00:00:00+00:00
[2024-10-13T22:20:45.970-0400] {processor.py:208} INFO - Processing /Users/karenwang/anaconda3/envs/airflow_sqlite_env/lib/python3.9/site-packages/airflow/example_dags/tutorial.py took 0.356 seconds
[2024-10-13T22:24:54.295-0400] {processor.py:186} INFO - Started process (PID=70740) to work on /Users/karenwang/anaconda3/envs/airflow_sqlite_env/lib/python3.9/site-packages/airflow/example_dags/tutorial.py
[2024-10-13T22:24:54.296-0400] {processor.py:914} INFO - Processing file /Users/karenwang/anaconda3/envs/airflow_sqlite_env/lib/python3.9/site-packages/airflow/example_dags/tutorial.py for tasks to queue
[2024-10-13T22:24:54.298-0400] {logging_mixin.py:190} INFO - [2024-10-13T22:24:54.297-0400] {dagbag.py:588} INFO - Filling up the DagBag from /Users/karenwang/anaconda3/envs/airflow_sqlite_env/lib/python3.9/site-packages/airflow/example_dags/tutorial.py
[2024-10-13T22:24:54.309-0400] {processor.py:925} INFO - DAG(s) 'tutorial' retrieved from /Users/karenwang/anaconda3/envs/airflow_sqlite_env/lib/python3.9/site-packages/airflow/example_dags/tutorial.py
[2024-10-13T22:24:54.537-0400] {logging_mixin.py:190} INFO - [2024-10-13T22:24:54.537-0400] {dag.py:3239} INFO - Sync 1 DAGs
[2024-10-13T22:24:54.570-0400] {logging_mixin.py:190} INFO - [2024-10-13T22:24:54.570-0400] {dag.py:4180} INFO - Setting next_dagrun for tutorial to 2024-10-13 00:00:00+00:00, run_after=2024-10-14 00:00:00+00:00
[2024-10-13T22:24:54.596-0400] {processor.py:208} INFO - Processing /Users/karenwang/anaconda3/envs/airflow_sqlite_env/lib/python3.9/site-packages/airflow/example_dags/tutorial.py took 0.307 seconds
[2024-10-13T22:33:28.065-0400] {processor.py:186} INFO - Started process (PID=73629) to work on /Users/karenwang/anaconda3/envs/airflow_sqlite_env/lib/python3.9/site-packages/airflow/example_dags/tutorial.py
[2024-10-13T22:33:28.067-0400] {processor.py:914} INFO - Processing file /Users/karenwang/anaconda3/envs/airflow_sqlite_env/lib/python3.9/site-packages/airflow/example_dags/tutorial.py for tasks to queue
[2024-10-13T22:33:28.069-0400] {logging_mixin.py:190} INFO - [2024-10-13T22:33:28.068-0400] {dagbag.py:588} INFO - Filling up the DagBag from /Users/karenwang/anaconda3/envs/airflow_sqlite_env/lib/python3.9/site-packages/airflow/example_dags/tutorial.py
[2024-10-13T22:33:28.081-0400] {processor.py:925} INFO - DAG(s) 'tutorial' retrieved from /Users/karenwang/anaconda3/envs/airflow_sqlite_env/lib/python3.9/site-packages/airflow/example_dags/tutorial.py
[2024-10-13T22:33:28.304-0400] {logging_mixin.py:190} INFO - [2024-10-13T22:33:28.304-0400] {dag.py:3239} INFO - Sync 1 DAGs
[2024-10-13T22:33:28.331-0400] {logging_mixin.py:190} INFO - [2024-10-13T22:33:28.331-0400] {dag.py:4180} INFO - Setting next_dagrun for tutorial to 2024-10-13 00:00:00+00:00, run_after=2024-10-14 00:00:00+00:00
[2024-10-13T22:33:28.356-0400] {processor.py:208} INFO - Processing /Users/karenwang/anaconda3/envs/airflow_sqlite_env/lib/python3.9/site-packages/airflow/example_dags/tutorial.py took 0.298 seconds
[2024-10-13T22:39:25.519-0400] {processor.py:186} INFO - Started process (PID=75550) to work on /Users/karenwang/anaconda3/envs/airflow_sqlite_env/lib/python3.9/site-packages/airflow/example_dags/tutorial.py
[2024-10-13T22:39:25.521-0400] {processor.py:914} INFO - Processing file /Users/karenwang/anaconda3/envs/airflow_sqlite_env/lib/python3.9/site-packages/airflow/example_dags/tutorial.py for tasks to queue
[2024-10-13T22:39:25.523-0400] {logging_mixin.py:190} INFO - [2024-10-13T22:39:25.523-0400] {dagbag.py:588} INFO - Filling up the DagBag from /Users/karenwang/anaconda3/envs/airflow_sqlite_env/lib/python3.9/site-packages/airflow/example_dags/tutorial.py
[2024-10-13T22:39:25.534-0400] {processor.py:925} INFO - DAG(s) 'tutorial' retrieved from /Users/karenwang/anaconda3/envs/airflow_sqlite_env/lib/python3.9/site-packages/airflow/example_dags/tutorial.py
[2024-10-13T22:39:25.738-0400] {logging_mixin.py:190} INFO - [2024-10-13T22:39:25.738-0400] {dag.py:3239} INFO - Sync 1 DAGs
[2024-10-13T22:39:25.763-0400] {logging_mixin.py:190} INFO - [2024-10-13T22:39:25.763-0400] {dag.py:4180} INFO - Setting next_dagrun for tutorial to 2024-10-13 00:00:00+00:00, run_after=2024-10-14 00:00:00+00:00
[2024-10-13T22:39:25.788-0400] {processor.py:208} INFO - Processing /Users/karenwang/anaconda3/envs/airflow_sqlite_env/lib/python3.9/site-packages/airflow/example_dags/tutorial.py took 0.275 seconds
