[2024-10-13T20:00:34.724-0400] {processor.py:186} INFO - Started process (PID=25289) to work on /Users/karenwang/anaconda3/envs/airflow_sqlite_env/lib/python3.9/site-packages/airflow/example_dags/tutorial_dag.py
[2024-10-13T20:00:34.726-0400] {processor.py:914} INFO - Processing file /Users/karenwang/anaconda3/envs/airflow_sqlite_env/lib/python3.9/site-packages/airflow/example_dags/tutorial_dag.py for tasks to queue
[2024-10-13T20:00:34.727-0400] {logging_mixin.py:190} INFO - [2024-10-13T20:00:34.727-0400] {dagbag.py:588} INFO - Filling up the DagBag from /Users/karenwang/anaconda3/envs/airflow_sqlite_env/lib/python3.9/site-packages/airflow/example_dags/tutorial_dag.py
[2024-10-13T20:00:34.825-0400] {processor.py:925} INFO - DAG(s) 'tutorial_dag' retrieved from /Users/karenwang/anaconda3/envs/airflow_sqlite_env/lib/python3.9/site-packages/airflow/example_dags/tutorial_dag.py
[2024-10-13T20:00:34.972-0400] {logging_mixin.py:190} INFO - [2024-10-13T20:00:34.972-0400] {dag.py:3239} INFO - Sync 1 DAGs
[2024-10-13T20:00:34.987-0400] {logging_mixin.py:190} INFO - [2024-10-13T20:00:34.987-0400] {dag.py:4180} INFO - Setting next_dagrun for tutorial_dag to None, run_after=None
[2024-10-13T20:00:35.013-0400] {processor.py:208} INFO - Processing /Users/karenwang/anaconda3/envs/airflow_sqlite_env/lib/python3.9/site-packages/airflow/example_dags/tutorial_dag.py took 0.293 seconds
[2024-10-13T20:04:41.495-0400] {processor.py:186} INFO - Started process (PID=26576) to work on /Users/karenwang/anaconda3/envs/airflow_sqlite_env/lib/python3.9/site-packages/airflow/example_dags/tutorial_dag.py
[2024-10-13T20:04:41.497-0400] {processor.py:914} INFO - Processing file /Users/karenwang/anaconda3/envs/airflow_sqlite_env/lib/python3.9/site-packages/airflow/example_dags/tutorial_dag.py for tasks to queue
[2024-10-13T20:04:41.498-0400] {logging_mixin.py:190} INFO - [2024-10-13T20:04:41.498-0400] {dagbag.py:588} INFO - Filling up the DagBag from /Users/karenwang/anaconda3/envs/airflow_sqlite_env/lib/python3.9/site-packages/airflow/example_dags/tutorial_dag.py
[2024-10-13T20:04:41.586-0400] {processor.py:925} INFO - DAG(s) 'tutorial_dag' retrieved from /Users/karenwang/anaconda3/envs/airflow_sqlite_env/lib/python3.9/site-packages/airflow/example_dags/tutorial_dag.py
[2024-10-13T20:04:41.823-0400] {logging_mixin.py:190} INFO - [2024-10-13T20:04:41.822-0400] {dag.py:3239} INFO - Sync 1 DAGs
[2024-10-13T20:04:41.843-0400] {logging_mixin.py:190} INFO - [2024-10-13T20:04:41.842-0400] {dag.py:4180} INFO - Setting next_dagrun for tutorial_dag to None, run_after=None
[2024-10-13T20:04:41.867-0400] {processor.py:208} INFO - Processing /Users/karenwang/anaconda3/envs/airflow_sqlite_env/lib/python3.9/site-packages/airflow/example_dags/tutorial_dag.py took 0.377 seconds
[2024-10-13T20:08:46.760-0400] {processor.py:186} INFO - Started process (PID=27835) to work on /Users/karenwang/anaconda3/envs/airflow_sqlite_env/lib/python3.9/site-packages/airflow/example_dags/tutorial_dag.py
[2024-10-13T20:08:46.762-0400] {processor.py:914} INFO - Processing file /Users/karenwang/anaconda3/envs/airflow_sqlite_env/lib/python3.9/site-packages/airflow/example_dags/tutorial_dag.py for tasks to queue
[2024-10-13T20:08:46.763-0400] {logging_mixin.py:190} INFO - [2024-10-13T20:08:46.763-0400] {dagbag.py:588} INFO - Filling up the DagBag from /Users/karenwang/anaconda3/envs/airflow_sqlite_env/lib/python3.9/site-packages/airflow/example_dags/tutorial_dag.py
[2024-10-13T20:08:46.851-0400] {processor.py:925} INFO - DAG(s) 'tutorial_dag' retrieved from /Users/karenwang/anaconda3/envs/airflow_sqlite_env/lib/python3.9/site-packages/airflow/example_dags/tutorial_dag.py
[2024-10-13T20:08:47.018-0400] {logging_mixin.py:190} INFO - [2024-10-13T20:08:47.017-0400] {dag.py:3239} INFO - Sync 1 DAGs
[2024-10-13T20:08:47.032-0400] {logging_mixin.py:190} INFO - [2024-10-13T20:08:47.032-0400] {dag.py:4180} INFO - Setting next_dagrun for tutorial_dag to None, run_after=None
[2024-10-13T20:08:47.057-0400] {processor.py:208} INFO - Processing /Users/karenwang/anaconda3/envs/airflow_sqlite_env/lib/python3.9/site-packages/airflow/example_dags/tutorial_dag.py took 0.303 seconds
[2024-10-13T20:12:41.550-0400] {processor.py:186} INFO - Started process (PID=29028) to work on /Users/karenwang/anaconda3/envs/airflow_sqlite_env/lib/python3.9/site-packages/airflow/example_dags/tutorial_dag.py
[2024-10-13T20:12:41.551-0400] {processor.py:914} INFO - Processing file /Users/karenwang/anaconda3/envs/airflow_sqlite_env/lib/python3.9/site-packages/airflow/example_dags/tutorial_dag.py for tasks to queue
[2024-10-13T20:12:41.553-0400] {logging_mixin.py:190} INFO - [2024-10-13T20:12:41.553-0400] {dagbag.py:588} INFO - Filling up the DagBag from /Users/karenwang/anaconda3/envs/airflow_sqlite_env/lib/python3.9/site-packages/airflow/example_dags/tutorial_dag.py
[2024-10-13T20:12:41.636-0400] {processor.py:925} INFO - DAG(s) 'tutorial_dag' retrieved from /Users/karenwang/anaconda3/envs/airflow_sqlite_env/lib/python3.9/site-packages/airflow/example_dags/tutorial_dag.py
[2024-10-13T20:12:41.807-0400] {logging_mixin.py:190} INFO - [2024-10-13T20:12:41.806-0400] {dag.py:3239} INFO - Sync 1 DAGs
[2024-10-13T20:12:41.823-0400] {logging_mixin.py:190} INFO - [2024-10-13T20:12:41.823-0400] {dag.py:4180} INFO - Setting next_dagrun for tutorial_dag to None, run_after=None
[2024-10-13T20:12:41.847-0400] {processor.py:208} INFO - Processing /Users/karenwang/anaconda3/envs/airflow_sqlite_env/lib/python3.9/site-packages/airflow/example_dags/tutorial_dag.py took 0.303 seconds
[2024-10-13T20:16:51.205-0400] {processor.py:186} INFO - Started process (PID=30298) to work on /Users/karenwang/anaconda3/envs/airflow_sqlite_env/lib/python3.9/site-packages/airflow/example_dags/tutorial_dag.py
[2024-10-13T20:16:51.207-0400] {processor.py:914} INFO - Processing file /Users/karenwang/anaconda3/envs/airflow_sqlite_env/lib/python3.9/site-packages/airflow/example_dags/tutorial_dag.py for tasks to queue
[2024-10-13T20:16:51.209-0400] {logging_mixin.py:190} INFO - [2024-10-13T20:16:51.208-0400] {dagbag.py:588} INFO - Filling up the DagBag from /Users/karenwang/anaconda3/envs/airflow_sqlite_env/lib/python3.9/site-packages/airflow/example_dags/tutorial_dag.py
[2024-10-13T20:16:51.294-0400] {processor.py:925} INFO - DAG(s) 'tutorial_dag' retrieved from /Users/karenwang/anaconda3/envs/airflow_sqlite_env/lib/python3.9/site-packages/airflow/example_dags/tutorial_dag.py
[2024-10-13T20:16:51.494-0400] {logging_mixin.py:190} INFO - [2024-10-13T20:16:51.494-0400] {dag.py:3239} INFO - Sync 1 DAGs
[2024-10-13T20:16:51.513-0400] {logging_mixin.py:190} INFO - [2024-10-13T20:16:51.513-0400] {dag.py:4180} INFO - Setting next_dagrun for tutorial_dag to None, run_after=None
[2024-10-13T20:16:51.539-0400] {processor.py:208} INFO - Processing /Users/karenwang/anaconda3/envs/airflow_sqlite_env/lib/python3.9/site-packages/airflow/example_dags/tutorial_dag.py took 0.340 seconds
[2024-10-13T20:21:12.204-0400] {processor.py:186} INFO - Started process (PID=31687) to work on /Users/karenwang/anaconda3/envs/airflow_sqlite_env/lib/python3.9/site-packages/airflow/example_dags/tutorial_dag.py
[2024-10-13T20:21:12.205-0400] {processor.py:914} INFO - Processing file /Users/karenwang/anaconda3/envs/airflow_sqlite_env/lib/python3.9/site-packages/airflow/example_dags/tutorial_dag.py for tasks to queue
[2024-10-13T20:21:12.206-0400] {logging_mixin.py:190} INFO - [2024-10-13T20:21:12.206-0400] {dagbag.py:588} INFO - Filling up the DagBag from /Users/karenwang/anaconda3/envs/airflow_sqlite_env/lib/python3.9/site-packages/airflow/example_dags/tutorial_dag.py
[2024-10-13T20:21:12.291-0400] {processor.py:925} INFO - DAG(s) 'tutorial_dag' retrieved from /Users/karenwang/anaconda3/envs/airflow_sqlite_env/lib/python3.9/site-packages/airflow/example_dags/tutorial_dag.py
[2024-10-13T20:21:12.470-0400] {logging_mixin.py:190} INFO - [2024-10-13T20:21:12.469-0400] {dag.py:3239} INFO - Sync 1 DAGs
[2024-10-13T20:21:12.487-0400] {logging_mixin.py:190} INFO - [2024-10-13T20:21:12.486-0400] {dag.py:4180} INFO - Setting next_dagrun for tutorial_dag to None, run_after=None
[2024-10-13T20:21:12.511-0400] {processor.py:208} INFO - Processing /Users/karenwang/anaconda3/envs/airflow_sqlite_env/lib/python3.9/site-packages/airflow/example_dags/tutorial_dag.py took 0.313 seconds
[2024-10-13T20:26:49.470-0400] {processor.py:186} INFO - Started process (PID=33570) to work on /Users/karenwang/anaconda3/envs/airflow_sqlite_env/lib/python3.9/site-packages/airflow/example_dags/tutorial_dag.py
[2024-10-13T20:26:49.471-0400] {processor.py:914} INFO - Processing file /Users/karenwang/anaconda3/envs/airflow_sqlite_env/lib/python3.9/site-packages/airflow/example_dags/tutorial_dag.py for tasks to queue
[2024-10-13T20:26:49.473-0400] {logging_mixin.py:190} INFO - [2024-10-13T20:26:49.472-0400] {dagbag.py:588} INFO - Filling up the DagBag from /Users/karenwang/anaconda3/envs/airflow_sqlite_env/lib/python3.9/site-packages/airflow/example_dags/tutorial_dag.py
[2024-10-13T20:26:49.564-0400] {processor.py:925} INFO - DAG(s) 'tutorial_dag' retrieved from /Users/karenwang/anaconda3/envs/airflow_sqlite_env/lib/python3.9/site-packages/airflow/example_dags/tutorial_dag.py
[2024-10-13T20:26:49.762-0400] {logging_mixin.py:190} INFO - [2024-10-13T20:26:49.761-0400] {dag.py:3239} INFO - Sync 1 DAGs
[2024-10-13T20:26:49.782-0400] {logging_mixin.py:190} INFO - [2024-10-13T20:26:49.781-0400] {dag.py:4180} INFO - Setting next_dagrun for tutorial_dag to None, run_after=None
[2024-10-13T20:26:49.809-0400] {processor.py:208} INFO - Processing /Users/karenwang/anaconda3/envs/airflow_sqlite_env/lib/python3.9/site-packages/airflow/example_dags/tutorial_dag.py took 0.346 seconds
[2024-10-13T20:31:33.448-0400] {processor.py:186} INFO - Started process (PID=35183) to work on /Users/karenwang/anaconda3/envs/airflow_sqlite_env/lib/python3.9/site-packages/airflow/example_dags/tutorial_dag.py
[2024-10-13T20:31:33.450-0400] {processor.py:914} INFO - Processing file /Users/karenwang/anaconda3/envs/airflow_sqlite_env/lib/python3.9/site-packages/airflow/example_dags/tutorial_dag.py for tasks to queue
[2024-10-13T20:31:33.452-0400] {logging_mixin.py:190} INFO - [2024-10-13T20:31:33.451-0400] {dagbag.py:588} INFO - Filling up the DagBag from /Users/karenwang/anaconda3/envs/airflow_sqlite_env/lib/python3.9/site-packages/airflow/example_dags/tutorial_dag.py
[2024-10-13T20:31:33.522-0400] {processor.py:925} INFO - DAG(s) 'tutorial_dag' retrieved from /Users/karenwang/anaconda3/envs/airflow_sqlite_env/lib/python3.9/site-packages/airflow/example_dags/tutorial_dag.py
[2024-10-13T20:31:33.657-0400] {logging_mixin.py:190} INFO - [2024-10-13T20:31:33.657-0400] {dag.py:3239} INFO - Sync 1 DAGs
[2024-10-13T20:31:33.670-0400] {logging_mixin.py:190} INFO - [2024-10-13T20:31:33.670-0400] {dag.py:4180} INFO - Setting next_dagrun for tutorial_dag to None, run_after=None
[2024-10-13T20:31:33.691-0400] {processor.py:208} INFO - Processing /Users/karenwang/anaconda3/envs/airflow_sqlite_env/lib/python3.9/site-packages/airflow/example_dags/tutorial_dag.py took 0.249 seconds
[2024-10-13T20:35:12.726-0400] {processor.py:186} INFO - Started process (PID=36324) to work on /Users/karenwang/anaconda3/envs/airflow_sqlite_env/lib/python3.9/site-packages/airflow/example_dags/tutorial_dag.py
[2024-10-13T20:35:12.727-0400] {processor.py:914} INFO - Processing file /Users/karenwang/anaconda3/envs/airflow_sqlite_env/lib/python3.9/site-packages/airflow/example_dags/tutorial_dag.py for tasks to queue
[2024-10-13T20:35:12.728-0400] {logging_mixin.py:190} INFO - [2024-10-13T20:35:12.728-0400] {dagbag.py:588} INFO - Filling up the DagBag from /Users/karenwang/anaconda3/envs/airflow_sqlite_env/lib/python3.9/site-packages/airflow/example_dags/tutorial_dag.py
[2024-10-13T20:35:12.804-0400] {processor.py:925} INFO - DAG(s) 'tutorial_dag' retrieved from /Users/karenwang/anaconda3/envs/airflow_sqlite_env/lib/python3.9/site-packages/airflow/example_dags/tutorial_dag.py
[2024-10-13T20:35:12.945-0400] {logging_mixin.py:190} INFO - [2024-10-13T20:35:12.945-0400] {dag.py:3239} INFO - Sync 1 DAGs
[2024-10-13T20:35:12.957-0400] {logging_mixin.py:190} INFO - [2024-10-13T20:35:12.957-0400] {dag.py:4180} INFO - Setting next_dagrun for tutorial_dag to None, run_after=None
[2024-10-13T20:35:12.978-0400] {processor.py:208} INFO - Processing /Users/karenwang/anaconda3/envs/airflow_sqlite_env/lib/python3.9/site-packages/airflow/example_dags/tutorial_dag.py took 0.259 seconds
[2024-10-13T20:38:52.721-0400] {processor.py:186} INFO - Started process (PID=37475) to work on /Users/karenwang/anaconda3/envs/airflow_sqlite_env/lib/python3.9/site-packages/airflow/example_dags/tutorial_dag.py
[2024-10-13T20:38:52.722-0400] {processor.py:914} INFO - Processing file /Users/karenwang/anaconda3/envs/airflow_sqlite_env/lib/python3.9/site-packages/airflow/example_dags/tutorial_dag.py for tasks to queue
[2024-10-13T20:38:52.723-0400] {logging_mixin.py:190} INFO - [2024-10-13T20:38:52.723-0400] {dagbag.py:588} INFO - Filling up the DagBag from /Users/karenwang/anaconda3/envs/airflow_sqlite_env/lib/python3.9/site-packages/airflow/example_dags/tutorial_dag.py
[2024-10-13T20:38:52.802-0400] {processor.py:925} INFO - DAG(s) 'tutorial_dag' retrieved from /Users/karenwang/anaconda3/envs/airflow_sqlite_env/lib/python3.9/site-packages/airflow/example_dags/tutorial_dag.py
[2024-10-13T20:38:52.946-0400] {logging_mixin.py:190} INFO - [2024-10-13T20:38:52.946-0400] {dag.py:3239} INFO - Sync 1 DAGs
[2024-10-13T20:38:52.958-0400] {logging_mixin.py:190} INFO - [2024-10-13T20:38:52.958-0400] {dag.py:4180} INFO - Setting next_dagrun for tutorial_dag to None, run_after=None
[2024-10-13T20:38:52.981-0400] {processor.py:208} INFO - Processing /Users/karenwang/anaconda3/envs/airflow_sqlite_env/lib/python3.9/site-packages/airflow/example_dags/tutorial_dag.py took 0.266 seconds
[2024-10-13T20:42:32.263-0400] {processor.py:186} INFO - Started process (PID=38612) to work on /Users/karenwang/anaconda3/envs/airflow_sqlite_env/lib/python3.9/site-packages/airflow/example_dags/tutorial_dag.py
[2024-10-13T20:42:32.265-0400] {processor.py:914} INFO - Processing file /Users/karenwang/anaconda3/envs/airflow_sqlite_env/lib/python3.9/site-packages/airflow/example_dags/tutorial_dag.py for tasks to queue
[2024-10-13T20:42:32.266-0400] {logging_mixin.py:190} INFO - [2024-10-13T20:42:32.266-0400] {dagbag.py:588} INFO - Filling up the DagBag from /Users/karenwang/anaconda3/envs/airflow_sqlite_env/lib/python3.9/site-packages/airflow/example_dags/tutorial_dag.py
[2024-10-13T20:42:32.342-0400] {processor.py:925} INFO - DAG(s) 'tutorial_dag' retrieved from /Users/karenwang/anaconda3/envs/airflow_sqlite_env/lib/python3.9/site-packages/airflow/example_dags/tutorial_dag.py
[2024-10-13T20:42:32.493-0400] {logging_mixin.py:190} INFO - [2024-10-13T20:42:32.493-0400] {dag.py:3239} INFO - Sync 1 DAGs
[2024-10-13T20:42:32.508-0400] {logging_mixin.py:190} INFO - [2024-10-13T20:42:32.508-0400] {dag.py:4180} INFO - Setting next_dagrun for tutorial_dag to None, run_after=None
[2024-10-13T20:42:32.531-0400] {processor.py:208} INFO - Processing /Users/karenwang/anaconda3/envs/airflow_sqlite_env/lib/python3.9/site-packages/airflow/example_dags/tutorial_dag.py took 0.274 seconds
[2024-10-13T20:46:11.368-0400] {processor.py:186} INFO - Started process (PID=39743) to work on /Users/karenwang/anaconda3/envs/airflow_sqlite_env/lib/python3.9/site-packages/airflow/example_dags/tutorial_dag.py
[2024-10-13T20:46:11.369-0400] {processor.py:914} INFO - Processing file /Users/karenwang/anaconda3/envs/airflow_sqlite_env/lib/python3.9/site-packages/airflow/example_dags/tutorial_dag.py for tasks to queue
[2024-10-13T20:46:11.371-0400] {logging_mixin.py:190} INFO - [2024-10-13T20:46:11.370-0400] {dagbag.py:588} INFO - Filling up the DagBag from /Users/karenwang/anaconda3/envs/airflow_sqlite_env/lib/python3.9/site-packages/airflow/example_dags/tutorial_dag.py
[2024-10-13T20:46:11.449-0400] {processor.py:925} INFO - DAG(s) 'tutorial_dag' retrieved from /Users/karenwang/anaconda3/envs/airflow_sqlite_env/lib/python3.9/site-packages/airflow/example_dags/tutorial_dag.py
[2024-10-13T20:46:11.606-0400] {logging_mixin.py:190} INFO - [2024-10-13T20:46:11.606-0400] {dag.py:3239} INFO - Sync 1 DAGs
[2024-10-13T20:46:11.619-0400] {logging_mixin.py:190} INFO - [2024-10-13T20:46:11.618-0400] {dag.py:4180} INFO - Setting next_dagrun for tutorial_dag to None, run_after=None
[2024-10-13T20:46:11.641-0400] {processor.py:208} INFO - Processing /Users/karenwang/anaconda3/envs/airflow_sqlite_env/lib/python3.9/site-packages/airflow/example_dags/tutorial_dag.py took 0.278 seconds
[2024-10-13T20:49:51.062-0400] {processor.py:186} INFO - Started process (PID=40877) to work on /Users/karenwang/anaconda3/envs/airflow_sqlite_env/lib/python3.9/site-packages/airflow/example_dags/tutorial_dag.py
[2024-10-13T20:49:51.063-0400] {processor.py:914} INFO - Processing file /Users/karenwang/anaconda3/envs/airflow_sqlite_env/lib/python3.9/site-packages/airflow/example_dags/tutorial_dag.py for tasks to queue
[2024-10-13T20:49:51.064-0400] {logging_mixin.py:190} INFO - [2024-10-13T20:49:51.064-0400] {dagbag.py:588} INFO - Filling up the DagBag from /Users/karenwang/anaconda3/envs/airflow_sqlite_env/lib/python3.9/site-packages/airflow/example_dags/tutorial_dag.py
[2024-10-13T20:49:51.131-0400] {processor.py:925} INFO - DAG(s) 'tutorial_dag' retrieved from /Users/karenwang/anaconda3/envs/airflow_sqlite_env/lib/python3.9/site-packages/airflow/example_dags/tutorial_dag.py
[2024-10-13T20:49:51.259-0400] {logging_mixin.py:190} INFO - [2024-10-13T20:49:51.259-0400] {dag.py:3239} INFO - Sync 1 DAGs
[2024-10-13T20:49:51.271-0400] {logging_mixin.py:190} INFO - [2024-10-13T20:49:51.271-0400] {dag.py:4180} INFO - Setting next_dagrun for tutorial_dag to None, run_after=None
[2024-10-13T20:49:51.294-0400] {processor.py:208} INFO - Processing /Users/karenwang/anaconda3/envs/airflow_sqlite_env/lib/python3.9/site-packages/airflow/example_dags/tutorial_dag.py took 0.238 seconds
[2024-10-13T20:53:29.001-0400] {processor.py:186} INFO - Started process (PID=42021) to work on /Users/karenwang/anaconda3/envs/airflow_sqlite_env/lib/python3.9/site-packages/airflow/example_dags/tutorial_dag.py
[2024-10-13T20:53:29.002-0400] {processor.py:914} INFO - Processing file /Users/karenwang/anaconda3/envs/airflow_sqlite_env/lib/python3.9/site-packages/airflow/example_dags/tutorial_dag.py for tasks to queue
[2024-10-13T20:53:29.004-0400] {logging_mixin.py:190} INFO - [2024-10-13T20:53:29.004-0400] {dagbag.py:588} INFO - Filling up the DagBag from /Users/karenwang/anaconda3/envs/airflow_sqlite_env/lib/python3.9/site-packages/airflow/example_dags/tutorial_dag.py
[2024-10-13T20:53:29.079-0400] {processor.py:925} INFO - DAG(s) 'tutorial_dag' retrieved from /Users/karenwang/anaconda3/envs/airflow_sqlite_env/lib/python3.9/site-packages/airflow/example_dags/tutorial_dag.py
[2024-10-13T20:53:29.233-0400] {logging_mixin.py:190} INFO - [2024-10-13T20:53:29.232-0400] {dag.py:3239} INFO - Sync 1 DAGs
[2024-10-13T20:53:29.248-0400] {logging_mixin.py:190} INFO - [2024-10-13T20:53:29.248-0400] {dag.py:4180} INFO - Setting next_dagrun for tutorial_dag to None, run_after=None
[2024-10-13T20:53:29.269-0400] {processor.py:208} INFO - Processing /Users/karenwang/anaconda3/envs/airflow_sqlite_env/lib/python3.9/site-packages/airflow/example_dags/tutorial_dag.py took 0.273 seconds
[2024-10-13T20:57:10.936-0400] {processor.py:186} INFO - Started process (PID=43164) to work on /Users/karenwang/anaconda3/envs/airflow_sqlite_env/lib/python3.9/site-packages/airflow/example_dags/tutorial_dag.py
[2024-10-13T20:57:10.937-0400] {processor.py:914} INFO - Processing file /Users/karenwang/anaconda3/envs/airflow_sqlite_env/lib/python3.9/site-packages/airflow/example_dags/tutorial_dag.py for tasks to queue
[2024-10-13T20:57:10.938-0400] {logging_mixin.py:190} INFO - [2024-10-13T20:57:10.938-0400] {dagbag.py:588} INFO - Filling up the DagBag from /Users/karenwang/anaconda3/envs/airflow_sqlite_env/lib/python3.9/site-packages/airflow/example_dags/tutorial_dag.py
[2024-10-13T20:57:11.016-0400] {processor.py:925} INFO - DAG(s) 'tutorial_dag' retrieved from /Users/karenwang/anaconda3/envs/airflow_sqlite_env/lib/python3.9/site-packages/airflow/example_dags/tutorial_dag.py
[2024-10-13T20:57:11.171-0400] {logging_mixin.py:190} INFO - [2024-10-13T20:57:11.170-0400] {dag.py:3239} INFO - Sync 1 DAGs
[2024-10-13T20:57:11.185-0400] {logging_mixin.py:190} INFO - [2024-10-13T20:57:11.185-0400] {dag.py:4180} INFO - Setting next_dagrun for tutorial_dag to None, run_after=None
[2024-10-13T20:57:11.208-0400] {processor.py:208} INFO - Processing /Users/karenwang/anaconda3/envs/airflow_sqlite_env/lib/python3.9/site-packages/airflow/example_dags/tutorial_dag.py took 0.278 seconds
[2024-10-13T21:00:51.698-0400] {processor.py:186} INFO - Started process (PID=44304) to work on /Users/karenwang/anaconda3/envs/airflow_sqlite_env/lib/python3.9/site-packages/airflow/example_dags/tutorial_dag.py
[2024-10-13T21:00:51.699-0400] {processor.py:914} INFO - Processing file /Users/karenwang/anaconda3/envs/airflow_sqlite_env/lib/python3.9/site-packages/airflow/example_dags/tutorial_dag.py for tasks to queue
[2024-10-13T21:00:51.701-0400] {logging_mixin.py:190} INFO - [2024-10-13T21:00:51.701-0400] {dagbag.py:588} INFO - Filling up the DagBag from /Users/karenwang/anaconda3/envs/airflow_sqlite_env/lib/python3.9/site-packages/airflow/example_dags/tutorial_dag.py
[2024-10-13T21:00:51.782-0400] {processor.py:925} INFO - DAG(s) 'tutorial_dag' retrieved from /Users/karenwang/anaconda3/envs/airflow_sqlite_env/lib/python3.9/site-packages/airflow/example_dags/tutorial_dag.py
[2024-10-13T21:00:51.938-0400] {logging_mixin.py:190} INFO - [2024-10-13T21:00:51.937-0400] {dag.py:3239} INFO - Sync 1 DAGs
[2024-10-13T21:00:51.957-0400] {logging_mixin.py:190} INFO - [2024-10-13T21:00:51.957-0400] {dag.py:4180} INFO - Setting next_dagrun for tutorial_dag to None, run_after=None
[2024-10-13T21:00:51.979-0400] {processor.py:208} INFO - Processing /Users/karenwang/anaconda3/envs/airflow_sqlite_env/lib/python3.9/site-packages/airflow/example_dags/tutorial_dag.py took 0.288 seconds
[2024-10-13T21:04:30.091-0400] {processor.py:186} INFO - Started process (PID=45437) to work on /Users/karenwang/anaconda3/envs/airflow_sqlite_env/lib/python3.9/site-packages/airflow/example_dags/tutorial_dag.py
[2024-10-13T21:04:30.093-0400] {processor.py:914} INFO - Processing file /Users/karenwang/anaconda3/envs/airflow_sqlite_env/lib/python3.9/site-packages/airflow/example_dags/tutorial_dag.py for tasks to queue
[2024-10-13T21:04:30.094-0400] {logging_mixin.py:190} INFO - [2024-10-13T21:04:30.094-0400] {dagbag.py:588} INFO - Filling up the DagBag from /Users/karenwang/anaconda3/envs/airflow_sqlite_env/lib/python3.9/site-packages/airflow/example_dags/tutorial_dag.py
[2024-10-13T21:04:30.174-0400] {processor.py:925} INFO - DAG(s) 'tutorial_dag' retrieved from /Users/karenwang/anaconda3/envs/airflow_sqlite_env/lib/python3.9/site-packages/airflow/example_dags/tutorial_dag.py
[2024-10-13T21:04:30.328-0400] {logging_mixin.py:190} INFO - [2024-10-13T21:04:30.328-0400] {dag.py:3239} INFO - Sync 1 DAGs
[2024-10-13T21:04:30.343-0400] {logging_mixin.py:190} INFO - [2024-10-13T21:04:30.343-0400] {dag.py:4180} INFO - Setting next_dagrun for tutorial_dag to None, run_after=None
[2024-10-13T21:04:30.364-0400] {processor.py:208} INFO - Processing /Users/karenwang/anaconda3/envs/airflow_sqlite_env/lib/python3.9/site-packages/airflow/example_dags/tutorial_dag.py took 0.279 seconds
[2024-10-13T21:09:47.583-0400] {processor.py:186} INFO - Started process (PID=47172) to work on /Users/karenwang/anaconda3/envs/airflow_sqlite_env/lib/python3.9/site-packages/airflow/example_dags/tutorial_dag.py
[2024-10-13T21:09:47.585-0400] {processor.py:914} INFO - Processing file /Users/karenwang/anaconda3/envs/airflow_sqlite_env/lib/python3.9/site-packages/airflow/example_dags/tutorial_dag.py for tasks to queue
[2024-10-13T21:09:47.587-0400] {logging_mixin.py:190} INFO - [2024-10-13T21:09:47.586-0400] {dagbag.py:588} INFO - Filling up the DagBag from /Users/karenwang/anaconda3/envs/airflow_sqlite_env/lib/python3.9/site-packages/airflow/example_dags/tutorial_dag.py
[2024-10-13T21:09:47.675-0400] {processor.py:925} INFO - DAG(s) 'tutorial_dag' retrieved from /Users/karenwang/anaconda3/envs/airflow_sqlite_env/lib/python3.9/site-packages/airflow/example_dags/tutorial_dag.py
[2024-10-13T21:09:47.847-0400] {logging_mixin.py:190} INFO - [2024-10-13T21:09:47.846-0400] {dag.py:3239} INFO - Sync 1 DAGs
[2024-10-13T21:09:47.872-0400] {logging_mixin.py:190} INFO - [2024-10-13T21:09:47.872-0400] {dag.py:4180} INFO - Setting next_dagrun for tutorial_dag to None, run_after=None
[2024-10-13T21:09:47.906-0400] {processor.py:208} INFO - Processing /Users/karenwang/anaconda3/envs/airflow_sqlite_env/lib/python3.9/site-packages/airflow/example_dags/tutorial_dag.py took 0.330 seconds
[2024-10-13T21:14:23.994-0400] {processor.py:186} INFO - Started process (PID=48607) to work on /Users/karenwang/anaconda3/envs/airflow_sqlite_env/lib/python3.9/site-packages/airflow/example_dags/tutorial_dag.py
[2024-10-13T21:14:23.996-0400] {processor.py:914} INFO - Processing file /Users/karenwang/anaconda3/envs/airflow_sqlite_env/lib/python3.9/site-packages/airflow/example_dags/tutorial_dag.py for tasks to queue
[2024-10-13T21:14:23.997-0400] {logging_mixin.py:190} INFO - [2024-10-13T21:14:23.997-0400] {dagbag.py:588} INFO - Filling up the DagBag from /Users/karenwang/anaconda3/envs/airflow_sqlite_env/lib/python3.9/site-packages/airflow/example_dags/tutorial_dag.py
[2024-10-13T21:14:24.074-0400] {processor.py:925} INFO - DAG(s) 'tutorial_dag' retrieved from /Users/karenwang/anaconda3/envs/airflow_sqlite_env/lib/python3.9/site-packages/airflow/example_dags/tutorial_dag.py
[2024-10-13T21:14:24.232-0400] {logging_mixin.py:190} INFO - [2024-10-13T21:14:24.232-0400] {dag.py:3239} INFO - Sync 1 DAGs
[2024-10-13T21:14:24.247-0400] {logging_mixin.py:190} INFO - [2024-10-13T21:14:24.247-0400] {dag.py:4180} INFO - Setting next_dagrun for tutorial_dag to None, run_after=None
[2024-10-13T21:14:24.271-0400] {processor.py:208} INFO - Processing /Users/karenwang/anaconda3/envs/airflow_sqlite_env/lib/python3.9/site-packages/airflow/example_dags/tutorial_dag.py took 0.282 seconds
[2024-10-13T21:18:21.019-0400] {processor.py:186} INFO - Started process (PID=50052) to work on /Users/karenwang/anaconda3/envs/airflow_sqlite_env/lib/python3.9/site-packages/airflow/example_dags/tutorial_dag.py
[2024-10-13T21:18:21.020-0400] {processor.py:914} INFO - Processing file /Users/karenwang/anaconda3/envs/airflow_sqlite_env/lib/python3.9/site-packages/airflow/example_dags/tutorial_dag.py for tasks to queue
[2024-10-13T21:18:21.022-0400] {logging_mixin.py:190} INFO - [2024-10-13T21:18:21.021-0400] {dagbag.py:588} INFO - Filling up the DagBag from /Users/karenwang/anaconda3/envs/airflow_sqlite_env/lib/python3.9/site-packages/airflow/example_dags/tutorial_dag.py
[2024-10-13T21:18:21.101-0400] {processor.py:925} INFO - DAG(s) 'tutorial_dag' retrieved from /Users/karenwang/anaconda3/envs/airflow_sqlite_env/lib/python3.9/site-packages/airflow/example_dags/tutorial_dag.py
[2024-10-13T21:18:21.249-0400] {logging_mixin.py:190} INFO - [2024-10-13T21:18:21.248-0400] {dag.py:3239} INFO - Sync 1 DAGs
[2024-10-13T21:18:21.263-0400] {logging_mixin.py:190} INFO - [2024-10-13T21:18:21.263-0400] {dag.py:4180} INFO - Setting next_dagrun for tutorial_dag to None, run_after=None
[2024-10-13T21:18:21.284-0400] {processor.py:208} INFO - Processing /Users/karenwang/anaconda3/envs/airflow_sqlite_env/lib/python3.9/site-packages/airflow/example_dags/tutorial_dag.py took 0.271 seconds
[2024-10-13T21:22:00.960-0400] {processor.py:186} INFO - Started process (PID=51194) to work on /Users/karenwang/anaconda3/envs/airflow_sqlite_env/lib/python3.9/site-packages/airflow/example_dags/tutorial_dag.py
[2024-10-13T21:22:00.962-0400] {processor.py:914} INFO - Processing file /Users/karenwang/anaconda3/envs/airflow_sqlite_env/lib/python3.9/site-packages/airflow/example_dags/tutorial_dag.py for tasks to queue
[2024-10-13T21:22:00.963-0400] {logging_mixin.py:190} INFO - [2024-10-13T21:22:00.963-0400] {dagbag.py:588} INFO - Filling up the DagBag from /Users/karenwang/anaconda3/envs/airflow_sqlite_env/lib/python3.9/site-packages/airflow/example_dags/tutorial_dag.py
[2024-10-13T21:22:01.036-0400] {processor.py:925} INFO - DAG(s) 'tutorial_dag' retrieved from /Users/karenwang/anaconda3/envs/airflow_sqlite_env/lib/python3.9/site-packages/airflow/example_dags/tutorial_dag.py
[2024-10-13T21:22:01.180-0400] {logging_mixin.py:190} INFO - [2024-10-13T21:22:01.180-0400] {dag.py:3239} INFO - Sync 1 DAGs
[2024-10-13T21:22:01.193-0400] {logging_mixin.py:190} INFO - [2024-10-13T21:22:01.193-0400] {dag.py:4180} INFO - Setting next_dagrun for tutorial_dag to None, run_after=None
[2024-10-13T21:22:01.215-0400] {processor.py:208} INFO - Processing /Users/karenwang/anaconda3/envs/airflow_sqlite_env/lib/python3.9/site-packages/airflow/example_dags/tutorial_dag.py took 0.261 seconds
[2024-10-13T21:25:43.240-0400] {processor.py:186} INFO - Started process (PID=52331) to work on /Users/karenwang/anaconda3/envs/airflow_sqlite_env/lib/python3.9/site-packages/airflow/example_dags/tutorial_dag.py
[2024-10-13T21:25:43.242-0400] {processor.py:914} INFO - Processing file /Users/karenwang/anaconda3/envs/airflow_sqlite_env/lib/python3.9/site-packages/airflow/example_dags/tutorial_dag.py for tasks to queue
[2024-10-13T21:25:43.243-0400] {logging_mixin.py:190} INFO - [2024-10-13T21:25:43.243-0400] {dagbag.py:588} INFO - Filling up the DagBag from /Users/karenwang/anaconda3/envs/airflow_sqlite_env/lib/python3.9/site-packages/airflow/example_dags/tutorial_dag.py
[2024-10-13T21:25:43.323-0400] {processor.py:925} INFO - DAG(s) 'tutorial_dag' retrieved from /Users/karenwang/anaconda3/envs/airflow_sqlite_env/lib/python3.9/site-packages/airflow/example_dags/tutorial_dag.py
[2024-10-13T21:25:43.460-0400] {logging_mixin.py:190} INFO - [2024-10-13T21:25:43.459-0400] {dag.py:3239} INFO - Sync 1 DAGs
[2024-10-13T21:25:43.473-0400] {logging_mixin.py:190} INFO - [2024-10-13T21:25:43.472-0400] {dag.py:4180} INFO - Setting next_dagrun for tutorial_dag to None, run_after=None
[2024-10-13T21:25:43.496-0400] {processor.py:208} INFO - Processing /Users/karenwang/anaconda3/envs/airflow_sqlite_env/lib/python3.9/site-packages/airflow/example_dags/tutorial_dag.py took 0.262 seconds
[2024-10-13T21:29:30.175-0400] {processor.py:186} INFO - Started process (PID=53529) to work on /Users/karenwang/anaconda3/envs/airflow_sqlite_env/lib/python3.9/site-packages/airflow/example_dags/tutorial_dag.py
[2024-10-13T21:29:30.177-0400] {processor.py:914} INFO - Processing file /Users/karenwang/anaconda3/envs/airflow_sqlite_env/lib/python3.9/site-packages/airflow/example_dags/tutorial_dag.py for tasks to queue
[2024-10-13T21:29:30.178-0400] {logging_mixin.py:190} INFO - [2024-10-13T21:29:30.178-0400] {dagbag.py:588} INFO - Filling up the DagBag from /Users/karenwang/anaconda3/envs/airflow_sqlite_env/lib/python3.9/site-packages/airflow/example_dags/tutorial_dag.py
[2024-10-13T21:29:30.272-0400] {processor.py:925} INFO - DAG(s) 'tutorial_dag' retrieved from /Users/karenwang/anaconda3/envs/airflow_sqlite_env/lib/python3.9/site-packages/airflow/example_dags/tutorial_dag.py
[2024-10-13T21:29:30.485-0400] {logging_mixin.py:190} INFO - [2024-10-13T21:29:30.485-0400] {dag.py:3239} INFO - Sync 1 DAGs
[2024-10-13T21:29:30.506-0400] {logging_mixin.py:190} INFO - [2024-10-13T21:29:30.505-0400] {dag.py:4180} INFO - Setting next_dagrun for tutorial_dag to None, run_after=None
[2024-10-13T21:29:30.538-0400] {processor.py:208} INFO - Processing /Users/karenwang/anaconda3/envs/airflow_sqlite_env/lib/python3.9/site-packages/airflow/example_dags/tutorial_dag.py took 0.368 seconds
[2024-10-13T21:33:30.535-0400] {processor.py:186} INFO - Started process (PID=54762) to work on /Users/karenwang/anaconda3/envs/airflow_sqlite_env/lib/python3.9/site-packages/airflow/example_dags/tutorial_dag.py
[2024-10-13T21:33:30.537-0400] {processor.py:914} INFO - Processing file /Users/karenwang/anaconda3/envs/airflow_sqlite_env/lib/python3.9/site-packages/airflow/example_dags/tutorial_dag.py for tasks to queue
[2024-10-13T21:33:30.538-0400] {logging_mixin.py:190} INFO - [2024-10-13T21:33:30.538-0400] {dagbag.py:588} INFO - Filling up the DagBag from /Users/karenwang/anaconda3/envs/airflow_sqlite_env/lib/python3.9/site-packages/airflow/example_dags/tutorial_dag.py
[2024-10-13T21:33:30.621-0400] {processor.py:925} INFO - DAG(s) 'tutorial_dag' retrieved from /Users/karenwang/anaconda3/envs/airflow_sqlite_env/lib/python3.9/site-packages/airflow/example_dags/tutorial_dag.py
[2024-10-13T21:33:30.785-0400] {logging_mixin.py:190} INFO - [2024-10-13T21:33:30.784-0400] {dag.py:3239} INFO - Sync 1 DAGs
[2024-10-13T21:33:30.799-0400] {logging_mixin.py:190} INFO - [2024-10-13T21:33:30.799-0400] {dag.py:4180} INFO - Setting next_dagrun for tutorial_dag to None, run_after=None
[2024-10-13T21:33:30.825-0400] {processor.py:208} INFO - Processing /Users/karenwang/anaconda3/envs/airflow_sqlite_env/lib/python3.9/site-packages/airflow/example_dags/tutorial_dag.py took 0.296 seconds
[2024-10-13T21:37:22.984-0400] {processor.py:186} INFO - Started process (PID=56010) to work on /Users/karenwang/anaconda3/envs/airflow_sqlite_env/lib/python3.9/site-packages/airflow/example_dags/tutorial_dag.py
[2024-10-13T21:37:22.985-0400] {processor.py:914} INFO - Processing file /Users/karenwang/anaconda3/envs/airflow_sqlite_env/lib/python3.9/site-packages/airflow/example_dags/tutorial_dag.py for tasks to queue
[2024-10-13T21:37:22.986-0400] {logging_mixin.py:190} INFO - [2024-10-13T21:37:22.986-0400] {dagbag.py:588} INFO - Filling up the DagBag from /Users/karenwang/anaconda3/envs/airflow_sqlite_env/lib/python3.9/site-packages/airflow/example_dags/tutorial_dag.py
[2024-10-13T21:37:23.064-0400] {processor.py:925} INFO - DAG(s) 'tutorial_dag' retrieved from /Users/karenwang/anaconda3/envs/airflow_sqlite_env/lib/python3.9/site-packages/airflow/example_dags/tutorial_dag.py
[2024-10-13T21:37:23.216-0400] {logging_mixin.py:190} INFO - [2024-10-13T21:37:23.216-0400] {dag.py:3239} INFO - Sync 1 DAGs
[2024-10-13T21:37:23.233-0400] {logging_mixin.py:190} INFO - [2024-10-13T21:37:23.233-0400] {dag.py:4180} INFO - Setting next_dagrun for tutorial_dag to None, run_after=None
[2024-10-13T21:37:23.258-0400] {processor.py:208} INFO - Processing /Users/karenwang/anaconda3/envs/airflow_sqlite_env/lib/python3.9/site-packages/airflow/example_dags/tutorial_dag.py took 0.280 seconds
[2024-10-13T21:41:18.269-0400] {processor.py:186} INFO - Started process (PID=57223) to work on /Users/karenwang/anaconda3/envs/airflow_sqlite_env/lib/python3.9/site-packages/airflow/example_dags/tutorial_dag.py
[2024-10-13T21:41:18.270-0400] {processor.py:914} INFO - Processing file /Users/karenwang/anaconda3/envs/airflow_sqlite_env/lib/python3.9/site-packages/airflow/example_dags/tutorial_dag.py for tasks to queue
[2024-10-13T21:41:18.271-0400] {logging_mixin.py:190} INFO - [2024-10-13T21:41:18.271-0400] {dagbag.py:588} INFO - Filling up the DagBag from /Users/karenwang/anaconda3/envs/airflow_sqlite_env/lib/python3.9/site-packages/airflow/example_dags/tutorial_dag.py
[2024-10-13T21:41:18.351-0400] {processor.py:925} INFO - DAG(s) 'tutorial_dag' retrieved from /Users/karenwang/anaconda3/envs/airflow_sqlite_env/lib/python3.9/site-packages/airflow/example_dags/tutorial_dag.py
[2024-10-13T21:41:18.512-0400] {logging_mixin.py:190} INFO - [2024-10-13T21:41:18.512-0400] {dag.py:3239} INFO - Sync 1 DAGs
[2024-10-13T21:41:18.529-0400] {logging_mixin.py:190} INFO - [2024-10-13T21:41:18.529-0400] {dag.py:4180} INFO - Setting next_dagrun for tutorial_dag to None, run_after=None
[2024-10-13T21:41:18.552-0400] {processor.py:208} INFO - Processing /Users/karenwang/anaconda3/envs/airflow_sqlite_env/lib/python3.9/site-packages/airflow/example_dags/tutorial_dag.py took 0.289 seconds
[2024-10-13T21:45:09.624-0400] {processor.py:186} INFO - Started process (PID=58393) to work on /Users/karenwang/anaconda3/envs/airflow_sqlite_env/lib/python3.9/site-packages/airflow/example_dags/tutorial_dag.py
[2024-10-13T21:45:09.626-0400] {processor.py:914} INFO - Processing file /Users/karenwang/anaconda3/envs/airflow_sqlite_env/lib/python3.9/site-packages/airflow/example_dags/tutorial_dag.py for tasks to queue
[2024-10-13T21:45:09.627-0400] {logging_mixin.py:190} INFO - [2024-10-13T21:45:09.627-0400] {dagbag.py:588} INFO - Filling up the DagBag from /Users/karenwang/anaconda3/envs/airflow_sqlite_env/lib/python3.9/site-packages/airflow/example_dags/tutorial_dag.py
[2024-10-13T21:45:09.716-0400] {processor.py:925} INFO - DAG(s) 'tutorial_dag' retrieved from /Users/karenwang/anaconda3/envs/airflow_sqlite_env/lib/python3.9/site-packages/airflow/example_dags/tutorial_dag.py
[2024-10-13T21:45:09.880-0400] {logging_mixin.py:190} INFO - [2024-10-13T21:45:09.880-0400] {dag.py:3239} INFO - Sync 1 DAGs
[2024-10-13T21:45:09.896-0400] {logging_mixin.py:190} INFO - [2024-10-13T21:45:09.895-0400] {dag.py:4180} INFO - Setting next_dagrun for tutorial_dag to None, run_after=None
[2024-10-13T21:45:09.921-0400] {processor.py:208} INFO - Processing /Users/karenwang/anaconda3/envs/airflow_sqlite_env/lib/python3.9/site-packages/airflow/example_dags/tutorial_dag.py took 0.304 seconds
[2024-10-13T21:49:11.139-0400] {processor.py:186} INFO - Started process (PID=59672) to work on /Users/karenwang/anaconda3/envs/airflow_sqlite_env/lib/python3.9/site-packages/airflow/example_dags/tutorial_dag.py
[2024-10-13T21:49:11.141-0400] {processor.py:914} INFO - Processing file /Users/karenwang/anaconda3/envs/airflow_sqlite_env/lib/python3.9/site-packages/airflow/example_dags/tutorial_dag.py for tasks to queue
[2024-10-13T21:49:11.142-0400] {logging_mixin.py:190} INFO - [2024-10-13T21:49:11.142-0400] {dagbag.py:588} INFO - Filling up the DagBag from /Users/karenwang/anaconda3/envs/airflow_sqlite_env/lib/python3.9/site-packages/airflow/example_dags/tutorial_dag.py
[2024-10-13T21:49:11.223-0400] {processor.py:925} INFO - DAG(s) 'tutorial_dag' retrieved from /Users/karenwang/anaconda3/envs/airflow_sqlite_env/lib/python3.9/site-packages/airflow/example_dags/tutorial_dag.py
[2024-10-13T21:49:11.378-0400] {logging_mixin.py:190} INFO - [2024-10-13T21:49:11.377-0400] {dag.py:3239} INFO - Sync 1 DAGs
[2024-10-13T21:49:11.395-0400] {logging_mixin.py:190} INFO - [2024-10-13T21:49:11.394-0400] {dag.py:4180} INFO - Setting next_dagrun for tutorial_dag to None, run_after=None
[2024-10-13T21:49:11.417-0400] {processor.py:208} INFO - Processing /Users/karenwang/anaconda3/envs/airflow_sqlite_env/lib/python3.9/site-packages/airflow/example_dags/tutorial_dag.py took 0.283 seconds
[2024-10-13T21:53:12.880-0400] {processor.py:186} INFO - Started process (PID=60907) to work on /Users/karenwang/anaconda3/envs/airflow_sqlite_env/lib/python3.9/site-packages/airflow/example_dags/tutorial_dag.py
[2024-10-13T21:53:12.882-0400] {processor.py:914} INFO - Processing file /Users/karenwang/anaconda3/envs/airflow_sqlite_env/lib/python3.9/site-packages/airflow/example_dags/tutorial_dag.py for tasks to queue
[2024-10-13T21:53:12.883-0400] {logging_mixin.py:190} INFO - [2024-10-13T21:53:12.883-0400] {dagbag.py:588} INFO - Filling up the DagBag from /Users/karenwang/anaconda3/envs/airflow_sqlite_env/lib/python3.9/site-packages/airflow/example_dags/tutorial_dag.py
[2024-10-13T21:53:12.969-0400] {processor.py:925} INFO - DAG(s) 'tutorial_dag' retrieved from /Users/karenwang/anaconda3/envs/airflow_sqlite_env/lib/python3.9/site-packages/airflow/example_dags/tutorial_dag.py
[2024-10-13T21:53:13.143-0400] {logging_mixin.py:190} INFO - [2024-10-13T21:53:13.143-0400] {dag.py:3239} INFO - Sync 1 DAGs
[2024-10-13T21:53:13.159-0400] {logging_mixin.py:190} INFO - [2024-10-13T21:53:13.158-0400] {dag.py:4180} INFO - Setting next_dagrun for tutorial_dag to None, run_after=None
[2024-10-13T21:53:13.182-0400] {processor.py:208} INFO - Processing /Users/karenwang/anaconda3/envs/airflow_sqlite_env/lib/python3.9/site-packages/airflow/example_dags/tutorial_dag.py took 0.308 seconds
[2024-10-13T21:57:12.488-0400] {processor.py:186} INFO - Started process (PID=62147) to work on /Users/karenwang/anaconda3/envs/airflow_sqlite_env/lib/python3.9/site-packages/airflow/example_dags/tutorial_dag.py
[2024-10-13T21:57:12.489-0400] {processor.py:914} INFO - Processing file /Users/karenwang/anaconda3/envs/airflow_sqlite_env/lib/python3.9/site-packages/airflow/example_dags/tutorial_dag.py for tasks to queue
[2024-10-13T21:57:12.492-0400] {logging_mixin.py:190} INFO - [2024-10-13T21:57:12.491-0400] {dagbag.py:588} INFO - Filling up the DagBag from /Users/karenwang/anaconda3/envs/airflow_sqlite_env/lib/python3.9/site-packages/airflow/example_dags/tutorial_dag.py
[2024-10-13T21:57:12.604-0400] {processor.py:925} INFO - DAG(s) 'tutorial_dag' retrieved from /Users/karenwang/anaconda3/envs/airflow_sqlite_env/lib/python3.9/site-packages/airflow/example_dags/tutorial_dag.py
[2024-10-13T21:57:12.793-0400] {logging_mixin.py:190} INFO - [2024-10-13T21:57:12.793-0400] {dag.py:3239} INFO - Sync 1 DAGs
[2024-10-13T21:57:12.808-0400] {logging_mixin.py:190} INFO - [2024-10-13T21:57:12.807-0400] {dag.py:4180} INFO - Setting next_dagrun for tutorial_dag to None, run_after=None
[2024-10-13T21:57:12.830-0400] {processor.py:208} INFO - Processing /Users/karenwang/anaconda3/envs/airflow_sqlite_env/lib/python3.9/site-packages/airflow/example_dags/tutorial_dag.py took 0.350 seconds
[2024-10-13T22:00:58.383-0400] {processor.py:186} INFO - Started process (PID=63304) to work on /Users/karenwang/anaconda3/envs/airflow_sqlite_env/lib/python3.9/site-packages/airflow/example_dags/tutorial_dag.py
[2024-10-13T22:00:58.385-0400] {processor.py:914} INFO - Processing file /Users/karenwang/anaconda3/envs/airflow_sqlite_env/lib/python3.9/site-packages/airflow/example_dags/tutorial_dag.py for tasks to queue
[2024-10-13T22:00:58.386-0400] {logging_mixin.py:190} INFO - [2024-10-13T22:00:58.386-0400] {dagbag.py:588} INFO - Filling up the DagBag from /Users/karenwang/anaconda3/envs/airflow_sqlite_env/lib/python3.9/site-packages/airflow/example_dags/tutorial_dag.py
[2024-10-13T22:00:58.479-0400] {processor.py:925} INFO - DAG(s) 'tutorial_dag' retrieved from /Users/karenwang/anaconda3/envs/airflow_sqlite_env/lib/python3.9/site-packages/airflow/example_dags/tutorial_dag.py
[2024-10-13T22:00:58.645-0400] {logging_mixin.py:190} INFO - [2024-10-13T22:00:58.644-0400] {dag.py:3239} INFO - Sync 1 DAGs
[2024-10-13T22:00:58.658-0400] {logging_mixin.py:190} INFO - [2024-10-13T22:00:58.657-0400] {dag.py:4180} INFO - Setting next_dagrun for tutorial_dag to None, run_after=None
[2024-10-13T22:00:58.679-0400] {processor.py:208} INFO - Processing /Users/karenwang/anaconda3/envs/airflow_sqlite_env/lib/python3.9/site-packages/airflow/example_dags/tutorial_dag.py took 0.303 seconds
[2024-10-13T22:04:53.988-0400] {processor.py:186} INFO - Started process (PID=64520) to work on /Users/karenwang/anaconda3/envs/airflow_sqlite_env/lib/python3.9/site-packages/airflow/example_dags/tutorial_dag.py
[2024-10-13T22:04:53.990-0400] {processor.py:914} INFO - Processing file /Users/karenwang/anaconda3/envs/airflow_sqlite_env/lib/python3.9/site-packages/airflow/example_dags/tutorial_dag.py for tasks to queue
[2024-10-13T22:04:53.991-0400] {logging_mixin.py:190} INFO - [2024-10-13T22:04:53.991-0400] {dagbag.py:588} INFO - Filling up the DagBag from /Users/karenwang/anaconda3/envs/airflow_sqlite_env/lib/python3.9/site-packages/airflow/example_dags/tutorial_dag.py
[2024-10-13T22:04:54.065-0400] {processor.py:925} INFO - DAG(s) 'tutorial_dag' retrieved from /Users/karenwang/anaconda3/envs/airflow_sqlite_env/lib/python3.9/site-packages/airflow/example_dags/tutorial_dag.py
[2024-10-13T22:04:54.205-0400] {logging_mixin.py:190} INFO - [2024-10-13T22:04:54.205-0400] {dag.py:3239} INFO - Sync 1 DAGs
[2024-10-13T22:04:54.220-0400] {logging_mixin.py:190} INFO - [2024-10-13T22:04:54.220-0400] {dag.py:4180} INFO - Setting next_dagrun for tutorial_dag to None, run_after=None
[2024-10-13T22:04:54.242-0400] {processor.py:208} INFO - Processing /Users/karenwang/anaconda3/envs/airflow_sqlite_env/lib/python3.9/site-packages/airflow/example_dags/tutorial_dag.py took 0.261 seconds
[2024-10-13T22:08:49.671-0400] {processor.py:186} INFO - Started process (PID=65747) to work on /Users/karenwang/anaconda3/envs/airflow_sqlite_env/lib/python3.9/site-packages/airflow/example_dags/tutorial_dag.py
[2024-10-13T22:08:49.672-0400] {processor.py:914} INFO - Processing file /Users/karenwang/anaconda3/envs/airflow_sqlite_env/lib/python3.9/site-packages/airflow/example_dags/tutorial_dag.py for tasks to queue
[2024-10-13T22:08:49.674-0400] {logging_mixin.py:190} INFO - [2024-10-13T22:08:49.674-0400] {dagbag.py:588} INFO - Filling up the DagBag from /Users/karenwang/anaconda3/envs/airflow_sqlite_env/lib/python3.9/site-packages/airflow/example_dags/tutorial_dag.py
[2024-10-13T22:08:49.754-0400] {processor.py:925} INFO - DAG(s) 'tutorial_dag' retrieved from /Users/karenwang/anaconda3/envs/airflow_sqlite_env/lib/python3.9/site-packages/airflow/example_dags/tutorial_dag.py
[2024-10-13T22:08:49.917-0400] {logging_mixin.py:190} INFO - [2024-10-13T22:08:49.917-0400] {dag.py:3239} INFO - Sync 1 DAGs
[2024-10-13T22:08:49.934-0400] {logging_mixin.py:190} INFO - [2024-10-13T22:08:49.934-0400] {dag.py:4180} INFO - Setting next_dagrun for tutorial_dag to None, run_after=None
[2024-10-13T22:08:49.959-0400] {processor.py:208} INFO - Processing /Users/karenwang/anaconda3/envs/airflow_sqlite_env/lib/python3.9/site-packages/airflow/example_dags/tutorial_dag.py took 0.294 seconds
[2024-10-13T22:12:42.705-0400] {processor.py:186} INFO - Started process (PID=66926) to work on /Users/karenwang/anaconda3/envs/airflow_sqlite_env/lib/python3.9/site-packages/airflow/example_dags/tutorial_dag.py
[2024-10-13T22:12:42.707-0400] {processor.py:914} INFO - Processing file /Users/karenwang/anaconda3/envs/airflow_sqlite_env/lib/python3.9/site-packages/airflow/example_dags/tutorial_dag.py for tasks to queue
[2024-10-13T22:12:42.708-0400] {logging_mixin.py:190} INFO - [2024-10-13T22:12:42.708-0400] {dagbag.py:588} INFO - Filling up the DagBag from /Users/karenwang/anaconda3/envs/airflow_sqlite_env/lib/python3.9/site-packages/airflow/example_dags/tutorial_dag.py
[2024-10-13T22:12:42.783-0400] {processor.py:925} INFO - DAG(s) 'tutorial_dag' retrieved from /Users/karenwang/anaconda3/envs/airflow_sqlite_env/lib/python3.9/site-packages/airflow/example_dags/tutorial_dag.py
[2024-10-13T22:12:42.957-0400] {logging_mixin.py:190} INFO - [2024-10-13T22:12:42.956-0400] {dag.py:3239} INFO - Sync 1 DAGs
[2024-10-13T22:12:42.973-0400] {logging_mixin.py:190} INFO - [2024-10-13T22:12:42.972-0400] {dag.py:4180} INFO - Setting next_dagrun for tutorial_dag to None, run_after=None
[2024-10-13T22:12:42.994-0400] {processor.py:208} INFO - Processing /Users/karenwang/anaconda3/envs/airflow_sqlite_env/lib/python3.9/site-packages/airflow/example_dags/tutorial_dag.py took 0.295 seconds
[2024-10-13T22:16:42.976-0400] {processor.py:186} INFO - Started process (PID=68156) to work on /Users/karenwang/anaconda3/envs/airflow_sqlite_env/lib/python3.9/site-packages/airflow/example_dags/tutorial_dag.py
[2024-10-13T22:16:42.977-0400] {processor.py:914} INFO - Processing file /Users/karenwang/anaconda3/envs/airflow_sqlite_env/lib/python3.9/site-packages/airflow/example_dags/tutorial_dag.py for tasks to queue
[2024-10-13T22:16:42.978-0400] {logging_mixin.py:190} INFO - [2024-10-13T22:16:42.978-0400] {dagbag.py:588} INFO - Filling up the DagBag from /Users/karenwang/anaconda3/envs/airflow_sqlite_env/lib/python3.9/site-packages/airflow/example_dags/tutorial_dag.py
[2024-10-13T22:16:43.078-0400] {processor.py:925} INFO - DAG(s) 'tutorial_dag' retrieved from /Users/karenwang/anaconda3/envs/airflow_sqlite_env/lib/python3.9/site-packages/airflow/example_dags/tutorial_dag.py
[2024-10-13T22:16:43.255-0400] {logging_mixin.py:190} INFO - [2024-10-13T22:16:43.254-0400] {dag.py:3239} INFO - Sync 1 DAGs
[2024-10-13T22:16:43.271-0400] {logging_mixin.py:190} INFO - [2024-10-13T22:16:43.271-0400] {dag.py:4180} INFO - Setting next_dagrun for tutorial_dag to None, run_after=None
[2024-10-13T22:16:43.294-0400] {processor.py:208} INFO - Processing /Users/karenwang/anaconda3/envs/airflow_sqlite_env/lib/python3.9/site-packages/airflow/example_dags/tutorial_dag.py took 0.324 seconds
[2024-10-13T22:20:41.502-0400] {processor.py:186} INFO - Started process (PID=69373) to work on /Users/karenwang/anaconda3/envs/airflow_sqlite_env/lib/python3.9/site-packages/airflow/example_dags/tutorial_dag.py
[2024-10-13T22:20:41.504-0400] {processor.py:914} INFO - Processing file /Users/karenwang/anaconda3/envs/airflow_sqlite_env/lib/python3.9/site-packages/airflow/example_dags/tutorial_dag.py for tasks to queue
[2024-10-13T22:20:41.506-0400] {logging_mixin.py:190} INFO - [2024-10-13T22:20:41.505-0400] {dagbag.py:588} INFO - Filling up the DagBag from /Users/karenwang/anaconda3/envs/airflow_sqlite_env/lib/python3.9/site-packages/airflow/example_dags/tutorial_dag.py
[2024-10-13T22:20:41.599-0400] {processor.py:925} INFO - DAG(s) 'tutorial_dag' retrieved from /Users/karenwang/anaconda3/envs/airflow_sqlite_env/lib/python3.9/site-packages/airflow/example_dags/tutorial_dag.py
[2024-10-13T22:20:41.769-0400] {logging_mixin.py:190} INFO - [2024-10-13T22:20:41.768-0400] {dag.py:3239} INFO - Sync 1 DAGs
[2024-10-13T22:20:41.788-0400] {logging_mixin.py:190} INFO - [2024-10-13T22:20:41.788-0400] {dag.py:4180} INFO - Setting next_dagrun for tutorial_dag to None, run_after=None
[2024-10-13T22:20:41.812-0400] {processor.py:208} INFO - Processing /Users/karenwang/anaconda3/envs/airflow_sqlite_env/lib/python3.9/site-packages/airflow/example_dags/tutorial_dag.py took 0.316 seconds
[2024-10-13T22:24:50.578-0400] {processor.py:186} INFO - Started process (PID=70728) to work on /Users/karenwang/anaconda3/envs/airflow_sqlite_env/lib/python3.9/site-packages/airflow/example_dags/tutorial_dag.py
[2024-10-13T22:24:50.579-0400] {processor.py:914} INFO - Processing file /Users/karenwang/anaconda3/envs/airflow_sqlite_env/lib/python3.9/site-packages/airflow/example_dags/tutorial_dag.py for tasks to queue
[2024-10-13T22:24:50.581-0400] {logging_mixin.py:190} INFO - [2024-10-13T22:24:50.580-0400] {dagbag.py:588} INFO - Filling up the DagBag from /Users/karenwang/anaconda3/envs/airflow_sqlite_env/lib/python3.9/site-packages/airflow/example_dags/tutorial_dag.py
[2024-10-13T22:24:50.666-0400] {processor.py:925} INFO - DAG(s) 'tutorial_dag' retrieved from /Users/karenwang/anaconda3/envs/airflow_sqlite_env/lib/python3.9/site-packages/airflow/example_dags/tutorial_dag.py
[2024-10-13T22:24:50.825-0400] {logging_mixin.py:190} INFO - [2024-10-13T22:24:50.825-0400] {dag.py:3239} INFO - Sync 1 DAGs
[2024-10-13T22:24:50.842-0400] {logging_mixin.py:190} INFO - [2024-10-13T22:24:50.842-0400] {dag.py:4180} INFO - Setting next_dagrun for tutorial_dag to None, run_after=None
[2024-10-13T22:24:50.868-0400] {processor.py:208} INFO - Processing /Users/karenwang/anaconda3/envs/airflow_sqlite_env/lib/python3.9/site-packages/airflow/example_dags/tutorial_dag.py took 0.296 seconds
[2024-10-13T22:33:24.286-0400] {processor.py:186} INFO - Started process (PID=73617) to work on /Users/karenwang/anaconda3/envs/airflow_sqlite_env/lib/python3.9/site-packages/airflow/example_dags/tutorial_dag.py
[2024-10-13T22:33:24.287-0400] {processor.py:914} INFO - Processing file /Users/karenwang/anaconda3/envs/airflow_sqlite_env/lib/python3.9/site-packages/airflow/example_dags/tutorial_dag.py for tasks to queue
[2024-10-13T22:33:24.288-0400] {logging_mixin.py:190} INFO - [2024-10-13T22:33:24.288-0400] {dagbag.py:588} INFO - Filling up the DagBag from /Users/karenwang/anaconda3/envs/airflow_sqlite_env/lib/python3.9/site-packages/airflow/example_dags/tutorial_dag.py
[2024-10-13T22:33:24.385-0400] {processor.py:925} INFO - DAG(s) 'tutorial_dag' retrieved from /Users/karenwang/anaconda3/envs/airflow_sqlite_env/lib/python3.9/site-packages/airflow/example_dags/tutorial_dag.py
[2024-10-13T22:33:24.561-0400] {logging_mixin.py:190} INFO - [2024-10-13T22:33:24.560-0400] {dag.py:3239} INFO - Sync 1 DAGs
[2024-10-13T22:33:24.581-0400] {logging_mixin.py:190} INFO - [2024-10-13T22:33:24.581-0400] {dag.py:4180} INFO - Setting next_dagrun for tutorial_dag to None, run_after=None
[2024-10-13T22:33:24.606-0400] {processor.py:208} INFO - Processing /Users/karenwang/anaconda3/envs/airflow_sqlite_env/lib/python3.9/site-packages/airflow/example_dags/tutorial_dag.py took 0.327 seconds
[2024-10-13T22:39:22.877-0400] {processor.py:186} INFO - Started process (PID=75539) to work on /Users/karenwang/anaconda3/envs/airflow_sqlite_env/lib/python3.9/site-packages/airflow/example_dags/tutorial_dag.py
[2024-10-13T22:39:22.878-0400] {processor.py:914} INFO - Processing file /Users/karenwang/anaconda3/envs/airflow_sqlite_env/lib/python3.9/site-packages/airflow/example_dags/tutorial_dag.py for tasks to queue
[2024-10-13T22:39:22.880-0400] {logging_mixin.py:190} INFO - [2024-10-13T22:39:22.879-0400] {dagbag.py:588} INFO - Filling up the DagBag from /Users/karenwang/anaconda3/envs/airflow_sqlite_env/lib/python3.9/site-packages/airflow/example_dags/tutorial_dag.py
[2024-10-13T22:39:22.972-0400] {processor.py:925} INFO - DAG(s) 'tutorial_dag' retrieved from /Users/karenwang/anaconda3/envs/airflow_sqlite_env/lib/python3.9/site-packages/airflow/example_dags/tutorial_dag.py
[2024-10-13T22:39:23.134-0400] {logging_mixin.py:190} INFO - [2024-10-13T22:39:23.133-0400] {dag.py:3239} INFO - Sync 1 DAGs
[2024-10-13T22:39:23.151-0400] {logging_mixin.py:190} INFO - [2024-10-13T22:39:23.151-0400] {dag.py:4180} INFO - Setting next_dagrun for tutorial_dag to None, run_after=None
[2024-10-13T22:39:23.176-0400] {processor.py:208} INFO - Processing /Users/karenwang/anaconda3/envs/airflow_sqlite_env/lib/python3.9/site-packages/airflow/example_dags/tutorial_dag.py took 0.306 seconds
