[2024-10-13T20:00:23.387-0400] {processor.py:186} INFO - Started process (PID=25225) to work on /Users/karenwang/anaconda3/envs/airflow_sqlite_env/lib/python3.9/site-packages/airflow/example_dags/tutorial_taskflow_api_virtualenv.py
[2024-10-13T20:00:23.388-0400] {processor.py:914} INFO - Processing file /Users/karenwang/anaconda3/envs/airflow_sqlite_env/lib/python3.9/site-packages/airflow/example_dags/tutorial_taskflow_api_virtualenv.py for tasks to queue
[2024-10-13T20:00:23.390-0400] {logging_mixin.py:190} INFO - [2024-10-13T20:00:23.390-0400] {dagbag.py:588} INFO - Filling up the DagBag from /Users/karenwang/anaconda3/envs/airflow_sqlite_env/lib/python3.9/site-packages/airflow/example_dags/tutorial_taskflow_api_virtualenv.py
[2024-10-13T20:00:23.481-0400] {processor.py:925} INFO - DAG(s) 'tutorial_taskflow_api_virtualenv' retrieved from /Users/karenwang/anaconda3/envs/airflow_sqlite_env/lib/python3.9/site-packages/airflow/example_dags/tutorial_taskflow_api_virtualenv.py
[2024-10-13T20:00:23.784-0400] {logging_mixin.py:190} INFO - [2024-10-13T20:00:23.784-0400] {dag.py:3239} INFO - Sync 1 DAGs
[2024-10-13T20:00:23.798-0400] {logging_mixin.py:190} INFO - [2024-10-13T20:00:23.798-0400] {dag.py:4180} INFO - Setting next_dagrun for tutorial_taskflow_api_virtualenv to None, run_after=None
[2024-10-13T20:00:23.821-0400] {processor.py:208} INFO - Processing /Users/karenwang/anaconda3/envs/airflow_sqlite_env/lib/python3.9/site-packages/airflow/example_dags/tutorial_taskflow_api_virtualenv.py took 0.440 seconds
[2024-10-13T20:04:30.251-0400] {processor.py:186} INFO - Started process (PID=26523) to work on /Users/karenwang/anaconda3/envs/airflow_sqlite_env/lib/python3.9/site-packages/airflow/example_dags/tutorial_taskflow_api_virtualenv.py
[2024-10-13T20:04:30.252-0400] {processor.py:914} INFO - Processing file /Users/karenwang/anaconda3/envs/airflow_sqlite_env/lib/python3.9/site-packages/airflow/example_dags/tutorial_taskflow_api_virtualenv.py for tasks to queue
[2024-10-13T20:04:30.253-0400] {logging_mixin.py:190} INFO - [2024-10-13T20:04:30.253-0400] {dagbag.py:588} INFO - Filling up the DagBag from /Users/karenwang/anaconda3/envs/airflow_sqlite_env/lib/python3.9/site-packages/airflow/example_dags/tutorial_taskflow_api_virtualenv.py
[2024-10-13T20:04:30.348-0400] {processor.py:925} INFO - DAG(s) 'tutorial_taskflow_api_virtualenv' retrieved from /Users/karenwang/anaconda3/envs/airflow_sqlite_env/lib/python3.9/site-packages/airflow/example_dags/tutorial_taskflow_api_virtualenv.py
[2024-10-13T20:04:30.650-0400] {logging_mixin.py:190} INFO - [2024-10-13T20:04:30.650-0400] {dag.py:3239} INFO - Sync 1 DAGs
[2024-10-13T20:04:30.662-0400] {logging_mixin.py:190} INFO - [2024-10-13T20:04:30.662-0400] {dag.py:4180} INFO - Setting next_dagrun for tutorial_taskflow_api_virtualenv to None, run_after=None
[2024-10-13T20:04:30.684-0400] {processor.py:208} INFO - Processing /Users/karenwang/anaconda3/envs/airflow_sqlite_env/lib/python3.9/site-packages/airflow/example_dags/tutorial_taskflow_api_virtualenv.py took 0.439 seconds
[2024-10-13T20:08:36.177-0400] {processor.py:186} INFO - Started process (PID=27781) to work on /Users/karenwang/anaconda3/envs/airflow_sqlite_env/lib/python3.9/site-packages/airflow/example_dags/tutorial_taskflow_api_virtualenv.py
[2024-10-13T20:08:36.178-0400] {processor.py:914} INFO - Processing file /Users/karenwang/anaconda3/envs/airflow_sqlite_env/lib/python3.9/site-packages/airflow/example_dags/tutorial_taskflow_api_virtualenv.py for tasks to queue
[2024-10-13T20:08:36.179-0400] {logging_mixin.py:190} INFO - [2024-10-13T20:08:36.179-0400] {dagbag.py:588} INFO - Filling up the DagBag from /Users/karenwang/anaconda3/envs/airflow_sqlite_env/lib/python3.9/site-packages/airflow/example_dags/tutorial_taskflow_api_virtualenv.py
[2024-10-13T20:08:36.300-0400] {processor.py:925} INFO - DAG(s) 'tutorial_taskflow_api_virtualenv' retrieved from /Users/karenwang/anaconda3/envs/airflow_sqlite_env/lib/python3.9/site-packages/airflow/example_dags/tutorial_taskflow_api_virtualenv.py
[2024-10-13T20:08:36.617-0400] {logging_mixin.py:190} INFO - [2024-10-13T20:08:36.617-0400] {dag.py:3239} INFO - Sync 1 DAGs
[2024-10-13T20:08:36.632-0400] {logging_mixin.py:190} INFO - [2024-10-13T20:08:36.632-0400] {dag.py:4180} INFO - Setting next_dagrun for tutorial_taskflow_api_virtualenv to None, run_after=None
[2024-10-13T20:08:36.655-0400] {processor.py:208} INFO - Processing /Users/karenwang/anaconda3/envs/airflow_sqlite_env/lib/python3.9/site-packages/airflow/example_dags/tutorial_taskflow_api_virtualenv.py took 0.485 seconds
[2024-10-13T20:12:29.650-0400] {processor.py:186} INFO - Started process (PID=28963) to work on /Users/karenwang/anaconda3/envs/airflow_sqlite_env/lib/python3.9/site-packages/airflow/example_dags/tutorial_taskflow_api_virtualenv.py
[2024-10-13T20:12:29.651-0400] {processor.py:914} INFO - Processing file /Users/karenwang/anaconda3/envs/airflow_sqlite_env/lib/python3.9/site-packages/airflow/example_dags/tutorial_taskflow_api_virtualenv.py for tasks to queue
[2024-10-13T20:12:29.653-0400] {logging_mixin.py:190} INFO - [2024-10-13T20:12:29.652-0400] {dagbag.py:588} INFO - Filling up the DagBag from /Users/karenwang/anaconda3/envs/airflow_sqlite_env/lib/python3.9/site-packages/airflow/example_dags/tutorial_taskflow_api_virtualenv.py
[2024-10-13T20:12:29.742-0400] {processor.py:925} INFO - DAG(s) 'tutorial_taskflow_api_virtualenv' retrieved from /Users/karenwang/anaconda3/envs/airflow_sqlite_env/lib/python3.9/site-packages/airflow/example_dags/tutorial_taskflow_api_virtualenv.py
[2024-10-13T20:12:30.088-0400] {logging_mixin.py:190} INFO - [2024-10-13T20:12:30.087-0400] {dag.py:3239} INFO - Sync 1 DAGs
[2024-10-13T20:12:30.102-0400] {logging_mixin.py:190} INFO - [2024-10-13T20:12:30.102-0400] {dag.py:4180} INFO - Setting next_dagrun for tutorial_taskflow_api_virtualenv to None, run_after=None
[2024-10-13T20:12:30.127-0400] {processor.py:208} INFO - Processing /Users/karenwang/anaconda3/envs/airflow_sqlite_env/lib/python3.9/site-packages/airflow/example_dags/tutorial_taskflow_api_virtualenv.py took 0.483 seconds
[2024-10-13T20:16:39.932-0400] {processor.py:186} INFO - Started process (PID=30242) to work on /Users/karenwang/anaconda3/envs/airflow_sqlite_env/lib/python3.9/site-packages/airflow/example_dags/tutorial_taskflow_api_virtualenv.py
[2024-10-13T20:16:39.933-0400] {processor.py:914} INFO - Processing file /Users/karenwang/anaconda3/envs/airflow_sqlite_env/lib/python3.9/site-packages/airflow/example_dags/tutorial_taskflow_api_virtualenv.py for tasks to queue
[2024-10-13T20:16:39.935-0400] {logging_mixin.py:190} INFO - [2024-10-13T20:16:39.934-0400] {dagbag.py:588} INFO - Filling up the DagBag from /Users/karenwang/anaconda3/envs/airflow_sqlite_env/lib/python3.9/site-packages/airflow/example_dags/tutorial_taskflow_api_virtualenv.py
[2024-10-13T20:16:40.035-0400] {processor.py:925} INFO - DAG(s) 'tutorial_taskflow_api_virtualenv' retrieved from /Users/karenwang/anaconda3/envs/airflow_sqlite_env/lib/python3.9/site-packages/airflow/example_dags/tutorial_taskflow_api_virtualenv.py
[2024-10-13T20:16:40.365-0400] {logging_mixin.py:190} INFO - [2024-10-13T20:16:40.365-0400] {dag.py:3239} INFO - Sync 1 DAGs
[2024-10-13T20:16:40.383-0400] {logging_mixin.py:190} INFO - [2024-10-13T20:16:40.383-0400] {dag.py:4180} INFO - Setting next_dagrun for tutorial_taskflow_api_virtualenv to None, run_after=None
[2024-10-13T20:16:40.408-0400] {processor.py:208} INFO - Processing /Users/karenwang/anaconda3/envs/airflow_sqlite_env/lib/python3.9/site-packages/airflow/example_dags/tutorial_taskflow_api_virtualenv.py took 0.483 seconds
[2024-10-13T20:20:58.524-0400] {processor.py:186} INFO - Started process (PID=31604) to work on /Users/karenwang/anaconda3/envs/airflow_sqlite_env/lib/python3.9/site-packages/airflow/example_dags/tutorial_taskflow_api_virtualenv.py
[2024-10-13T20:20:58.526-0400] {processor.py:914} INFO - Processing file /Users/karenwang/anaconda3/envs/airflow_sqlite_env/lib/python3.9/site-packages/airflow/example_dags/tutorial_taskflow_api_virtualenv.py for tasks to queue
[2024-10-13T20:20:58.528-0400] {logging_mixin.py:190} INFO - [2024-10-13T20:20:58.527-0400] {dagbag.py:588} INFO - Filling up the DagBag from /Users/karenwang/anaconda3/envs/airflow_sqlite_env/lib/python3.9/site-packages/airflow/example_dags/tutorial_taskflow_api_virtualenv.py
[2024-10-13T20:20:58.700-0400] {processor.py:925} INFO - DAG(s) 'tutorial_taskflow_api_virtualenv' retrieved from /Users/karenwang/anaconda3/envs/airflow_sqlite_env/lib/python3.9/site-packages/airflow/example_dags/tutorial_taskflow_api_virtualenv.py
[2024-10-13T20:20:59.136-0400] {logging_mixin.py:190} INFO - [2024-10-13T20:20:59.135-0400] {dag.py:3239} INFO - Sync 1 DAGs
[2024-10-13T20:20:59.162-0400] {logging_mixin.py:190} INFO - [2024-10-13T20:20:59.161-0400] {dag.py:4180} INFO - Setting next_dagrun for tutorial_taskflow_api_virtualenv to None, run_after=None
[2024-10-13T20:20:59.195-0400] {processor.py:208} INFO - Processing /Users/karenwang/anaconda3/envs/airflow_sqlite_env/lib/python3.9/site-packages/airflow/example_dags/tutorial_taskflow_api_virtualenv.py took 0.682 seconds
[2024-10-13T20:26:34.894-0400] {processor.py:186} INFO - Started process (PID=33496) to work on /Users/karenwang/anaconda3/envs/airflow_sqlite_env/lib/python3.9/site-packages/airflow/example_dags/tutorial_taskflow_api_virtualenv.py
[2024-10-13T20:26:34.896-0400] {processor.py:914} INFO - Processing file /Users/karenwang/anaconda3/envs/airflow_sqlite_env/lib/python3.9/site-packages/airflow/example_dags/tutorial_taskflow_api_virtualenv.py for tasks to queue
[2024-10-13T20:26:34.897-0400] {logging_mixin.py:190} INFO - [2024-10-13T20:26:34.897-0400] {dagbag.py:588} INFO - Filling up the DagBag from /Users/karenwang/anaconda3/envs/airflow_sqlite_env/lib/python3.9/site-packages/airflow/example_dags/tutorial_taskflow_api_virtualenv.py
[2024-10-13T20:26:35.047-0400] {processor.py:925} INFO - DAG(s) 'tutorial_taskflow_api_virtualenv' retrieved from /Users/karenwang/anaconda3/envs/airflow_sqlite_env/lib/python3.9/site-packages/airflow/example_dags/tutorial_taskflow_api_virtualenv.py
[2024-10-13T20:26:35.421-0400] {logging_mixin.py:190} INFO - [2024-10-13T20:26:35.421-0400] {dag.py:3239} INFO - Sync 1 DAGs
[2024-10-13T20:26:35.442-0400] {logging_mixin.py:190} INFO - [2024-10-13T20:26:35.441-0400] {dag.py:4180} INFO - Setting next_dagrun for tutorial_taskflow_api_virtualenv to None, run_after=None
[2024-10-13T20:26:35.472-0400] {processor.py:208} INFO - Processing /Users/karenwang/anaconda3/envs/airflow_sqlite_env/lib/python3.9/site-packages/airflow/example_dags/tutorial_taskflow_api_virtualenv.py took 0.583 seconds
[2024-10-13T20:31:22.904-0400] {processor.py:186} INFO - Started process (PID=35130) to work on /Users/karenwang/anaconda3/envs/airflow_sqlite_env/lib/python3.9/site-packages/airflow/example_dags/tutorial_taskflow_api_virtualenv.py
[2024-10-13T20:31:22.905-0400] {processor.py:914} INFO - Processing file /Users/karenwang/anaconda3/envs/airflow_sqlite_env/lib/python3.9/site-packages/airflow/example_dags/tutorial_taskflow_api_virtualenv.py for tasks to queue
[2024-10-13T20:31:22.906-0400] {logging_mixin.py:190} INFO - [2024-10-13T20:31:22.906-0400] {dagbag.py:588} INFO - Filling up the DagBag from /Users/karenwang/anaconda3/envs/airflow_sqlite_env/lib/python3.9/site-packages/airflow/example_dags/tutorial_taskflow_api_virtualenv.py
[2024-10-13T20:31:23.003-0400] {processor.py:925} INFO - DAG(s) 'tutorial_taskflow_api_virtualenv' retrieved from /Users/karenwang/anaconda3/envs/airflow_sqlite_env/lib/python3.9/site-packages/airflow/example_dags/tutorial_taskflow_api_virtualenv.py
[2024-10-13T20:31:23.292-0400] {logging_mixin.py:190} INFO - [2024-10-13T20:31:23.291-0400] {dag.py:3239} INFO - Sync 1 DAGs
[2024-10-13T20:31:23.304-0400] {logging_mixin.py:190} INFO - [2024-10-13T20:31:23.304-0400] {dag.py:4180} INFO - Setting next_dagrun for tutorial_taskflow_api_virtualenv to None, run_after=None
[2024-10-13T20:31:23.326-0400] {processor.py:208} INFO - Processing /Users/karenwang/anaconda3/envs/airflow_sqlite_env/lib/python3.9/site-packages/airflow/example_dags/tutorial_taskflow_api_virtualenv.py took 0.428 seconds
[2024-10-13T20:35:02.351-0400] {processor.py:186} INFO - Started process (PID=36270) to work on /Users/karenwang/anaconda3/envs/airflow_sqlite_env/lib/python3.9/site-packages/airflow/example_dags/tutorial_taskflow_api_virtualenv.py
[2024-10-13T20:35:02.352-0400] {processor.py:914} INFO - Processing file /Users/karenwang/anaconda3/envs/airflow_sqlite_env/lib/python3.9/site-packages/airflow/example_dags/tutorial_taskflow_api_virtualenv.py for tasks to queue
[2024-10-13T20:35:02.354-0400] {logging_mixin.py:190} INFO - [2024-10-13T20:35:02.353-0400] {dagbag.py:588} INFO - Filling up the DagBag from /Users/karenwang/anaconda3/envs/airflow_sqlite_env/lib/python3.9/site-packages/airflow/example_dags/tutorial_taskflow_api_virtualenv.py
[2024-10-13T20:35:02.436-0400] {processor.py:925} INFO - DAG(s) 'tutorial_taskflow_api_virtualenv' retrieved from /Users/karenwang/anaconda3/envs/airflow_sqlite_env/lib/python3.9/site-packages/airflow/example_dags/tutorial_taskflow_api_virtualenv.py
[2024-10-13T20:35:02.678-0400] {logging_mixin.py:190} INFO - [2024-10-13T20:35:02.677-0400] {dag.py:3239} INFO - Sync 1 DAGs
[2024-10-13T20:35:02.694-0400] {logging_mixin.py:190} INFO - [2024-10-13T20:35:02.694-0400] {dag.py:4180} INFO - Setting next_dagrun for tutorial_taskflow_api_virtualenv to None, run_after=None
[2024-10-13T20:35:02.717-0400] {processor.py:208} INFO - Processing /Users/karenwang/anaconda3/envs/airflow_sqlite_env/lib/python3.9/site-packages/airflow/example_dags/tutorial_taskflow_api_virtualenv.py took 0.372 seconds
[2024-10-13T20:38:42.381-0400] {processor.py:186} INFO - Started process (PID=37420) to work on /Users/karenwang/anaconda3/envs/airflow_sqlite_env/lib/python3.9/site-packages/airflow/example_dags/tutorial_taskflow_api_virtualenv.py
[2024-10-13T20:38:42.383-0400] {processor.py:914} INFO - Processing file /Users/karenwang/anaconda3/envs/airflow_sqlite_env/lib/python3.9/site-packages/airflow/example_dags/tutorial_taskflow_api_virtualenv.py for tasks to queue
[2024-10-13T20:38:42.384-0400] {logging_mixin.py:190} INFO - [2024-10-13T20:38:42.384-0400] {dagbag.py:588} INFO - Filling up the DagBag from /Users/karenwang/anaconda3/envs/airflow_sqlite_env/lib/python3.9/site-packages/airflow/example_dags/tutorial_taskflow_api_virtualenv.py
[2024-10-13T20:38:42.472-0400] {processor.py:925} INFO - DAG(s) 'tutorial_taskflow_api_virtualenv' retrieved from /Users/karenwang/anaconda3/envs/airflow_sqlite_env/lib/python3.9/site-packages/airflow/example_dags/tutorial_taskflow_api_virtualenv.py
[2024-10-13T20:38:42.749-0400] {logging_mixin.py:190} INFO - [2024-10-13T20:38:42.748-0400] {dag.py:3239} INFO - Sync 1 DAGs
[2024-10-13T20:38:42.766-0400] {logging_mixin.py:190} INFO - [2024-10-13T20:38:42.766-0400] {dag.py:4180} INFO - Setting next_dagrun for tutorial_taskflow_api_virtualenv to None, run_after=None
[2024-10-13T20:38:42.790-0400] {processor.py:208} INFO - Processing /Users/karenwang/anaconda3/envs/airflow_sqlite_env/lib/python3.9/site-packages/airflow/example_dags/tutorial_taskflow_api_virtualenv.py took 0.414 seconds
[2024-10-13T20:42:21.950-0400] {processor.py:186} INFO - Started process (PID=38559) to work on /Users/karenwang/anaconda3/envs/airflow_sqlite_env/lib/python3.9/site-packages/airflow/example_dags/tutorial_taskflow_api_virtualenv.py
[2024-10-13T20:42:21.951-0400] {processor.py:914} INFO - Processing file /Users/karenwang/anaconda3/envs/airflow_sqlite_env/lib/python3.9/site-packages/airflow/example_dags/tutorial_taskflow_api_virtualenv.py for tasks to queue
[2024-10-13T20:42:21.952-0400] {logging_mixin.py:190} INFO - [2024-10-13T20:42:21.952-0400] {dagbag.py:588} INFO - Filling up the DagBag from /Users/karenwang/anaconda3/envs/airflow_sqlite_env/lib/python3.9/site-packages/airflow/example_dags/tutorial_taskflow_api_virtualenv.py
[2024-10-13T20:42:22.042-0400] {processor.py:925} INFO - DAG(s) 'tutorial_taskflow_api_virtualenv' retrieved from /Users/karenwang/anaconda3/envs/airflow_sqlite_env/lib/python3.9/site-packages/airflow/example_dags/tutorial_taskflow_api_virtualenv.py
[2024-10-13T20:42:22.317-0400] {logging_mixin.py:190} INFO - [2024-10-13T20:42:22.316-0400] {dag.py:3239} INFO - Sync 1 DAGs
[2024-10-13T20:42:22.329-0400] {logging_mixin.py:190} INFO - [2024-10-13T20:42:22.329-0400] {dag.py:4180} INFO - Setting next_dagrun for tutorial_taskflow_api_virtualenv to None, run_after=None
[2024-10-13T20:42:22.351-0400] {processor.py:208} INFO - Processing /Users/karenwang/anaconda3/envs/airflow_sqlite_env/lib/python3.9/site-packages/airflow/example_dags/tutorial_taskflow_api_virtualenv.py took 0.407 seconds
[2024-10-13T20:46:00.930-0400] {processor.py:186} INFO - Started process (PID=39690) to work on /Users/karenwang/anaconda3/envs/airflow_sqlite_env/lib/python3.9/site-packages/airflow/example_dags/tutorial_taskflow_api_virtualenv.py
[2024-10-13T20:46:00.932-0400] {processor.py:914} INFO - Processing file /Users/karenwang/anaconda3/envs/airflow_sqlite_env/lib/python3.9/site-packages/airflow/example_dags/tutorial_taskflow_api_virtualenv.py for tasks to queue
[2024-10-13T20:46:00.933-0400] {logging_mixin.py:190} INFO - [2024-10-13T20:46:00.933-0400] {dagbag.py:588} INFO - Filling up the DagBag from /Users/karenwang/anaconda3/envs/airflow_sqlite_env/lib/python3.9/site-packages/airflow/example_dags/tutorial_taskflow_api_virtualenv.py
[2024-10-13T20:46:01.037-0400] {processor.py:925} INFO - DAG(s) 'tutorial_taskflow_api_virtualenv' retrieved from /Users/karenwang/anaconda3/envs/airflow_sqlite_env/lib/python3.9/site-packages/airflow/example_dags/tutorial_taskflow_api_virtualenv.py
[2024-10-13T20:46:01.304-0400] {logging_mixin.py:190} INFO - [2024-10-13T20:46:01.304-0400] {dag.py:3239} INFO - Sync 1 DAGs
[2024-10-13T20:46:01.320-0400] {logging_mixin.py:190} INFO - [2024-10-13T20:46:01.320-0400] {dag.py:4180} INFO - Setting next_dagrun for tutorial_taskflow_api_virtualenv to None, run_after=None
[2024-10-13T20:46:01.342-0400] {processor.py:208} INFO - Processing /Users/karenwang/anaconda3/envs/airflow_sqlite_env/lib/python3.9/site-packages/airflow/example_dags/tutorial_taskflow_api_virtualenv.py took 0.418 seconds
[2024-10-13T20:49:40.668-0400] {processor.py:186} INFO - Started process (PID=40824) to work on /Users/karenwang/anaconda3/envs/airflow_sqlite_env/lib/python3.9/site-packages/airflow/example_dags/tutorial_taskflow_api_virtualenv.py
[2024-10-13T20:49:40.670-0400] {processor.py:914} INFO - Processing file /Users/karenwang/anaconda3/envs/airflow_sqlite_env/lib/python3.9/site-packages/airflow/example_dags/tutorial_taskflow_api_virtualenv.py for tasks to queue
[2024-10-13T20:49:40.671-0400] {logging_mixin.py:190} INFO - [2024-10-13T20:49:40.671-0400] {dagbag.py:588} INFO - Filling up the DagBag from /Users/karenwang/anaconda3/envs/airflow_sqlite_env/lib/python3.9/site-packages/airflow/example_dags/tutorial_taskflow_api_virtualenv.py
[2024-10-13T20:49:40.763-0400] {processor.py:925} INFO - DAG(s) 'tutorial_taskflow_api_virtualenv' retrieved from /Users/karenwang/anaconda3/envs/airflow_sqlite_env/lib/python3.9/site-packages/airflow/example_dags/tutorial_taskflow_api_virtualenv.py
[2024-10-13T20:49:41.057-0400] {logging_mixin.py:190} INFO - [2024-10-13T20:49:41.056-0400] {dag.py:3239} INFO - Sync 1 DAGs
[2024-10-13T20:49:41.069-0400] {logging_mixin.py:190} INFO - [2024-10-13T20:49:41.068-0400] {dag.py:4180} INFO - Setting next_dagrun for tutorial_taskflow_api_virtualenv to None, run_after=None
[2024-10-13T20:49:41.092-0400] {processor.py:208} INFO - Processing /Users/karenwang/anaconda3/envs/airflow_sqlite_env/lib/python3.9/site-packages/airflow/example_dags/tutorial_taskflow_api_virtualenv.py took 0.429 seconds
[2024-10-13T20:53:18.697-0400] {processor.py:186} INFO - Started process (PID=41968) to work on /Users/karenwang/anaconda3/envs/airflow_sqlite_env/lib/python3.9/site-packages/airflow/example_dags/tutorial_taskflow_api_virtualenv.py
[2024-10-13T20:53:18.699-0400] {processor.py:914} INFO - Processing file /Users/karenwang/anaconda3/envs/airflow_sqlite_env/lib/python3.9/site-packages/airflow/example_dags/tutorial_taskflow_api_virtualenv.py for tasks to queue
[2024-10-13T20:53:18.700-0400] {logging_mixin.py:190} INFO - [2024-10-13T20:53:18.700-0400] {dagbag.py:588} INFO - Filling up the DagBag from /Users/karenwang/anaconda3/envs/airflow_sqlite_env/lib/python3.9/site-packages/airflow/example_dags/tutorial_taskflow_api_virtualenv.py
[2024-10-13T20:53:18.798-0400] {processor.py:925} INFO - DAG(s) 'tutorial_taskflow_api_virtualenv' retrieved from /Users/karenwang/anaconda3/envs/airflow_sqlite_env/lib/python3.9/site-packages/airflow/example_dags/tutorial_taskflow_api_virtualenv.py
[2024-10-13T20:53:19.079-0400] {logging_mixin.py:190} INFO - [2024-10-13T20:53:19.078-0400] {dag.py:3239} INFO - Sync 1 DAGs
[2024-10-13T20:53:19.090-0400] {logging_mixin.py:190} INFO - [2024-10-13T20:53:19.090-0400] {dag.py:4180} INFO - Setting next_dagrun for tutorial_taskflow_api_virtualenv to None, run_after=None
[2024-10-13T20:53:19.113-0400] {processor.py:208} INFO - Processing /Users/karenwang/anaconda3/envs/airflow_sqlite_env/lib/python3.9/site-packages/airflow/example_dags/tutorial_taskflow_api_virtualenv.py took 0.422 seconds
[2024-10-13T20:57:00.547-0400] {processor.py:186} INFO - Started process (PID=43110) to work on /Users/karenwang/anaconda3/envs/airflow_sqlite_env/lib/python3.9/site-packages/airflow/example_dags/tutorial_taskflow_api_virtualenv.py
[2024-10-13T20:57:00.548-0400] {processor.py:914} INFO - Processing file /Users/karenwang/anaconda3/envs/airflow_sqlite_env/lib/python3.9/site-packages/airflow/example_dags/tutorial_taskflow_api_virtualenv.py for tasks to queue
[2024-10-13T20:57:00.549-0400] {logging_mixin.py:190} INFO - [2024-10-13T20:57:00.549-0400] {dagbag.py:588} INFO - Filling up the DagBag from /Users/karenwang/anaconda3/envs/airflow_sqlite_env/lib/python3.9/site-packages/airflow/example_dags/tutorial_taskflow_api_virtualenv.py
[2024-10-13T20:57:00.642-0400] {processor.py:925} INFO - DAG(s) 'tutorial_taskflow_api_virtualenv' retrieved from /Users/karenwang/anaconda3/envs/airflow_sqlite_env/lib/python3.9/site-packages/airflow/example_dags/tutorial_taskflow_api_virtualenv.py
[2024-10-13T20:57:00.911-0400] {logging_mixin.py:190} INFO - [2024-10-13T20:57:00.910-0400] {dag.py:3239} INFO - Sync 1 DAGs
[2024-10-13T20:57:00.929-0400] {logging_mixin.py:190} INFO - [2024-10-13T20:57:00.929-0400] {dag.py:4180} INFO - Setting next_dagrun for tutorial_taskflow_api_virtualenv to None, run_after=None
[2024-10-13T20:57:00.953-0400] {processor.py:208} INFO - Processing /Users/karenwang/anaconda3/envs/airflow_sqlite_env/lib/python3.9/site-packages/airflow/example_dags/tutorial_taskflow_api_virtualenv.py took 0.412 seconds
[2024-10-13T21:00:41.313-0400] {processor.py:186} INFO - Started process (PID=44251) to work on /Users/karenwang/anaconda3/envs/airflow_sqlite_env/lib/python3.9/site-packages/airflow/example_dags/tutorial_taskflow_api_virtualenv.py
[2024-10-13T21:00:41.315-0400] {processor.py:914} INFO - Processing file /Users/karenwang/anaconda3/envs/airflow_sqlite_env/lib/python3.9/site-packages/airflow/example_dags/tutorial_taskflow_api_virtualenv.py for tasks to queue
[2024-10-13T21:00:41.316-0400] {logging_mixin.py:190} INFO - [2024-10-13T21:00:41.316-0400] {dagbag.py:588} INFO - Filling up the DagBag from /Users/karenwang/anaconda3/envs/airflow_sqlite_env/lib/python3.9/site-packages/airflow/example_dags/tutorial_taskflow_api_virtualenv.py
[2024-10-13T21:00:41.420-0400] {processor.py:925} INFO - DAG(s) 'tutorial_taskflow_api_virtualenv' retrieved from /Users/karenwang/anaconda3/envs/airflow_sqlite_env/lib/python3.9/site-packages/airflow/example_dags/tutorial_taskflow_api_virtualenv.py
[2024-10-13T21:00:41.703-0400] {logging_mixin.py:190} INFO - [2024-10-13T21:00:41.702-0400] {dag.py:3239} INFO - Sync 1 DAGs
[2024-10-13T21:00:41.716-0400] {logging_mixin.py:190} INFO - [2024-10-13T21:00:41.716-0400] {dag.py:4180} INFO - Setting next_dagrun for tutorial_taskflow_api_virtualenv to None, run_after=None
[2024-10-13T21:00:41.738-0400] {processor.py:208} INFO - Processing /Users/karenwang/anaconda3/envs/airflow_sqlite_env/lib/python3.9/site-packages/airflow/example_dags/tutorial_taskflow_api_virtualenv.py took 0.430 seconds
[2024-10-13T21:04:19.589-0400] {processor.py:186} INFO - Started process (PID=45384) to work on /Users/karenwang/anaconda3/envs/airflow_sqlite_env/lib/python3.9/site-packages/airflow/example_dags/tutorial_taskflow_api_virtualenv.py
[2024-10-13T21:04:19.591-0400] {processor.py:914} INFO - Processing file /Users/karenwang/anaconda3/envs/airflow_sqlite_env/lib/python3.9/site-packages/airflow/example_dags/tutorial_taskflow_api_virtualenv.py for tasks to queue
[2024-10-13T21:04:19.592-0400] {logging_mixin.py:190} INFO - [2024-10-13T21:04:19.591-0400] {dagbag.py:588} INFO - Filling up the DagBag from /Users/karenwang/anaconda3/envs/airflow_sqlite_env/lib/python3.9/site-packages/airflow/example_dags/tutorial_taskflow_api_virtualenv.py
[2024-10-13T21:04:19.681-0400] {processor.py:925} INFO - DAG(s) 'tutorial_taskflow_api_virtualenv' retrieved from /Users/karenwang/anaconda3/envs/airflow_sqlite_env/lib/python3.9/site-packages/airflow/example_dags/tutorial_taskflow_api_virtualenv.py
[2024-10-13T21:04:19.960-0400] {logging_mixin.py:190} INFO - [2024-10-13T21:04:19.960-0400] {dag.py:3239} INFO - Sync 1 DAGs
[2024-10-13T21:04:19.972-0400] {logging_mixin.py:190} INFO - [2024-10-13T21:04:19.972-0400] {dag.py:4180} INFO - Setting next_dagrun for tutorial_taskflow_api_virtualenv to None, run_after=None
[2024-10-13T21:04:19.996-0400] {processor.py:208} INFO - Processing /Users/karenwang/anaconda3/envs/airflow_sqlite_env/lib/python3.9/site-packages/airflow/example_dags/tutorial_taskflow_api_virtualenv.py took 0.412 seconds
[2024-10-13T21:09:36.589-0400] {processor.py:186} INFO - Started process (PID=47109) to work on /Users/karenwang/anaconda3/envs/airflow_sqlite_env/lib/python3.9/site-packages/airflow/example_dags/tutorial_taskflow_api_virtualenv.py
[2024-10-13T21:09:36.590-0400] {processor.py:914} INFO - Processing file /Users/karenwang/anaconda3/envs/airflow_sqlite_env/lib/python3.9/site-packages/airflow/example_dags/tutorial_taskflow_api_virtualenv.py for tasks to queue
[2024-10-13T21:09:36.592-0400] {logging_mixin.py:190} INFO - [2024-10-13T21:09:36.592-0400] {dagbag.py:588} INFO - Filling up the DagBag from /Users/karenwang/anaconda3/envs/airflow_sqlite_env/lib/python3.9/site-packages/airflow/example_dags/tutorial_taskflow_api_virtualenv.py
[2024-10-13T21:09:36.693-0400] {processor.py:925} INFO - DAG(s) 'tutorial_taskflow_api_virtualenv' retrieved from /Users/karenwang/anaconda3/envs/airflow_sqlite_env/lib/python3.9/site-packages/airflow/example_dags/tutorial_taskflow_api_virtualenv.py
[2024-10-13T21:09:37.004-0400] {logging_mixin.py:190} INFO - [2024-10-13T21:09:37.004-0400] {dag.py:3239} INFO - Sync 1 DAGs
[2024-10-13T21:09:37.020-0400] {logging_mixin.py:190} INFO - [2024-10-13T21:09:37.020-0400] {dag.py:4180} INFO - Setting next_dagrun for tutorial_taskflow_api_virtualenv to None, run_after=None
[2024-10-13T21:09:37.045-0400] {processor.py:208} INFO - Processing /Users/karenwang/anaconda3/envs/airflow_sqlite_env/lib/python3.9/site-packages/airflow/example_dags/tutorial_taskflow_api_virtualenv.py took 0.462 seconds
[2024-10-13T21:14:13.100-0400] {processor.py:186} INFO - Started process (PID=48540) to work on /Users/karenwang/anaconda3/envs/airflow_sqlite_env/lib/python3.9/site-packages/airflow/example_dags/tutorial_taskflow_api_virtualenv.py
[2024-10-13T21:14:13.101-0400] {processor.py:914} INFO - Processing file /Users/karenwang/anaconda3/envs/airflow_sqlite_env/lib/python3.9/site-packages/airflow/example_dags/tutorial_taskflow_api_virtualenv.py for tasks to queue
[2024-10-13T21:14:13.102-0400] {logging_mixin.py:190} INFO - [2024-10-13T21:14:13.102-0400] {dagbag.py:588} INFO - Filling up the DagBag from /Users/karenwang/anaconda3/envs/airflow_sqlite_env/lib/python3.9/site-packages/airflow/example_dags/tutorial_taskflow_api_virtualenv.py
[2024-10-13T21:14:13.204-0400] {processor.py:925} INFO - DAG(s) 'tutorial_taskflow_api_virtualenv' retrieved from /Users/karenwang/anaconda3/envs/airflow_sqlite_env/lib/python3.9/site-packages/airflow/example_dags/tutorial_taskflow_api_virtualenv.py
[2024-10-13T21:14:13.506-0400] {logging_mixin.py:190} INFO - [2024-10-13T21:14:13.505-0400] {dag.py:3239} INFO - Sync 1 DAGs
[2024-10-13T21:14:13.521-0400] {logging_mixin.py:190} INFO - [2024-10-13T21:14:13.520-0400] {dag.py:4180} INFO - Setting next_dagrun for tutorial_taskflow_api_virtualenv to None, run_after=None
[2024-10-13T21:14:13.547-0400] {processor.py:208} INFO - Processing /Users/karenwang/anaconda3/envs/airflow_sqlite_env/lib/python3.9/site-packages/airflow/example_dags/tutorial_taskflow_api_virtualenv.py took 0.453 seconds
[2024-10-13T21:18:10.503-0400] {processor.py:186} INFO - Started process (PID=49999) to work on /Users/karenwang/anaconda3/envs/airflow_sqlite_env/lib/python3.9/site-packages/airflow/example_dags/tutorial_taskflow_api_virtualenv.py
[2024-10-13T21:18:10.504-0400] {processor.py:914} INFO - Processing file /Users/karenwang/anaconda3/envs/airflow_sqlite_env/lib/python3.9/site-packages/airflow/example_dags/tutorial_taskflow_api_virtualenv.py for tasks to queue
[2024-10-13T21:18:10.506-0400] {logging_mixin.py:190} INFO - [2024-10-13T21:18:10.505-0400] {dagbag.py:588} INFO - Filling up the DagBag from /Users/karenwang/anaconda3/envs/airflow_sqlite_env/lib/python3.9/site-packages/airflow/example_dags/tutorial_taskflow_api_virtualenv.py
[2024-10-13T21:18:10.596-0400] {processor.py:925} INFO - DAG(s) 'tutorial_taskflow_api_virtualenv' retrieved from /Users/karenwang/anaconda3/envs/airflow_sqlite_env/lib/python3.9/site-packages/airflow/example_dags/tutorial_taskflow_api_virtualenv.py
[2024-10-13T21:18:10.872-0400] {logging_mixin.py:190} INFO - [2024-10-13T21:18:10.871-0400] {dag.py:3239} INFO - Sync 1 DAGs
[2024-10-13T21:18:10.884-0400] {logging_mixin.py:190} INFO - [2024-10-13T21:18:10.884-0400] {dag.py:4180} INFO - Setting next_dagrun for tutorial_taskflow_api_virtualenv to None, run_after=None
[2024-10-13T21:18:10.906-0400] {processor.py:208} INFO - Processing /Users/karenwang/anaconda3/envs/airflow_sqlite_env/lib/python3.9/site-packages/airflow/example_dags/tutorial_taskflow_api_virtualenv.py took 0.409 seconds
[2024-10-13T21:21:50.424-0400] {processor.py:186} INFO - Started process (PID=51141) to work on /Users/karenwang/anaconda3/envs/airflow_sqlite_env/lib/python3.9/site-packages/airflow/example_dags/tutorial_taskflow_api_virtualenv.py
[2024-10-13T21:21:50.426-0400] {processor.py:914} INFO - Processing file /Users/karenwang/anaconda3/envs/airflow_sqlite_env/lib/python3.9/site-packages/airflow/example_dags/tutorial_taskflow_api_virtualenv.py for tasks to queue
[2024-10-13T21:21:50.427-0400] {logging_mixin.py:190} INFO - [2024-10-13T21:21:50.427-0400] {dagbag.py:588} INFO - Filling up the DagBag from /Users/karenwang/anaconda3/envs/airflow_sqlite_env/lib/python3.9/site-packages/airflow/example_dags/tutorial_taskflow_api_virtualenv.py
[2024-10-13T21:21:50.524-0400] {processor.py:925} INFO - DAG(s) 'tutorial_taskflow_api_virtualenv' retrieved from /Users/karenwang/anaconda3/envs/airflow_sqlite_env/lib/python3.9/site-packages/airflow/example_dags/tutorial_taskflow_api_virtualenv.py
[2024-10-13T21:21:50.784-0400] {logging_mixin.py:190} INFO - [2024-10-13T21:21:50.783-0400] {dag.py:3239} INFO - Sync 1 DAGs
[2024-10-13T21:21:50.799-0400] {logging_mixin.py:190} INFO - [2024-10-13T21:21:50.798-0400] {dag.py:4180} INFO - Setting next_dagrun for tutorial_taskflow_api_virtualenv to None, run_after=None
[2024-10-13T21:21:50.820-0400] {processor.py:208} INFO - Processing /Users/karenwang/anaconda3/envs/airflow_sqlite_env/lib/python3.9/site-packages/airflow/example_dags/tutorial_taskflow_api_virtualenv.py took 0.401 seconds
[2024-10-13T21:25:32.704-0400] {processor.py:186} INFO - Started process (PID=52278) to work on /Users/karenwang/anaconda3/envs/airflow_sqlite_env/lib/python3.9/site-packages/airflow/example_dags/tutorial_taskflow_api_virtualenv.py
[2024-10-13T21:25:32.706-0400] {processor.py:914} INFO - Processing file /Users/karenwang/anaconda3/envs/airflow_sqlite_env/lib/python3.9/site-packages/airflow/example_dags/tutorial_taskflow_api_virtualenv.py for tasks to queue
[2024-10-13T21:25:32.707-0400] {logging_mixin.py:190} INFO - [2024-10-13T21:25:32.707-0400] {dagbag.py:588} INFO - Filling up the DagBag from /Users/karenwang/anaconda3/envs/airflow_sqlite_env/lib/python3.9/site-packages/airflow/example_dags/tutorial_taskflow_api_virtualenv.py
[2024-10-13T21:25:32.798-0400] {processor.py:925} INFO - DAG(s) 'tutorial_taskflow_api_virtualenv' retrieved from /Users/karenwang/anaconda3/envs/airflow_sqlite_env/lib/python3.9/site-packages/airflow/example_dags/tutorial_taskflow_api_virtualenv.py
[2024-10-13T21:25:33.071-0400] {logging_mixin.py:190} INFO - [2024-10-13T21:25:33.070-0400] {dag.py:3239} INFO - Sync 1 DAGs
[2024-10-13T21:25:33.088-0400] {logging_mixin.py:190} INFO - [2024-10-13T21:25:33.087-0400] {dag.py:4180} INFO - Setting next_dagrun for tutorial_taskflow_api_virtualenv to None, run_after=None
[2024-10-13T21:25:33.111-0400] {processor.py:208} INFO - Processing /Users/karenwang/anaconda3/envs/airflow_sqlite_env/lib/python3.9/site-packages/airflow/example_dags/tutorial_taskflow_api_virtualenv.py took 0.413 seconds
[2024-10-13T21:29:18.451-0400] {processor.py:186} INFO - Started process (PID=53472) to work on /Users/karenwang/anaconda3/envs/airflow_sqlite_env/lib/python3.9/site-packages/airflow/example_dags/tutorial_taskflow_api_virtualenv.py
[2024-10-13T21:29:18.453-0400] {processor.py:914} INFO - Processing file /Users/karenwang/anaconda3/envs/airflow_sqlite_env/lib/python3.9/site-packages/airflow/example_dags/tutorial_taskflow_api_virtualenv.py for tasks to queue
[2024-10-13T21:29:18.454-0400] {logging_mixin.py:190} INFO - [2024-10-13T21:29:18.454-0400] {dagbag.py:588} INFO - Filling up the DagBag from /Users/karenwang/anaconda3/envs/airflow_sqlite_env/lib/python3.9/site-packages/airflow/example_dags/tutorial_taskflow_api_virtualenv.py
[2024-10-13T21:29:18.555-0400] {processor.py:925} INFO - DAG(s) 'tutorial_taskflow_api_virtualenv' retrieved from /Users/karenwang/anaconda3/envs/airflow_sqlite_env/lib/python3.9/site-packages/airflow/example_dags/tutorial_taskflow_api_virtualenv.py
[2024-10-13T21:29:18.843-0400] {logging_mixin.py:190} INFO - [2024-10-13T21:29:18.842-0400] {dag.py:3239} INFO - Sync 1 DAGs
[2024-10-13T21:29:18.858-0400] {logging_mixin.py:190} INFO - [2024-10-13T21:29:18.858-0400] {dag.py:4180} INFO - Setting next_dagrun for tutorial_taskflow_api_virtualenv to None, run_after=None
[2024-10-13T21:29:18.880-0400] {processor.py:208} INFO - Processing /Users/karenwang/anaconda3/envs/airflow_sqlite_env/lib/python3.9/site-packages/airflow/example_dags/tutorial_taskflow_api_virtualenv.py took 0.435 seconds
[2024-10-13T21:33:19.793-0400] {processor.py:186} INFO - Started process (PID=54709) to work on /Users/karenwang/anaconda3/envs/airflow_sqlite_env/lib/python3.9/site-packages/airflow/example_dags/tutorial_taskflow_api_virtualenv.py
[2024-10-13T21:33:19.795-0400] {processor.py:914} INFO - Processing file /Users/karenwang/anaconda3/envs/airflow_sqlite_env/lib/python3.9/site-packages/airflow/example_dags/tutorial_taskflow_api_virtualenv.py for tasks to queue
[2024-10-13T21:33:19.796-0400] {logging_mixin.py:190} INFO - [2024-10-13T21:33:19.796-0400] {dagbag.py:588} INFO - Filling up the DagBag from /Users/karenwang/anaconda3/envs/airflow_sqlite_env/lib/python3.9/site-packages/airflow/example_dags/tutorial_taskflow_api_virtualenv.py
[2024-10-13T21:33:19.892-0400] {processor.py:925} INFO - DAG(s) 'tutorial_taskflow_api_virtualenv' retrieved from /Users/karenwang/anaconda3/envs/airflow_sqlite_env/lib/python3.9/site-packages/airflow/example_dags/tutorial_taskflow_api_virtualenv.py
[2024-10-13T21:33:20.186-0400] {logging_mixin.py:190} INFO - [2024-10-13T21:33:20.186-0400] {dag.py:3239} INFO - Sync 1 DAGs
[2024-10-13T21:33:20.202-0400] {logging_mixin.py:190} INFO - [2024-10-13T21:33:20.202-0400] {dag.py:4180} INFO - Setting next_dagrun for tutorial_taskflow_api_virtualenv to None, run_after=None
[2024-10-13T21:33:20.229-0400] {processor.py:208} INFO - Processing /Users/karenwang/anaconda3/envs/airflow_sqlite_env/lib/python3.9/site-packages/airflow/example_dags/tutorial_taskflow_api_virtualenv.py took 0.442 seconds
[2024-10-13T21:37:12.649-0400] {processor.py:186} INFO - Started process (PID=55953) to work on /Users/karenwang/anaconda3/envs/airflow_sqlite_env/lib/python3.9/site-packages/airflow/example_dags/tutorial_taskflow_api_virtualenv.py
[2024-10-13T21:37:12.651-0400] {processor.py:914} INFO - Processing file /Users/karenwang/anaconda3/envs/airflow_sqlite_env/lib/python3.9/site-packages/airflow/example_dags/tutorial_taskflow_api_virtualenv.py for tasks to queue
[2024-10-13T21:37:12.652-0400] {logging_mixin.py:190} INFO - [2024-10-13T21:37:12.652-0400] {dagbag.py:588} INFO - Filling up the DagBag from /Users/karenwang/anaconda3/envs/airflow_sqlite_env/lib/python3.9/site-packages/airflow/example_dags/tutorial_taskflow_api_virtualenv.py
[2024-10-13T21:37:12.754-0400] {processor.py:925} INFO - DAG(s) 'tutorial_taskflow_api_virtualenv' retrieved from /Users/karenwang/anaconda3/envs/airflow_sqlite_env/lib/python3.9/site-packages/airflow/example_dags/tutorial_taskflow_api_virtualenv.py
[2024-10-13T21:37:13.062-0400] {logging_mixin.py:190} INFO - [2024-10-13T21:37:13.061-0400] {dag.py:3239} INFO - Sync 1 DAGs
[2024-10-13T21:37:13.077-0400] {logging_mixin.py:190} INFO - [2024-10-13T21:37:13.076-0400] {dag.py:4180} INFO - Setting next_dagrun for tutorial_taskflow_api_virtualenv to None, run_after=None
[2024-10-13T21:37:13.102-0400] {processor.py:208} INFO - Processing /Users/karenwang/anaconda3/envs/airflow_sqlite_env/lib/python3.9/site-packages/airflow/example_dags/tutorial_taskflow_api_virtualenv.py took 0.459 seconds
[2024-10-13T21:41:07.547-0400] {processor.py:186} INFO - Started process (PID=57161) to work on /Users/karenwang/anaconda3/envs/airflow_sqlite_env/lib/python3.9/site-packages/airflow/example_dags/tutorial_taskflow_api_virtualenv.py
[2024-10-13T21:41:07.548-0400] {processor.py:914} INFO - Processing file /Users/karenwang/anaconda3/envs/airflow_sqlite_env/lib/python3.9/site-packages/airflow/example_dags/tutorial_taskflow_api_virtualenv.py for tasks to queue
[2024-10-13T21:41:07.550-0400] {logging_mixin.py:190} INFO - [2024-10-13T21:41:07.550-0400] {dagbag.py:588} INFO - Filling up the DagBag from /Users/karenwang/anaconda3/envs/airflow_sqlite_env/lib/python3.9/site-packages/airflow/example_dags/tutorial_taskflow_api_virtualenv.py
[2024-10-13T21:41:07.648-0400] {processor.py:925} INFO - DAG(s) 'tutorial_taskflow_api_virtualenv' retrieved from /Users/karenwang/anaconda3/envs/airflow_sqlite_env/lib/python3.9/site-packages/airflow/example_dags/tutorial_taskflow_api_virtualenv.py
[2024-10-13T21:41:07.941-0400] {logging_mixin.py:190} INFO - [2024-10-13T21:41:07.941-0400] {dag.py:3239} INFO - Sync 1 DAGs
[2024-10-13T21:41:07.956-0400] {logging_mixin.py:190} INFO - [2024-10-13T21:41:07.956-0400] {dag.py:4180} INFO - Setting next_dagrun for tutorial_taskflow_api_virtualenv to None, run_after=None
[2024-10-13T21:41:07.981-0400] {processor.py:208} INFO - Processing /Users/karenwang/anaconda3/envs/airflow_sqlite_env/lib/python3.9/site-packages/airflow/example_dags/tutorial_taskflow_api_virtualenv.py took 0.440 seconds
[2024-10-13T21:44:59.056-0400] {processor.py:186} INFO - Started process (PID=58340) to work on /Users/karenwang/anaconda3/envs/airflow_sqlite_env/lib/python3.9/site-packages/airflow/example_dags/tutorial_taskflow_api_virtualenv.py
[2024-10-13T21:44:59.058-0400] {processor.py:914} INFO - Processing file /Users/karenwang/anaconda3/envs/airflow_sqlite_env/lib/python3.9/site-packages/airflow/example_dags/tutorial_taskflow_api_virtualenv.py for tasks to queue
[2024-10-13T21:44:59.059-0400] {logging_mixin.py:190} INFO - [2024-10-13T21:44:59.059-0400] {dagbag.py:588} INFO - Filling up the DagBag from /Users/karenwang/anaconda3/envs/airflow_sqlite_env/lib/python3.9/site-packages/airflow/example_dags/tutorial_taskflow_api_virtualenv.py
[2024-10-13T21:44:59.155-0400] {processor.py:925} INFO - DAG(s) 'tutorial_taskflow_api_virtualenv' retrieved from /Users/karenwang/anaconda3/envs/airflow_sqlite_env/lib/python3.9/site-packages/airflow/example_dags/tutorial_taskflow_api_virtualenv.py
[2024-10-13T21:44:59.472-0400] {logging_mixin.py:190} INFO - [2024-10-13T21:44:59.471-0400] {dag.py:3239} INFO - Sync 1 DAGs
[2024-10-13T21:44:59.490-0400] {logging_mixin.py:190} INFO - [2024-10-13T21:44:59.489-0400] {dag.py:4180} INFO - Setting next_dagrun for tutorial_taskflow_api_virtualenv to None, run_after=None
[2024-10-13T21:44:59.517-0400] {processor.py:208} INFO - Processing /Users/karenwang/anaconda3/envs/airflow_sqlite_env/lib/python3.9/site-packages/airflow/example_dags/tutorial_taskflow_api_virtualenv.py took 0.467 seconds
[2024-10-13T21:49:00.692-0400] {processor.py:186} INFO - Started process (PID=59619) to work on /Users/karenwang/anaconda3/envs/airflow_sqlite_env/lib/python3.9/site-packages/airflow/example_dags/tutorial_taskflow_api_virtualenv.py
[2024-10-13T21:49:00.694-0400] {processor.py:914} INFO - Processing file /Users/karenwang/anaconda3/envs/airflow_sqlite_env/lib/python3.9/site-packages/airflow/example_dags/tutorial_taskflow_api_virtualenv.py for tasks to queue
[2024-10-13T21:49:00.695-0400] {logging_mixin.py:190} INFO - [2024-10-13T21:49:00.695-0400] {dagbag.py:588} INFO - Filling up the DagBag from /Users/karenwang/anaconda3/envs/airflow_sqlite_env/lib/python3.9/site-packages/airflow/example_dags/tutorial_taskflow_api_virtualenv.py
[2024-10-13T21:49:00.796-0400] {processor.py:925} INFO - DAG(s) 'tutorial_taskflow_api_virtualenv' retrieved from /Users/karenwang/anaconda3/envs/airflow_sqlite_env/lib/python3.9/site-packages/airflow/example_dags/tutorial_taskflow_api_virtualenv.py
[2024-10-13T21:49:01.083-0400] {logging_mixin.py:190} INFO - [2024-10-13T21:49:01.082-0400] {dag.py:3239} INFO - Sync 1 DAGs
[2024-10-13T21:49:01.098-0400] {logging_mixin.py:190} INFO - [2024-10-13T21:49:01.098-0400] {dag.py:4180} INFO - Setting next_dagrun for tutorial_taskflow_api_virtualenv to None, run_after=None
[2024-10-13T21:49:01.120-0400] {processor.py:208} INFO - Processing /Users/karenwang/anaconda3/envs/airflow_sqlite_env/lib/python3.9/site-packages/airflow/example_dags/tutorial_taskflow_api_virtualenv.py took 0.433 seconds
[2024-10-13T21:53:02.313-0400] {processor.py:186} INFO - Started process (PID=60854) to work on /Users/karenwang/anaconda3/envs/airflow_sqlite_env/lib/python3.9/site-packages/airflow/example_dags/tutorial_taskflow_api_virtualenv.py
[2024-10-13T21:53:02.315-0400] {processor.py:914} INFO - Processing file /Users/karenwang/anaconda3/envs/airflow_sqlite_env/lib/python3.9/site-packages/airflow/example_dags/tutorial_taskflow_api_virtualenv.py for tasks to queue
[2024-10-13T21:53:02.316-0400] {logging_mixin.py:190} INFO - [2024-10-13T21:53:02.316-0400] {dagbag.py:588} INFO - Filling up the DagBag from /Users/karenwang/anaconda3/envs/airflow_sqlite_env/lib/python3.9/site-packages/airflow/example_dags/tutorial_taskflow_api_virtualenv.py
[2024-10-13T21:53:02.426-0400] {processor.py:925} INFO - DAG(s) 'tutorial_taskflow_api_virtualenv' retrieved from /Users/karenwang/anaconda3/envs/airflow_sqlite_env/lib/python3.9/site-packages/airflow/example_dags/tutorial_taskflow_api_virtualenv.py
[2024-10-13T21:53:02.716-0400] {logging_mixin.py:190} INFO - [2024-10-13T21:53:02.716-0400] {dag.py:3239} INFO - Sync 1 DAGs
[2024-10-13T21:53:02.732-0400] {logging_mixin.py:190} INFO - [2024-10-13T21:53:02.732-0400] {dag.py:4180} INFO - Setting next_dagrun for tutorial_taskflow_api_virtualenv to None, run_after=None
[2024-10-13T21:53:02.757-0400] {processor.py:208} INFO - Processing /Users/karenwang/anaconda3/envs/airflow_sqlite_env/lib/python3.9/site-packages/airflow/example_dags/tutorial_taskflow_api_virtualenv.py took 0.450 seconds
[2024-10-13T21:57:01.552-0400] {processor.py:186} INFO - Started process (PID=62083) to work on /Users/karenwang/anaconda3/envs/airflow_sqlite_env/lib/python3.9/site-packages/airflow/example_dags/tutorial_taskflow_api_virtualenv.py
[2024-10-13T21:57:01.554-0400] {processor.py:914} INFO - Processing file /Users/karenwang/anaconda3/envs/airflow_sqlite_env/lib/python3.9/site-packages/airflow/example_dags/tutorial_taskflow_api_virtualenv.py for tasks to queue
[2024-10-13T21:57:01.556-0400] {logging_mixin.py:190} INFO - [2024-10-13T21:57:01.556-0400] {dagbag.py:588} INFO - Filling up the DagBag from /Users/karenwang/anaconda3/envs/airflow_sqlite_env/lib/python3.9/site-packages/airflow/example_dags/tutorial_taskflow_api_virtualenv.py
[2024-10-13T21:57:01.658-0400] {processor.py:925} INFO - DAG(s) 'tutorial_taskflow_api_virtualenv' retrieved from /Users/karenwang/anaconda3/envs/airflow_sqlite_env/lib/python3.9/site-packages/airflow/example_dags/tutorial_taskflow_api_virtualenv.py
[2024-10-13T21:57:01.951-0400] {logging_mixin.py:190} INFO - [2024-10-13T21:57:01.950-0400] {dag.py:3239} INFO - Sync 1 DAGs
[2024-10-13T21:57:01.967-0400] {logging_mixin.py:190} INFO - [2024-10-13T21:57:01.967-0400] {dag.py:4180} INFO - Setting next_dagrun for tutorial_taskflow_api_virtualenv to None, run_after=None
[2024-10-13T21:57:01.992-0400] {processor.py:208} INFO - Processing /Users/karenwang/anaconda3/envs/airflow_sqlite_env/lib/python3.9/site-packages/airflow/example_dags/tutorial_taskflow_api_virtualenv.py took 0.446 seconds
[2024-10-13T22:00:47.245-0400] {processor.py:186} INFO - Started process (PID=63251) to work on /Users/karenwang/anaconda3/envs/airflow_sqlite_env/lib/python3.9/site-packages/airflow/example_dags/tutorial_taskflow_api_virtualenv.py
[2024-10-13T22:00:47.246-0400] {processor.py:914} INFO - Processing file /Users/karenwang/anaconda3/envs/airflow_sqlite_env/lib/python3.9/site-packages/airflow/example_dags/tutorial_taskflow_api_virtualenv.py for tasks to queue
[2024-10-13T22:00:47.247-0400] {logging_mixin.py:190} INFO - [2024-10-13T22:00:47.247-0400] {dagbag.py:588} INFO - Filling up the DagBag from /Users/karenwang/anaconda3/envs/airflow_sqlite_env/lib/python3.9/site-packages/airflow/example_dags/tutorial_taskflow_api_virtualenv.py
[2024-10-13T22:00:47.344-0400] {processor.py:925} INFO - DAG(s) 'tutorial_taskflow_api_virtualenv' retrieved from /Users/karenwang/anaconda3/envs/airflow_sqlite_env/lib/python3.9/site-packages/airflow/example_dags/tutorial_taskflow_api_virtualenv.py
[2024-10-13T22:00:47.609-0400] {logging_mixin.py:190} INFO - [2024-10-13T22:00:47.609-0400] {dag.py:3239} INFO - Sync 1 DAGs
[2024-10-13T22:00:47.621-0400] {logging_mixin.py:190} INFO - [2024-10-13T22:00:47.621-0400] {dag.py:4180} INFO - Setting next_dagrun for tutorial_taskflow_api_virtualenv to None, run_after=None
[2024-10-13T22:00:47.642-0400] {processor.py:208} INFO - Processing /Users/karenwang/anaconda3/envs/airflow_sqlite_env/lib/python3.9/site-packages/airflow/example_dags/tutorial_taskflow_api_virtualenv.py took 0.403 seconds
[2024-10-13T22:04:43.576-0400] {processor.py:186} INFO - Started process (PID=64467) to work on /Users/karenwang/anaconda3/envs/airflow_sqlite_env/lib/python3.9/site-packages/airflow/example_dags/tutorial_taskflow_api_virtualenv.py
[2024-10-13T22:04:43.577-0400] {processor.py:914} INFO - Processing file /Users/karenwang/anaconda3/envs/airflow_sqlite_env/lib/python3.9/site-packages/airflow/example_dags/tutorial_taskflow_api_virtualenv.py for tasks to queue
[2024-10-13T22:04:43.579-0400] {logging_mixin.py:190} INFO - [2024-10-13T22:04:43.579-0400] {dagbag.py:588} INFO - Filling up the DagBag from /Users/karenwang/anaconda3/envs/airflow_sqlite_env/lib/python3.9/site-packages/airflow/example_dags/tutorial_taskflow_api_virtualenv.py
[2024-10-13T22:04:43.682-0400] {processor.py:925} INFO - DAG(s) 'tutorial_taskflow_api_virtualenv' retrieved from /Users/karenwang/anaconda3/envs/airflow_sqlite_env/lib/python3.9/site-packages/airflow/example_dags/tutorial_taskflow_api_virtualenv.py
[2024-10-13T22:04:43.961-0400] {logging_mixin.py:190} INFO - [2024-10-13T22:04:43.960-0400] {dag.py:3239} INFO - Sync 1 DAGs
[2024-10-13T22:04:43.972-0400] {logging_mixin.py:190} INFO - [2024-10-13T22:04:43.972-0400] {dag.py:4180} INFO - Setting next_dagrun for tutorial_taskflow_api_virtualenv to None, run_after=None
[2024-10-13T22:04:43.993-0400] {processor.py:208} INFO - Processing /Users/karenwang/anaconda3/envs/airflow_sqlite_env/lib/python3.9/site-packages/airflow/example_dags/tutorial_taskflow_api_virtualenv.py took 0.424 seconds
[2024-10-13T22:08:38.337-0400] {processor.py:186} INFO - Started process (PID=65681) to work on /Users/karenwang/anaconda3/envs/airflow_sqlite_env/lib/python3.9/site-packages/airflow/example_dags/tutorial_taskflow_api_virtualenv.py
[2024-10-13T22:08:38.338-0400] {processor.py:914} INFO - Processing file /Users/karenwang/anaconda3/envs/airflow_sqlite_env/lib/python3.9/site-packages/airflow/example_dags/tutorial_taskflow_api_virtualenv.py for tasks to queue
[2024-10-13T22:08:38.340-0400] {logging_mixin.py:190} INFO - [2024-10-13T22:08:38.339-0400] {dagbag.py:588} INFO - Filling up the DagBag from /Users/karenwang/anaconda3/envs/airflow_sqlite_env/lib/python3.9/site-packages/airflow/example_dags/tutorial_taskflow_api_virtualenv.py
[2024-10-13T22:08:38.441-0400] {processor.py:925} INFO - DAG(s) 'tutorial_taskflow_api_virtualenv' retrieved from /Users/karenwang/anaconda3/envs/airflow_sqlite_env/lib/python3.9/site-packages/airflow/example_dags/tutorial_taskflow_api_virtualenv.py
[2024-10-13T22:08:38.749-0400] {logging_mixin.py:190} INFO - [2024-10-13T22:08:38.748-0400] {dag.py:3239} INFO - Sync 1 DAGs
[2024-10-13T22:08:38.764-0400] {logging_mixin.py:190} INFO - [2024-10-13T22:08:38.763-0400] {dag.py:4180} INFO - Setting next_dagrun for tutorial_taskflow_api_virtualenv to None, run_after=None
[2024-10-13T22:08:38.788-0400] {processor.py:208} INFO - Processing /Users/karenwang/anaconda3/envs/airflow_sqlite_env/lib/python3.9/site-packages/airflow/example_dags/tutorial_taskflow_api_virtualenv.py took 0.457 seconds
[2024-10-13T22:12:31.607-0400] {processor.py:186} INFO - Started process (PID=66873) to work on /Users/karenwang/anaconda3/envs/airflow_sqlite_env/lib/python3.9/site-packages/airflow/example_dags/tutorial_taskflow_api_virtualenv.py
[2024-10-13T22:12:31.608-0400] {processor.py:914} INFO - Processing file /Users/karenwang/anaconda3/envs/airflow_sqlite_env/lib/python3.9/site-packages/airflow/example_dags/tutorial_taskflow_api_virtualenv.py for tasks to queue
[2024-10-13T22:12:31.610-0400] {logging_mixin.py:190} INFO - [2024-10-13T22:12:31.609-0400] {dagbag.py:588} INFO - Filling up the DagBag from /Users/karenwang/anaconda3/envs/airflow_sqlite_env/lib/python3.9/site-packages/airflow/example_dags/tutorial_taskflow_api_virtualenv.py
[2024-10-13T22:12:31.725-0400] {processor.py:925} INFO - DAG(s) 'tutorial_taskflow_api_virtualenv' retrieved from /Users/karenwang/anaconda3/envs/airflow_sqlite_env/lib/python3.9/site-packages/airflow/example_dags/tutorial_taskflow_api_virtualenv.py
[2024-10-13T22:12:32.023-0400] {logging_mixin.py:190} INFO - [2024-10-13T22:12:32.022-0400] {dag.py:3239} INFO - Sync 1 DAGs
[2024-10-13T22:12:32.039-0400] {logging_mixin.py:190} INFO - [2024-10-13T22:12:32.038-0400] {dag.py:4180} INFO - Setting next_dagrun for tutorial_taskflow_api_virtualenv to None, run_after=None
[2024-10-13T22:12:32.061-0400] {processor.py:208} INFO - Processing /Users/karenwang/anaconda3/envs/airflow_sqlite_env/lib/python3.9/site-packages/airflow/example_dags/tutorial_taskflow_api_virtualenv.py took 0.460 seconds
[2024-10-13T22:16:31.870-0400] {processor.py:186} INFO - Started process (PID=68102) to work on /Users/karenwang/anaconda3/envs/airflow_sqlite_env/lib/python3.9/site-packages/airflow/example_dags/tutorial_taskflow_api_virtualenv.py
[2024-10-13T22:16:31.871-0400] {processor.py:914} INFO - Processing file /Users/karenwang/anaconda3/envs/airflow_sqlite_env/lib/python3.9/site-packages/airflow/example_dags/tutorial_taskflow_api_virtualenv.py for tasks to queue
[2024-10-13T22:16:31.872-0400] {logging_mixin.py:190} INFO - [2024-10-13T22:16:31.872-0400] {dagbag.py:588} INFO - Filling up the DagBag from /Users/karenwang/anaconda3/envs/airflow_sqlite_env/lib/python3.9/site-packages/airflow/example_dags/tutorial_taskflow_api_virtualenv.py
[2024-10-13T22:16:31.970-0400] {processor.py:925} INFO - DAG(s) 'tutorial_taskflow_api_virtualenv' retrieved from /Users/karenwang/anaconda3/envs/airflow_sqlite_env/lib/python3.9/site-packages/airflow/example_dags/tutorial_taskflow_api_virtualenv.py
[2024-10-13T22:16:32.274-0400] {logging_mixin.py:190} INFO - [2024-10-13T22:16:32.274-0400] {dag.py:3239} INFO - Sync 1 DAGs
[2024-10-13T22:16:32.293-0400] {logging_mixin.py:190} INFO - [2024-10-13T22:16:32.292-0400] {dag.py:4180} INFO - Setting next_dagrun for tutorial_taskflow_api_virtualenv to None, run_after=None
[2024-10-13T22:16:32.319-0400] {processor.py:208} INFO - Processing /Users/karenwang/anaconda3/envs/airflow_sqlite_env/lib/python3.9/site-packages/airflow/example_dags/tutorial_taskflow_api_virtualenv.py took 0.455 seconds
[2024-10-13T22:20:31.020-0400] {processor.py:186} INFO - Started process (PID=69329) to work on /Users/karenwang/anaconda3/envs/airflow_sqlite_env/lib/python3.9/site-packages/airflow/example_dags/tutorial_taskflow_api_virtualenv.py
[2024-10-13T22:20:31.021-0400] {processor.py:914} INFO - Processing file /Users/karenwang/anaconda3/envs/airflow_sqlite_env/lib/python3.9/site-packages/airflow/example_dags/tutorial_taskflow_api_virtualenv.py for tasks to queue
[2024-10-13T22:20:31.023-0400] {logging_mixin.py:190} INFO - [2024-10-13T22:20:31.022-0400] {dagbag.py:588} INFO - Filling up the DagBag from /Users/karenwang/anaconda3/envs/airflow_sqlite_env/lib/python3.9/site-packages/airflow/example_dags/tutorial_taskflow_api_virtualenv.py
[2024-10-13T22:20:31.128-0400] {processor.py:925} INFO - DAG(s) 'tutorial_taskflow_api_virtualenv' retrieved from /Users/karenwang/anaconda3/envs/airflow_sqlite_env/lib/python3.9/site-packages/airflow/example_dags/tutorial_taskflow_api_virtualenv.py
[2024-10-13T22:20:31.405-0400] {logging_mixin.py:190} INFO - [2024-10-13T22:20:31.404-0400] {dag.py:3239} INFO - Sync 1 DAGs
[2024-10-13T22:20:31.421-0400] {logging_mixin.py:190} INFO - [2024-10-13T22:20:31.421-0400] {dag.py:4180} INFO - Setting next_dagrun for tutorial_taskflow_api_virtualenv to None, run_after=None
[2024-10-13T22:20:31.445-0400] {processor.py:208} INFO - Processing /Users/karenwang/anaconda3/envs/airflow_sqlite_env/lib/python3.9/site-packages/airflow/example_dags/tutorial_taskflow_api_virtualenv.py took 0.431 seconds
[2024-10-13T22:24:40.352-0400] {processor.py:186} INFO - Started process (PID=70675) to work on /Users/karenwang/anaconda3/envs/airflow_sqlite_env/lib/python3.9/site-packages/airflow/example_dags/tutorial_taskflow_api_virtualenv.py
[2024-10-13T22:24:40.353-0400] {processor.py:914} INFO - Processing file /Users/karenwang/anaconda3/envs/airflow_sqlite_env/lib/python3.9/site-packages/airflow/example_dags/tutorial_taskflow_api_virtualenv.py for tasks to queue
[2024-10-13T22:24:40.354-0400] {logging_mixin.py:190} INFO - [2024-10-13T22:24:40.354-0400] {dagbag.py:588} INFO - Filling up the DagBag from /Users/karenwang/anaconda3/envs/airflow_sqlite_env/lib/python3.9/site-packages/airflow/example_dags/tutorial_taskflow_api_virtualenv.py
[2024-10-13T22:24:40.455-0400] {processor.py:925} INFO - DAG(s) 'tutorial_taskflow_api_virtualenv' retrieved from /Users/karenwang/anaconda3/envs/airflow_sqlite_env/lib/python3.9/site-packages/airflow/example_dags/tutorial_taskflow_api_virtualenv.py
[2024-10-13T22:24:40.750-0400] {logging_mixin.py:190} INFO - [2024-10-13T22:24:40.750-0400] {dag.py:3239} INFO - Sync 1 DAGs
[2024-10-13T22:24:40.768-0400] {logging_mixin.py:190} INFO - [2024-10-13T22:24:40.768-0400] {dag.py:4180} INFO - Setting next_dagrun for tutorial_taskflow_api_virtualenv to None, run_after=None
[2024-10-13T22:24:40.793-0400] {processor.py:208} INFO - Processing /Users/karenwang/anaconda3/envs/airflow_sqlite_env/lib/python3.9/site-packages/airflow/example_dags/tutorial_taskflow_api_virtualenv.py took 0.448 seconds
[2024-10-13T22:33:12.156-0400] {processor.py:186} INFO - Started process (PID=73547) to work on /Users/karenwang/anaconda3/envs/airflow_sqlite_env/lib/python3.9/site-packages/airflow/example_dags/tutorial_taskflow_api_virtualenv.py
[2024-10-13T22:33:12.158-0400] {processor.py:914} INFO - Processing file /Users/karenwang/anaconda3/envs/airflow_sqlite_env/lib/python3.9/site-packages/airflow/example_dags/tutorial_taskflow_api_virtualenv.py for tasks to queue
[2024-10-13T22:33:12.161-0400] {logging_mixin.py:190} INFO - [2024-10-13T22:33:12.160-0400] {dagbag.py:588} INFO - Filling up the DagBag from /Users/karenwang/anaconda3/envs/airflow_sqlite_env/lib/python3.9/site-packages/airflow/example_dags/tutorial_taskflow_api_virtualenv.py
[2024-10-13T22:33:12.341-0400] {processor.py:925} INFO - DAG(s) 'tutorial_taskflow_api_virtualenv' retrieved from /Users/karenwang/anaconda3/envs/airflow_sqlite_env/lib/python3.9/site-packages/airflow/example_dags/tutorial_taskflow_api_virtualenv.py
[2024-10-13T22:33:12.698-0400] {logging_mixin.py:190} INFO - [2024-10-13T22:33:12.698-0400] {dag.py:3239} INFO - Sync 1 DAGs
[2024-10-13T22:33:12.715-0400] {logging_mixin.py:190} INFO - [2024-10-13T22:33:12.714-0400] {dag.py:4180} INFO - Setting next_dagrun for tutorial_taskflow_api_virtualenv to None, run_after=None
[2024-10-13T22:33:12.743-0400] {processor.py:208} INFO - Processing /Users/karenwang/anaconda3/envs/airflow_sqlite_env/lib/python3.9/site-packages/airflow/example_dags/tutorial_taskflow_api_virtualenv.py took 0.596 seconds
[2024-10-13T22:39:12.750-0400] {processor.py:186} INFO - Started process (PID=75486) to work on /Users/karenwang/anaconda3/envs/airflow_sqlite_env/lib/python3.9/site-packages/airflow/example_dags/tutorial_taskflow_api_virtualenv.py
[2024-10-13T22:39:12.752-0400] {processor.py:914} INFO - Processing file /Users/karenwang/anaconda3/envs/airflow_sqlite_env/lib/python3.9/site-packages/airflow/example_dags/tutorial_taskflow_api_virtualenv.py for tasks to queue
[2024-10-13T22:39:12.753-0400] {logging_mixin.py:190} INFO - [2024-10-13T22:39:12.753-0400] {dagbag.py:588} INFO - Filling up the DagBag from /Users/karenwang/anaconda3/envs/airflow_sqlite_env/lib/python3.9/site-packages/airflow/example_dags/tutorial_taskflow_api_virtualenv.py
[2024-10-13T22:39:12.852-0400] {processor.py:925} INFO - DAG(s) 'tutorial_taskflow_api_virtualenv' retrieved from /Users/karenwang/anaconda3/envs/airflow_sqlite_env/lib/python3.9/site-packages/airflow/example_dags/tutorial_taskflow_api_virtualenv.py
[2024-10-13T22:39:13.129-0400] {logging_mixin.py:190} INFO - [2024-10-13T22:39:13.128-0400] {dag.py:3239} INFO - Sync 1 DAGs
[2024-10-13T22:39:13.144-0400] {logging_mixin.py:190} INFO - [2024-10-13T22:39:13.144-0400] {dag.py:4180} INFO - Setting next_dagrun for tutorial_taskflow_api_virtualenv to None, run_after=None
[2024-10-13T22:39:13.166-0400] {processor.py:208} INFO - Processing /Users/karenwang/anaconda3/envs/airflow_sqlite_env/lib/python3.9/site-packages/airflow/example_dags/tutorial_taskflow_api_virtualenv.py took 0.421 seconds
