[2024-10-13T20:00:31.042-0400] {processor.py:186} INFO - Started process (PID=25267) to work on /Users/karenwang/anaconda3/envs/airflow_sqlite_env/lib/python3.9/site-packages/airflow/example_dags/tutorial_objectstorage.py
[2024-10-13T20:00:31.044-0400] {processor.py:914} INFO - Processing file /Users/karenwang/anaconda3/envs/airflow_sqlite_env/lib/python3.9/site-packages/airflow/example_dags/tutorial_objectstorage.py for tasks to queue
[2024-10-13T20:00:31.046-0400] {logging_mixin.py:190} INFO - [2024-10-13T20:00:31.045-0400] {dagbag.py:588} INFO - Filling up the DagBag from /Users/karenwang/anaconda3/envs/airflow_sqlite_env/lib/python3.9/site-packages/airflow/example_dags/tutorial_objectstorage.py
[2024-10-13T20:00:31.170-0400] {processor.py:925} INFO - DAG(s) 'tutorial_objectstorage' retrieved from /Users/karenwang/anaconda3/envs/airflow_sqlite_env/lib/python3.9/site-packages/airflow/example_dags/tutorial_objectstorage.py
[2024-10-13T20:00:31.361-0400] {logging_mixin.py:190} INFO - [2024-10-13T20:00:31.360-0400] {dag.py:3239} INFO - Sync 1 DAGs
[2024-10-13T20:00:31.382-0400] {logging_mixin.py:190} INFO - [2024-10-13T20:00:31.381-0400] {dag.py:4180} INFO - Setting next_dagrun for tutorial_objectstorage to None, run_after=None
[2024-10-13T20:00:31.409-0400] {processor.py:208} INFO - Processing /Users/karenwang/anaconda3/envs/airflow_sqlite_env/lib/python3.9/site-packages/airflow/example_dags/tutorial_objectstorage.py took 0.373 seconds
[2024-10-13T20:04:37.736-0400] {processor.py:186} INFO - Started process (PID=26565) to work on /Users/karenwang/anaconda3/envs/airflow_sqlite_env/lib/python3.9/site-packages/airflow/example_dags/tutorial_objectstorage.py
[2024-10-13T20:04:37.738-0400] {processor.py:914} INFO - Processing file /Users/karenwang/anaconda3/envs/airflow_sqlite_env/lib/python3.9/site-packages/airflow/example_dags/tutorial_objectstorage.py for tasks to queue
[2024-10-13T20:04:37.740-0400] {logging_mixin.py:190} INFO - [2024-10-13T20:04:37.739-0400] {dagbag.py:588} INFO - Filling up the DagBag from /Users/karenwang/anaconda3/envs/airflow_sqlite_env/lib/python3.9/site-packages/airflow/example_dags/tutorial_objectstorage.py
[2024-10-13T20:04:37.838-0400] {processor.py:925} INFO - DAG(s) 'tutorial_objectstorage' retrieved from /Users/karenwang/anaconda3/envs/airflow_sqlite_env/lib/python3.9/site-packages/airflow/example_dags/tutorial_objectstorage.py
[2024-10-13T20:04:38.007-0400] {logging_mixin.py:190} INFO - [2024-10-13T20:04:38.006-0400] {dag.py:3239} INFO - Sync 1 DAGs
[2024-10-13T20:04:38.025-0400] {logging_mixin.py:190} INFO - [2024-10-13T20:04:38.025-0400] {dag.py:4180} INFO - Setting next_dagrun for tutorial_objectstorage to None, run_after=None
[2024-10-13T20:04:38.050-0400] {processor.py:208} INFO - Processing /Users/karenwang/anaconda3/envs/airflow_sqlite_env/lib/python3.9/site-packages/airflow/example_dags/tutorial_objectstorage.py took 0.320 seconds
[2024-10-13T20:08:43.003-0400] {processor.py:186} INFO - Started process (PID=27814) to work on /Users/karenwang/anaconda3/envs/airflow_sqlite_env/lib/python3.9/site-packages/airflow/example_dags/tutorial_objectstorage.py
[2024-10-13T20:08:43.005-0400] {processor.py:914} INFO - Processing file /Users/karenwang/anaconda3/envs/airflow_sqlite_env/lib/python3.9/site-packages/airflow/example_dags/tutorial_objectstorage.py for tasks to queue
[2024-10-13T20:08:43.007-0400] {logging_mixin.py:190} INFO - [2024-10-13T20:08:43.006-0400] {dagbag.py:588} INFO - Filling up the DagBag from /Users/karenwang/anaconda3/envs/airflow_sqlite_env/lib/python3.9/site-packages/airflow/example_dags/tutorial_objectstorage.py
[2024-10-13T20:08:43.115-0400] {processor.py:925} INFO - DAG(s) 'tutorial_objectstorage' retrieved from /Users/karenwang/anaconda3/envs/airflow_sqlite_env/lib/python3.9/site-packages/airflow/example_dags/tutorial_objectstorage.py
[2024-10-13T20:08:43.304-0400] {logging_mixin.py:190} INFO - [2024-10-13T20:08:43.303-0400] {dag.py:3239} INFO - Sync 1 DAGs
[2024-10-13T20:08:43.320-0400] {logging_mixin.py:190} INFO - [2024-10-13T20:08:43.320-0400] {dag.py:4180} INFO - Setting next_dagrun for tutorial_objectstorage to None, run_after=None
[2024-10-13T20:08:43.345-0400] {processor.py:208} INFO - Processing /Users/karenwang/anaconda3/envs/airflow_sqlite_env/lib/python3.9/site-packages/airflow/example_dags/tutorial_objectstorage.py took 0.348 seconds
[2024-10-13T20:12:37.673-0400] {processor.py:186} INFO - Started process (PID=29006) to work on /Users/karenwang/anaconda3/envs/airflow_sqlite_env/lib/python3.9/site-packages/airflow/example_dags/tutorial_objectstorage.py
[2024-10-13T20:12:37.675-0400] {processor.py:914} INFO - Processing file /Users/karenwang/anaconda3/envs/airflow_sqlite_env/lib/python3.9/site-packages/airflow/example_dags/tutorial_objectstorage.py for tasks to queue
[2024-10-13T20:12:37.677-0400] {logging_mixin.py:190} INFO - [2024-10-13T20:12:37.677-0400] {dagbag.py:588} INFO - Filling up the DagBag from /Users/karenwang/anaconda3/envs/airflow_sqlite_env/lib/python3.9/site-packages/airflow/example_dags/tutorial_objectstorage.py
[2024-10-13T20:12:37.795-0400] {processor.py:925} INFO - DAG(s) 'tutorial_objectstorage' retrieved from /Users/karenwang/anaconda3/envs/airflow_sqlite_env/lib/python3.9/site-packages/airflow/example_dags/tutorial_objectstorage.py
[2024-10-13T20:12:37.991-0400] {logging_mixin.py:190} INFO - [2024-10-13T20:12:37.991-0400] {dag.py:3239} INFO - Sync 1 DAGs
[2024-10-13T20:12:38.012-0400] {logging_mixin.py:190} INFO - [2024-10-13T20:12:38.012-0400] {dag.py:4180} INFO - Setting next_dagrun for tutorial_objectstorage to None, run_after=None
[2024-10-13T20:12:38.041-0400] {processor.py:208} INFO - Processing /Users/karenwang/anaconda3/envs/airflow_sqlite_env/lib/python3.9/site-packages/airflow/example_dags/tutorial_objectstorage.py took 0.375 seconds
[2024-10-13T20:16:47.342-0400] {processor.py:186} INFO - Started process (PID=30286) to work on /Users/karenwang/anaconda3/envs/airflow_sqlite_env/lib/python3.9/site-packages/airflow/example_dags/tutorial_objectstorage.py
[2024-10-13T20:16:47.343-0400] {processor.py:914} INFO - Processing file /Users/karenwang/anaconda3/envs/airflow_sqlite_env/lib/python3.9/site-packages/airflow/example_dags/tutorial_objectstorage.py for tasks to queue
[2024-10-13T20:16:47.345-0400] {logging_mixin.py:190} INFO - [2024-10-13T20:16:47.344-0400] {dagbag.py:588} INFO - Filling up the DagBag from /Users/karenwang/anaconda3/envs/airflow_sqlite_env/lib/python3.9/site-packages/airflow/example_dags/tutorial_objectstorage.py
[2024-10-13T20:16:47.450-0400] {processor.py:925} INFO - DAG(s) 'tutorial_objectstorage' retrieved from /Users/karenwang/anaconda3/envs/airflow_sqlite_env/lib/python3.9/site-packages/airflow/example_dags/tutorial_objectstorage.py
[2024-10-13T20:16:47.625-0400] {logging_mixin.py:190} INFO - [2024-10-13T20:16:47.624-0400] {dag.py:3239} INFO - Sync 1 DAGs
[2024-10-13T20:16:47.645-0400] {logging_mixin.py:190} INFO - [2024-10-13T20:16:47.644-0400] {dag.py:4180} INFO - Setting next_dagrun for tutorial_objectstorage to None, run_after=None
[2024-10-13T20:16:47.671-0400] {processor.py:208} INFO - Processing /Users/karenwang/anaconda3/envs/airflow_sqlite_env/lib/python3.9/site-packages/airflow/example_dags/tutorial_objectstorage.py took 0.335 seconds
[2024-10-13T20:21:07.295-0400] {processor.py:186} INFO - Started process (PID=31652) to work on /Users/karenwang/anaconda3/envs/airflow_sqlite_env/lib/python3.9/site-packages/airflow/example_dags/tutorial_objectstorage.py
[2024-10-13T20:21:07.296-0400] {processor.py:914} INFO - Processing file /Users/karenwang/anaconda3/envs/airflow_sqlite_env/lib/python3.9/site-packages/airflow/example_dags/tutorial_objectstorage.py for tasks to queue
[2024-10-13T20:21:07.298-0400] {logging_mixin.py:190} INFO - [2024-10-13T20:21:07.298-0400] {dagbag.py:588} INFO - Filling up the DagBag from /Users/karenwang/anaconda3/envs/airflow_sqlite_env/lib/python3.9/site-packages/airflow/example_dags/tutorial_objectstorage.py
[2024-10-13T20:21:07.424-0400] {processor.py:925} INFO - DAG(s) 'tutorial_objectstorage' retrieved from /Users/karenwang/anaconda3/envs/airflow_sqlite_env/lib/python3.9/site-packages/airflow/example_dags/tutorial_objectstorage.py
[2024-10-13T20:21:07.764-0400] {logging_mixin.py:190} INFO - [2024-10-13T20:21:07.764-0400] {dag.py:3239} INFO - Sync 1 DAGs
[2024-10-13T20:21:07.806-0400] {logging_mixin.py:190} INFO - [2024-10-13T20:21:07.805-0400] {dag.py:4180} INFO - Setting next_dagrun for tutorial_objectstorage to None, run_after=None
[2024-10-13T20:21:07.849-0400] {processor.py:208} INFO - Processing /Users/karenwang/anaconda3/envs/airflow_sqlite_env/lib/python3.9/site-packages/airflow/example_dags/tutorial_objectstorage.py took 0.561 seconds
[2024-10-13T20:26:45.844-0400] {processor.py:186} INFO - Started process (PID=33559) to work on /Users/karenwang/anaconda3/envs/airflow_sqlite_env/lib/python3.9/site-packages/airflow/example_dags/tutorial_objectstorage.py
[2024-10-13T20:26:45.846-0400] {processor.py:914} INFO - Processing file /Users/karenwang/anaconda3/envs/airflow_sqlite_env/lib/python3.9/site-packages/airflow/example_dags/tutorial_objectstorage.py for tasks to queue
[2024-10-13T20:26:45.847-0400] {logging_mixin.py:190} INFO - [2024-10-13T20:26:45.847-0400] {dagbag.py:588} INFO - Filling up the DagBag from /Users/karenwang/anaconda3/envs/airflow_sqlite_env/lib/python3.9/site-packages/airflow/example_dags/tutorial_objectstorage.py
[2024-10-13T20:26:45.986-0400] {processor.py:925} INFO - DAG(s) 'tutorial_objectstorage' retrieved from /Users/karenwang/anaconda3/envs/airflow_sqlite_env/lib/python3.9/site-packages/airflow/example_dags/tutorial_objectstorage.py
[2024-10-13T20:26:46.192-0400] {logging_mixin.py:190} INFO - [2024-10-13T20:26:46.191-0400] {dag.py:3239} INFO - Sync 1 DAGs
[2024-10-13T20:26:46.213-0400] {logging_mixin.py:190} INFO - [2024-10-13T20:26:46.213-0400] {dag.py:4180} INFO - Setting next_dagrun for tutorial_objectstorage to None, run_after=None
[2024-10-13T20:26:46.240-0400] {processor.py:208} INFO - Processing /Users/karenwang/anaconda3/envs/airflow_sqlite_env/lib/python3.9/site-packages/airflow/example_dags/tutorial_objectstorage.py took 0.402 seconds
[2024-10-13T20:31:29.987-0400] {processor.py:186} INFO - Started process (PID=35172) to work on /Users/karenwang/anaconda3/envs/airflow_sqlite_env/lib/python3.9/site-packages/airflow/example_dags/tutorial_objectstorage.py
[2024-10-13T20:31:29.989-0400] {processor.py:914} INFO - Processing file /Users/karenwang/anaconda3/envs/airflow_sqlite_env/lib/python3.9/site-packages/airflow/example_dags/tutorial_objectstorage.py for tasks to queue
[2024-10-13T20:31:29.990-0400] {logging_mixin.py:190} INFO - [2024-10-13T20:31:29.990-0400] {dagbag.py:588} INFO - Filling up the DagBag from /Users/karenwang/anaconda3/envs/airflow_sqlite_env/lib/python3.9/site-packages/airflow/example_dags/tutorial_objectstorage.py
[2024-10-13T20:31:30.080-0400] {processor.py:925} INFO - DAG(s) 'tutorial_objectstorage' retrieved from /Users/karenwang/anaconda3/envs/airflow_sqlite_env/lib/python3.9/site-packages/airflow/example_dags/tutorial_objectstorage.py
[2024-10-13T20:31:30.226-0400] {logging_mixin.py:190} INFO - [2024-10-13T20:31:30.226-0400] {dag.py:3239} INFO - Sync 1 DAGs
[2024-10-13T20:31:30.241-0400] {logging_mixin.py:190} INFO - [2024-10-13T20:31:30.241-0400] {dag.py:4180} INFO - Setting next_dagrun for tutorial_objectstorage to None, run_after=None
[2024-10-13T20:31:30.262-0400] {processor.py:208} INFO - Processing /Users/karenwang/anaconda3/envs/airflow_sqlite_env/lib/python3.9/site-packages/airflow/example_dags/tutorial_objectstorage.py took 0.282 seconds
[2024-10-13T20:35:09.352-0400] {processor.py:186} INFO - Started process (PID=36303) to work on /Users/karenwang/anaconda3/envs/airflow_sqlite_env/lib/python3.9/site-packages/airflow/example_dags/tutorial_objectstorage.py
[2024-10-13T20:35:09.353-0400] {processor.py:914} INFO - Processing file /Users/karenwang/anaconda3/envs/airflow_sqlite_env/lib/python3.9/site-packages/airflow/example_dags/tutorial_objectstorage.py for tasks to queue
[2024-10-13T20:35:09.355-0400] {logging_mixin.py:190} INFO - [2024-10-13T20:35:09.354-0400] {dagbag.py:588} INFO - Filling up the DagBag from /Users/karenwang/anaconda3/envs/airflow_sqlite_env/lib/python3.9/site-packages/airflow/example_dags/tutorial_objectstorage.py
[2024-10-13T20:35:09.435-0400] {processor.py:925} INFO - DAG(s) 'tutorial_objectstorage' retrieved from /Users/karenwang/anaconda3/envs/airflow_sqlite_env/lib/python3.9/site-packages/airflow/example_dags/tutorial_objectstorage.py
[2024-10-13T20:35:09.570-0400] {logging_mixin.py:190} INFO - [2024-10-13T20:35:09.570-0400] {dag.py:3239} INFO - Sync 1 DAGs
[2024-10-13T20:35:09.584-0400] {logging_mixin.py:190} INFO - [2024-10-13T20:35:09.584-0400] {dag.py:4180} INFO - Setting next_dagrun for tutorial_objectstorage to None, run_after=None
[2024-10-13T20:35:09.605-0400] {processor.py:208} INFO - Processing /Users/karenwang/anaconda3/envs/airflow_sqlite_env/lib/python3.9/site-packages/airflow/example_dags/tutorial_objectstorage.py took 0.260 seconds
[2024-10-13T20:38:49.273-0400] {processor.py:186} INFO - Started process (PID=37464) to work on /Users/karenwang/anaconda3/envs/airflow_sqlite_env/lib/python3.9/site-packages/airflow/example_dags/tutorial_objectstorage.py
[2024-10-13T20:38:49.274-0400] {processor.py:914} INFO - Processing file /Users/karenwang/anaconda3/envs/airflow_sqlite_env/lib/python3.9/site-packages/airflow/example_dags/tutorial_objectstorage.py for tasks to queue
[2024-10-13T20:38:49.276-0400] {logging_mixin.py:190} INFO - [2024-10-13T20:38:49.275-0400] {dagbag.py:588} INFO - Filling up the DagBag from /Users/karenwang/anaconda3/envs/airflow_sqlite_env/lib/python3.9/site-packages/airflow/example_dags/tutorial_objectstorage.py
[2024-10-13T20:38:49.373-0400] {processor.py:925} INFO - DAG(s) 'tutorial_objectstorage' retrieved from /Users/karenwang/anaconda3/envs/airflow_sqlite_env/lib/python3.9/site-packages/airflow/example_dags/tutorial_objectstorage.py
[2024-10-13T20:38:49.521-0400] {logging_mixin.py:190} INFO - [2024-10-13T20:38:49.521-0400] {dag.py:3239} INFO - Sync 1 DAGs
[2024-10-13T20:38:49.538-0400] {logging_mixin.py:190} INFO - [2024-10-13T20:38:49.537-0400] {dag.py:4180} INFO - Setting next_dagrun for tutorial_objectstorage to None, run_after=None
[2024-10-13T20:38:49.561-0400] {processor.py:208} INFO - Processing /Users/karenwang/anaconda3/envs/airflow_sqlite_env/lib/python3.9/site-packages/airflow/example_dags/tutorial_objectstorage.py took 0.295 seconds
[2024-10-13T20:42:28.794-0400] {processor.py:186} INFO - Started process (PID=38591) to work on /Users/karenwang/anaconda3/envs/airflow_sqlite_env/lib/python3.9/site-packages/airflow/example_dags/tutorial_objectstorage.py
[2024-10-13T20:42:28.796-0400] {processor.py:914} INFO - Processing file /Users/karenwang/anaconda3/envs/airflow_sqlite_env/lib/python3.9/site-packages/airflow/example_dags/tutorial_objectstorage.py for tasks to queue
[2024-10-13T20:42:28.797-0400] {logging_mixin.py:190} INFO - [2024-10-13T20:42:28.797-0400] {dagbag.py:588} INFO - Filling up the DagBag from /Users/karenwang/anaconda3/envs/airflow_sqlite_env/lib/python3.9/site-packages/airflow/example_dags/tutorial_objectstorage.py
[2024-10-13T20:42:28.883-0400] {processor.py:925} INFO - DAG(s) 'tutorial_objectstorage' retrieved from /Users/karenwang/anaconda3/envs/airflow_sqlite_env/lib/python3.9/site-packages/airflow/example_dags/tutorial_objectstorage.py
[2024-10-13T20:42:29.039-0400] {logging_mixin.py:190} INFO - [2024-10-13T20:42:29.039-0400] {dag.py:3239} INFO - Sync 1 DAGs
[2024-10-13T20:42:29.056-0400] {logging_mixin.py:190} INFO - [2024-10-13T20:42:29.056-0400] {dag.py:4180} INFO - Setting next_dagrun for tutorial_objectstorage to None, run_after=None
[2024-10-13T20:42:29.079-0400] {processor.py:208} INFO - Processing /Users/karenwang/anaconda3/envs/airflow_sqlite_env/lib/python3.9/site-packages/airflow/example_dags/tutorial_objectstorage.py took 0.291 seconds
[2024-10-13T20:46:07.924-0400] {processor.py:186} INFO - Started process (PID=39722) to work on /Users/karenwang/anaconda3/envs/airflow_sqlite_env/lib/python3.9/site-packages/airflow/example_dags/tutorial_objectstorage.py
[2024-10-13T20:46:07.925-0400] {processor.py:914} INFO - Processing file /Users/karenwang/anaconda3/envs/airflow_sqlite_env/lib/python3.9/site-packages/airflow/example_dags/tutorial_objectstorage.py for tasks to queue
[2024-10-13T20:46:07.927-0400] {logging_mixin.py:190} INFO - [2024-10-13T20:46:07.927-0400] {dagbag.py:588} INFO - Filling up the DagBag from /Users/karenwang/anaconda3/envs/airflow_sqlite_env/lib/python3.9/site-packages/airflow/example_dags/tutorial_objectstorage.py
[2024-10-13T20:46:08.010-0400] {processor.py:925} INFO - DAG(s) 'tutorial_objectstorage' retrieved from /Users/karenwang/anaconda3/envs/airflow_sqlite_env/lib/python3.9/site-packages/airflow/example_dags/tutorial_objectstorage.py
[2024-10-13T20:46:08.154-0400] {logging_mixin.py:190} INFO - [2024-10-13T20:46:08.154-0400] {dag.py:3239} INFO - Sync 1 DAGs
[2024-10-13T20:46:08.167-0400] {logging_mixin.py:190} INFO - [2024-10-13T20:46:08.167-0400] {dag.py:4180} INFO - Setting next_dagrun for tutorial_objectstorage to None, run_after=None
[2024-10-13T20:46:08.193-0400] {processor.py:208} INFO - Processing /Users/karenwang/anaconda3/envs/airflow_sqlite_env/lib/python3.9/site-packages/airflow/example_dags/tutorial_objectstorage.py took 0.275 seconds
[2024-10-13T20:49:47.708-0400] {processor.py:186} INFO - Started process (PID=40866) to work on /Users/karenwang/anaconda3/envs/airflow_sqlite_env/lib/python3.9/site-packages/airflow/example_dags/tutorial_objectstorage.py
[2024-10-13T20:49:47.709-0400] {processor.py:914} INFO - Processing file /Users/karenwang/anaconda3/envs/airflow_sqlite_env/lib/python3.9/site-packages/airflow/example_dags/tutorial_objectstorage.py for tasks to queue
[2024-10-13T20:49:47.710-0400] {logging_mixin.py:190} INFO - [2024-10-13T20:49:47.710-0400] {dagbag.py:588} INFO - Filling up the DagBag from /Users/karenwang/anaconda3/envs/airflow_sqlite_env/lib/python3.9/site-packages/airflow/example_dags/tutorial_objectstorage.py
[2024-10-13T20:49:47.800-0400] {processor.py:925} INFO - DAG(s) 'tutorial_objectstorage' retrieved from /Users/karenwang/anaconda3/envs/airflow_sqlite_env/lib/python3.9/site-packages/airflow/example_dags/tutorial_objectstorage.py
[2024-10-13T20:49:47.933-0400] {logging_mixin.py:190} INFO - [2024-10-13T20:49:47.932-0400] {dag.py:3239} INFO - Sync 1 DAGs
[2024-10-13T20:49:47.948-0400] {logging_mixin.py:190} INFO - [2024-10-13T20:49:47.948-0400] {dag.py:4180} INFO - Setting next_dagrun for tutorial_objectstorage to None, run_after=None
[2024-10-13T20:49:47.966-0400] {processor.py:208} INFO - Processing /Users/karenwang/anaconda3/envs/airflow_sqlite_env/lib/python3.9/site-packages/airflow/example_dags/tutorial_objectstorage.py took 0.266 seconds
[2024-10-13T20:53:25.609-0400] {processor.py:186} INFO - Started process (PID=42000) to work on /Users/karenwang/anaconda3/envs/airflow_sqlite_env/lib/python3.9/site-packages/airflow/example_dags/tutorial_objectstorage.py
[2024-10-13T20:53:25.610-0400] {processor.py:914} INFO - Processing file /Users/karenwang/anaconda3/envs/airflow_sqlite_env/lib/python3.9/site-packages/airflow/example_dags/tutorial_objectstorage.py for tasks to queue
[2024-10-13T20:53:25.612-0400] {logging_mixin.py:190} INFO - [2024-10-13T20:53:25.612-0400] {dagbag.py:588} INFO - Filling up the DagBag from /Users/karenwang/anaconda3/envs/airflow_sqlite_env/lib/python3.9/site-packages/airflow/example_dags/tutorial_objectstorage.py
[2024-10-13T20:53:25.699-0400] {processor.py:925} INFO - DAG(s) 'tutorial_objectstorage' retrieved from /Users/karenwang/anaconda3/envs/airflow_sqlite_env/lib/python3.9/site-packages/airflow/example_dags/tutorial_objectstorage.py
[2024-10-13T20:53:25.858-0400] {logging_mixin.py:190} INFO - [2024-10-13T20:53:25.857-0400] {dag.py:3239} INFO - Sync 1 DAGs
[2024-10-13T20:53:25.874-0400] {logging_mixin.py:190} INFO - [2024-10-13T20:53:25.874-0400] {dag.py:4180} INFO - Setting next_dagrun for tutorial_objectstorage to None, run_after=None
[2024-10-13T20:53:25.898-0400] {processor.py:208} INFO - Processing /Users/karenwang/anaconda3/envs/airflow_sqlite_env/lib/python3.9/site-packages/airflow/example_dags/tutorial_objectstorage.py took 0.294 seconds
[2024-10-13T20:57:07.477-0400] {processor.py:186} INFO - Started process (PID=43153) to work on /Users/karenwang/anaconda3/envs/airflow_sqlite_env/lib/python3.9/site-packages/airflow/example_dags/tutorial_objectstorage.py
[2024-10-13T20:57:07.478-0400] {processor.py:914} INFO - Processing file /Users/karenwang/anaconda3/envs/airflow_sqlite_env/lib/python3.9/site-packages/airflow/example_dags/tutorial_objectstorage.py for tasks to queue
[2024-10-13T20:57:07.480-0400] {logging_mixin.py:190} INFO - [2024-10-13T20:57:07.479-0400] {dagbag.py:588} INFO - Filling up the DagBag from /Users/karenwang/anaconda3/envs/airflow_sqlite_env/lib/python3.9/site-packages/airflow/example_dags/tutorial_objectstorage.py
[2024-10-13T20:57:07.562-0400] {processor.py:925} INFO - DAG(s) 'tutorial_objectstorage' retrieved from /Users/karenwang/anaconda3/envs/airflow_sqlite_env/lib/python3.9/site-packages/airflow/example_dags/tutorial_objectstorage.py
[2024-10-13T20:57:07.739-0400] {logging_mixin.py:190} INFO - [2024-10-13T20:57:07.738-0400] {dag.py:3239} INFO - Sync 1 DAGs
[2024-10-13T20:57:07.756-0400] {logging_mixin.py:190} INFO - [2024-10-13T20:57:07.756-0400] {dag.py:4180} INFO - Setting next_dagrun for tutorial_objectstorage to None, run_after=None
[2024-10-13T20:57:07.776-0400] {processor.py:208} INFO - Processing /Users/karenwang/anaconda3/envs/airflow_sqlite_env/lib/python3.9/site-packages/airflow/example_dags/tutorial_objectstorage.py took 0.306 seconds
[2024-10-13T21:00:48.236-0400] {processor.py:186} INFO - Started process (PID=44293) to work on /Users/karenwang/anaconda3/envs/airflow_sqlite_env/lib/python3.9/site-packages/airflow/example_dags/tutorial_objectstorage.py
[2024-10-13T21:00:48.238-0400] {processor.py:914} INFO - Processing file /Users/karenwang/anaconda3/envs/airflow_sqlite_env/lib/python3.9/site-packages/airflow/example_dags/tutorial_objectstorage.py for tasks to queue
[2024-10-13T21:00:48.239-0400] {logging_mixin.py:190} INFO - [2024-10-13T21:00:48.238-0400] {dagbag.py:588} INFO - Filling up the DagBag from /Users/karenwang/anaconda3/envs/airflow_sqlite_env/lib/python3.9/site-packages/airflow/example_dags/tutorial_objectstorage.py
[2024-10-13T21:00:48.328-0400] {processor.py:925} INFO - DAG(s) 'tutorial_objectstorage' retrieved from /Users/karenwang/anaconda3/envs/airflow_sqlite_env/lib/python3.9/site-packages/airflow/example_dags/tutorial_objectstorage.py
[2024-10-13T21:00:48.470-0400] {logging_mixin.py:190} INFO - [2024-10-13T21:00:48.470-0400] {dag.py:3239} INFO - Sync 1 DAGs
[2024-10-13T21:00:48.483-0400] {logging_mixin.py:190} INFO - [2024-10-13T21:00:48.483-0400] {dag.py:4180} INFO - Setting next_dagrun for tutorial_objectstorage to None, run_after=None
[2024-10-13T21:00:48.508-0400] {processor.py:208} INFO - Processing /Users/karenwang/anaconda3/envs/airflow_sqlite_env/lib/python3.9/site-packages/airflow/example_dags/tutorial_objectstorage.py took 0.277 seconds
[2024-10-13T21:04:26.668-0400] {processor.py:186} INFO - Started process (PID=45426) to work on /Users/karenwang/anaconda3/envs/airflow_sqlite_env/lib/python3.9/site-packages/airflow/example_dags/tutorial_objectstorage.py
[2024-10-13T21:04:26.670-0400] {processor.py:914} INFO - Processing file /Users/karenwang/anaconda3/envs/airflow_sqlite_env/lib/python3.9/site-packages/airflow/example_dags/tutorial_objectstorage.py for tasks to queue
[2024-10-13T21:04:26.671-0400] {logging_mixin.py:190} INFO - [2024-10-13T21:04:26.671-0400] {dagbag.py:588} INFO - Filling up the DagBag from /Users/karenwang/anaconda3/envs/airflow_sqlite_env/lib/python3.9/site-packages/airflow/example_dags/tutorial_objectstorage.py
[2024-10-13T21:04:26.764-0400] {processor.py:925} INFO - DAG(s) 'tutorial_objectstorage' retrieved from /Users/karenwang/anaconda3/envs/airflow_sqlite_env/lib/python3.9/site-packages/airflow/example_dags/tutorial_objectstorage.py
[2024-10-13T21:04:26.905-0400] {logging_mixin.py:190} INFO - [2024-10-13T21:04:26.905-0400] {dag.py:3239} INFO - Sync 1 DAGs
[2024-10-13T21:04:26.918-0400] {logging_mixin.py:190} INFO - [2024-10-13T21:04:26.917-0400] {dag.py:4180} INFO - Setting next_dagrun for tutorial_objectstorage to None, run_after=None
[2024-10-13T21:04:26.939-0400] {processor.py:208} INFO - Processing /Users/karenwang/anaconda3/envs/airflow_sqlite_env/lib/python3.9/site-packages/airflow/example_dags/tutorial_objectstorage.py took 0.277 seconds
[2024-10-13T21:09:43.968-0400] {processor.py:186} INFO - Started process (PID=47151) to work on /Users/karenwang/anaconda3/envs/airflow_sqlite_env/lib/python3.9/site-packages/airflow/example_dags/tutorial_objectstorage.py
[2024-10-13T21:09:43.970-0400] {processor.py:914} INFO - Processing file /Users/karenwang/anaconda3/envs/airflow_sqlite_env/lib/python3.9/site-packages/airflow/example_dags/tutorial_objectstorage.py for tasks to queue
[2024-10-13T21:09:43.971-0400] {logging_mixin.py:190} INFO - [2024-10-13T21:09:43.971-0400] {dagbag.py:588} INFO - Filling up the DagBag from /Users/karenwang/anaconda3/envs/airflow_sqlite_env/lib/python3.9/site-packages/airflow/example_dags/tutorial_objectstorage.py
[2024-10-13T21:09:44.060-0400] {processor.py:925} INFO - DAG(s) 'tutorial_objectstorage' retrieved from /Users/karenwang/anaconda3/envs/airflow_sqlite_env/lib/python3.9/site-packages/airflow/example_dags/tutorial_objectstorage.py
[2024-10-13T21:09:44.223-0400] {logging_mixin.py:190} INFO - [2024-10-13T21:09:44.222-0400] {dag.py:3239} INFO - Sync 1 DAGs
[2024-10-13T21:09:44.236-0400] {logging_mixin.py:190} INFO - [2024-10-13T21:09:44.236-0400] {dag.py:4180} INFO - Setting next_dagrun for tutorial_objectstorage to None, run_after=None
[2024-10-13T21:09:44.258-0400] {processor.py:208} INFO - Processing /Users/karenwang/anaconda3/envs/airflow_sqlite_env/lib/python3.9/site-packages/airflow/example_dags/tutorial_objectstorage.py took 0.296 seconds
[2024-10-13T21:14:20.267-0400] {processor.py:186} INFO - Started process (PID=48586) to work on /Users/karenwang/anaconda3/envs/airflow_sqlite_env/lib/python3.9/site-packages/airflow/example_dags/tutorial_objectstorage.py
[2024-10-13T21:14:20.269-0400] {processor.py:914} INFO - Processing file /Users/karenwang/anaconda3/envs/airflow_sqlite_env/lib/python3.9/site-packages/airflow/example_dags/tutorial_objectstorage.py for tasks to queue
[2024-10-13T21:14:20.270-0400] {logging_mixin.py:190} INFO - [2024-10-13T21:14:20.270-0400] {dagbag.py:588} INFO - Filling up the DagBag from /Users/karenwang/anaconda3/envs/airflow_sqlite_env/lib/python3.9/site-packages/airflow/example_dags/tutorial_objectstorage.py
[2024-10-13T21:14:20.363-0400] {processor.py:925} INFO - DAG(s) 'tutorial_objectstorage' retrieved from /Users/karenwang/anaconda3/envs/airflow_sqlite_env/lib/python3.9/site-packages/airflow/example_dags/tutorial_objectstorage.py
[2024-10-13T21:14:20.525-0400] {logging_mixin.py:190} INFO - [2024-10-13T21:14:20.525-0400] {dag.py:3239} INFO - Sync 1 DAGs
[2024-10-13T21:14:20.542-0400] {logging_mixin.py:190} INFO - [2024-10-13T21:14:20.542-0400] {dag.py:4180} INFO - Setting next_dagrun for tutorial_objectstorage to None, run_after=None
[2024-10-13T21:14:20.564-0400] {processor.py:208} INFO - Processing /Users/karenwang/anaconda3/envs/airflow_sqlite_env/lib/python3.9/site-packages/airflow/example_dags/tutorial_objectstorage.py took 0.303 seconds
[2024-10-13T21:18:17.713-0400] {processor.py:186} INFO - Started process (PID=50031) to work on /Users/karenwang/anaconda3/envs/airflow_sqlite_env/lib/python3.9/site-packages/airflow/example_dags/tutorial_objectstorage.py
[2024-10-13T21:18:17.714-0400] {processor.py:914} INFO - Processing file /Users/karenwang/anaconda3/envs/airflow_sqlite_env/lib/python3.9/site-packages/airflow/example_dags/tutorial_objectstorage.py for tasks to queue
[2024-10-13T21:18:17.715-0400] {logging_mixin.py:190} INFO - [2024-10-13T21:18:17.715-0400] {dagbag.py:588} INFO - Filling up the DagBag from /Users/karenwang/anaconda3/envs/airflow_sqlite_env/lib/python3.9/site-packages/airflow/example_dags/tutorial_objectstorage.py
[2024-10-13T21:18:17.802-0400] {processor.py:925} INFO - DAG(s) 'tutorial_objectstorage' retrieved from /Users/karenwang/anaconda3/envs/airflow_sqlite_env/lib/python3.9/site-packages/airflow/example_dags/tutorial_objectstorage.py
[2024-10-13T21:18:17.950-0400] {logging_mixin.py:190} INFO - [2024-10-13T21:18:17.949-0400] {dag.py:3239} INFO - Sync 1 DAGs
[2024-10-13T21:18:17.963-0400] {logging_mixin.py:190} INFO - [2024-10-13T21:18:17.962-0400] {dag.py:4180} INFO - Setting next_dagrun for tutorial_objectstorage to None, run_after=None
[2024-10-13T21:18:17.984-0400] {processor.py:208} INFO - Processing /Users/karenwang/anaconda3/envs/airflow_sqlite_env/lib/python3.9/site-packages/airflow/example_dags/tutorial_objectstorage.py took 0.277 seconds
[2024-10-13T21:21:57.525-0400] {processor.py:186} INFO - Started process (PID=51173) to work on /Users/karenwang/anaconda3/envs/airflow_sqlite_env/lib/python3.9/site-packages/airflow/example_dags/tutorial_objectstorage.py
[2024-10-13T21:21:57.526-0400] {processor.py:914} INFO - Processing file /Users/karenwang/anaconda3/envs/airflow_sqlite_env/lib/python3.9/site-packages/airflow/example_dags/tutorial_objectstorage.py for tasks to queue
[2024-10-13T21:21:57.528-0400] {logging_mixin.py:190} INFO - [2024-10-13T21:21:57.527-0400] {dagbag.py:588} INFO - Filling up the DagBag from /Users/karenwang/anaconda3/envs/airflow_sqlite_env/lib/python3.9/site-packages/airflow/example_dags/tutorial_objectstorage.py
[2024-10-13T21:21:57.618-0400] {processor.py:925} INFO - DAG(s) 'tutorial_objectstorage' retrieved from /Users/karenwang/anaconda3/envs/airflow_sqlite_env/lib/python3.9/site-packages/airflow/example_dags/tutorial_objectstorage.py
[2024-10-13T21:21:57.752-0400] {logging_mixin.py:190} INFO - [2024-10-13T21:21:57.751-0400] {dag.py:3239} INFO - Sync 1 DAGs
[2024-10-13T21:21:57.764-0400] {logging_mixin.py:190} INFO - [2024-10-13T21:21:57.764-0400] {dag.py:4180} INFO - Setting next_dagrun for tutorial_objectstorage to None, run_after=None
[2024-10-13T21:21:57.786-0400] {processor.py:208} INFO - Processing /Users/karenwang/anaconda3/envs/airflow_sqlite_env/lib/python3.9/site-packages/airflow/example_dags/tutorial_objectstorage.py took 0.266 seconds
[2024-10-13T21:25:39.784-0400] {processor.py:186} INFO - Started process (PID=52320) to work on /Users/karenwang/anaconda3/envs/airflow_sqlite_env/lib/python3.9/site-packages/airflow/example_dags/tutorial_objectstorage.py
[2024-10-13T21:25:39.786-0400] {processor.py:914} INFO - Processing file /Users/karenwang/anaconda3/envs/airflow_sqlite_env/lib/python3.9/site-packages/airflow/example_dags/tutorial_objectstorage.py for tasks to queue
[2024-10-13T21:25:39.787-0400] {logging_mixin.py:190} INFO - [2024-10-13T21:25:39.787-0400] {dagbag.py:588} INFO - Filling up the DagBag from /Users/karenwang/anaconda3/envs/airflow_sqlite_env/lib/python3.9/site-packages/airflow/example_dags/tutorial_objectstorage.py
[2024-10-13T21:25:39.874-0400] {processor.py:925} INFO - DAG(s) 'tutorial_objectstorage' retrieved from /Users/karenwang/anaconda3/envs/airflow_sqlite_env/lib/python3.9/site-packages/airflow/example_dags/tutorial_objectstorage.py
[2024-10-13T21:25:40.018-0400] {logging_mixin.py:190} INFO - [2024-10-13T21:25:40.018-0400] {dag.py:3239} INFO - Sync 1 DAGs
[2024-10-13T21:25:40.031-0400] {logging_mixin.py:190} INFO - [2024-10-13T21:25:40.031-0400] {dag.py:4180} INFO - Setting next_dagrun for tutorial_objectstorage to None, run_after=None
[2024-10-13T21:25:40.052-0400] {processor.py:208} INFO - Processing /Users/karenwang/anaconda3/envs/airflow_sqlite_env/lib/python3.9/site-packages/airflow/example_dags/tutorial_objectstorage.py took 0.273 seconds
[2024-10-13T21:29:25.655-0400] {processor.py:186} INFO - Started process (PID=53507) to work on /Users/karenwang/anaconda3/envs/airflow_sqlite_env/lib/python3.9/site-packages/airflow/example_dags/tutorial_objectstorage.py
[2024-10-13T21:29:25.658-0400] {processor.py:914} INFO - Processing file /Users/karenwang/anaconda3/envs/airflow_sqlite_env/lib/python3.9/site-packages/airflow/example_dags/tutorial_objectstorage.py for tasks to queue
[2024-10-13T21:29:25.663-0400] {logging_mixin.py:190} INFO - [2024-10-13T21:29:25.662-0400] {dagbag.py:588} INFO - Filling up the DagBag from /Users/karenwang/anaconda3/envs/airflow_sqlite_env/lib/python3.9/site-packages/airflow/example_dags/tutorial_objectstorage.py
[2024-10-13T21:29:25.795-0400] {processor.py:925} INFO - DAG(s) 'tutorial_objectstorage' retrieved from /Users/karenwang/anaconda3/envs/airflow_sqlite_env/lib/python3.9/site-packages/airflow/example_dags/tutorial_objectstorage.py
[2024-10-13T21:29:26.058-0400] {logging_mixin.py:190} INFO - [2024-10-13T21:29:26.058-0400] {dag.py:3239} INFO - Sync 1 DAGs
[2024-10-13T21:29:26.077-0400] {logging_mixin.py:190} INFO - [2024-10-13T21:29:26.076-0400] {dag.py:4180} INFO - Setting next_dagrun for tutorial_objectstorage to None, run_after=None
[2024-10-13T21:29:26.106-0400] {processor.py:208} INFO - Processing /Users/karenwang/anaconda3/envs/airflow_sqlite_env/lib/python3.9/site-packages/airflow/example_dags/tutorial_objectstorage.py took 0.458 seconds
[2024-10-13T21:33:26.761-0400] {processor.py:186} INFO - Started process (PID=54741) to work on /Users/karenwang/anaconda3/envs/airflow_sqlite_env/lib/python3.9/site-packages/airflow/example_dags/tutorial_objectstorage.py
[2024-10-13T21:33:26.763-0400] {processor.py:914} INFO - Processing file /Users/karenwang/anaconda3/envs/airflow_sqlite_env/lib/python3.9/site-packages/airflow/example_dags/tutorial_objectstorage.py for tasks to queue
[2024-10-13T21:33:26.764-0400] {logging_mixin.py:190} INFO - [2024-10-13T21:33:26.764-0400] {dagbag.py:588} INFO - Filling up the DagBag from /Users/karenwang/anaconda3/envs/airflow_sqlite_env/lib/python3.9/site-packages/airflow/example_dags/tutorial_objectstorage.py
[2024-10-13T21:33:26.863-0400] {processor.py:925} INFO - DAG(s) 'tutorial_objectstorage' retrieved from /Users/karenwang/anaconda3/envs/airflow_sqlite_env/lib/python3.9/site-packages/airflow/example_dags/tutorial_objectstorage.py
[2024-10-13T21:33:27.036-0400] {logging_mixin.py:190} INFO - [2024-10-13T21:33:27.035-0400] {dag.py:3239} INFO - Sync 1 DAGs
[2024-10-13T21:33:27.051-0400] {logging_mixin.py:190} INFO - [2024-10-13T21:33:27.050-0400] {dag.py:4180} INFO - Setting next_dagrun for tutorial_objectstorage to None, run_after=None
[2024-10-13T21:33:27.071-0400] {processor.py:208} INFO - Processing /Users/karenwang/anaconda3/envs/airflow_sqlite_env/lib/python3.9/site-packages/airflow/example_dags/tutorial_objectstorage.py took 0.315 seconds
[2024-10-13T21:37:20.170-0400] {processor.py:186} INFO - Started process (PID=55988) to work on /Users/karenwang/anaconda3/envs/airflow_sqlite_env/lib/python3.9/site-packages/airflow/example_dags/tutorial_objectstorage.py
[2024-10-13T21:37:20.172-0400] {processor.py:914} INFO - Processing file /Users/karenwang/anaconda3/envs/airflow_sqlite_env/lib/python3.9/site-packages/airflow/example_dags/tutorial_objectstorage.py for tasks to queue
[2024-10-13T21:37:20.173-0400] {logging_mixin.py:190} INFO - [2024-10-13T21:37:20.173-0400] {dagbag.py:588} INFO - Filling up the DagBag from /Users/karenwang/anaconda3/envs/airflow_sqlite_env/lib/python3.9/site-packages/airflow/example_dags/tutorial_objectstorage.py
[2024-10-13T21:37:20.271-0400] {processor.py:925} INFO - DAG(s) 'tutorial_objectstorage' retrieved from /Users/karenwang/anaconda3/envs/airflow_sqlite_env/lib/python3.9/site-packages/airflow/example_dags/tutorial_objectstorage.py
[2024-10-13T21:37:20.441-0400] {logging_mixin.py:190} INFO - [2024-10-13T21:37:20.441-0400] {dag.py:3239} INFO - Sync 1 DAGs
[2024-10-13T21:37:20.457-0400] {logging_mixin.py:190} INFO - [2024-10-13T21:37:20.457-0400] {dag.py:4180} INFO - Setting next_dagrun for tutorial_objectstorage to None, run_after=None
[2024-10-13T21:37:20.479-0400] {processor.py:208} INFO - Processing /Users/karenwang/anaconda3/envs/airflow_sqlite_env/lib/python3.9/site-packages/airflow/example_dags/tutorial_objectstorage.py took 0.315 seconds
[2024-10-13T21:41:14.668-0400] {processor.py:186} INFO - Started process (PID=57203) to work on /Users/karenwang/anaconda3/envs/airflow_sqlite_env/lib/python3.9/site-packages/airflow/example_dags/tutorial_objectstorage.py
[2024-10-13T21:41:14.669-0400] {processor.py:914} INFO - Processing file /Users/karenwang/anaconda3/envs/airflow_sqlite_env/lib/python3.9/site-packages/airflow/example_dags/tutorial_objectstorage.py for tasks to queue
[2024-10-13T21:41:14.671-0400] {logging_mixin.py:190} INFO - [2024-10-13T21:41:14.670-0400] {dagbag.py:588} INFO - Filling up the DagBag from /Users/karenwang/anaconda3/envs/airflow_sqlite_env/lib/python3.9/site-packages/airflow/example_dags/tutorial_objectstorage.py
[2024-10-13T21:41:14.773-0400] {processor.py:925} INFO - DAG(s) 'tutorial_objectstorage' retrieved from /Users/karenwang/anaconda3/envs/airflow_sqlite_env/lib/python3.9/site-packages/airflow/example_dags/tutorial_objectstorage.py
[2024-10-13T21:41:14.922-0400] {logging_mixin.py:190} INFO - [2024-10-13T21:41:14.922-0400] {dag.py:3239} INFO - Sync 1 DAGs
[2024-10-13T21:41:14.940-0400] {logging_mixin.py:190} INFO - [2024-10-13T21:41:14.939-0400] {dag.py:4180} INFO - Setting next_dagrun for tutorial_objectstorage to None, run_after=None
[2024-10-13T21:41:14.963-0400] {processor.py:208} INFO - Processing /Users/karenwang/anaconda3/envs/airflow_sqlite_env/lib/python3.9/site-packages/airflow/example_dags/tutorial_objectstorage.py took 0.301 seconds
[2024-10-13T21:45:05.868-0400] {processor.py:186} INFO - Started process (PID=58381) to work on /Users/karenwang/anaconda3/envs/airflow_sqlite_env/lib/python3.9/site-packages/airflow/example_dags/tutorial_objectstorage.py
[2024-10-13T21:45:05.870-0400] {processor.py:914} INFO - Processing file /Users/karenwang/anaconda3/envs/airflow_sqlite_env/lib/python3.9/site-packages/airflow/example_dags/tutorial_objectstorage.py for tasks to queue
[2024-10-13T21:45:05.871-0400] {logging_mixin.py:190} INFO - [2024-10-13T21:45:05.871-0400] {dagbag.py:588} INFO - Filling up the DagBag from /Users/karenwang/anaconda3/envs/airflow_sqlite_env/lib/python3.9/site-packages/airflow/example_dags/tutorial_objectstorage.py
[2024-10-13T21:45:05.987-0400] {processor.py:925} INFO - DAG(s) 'tutorial_objectstorage' retrieved from /Users/karenwang/anaconda3/envs/airflow_sqlite_env/lib/python3.9/site-packages/airflow/example_dags/tutorial_objectstorage.py
[2024-10-13T21:45:06.162-0400] {logging_mixin.py:190} INFO - [2024-10-13T21:45:06.161-0400] {dag.py:3239} INFO - Sync 1 DAGs
[2024-10-13T21:45:06.178-0400] {logging_mixin.py:190} INFO - [2024-10-13T21:45:06.178-0400] {dag.py:4180} INFO - Setting next_dagrun for tutorial_objectstorage to None, run_after=None
[2024-10-13T21:45:06.202-0400] {processor.py:208} INFO - Processing /Users/karenwang/anaconda3/envs/airflow_sqlite_env/lib/python3.9/site-packages/airflow/example_dags/tutorial_objectstorage.py took 0.339 seconds
[2024-10-13T21:49:07.524-0400] {processor.py:186} INFO - Started process (PID=59651) to work on /Users/karenwang/anaconda3/envs/airflow_sqlite_env/lib/python3.9/site-packages/airflow/example_dags/tutorial_objectstorage.py
[2024-10-13T21:49:07.525-0400] {processor.py:914} INFO - Processing file /Users/karenwang/anaconda3/envs/airflow_sqlite_env/lib/python3.9/site-packages/airflow/example_dags/tutorial_objectstorage.py for tasks to queue
[2024-10-13T21:49:07.527-0400] {logging_mixin.py:190} INFO - [2024-10-13T21:49:07.526-0400] {dagbag.py:588} INFO - Filling up the DagBag from /Users/karenwang/anaconda3/envs/airflow_sqlite_env/lib/python3.9/site-packages/airflow/example_dags/tutorial_objectstorage.py
[2024-10-13T21:49:07.621-0400] {processor.py:925} INFO - DAG(s) 'tutorial_objectstorage' retrieved from /Users/karenwang/anaconda3/envs/airflow_sqlite_env/lib/python3.9/site-packages/airflow/example_dags/tutorial_objectstorage.py
[2024-10-13T21:49:07.762-0400] {logging_mixin.py:190} INFO - [2024-10-13T21:49:07.761-0400] {dag.py:3239} INFO - Sync 1 DAGs
[2024-10-13T21:49:07.776-0400] {logging_mixin.py:190} INFO - [2024-10-13T21:49:07.776-0400] {dag.py:4180} INFO - Setting next_dagrun for tutorial_objectstorage to None, run_after=None
[2024-10-13T21:49:07.825-0400] {processor.py:208} INFO - Processing /Users/karenwang/anaconda3/envs/airflow_sqlite_env/lib/python3.9/site-packages/airflow/example_dags/tutorial_objectstorage.py took 0.308 seconds
[2024-10-13T21:53:09.203-0400] {processor.py:186} INFO - Started process (PID=60886) to work on /Users/karenwang/anaconda3/envs/airflow_sqlite_env/lib/python3.9/site-packages/airflow/example_dags/tutorial_objectstorage.py
[2024-10-13T21:53:09.204-0400] {processor.py:914} INFO - Processing file /Users/karenwang/anaconda3/envs/airflow_sqlite_env/lib/python3.9/site-packages/airflow/example_dags/tutorial_objectstorage.py for tasks to queue
[2024-10-13T21:53:09.205-0400] {logging_mixin.py:190} INFO - [2024-10-13T21:53:09.205-0400] {dagbag.py:588} INFO - Filling up the DagBag from /Users/karenwang/anaconda3/envs/airflow_sqlite_env/lib/python3.9/site-packages/airflow/example_dags/tutorial_objectstorage.py
[2024-10-13T21:53:09.303-0400] {processor.py:925} INFO - DAG(s) 'tutorial_objectstorage' retrieved from /Users/karenwang/anaconda3/envs/airflow_sqlite_env/lib/python3.9/site-packages/airflow/example_dags/tutorial_objectstorage.py
[2024-10-13T21:53:09.466-0400] {logging_mixin.py:190} INFO - [2024-10-13T21:53:09.465-0400] {dag.py:3239} INFO - Sync 1 DAGs
[2024-10-13T21:53:09.485-0400] {logging_mixin.py:190} INFO - [2024-10-13T21:53:09.485-0400] {dag.py:4180} INFO - Setting next_dagrun for tutorial_objectstorage to None, run_after=None
[2024-10-13T21:53:09.507-0400] {processor.py:208} INFO - Processing /Users/karenwang/anaconda3/envs/airflow_sqlite_env/lib/python3.9/site-packages/airflow/example_dags/tutorial_objectstorage.py took 0.310 seconds
[2024-10-13T21:57:08.765-0400] {processor.py:186} INFO - Started process (PID=62136) to work on /Users/karenwang/anaconda3/envs/airflow_sqlite_env/lib/python3.9/site-packages/airflow/example_dags/tutorial_objectstorage.py
[2024-10-13T21:57:08.766-0400] {processor.py:914} INFO - Processing file /Users/karenwang/anaconda3/envs/airflow_sqlite_env/lib/python3.9/site-packages/airflow/example_dags/tutorial_objectstorage.py for tasks to queue
[2024-10-13T21:57:08.768-0400] {logging_mixin.py:190} INFO - [2024-10-13T21:57:08.767-0400] {dagbag.py:588} INFO - Filling up the DagBag from /Users/karenwang/anaconda3/envs/airflow_sqlite_env/lib/python3.9/site-packages/airflow/example_dags/tutorial_objectstorage.py
[2024-10-13T21:57:08.875-0400] {processor.py:925} INFO - DAG(s) 'tutorial_objectstorage' retrieved from /Users/karenwang/anaconda3/envs/airflow_sqlite_env/lib/python3.9/site-packages/airflow/example_dags/tutorial_objectstorage.py
[2024-10-13T21:57:09.041-0400] {logging_mixin.py:190} INFO - [2024-10-13T21:57:09.040-0400] {dag.py:3239} INFO - Sync 1 DAGs
[2024-10-13T21:57:09.057-0400] {logging_mixin.py:190} INFO - [2024-10-13T21:57:09.057-0400] {dag.py:4180} INFO - Setting next_dagrun for tutorial_objectstorage to None, run_after=None
[2024-10-13T21:57:09.079-0400] {processor.py:208} INFO - Processing /Users/karenwang/anaconda3/envs/airflow_sqlite_env/lib/python3.9/site-packages/airflow/example_dags/tutorial_objectstorage.py took 0.320 seconds
[2024-10-13T22:00:54.691-0400] {processor.py:186} INFO - Started process (PID=63283) to work on /Users/karenwang/anaconda3/envs/airflow_sqlite_env/lib/python3.9/site-packages/airflow/example_dags/tutorial_objectstorage.py
[2024-10-13T22:00:54.693-0400] {processor.py:914} INFO - Processing file /Users/karenwang/anaconda3/envs/airflow_sqlite_env/lib/python3.9/site-packages/airflow/example_dags/tutorial_objectstorage.py for tasks to queue
[2024-10-13T22:00:54.694-0400] {logging_mixin.py:190} INFO - [2024-10-13T22:00:54.694-0400] {dagbag.py:588} INFO - Filling up the DagBag from /Users/karenwang/anaconda3/envs/airflow_sqlite_env/lib/python3.9/site-packages/airflow/example_dags/tutorial_objectstorage.py
[2024-10-13T22:00:54.789-0400] {processor.py:925} INFO - DAG(s) 'tutorial_objectstorage' retrieved from /Users/karenwang/anaconda3/envs/airflow_sqlite_env/lib/python3.9/site-packages/airflow/example_dags/tutorial_objectstorage.py
[2024-10-13T22:00:54.945-0400] {logging_mixin.py:190} INFO - [2024-10-13T22:00:54.945-0400] {dag.py:3239} INFO - Sync 1 DAGs
[2024-10-13T22:00:54.964-0400] {logging_mixin.py:190} INFO - [2024-10-13T22:00:54.964-0400] {dag.py:4180} INFO - Setting next_dagrun for tutorial_objectstorage to None, run_after=None
[2024-10-13T22:00:54.987-0400] {processor.py:208} INFO - Processing /Users/karenwang/anaconda3/envs/airflow_sqlite_env/lib/python3.9/site-packages/airflow/example_dags/tutorial_objectstorage.py took 0.302 seconds
[2024-10-13T22:04:50.552-0400] {processor.py:186} INFO - Started process (PID=64499) to work on /Users/karenwang/anaconda3/envs/airflow_sqlite_env/lib/python3.9/site-packages/airflow/example_dags/tutorial_objectstorage.py
[2024-10-13T22:04:50.554-0400] {processor.py:914} INFO - Processing file /Users/karenwang/anaconda3/envs/airflow_sqlite_env/lib/python3.9/site-packages/airflow/example_dags/tutorial_objectstorage.py for tasks to queue
[2024-10-13T22:04:50.555-0400] {logging_mixin.py:190} INFO - [2024-10-13T22:04:50.555-0400] {dagbag.py:588} INFO - Filling up the DagBag from /Users/karenwang/anaconda3/envs/airflow_sqlite_env/lib/python3.9/site-packages/airflow/example_dags/tutorial_objectstorage.py
[2024-10-13T22:04:50.651-0400] {processor.py:925} INFO - DAG(s) 'tutorial_objectstorage' retrieved from /Users/karenwang/anaconda3/envs/airflow_sqlite_env/lib/python3.9/site-packages/airflow/example_dags/tutorial_objectstorage.py
[2024-10-13T22:04:50.808-0400] {logging_mixin.py:190} INFO - [2024-10-13T22:04:50.807-0400] {dag.py:3239} INFO - Sync 1 DAGs
[2024-10-13T22:04:50.824-0400] {logging_mixin.py:190} INFO - [2024-10-13T22:04:50.824-0400] {dag.py:4180} INFO - Setting next_dagrun for tutorial_objectstorage to None, run_after=None
[2024-10-13T22:04:50.850-0400] {processor.py:208} INFO - Processing /Users/karenwang/anaconda3/envs/airflow_sqlite_env/lib/python3.9/site-packages/airflow/example_dags/tutorial_objectstorage.py took 0.304 seconds
[2024-10-13T22:08:46.032-0400] {processor.py:186} INFO - Started process (PID=65723) to work on /Users/karenwang/anaconda3/envs/airflow_sqlite_env/lib/python3.9/site-packages/airflow/example_dags/tutorial_objectstorage.py
[2024-10-13T22:08:46.034-0400] {processor.py:914} INFO - Processing file /Users/karenwang/anaconda3/envs/airflow_sqlite_env/lib/python3.9/site-packages/airflow/example_dags/tutorial_objectstorage.py for tasks to queue
[2024-10-13T22:08:46.035-0400] {logging_mixin.py:190} INFO - [2024-10-13T22:08:46.035-0400] {dagbag.py:588} INFO - Filling up the DagBag from /Users/karenwang/anaconda3/envs/airflow_sqlite_env/lib/python3.9/site-packages/airflow/example_dags/tutorial_objectstorage.py
[2024-10-13T22:08:46.134-0400] {processor.py:925} INFO - DAG(s) 'tutorial_objectstorage' retrieved from /Users/karenwang/anaconda3/envs/airflow_sqlite_env/lib/python3.9/site-packages/airflow/example_dags/tutorial_objectstorage.py
[2024-10-13T22:08:46.281-0400] {logging_mixin.py:190} INFO - [2024-10-13T22:08:46.281-0400] {dag.py:3239} INFO - Sync 1 DAGs
[2024-10-13T22:08:46.300-0400] {logging_mixin.py:190} INFO - [2024-10-13T22:08:46.300-0400] {dag.py:4180} INFO - Setting next_dagrun for tutorial_objectstorage to None, run_after=None
[2024-10-13T22:08:46.325-0400] {processor.py:208} INFO - Processing /Users/karenwang/anaconda3/envs/airflow_sqlite_env/lib/python3.9/site-packages/airflow/example_dags/tutorial_objectstorage.py took 0.299 seconds
[2024-10-13T22:12:39.008-0400] {processor.py:186} INFO - Started process (PID=66915) to work on /Users/karenwang/anaconda3/envs/airflow_sqlite_env/lib/python3.9/site-packages/airflow/example_dags/tutorial_objectstorage.py
[2024-10-13T22:12:39.010-0400] {processor.py:914} INFO - Processing file /Users/karenwang/anaconda3/envs/airflow_sqlite_env/lib/python3.9/site-packages/airflow/example_dags/tutorial_objectstorage.py for tasks to queue
[2024-10-13T22:12:39.011-0400] {logging_mixin.py:190} INFO - [2024-10-13T22:12:39.011-0400] {dagbag.py:588} INFO - Filling up the DagBag from /Users/karenwang/anaconda3/envs/airflow_sqlite_env/lib/python3.9/site-packages/airflow/example_dags/tutorial_objectstorage.py
[2024-10-13T22:12:39.126-0400] {processor.py:925} INFO - DAG(s) 'tutorial_objectstorage' retrieved from /Users/karenwang/anaconda3/envs/airflow_sqlite_env/lib/python3.9/site-packages/airflow/example_dags/tutorial_objectstorage.py
[2024-10-13T22:12:39.284-0400] {logging_mixin.py:190} INFO - [2024-10-13T22:12:39.283-0400] {dag.py:3239} INFO - Sync 1 DAGs
[2024-10-13T22:12:39.298-0400] {logging_mixin.py:190} INFO - [2024-10-13T22:12:39.298-0400] {dag.py:4180} INFO - Setting next_dagrun for tutorial_objectstorage to None, run_after=None
[2024-10-13T22:12:39.326-0400] {processor.py:208} INFO - Processing /Users/karenwang/anaconda3/envs/airflow_sqlite_env/lib/python3.9/site-packages/airflow/example_dags/tutorial_objectstorage.py took 0.323 seconds
[2024-10-13T22:16:39.140-0400] {processor.py:186} INFO - Started process (PID=68143) to work on /Users/karenwang/anaconda3/envs/airflow_sqlite_env/lib/python3.9/site-packages/airflow/example_dags/tutorial_objectstorage.py
[2024-10-13T22:16:39.141-0400] {processor.py:914} INFO - Processing file /Users/karenwang/anaconda3/envs/airflow_sqlite_env/lib/python3.9/site-packages/airflow/example_dags/tutorial_objectstorage.py for tasks to queue
[2024-10-13T22:16:39.143-0400] {logging_mixin.py:190} INFO - [2024-10-13T22:16:39.142-0400] {dagbag.py:588} INFO - Filling up the DagBag from /Users/karenwang/anaconda3/envs/airflow_sqlite_env/lib/python3.9/site-packages/airflow/example_dags/tutorial_objectstorage.py
[2024-10-13T22:16:39.256-0400] {processor.py:925} INFO - DAG(s) 'tutorial_objectstorage' retrieved from /Users/karenwang/anaconda3/envs/airflow_sqlite_env/lib/python3.9/site-packages/airflow/example_dags/tutorial_objectstorage.py
[2024-10-13T22:16:39.415-0400] {logging_mixin.py:190} INFO - [2024-10-13T22:16:39.415-0400] {dag.py:3239} INFO - Sync 1 DAGs
[2024-10-13T22:16:39.431-0400] {logging_mixin.py:190} INFO - [2024-10-13T22:16:39.431-0400] {dag.py:4180} INFO - Setting next_dagrun for tutorial_objectstorage to None, run_after=None
[2024-10-13T22:16:39.454-0400] {processor.py:208} INFO - Processing /Users/karenwang/anaconda3/envs/airflow_sqlite_env/lib/python3.9/site-packages/airflow/example_dags/tutorial_objectstorage.py took 0.319 seconds
[2024-10-13T22:20:37.606-0400] {processor.py:186} INFO - Started process (PID=69362) to work on /Users/karenwang/anaconda3/envs/airflow_sqlite_env/lib/python3.9/site-packages/airflow/example_dags/tutorial_objectstorage.py
[2024-10-13T22:20:37.608-0400] {processor.py:914} INFO - Processing file /Users/karenwang/anaconda3/envs/airflow_sqlite_env/lib/python3.9/site-packages/airflow/example_dags/tutorial_objectstorage.py for tasks to queue
[2024-10-13T22:20:37.609-0400] {logging_mixin.py:190} INFO - [2024-10-13T22:20:37.609-0400] {dagbag.py:588} INFO - Filling up the DagBag from /Users/karenwang/anaconda3/envs/airflow_sqlite_env/lib/python3.9/site-packages/airflow/example_dags/tutorial_objectstorage.py
[2024-10-13T22:20:37.704-0400] {processor.py:925} INFO - DAG(s) 'tutorial_objectstorage' retrieved from /Users/karenwang/anaconda3/envs/airflow_sqlite_env/lib/python3.9/site-packages/airflow/example_dags/tutorial_objectstorage.py
[2024-10-13T22:20:37.867-0400] {logging_mixin.py:190} INFO - [2024-10-13T22:20:37.866-0400] {dag.py:3239} INFO - Sync 1 DAGs
[2024-10-13T22:20:37.884-0400] {logging_mixin.py:190} INFO - [2024-10-13T22:20:37.884-0400] {dag.py:4180} INFO - Setting next_dagrun for tutorial_objectstorage to None, run_after=None
[2024-10-13T22:20:37.907-0400] {processor.py:208} INFO - Processing /Users/karenwang/anaconda3/envs/airflow_sqlite_env/lib/python3.9/site-packages/airflow/example_dags/tutorial_objectstorage.py took 0.307 seconds
[2024-10-13T22:24:46.964-0400] {processor.py:186} INFO - Started process (PID=70707) to work on /Users/karenwang/anaconda3/envs/airflow_sqlite_env/lib/python3.9/site-packages/airflow/example_dags/tutorial_objectstorage.py
[2024-10-13T22:24:46.966-0400] {processor.py:914} INFO - Processing file /Users/karenwang/anaconda3/envs/airflow_sqlite_env/lib/python3.9/site-packages/airflow/example_dags/tutorial_objectstorage.py for tasks to queue
[2024-10-13T22:24:46.967-0400] {logging_mixin.py:190} INFO - [2024-10-13T22:24:46.967-0400] {dagbag.py:588} INFO - Filling up the DagBag from /Users/karenwang/anaconda3/envs/airflow_sqlite_env/lib/python3.9/site-packages/airflow/example_dags/tutorial_objectstorage.py
[2024-10-13T22:24:47.061-0400] {processor.py:925} INFO - DAG(s) 'tutorial_objectstorage' retrieved from /Users/karenwang/anaconda3/envs/airflow_sqlite_env/lib/python3.9/site-packages/airflow/example_dags/tutorial_objectstorage.py
[2024-10-13T22:24:47.206-0400] {logging_mixin.py:190} INFO - [2024-10-13T22:24:47.206-0400] {dag.py:3239} INFO - Sync 1 DAGs
[2024-10-13T22:24:47.218-0400] {logging_mixin.py:190} INFO - [2024-10-13T22:24:47.218-0400] {dag.py:4180} INFO - Setting next_dagrun for tutorial_objectstorage to None, run_after=None
[2024-10-13T22:24:47.238-0400] {processor.py:208} INFO - Processing /Users/karenwang/anaconda3/envs/airflow_sqlite_env/lib/python3.9/site-packages/airflow/example_dags/tutorial_objectstorage.py took 0.280 seconds
[2024-10-13T22:33:20.346-0400] {processor.py:186} INFO - Started process (PID=73596) to work on /Users/karenwang/anaconda3/envs/airflow_sqlite_env/lib/python3.9/site-packages/airflow/example_dags/tutorial_objectstorage.py
[2024-10-13T22:33:20.350-0400] {processor.py:914} INFO - Processing file /Users/karenwang/anaconda3/envs/airflow_sqlite_env/lib/python3.9/site-packages/airflow/example_dags/tutorial_objectstorage.py for tasks to queue
[2024-10-13T22:33:20.351-0400] {logging_mixin.py:190} INFO - [2024-10-13T22:33:20.351-0400] {dagbag.py:588} INFO - Filling up the DagBag from /Users/karenwang/anaconda3/envs/airflow_sqlite_env/lib/python3.9/site-packages/airflow/example_dags/tutorial_objectstorage.py
[2024-10-13T22:33:20.529-0400] {processor.py:925} INFO - DAG(s) 'tutorial_objectstorage' retrieved from /Users/karenwang/anaconda3/envs/airflow_sqlite_env/lib/python3.9/site-packages/airflow/example_dags/tutorial_objectstorage.py
[2024-10-13T22:33:20.720-0400] {logging_mixin.py:190} INFO - [2024-10-13T22:33:20.719-0400] {dag.py:3239} INFO - Sync 1 DAGs
[2024-10-13T22:33:20.740-0400] {logging_mixin.py:190} INFO - [2024-10-13T22:33:20.740-0400] {dag.py:4180} INFO - Setting next_dagrun for tutorial_objectstorage to None, run_after=None
[2024-10-13T22:33:20.768-0400] {processor.py:208} INFO - Processing /Users/karenwang/anaconda3/envs/airflow_sqlite_env/lib/python3.9/site-packages/airflow/example_dags/tutorial_objectstorage.py took 0.428 seconds
[2024-10-13T22:39:19.259-0400] {processor.py:186} INFO - Started process (PID=75518) to work on /Users/karenwang/anaconda3/envs/airflow_sqlite_env/lib/python3.9/site-packages/airflow/example_dags/tutorial_objectstorage.py
[2024-10-13T22:39:19.261-0400] {processor.py:914} INFO - Processing file /Users/karenwang/anaconda3/envs/airflow_sqlite_env/lib/python3.9/site-packages/airflow/example_dags/tutorial_objectstorage.py for tasks to queue
[2024-10-13T22:39:19.262-0400] {logging_mixin.py:190} INFO - [2024-10-13T22:39:19.262-0400] {dagbag.py:588} INFO - Filling up the DagBag from /Users/karenwang/anaconda3/envs/airflow_sqlite_env/lib/python3.9/site-packages/airflow/example_dags/tutorial_objectstorage.py
[2024-10-13T22:39:19.356-0400] {processor.py:925} INFO - DAG(s) 'tutorial_objectstorage' retrieved from /Users/karenwang/anaconda3/envs/airflow_sqlite_env/lib/python3.9/site-packages/airflow/example_dags/tutorial_objectstorage.py
[2024-10-13T22:39:19.522-0400] {logging_mixin.py:190} INFO - [2024-10-13T22:39:19.522-0400] {dag.py:3239} INFO - Sync 1 DAGs
[2024-10-13T22:39:19.537-0400] {logging_mixin.py:190} INFO - [2024-10-13T22:39:19.537-0400] {dag.py:4180} INFO - Setting next_dagrun for tutorial_objectstorage to None, run_after=None
[2024-10-13T22:39:19.563-0400] {processor.py:208} INFO - Processing /Users/karenwang/anaconda3/envs/airflow_sqlite_env/lib/python3.9/site-packages/airflow/example_dags/tutorial_objectstorage.py took 0.310 seconds
