[2024-10-13T19:07:02.156-0400] {local_task_job_runner.py:123} INFO - ::group::Pre task execution logs
[2024-10-13T19:07:02.170-0400] {taskinstance.py:2612} INFO - Dependencies all met for dep_context=non-requeueable deps ti=<TaskInstance: bixi_etl_pipeline.load_task manual__2024-10-13T23:05:49.379846+00:00 [queued]>
[2024-10-13T19:07:02.178-0400] {taskinstance.py:2612} INFO - Dependencies all met for dep_context=requeueable deps ti=<TaskInstance: bixi_etl_pipeline.load_task manual__2024-10-13T23:05:49.379846+00:00 [queued]>
[2024-10-13T19:07:02.179-0400] {taskinstance.py:2865} INFO - Starting attempt 1 of 1
[2024-10-13T19:07:02.193-0400] {taskinstance.py:2888} INFO - Executing <Task(PythonOperator): load_task> on 2024-10-13 23:05:49.379846+00:00
[2024-10-13T19:07:02.201-0400] {standard_task_runner.py:72} INFO - Started process 8515 to run task
[2024-10-13T19:07:02.207-0400] {clientserver.py:543} INFO - Closing down clientserver connection
[2024-10-13T19:07:02.217-0400] {standard_task_runner.py:104} INFO - Running: ['airflow', 'tasks', 'run', 'bixi_etl_pipeline', 'load_task', 'manual__2024-10-13T23:05:49.379846+00:00', '--job-id', '222', '--raw', '--subdir', 'DAGS_FOLDER/bixi_etl_pipeline.py', '--cfg-path', '/var/folders/bj/4z3t139j7xj2qng4wk4y16ym0000gn/T/tmp3r82nauf']
[2024-10-13T19:07:02.218-0400] {standard_task_runner.py:105} INFO - Job 222: Subtask load_task
[2024-10-13T19:07:02.273-0400] {task_command.py:467} INFO - Running <TaskInstance: bixi_etl_pipeline.load_task manual__2024-10-13T23:05:49.379846+00:00 [running]> on host karendembp.home
[2024-10-13T19:07:02.551-0400] {taskinstance.py:3131} INFO - Exporting env vars: AIRFLOW_CTX_DAG_OWNER='airflow' AIRFLOW_CTX_DAG_ID='bixi_etl_pipeline' AIRFLOW_CTX_TASK_ID='load_task' AIRFLOW_CTX_EXECUTION_DATE='2024-10-13T23:05:49.379846+00:00' AIRFLOW_CTX_TRY_NUMBER='1' AIRFLOW_CTX_DAG_RUN_ID='manual__2024-10-13T23:05:49.379846+00:00'
[2024-10-13T19:07:02.553-0400] {logging_mixin.py:190} INFO - Task instance is in running state
[2024-10-13T19:07:02.554-0400] {logging_mixin.py:190} INFO -  Previous state of the Task instance: queued
[2024-10-13T19:07:02.555-0400] {logging_mixin.py:190} INFO - Current task name:load_task state:running start_date:2024-10-13 23:07:02.171212+00:00
[2024-10-13T19:07:02.556-0400] {logging_mixin.py:190} INFO - Dag name:bixi_etl_pipeline and current dag run status:running
[2024-10-13T19:07:02.557-0400] {taskinstance.py:731} INFO - ::endgroup::
[2024-10-13T19:07:21.073-0400] {python.py:240} INFO - Done. Returned value was: None
[2024-10-13T19:07:21.082-0400] {taskinstance.py:340} INFO - ::group::Post task execution logs
[2024-10-13T19:07:21.084-0400] {taskinstance.py:352} INFO - Marking task as SUCCESS. dag_id=bixi_etl_pipeline, task_id=load_task, run_id=manual__2024-10-13T23:05:49.379846+00:00, execution_date=20241013T230549, start_date=20241013T230702, end_date=20241013T230721
[2024-10-13T19:07:21.095-0400] {logging_mixin.py:190} INFO - Task instance in success state
[2024-10-13T19:07:21.096-0400] {logging_mixin.py:190} INFO -  Previous state of the Task instance: running
[2024-10-13T19:07:21.097-0400] {logging_mixin.py:190} INFO - Dag name:bixi_etl_pipeline queued_at:2024-10-13 23:05:49.424201+00:00
[2024-10-13T19:07:21.098-0400] {logging_mixin.py:190} INFO - Task hostname:karendembp.home operator:PythonOperator
[2024-10-13T19:07:21.123-0400] {local_task_job_runner.py:266} INFO - Task exited with return code 0
[2024-10-13T19:07:21.142-0400] {taskinstance.py:3900} INFO - 0 downstream tasks scheduled from follow-on schedule check
[2024-10-13T19:07:21.142-0400] {local_task_job_runner.py:245} INFO - ::endgroup::
