[2024-10-13T20:00:01.545-0400] {processor.py:186} INFO - Started process (PID=25119) to work on /Users/karenwang/anaconda3/envs/airflow_sqlite_env/lib/python3.9/site-packages/airflow/example_dags/subdags/subdag.py
[2024-10-13T20:00:01.547-0400] {processor.py:914} INFO - Processing file /Users/karenwang/anaconda3/envs/airflow_sqlite_env/lib/python3.9/site-packages/airflow/example_dags/subdags/subdag.py for tasks to queue
[2024-10-13T20:00:01.548-0400] {logging_mixin.py:190} INFO - [2024-10-13T20:00:01.548-0400] {dagbag.py:588} INFO - Filling up the DagBag from /Users/karenwang/anaconda3/envs/airflow_sqlite_env/lib/python3.9/site-packages/airflow/example_dags/subdags/subdag.py
[2024-10-13T20:00:01.551-0400] {processor.py:927} WARNING - No viable dags retrieved from /Users/karenwang/anaconda3/envs/airflow_sqlite_env/lib/python3.9/site-packages/airflow/example_dags/subdags/subdag.py
[2024-10-13T20:00:01.754-0400] {processor.py:208} INFO - Processing /Users/karenwang/anaconda3/envs/airflow_sqlite_env/lib/python3.9/site-packages/airflow/example_dags/subdags/subdag.py took 0.215 seconds
[2024-10-13T20:04:08.518-0400] {processor.py:186} INFO - Started process (PID=26413) to work on /Users/karenwang/anaconda3/envs/airflow_sqlite_env/lib/python3.9/site-packages/airflow/example_dags/subdags/subdag.py
[2024-10-13T20:04:08.537-0400] {processor.py:914} INFO - Processing file /Users/karenwang/anaconda3/envs/airflow_sqlite_env/lib/python3.9/site-packages/airflow/example_dags/subdags/subdag.py for tasks to queue
[2024-10-13T20:04:08.539-0400] {logging_mixin.py:190} INFO - [2024-10-13T20:04:08.539-0400] {dagbag.py:588} INFO - Filling up the DagBag from /Users/karenwang/anaconda3/envs/airflow_sqlite_env/lib/python3.9/site-packages/airflow/example_dags/subdags/subdag.py
[2024-10-13T20:04:08.542-0400] {processor.py:927} WARNING - No viable dags retrieved from /Users/karenwang/anaconda3/envs/airflow_sqlite_env/lib/python3.9/site-packages/airflow/example_dags/subdags/subdag.py
[2024-10-13T20:04:08.744-0400] {processor.py:208} INFO - Processing /Users/karenwang/anaconda3/envs/airflow_sqlite_env/lib/python3.9/site-packages/airflow/example_dags/subdags/subdag.py took 0.233 seconds
[2024-10-13T20:08:13.798-0400] {processor.py:186} INFO - Started process (PID=27666) to work on /Users/karenwang/anaconda3/envs/airflow_sqlite_env/lib/python3.9/site-packages/airflow/example_dags/subdags/subdag.py
[2024-10-13T20:08:13.799-0400] {processor.py:914} INFO - Processing file /Users/karenwang/anaconda3/envs/airflow_sqlite_env/lib/python3.9/site-packages/airflow/example_dags/subdags/subdag.py for tasks to queue
[2024-10-13T20:08:13.801-0400] {logging_mixin.py:190} INFO - [2024-10-13T20:08:13.800-0400] {dagbag.py:588} INFO - Filling up the DagBag from /Users/karenwang/anaconda3/envs/airflow_sqlite_env/lib/python3.9/site-packages/airflow/example_dags/subdags/subdag.py
[2024-10-13T20:08:13.804-0400] {processor.py:927} WARNING - No viable dags retrieved from /Users/karenwang/anaconda3/envs/airflow_sqlite_env/lib/python3.9/site-packages/airflow/example_dags/subdags/subdag.py
[2024-10-13T20:08:13.996-0400] {processor.py:208} INFO - Processing /Users/karenwang/anaconda3/envs/airflow_sqlite_env/lib/python3.9/site-packages/airflow/example_dags/subdags/subdag.py took 0.203 seconds
[2024-10-13T20:12:06.547-0400] {processor.py:186} INFO - Started process (PID=28842) to work on /Users/karenwang/anaconda3/envs/airflow_sqlite_env/lib/python3.9/site-packages/airflow/example_dags/subdags/subdag.py
[2024-10-13T20:12:06.549-0400] {processor.py:914} INFO - Processing file /Users/karenwang/anaconda3/envs/airflow_sqlite_env/lib/python3.9/site-packages/airflow/example_dags/subdags/subdag.py for tasks to queue
[2024-10-13T20:12:06.550-0400] {logging_mixin.py:190} INFO - [2024-10-13T20:12:06.550-0400] {dagbag.py:588} INFO - Filling up the DagBag from /Users/karenwang/anaconda3/envs/airflow_sqlite_env/lib/python3.9/site-packages/airflow/example_dags/subdags/subdag.py
[2024-10-13T20:12:06.554-0400] {processor.py:927} WARNING - No viable dags retrieved from /Users/karenwang/anaconda3/envs/airflow_sqlite_env/lib/python3.9/site-packages/airflow/example_dags/subdags/subdag.py
[2024-10-13T20:12:06.784-0400] {processor.py:208} INFO - Processing /Users/karenwang/anaconda3/envs/airflow_sqlite_env/lib/python3.9/site-packages/airflow/example_dags/subdags/subdag.py took 0.243 seconds
[2024-10-13T20:16:17.670-0400] {processor.py:186} INFO - Started process (PID=30125) to work on /Users/karenwang/anaconda3/envs/airflow_sqlite_env/lib/python3.9/site-packages/airflow/example_dags/subdags/subdag.py
[2024-10-13T20:16:17.672-0400] {processor.py:914} INFO - Processing file /Users/karenwang/anaconda3/envs/airflow_sqlite_env/lib/python3.9/site-packages/airflow/example_dags/subdags/subdag.py for tasks to queue
[2024-10-13T20:16:17.673-0400] {logging_mixin.py:190} INFO - [2024-10-13T20:16:17.673-0400] {dagbag.py:588} INFO - Filling up the DagBag from /Users/karenwang/anaconda3/envs/airflow_sqlite_env/lib/python3.9/site-packages/airflow/example_dags/subdags/subdag.py
[2024-10-13T20:16:17.676-0400] {processor.py:927} WARNING - No viable dags retrieved from /Users/karenwang/anaconda3/envs/airflow_sqlite_env/lib/python3.9/site-packages/airflow/example_dags/subdags/subdag.py
[2024-10-13T20:16:17.876-0400] {processor.py:208} INFO - Processing /Users/karenwang/anaconda3/envs/airflow_sqlite_env/lib/python3.9/site-packages/airflow/example_dags/subdags/subdag.py took 0.212 seconds
[2024-10-13T20:20:30.560-0400] {processor.py:186} INFO - Started process (PID=31433) to work on /Users/karenwang/anaconda3/envs/airflow_sqlite_env/lib/python3.9/site-packages/airflow/example_dags/subdags/subdag.py
[2024-10-13T20:20:30.561-0400] {processor.py:914} INFO - Processing file /Users/karenwang/anaconda3/envs/airflow_sqlite_env/lib/python3.9/site-packages/airflow/example_dags/subdags/subdag.py for tasks to queue
[2024-10-13T20:20:30.563-0400] {logging_mixin.py:190} INFO - [2024-10-13T20:20:30.562-0400] {dagbag.py:588} INFO - Filling up the DagBag from /Users/karenwang/anaconda3/envs/airflow_sqlite_env/lib/python3.9/site-packages/airflow/example_dags/subdags/subdag.py
[2024-10-13T20:20:30.567-0400] {processor.py:927} WARNING - No viable dags retrieved from /Users/karenwang/anaconda3/envs/airflow_sqlite_env/lib/python3.9/site-packages/airflow/example_dags/subdags/subdag.py
[2024-10-13T20:20:30.826-0400] {processor.py:208} INFO - Processing /Users/karenwang/anaconda3/envs/airflow_sqlite_env/lib/python3.9/site-packages/airflow/example_dags/subdags/subdag.py took 0.273 seconds
[2024-10-13T20:24:52.403-0400] {processor.py:186} INFO - Started process (PID=32906) to work on /Users/karenwang/anaconda3/envs/airflow_sqlite_env/lib/python3.9/site-packages/airflow/example_dags/subdags/subdag.py
[2024-10-13T20:24:52.405-0400] {processor.py:914} INFO - Processing file /Users/karenwang/anaconda3/envs/airflow_sqlite_env/lib/python3.9/site-packages/airflow/example_dags/subdags/subdag.py for tasks to queue
[2024-10-13T20:24:52.407-0400] {logging_mixin.py:190} INFO - [2024-10-13T20:24:52.406-0400] {dagbag.py:588} INFO - Filling up the DagBag from /Users/karenwang/anaconda3/envs/airflow_sqlite_env/lib/python3.9/site-packages/airflow/example_dags/subdags/subdag.py
[2024-10-13T20:24:52.409-0400] {processor.py:927} WARNING - No viable dags retrieved from /Users/karenwang/anaconda3/envs/airflow_sqlite_env/lib/python3.9/site-packages/airflow/example_dags/subdags/subdag.py
[2024-10-13T20:24:52.624-0400] {processor.py:208} INFO - Processing /Users/karenwang/anaconda3/envs/airflow_sqlite_env/lib/python3.9/site-packages/airflow/example_dags/subdags/subdag.py took 0.227 seconds
[2024-10-13T20:26:10.007-0400] {processor.py:186} INFO - Started process (PID=33327) to work on /Users/karenwang/anaconda3/envs/airflow_sqlite_env/lib/python3.9/site-packages/airflow/example_dags/subdags/subdag.py
[2024-10-13T20:26:10.008-0400] {processor.py:914} INFO - Processing file /Users/karenwang/anaconda3/envs/airflow_sqlite_env/lib/python3.9/site-packages/airflow/example_dags/subdags/subdag.py for tasks to queue
[2024-10-13T20:26:10.010-0400] {logging_mixin.py:190} INFO - [2024-10-13T20:26:10.009-0400] {dagbag.py:588} INFO - Filling up the DagBag from /Users/karenwang/anaconda3/envs/airflow_sqlite_env/lib/python3.9/site-packages/airflow/example_dags/subdags/subdag.py
[2024-10-13T20:26:10.012-0400] {processor.py:927} WARNING - No viable dags retrieved from /Users/karenwang/anaconda3/envs/airflow_sqlite_env/lib/python3.9/site-packages/airflow/example_dags/subdags/subdag.py
[2024-10-13T20:26:10.208-0400] {processor.py:208} INFO - Processing /Users/karenwang/anaconda3/envs/airflow_sqlite_env/lib/python3.9/site-packages/airflow/example_dags/subdags/subdag.py took 0.207 seconds
[2024-10-13T20:31:03.155-0400] {processor.py:186} INFO - Started process (PID=35032) to work on /Users/karenwang/anaconda3/envs/airflow_sqlite_env/lib/python3.9/site-packages/airflow/example_dags/subdags/subdag.py
[2024-10-13T20:31:03.156-0400] {processor.py:914} INFO - Processing file /Users/karenwang/anaconda3/envs/airflow_sqlite_env/lib/python3.9/site-packages/airflow/example_dags/subdags/subdag.py for tasks to queue
[2024-10-13T20:31:03.157-0400] {logging_mixin.py:190} INFO - [2024-10-13T20:31:03.157-0400] {dagbag.py:588} INFO - Filling up the DagBag from /Users/karenwang/anaconda3/envs/airflow_sqlite_env/lib/python3.9/site-packages/airflow/example_dags/subdags/subdag.py
[2024-10-13T20:31:03.161-0400] {processor.py:927} WARNING - No viable dags retrieved from /Users/karenwang/anaconda3/envs/airflow_sqlite_env/lib/python3.9/site-packages/airflow/example_dags/subdags/subdag.py
[2024-10-13T20:31:03.351-0400] {processor.py:208} INFO - Processing /Users/karenwang/anaconda3/envs/airflow_sqlite_env/lib/python3.9/site-packages/airflow/example_dags/subdags/subdag.py took 0.201 seconds
[2024-10-13T20:34:41.756-0400] {processor.py:186} INFO - Started process (PID=36153) to work on /Users/karenwang/anaconda3/envs/airflow_sqlite_env/lib/python3.9/site-packages/airflow/example_dags/subdags/subdag.py
[2024-10-13T20:34:41.758-0400] {processor.py:914} INFO - Processing file /Users/karenwang/anaconda3/envs/airflow_sqlite_env/lib/python3.9/site-packages/airflow/example_dags/subdags/subdag.py for tasks to queue
[2024-10-13T20:34:41.759-0400] {logging_mixin.py:190} INFO - [2024-10-13T20:34:41.759-0400] {dagbag.py:588} INFO - Filling up the DagBag from /Users/karenwang/anaconda3/envs/airflow_sqlite_env/lib/python3.9/site-packages/airflow/example_dags/subdags/subdag.py
[2024-10-13T20:34:41.761-0400] {processor.py:927} WARNING - No viable dags retrieved from /Users/karenwang/anaconda3/envs/airflow_sqlite_env/lib/python3.9/site-packages/airflow/example_dags/subdags/subdag.py
[2024-10-13T20:34:41.933-0400] {processor.py:208} INFO - Processing /Users/karenwang/anaconda3/envs/airflow_sqlite_env/lib/python3.9/site-packages/airflow/example_dags/subdags/subdag.py took 0.183 seconds
[2024-10-13T20:38:22.713-0400] {processor.py:186} INFO - Started process (PID=37325) to work on /Users/karenwang/anaconda3/envs/airflow_sqlite_env/lib/python3.9/site-packages/airflow/example_dags/subdags/subdag.py
[2024-10-13T20:38:22.714-0400] {processor.py:914} INFO - Processing file /Users/karenwang/anaconda3/envs/airflow_sqlite_env/lib/python3.9/site-packages/airflow/example_dags/subdags/subdag.py for tasks to queue
[2024-10-13T20:38:22.715-0400] {logging_mixin.py:190} INFO - [2024-10-13T20:38:22.715-0400] {dagbag.py:588} INFO - Filling up the DagBag from /Users/karenwang/anaconda3/envs/airflow_sqlite_env/lib/python3.9/site-packages/airflow/example_dags/subdags/subdag.py
[2024-10-13T20:38:22.718-0400] {processor.py:927} WARNING - No viable dags retrieved from /Users/karenwang/anaconda3/envs/airflow_sqlite_env/lib/python3.9/site-packages/airflow/example_dags/subdags/subdag.py
[2024-10-13T20:38:22.912-0400] {processor.py:208} INFO - Processing /Users/karenwang/anaconda3/envs/airflow_sqlite_env/lib/python3.9/site-packages/airflow/example_dags/subdags/subdag.py took 0.206 seconds
[2024-10-13T20:42:02.346-0400] {processor.py:186} INFO - Started process (PID=38449) to work on /Users/karenwang/anaconda3/envs/airflow_sqlite_env/lib/python3.9/site-packages/airflow/example_dags/subdags/subdag.py
[2024-10-13T20:42:02.347-0400] {processor.py:914} INFO - Processing file /Users/karenwang/anaconda3/envs/airflow_sqlite_env/lib/python3.9/site-packages/airflow/example_dags/subdags/subdag.py for tasks to queue
[2024-10-13T20:42:02.349-0400] {logging_mixin.py:190} INFO - [2024-10-13T20:42:02.348-0400] {dagbag.py:588} INFO - Filling up the DagBag from /Users/karenwang/anaconda3/envs/airflow_sqlite_env/lib/python3.9/site-packages/airflow/example_dags/subdags/subdag.py
[2024-10-13T20:42:02.352-0400] {processor.py:927} WARNING - No viable dags retrieved from /Users/karenwang/anaconda3/envs/airflow_sqlite_env/lib/python3.9/site-packages/airflow/example_dags/subdags/subdag.py
[2024-10-13T20:42:02.542-0400] {processor.py:208} INFO - Processing /Users/karenwang/anaconda3/envs/airflow_sqlite_env/lib/python3.9/site-packages/airflow/example_dags/subdags/subdag.py took 0.203 seconds
[2024-10-13T20:45:41.164-0400] {processor.py:186} INFO - Started process (PID=39568) to work on /Users/karenwang/anaconda3/envs/airflow_sqlite_env/lib/python3.9/site-packages/airflow/example_dags/subdags/subdag.py
[2024-10-13T20:45:41.165-0400] {processor.py:914} INFO - Processing file /Users/karenwang/anaconda3/envs/airflow_sqlite_env/lib/python3.9/site-packages/airflow/example_dags/subdags/subdag.py for tasks to queue
[2024-10-13T20:45:41.167-0400] {logging_mixin.py:190} INFO - [2024-10-13T20:45:41.167-0400] {dagbag.py:588} INFO - Filling up the DagBag from /Users/karenwang/anaconda3/envs/airflow_sqlite_env/lib/python3.9/site-packages/airflow/example_dags/subdags/subdag.py
[2024-10-13T20:45:41.169-0400] {processor.py:927} WARNING - No viable dags retrieved from /Users/karenwang/anaconda3/envs/airflow_sqlite_env/lib/python3.9/site-packages/airflow/example_dags/subdags/subdag.py
[2024-10-13T20:45:41.369-0400] {processor.py:208} INFO - Processing /Users/karenwang/anaconda3/envs/airflow_sqlite_env/lib/python3.9/site-packages/airflow/example_dags/subdags/subdag.py took 0.210 seconds
[2024-10-13T20:49:22.216-0400] {processor.py:186} INFO - Started process (PID=40739) to work on /Users/karenwang/anaconda3/envs/airflow_sqlite_env/lib/python3.9/site-packages/airflow/example_dags/subdags/subdag.py
[2024-10-13T20:49:22.218-0400] {processor.py:914} INFO - Processing file /Users/karenwang/anaconda3/envs/airflow_sqlite_env/lib/python3.9/site-packages/airflow/example_dags/subdags/subdag.py for tasks to queue
[2024-10-13T20:49:22.219-0400] {logging_mixin.py:190} INFO - [2024-10-13T20:49:22.219-0400] {dagbag.py:588} INFO - Filling up the DagBag from /Users/karenwang/anaconda3/envs/airflow_sqlite_env/lib/python3.9/site-packages/airflow/example_dags/subdags/subdag.py
[2024-10-13T20:49:22.221-0400] {processor.py:927} WARNING - No viable dags retrieved from /Users/karenwang/anaconda3/envs/airflow_sqlite_env/lib/python3.9/site-packages/airflow/example_dags/subdags/subdag.py
[2024-10-13T20:49:22.414-0400] {processor.py:208} INFO - Processing /Users/karenwang/anaconda3/envs/airflow_sqlite_env/lib/python3.9/site-packages/airflow/example_dags/subdags/subdag.py took 0.203 seconds
[2024-10-13T20:53:00.017-0400] {processor.py:186} INFO - Started process (PID=41873) to work on /Users/karenwang/anaconda3/envs/airflow_sqlite_env/lib/python3.9/site-packages/airflow/example_dags/subdags/subdag.py
[2024-10-13T20:53:00.019-0400] {processor.py:914} INFO - Processing file /Users/karenwang/anaconda3/envs/airflow_sqlite_env/lib/python3.9/site-packages/airflow/example_dags/subdags/subdag.py for tasks to queue
[2024-10-13T20:53:00.020-0400] {logging_mixin.py:190} INFO - [2024-10-13T20:53:00.020-0400] {dagbag.py:588} INFO - Filling up the DagBag from /Users/karenwang/anaconda3/envs/airflow_sqlite_env/lib/python3.9/site-packages/airflow/example_dags/subdags/subdag.py
[2024-10-13T20:53:00.023-0400] {processor.py:927} WARNING - No viable dags retrieved from /Users/karenwang/anaconda3/envs/airflow_sqlite_env/lib/python3.9/site-packages/airflow/example_dags/subdags/subdag.py
[2024-10-13T20:53:00.202-0400] {processor.py:208} INFO - Processing /Users/karenwang/anaconda3/envs/airflow_sqlite_env/lib/python3.9/site-packages/airflow/example_dags/subdags/subdag.py took 0.191 seconds
[2024-10-13T20:56:40.064-0400] {processor.py:186} INFO - Started process (PID=43015) to work on /Users/karenwang/anaconda3/envs/airflow_sqlite_env/lib/python3.9/site-packages/airflow/example_dags/subdags/subdag.py
[2024-10-13T20:56:40.065-0400] {processor.py:914} INFO - Processing file /Users/karenwang/anaconda3/envs/airflow_sqlite_env/lib/python3.9/site-packages/airflow/example_dags/subdags/subdag.py for tasks to queue
[2024-10-13T20:56:40.067-0400] {logging_mixin.py:190} INFO - [2024-10-13T20:56:40.066-0400] {dagbag.py:588} INFO - Filling up the DagBag from /Users/karenwang/anaconda3/envs/airflow_sqlite_env/lib/python3.9/site-packages/airflow/example_dags/subdags/subdag.py
[2024-10-13T20:56:40.069-0400] {processor.py:927} WARNING - No viable dags retrieved from /Users/karenwang/anaconda3/envs/airflow_sqlite_env/lib/python3.9/site-packages/airflow/example_dags/subdags/subdag.py
[2024-10-13T20:56:40.248-0400] {processor.py:208} INFO - Processing /Users/karenwang/anaconda3/envs/airflow_sqlite_env/lib/python3.9/site-packages/airflow/example_dags/subdags/subdag.py took 0.190 seconds
[2024-10-13T21:00:20.731-0400] {processor.py:186} INFO - Started process (PID=44156) to work on /Users/karenwang/anaconda3/envs/airflow_sqlite_env/lib/python3.9/site-packages/airflow/example_dags/subdags/subdag.py
[2024-10-13T21:00:20.733-0400] {processor.py:914} INFO - Processing file /Users/karenwang/anaconda3/envs/airflow_sqlite_env/lib/python3.9/site-packages/airflow/example_dags/subdags/subdag.py for tasks to queue
[2024-10-13T21:00:20.735-0400] {logging_mixin.py:190} INFO - [2024-10-13T21:00:20.734-0400] {dagbag.py:588} INFO - Filling up the DagBag from /Users/karenwang/anaconda3/envs/airflow_sqlite_env/lib/python3.9/site-packages/airflow/example_dags/subdags/subdag.py
[2024-10-13T21:00:20.737-0400] {processor.py:927} WARNING - No viable dags retrieved from /Users/karenwang/anaconda3/envs/airflow_sqlite_env/lib/python3.9/site-packages/airflow/example_dags/subdags/subdag.py
[2024-10-13T21:00:20.915-0400] {processor.py:208} INFO - Processing /Users/karenwang/anaconda3/envs/airflow_sqlite_env/lib/python3.9/site-packages/airflow/example_dags/subdags/subdag.py took 0.189 seconds
[2024-10-13T21:04:00.731-0400] {processor.py:186} INFO - Started process (PID=45289) to work on /Users/karenwang/anaconda3/envs/airflow_sqlite_env/lib/python3.9/site-packages/airflow/example_dags/subdags/subdag.py
[2024-10-13T21:04:00.733-0400] {processor.py:914} INFO - Processing file /Users/karenwang/anaconda3/envs/airflow_sqlite_env/lib/python3.9/site-packages/airflow/example_dags/subdags/subdag.py for tasks to queue
[2024-10-13T21:04:00.734-0400] {logging_mixin.py:190} INFO - [2024-10-13T21:04:00.734-0400] {dagbag.py:588} INFO - Filling up the DagBag from /Users/karenwang/anaconda3/envs/airflow_sqlite_env/lib/python3.9/site-packages/airflow/example_dags/subdags/subdag.py
[2024-10-13T21:04:00.737-0400] {processor.py:927} WARNING - No viable dags retrieved from /Users/karenwang/anaconda3/envs/airflow_sqlite_env/lib/python3.9/site-packages/airflow/example_dags/subdags/subdag.py
[2024-10-13T21:04:00.932-0400] {processor.py:208} INFO - Processing /Users/karenwang/anaconda3/envs/airflow_sqlite_env/lib/python3.9/site-packages/airflow/example_dags/subdags/subdag.py took 0.207 seconds
[2024-10-13T21:08:44.059-0400] {processor.py:186} INFO - Started process (PID=46822) to work on /Users/karenwang/anaconda3/envs/airflow_sqlite_env/lib/python3.9/site-packages/airflow/example_dags/subdags/subdag.py
[2024-10-13T21:08:44.061-0400] {processor.py:914} INFO - Processing file /Users/karenwang/anaconda3/envs/airflow_sqlite_env/lib/python3.9/site-packages/airflow/example_dags/subdags/subdag.py for tasks to queue
[2024-10-13T21:08:44.063-0400] {logging_mixin.py:190} INFO - [2024-10-13T21:08:44.062-0400] {dagbag.py:588} INFO - Filling up the DagBag from /Users/karenwang/anaconda3/envs/airflow_sqlite_env/lib/python3.9/site-packages/airflow/example_dags/subdags/subdag.py
[2024-10-13T21:08:44.065-0400] {processor.py:927} WARNING - No viable dags retrieved from /Users/karenwang/anaconda3/envs/airflow_sqlite_env/lib/python3.9/site-packages/airflow/example_dags/subdags/subdag.py
[2024-10-13T21:08:44.266-0400] {processor.py:208} INFO - Processing /Users/karenwang/anaconda3/envs/airflow_sqlite_env/lib/python3.9/site-packages/airflow/example_dags/subdags/subdag.py took 0.212 seconds
[2024-10-13T21:13:50.991-0400] {processor.py:186} INFO - Started process (PID=48416) to work on /Users/karenwang/anaconda3/envs/airflow_sqlite_env/lib/python3.9/site-packages/airflow/example_dags/subdags/subdag.py
[2024-10-13T21:13:50.993-0400] {processor.py:914} INFO - Processing file /Users/karenwang/anaconda3/envs/airflow_sqlite_env/lib/python3.9/site-packages/airflow/example_dags/subdags/subdag.py for tasks to queue
[2024-10-13T21:13:50.994-0400] {logging_mixin.py:190} INFO - [2024-10-13T21:13:50.994-0400] {dagbag.py:588} INFO - Filling up the DagBag from /Users/karenwang/anaconda3/envs/airflow_sqlite_env/lib/python3.9/site-packages/airflow/example_dags/subdags/subdag.py
[2024-10-13T21:13:50.998-0400] {processor.py:927} WARNING - No viable dags retrieved from /Users/karenwang/anaconda3/envs/airflow_sqlite_env/lib/python3.9/site-packages/airflow/example_dags/subdags/subdag.py
[2024-10-13T21:13:51.199-0400] {processor.py:208} INFO - Processing /Users/karenwang/anaconda3/envs/airflow_sqlite_env/lib/python3.9/site-packages/airflow/example_dags/subdags/subdag.py took 0.214 seconds
[2024-10-13T21:17:49.821-0400] {processor.py:186} INFO - Started process (PID=49894) to work on /Users/karenwang/anaconda3/envs/airflow_sqlite_env/lib/python3.9/site-packages/airflow/example_dags/subdags/subdag.py
[2024-10-13T21:17:49.823-0400] {processor.py:914} INFO - Processing file /Users/karenwang/anaconda3/envs/airflow_sqlite_env/lib/python3.9/site-packages/airflow/example_dags/subdags/subdag.py for tasks to queue
[2024-10-13T21:17:49.825-0400] {logging_mixin.py:190} INFO - [2024-10-13T21:17:49.824-0400] {dagbag.py:588} INFO - Filling up the DagBag from /Users/karenwang/anaconda3/envs/airflow_sqlite_env/lib/python3.9/site-packages/airflow/example_dags/subdags/subdag.py
[2024-10-13T21:17:49.827-0400] {processor.py:927} WARNING - No viable dags retrieved from /Users/karenwang/anaconda3/envs/airflow_sqlite_env/lib/python3.9/site-packages/airflow/example_dags/subdags/subdag.py
[2024-10-13T21:17:50.010-0400] {processor.py:208} INFO - Processing /Users/karenwang/anaconda3/envs/airflow_sqlite_env/lib/python3.9/site-packages/airflow/example_dags/subdags/subdag.py took 0.194 seconds
[2024-10-13T21:21:31.078-0400] {processor.py:186} INFO - Started process (PID=51040) to work on /Users/karenwang/anaconda3/envs/airflow_sqlite_env/lib/python3.9/site-packages/airflow/example_dags/subdags/subdag.py
[2024-10-13T21:21:31.079-0400] {processor.py:914} INFO - Processing file /Users/karenwang/anaconda3/envs/airflow_sqlite_env/lib/python3.9/site-packages/airflow/example_dags/subdags/subdag.py for tasks to queue
[2024-10-13T21:21:31.081-0400] {logging_mixin.py:190} INFO - [2024-10-13T21:21:31.080-0400] {dagbag.py:588} INFO - Filling up the DagBag from /Users/karenwang/anaconda3/envs/airflow_sqlite_env/lib/python3.9/site-packages/airflow/example_dags/subdags/subdag.py
[2024-10-13T21:21:31.083-0400] {processor.py:927} WARNING - No viable dags retrieved from /Users/karenwang/anaconda3/envs/airflow_sqlite_env/lib/python3.9/site-packages/airflow/example_dags/subdags/subdag.py
[2024-10-13T21:21:31.278-0400] {processor.py:208} INFO - Processing /Users/karenwang/anaconda3/envs/airflow_sqlite_env/lib/python3.9/site-packages/airflow/example_dags/subdags/subdag.py took 0.206 seconds
[2024-10-13T21:25:12.726-0400] {processor.py:186} INFO - Started process (PID=52183) to work on /Users/karenwang/anaconda3/envs/airflow_sqlite_env/lib/python3.9/site-packages/airflow/example_dags/subdags/subdag.py
[2024-10-13T21:25:12.727-0400] {processor.py:914} INFO - Processing file /Users/karenwang/anaconda3/envs/airflow_sqlite_env/lib/python3.9/site-packages/airflow/example_dags/subdags/subdag.py for tasks to queue
[2024-10-13T21:25:12.728-0400] {logging_mixin.py:190} INFO - [2024-10-13T21:25:12.728-0400] {dagbag.py:588} INFO - Filling up the DagBag from /Users/karenwang/anaconda3/envs/airflow_sqlite_env/lib/python3.9/site-packages/airflow/example_dags/subdags/subdag.py
[2024-10-13T21:25:12.731-0400] {processor.py:927} WARNING - No viable dags retrieved from /Users/karenwang/anaconda3/envs/airflow_sqlite_env/lib/python3.9/site-packages/airflow/example_dags/subdags/subdag.py
[2024-10-13T21:25:12.927-0400] {processor.py:208} INFO - Processing /Users/karenwang/anaconda3/envs/airflow_sqlite_env/lib/python3.9/site-packages/airflow/example_dags/subdags/subdag.py took 0.208 seconds
[2024-10-13T21:28:55.076-0400] {processor.py:186} INFO - Started process (PID=53328) to work on /Users/karenwang/anaconda3/envs/airflow_sqlite_env/lib/python3.9/site-packages/airflow/example_dags/subdags/subdag.py
[2024-10-13T21:28:55.077-0400] {processor.py:914} INFO - Processing file /Users/karenwang/anaconda3/envs/airflow_sqlite_env/lib/python3.9/site-packages/airflow/example_dags/subdags/subdag.py for tasks to queue
[2024-10-13T21:28:55.078-0400] {logging_mixin.py:190} INFO - [2024-10-13T21:28:55.078-0400] {dagbag.py:588} INFO - Filling up the DagBag from /Users/karenwang/anaconda3/envs/airflow_sqlite_env/lib/python3.9/site-packages/airflow/example_dags/subdags/subdag.py
[2024-10-13T21:28:55.081-0400] {processor.py:927} WARNING - No viable dags retrieved from /Users/karenwang/anaconda3/envs/airflow_sqlite_env/lib/python3.9/site-packages/airflow/example_dags/subdags/subdag.py
[2024-10-13T21:28:55.288-0400] {processor.py:208} INFO - Processing /Users/karenwang/anaconda3/envs/airflow_sqlite_env/lib/python3.9/site-packages/airflow/example_dags/subdags/subdag.py took 0.218 seconds
[2024-10-13T21:32:57.820-0400] {processor.py:186} INFO - Started process (PID=54603) to work on /Users/karenwang/anaconda3/envs/airflow_sqlite_env/lib/python3.9/site-packages/airflow/example_dags/subdags/subdag.py
[2024-10-13T21:32:57.821-0400] {processor.py:914} INFO - Processing file /Users/karenwang/anaconda3/envs/airflow_sqlite_env/lib/python3.9/site-packages/airflow/example_dags/subdags/subdag.py for tasks to queue
[2024-10-13T21:32:57.823-0400] {logging_mixin.py:190} INFO - [2024-10-13T21:32:57.823-0400] {dagbag.py:588} INFO - Filling up the DagBag from /Users/karenwang/anaconda3/envs/airflow_sqlite_env/lib/python3.9/site-packages/airflow/example_dags/subdags/subdag.py
[2024-10-13T21:32:57.826-0400] {processor.py:927} WARNING - No viable dags retrieved from /Users/karenwang/anaconda3/envs/airflow_sqlite_env/lib/python3.9/site-packages/airflow/example_dags/subdags/subdag.py
[2024-10-13T21:32:58.030-0400] {processor.py:208} INFO - Processing /Users/karenwang/anaconda3/envs/airflow_sqlite_env/lib/python3.9/site-packages/airflow/example_dags/subdags/subdag.py took 0.217 seconds
[2024-10-13T21:36:51.486-0400] {processor.py:186} INFO - Started process (PID=55847) to work on /Users/karenwang/anaconda3/envs/airflow_sqlite_env/lib/python3.9/site-packages/airflow/example_dags/subdags/subdag.py
[2024-10-13T21:36:51.488-0400] {processor.py:914} INFO - Processing file /Users/karenwang/anaconda3/envs/airflow_sqlite_env/lib/python3.9/site-packages/airflow/example_dags/subdags/subdag.py for tasks to queue
[2024-10-13T21:36:51.490-0400] {logging_mixin.py:190} INFO - [2024-10-13T21:36:51.489-0400] {dagbag.py:588} INFO - Filling up the DagBag from /Users/karenwang/anaconda3/envs/airflow_sqlite_env/lib/python3.9/site-packages/airflow/example_dags/subdags/subdag.py
[2024-10-13T21:36:51.492-0400] {processor.py:927} WARNING - No viable dags retrieved from /Users/karenwang/anaconda3/envs/airflow_sqlite_env/lib/python3.9/site-packages/airflow/example_dags/subdags/subdag.py
[2024-10-13T21:36:51.702-0400] {processor.py:208} INFO - Processing /Users/karenwang/anaconda3/envs/airflow_sqlite_env/lib/python3.9/site-packages/airflow/example_dags/subdags/subdag.py took 0.222 seconds
[2024-10-13T21:40:45.720-0400] {processor.py:186} INFO - Started process (PID=57043) to work on /Users/karenwang/anaconda3/envs/airflow_sqlite_env/lib/python3.9/site-packages/airflow/example_dags/subdags/subdag.py
[2024-10-13T21:40:45.722-0400] {processor.py:914} INFO - Processing file /Users/karenwang/anaconda3/envs/airflow_sqlite_env/lib/python3.9/site-packages/airflow/example_dags/subdags/subdag.py for tasks to queue
[2024-10-13T21:40:45.724-0400] {logging_mixin.py:190} INFO - [2024-10-13T21:40:45.723-0400] {dagbag.py:588} INFO - Filling up the DagBag from /Users/karenwang/anaconda3/envs/airflow_sqlite_env/lib/python3.9/site-packages/airflow/example_dags/subdags/subdag.py
[2024-10-13T21:40:45.727-0400] {processor.py:927} WARNING - No viable dags retrieved from /Users/karenwang/anaconda3/envs/airflow_sqlite_env/lib/python3.9/site-packages/airflow/example_dags/subdags/subdag.py
[2024-10-13T21:40:45.931-0400] {processor.py:208} INFO - Processing /Users/karenwang/anaconda3/envs/airflow_sqlite_env/lib/python3.9/site-packages/airflow/example_dags/subdags/subdag.py took 0.216 seconds
[2024-10-13T21:44:36.421-0400] {processor.py:186} INFO - Started process (PID=58234) to work on /Users/karenwang/anaconda3/envs/airflow_sqlite_env/lib/python3.9/site-packages/airflow/example_dags/subdags/subdag.py
[2024-10-13T21:44:36.423-0400] {processor.py:914} INFO - Processing file /Users/karenwang/anaconda3/envs/airflow_sqlite_env/lib/python3.9/site-packages/airflow/example_dags/subdags/subdag.py for tasks to queue
[2024-10-13T21:44:36.424-0400] {logging_mixin.py:190} INFO - [2024-10-13T21:44:36.424-0400] {dagbag.py:588} INFO - Filling up the DagBag from /Users/karenwang/anaconda3/envs/airflow_sqlite_env/lib/python3.9/site-packages/airflow/example_dags/subdags/subdag.py
[2024-10-13T21:44:36.427-0400] {processor.py:927} WARNING - No viable dags retrieved from /Users/karenwang/anaconda3/envs/airflow_sqlite_env/lib/python3.9/site-packages/airflow/example_dags/subdags/subdag.py
[2024-10-13T21:44:36.632-0400] {processor.py:208} INFO - Processing /Users/karenwang/anaconda3/envs/airflow_sqlite_env/lib/python3.9/site-packages/airflow/example_dags/subdags/subdag.py took 0.216 seconds
[2024-10-13T21:48:38.023-0400] {processor.py:186} INFO - Started process (PID=59463) to work on /Users/karenwang/anaconda3/envs/airflow_sqlite_env/lib/python3.9/site-packages/airflow/example_dags/subdags/subdag.py
[2024-10-13T21:48:38.024-0400] {processor.py:914} INFO - Processing file /Users/karenwang/anaconda3/envs/airflow_sqlite_env/lib/python3.9/site-packages/airflow/example_dags/subdags/subdag.py for tasks to queue
[2024-10-13T21:48:38.025-0400] {logging_mixin.py:190} INFO - [2024-10-13T21:48:38.025-0400] {dagbag.py:588} INFO - Filling up the DagBag from /Users/karenwang/anaconda3/envs/airflow_sqlite_env/lib/python3.9/site-packages/airflow/example_dags/subdags/subdag.py
[2024-10-13T21:48:38.029-0400] {processor.py:927} WARNING - No viable dags retrieved from /Users/karenwang/anaconda3/envs/airflow_sqlite_env/lib/python3.9/site-packages/airflow/example_dags/subdags/subdag.py
[2024-10-13T21:48:38.253-0400] {processor.py:208} INFO - Processing /Users/karenwang/anaconda3/envs/airflow_sqlite_env/lib/python3.9/site-packages/airflow/example_dags/subdags/subdag.py took 0.236 seconds
[2024-10-13T21:52:39.662-0400] {processor.py:186} INFO - Started process (PID=60739) to work on /Users/karenwang/anaconda3/envs/airflow_sqlite_env/lib/python3.9/site-packages/airflow/example_dags/subdags/subdag.py
[2024-10-13T21:52:39.664-0400] {processor.py:914} INFO - Processing file /Users/karenwang/anaconda3/envs/airflow_sqlite_env/lib/python3.9/site-packages/airflow/example_dags/subdags/subdag.py for tasks to queue
[2024-10-13T21:52:39.665-0400] {logging_mixin.py:190} INFO - [2024-10-13T21:52:39.665-0400] {dagbag.py:588} INFO - Filling up the DagBag from /Users/karenwang/anaconda3/envs/airflow_sqlite_env/lib/python3.9/site-packages/airflow/example_dags/subdags/subdag.py
[2024-10-13T21:52:39.668-0400] {processor.py:927} WARNING - No viable dags retrieved from /Users/karenwang/anaconda3/envs/airflow_sqlite_env/lib/python3.9/site-packages/airflow/example_dags/subdags/subdag.py
[2024-10-13T21:52:39.870-0400] {processor.py:208} INFO - Processing /Users/karenwang/anaconda3/envs/airflow_sqlite_env/lib/python3.9/site-packages/airflow/example_dags/subdags/subdag.py took 0.215 seconds
[2024-10-13T21:56:39.599-0400] {processor.py:186} INFO - Started process (PID=61975) to work on /Users/karenwang/anaconda3/envs/airflow_sqlite_env/lib/python3.9/site-packages/airflow/example_dags/subdags/subdag.py
[2024-10-13T21:56:39.601-0400] {processor.py:914} INFO - Processing file /Users/karenwang/anaconda3/envs/airflow_sqlite_env/lib/python3.9/site-packages/airflow/example_dags/subdags/subdag.py for tasks to queue
[2024-10-13T21:56:39.603-0400] {logging_mixin.py:190} INFO - [2024-10-13T21:56:39.603-0400] {dagbag.py:588} INFO - Filling up the DagBag from /Users/karenwang/anaconda3/envs/airflow_sqlite_env/lib/python3.9/site-packages/airflow/example_dags/subdags/subdag.py
[2024-10-13T21:56:39.606-0400] {processor.py:927} WARNING - No viable dags retrieved from /Users/karenwang/anaconda3/envs/airflow_sqlite_env/lib/python3.9/site-packages/airflow/example_dags/subdags/subdag.py
[2024-10-13T21:56:39.804-0400] {processor.py:208} INFO - Processing /Users/karenwang/anaconda3/envs/airflow_sqlite_env/lib/python3.9/site-packages/airflow/example_dags/subdags/subdag.py took 0.211 seconds
[2024-10-13T22:00:25.268-0400] {processor.py:186} INFO - Started process (PID=63133) to work on /Users/karenwang/anaconda3/envs/airflow_sqlite_env/lib/python3.9/site-packages/airflow/example_dags/subdags/subdag.py
[2024-10-13T22:00:25.269-0400] {processor.py:914} INFO - Processing file /Users/karenwang/anaconda3/envs/airflow_sqlite_env/lib/python3.9/site-packages/airflow/example_dags/subdags/subdag.py for tasks to queue
[2024-10-13T22:00:25.271-0400] {logging_mixin.py:190} INFO - [2024-10-13T22:00:25.270-0400] {dagbag.py:588} INFO - Filling up the DagBag from /Users/karenwang/anaconda3/envs/airflow_sqlite_env/lib/python3.9/site-packages/airflow/example_dags/subdags/subdag.py
[2024-10-13T22:00:25.274-0400] {processor.py:927} WARNING - No viable dags retrieved from /Users/karenwang/anaconda3/envs/airflow_sqlite_env/lib/python3.9/site-packages/airflow/example_dags/subdags/subdag.py
[2024-10-13T22:00:25.468-0400] {processor.py:208} INFO - Processing /Users/karenwang/anaconda3/envs/airflow_sqlite_env/lib/python3.9/site-packages/airflow/example_dags/subdags/subdag.py took 0.206 seconds
[2024-10-13T22:04:23.540-0400] {processor.py:186} INFO - Started process (PID=64358) to work on /Users/karenwang/anaconda3/envs/airflow_sqlite_env/lib/python3.9/site-packages/airflow/example_dags/subdags/subdag.py
[2024-10-13T22:04:23.541-0400] {processor.py:914} INFO - Processing file /Users/karenwang/anaconda3/envs/airflow_sqlite_env/lib/python3.9/site-packages/airflow/example_dags/subdags/subdag.py for tasks to queue
[2024-10-13T22:04:23.543-0400] {logging_mixin.py:190} INFO - [2024-10-13T22:04:23.543-0400] {dagbag.py:588} INFO - Filling up the DagBag from /Users/karenwang/anaconda3/envs/airflow_sqlite_env/lib/python3.9/site-packages/airflow/example_dags/subdags/subdag.py
[2024-10-13T22:04:23.546-0400] {processor.py:927} WARNING - No viable dags retrieved from /Users/karenwang/anaconda3/envs/airflow_sqlite_env/lib/python3.9/site-packages/airflow/example_dags/subdags/subdag.py
[2024-10-13T22:04:23.758-0400] {processor.py:208} INFO - Processing /Users/karenwang/anaconda3/envs/airflow_sqlite_env/lib/python3.9/site-packages/airflow/example_dags/subdags/subdag.py took 0.223 seconds
[2024-10-13T22:08:16.364-0400] {processor.py:186} INFO - Started process (PID=65574) to work on /Users/karenwang/anaconda3/envs/airflow_sqlite_env/lib/python3.9/site-packages/airflow/example_dags/subdags/subdag.py
[2024-10-13T22:08:16.366-0400] {processor.py:914} INFO - Processing file /Users/karenwang/anaconda3/envs/airflow_sqlite_env/lib/python3.9/site-packages/airflow/example_dags/subdags/subdag.py for tasks to queue
[2024-10-13T22:08:16.368-0400] {logging_mixin.py:190} INFO - [2024-10-13T22:08:16.367-0400] {dagbag.py:588} INFO - Filling up the DagBag from /Users/karenwang/anaconda3/envs/airflow_sqlite_env/lib/python3.9/site-packages/airflow/example_dags/subdags/subdag.py
[2024-10-13T22:08:16.370-0400] {processor.py:927} WARNING - No viable dags retrieved from /Users/karenwang/anaconda3/envs/airflow_sqlite_env/lib/python3.9/site-packages/airflow/example_dags/subdags/subdag.py
[2024-10-13T22:08:16.588-0400] {processor.py:208} INFO - Processing /Users/karenwang/anaconda3/envs/airflow_sqlite_env/lib/python3.9/site-packages/airflow/example_dags/subdags/subdag.py took 0.230 seconds
[2024-10-13T22:12:10.133-0400] {processor.py:186} INFO - Started process (PID=66767) to work on /Users/karenwang/anaconda3/envs/airflow_sqlite_env/lib/python3.9/site-packages/airflow/example_dags/subdags/subdag.py
[2024-10-13T22:12:10.134-0400] {processor.py:914} INFO - Processing file /Users/karenwang/anaconda3/envs/airflow_sqlite_env/lib/python3.9/site-packages/airflow/example_dags/subdags/subdag.py for tasks to queue
[2024-10-13T22:12:10.136-0400] {logging_mixin.py:190} INFO - [2024-10-13T22:12:10.136-0400] {dagbag.py:588} INFO - Filling up the DagBag from /Users/karenwang/anaconda3/envs/airflow_sqlite_env/lib/python3.9/site-packages/airflow/example_dags/subdags/subdag.py
[2024-10-13T22:12:10.139-0400] {processor.py:927} WARNING - No viable dags retrieved from /Users/karenwang/anaconda3/envs/airflow_sqlite_env/lib/python3.9/site-packages/airflow/example_dags/subdags/subdag.py
[2024-10-13T22:12:10.335-0400] {processor.py:208} INFO - Processing /Users/karenwang/anaconda3/envs/airflow_sqlite_env/lib/python3.9/site-packages/airflow/example_dags/subdags/subdag.py took 0.208 seconds
[2024-10-13T22:16:09.934-0400] {processor.py:186} INFO - Started process (PID=67995) to work on /Users/karenwang/anaconda3/envs/airflow_sqlite_env/lib/python3.9/site-packages/airflow/example_dags/subdags/subdag.py
[2024-10-13T22:16:09.936-0400] {processor.py:914} INFO - Processing file /Users/karenwang/anaconda3/envs/airflow_sqlite_env/lib/python3.9/site-packages/airflow/example_dags/subdags/subdag.py for tasks to queue
[2024-10-13T22:16:09.938-0400] {logging_mixin.py:190} INFO - [2024-10-13T22:16:09.937-0400] {dagbag.py:588} INFO - Filling up the DagBag from /Users/karenwang/anaconda3/envs/airflow_sqlite_env/lib/python3.9/site-packages/airflow/example_dags/subdags/subdag.py
[2024-10-13T22:16:09.941-0400] {processor.py:927} WARNING - No viable dags retrieved from /Users/karenwang/anaconda3/envs/airflow_sqlite_env/lib/python3.9/site-packages/airflow/example_dags/subdags/subdag.py
[2024-10-13T22:16:10.143-0400] {processor.py:208} INFO - Processing /Users/karenwang/anaconda3/envs/airflow_sqlite_env/lib/python3.9/site-packages/airflow/example_dags/subdags/subdag.py took 0.215 seconds
[2024-10-13T22:20:08.629-0400] {processor.py:186} INFO - Started process (PID=69214) to work on /Users/karenwang/anaconda3/envs/airflow_sqlite_env/lib/python3.9/site-packages/airflow/example_dags/subdags/subdag.py
[2024-10-13T22:20:08.642-0400] {processor.py:914} INFO - Processing file /Users/karenwang/anaconda3/envs/airflow_sqlite_env/lib/python3.9/site-packages/airflow/example_dags/subdags/subdag.py for tasks to queue
[2024-10-13T22:20:08.644-0400] {logging_mixin.py:190} INFO - [2024-10-13T22:20:08.643-0400] {dagbag.py:588} INFO - Filling up the DagBag from /Users/karenwang/anaconda3/envs/airflow_sqlite_env/lib/python3.9/site-packages/airflow/example_dags/subdags/subdag.py
[2024-10-13T22:20:08.665-0400] {processor.py:927} WARNING - No viable dags retrieved from /Users/karenwang/anaconda3/envs/airflow_sqlite_env/lib/python3.9/site-packages/airflow/example_dags/subdags/subdag.py
[2024-10-13T22:20:08.862-0400] {processor.py:208} INFO - Processing /Users/karenwang/anaconda3/envs/airflow_sqlite_env/lib/python3.9/site-packages/airflow/example_dags/subdags/subdag.py took 0.239 seconds
[2024-10-13T22:24:17.702-0400] {processor.py:186} INFO - Started process (PID=70539) to work on /Users/karenwang/anaconda3/envs/airflow_sqlite_env/lib/python3.9/site-packages/airflow/example_dags/subdags/subdag.py
[2024-10-13T22:24:17.703-0400] {processor.py:914} INFO - Processing file /Users/karenwang/anaconda3/envs/airflow_sqlite_env/lib/python3.9/site-packages/airflow/example_dags/subdags/subdag.py for tasks to queue
[2024-10-13T22:24:17.705-0400] {logging_mixin.py:190} INFO - [2024-10-13T22:24:17.704-0400] {dagbag.py:588} INFO - Filling up the DagBag from /Users/karenwang/anaconda3/envs/airflow_sqlite_env/lib/python3.9/site-packages/airflow/example_dags/subdags/subdag.py
[2024-10-13T22:24:17.707-0400] {processor.py:927} WARNING - No viable dags retrieved from /Users/karenwang/anaconda3/envs/airflow_sqlite_env/lib/python3.9/site-packages/airflow/example_dags/subdags/subdag.py
[2024-10-13T22:24:17.900-0400] {processor.py:208} INFO - Processing /Users/karenwang/anaconda3/envs/airflow_sqlite_env/lib/python3.9/site-packages/airflow/example_dags/subdags/subdag.py took 0.204 seconds
[2024-10-13T22:29:39.436-0400] {processor.py:186} INFO - Started process (PID=72295) to work on /Users/karenwang/anaconda3/envs/airflow_sqlite_env/lib/python3.9/site-packages/airflow/example_dags/subdags/subdag.py
[2024-10-13T22:29:39.437-0400] {processor.py:914} INFO - Processing file /Users/karenwang/anaconda3/envs/airflow_sqlite_env/lib/python3.9/site-packages/airflow/example_dags/subdags/subdag.py for tasks to queue
[2024-10-13T22:29:39.439-0400] {logging_mixin.py:190} INFO - [2024-10-13T22:29:39.439-0400] {dagbag.py:588} INFO - Filling up the DagBag from /Users/karenwang/anaconda3/envs/airflow_sqlite_env/lib/python3.9/site-packages/airflow/example_dags/subdags/subdag.py
[2024-10-13T22:29:39.441-0400] {processor.py:927} WARNING - No viable dags retrieved from /Users/karenwang/anaconda3/envs/airflow_sqlite_env/lib/python3.9/site-packages/airflow/example_dags/subdags/subdag.py
[2024-10-13T22:29:39.662-0400] {processor.py:208} INFO - Processing /Users/karenwang/anaconda3/envs/airflow_sqlite_env/lib/python3.9/site-packages/airflow/example_dags/subdags/subdag.py took 0.232 seconds
[2024-10-13T22:32:48.602-0400] {processor.py:186} INFO - Started process (PID=73422) to work on /Users/karenwang/anaconda3/envs/airflow_sqlite_env/lib/python3.9/site-packages/airflow/example_dags/subdags/subdag.py
[2024-10-13T22:32:48.604-0400] {processor.py:914} INFO - Processing file /Users/karenwang/anaconda3/envs/airflow_sqlite_env/lib/python3.9/site-packages/airflow/example_dags/subdags/subdag.py for tasks to queue
[2024-10-13T22:32:48.606-0400] {logging_mixin.py:190} INFO - [2024-10-13T22:32:48.606-0400] {dagbag.py:588} INFO - Filling up the DagBag from /Users/karenwang/anaconda3/envs/airflow_sqlite_env/lib/python3.9/site-packages/airflow/example_dags/subdags/subdag.py
[2024-10-13T22:32:48.610-0400] {processor.py:927} WARNING - No viable dags retrieved from /Users/karenwang/anaconda3/envs/airflow_sqlite_env/lib/python3.9/site-packages/airflow/example_dags/subdags/subdag.py
[2024-10-13T22:32:48.837-0400] {processor.py:208} INFO - Processing /Users/karenwang/anaconda3/envs/airflow_sqlite_env/lib/python3.9/site-packages/airflow/example_dags/subdags/subdag.py took 0.240 seconds
[2024-10-13T22:38:50.280-0400] {processor.py:186} INFO - Started process (PID=75371) to work on /Users/karenwang/anaconda3/envs/airflow_sqlite_env/lib/python3.9/site-packages/airflow/example_dags/subdags/subdag.py
[2024-10-13T22:38:50.282-0400] {processor.py:914} INFO - Processing file /Users/karenwang/anaconda3/envs/airflow_sqlite_env/lib/python3.9/site-packages/airflow/example_dags/subdags/subdag.py for tasks to queue
[2024-10-13T22:38:50.284-0400] {logging_mixin.py:190} INFO - [2024-10-13T22:38:50.283-0400] {dagbag.py:588} INFO - Filling up the DagBag from /Users/karenwang/anaconda3/envs/airflow_sqlite_env/lib/python3.9/site-packages/airflow/example_dags/subdags/subdag.py
[2024-10-13T22:38:50.288-0400] {processor.py:927} WARNING - No viable dags retrieved from /Users/karenwang/anaconda3/envs/airflow_sqlite_env/lib/python3.9/site-packages/airflow/example_dags/subdags/subdag.py
[2024-10-13T22:38:50.504-0400] {processor.py:208} INFO - Processing /Users/karenwang/anaconda3/envs/airflow_sqlite_env/lib/python3.9/site-packages/airflow/example_dags/subdags/subdag.py took 0.230 seconds
