[2024-10-13T03:49:38.598-0400] {local_task_job_runner.py:123} INFO - ::group::Pre task execution logs
[2024-10-13T03:49:38.615-0400] {taskinstance.py:2612} INFO - Dependencies all met for dep_context=non-requeueable deps ti=<TaskInstance: bixi_etl_pipeline.extract_task manual__2024-10-13T07:49:22.361449+00:00 [queued]>
[2024-10-13T03:49:38.622-0400] {taskinstance.py:2612} INFO - Dependencies all met for dep_context=requeueable deps ti=<TaskInstance: bixi_etl_pipeline.extract_task manual__2024-10-13T07:49:22.361449+00:00 [queued]>
[2024-10-13T03:49:38.622-0400] {taskinstance.py:2865} INFO - Starting attempt 1 of 1
[2024-10-13T03:49:38.640-0400] {taskinstance.py:2888} INFO - Executing <Task(PythonOperator): extract_task> on 2024-10-13 07:49:22.361449+00:00
[2024-10-13T03:49:38.648-0400] {standard_task_runner.py:72} INFO - Started process 34864 to run task
[2024-10-13T03:49:38.655-0400] {clientserver.py:543} INFO - Closing down clientserver connection
[2024-10-13T03:49:38.667-0400] {standard_task_runner.py:104} INFO - Running: ['airflow', 'tasks', 'run', 'bixi_etl_pipeline', 'extract_task', 'manual__2024-10-13T07:49:22.361449+00:00', '--job-id', '168', '--raw', '--subdir', 'DAGS_FOLDER/bixi_etl_pipeline.py', '--cfg-path', '/var/folders/bj/4z3t139j7xj2qng4wk4y16ym0000gn/T/tmph0uyzfbb']
[2024-10-13T03:49:38.668-0400] {standard_task_runner.py:105} INFO - Job 168: Subtask extract_task
[2024-10-13T03:49:38.744-0400] {task_command.py:467} INFO - Running <TaskInstance: bixi_etl_pipeline.extract_task manual__2024-10-13T07:49:22.361449+00:00 [running]> on host karendembp.home
[2024-10-13T03:49:39.036-0400] {taskinstance.py:3131} INFO - Exporting env vars: AIRFLOW_CTX_DAG_OWNER='airflow' AIRFLOW_CTX_DAG_ID='bixi_etl_pipeline' AIRFLOW_CTX_TASK_ID='extract_task' AIRFLOW_CTX_EXECUTION_DATE='2024-10-13T07:49:22.361449+00:00' AIRFLOW_CTX_TRY_NUMBER='1' AIRFLOW_CTX_DAG_RUN_ID='manual__2024-10-13T07:49:22.361449+00:00'
[2024-10-13T03:49:39.037-0400] {logging_mixin.py:190} INFO - Task instance is in running state
[2024-10-13T03:49:39.038-0400] {logging_mixin.py:190} INFO -  Previous state of the Task instance: queued
[2024-10-13T03:49:39.039-0400] {logging_mixin.py:190} INFO - Current task name:extract_task state:running start_date:2024-10-13 07:49:38.615607+00:00
[2024-10-13T03:49:39.040-0400] {logging_mixin.py:190} INFO - Dag name:bixi_etl_pipeline and current dag run status:running
[2024-10-13T03:49:39.041-0400] {taskinstance.py:731} INFO - ::endgroup::
[2024-10-13T03:49:39.519-0400] {python.py:240} INFO - Done. Returned value was: None
[2024-10-13T03:49:39.526-0400] {taskinstance.py:340} INFO - ::group::Post task execution logs
[2024-10-13T03:49:39.528-0400] {taskinstance.py:352} INFO - Marking task as SUCCESS. dag_id=bixi_etl_pipeline, task_id=extract_task, run_id=manual__2024-10-13T07:49:22.361449+00:00, execution_date=20241013T074922, start_date=20241013T074938, end_date=20241013T074939
[2024-10-13T03:49:39.539-0400] {logging_mixin.py:190} INFO - Task instance in success state
[2024-10-13T03:49:39.540-0400] {logging_mixin.py:190} INFO -  Previous state of the Task instance: running
[2024-10-13T03:49:39.541-0400] {logging_mixin.py:190} INFO - Dag name:bixi_etl_pipeline queued_at:2024-10-13 07:49:22.387382+00:00
[2024-10-13T03:49:39.541-0400] {logging_mixin.py:190} INFO - Task hostname:karendembp.home operator:PythonOperator
[2024-10-13T03:49:39.591-0400] {local_task_job_runner.py:266} INFO - Task exited with return code 0
[2024-10-13T03:49:39.621-0400] {taskinstance.py:3900} INFO - 1 downstream tasks scheduled from follow-on schedule check
[2024-10-13T03:49:39.623-0400] {local_task_job_runner.py:245} INFO - ::endgroup::
