[2024-10-13T20:00:16.313-0400] {processor.py:186} INFO - Started process (PID=25193) to work on /Users/karenwang/anaconda3/envs/airflow_sqlite_env/lib/python3.9/site-packages/airflow/example_dags/plugins/event_listener.py
[2024-10-13T20:00:16.314-0400] {processor.py:914} INFO - Processing file /Users/karenwang/anaconda3/envs/airflow_sqlite_env/lib/python3.9/site-packages/airflow/example_dags/plugins/event_listener.py for tasks to queue
[2024-10-13T20:00:16.316-0400] {logging_mixin.py:190} INFO - [2024-10-13T20:00:16.316-0400] {dagbag.py:588} INFO - Filling up the DagBag from /Users/karenwang/anaconda3/envs/airflow_sqlite_env/lib/python3.9/site-packages/airflow/example_dags/plugins/event_listener.py
[2024-10-13T20:00:16.317-0400] {processor.py:927} WARNING - No viable dags retrieved from /Users/karenwang/anaconda3/envs/airflow_sqlite_env/lib/python3.9/site-packages/airflow/example_dags/plugins/event_listener.py
[2024-10-13T20:00:16.511-0400] {processor.py:208} INFO - Processing /Users/karenwang/anaconda3/envs/airflow_sqlite_env/lib/python3.9/site-packages/airflow/example_dags/plugins/event_listener.py took 0.204 seconds
[2024-10-13T20:04:23.358-0400] {processor.py:186} INFO - Started process (PID=26491) to work on /Users/karenwang/anaconda3/envs/airflow_sqlite_env/lib/python3.9/site-packages/airflow/example_dags/plugins/event_listener.py
[2024-10-13T20:04:23.359-0400] {processor.py:914} INFO - Processing file /Users/karenwang/anaconda3/envs/airflow_sqlite_env/lib/python3.9/site-packages/airflow/example_dags/plugins/event_listener.py for tasks to queue
[2024-10-13T20:04:23.361-0400] {logging_mixin.py:190} INFO - [2024-10-13T20:04:23.361-0400] {dagbag.py:588} INFO - Filling up the DagBag from /Users/karenwang/anaconda3/envs/airflow_sqlite_env/lib/python3.9/site-packages/airflow/example_dags/plugins/event_listener.py
[2024-10-13T20:04:23.362-0400] {processor.py:927} WARNING - No viable dags retrieved from /Users/karenwang/anaconda3/envs/airflow_sqlite_env/lib/python3.9/site-packages/airflow/example_dags/plugins/event_listener.py
[2024-10-13T20:04:23.543-0400] {processor.py:208} INFO - Processing /Users/karenwang/anaconda3/envs/airflow_sqlite_env/lib/python3.9/site-packages/airflow/example_dags/plugins/event_listener.py took 0.190 seconds
[2024-10-13T20:08:28.959-0400] {processor.py:186} INFO - Started process (PID=27739) to work on /Users/karenwang/anaconda3/envs/airflow_sqlite_env/lib/python3.9/site-packages/airflow/example_dags/plugins/event_listener.py
[2024-10-13T20:08:28.961-0400] {processor.py:914} INFO - Processing file /Users/karenwang/anaconda3/envs/airflow_sqlite_env/lib/python3.9/site-packages/airflow/example_dags/plugins/event_listener.py for tasks to queue
[2024-10-13T20:08:28.962-0400] {logging_mixin.py:190} INFO - [2024-10-13T20:08:28.962-0400] {dagbag.py:588} INFO - Filling up the DagBag from /Users/karenwang/anaconda3/envs/airflow_sqlite_env/lib/python3.9/site-packages/airflow/example_dags/plugins/event_listener.py
[2024-10-13T20:08:28.964-0400] {processor.py:927} WARNING - No viable dags retrieved from /Users/karenwang/anaconda3/envs/airflow_sqlite_env/lib/python3.9/site-packages/airflow/example_dags/plugins/event_listener.py
[2024-10-13T20:08:29.181-0400] {processor.py:208} INFO - Processing /Users/karenwang/anaconda3/envs/airflow_sqlite_env/lib/python3.9/site-packages/airflow/example_dags/plugins/event_listener.py took 0.228 seconds
[2024-10-13T20:12:22.101-0400] {processor.py:186} INFO - Started process (PID=28931) to work on /Users/karenwang/anaconda3/envs/airflow_sqlite_env/lib/python3.9/site-packages/airflow/example_dags/plugins/event_listener.py
[2024-10-13T20:12:22.102-0400] {processor.py:914} INFO - Processing file /Users/karenwang/anaconda3/envs/airflow_sqlite_env/lib/python3.9/site-packages/airflow/example_dags/plugins/event_listener.py for tasks to queue
[2024-10-13T20:12:22.104-0400] {logging_mixin.py:190} INFO - [2024-10-13T20:12:22.103-0400] {dagbag.py:588} INFO - Filling up the DagBag from /Users/karenwang/anaconda3/envs/airflow_sqlite_env/lib/python3.9/site-packages/airflow/example_dags/plugins/event_listener.py
[2024-10-13T20:12:22.106-0400] {processor.py:927} WARNING - No viable dags retrieved from /Users/karenwang/anaconda3/envs/airflow_sqlite_env/lib/python3.9/site-packages/airflow/example_dags/plugins/event_listener.py
[2024-10-13T20:12:22.334-0400] {processor.py:208} INFO - Processing /Users/karenwang/anaconda3/envs/airflow_sqlite_env/lib/python3.9/site-packages/airflow/example_dags/plugins/event_listener.py took 0.239 seconds
[2024-10-13T20:16:33.129-0400] {processor.py:186} INFO - Started process (PID=30210) to work on /Users/karenwang/anaconda3/envs/airflow_sqlite_env/lib/python3.9/site-packages/airflow/example_dags/plugins/event_listener.py
[2024-10-13T20:16:33.131-0400] {processor.py:914} INFO - Processing file /Users/karenwang/anaconda3/envs/airflow_sqlite_env/lib/python3.9/site-packages/airflow/example_dags/plugins/event_listener.py for tasks to queue
[2024-10-13T20:16:33.133-0400] {logging_mixin.py:190} INFO - [2024-10-13T20:16:33.133-0400] {dagbag.py:588} INFO - Filling up the DagBag from /Users/karenwang/anaconda3/envs/airflow_sqlite_env/lib/python3.9/site-packages/airflow/example_dags/plugins/event_listener.py
[2024-10-13T20:16:33.134-0400] {processor.py:927} WARNING - No viable dags retrieved from /Users/karenwang/anaconda3/envs/airflow_sqlite_env/lib/python3.9/site-packages/airflow/example_dags/plugins/event_listener.py
[2024-10-13T20:16:33.323-0400] {processor.py:208} INFO - Processing /Users/karenwang/anaconda3/envs/airflow_sqlite_env/lib/python3.9/site-packages/airflow/example_dags/plugins/event_listener.py took 0.199 seconds
[2024-10-13T20:20:49.041-0400] {processor.py:186} INFO - Started process (PID=31537) to work on /Users/karenwang/anaconda3/envs/airflow_sqlite_env/lib/python3.9/site-packages/airflow/example_dags/plugins/event_listener.py
[2024-10-13T20:20:49.045-0400] {processor.py:914} INFO - Processing file /Users/karenwang/anaconda3/envs/airflow_sqlite_env/lib/python3.9/site-packages/airflow/example_dags/plugins/event_listener.py for tasks to queue
[2024-10-13T20:20:49.046-0400] {logging_mixin.py:190} INFO - [2024-10-13T20:20:49.046-0400] {dagbag.py:588} INFO - Filling up the DagBag from /Users/karenwang/anaconda3/envs/airflow_sqlite_env/lib/python3.9/site-packages/airflow/example_dags/plugins/event_listener.py
[2024-10-13T20:20:49.048-0400] {processor.py:927} WARNING - No viable dags retrieved from /Users/karenwang/anaconda3/envs/airflow_sqlite_env/lib/python3.9/site-packages/airflow/example_dags/plugins/event_listener.py
[2024-10-13T20:20:49.310-0400] {processor.py:208} INFO - Processing /Users/karenwang/anaconda3/envs/airflow_sqlite_env/lib/python3.9/site-packages/airflow/example_dags/plugins/event_listener.py took 0.275 seconds
[2024-10-13T20:26:25.972-0400] {processor.py:186} INFO - Started process (PID=33412) to work on /Users/karenwang/anaconda3/envs/airflow_sqlite_env/lib/python3.9/site-packages/airflow/example_dags/plugins/event_listener.py
[2024-10-13T20:26:25.975-0400] {processor.py:914} INFO - Processing file /Users/karenwang/anaconda3/envs/airflow_sqlite_env/lib/python3.9/site-packages/airflow/example_dags/plugins/event_listener.py for tasks to queue
[2024-10-13T20:26:25.976-0400] {logging_mixin.py:190} INFO - [2024-10-13T20:26:25.976-0400] {dagbag.py:588} INFO - Filling up the DagBag from /Users/karenwang/anaconda3/envs/airflow_sqlite_env/lib/python3.9/site-packages/airflow/example_dags/plugins/event_listener.py
[2024-10-13T20:26:25.992-0400] {processor.py:927} WARNING - No viable dags retrieved from /Users/karenwang/anaconda3/envs/airflow_sqlite_env/lib/python3.9/site-packages/airflow/example_dags/plugins/event_listener.py
[2024-10-13T20:26:26.778-0400] {processor.py:208} INFO - Processing /Users/karenwang/anaconda3/envs/airflow_sqlite_env/lib/python3.9/site-packages/airflow/example_dags/plugins/event_listener.py took 0.813 seconds
[2024-10-13T20:31:16.141-0400] {processor.py:186} INFO - Started process (PID=35098) to work on /Users/karenwang/anaconda3/envs/airflow_sqlite_env/lib/python3.9/site-packages/airflow/example_dags/plugins/event_listener.py
[2024-10-13T20:31:16.142-0400] {processor.py:914} INFO - Processing file /Users/karenwang/anaconda3/envs/airflow_sqlite_env/lib/python3.9/site-packages/airflow/example_dags/plugins/event_listener.py for tasks to queue
[2024-10-13T20:31:16.144-0400] {logging_mixin.py:190} INFO - [2024-10-13T20:31:16.144-0400] {dagbag.py:588} INFO - Filling up the DagBag from /Users/karenwang/anaconda3/envs/airflow_sqlite_env/lib/python3.9/site-packages/airflow/example_dags/plugins/event_listener.py
[2024-10-13T20:31:16.146-0400] {processor.py:927} WARNING - No viable dags retrieved from /Users/karenwang/anaconda3/envs/airflow_sqlite_env/lib/python3.9/site-packages/airflow/example_dags/plugins/event_listener.py
[2024-10-13T20:31:16.336-0400] {processor.py:208} INFO - Processing /Users/karenwang/anaconda3/envs/airflow_sqlite_env/lib/python3.9/site-packages/airflow/example_dags/plugins/event_listener.py took 0.201 seconds
[2024-10-13T20:34:55.708-0400] {processor.py:186} INFO - Started process (PID=36237) to work on /Users/karenwang/anaconda3/envs/airflow_sqlite_env/lib/python3.9/site-packages/airflow/example_dags/plugins/event_listener.py
[2024-10-13T20:34:55.710-0400] {processor.py:914} INFO - Processing file /Users/karenwang/anaconda3/envs/airflow_sqlite_env/lib/python3.9/site-packages/airflow/example_dags/plugins/event_listener.py for tasks to queue
[2024-10-13T20:34:55.711-0400] {logging_mixin.py:190} INFO - [2024-10-13T20:34:55.711-0400] {dagbag.py:588} INFO - Filling up the DagBag from /Users/karenwang/anaconda3/envs/airflow_sqlite_env/lib/python3.9/site-packages/airflow/example_dags/plugins/event_listener.py
[2024-10-13T20:34:55.713-0400] {processor.py:927} WARNING - No viable dags retrieved from /Users/karenwang/anaconda3/envs/airflow_sqlite_env/lib/python3.9/site-packages/airflow/example_dags/plugins/event_listener.py
[2024-10-13T20:34:55.892-0400] {processor.py:208} INFO - Processing /Users/karenwang/anaconda3/envs/airflow_sqlite_env/lib/python3.9/site-packages/airflow/example_dags/plugins/event_listener.py took 0.190 seconds
[2024-10-13T20:38:35.820-0400] {processor.py:186} INFO - Started process (PID=37388) to work on /Users/karenwang/anaconda3/envs/airflow_sqlite_env/lib/python3.9/site-packages/airflow/example_dags/plugins/event_listener.py
[2024-10-13T20:38:35.822-0400] {processor.py:914} INFO - Processing file /Users/karenwang/anaconda3/envs/airflow_sqlite_env/lib/python3.9/site-packages/airflow/example_dags/plugins/event_listener.py for tasks to queue
[2024-10-13T20:38:35.823-0400] {logging_mixin.py:190} INFO - [2024-10-13T20:38:35.823-0400] {dagbag.py:588} INFO - Filling up the DagBag from /Users/karenwang/anaconda3/envs/airflow_sqlite_env/lib/python3.9/site-packages/airflow/example_dags/plugins/event_listener.py
[2024-10-13T20:38:35.825-0400] {processor.py:927} WARNING - No viable dags retrieved from /Users/karenwang/anaconda3/envs/airflow_sqlite_env/lib/python3.9/site-packages/airflow/example_dags/plugins/event_listener.py
[2024-10-13T20:38:36.015-0400] {processor.py:208} INFO - Processing /Users/karenwang/anaconda3/envs/airflow_sqlite_env/lib/python3.9/site-packages/airflow/example_dags/plugins/event_listener.py took 0.201 seconds
[2024-10-13T20:42:15.441-0400] {processor.py:186} INFO - Started process (PID=38524) to work on /Users/karenwang/anaconda3/envs/airflow_sqlite_env/lib/python3.9/site-packages/airflow/example_dags/plugins/event_listener.py
[2024-10-13T20:42:15.442-0400] {processor.py:914} INFO - Processing file /Users/karenwang/anaconda3/envs/airflow_sqlite_env/lib/python3.9/site-packages/airflow/example_dags/plugins/event_listener.py for tasks to queue
[2024-10-13T20:42:15.444-0400] {logging_mixin.py:190} INFO - [2024-10-13T20:42:15.443-0400] {dagbag.py:588} INFO - Filling up the DagBag from /Users/karenwang/anaconda3/envs/airflow_sqlite_env/lib/python3.9/site-packages/airflow/example_dags/plugins/event_listener.py
[2024-10-13T20:42:15.445-0400] {processor.py:927} WARNING - No viable dags retrieved from /Users/karenwang/anaconda3/envs/airflow_sqlite_env/lib/python3.9/site-packages/airflow/example_dags/plugins/event_listener.py
[2024-10-13T20:42:15.607-0400] {processor.py:208} INFO - Processing /Users/karenwang/anaconda3/envs/airflow_sqlite_env/lib/python3.9/site-packages/airflow/example_dags/plugins/event_listener.py took 0.172 seconds
[2024-10-13T20:45:54.219-0400] {processor.py:186} INFO - Started process (PID=39653) to work on /Users/karenwang/anaconda3/envs/airflow_sqlite_env/lib/python3.9/site-packages/airflow/example_dags/plugins/event_listener.py
[2024-10-13T20:45:54.221-0400] {processor.py:914} INFO - Processing file /Users/karenwang/anaconda3/envs/airflow_sqlite_env/lib/python3.9/site-packages/airflow/example_dags/plugins/event_listener.py for tasks to queue
[2024-10-13T20:45:54.222-0400] {logging_mixin.py:190} INFO - [2024-10-13T20:45:54.222-0400] {dagbag.py:588} INFO - Filling up the DagBag from /Users/karenwang/anaconda3/envs/airflow_sqlite_env/lib/python3.9/site-packages/airflow/example_dags/plugins/event_listener.py
[2024-10-13T20:45:54.224-0400] {processor.py:927} WARNING - No viable dags retrieved from /Users/karenwang/anaconda3/envs/airflow_sqlite_env/lib/python3.9/site-packages/airflow/example_dags/plugins/event_listener.py
[2024-10-13T20:45:54.403-0400] {processor.py:208} INFO - Processing /Users/karenwang/anaconda3/envs/airflow_sqlite_env/lib/python3.9/site-packages/airflow/example_dags/plugins/event_listener.py took 0.190 seconds
[2024-10-13T20:49:34.942-0400] {processor.py:186} INFO - Started process (PID=40802) to work on /Users/karenwang/anaconda3/envs/airflow_sqlite_env/lib/python3.9/site-packages/airflow/example_dags/plugins/event_listener.py
[2024-10-13T20:49:34.944-0400] {processor.py:914} INFO - Processing file /Users/karenwang/anaconda3/envs/airflow_sqlite_env/lib/python3.9/site-packages/airflow/example_dags/plugins/event_listener.py for tasks to queue
[2024-10-13T20:49:34.946-0400] {logging_mixin.py:190} INFO - [2024-10-13T20:49:34.945-0400] {dagbag.py:588} INFO - Filling up the DagBag from /Users/karenwang/anaconda3/envs/airflow_sqlite_env/lib/python3.9/site-packages/airflow/example_dags/plugins/event_listener.py
[2024-10-13T20:49:34.948-0400] {processor.py:927} WARNING - No viable dags retrieved from /Users/karenwang/anaconda3/envs/airflow_sqlite_env/lib/python3.9/site-packages/airflow/example_dags/plugins/event_listener.py
[2024-10-13T20:49:35.141-0400] {processor.py:208} INFO - Processing /Users/karenwang/anaconda3/envs/airflow_sqlite_env/lib/python3.9/site-packages/airflow/example_dags/plugins/event_listener.py took 0.205 seconds
[2024-10-13T20:53:13.012-0400] {processor.py:186} INFO - Started process (PID=41936) to work on /Users/karenwang/anaconda3/envs/airflow_sqlite_env/lib/python3.9/site-packages/airflow/example_dags/plugins/event_listener.py
[2024-10-13T20:53:13.013-0400] {processor.py:914} INFO - Processing file /Users/karenwang/anaconda3/envs/airflow_sqlite_env/lib/python3.9/site-packages/airflow/example_dags/plugins/event_listener.py for tasks to queue
[2024-10-13T20:53:13.014-0400] {logging_mixin.py:190} INFO - [2024-10-13T20:53:13.014-0400] {dagbag.py:588} INFO - Filling up the DagBag from /Users/karenwang/anaconda3/envs/airflow_sqlite_env/lib/python3.9/site-packages/airflow/example_dags/plugins/event_listener.py
[2024-10-13T20:53:13.016-0400] {processor.py:927} WARNING - No viable dags retrieved from /Users/karenwang/anaconda3/envs/airflow_sqlite_env/lib/python3.9/site-packages/airflow/example_dags/plugins/event_listener.py
[2024-10-13T20:53:13.195-0400] {processor.py:208} INFO - Processing /Users/karenwang/anaconda3/envs/airflow_sqlite_env/lib/python3.9/site-packages/airflow/example_dags/plugins/event_listener.py took 0.191 seconds
[2024-10-13T20:56:53.967-0400] {processor.py:186} INFO - Started process (PID=43078) to work on /Users/karenwang/anaconda3/envs/airflow_sqlite_env/lib/python3.9/site-packages/airflow/example_dags/plugins/event_listener.py
[2024-10-13T20:56:53.968-0400] {processor.py:914} INFO - Processing file /Users/karenwang/anaconda3/envs/airflow_sqlite_env/lib/python3.9/site-packages/airflow/example_dags/plugins/event_listener.py for tasks to queue
[2024-10-13T20:56:53.970-0400] {logging_mixin.py:190} INFO - [2024-10-13T20:56:53.969-0400] {dagbag.py:588} INFO - Filling up the DagBag from /Users/karenwang/anaconda3/envs/airflow_sqlite_env/lib/python3.9/site-packages/airflow/example_dags/plugins/event_listener.py
[2024-10-13T20:56:53.972-0400] {processor.py:927} WARNING - No viable dags retrieved from /Users/karenwang/anaconda3/envs/airflow_sqlite_env/lib/python3.9/site-packages/airflow/example_dags/plugins/event_listener.py
[2024-10-13T20:56:54.141-0400] {processor.py:208} INFO - Processing /Users/karenwang/anaconda3/envs/airflow_sqlite_env/lib/python3.9/site-packages/airflow/example_dags/plugins/event_listener.py took 0.180 seconds
[2024-10-13T21:00:34.609-0400] {processor.py:186} INFO - Started process (PID=44219) to work on /Users/karenwang/anaconda3/envs/airflow_sqlite_env/lib/python3.9/site-packages/airflow/example_dags/plugins/event_listener.py
[2024-10-13T21:00:34.611-0400] {processor.py:914} INFO - Processing file /Users/karenwang/anaconda3/envs/airflow_sqlite_env/lib/python3.9/site-packages/airflow/example_dags/plugins/event_listener.py for tasks to queue
[2024-10-13T21:00:34.612-0400] {logging_mixin.py:190} INFO - [2024-10-13T21:00:34.612-0400] {dagbag.py:588} INFO - Filling up the DagBag from /Users/karenwang/anaconda3/envs/airflow_sqlite_env/lib/python3.9/site-packages/airflow/example_dags/plugins/event_listener.py
[2024-10-13T21:00:34.614-0400] {processor.py:927} WARNING - No viable dags retrieved from /Users/karenwang/anaconda3/envs/airflow_sqlite_env/lib/python3.9/site-packages/airflow/example_dags/plugins/event_listener.py
[2024-10-13T21:00:34.786-0400] {processor.py:208} INFO - Processing /Users/karenwang/anaconda3/envs/airflow_sqlite_env/lib/python3.9/site-packages/airflow/example_dags/plugins/event_listener.py took 0.182 seconds
[2024-10-13T21:04:13.659-0400] {processor.py:186} INFO - Started process (PID=45352) to work on /Users/karenwang/anaconda3/envs/airflow_sqlite_env/lib/python3.9/site-packages/airflow/example_dags/plugins/event_listener.py
[2024-10-13T21:04:13.660-0400] {processor.py:914} INFO - Processing file /Users/karenwang/anaconda3/envs/airflow_sqlite_env/lib/python3.9/site-packages/airflow/example_dags/plugins/event_listener.py for tasks to queue
[2024-10-13T21:04:13.662-0400] {logging_mixin.py:190} INFO - [2024-10-13T21:04:13.662-0400] {dagbag.py:588} INFO - Filling up the DagBag from /Users/karenwang/anaconda3/envs/airflow_sqlite_env/lib/python3.9/site-packages/airflow/example_dags/plugins/event_listener.py
[2024-10-13T21:04:13.663-0400] {processor.py:927} WARNING - No viable dags retrieved from /Users/karenwang/anaconda3/envs/airflow_sqlite_env/lib/python3.9/site-packages/airflow/example_dags/plugins/event_listener.py
[2024-10-13T21:04:13.868-0400] {processor.py:208} INFO - Processing /Users/karenwang/anaconda3/envs/airflow_sqlite_env/lib/python3.9/site-packages/airflow/example_dags/plugins/event_listener.py took 0.215 seconds
[2024-10-13T21:09:29.497-0400] {processor.py:186} INFO - Started process (PID=47077) to work on /Users/karenwang/anaconda3/envs/airflow_sqlite_env/lib/python3.9/site-packages/airflow/example_dags/plugins/event_listener.py
[2024-10-13T21:09:29.498-0400] {processor.py:914} INFO - Processing file /Users/karenwang/anaconda3/envs/airflow_sqlite_env/lib/python3.9/site-packages/airflow/example_dags/plugins/event_listener.py for tasks to queue
[2024-10-13T21:09:29.500-0400] {logging_mixin.py:190} INFO - [2024-10-13T21:09:29.499-0400] {dagbag.py:588} INFO - Filling up the DagBag from /Users/karenwang/anaconda3/envs/airflow_sqlite_env/lib/python3.9/site-packages/airflow/example_dags/plugins/event_listener.py
[2024-10-13T21:09:29.501-0400] {processor.py:927} WARNING - No viable dags retrieved from /Users/karenwang/anaconda3/envs/airflow_sqlite_env/lib/python3.9/site-packages/airflow/example_dags/plugins/event_listener.py
[2024-10-13T21:09:29.692-0400] {processor.py:208} INFO - Processing /Users/karenwang/anaconda3/envs/airflow_sqlite_env/lib/python3.9/site-packages/airflow/example_dags/plugins/event_listener.py took 0.201 seconds
[2024-10-13T21:14:05.865-0400] {processor.py:186} INFO - Started process (PID=48498) to work on /Users/karenwang/anaconda3/envs/airflow_sqlite_env/lib/python3.9/site-packages/airflow/example_dags/plugins/event_listener.py
[2024-10-13T21:14:05.866-0400] {processor.py:914} INFO - Processing file /Users/karenwang/anaconda3/envs/airflow_sqlite_env/lib/python3.9/site-packages/airflow/example_dags/plugins/event_listener.py for tasks to queue
[2024-10-13T21:14:05.868-0400] {logging_mixin.py:190} INFO - [2024-10-13T21:14:05.867-0400] {dagbag.py:588} INFO - Filling up the DagBag from /Users/karenwang/anaconda3/envs/airflow_sqlite_env/lib/python3.9/site-packages/airflow/example_dags/plugins/event_listener.py
[2024-10-13T21:14:05.869-0400] {processor.py:927} WARNING - No viable dags retrieved from /Users/karenwang/anaconda3/envs/airflow_sqlite_env/lib/python3.9/site-packages/airflow/example_dags/plugins/event_listener.py
[2024-10-13T21:14:06.062-0400] {processor.py:208} INFO - Processing /Users/karenwang/anaconda3/envs/airflow_sqlite_env/lib/python3.9/site-packages/airflow/example_dags/plugins/event_listener.py took 0.204 seconds
[2024-10-13T21:18:03.660-0400] {processor.py:186} INFO - Started process (PID=49967) to work on /Users/karenwang/anaconda3/envs/airflow_sqlite_env/lib/python3.9/site-packages/airflow/example_dags/plugins/event_listener.py
[2024-10-13T21:18:03.662-0400] {processor.py:914} INFO - Processing file /Users/karenwang/anaconda3/envs/airflow_sqlite_env/lib/python3.9/site-packages/airflow/example_dags/plugins/event_listener.py for tasks to queue
[2024-10-13T21:18:03.663-0400] {logging_mixin.py:190} INFO - [2024-10-13T21:18:03.663-0400] {dagbag.py:588} INFO - Filling up the DagBag from /Users/karenwang/anaconda3/envs/airflow_sqlite_env/lib/python3.9/site-packages/airflow/example_dags/plugins/event_listener.py
[2024-10-13T21:18:03.665-0400] {processor.py:927} WARNING - No viable dags retrieved from /Users/karenwang/anaconda3/envs/airflow_sqlite_env/lib/python3.9/site-packages/airflow/example_dags/plugins/event_listener.py
[2024-10-13T21:18:03.858-0400] {processor.py:208} INFO - Processing /Users/karenwang/anaconda3/envs/airflow_sqlite_env/lib/python3.9/site-packages/airflow/example_dags/plugins/event_listener.py took 0.203 seconds
[2024-10-13T21:21:44.386-0400] {processor.py:186} INFO - Started process (PID=51106) to work on /Users/karenwang/anaconda3/envs/airflow_sqlite_env/lib/python3.9/site-packages/airflow/example_dags/plugins/event_listener.py
[2024-10-13T21:21:44.388-0400] {processor.py:914} INFO - Processing file /Users/karenwang/anaconda3/envs/airflow_sqlite_env/lib/python3.9/site-packages/airflow/example_dags/plugins/event_listener.py for tasks to queue
[2024-10-13T21:21:44.389-0400] {logging_mixin.py:190} INFO - [2024-10-13T21:21:44.389-0400] {dagbag.py:588} INFO - Filling up the DagBag from /Users/karenwang/anaconda3/envs/airflow_sqlite_env/lib/python3.9/site-packages/airflow/example_dags/plugins/event_listener.py
[2024-10-13T21:21:44.390-0400] {processor.py:927} WARNING - No viable dags retrieved from /Users/karenwang/anaconda3/envs/airflow_sqlite_env/lib/python3.9/site-packages/airflow/example_dags/plugins/event_listener.py
[2024-10-13T21:21:44.593-0400] {processor.py:208} INFO - Processing /Users/karenwang/anaconda3/envs/airflow_sqlite_env/lib/python3.9/site-packages/airflow/example_dags/plugins/event_listener.py took 0.213 seconds
[2024-10-13T21:25:26.040-0400] {processor.py:186} INFO - Started process (PID=52246) to work on /Users/karenwang/anaconda3/envs/airflow_sqlite_env/lib/python3.9/site-packages/airflow/example_dags/plugins/event_listener.py
[2024-10-13T21:25:26.041-0400] {processor.py:914} INFO - Processing file /Users/karenwang/anaconda3/envs/airflow_sqlite_env/lib/python3.9/site-packages/airflow/example_dags/plugins/event_listener.py for tasks to queue
[2024-10-13T21:25:26.043-0400] {logging_mixin.py:190} INFO - [2024-10-13T21:25:26.043-0400] {dagbag.py:588} INFO - Filling up the DagBag from /Users/karenwang/anaconda3/envs/airflow_sqlite_env/lib/python3.9/site-packages/airflow/example_dags/plugins/event_listener.py
[2024-10-13T21:25:26.045-0400] {processor.py:927} WARNING - No viable dags retrieved from /Users/karenwang/anaconda3/envs/airflow_sqlite_env/lib/python3.9/site-packages/airflow/example_dags/plugins/event_listener.py
[2024-10-13T21:25:26.228-0400] {processor.py:208} INFO - Processing /Users/karenwang/anaconda3/envs/airflow_sqlite_env/lib/python3.9/site-packages/airflow/example_dags/plugins/event_listener.py took 0.194 seconds
[2024-10-13T21:29:10.979-0400] {processor.py:186} INFO - Started process (PID=53425) to work on /Users/karenwang/anaconda3/envs/airflow_sqlite_env/lib/python3.9/site-packages/airflow/example_dags/plugins/event_listener.py
[2024-10-13T21:29:10.981-0400] {processor.py:914} INFO - Processing file /Users/karenwang/anaconda3/envs/airflow_sqlite_env/lib/python3.9/site-packages/airflow/example_dags/plugins/event_listener.py for tasks to queue
[2024-10-13T21:29:10.982-0400] {logging_mixin.py:190} INFO - [2024-10-13T21:29:10.982-0400] {dagbag.py:588} INFO - Filling up the DagBag from /Users/karenwang/anaconda3/envs/airflow_sqlite_env/lib/python3.9/site-packages/airflow/example_dags/plugins/event_listener.py
[2024-10-13T21:29:10.983-0400] {processor.py:927} WARNING - No viable dags retrieved from /Users/karenwang/anaconda3/envs/airflow_sqlite_env/lib/python3.9/site-packages/airflow/example_dags/plugins/event_listener.py
[2024-10-13T21:29:11.179-0400] {processor.py:208} INFO - Processing /Users/karenwang/anaconda3/envs/airflow_sqlite_env/lib/python3.9/site-packages/airflow/example_dags/plugins/event_listener.py took 0.206 seconds
[2024-10-13T21:33:12.642-0400] {processor.py:186} INFO - Started process (PID=54677) to work on /Users/karenwang/anaconda3/envs/airflow_sqlite_env/lib/python3.9/site-packages/airflow/example_dags/plugins/event_listener.py
[2024-10-13T21:33:12.644-0400] {processor.py:914} INFO - Processing file /Users/karenwang/anaconda3/envs/airflow_sqlite_env/lib/python3.9/site-packages/airflow/example_dags/plugins/event_listener.py for tasks to queue
[2024-10-13T21:33:12.646-0400] {logging_mixin.py:190} INFO - [2024-10-13T21:33:12.646-0400] {dagbag.py:588} INFO - Filling up the DagBag from /Users/karenwang/anaconda3/envs/airflow_sqlite_env/lib/python3.9/site-packages/airflow/example_dags/plugins/event_listener.py
[2024-10-13T21:33:12.648-0400] {processor.py:927} WARNING - No viable dags retrieved from /Users/karenwang/anaconda3/envs/airflow_sqlite_env/lib/python3.9/site-packages/airflow/example_dags/plugins/event_listener.py
[2024-10-13T21:33:12.862-0400] {processor.py:208} INFO - Processing /Users/karenwang/anaconda3/envs/airflow_sqlite_env/lib/python3.9/site-packages/airflow/example_dags/plugins/event_listener.py took 0.225 seconds
[2024-10-13T21:37:05.477-0400] {processor.py:186} INFO - Started process (PID=55910) to work on /Users/karenwang/anaconda3/envs/airflow_sqlite_env/lib/python3.9/site-packages/airflow/example_dags/plugins/event_listener.py
[2024-10-13T21:37:05.479-0400] {processor.py:914} INFO - Processing file /Users/karenwang/anaconda3/envs/airflow_sqlite_env/lib/python3.9/site-packages/airflow/example_dags/plugins/event_listener.py for tasks to queue
[2024-10-13T21:37:05.480-0400] {logging_mixin.py:190} INFO - [2024-10-13T21:37:05.479-0400] {dagbag.py:588} INFO - Filling up the DagBag from /Users/karenwang/anaconda3/envs/airflow_sqlite_env/lib/python3.9/site-packages/airflow/example_dags/plugins/event_listener.py
[2024-10-13T21:37:05.481-0400] {processor.py:927} WARNING - No viable dags retrieved from /Users/karenwang/anaconda3/envs/airflow_sqlite_env/lib/python3.9/site-packages/airflow/example_dags/plugins/event_listener.py
[2024-10-13T21:37:05.675-0400] {processor.py:208} INFO - Processing /Users/karenwang/anaconda3/envs/airflow_sqlite_env/lib/python3.9/site-packages/airflow/example_dags/plugins/event_listener.py took 0.204 seconds
[2024-10-13T21:41:00.607-0400] {processor.py:186} INFO - Started process (PID=57129) to work on /Users/karenwang/anaconda3/envs/airflow_sqlite_env/lib/python3.9/site-packages/airflow/example_dags/plugins/event_listener.py
[2024-10-13T21:41:00.608-0400] {processor.py:914} INFO - Processing file /Users/karenwang/anaconda3/envs/airflow_sqlite_env/lib/python3.9/site-packages/airflow/example_dags/plugins/event_listener.py for tasks to queue
[2024-10-13T21:41:00.610-0400] {logging_mixin.py:190} INFO - [2024-10-13T21:41:00.610-0400] {dagbag.py:588} INFO - Filling up the DagBag from /Users/karenwang/anaconda3/envs/airflow_sqlite_env/lib/python3.9/site-packages/airflow/example_dags/plugins/event_listener.py
[2024-10-13T21:41:00.612-0400] {processor.py:927} WARNING - No viable dags retrieved from /Users/karenwang/anaconda3/envs/airflow_sqlite_env/lib/python3.9/site-packages/airflow/example_dags/plugins/event_listener.py
[2024-10-13T21:41:00.800-0400] {processor.py:208} INFO - Processing /Users/karenwang/anaconda3/envs/airflow_sqlite_env/lib/python3.9/site-packages/airflow/example_dags/plugins/event_listener.py took 0.200 seconds
[2024-10-13T21:44:51.758-0400] {processor.py:186} INFO - Started process (PID=58308) to work on /Users/karenwang/anaconda3/envs/airflow_sqlite_env/lib/python3.9/site-packages/airflow/example_dags/plugins/event_listener.py
[2024-10-13T21:44:51.759-0400] {processor.py:914} INFO - Processing file /Users/karenwang/anaconda3/envs/airflow_sqlite_env/lib/python3.9/site-packages/airflow/example_dags/plugins/event_listener.py for tasks to queue
[2024-10-13T21:44:51.761-0400] {logging_mixin.py:190} INFO - [2024-10-13T21:44:51.760-0400] {dagbag.py:588} INFO - Filling up the DagBag from /Users/karenwang/anaconda3/envs/airflow_sqlite_env/lib/python3.9/site-packages/airflow/example_dags/plugins/event_listener.py
[2024-10-13T21:44:51.762-0400] {processor.py:927} WARNING - No viable dags retrieved from /Users/karenwang/anaconda3/envs/airflow_sqlite_env/lib/python3.9/site-packages/airflow/example_dags/plugins/event_listener.py
[2024-10-13T21:44:51.959-0400] {processor.py:208} INFO - Processing /Users/karenwang/anaconda3/envs/airflow_sqlite_env/lib/python3.9/site-packages/airflow/example_dags/plugins/event_listener.py took 0.208 seconds
[2024-10-13T21:48:53.591-0400] {processor.py:186} INFO - Started process (PID=59586) to work on /Users/karenwang/anaconda3/envs/airflow_sqlite_env/lib/python3.9/site-packages/airflow/example_dags/plugins/event_listener.py
[2024-10-13T21:48:53.593-0400] {processor.py:914} INFO - Processing file /Users/karenwang/anaconda3/envs/airflow_sqlite_env/lib/python3.9/site-packages/airflow/example_dags/plugins/event_listener.py for tasks to queue
[2024-10-13T21:48:53.594-0400] {logging_mixin.py:190} INFO - [2024-10-13T21:48:53.594-0400] {dagbag.py:588} INFO - Filling up the DagBag from /Users/karenwang/anaconda3/envs/airflow_sqlite_env/lib/python3.9/site-packages/airflow/example_dags/plugins/event_listener.py
[2024-10-13T21:48:53.596-0400] {processor.py:927} WARNING - No viable dags retrieved from /Users/karenwang/anaconda3/envs/airflow_sqlite_env/lib/python3.9/site-packages/airflow/example_dags/plugins/event_listener.py
[2024-10-13T21:48:53.810-0400] {processor.py:208} INFO - Processing /Users/karenwang/anaconda3/envs/airflow_sqlite_env/lib/python3.9/site-packages/airflow/example_dags/plugins/event_listener.py took 0.225 seconds
[2024-10-13T21:52:55.135-0400] {processor.py:186} INFO - Started process (PID=60812) to work on /Users/karenwang/anaconda3/envs/airflow_sqlite_env/lib/python3.9/site-packages/airflow/example_dags/plugins/event_listener.py
[2024-10-13T21:52:55.136-0400] {processor.py:914} INFO - Processing file /Users/karenwang/anaconda3/envs/airflow_sqlite_env/lib/python3.9/site-packages/airflow/example_dags/plugins/event_listener.py for tasks to queue
[2024-10-13T21:52:55.137-0400] {logging_mixin.py:190} INFO - [2024-10-13T21:52:55.137-0400] {dagbag.py:588} INFO - Filling up the DagBag from /Users/karenwang/anaconda3/envs/airflow_sqlite_env/lib/python3.9/site-packages/airflow/example_dags/plugins/event_listener.py
[2024-10-13T21:52:55.139-0400] {processor.py:927} WARNING - No viable dags retrieved from /Users/karenwang/anaconda3/envs/airflow_sqlite_env/lib/python3.9/site-packages/airflow/example_dags/plugins/event_listener.py
[2024-10-13T21:52:55.347-0400] {processor.py:208} INFO - Processing /Users/karenwang/anaconda3/envs/airflow_sqlite_env/lib/python3.9/site-packages/airflow/example_dags/plugins/event_listener.py took 0.219 seconds
[2024-10-13T21:56:54.513-0400] {processor.py:186} INFO - Started process (PID=62051) to work on /Users/karenwang/anaconda3/envs/airflow_sqlite_env/lib/python3.9/site-packages/airflow/example_dags/plugins/event_listener.py
[2024-10-13T21:56:54.515-0400] {processor.py:914} INFO - Processing file /Users/karenwang/anaconda3/envs/airflow_sqlite_env/lib/python3.9/site-packages/airflow/example_dags/plugins/event_listener.py for tasks to queue
[2024-10-13T21:56:54.516-0400] {logging_mixin.py:190} INFO - [2024-10-13T21:56:54.516-0400] {dagbag.py:588} INFO - Filling up the DagBag from /Users/karenwang/anaconda3/envs/airflow_sqlite_env/lib/python3.9/site-packages/airflow/example_dags/plugins/event_listener.py
[2024-10-13T21:56:54.518-0400] {processor.py:927} WARNING - No viable dags retrieved from /Users/karenwang/anaconda3/envs/airflow_sqlite_env/lib/python3.9/site-packages/airflow/example_dags/plugins/event_listener.py
[2024-10-13T21:56:54.718-0400] {processor.py:208} INFO - Processing /Users/karenwang/anaconda3/envs/airflow_sqlite_env/lib/python3.9/site-packages/airflow/example_dags/plugins/event_listener.py took 0.211 seconds
[2024-10-13T22:00:40.580-0400] {processor.py:186} INFO - Started process (PID=63209) to work on /Users/karenwang/anaconda3/envs/airflow_sqlite_env/lib/python3.9/site-packages/airflow/example_dags/plugins/event_listener.py
[2024-10-13T22:00:40.581-0400] {processor.py:914} INFO - Processing file /Users/karenwang/anaconda3/envs/airflow_sqlite_env/lib/python3.9/site-packages/airflow/example_dags/plugins/event_listener.py for tasks to queue
[2024-10-13T22:00:40.584-0400] {logging_mixin.py:190} INFO - [2024-10-13T22:00:40.583-0400] {dagbag.py:588} INFO - Filling up the DagBag from /Users/karenwang/anaconda3/envs/airflow_sqlite_env/lib/python3.9/site-packages/airflow/example_dags/plugins/event_listener.py
[2024-10-13T22:00:40.586-0400] {processor.py:927} WARNING - No viable dags retrieved from /Users/karenwang/anaconda3/envs/airflow_sqlite_env/lib/python3.9/site-packages/airflow/example_dags/plugins/event_listener.py
[2024-10-13T22:00:40.760-0400] {processor.py:208} INFO - Processing /Users/karenwang/anaconda3/envs/airflow_sqlite_env/lib/python3.9/site-packages/airflow/example_dags/plugins/event_listener.py took 0.187 seconds
[2024-10-13T22:04:36.714-0400] {processor.py:186} INFO - Started process (PID=64434) to work on /Users/karenwang/anaconda3/envs/airflow_sqlite_env/lib/python3.9/site-packages/airflow/example_dags/plugins/event_listener.py
[2024-10-13T22:04:36.716-0400] {processor.py:914} INFO - Processing file /Users/karenwang/anaconda3/envs/airflow_sqlite_env/lib/python3.9/site-packages/airflow/example_dags/plugins/event_listener.py for tasks to queue
[2024-10-13T22:04:36.717-0400] {logging_mixin.py:190} INFO - [2024-10-13T22:04:36.717-0400] {dagbag.py:588} INFO - Filling up the DagBag from /Users/karenwang/anaconda3/envs/airflow_sqlite_env/lib/python3.9/site-packages/airflow/example_dags/plugins/event_listener.py
[2024-10-13T22:04:36.719-0400] {processor.py:927} WARNING - No viable dags retrieved from /Users/karenwang/anaconda3/envs/airflow_sqlite_env/lib/python3.9/site-packages/airflow/example_dags/plugins/event_listener.py
[2024-10-13T22:04:36.922-0400] {processor.py:208} INFO - Processing /Users/karenwang/anaconda3/envs/airflow_sqlite_env/lib/python3.9/site-packages/airflow/example_dags/plugins/event_listener.py took 0.214 seconds
[2024-10-13T22:08:31.216-0400] {processor.py:186} INFO - Started process (PID=65648) to work on /Users/karenwang/anaconda3/envs/airflow_sqlite_env/lib/python3.9/site-packages/airflow/example_dags/plugins/event_listener.py
[2024-10-13T22:08:31.218-0400] {processor.py:914} INFO - Processing file /Users/karenwang/anaconda3/envs/airflow_sqlite_env/lib/python3.9/site-packages/airflow/example_dags/plugins/event_listener.py for tasks to queue
[2024-10-13T22:08:31.219-0400] {logging_mixin.py:190} INFO - [2024-10-13T22:08:31.218-0400] {dagbag.py:588} INFO - Filling up the DagBag from /Users/karenwang/anaconda3/envs/airflow_sqlite_env/lib/python3.9/site-packages/airflow/example_dags/plugins/event_listener.py
[2024-10-13T22:08:31.220-0400] {processor.py:927} WARNING - No viable dags retrieved from /Users/karenwang/anaconda3/envs/airflow_sqlite_env/lib/python3.9/site-packages/airflow/example_dags/plugins/event_listener.py
[2024-10-13T22:08:31.421-0400] {processor.py:208} INFO - Processing /Users/karenwang/anaconda3/envs/airflow_sqlite_env/lib/python3.9/site-packages/airflow/example_dags/plugins/event_listener.py took 0.211 seconds
[2024-10-13T22:12:25.066-0400] {processor.py:186} INFO - Started process (PID=66840) to work on /Users/karenwang/anaconda3/envs/airflow_sqlite_env/lib/python3.9/site-packages/airflow/example_dags/plugins/event_listener.py
[2024-10-13T22:12:25.067-0400] {processor.py:914} INFO - Processing file /Users/karenwang/anaconda3/envs/airflow_sqlite_env/lib/python3.9/site-packages/airflow/example_dags/plugins/event_listener.py for tasks to queue
[2024-10-13T22:12:25.069-0400] {logging_mixin.py:190} INFO - [2024-10-13T22:12:25.068-0400] {dagbag.py:588} INFO - Filling up the DagBag from /Users/karenwang/anaconda3/envs/airflow_sqlite_env/lib/python3.9/site-packages/airflow/example_dags/plugins/event_listener.py
[2024-10-13T22:12:25.071-0400] {processor.py:927} WARNING - No viable dags retrieved from /Users/karenwang/anaconda3/envs/airflow_sqlite_env/lib/python3.9/site-packages/airflow/example_dags/plugins/event_listener.py
[2024-10-13T22:12:25.295-0400] {processor.py:208} INFO - Processing /Users/karenwang/anaconda3/envs/airflow_sqlite_env/lib/python3.9/site-packages/airflow/example_dags/plugins/event_listener.py took 0.237 seconds
[2024-10-13T22:16:24.748-0400] {processor.py:186} INFO - Started process (PID=68070) to work on /Users/karenwang/anaconda3/envs/airflow_sqlite_env/lib/python3.9/site-packages/airflow/example_dags/plugins/event_listener.py
[2024-10-13T22:16:24.750-0400] {processor.py:914} INFO - Processing file /Users/karenwang/anaconda3/envs/airflow_sqlite_env/lib/python3.9/site-packages/airflow/example_dags/plugins/event_listener.py for tasks to queue
[2024-10-13T22:16:24.751-0400] {logging_mixin.py:190} INFO - [2024-10-13T22:16:24.751-0400] {dagbag.py:588} INFO - Filling up the DagBag from /Users/karenwang/anaconda3/envs/airflow_sqlite_env/lib/python3.9/site-packages/airflow/example_dags/plugins/event_listener.py
[2024-10-13T22:16:24.752-0400] {processor.py:927} WARNING - No viable dags retrieved from /Users/karenwang/anaconda3/envs/airflow_sqlite_env/lib/python3.9/site-packages/airflow/example_dags/plugins/event_listener.py
[2024-10-13T22:16:24.967-0400] {processor.py:208} INFO - Processing /Users/karenwang/anaconda3/envs/airflow_sqlite_env/lib/python3.9/site-packages/airflow/example_dags/plugins/event_listener.py took 0.224 seconds
[2024-10-13T22:20:23.906-0400] {processor.py:186} INFO - Started process (PID=69287) to work on /Users/karenwang/anaconda3/envs/airflow_sqlite_env/lib/python3.9/site-packages/airflow/example_dags/plugins/event_listener.py
[2024-10-13T22:20:23.908-0400] {processor.py:914} INFO - Processing file /Users/karenwang/anaconda3/envs/airflow_sqlite_env/lib/python3.9/site-packages/airflow/example_dags/plugins/event_listener.py for tasks to queue
[2024-10-13T22:20:23.910-0400] {logging_mixin.py:190} INFO - [2024-10-13T22:20:23.909-0400] {dagbag.py:588} INFO - Filling up the DagBag from /Users/karenwang/anaconda3/envs/airflow_sqlite_env/lib/python3.9/site-packages/airflow/example_dags/plugins/event_listener.py
[2024-10-13T22:20:23.912-0400] {processor.py:927} WARNING - No viable dags retrieved from /Users/karenwang/anaconda3/envs/airflow_sqlite_env/lib/python3.9/site-packages/airflow/example_dags/plugins/event_listener.py
[2024-10-13T22:20:24.107-0400] {processor.py:208} INFO - Processing /Users/karenwang/anaconda3/envs/airflow_sqlite_env/lib/python3.9/site-packages/airflow/example_dags/plugins/event_listener.py took 0.207 seconds
[2024-10-13T22:24:33.192-0400] {processor.py:186} INFO - Started process (PID=70621) to work on /Users/karenwang/anaconda3/envs/airflow_sqlite_env/lib/python3.9/site-packages/airflow/example_dags/plugins/event_listener.py
[2024-10-13T22:24:33.194-0400] {processor.py:914} INFO - Processing file /Users/karenwang/anaconda3/envs/airflow_sqlite_env/lib/python3.9/site-packages/airflow/example_dags/plugins/event_listener.py for tasks to queue
[2024-10-13T22:24:33.195-0400] {logging_mixin.py:190} INFO - [2024-10-13T22:24:33.195-0400] {dagbag.py:588} INFO - Filling up the DagBag from /Users/karenwang/anaconda3/envs/airflow_sqlite_env/lib/python3.9/site-packages/airflow/example_dags/plugins/event_listener.py
[2024-10-13T22:24:33.197-0400] {processor.py:927} WARNING - No viable dags retrieved from /Users/karenwang/anaconda3/envs/airflow_sqlite_env/lib/python3.9/site-packages/airflow/example_dags/plugins/event_listener.py
[2024-10-13T22:24:33.411-0400] {processor.py:208} INFO - Processing /Users/karenwang/anaconda3/envs/airflow_sqlite_env/lib/python3.9/site-packages/airflow/example_dags/plugins/event_listener.py took 0.225 seconds
[2024-10-13T22:29:55.177-0400] {processor.py:186} INFO - Started process (PID=72389) to work on /Users/karenwang/anaconda3/envs/airflow_sqlite_env/lib/python3.9/site-packages/airflow/example_dags/plugins/event_listener.py
[2024-10-13T22:29:55.179-0400] {processor.py:914} INFO - Processing file /Users/karenwang/anaconda3/envs/airflow_sqlite_env/lib/python3.9/site-packages/airflow/example_dags/plugins/event_listener.py for tasks to queue
[2024-10-13T22:29:55.180-0400] {logging_mixin.py:190} INFO - [2024-10-13T22:29:55.180-0400] {dagbag.py:588} INFO - Filling up the DagBag from /Users/karenwang/anaconda3/envs/airflow_sqlite_env/lib/python3.9/site-packages/airflow/example_dags/plugins/event_listener.py
[2024-10-13T22:29:55.182-0400] {processor.py:927} WARNING - No viable dags retrieved from /Users/karenwang/anaconda3/envs/airflow_sqlite_env/lib/python3.9/site-packages/airflow/example_dags/plugins/event_listener.py
[2024-10-13T22:29:55.380-0400] {processor.py:208} INFO - Processing /Users/karenwang/anaconda3/envs/airflow_sqlite_env/lib/python3.9/site-packages/airflow/example_dags/plugins/event_listener.py took 0.210 seconds
[2024-10-13T22:33:04.718-0400] {processor.py:186} INFO - Started process (PID=73497) to work on /Users/karenwang/anaconda3/envs/airflow_sqlite_env/lib/python3.9/site-packages/airflow/example_dags/plugins/event_listener.py
[2024-10-13T22:33:04.720-0400] {processor.py:914} INFO - Processing file /Users/karenwang/anaconda3/envs/airflow_sqlite_env/lib/python3.9/site-packages/airflow/example_dags/plugins/event_listener.py for tasks to queue
[2024-10-13T22:33:04.722-0400] {logging_mixin.py:190} INFO - [2024-10-13T22:33:04.721-0400] {dagbag.py:588} INFO - Filling up the DagBag from /Users/karenwang/anaconda3/envs/airflow_sqlite_env/lib/python3.9/site-packages/airflow/example_dags/plugins/event_listener.py
[2024-10-13T22:33:04.724-0400] {processor.py:927} WARNING - No viable dags retrieved from /Users/karenwang/anaconda3/envs/airflow_sqlite_env/lib/python3.9/site-packages/airflow/example_dags/plugins/event_listener.py
[2024-10-13T22:33:04.936-0400] {processor.py:208} INFO - Processing /Users/karenwang/anaconda3/envs/airflow_sqlite_env/lib/python3.9/site-packages/airflow/example_dags/plugins/event_listener.py took 0.224 seconds
[2024-10-13T22:39:05.309-0400] {processor.py:186} INFO - Started process (PID=75444) to work on /Users/karenwang/anaconda3/envs/airflow_sqlite_env/lib/python3.9/site-packages/airflow/example_dags/plugins/event_listener.py
[2024-10-13T22:39:05.311-0400] {processor.py:914} INFO - Processing file /Users/karenwang/anaconda3/envs/airflow_sqlite_env/lib/python3.9/site-packages/airflow/example_dags/plugins/event_listener.py for tasks to queue
[2024-10-13T22:39:05.313-0400] {logging_mixin.py:190} INFO - [2024-10-13T22:39:05.312-0400] {dagbag.py:588} INFO - Filling up the DagBag from /Users/karenwang/anaconda3/envs/airflow_sqlite_env/lib/python3.9/site-packages/airflow/example_dags/plugins/event_listener.py
[2024-10-13T22:39:05.314-0400] {processor.py:927} WARNING - No viable dags retrieved from /Users/karenwang/anaconda3/envs/airflow_sqlite_env/lib/python3.9/site-packages/airflow/example_dags/plugins/event_listener.py
[2024-10-13T22:39:05.509-0400] {processor.py:208} INFO - Processing /Users/karenwang/anaconda3/envs/airflow_sqlite_env/lib/python3.9/site-packages/airflow/example_dags/plugins/event_listener.py took 0.206 seconds
