[2024-10-13T20:00:05.007-0400] {processor.py:186} INFO - Started process (PID=25130) to work on /Users/karenwang/anaconda3/envs/airflow_sqlite_env/lib/python3.9/site-packages/airflow/example_dags/plugins/workday.py
[2024-10-13T20:00:05.008-0400] {processor.py:914} INFO - Processing file /Users/karenwang/anaconda3/envs/airflow_sqlite_env/lib/python3.9/site-packages/airflow/example_dags/plugins/workday.py for tasks to queue
[2024-10-13T20:00:05.010-0400] {logging_mixin.py:190} INFO - [2024-10-13T20:00:05.009-0400] {dagbag.py:588} INFO - Filling up the DagBag from /Users/karenwang/anaconda3/envs/airflow_sqlite_env/lib/python3.9/site-packages/airflow/example_dags/plugins/workday.py
[2024-10-13T20:00:09.017-0400] {logging_mixin.py:190} INFO - [2024-10-13T20:00:09.017-0400] {utils.py:148} INFO - Note: NumExpr detected 16 cores but "NUMEXPR_MAX_THREADS" not set, so enforcing safe limit of 8.
[2024-10-13T20:00:09.018-0400] {logging_mixin.py:190} INFO - [2024-10-13T20:00:09.017-0400] {utils.py:160} INFO - NumExpr defaulting to 8 threads.
[2024-10-13T20:00:09.300-0400] {processor.py:927} WARNING - No viable dags retrieved from /Users/karenwang/anaconda3/envs/airflow_sqlite_env/lib/python3.9/site-packages/airflow/example_dags/plugins/workday.py
[2024-10-13T20:00:09.522-0400] {processor.py:208} INFO - Processing /Users/karenwang/anaconda3/envs/airflow_sqlite_env/lib/python3.9/site-packages/airflow/example_dags/plugins/workday.py took 4.524 seconds
[2024-10-13T20:04:12.176-0400] {processor.py:186} INFO - Started process (PID=26424) to work on /Users/karenwang/anaconda3/envs/airflow_sqlite_env/lib/python3.9/site-packages/airflow/example_dags/plugins/workday.py
[2024-10-13T20:04:12.177-0400] {processor.py:914} INFO - Processing file /Users/karenwang/anaconda3/envs/airflow_sqlite_env/lib/python3.9/site-packages/airflow/example_dags/plugins/workday.py for tasks to queue
[2024-10-13T20:04:12.179-0400] {logging_mixin.py:190} INFO - [2024-10-13T20:04:12.178-0400] {dagbag.py:588} INFO - Filling up the DagBag from /Users/karenwang/anaconda3/envs/airflow_sqlite_env/lib/python3.9/site-packages/airflow/example_dags/plugins/workday.py
[2024-10-13T20:04:15.925-0400] {logging_mixin.py:190} INFO - [2024-10-13T20:04:15.925-0400] {utils.py:148} INFO - Note: NumExpr detected 16 cores but "NUMEXPR_MAX_THREADS" not set, so enforcing safe limit of 8.
[2024-10-13T20:04:15.926-0400] {logging_mixin.py:190} INFO - [2024-10-13T20:04:15.926-0400] {utils.py:160} INFO - NumExpr defaulting to 8 threads.
[2024-10-13T20:04:16.219-0400] {processor.py:927} WARNING - No viable dags retrieved from /Users/karenwang/anaconda3/envs/airflow_sqlite_env/lib/python3.9/site-packages/airflow/example_dags/plugins/workday.py
[2024-10-13T20:04:16.425-0400] {processor.py:208} INFO - Processing /Users/karenwang/anaconda3/envs/airflow_sqlite_env/lib/python3.9/site-packages/airflow/example_dags/plugins/workday.py took 4.256 seconds
[2024-10-13T20:08:17.424-0400] {processor.py:186} INFO - Started process (PID=27687) to work on /Users/karenwang/anaconda3/envs/airflow_sqlite_env/lib/python3.9/site-packages/airflow/example_dags/plugins/workday.py
[2024-10-13T20:08:17.426-0400] {processor.py:914} INFO - Processing file /Users/karenwang/anaconda3/envs/airflow_sqlite_env/lib/python3.9/site-packages/airflow/example_dags/plugins/workday.py for tasks to queue
[2024-10-13T20:08:17.428-0400] {logging_mixin.py:190} INFO - [2024-10-13T20:08:17.427-0400] {dagbag.py:588} INFO - Filling up the DagBag from /Users/karenwang/anaconda3/envs/airflow_sqlite_env/lib/python3.9/site-packages/airflow/example_dags/plugins/workday.py
[2024-10-13T20:08:21.489-0400] {logging_mixin.py:190} INFO - [2024-10-13T20:08:21.489-0400] {utils.py:148} INFO - Note: NumExpr detected 16 cores but "NUMEXPR_MAX_THREADS" not set, so enforcing safe limit of 8.
[2024-10-13T20:08:21.490-0400] {logging_mixin.py:190} INFO - [2024-10-13T20:08:21.490-0400] {utils.py:160} INFO - NumExpr defaulting to 8 threads.
[2024-10-13T20:08:21.780-0400] {processor.py:927} WARNING - No viable dags retrieved from /Users/karenwang/anaconda3/envs/airflow_sqlite_env/lib/python3.9/site-packages/airflow/example_dags/plugins/workday.py
[2024-10-13T20:08:22.001-0400] {processor.py:208} INFO - Processing /Users/karenwang/anaconda3/envs/airflow_sqlite_env/lib/python3.9/site-packages/airflow/example_dags/plugins/workday.py took 4.585 seconds
[2024-10-13T20:12:10.090-0400] {processor.py:186} INFO - Started process (PID=28863) to work on /Users/karenwang/anaconda3/envs/airflow_sqlite_env/lib/python3.9/site-packages/airflow/example_dags/plugins/workday.py
[2024-10-13T20:12:10.092-0400] {processor.py:914} INFO - Processing file /Users/karenwang/anaconda3/envs/airflow_sqlite_env/lib/python3.9/site-packages/airflow/example_dags/plugins/workday.py for tasks to queue
[2024-10-13T20:12:10.093-0400] {logging_mixin.py:190} INFO - [2024-10-13T20:12:10.093-0400] {dagbag.py:588} INFO - Filling up the DagBag from /Users/karenwang/anaconda3/envs/airflow_sqlite_env/lib/python3.9/site-packages/airflow/example_dags/plugins/workday.py
[2024-10-13T20:12:14.368-0400] {logging_mixin.py:190} INFO - [2024-10-13T20:12:14.367-0400] {utils.py:148} INFO - Note: NumExpr detected 16 cores but "NUMEXPR_MAX_THREADS" not set, so enforcing safe limit of 8.
[2024-10-13T20:12:14.368-0400] {logging_mixin.py:190} INFO - [2024-10-13T20:12:14.368-0400] {utils.py:160} INFO - NumExpr defaulting to 8 threads.
[2024-10-13T20:12:14.677-0400] {processor.py:927} WARNING - No viable dags retrieved from /Users/karenwang/anaconda3/envs/airflow_sqlite_env/lib/python3.9/site-packages/airflow/example_dags/plugins/workday.py
[2024-10-13T20:12:14.883-0400] {processor.py:208} INFO - Processing /Users/karenwang/anaconda3/envs/airflow_sqlite_env/lib/python3.9/site-packages/airflow/example_dags/plugins/workday.py took 4.798 seconds
[2024-10-13T20:16:21.536-0400] {processor.py:186} INFO - Started process (PID=30147) to work on /Users/karenwang/anaconda3/envs/airflow_sqlite_env/lib/python3.9/site-packages/airflow/example_dags/plugins/workday.py
[2024-10-13T20:16:21.539-0400] {processor.py:914} INFO - Processing file /Users/karenwang/anaconda3/envs/airflow_sqlite_env/lib/python3.9/site-packages/airflow/example_dags/plugins/workday.py for tasks to queue
[2024-10-13T20:16:21.541-0400] {logging_mixin.py:190} INFO - [2024-10-13T20:16:21.541-0400] {dagbag.py:588} INFO - Filling up the DagBag from /Users/karenwang/anaconda3/envs/airflow_sqlite_env/lib/python3.9/site-packages/airflow/example_dags/plugins/workday.py
[2024-10-13T20:16:25.581-0400] {logging_mixin.py:190} INFO - [2024-10-13T20:16:25.581-0400] {utils.py:148} INFO - Note: NumExpr detected 16 cores but "NUMEXPR_MAX_THREADS" not set, so enforcing safe limit of 8.
[2024-10-13T20:16:25.582-0400] {logging_mixin.py:190} INFO - [2024-10-13T20:16:25.582-0400] {utils.py:160} INFO - NumExpr defaulting to 8 threads.
[2024-10-13T20:16:25.900-0400] {processor.py:927} WARNING - No viable dags retrieved from /Users/karenwang/anaconda3/envs/airflow_sqlite_env/lib/python3.9/site-packages/airflow/example_dags/plugins/workday.py
[2024-10-13T20:16:26.133-0400] {processor.py:208} INFO - Processing /Users/karenwang/anaconda3/envs/airflow_sqlite_env/lib/python3.9/site-packages/airflow/example_dags/plugins/workday.py took 4.604 seconds
[2024-10-13T20:20:34.131-0400] {processor.py:186} INFO - Started process (PID=31456) to work on /Users/karenwang/anaconda3/envs/airflow_sqlite_env/lib/python3.9/site-packages/airflow/example_dags/plugins/workday.py
[2024-10-13T20:20:34.132-0400] {processor.py:914} INFO - Processing file /Users/karenwang/anaconda3/envs/airflow_sqlite_env/lib/python3.9/site-packages/airflow/example_dags/plugins/workday.py for tasks to queue
[2024-10-13T20:20:34.134-0400] {logging_mixin.py:190} INFO - [2024-10-13T20:20:34.134-0400] {dagbag.py:588} INFO - Filling up the DagBag from /Users/karenwang/anaconda3/envs/airflow_sqlite_env/lib/python3.9/site-packages/airflow/example_dags/plugins/workday.py
[2024-10-13T20:20:38.495-0400] {logging_mixin.py:190} INFO - [2024-10-13T20:20:38.494-0400] {utils.py:148} INFO - Note: NumExpr detected 16 cores but "NUMEXPR_MAX_THREADS" not set, so enforcing safe limit of 8.
[2024-10-13T20:20:38.496-0400] {logging_mixin.py:190} INFO - [2024-10-13T20:20:38.495-0400] {utils.py:160} INFO - NumExpr defaulting to 8 threads.
[2024-10-13T20:20:38.903-0400] {processor.py:927} WARNING - No viable dags retrieved from /Users/karenwang/anaconda3/envs/airflow_sqlite_env/lib/python3.9/site-packages/airflow/example_dags/plugins/workday.py
[2024-10-13T20:20:39.235-0400] {processor.py:208} INFO - Processing /Users/karenwang/anaconda3/envs/airflow_sqlite_env/lib/python3.9/site-packages/airflow/example_dags/plugins/workday.py took 5.112 seconds
[2024-10-13T20:24:56.197-0400] {processor.py:186} INFO - Started process (PID=32927) to work on /Users/karenwang/anaconda3/envs/airflow_sqlite_env/lib/python3.9/site-packages/airflow/example_dags/plugins/workday.py
[2024-10-13T20:24:56.199-0400] {processor.py:914} INFO - Processing file /Users/karenwang/anaconda3/envs/airflow_sqlite_env/lib/python3.9/site-packages/airflow/example_dags/plugins/workday.py for tasks to queue
[2024-10-13T20:24:56.200-0400] {logging_mixin.py:190} INFO - [2024-10-13T20:24:56.200-0400] {dagbag.py:588} INFO - Filling up the DagBag from /Users/karenwang/anaconda3/envs/airflow_sqlite_env/lib/python3.9/site-packages/airflow/example_dags/plugins/workday.py
[2024-10-13T20:25:00.249-0400] {logging_mixin.py:190} INFO - [2024-10-13T20:25:00.249-0400] {utils.py:148} INFO - Note: NumExpr detected 16 cores but "NUMEXPR_MAX_THREADS" not set, so enforcing safe limit of 8.
[2024-10-13T20:25:00.249-0400] {logging_mixin.py:190} INFO - [2024-10-13T20:25:00.249-0400] {utils.py:160} INFO - NumExpr defaulting to 8 threads.
[2024-10-13T20:25:00.533-0400] {processor.py:927} WARNING - No viable dags retrieved from /Users/karenwang/anaconda3/envs/airflow_sqlite_env/lib/python3.9/site-packages/airflow/example_dags/plugins/workday.py
[2024-10-13T20:25:00.738-0400] {processor.py:208} INFO - Processing /Users/karenwang/anaconda3/envs/airflow_sqlite_env/lib/python3.9/site-packages/airflow/example_dags/plugins/workday.py took 4.546 seconds
[2024-10-13T20:26:13.581-0400] {processor.py:186} INFO - Started process (PID=33348) to work on /Users/karenwang/anaconda3/envs/airflow_sqlite_env/lib/python3.9/site-packages/airflow/example_dags/plugins/workday.py
[2024-10-13T20:26:13.583-0400] {processor.py:914} INFO - Processing file /Users/karenwang/anaconda3/envs/airflow_sqlite_env/lib/python3.9/site-packages/airflow/example_dags/plugins/workday.py for tasks to queue
[2024-10-13T20:26:13.585-0400] {logging_mixin.py:190} INFO - [2024-10-13T20:26:13.584-0400] {dagbag.py:588} INFO - Filling up the DagBag from /Users/karenwang/anaconda3/envs/airflow_sqlite_env/lib/python3.9/site-packages/airflow/example_dags/plugins/workday.py
[2024-10-13T20:26:17.342-0400] {logging_mixin.py:190} INFO - [2024-10-13T20:26:17.341-0400] {utils.py:148} INFO - Note: NumExpr detected 16 cores but "NUMEXPR_MAX_THREADS" not set, so enforcing safe limit of 8.
[2024-10-13T20:26:17.342-0400] {logging_mixin.py:190} INFO - [2024-10-13T20:26:17.342-0400] {utils.py:160} INFO - NumExpr defaulting to 8 threads.
[2024-10-13T20:26:17.643-0400] {processor.py:927} WARNING - No viable dags retrieved from /Users/karenwang/anaconda3/envs/airflow_sqlite_env/lib/python3.9/site-packages/airflow/example_dags/plugins/workday.py
[2024-10-13T20:26:17.858-0400] {processor.py:208} INFO - Processing /Users/karenwang/anaconda3/envs/airflow_sqlite_env/lib/python3.9/site-packages/airflow/example_dags/plugins/workday.py took 4.284 seconds
[2024-10-13T20:31:05.529-0400] {processor.py:186} INFO - Started process (PID=35043) to work on /Users/karenwang/anaconda3/envs/airflow_sqlite_env/lib/python3.9/site-packages/airflow/example_dags/plugins/workday.py
[2024-10-13T20:31:05.530-0400] {processor.py:914} INFO - Processing file /Users/karenwang/anaconda3/envs/airflow_sqlite_env/lib/python3.9/site-packages/airflow/example_dags/plugins/workday.py for tasks to queue
[2024-10-13T20:31:05.531-0400] {logging_mixin.py:190} INFO - [2024-10-13T20:31:05.531-0400] {dagbag.py:588} INFO - Filling up the DagBag from /Users/karenwang/anaconda3/envs/airflow_sqlite_env/lib/python3.9/site-packages/airflow/example_dags/plugins/workday.py
[2024-10-13T20:31:09.072-0400] {logging_mixin.py:190} INFO - [2024-10-13T20:31:09.071-0400] {utils.py:148} INFO - Note: NumExpr detected 16 cores but "NUMEXPR_MAX_THREADS" not set, so enforcing safe limit of 8.
[2024-10-13T20:31:09.072-0400] {logging_mixin.py:190} INFO - [2024-10-13T20:31:09.072-0400] {utils.py:160} INFO - NumExpr defaulting to 8 threads.
[2024-10-13T20:31:09.350-0400] {processor.py:927} WARNING - No viable dags retrieved from /Users/karenwang/anaconda3/envs/airflow_sqlite_env/lib/python3.9/site-packages/airflow/example_dags/plugins/workday.py
[2024-10-13T20:31:09.553-0400] {processor.py:208} INFO - Processing /Users/karenwang/anaconda3/envs/airflow_sqlite_env/lib/python3.9/site-packages/airflow/example_dags/plugins/workday.py took 4.030 seconds
[2024-10-13T20:34:45.043-0400] {processor.py:186} INFO - Started process (PID=36164) to work on /Users/karenwang/anaconda3/envs/airflow_sqlite_env/lib/python3.9/site-packages/airflow/example_dags/plugins/workday.py
[2024-10-13T20:34:45.045-0400] {processor.py:914} INFO - Processing file /Users/karenwang/anaconda3/envs/airflow_sqlite_env/lib/python3.9/site-packages/airflow/example_dags/plugins/workday.py for tasks to queue
[2024-10-13T20:34:45.046-0400] {logging_mixin.py:190} INFO - [2024-10-13T20:34:45.046-0400] {dagbag.py:588} INFO - Filling up the DagBag from /Users/karenwang/anaconda3/envs/airflow_sqlite_env/lib/python3.9/site-packages/airflow/example_dags/plugins/workday.py
[2024-10-13T20:34:48.674-0400] {logging_mixin.py:190} INFO - [2024-10-13T20:34:48.674-0400] {utils.py:148} INFO - Note: NumExpr detected 16 cores but "NUMEXPR_MAX_THREADS" not set, so enforcing safe limit of 8.
[2024-10-13T20:34:48.674-0400] {logging_mixin.py:190} INFO - [2024-10-13T20:34:48.674-0400] {utils.py:160} INFO - NumExpr defaulting to 8 threads.
[2024-10-13T20:34:48.949-0400] {processor.py:927} WARNING - No viable dags retrieved from /Users/karenwang/anaconda3/envs/airflow_sqlite_env/lib/python3.9/site-packages/airflow/example_dags/plugins/workday.py
[2024-10-13T20:34:49.162-0400] {processor.py:208} INFO - Processing /Users/karenwang/anaconda3/envs/airflow_sqlite_env/lib/python3.9/site-packages/airflow/example_dags/plugins/workday.py took 4.124 seconds
[2024-10-13T20:38:25.265-0400] {processor.py:186} INFO - Started process (PID=37336) to work on /Users/karenwang/anaconda3/envs/airflow_sqlite_env/lib/python3.9/site-packages/airflow/example_dags/plugins/workday.py
[2024-10-13T20:38:25.267-0400] {processor.py:914} INFO - Processing file /Users/karenwang/anaconda3/envs/airflow_sqlite_env/lib/python3.9/site-packages/airflow/example_dags/plugins/workday.py for tasks to queue
[2024-10-13T20:38:25.268-0400] {logging_mixin.py:190} INFO - [2024-10-13T20:38:25.268-0400] {dagbag.py:588} INFO - Filling up the DagBag from /Users/karenwang/anaconda3/envs/airflow_sqlite_env/lib/python3.9/site-packages/airflow/example_dags/plugins/workday.py
[2024-10-13T20:38:28.790-0400] {logging_mixin.py:190} INFO - [2024-10-13T20:38:28.790-0400] {utils.py:148} INFO - Note: NumExpr detected 16 cores but "NUMEXPR_MAX_THREADS" not set, so enforcing safe limit of 8.
[2024-10-13T20:38:28.790-0400] {logging_mixin.py:190} INFO - [2024-10-13T20:38:28.790-0400] {utils.py:160} INFO - NumExpr defaulting to 8 threads.
[2024-10-13T20:38:29.071-0400] {processor.py:927} WARNING - No viable dags retrieved from /Users/karenwang/anaconda3/envs/airflow_sqlite_env/lib/python3.9/site-packages/airflow/example_dags/plugins/workday.py
[2024-10-13T20:38:29.259-0400] {processor.py:208} INFO - Processing /Users/karenwang/anaconda3/envs/airflow_sqlite_env/lib/python3.9/site-packages/airflow/example_dags/plugins/workday.py took 4.004 seconds
[2024-10-13T20:42:04.893-0400] {processor.py:186} INFO - Started process (PID=38470) to work on /Users/karenwang/anaconda3/envs/airflow_sqlite_env/lib/python3.9/site-packages/airflow/example_dags/plugins/workday.py
[2024-10-13T20:42:04.895-0400] {processor.py:914} INFO - Processing file /Users/karenwang/anaconda3/envs/airflow_sqlite_env/lib/python3.9/site-packages/airflow/example_dags/plugins/workday.py for tasks to queue
[2024-10-13T20:42:04.896-0400] {logging_mixin.py:190} INFO - [2024-10-13T20:42:04.896-0400] {dagbag.py:588} INFO - Filling up the DagBag from /Users/karenwang/anaconda3/envs/airflow_sqlite_env/lib/python3.9/site-packages/airflow/example_dags/plugins/workday.py
[2024-10-13T20:42:08.305-0400] {logging_mixin.py:190} INFO - [2024-10-13T20:42:08.304-0400] {utils.py:148} INFO - Note: NumExpr detected 16 cores but "NUMEXPR_MAX_THREADS" not set, so enforcing safe limit of 8.
[2024-10-13T20:42:08.305-0400] {logging_mixin.py:190} INFO - [2024-10-13T20:42:08.305-0400] {utils.py:160} INFO - NumExpr defaulting to 8 threads.
[2024-10-13T20:42:08.552-0400] {processor.py:927} WARNING - No viable dags retrieved from /Users/karenwang/anaconda3/envs/airflow_sqlite_env/lib/python3.9/site-packages/airflow/example_dags/plugins/workday.py
[2024-10-13T20:42:08.773-0400] {processor.py:208} INFO - Processing /Users/karenwang/anaconda3/envs/airflow_sqlite_env/lib/python3.9/site-packages/airflow/example_dags/plugins/workday.py took 3.886 seconds
[2024-10-13T20:45:43.774-0400] {processor.py:186} INFO - Started process (PID=39595) to work on /Users/karenwang/anaconda3/envs/airflow_sqlite_env/lib/python3.9/site-packages/airflow/example_dags/plugins/workday.py
[2024-10-13T20:45:43.775-0400] {processor.py:914} INFO - Processing file /Users/karenwang/anaconda3/envs/airflow_sqlite_env/lib/python3.9/site-packages/airflow/example_dags/plugins/workday.py for tasks to queue
[2024-10-13T20:45:43.776-0400] {logging_mixin.py:190} INFO - [2024-10-13T20:45:43.776-0400] {dagbag.py:588} INFO - Filling up the DagBag from /Users/karenwang/anaconda3/envs/airflow_sqlite_env/lib/python3.9/site-packages/airflow/example_dags/plugins/workday.py
[2024-10-13T20:45:47.233-0400] {logging_mixin.py:190} INFO - [2024-10-13T20:45:47.233-0400] {utils.py:148} INFO - Note: NumExpr detected 16 cores but "NUMEXPR_MAX_THREADS" not set, so enforcing safe limit of 8.
[2024-10-13T20:45:47.233-0400] {logging_mixin.py:190} INFO - [2024-10-13T20:45:47.233-0400] {utils.py:160} INFO - NumExpr defaulting to 8 threads.
[2024-10-13T20:45:47.491-0400] {processor.py:927} WARNING - No viable dags retrieved from /Users/karenwang/anaconda3/envs/airflow_sqlite_env/lib/python3.9/site-packages/airflow/example_dags/plugins/workday.py
[2024-10-13T20:45:47.671-0400] {processor.py:208} INFO - Processing /Users/karenwang/anaconda3/envs/airflow_sqlite_env/lib/python3.9/site-packages/airflow/example_dags/plugins/workday.py took 3.903 seconds
[2024-10-13T20:49:24.470-0400] {processor.py:186} INFO - Started process (PID=40750) to work on /Users/karenwang/anaconda3/envs/airflow_sqlite_env/lib/python3.9/site-packages/airflow/example_dags/plugins/workday.py
[2024-10-13T20:49:24.472-0400] {processor.py:914} INFO - Processing file /Users/karenwang/anaconda3/envs/airflow_sqlite_env/lib/python3.9/site-packages/airflow/example_dags/plugins/workday.py for tasks to queue
[2024-10-13T20:49:24.473-0400] {logging_mixin.py:190} INFO - [2024-10-13T20:49:24.473-0400] {dagbag.py:588} INFO - Filling up the DagBag from /Users/karenwang/anaconda3/envs/airflow_sqlite_env/lib/python3.9/site-packages/airflow/example_dags/plugins/workday.py
[2024-10-13T20:49:28.015-0400] {logging_mixin.py:190} INFO - [2024-10-13T20:49:28.015-0400] {utils.py:148} INFO - Note: NumExpr detected 16 cores but "NUMEXPR_MAX_THREADS" not set, so enforcing safe limit of 8.
[2024-10-13T20:49:28.016-0400] {logging_mixin.py:190} INFO - [2024-10-13T20:49:28.015-0400] {utils.py:160} INFO - NumExpr defaulting to 8 threads.
[2024-10-13T20:49:28.295-0400] {processor.py:927} WARNING - No viable dags retrieved from /Users/karenwang/anaconda3/envs/airflow_sqlite_env/lib/python3.9/site-packages/airflow/example_dags/plugins/workday.py
[2024-10-13T20:49:28.505-0400] {processor.py:208} INFO - Processing /Users/karenwang/anaconda3/envs/airflow_sqlite_env/lib/python3.9/site-packages/airflow/example_dags/plugins/workday.py took 4.040 seconds
[2024-10-13T20:53:02.564-0400] {processor.py:186} INFO - Started process (PID=41884) to work on /Users/karenwang/anaconda3/envs/airflow_sqlite_env/lib/python3.9/site-packages/airflow/example_dags/plugins/workday.py
[2024-10-13T20:53:02.566-0400] {processor.py:914} INFO - Processing file /Users/karenwang/anaconda3/envs/airflow_sqlite_env/lib/python3.9/site-packages/airflow/example_dags/plugins/workday.py for tasks to queue
[2024-10-13T20:53:02.566-0400] {logging_mixin.py:190} INFO - [2024-10-13T20:53:02.566-0400] {dagbag.py:588} INFO - Filling up the DagBag from /Users/karenwang/anaconda3/envs/airflow_sqlite_env/lib/python3.9/site-packages/airflow/example_dags/plugins/workday.py
[2024-10-13T20:53:06.120-0400] {logging_mixin.py:190} INFO - [2024-10-13T20:53:06.120-0400] {utils.py:148} INFO - Note: NumExpr detected 16 cores but "NUMEXPR_MAX_THREADS" not set, so enforcing safe limit of 8.
[2024-10-13T20:53:06.120-0400] {logging_mixin.py:190} INFO - [2024-10-13T20:53:06.120-0400] {utils.py:160} INFO - NumExpr defaulting to 8 threads.
[2024-10-13T20:53:06.409-0400] {processor.py:927} WARNING - No viable dags retrieved from /Users/karenwang/anaconda3/envs/airflow_sqlite_env/lib/python3.9/site-packages/airflow/example_dags/plugins/workday.py
[2024-10-13T20:53:06.611-0400] {processor.py:208} INFO - Processing /Users/karenwang/anaconda3/envs/airflow_sqlite_env/lib/python3.9/site-packages/airflow/example_dags/plugins/workday.py took 4.053 seconds
[2024-10-13T20:56:43.382-0400] {processor.py:186} INFO - Started process (PID=43026) to work on /Users/karenwang/anaconda3/envs/airflow_sqlite_env/lib/python3.9/site-packages/airflow/example_dags/plugins/workday.py
[2024-10-13T20:56:43.383-0400] {processor.py:914} INFO - Processing file /Users/karenwang/anaconda3/envs/airflow_sqlite_env/lib/python3.9/site-packages/airflow/example_dags/plugins/workday.py for tasks to queue
[2024-10-13T20:56:43.384-0400] {logging_mixin.py:190} INFO - [2024-10-13T20:56:43.384-0400] {dagbag.py:588} INFO - Filling up the DagBag from /Users/karenwang/anaconda3/envs/airflow_sqlite_env/lib/python3.9/site-packages/airflow/example_dags/plugins/workday.py
[2024-10-13T20:56:46.894-0400] {logging_mixin.py:190} INFO - [2024-10-13T20:56:46.893-0400] {utils.py:148} INFO - Note: NumExpr detected 16 cores but "NUMEXPR_MAX_THREADS" not set, so enforcing safe limit of 8.
[2024-10-13T20:56:46.894-0400] {logging_mixin.py:190} INFO - [2024-10-13T20:56:46.894-0400] {utils.py:160} INFO - NumExpr defaulting to 8 threads.
[2024-10-13T20:56:47.165-0400] {processor.py:927} WARNING - No viable dags retrieved from /Users/karenwang/anaconda3/envs/airflow_sqlite_env/lib/python3.9/site-packages/airflow/example_dags/plugins/workday.py
[2024-10-13T20:56:47.376-0400] {processor.py:208} INFO - Processing /Users/karenwang/anaconda3/envs/airflow_sqlite_env/lib/python3.9/site-packages/airflow/example_dags/plugins/workday.py took 4.000 seconds
[2024-10-13T21:00:24.074-0400] {processor.py:186} INFO - Started process (PID=44167) to work on /Users/karenwang/anaconda3/envs/airflow_sqlite_env/lib/python3.9/site-packages/airflow/example_dags/plugins/workday.py
[2024-10-13T21:00:24.075-0400] {processor.py:914} INFO - Processing file /Users/karenwang/anaconda3/envs/airflow_sqlite_env/lib/python3.9/site-packages/airflow/example_dags/plugins/workday.py for tasks to queue
[2024-10-13T21:00:24.077-0400] {logging_mixin.py:190} INFO - [2024-10-13T21:00:24.076-0400] {dagbag.py:588} INFO - Filling up the DagBag from /Users/karenwang/anaconda3/envs/airflow_sqlite_env/lib/python3.9/site-packages/airflow/example_dags/plugins/workday.py
[2024-10-13T21:00:27.712-0400] {logging_mixin.py:190} INFO - [2024-10-13T21:00:27.711-0400] {utils.py:148} INFO - Note: NumExpr detected 16 cores but "NUMEXPR_MAX_THREADS" not set, so enforcing safe limit of 8.
[2024-10-13T21:00:27.712-0400] {logging_mixin.py:190} INFO - [2024-10-13T21:00:27.712-0400] {utils.py:160} INFO - NumExpr defaulting to 8 threads.
[2024-10-13T21:00:27.998-0400] {processor.py:927} WARNING - No viable dags retrieved from /Users/karenwang/anaconda3/envs/airflow_sqlite_env/lib/python3.9/site-packages/airflow/example_dags/plugins/workday.py
[2024-10-13T21:00:28.196-0400] {processor.py:208} INFO - Processing /Users/karenwang/anaconda3/envs/airflow_sqlite_env/lib/python3.9/site-packages/airflow/example_dags/plugins/workday.py took 4.128 seconds
[2024-10-13T21:04:03.337-0400] {processor.py:186} INFO - Started process (PID=45310) to work on /Users/karenwang/anaconda3/envs/airflow_sqlite_env/lib/python3.9/site-packages/airflow/example_dags/plugins/workday.py
[2024-10-13T21:04:03.338-0400] {processor.py:914} INFO - Processing file /Users/karenwang/anaconda3/envs/airflow_sqlite_env/lib/python3.9/site-packages/airflow/example_dags/plugins/workday.py for tasks to queue
[2024-10-13T21:04:03.339-0400] {logging_mixin.py:190} INFO - [2024-10-13T21:04:03.339-0400] {dagbag.py:588} INFO - Filling up the DagBag from /Users/karenwang/anaconda3/envs/airflow_sqlite_env/lib/python3.9/site-packages/airflow/example_dags/plugins/workday.py
[2024-10-13T21:04:06.914-0400] {logging_mixin.py:190} INFO - [2024-10-13T21:04:06.913-0400] {utils.py:148} INFO - Note: NumExpr detected 16 cores but "NUMEXPR_MAX_THREADS" not set, so enforcing safe limit of 8.
[2024-10-13T21:04:06.914-0400] {logging_mixin.py:190} INFO - [2024-10-13T21:04:06.914-0400] {utils.py:160} INFO - NumExpr defaulting to 8 threads.
[2024-10-13T21:04:07.177-0400] {processor.py:927} WARNING - No viable dags retrieved from /Users/karenwang/anaconda3/envs/airflow_sqlite_env/lib/python3.9/site-packages/airflow/example_dags/plugins/workday.py
[2024-10-13T21:04:07.381-0400] {processor.py:208} INFO - Processing /Users/karenwang/anaconda3/envs/airflow_sqlite_env/lib/python3.9/site-packages/airflow/example_dags/plugins/workday.py took 4.050 seconds
[2024-10-13T21:09:18.144-0400] {processor.py:186} INFO - Started process (PID=47020) to work on /Users/karenwang/anaconda3/envs/airflow_sqlite_env/lib/python3.9/site-packages/airflow/example_dags/plugins/workday.py
[2024-10-13T21:09:18.146-0400] {processor.py:914} INFO - Processing file /Users/karenwang/anaconda3/envs/airflow_sqlite_env/lib/python3.9/site-packages/airflow/example_dags/plugins/workday.py for tasks to queue
[2024-10-13T21:09:18.147-0400] {logging_mixin.py:190} INFO - [2024-10-13T21:09:18.147-0400] {dagbag.py:588} INFO - Filling up the DagBag from /Users/karenwang/anaconda3/envs/airflow_sqlite_env/lib/python3.9/site-packages/airflow/example_dags/plugins/workday.py
[2024-10-13T21:09:21.946-0400] {logging_mixin.py:190} INFO - [2024-10-13T21:09:21.945-0400] {utils.py:148} INFO - Note: NumExpr detected 16 cores but "NUMEXPR_MAX_THREADS" not set, so enforcing safe limit of 8.
[2024-10-13T21:09:21.946-0400] {logging_mixin.py:190} INFO - [2024-10-13T21:09:21.946-0400] {utils.py:160} INFO - NumExpr defaulting to 8 threads.
[2024-10-13T21:09:22.264-0400] {processor.py:927} WARNING - No viable dags retrieved from /Users/karenwang/anaconda3/envs/airflow_sqlite_env/lib/python3.9/site-packages/airflow/example_dags/plugins/workday.py
[2024-10-13T21:09:22.483-0400] {processor.py:208} INFO - Processing /Users/karenwang/anaconda3/envs/airflow_sqlite_env/lib/python3.9/site-packages/airflow/example_dags/plugins/workday.py took 4.345 seconds
[2024-10-13T21:13:54.616-0400] {processor.py:186} INFO - Started process (PID=48437) to work on /Users/karenwang/anaconda3/envs/airflow_sqlite_env/lib/python3.9/site-packages/airflow/example_dags/plugins/workday.py
[2024-10-13T21:13:54.617-0400] {processor.py:914} INFO - Processing file /Users/karenwang/anaconda3/envs/airflow_sqlite_env/lib/python3.9/site-packages/airflow/example_dags/plugins/workday.py for tasks to queue
[2024-10-13T21:13:54.619-0400] {logging_mixin.py:190} INFO - [2024-10-13T21:13:54.618-0400] {dagbag.py:588} INFO - Filling up the DagBag from /Users/karenwang/anaconda3/envs/airflow_sqlite_env/lib/python3.9/site-packages/airflow/example_dags/plugins/workday.py
[2024-10-13T21:13:58.528-0400] {logging_mixin.py:190} INFO - [2024-10-13T21:13:58.527-0400] {utils.py:148} INFO - Note: NumExpr detected 16 cores but "NUMEXPR_MAX_THREADS" not set, so enforcing safe limit of 8.
[2024-10-13T21:13:58.528-0400] {logging_mixin.py:190} INFO - [2024-10-13T21:13:58.528-0400] {utils.py:160} INFO - NumExpr defaulting to 8 threads.
[2024-10-13T21:13:58.806-0400] {processor.py:927} WARNING - No viable dags retrieved from /Users/karenwang/anaconda3/envs/airflow_sqlite_env/lib/python3.9/site-packages/airflow/example_dags/plugins/workday.py
[2024-10-13T21:13:58.992-0400] {processor.py:208} INFO - Processing /Users/karenwang/anaconda3/envs/airflow_sqlite_env/lib/python3.9/site-packages/airflow/example_dags/plugins/workday.py took 4.386 seconds
[2024-10-13T21:17:52.489-0400] {processor.py:186} INFO - Started process (PID=49905) to work on /Users/karenwang/anaconda3/envs/airflow_sqlite_env/lib/python3.9/site-packages/airflow/example_dags/plugins/workday.py
[2024-10-13T21:17:52.490-0400] {processor.py:914} INFO - Processing file /Users/karenwang/anaconda3/envs/airflow_sqlite_env/lib/python3.9/site-packages/airflow/example_dags/plugins/workday.py for tasks to queue
[2024-10-13T21:17:52.492-0400] {logging_mixin.py:190} INFO - [2024-10-13T21:17:52.492-0400] {dagbag.py:588} INFO - Filling up the DagBag from /Users/karenwang/anaconda3/envs/airflow_sqlite_env/lib/python3.9/site-packages/airflow/example_dags/plugins/workday.py
[2024-10-13T21:17:56.260-0400] {logging_mixin.py:190} INFO - [2024-10-13T21:17:56.260-0400] {utils.py:148} INFO - Note: NumExpr detected 16 cores but "NUMEXPR_MAX_THREADS" not set, so enforcing safe limit of 8.
[2024-10-13T21:17:56.261-0400] {logging_mixin.py:190} INFO - [2024-10-13T21:17:56.261-0400] {utils.py:160} INFO - NumExpr defaulting to 8 threads.
[2024-10-13T21:17:56.539-0400] {processor.py:927} WARNING - No viable dags retrieved from /Users/karenwang/anaconda3/envs/airflow_sqlite_env/lib/python3.9/site-packages/airflow/example_dags/plugins/workday.py
[2024-10-13T21:17:56.750-0400] {processor.py:208} INFO - Processing /Users/karenwang/anaconda3/envs/airflow_sqlite_env/lib/python3.9/site-packages/airflow/example_dags/plugins/workday.py took 4.267 seconds
[2024-10-13T21:21:33.611-0400] {processor.py:186} INFO - Started process (PID=51052) to work on /Users/karenwang/anaconda3/envs/airflow_sqlite_env/lib/python3.9/site-packages/airflow/example_dags/plugins/workday.py
[2024-10-13T21:21:33.612-0400] {processor.py:914} INFO - Processing file /Users/karenwang/anaconda3/envs/airflow_sqlite_env/lib/python3.9/site-packages/airflow/example_dags/plugins/workday.py for tasks to queue
[2024-10-13T21:21:33.614-0400] {logging_mixin.py:190} INFO - [2024-10-13T21:21:33.613-0400] {dagbag.py:588} INFO - Filling up the DagBag from /Users/karenwang/anaconda3/envs/airflow_sqlite_env/lib/python3.9/site-packages/airflow/example_dags/plugins/workday.py
[2024-10-13T21:21:37.678-0400] {logging_mixin.py:190} INFO - [2024-10-13T21:21:37.678-0400] {utils.py:148} INFO - Note: NumExpr detected 16 cores but "NUMEXPR_MAX_THREADS" not set, so enforcing safe limit of 8.
[2024-10-13T21:21:37.679-0400] {logging_mixin.py:190} INFO - [2024-10-13T21:21:37.678-0400] {utils.py:160} INFO - NumExpr defaulting to 8 threads.
[2024-10-13T21:21:37.968-0400] {processor.py:927} WARNING - No viable dags retrieved from /Users/karenwang/anaconda3/envs/airflow_sqlite_env/lib/python3.9/site-packages/airflow/example_dags/plugins/workday.py
[2024-10-13T21:21:38.171-0400] {processor.py:208} INFO - Processing /Users/karenwang/anaconda3/envs/airflow_sqlite_env/lib/python3.9/site-packages/airflow/example_dags/plugins/workday.py took 4.567 seconds
[2024-10-13T21:25:15.380-0400] {processor.py:186} INFO - Started process (PID=52194) to work on /Users/karenwang/anaconda3/envs/airflow_sqlite_env/lib/python3.9/site-packages/airflow/example_dags/plugins/workday.py
[2024-10-13T21:25:15.382-0400] {processor.py:914} INFO - Processing file /Users/karenwang/anaconda3/envs/airflow_sqlite_env/lib/python3.9/site-packages/airflow/example_dags/plugins/workday.py for tasks to queue
[2024-10-13T21:25:15.384-0400] {logging_mixin.py:190} INFO - [2024-10-13T21:25:15.384-0400] {dagbag.py:588} INFO - Filling up the DagBag from /Users/karenwang/anaconda3/envs/airflow_sqlite_env/lib/python3.9/site-packages/airflow/example_dags/plugins/workday.py
[2024-10-13T21:25:19.005-0400] {logging_mixin.py:190} INFO - [2024-10-13T21:25:19.005-0400] {utils.py:148} INFO - Note: NumExpr detected 16 cores but "NUMEXPR_MAX_THREADS" not set, so enforcing safe limit of 8.
[2024-10-13T21:25:19.006-0400] {logging_mixin.py:190} INFO - [2024-10-13T21:25:19.006-0400] {utils.py:160} INFO - NumExpr defaulting to 8 threads.
[2024-10-13T21:25:19.284-0400] {processor.py:927} WARNING - No viable dags retrieved from /Users/karenwang/anaconda3/envs/airflow_sqlite_env/lib/python3.9/site-packages/airflow/example_dags/plugins/workday.py
[2024-10-13T21:25:19.468-0400] {processor.py:208} INFO - Processing /Users/karenwang/anaconda3/envs/airflow_sqlite_env/lib/python3.9/site-packages/airflow/example_dags/plugins/workday.py took 4.094 seconds
[2024-10-13T21:28:58.758-0400] {processor.py:186} INFO - Started process (PID=53340) to work on /Users/karenwang/anaconda3/envs/airflow_sqlite_env/lib/python3.9/site-packages/airflow/example_dags/plugins/workday.py
[2024-10-13T21:28:58.759-0400] {processor.py:914} INFO - Processing file /Users/karenwang/anaconda3/envs/airflow_sqlite_env/lib/python3.9/site-packages/airflow/example_dags/plugins/workday.py for tasks to queue
[2024-10-13T21:28:58.760-0400] {logging_mixin.py:190} INFO - [2024-10-13T21:28:58.760-0400] {dagbag.py:588} INFO - Filling up the DagBag from /Users/karenwang/anaconda3/envs/airflow_sqlite_env/lib/python3.9/site-packages/airflow/example_dags/plugins/workday.py
[2024-10-13T21:29:02.871-0400] {logging_mixin.py:190} INFO - [2024-10-13T21:29:02.870-0400] {utils.py:148} INFO - Note: NumExpr detected 16 cores but "NUMEXPR_MAX_THREADS" not set, so enforcing safe limit of 8.
[2024-10-13T21:29:02.871-0400] {logging_mixin.py:190} INFO - [2024-10-13T21:29:02.871-0400] {utils.py:160} INFO - NumExpr defaulting to 8 threads.
[2024-10-13T21:29:03.192-0400] {processor.py:927} WARNING - No viable dags retrieved from /Users/karenwang/anaconda3/envs/airflow_sqlite_env/lib/python3.9/site-packages/airflow/example_dags/plugins/workday.py
[2024-10-13T21:29:03.406-0400] {processor.py:208} INFO - Processing /Users/karenwang/anaconda3/envs/airflow_sqlite_env/lib/python3.9/site-packages/airflow/example_dags/plugins/workday.py took 4.654 seconds
[2024-10-13T21:33:01.405-0400] {processor.py:186} INFO - Started process (PID=54615) to work on /Users/karenwang/anaconda3/envs/airflow_sqlite_env/lib/python3.9/site-packages/airflow/example_dags/plugins/workday.py
[2024-10-13T21:33:01.407-0400] {processor.py:914} INFO - Processing file /Users/karenwang/anaconda3/envs/airflow_sqlite_env/lib/python3.9/site-packages/airflow/example_dags/plugins/workday.py for tasks to queue
[2024-10-13T21:33:01.408-0400] {logging_mixin.py:190} INFO - [2024-10-13T21:33:01.408-0400] {dagbag.py:588} INFO - Filling up the DagBag from /Users/karenwang/anaconda3/envs/airflow_sqlite_env/lib/python3.9/site-packages/airflow/example_dags/plugins/workday.py
[2024-10-13T21:33:05.179-0400] {logging_mixin.py:190} INFO - [2024-10-13T21:33:05.179-0400] {utils.py:148} INFO - Note: NumExpr detected 16 cores but "NUMEXPR_MAX_THREADS" not set, so enforcing safe limit of 8.
[2024-10-13T21:33:05.180-0400] {logging_mixin.py:190} INFO - [2024-10-13T21:33:05.179-0400] {utils.py:160} INFO - NumExpr defaulting to 8 threads.
[2024-10-13T21:33:05.470-0400] {processor.py:927} WARNING - No viable dags retrieved from /Users/karenwang/anaconda3/envs/airflow_sqlite_env/lib/python3.9/site-packages/airflow/example_dags/plugins/workday.py
[2024-10-13T21:33:05.687-0400] {processor.py:208} INFO - Processing /Users/karenwang/anaconda3/envs/airflow_sqlite_env/lib/python3.9/site-packages/airflow/example_dags/plugins/workday.py took 4.287 seconds
[2024-10-13T21:36:54.993-0400] {processor.py:186} INFO - Started process (PID=55858) to work on /Users/karenwang/anaconda3/envs/airflow_sqlite_env/lib/python3.9/site-packages/airflow/example_dags/plugins/workday.py
[2024-10-13T21:36:54.994-0400] {processor.py:914} INFO - Processing file /Users/karenwang/anaconda3/envs/airflow_sqlite_env/lib/python3.9/site-packages/airflow/example_dags/plugins/workday.py for tasks to queue
[2024-10-13T21:36:54.996-0400] {logging_mixin.py:190} INFO - [2024-10-13T21:36:54.995-0400] {dagbag.py:588} INFO - Filling up the DagBag from /Users/karenwang/anaconda3/envs/airflow_sqlite_env/lib/python3.9/site-packages/airflow/example_dags/plugins/workday.py
[2024-10-13T21:36:58.741-0400] {logging_mixin.py:190} INFO - [2024-10-13T21:36:58.741-0400] {utils.py:148} INFO - Note: NumExpr detected 16 cores but "NUMEXPR_MAX_THREADS" not set, so enforcing safe limit of 8.
[2024-10-13T21:36:58.741-0400] {logging_mixin.py:190} INFO - [2024-10-13T21:36:58.741-0400] {utils.py:160} INFO - NumExpr defaulting to 8 threads.
[2024-10-13T21:36:59.066-0400] {processor.py:927} WARNING - No viable dags retrieved from /Users/karenwang/anaconda3/envs/airflow_sqlite_env/lib/python3.9/site-packages/airflow/example_dags/plugins/workday.py
[2024-10-13T21:36:59.284-0400] {processor.py:208} INFO - Processing /Users/karenwang/anaconda3/envs/airflow_sqlite_env/lib/python3.9/site-packages/airflow/example_dags/plugins/workday.py took 4.297 seconds
[2024-10-13T21:40:49.291-0400] {processor.py:186} INFO - Started process (PID=57076) to work on /Users/karenwang/anaconda3/envs/airflow_sqlite_env/lib/python3.9/site-packages/airflow/example_dags/plugins/workday.py
[2024-10-13T21:40:49.293-0400] {processor.py:914} INFO - Processing file /Users/karenwang/anaconda3/envs/airflow_sqlite_env/lib/python3.9/site-packages/airflow/example_dags/plugins/workday.py for tasks to queue
[2024-10-13T21:40:49.295-0400] {logging_mixin.py:190} INFO - [2024-10-13T21:40:49.295-0400] {dagbag.py:588} INFO - Filling up the DagBag from /Users/karenwang/anaconda3/envs/airflow_sqlite_env/lib/python3.9/site-packages/airflow/example_dags/plugins/workday.py
[2024-10-13T21:40:53.094-0400] {logging_mixin.py:190} INFO - [2024-10-13T21:40:53.094-0400] {utils.py:148} INFO - Note: NumExpr detected 16 cores but "NUMEXPR_MAX_THREADS" not set, so enforcing safe limit of 8.
[2024-10-13T21:40:53.095-0400] {logging_mixin.py:190} INFO - [2024-10-13T21:40:53.095-0400] {utils.py:160} INFO - NumExpr defaulting to 8 threads.
[2024-10-13T21:40:53.397-0400] {processor.py:927} WARNING - No viable dags retrieved from /Users/karenwang/anaconda3/envs/airflow_sqlite_env/lib/python3.9/site-packages/airflow/example_dags/plugins/workday.py
[2024-10-13T21:40:53.611-0400] {processor.py:208} INFO - Processing /Users/karenwang/anaconda3/envs/airflow_sqlite_env/lib/python3.9/site-packages/airflow/example_dags/plugins/workday.py took 4.326 seconds
[2024-10-13T21:44:40.049-0400] {processor.py:186} INFO - Started process (PID=58245) to work on /Users/karenwang/anaconda3/envs/airflow_sqlite_env/lib/python3.9/site-packages/airflow/example_dags/plugins/workday.py
[2024-10-13T21:44:40.051-0400] {processor.py:914} INFO - Processing file /Users/karenwang/anaconda3/envs/airflow_sqlite_env/lib/python3.9/site-packages/airflow/example_dags/plugins/workday.py for tasks to queue
[2024-10-13T21:44:40.052-0400] {logging_mixin.py:190} INFO - [2024-10-13T21:44:40.052-0400] {dagbag.py:588} INFO - Filling up the DagBag from /Users/karenwang/anaconda3/envs/airflow_sqlite_env/lib/python3.9/site-packages/airflow/example_dags/plugins/workday.py
[2024-10-13T21:44:44.063-0400] {logging_mixin.py:190} INFO - [2024-10-13T21:44:44.063-0400] {utils.py:148} INFO - Note: NumExpr detected 16 cores but "NUMEXPR_MAX_THREADS" not set, so enforcing safe limit of 8.
[2024-10-13T21:44:44.064-0400] {logging_mixin.py:190} INFO - [2024-10-13T21:44:44.063-0400] {utils.py:160} INFO - NumExpr defaulting to 8 threads.
[2024-10-13T21:44:44.364-0400] {processor.py:927} WARNING - No viable dags retrieved from /Users/karenwang/anaconda3/envs/airflow_sqlite_env/lib/python3.9/site-packages/airflow/example_dags/plugins/workday.py
[2024-10-13T21:44:44.603-0400] {processor.py:208} INFO - Processing /Users/karenwang/anaconda3/envs/airflow_sqlite_env/lib/python3.9/site-packages/airflow/example_dags/plugins/workday.py took 4.560 seconds
[2024-10-13T21:48:41.851-0400] {processor.py:186} INFO - Started process (PID=59499) to work on /Users/karenwang/anaconda3/envs/airflow_sqlite_env/lib/python3.9/site-packages/airflow/example_dags/plugins/workday.py
[2024-10-13T21:48:41.852-0400] {processor.py:914} INFO - Processing file /Users/karenwang/anaconda3/envs/airflow_sqlite_env/lib/python3.9/site-packages/airflow/example_dags/plugins/workday.py for tasks to queue
[2024-10-13T21:48:41.853-0400] {logging_mixin.py:190} INFO - [2024-10-13T21:48:41.853-0400] {dagbag.py:588} INFO - Filling up the DagBag from /Users/karenwang/anaconda3/envs/airflow_sqlite_env/lib/python3.9/site-packages/airflow/example_dags/plugins/workday.py
[2024-10-13T21:48:45.955-0400] {logging_mixin.py:190} INFO - [2024-10-13T21:48:45.955-0400] {utils.py:148} INFO - Note: NumExpr detected 16 cores but "NUMEXPR_MAX_THREADS" not set, so enforcing safe limit of 8.
[2024-10-13T21:48:45.956-0400] {logging_mixin.py:190} INFO - [2024-10-13T21:48:45.955-0400] {utils.py:160} INFO - NumExpr defaulting to 8 threads.
[2024-10-13T21:48:46.272-0400] {processor.py:927} WARNING - No viable dags retrieved from /Users/karenwang/anaconda3/envs/airflow_sqlite_env/lib/python3.9/site-packages/airflow/example_dags/plugins/workday.py
[2024-10-13T21:48:46.504-0400] {processor.py:208} INFO - Processing /Users/karenwang/anaconda3/envs/airflow_sqlite_env/lib/python3.9/site-packages/airflow/example_dags/plugins/workday.py took 4.659 seconds
[2024-10-13T21:52:43.403-0400] {processor.py:186} INFO - Started process (PID=60760) to work on /Users/karenwang/anaconda3/envs/airflow_sqlite_env/lib/python3.9/site-packages/airflow/example_dags/plugins/workday.py
[2024-10-13T21:52:43.404-0400] {processor.py:914} INFO - Processing file /Users/karenwang/anaconda3/envs/airflow_sqlite_env/lib/python3.9/site-packages/airflow/example_dags/plugins/workday.py for tasks to queue
[2024-10-13T21:52:43.406-0400] {logging_mixin.py:190} INFO - [2024-10-13T21:52:43.406-0400] {dagbag.py:588} INFO - Filling up the DagBag from /Users/karenwang/anaconda3/envs/airflow_sqlite_env/lib/python3.9/site-packages/airflow/example_dags/plugins/workday.py
[2024-10-13T21:52:47.430-0400] {logging_mixin.py:190} INFO - [2024-10-13T21:52:47.430-0400] {utils.py:148} INFO - Note: NumExpr detected 16 cores but "NUMEXPR_MAX_THREADS" not set, so enforcing safe limit of 8.
[2024-10-13T21:52:47.430-0400] {logging_mixin.py:190} INFO - [2024-10-13T21:52:47.430-0400] {utils.py:160} INFO - NumExpr defaulting to 8 threads.
[2024-10-13T21:52:47.735-0400] {processor.py:927} WARNING - No viable dags retrieved from /Users/karenwang/anaconda3/envs/airflow_sqlite_env/lib/python3.9/site-packages/airflow/example_dags/plugins/workday.py
[2024-10-13T21:52:47.950-0400] {processor.py:208} INFO - Processing /Users/karenwang/anaconda3/envs/airflow_sqlite_env/lib/python3.9/site-packages/airflow/example_dags/plugins/workday.py took 4.553 seconds
[2024-10-13T21:56:43.253-0400] {processor.py:186} INFO - Started process (PID=61997) to work on /Users/karenwang/anaconda3/envs/airflow_sqlite_env/lib/python3.9/site-packages/airflow/example_dags/plugins/workday.py
[2024-10-13T21:56:43.254-0400] {processor.py:914} INFO - Processing file /Users/karenwang/anaconda3/envs/airflow_sqlite_env/lib/python3.9/site-packages/airflow/example_dags/plugins/workday.py for tasks to queue
[2024-10-13T21:56:43.255-0400] {logging_mixin.py:190} INFO - [2024-10-13T21:56:43.255-0400] {dagbag.py:588} INFO - Filling up the DagBag from /Users/karenwang/anaconda3/envs/airflow_sqlite_env/lib/python3.9/site-packages/airflow/example_dags/plugins/workday.py
[2024-10-13T21:56:47.072-0400] {logging_mixin.py:190} INFO - [2024-10-13T21:56:47.072-0400] {utils.py:148} INFO - Note: NumExpr detected 16 cores but "NUMEXPR_MAX_THREADS" not set, so enforcing safe limit of 8.
[2024-10-13T21:56:47.073-0400] {logging_mixin.py:190} INFO - [2024-10-13T21:56:47.073-0400] {utils.py:160} INFO - NumExpr defaulting to 8 threads.
[2024-10-13T21:56:47.371-0400] {processor.py:927} WARNING - No viable dags retrieved from /Users/karenwang/anaconda3/envs/airflow_sqlite_env/lib/python3.9/site-packages/airflow/example_dags/plugins/workday.py
[2024-10-13T21:56:47.587-0400] {processor.py:208} INFO - Processing /Users/karenwang/anaconda3/envs/airflow_sqlite_env/lib/python3.9/site-packages/airflow/example_dags/plugins/workday.py took 4.340 seconds
[2024-10-13T22:00:29.109-0400] {processor.py:186} INFO - Started process (PID=63155) to work on /Users/karenwang/anaconda3/envs/airflow_sqlite_env/lib/python3.9/site-packages/airflow/example_dags/plugins/workday.py
[2024-10-13T22:00:29.111-0400] {processor.py:914} INFO - Processing file /Users/karenwang/anaconda3/envs/airflow_sqlite_env/lib/python3.9/site-packages/airflow/example_dags/plugins/workday.py for tasks to queue
[2024-10-13T22:00:29.112-0400] {logging_mixin.py:190} INFO - [2024-10-13T22:00:29.112-0400] {dagbag.py:588} INFO - Filling up the DagBag from /Users/karenwang/anaconda3/envs/airflow_sqlite_env/lib/python3.9/site-packages/airflow/example_dags/plugins/workday.py
[2024-10-13T22:00:33.123-0400] {logging_mixin.py:190} INFO - [2024-10-13T22:00:33.123-0400] {utils.py:148} INFO - Note: NumExpr detected 16 cores but "NUMEXPR_MAX_THREADS" not set, so enforcing safe limit of 8.
[2024-10-13T22:00:33.124-0400] {logging_mixin.py:190} INFO - [2024-10-13T22:00:33.124-0400] {utils.py:160} INFO - NumExpr defaulting to 8 threads.
[2024-10-13T22:00:33.490-0400] {processor.py:927} WARNING - No viable dags retrieved from /Users/karenwang/anaconda3/envs/airflow_sqlite_env/lib/python3.9/site-packages/airflow/example_dags/plugins/workday.py
[2024-10-13T22:00:33.729-0400] {processor.py:208} INFO - Processing /Users/karenwang/anaconda3/envs/airflow_sqlite_env/lib/python3.9/site-packages/airflow/example_dags/plugins/workday.py took 4.627 seconds
[2024-10-13T22:04:26.016-0400] {processor.py:186} INFO - Started process (PID=64369) to work on /Users/karenwang/anaconda3/envs/airflow_sqlite_env/lib/python3.9/site-packages/airflow/example_dags/plugins/workday.py
[2024-10-13T22:04:26.018-0400] {processor.py:914} INFO - Processing file /Users/karenwang/anaconda3/envs/airflow_sqlite_env/lib/python3.9/site-packages/airflow/example_dags/plugins/workday.py for tasks to queue
[2024-10-13T22:04:26.019-0400] {logging_mixin.py:190} INFO - [2024-10-13T22:04:26.019-0400] {dagbag.py:588} INFO - Filling up the DagBag from /Users/karenwang/anaconda3/envs/airflow_sqlite_env/lib/python3.9/site-packages/airflow/example_dags/plugins/workday.py
[2024-10-13T22:04:29.542-0400] {logging_mixin.py:190} INFO - [2024-10-13T22:04:29.542-0400] {utils.py:148} INFO - Note: NumExpr detected 16 cores but "NUMEXPR_MAX_THREADS" not set, so enforcing safe limit of 8.
[2024-10-13T22:04:29.542-0400] {logging_mixin.py:190} INFO - [2024-10-13T22:04:29.542-0400] {utils.py:160} INFO - NumExpr defaulting to 8 threads.
[2024-10-13T22:04:29.813-0400] {processor.py:927} WARNING - No viable dags retrieved from /Users/karenwang/anaconda3/envs/airflow_sqlite_env/lib/python3.9/site-packages/airflow/example_dags/plugins/workday.py
[2024-10-13T22:04:30.028-0400] {processor.py:208} INFO - Processing /Users/karenwang/anaconda3/envs/airflow_sqlite_env/lib/python3.9/site-packages/airflow/example_dags/plugins/workday.py took 4.019 seconds
[2024-10-13T22:08:19.874-0400] {processor.py:186} INFO - Started process (PID=65594) to work on /Users/karenwang/anaconda3/envs/airflow_sqlite_env/lib/python3.9/site-packages/airflow/example_dags/plugins/workday.py
[2024-10-13T22:08:19.875-0400] {processor.py:914} INFO - Processing file /Users/karenwang/anaconda3/envs/airflow_sqlite_env/lib/python3.9/site-packages/airflow/example_dags/plugins/workday.py for tasks to queue
[2024-10-13T22:08:19.876-0400] {logging_mixin.py:190} INFO - [2024-10-13T22:08:19.876-0400] {dagbag.py:588} INFO - Filling up the DagBag from /Users/karenwang/anaconda3/envs/airflow_sqlite_env/lib/python3.9/site-packages/airflow/example_dags/plugins/workday.py
[2024-10-13T22:08:23.701-0400] {logging_mixin.py:190} INFO - [2024-10-13T22:08:23.701-0400] {utils.py:148} INFO - Note: NumExpr detected 16 cores but "NUMEXPR_MAX_THREADS" not set, so enforcing safe limit of 8.
[2024-10-13T22:08:23.702-0400] {logging_mixin.py:190} INFO - [2024-10-13T22:08:23.702-0400] {utils.py:160} INFO - NumExpr defaulting to 8 threads.
[2024-10-13T22:08:24.008-0400] {processor.py:927} WARNING - No viable dags retrieved from /Users/karenwang/anaconda3/envs/airflow_sqlite_env/lib/python3.9/site-packages/airflow/example_dags/plugins/workday.py
[2024-10-13T22:08:24.234-0400] {processor.py:208} INFO - Processing /Users/karenwang/anaconda3/envs/airflow_sqlite_env/lib/python3.9/site-packages/airflow/example_dags/plugins/workday.py took 4.365 seconds
[2024-10-13T22:12:13.621-0400] {processor.py:186} INFO - Started process (PID=66788) to work on /Users/karenwang/anaconda3/envs/airflow_sqlite_env/lib/python3.9/site-packages/airflow/example_dags/plugins/workday.py
[2024-10-13T22:12:13.622-0400] {processor.py:914} INFO - Processing file /Users/karenwang/anaconda3/envs/airflow_sqlite_env/lib/python3.9/site-packages/airflow/example_dags/plugins/workday.py for tasks to queue
[2024-10-13T22:12:13.624-0400] {logging_mixin.py:190} INFO - [2024-10-13T22:12:13.623-0400] {dagbag.py:588} INFO - Filling up the DagBag from /Users/karenwang/anaconda3/envs/airflow_sqlite_env/lib/python3.9/site-packages/airflow/example_dags/plugins/workday.py
[2024-10-13T22:12:17.335-0400] {logging_mixin.py:190} INFO - [2024-10-13T22:12:17.335-0400] {utils.py:148} INFO - Note: NumExpr detected 16 cores but "NUMEXPR_MAX_THREADS" not set, so enforcing safe limit of 8.
[2024-10-13T22:12:17.336-0400] {logging_mixin.py:190} INFO - [2024-10-13T22:12:17.335-0400] {utils.py:160} INFO - NumExpr defaulting to 8 threads.
[2024-10-13T22:12:17.633-0400] {processor.py:927} WARNING - No viable dags retrieved from /Users/karenwang/anaconda3/envs/airflow_sqlite_env/lib/python3.9/site-packages/airflow/example_dags/plugins/workday.py
[2024-10-13T22:12:17.843-0400] {processor.py:208} INFO - Processing /Users/karenwang/anaconda3/envs/airflow_sqlite_env/lib/python3.9/site-packages/airflow/example_dags/plugins/workday.py took 4.228 seconds
[2024-10-13T22:16:13.484-0400] {processor.py:186} INFO - Started process (PID=68006) to work on /Users/karenwang/anaconda3/envs/airflow_sqlite_env/lib/python3.9/site-packages/airflow/example_dags/plugins/workday.py
[2024-10-13T22:16:13.486-0400] {processor.py:914} INFO - Processing file /Users/karenwang/anaconda3/envs/airflow_sqlite_env/lib/python3.9/site-packages/airflow/example_dags/plugins/workday.py for tasks to queue
[2024-10-13T22:16:13.487-0400] {logging_mixin.py:190} INFO - [2024-10-13T22:16:13.487-0400] {dagbag.py:588} INFO - Filling up the DagBag from /Users/karenwang/anaconda3/envs/airflow_sqlite_env/lib/python3.9/site-packages/airflow/example_dags/plugins/workday.py
[2024-10-13T22:16:17.332-0400] {logging_mixin.py:190} INFO - [2024-10-13T22:16:17.331-0400] {utils.py:148} INFO - Note: NumExpr detected 16 cores but "NUMEXPR_MAX_THREADS" not set, so enforcing safe limit of 8.
[2024-10-13T22:16:17.332-0400] {logging_mixin.py:190} INFO - [2024-10-13T22:16:17.332-0400] {utils.py:160} INFO - NumExpr defaulting to 8 threads.
[2024-10-13T22:16:17.630-0400] {processor.py:927} WARNING - No viable dags retrieved from /Users/karenwang/anaconda3/envs/airflow_sqlite_env/lib/python3.9/site-packages/airflow/example_dags/plugins/workday.py
[2024-10-13T22:16:17.849-0400] {processor.py:208} INFO - Processing /Users/karenwang/anaconda3/envs/airflow_sqlite_env/lib/python3.9/site-packages/airflow/example_dags/plugins/workday.py took 4.371 seconds
[2024-10-13T22:20:12.187-0400] {processor.py:186} INFO - Started process (PID=69235) to work on /Users/karenwang/anaconda3/envs/airflow_sqlite_env/lib/python3.9/site-packages/airflow/example_dags/plugins/workday.py
[2024-10-13T22:20:12.189-0400] {processor.py:914} INFO - Processing file /Users/karenwang/anaconda3/envs/airflow_sqlite_env/lib/python3.9/site-packages/airflow/example_dags/plugins/workday.py for tasks to queue
[2024-10-13T22:20:12.190-0400] {logging_mixin.py:190} INFO - [2024-10-13T22:20:12.190-0400] {dagbag.py:588} INFO - Filling up the DagBag from /Users/karenwang/anaconda3/envs/airflow_sqlite_env/lib/python3.9/site-packages/airflow/example_dags/plugins/workday.py
[2024-10-13T22:20:16.009-0400] {logging_mixin.py:190} INFO - [2024-10-13T22:20:16.009-0400] {utils.py:148} INFO - Note: NumExpr detected 16 cores but "NUMEXPR_MAX_THREADS" not set, so enforcing safe limit of 8.
[2024-10-13T22:20:16.010-0400] {logging_mixin.py:190} INFO - [2024-10-13T22:20:16.010-0400] {utils.py:160} INFO - NumExpr defaulting to 8 threads.
[2024-10-13T22:20:16.306-0400] {processor.py:927} WARNING - No viable dags retrieved from /Users/karenwang/anaconda3/envs/airflow_sqlite_env/lib/python3.9/site-packages/airflow/example_dags/plugins/workday.py
[2024-10-13T22:20:16.518-0400] {processor.py:208} INFO - Processing /Users/karenwang/anaconda3/envs/airflow_sqlite_env/lib/python3.9/site-packages/airflow/example_dags/plugins/workday.py took 4.336 seconds
[2024-10-13T22:24:21.278-0400] {processor.py:186} INFO - Started process (PID=70564) to work on /Users/karenwang/anaconda3/envs/airflow_sqlite_env/lib/python3.9/site-packages/airflow/example_dags/plugins/workday.py
[2024-10-13T22:24:21.279-0400] {processor.py:914} INFO - Processing file /Users/karenwang/anaconda3/envs/airflow_sqlite_env/lib/python3.9/site-packages/airflow/example_dags/plugins/workday.py for tasks to queue
[2024-10-13T22:24:21.282-0400] {logging_mixin.py:190} INFO - [2024-10-13T22:24:21.281-0400] {dagbag.py:588} INFO - Filling up the DagBag from /Users/karenwang/anaconda3/envs/airflow_sqlite_env/lib/python3.9/site-packages/airflow/example_dags/plugins/workday.py
[2024-10-13T22:24:25.407-0400] {logging_mixin.py:190} INFO - [2024-10-13T22:24:25.406-0400] {utils.py:148} INFO - Note: NumExpr detected 16 cores but "NUMEXPR_MAX_THREADS" not set, so enforcing safe limit of 8.
[2024-10-13T22:24:25.407-0400] {logging_mixin.py:190} INFO - [2024-10-13T22:24:25.407-0400] {utils.py:160} INFO - NumExpr defaulting to 8 threads.
[2024-10-13T22:24:25.770-0400] {processor.py:927} WARNING - No viable dags retrieved from /Users/karenwang/anaconda3/envs/airflow_sqlite_env/lib/python3.9/site-packages/airflow/example_dags/plugins/workday.py
[2024-10-13T22:24:26.008-0400] {processor.py:208} INFO - Processing /Users/karenwang/anaconda3/envs/airflow_sqlite_env/lib/python3.9/site-packages/airflow/example_dags/plugins/workday.py took 4.736 seconds
[2024-10-13T22:29:43.142-0400] {processor.py:186} INFO - Started process (PID=72319) to work on /Users/karenwang/anaconda3/envs/airflow_sqlite_env/lib/python3.9/site-packages/airflow/example_dags/plugins/workday.py
[2024-10-13T22:29:43.143-0400] {processor.py:914} INFO - Processing file /Users/karenwang/anaconda3/envs/airflow_sqlite_env/lib/python3.9/site-packages/airflow/example_dags/plugins/workday.py for tasks to queue
[2024-10-13T22:29:43.145-0400] {logging_mixin.py:190} INFO - [2024-10-13T22:29:43.144-0400] {dagbag.py:588} INFO - Filling up the DagBag from /Users/karenwang/anaconda3/envs/airflow_sqlite_env/lib/python3.9/site-packages/airflow/example_dags/plugins/workday.py
[2024-10-13T22:29:47.139-0400] {logging_mixin.py:190} INFO - [2024-10-13T22:29:47.139-0400] {utils.py:148} INFO - Note: NumExpr detected 16 cores but "NUMEXPR_MAX_THREADS" not set, so enforcing safe limit of 8.
[2024-10-13T22:29:47.140-0400] {logging_mixin.py:190} INFO - [2024-10-13T22:29:47.139-0400] {utils.py:160} INFO - NumExpr defaulting to 8 threads.
[2024-10-13T22:29:47.461-0400] {processor.py:927} WARNING - No viable dags retrieved from /Users/karenwang/anaconda3/envs/airflow_sqlite_env/lib/python3.9/site-packages/airflow/example_dags/plugins/workday.py
[2024-10-13T22:29:47.700-0400] {processor.py:208} INFO - Processing /Users/karenwang/anaconda3/envs/airflow_sqlite_env/lib/python3.9/site-packages/airflow/example_dags/plugins/workday.py took 4.564 seconds
[2024-10-13T22:32:52.475-0400] {processor.py:186} INFO - Started process (PID=73435) to work on /Users/karenwang/anaconda3/envs/airflow_sqlite_env/lib/python3.9/site-packages/airflow/example_dags/plugins/workday.py
[2024-10-13T22:32:52.477-0400] {processor.py:914} INFO - Processing file /Users/karenwang/anaconda3/envs/airflow_sqlite_env/lib/python3.9/site-packages/airflow/example_dags/plugins/workday.py for tasks to queue
[2024-10-13T22:32:52.479-0400] {logging_mixin.py:190} INFO - [2024-10-13T22:32:52.478-0400] {dagbag.py:588} INFO - Filling up the DagBag from /Users/karenwang/anaconda3/envs/airflow_sqlite_env/lib/python3.9/site-packages/airflow/example_dags/plugins/workday.py
[2024-10-13T22:32:56.587-0400] {logging_mixin.py:190} INFO - [2024-10-13T22:32:56.587-0400] {utils.py:148} INFO - Note: NumExpr detected 16 cores but "NUMEXPR_MAX_THREADS" not set, so enforcing safe limit of 8.
[2024-10-13T22:32:56.588-0400] {logging_mixin.py:190} INFO - [2024-10-13T22:32:56.587-0400] {utils.py:160} INFO - NumExpr defaulting to 8 threads.
[2024-10-13T22:32:56.912-0400] {processor.py:927} WARNING - No viable dags retrieved from /Users/karenwang/anaconda3/envs/airflow_sqlite_env/lib/python3.9/site-packages/airflow/example_dags/plugins/workday.py
[2024-10-13T22:32:57.140-0400] {processor.py:208} INFO - Processing /Users/karenwang/anaconda3/envs/airflow_sqlite_env/lib/python3.9/site-packages/airflow/example_dags/plugins/workday.py took 4.671 seconds
[2024-10-13T22:38:53.894-0400] {processor.py:186} INFO - Started process (PID=75392) to work on /Users/karenwang/anaconda3/envs/airflow_sqlite_env/lib/python3.9/site-packages/airflow/example_dags/plugins/workday.py
[2024-10-13T22:38:53.896-0400] {processor.py:914} INFO - Processing file /Users/karenwang/anaconda3/envs/airflow_sqlite_env/lib/python3.9/site-packages/airflow/example_dags/plugins/workday.py for tasks to queue
[2024-10-13T22:38:53.897-0400] {logging_mixin.py:190} INFO - [2024-10-13T22:38:53.897-0400] {dagbag.py:588} INFO - Filling up the DagBag from /Users/karenwang/anaconda3/envs/airflow_sqlite_env/lib/python3.9/site-packages/airflow/example_dags/plugins/workday.py
[2024-10-13T22:38:57.735-0400] {logging_mixin.py:190} INFO - [2024-10-13T22:38:57.735-0400] {utils.py:148} INFO - Note: NumExpr detected 16 cores but "NUMEXPR_MAX_THREADS" not set, so enforcing safe limit of 8.
[2024-10-13T22:38:57.735-0400] {logging_mixin.py:190} INFO - [2024-10-13T22:38:57.735-0400] {utils.py:160} INFO - NumExpr defaulting to 8 threads.
[2024-10-13T22:38:58.022-0400] {processor.py:927} WARNING - No viable dags retrieved from /Users/karenwang/anaconda3/envs/airflow_sqlite_env/lib/python3.9/site-packages/airflow/example_dags/plugins/workday.py
[2024-10-13T22:38:58.243-0400] {processor.py:208} INFO - Processing /Users/karenwang/anaconda3/envs/airflow_sqlite_env/lib/python3.9/site-packages/airflow/example_dags/plugins/workday.py took 4.354 seconds
