[2024-10-12T00:00:21.707-0400] {processor.py:186} INFO - Started process (PID=33869) to work on /Users/karenwang/anaconda3/envs/airflow_sqlite_env/lib/python3.9/site-packages/airflow/example_dags/example_bash_operator.py
[2024-10-12T00:00:21.708-0400] {processor.py:914} INFO - Processing file /Users/karenwang/anaconda3/envs/airflow_sqlite_env/lib/python3.9/site-packages/airflow/example_dags/example_bash_operator.py for tasks to queue
[2024-10-12T00:00:21.710-0400] {logging_mixin.py:190} INFO - [2024-10-12T00:00:21.709-0400] {dagbag.py:588} INFO - Filling up the DagBag from /Users/karenwang/anaconda3/envs/airflow_sqlite_env/lib/python3.9/site-packages/airflow/example_dags/example_bash_operator.py
[2024-10-12T00:00:21.730-0400] {processor.py:925} INFO - DAG(s) 'example_bash_operator' retrieved from /Users/karenwang/anaconda3/envs/airflow_sqlite_env/lib/python3.9/site-packages/airflow/example_dags/example_bash_operator.py
[2024-10-12T00:00:22.122-0400] {logging_mixin.py:190} INFO - [2024-10-12T00:00:22.121-0400] {override.py:1900} INFO - Created Permission View: can delete on DAG:example_bash_operator
[2024-10-12T00:00:22.135-0400] {logging_mixin.py:190} INFO - [2024-10-12T00:00:22.135-0400] {override.py:1900} INFO - Created Permission View: can edit on DAG:example_bash_operator
[2024-10-12T00:00:22.145-0400] {logging_mixin.py:190} INFO - [2024-10-12T00:00:22.144-0400] {override.py:1900} INFO - Created Permission View: can read on DAG:example_bash_operator
[2024-10-12T00:00:22.156-0400] {logging_mixin.py:190} INFO - [2024-10-12T00:00:22.156-0400] {override.py:1900} INFO - Created Permission View: can delete on DAG Run:example_bash_operator
[2024-10-12T00:00:22.166-0400] {logging_mixin.py:190} INFO - [2024-10-12T00:00:22.165-0400] {override.py:1900} INFO - Created Permission View: can create on DAG Run:example_bash_operator
[2024-10-12T00:00:22.174-0400] {logging_mixin.py:190} INFO - [2024-10-12T00:00:22.173-0400] {override.py:1900} INFO - Created Permission View: can read on DAG Run:example_bash_operator
[2024-10-12T00:00:22.183-0400] {logging_mixin.py:190} INFO - [2024-10-12T00:00:22.182-0400] {override.py:1900} INFO - Created Permission View: menu access on DAG Run:example_bash_operator
[2024-10-12T00:00:22.183-0400] {logging_mixin.py:190} INFO - [2024-10-12T00:00:22.183-0400] {dag.py:3239} INFO - Sync 1 DAGs
[2024-10-12T00:00:22.203-0400] {logging_mixin.py:190} INFO - [2024-10-12T00:00:22.203-0400] {dag.py:3262} INFO - Creating ORM DAG for example_bash_operator
[2024-10-12T00:00:22.219-0400] {logging_mixin.py:190} INFO - [2024-10-12T00:00:22.219-0400] {dag.py:4180} INFO - Setting next_dagrun for example_bash_operator to 2024-10-11 00:00:00+00:00, run_after=2024-10-12 00:00:00+00:00
[2024-10-12T00:00:22.246-0400] {processor.py:208} INFO - Processing /Users/karenwang/anaconda3/envs/airflow_sqlite_env/lib/python3.9/site-packages/airflow/example_dags/example_bash_operator.py took 0.547 seconds
[2024-10-12T00:11:53.033-0400] {processor.py:186} INFO - Started process (PID=3677) to work on /Users/karenwang/anaconda3/envs/airflow_sqlite_env/lib/python3.9/site-packages/airflow/example_dags/example_bash_operator.py
[2024-10-12T00:11:53.034-0400] {processor.py:914} INFO - Processing file /Users/karenwang/anaconda3/envs/airflow_sqlite_env/lib/python3.9/site-packages/airflow/example_dags/example_bash_operator.py for tasks to queue
[2024-10-12T00:11:53.035-0400] {logging_mixin.py:190} INFO - [2024-10-12T00:11:53.035-0400] {dagbag.py:588} INFO - Filling up the DagBag from /Users/karenwang/anaconda3/envs/airflow_sqlite_env/lib/python3.9/site-packages/airflow/example_dags/example_bash_operator.py
[2024-10-12T00:11:53.050-0400] {processor.py:925} INFO - DAG(s) 'example_bash_operator' retrieved from /Users/karenwang/anaconda3/envs/airflow_sqlite_env/lib/python3.9/site-packages/airflow/example_dags/example_bash_operator.py
[2024-10-12T00:11:53.224-0400] {logging_mixin.py:190} INFO - [2024-10-12T00:11:53.223-0400] {dag.py:3239} INFO - Sync 1 DAGs
[2024-10-12T00:11:53.247-0400] {logging_mixin.py:190} INFO - [2024-10-12T00:11:53.247-0400] {dag.py:4180} INFO - Setting next_dagrun for example_bash_operator to 2024-10-12 00:00:00+00:00, run_after=2024-10-13 00:00:00+00:00
[2024-10-12T00:11:53.267-0400] {processor.py:208} INFO - Processing /Users/karenwang/anaconda3/envs/airflow_sqlite_env/lib/python3.9/site-packages/airflow/example_dags/example_bash_operator.py took 0.238 seconds
[2024-10-12T00:17:15.589-0400] {processor.py:186} INFO - Started process (PID=5408) to work on /Users/karenwang/anaconda3/envs/airflow_sqlite_env/lib/python3.9/site-packages/airflow/example_dags/example_bash_operator.py
[2024-10-12T00:17:15.590-0400] {processor.py:914} INFO - Processing file /Users/karenwang/anaconda3/envs/airflow_sqlite_env/lib/python3.9/site-packages/airflow/example_dags/example_bash_operator.py for tasks to queue
[2024-10-12T00:17:15.591-0400] {logging_mixin.py:190} INFO - [2024-10-12T00:17:15.591-0400] {dagbag.py:588} INFO - Filling up the DagBag from /Users/karenwang/anaconda3/envs/airflow_sqlite_env/lib/python3.9/site-packages/airflow/example_dags/example_bash_operator.py
[2024-10-12T00:17:15.605-0400] {processor.py:925} INFO - DAG(s) 'example_bash_operator' retrieved from /Users/karenwang/anaconda3/envs/airflow_sqlite_env/lib/python3.9/site-packages/airflow/example_dags/example_bash_operator.py
[2024-10-12T00:17:15.778-0400] {logging_mixin.py:190} INFO - [2024-10-12T00:17:15.778-0400] {dag.py:3239} INFO - Sync 1 DAGs
[2024-10-12T00:17:15.800-0400] {logging_mixin.py:190} INFO - [2024-10-12T00:17:15.800-0400] {dag.py:4180} INFO - Setting next_dagrun for example_bash_operator to 2024-10-12 00:00:00+00:00, run_after=2024-10-13 00:00:00+00:00
[2024-10-12T00:17:15.819-0400] {processor.py:208} INFO - Processing /Users/karenwang/anaconda3/envs/airflow_sqlite_env/lib/python3.9/site-packages/airflow/example_dags/example_bash_operator.py took 0.235 seconds
[2024-10-12T00:22:35.833-0400] {processor.py:186} INFO - Started process (PID=7069) to work on /Users/karenwang/anaconda3/envs/airflow_sqlite_env/lib/python3.9/site-packages/airflow/example_dags/example_bash_operator.py
[2024-10-12T00:22:35.834-0400] {processor.py:914} INFO - Processing file /Users/karenwang/anaconda3/envs/airflow_sqlite_env/lib/python3.9/site-packages/airflow/example_dags/example_bash_operator.py for tasks to queue
[2024-10-12T00:22:35.835-0400] {logging_mixin.py:190} INFO - [2024-10-12T00:22:35.835-0400] {dagbag.py:588} INFO - Filling up the DagBag from /Users/karenwang/anaconda3/envs/airflow_sqlite_env/lib/python3.9/site-packages/airflow/example_dags/example_bash_operator.py
[2024-10-12T00:22:35.849-0400] {processor.py:925} INFO - DAG(s) 'example_bash_operator' retrieved from /Users/karenwang/anaconda3/envs/airflow_sqlite_env/lib/python3.9/site-packages/airflow/example_dags/example_bash_operator.py
[2024-10-12T00:22:36.023-0400] {logging_mixin.py:190} INFO - [2024-10-12T00:22:36.023-0400] {dag.py:3239} INFO - Sync 1 DAGs
[2024-10-12T00:22:36.045-0400] {logging_mixin.py:190} INFO - [2024-10-12T00:22:36.045-0400] {dag.py:4180} INFO - Setting next_dagrun for example_bash_operator to 2024-10-12 00:00:00+00:00, run_after=2024-10-13 00:00:00+00:00
[2024-10-12T00:22:36.064-0400] {processor.py:208} INFO - Processing /Users/karenwang/anaconda3/envs/airflow_sqlite_env/lib/python3.9/site-packages/airflow/example_dags/example_bash_operator.py took 0.236 seconds
[2024-10-12T00:28:52.357-0400] {processor.py:186} INFO - Started process (PID=9038) to work on /Users/karenwang/anaconda3/envs/airflow_sqlite_env/lib/python3.9/site-packages/airflow/example_dags/example_bash_operator.py
[2024-10-12T00:28:52.358-0400] {processor.py:914} INFO - Processing file /Users/karenwang/anaconda3/envs/airflow_sqlite_env/lib/python3.9/site-packages/airflow/example_dags/example_bash_operator.py for tasks to queue
[2024-10-12T00:28:52.359-0400] {logging_mixin.py:190} INFO - [2024-10-12T00:28:52.358-0400] {dagbag.py:588} INFO - Filling up the DagBag from /Users/karenwang/anaconda3/envs/airflow_sqlite_env/lib/python3.9/site-packages/airflow/example_dags/example_bash_operator.py
[2024-10-12T00:28:52.373-0400] {processor.py:925} INFO - DAG(s) 'example_bash_operator' retrieved from /Users/karenwang/anaconda3/envs/airflow_sqlite_env/lib/python3.9/site-packages/airflow/example_dags/example_bash_operator.py
[2024-10-12T00:28:52.553-0400] {logging_mixin.py:190} INFO - [2024-10-12T00:28:52.553-0400] {dag.py:3239} INFO - Sync 1 DAGs
[2024-10-12T00:28:52.575-0400] {logging_mixin.py:190} INFO - [2024-10-12T00:28:52.575-0400] {dag.py:4180} INFO - Setting next_dagrun for example_bash_operator to 2024-10-12 00:00:00+00:00, run_after=2024-10-13 00:00:00+00:00
[2024-10-12T00:28:52.594-0400] {processor.py:208} INFO - Processing /Users/karenwang/anaconda3/envs/airflow_sqlite_env/lib/python3.9/site-packages/airflow/example_dags/example_bash_operator.py took 0.242 seconds
[2024-10-12T00:56:10.347-0400] {processor.py:186} INFO - Started process (PID=17303) to work on /Users/karenwang/anaconda3/envs/airflow_sqlite_env/lib/python3.9/site-packages/airflow/example_dags/example_bash_operator.py
[2024-10-12T00:56:10.348-0400] {processor.py:914} INFO - Processing file /Users/karenwang/anaconda3/envs/airflow_sqlite_env/lib/python3.9/site-packages/airflow/example_dags/example_bash_operator.py for tasks to queue
[2024-10-12T00:56:10.349-0400] {logging_mixin.py:190} INFO - [2024-10-12T00:56:10.349-0400] {dagbag.py:588} INFO - Filling up the DagBag from /Users/karenwang/anaconda3/envs/airflow_sqlite_env/lib/python3.9/site-packages/airflow/example_dags/example_bash_operator.py
[2024-10-12T00:56:10.363-0400] {processor.py:925} INFO - DAG(s) 'example_bash_operator' retrieved from /Users/karenwang/anaconda3/envs/airflow_sqlite_env/lib/python3.9/site-packages/airflow/example_dags/example_bash_operator.py
[2024-10-12T00:56:10.536-0400] {logging_mixin.py:190} INFO - [2024-10-12T00:56:10.536-0400] {dag.py:3239} INFO - Sync 1 DAGs
[2024-10-12T00:56:10.559-0400] {logging_mixin.py:190} INFO - [2024-10-12T00:56:10.559-0400] {dag.py:4180} INFO - Setting next_dagrun for example_bash_operator to 2024-10-12 00:00:00+00:00, run_after=2024-10-13 00:00:00+00:00
[2024-10-12T00:56:10.577-0400] {processor.py:208} INFO - Processing /Users/karenwang/anaconda3/envs/airflow_sqlite_env/lib/python3.9/site-packages/airflow/example_dags/example_bash_operator.py took 0.234 seconds
[2024-10-12T01:01:41.327-0400] {processor.py:186} INFO - Started process (PID=19029) to work on /Users/karenwang/anaconda3/envs/airflow_sqlite_env/lib/python3.9/site-packages/airflow/example_dags/example_bash_operator.py
[2024-10-12T01:01:41.328-0400] {processor.py:914} INFO - Processing file /Users/karenwang/anaconda3/envs/airflow_sqlite_env/lib/python3.9/site-packages/airflow/example_dags/example_bash_operator.py for tasks to queue
[2024-10-12T01:01:41.329-0400] {logging_mixin.py:190} INFO - [2024-10-12T01:01:41.329-0400] {dagbag.py:588} INFO - Filling up the DagBag from /Users/karenwang/anaconda3/envs/airflow_sqlite_env/lib/python3.9/site-packages/airflow/example_dags/example_bash_operator.py
[2024-10-12T01:01:41.343-0400] {processor.py:925} INFO - DAG(s) 'example_bash_operator' retrieved from /Users/karenwang/anaconda3/envs/airflow_sqlite_env/lib/python3.9/site-packages/airflow/example_dags/example_bash_operator.py
[2024-10-12T01:01:41.521-0400] {logging_mixin.py:190} INFO - [2024-10-12T01:01:41.521-0400] {dag.py:3239} INFO - Sync 1 DAGs
[2024-10-12T01:01:41.543-0400] {logging_mixin.py:190} INFO - [2024-10-12T01:01:41.543-0400] {dag.py:4180} INFO - Setting next_dagrun for example_bash_operator to 2024-10-12 00:00:00+00:00, run_after=2024-10-13 00:00:00+00:00
[2024-10-12T01:01:41.561-0400] {processor.py:208} INFO - Processing /Users/karenwang/anaconda3/envs/airflow_sqlite_env/lib/python3.9/site-packages/airflow/example_dags/example_bash_operator.py took 0.239 seconds
[2024-10-12T01:07:14.789-0400] {processor.py:186} INFO - Started process (PID=20796) to work on /Users/karenwang/anaconda3/envs/airflow_sqlite_env/lib/python3.9/site-packages/airflow/example_dags/example_bash_operator.py
[2024-10-12T01:07:14.790-0400] {processor.py:914} INFO - Processing file /Users/karenwang/anaconda3/envs/airflow_sqlite_env/lib/python3.9/site-packages/airflow/example_dags/example_bash_operator.py for tasks to queue
[2024-10-12T01:07:14.791-0400] {logging_mixin.py:190} INFO - [2024-10-12T01:07:14.791-0400] {dagbag.py:588} INFO - Filling up the DagBag from /Users/karenwang/anaconda3/envs/airflow_sqlite_env/lib/python3.9/site-packages/airflow/example_dags/example_bash_operator.py
[2024-10-12T01:07:14.805-0400] {processor.py:925} INFO - DAG(s) 'example_bash_operator' retrieved from /Users/karenwang/anaconda3/envs/airflow_sqlite_env/lib/python3.9/site-packages/airflow/example_dags/example_bash_operator.py
[2024-10-12T01:07:14.979-0400] {logging_mixin.py:190} INFO - [2024-10-12T01:07:14.979-0400] {dag.py:3239} INFO - Sync 1 DAGs
[2024-10-12T01:07:15.002-0400] {logging_mixin.py:190} INFO - [2024-10-12T01:07:15.001-0400] {dag.py:4180} INFO - Setting next_dagrun for example_bash_operator to 2024-10-12 00:00:00+00:00, run_after=2024-10-13 00:00:00+00:00
[2024-10-12T01:07:15.020-0400] {processor.py:208} INFO - Processing /Users/karenwang/anaconda3/envs/airflow_sqlite_env/lib/python3.9/site-packages/airflow/example_dags/example_bash_operator.py took 0.236 seconds
[2024-10-12T02:22:22.833-0400] {processor.py:186} INFO - Started process (PID=44375) to work on /Users/karenwang/anaconda3/envs/airflow_sqlite_env/lib/python3.9/site-packages/airflow/example_dags/example_bash_operator.py
[2024-10-12T02:22:22.835-0400] {processor.py:914} INFO - Processing file /Users/karenwang/anaconda3/envs/airflow_sqlite_env/lib/python3.9/site-packages/airflow/example_dags/example_bash_operator.py for tasks to queue
[2024-10-12T02:22:22.836-0400] {logging_mixin.py:190} INFO - [2024-10-12T02:22:22.836-0400] {dagbag.py:588} INFO - Filling up the DagBag from /Users/karenwang/anaconda3/envs/airflow_sqlite_env/lib/python3.9/site-packages/airflow/example_dags/example_bash_operator.py
[2024-10-12T02:22:22.856-0400] {processor.py:925} INFO - DAG(s) 'example_bash_operator' retrieved from /Users/karenwang/anaconda3/envs/airflow_sqlite_env/lib/python3.9/site-packages/airflow/example_dags/example_bash_operator.py
[2024-10-12T02:22:23.082-0400] {logging_mixin.py:190} INFO - [2024-10-12T02:22:23.082-0400] {dag.py:3239} INFO - Sync 1 DAGs
[2024-10-12T02:22:23.110-0400] {logging_mixin.py:190} INFO - [2024-10-12T02:22:23.109-0400] {dag.py:4180} INFO - Setting next_dagrun for example_bash_operator to 2024-10-12 00:00:00+00:00, run_after=2024-10-13 00:00:00+00:00
[2024-10-12T02:22:23.135-0400] {processor.py:208} INFO - Processing /Users/karenwang/anaconda3/envs/airflow_sqlite_env/lib/python3.9/site-packages/airflow/example_dags/example_bash_operator.py took 0.308 seconds
[2024-10-12T02:31:06.106-0400] {processor.py:186} INFO - Started process (PID=47046) to work on /Users/karenwang/anaconda3/envs/airflow_sqlite_env/lib/python3.9/site-packages/airflow/example_dags/example_bash_operator.py
[2024-10-12T02:31:06.107-0400] {processor.py:914} INFO - Processing file /Users/karenwang/anaconda3/envs/airflow_sqlite_env/lib/python3.9/site-packages/airflow/example_dags/example_bash_operator.py for tasks to queue
[2024-10-12T02:31:06.109-0400] {logging_mixin.py:190} INFO - [2024-10-12T02:31:06.108-0400] {dagbag.py:588} INFO - Filling up the DagBag from /Users/karenwang/anaconda3/envs/airflow_sqlite_env/lib/python3.9/site-packages/airflow/example_dags/example_bash_operator.py
[2024-10-12T02:31:06.129-0400] {processor.py:925} INFO - DAG(s) 'example_bash_operator' retrieved from /Users/karenwang/anaconda3/envs/airflow_sqlite_env/lib/python3.9/site-packages/airflow/example_dags/example_bash_operator.py
[2024-10-12T02:31:06.346-0400] {logging_mixin.py:190} INFO - [2024-10-12T02:31:06.346-0400] {dag.py:3239} INFO - Sync 1 DAGs
[2024-10-12T02:31:06.371-0400] {logging_mixin.py:190} INFO - [2024-10-12T02:31:06.370-0400] {dag.py:4180} INFO - Setting next_dagrun for example_bash_operator to 2024-10-12 00:00:00+00:00, run_after=2024-10-13 00:00:00+00:00
[2024-10-12T02:31:06.391-0400] {processor.py:208} INFO - Processing /Users/karenwang/anaconda3/envs/airflow_sqlite_env/lib/python3.9/site-packages/airflow/example_dags/example_bash_operator.py took 0.292 seconds
[2024-10-12T02:42:14.487-0400] {processor.py:186} INFO - Started process (PID=50477) to work on /Users/karenwang/anaconda3/envs/airflow_sqlite_env/lib/python3.9/site-packages/airflow/example_dags/example_bash_operator.py
[2024-10-12T02:42:14.488-0400] {processor.py:914} INFO - Processing file /Users/karenwang/anaconda3/envs/airflow_sqlite_env/lib/python3.9/site-packages/airflow/example_dags/example_bash_operator.py for tasks to queue
[2024-10-12T02:42:14.489-0400] {logging_mixin.py:190} INFO - [2024-10-12T02:42:14.489-0400] {dagbag.py:588} INFO - Filling up the DagBag from /Users/karenwang/anaconda3/envs/airflow_sqlite_env/lib/python3.9/site-packages/airflow/example_dags/example_bash_operator.py
[2024-10-12T02:42:14.507-0400] {processor.py:925} INFO - DAG(s) 'example_bash_operator' retrieved from /Users/karenwang/anaconda3/envs/airflow_sqlite_env/lib/python3.9/site-packages/airflow/example_dags/example_bash_operator.py
[2024-10-12T02:42:14.703-0400] {logging_mixin.py:190} INFO - [2024-10-12T02:42:14.703-0400] {dag.py:3239} INFO - Sync 1 DAGs
[2024-10-12T02:42:14.729-0400] {logging_mixin.py:190} INFO - [2024-10-12T02:42:14.728-0400] {dag.py:4180} INFO - Setting next_dagrun for example_bash_operator to 2024-10-12 00:00:00+00:00, run_after=2024-10-13 00:00:00+00:00
[2024-10-12T02:42:14.750-0400] {processor.py:208} INFO - Processing /Users/karenwang/anaconda3/envs/airflow_sqlite_env/lib/python3.9/site-packages/airflow/example_dags/example_bash_operator.py took 0.269 seconds
[2024-10-12T02:49:02.404-0400] {processor.py:186} INFO - Started process (PID=52547) to work on /Users/karenwang/anaconda3/envs/airflow_sqlite_env/lib/python3.9/site-packages/airflow/example_dags/example_bash_operator.py
[2024-10-12T02:49:02.406-0400] {processor.py:914} INFO - Processing file /Users/karenwang/anaconda3/envs/airflow_sqlite_env/lib/python3.9/site-packages/airflow/example_dags/example_bash_operator.py for tasks to queue
[2024-10-12T02:49:02.408-0400] {logging_mixin.py:190} INFO - [2024-10-12T02:49:02.407-0400] {dagbag.py:588} INFO - Filling up the DagBag from /Users/karenwang/anaconda3/envs/airflow_sqlite_env/lib/python3.9/site-packages/airflow/example_dags/example_bash_operator.py
[2024-10-12T02:49:02.428-0400] {processor.py:925} INFO - DAG(s) 'example_bash_operator' retrieved from /Users/karenwang/anaconda3/envs/airflow_sqlite_env/lib/python3.9/site-packages/airflow/example_dags/example_bash_operator.py
[2024-10-12T02:49:02.665-0400] {logging_mixin.py:190} INFO - [2024-10-12T02:49:02.664-0400] {dag.py:3239} INFO - Sync 1 DAGs
[2024-10-12T02:49:02.691-0400] {logging_mixin.py:190} INFO - [2024-10-12T02:49:02.690-0400] {dag.py:4180} INFO - Setting next_dagrun for example_bash_operator to 2024-10-12 00:00:00+00:00, run_after=2024-10-13 00:00:00+00:00
[2024-10-12T02:49:02.712-0400] {processor.py:208} INFO - Processing /Users/karenwang/anaconda3/envs/airflow_sqlite_env/lib/python3.9/site-packages/airflow/example_dags/example_bash_operator.py took 0.314 seconds
[2024-10-12T03:26:27.990-0400] {processor.py:186} INFO - Started process (PID=54948) to work on /Users/karenwang/anaconda3/envs/airflow_sqlite_env/lib/python3.9/site-packages/airflow/example_dags/example_bash_operator.py
[2024-10-12T03:26:27.992-0400] {processor.py:914} INFO - Processing file /Users/karenwang/anaconda3/envs/airflow_sqlite_env/lib/python3.9/site-packages/airflow/example_dags/example_bash_operator.py for tasks to queue
[2024-10-12T03:26:27.993-0400] {logging_mixin.py:190} INFO - [2024-10-12T03:26:27.993-0400] {dagbag.py:588} INFO - Filling up the DagBag from /Users/karenwang/anaconda3/envs/airflow_sqlite_env/lib/python3.9/site-packages/airflow/example_dags/example_bash_operator.py
[2024-10-12T03:26:28.014-0400] {processor.py:925} INFO - DAG(s) 'example_bash_operator' retrieved from /Users/karenwang/anaconda3/envs/airflow_sqlite_env/lib/python3.9/site-packages/airflow/example_dags/example_bash_operator.py
[2024-10-12T03:26:28.258-0400] {logging_mixin.py:190} INFO - [2024-10-12T03:26:28.258-0400] {dag.py:3239} INFO - Sync 1 DAGs
[2024-10-12T03:26:28.288-0400] {logging_mixin.py:190} INFO - [2024-10-12T03:26:28.288-0400] {dag.py:4180} INFO - Setting next_dagrun for example_bash_operator to 2024-10-12 00:00:00+00:00, run_after=2024-10-13 00:00:00+00:00
[2024-10-12T03:26:28.311-0400] {processor.py:208} INFO - Processing /Users/karenwang/anaconda3/envs/airflow_sqlite_env/lib/python3.9/site-packages/airflow/example_dags/example_bash_operator.py took 0.326 seconds
[2024-10-12T13:40:03.754-0400] {processor.py:186} INFO - Started process (PID=74063) to work on /Users/karenwang/anaconda3/envs/airflow_sqlite_env/lib/python3.9/site-packages/airflow/example_dags/example_bash_operator.py
[2024-10-12T13:40:03.756-0400] {processor.py:914} INFO - Processing file /Users/karenwang/anaconda3/envs/airflow_sqlite_env/lib/python3.9/site-packages/airflow/example_dags/example_bash_operator.py for tasks to queue
[2024-10-12T13:40:03.758-0400] {logging_mixin.py:190} INFO - [2024-10-12T13:40:03.757-0400] {dagbag.py:588} INFO - Filling up the DagBag from /Users/karenwang/anaconda3/envs/airflow_sqlite_env/lib/python3.9/site-packages/airflow/example_dags/example_bash_operator.py
[2024-10-12T13:40:03.774-0400] {processor.py:925} INFO - DAG(s) 'example_bash_operator' retrieved from /Users/karenwang/anaconda3/envs/airflow_sqlite_env/lib/python3.9/site-packages/airflow/example_dags/example_bash_operator.py
[2024-10-12T13:40:03.992-0400] {logging_mixin.py:190} INFO - [2024-10-12T13:40:03.991-0400] {dag.py:3239} INFO - Sync 1 DAGs
[2024-10-12T13:40:04.020-0400] {logging_mixin.py:190} INFO - [2024-10-12T13:40:04.020-0400] {dag.py:4180} INFO - Setting next_dagrun for example_bash_operator to 2024-10-12 00:00:00+00:00, run_after=2024-10-13 00:00:00+00:00
[2024-10-12T13:40:04.043-0400] {processor.py:208} INFO - Processing /Users/karenwang/anaconda3/envs/airflow_sqlite_env/lib/python3.9/site-packages/airflow/example_dags/example_bash_operator.py took 0.295 seconds
[2024-10-12T13:48:30.021-0400] {processor.py:186} INFO - Started process (PID=76711) to work on /Users/karenwang/anaconda3/envs/airflow_sqlite_env/lib/python3.9/site-packages/airflow/example_dags/example_bash_operator.py
[2024-10-12T13:48:30.023-0400] {processor.py:914} INFO - Processing file /Users/karenwang/anaconda3/envs/airflow_sqlite_env/lib/python3.9/site-packages/airflow/example_dags/example_bash_operator.py for tasks to queue
[2024-10-12T13:48:30.024-0400] {logging_mixin.py:190} INFO - [2024-10-12T13:48:30.024-0400] {dagbag.py:588} INFO - Filling up the DagBag from /Users/karenwang/anaconda3/envs/airflow_sqlite_env/lib/python3.9/site-packages/airflow/example_dags/example_bash_operator.py
[2024-10-12T13:48:30.045-0400] {processor.py:925} INFO - DAG(s) 'example_bash_operator' retrieved from /Users/karenwang/anaconda3/envs/airflow_sqlite_env/lib/python3.9/site-packages/airflow/example_dags/example_bash_operator.py
[2024-10-12T13:48:30.252-0400] {logging_mixin.py:190} INFO - [2024-10-12T13:48:30.251-0400] {dag.py:3239} INFO - Sync 1 DAGs
[2024-10-12T13:48:30.282-0400] {logging_mixin.py:190} INFO - [2024-10-12T13:48:30.281-0400] {dag.py:4180} INFO - Setting next_dagrun for example_bash_operator to 2024-10-12 00:00:00+00:00, run_after=2024-10-13 00:00:00+00:00
[2024-10-12T13:48:30.304-0400] {processor.py:208} INFO - Processing /Users/karenwang/anaconda3/envs/airflow_sqlite_env/lib/python3.9/site-packages/airflow/example_dags/example_bash_operator.py took 0.288 seconds
[2024-10-12T13:55:28.834-0400] {processor.py:186} INFO - Started process (PID=78851) to work on /Users/karenwang/anaconda3/envs/airflow_sqlite_env/lib/python3.9/site-packages/airflow/example_dags/example_bash_operator.py
[2024-10-12T13:55:28.835-0400] {processor.py:914} INFO - Processing file /Users/karenwang/anaconda3/envs/airflow_sqlite_env/lib/python3.9/site-packages/airflow/example_dags/example_bash_operator.py for tasks to queue
[2024-10-12T13:55:28.836-0400] {logging_mixin.py:190} INFO - [2024-10-12T13:55:28.836-0400] {dagbag.py:588} INFO - Filling up the DagBag from /Users/karenwang/anaconda3/envs/airflow_sqlite_env/lib/python3.9/site-packages/airflow/example_dags/example_bash_operator.py
[2024-10-12T13:55:28.851-0400] {processor.py:925} INFO - DAG(s) 'example_bash_operator' retrieved from /Users/karenwang/anaconda3/envs/airflow_sqlite_env/lib/python3.9/site-packages/airflow/example_dags/example_bash_operator.py
[2024-10-12T13:55:29.071-0400] {logging_mixin.py:190} INFO - [2024-10-12T13:55:29.070-0400] {dag.py:3239} INFO - Sync 1 DAGs
[2024-10-12T13:55:29.096-0400] {logging_mixin.py:190} INFO - [2024-10-12T13:55:29.096-0400] {dag.py:4180} INFO - Setting next_dagrun for example_bash_operator to 2024-10-12 00:00:00+00:00, run_after=2024-10-13 00:00:00+00:00
[2024-10-12T13:55:29.116-0400] {processor.py:208} INFO - Processing /Users/karenwang/anaconda3/envs/airflow_sqlite_env/lib/python3.9/site-packages/airflow/example_dags/example_bash_operator.py took 0.287 seconds
[2024-10-12T14:02:35.518-0400] {processor.py:186} INFO - Started process (PID=81013) to work on /Users/karenwang/anaconda3/envs/airflow_sqlite_env/lib/python3.9/site-packages/airflow/example_dags/example_bash_operator.py
[2024-10-12T14:02:35.520-0400] {processor.py:914} INFO - Processing file /Users/karenwang/anaconda3/envs/airflow_sqlite_env/lib/python3.9/site-packages/airflow/example_dags/example_bash_operator.py for tasks to queue
[2024-10-12T14:02:35.521-0400] {logging_mixin.py:190} INFO - [2024-10-12T14:02:35.521-0400] {dagbag.py:588} INFO - Filling up the DagBag from /Users/karenwang/anaconda3/envs/airflow_sqlite_env/lib/python3.9/site-packages/airflow/example_dags/example_bash_operator.py
[2024-10-12T14:02:35.539-0400] {processor.py:925} INFO - DAG(s) 'example_bash_operator' retrieved from /Users/karenwang/anaconda3/envs/airflow_sqlite_env/lib/python3.9/site-packages/airflow/example_dags/example_bash_operator.py
[2024-10-12T14:02:35.752-0400] {logging_mixin.py:190} INFO - [2024-10-12T14:02:35.751-0400] {dag.py:3239} INFO - Sync 1 DAGs
[2024-10-12T14:02:35.781-0400] {logging_mixin.py:190} INFO - [2024-10-12T14:02:35.780-0400] {dag.py:4180} INFO - Setting next_dagrun for example_bash_operator to 2024-10-12 00:00:00+00:00, run_after=2024-10-13 00:00:00+00:00
[2024-10-12T14:02:35.801-0400] {processor.py:208} INFO - Processing /Users/karenwang/anaconda3/envs/airflow_sqlite_env/lib/python3.9/site-packages/airflow/example_dags/example_bash_operator.py took 0.289 seconds
[2024-10-12T14:09:33.971-0400] {processor.py:186} INFO - Started process (PID=83130) to work on /Users/karenwang/anaconda3/envs/airflow_sqlite_env/lib/python3.9/site-packages/airflow/example_dags/example_bash_operator.py
[2024-10-12T14:09:33.973-0400] {processor.py:914} INFO - Processing file /Users/karenwang/anaconda3/envs/airflow_sqlite_env/lib/python3.9/site-packages/airflow/example_dags/example_bash_operator.py for tasks to queue
[2024-10-12T14:09:33.974-0400] {logging_mixin.py:190} INFO - [2024-10-12T14:09:33.974-0400] {dagbag.py:588} INFO - Filling up the DagBag from /Users/karenwang/anaconda3/envs/airflow_sqlite_env/lib/python3.9/site-packages/airflow/example_dags/example_bash_operator.py
[2024-10-12T14:09:33.992-0400] {processor.py:925} INFO - DAG(s) 'example_bash_operator' retrieved from /Users/karenwang/anaconda3/envs/airflow_sqlite_env/lib/python3.9/site-packages/airflow/example_dags/example_bash_operator.py
[2024-10-12T14:09:34.194-0400] {logging_mixin.py:190} INFO - [2024-10-12T14:09:34.194-0400] {dag.py:3239} INFO - Sync 1 DAGs
[2024-10-12T14:09:34.222-0400] {logging_mixin.py:190} INFO - [2024-10-12T14:09:34.222-0400] {dag.py:4180} INFO - Setting next_dagrun for example_bash_operator to 2024-10-12 00:00:00+00:00, run_after=2024-10-13 00:00:00+00:00
[2024-10-12T14:09:34.244-0400] {processor.py:208} INFO - Processing /Users/karenwang/anaconda3/envs/airflow_sqlite_env/lib/python3.9/site-packages/airflow/example_dags/example_bash_operator.py took 0.279 seconds
[2024-10-12T14:16:44.171-0400] {processor.py:186} INFO - Started process (PID=85301) to work on /Users/karenwang/anaconda3/envs/airflow_sqlite_env/lib/python3.9/site-packages/airflow/example_dags/example_bash_operator.py
[2024-10-12T14:16:44.173-0400] {processor.py:914} INFO - Processing file /Users/karenwang/anaconda3/envs/airflow_sqlite_env/lib/python3.9/site-packages/airflow/example_dags/example_bash_operator.py for tasks to queue
[2024-10-12T14:16:44.174-0400] {logging_mixin.py:190} INFO - [2024-10-12T14:16:44.174-0400] {dagbag.py:588} INFO - Filling up the DagBag from /Users/karenwang/anaconda3/envs/airflow_sqlite_env/lib/python3.9/site-packages/airflow/example_dags/example_bash_operator.py
[2024-10-12T14:16:44.195-0400] {processor.py:925} INFO - DAG(s) 'example_bash_operator' retrieved from /Users/karenwang/anaconda3/envs/airflow_sqlite_env/lib/python3.9/site-packages/airflow/example_dags/example_bash_operator.py
[2024-10-12T14:16:44.400-0400] {logging_mixin.py:190} INFO - [2024-10-12T14:16:44.400-0400] {dag.py:3239} INFO - Sync 1 DAGs
[2024-10-12T14:16:44.426-0400] {logging_mixin.py:190} INFO - [2024-10-12T14:16:44.426-0400] {dag.py:4180} INFO - Setting next_dagrun for example_bash_operator to 2024-10-12 00:00:00+00:00, run_after=2024-10-13 00:00:00+00:00
[2024-10-12T14:16:44.447-0400] {processor.py:208} INFO - Processing /Users/karenwang/anaconda3/envs/airflow_sqlite_env/lib/python3.9/site-packages/airflow/example_dags/example_bash_operator.py took 0.281 seconds
[2024-10-12T14:23:39.778-0400] {processor.py:186} INFO - Started process (PID=87437) to work on /Users/karenwang/anaconda3/envs/airflow_sqlite_env/lib/python3.9/site-packages/airflow/example_dags/example_bash_operator.py
[2024-10-12T14:23:39.780-0400] {processor.py:914} INFO - Processing file /Users/karenwang/anaconda3/envs/airflow_sqlite_env/lib/python3.9/site-packages/airflow/example_dags/example_bash_operator.py for tasks to queue
[2024-10-12T14:23:39.781-0400] {logging_mixin.py:190} INFO - [2024-10-12T14:23:39.781-0400] {dagbag.py:588} INFO - Filling up the DagBag from /Users/karenwang/anaconda3/envs/airflow_sqlite_env/lib/python3.9/site-packages/airflow/example_dags/example_bash_operator.py
[2024-10-12T14:23:39.798-0400] {processor.py:925} INFO - DAG(s) 'example_bash_operator' retrieved from /Users/karenwang/anaconda3/envs/airflow_sqlite_env/lib/python3.9/site-packages/airflow/example_dags/example_bash_operator.py
[2024-10-12T14:23:40.017-0400] {logging_mixin.py:190} INFO - [2024-10-12T14:23:40.016-0400] {dag.py:3239} INFO - Sync 1 DAGs
[2024-10-12T14:23:40.046-0400] {logging_mixin.py:190} INFO - [2024-10-12T14:23:40.046-0400] {dag.py:4180} INFO - Setting next_dagrun for example_bash_operator to 2024-10-12 00:00:00+00:00, run_after=2024-10-13 00:00:00+00:00
[2024-10-12T14:23:40.066-0400] {processor.py:208} INFO - Processing /Users/karenwang/anaconda3/envs/airflow_sqlite_env/lib/python3.9/site-packages/airflow/example_dags/example_bash_operator.py took 0.294 seconds
[2024-10-12T14:30:46.742-0400] {processor.py:186} INFO - Started process (PID=89585) to work on /Users/karenwang/anaconda3/envs/airflow_sqlite_env/lib/python3.9/site-packages/airflow/example_dags/example_bash_operator.py
[2024-10-12T14:30:46.743-0400] {processor.py:914} INFO - Processing file /Users/karenwang/anaconda3/envs/airflow_sqlite_env/lib/python3.9/site-packages/airflow/example_dags/example_bash_operator.py for tasks to queue
[2024-10-12T14:30:46.744-0400] {logging_mixin.py:190} INFO - [2024-10-12T14:30:46.744-0400] {dagbag.py:588} INFO - Filling up the DagBag from /Users/karenwang/anaconda3/envs/airflow_sqlite_env/lib/python3.9/site-packages/airflow/example_dags/example_bash_operator.py
[2024-10-12T14:30:46.761-0400] {processor.py:925} INFO - DAG(s) 'example_bash_operator' retrieved from /Users/karenwang/anaconda3/envs/airflow_sqlite_env/lib/python3.9/site-packages/airflow/example_dags/example_bash_operator.py
[2024-10-12T14:30:46.970-0400] {logging_mixin.py:190} INFO - [2024-10-12T14:30:46.970-0400] {dag.py:3239} INFO - Sync 1 DAGs
[2024-10-12T14:30:46.996-0400] {logging_mixin.py:190} INFO - [2024-10-12T14:30:46.995-0400] {dag.py:4180} INFO - Setting next_dagrun for example_bash_operator to 2024-10-12 00:00:00+00:00, run_after=2024-10-13 00:00:00+00:00
[2024-10-12T14:30:47.017-0400] {processor.py:208} INFO - Processing /Users/karenwang/anaconda3/envs/airflow_sqlite_env/lib/python3.9/site-packages/airflow/example_dags/example_bash_operator.py took 0.281 seconds
[2024-10-12T14:37:42.832-0400] {processor.py:186} INFO - Started process (PID=91693) to work on /Users/karenwang/anaconda3/envs/airflow_sqlite_env/lib/python3.9/site-packages/airflow/example_dags/example_bash_operator.py
[2024-10-12T14:37:42.833-0400] {processor.py:914} INFO - Processing file /Users/karenwang/anaconda3/envs/airflow_sqlite_env/lib/python3.9/site-packages/airflow/example_dags/example_bash_operator.py for tasks to queue
[2024-10-12T14:37:42.834-0400] {logging_mixin.py:190} INFO - [2024-10-12T14:37:42.834-0400] {dagbag.py:588} INFO - Filling up the DagBag from /Users/karenwang/anaconda3/envs/airflow_sqlite_env/lib/python3.9/site-packages/airflow/example_dags/example_bash_operator.py
[2024-10-12T14:37:42.851-0400] {processor.py:925} INFO - DAG(s) 'example_bash_operator' retrieved from /Users/karenwang/anaconda3/envs/airflow_sqlite_env/lib/python3.9/site-packages/airflow/example_dags/example_bash_operator.py
[2024-10-12T14:37:43.056-0400] {logging_mixin.py:190} INFO - [2024-10-12T14:37:43.056-0400] {dag.py:3239} INFO - Sync 1 DAGs
[2024-10-12T14:37:43.086-0400] {logging_mixin.py:190} INFO - [2024-10-12T14:37:43.086-0400] {dag.py:4180} INFO - Setting next_dagrun for example_bash_operator to 2024-10-12 00:00:00+00:00, run_after=2024-10-13 00:00:00+00:00
[2024-10-12T14:37:43.109-0400] {processor.py:208} INFO - Processing /Users/karenwang/anaconda3/envs/airflow_sqlite_env/lib/python3.9/site-packages/airflow/example_dags/example_bash_operator.py took 0.284 seconds
[2024-10-12T14:44:39.017-0400] {processor.py:186} INFO - Started process (PID=93834) to work on /Users/karenwang/anaconda3/envs/airflow_sqlite_env/lib/python3.9/site-packages/airflow/example_dags/example_bash_operator.py
[2024-10-12T14:44:39.018-0400] {processor.py:914} INFO - Processing file /Users/karenwang/anaconda3/envs/airflow_sqlite_env/lib/python3.9/site-packages/airflow/example_dags/example_bash_operator.py for tasks to queue
[2024-10-12T14:44:39.020-0400] {logging_mixin.py:190} INFO - [2024-10-12T14:44:39.020-0400] {dagbag.py:588} INFO - Filling up the DagBag from /Users/karenwang/anaconda3/envs/airflow_sqlite_env/lib/python3.9/site-packages/airflow/example_dags/example_bash_operator.py
[2024-10-12T14:44:39.038-0400] {processor.py:925} INFO - DAG(s) 'example_bash_operator' retrieved from /Users/karenwang/anaconda3/envs/airflow_sqlite_env/lib/python3.9/site-packages/airflow/example_dags/example_bash_operator.py
[2024-10-12T14:44:39.245-0400] {logging_mixin.py:190} INFO - [2024-10-12T14:44:39.245-0400] {dag.py:3239} INFO - Sync 1 DAGs
[2024-10-12T14:44:39.270-0400] {logging_mixin.py:190} INFO - [2024-10-12T14:44:39.270-0400] {dag.py:4180} INFO - Setting next_dagrun for example_bash_operator to 2024-10-12 00:00:00+00:00, run_after=2024-10-13 00:00:00+00:00
[2024-10-12T14:44:39.291-0400] {processor.py:208} INFO - Processing /Users/karenwang/anaconda3/envs/airflow_sqlite_env/lib/python3.9/site-packages/airflow/example_dags/example_bash_operator.py took 0.279 seconds
[2024-10-12T14:51:47.419-0400] {processor.py:186} INFO - Started process (PID=96030) to work on /Users/karenwang/anaconda3/envs/airflow_sqlite_env/lib/python3.9/site-packages/airflow/example_dags/example_bash_operator.py
[2024-10-12T14:51:47.420-0400] {processor.py:914} INFO - Processing file /Users/karenwang/anaconda3/envs/airflow_sqlite_env/lib/python3.9/site-packages/airflow/example_dags/example_bash_operator.py for tasks to queue
[2024-10-12T14:51:47.421-0400] {logging_mixin.py:190} INFO - [2024-10-12T14:51:47.421-0400] {dagbag.py:588} INFO - Filling up the DagBag from /Users/karenwang/anaconda3/envs/airflow_sqlite_env/lib/python3.9/site-packages/airflow/example_dags/example_bash_operator.py
[2024-10-12T14:51:47.440-0400] {processor.py:925} INFO - DAG(s) 'example_bash_operator' retrieved from /Users/karenwang/anaconda3/envs/airflow_sqlite_env/lib/python3.9/site-packages/airflow/example_dags/example_bash_operator.py
[2024-10-12T14:51:47.661-0400] {logging_mixin.py:190} INFO - [2024-10-12T14:51:47.661-0400] {dag.py:3239} INFO - Sync 1 DAGs
[2024-10-12T14:51:47.686-0400] {logging_mixin.py:190} INFO - [2024-10-12T14:51:47.686-0400] {dag.py:4180} INFO - Setting next_dagrun for example_bash_operator to 2024-10-12 00:00:00+00:00, run_after=2024-10-13 00:00:00+00:00
[2024-10-12T14:51:47.709-0400] {processor.py:208} INFO - Processing /Users/karenwang/anaconda3/envs/airflow_sqlite_env/lib/python3.9/site-packages/airflow/example_dags/example_bash_operator.py took 0.296 seconds
[2024-10-12T14:58:44.990-0400] {processor.py:186} INFO - Started process (PID=98141) to work on /Users/karenwang/anaconda3/envs/airflow_sqlite_env/lib/python3.9/site-packages/airflow/example_dags/example_bash_operator.py
[2024-10-12T14:58:44.992-0400] {processor.py:914} INFO - Processing file /Users/karenwang/anaconda3/envs/airflow_sqlite_env/lib/python3.9/site-packages/airflow/example_dags/example_bash_operator.py for tasks to queue
[2024-10-12T14:58:44.993-0400] {logging_mixin.py:190} INFO - [2024-10-12T14:58:44.993-0400] {dagbag.py:588} INFO - Filling up the DagBag from /Users/karenwang/anaconda3/envs/airflow_sqlite_env/lib/python3.9/site-packages/airflow/example_dags/example_bash_operator.py
[2024-10-12T14:58:45.011-0400] {processor.py:925} INFO - DAG(s) 'example_bash_operator' retrieved from /Users/karenwang/anaconda3/envs/airflow_sqlite_env/lib/python3.9/site-packages/airflow/example_dags/example_bash_operator.py
[2024-10-12T14:58:45.217-0400] {logging_mixin.py:190} INFO - [2024-10-12T14:58:45.216-0400] {dag.py:3239} INFO - Sync 1 DAGs
[2024-10-12T14:58:45.242-0400] {logging_mixin.py:190} INFO - [2024-10-12T14:58:45.242-0400] {dag.py:4180} INFO - Setting next_dagrun for example_bash_operator to 2024-10-12 00:00:00+00:00, run_after=2024-10-13 00:00:00+00:00
[2024-10-12T14:58:45.264-0400] {processor.py:208} INFO - Processing /Users/karenwang/anaconda3/envs/airflow_sqlite_env/lib/python3.9/site-packages/airflow/example_dags/example_bash_operator.py took 0.280 seconds
[2024-10-12T15:05:53.269-0400] {processor.py:186} INFO - Started process (PID=860) to work on /Users/karenwang/anaconda3/envs/airflow_sqlite_env/lib/python3.9/site-packages/airflow/example_dags/example_bash_operator.py
[2024-10-12T15:05:53.271-0400] {processor.py:914} INFO - Processing file /Users/karenwang/anaconda3/envs/airflow_sqlite_env/lib/python3.9/site-packages/airflow/example_dags/example_bash_operator.py for tasks to queue
[2024-10-12T15:05:53.272-0400] {logging_mixin.py:190} INFO - [2024-10-12T15:05:53.272-0400] {dagbag.py:588} INFO - Filling up the DagBag from /Users/karenwang/anaconda3/envs/airflow_sqlite_env/lib/python3.9/site-packages/airflow/example_dags/example_bash_operator.py
[2024-10-12T15:05:53.292-0400] {processor.py:925} INFO - DAG(s) 'example_bash_operator' retrieved from /Users/karenwang/anaconda3/envs/airflow_sqlite_env/lib/python3.9/site-packages/airflow/example_dags/example_bash_operator.py
[2024-10-12T15:05:53.482-0400] {logging_mixin.py:190} INFO - [2024-10-12T15:05:53.482-0400] {dag.py:3239} INFO - Sync 1 DAGs
[2024-10-12T15:05:53.505-0400] {logging_mixin.py:190} INFO - [2024-10-12T15:05:53.504-0400] {dag.py:4180} INFO - Setting next_dagrun for example_bash_operator to 2024-10-12 00:00:00+00:00, run_after=2024-10-13 00:00:00+00:00
[2024-10-12T15:05:53.525-0400] {processor.py:208} INFO - Processing /Users/karenwang/anaconda3/envs/airflow_sqlite_env/lib/python3.9/site-packages/airflow/example_dags/example_bash_operator.py took 0.262 seconds
[2024-10-12T15:12:50.831-0400] {processor.py:186} INFO - Started process (PID=3155) to work on /Users/karenwang/anaconda3/envs/airflow_sqlite_env/lib/python3.9/site-packages/airflow/example_dags/example_bash_operator.py
[2024-10-12T15:12:50.832-0400] {processor.py:914} INFO - Processing file /Users/karenwang/anaconda3/envs/airflow_sqlite_env/lib/python3.9/site-packages/airflow/example_dags/example_bash_operator.py for tasks to queue
[2024-10-12T15:12:50.834-0400] {logging_mixin.py:190} INFO - [2024-10-12T15:12:50.833-0400] {dagbag.py:588} INFO - Filling up the DagBag from /Users/karenwang/anaconda3/envs/airflow_sqlite_env/lib/python3.9/site-packages/airflow/example_dags/example_bash_operator.py
[2024-10-12T15:12:50.851-0400] {processor.py:925} INFO - DAG(s) 'example_bash_operator' retrieved from /Users/karenwang/anaconda3/envs/airflow_sqlite_env/lib/python3.9/site-packages/airflow/example_dags/example_bash_operator.py
[2024-10-12T15:12:51.047-0400] {logging_mixin.py:190} INFO - [2024-10-12T15:12:51.047-0400] {dag.py:3239} INFO - Sync 1 DAGs
[2024-10-12T15:12:51.072-0400] {logging_mixin.py:190} INFO - [2024-10-12T15:12:51.071-0400] {dag.py:4180} INFO - Setting next_dagrun for example_bash_operator to 2024-10-12 00:00:00+00:00, run_after=2024-10-13 00:00:00+00:00
[2024-10-12T15:12:51.090-0400] {processor.py:208} INFO - Processing /Users/karenwang/anaconda3/envs/airflow_sqlite_env/lib/python3.9/site-packages/airflow/example_dags/example_bash_operator.py took 0.266 seconds
[2024-10-12T15:19:54.591-0400] {processor.py:186} INFO - Started process (PID=5303) to work on /Users/karenwang/anaconda3/envs/airflow_sqlite_env/lib/python3.9/site-packages/airflow/example_dags/example_bash_operator.py
[2024-10-12T15:19:54.592-0400] {processor.py:914} INFO - Processing file /Users/karenwang/anaconda3/envs/airflow_sqlite_env/lib/python3.9/site-packages/airflow/example_dags/example_bash_operator.py for tasks to queue
[2024-10-12T15:19:54.593-0400] {logging_mixin.py:190} INFO - [2024-10-12T15:19:54.593-0400] {dagbag.py:588} INFO - Filling up the DagBag from /Users/karenwang/anaconda3/envs/airflow_sqlite_env/lib/python3.9/site-packages/airflow/example_dags/example_bash_operator.py
[2024-10-12T15:19:54.609-0400] {processor.py:925} INFO - DAG(s) 'example_bash_operator' retrieved from /Users/karenwang/anaconda3/envs/airflow_sqlite_env/lib/python3.9/site-packages/airflow/example_dags/example_bash_operator.py
[2024-10-12T15:19:54.823-0400] {logging_mixin.py:190} INFO - [2024-10-12T15:19:54.822-0400] {dag.py:3239} INFO - Sync 1 DAGs
[2024-10-12T15:19:54.852-0400] {logging_mixin.py:190} INFO - [2024-10-12T15:19:54.851-0400] {dag.py:4180} INFO - Setting next_dagrun for example_bash_operator to 2024-10-12 00:00:00+00:00, run_after=2024-10-13 00:00:00+00:00
[2024-10-12T15:19:54.876-0400] {processor.py:208} INFO - Processing /Users/karenwang/anaconda3/envs/airflow_sqlite_env/lib/python3.9/site-packages/airflow/example_dags/example_bash_operator.py took 0.291 seconds
[2024-10-12T15:26:53.057-0400] {processor.py:186} INFO - Started process (PID=7422) to work on /Users/karenwang/anaconda3/envs/airflow_sqlite_env/lib/python3.9/site-packages/airflow/example_dags/example_bash_operator.py
[2024-10-12T15:26:53.058-0400] {processor.py:914} INFO - Processing file /Users/karenwang/anaconda3/envs/airflow_sqlite_env/lib/python3.9/site-packages/airflow/example_dags/example_bash_operator.py for tasks to queue
[2024-10-12T15:26:53.059-0400] {logging_mixin.py:190} INFO - [2024-10-12T15:26:53.059-0400] {dagbag.py:588} INFO - Filling up the DagBag from /Users/karenwang/anaconda3/envs/airflow_sqlite_env/lib/python3.9/site-packages/airflow/example_dags/example_bash_operator.py
[2024-10-12T15:26:53.078-0400] {processor.py:925} INFO - DAG(s) 'example_bash_operator' retrieved from /Users/karenwang/anaconda3/envs/airflow_sqlite_env/lib/python3.9/site-packages/airflow/example_dags/example_bash_operator.py
[2024-10-12T15:26:53.289-0400] {logging_mixin.py:190} INFO - [2024-10-12T15:26:53.288-0400] {dag.py:3239} INFO - Sync 1 DAGs
[2024-10-12T15:26:53.319-0400] {logging_mixin.py:190} INFO - [2024-10-12T15:26:53.319-0400] {dag.py:4180} INFO - Setting next_dagrun for example_bash_operator to 2024-10-12 00:00:00+00:00, run_after=2024-10-13 00:00:00+00:00
[2024-10-12T15:26:53.345-0400] {processor.py:208} INFO - Processing /Users/karenwang/anaconda3/envs/airflow_sqlite_env/lib/python3.9/site-packages/airflow/example_dags/example_bash_operator.py took 0.294 seconds
[2024-10-12T15:34:08.568-0400] {processor.py:186} INFO - Started process (PID=9665) to work on /Users/karenwang/anaconda3/envs/airflow_sqlite_env/lib/python3.9/site-packages/airflow/example_dags/example_bash_operator.py
[2024-10-12T15:34:08.569-0400] {processor.py:914} INFO - Processing file /Users/karenwang/anaconda3/envs/airflow_sqlite_env/lib/python3.9/site-packages/airflow/example_dags/example_bash_operator.py for tasks to queue
[2024-10-12T15:34:08.570-0400] {logging_mixin.py:190} INFO - [2024-10-12T15:34:08.570-0400] {dagbag.py:588} INFO - Filling up the DagBag from /Users/karenwang/anaconda3/envs/airflow_sqlite_env/lib/python3.9/site-packages/airflow/example_dags/example_bash_operator.py
[2024-10-12T15:34:08.585-0400] {processor.py:925} INFO - DAG(s) 'example_bash_operator' retrieved from /Users/karenwang/anaconda3/envs/airflow_sqlite_env/lib/python3.9/site-packages/airflow/example_dags/example_bash_operator.py
[2024-10-12T15:34:08.795-0400] {logging_mixin.py:190} INFO - [2024-10-12T15:34:08.795-0400] {dag.py:3239} INFO - Sync 1 DAGs
[2024-10-12T15:34:08.818-0400] {logging_mixin.py:190} INFO - [2024-10-12T15:34:08.818-0400] {dag.py:4180} INFO - Setting next_dagrun for example_bash_operator to 2024-10-12 00:00:00+00:00, run_after=2024-10-13 00:00:00+00:00
[2024-10-12T15:34:08.838-0400] {processor.py:208} INFO - Processing /Users/karenwang/anaconda3/envs/airflow_sqlite_env/lib/python3.9/site-packages/airflow/example_dags/example_bash_operator.py took 0.276 seconds
[2024-10-12T15:41:04.890-0400] {processor.py:186} INFO - Started process (PID=11780) to work on /Users/karenwang/anaconda3/envs/airflow_sqlite_env/lib/python3.9/site-packages/airflow/example_dags/example_bash_operator.py
[2024-10-12T15:41:04.891-0400] {processor.py:914} INFO - Processing file /Users/karenwang/anaconda3/envs/airflow_sqlite_env/lib/python3.9/site-packages/airflow/example_dags/example_bash_operator.py for tasks to queue
[2024-10-12T15:41:04.892-0400] {logging_mixin.py:190} INFO - [2024-10-12T15:41:04.892-0400] {dagbag.py:588} INFO - Filling up the DagBag from /Users/karenwang/anaconda3/envs/airflow_sqlite_env/lib/python3.9/site-packages/airflow/example_dags/example_bash_operator.py
[2024-10-12T15:41:04.913-0400] {processor.py:925} INFO - DAG(s) 'example_bash_operator' retrieved from /Users/karenwang/anaconda3/envs/airflow_sqlite_env/lib/python3.9/site-packages/airflow/example_dags/example_bash_operator.py
[2024-10-12T15:41:05.140-0400] {logging_mixin.py:190} INFO - [2024-10-12T15:41:05.140-0400] {dag.py:3239} INFO - Sync 1 DAGs
[2024-10-12T15:41:05.168-0400] {logging_mixin.py:190} INFO - [2024-10-12T15:41:05.168-0400] {dag.py:4180} INFO - Setting next_dagrun for example_bash_operator to 2024-10-12 00:00:00+00:00, run_after=2024-10-13 00:00:00+00:00
[2024-10-12T15:41:05.188-0400] {processor.py:208} INFO - Processing /Users/karenwang/anaconda3/envs/airflow_sqlite_env/lib/python3.9/site-packages/airflow/example_dags/example_bash_operator.py took 0.305 seconds
[2024-10-12T15:48:12.684-0400] {processor.py:186} INFO - Started process (PID=13972) to work on /Users/karenwang/anaconda3/envs/airflow_sqlite_env/lib/python3.9/site-packages/airflow/example_dags/example_bash_operator.py
[2024-10-12T15:48:12.686-0400] {processor.py:914} INFO - Processing file /Users/karenwang/anaconda3/envs/airflow_sqlite_env/lib/python3.9/site-packages/airflow/example_dags/example_bash_operator.py for tasks to queue
[2024-10-12T15:48:12.687-0400] {logging_mixin.py:190} INFO - [2024-10-12T15:48:12.687-0400] {dagbag.py:588} INFO - Filling up the DagBag from /Users/karenwang/anaconda3/envs/airflow_sqlite_env/lib/python3.9/site-packages/airflow/example_dags/example_bash_operator.py
[2024-10-12T15:48:12.707-0400] {processor.py:925} INFO - DAG(s) 'example_bash_operator' retrieved from /Users/karenwang/anaconda3/envs/airflow_sqlite_env/lib/python3.9/site-packages/airflow/example_dags/example_bash_operator.py
[2024-10-12T15:48:12.926-0400] {logging_mixin.py:190} INFO - [2024-10-12T15:48:12.925-0400] {dag.py:3239} INFO - Sync 1 DAGs
[2024-10-12T15:48:12.950-0400] {logging_mixin.py:190} INFO - [2024-10-12T15:48:12.950-0400] {dag.py:4180} INFO - Setting next_dagrun for example_bash_operator to 2024-10-12 00:00:00+00:00, run_after=2024-10-13 00:00:00+00:00
[2024-10-12T15:48:12.973-0400] {processor.py:208} INFO - Processing /Users/karenwang/anaconda3/envs/airflow_sqlite_env/lib/python3.9/site-packages/airflow/example_dags/example_bash_operator.py took 0.295 seconds
[2024-10-12T15:55:07.616-0400] {processor.py:186} INFO - Started process (PID=16062) to work on /Users/karenwang/anaconda3/envs/airflow_sqlite_env/lib/python3.9/site-packages/airflow/example_dags/example_bash_operator.py
[2024-10-12T15:55:07.618-0400] {processor.py:914} INFO - Processing file /Users/karenwang/anaconda3/envs/airflow_sqlite_env/lib/python3.9/site-packages/airflow/example_dags/example_bash_operator.py for tasks to queue
[2024-10-12T15:55:07.619-0400] {logging_mixin.py:190} INFO - [2024-10-12T15:55:07.619-0400] {dagbag.py:588} INFO - Filling up the DagBag from /Users/karenwang/anaconda3/envs/airflow_sqlite_env/lib/python3.9/site-packages/airflow/example_dags/example_bash_operator.py
[2024-10-12T15:55:07.638-0400] {processor.py:925} INFO - DAG(s) 'example_bash_operator' retrieved from /Users/karenwang/anaconda3/envs/airflow_sqlite_env/lib/python3.9/site-packages/airflow/example_dags/example_bash_operator.py
[2024-10-12T15:55:07.873-0400] {logging_mixin.py:190} INFO - [2024-10-12T15:55:07.873-0400] {dag.py:3239} INFO - Sync 1 DAGs
[2024-10-12T15:55:07.901-0400] {logging_mixin.py:190} INFO - [2024-10-12T15:55:07.901-0400] {dag.py:4180} INFO - Setting next_dagrun for example_bash_operator to 2024-10-12 00:00:00+00:00, run_after=2024-10-13 00:00:00+00:00
[2024-10-12T15:55:07.923-0400] {processor.py:208} INFO - Processing /Users/karenwang/anaconda3/envs/airflow_sqlite_env/lib/python3.9/site-packages/airflow/example_dags/example_bash_operator.py took 0.312 seconds
[2024-10-12T16:02:17.827-0400] {processor.py:186} INFO - Started process (PID=18257) to work on /Users/karenwang/anaconda3/envs/airflow_sqlite_env/lib/python3.9/site-packages/airflow/example_dags/example_bash_operator.py
[2024-10-12T16:02:17.829-0400] {processor.py:914} INFO - Processing file /Users/karenwang/anaconda3/envs/airflow_sqlite_env/lib/python3.9/site-packages/airflow/example_dags/example_bash_operator.py for tasks to queue
[2024-10-12T16:02:17.831-0400] {logging_mixin.py:190} INFO - [2024-10-12T16:02:17.830-0400] {dagbag.py:588} INFO - Filling up the DagBag from /Users/karenwang/anaconda3/envs/airflow_sqlite_env/lib/python3.9/site-packages/airflow/example_dags/example_bash_operator.py
[2024-10-12T16:02:17.846-0400] {processor.py:925} INFO - DAG(s) 'example_bash_operator' retrieved from /Users/karenwang/anaconda3/envs/airflow_sqlite_env/lib/python3.9/site-packages/airflow/example_dags/example_bash_operator.py
[2024-10-12T16:02:18.058-0400] {logging_mixin.py:190} INFO - [2024-10-12T16:02:18.057-0400] {dag.py:3239} INFO - Sync 1 DAGs
[2024-10-12T16:02:18.080-0400] {logging_mixin.py:190} INFO - [2024-10-12T16:02:18.080-0400] {dag.py:4180} INFO - Setting next_dagrun for example_bash_operator to 2024-10-12 00:00:00+00:00, run_after=2024-10-13 00:00:00+00:00
[2024-10-12T16:02:18.106-0400] {processor.py:208} INFO - Processing /Users/karenwang/anaconda3/envs/airflow_sqlite_env/lib/python3.9/site-packages/airflow/example_dags/example_bash_operator.py took 0.284 seconds
[2024-10-12T16:09:15.008-0400] {processor.py:186} INFO - Started process (PID=20363) to work on /Users/karenwang/anaconda3/envs/airflow_sqlite_env/lib/python3.9/site-packages/airflow/example_dags/example_bash_operator.py
[2024-10-12T16:09:15.009-0400] {processor.py:914} INFO - Processing file /Users/karenwang/anaconda3/envs/airflow_sqlite_env/lib/python3.9/site-packages/airflow/example_dags/example_bash_operator.py for tasks to queue
[2024-10-12T16:09:15.010-0400] {logging_mixin.py:190} INFO - [2024-10-12T16:09:15.010-0400] {dagbag.py:588} INFO - Filling up the DagBag from /Users/karenwang/anaconda3/envs/airflow_sqlite_env/lib/python3.9/site-packages/airflow/example_dags/example_bash_operator.py
[2024-10-12T16:09:15.031-0400] {processor.py:925} INFO - DAG(s) 'example_bash_operator' retrieved from /Users/karenwang/anaconda3/envs/airflow_sqlite_env/lib/python3.9/site-packages/airflow/example_dags/example_bash_operator.py
[2024-10-12T16:09:15.245-0400] {logging_mixin.py:190} INFO - [2024-10-12T16:09:15.245-0400] {dag.py:3239} INFO - Sync 1 DAGs
[2024-10-12T16:09:15.271-0400] {logging_mixin.py:190} INFO - [2024-10-12T16:09:15.271-0400] {dag.py:4180} INFO - Setting next_dagrun for example_bash_operator to 2024-10-12 00:00:00+00:00, run_after=2024-10-13 00:00:00+00:00
[2024-10-12T16:09:15.294-0400] {processor.py:208} INFO - Processing /Users/karenwang/anaconda3/envs/airflow_sqlite_env/lib/python3.9/site-packages/airflow/example_dags/example_bash_operator.py took 0.292 seconds
[2024-10-12T16:16:24.646-0400] {processor.py:186} INFO - Started process (PID=22547) to work on /Users/karenwang/anaconda3/envs/airflow_sqlite_env/lib/python3.9/site-packages/airflow/example_dags/example_bash_operator.py
[2024-10-12T16:16:24.648-0400] {processor.py:914} INFO - Processing file /Users/karenwang/anaconda3/envs/airflow_sqlite_env/lib/python3.9/site-packages/airflow/example_dags/example_bash_operator.py for tasks to queue
[2024-10-12T16:16:24.650-0400] {logging_mixin.py:190} INFO - [2024-10-12T16:16:24.649-0400] {dagbag.py:588} INFO - Filling up the DagBag from /Users/karenwang/anaconda3/envs/airflow_sqlite_env/lib/python3.9/site-packages/airflow/example_dags/example_bash_operator.py
[2024-10-12T16:16:24.668-0400] {processor.py:925} INFO - DAG(s) 'example_bash_operator' retrieved from /Users/karenwang/anaconda3/envs/airflow_sqlite_env/lib/python3.9/site-packages/airflow/example_dags/example_bash_operator.py
[2024-10-12T16:16:24.869-0400] {logging_mixin.py:190} INFO - [2024-10-12T16:16:24.868-0400] {dag.py:3239} INFO - Sync 1 DAGs
[2024-10-12T16:16:24.894-0400] {logging_mixin.py:190} INFO - [2024-10-12T16:16:24.894-0400] {dag.py:4180} INFO - Setting next_dagrun for example_bash_operator to 2024-10-12 00:00:00+00:00, run_after=2024-10-13 00:00:00+00:00
[2024-10-12T16:16:24.917-0400] {processor.py:208} INFO - Processing /Users/karenwang/anaconda3/envs/airflow_sqlite_env/lib/python3.9/site-packages/airflow/example_dags/example_bash_operator.py took 0.277 seconds
[2024-10-12T16:23:21.866-0400] {processor.py:186} INFO - Started process (PID=24675) to work on /Users/karenwang/anaconda3/envs/airflow_sqlite_env/lib/python3.9/site-packages/airflow/example_dags/example_bash_operator.py
[2024-10-12T16:23:21.873-0400] {processor.py:914} INFO - Processing file /Users/karenwang/anaconda3/envs/airflow_sqlite_env/lib/python3.9/site-packages/airflow/example_dags/example_bash_operator.py for tasks to queue
[2024-10-12T16:23:21.874-0400] {logging_mixin.py:190} INFO - [2024-10-12T16:23:21.874-0400] {dagbag.py:588} INFO - Filling up the DagBag from /Users/karenwang/anaconda3/envs/airflow_sqlite_env/lib/python3.9/site-packages/airflow/example_dags/example_bash_operator.py
[2024-10-12T16:23:21.889-0400] {processor.py:925} INFO - DAG(s) 'example_bash_operator' retrieved from /Users/karenwang/anaconda3/envs/airflow_sqlite_env/lib/python3.9/site-packages/airflow/example_dags/example_bash_operator.py
[2024-10-12T16:23:22.104-0400] {logging_mixin.py:190} INFO - [2024-10-12T16:23:22.104-0400] {dag.py:3239} INFO - Sync 1 DAGs
[2024-10-12T16:23:22.129-0400] {logging_mixin.py:190} INFO - [2024-10-12T16:23:22.129-0400] {dag.py:4180} INFO - Setting next_dagrun for example_bash_operator to 2024-10-12 00:00:00+00:00, run_after=2024-10-13 00:00:00+00:00
[2024-10-12T16:23:22.150-0400] {processor.py:208} INFO - Processing /Users/karenwang/anaconda3/envs/airflow_sqlite_env/lib/python3.9/site-packages/airflow/example_dags/example_bash_operator.py took 0.290 seconds
[2024-10-12T16:30:30.825-0400] {processor.py:186} INFO - Started process (PID=26882) to work on /Users/karenwang/anaconda3/envs/airflow_sqlite_env/lib/python3.9/site-packages/airflow/example_dags/example_bash_operator.py
[2024-10-12T16:30:30.827-0400] {processor.py:914} INFO - Processing file /Users/karenwang/anaconda3/envs/airflow_sqlite_env/lib/python3.9/site-packages/airflow/example_dags/example_bash_operator.py for tasks to queue
[2024-10-12T16:30:30.828-0400] {logging_mixin.py:190} INFO - [2024-10-12T16:30:30.828-0400] {dagbag.py:588} INFO - Filling up the DagBag from /Users/karenwang/anaconda3/envs/airflow_sqlite_env/lib/python3.9/site-packages/airflow/example_dags/example_bash_operator.py
[2024-10-12T16:30:30.846-0400] {processor.py:925} INFO - DAG(s) 'example_bash_operator' retrieved from /Users/karenwang/anaconda3/envs/airflow_sqlite_env/lib/python3.9/site-packages/airflow/example_dags/example_bash_operator.py
[2024-10-12T16:30:31.071-0400] {logging_mixin.py:190} INFO - [2024-10-12T16:30:31.071-0400] {dag.py:3239} INFO - Sync 1 DAGs
[2024-10-12T16:30:31.095-0400] {logging_mixin.py:190} INFO - [2024-10-12T16:30:31.095-0400] {dag.py:4180} INFO - Setting next_dagrun for example_bash_operator to 2024-10-12 00:00:00+00:00, run_after=2024-10-13 00:00:00+00:00
[2024-10-12T16:30:31.117-0400] {processor.py:208} INFO - Processing /Users/karenwang/anaconda3/envs/airflow_sqlite_env/lib/python3.9/site-packages/airflow/example_dags/example_bash_operator.py took 0.298 seconds
[2024-10-12T16:37:39.703-0400] {processor.py:186} INFO - Started process (PID=29057) to work on /Users/karenwang/anaconda3/envs/airflow_sqlite_env/lib/python3.9/site-packages/airflow/example_dags/example_bash_operator.py
[2024-10-12T16:37:39.705-0400] {processor.py:914} INFO - Processing file /Users/karenwang/anaconda3/envs/airflow_sqlite_env/lib/python3.9/site-packages/airflow/example_dags/example_bash_operator.py for tasks to queue
[2024-10-12T16:37:39.706-0400] {logging_mixin.py:190} INFO - [2024-10-12T16:37:39.706-0400] {dagbag.py:588} INFO - Filling up the DagBag from /Users/karenwang/anaconda3/envs/airflow_sqlite_env/lib/python3.9/site-packages/airflow/example_dags/example_bash_operator.py
[2024-10-12T16:37:39.726-0400] {processor.py:925} INFO - DAG(s) 'example_bash_operator' retrieved from /Users/karenwang/anaconda3/envs/airflow_sqlite_env/lib/python3.9/site-packages/airflow/example_dags/example_bash_operator.py
[2024-10-12T16:37:39.927-0400] {logging_mixin.py:190} INFO - [2024-10-12T16:37:39.926-0400] {dag.py:3239} INFO - Sync 1 DAGs
[2024-10-12T16:37:39.953-0400] {logging_mixin.py:190} INFO - [2024-10-12T16:37:39.953-0400] {dag.py:4180} INFO - Setting next_dagrun for example_bash_operator to 2024-10-12 00:00:00+00:00, run_after=2024-10-13 00:00:00+00:00
[2024-10-12T16:37:39.977-0400] {processor.py:208} INFO - Processing /Users/karenwang/anaconda3/envs/airflow_sqlite_env/lib/python3.9/site-packages/airflow/example_dags/example_bash_operator.py took 0.280 seconds
[2024-10-12T16:44:39.907-0400] {processor.py:186} INFO - Started process (PID=31206) to work on /Users/karenwang/anaconda3/envs/airflow_sqlite_env/lib/python3.9/site-packages/airflow/example_dags/example_bash_operator.py
[2024-10-12T16:44:39.909-0400] {processor.py:914} INFO - Processing file /Users/karenwang/anaconda3/envs/airflow_sqlite_env/lib/python3.9/site-packages/airflow/example_dags/example_bash_operator.py for tasks to queue
[2024-10-12T16:44:39.910-0400] {logging_mixin.py:190} INFO - [2024-10-12T16:44:39.910-0400] {dagbag.py:588} INFO - Filling up the DagBag from /Users/karenwang/anaconda3/envs/airflow_sqlite_env/lib/python3.9/site-packages/airflow/example_dags/example_bash_operator.py
[2024-10-12T16:44:39.928-0400] {processor.py:925} INFO - DAG(s) 'example_bash_operator' retrieved from /Users/karenwang/anaconda3/envs/airflow_sqlite_env/lib/python3.9/site-packages/airflow/example_dags/example_bash_operator.py
[2024-10-12T16:44:40.158-0400] {logging_mixin.py:190} INFO - [2024-10-12T16:44:40.158-0400] {dag.py:3239} INFO - Sync 1 DAGs
[2024-10-12T16:44:40.181-0400] {logging_mixin.py:190} INFO - [2024-10-12T16:44:40.181-0400] {dag.py:4180} INFO - Setting next_dagrun for example_bash_operator to 2024-10-12 00:00:00+00:00, run_after=2024-10-13 00:00:00+00:00
[2024-10-12T16:44:40.204-0400] {processor.py:208} INFO - Processing /Users/karenwang/anaconda3/envs/airflow_sqlite_env/lib/python3.9/site-packages/airflow/example_dags/example_bash_operator.py took 0.303 seconds
[2024-10-12T16:51:50.169-0400] {processor.py:186} INFO - Started process (PID=33418) to work on /Users/karenwang/anaconda3/envs/airflow_sqlite_env/lib/python3.9/site-packages/airflow/example_dags/example_bash_operator.py
[2024-10-12T16:51:50.170-0400] {processor.py:914} INFO - Processing file /Users/karenwang/anaconda3/envs/airflow_sqlite_env/lib/python3.9/site-packages/airflow/example_dags/example_bash_operator.py for tasks to queue
[2024-10-12T16:51:50.172-0400] {logging_mixin.py:190} INFO - [2024-10-12T16:51:50.171-0400] {dagbag.py:588} INFO - Filling up the DagBag from /Users/karenwang/anaconda3/envs/airflow_sqlite_env/lib/python3.9/site-packages/airflow/example_dags/example_bash_operator.py
[2024-10-12T16:51:50.190-0400] {processor.py:925} INFO - DAG(s) 'example_bash_operator' retrieved from /Users/karenwang/anaconda3/envs/airflow_sqlite_env/lib/python3.9/site-packages/airflow/example_dags/example_bash_operator.py
[2024-10-12T16:51:50.404-0400] {logging_mixin.py:190} INFO - [2024-10-12T16:51:50.404-0400] {dag.py:3239} INFO - Sync 1 DAGs
[2024-10-12T16:51:50.426-0400] {logging_mixin.py:190} INFO - [2024-10-12T16:51:50.426-0400] {dag.py:4180} INFO - Setting next_dagrun for example_bash_operator to 2024-10-12 00:00:00+00:00, run_after=2024-10-13 00:00:00+00:00
[2024-10-12T16:51:50.448-0400] {processor.py:208} INFO - Processing /Users/karenwang/anaconda3/envs/airflow_sqlite_env/lib/python3.9/site-packages/airflow/example_dags/example_bash_operator.py took 0.286 seconds
[2024-10-12T16:58:46.626-0400] {processor.py:186} INFO - Started process (PID=35523) to work on /Users/karenwang/anaconda3/envs/airflow_sqlite_env/lib/python3.9/site-packages/airflow/example_dags/example_bash_operator.py
[2024-10-12T16:58:46.628-0400] {processor.py:914} INFO - Processing file /Users/karenwang/anaconda3/envs/airflow_sqlite_env/lib/python3.9/site-packages/airflow/example_dags/example_bash_operator.py for tasks to queue
[2024-10-12T16:58:46.629-0400] {logging_mixin.py:190} INFO - [2024-10-12T16:58:46.629-0400] {dagbag.py:588} INFO - Filling up the DagBag from /Users/karenwang/anaconda3/envs/airflow_sqlite_env/lib/python3.9/site-packages/airflow/example_dags/example_bash_operator.py
[2024-10-12T16:58:46.647-0400] {processor.py:925} INFO - DAG(s) 'example_bash_operator' retrieved from /Users/karenwang/anaconda3/envs/airflow_sqlite_env/lib/python3.9/site-packages/airflow/example_dags/example_bash_operator.py
[2024-10-12T16:58:46.861-0400] {logging_mixin.py:190} INFO - [2024-10-12T16:58:46.861-0400] {dag.py:3239} INFO - Sync 1 DAGs
[2024-10-12T16:58:46.890-0400] {logging_mixin.py:190} INFO - [2024-10-12T16:58:46.890-0400] {dag.py:4180} INFO - Setting next_dagrun for example_bash_operator to 2024-10-12 00:00:00+00:00, run_after=2024-10-13 00:00:00+00:00
[2024-10-12T16:58:46.911-0400] {processor.py:208} INFO - Processing /Users/karenwang/anaconda3/envs/airflow_sqlite_env/lib/python3.9/site-packages/airflow/example_dags/example_bash_operator.py took 0.291 seconds
[2024-10-12T17:05:54.616-0400] {processor.py:186} INFO - Started process (PID=37695) to work on /Users/karenwang/anaconda3/envs/airflow_sqlite_env/lib/python3.9/site-packages/airflow/example_dags/example_bash_operator.py
[2024-10-12T17:05:54.618-0400] {processor.py:914} INFO - Processing file /Users/karenwang/anaconda3/envs/airflow_sqlite_env/lib/python3.9/site-packages/airflow/example_dags/example_bash_operator.py for tasks to queue
[2024-10-12T17:05:54.619-0400] {logging_mixin.py:190} INFO - [2024-10-12T17:05:54.619-0400] {dagbag.py:588} INFO - Filling up the DagBag from /Users/karenwang/anaconda3/envs/airflow_sqlite_env/lib/python3.9/site-packages/airflow/example_dags/example_bash_operator.py
[2024-10-12T17:05:54.638-0400] {processor.py:925} INFO - DAG(s) 'example_bash_operator' retrieved from /Users/karenwang/anaconda3/envs/airflow_sqlite_env/lib/python3.9/site-packages/airflow/example_dags/example_bash_operator.py
[2024-10-12T17:05:54.847-0400] {logging_mixin.py:190} INFO - [2024-10-12T17:05:54.847-0400] {dag.py:3239} INFO - Sync 1 DAGs
[2024-10-12T17:05:54.876-0400] {logging_mixin.py:190} INFO - [2024-10-12T17:05:54.876-0400] {dag.py:4180} INFO - Setting next_dagrun for example_bash_operator to 2024-10-12 00:00:00+00:00, run_after=2024-10-13 00:00:00+00:00
[2024-10-12T17:05:54.896-0400] {processor.py:208} INFO - Processing /Users/karenwang/anaconda3/envs/airflow_sqlite_env/lib/python3.9/site-packages/airflow/example_dags/example_bash_operator.py took 0.286 seconds
[2024-10-12T17:12:47.523-0400] {processor.py:186} INFO - Started process (PID=39777) to work on /Users/karenwang/anaconda3/envs/airflow_sqlite_env/lib/python3.9/site-packages/airflow/example_dags/example_bash_operator.py
[2024-10-12T17:12:47.525-0400] {processor.py:914} INFO - Processing file /Users/karenwang/anaconda3/envs/airflow_sqlite_env/lib/python3.9/site-packages/airflow/example_dags/example_bash_operator.py for tasks to queue
[2024-10-12T17:12:47.526-0400] {logging_mixin.py:190} INFO - [2024-10-12T17:12:47.526-0400] {dagbag.py:588} INFO - Filling up the DagBag from /Users/karenwang/anaconda3/envs/airflow_sqlite_env/lib/python3.9/site-packages/airflow/example_dags/example_bash_operator.py
[2024-10-12T17:12:47.544-0400] {processor.py:925} INFO - DAG(s) 'example_bash_operator' retrieved from /Users/karenwang/anaconda3/envs/airflow_sqlite_env/lib/python3.9/site-packages/airflow/example_dags/example_bash_operator.py
[2024-10-12T17:12:47.766-0400] {logging_mixin.py:190} INFO - [2024-10-12T17:12:47.766-0400] {dag.py:3239} INFO - Sync 1 DAGs
[2024-10-12T17:12:47.791-0400] {logging_mixin.py:190} INFO - [2024-10-12T17:12:47.791-0400] {dag.py:4180} INFO - Setting next_dagrun for example_bash_operator to 2024-10-12 00:00:00+00:00, run_after=2024-10-13 00:00:00+00:00
[2024-10-12T17:12:47.812-0400] {processor.py:208} INFO - Processing /Users/karenwang/anaconda3/envs/airflow_sqlite_env/lib/python3.9/site-packages/airflow/example_dags/example_bash_operator.py took 0.294 seconds
[2024-10-12T17:19:56.430-0400] {processor.py:186} INFO - Started process (PID=41963) to work on /Users/karenwang/anaconda3/envs/airflow_sqlite_env/lib/python3.9/site-packages/airflow/example_dags/example_bash_operator.py
[2024-10-12T17:19:56.431-0400] {processor.py:914} INFO - Processing file /Users/karenwang/anaconda3/envs/airflow_sqlite_env/lib/python3.9/site-packages/airflow/example_dags/example_bash_operator.py for tasks to queue
[2024-10-12T17:19:56.433-0400] {logging_mixin.py:190} INFO - [2024-10-12T17:19:56.432-0400] {dagbag.py:588} INFO - Filling up the DagBag from /Users/karenwang/anaconda3/envs/airflow_sqlite_env/lib/python3.9/site-packages/airflow/example_dags/example_bash_operator.py
[2024-10-12T17:19:56.449-0400] {processor.py:925} INFO - DAG(s) 'example_bash_operator' retrieved from /Users/karenwang/anaconda3/envs/airflow_sqlite_env/lib/python3.9/site-packages/airflow/example_dags/example_bash_operator.py
[2024-10-12T17:19:56.662-0400] {logging_mixin.py:190} INFO - [2024-10-12T17:19:56.662-0400] {dag.py:3239} INFO - Sync 1 DAGs
[2024-10-12T17:19:56.691-0400] {logging_mixin.py:190} INFO - [2024-10-12T17:19:56.691-0400] {dag.py:4180} INFO - Setting next_dagrun for example_bash_operator to 2024-10-12 00:00:00+00:00, run_after=2024-10-13 00:00:00+00:00
[2024-10-12T17:19:56.716-0400] {processor.py:208} INFO - Processing /Users/karenwang/anaconda3/envs/airflow_sqlite_env/lib/python3.9/site-packages/airflow/example_dags/example_bash_operator.py took 0.293 seconds
[2024-10-12T17:26:55.440-0400] {processor.py:186} INFO - Started process (PID=44092) to work on /Users/karenwang/anaconda3/envs/airflow_sqlite_env/lib/python3.9/site-packages/airflow/example_dags/example_bash_operator.py
[2024-10-12T17:26:55.442-0400] {processor.py:914} INFO - Processing file /Users/karenwang/anaconda3/envs/airflow_sqlite_env/lib/python3.9/site-packages/airflow/example_dags/example_bash_operator.py for tasks to queue
[2024-10-12T17:26:55.443-0400] {logging_mixin.py:190} INFO - [2024-10-12T17:26:55.443-0400] {dagbag.py:588} INFO - Filling up the DagBag from /Users/karenwang/anaconda3/envs/airflow_sqlite_env/lib/python3.9/site-packages/airflow/example_dags/example_bash_operator.py
[2024-10-12T17:26:55.459-0400] {processor.py:925} INFO - DAG(s) 'example_bash_operator' retrieved from /Users/karenwang/anaconda3/envs/airflow_sqlite_env/lib/python3.9/site-packages/airflow/example_dags/example_bash_operator.py
[2024-10-12T17:26:55.664-0400] {logging_mixin.py:190} INFO - [2024-10-12T17:26:55.664-0400] {dag.py:3239} INFO - Sync 1 DAGs
[2024-10-12T17:26:55.688-0400] {logging_mixin.py:190} INFO - [2024-10-12T17:26:55.688-0400] {dag.py:4180} INFO - Setting next_dagrun for example_bash_operator to 2024-10-12 00:00:00+00:00, run_after=2024-10-13 00:00:00+00:00
[2024-10-12T17:26:55.709-0400] {processor.py:208} INFO - Processing /Users/karenwang/anaconda3/envs/airflow_sqlite_env/lib/python3.9/site-packages/airflow/example_dags/example_bash_operator.py took 0.276 seconds
[2024-10-12T17:34:11.454-0400] {processor.py:186} INFO - Started process (PID=46327) to work on /Users/karenwang/anaconda3/envs/airflow_sqlite_env/lib/python3.9/site-packages/airflow/example_dags/example_bash_operator.py
[2024-10-12T17:34:11.455-0400] {processor.py:914} INFO - Processing file /Users/karenwang/anaconda3/envs/airflow_sqlite_env/lib/python3.9/site-packages/airflow/example_dags/example_bash_operator.py for tasks to queue
[2024-10-12T17:34:11.457-0400] {logging_mixin.py:190} INFO - [2024-10-12T17:34:11.457-0400] {dagbag.py:588} INFO - Filling up the DagBag from /Users/karenwang/anaconda3/envs/airflow_sqlite_env/lib/python3.9/site-packages/airflow/example_dags/example_bash_operator.py
[2024-10-12T17:34:11.475-0400] {processor.py:925} INFO - DAG(s) 'example_bash_operator' retrieved from /Users/karenwang/anaconda3/envs/airflow_sqlite_env/lib/python3.9/site-packages/airflow/example_dags/example_bash_operator.py
[2024-10-12T17:34:11.681-0400] {logging_mixin.py:190} INFO - [2024-10-12T17:34:11.681-0400] {dag.py:3239} INFO - Sync 1 DAGs
[2024-10-12T17:34:11.704-0400] {logging_mixin.py:190} INFO - [2024-10-12T17:34:11.704-0400] {dag.py:4180} INFO - Setting next_dagrun for example_bash_operator to 2024-10-12 00:00:00+00:00, run_after=2024-10-13 00:00:00+00:00
[2024-10-12T17:34:11.723-0400] {processor.py:208} INFO - Processing /Users/karenwang/anaconda3/envs/airflow_sqlite_env/lib/python3.9/site-packages/airflow/example_dags/example_bash_operator.py took 0.274 seconds
[2024-10-12T17:41:11.479-0400] {processor.py:186} INFO - Started process (PID=48450) to work on /Users/karenwang/anaconda3/envs/airflow_sqlite_env/lib/python3.9/site-packages/airflow/example_dags/example_bash_operator.py
[2024-10-12T17:41:11.481-0400] {processor.py:914} INFO - Processing file /Users/karenwang/anaconda3/envs/airflow_sqlite_env/lib/python3.9/site-packages/airflow/example_dags/example_bash_operator.py for tasks to queue
[2024-10-12T17:41:11.482-0400] {logging_mixin.py:190} INFO - [2024-10-12T17:41:11.482-0400] {dagbag.py:588} INFO - Filling up the DagBag from /Users/karenwang/anaconda3/envs/airflow_sqlite_env/lib/python3.9/site-packages/airflow/example_dags/example_bash_operator.py
[2024-10-12T17:41:11.498-0400] {processor.py:925} INFO - DAG(s) 'example_bash_operator' retrieved from /Users/karenwang/anaconda3/envs/airflow_sqlite_env/lib/python3.9/site-packages/airflow/example_dags/example_bash_operator.py
[2024-10-12T17:41:11.707-0400] {logging_mixin.py:190} INFO - [2024-10-12T17:41:11.706-0400] {dag.py:3239} INFO - Sync 1 DAGs
[2024-10-12T17:41:11.734-0400] {logging_mixin.py:190} INFO - [2024-10-12T17:41:11.733-0400] {dag.py:4180} INFO - Setting next_dagrun for example_bash_operator to 2024-10-12 00:00:00+00:00, run_after=2024-10-13 00:00:00+00:00
[2024-10-12T17:41:11.755-0400] {processor.py:208} INFO - Processing /Users/karenwang/anaconda3/envs/airflow_sqlite_env/lib/python3.9/site-packages/airflow/example_dags/example_bash_operator.py took 0.282 seconds
[2024-10-12T17:48:21.648-0400] {processor.py:186} INFO - Started process (PID=50693) to work on /Users/karenwang/anaconda3/envs/airflow_sqlite_env/lib/python3.9/site-packages/airflow/example_dags/example_bash_operator.py
[2024-10-12T17:48:21.650-0400] {processor.py:914} INFO - Processing file /Users/karenwang/anaconda3/envs/airflow_sqlite_env/lib/python3.9/site-packages/airflow/example_dags/example_bash_operator.py for tasks to queue
[2024-10-12T17:48:21.651-0400] {logging_mixin.py:190} INFO - [2024-10-12T17:48:21.650-0400] {dagbag.py:588} INFO - Filling up the DagBag from /Users/karenwang/anaconda3/envs/airflow_sqlite_env/lib/python3.9/site-packages/airflow/example_dags/example_bash_operator.py
[2024-10-12T17:48:21.669-0400] {processor.py:925} INFO - DAG(s) 'example_bash_operator' retrieved from /Users/karenwang/anaconda3/envs/airflow_sqlite_env/lib/python3.9/site-packages/airflow/example_dags/example_bash_operator.py
[2024-10-12T17:48:21.873-0400] {logging_mixin.py:190} INFO - [2024-10-12T17:48:21.873-0400] {dag.py:3239} INFO - Sync 1 DAGs
[2024-10-12T17:48:21.898-0400] {logging_mixin.py:190} INFO - [2024-10-12T17:48:21.898-0400] {dag.py:4180} INFO - Setting next_dagrun for example_bash_operator to 2024-10-12 00:00:00+00:00, run_after=2024-10-13 00:00:00+00:00
[2024-10-12T17:48:21.918-0400] {processor.py:208} INFO - Processing /Users/karenwang/anaconda3/envs/airflow_sqlite_env/lib/python3.9/site-packages/airflow/example_dags/example_bash_operator.py took 0.275 seconds
[2024-10-12T17:55:19.658-0400] {processor.py:186} INFO - Started process (PID=52815) to work on /Users/karenwang/anaconda3/envs/airflow_sqlite_env/lib/python3.9/site-packages/airflow/example_dags/example_bash_operator.py
[2024-10-12T17:55:19.659-0400] {processor.py:914} INFO - Processing file /Users/karenwang/anaconda3/envs/airflow_sqlite_env/lib/python3.9/site-packages/airflow/example_dags/example_bash_operator.py for tasks to queue
[2024-10-12T17:55:19.661-0400] {logging_mixin.py:190} INFO - [2024-10-12T17:55:19.661-0400] {dagbag.py:588} INFO - Filling up the DagBag from /Users/karenwang/anaconda3/envs/airflow_sqlite_env/lib/python3.9/site-packages/airflow/example_dags/example_bash_operator.py
[2024-10-12T17:55:19.683-0400] {processor.py:925} INFO - DAG(s) 'example_bash_operator' retrieved from /Users/karenwang/anaconda3/envs/airflow_sqlite_env/lib/python3.9/site-packages/airflow/example_dags/example_bash_operator.py
[2024-10-12T17:55:19.953-0400] {logging_mixin.py:190} INFO - [2024-10-12T17:55:19.953-0400] {dag.py:3239} INFO - Sync 1 DAGs
[2024-10-12T17:55:19.983-0400] {logging_mixin.py:190} INFO - [2024-10-12T17:55:19.983-0400] {dag.py:4180} INFO - Setting next_dagrun for example_bash_operator to 2024-10-12 00:00:00+00:00, run_after=2024-10-13 00:00:00+00:00
[2024-10-12T17:55:20.005-0400] {processor.py:208} INFO - Processing /Users/karenwang/anaconda3/envs/airflow_sqlite_env/lib/python3.9/site-packages/airflow/example_dags/example_bash_operator.py took 0.354 seconds
[2024-10-12T18:02:31.489-0400] {processor.py:186} INFO - Started process (PID=55018) to work on /Users/karenwang/anaconda3/envs/airflow_sqlite_env/lib/python3.9/site-packages/airflow/example_dags/example_bash_operator.py
[2024-10-12T18:02:31.491-0400] {processor.py:914} INFO - Processing file /Users/karenwang/anaconda3/envs/airflow_sqlite_env/lib/python3.9/site-packages/airflow/example_dags/example_bash_operator.py for tasks to queue
[2024-10-12T18:02:31.492-0400] {logging_mixin.py:190} INFO - [2024-10-12T18:02:31.492-0400] {dagbag.py:588} INFO - Filling up the DagBag from /Users/karenwang/anaconda3/envs/airflow_sqlite_env/lib/python3.9/site-packages/airflow/example_dags/example_bash_operator.py
[2024-10-12T18:02:31.523-0400] {processor.py:925} INFO - DAG(s) 'example_bash_operator' retrieved from /Users/karenwang/anaconda3/envs/airflow_sqlite_env/lib/python3.9/site-packages/airflow/example_dags/example_bash_operator.py
[2024-10-12T18:02:31.779-0400] {logging_mixin.py:190} INFO - [2024-10-12T18:02:31.778-0400] {dag.py:3239} INFO - Sync 1 DAGs
[2024-10-12T18:02:31.809-0400] {logging_mixin.py:190} INFO - [2024-10-12T18:02:31.809-0400] {dag.py:4180} INFO - Setting next_dagrun for example_bash_operator to 2024-10-12 00:00:00+00:00, run_after=2024-10-13 00:00:00+00:00
[2024-10-12T18:02:31.831-0400] {processor.py:208} INFO - Processing /Users/karenwang/anaconda3/envs/airflow_sqlite_env/lib/python3.9/site-packages/airflow/example_dags/example_bash_operator.py took 0.350 seconds
[2024-10-12T18:09:32.255-0400] {processor.py:186} INFO - Started process (PID=57180) to work on /Users/karenwang/anaconda3/envs/airflow_sqlite_env/lib/python3.9/site-packages/airflow/example_dags/example_bash_operator.py
[2024-10-12T18:09:32.257-0400] {processor.py:914} INFO - Processing file /Users/karenwang/anaconda3/envs/airflow_sqlite_env/lib/python3.9/site-packages/airflow/example_dags/example_bash_operator.py for tasks to queue
[2024-10-12T18:09:32.259-0400] {logging_mixin.py:190} INFO - [2024-10-12T18:09:32.258-0400] {dagbag.py:588} INFO - Filling up the DagBag from /Users/karenwang/anaconda3/envs/airflow_sqlite_env/lib/python3.9/site-packages/airflow/example_dags/example_bash_operator.py
[2024-10-12T18:09:32.283-0400] {processor.py:925} INFO - DAG(s) 'example_bash_operator' retrieved from /Users/karenwang/anaconda3/envs/airflow_sqlite_env/lib/python3.9/site-packages/airflow/example_dags/example_bash_operator.py
[2024-10-12T18:09:32.523-0400] {logging_mixin.py:190} INFO - [2024-10-12T18:09:32.523-0400] {dag.py:3239} INFO - Sync 1 DAGs
[2024-10-12T18:09:32.549-0400] {logging_mixin.py:190} INFO - [2024-10-12T18:09:32.548-0400] {dag.py:4180} INFO - Setting next_dagrun for example_bash_operator to 2024-10-12 00:00:00+00:00, run_after=2024-10-13 00:00:00+00:00
[2024-10-12T18:09:32.570-0400] {processor.py:208} INFO - Processing /Users/karenwang/anaconda3/envs/airflow_sqlite_env/lib/python3.9/site-packages/airflow/example_dags/example_bash_operator.py took 0.321 seconds
[2024-10-12T18:17:07.594-0400] {processor.py:186} INFO - Started process (PID=59516) to work on /Users/karenwang/anaconda3/envs/airflow_sqlite_env/lib/python3.9/site-packages/airflow/example_dags/example_bash_operator.py
[2024-10-12T18:17:07.596-0400] {processor.py:914} INFO - Processing file /Users/karenwang/anaconda3/envs/airflow_sqlite_env/lib/python3.9/site-packages/airflow/example_dags/example_bash_operator.py for tasks to queue
[2024-10-12T18:17:07.597-0400] {logging_mixin.py:190} INFO - [2024-10-12T18:17:07.596-0400] {dagbag.py:588} INFO - Filling up the DagBag from /Users/karenwang/anaconda3/envs/airflow_sqlite_env/lib/python3.9/site-packages/airflow/example_dags/example_bash_operator.py
[2024-10-12T18:17:07.611-0400] {processor.py:925} INFO - DAG(s) 'example_bash_operator' retrieved from /Users/karenwang/anaconda3/envs/airflow_sqlite_env/lib/python3.9/site-packages/airflow/example_dags/example_bash_operator.py
[2024-10-12T18:17:07.815-0400] {logging_mixin.py:190} INFO - [2024-10-12T18:17:07.815-0400] {dag.py:3239} INFO - Sync 1 DAGs
[2024-10-12T18:17:07.838-0400] {logging_mixin.py:190} INFO - [2024-10-12T18:17:07.838-0400] {dag.py:4180} INFO - Setting next_dagrun for example_bash_operator to 2024-10-12 00:00:00+00:00, run_after=2024-10-13 00:00:00+00:00
[2024-10-12T18:17:07.859-0400] {processor.py:208} INFO - Processing /Users/karenwang/anaconda3/envs/airflow_sqlite_env/lib/python3.9/site-packages/airflow/example_dags/example_bash_operator.py took 0.271 seconds
[2024-10-12T18:24:43.799-0400] {processor.py:186} INFO - Started process (PID=61836) to work on /Users/karenwang/anaconda3/envs/airflow_sqlite_env/lib/python3.9/site-packages/airflow/example_dags/example_bash_operator.py
[2024-10-12T18:24:43.800-0400] {processor.py:914} INFO - Processing file /Users/karenwang/anaconda3/envs/airflow_sqlite_env/lib/python3.9/site-packages/airflow/example_dags/example_bash_operator.py for tasks to queue
[2024-10-12T18:24:43.802-0400] {logging_mixin.py:190} INFO - [2024-10-12T18:24:43.801-0400] {dagbag.py:588} INFO - Filling up the DagBag from /Users/karenwang/anaconda3/envs/airflow_sqlite_env/lib/python3.9/site-packages/airflow/example_dags/example_bash_operator.py
[2024-10-12T18:24:43.818-0400] {processor.py:925} INFO - DAG(s) 'example_bash_operator' retrieved from /Users/karenwang/anaconda3/envs/airflow_sqlite_env/lib/python3.9/site-packages/airflow/example_dags/example_bash_operator.py
[2024-10-12T18:24:44.036-0400] {logging_mixin.py:190} INFO - [2024-10-12T18:24:44.036-0400] {dag.py:3239} INFO - Sync 1 DAGs
[2024-10-12T18:24:44.066-0400] {logging_mixin.py:190} INFO - [2024-10-12T18:24:44.066-0400] {dag.py:4180} INFO - Setting next_dagrun for example_bash_operator to 2024-10-12 00:00:00+00:00, run_after=2024-10-13 00:00:00+00:00
[2024-10-12T18:24:44.089-0400] {processor.py:208} INFO - Processing /Users/karenwang/anaconda3/envs/airflow_sqlite_env/lib/python3.9/site-packages/airflow/example_dags/example_bash_operator.py took 0.297 seconds
[2024-10-12T18:32:18.030-0400] {processor.py:186} INFO - Started process (PID=64154) to work on /Users/karenwang/anaconda3/envs/airflow_sqlite_env/lib/python3.9/site-packages/airflow/example_dags/example_bash_operator.py
[2024-10-12T18:32:18.031-0400] {processor.py:914} INFO - Processing file /Users/karenwang/anaconda3/envs/airflow_sqlite_env/lib/python3.9/site-packages/airflow/example_dags/example_bash_operator.py for tasks to queue
[2024-10-12T18:32:18.032-0400] {logging_mixin.py:190} INFO - [2024-10-12T18:32:18.032-0400] {dagbag.py:588} INFO - Filling up the DagBag from /Users/karenwang/anaconda3/envs/airflow_sqlite_env/lib/python3.9/site-packages/airflow/example_dags/example_bash_operator.py
[2024-10-12T18:32:18.050-0400] {processor.py:925} INFO - DAG(s) 'example_bash_operator' retrieved from /Users/karenwang/anaconda3/envs/airflow_sqlite_env/lib/python3.9/site-packages/airflow/example_dags/example_bash_operator.py
[2024-10-12T18:32:18.297-0400] {logging_mixin.py:190} INFO - [2024-10-12T18:32:18.297-0400] {dag.py:3239} INFO - Sync 1 DAGs
[2024-10-12T18:32:18.327-0400] {logging_mixin.py:190} INFO - [2024-10-12T18:32:18.326-0400] {dag.py:4180} INFO - Setting next_dagrun for example_bash_operator to 2024-10-12 00:00:00+00:00, run_after=2024-10-13 00:00:00+00:00
[2024-10-12T18:32:18.353-0400] {processor.py:208} INFO - Processing /Users/karenwang/anaconda3/envs/airflow_sqlite_env/lib/python3.9/site-packages/airflow/example_dags/example_bash_operator.py took 0.329 seconds
[2024-10-12T18:39:36.867-0400] {processor.py:186} INFO - Started process (PID=66363) to work on /Users/karenwang/anaconda3/envs/airflow_sqlite_env/lib/python3.9/site-packages/airflow/example_dags/example_bash_operator.py
[2024-10-12T18:39:36.869-0400] {processor.py:914} INFO - Processing file /Users/karenwang/anaconda3/envs/airflow_sqlite_env/lib/python3.9/site-packages/airflow/example_dags/example_bash_operator.py for tasks to queue
[2024-10-12T18:39:36.870-0400] {logging_mixin.py:190} INFO - [2024-10-12T18:39:36.870-0400] {dagbag.py:588} INFO - Filling up the DagBag from /Users/karenwang/anaconda3/envs/airflow_sqlite_env/lib/python3.9/site-packages/airflow/example_dags/example_bash_operator.py
[2024-10-12T18:39:36.888-0400] {processor.py:925} INFO - DAG(s) 'example_bash_operator' retrieved from /Users/karenwang/anaconda3/envs/airflow_sqlite_env/lib/python3.9/site-packages/airflow/example_dags/example_bash_operator.py
[2024-10-12T18:39:37.111-0400] {logging_mixin.py:190} INFO - [2024-10-12T18:39:37.111-0400] {dag.py:3239} INFO - Sync 1 DAGs
[2024-10-12T18:39:37.141-0400] {logging_mixin.py:190} INFO - [2024-10-12T18:39:37.140-0400] {dag.py:4180} INFO - Setting next_dagrun for example_bash_operator to 2024-10-12 00:00:00+00:00, run_after=2024-10-13 00:00:00+00:00
[2024-10-12T18:39:37.164-0400] {processor.py:208} INFO - Processing /Users/karenwang/anaconda3/envs/airflow_sqlite_env/lib/python3.9/site-packages/airflow/example_dags/example_bash_operator.py took 0.303 seconds
[2024-10-12T18:47:08.521-0400] {processor.py:186} INFO - Started process (PID=68670) to work on /Users/karenwang/anaconda3/envs/airflow_sqlite_env/lib/python3.9/site-packages/airflow/example_dags/example_bash_operator.py
[2024-10-12T18:47:08.523-0400] {processor.py:914} INFO - Processing file /Users/karenwang/anaconda3/envs/airflow_sqlite_env/lib/python3.9/site-packages/airflow/example_dags/example_bash_operator.py for tasks to queue
[2024-10-12T18:47:08.524-0400] {logging_mixin.py:190} INFO - [2024-10-12T18:47:08.524-0400] {dagbag.py:588} INFO - Filling up the DagBag from /Users/karenwang/anaconda3/envs/airflow_sqlite_env/lib/python3.9/site-packages/airflow/example_dags/example_bash_operator.py
[2024-10-12T18:47:08.541-0400] {processor.py:925} INFO - DAG(s) 'example_bash_operator' retrieved from /Users/karenwang/anaconda3/envs/airflow_sqlite_env/lib/python3.9/site-packages/airflow/example_dags/example_bash_operator.py
[2024-10-12T18:47:08.788-0400] {logging_mixin.py:190} INFO - [2024-10-12T18:47:08.788-0400] {dag.py:3239} INFO - Sync 1 DAGs
[2024-10-12T18:47:08.816-0400] {logging_mixin.py:190} INFO - [2024-10-12T18:47:08.816-0400] {dag.py:4180} INFO - Setting next_dagrun for example_bash_operator to 2024-10-12 00:00:00+00:00, run_after=2024-10-13 00:00:00+00:00
[2024-10-12T18:47:08.840-0400] {processor.py:208} INFO - Processing /Users/karenwang/anaconda3/envs/airflow_sqlite_env/lib/python3.9/site-packages/airflow/example_dags/example_bash_operator.py took 0.324 seconds
[2024-10-12T18:54:33.976-0400] {processor.py:186} INFO - Started process (PID=70923) to work on /Users/karenwang/anaconda3/envs/airflow_sqlite_env/lib/python3.9/site-packages/airflow/example_dags/example_bash_operator.py
[2024-10-12T18:54:33.978-0400] {processor.py:914} INFO - Processing file /Users/karenwang/anaconda3/envs/airflow_sqlite_env/lib/python3.9/site-packages/airflow/example_dags/example_bash_operator.py for tasks to queue
[2024-10-12T18:54:33.979-0400] {logging_mixin.py:190} INFO - [2024-10-12T18:54:33.979-0400] {dagbag.py:588} INFO - Filling up the DagBag from /Users/karenwang/anaconda3/envs/airflow_sqlite_env/lib/python3.9/site-packages/airflow/example_dags/example_bash_operator.py
[2024-10-12T18:54:34.001-0400] {processor.py:925} INFO - DAG(s) 'example_bash_operator' retrieved from /Users/karenwang/anaconda3/envs/airflow_sqlite_env/lib/python3.9/site-packages/airflow/example_dags/example_bash_operator.py
[2024-10-12T18:54:34.203-0400] {logging_mixin.py:190} INFO - [2024-10-12T18:54:34.203-0400] {dag.py:3239} INFO - Sync 1 DAGs
[2024-10-12T18:54:34.229-0400] {logging_mixin.py:190} INFO - [2024-10-12T18:54:34.228-0400] {dag.py:4180} INFO - Setting next_dagrun for example_bash_operator to 2024-10-12 00:00:00+00:00, run_after=2024-10-13 00:00:00+00:00
[2024-10-12T18:54:34.249-0400] {processor.py:208} INFO - Processing /Users/karenwang/anaconda3/envs/airflow_sqlite_env/lib/python3.9/site-packages/airflow/example_dags/example_bash_operator.py took 0.278 seconds
[2024-10-12T19:00:59.436-0400] {processor.py:186} INFO - Started process (PID=72891) to work on /Users/karenwang/anaconda3/envs/airflow_sqlite_env/lib/python3.9/site-packages/airflow/example_dags/example_bash_operator.py
[2024-10-12T19:00:59.437-0400] {processor.py:914} INFO - Processing file /Users/karenwang/anaconda3/envs/airflow_sqlite_env/lib/python3.9/site-packages/airflow/example_dags/example_bash_operator.py for tasks to queue
[2024-10-12T19:00:59.439-0400] {logging_mixin.py:190} INFO - [2024-10-12T19:00:59.439-0400] {dagbag.py:588} INFO - Filling up the DagBag from /Users/karenwang/anaconda3/envs/airflow_sqlite_env/lib/python3.9/site-packages/airflow/example_dags/example_bash_operator.py
[2024-10-12T19:00:59.456-0400] {processor.py:925} INFO - DAG(s) 'example_bash_operator' retrieved from /Users/karenwang/anaconda3/envs/airflow_sqlite_env/lib/python3.9/site-packages/airflow/example_dags/example_bash_operator.py
[2024-10-12T19:00:59.658-0400] {logging_mixin.py:190} INFO - [2024-10-12T19:00:59.658-0400] {dag.py:3239} INFO - Sync 1 DAGs
[2024-10-12T19:00:59.684-0400] {logging_mixin.py:190} INFO - [2024-10-12T19:00:59.684-0400] {dag.py:4180} INFO - Setting next_dagrun for example_bash_operator to 2024-10-12 00:00:00+00:00, run_after=2024-10-13 00:00:00+00:00
[2024-10-12T19:00:59.705-0400] {processor.py:208} INFO - Processing /Users/karenwang/anaconda3/envs/airflow_sqlite_env/lib/python3.9/site-packages/airflow/example_dags/example_bash_operator.py took 0.275 seconds
[2024-10-12T19:21:35.791-0400] {processor.py:186} INFO - Started process (PID=79199) to work on /Users/karenwang/anaconda3/envs/airflow_sqlite_env/lib/python3.9/site-packages/airflow/example_dags/example_bash_operator.py
[2024-10-12T19:21:35.792-0400] {processor.py:914} INFO - Processing file /Users/karenwang/anaconda3/envs/airflow_sqlite_env/lib/python3.9/site-packages/airflow/example_dags/example_bash_operator.py for tasks to queue
[2024-10-12T19:21:35.794-0400] {logging_mixin.py:190} INFO - [2024-10-12T19:21:35.794-0400] {dagbag.py:588} INFO - Filling up the DagBag from /Users/karenwang/anaconda3/envs/airflow_sqlite_env/lib/python3.9/site-packages/airflow/example_dags/example_bash_operator.py
[2024-10-12T19:21:35.814-0400] {processor.py:925} INFO - DAG(s) 'example_bash_operator' retrieved from /Users/karenwang/anaconda3/envs/airflow_sqlite_env/lib/python3.9/site-packages/airflow/example_dags/example_bash_operator.py
[2024-10-12T19:21:36.066-0400] {logging_mixin.py:190} INFO - [2024-10-12T19:21:36.065-0400] {dag.py:3239} INFO - Sync 1 DAGs
[2024-10-12T19:21:36.098-0400] {logging_mixin.py:190} INFO - [2024-10-12T19:21:36.097-0400] {dag.py:4180} INFO - Setting next_dagrun for example_bash_operator to 2024-10-12 00:00:00+00:00, run_after=2024-10-13 00:00:00+00:00
[2024-10-12T19:21:36.123-0400] {processor.py:208} INFO - Processing /Users/karenwang/anaconda3/envs/airflow_sqlite_env/lib/python3.9/site-packages/airflow/example_dags/example_bash_operator.py took 0.339 seconds
[2024-10-12T19:28:56.876-0400] {processor.py:186} INFO - Started process (PID=81455) to work on /Users/karenwang/anaconda3/envs/airflow_sqlite_env/lib/python3.9/site-packages/airflow/example_dags/example_bash_operator.py
[2024-10-12T19:28:56.878-0400] {processor.py:914} INFO - Processing file /Users/karenwang/anaconda3/envs/airflow_sqlite_env/lib/python3.9/site-packages/airflow/example_dags/example_bash_operator.py for tasks to queue
[2024-10-12T19:28:56.879-0400] {logging_mixin.py:190} INFO - [2024-10-12T19:28:56.879-0400] {dagbag.py:588} INFO - Filling up the DagBag from /Users/karenwang/anaconda3/envs/airflow_sqlite_env/lib/python3.9/site-packages/airflow/example_dags/example_bash_operator.py
[2024-10-12T19:28:56.899-0400] {processor.py:925} INFO - DAG(s) 'example_bash_operator' retrieved from /Users/karenwang/anaconda3/envs/airflow_sqlite_env/lib/python3.9/site-packages/airflow/example_dags/example_bash_operator.py
[2024-10-12T19:28:57.122-0400] {logging_mixin.py:190} INFO - [2024-10-12T19:28:57.121-0400] {dag.py:3239} INFO - Sync 1 DAGs
[2024-10-12T19:28:57.157-0400] {logging_mixin.py:190} INFO - [2024-10-12T19:28:57.157-0400] {dag.py:4180} INFO - Setting next_dagrun for example_bash_operator to 2024-10-12 00:00:00+00:00, run_after=2024-10-13 00:00:00+00:00
[2024-10-12T19:28:57.181-0400] {processor.py:208} INFO - Processing /Users/karenwang/anaconda3/envs/airflow_sqlite_env/lib/python3.9/site-packages/airflow/example_dags/example_bash_operator.py took 0.310 seconds
[2024-10-12T19:36:07.040-0400] {processor.py:186} INFO - Started process (PID=83628) to work on /Users/karenwang/anaconda3/envs/airflow_sqlite_env/lib/python3.9/site-packages/airflow/example_dags/example_bash_operator.py
[2024-10-12T19:36:07.042-0400] {processor.py:914} INFO - Processing file /Users/karenwang/anaconda3/envs/airflow_sqlite_env/lib/python3.9/site-packages/airflow/example_dags/example_bash_operator.py for tasks to queue
[2024-10-12T19:36:07.043-0400] {logging_mixin.py:190} INFO - [2024-10-12T19:36:07.043-0400] {dagbag.py:588} INFO - Filling up the DagBag from /Users/karenwang/anaconda3/envs/airflow_sqlite_env/lib/python3.9/site-packages/airflow/example_dags/example_bash_operator.py
[2024-10-12T19:36:07.062-0400] {processor.py:925} INFO - DAG(s) 'example_bash_operator' retrieved from /Users/karenwang/anaconda3/envs/airflow_sqlite_env/lib/python3.9/site-packages/airflow/example_dags/example_bash_operator.py
[2024-10-12T19:36:07.250-0400] {logging_mixin.py:190} INFO - [2024-10-12T19:36:07.250-0400] {dag.py:3239} INFO - Sync 1 DAGs
[2024-10-12T19:36:07.277-0400] {logging_mixin.py:190} INFO - [2024-10-12T19:36:07.277-0400] {dag.py:4180} INFO - Setting next_dagrun for example_bash_operator to 2024-10-12 00:00:00+00:00, run_after=2024-10-13 00:00:00+00:00
[2024-10-12T19:36:07.297-0400] {processor.py:208} INFO - Processing /Users/karenwang/anaconda3/envs/airflow_sqlite_env/lib/python3.9/site-packages/airflow/example_dags/example_bash_operator.py took 0.263 seconds
[2024-10-12T19:47:17.983-0400] {processor.py:186} INFO - Started process (PID=87057) to work on /Users/karenwang/anaconda3/envs/airflow_sqlite_env/lib/python3.9/site-packages/airflow/example_dags/example_bash_operator.py
[2024-10-12T19:47:17.984-0400] {processor.py:914} INFO - Processing file /Users/karenwang/anaconda3/envs/airflow_sqlite_env/lib/python3.9/site-packages/airflow/example_dags/example_bash_operator.py for tasks to queue
[2024-10-12T19:47:17.985-0400] {logging_mixin.py:190} INFO - [2024-10-12T19:47:17.985-0400] {dagbag.py:588} INFO - Filling up the DagBag from /Users/karenwang/anaconda3/envs/airflow_sqlite_env/lib/python3.9/site-packages/airflow/example_dags/example_bash_operator.py
[2024-10-12T19:47:18.004-0400] {processor.py:925} INFO - DAG(s) 'example_bash_operator' retrieved from /Users/karenwang/anaconda3/envs/airflow_sqlite_env/lib/python3.9/site-packages/airflow/example_dags/example_bash_operator.py
[2024-10-12T19:47:18.221-0400] {logging_mixin.py:190} INFO - [2024-10-12T19:47:18.221-0400] {dag.py:3239} INFO - Sync 1 DAGs
[2024-10-12T19:47:18.252-0400] {logging_mixin.py:190} INFO - [2024-10-12T19:47:18.252-0400] {dag.py:4180} INFO - Setting next_dagrun for example_bash_operator to 2024-10-12 00:00:00+00:00, run_after=2024-10-13 00:00:00+00:00
[2024-10-12T19:47:18.275-0400] {processor.py:208} INFO - Processing /Users/karenwang/anaconda3/envs/airflow_sqlite_env/lib/python3.9/site-packages/airflow/example_dags/example_bash_operator.py took 0.298 seconds
[2024-10-12T19:54:37.790-0400] {processor.py:186} INFO - Started process (PID=89321) to work on /Users/karenwang/anaconda3/envs/airflow_sqlite_env/lib/python3.9/site-packages/airflow/example_dags/example_bash_operator.py
[2024-10-12T19:54:37.803-0400] {processor.py:914} INFO - Processing file /Users/karenwang/anaconda3/envs/airflow_sqlite_env/lib/python3.9/site-packages/airflow/example_dags/example_bash_operator.py for tasks to queue
[2024-10-12T19:54:37.804-0400] {logging_mixin.py:190} INFO - [2024-10-12T19:54:37.804-0400] {dagbag.py:588} INFO - Filling up the DagBag from /Users/karenwang/anaconda3/envs/airflow_sqlite_env/lib/python3.9/site-packages/airflow/example_dags/example_bash_operator.py
[2024-10-12T19:54:37.821-0400] {processor.py:925} INFO - DAG(s) 'example_bash_operator' retrieved from /Users/karenwang/anaconda3/envs/airflow_sqlite_env/lib/python3.9/site-packages/airflow/example_dags/example_bash_operator.py
[2024-10-12T19:54:38.033-0400] {logging_mixin.py:190} INFO - [2024-10-12T19:54:38.033-0400] {dag.py:3239} INFO - Sync 1 DAGs
[2024-10-12T19:54:38.059-0400] {logging_mixin.py:190} INFO - [2024-10-12T19:54:38.059-0400] {dag.py:4180} INFO - Setting next_dagrun for example_bash_operator to 2024-10-12 00:00:00+00:00, run_after=2024-10-13 00:00:00+00:00
[2024-10-12T19:54:38.081-0400] {processor.py:208} INFO - Processing /Users/karenwang/anaconda3/envs/airflow_sqlite_env/lib/python3.9/site-packages/airflow/example_dags/example_bash_operator.py took 0.297 seconds
