[2024-10-12T00:00:25.779-0400] {processor.py:186} INFO - Started process (PID=33891) to work on /Users/karenwang/anaconda3/envs/airflow_sqlite_env/lib/python3.9/site-packages/airflow/example_dags/example_bash_decorator.py
[2024-10-12T00:00:25.781-0400] {processor.py:914} INFO - Processing file /Users/karenwang/anaconda3/envs/airflow_sqlite_env/lib/python3.9/site-packages/airflow/example_dags/example_bash_decorator.py for tasks to queue
[2024-10-12T00:00:25.782-0400] {logging_mixin.py:190} INFO - [2024-10-12T00:00:25.782-0400] {dagbag.py:588} INFO - Filling up the DagBag from /Users/karenwang/anaconda3/envs/airflow_sqlite_env/lib/python3.9/site-packages/airflow/example_dags/example_bash_decorator.py
[2024-10-12T00:00:25.906-0400] {processor.py:925} INFO - DAG(s) 'example_bash_decorator' retrieved from /Users/karenwang/anaconda3/envs/airflow_sqlite_env/lib/python3.9/site-packages/airflow/example_dags/example_bash_decorator.py
[2024-10-12T00:00:26.310-0400] {logging_mixin.py:190} INFO - [2024-10-12T00:00:26.309-0400] {override.py:1900} INFO - Created Permission View: can delete on DAG:example_bash_decorator
[2024-10-12T00:00:26.327-0400] {logging_mixin.py:190} INFO - [2024-10-12T00:00:26.326-0400] {override.py:1900} INFO - Created Permission View: can read on DAG:example_bash_decorator
[2024-10-12T00:00:26.337-0400] {logging_mixin.py:190} INFO - [2024-10-12T00:00:26.336-0400] {override.py:1900} INFO - Created Permission View: can edit on DAG:example_bash_decorator
[2024-10-12T00:00:26.375-0400] {logging_mixin.py:190} INFO - [2024-10-12T00:00:26.374-0400] {override.py:1900} INFO - Created Permission View: can create on DAG Run:example_bash_decorator
[2024-10-12T00:00:26.387-0400] {logging_mixin.py:190} INFO - [2024-10-12T00:00:26.387-0400] {override.py:1900} INFO - Created Permission View: can delete on DAG Run:example_bash_decorator
[2024-10-12T00:00:26.400-0400] {logging_mixin.py:190} INFO - [2024-10-12T00:00:26.399-0400] {override.py:1900} INFO - Created Permission View: menu access on DAG Run:example_bash_decorator
[2024-10-12T00:00:26.410-0400] {logging_mixin.py:190} INFO - [2024-10-12T00:00:26.409-0400] {override.py:1900} INFO - Created Permission View: can read on DAG Run:example_bash_decorator
[2024-10-12T00:00:26.410-0400] {logging_mixin.py:190} INFO - [2024-10-12T00:00:26.410-0400] {dag.py:3239} INFO - Sync 1 DAGs
[2024-10-12T00:00:26.434-0400] {logging_mixin.py:190} INFO - [2024-10-12T00:00:26.434-0400] {dag.py:3262} INFO - Creating ORM DAG for example_bash_decorator
[2024-10-12T00:00:26.435-0400] {logging_mixin.py:190} INFO - [2024-10-12T00:00:26.435-0400] {dag.py:4180} INFO - Setting next_dagrun for example_bash_decorator to None, run_after=None
[2024-10-12T00:00:26.462-0400] {processor.py:208} INFO - Processing /Users/karenwang/anaconda3/envs/airflow_sqlite_env/lib/python3.9/site-packages/airflow/example_dags/example_bash_decorator.py took 0.689 seconds
[2024-10-12T00:11:55.398-0400] {processor.py:186} INFO - Started process (PID=3689) to work on /Users/karenwang/anaconda3/envs/airflow_sqlite_env/lib/python3.9/site-packages/airflow/example_dags/example_bash_decorator.py
[2024-10-12T00:11:55.400-0400] {processor.py:914} INFO - Processing file /Users/karenwang/anaconda3/envs/airflow_sqlite_env/lib/python3.9/site-packages/airflow/example_dags/example_bash_decorator.py for tasks to queue
[2024-10-12T00:11:55.401-0400] {logging_mixin.py:190} INFO - [2024-10-12T00:11:55.401-0400] {dagbag.py:588} INFO - Filling up the DagBag from /Users/karenwang/anaconda3/envs/airflow_sqlite_env/lib/python3.9/site-packages/airflow/example_dags/example_bash_decorator.py
[2024-10-12T00:11:55.495-0400] {processor.py:925} INFO - DAG(s) 'example_bash_decorator' retrieved from /Users/karenwang/anaconda3/envs/airflow_sqlite_env/lib/python3.9/site-packages/airflow/example_dags/example_bash_decorator.py
[2024-10-12T00:11:55.770-0400] {logging_mixin.py:190} INFO - [2024-10-12T00:11:55.770-0400] {dag.py:3239} INFO - Sync 1 DAGs
[2024-10-12T00:11:55.783-0400] {logging_mixin.py:190} INFO - [2024-10-12T00:11:55.783-0400] {dag.py:4180} INFO - Setting next_dagrun for example_bash_decorator to None, run_after=None
[2024-10-12T00:11:55.807-0400] {processor.py:208} INFO - Processing /Users/karenwang/anaconda3/envs/airflow_sqlite_env/lib/python3.9/site-packages/airflow/example_dags/example_bash_decorator.py took 0.415 seconds
[2024-10-12T00:17:18.637-0400] {processor.py:186} INFO - Started process (PID=5429) to work on /Users/karenwang/anaconda3/envs/airflow_sqlite_env/lib/python3.9/site-packages/airflow/example_dags/example_bash_decorator.py
[2024-10-12T00:17:18.638-0400] {processor.py:914} INFO - Processing file /Users/karenwang/anaconda3/envs/airflow_sqlite_env/lib/python3.9/site-packages/airflow/example_dags/example_bash_decorator.py for tasks to queue
[2024-10-12T00:17:18.639-0400] {logging_mixin.py:190} INFO - [2024-10-12T00:17:18.639-0400] {dagbag.py:588} INFO - Filling up the DagBag from /Users/karenwang/anaconda3/envs/airflow_sqlite_env/lib/python3.9/site-packages/airflow/example_dags/example_bash_decorator.py
[2024-10-12T00:17:18.725-0400] {processor.py:925} INFO - DAG(s) 'example_bash_decorator' retrieved from /Users/karenwang/anaconda3/envs/airflow_sqlite_env/lib/python3.9/site-packages/airflow/example_dags/example_bash_decorator.py
[2024-10-12T00:17:18.959-0400] {logging_mixin.py:190} INFO - [2024-10-12T00:17:18.959-0400] {dag.py:3239} INFO - Sync 1 DAGs
[2024-10-12T00:17:18.972-0400] {logging_mixin.py:190} INFO - [2024-10-12T00:17:18.972-0400] {dag.py:4180} INFO - Setting next_dagrun for example_bash_decorator to None, run_after=None
[2024-10-12T00:17:18.992-0400] {processor.py:208} INFO - Processing /Users/karenwang/anaconda3/envs/airflow_sqlite_env/lib/python3.9/site-packages/airflow/example_dags/example_bash_decorator.py took 0.360 seconds
[2024-10-12T00:22:38.390-0400] {processor.py:186} INFO - Started process (PID=7090) to work on /Users/karenwang/anaconda3/envs/airflow_sqlite_env/lib/python3.9/site-packages/airflow/example_dags/example_bash_decorator.py
[2024-10-12T00:22:38.391-0400] {processor.py:914} INFO - Processing file /Users/karenwang/anaconda3/envs/airflow_sqlite_env/lib/python3.9/site-packages/airflow/example_dags/example_bash_decorator.py for tasks to queue
[2024-10-12T00:22:38.392-0400] {logging_mixin.py:190} INFO - [2024-10-12T00:22:38.392-0400] {dagbag.py:588} INFO - Filling up the DagBag from /Users/karenwang/anaconda3/envs/airflow_sqlite_env/lib/python3.9/site-packages/airflow/example_dags/example_bash_decorator.py
[2024-10-12T00:22:38.496-0400] {processor.py:925} INFO - DAG(s) 'example_bash_decorator' retrieved from /Users/karenwang/anaconda3/envs/airflow_sqlite_env/lib/python3.9/site-packages/airflow/example_dags/example_bash_decorator.py
[2024-10-12T00:22:38.725-0400] {logging_mixin.py:190} INFO - [2024-10-12T00:22:38.725-0400] {dag.py:3239} INFO - Sync 1 DAGs
[2024-10-12T00:22:38.737-0400] {logging_mixin.py:190} INFO - [2024-10-12T00:22:38.737-0400] {dag.py:4180} INFO - Setting next_dagrun for example_bash_decorator to None, run_after=None
[2024-10-12T00:22:38.756-0400] {processor.py:208} INFO - Processing /Users/karenwang/anaconda3/envs/airflow_sqlite_env/lib/python3.9/site-packages/airflow/example_dags/example_bash_decorator.py took 0.370 seconds
[2024-10-12T00:28:55.409-0400] {processor.py:186} INFO - Started process (PID=9050) to work on /Users/karenwang/anaconda3/envs/airflow_sqlite_env/lib/python3.9/site-packages/airflow/example_dags/example_bash_decorator.py
[2024-10-12T00:28:55.411-0400] {processor.py:914} INFO - Processing file /Users/karenwang/anaconda3/envs/airflow_sqlite_env/lib/python3.9/site-packages/airflow/example_dags/example_bash_decorator.py for tasks to queue
[2024-10-12T00:28:55.412-0400] {logging_mixin.py:190} INFO - [2024-10-12T00:28:55.411-0400] {dagbag.py:588} INFO - Filling up the DagBag from /Users/karenwang/anaconda3/envs/airflow_sqlite_env/lib/python3.9/site-packages/airflow/example_dags/example_bash_decorator.py
[2024-10-12T00:28:55.496-0400] {processor.py:925} INFO - DAG(s) 'example_bash_decorator' retrieved from /Users/karenwang/anaconda3/envs/airflow_sqlite_env/lib/python3.9/site-packages/airflow/example_dags/example_bash_decorator.py
[2024-10-12T00:28:55.734-0400] {logging_mixin.py:190} INFO - [2024-10-12T00:28:55.734-0400] {dag.py:3239} INFO - Sync 1 DAGs
[2024-10-12T00:28:55.747-0400] {logging_mixin.py:190} INFO - [2024-10-12T00:28:55.747-0400] {dag.py:4180} INFO - Setting next_dagrun for example_bash_decorator to None, run_after=None
[2024-10-12T00:28:55.766-0400] {processor.py:208} INFO - Processing /Users/karenwang/anaconda3/envs/airflow_sqlite_env/lib/python3.9/site-packages/airflow/example_dags/example_bash_decorator.py took 0.362 seconds
[2024-10-12T00:56:12.482-0400] {processor.py:186} INFO - Started process (PID=17314) to work on /Users/karenwang/anaconda3/envs/airflow_sqlite_env/lib/python3.9/site-packages/airflow/example_dags/example_bash_decorator.py
[2024-10-12T00:56:12.483-0400] {processor.py:914} INFO - Processing file /Users/karenwang/anaconda3/envs/airflow_sqlite_env/lib/python3.9/site-packages/airflow/example_dags/example_bash_decorator.py for tasks to queue
[2024-10-12T00:56:12.484-0400] {logging_mixin.py:190} INFO - [2024-10-12T00:56:12.484-0400] {dagbag.py:588} INFO - Filling up the DagBag from /Users/karenwang/anaconda3/envs/airflow_sqlite_env/lib/python3.9/site-packages/airflow/example_dags/example_bash_decorator.py
[2024-10-12T00:56:12.567-0400] {processor.py:925} INFO - DAG(s) 'example_bash_decorator' retrieved from /Users/karenwang/anaconda3/envs/airflow_sqlite_env/lib/python3.9/site-packages/airflow/example_dags/example_bash_decorator.py
[2024-10-12T00:56:12.798-0400] {logging_mixin.py:190} INFO - [2024-10-12T00:56:12.798-0400] {dag.py:3239} INFO - Sync 1 DAGs
[2024-10-12T00:56:12.809-0400] {logging_mixin.py:190} INFO - [2024-10-12T00:56:12.809-0400] {dag.py:4180} INFO - Setting next_dagrun for example_bash_decorator to None, run_after=None
[2024-10-12T00:56:12.828-0400] {processor.py:208} INFO - Processing /Users/karenwang/anaconda3/envs/airflow_sqlite_env/lib/python3.9/site-packages/airflow/example_dags/example_bash_decorator.py took 0.351 seconds
[2024-10-12T01:01:43.528-0400] {processor.py:186} INFO - Started process (PID=19040) to work on /Users/karenwang/anaconda3/envs/airflow_sqlite_env/lib/python3.9/site-packages/airflow/example_dags/example_bash_decorator.py
[2024-10-12T01:01:43.529-0400] {processor.py:914} INFO - Processing file /Users/karenwang/anaconda3/envs/airflow_sqlite_env/lib/python3.9/site-packages/airflow/example_dags/example_bash_decorator.py for tasks to queue
[2024-10-12T01:01:43.530-0400] {logging_mixin.py:190} INFO - [2024-10-12T01:01:43.530-0400] {dagbag.py:588} INFO - Filling up the DagBag from /Users/karenwang/anaconda3/envs/airflow_sqlite_env/lib/python3.9/site-packages/airflow/example_dags/example_bash_decorator.py
[2024-10-12T01:01:43.616-0400] {processor.py:925} INFO - DAG(s) 'example_bash_decorator' retrieved from /Users/karenwang/anaconda3/envs/airflow_sqlite_env/lib/python3.9/site-packages/airflow/example_dags/example_bash_decorator.py
[2024-10-12T01:01:43.847-0400] {logging_mixin.py:190} INFO - [2024-10-12T01:01:43.847-0400] {dag.py:3239} INFO - Sync 1 DAGs
[2024-10-12T01:01:43.859-0400] {logging_mixin.py:190} INFO - [2024-10-12T01:01:43.859-0400] {dag.py:4180} INFO - Setting next_dagrun for example_bash_decorator to None, run_after=None
[2024-10-12T01:01:43.878-0400] {processor.py:208} INFO - Processing /Users/karenwang/anaconda3/envs/airflow_sqlite_env/lib/python3.9/site-packages/airflow/example_dags/example_bash_decorator.py took 0.355 seconds
[2024-10-12T01:07:17.001-0400] {processor.py:186} INFO - Started process (PID=20807) to work on /Users/karenwang/anaconda3/envs/airflow_sqlite_env/lib/python3.9/site-packages/airflow/example_dags/example_bash_decorator.py
[2024-10-12T01:07:17.002-0400] {processor.py:914} INFO - Processing file /Users/karenwang/anaconda3/envs/airflow_sqlite_env/lib/python3.9/site-packages/airflow/example_dags/example_bash_decorator.py for tasks to queue
[2024-10-12T01:07:17.003-0400] {logging_mixin.py:190} INFO - [2024-10-12T01:07:17.003-0400] {dagbag.py:588} INFO - Filling up the DagBag from /Users/karenwang/anaconda3/envs/airflow_sqlite_env/lib/python3.9/site-packages/airflow/example_dags/example_bash_decorator.py
[2024-10-12T01:07:17.087-0400] {processor.py:925} INFO - DAG(s) 'example_bash_decorator' retrieved from /Users/karenwang/anaconda3/envs/airflow_sqlite_env/lib/python3.9/site-packages/airflow/example_dags/example_bash_decorator.py
[2024-10-12T01:07:17.319-0400] {logging_mixin.py:190} INFO - [2024-10-12T01:07:17.318-0400] {dag.py:3239} INFO - Sync 1 DAGs
[2024-10-12T01:07:17.330-0400] {logging_mixin.py:190} INFO - [2024-10-12T01:07:17.330-0400] {dag.py:4180} INFO - Setting next_dagrun for example_bash_decorator to None, run_after=None
[2024-10-12T01:07:17.349-0400] {processor.py:208} INFO - Processing /Users/karenwang/anaconda3/envs/airflow_sqlite_env/lib/python3.9/site-packages/airflow/example_dags/example_bash_decorator.py took 0.353 seconds
[2024-10-12T02:22:26.270-0400] {processor.py:186} INFO - Started process (PID=44396) to work on /Users/karenwang/anaconda3/envs/airflow_sqlite_env/lib/python3.9/site-packages/airflow/example_dags/example_bash_decorator.py
[2024-10-12T02:22:26.272-0400] {processor.py:914} INFO - Processing file /Users/karenwang/anaconda3/envs/airflow_sqlite_env/lib/python3.9/site-packages/airflow/example_dags/example_bash_decorator.py for tasks to queue
[2024-10-12T02:22:26.274-0400] {logging_mixin.py:190} INFO - [2024-10-12T02:22:26.274-0400] {dagbag.py:588} INFO - Filling up the DagBag from /Users/karenwang/anaconda3/envs/airflow_sqlite_env/lib/python3.9/site-packages/airflow/example_dags/example_bash_decorator.py
[2024-10-12T02:22:26.380-0400] {processor.py:925} INFO - DAG(s) 'example_bash_decorator' retrieved from /Users/karenwang/anaconda3/envs/airflow_sqlite_env/lib/python3.9/site-packages/airflow/example_dags/example_bash_decorator.py
[2024-10-12T02:22:26.649-0400] {logging_mixin.py:190} INFO - [2024-10-12T02:22:26.649-0400] {dag.py:3239} INFO - Sync 1 DAGs
[2024-10-12T02:22:26.661-0400] {logging_mixin.py:190} INFO - [2024-10-12T02:22:26.661-0400] {dag.py:4180} INFO - Setting next_dagrun for example_bash_decorator to None, run_after=None
[2024-10-12T02:22:26.683-0400] {processor.py:208} INFO - Processing /Users/karenwang/anaconda3/envs/airflow_sqlite_env/lib/python3.9/site-packages/airflow/example_dags/example_bash_decorator.py took 0.419 seconds
[2024-10-12T02:31:09.560-0400] {processor.py:186} INFO - Started process (PID=47067) to work on /Users/karenwang/anaconda3/envs/airflow_sqlite_env/lib/python3.9/site-packages/airflow/example_dags/example_bash_decorator.py
[2024-10-12T02:31:09.561-0400] {processor.py:914} INFO - Processing file /Users/karenwang/anaconda3/envs/airflow_sqlite_env/lib/python3.9/site-packages/airflow/example_dags/example_bash_decorator.py for tasks to queue
[2024-10-12T02:31:09.562-0400] {logging_mixin.py:190} INFO - [2024-10-12T02:31:09.562-0400] {dagbag.py:588} INFO - Filling up the DagBag from /Users/karenwang/anaconda3/envs/airflow_sqlite_env/lib/python3.9/site-packages/airflow/example_dags/example_bash_decorator.py
[2024-10-12T02:31:09.665-0400] {processor.py:925} INFO - DAG(s) 'example_bash_decorator' retrieved from /Users/karenwang/anaconda3/envs/airflow_sqlite_env/lib/python3.9/site-packages/airflow/example_dags/example_bash_decorator.py
[2024-10-12T02:31:09.940-0400] {logging_mixin.py:190} INFO - [2024-10-12T02:31:09.940-0400] {dag.py:3239} INFO - Sync 1 DAGs
[2024-10-12T02:31:09.954-0400] {logging_mixin.py:190} INFO - [2024-10-12T02:31:09.954-0400] {dag.py:4180} INFO - Setting next_dagrun for example_bash_decorator to None, run_after=None
[2024-10-12T02:31:09.978-0400] {processor.py:208} INFO - Processing /Users/karenwang/anaconda3/envs/airflow_sqlite_env/lib/python3.9/site-packages/airflow/example_dags/example_bash_decorator.py took 0.425 seconds
[2024-10-12T02:42:17.878-0400] {processor.py:186} INFO - Started process (PID=50498) to work on /Users/karenwang/anaconda3/envs/airflow_sqlite_env/lib/python3.9/site-packages/airflow/example_dags/example_bash_decorator.py
[2024-10-12T02:42:17.879-0400] {processor.py:914} INFO - Processing file /Users/karenwang/anaconda3/envs/airflow_sqlite_env/lib/python3.9/site-packages/airflow/example_dags/example_bash_decorator.py for tasks to queue
[2024-10-12T02:42:17.880-0400] {logging_mixin.py:190} INFO - [2024-10-12T02:42:17.880-0400] {dagbag.py:588} INFO - Filling up the DagBag from /Users/karenwang/anaconda3/envs/airflow_sqlite_env/lib/python3.9/site-packages/airflow/example_dags/example_bash_decorator.py
[2024-10-12T02:42:17.981-0400] {processor.py:925} INFO - DAG(s) 'example_bash_decorator' retrieved from /Users/karenwang/anaconda3/envs/airflow_sqlite_env/lib/python3.9/site-packages/airflow/example_dags/example_bash_decorator.py
[2024-10-12T02:42:18.280-0400] {logging_mixin.py:190} INFO - [2024-10-12T02:42:18.280-0400] {dag.py:3239} INFO - Sync 1 DAGs
[2024-10-12T02:42:18.301-0400] {logging_mixin.py:190} INFO - [2024-10-12T02:42:18.301-0400] {dag.py:4180} INFO - Setting next_dagrun for example_bash_decorator to None, run_after=None
[2024-10-12T02:42:18.324-0400] {processor.py:208} INFO - Processing /Users/karenwang/anaconda3/envs/airflow_sqlite_env/lib/python3.9/site-packages/airflow/example_dags/example_bash_decorator.py took 0.452 seconds
[2024-10-12T02:49:06.255-0400] {processor.py:186} INFO - Started process (PID=52571) to work on /Users/karenwang/anaconda3/envs/airflow_sqlite_env/lib/python3.9/site-packages/airflow/example_dags/example_bash_decorator.py
[2024-10-12T02:49:06.256-0400] {processor.py:914} INFO - Processing file /Users/karenwang/anaconda3/envs/airflow_sqlite_env/lib/python3.9/site-packages/airflow/example_dags/example_bash_decorator.py for tasks to queue
[2024-10-12T02:49:06.258-0400] {logging_mixin.py:190} INFO - [2024-10-12T02:49:06.257-0400] {dagbag.py:588} INFO - Filling up the DagBag from /Users/karenwang/anaconda3/envs/airflow_sqlite_env/lib/python3.9/site-packages/airflow/example_dags/example_bash_decorator.py
[2024-10-12T02:49:06.372-0400] {processor.py:925} INFO - DAG(s) 'example_bash_decorator' retrieved from /Users/karenwang/anaconda3/envs/airflow_sqlite_env/lib/python3.9/site-packages/airflow/example_dags/example_bash_decorator.py
[2024-10-12T02:49:06.720-0400] {logging_mixin.py:190} INFO - [2024-10-12T02:49:06.719-0400] {dag.py:3239} INFO - Sync 1 DAGs
[2024-10-12T02:49:06.738-0400] {logging_mixin.py:190} INFO - [2024-10-12T02:49:06.738-0400] {dag.py:4180} INFO - Setting next_dagrun for example_bash_decorator to None, run_after=None
[2024-10-12T02:49:06.764-0400] {processor.py:208} INFO - Processing /Users/karenwang/anaconda3/envs/airflow_sqlite_env/lib/python3.9/site-packages/airflow/example_dags/example_bash_decorator.py took 0.515 seconds
[2024-10-12T03:26:31.738-0400] {processor.py:186} INFO - Started process (PID=54969) to work on /Users/karenwang/anaconda3/envs/airflow_sqlite_env/lib/python3.9/site-packages/airflow/example_dags/example_bash_decorator.py
[2024-10-12T03:26:31.739-0400] {processor.py:914} INFO - Processing file /Users/karenwang/anaconda3/envs/airflow_sqlite_env/lib/python3.9/site-packages/airflow/example_dags/example_bash_decorator.py for tasks to queue
[2024-10-12T03:26:31.741-0400] {logging_mixin.py:190} INFO - [2024-10-12T03:26:31.740-0400] {dagbag.py:588} INFO - Filling up the DagBag from /Users/karenwang/anaconda3/envs/airflow_sqlite_env/lib/python3.9/site-packages/airflow/example_dags/example_bash_decorator.py
[2024-10-12T03:26:31.848-0400] {processor.py:925} INFO - DAG(s) 'example_bash_decorator' retrieved from /Users/karenwang/anaconda3/envs/airflow_sqlite_env/lib/python3.9/site-packages/airflow/example_dags/example_bash_decorator.py
[2024-10-12T03:26:32.175-0400] {logging_mixin.py:190} INFO - [2024-10-12T03:26:32.175-0400] {dag.py:3239} INFO - Sync 1 DAGs
[2024-10-12T03:26:32.190-0400] {logging_mixin.py:190} INFO - [2024-10-12T03:26:32.189-0400] {dag.py:4180} INFO - Setting next_dagrun for example_bash_decorator to None, run_after=None
[2024-10-12T03:26:32.213-0400] {processor.py:208} INFO - Processing /Users/karenwang/anaconda3/envs/airflow_sqlite_env/lib/python3.9/site-packages/airflow/example_dags/example_bash_decorator.py took 0.482 seconds
[2024-10-12T13:40:13.085-0400] {processor.py:186} INFO - Started process (PID=74106) to work on /Users/karenwang/anaconda3/envs/airflow_sqlite_env/lib/python3.9/site-packages/airflow/example_dags/example_bash_decorator.py
[2024-10-12T13:40:13.087-0400] {processor.py:914} INFO - Processing file /Users/karenwang/anaconda3/envs/airflow_sqlite_env/lib/python3.9/site-packages/airflow/example_dags/example_bash_decorator.py for tasks to queue
[2024-10-12T13:40:13.088-0400] {logging_mixin.py:190} INFO - [2024-10-12T13:40:13.088-0400] {dagbag.py:588} INFO - Filling up the DagBag from /Users/karenwang/anaconda3/envs/airflow_sqlite_env/lib/python3.9/site-packages/airflow/example_dags/example_bash_decorator.py
[2024-10-12T13:40:13.185-0400] {processor.py:925} INFO - DAG(s) 'example_bash_decorator' retrieved from /Users/karenwang/anaconda3/envs/airflow_sqlite_env/lib/python3.9/site-packages/airflow/example_dags/example_bash_decorator.py
[2024-10-12T13:40:13.485-0400] {logging_mixin.py:190} INFO - [2024-10-12T13:40:13.484-0400] {dag.py:3239} INFO - Sync 1 DAGs
[2024-10-12T13:40:13.500-0400] {logging_mixin.py:190} INFO - [2024-10-12T13:40:13.500-0400] {dag.py:4180} INFO - Setting next_dagrun for example_bash_decorator to None, run_after=None
[2024-10-12T13:40:13.524-0400] {processor.py:208} INFO - Processing /Users/karenwang/anaconda3/envs/airflow_sqlite_env/lib/python3.9/site-packages/airflow/example_dags/example_bash_decorator.py took 0.445 seconds
[2024-10-12T13:48:33.479-0400] {processor.py:186} INFO - Started process (PID=76732) to work on /Users/karenwang/anaconda3/envs/airflow_sqlite_env/lib/python3.9/site-packages/airflow/example_dags/example_bash_decorator.py
[2024-10-12T13:48:33.481-0400] {processor.py:914} INFO - Processing file /Users/karenwang/anaconda3/envs/airflow_sqlite_env/lib/python3.9/site-packages/airflow/example_dags/example_bash_decorator.py for tasks to queue
[2024-10-12T13:48:33.482-0400] {logging_mixin.py:190} INFO - [2024-10-12T13:48:33.482-0400] {dagbag.py:588} INFO - Filling up the DagBag from /Users/karenwang/anaconda3/envs/airflow_sqlite_env/lib/python3.9/site-packages/airflow/example_dags/example_bash_decorator.py
[2024-10-12T13:48:33.579-0400] {processor.py:925} INFO - DAG(s) 'example_bash_decorator' retrieved from /Users/karenwang/anaconda3/envs/airflow_sqlite_env/lib/python3.9/site-packages/airflow/example_dags/example_bash_decorator.py
[2024-10-12T13:48:33.856-0400] {logging_mixin.py:190} INFO - [2024-10-12T13:48:33.855-0400] {dag.py:3239} INFO - Sync 1 DAGs
[2024-10-12T13:48:33.867-0400] {logging_mixin.py:190} INFO - [2024-10-12T13:48:33.867-0400] {dag.py:4180} INFO - Setting next_dagrun for example_bash_decorator to None, run_after=None
[2024-10-12T13:48:33.888-0400] {processor.py:208} INFO - Processing /Users/karenwang/anaconda3/envs/airflow_sqlite_env/lib/python3.9/site-packages/airflow/example_dags/example_bash_decorator.py took 0.414 seconds
[2024-10-12T13:55:32.284-0400] {processor.py:186} INFO - Started process (PID=78862) to work on /Users/karenwang/anaconda3/envs/airflow_sqlite_env/lib/python3.9/site-packages/airflow/example_dags/example_bash_decorator.py
[2024-10-12T13:55:32.286-0400] {processor.py:914} INFO - Processing file /Users/karenwang/anaconda3/envs/airflow_sqlite_env/lib/python3.9/site-packages/airflow/example_dags/example_bash_decorator.py for tasks to queue
[2024-10-12T13:55:32.287-0400] {logging_mixin.py:190} INFO - [2024-10-12T13:55:32.287-0400] {dagbag.py:588} INFO - Filling up the DagBag from /Users/karenwang/anaconda3/envs/airflow_sqlite_env/lib/python3.9/site-packages/airflow/example_dags/example_bash_decorator.py
[2024-10-12T13:55:32.391-0400] {processor.py:925} INFO - DAG(s) 'example_bash_decorator' retrieved from /Users/karenwang/anaconda3/envs/airflow_sqlite_env/lib/python3.9/site-packages/airflow/example_dags/example_bash_decorator.py
[2024-10-12T13:55:32.664-0400] {logging_mixin.py:190} INFO - [2024-10-12T13:55:32.664-0400] {dag.py:3239} INFO - Sync 1 DAGs
[2024-10-12T13:55:32.676-0400] {logging_mixin.py:190} INFO - [2024-10-12T13:55:32.676-0400] {dag.py:4180} INFO - Setting next_dagrun for example_bash_decorator to None, run_after=None
[2024-10-12T13:55:32.697-0400] {processor.py:208} INFO - Processing /Users/karenwang/anaconda3/envs/airflow_sqlite_env/lib/python3.9/site-packages/airflow/example_dags/example_bash_decorator.py took 0.418 seconds
[2024-10-12T14:02:38.912-0400] {processor.py:186} INFO - Started process (PID=81034) to work on /Users/karenwang/anaconda3/envs/airflow_sqlite_env/lib/python3.9/site-packages/airflow/example_dags/example_bash_decorator.py
[2024-10-12T14:02:38.914-0400] {processor.py:914} INFO - Processing file /Users/karenwang/anaconda3/envs/airflow_sqlite_env/lib/python3.9/site-packages/airflow/example_dags/example_bash_decorator.py for tasks to queue
[2024-10-12T14:02:38.915-0400] {logging_mixin.py:190} INFO - [2024-10-12T14:02:38.914-0400] {dagbag.py:588} INFO - Filling up the DagBag from /Users/karenwang/anaconda3/envs/airflow_sqlite_env/lib/python3.9/site-packages/airflow/example_dags/example_bash_decorator.py
[2024-10-12T14:02:39.022-0400] {processor.py:925} INFO - DAG(s) 'example_bash_decorator' retrieved from /Users/karenwang/anaconda3/envs/airflow_sqlite_env/lib/python3.9/site-packages/airflow/example_dags/example_bash_decorator.py
[2024-10-12T14:02:39.319-0400] {logging_mixin.py:190} INFO - [2024-10-12T14:02:39.319-0400] {dag.py:3239} INFO - Sync 1 DAGs
[2024-10-12T14:02:39.333-0400] {logging_mixin.py:190} INFO - [2024-10-12T14:02:39.333-0400] {dag.py:4180} INFO - Setting next_dagrun for example_bash_decorator to None, run_after=None
[2024-10-12T14:02:39.354-0400] {processor.py:208} INFO - Processing /Users/karenwang/anaconda3/envs/airflow_sqlite_env/lib/python3.9/site-packages/airflow/example_dags/example_bash_decorator.py took 0.449 seconds
[2024-10-12T14:09:37.467-0400] {processor.py:186} INFO - Started process (PID=83151) to work on /Users/karenwang/anaconda3/envs/airflow_sqlite_env/lib/python3.9/site-packages/airflow/example_dags/example_bash_decorator.py
[2024-10-12T14:09:37.468-0400] {processor.py:914} INFO - Processing file /Users/karenwang/anaconda3/envs/airflow_sqlite_env/lib/python3.9/site-packages/airflow/example_dags/example_bash_decorator.py for tasks to queue
[2024-10-12T14:09:37.469-0400] {logging_mixin.py:190} INFO - [2024-10-12T14:09:37.469-0400] {dagbag.py:588} INFO - Filling up the DagBag from /Users/karenwang/anaconda3/envs/airflow_sqlite_env/lib/python3.9/site-packages/airflow/example_dags/example_bash_decorator.py
[2024-10-12T14:09:37.576-0400] {processor.py:925} INFO - DAG(s) 'example_bash_decorator' retrieved from /Users/karenwang/anaconda3/envs/airflow_sqlite_env/lib/python3.9/site-packages/airflow/example_dags/example_bash_decorator.py
[2024-10-12T14:09:37.850-0400] {logging_mixin.py:190} INFO - [2024-10-12T14:09:37.849-0400] {dag.py:3239} INFO - Sync 1 DAGs
[2024-10-12T14:09:37.863-0400] {logging_mixin.py:190} INFO - [2024-10-12T14:09:37.863-0400] {dag.py:4180} INFO - Setting next_dagrun for example_bash_decorator to None, run_after=None
[2024-10-12T14:09:37.884-0400] {processor.py:208} INFO - Processing /Users/karenwang/anaconda3/envs/airflow_sqlite_env/lib/python3.9/site-packages/airflow/example_dags/example_bash_decorator.py took 0.424 seconds
[2024-10-12T14:16:47.608-0400] {processor.py:186} INFO - Started process (PID=85322) to work on /Users/karenwang/anaconda3/envs/airflow_sqlite_env/lib/python3.9/site-packages/airflow/example_dags/example_bash_decorator.py
[2024-10-12T14:16:47.609-0400] {processor.py:914} INFO - Processing file /Users/karenwang/anaconda3/envs/airflow_sqlite_env/lib/python3.9/site-packages/airflow/example_dags/example_bash_decorator.py for tasks to queue
[2024-10-12T14:16:47.610-0400] {logging_mixin.py:190} INFO - [2024-10-12T14:16:47.610-0400] {dagbag.py:588} INFO - Filling up the DagBag from /Users/karenwang/anaconda3/envs/airflow_sqlite_env/lib/python3.9/site-packages/airflow/example_dags/example_bash_decorator.py
[2024-10-12T14:16:47.706-0400] {processor.py:925} INFO - DAG(s) 'example_bash_decorator' retrieved from /Users/karenwang/anaconda3/envs/airflow_sqlite_env/lib/python3.9/site-packages/airflow/example_dags/example_bash_decorator.py
[2024-10-12T14:16:47.972-0400] {logging_mixin.py:190} INFO - [2024-10-12T14:16:47.972-0400] {dag.py:3239} INFO - Sync 1 DAGs
[2024-10-12T14:16:47.986-0400] {logging_mixin.py:190} INFO - [2024-10-12T14:16:47.985-0400] {dag.py:4180} INFO - Setting next_dagrun for example_bash_decorator to None, run_after=None
[2024-10-12T14:16:48.007-0400] {processor.py:208} INFO - Processing /Users/karenwang/anaconda3/envs/airflow_sqlite_env/lib/python3.9/site-packages/airflow/example_dags/example_bash_decorator.py took 0.404 seconds
[2024-10-12T14:23:43.201-0400] {processor.py:186} INFO - Started process (PID=87448) to work on /Users/karenwang/anaconda3/envs/airflow_sqlite_env/lib/python3.9/site-packages/airflow/example_dags/example_bash_decorator.py
[2024-10-12T14:23:43.202-0400] {processor.py:914} INFO - Processing file /Users/karenwang/anaconda3/envs/airflow_sqlite_env/lib/python3.9/site-packages/airflow/example_dags/example_bash_decorator.py for tasks to queue
[2024-10-12T14:23:43.204-0400] {logging_mixin.py:190} INFO - [2024-10-12T14:23:43.204-0400] {dagbag.py:588} INFO - Filling up the DagBag from /Users/karenwang/anaconda3/envs/airflow_sqlite_env/lib/python3.9/site-packages/airflow/example_dags/example_bash_decorator.py
[2024-10-12T14:23:43.304-0400] {processor.py:925} INFO - DAG(s) 'example_bash_decorator' retrieved from /Users/karenwang/anaconda3/envs/airflow_sqlite_env/lib/python3.9/site-packages/airflow/example_dags/example_bash_decorator.py
[2024-10-12T14:23:43.586-0400] {logging_mixin.py:190} INFO - [2024-10-12T14:23:43.585-0400] {dag.py:3239} INFO - Sync 1 DAGs
[2024-10-12T14:23:43.601-0400] {logging_mixin.py:190} INFO - [2024-10-12T14:23:43.600-0400] {dag.py:4180} INFO - Setting next_dagrun for example_bash_decorator to None, run_after=None
[2024-10-12T14:23:43.625-0400] {processor.py:208} INFO - Processing /Users/karenwang/anaconda3/envs/airflow_sqlite_env/lib/python3.9/site-packages/airflow/example_dags/example_bash_decorator.py took 0.430 seconds
[2024-10-12T14:30:50.177-0400] {processor.py:186} INFO - Started process (PID=89606) to work on /Users/karenwang/anaconda3/envs/airflow_sqlite_env/lib/python3.9/site-packages/airflow/example_dags/example_bash_decorator.py
[2024-10-12T14:30:50.178-0400] {processor.py:914} INFO - Processing file /Users/karenwang/anaconda3/envs/airflow_sqlite_env/lib/python3.9/site-packages/airflow/example_dags/example_bash_decorator.py for tasks to queue
[2024-10-12T14:30:50.179-0400] {logging_mixin.py:190} INFO - [2024-10-12T14:30:50.179-0400] {dagbag.py:588} INFO - Filling up the DagBag from /Users/karenwang/anaconda3/envs/airflow_sqlite_env/lib/python3.9/site-packages/airflow/example_dags/example_bash_decorator.py
[2024-10-12T14:30:50.273-0400] {processor.py:925} INFO - DAG(s) 'example_bash_decorator' retrieved from /Users/karenwang/anaconda3/envs/airflow_sqlite_env/lib/python3.9/site-packages/airflow/example_dags/example_bash_decorator.py
[2024-10-12T14:30:50.557-0400] {logging_mixin.py:190} INFO - [2024-10-12T14:30:50.557-0400] {dag.py:3239} INFO - Sync 1 DAGs
[2024-10-12T14:30:50.572-0400] {logging_mixin.py:190} INFO - [2024-10-12T14:30:50.572-0400] {dag.py:4180} INFO - Setting next_dagrun for example_bash_decorator to None, run_after=None
[2024-10-12T14:30:50.594-0400] {processor.py:208} INFO - Processing /Users/karenwang/anaconda3/envs/airflow_sqlite_env/lib/python3.9/site-packages/airflow/example_dags/example_bash_decorator.py took 0.423 seconds
[2024-10-12T14:37:46.289-0400] {processor.py:186} INFO - Started process (PID=91714) to work on /Users/karenwang/anaconda3/envs/airflow_sqlite_env/lib/python3.9/site-packages/airflow/example_dags/example_bash_decorator.py
[2024-10-12T14:37:46.290-0400] {processor.py:914} INFO - Processing file /Users/karenwang/anaconda3/envs/airflow_sqlite_env/lib/python3.9/site-packages/airflow/example_dags/example_bash_decorator.py for tasks to queue
[2024-10-12T14:37:46.292-0400] {logging_mixin.py:190} INFO - [2024-10-12T14:37:46.291-0400] {dagbag.py:588} INFO - Filling up the DagBag from /Users/karenwang/anaconda3/envs/airflow_sqlite_env/lib/python3.9/site-packages/airflow/example_dags/example_bash_decorator.py
[2024-10-12T14:37:46.387-0400] {processor.py:925} INFO - DAG(s) 'example_bash_decorator' retrieved from /Users/karenwang/anaconda3/envs/airflow_sqlite_env/lib/python3.9/site-packages/airflow/example_dags/example_bash_decorator.py
[2024-10-12T14:37:46.679-0400] {logging_mixin.py:190} INFO - [2024-10-12T14:37:46.679-0400] {dag.py:3239} INFO - Sync 1 DAGs
[2024-10-12T14:37:46.697-0400] {logging_mixin.py:190} INFO - [2024-10-12T14:37:46.696-0400] {dag.py:4180} INFO - Setting next_dagrun for example_bash_decorator to None, run_after=None
[2024-10-12T14:37:46.720-0400] {processor.py:208} INFO - Processing /Users/karenwang/anaconda3/envs/airflow_sqlite_env/lib/python3.9/site-packages/airflow/example_dags/example_bash_decorator.py took 0.437 seconds
[2024-10-12T14:44:42.431-0400] {processor.py:186} INFO - Started process (PID=93855) to work on /Users/karenwang/anaconda3/envs/airflow_sqlite_env/lib/python3.9/site-packages/airflow/example_dags/example_bash_decorator.py
[2024-10-12T14:44:42.433-0400] {processor.py:914} INFO - Processing file /Users/karenwang/anaconda3/envs/airflow_sqlite_env/lib/python3.9/site-packages/airflow/example_dags/example_bash_decorator.py for tasks to queue
[2024-10-12T14:44:42.434-0400] {logging_mixin.py:190} INFO - [2024-10-12T14:44:42.434-0400] {dagbag.py:588} INFO - Filling up the DagBag from /Users/karenwang/anaconda3/envs/airflow_sqlite_env/lib/python3.9/site-packages/airflow/example_dags/example_bash_decorator.py
[2024-10-12T14:44:42.535-0400] {processor.py:925} INFO - DAG(s) 'example_bash_decorator' retrieved from /Users/karenwang/anaconda3/envs/airflow_sqlite_env/lib/python3.9/site-packages/airflow/example_dags/example_bash_decorator.py
[2024-10-12T14:44:42.812-0400] {logging_mixin.py:190} INFO - [2024-10-12T14:44:42.812-0400] {dag.py:3239} INFO - Sync 1 DAGs
[2024-10-12T14:44:42.830-0400] {logging_mixin.py:190} INFO - [2024-10-12T14:44:42.829-0400] {dag.py:4180} INFO - Setting next_dagrun for example_bash_decorator to None, run_after=None
[2024-10-12T14:44:42.855-0400] {processor.py:208} INFO - Processing /Users/karenwang/anaconda3/envs/airflow_sqlite_env/lib/python3.9/site-packages/airflow/example_dags/example_bash_decorator.py took 0.430 seconds
[2024-10-12T14:51:50.797-0400] {processor.py:186} INFO - Started process (PID=96051) to work on /Users/karenwang/anaconda3/envs/airflow_sqlite_env/lib/python3.9/site-packages/airflow/example_dags/example_bash_decorator.py
[2024-10-12T14:51:50.798-0400] {processor.py:914} INFO - Processing file /Users/karenwang/anaconda3/envs/airflow_sqlite_env/lib/python3.9/site-packages/airflow/example_dags/example_bash_decorator.py for tasks to queue
[2024-10-12T14:51:50.800-0400] {logging_mixin.py:190} INFO - [2024-10-12T14:51:50.799-0400] {dagbag.py:588} INFO - Filling up the DagBag from /Users/karenwang/anaconda3/envs/airflow_sqlite_env/lib/python3.9/site-packages/airflow/example_dags/example_bash_decorator.py
[2024-10-12T14:51:50.901-0400] {processor.py:925} INFO - DAG(s) 'example_bash_decorator' retrieved from /Users/karenwang/anaconda3/envs/airflow_sqlite_env/lib/python3.9/site-packages/airflow/example_dags/example_bash_decorator.py
[2024-10-12T14:51:51.168-0400] {logging_mixin.py:190} INFO - [2024-10-12T14:51:51.168-0400] {dag.py:3239} INFO - Sync 1 DAGs
[2024-10-12T14:51:51.182-0400] {logging_mixin.py:190} INFO - [2024-10-12T14:51:51.182-0400] {dag.py:4180} INFO - Setting next_dagrun for example_bash_decorator to None, run_after=None
[2024-10-12T14:51:51.204-0400] {processor.py:208} INFO - Processing /Users/karenwang/anaconda3/envs/airflow_sqlite_env/lib/python3.9/site-packages/airflow/example_dags/example_bash_decorator.py took 0.413 seconds
[2024-10-12T14:58:48.468-0400] {processor.py:186} INFO - Started process (PID=98152) to work on /Users/karenwang/anaconda3/envs/airflow_sqlite_env/lib/python3.9/site-packages/airflow/example_dags/example_bash_decorator.py
[2024-10-12T14:58:48.469-0400] {processor.py:914} INFO - Processing file /Users/karenwang/anaconda3/envs/airflow_sqlite_env/lib/python3.9/site-packages/airflow/example_dags/example_bash_decorator.py for tasks to queue
[2024-10-12T14:58:48.471-0400] {logging_mixin.py:190} INFO - [2024-10-12T14:58:48.470-0400] {dagbag.py:588} INFO - Filling up the DagBag from /Users/karenwang/anaconda3/envs/airflow_sqlite_env/lib/python3.9/site-packages/airflow/example_dags/example_bash_decorator.py
[2024-10-12T14:58:48.582-0400] {processor.py:925} INFO - DAG(s) 'example_bash_decorator' retrieved from /Users/karenwang/anaconda3/envs/airflow_sqlite_env/lib/python3.9/site-packages/airflow/example_dags/example_bash_decorator.py
[2024-10-12T14:58:48.885-0400] {logging_mixin.py:190} INFO - [2024-10-12T14:58:48.885-0400] {dag.py:3239} INFO - Sync 1 DAGs
[2024-10-12T14:58:48.901-0400] {logging_mixin.py:190} INFO - [2024-10-12T14:58:48.901-0400] {dag.py:4180} INFO - Setting next_dagrun for example_bash_decorator to None, run_after=None
[2024-10-12T14:58:48.923-0400] {processor.py:208} INFO - Processing /Users/karenwang/anaconda3/envs/airflow_sqlite_env/lib/python3.9/site-packages/airflow/example_dags/example_bash_decorator.py took 0.461 seconds
[2024-10-12T15:05:56.748-0400] {processor.py:186} INFO - Started process (PID=871) to work on /Users/karenwang/anaconda3/envs/airflow_sqlite_env/lib/python3.9/site-packages/airflow/example_dags/example_bash_decorator.py
[2024-10-12T15:05:56.749-0400] {processor.py:914} INFO - Processing file /Users/karenwang/anaconda3/envs/airflow_sqlite_env/lib/python3.9/site-packages/airflow/example_dags/example_bash_decorator.py for tasks to queue
[2024-10-12T15:05:56.750-0400] {logging_mixin.py:190} INFO - [2024-10-12T15:05:56.750-0400] {dagbag.py:588} INFO - Filling up the DagBag from /Users/karenwang/anaconda3/envs/airflow_sqlite_env/lib/python3.9/site-packages/airflow/example_dags/example_bash_decorator.py
[2024-10-12T15:05:56.854-0400] {processor.py:925} INFO - DAG(s) 'example_bash_decorator' retrieved from /Users/karenwang/anaconda3/envs/airflow_sqlite_env/lib/python3.9/site-packages/airflow/example_dags/example_bash_decorator.py
[2024-10-12T15:05:57.137-0400] {logging_mixin.py:190} INFO - [2024-10-12T15:05:57.136-0400] {dag.py:3239} INFO - Sync 1 DAGs
[2024-10-12T15:05:57.150-0400] {logging_mixin.py:190} INFO - [2024-10-12T15:05:57.150-0400] {dag.py:4180} INFO - Setting next_dagrun for example_bash_decorator to None, run_after=None
[2024-10-12T15:05:57.171-0400] {processor.py:208} INFO - Processing /Users/karenwang/anaconda3/envs/airflow_sqlite_env/lib/python3.9/site-packages/airflow/example_dags/example_bash_decorator.py took 0.429 seconds
[2024-10-12T15:12:54.296-0400] {processor.py:186} INFO - Started process (PID=3176) to work on /Users/karenwang/anaconda3/envs/airflow_sqlite_env/lib/python3.9/site-packages/airflow/example_dags/example_bash_decorator.py
[2024-10-12T15:12:54.298-0400] {processor.py:914} INFO - Processing file /Users/karenwang/anaconda3/envs/airflow_sqlite_env/lib/python3.9/site-packages/airflow/example_dags/example_bash_decorator.py for tasks to queue
[2024-10-12T15:12:54.299-0400] {logging_mixin.py:190} INFO - [2024-10-12T15:12:54.299-0400] {dagbag.py:588} INFO - Filling up the DagBag from /Users/karenwang/anaconda3/envs/airflow_sqlite_env/lib/python3.9/site-packages/airflow/example_dags/example_bash_decorator.py
[2024-10-12T15:12:54.390-0400] {processor.py:925} INFO - DAG(s) 'example_bash_decorator' retrieved from /Users/karenwang/anaconda3/envs/airflow_sqlite_env/lib/python3.9/site-packages/airflow/example_dags/example_bash_decorator.py
[2024-10-12T15:12:54.676-0400] {logging_mixin.py:190} INFO - [2024-10-12T15:12:54.676-0400] {dag.py:3239} INFO - Sync 1 DAGs
[2024-10-12T15:12:54.688-0400] {logging_mixin.py:190} INFO - [2024-10-12T15:12:54.688-0400] {dag.py:4180} INFO - Setting next_dagrun for example_bash_decorator to None, run_after=None
[2024-10-12T15:12:54.709-0400] {processor.py:208} INFO - Processing /Users/karenwang/anaconda3/envs/airflow_sqlite_env/lib/python3.9/site-packages/airflow/example_dags/example_bash_decorator.py took 0.419 seconds
[2024-10-12T15:19:58.067-0400] {processor.py:186} INFO - Started process (PID=5324) to work on /Users/karenwang/anaconda3/envs/airflow_sqlite_env/lib/python3.9/site-packages/airflow/example_dags/example_bash_decorator.py
[2024-10-12T15:19:58.069-0400] {processor.py:914} INFO - Processing file /Users/karenwang/anaconda3/envs/airflow_sqlite_env/lib/python3.9/site-packages/airflow/example_dags/example_bash_decorator.py for tasks to queue
[2024-10-12T15:19:58.071-0400] {logging_mixin.py:190} INFO - [2024-10-12T15:19:58.070-0400] {dagbag.py:588} INFO - Filling up the DagBag from /Users/karenwang/anaconda3/envs/airflow_sqlite_env/lib/python3.9/site-packages/airflow/example_dags/example_bash_decorator.py
[2024-10-12T15:19:58.172-0400] {processor.py:925} INFO - DAG(s) 'example_bash_decorator' retrieved from /Users/karenwang/anaconda3/envs/airflow_sqlite_env/lib/python3.9/site-packages/airflow/example_dags/example_bash_decorator.py
[2024-10-12T15:19:58.441-0400] {logging_mixin.py:190} INFO - [2024-10-12T15:19:58.440-0400] {dag.py:3239} INFO - Sync 1 DAGs
[2024-10-12T15:19:58.453-0400] {logging_mixin.py:190} INFO - [2024-10-12T15:19:58.452-0400] {dag.py:4180} INFO - Setting next_dagrun for example_bash_decorator to None, run_after=None
[2024-10-12T15:19:58.475-0400] {processor.py:208} INFO - Processing /Users/karenwang/anaconda3/envs/airflow_sqlite_env/lib/python3.9/site-packages/airflow/example_dags/example_bash_decorator.py took 0.413 seconds
[2024-10-12T15:26:56.543-0400] {processor.py:186} INFO - Started process (PID=7443) to work on /Users/karenwang/anaconda3/envs/airflow_sqlite_env/lib/python3.9/site-packages/airflow/example_dags/example_bash_decorator.py
[2024-10-12T15:26:56.544-0400] {processor.py:914} INFO - Processing file /Users/karenwang/anaconda3/envs/airflow_sqlite_env/lib/python3.9/site-packages/airflow/example_dags/example_bash_decorator.py for tasks to queue
[2024-10-12T15:26:56.545-0400] {logging_mixin.py:190} INFO - [2024-10-12T15:26:56.545-0400] {dagbag.py:588} INFO - Filling up the DagBag from /Users/karenwang/anaconda3/envs/airflow_sqlite_env/lib/python3.9/site-packages/airflow/example_dags/example_bash_decorator.py
[2024-10-12T15:26:56.640-0400] {processor.py:925} INFO - DAG(s) 'example_bash_decorator' retrieved from /Users/karenwang/anaconda3/envs/airflow_sqlite_env/lib/python3.9/site-packages/airflow/example_dags/example_bash_decorator.py
[2024-10-12T15:26:56.920-0400] {logging_mixin.py:190} INFO - [2024-10-12T15:26:56.920-0400] {dag.py:3239} INFO - Sync 1 DAGs
[2024-10-12T15:26:56.937-0400] {logging_mixin.py:190} INFO - [2024-10-12T15:26:56.936-0400] {dag.py:4180} INFO - Setting next_dagrun for example_bash_decorator to None, run_after=None
[2024-10-12T15:26:56.959-0400] {processor.py:208} INFO - Processing /Users/karenwang/anaconda3/envs/airflow_sqlite_env/lib/python3.9/site-packages/airflow/example_dags/example_bash_decorator.py took 0.422 seconds
[2024-10-12T15:34:11.999-0400] {processor.py:186} INFO - Started process (PID=9676) to work on /Users/karenwang/anaconda3/envs/airflow_sqlite_env/lib/python3.9/site-packages/airflow/example_dags/example_bash_decorator.py
[2024-10-12T15:34:12.000-0400] {processor.py:914} INFO - Processing file /Users/karenwang/anaconda3/envs/airflow_sqlite_env/lib/python3.9/site-packages/airflow/example_dags/example_bash_decorator.py for tasks to queue
[2024-10-12T15:34:12.002-0400] {logging_mixin.py:190} INFO - [2024-10-12T15:34:12.002-0400] {dagbag.py:588} INFO - Filling up the DagBag from /Users/karenwang/anaconda3/envs/airflow_sqlite_env/lib/python3.9/site-packages/airflow/example_dags/example_bash_decorator.py
[2024-10-12T15:34:12.095-0400] {processor.py:925} INFO - DAG(s) 'example_bash_decorator' retrieved from /Users/karenwang/anaconda3/envs/airflow_sqlite_env/lib/python3.9/site-packages/airflow/example_dags/example_bash_decorator.py
[2024-10-12T15:34:12.371-0400] {logging_mixin.py:190} INFO - [2024-10-12T15:34:12.371-0400] {dag.py:3239} INFO - Sync 1 DAGs
[2024-10-12T15:34:12.385-0400] {logging_mixin.py:190} INFO - [2024-10-12T15:34:12.385-0400] {dag.py:4180} INFO - Setting next_dagrun for example_bash_decorator to None, run_after=None
[2024-10-12T15:34:12.406-0400] {processor.py:208} INFO - Processing /Users/karenwang/anaconda3/envs/airflow_sqlite_env/lib/python3.9/site-packages/airflow/example_dags/example_bash_decorator.py took 0.414 seconds
[2024-10-12T15:41:08.400-0400] {processor.py:186} INFO - Started process (PID=11802) to work on /Users/karenwang/anaconda3/envs/airflow_sqlite_env/lib/python3.9/site-packages/airflow/example_dags/example_bash_decorator.py
[2024-10-12T15:41:08.401-0400] {processor.py:914} INFO - Processing file /Users/karenwang/anaconda3/envs/airflow_sqlite_env/lib/python3.9/site-packages/airflow/example_dags/example_bash_decorator.py for tasks to queue
[2024-10-12T15:41:08.402-0400] {logging_mixin.py:190} INFO - [2024-10-12T15:41:08.402-0400] {dagbag.py:588} INFO - Filling up the DagBag from /Users/karenwang/anaconda3/envs/airflow_sqlite_env/lib/python3.9/site-packages/airflow/example_dags/example_bash_decorator.py
[2024-10-12T15:41:08.512-0400] {processor.py:925} INFO - DAG(s) 'example_bash_decorator' retrieved from /Users/karenwang/anaconda3/envs/airflow_sqlite_env/lib/python3.9/site-packages/airflow/example_dags/example_bash_decorator.py
[2024-10-12T15:41:08.807-0400] {logging_mixin.py:190} INFO - [2024-10-12T15:41:08.807-0400] {dag.py:3239} INFO - Sync 1 DAGs
[2024-10-12T15:41:08.822-0400] {logging_mixin.py:190} INFO - [2024-10-12T15:41:08.822-0400] {dag.py:4180} INFO - Setting next_dagrun for example_bash_decorator to None, run_after=None
[2024-10-12T15:41:08.845-0400] {processor.py:208} INFO - Processing /Users/karenwang/anaconda3/envs/airflow_sqlite_env/lib/python3.9/site-packages/airflow/example_dags/example_bash_decorator.py took 0.451 seconds
[2024-10-12T15:48:16.142-0400] {processor.py:186} INFO - Started process (PID=13983) to work on /Users/karenwang/anaconda3/envs/airflow_sqlite_env/lib/python3.9/site-packages/airflow/example_dags/example_bash_decorator.py
[2024-10-12T15:48:16.144-0400] {processor.py:914} INFO - Processing file /Users/karenwang/anaconda3/envs/airflow_sqlite_env/lib/python3.9/site-packages/airflow/example_dags/example_bash_decorator.py for tasks to queue
[2024-10-12T15:48:16.145-0400] {logging_mixin.py:190} INFO - [2024-10-12T15:48:16.145-0400] {dagbag.py:588} INFO - Filling up the DagBag from /Users/karenwang/anaconda3/envs/airflow_sqlite_env/lib/python3.9/site-packages/airflow/example_dags/example_bash_decorator.py
[2024-10-12T15:48:16.236-0400] {processor.py:925} INFO - DAG(s) 'example_bash_decorator' retrieved from /Users/karenwang/anaconda3/envs/airflow_sqlite_env/lib/python3.9/site-packages/airflow/example_dags/example_bash_decorator.py
[2024-10-12T15:48:16.517-0400] {logging_mixin.py:190} INFO - [2024-10-12T15:48:16.516-0400] {dag.py:3239} INFO - Sync 1 DAGs
[2024-10-12T15:48:16.530-0400] {logging_mixin.py:190} INFO - [2024-10-12T15:48:16.530-0400] {dag.py:4180} INFO - Setting next_dagrun for example_bash_decorator to None, run_after=None
[2024-10-12T15:48:16.551-0400] {processor.py:208} INFO - Processing /Users/karenwang/anaconda3/envs/airflow_sqlite_env/lib/python3.9/site-packages/airflow/example_dags/example_bash_decorator.py took 0.415 seconds
[2024-10-12T15:55:11.128-0400] {processor.py:186} INFO - Started process (PID=16083) to work on /Users/karenwang/anaconda3/envs/airflow_sqlite_env/lib/python3.9/site-packages/airflow/example_dags/example_bash_decorator.py
[2024-10-12T15:55:11.129-0400] {processor.py:914} INFO - Processing file /Users/karenwang/anaconda3/envs/airflow_sqlite_env/lib/python3.9/site-packages/airflow/example_dags/example_bash_decorator.py for tasks to queue
[2024-10-12T15:55:11.131-0400] {logging_mixin.py:190} INFO - [2024-10-12T15:55:11.131-0400] {dagbag.py:588} INFO - Filling up the DagBag from /Users/karenwang/anaconda3/envs/airflow_sqlite_env/lib/python3.9/site-packages/airflow/example_dags/example_bash_decorator.py
[2024-10-12T15:55:11.231-0400] {processor.py:925} INFO - DAG(s) 'example_bash_decorator' retrieved from /Users/karenwang/anaconda3/envs/airflow_sqlite_env/lib/python3.9/site-packages/airflow/example_dags/example_bash_decorator.py
[2024-10-12T15:55:11.514-0400] {logging_mixin.py:190} INFO - [2024-10-12T15:55:11.514-0400] {dag.py:3239} INFO - Sync 1 DAGs
[2024-10-12T15:55:11.531-0400] {logging_mixin.py:190} INFO - [2024-10-12T15:55:11.531-0400] {dag.py:4180} INFO - Setting next_dagrun for example_bash_decorator to None, run_after=None
[2024-10-12T15:55:11.555-0400] {processor.py:208} INFO - Processing /Users/karenwang/anaconda3/envs/airflow_sqlite_env/lib/python3.9/site-packages/airflow/example_dags/example_bash_decorator.py took 0.433 seconds
[2024-10-12T16:02:21.320-0400] {processor.py:186} INFO - Started process (PID=18268) to work on /Users/karenwang/anaconda3/envs/airflow_sqlite_env/lib/python3.9/site-packages/airflow/example_dags/example_bash_decorator.py
[2024-10-12T16:02:21.321-0400] {processor.py:914} INFO - Processing file /Users/karenwang/anaconda3/envs/airflow_sqlite_env/lib/python3.9/site-packages/airflow/example_dags/example_bash_decorator.py for tasks to queue
[2024-10-12T16:02:21.323-0400] {logging_mixin.py:190} INFO - [2024-10-12T16:02:21.323-0400] {dagbag.py:588} INFO - Filling up the DagBag from /Users/karenwang/anaconda3/envs/airflow_sqlite_env/lib/python3.9/site-packages/airflow/example_dags/example_bash_decorator.py
[2024-10-12T16:02:21.417-0400] {processor.py:925} INFO - DAG(s) 'example_bash_decorator' retrieved from /Users/karenwang/anaconda3/envs/airflow_sqlite_env/lib/python3.9/site-packages/airflow/example_dags/example_bash_decorator.py
[2024-10-12T16:02:21.702-0400] {logging_mixin.py:190} INFO - [2024-10-12T16:02:21.702-0400] {dag.py:3239} INFO - Sync 1 DAGs
[2024-10-12T16:02:21.717-0400] {logging_mixin.py:190} INFO - [2024-10-12T16:02:21.717-0400] {dag.py:4180} INFO - Setting next_dagrun for example_bash_decorator to None, run_after=None
[2024-10-12T16:02:21.740-0400] {processor.py:208} INFO - Processing /Users/karenwang/anaconda3/envs/airflow_sqlite_env/lib/python3.9/site-packages/airflow/example_dags/example_bash_decorator.py took 0.426 seconds
[2024-10-12T16:09:18.434-0400] {processor.py:186} INFO - Started process (PID=20384) to work on /Users/karenwang/anaconda3/envs/airflow_sqlite_env/lib/python3.9/site-packages/airflow/example_dags/example_bash_decorator.py
[2024-10-12T16:09:18.436-0400] {processor.py:914} INFO - Processing file /Users/karenwang/anaconda3/envs/airflow_sqlite_env/lib/python3.9/site-packages/airflow/example_dags/example_bash_decorator.py for tasks to queue
[2024-10-12T16:09:18.437-0400] {logging_mixin.py:190} INFO - [2024-10-12T16:09:18.437-0400] {dagbag.py:588} INFO - Filling up the DagBag from /Users/karenwang/anaconda3/envs/airflow_sqlite_env/lib/python3.9/site-packages/airflow/example_dags/example_bash_decorator.py
[2024-10-12T16:09:18.535-0400] {processor.py:925} INFO - DAG(s) 'example_bash_decorator' retrieved from /Users/karenwang/anaconda3/envs/airflow_sqlite_env/lib/python3.9/site-packages/airflow/example_dags/example_bash_decorator.py
[2024-10-12T16:09:18.830-0400] {logging_mixin.py:190} INFO - [2024-10-12T16:09:18.830-0400] {dag.py:3239} INFO - Sync 1 DAGs
[2024-10-12T16:09:18.845-0400] {logging_mixin.py:190} INFO - [2024-10-12T16:09:18.845-0400] {dag.py:4180} INFO - Setting next_dagrun for example_bash_decorator to None, run_after=None
[2024-10-12T16:09:18.869-0400] {processor.py:208} INFO - Processing /Users/karenwang/anaconda3/envs/airflow_sqlite_env/lib/python3.9/site-packages/airflow/example_dags/example_bash_decorator.py took 0.440 seconds
[2024-10-12T16:16:28.097-0400] {processor.py:186} INFO - Started process (PID=22568) to work on /Users/karenwang/anaconda3/envs/airflow_sqlite_env/lib/python3.9/site-packages/airflow/example_dags/example_bash_decorator.py
[2024-10-12T16:16:28.098-0400] {processor.py:914} INFO - Processing file /Users/karenwang/anaconda3/envs/airflow_sqlite_env/lib/python3.9/site-packages/airflow/example_dags/example_bash_decorator.py for tasks to queue
[2024-10-12T16:16:28.100-0400] {logging_mixin.py:190} INFO - [2024-10-12T16:16:28.099-0400] {dagbag.py:588} INFO - Filling up the DagBag from /Users/karenwang/anaconda3/envs/airflow_sqlite_env/lib/python3.9/site-packages/airflow/example_dags/example_bash_decorator.py
[2024-10-12T16:16:28.201-0400] {processor.py:925} INFO - DAG(s) 'example_bash_decorator' retrieved from /Users/karenwang/anaconda3/envs/airflow_sqlite_env/lib/python3.9/site-packages/airflow/example_dags/example_bash_decorator.py
[2024-10-12T16:16:28.471-0400] {logging_mixin.py:190} INFO - [2024-10-12T16:16:28.470-0400] {dag.py:3239} INFO - Sync 1 DAGs
[2024-10-12T16:16:28.485-0400] {logging_mixin.py:190} INFO - [2024-10-12T16:16:28.484-0400] {dag.py:4180} INFO - Setting next_dagrun for example_bash_decorator to None, run_after=None
[2024-10-12T16:16:28.507-0400] {processor.py:208} INFO - Processing /Users/karenwang/anaconda3/envs/airflow_sqlite_env/lib/python3.9/site-packages/airflow/example_dags/example_bash_decorator.py took 0.416 seconds
[2024-10-12T16:23:25.292-0400] {processor.py:186} INFO - Started process (PID=24686) to work on /Users/karenwang/anaconda3/envs/airflow_sqlite_env/lib/python3.9/site-packages/airflow/example_dags/example_bash_decorator.py
[2024-10-12T16:23:25.293-0400] {processor.py:914} INFO - Processing file /Users/karenwang/anaconda3/envs/airflow_sqlite_env/lib/python3.9/site-packages/airflow/example_dags/example_bash_decorator.py for tasks to queue
[2024-10-12T16:23:25.295-0400] {logging_mixin.py:190} INFO - [2024-10-12T16:23:25.294-0400] {dagbag.py:588} INFO - Filling up the DagBag from /Users/karenwang/anaconda3/envs/airflow_sqlite_env/lib/python3.9/site-packages/airflow/example_dags/example_bash_decorator.py
[2024-10-12T16:23:25.402-0400] {processor.py:925} INFO - DAG(s) 'example_bash_decorator' retrieved from /Users/karenwang/anaconda3/envs/airflow_sqlite_env/lib/python3.9/site-packages/airflow/example_dags/example_bash_decorator.py
[2024-10-12T16:23:25.683-0400] {logging_mixin.py:190} INFO - [2024-10-12T16:23:25.683-0400] {dag.py:3239} INFO - Sync 1 DAGs
[2024-10-12T16:23:25.696-0400] {logging_mixin.py:190} INFO - [2024-10-12T16:23:25.695-0400] {dag.py:4180} INFO - Setting next_dagrun for example_bash_decorator to None, run_after=None
[2024-10-12T16:23:25.715-0400] {processor.py:208} INFO - Processing /Users/karenwang/anaconda3/envs/airflow_sqlite_env/lib/python3.9/site-packages/airflow/example_dags/example_bash_decorator.py took 0.429 seconds
[2024-10-12T16:30:34.365-0400] {processor.py:186} INFO - Started process (PID=26893) to work on /Users/karenwang/anaconda3/envs/airflow_sqlite_env/lib/python3.9/site-packages/airflow/example_dags/example_bash_decorator.py
[2024-10-12T16:30:34.367-0400] {processor.py:914} INFO - Processing file /Users/karenwang/anaconda3/envs/airflow_sqlite_env/lib/python3.9/site-packages/airflow/example_dags/example_bash_decorator.py for tasks to queue
[2024-10-12T16:30:34.368-0400] {logging_mixin.py:190} INFO - [2024-10-12T16:30:34.368-0400] {dagbag.py:588} INFO - Filling up the DagBag from /Users/karenwang/anaconda3/envs/airflow_sqlite_env/lib/python3.9/site-packages/airflow/example_dags/example_bash_decorator.py
[2024-10-12T16:30:34.479-0400] {processor.py:925} INFO - DAG(s) 'example_bash_decorator' retrieved from /Users/karenwang/anaconda3/envs/airflow_sqlite_env/lib/python3.9/site-packages/airflow/example_dags/example_bash_decorator.py
[2024-10-12T16:30:34.770-0400] {logging_mixin.py:190} INFO - [2024-10-12T16:30:34.770-0400] {dag.py:3239} INFO - Sync 1 DAGs
[2024-10-12T16:30:34.786-0400] {logging_mixin.py:190} INFO - [2024-10-12T16:30:34.785-0400] {dag.py:4180} INFO - Setting next_dagrun for example_bash_decorator to None, run_after=None
[2024-10-12T16:30:34.809-0400] {processor.py:208} INFO - Processing /Users/karenwang/anaconda3/envs/airflow_sqlite_env/lib/python3.9/site-packages/airflow/example_dags/example_bash_decorator.py took 0.451 seconds
[2024-10-12T16:37:43.099-0400] {processor.py:186} INFO - Started process (PID=29078) to work on /Users/karenwang/anaconda3/envs/airflow_sqlite_env/lib/python3.9/site-packages/airflow/example_dags/example_bash_decorator.py
[2024-10-12T16:37:43.100-0400] {processor.py:914} INFO - Processing file /Users/karenwang/anaconda3/envs/airflow_sqlite_env/lib/python3.9/site-packages/airflow/example_dags/example_bash_decorator.py for tasks to queue
[2024-10-12T16:37:43.102-0400] {logging_mixin.py:190} INFO - [2024-10-12T16:37:43.102-0400] {dagbag.py:588} INFO - Filling up the DagBag from /Users/karenwang/anaconda3/envs/airflow_sqlite_env/lib/python3.9/site-packages/airflow/example_dags/example_bash_decorator.py
[2024-10-12T16:37:43.211-0400] {processor.py:925} INFO - DAG(s) 'example_bash_decorator' retrieved from /Users/karenwang/anaconda3/envs/airflow_sqlite_env/lib/python3.9/site-packages/airflow/example_dags/example_bash_decorator.py
[2024-10-12T16:37:43.498-0400] {logging_mixin.py:190} INFO - [2024-10-12T16:37:43.498-0400] {dag.py:3239} INFO - Sync 1 DAGs
[2024-10-12T16:37:43.512-0400] {logging_mixin.py:190} INFO - [2024-10-12T16:37:43.512-0400] {dag.py:4180} INFO - Setting next_dagrun for example_bash_decorator to None, run_after=None
[2024-10-12T16:37:43.535-0400] {processor.py:208} INFO - Processing /Users/karenwang/anaconda3/envs/airflow_sqlite_env/lib/python3.9/site-packages/airflow/example_dags/example_bash_decorator.py took 0.443 seconds
[2024-10-12T16:44:42.957-0400] {processor.py:186} INFO - Started process (PID=31218) to work on /Users/karenwang/anaconda3/envs/airflow_sqlite_env/lib/python3.9/site-packages/airflow/example_dags/example_bash_decorator.py
[2024-10-12T16:44:42.958-0400] {processor.py:914} INFO - Processing file /Users/karenwang/anaconda3/envs/airflow_sqlite_env/lib/python3.9/site-packages/airflow/example_dags/example_bash_decorator.py for tasks to queue
[2024-10-12T16:44:42.960-0400] {logging_mixin.py:190} INFO - [2024-10-12T16:44:42.959-0400] {dagbag.py:588} INFO - Filling up the DagBag from /Users/karenwang/anaconda3/envs/airflow_sqlite_env/lib/python3.9/site-packages/airflow/example_dags/example_bash_decorator.py
[2024-10-12T16:44:43.056-0400] {processor.py:925} INFO - DAG(s) 'example_bash_decorator' retrieved from /Users/karenwang/anaconda3/envs/airflow_sqlite_env/lib/python3.9/site-packages/airflow/example_dags/example_bash_decorator.py
[2024-10-12T16:44:43.347-0400] {logging_mixin.py:190} INFO - [2024-10-12T16:44:43.347-0400] {dag.py:3239} INFO - Sync 1 DAGs
[2024-10-12T16:44:43.363-0400] {logging_mixin.py:190} INFO - [2024-10-12T16:44:43.363-0400] {dag.py:4180} INFO - Setting next_dagrun for example_bash_decorator to None, run_after=None
[2024-10-12T16:44:43.391-0400] {processor.py:208} INFO - Processing /Users/karenwang/anaconda3/envs/airflow_sqlite_env/lib/python3.9/site-packages/airflow/example_dags/example_bash_decorator.py took 0.440 seconds
[2024-10-12T16:51:53.604-0400] {processor.py:186} INFO - Started process (PID=33429) to work on /Users/karenwang/anaconda3/envs/airflow_sqlite_env/lib/python3.9/site-packages/airflow/example_dags/example_bash_decorator.py
[2024-10-12T16:51:53.605-0400] {processor.py:914} INFO - Processing file /Users/karenwang/anaconda3/envs/airflow_sqlite_env/lib/python3.9/site-packages/airflow/example_dags/example_bash_decorator.py for tasks to queue
[2024-10-12T16:51:53.607-0400] {logging_mixin.py:190} INFO - [2024-10-12T16:51:53.607-0400] {dagbag.py:588} INFO - Filling up the DagBag from /Users/karenwang/anaconda3/envs/airflow_sqlite_env/lib/python3.9/site-packages/airflow/example_dags/example_bash_decorator.py
[2024-10-12T16:51:53.712-0400] {processor.py:925} INFO - DAG(s) 'example_bash_decorator' retrieved from /Users/karenwang/anaconda3/envs/airflow_sqlite_env/lib/python3.9/site-packages/airflow/example_dags/example_bash_decorator.py
[2024-10-12T16:51:53.993-0400] {logging_mixin.py:190} INFO - [2024-10-12T16:51:53.993-0400] {dag.py:3239} INFO - Sync 1 DAGs
[2024-10-12T16:51:54.009-0400] {logging_mixin.py:190} INFO - [2024-10-12T16:51:54.008-0400] {dag.py:4180} INFO - Setting next_dagrun for example_bash_decorator to None, run_after=None
[2024-10-12T16:51:54.036-0400] {processor.py:208} INFO - Processing /Users/karenwang/anaconda3/envs/airflow_sqlite_env/lib/python3.9/site-packages/airflow/example_dags/example_bash_decorator.py took 0.437 seconds
[2024-10-12T16:58:50.103-0400] {processor.py:186} INFO - Started process (PID=35544) to work on /Users/karenwang/anaconda3/envs/airflow_sqlite_env/lib/python3.9/site-packages/airflow/example_dags/example_bash_decorator.py
[2024-10-12T16:58:50.105-0400] {processor.py:914} INFO - Processing file /Users/karenwang/anaconda3/envs/airflow_sqlite_env/lib/python3.9/site-packages/airflow/example_dags/example_bash_decorator.py for tasks to queue
[2024-10-12T16:58:50.106-0400] {logging_mixin.py:190} INFO - [2024-10-12T16:58:50.105-0400] {dagbag.py:588} INFO - Filling up the DagBag from /Users/karenwang/anaconda3/envs/airflow_sqlite_env/lib/python3.9/site-packages/airflow/example_dags/example_bash_decorator.py
[2024-10-12T16:58:50.203-0400] {processor.py:925} INFO - DAG(s) 'example_bash_decorator' retrieved from /Users/karenwang/anaconda3/envs/airflow_sqlite_env/lib/python3.9/site-packages/airflow/example_dags/example_bash_decorator.py
[2024-10-12T16:58:50.481-0400] {logging_mixin.py:190} INFO - [2024-10-12T16:58:50.480-0400] {dag.py:3239} INFO - Sync 1 DAGs
[2024-10-12T16:58:50.494-0400] {logging_mixin.py:190} INFO - [2024-10-12T16:58:50.494-0400] {dag.py:4180} INFO - Setting next_dagrun for example_bash_decorator to None, run_after=None
[2024-10-12T16:58:50.516-0400] {processor.py:208} INFO - Processing /Users/karenwang/anaconda3/envs/airflow_sqlite_env/lib/python3.9/site-packages/airflow/example_dags/example_bash_decorator.py took 0.419 seconds
[2024-10-12T17:05:58.153-0400] {processor.py:186} INFO - Started process (PID=37706) to work on /Users/karenwang/anaconda3/envs/airflow_sqlite_env/lib/python3.9/site-packages/airflow/example_dags/example_bash_decorator.py
[2024-10-12T17:05:58.155-0400] {processor.py:914} INFO - Processing file /Users/karenwang/anaconda3/envs/airflow_sqlite_env/lib/python3.9/site-packages/airflow/example_dags/example_bash_decorator.py for tasks to queue
[2024-10-12T17:05:58.156-0400] {logging_mixin.py:190} INFO - [2024-10-12T17:05:58.156-0400] {dagbag.py:588} INFO - Filling up the DagBag from /Users/karenwang/anaconda3/envs/airflow_sqlite_env/lib/python3.9/site-packages/airflow/example_dags/example_bash_decorator.py
[2024-10-12T17:05:58.263-0400] {processor.py:925} INFO - DAG(s) 'example_bash_decorator' retrieved from /Users/karenwang/anaconda3/envs/airflow_sqlite_env/lib/python3.9/site-packages/airflow/example_dags/example_bash_decorator.py
[2024-10-12T17:05:58.554-0400] {logging_mixin.py:190} INFO - [2024-10-12T17:05:58.554-0400] {dag.py:3239} INFO - Sync 1 DAGs
[2024-10-12T17:05:58.568-0400] {logging_mixin.py:190} INFO - [2024-10-12T17:05:58.568-0400] {dag.py:4180} INFO - Setting next_dagrun for example_bash_decorator to None, run_after=None
[2024-10-12T17:05:58.589-0400] {processor.py:208} INFO - Processing /Users/karenwang/anaconda3/envs/airflow_sqlite_env/lib/python3.9/site-packages/airflow/example_dags/example_bash_decorator.py took 0.441 seconds
[2024-10-12T17:12:50.980-0400] {processor.py:186} INFO - Started process (PID=39798) to work on /Users/karenwang/anaconda3/envs/airflow_sqlite_env/lib/python3.9/site-packages/airflow/example_dags/example_bash_decorator.py
[2024-10-12T17:12:50.981-0400] {processor.py:914} INFO - Processing file /Users/karenwang/anaconda3/envs/airflow_sqlite_env/lib/python3.9/site-packages/airflow/example_dags/example_bash_decorator.py for tasks to queue
[2024-10-12T17:12:50.983-0400] {logging_mixin.py:190} INFO - [2024-10-12T17:12:50.982-0400] {dagbag.py:588} INFO - Filling up the DagBag from /Users/karenwang/anaconda3/envs/airflow_sqlite_env/lib/python3.9/site-packages/airflow/example_dags/example_bash_decorator.py
[2024-10-12T17:12:51.078-0400] {processor.py:925} INFO - DAG(s) 'example_bash_decorator' retrieved from /Users/karenwang/anaconda3/envs/airflow_sqlite_env/lib/python3.9/site-packages/airflow/example_dags/example_bash_decorator.py
[2024-10-12T17:12:51.346-0400] {logging_mixin.py:190} INFO - [2024-10-12T17:12:51.345-0400] {dag.py:3239} INFO - Sync 1 DAGs
[2024-10-12T17:12:51.358-0400] {logging_mixin.py:190} INFO - [2024-10-12T17:12:51.358-0400] {dag.py:4180} INFO - Setting next_dagrun for example_bash_decorator to None, run_after=None
[2024-10-12T17:12:51.382-0400] {processor.py:208} INFO - Processing /Users/karenwang/anaconda3/envs/airflow_sqlite_env/lib/python3.9/site-packages/airflow/example_dags/example_bash_decorator.py took 0.408 seconds
[2024-10-12T17:19:59.961-0400] {processor.py:186} INFO - Started process (PID=41974) to work on /Users/karenwang/anaconda3/envs/airflow_sqlite_env/lib/python3.9/site-packages/airflow/example_dags/example_bash_decorator.py
[2024-10-12T17:19:59.962-0400] {processor.py:914} INFO - Processing file /Users/karenwang/anaconda3/envs/airflow_sqlite_env/lib/python3.9/site-packages/airflow/example_dags/example_bash_decorator.py for tasks to queue
[2024-10-12T17:19:59.964-0400] {logging_mixin.py:190} INFO - [2024-10-12T17:19:59.963-0400] {dagbag.py:588} INFO - Filling up the DagBag from /Users/karenwang/anaconda3/envs/airflow_sqlite_env/lib/python3.9/site-packages/airflow/example_dags/example_bash_decorator.py
[2024-10-12T17:20:00.064-0400] {processor.py:925} INFO - DAG(s) 'example_bash_decorator' retrieved from /Users/karenwang/anaconda3/envs/airflow_sqlite_env/lib/python3.9/site-packages/airflow/example_dags/example_bash_decorator.py
[2024-10-12T17:20:00.355-0400] {logging_mixin.py:190} INFO - [2024-10-12T17:20:00.355-0400] {dag.py:3239} INFO - Sync 1 DAGs
[2024-10-12T17:20:00.368-0400] {logging_mixin.py:190} INFO - [2024-10-12T17:20:00.368-0400] {dag.py:4180} INFO - Setting next_dagrun for example_bash_decorator to None, run_after=None
[2024-10-12T17:20:00.394-0400] {processor.py:208} INFO - Processing /Users/karenwang/anaconda3/envs/airflow_sqlite_env/lib/python3.9/site-packages/airflow/example_dags/example_bash_decorator.py took 0.440 seconds
[2024-10-12T17:26:58.889-0400] {processor.py:186} INFO - Started process (PID=44113) to work on /Users/karenwang/anaconda3/envs/airflow_sqlite_env/lib/python3.9/site-packages/airflow/example_dags/example_bash_decorator.py
[2024-10-12T17:26:58.891-0400] {processor.py:914} INFO - Processing file /Users/karenwang/anaconda3/envs/airflow_sqlite_env/lib/python3.9/site-packages/airflow/example_dags/example_bash_decorator.py for tasks to queue
[2024-10-12T17:26:58.892-0400] {logging_mixin.py:190} INFO - [2024-10-12T17:26:58.892-0400] {dagbag.py:588} INFO - Filling up the DagBag from /Users/karenwang/anaconda3/envs/airflow_sqlite_env/lib/python3.9/site-packages/airflow/example_dags/example_bash_decorator.py
[2024-10-12T17:26:58.997-0400] {processor.py:925} INFO - DAG(s) 'example_bash_decorator' retrieved from /Users/karenwang/anaconda3/envs/airflow_sqlite_env/lib/python3.9/site-packages/airflow/example_dags/example_bash_decorator.py
[2024-10-12T17:26:59.278-0400] {logging_mixin.py:190} INFO - [2024-10-12T17:26:59.278-0400] {dag.py:3239} INFO - Sync 1 DAGs
[2024-10-12T17:26:59.290-0400] {logging_mixin.py:190} INFO - [2024-10-12T17:26:59.290-0400] {dag.py:4180} INFO - Setting next_dagrun for example_bash_decorator to None, run_after=None
[2024-10-12T17:26:59.311-0400] {processor.py:208} INFO - Processing /Users/karenwang/anaconda3/envs/airflow_sqlite_env/lib/python3.9/site-packages/airflow/example_dags/example_bash_decorator.py took 0.428 seconds
[2024-10-12T17:34:14.833-0400] {processor.py:186} INFO - Started process (PID=46338) to work on /Users/karenwang/anaconda3/envs/airflow_sqlite_env/lib/python3.9/site-packages/airflow/example_dags/example_bash_decorator.py
[2024-10-12T17:34:14.835-0400] {processor.py:914} INFO - Processing file /Users/karenwang/anaconda3/envs/airflow_sqlite_env/lib/python3.9/site-packages/airflow/example_dags/example_bash_decorator.py for tasks to queue
[2024-10-12T17:34:14.837-0400] {logging_mixin.py:190} INFO - [2024-10-12T17:34:14.836-0400] {dagbag.py:588} INFO - Filling up the DagBag from /Users/karenwang/anaconda3/envs/airflow_sqlite_env/lib/python3.9/site-packages/airflow/example_dags/example_bash_decorator.py
[2024-10-12T17:34:14.934-0400] {processor.py:925} INFO - DAG(s) 'example_bash_decorator' retrieved from /Users/karenwang/anaconda3/envs/airflow_sqlite_env/lib/python3.9/site-packages/airflow/example_dags/example_bash_decorator.py
[2024-10-12T17:34:15.204-0400] {logging_mixin.py:190} INFO - [2024-10-12T17:34:15.204-0400] {dag.py:3239} INFO - Sync 1 DAGs
[2024-10-12T17:34:15.218-0400] {logging_mixin.py:190} INFO - [2024-10-12T17:34:15.218-0400] {dag.py:4180} INFO - Setting next_dagrun for example_bash_decorator to None, run_after=None
[2024-10-12T17:34:15.239-0400] {processor.py:208} INFO - Processing /Users/karenwang/anaconda3/envs/airflow_sqlite_env/lib/python3.9/site-packages/airflow/example_dags/example_bash_decorator.py took 0.411 seconds
[2024-10-12T17:41:14.655-0400] {processor.py:186} INFO - Started process (PID=48461) to work on /Users/karenwang/anaconda3/envs/airflow_sqlite_env/lib/python3.9/site-packages/airflow/example_dags/example_bash_decorator.py
[2024-10-12T17:41:14.656-0400] {processor.py:914} INFO - Processing file /Users/karenwang/anaconda3/envs/airflow_sqlite_env/lib/python3.9/site-packages/airflow/example_dags/example_bash_decorator.py for tasks to queue
[2024-10-12T17:41:14.658-0400] {logging_mixin.py:190} INFO - [2024-10-12T17:41:14.657-0400] {dagbag.py:588} INFO - Filling up the DagBag from /Users/karenwang/anaconda3/envs/airflow_sqlite_env/lib/python3.9/site-packages/airflow/example_dags/example_bash_decorator.py
[2024-10-12T17:41:14.760-0400] {processor.py:925} INFO - DAG(s) 'example_bash_decorator' retrieved from /Users/karenwang/anaconda3/envs/airflow_sqlite_env/lib/python3.9/site-packages/airflow/example_dags/example_bash_decorator.py
[2024-10-12T17:41:15.048-0400] {logging_mixin.py:190} INFO - [2024-10-12T17:41:15.048-0400] {dag.py:3239} INFO - Sync 1 DAGs
[2024-10-12T17:41:15.063-0400] {logging_mixin.py:190} INFO - [2024-10-12T17:41:15.062-0400] {dag.py:4180} INFO - Setting next_dagrun for example_bash_decorator to None, run_after=None
[2024-10-12T17:41:15.085-0400] {processor.py:208} INFO - Processing /Users/karenwang/anaconda3/envs/airflow_sqlite_env/lib/python3.9/site-packages/airflow/example_dags/example_bash_decorator.py took 0.436 seconds
[2024-10-12T17:48:25.127-0400] {processor.py:186} INFO - Started process (PID=50714) to work on /Users/karenwang/anaconda3/envs/airflow_sqlite_env/lib/python3.9/site-packages/airflow/example_dags/example_bash_decorator.py
[2024-10-12T17:48:25.128-0400] {processor.py:914} INFO - Processing file /Users/karenwang/anaconda3/envs/airflow_sqlite_env/lib/python3.9/site-packages/airflow/example_dags/example_bash_decorator.py for tasks to queue
[2024-10-12T17:48:25.130-0400] {logging_mixin.py:190} INFO - [2024-10-12T17:48:25.130-0400] {dagbag.py:588} INFO - Filling up the DagBag from /Users/karenwang/anaconda3/envs/airflow_sqlite_env/lib/python3.9/site-packages/airflow/example_dags/example_bash_decorator.py
[2024-10-12T17:48:25.227-0400] {processor.py:925} INFO - DAG(s) 'example_bash_decorator' retrieved from /Users/karenwang/anaconda3/envs/airflow_sqlite_env/lib/python3.9/site-packages/airflow/example_dags/example_bash_decorator.py
[2024-10-12T17:48:25.497-0400] {logging_mixin.py:190} INFO - [2024-10-12T17:48:25.497-0400] {dag.py:3239} INFO - Sync 1 DAGs
[2024-10-12T17:48:25.510-0400] {logging_mixin.py:190} INFO - [2024-10-12T17:48:25.510-0400] {dag.py:4180} INFO - Setting next_dagrun for example_bash_decorator to None, run_after=None
[2024-10-12T17:48:25.533-0400] {processor.py:208} INFO - Processing /Users/karenwang/anaconda3/envs/airflow_sqlite_env/lib/python3.9/site-packages/airflow/example_dags/example_bash_decorator.py took 0.412 seconds
[2024-10-12T17:55:23.205-0400] {processor.py:186} INFO - Started process (PID=52838) to work on /Users/karenwang/anaconda3/envs/airflow_sqlite_env/lib/python3.9/site-packages/airflow/example_dags/example_bash_decorator.py
[2024-10-12T17:55:23.207-0400] {processor.py:914} INFO - Processing file /Users/karenwang/anaconda3/envs/airflow_sqlite_env/lib/python3.9/site-packages/airflow/example_dags/example_bash_decorator.py for tasks to queue
[2024-10-12T17:55:23.208-0400] {logging_mixin.py:190} INFO - [2024-10-12T17:55:23.207-0400] {dagbag.py:588} INFO - Filling up the DagBag from /Users/karenwang/anaconda3/envs/airflow_sqlite_env/lib/python3.9/site-packages/airflow/example_dags/example_bash_decorator.py
[2024-10-12T17:55:23.312-0400] {processor.py:925} INFO - DAG(s) 'example_bash_decorator' retrieved from /Users/karenwang/anaconda3/envs/airflow_sqlite_env/lib/python3.9/site-packages/airflow/example_dags/example_bash_decorator.py
[2024-10-12T17:55:23.579-0400] {logging_mixin.py:190} INFO - [2024-10-12T17:55:23.579-0400] {dag.py:3239} INFO - Sync 1 DAGs
[2024-10-12T17:55:23.594-0400] {logging_mixin.py:190} INFO - [2024-10-12T17:55:23.594-0400] {dag.py:4180} INFO - Setting next_dagrun for example_bash_decorator to None, run_after=None
[2024-10-12T17:55:23.616-0400] {processor.py:208} INFO - Processing /Users/karenwang/anaconda3/envs/airflow_sqlite_env/lib/python3.9/site-packages/airflow/example_dags/example_bash_decorator.py took 0.417 seconds
[2024-10-12T18:02:35.061-0400] {processor.py:186} INFO - Started process (PID=55049) to work on /Users/karenwang/anaconda3/envs/airflow_sqlite_env/lib/python3.9/site-packages/airflow/example_dags/example_bash_decorator.py
[2024-10-12T18:02:35.063-0400] {processor.py:914} INFO - Processing file /Users/karenwang/anaconda3/envs/airflow_sqlite_env/lib/python3.9/site-packages/airflow/example_dags/example_bash_decorator.py for tasks to queue
[2024-10-12T18:02:35.064-0400] {logging_mixin.py:190} INFO - [2024-10-12T18:02:35.063-0400] {dagbag.py:588} INFO - Filling up the DagBag from /Users/karenwang/anaconda3/envs/airflow_sqlite_env/lib/python3.9/site-packages/airflow/example_dags/example_bash_decorator.py
[2024-10-12T18:02:35.162-0400] {processor.py:925} INFO - DAG(s) 'example_bash_decorator' retrieved from /Users/karenwang/anaconda3/envs/airflow_sqlite_env/lib/python3.9/site-packages/airflow/example_dags/example_bash_decorator.py
[2024-10-12T18:02:35.451-0400] {logging_mixin.py:190} INFO - [2024-10-12T18:02:35.450-0400] {dag.py:3239} INFO - Sync 1 DAGs
[2024-10-12T18:02:35.464-0400] {logging_mixin.py:190} INFO - [2024-10-12T18:02:35.464-0400] {dag.py:4180} INFO - Setting next_dagrun for example_bash_decorator to None, run_after=None
[2024-10-12T18:02:35.490-0400] {processor.py:208} INFO - Processing /Users/karenwang/anaconda3/envs/airflow_sqlite_env/lib/python3.9/site-packages/airflow/example_dags/example_bash_decorator.py took 0.435 seconds
[2024-10-12T18:09:35.719-0400] {processor.py:186} INFO - Started process (PID=57191) to work on /Users/karenwang/anaconda3/envs/airflow_sqlite_env/lib/python3.9/site-packages/airflow/example_dags/example_bash_decorator.py
[2024-10-12T18:09:35.720-0400] {processor.py:914} INFO - Processing file /Users/karenwang/anaconda3/envs/airflow_sqlite_env/lib/python3.9/site-packages/airflow/example_dags/example_bash_decorator.py for tasks to queue
[2024-10-12T18:09:35.722-0400] {logging_mixin.py:190} INFO - [2024-10-12T18:09:35.722-0400] {dagbag.py:588} INFO - Filling up the DagBag from /Users/karenwang/anaconda3/envs/airflow_sqlite_env/lib/python3.9/site-packages/airflow/example_dags/example_bash_decorator.py
[2024-10-12T18:09:35.824-0400] {processor.py:925} INFO - DAG(s) 'example_bash_decorator' retrieved from /Users/karenwang/anaconda3/envs/airflow_sqlite_env/lib/python3.9/site-packages/airflow/example_dags/example_bash_decorator.py
[2024-10-12T18:09:36.101-0400] {logging_mixin.py:190} INFO - [2024-10-12T18:09:36.101-0400] {dag.py:3239} INFO - Sync 1 DAGs
[2024-10-12T18:09:36.116-0400] {logging_mixin.py:190} INFO - [2024-10-12T18:09:36.115-0400] {dag.py:4180} INFO - Setting next_dagrun for example_bash_decorator to None, run_after=None
[2024-10-12T18:09:36.139-0400] {processor.py:208} INFO - Processing /Users/karenwang/anaconda3/envs/airflow_sqlite_env/lib/python3.9/site-packages/airflow/example_dags/example_bash_decorator.py took 0.426 seconds
[2024-10-12T18:17:11.603-0400] {processor.py:186} INFO - Started process (PID=59537) to work on /Users/karenwang/anaconda3/envs/airflow_sqlite_env/lib/python3.9/site-packages/airflow/example_dags/example_bash_decorator.py
[2024-10-12T18:17:11.613-0400] {processor.py:914} INFO - Processing file /Users/karenwang/anaconda3/envs/airflow_sqlite_env/lib/python3.9/site-packages/airflow/example_dags/example_bash_decorator.py for tasks to queue
[2024-10-12T18:17:11.614-0400] {logging_mixin.py:190} INFO - [2024-10-12T18:17:11.614-0400] {dagbag.py:588} INFO - Filling up the DagBag from /Users/karenwang/anaconda3/envs/airflow_sqlite_env/lib/python3.9/site-packages/airflow/example_dags/example_bash_decorator.py
[2024-10-12T18:17:11.734-0400] {processor.py:925} INFO - DAG(s) 'example_bash_decorator' retrieved from /Users/karenwang/anaconda3/envs/airflow_sqlite_env/lib/python3.9/site-packages/airflow/example_dags/example_bash_decorator.py
[2024-10-12T18:17:12.060-0400] {logging_mixin.py:190} INFO - [2024-10-12T18:17:12.060-0400] {dag.py:3239} INFO - Sync 1 DAGs
[2024-10-12T18:17:12.075-0400] {logging_mixin.py:190} INFO - [2024-10-12T18:17:12.075-0400] {dag.py:4180} INFO - Setting next_dagrun for example_bash_decorator to None, run_after=None
[2024-10-12T18:17:12.103-0400] {processor.py:208} INFO - Processing /Users/karenwang/anaconda3/envs/airflow_sqlite_env/lib/python3.9/site-packages/airflow/example_dags/example_bash_decorator.py took 0.506 seconds
[2024-10-12T18:24:47.422-0400] {processor.py:186} INFO - Started process (PID=61847) to work on /Users/karenwang/anaconda3/envs/airflow_sqlite_env/lib/python3.9/site-packages/airflow/example_dags/example_bash_decorator.py
[2024-10-12T18:24:47.424-0400] {processor.py:914} INFO - Processing file /Users/karenwang/anaconda3/envs/airflow_sqlite_env/lib/python3.9/site-packages/airflow/example_dags/example_bash_decorator.py for tasks to queue
[2024-10-12T18:24:47.425-0400] {logging_mixin.py:190} INFO - [2024-10-12T18:24:47.425-0400] {dagbag.py:588} INFO - Filling up the DagBag from /Users/karenwang/anaconda3/envs/airflow_sqlite_env/lib/python3.9/site-packages/airflow/example_dags/example_bash_decorator.py
[2024-10-12T18:24:47.532-0400] {processor.py:925} INFO - DAG(s) 'example_bash_decorator' retrieved from /Users/karenwang/anaconda3/envs/airflow_sqlite_env/lib/python3.9/site-packages/airflow/example_dags/example_bash_decorator.py
[2024-10-12T18:24:47.844-0400] {logging_mixin.py:190} INFO - [2024-10-12T18:24:47.844-0400] {dag.py:3239} INFO - Sync 1 DAGs
[2024-10-12T18:24:47.859-0400] {logging_mixin.py:190} INFO - [2024-10-12T18:24:47.859-0400] {dag.py:4180} INFO - Setting next_dagrun for example_bash_decorator to None, run_after=None
[2024-10-12T18:24:47.884-0400] {processor.py:208} INFO - Processing /Users/karenwang/anaconda3/envs/airflow_sqlite_env/lib/python3.9/site-packages/airflow/example_dags/example_bash_decorator.py took 0.468 seconds
[2024-10-12T18:32:21.705-0400] {processor.py:186} INFO - Started process (PID=64165) to work on /Users/karenwang/anaconda3/envs/airflow_sqlite_env/lib/python3.9/site-packages/airflow/example_dags/example_bash_decorator.py
[2024-10-12T18:32:21.707-0400] {processor.py:914} INFO - Processing file /Users/karenwang/anaconda3/envs/airflow_sqlite_env/lib/python3.9/site-packages/airflow/example_dags/example_bash_decorator.py for tasks to queue
[2024-10-12T18:32:21.708-0400] {logging_mixin.py:190} INFO - [2024-10-12T18:32:21.707-0400] {dagbag.py:588} INFO - Filling up the DagBag from /Users/karenwang/anaconda3/envs/airflow_sqlite_env/lib/python3.9/site-packages/airflow/example_dags/example_bash_decorator.py
[2024-10-12T18:32:21.809-0400] {processor.py:925} INFO - DAG(s) 'example_bash_decorator' retrieved from /Users/karenwang/anaconda3/envs/airflow_sqlite_env/lib/python3.9/site-packages/airflow/example_dags/example_bash_decorator.py
[2024-10-12T18:32:22.113-0400] {logging_mixin.py:190} INFO - [2024-10-12T18:32:22.113-0400] {dag.py:3239} INFO - Sync 1 DAGs
[2024-10-12T18:32:22.131-0400] {logging_mixin.py:190} INFO - [2024-10-12T18:32:22.131-0400] {dag.py:4180} INFO - Setting next_dagrun for example_bash_decorator to None, run_after=None
[2024-10-12T18:32:22.156-0400] {processor.py:208} INFO - Processing /Users/karenwang/anaconda3/envs/airflow_sqlite_env/lib/python3.9/site-packages/airflow/example_dags/example_bash_decorator.py took 0.457 seconds
[2024-10-12T18:39:40.489-0400] {processor.py:186} INFO - Started process (PID=66384) to work on /Users/karenwang/anaconda3/envs/airflow_sqlite_env/lib/python3.9/site-packages/airflow/example_dags/example_bash_decorator.py
[2024-10-12T18:39:40.491-0400] {processor.py:914} INFO - Processing file /Users/karenwang/anaconda3/envs/airflow_sqlite_env/lib/python3.9/site-packages/airflow/example_dags/example_bash_decorator.py for tasks to queue
[2024-10-12T18:39:40.492-0400] {logging_mixin.py:190} INFO - [2024-10-12T18:39:40.492-0400] {dagbag.py:588} INFO - Filling up the DagBag from /Users/karenwang/anaconda3/envs/airflow_sqlite_env/lib/python3.9/site-packages/airflow/example_dags/example_bash_decorator.py
[2024-10-12T18:39:40.601-0400] {processor.py:925} INFO - DAG(s) 'example_bash_decorator' retrieved from /Users/karenwang/anaconda3/envs/airflow_sqlite_env/lib/python3.9/site-packages/airflow/example_dags/example_bash_decorator.py
[2024-10-12T18:39:40.909-0400] {logging_mixin.py:190} INFO - [2024-10-12T18:39:40.908-0400] {dag.py:3239} INFO - Sync 1 DAGs
[2024-10-12T18:39:40.925-0400] {logging_mixin.py:190} INFO - [2024-10-12T18:39:40.925-0400] {dag.py:4180} INFO - Setting next_dagrun for example_bash_decorator to None, run_after=None
[2024-10-12T18:39:40.950-0400] {processor.py:208} INFO - Processing /Users/karenwang/anaconda3/envs/airflow_sqlite_env/lib/python3.9/site-packages/airflow/example_dags/example_bash_decorator.py took 0.467 seconds
[2024-10-12T18:47:12.159-0400] {processor.py:186} INFO - Started process (PID=68691) to work on /Users/karenwang/anaconda3/envs/airflow_sqlite_env/lib/python3.9/site-packages/airflow/example_dags/example_bash_decorator.py
[2024-10-12T18:47:12.161-0400] {processor.py:914} INFO - Processing file /Users/karenwang/anaconda3/envs/airflow_sqlite_env/lib/python3.9/site-packages/airflow/example_dags/example_bash_decorator.py for tasks to queue
[2024-10-12T18:47:12.162-0400] {logging_mixin.py:190} INFO - [2024-10-12T18:47:12.161-0400] {dagbag.py:588} INFO - Filling up the DagBag from /Users/karenwang/anaconda3/envs/airflow_sqlite_env/lib/python3.9/site-packages/airflow/example_dags/example_bash_decorator.py
[2024-10-12T18:47:12.261-0400] {processor.py:925} INFO - DAG(s) 'example_bash_decorator' retrieved from /Users/karenwang/anaconda3/envs/airflow_sqlite_env/lib/python3.9/site-packages/airflow/example_dags/example_bash_decorator.py
[2024-10-12T18:47:12.561-0400] {logging_mixin.py:190} INFO - [2024-10-12T18:47:12.561-0400] {dag.py:3239} INFO - Sync 1 DAGs
[2024-10-12T18:47:12.576-0400] {logging_mixin.py:190} INFO - [2024-10-12T18:47:12.575-0400] {dag.py:4180} INFO - Setting next_dagrun for example_bash_decorator to None, run_after=None
[2024-10-12T18:47:12.596-0400] {processor.py:208} INFO - Processing /Users/karenwang/anaconda3/envs/airflow_sqlite_env/lib/python3.9/site-packages/airflow/example_dags/example_bash_decorator.py took 0.443 seconds
[2024-10-12T18:54:37.566-0400] {processor.py:186} INFO - Started process (PID=70934) to work on /Users/karenwang/anaconda3/envs/airflow_sqlite_env/lib/python3.9/site-packages/airflow/example_dags/example_bash_decorator.py
[2024-10-12T18:54:37.568-0400] {processor.py:914} INFO - Processing file /Users/karenwang/anaconda3/envs/airflow_sqlite_env/lib/python3.9/site-packages/airflow/example_dags/example_bash_decorator.py for tasks to queue
[2024-10-12T18:54:37.569-0400] {logging_mixin.py:190} INFO - [2024-10-12T18:54:37.569-0400] {dagbag.py:588} INFO - Filling up the DagBag from /Users/karenwang/anaconda3/envs/airflow_sqlite_env/lib/python3.9/site-packages/airflow/example_dags/example_bash_decorator.py
[2024-10-12T18:54:37.681-0400] {processor.py:925} INFO - DAG(s) 'example_bash_decorator' retrieved from /Users/karenwang/anaconda3/envs/airflow_sqlite_env/lib/python3.9/site-packages/airflow/example_dags/example_bash_decorator.py
[2024-10-12T18:54:37.982-0400] {logging_mixin.py:190} INFO - [2024-10-12T18:54:37.982-0400] {dag.py:3239} INFO - Sync 1 DAGs
[2024-10-12T18:54:38.002-0400] {logging_mixin.py:190} INFO - [2024-10-12T18:54:38.001-0400] {dag.py:4180} INFO - Setting next_dagrun for example_bash_decorator to None, run_after=None
[2024-10-12T18:54:38.028-0400] {processor.py:208} INFO - Processing /Users/karenwang/anaconda3/envs/airflow_sqlite_env/lib/python3.9/site-packages/airflow/example_dags/example_bash_decorator.py took 0.467 seconds
[2024-10-12T19:01:02.931-0400] {processor.py:186} INFO - Started process (PID=72912) to work on /Users/karenwang/anaconda3/envs/airflow_sqlite_env/lib/python3.9/site-packages/airflow/example_dags/example_bash_decorator.py
[2024-10-12T19:01:02.932-0400] {processor.py:914} INFO - Processing file /Users/karenwang/anaconda3/envs/airflow_sqlite_env/lib/python3.9/site-packages/airflow/example_dags/example_bash_decorator.py for tasks to queue
[2024-10-12T19:01:02.934-0400] {logging_mixin.py:190} INFO - [2024-10-12T19:01:02.934-0400] {dagbag.py:588} INFO - Filling up the DagBag from /Users/karenwang/anaconda3/envs/airflow_sqlite_env/lib/python3.9/site-packages/airflow/example_dags/example_bash_decorator.py
[2024-10-12T19:01:03.033-0400] {processor.py:925} INFO - DAG(s) 'example_bash_decorator' retrieved from /Users/karenwang/anaconda3/envs/airflow_sqlite_env/lib/python3.9/site-packages/airflow/example_dags/example_bash_decorator.py
[2024-10-12T19:01:03.302-0400] {logging_mixin.py:190} INFO - [2024-10-12T19:01:03.302-0400] {dag.py:3239} INFO - Sync 1 DAGs
[2024-10-12T19:01:03.319-0400] {logging_mixin.py:190} INFO - [2024-10-12T19:01:03.318-0400] {dag.py:4180} INFO - Setting next_dagrun for example_bash_decorator to None, run_after=None
[2024-10-12T19:01:03.341-0400] {processor.py:208} INFO - Processing /Users/karenwang/anaconda3/envs/airflow_sqlite_env/lib/python3.9/site-packages/airflow/example_dags/example_bash_decorator.py took 0.416 seconds
[2024-10-12T19:21:39.498-0400] {processor.py:186} INFO - Started process (PID=79220) to work on /Users/karenwang/anaconda3/envs/airflow_sqlite_env/lib/python3.9/site-packages/airflow/example_dags/example_bash_decorator.py
[2024-10-12T19:21:39.499-0400] {processor.py:914} INFO - Processing file /Users/karenwang/anaconda3/envs/airflow_sqlite_env/lib/python3.9/site-packages/airflow/example_dags/example_bash_decorator.py for tasks to queue
[2024-10-12T19:21:39.501-0400] {logging_mixin.py:190} INFO - [2024-10-12T19:21:39.501-0400] {dagbag.py:588} INFO - Filling up the DagBag from /Users/karenwang/anaconda3/envs/airflow_sqlite_env/lib/python3.9/site-packages/airflow/example_dags/example_bash_decorator.py
[2024-10-12T19:21:39.609-0400] {processor.py:925} INFO - DAG(s) 'example_bash_decorator' retrieved from /Users/karenwang/anaconda3/envs/airflow_sqlite_env/lib/python3.9/site-packages/airflow/example_dags/example_bash_decorator.py
[2024-10-12T19:21:39.895-0400] {logging_mixin.py:190} INFO - [2024-10-12T19:21:39.895-0400] {dag.py:3239} INFO - Sync 1 DAGs
[2024-10-12T19:21:39.913-0400] {logging_mixin.py:190} INFO - [2024-10-12T19:21:39.912-0400] {dag.py:4180} INFO - Setting next_dagrun for example_bash_decorator to None, run_after=None
[2024-10-12T19:21:39.949-0400] {processor.py:208} INFO - Processing /Users/karenwang/anaconda3/envs/airflow_sqlite_env/lib/python3.9/site-packages/airflow/example_dags/example_bash_decorator.py took 0.457 seconds
[2024-10-12T19:29:00.599-0400] {processor.py:186} INFO - Started process (PID=81476) to work on /Users/karenwang/anaconda3/envs/airflow_sqlite_env/lib/python3.9/site-packages/airflow/example_dags/example_bash_decorator.py
[2024-10-12T19:29:00.600-0400] {processor.py:914} INFO - Processing file /Users/karenwang/anaconda3/envs/airflow_sqlite_env/lib/python3.9/site-packages/airflow/example_dags/example_bash_decorator.py for tasks to queue
[2024-10-12T19:29:00.601-0400] {logging_mixin.py:190} INFO - [2024-10-12T19:29:00.601-0400] {dagbag.py:588} INFO - Filling up the DagBag from /Users/karenwang/anaconda3/envs/airflow_sqlite_env/lib/python3.9/site-packages/airflow/example_dags/example_bash_decorator.py
[2024-10-12T19:29:00.708-0400] {processor.py:925} INFO - DAG(s) 'example_bash_decorator' retrieved from /Users/karenwang/anaconda3/envs/airflow_sqlite_env/lib/python3.9/site-packages/airflow/example_dags/example_bash_decorator.py
[2024-10-12T19:29:00.999-0400] {logging_mixin.py:190} INFO - [2024-10-12T19:29:00.998-0400] {dag.py:3239} INFO - Sync 1 DAGs
[2024-10-12T19:29:01.015-0400] {logging_mixin.py:190} INFO - [2024-10-12T19:29:01.015-0400] {dag.py:4180} INFO - Setting next_dagrun for example_bash_decorator to None, run_after=None
[2024-10-12T19:29:01.042-0400] {processor.py:208} INFO - Processing /Users/karenwang/anaconda3/envs/airflow_sqlite_env/lib/python3.9/site-packages/airflow/example_dags/example_bash_decorator.py took 0.450 seconds
[2024-10-12T19:36:10.442-0400] {processor.py:186} INFO - Started process (PID=83648) to work on /Users/karenwang/anaconda3/envs/airflow_sqlite_env/lib/python3.9/site-packages/airflow/example_dags/example_bash_decorator.py
[2024-10-12T19:36:10.443-0400] {processor.py:914} INFO - Processing file /Users/karenwang/anaconda3/envs/airflow_sqlite_env/lib/python3.9/site-packages/airflow/example_dags/example_bash_decorator.py for tasks to queue
[2024-10-12T19:36:10.445-0400] {logging_mixin.py:190} INFO - [2024-10-12T19:36:10.444-0400] {dagbag.py:588} INFO - Filling up the DagBag from /Users/karenwang/anaconda3/envs/airflow_sqlite_env/lib/python3.9/site-packages/airflow/example_dags/example_bash_decorator.py
[2024-10-12T19:36:10.545-0400] {processor.py:925} INFO - DAG(s) 'example_bash_decorator' retrieved from /Users/karenwang/anaconda3/envs/airflow_sqlite_env/lib/python3.9/site-packages/airflow/example_dags/example_bash_decorator.py
[2024-10-12T19:36:10.831-0400] {logging_mixin.py:190} INFO - [2024-10-12T19:36:10.831-0400] {dag.py:3239} INFO - Sync 1 DAGs
[2024-10-12T19:36:10.844-0400] {logging_mixin.py:190} INFO - [2024-10-12T19:36:10.844-0400] {dag.py:4180} INFO - Setting next_dagrun for example_bash_decorator to None, run_after=None
[2024-10-12T19:36:10.869-0400] {processor.py:208} INFO - Processing /Users/karenwang/anaconda3/envs/airflow_sqlite_env/lib/python3.9/site-packages/airflow/example_dags/example_bash_decorator.py took 0.433 seconds
[2024-10-12T19:47:21.419-0400] {processor.py:186} INFO - Started process (PID=87078) to work on /Users/karenwang/anaconda3/envs/airflow_sqlite_env/lib/python3.9/site-packages/airflow/example_dags/example_bash_decorator.py
[2024-10-12T19:47:21.420-0400] {processor.py:914} INFO - Processing file /Users/karenwang/anaconda3/envs/airflow_sqlite_env/lib/python3.9/site-packages/airflow/example_dags/example_bash_decorator.py for tasks to queue
[2024-10-12T19:47:21.421-0400] {logging_mixin.py:190} INFO - [2024-10-12T19:47:21.421-0400] {dagbag.py:588} INFO - Filling up the DagBag from /Users/karenwang/anaconda3/envs/airflow_sqlite_env/lib/python3.9/site-packages/airflow/example_dags/example_bash_decorator.py
[2024-10-12T19:47:21.517-0400] {processor.py:925} INFO - DAG(s) 'example_bash_decorator' retrieved from /Users/karenwang/anaconda3/envs/airflow_sqlite_env/lib/python3.9/site-packages/airflow/example_dags/example_bash_decorator.py
[2024-10-12T19:47:21.768-0400] {logging_mixin.py:190} INFO - [2024-10-12T19:47:21.768-0400] {dag.py:3239} INFO - Sync 1 DAGs
[2024-10-12T19:47:21.785-0400] {logging_mixin.py:190} INFO - [2024-10-12T19:47:21.785-0400] {dag.py:4180} INFO - Setting next_dagrun for example_bash_decorator to None, run_after=None
[2024-10-12T19:47:21.806-0400] {processor.py:208} INFO - Processing /Users/karenwang/anaconda3/envs/airflow_sqlite_env/lib/python3.9/site-packages/airflow/example_dags/example_bash_decorator.py took 0.393 seconds
[2024-10-12T19:54:41.231-0400] {processor.py:186} INFO - Started process (PID=89342) to work on /Users/karenwang/anaconda3/envs/airflow_sqlite_env/lib/python3.9/site-packages/airflow/example_dags/example_bash_decorator.py
[2024-10-12T19:54:41.232-0400] {processor.py:914} INFO - Processing file /Users/karenwang/anaconda3/envs/airflow_sqlite_env/lib/python3.9/site-packages/airflow/example_dags/example_bash_decorator.py for tasks to queue
[2024-10-12T19:54:41.234-0400] {logging_mixin.py:190} INFO - [2024-10-12T19:54:41.234-0400] {dagbag.py:588} INFO - Filling up the DagBag from /Users/karenwang/anaconda3/envs/airflow_sqlite_env/lib/python3.9/site-packages/airflow/example_dags/example_bash_decorator.py
[2024-10-12T19:54:41.339-0400] {processor.py:925} INFO - DAG(s) 'example_bash_decorator' retrieved from /Users/karenwang/anaconda3/envs/airflow_sqlite_env/lib/python3.9/site-packages/airflow/example_dags/example_bash_decorator.py
[2024-10-12T19:54:41.625-0400] {logging_mixin.py:190} INFO - [2024-10-12T19:54:41.625-0400] {dag.py:3239} INFO - Sync 1 DAGs
[2024-10-12T19:54:41.638-0400] {logging_mixin.py:190} INFO - [2024-10-12T19:54:41.637-0400] {dag.py:4180} INFO - Setting next_dagrun for example_bash_decorator to None, run_after=None
[2024-10-12T19:54:41.658-0400] {processor.py:208} INFO - Processing /Users/karenwang/anaconda3/envs/airflow_sqlite_env/lib/python3.9/site-packages/airflow/example_dags/example_bash_decorator.py took 0.433 seconds
