[2024-10-12T00:00:05.780-0400] {processor.py:186} INFO - Started process (PID=33765) to work on /Users/karenwang/anaconda3/envs/airflow_sqlite_env/lib/python3.9/site-packages/airflow/example_dags/example_branch_operator.py
[2024-10-12T00:00:05.781-0400] {processor.py:914} INFO - Processing file /Users/karenwang/anaconda3/envs/airflow_sqlite_env/lib/python3.9/site-packages/airflow/example_dags/example_branch_operator.py for tasks to queue
[2024-10-12T00:00:05.783-0400] {logging_mixin.py:190} INFO - [2024-10-12T00:00:05.782-0400] {dagbag.py:588} INFO - Filling up the DagBag from /Users/karenwang/anaconda3/envs/airflow_sqlite_env/lib/python3.9/site-packages/airflow/example_dags/example_branch_operator.py
[2024-10-12T00:00:05.905-0400] {processor.py:925} INFO - DAG(s) 'example_branch_operator' retrieved from /Users/karenwang/anaconda3/envs/airflow_sqlite_env/lib/python3.9/site-packages/airflow/example_dags/example_branch_operator.py
[2024-10-12T00:00:06.302-0400] {logging_mixin.py:190} INFO - [2024-10-12T00:00:06.301-0400] {override.py:1900} INFO - Created Permission View: can delete on DAG:example_branch_operator
[2024-10-12T00:00:06.318-0400] {logging_mixin.py:190} INFO - [2024-10-12T00:00:06.317-0400] {override.py:1900} INFO - Created Permission View: can read on DAG:example_branch_operator
[2024-10-12T00:00:06.328-0400] {logging_mixin.py:190} INFO - [2024-10-12T00:00:06.328-0400] {override.py:1900} INFO - Created Permission View: can edit on DAG:example_branch_operator
[2024-10-12T00:00:06.342-0400] {logging_mixin.py:190} INFO - [2024-10-12T00:00:06.341-0400] {override.py:1900} INFO - Created Permission View: menu access on DAG Run:example_branch_operator
[2024-10-12T00:00:06.357-0400] {logging_mixin.py:190} INFO - [2024-10-12T00:00:06.356-0400] {override.py:1900} INFO - Created Permission View: can delete on DAG Run:example_branch_operator
[2024-10-12T00:00:06.370-0400] {logging_mixin.py:190} INFO - [2024-10-12T00:00:06.369-0400] {override.py:1900} INFO - Created Permission View: can read on DAG Run:example_branch_operator
[2024-10-12T00:00:06.382-0400] {logging_mixin.py:190} INFO - [2024-10-12T00:00:06.381-0400] {override.py:1900} INFO - Created Permission View: can create on DAG Run:example_branch_operator
[2024-10-12T00:00:06.383-0400] {logging_mixin.py:190} INFO - [2024-10-12T00:00:06.382-0400] {dag.py:3239} INFO - Sync 1 DAGs
[2024-10-12T00:00:06.406-0400] {logging_mixin.py:190} INFO - [2024-10-12T00:00:06.405-0400] {dag.py:3262} INFO - Creating ORM DAG for example_branch_operator
[2024-10-12T00:00:06.425-0400] {logging_mixin.py:190} INFO - [2024-10-12T00:00:06.425-0400] {dag.py:4180} INFO - Setting next_dagrun for example_branch_operator to 2024-10-11 00:00:00+00:00, run_after=2024-10-12 00:00:00+00:00
[2024-10-12T00:00:06.456-0400] {processor.py:208} INFO - Processing /Users/karenwang/anaconda3/envs/airflow_sqlite_env/lib/python3.9/site-packages/airflow/example_dags/example_branch_operator.py took 0.684 seconds
[2024-10-12T00:11:41.324-0400] {processor.py:186} INFO - Started process (PID=3610) to work on /Users/karenwang/anaconda3/envs/airflow_sqlite_env/lib/python3.9/site-packages/airflow/example_dags/example_branch_operator.py
[2024-10-12T00:11:41.326-0400] {processor.py:914} INFO - Processing file /Users/karenwang/anaconda3/envs/airflow_sqlite_env/lib/python3.9/site-packages/airflow/example_dags/example_branch_operator.py for tasks to queue
[2024-10-12T00:11:41.327-0400] {logging_mixin.py:190} INFO - [2024-10-12T00:11:41.327-0400] {dagbag.py:588} INFO - Filling up the DagBag from /Users/karenwang/anaconda3/envs/airflow_sqlite_env/lib/python3.9/site-packages/airflow/example_dags/example_branch_operator.py
[2024-10-12T00:11:41.407-0400] {processor.py:925} INFO - DAG(s) 'example_branch_operator' retrieved from /Users/karenwang/anaconda3/envs/airflow_sqlite_env/lib/python3.9/site-packages/airflow/example_dags/example_branch_operator.py
[2024-10-12T00:11:41.648-0400] {logging_mixin.py:190} INFO - [2024-10-12T00:11:41.648-0400] {dag.py:3239} INFO - Sync 1 DAGs
[2024-10-12T00:11:41.670-0400] {logging_mixin.py:190} INFO - [2024-10-12T00:11:41.670-0400] {dag.py:4180} INFO - Setting next_dagrun for example_branch_operator to 2024-10-11 00:00:00+00:00, run_after=2024-10-12 00:00:00+00:00
[2024-10-12T00:11:41.690-0400] {processor.py:208} INFO - Processing /Users/karenwang/anaconda3/envs/airflow_sqlite_env/lib/python3.9/site-packages/airflow/example_dags/example_branch_operator.py took 0.371 seconds
[2024-10-12T00:17:03.541-0400] {processor.py:186} INFO - Started process (PID=5344) to work on /Users/karenwang/anaconda3/envs/airflow_sqlite_env/lib/python3.9/site-packages/airflow/example_dags/example_branch_operator.py
[2024-10-12T00:17:03.542-0400] {processor.py:914} INFO - Processing file /Users/karenwang/anaconda3/envs/airflow_sqlite_env/lib/python3.9/site-packages/airflow/example_dags/example_branch_operator.py for tasks to queue
[2024-10-12T00:17:03.543-0400] {logging_mixin.py:190} INFO - [2024-10-12T00:17:03.543-0400] {dagbag.py:588} INFO - Filling up the DagBag from /Users/karenwang/anaconda3/envs/airflow_sqlite_env/lib/python3.9/site-packages/airflow/example_dags/example_branch_operator.py
[2024-10-12T00:17:03.619-0400] {processor.py:925} INFO - DAG(s) 'example_branch_operator' retrieved from /Users/karenwang/anaconda3/envs/airflow_sqlite_env/lib/python3.9/site-packages/airflow/example_dags/example_branch_operator.py
[2024-10-12T00:17:03.854-0400] {logging_mixin.py:190} INFO - [2024-10-12T00:17:03.853-0400] {dag.py:3239} INFO - Sync 1 DAGs
[2024-10-12T00:17:03.875-0400] {logging_mixin.py:190} INFO - [2024-10-12T00:17:03.874-0400] {dag.py:4180} INFO - Setting next_dagrun for example_branch_operator to 2024-10-11 00:00:00+00:00, run_after=2024-10-12 00:00:00+00:00
[2024-10-12T00:17:03.894-0400] {processor.py:208} INFO - Processing /Users/karenwang/anaconda3/envs/airflow_sqlite_env/lib/python3.9/site-packages/airflow/example_dags/example_branch_operator.py took 0.357 seconds
[2024-10-12T00:22:24.402-0400] {processor.py:186} INFO - Started process (PID=7015) to work on /Users/karenwang/anaconda3/envs/airflow_sqlite_env/lib/python3.9/site-packages/airflow/example_dags/example_branch_operator.py
[2024-10-12T00:22:24.403-0400] {processor.py:914} INFO - Processing file /Users/karenwang/anaconda3/envs/airflow_sqlite_env/lib/python3.9/site-packages/airflow/example_dags/example_branch_operator.py for tasks to queue
[2024-10-12T00:22:24.404-0400] {logging_mixin.py:190} INFO - [2024-10-12T00:22:24.403-0400] {dagbag.py:588} INFO - Filling up the DagBag from /Users/karenwang/anaconda3/envs/airflow_sqlite_env/lib/python3.9/site-packages/airflow/example_dags/example_branch_operator.py
[2024-10-12T00:22:24.483-0400] {processor.py:925} INFO - DAG(s) 'example_branch_operator' retrieved from /Users/karenwang/anaconda3/envs/airflow_sqlite_env/lib/python3.9/site-packages/airflow/example_dags/example_branch_operator.py
[2024-10-12T00:22:24.720-0400] {logging_mixin.py:190} INFO - [2024-10-12T00:22:24.720-0400] {dag.py:3239} INFO - Sync 1 DAGs
[2024-10-12T00:22:24.742-0400] {logging_mixin.py:190} INFO - [2024-10-12T00:22:24.741-0400] {dag.py:4180} INFO - Setting next_dagrun for example_branch_operator to 2024-10-11 00:00:00+00:00, run_after=2024-10-12 00:00:00+00:00
[2024-10-12T00:22:24.762-0400] {processor.py:208} INFO - Processing /Users/karenwang/anaconda3/envs/airflow_sqlite_env/lib/python3.9/site-packages/airflow/example_dags/example_branch_operator.py took 0.365 seconds
[2024-10-12T00:28:40.272-0400] {processor.py:186} INFO - Started process (PID=8974) to work on /Users/karenwang/anaconda3/envs/airflow_sqlite_env/lib/python3.9/site-packages/airflow/example_dags/example_branch_operator.py
[2024-10-12T00:28:40.273-0400] {processor.py:914} INFO - Processing file /Users/karenwang/anaconda3/envs/airflow_sqlite_env/lib/python3.9/site-packages/airflow/example_dags/example_branch_operator.py for tasks to queue
[2024-10-12T00:28:40.274-0400] {logging_mixin.py:190} INFO - [2024-10-12T00:28:40.274-0400] {dagbag.py:588} INFO - Filling up the DagBag from /Users/karenwang/anaconda3/envs/airflow_sqlite_env/lib/python3.9/site-packages/airflow/example_dags/example_branch_operator.py
[2024-10-12T00:28:40.358-0400] {processor.py:925} INFO - DAG(s) 'example_branch_operator' retrieved from /Users/karenwang/anaconda3/envs/airflow_sqlite_env/lib/python3.9/site-packages/airflow/example_dags/example_branch_operator.py
[2024-10-12T00:28:40.600-0400] {logging_mixin.py:190} INFO - [2024-10-12T00:28:40.599-0400] {dag.py:3239} INFO - Sync 1 DAGs
[2024-10-12T00:28:40.621-0400] {logging_mixin.py:190} INFO - [2024-10-12T00:28:40.621-0400] {dag.py:4180} INFO - Setting next_dagrun for example_branch_operator to 2024-10-11 00:00:00+00:00, run_after=2024-10-12 00:00:00+00:00
[2024-10-12T00:28:40.641-0400] {processor.py:208} INFO - Processing /Users/karenwang/anaconda3/envs/airflow_sqlite_env/lib/python3.9/site-packages/airflow/example_dags/example_branch_operator.py took 0.374 seconds
[2024-10-12T00:55:58.504-0400] {processor.py:186} INFO - Started process (PID=17239) to work on /Users/karenwang/anaconda3/envs/airflow_sqlite_env/lib/python3.9/site-packages/airflow/example_dags/example_branch_operator.py
[2024-10-12T00:55:58.505-0400] {processor.py:914} INFO - Processing file /Users/karenwang/anaconda3/envs/airflow_sqlite_env/lib/python3.9/site-packages/airflow/example_dags/example_branch_operator.py for tasks to queue
[2024-10-12T00:55:58.506-0400] {logging_mixin.py:190} INFO - [2024-10-12T00:55:58.506-0400] {dagbag.py:588} INFO - Filling up the DagBag from /Users/karenwang/anaconda3/envs/airflow_sqlite_env/lib/python3.9/site-packages/airflow/example_dags/example_branch_operator.py
[2024-10-12T00:55:58.583-0400] {processor.py:925} INFO - DAG(s) 'example_branch_operator' retrieved from /Users/karenwang/anaconda3/envs/airflow_sqlite_env/lib/python3.9/site-packages/airflow/example_dags/example_branch_operator.py
[2024-10-12T00:55:58.818-0400] {logging_mixin.py:190} INFO - [2024-10-12T00:55:58.818-0400] {dag.py:3239} INFO - Sync 1 DAGs
[2024-10-12T00:55:58.839-0400] {logging_mixin.py:190} INFO - [2024-10-12T00:55:58.839-0400] {dag.py:4180} INFO - Setting next_dagrun for example_branch_operator to 2024-10-11 00:00:00+00:00, run_after=2024-10-12 00:00:00+00:00
[2024-10-12T00:55:58.858-0400] {processor.py:208} INFO - Processing /Users/karenwang/anaconda3/envs/airflow_sqlite_env/lib/python3.9/site-packages/airflow/example_dags/example_branch_operator.py took 0.359 seconds
[2024-10-12T01:01:29.494-0400] {processor.py:186} INFO - Started process (PID=18963) to work on /Users/karenwang/anaconda3/envs/airflow_sqlite_env/lib/python3.9/site-packages/airflow/example_dags/example_branch_operator.py
[2024-10-12T01:01:29.495-0400] {processor.py:914} INFO - Processing file /Users/karenwang/anaconda3/envs/airflow_sqlite_env/lib/python3.9/site-packages/airflow/example_dags/example_branch_operator.py for tasks to queue
[2024-10-12T01:01:29.496-0400] {logging_mixin.py:190} INFO - [2024-10-12T01:01:29.496-0400] {dagbag.py:588} INFO - Filling up the DagBag from /Users/karenwang/anaconda3/envs/airflow_sqlite_env/lib/python3.9/site-packages/airflow/example_dags/example_branch_operator.py
[2024-10-12T01:01:29.576-0400] {processor.py:925} INFO - DAG(s) 'example_branch_operator' retrieved from /Users/karenwang/anaconda3/envs/airflow_sqlite_env/lib/python3.9/site-packages/airflow/example_dags/example_branch_operator.py
[2024-10-12T01:01:29.813-0400] {logging_mixin.py:190} INFO - [2024-10-12T01:01:29.812-0400] {dag.py:3239} INFO - Sync 1 DAGs
[2024-10-12T01:01:29.834-0400] {logging_mixin.py:190} INFO - [2024-10-12T01:01:29.833-0400] {dag.py:4180} INFO - Setting next_dagrun for example_branch_operator to 2024-10-11 00:00:00+00:00, run_after=2024-10-12 00:00:00+00:00
[2024-10-12T01:01:29.853-0400] {processor.py:208} INFO - Processing /Users/karenwang/anaconda3/envs/airflow_sqlite_env/lib/python3.9/site-packages/airflow/example_dags/example_branch_operator.py took 0.363 seconds
[2024-10-12T01:07:03.007-0400] {processor.py:186} INFO - Started process (PID=20739) to work on /Users/karenwang/anaconda3/envs/airflow_sqlite_env/lib/python3.9/site-packages/airflow/example_dags/example_branch_operator.py
[2024-10-12T01:07:03.009-0400] {processor.py:914} INFO - Processing file /Users/karenwang/anaconda3/envs/airflow_sqlite_env/lib/python3.9/site-packages/airflow/example_dags/example_branch_operator.py for tasks to queue
[2024-10-12T01:07:03.010-0400] {logging_mixin.py:190} INFO - [2024-10-12T01:07:03.010-0400] {dagbag.py:588} INFO - Filling up the DagBag from /Users/karenwang/anaconda3/envs/airflow_sqlite_env/lib/python3.9/site-packages/airflow/example_dags/example_branch_operator.py
[2024-10-12T01:07:03.089-0400] {processor.py:925} INFO - DAG(s) 'example_branch_operator' retrieved from /Users/karenwang/anaconda3/envs/airflow_sqlite_env/lib/python3.9/site-packages/airflow/example_dags/example_branch_operator.py
[2024-10-12T01:07:03.329-0400] {logging_mixin.py:190} INFO - [2024-10-12T01:07:03.329-0400] {dag.py:3239} INFO - Sync 1 DAGs
[2024-10-12T01:07:03.350-0400] {logging_mixin.py:190} INFO - [2024-10-12T01:07:03.350-0400] {dag.py:4180} INFO - Setting next_dagrun for example_branch_operator to 2024-10-11 00:00:00+00:00, run_after=2024-10-12 00:00:00+00:00
[2024-10-12T01:07:03.369-0400] {processor.py:208} INFO - Processing /Users/karenwang/anaconda3/envs/airflow_sqlite_env/lib/python3.9/site-packages/airflow/example_dags/example_branch_operator.py took 0.367 seconds
[2024-10-12T02:22:09.678-0400] {processor.py:186} INFO - Started process (PID=44295) to work on /Users/karenwang/anaconda3/envs/airflow_sqlite_env/lib/python3.9/site-packages/airflow/example_dags/example_branch_operator.py
[2024-10-12T02:22:09.680-0400] {processor.py:914} INFO - Processing file /Users/karenwang/anaconda3/envs/airflow_sqlite_env/lib/python3.9/site-packages/airflow/example_dags/example_branch_operator.py for tasks to queue
[2024-10-12T02:22:09.681-0400] {logging_mixin.py:190} INFO - [2024-10-12T02:22:09.681-0400] {dagbag.py:588} INFO - Filling up the DagBag from /Users/karenwang/anaconda3/envs/airflow_sqlite_env/lib/python3.9/site-packages/airflow/example_dags/example_branch_operator.py
[2024-10-12T02:22:09.776-0400] {processor.py:925} INFO - DAG(s) 'example_branch_operator' retrieved from /Users/karenwang/anaconda3/envs/airflow_sqlite_env/lib/python3.9/site-packages/airflow/example_dags/example_branch_operator.py
[2024-10-12T02:22:10.083-0400] {logging_mixin.py:190} INFO - [2024-10-12T02:22:10.082-0400] {dag.py:3239} INFO - Sync 1 DAGs
[2024-10-12T02:22:10.109-0400] {logging_mixin.py:190} INFO - [2024-10-12T02:22:10.109-0400] {dag.py:4180} INFO - Setting next_dagrun for example_branch_operator to 2024-10-11 00:00:00+00:00, run_after=2024-10-12 00:00:00+00:00
[2024-10-12T02:22:10.131-0400] {processor.py:208} INFO - Processing /Users/karenwang/anaconda3/envs/airflow_sqlite_env/lib/python3.9/site-packages/airflow/example_dags/example_branch_operator.py took 0.459 seconds
[2024-10-12T02:30:52.168-0400] {processor.py:186} INFO - Started process (PID=46972) to work on /Users/karenwang/anaconda3/envs/airflow_sqlite_env/lib/python3.9/site-packages/airflow/example_dags/example_branch_operator.py
[2024-10-12T02:30:52.170-0400] {processor.py:914} INFO - Processing file /Users/karenwang/anaconda3/envs/airflow_sqlite_env/lib/python3.9/site-packages/airflow/example_dags/example_branch_operator.py for tasks to queue
[2024-10-12T02:30:52.171-0400] {logging_mixin.py:190} INFO - [2024-10-12T02:30:52.171-0400] {dagbag.py:588} INFO - Filling up the DagBag from /Users/karenwang/anaconda3/envs/airflow_sqlite_env/lib/python3.9/site-packages/airflow/example_dags/example_branch_operator.py
[2024-10-12T02:30:52.263-0400] {processor.py:925} INFO - DAG(s) 'example_branch_operator' retrieved from /Users/karenwang/anaconda3/envs/airflow_sqlite_env/lib/python3.9/site-packages/airflow/example_dags/example_branch_operator.py
[2024-10-12T02:30:52.587-0400] {logging_mixin.py:190} INFO - [2024-10-12T02:30:52.586-0400] {dag.py:3239} INFO - Sync 1 DAGs
[2024-10-12T02:30:52.611-0400] {logging_mixin.py:190} INFO - [2024-10-12T02:30:52.610-0400] {dag.py:4180} INFO - Setting next_dagrun for example_branch_operator to 2024-10-11 00:00:00+00:00, run_after=2024-10-12 00:00:00+00:00
[2024-10-12T02:30:52.634-0400] {processor.py:208} INFO - Processing /Users/karenwang/anaconda3/envs/airflow_sqlite_env/lib/python3.9/site-packages/airflow/example_dags/example_branch_operator.py took 0.472 seconds
[2024-10-12T02:42:00.540-0400] {processor.py:186} INFO - Started process (PID=50403) to work on /Users/karenwang/anaconda3/envs/airflow_sqlite_env/lib/python3.9/site-packages/airflow/example_dags/example_branch_operator.py
[2024-10-12T02:42:00.542-0400] {processor.py:914} INFO - Processing file /Users/karenwang/anaconda3/envs/airflow_sqlite_env/lib/python3.9/site-packages/airflow/example_dags/example_branch_operator.py for tasks to queue
[2024-10-12T02:42:00.543-0400] {logging_mixin.py:190} INFO - [2024-10-12T02:42:00.543-0400] {dagbag.py:588} INFO - Filling up the DagBag from /Users/karenwang/anaconda3/envs/airflow_sqlite_env/lib/python3.9/site-packages/airflow/example_dags/example_branch_operator.py
[2024-10-12T02:42:00.635-0400] {processor.py:925} INFO - DAG(s) 'example_branch_operator' retrieved from /Users/karenwang/anaconda3/envs/airflow_sqlite_env/lib/python3.9/site-packages/airflow/example_dags/example_branch_operator.py
[2024-10-12T02:42:00.932-0400] {logging_mixin.py:190} INFO - [2024-10-12T02:42:00.932-0400] {dag.py:3239} INFO - Sync 1 DAGs
[2024-10-12T02:42:00.962-0400] {logging_mixin.py:190} INFO - [2024-10-12T02:42:00.962-0400] {dag.py:4180} INFO - Setting next_dagrun for example_branch_operator to 2024-10-11 00:00:00+00:00, run_after=2024-10-12 00:00:00+00:00
[2024-10-12T02:42:00.984-0400] {processor.py:208} INFO - Processing /Users/karenwang/anaconda3/envs/airflow_sqlite_env/lib/python3.9/site-packages/airflow/example_dags/example_branch_operator.py took 0.449 seconds
[2024-10-12T02:48:48.189-0400] {processor.py:186} INFO - Started process (PID=52471) to work on /Users/karenwang/anaconda3/envs/airflow_sqlite_env/lib/python3.9/site-packages/airflow/example_dags/example_branch_operator.py
[2024-10-12T02:48:48.190-0400] {processor.py:914} INFO - Processing file /Users/karenwang/anaconda3/envs/airflow_sqlite_env/lib/python3.9/site-packages/airflow/example_dags/example_branch_operator.py for tasks to queue
[2024-10-12T02:48:48.192-0400] {logging_mixin.py:190} INFO - [2024-10-12T02:48:48.192-0400] {dagbag.py:588} INFO - Filling up the DagBag from /Users/karenwang/anaconda3/envs/airflow_sqlite_env/lib/python3.9/site-packages/airflow/example_dags/example_branch_operator.py
[2024-10-12T02:48:48.284-0400] {processor.py:925} INFO - DAG(s) 'example_branch_operator' retrieved from /Users/karenwang/anaconda3/envs/airflow_sqlite_env/lib/python3.9/site-packages/airflow/example_dags/example_branch_operator.py
[2024-10-12T02:48:48.598-0400] {logging_mixin.py:190} INFO - [2024-10-12T02:48:48.597-0400] {dag.py:3239} INFO - Sync 1 DAGs
[2024-10-12T02:48:48.632-0400] {logging_mixin.py:190} INFO - [2024-10-12T02:48:48.631-0400] {dag.py:4180} INFO - Setting next_dagrun for example_branch_operator to 2024-10-11 00:00:00+00:00, run_after=2024-10-12 00:00:00+00:00
[2024-10-12T02:48:48.659-0400] {processor.py:208} INFO - Processing /Users/karenwang/anaconda3/envs/airflow_sqlite_env/lib/python3.9/site-packages/airflow/example_dags/example_branch_operator.py took 0.475 seconds
[2024-10-12T03:26:11.452-0400] {processor.py:186} INFO - Started process (PID=54797) to work on /Users/karenwang/anaconda3/envs/airflow_sqlite_env/lib/python3.9/site-packages/airflow/example_dags/example_branch_operator.py
[2024-10-12T03:26:11.457-0400] {processor.py:914} INFO - Processing file /Users/karenwang/anaconda3/envs/airflow_sqlite_env/lib/python3.9/site-packages/airflow/example_dags/example_branch_operator.py for tasks to queue
[2024-10-12T03:26:11.459-0400] {logging_mixin.py:190} INFO - [2024-10-12T03:26:11.458-0400] {dagbag.py:588} INFO - Filling up the DagBag from /Users/karenwang/anaconda3/envs/airflow_sqlite_env/lib/python3.9/site-packages/airflow/example_dags/example_branch_operator.py
[2024-10-12T03:26:11.671-0400] {processor.py:925} INFO - DAG(s) 'example_branch_operator' retrieved from /Users/karenwang/anaconda3/envs/airflow_sqlite_env/lib/python3.9/site-packages/airflow/example_dags/example_branch_operator.py
[2024-10-12T03:26:12.252-0400] {logging_mixin.py:190} INFO - [2024-10-12T03:26:12.252-0400] {dag.py:3239} INFO - Sync 1 DAGs
[2024-10-12T03:26:12.291-0400] {logging_mixin.py:190} INFO - [2024-10-12T03:26:12.290-0400] {dag.py:4180} INFO - Setting next_dagrun for example_branch_operator to 2024-10-11 00:00:00+00:00, run_after=2024-10-12 00:00:00+00:00
[2024-10-12T03:26:12.324-0400] {processor.py:208} INFO - Processing /Users/karenwang/anaconda3/envs/airflow_sqlite_env/lib/python3.9/site-packages/airflow/example_dags/example_branch_operator.py took 0.914 seconds
[2024-10-12T13:39:49.686-0400] {processor.py:186} INFO - Started process (PID=73989) to work on /Users/karenwang/anaconda3/envs/airflow_sqlite_env/lib/python3.9/site-packages/airflow/example_dags/example_branch_operator.py
[2024-10-12T13:39:49.688-0400] {processor.py:914} INFO - Processing file /Users/karenwang/anaconda3/envs/airflow_sqlite_env/lib/python3.9/site-packages/airflow/example_dags/example_branch_operator.py for tasks to queue
[2024-10-12T13:39:49.689-0400] {logging_mixin.py:190} INFO - [2024-10-12T13:39:49.689-0400] {dagbag.py:588} INFO - Filling up the DagBag from /Users/karenwang/anaconda3/envs/airflow_sqlite_env/lib/python3.9/site-packages/airflow/example_dags/example_branch_operator.py
[2024-10-12T13:39:49.779-0400] {processor.py:925} INFO - DAG(s) 'example_branch_operator' retrieved from /Users/karenwang/anaconda3/envs/airflow_sqlite_env/lib/python3.9/site-packages/airflow/example_dags/example_branch_operator.py
[2024-10-12T13:39:50.060-0400] {logging_mixin.py:190} INFO - [2024-10-12T13:39:50.060-0400] {dag.py:3239} INFO - Sync 1 DAGs
[2024-10-12T13:39:50.085-0400] {logging_mixin.py:190} INFO - [2024-10-12T13:39:50.085-0400] {dag.py:4180} INFO - Setting next_dagrun for example_branch_operator to 2024-10-11 00:00:00+00:00, run_after=2024-10-12 00:00:00+00:00
[2024-10-12T13:39:50.110-0400] {processor.py:208} INFO - Processing /Users/karenwang/anaconda3/envs/airflow_sqlite_env/lib/python3.9/site-packages/airflow/example_dags/example_branch_operator.py took 0.430 seconds
[2024-10-12T13:48:15.976-0400] {processor.py:186} INFO - Started process (PID=76637) to work on /Users/karenwang/anaconda3/envs/airflow_sqlite_env/lib/python3.9/site-packages/airflow/example_dags/example_branch_operator.py
[2024-10-12T13:48:15.978-0400] {processor.py:914} INFO - Processing file /Users/karenwang/anaconda3/envs/airflow_sqlite_env/lib/python3.9/site-packages/airflow/example_dags/example_branch_operator.py for tasks to queue
[2024-10-12T13:48:15.979-0400] {logging_mixin.py:190} INFO - [2024-10-12T13:48:15.978-0400] {dagbag.py:588} INFO - Filling up the DagBag from /Users/karenwang/anaconda3/envs/airflow_sqlite_env/lib/python3.9/site-packages/airflow/example_dags/example_branch_operator.py
[2024-10-12T13:48:16.078-0400] {processor.py:925} INFO - DAG(s) 'example_branch_operator' retrieved from /Users/karenwang/anaconda3/envs/airflow_sqlite_env/lib/python3.9/site-packages/airflow/example_dags/example_branch_operator.py
[2024-10-12T13:48:16.370-0400] {logging_mixin.py:190} INFO - [2024-10-12T13:48:16.369-0400] {dag.py:3239} INFO - Sync 1 DAGs
[2024-10-12T13:48:16.395-0400] {logging_mixin.py:190} INFO - [2024-10-12T13:48:16.395-0400] {dag.py:4180} INFO - Setting next_dagrun for example_branch_operator to 2024-10-11 00:00:00+00:00, run_after=2024-10-12 00:00:00+00:00
[2024-10-12T13:48:16.420-0400] {processor.py:208} INFO - Processing /Users/karenwang/anaconda3/envs/airflow_sqlite_env/lib/python3.9/site-packages/airflow/example_dags/example_branch_operator.py took 0.450 seconds
[2024-10-12T13:55:15.125-0400] {processor.py:186} INFO - Started process (PID=78777) to work on /Users/karenwang/anaconda3/envs/airflow_sqlite_env/lib/python3.9/site-packages/airflow/example_dags/example_branch_operator.py
[2024-10-12T13:55:15.126-0400] {processor.py:914} INFO - Processing file /Users/karenwang/anaconda3/envs/airflow_sqlite_env/lib/python3.9/site-packages/airflow/example_dags/example_branch_operator.py for tasks to queue
[2024-10-12T13:55:15.127-0400] {logging_mixin.py:190} INFO - [2024-10-12T13:55:15.127-0400] {dagbag.py:588} INFO - Filling up the DagBag from /Users/karenwang/anaconda3/envs/airflow_sqlite_env/lib/python3.9/site-packages/airflow/example_dags/example_branch_operator.py
[2024-10-12T13:55:15.224-0400] {processor.py:925} INFO - DAG(s) 'example_branch_operator' retrieved from /Users/karenwang/anaconda3/envs/airflow_sqlite_env/lib/python3.9/site-packages/airflow/example_dags/example_branch_operator.py
[2024-10-12T13:55:15.503-0400] {logging_mixin.py:190} INFO - [2024-10-12T13:55:15.502-0400] {dag.py:3239} INFO - Sync 1 DAGs
[2024-10-12T13:55:15.524-0400] {logging_mixin.py:190} INFO - [2024-10-12T13:55:15.524-0400] {dag.py:4180} INFO - Setting next_dagrun for example_branch_operator to 2024-10-11 00:00:00+00:00, run_after=2024-10-12 00:00:00+00:00
[2024-10-12T13:55:15.545-0400] {processor.py:208} INFO - Processing /Users/karenwang/anaconda3/envs/airflow_sqlite_env/lib/python3.9/site-packages/airflow/example_dags/example_branch_operator.py took 0.426 seconds
[2024-10-12T14:02:21.892-0400] {processor.py:186} INFO - Started process (PID=80939) to work on /Users/karenwang/anaconda3/envs/airflow_sqlite_env/lib/python3.9/site-packages/airflow/example_dags/example_branch_operator.py
[2024-10-12T14:02:21.893-0400] {processor.py:914} INFO - Processing file /Users/karenwang/anaconda3/envs/airflow_sqlite_env/lib/python3.9/site-packages/airflow/example_dags/example_branch_operator.py for tasks to queue
[2024-10-12T14:02:21.895-0400] {logging_mixin.py:190} INFO - [2024-10-12T14:02:21.894-0400] {dagbag.py:588} INFO - Filling up the DagBag from /Users/karenwang/anaconda3/envs/airflow_sqlite_env/lib/python3.9/site-packages/airflow/example_dags/example_branch_operator.py
[2024-10-12T14:02:21.982-0400] {processor.py:925} INFO - DAG(s) 'example_branch_operator' retrieved from /Users/karenwang/anaconda3/envs/airflow_sqlite_env/lib/python3.9/site-packages/airflow/example_dags/example_branch_operator.py
[2024-10-12T14:02:22.264-0400] {logging_mixin.py:190} INFO - [2024-10-12T14:02:22.264-0400] {dag.py:3239} INFO - Sync 1 DAGs
[2024-10-12T14:02:22.291-0400] {logging_mixin.py:190} INFO - [2024-10-12T14:02:22.291-0400] {dag.py:4180} INFO - Setting next_dagrun for example_branch_operator to 2024-10-11 00:00:00+00:00, run_after=2024-10-12 00:00:00+00:00
[2024-10-12T14:02:22.314-0400] {processor.py:208} INFO - Processing /Users/karenwang/anaconda3/envs/airflow_sqlite_env/lib/python3.9/site-packages/airflow/example_dags/example_branch_operator.py took 0.428 seconds
[2024-10-12T14:09:21.296-0400] {processor.py:186} INFO - Started process (PID=83065) to work on /Users/karenwang/anaconda3/envs/airflow_sqlite_env/lib/python3.9/site-packages/airflow/example_dags/example_branch_operator.py
[2024-10-12T14:09:21.298-0400] {processor.py:914} INFO - Processing file /Users/karenwang/anaconda3/envs/airflow_sqlite_env/lib/python3.9/site-packages/airflow/example_dags/example_branch_operator.py for tasks to queue
[2024-10-12T14:09:21.299-0400] {logging_mixin.py:190} INFO - [2024-10-12T14:09:21.299-0400] {dagbag.py:588} INFO - Filling up the DagBag from /Users/karenwang/anaconda3/envs/airflow_sqlite_env/lib/python3.9/site-packages/airflow/example_dags/example_branch_operator.py
[2024-10-12T14:09:21.394-0400] {processor.py:925} INFO - DAG(s) 'example_branch_operator' retrieved from /Users/karenwang/anaconda3/envs/airflow_sqlite_env/lib/python3.9/site-packages/airflow/example_dags/example_branch_operator.py
[2024-10-12T14:09:21.686-0400] {logging_mixin.py:190} INFO - [2024-10-12T14:09:21.685-0400] {dag.py:3239} INFO - Sync 1 DAGs
[2024-10-12T14:09:21.710-0400] {logging_mixin.py:190} INFO - [2024-10-12T14:09:21.710-0400] {dag.py:4180} INFO - Setting next_dagrun for example_branch_operator to 2024-10-11 00:00:00+00:00, run_after=2024-10-12 00:00:00+00:00
[2024-10-12T14:09:21.734-0400] {processor.py:208} INFO - Processing /Users/karenwang/anaconda3/envs/airflow_sqlite_env/lib/python3.9/site-packages/airflow/example_dags/example_branch_operator.py took 0.444 seconds
[2024-10-12T14:16:30.329-0400] {processor.py:186} INFO - Started process (PID=85227) to work on /Users/karenwang/anaconda3/envs/airflow_sqlite_env/lib/python3.9/site-packages/airflow/example_dags/example_branch_operator.py
[2024-10-12T14:16:30.331-0400] {processor.py:914} INFO - Processing file /Users/karenwang/anaconda3/envs/airflow_sqlite_env/lib/python3.9/site-packages/airflow/example_dags/example_branch_operator.py for tasks to queue
[2024-10-12T14:16:30.332-0400] {logging_mixin.py:190} INFO - [2024-10-12T14:16:30.332-0400] {dagbag.py:588} INFO - Filling up the DagBag from /Users/karenwang/anaconda3/envs/airflow_sqlite_env/lib/python3.9/site-packages/airflow/example_dags/example_branch_operator.py
[2024-10-12T14:16:30.422-0400] {processor.py:925} INFO - DAG(s) 'example_branch_operator' retrieved from /Users/karenwang/anaconda3/envs/airflow_sqlite_env/lib/python3.9/site-packages/airflow/example_dags/example_branch_operator.py
[2024-10-12T14:16:30.709-0400] {logging_mixin.py:190} INFO - [2024-10-12T14:16:30.709-0400] {dag.py:3239} INFO - Sync 1 DAGs
[2024-10-12T14:16:30.743-0400] {logging_mixin.py:190} INFO - [2024-10-12T14:16:30.742-0400] {dag.py:4180} INFO - Setting next_dagrun for example_branch_operator to 2024-10-11 00:00:00+00:00, run_after=2024-10-12 00:00:00+00:00
[2024-10-12T14:16:30.769-0400] {processor.py:208} INFO - Processing /Users/karenwang/anaconda3/envs/airflow_sqlite_env/lib/python3.9/site-packages/airflow/example_dags/example_branch_operator.py took 0.446 seconds
[2024-10-12T14:23:25.793-0400] {processor.py:186} INFO - Started process (PID=87363) to work on /Users/karenwang/anaconda3/envs/airflow_sqlite_env/lib/python3.9/site-packages/airflow/example_dags/example_branch_operator.py
[2024-10-12T14:23:25.794-0400] {processor.py:914} INFO - Processing file /Users/karenwang/anaconda3/envs/airflow_sqlite_env/lib/python3.9/site-packages/airflow/example_dags/example_branch_operator.py for tasks to queue
[2024-10-12T14:23:25.796-0400] {logging_mixin.py:190} INFO - [2024-10-12T14:23:25.795-0400] {dagbag.py:588} INFO - Filling up the DagBag from /Users/karenwang/anaconda3/envs/airflow_sqlite_env/lib/python3.9/site-packages/airflow/example_dags/example_branch_operator.py
[2024-10-12T14:23:25.885-0400] {processor.py:925} INFO - DAG(s) 'example_branch_operator' retrieved from /Users/karenwang/anaconda3/envs/airflow_sqlite_env/lib/python3.9/site-packages/airflow/example_dags/example_branch_operator.py
[2024-10-12T14:23:26.186-0400] {logging_mixin.py:190} INFO - [2024-10-12T14:23:26.185-0400] {dag.py:3239} INFO - Sync 1 DAGs
[2024-10-12T14:23:26.219-0400] {logging_mixin.py:190} INFO - [2024-10-12T14:23:26.219-0400] {dag.py:4180} INFO - Setting next_dagrun for example_branch_operator to 2024-10-11 00:00:00+00:00, run_after=2024-10-12 00:00:00+00:00
[2024-10-12T14:23:26.242-0400] {processor.py:208} INFO - Processing /Users/karenwang/anaconda3/envs/airflow_sqlite_env/lib/python3.9/site-packages/airflow/example_dags/example_branch_operator.py took 0.456 seconds
[2024-10-12T14:30:32.877-0400] {processor.py:186} INFO - Started process (PID=89511) to work on /Users/karenwang/anaconda3/envs/airflow_sqlite_env/lib/python3.9/site-packages/airflow/example_dags/example_branch_operator.py
[2024-10-12T14:30:32.879-0400] {processor.py:914} INFO - Processing file /Users/karenwang/anaconda3/envs/airflow_sqlite_env/lib/python3.9/site-packages/airflow/example_dags/example_branch_operator.py for tasks to queue
[2024-10-12T14:30:32.881-0400] {logging_mixin.py:190} INFO - [2024-10-12T14:30:32.880-0400] {dagbag.py:588} INFO - Filling up the DagBag from /Users/karenwang/anaconda3/envs/airflow_sqlite_env/lib/python3.9/site-packages/airflow/example_dags/example_branch_operator.py
[2024-10-12T14:30:32.972-0400] {processor.py:925} INFO - DAG(s) 'example_branch_operator' retrieved from /Users/karenwang/anaconda3/envs/airflow_sqlite_env/lib/python3.9/site-packages/airflow/example_dags/example_branch_operator.py
[2024-10-12T14:30:33.282-0400] {logging_mixin.py:190} INFO - [2024-10-12T14:30:33.281-0400] {dag.py:3239} INFO - Sync 1 DAGs
[2024-10-12T14:30:33.309-0400] {logging_mixin.py:190} INFO - [2024-10-12T14:30:33.309-0400] {dag.py:4180} INFO - Setting next_dagrun for example_branch_operator to 2024-10-11 00:00:00+00:00, run_after=2024-10-12 00:00:00+00:00
[2024-10-12T14:30:33.337-0400] {processor.py:208} INFO - Processing /Users/karenwang/anaconda3/envs/airflow_sqlite_env/lib/python3.9/site-packages/airflow/example_dags/example_branch_operator.py took 0.465 seconds
[2024-10-12T14:37:28.830-0400] {processor.py:186} INFO - Started process (PID=91619) to work on /Users/karenwang/anaconda3/envs/airflow_sqlite_env/lib/python3.9/site-packages/airflow/example_dags/example_branch_operator.py
[2024-10-12T14:37:28.831-0400] {processor.py:914} INFO - Processing file /Users/karenwang/anaconda3/envs/airflow_sqlite_env/lib/python3.9/site-packages/airflow/example_dags/example_branch_operator.py for tasks to queue
[2024-10-12T14:37:28.832-0400] {logging_mixin.py:190} INFO - [2024-10-12T14:37:28.832-0400] {dagbag.py:588} INFO - Filling up the DagBag from /Users/karenwang/anaconda3/envs/airflow_sqlite_env/lib/python3.9/site-packages/airflow/example_dags/example_branch_operator.py
[2024-10-12T14:37:28.922-0400] {processor.py:925} INFO - DAG(s) 'example_branch_operator' retrieved from /Users/karenwang/anaconda3/envs/airflow_sqlite_env/lib/python3.9/site-packages/airflow/example_dags/example_branch_operator.py
[2024-10-12T14:37:29.201-0400] {logging_mixin.py:190} INFO - [2024-10-12T14:37:29.200-0400] {dag.py:3239} INFO - Sync 1 DAGs
[2024-10-12T14:37:29.228-0400] {logging_mixin.py:190} INFO - [2024-10-12T14:37:29.228-0400] {dag.py:4180} INFO - Setting next_dagrun for example_branch_operator to 2024-10-11 00:00:00+00:00, run_after=2024-10-12 00:00:00+00:00
[2024-10-12T14:37:29.252-0400] {processor.py:208} INFO - Processing /Users/karenwang/anaconda3/envs/airflow_sqlite_env/lib/python3.9/site-packages/airflow/example_dags/example_branch_operator.py took 0.427 seconds
[2024-10-12T14:44:26.351-0400] {processor.py:186} INFO - Started process (PID=93770) to work on /Users/karenwang/anaconda3/envs/airflow_sqlite_env/lib/python3.9/site-packages/airflow/example_dags/example_branch_operator.py
[2024-10-12T14:44:26.353-0400] {processor.py:914} INFO - Processing file /Users/karenwang/anaconda3/envs/airflow_sqlite_env/lib/python3.9/site-packages/airflow/example_dags/example_branch_operator.py for tasks to queue
[2024-10-12T14:44:26.354-0400] {logging_mixin.py:190} INFO - [2024-10-12T14:44:26.354-0400] {dagbag.py:588} INFO - Filling up the DagBag from /Users/karenwang/anaconda3/envs/airflow_sqlite_env/lib/python3.9/site-packages/airflow/example_dags/example_branch_operator.py
[2024-10-12T14:44:26.442-0400] {processor.py:925} INFO - DAG(s) 'example_branch_operator' retrieved from /Users/karenwang/anaconda3/envs/airflow_sqlite_env/lib/python3.9/site-packages/airflow/example_dags/example_branch_operator.py
[2024-10-12T14:44:26.742-0400] {logging_mixin.py:190} INFO - [2024-10-12T14:44:26.742-0400] {dag.py:3239} INFO - Sync 1 DAGs
[2024-10-12T14:44:26.765-0400] {logging_mixin.py:190} INFO - [2024-10-12T14:44:26.765-0400] {dag.py:4180} INFO - Setting next_dagrun for example_branch_operator to 2024-10-11 00:00:00+00:00, run_after=2024-10-12 00:00:00+00:00
[2024-10-12T14:44:26.787-0400] {processor.py:208} INFO - Processing /Users/karenwang/anaconda3/envs/airflow_sqlite_env/lib/python3.9/site-packages/airflow/example_dags/example_branch_operator.py took 0.441 seconds
[2024-10-12T14:51:34.999-0400] {processor.py:186} INFO - Started process (PID=95962) to work on /Users/karenwang/anaconda3/envs/airflow_sqlite_env/lib/python3.9/site-packages/airflow/example_dags/example_branch_operator.py
[2024-10-12T14:51:35.001-0400] {processor.py:914} INFO - Processing file /Users/karenwang/anaconda3/envs/airflow_sqlite_env/lib/python3.9/site-packages/airflow/example_dags/example_branch_operator.py for tasks to queue
[2024-10-12T14:51:35.002-0400] {logging_mixin.py:190} INFO - [2024-10-12T14:51:35.002-0400] {dagbag.py:588} INFO - Filling up the DagBag from /Users/karenwang/anaconda3/envs/airflow_sqlite_env/lib/python3.9/site-packages/airflow/example_dags/example_branch_operator.py
[2024-10-12T14:51:35.097-0400] {processor.py:925} INFO - DAG(s) 'example_branch_operator' retrieved from /Users/karenwang/anaconda3/envs/airflow_sqlite_env/lib/python3.9/site-packages/airflow/example_dags/example_branch_operator.py
[2024-10-12T14:51:35.381-0400] {logging_mixin.py:190} INFO - [2024-10-12T14:51:35.380-0400] {dag.py:3239} INFO - Sync 1 DAGs
[2024-10-12T14:51:35.405-0400] {logging_mixin.py:190} INFO - [2024-10-12T14:51:35.405-0400] {dag.py:4180} INFO - Setting next_dagrun for example_branch_operator to 2024-10-11 00:00:00+00:00, run_after=2024-10-12 00:00:00+00:00
[2024-10-12T14:51:35.426-0400] {processor.py:208} INFO - Processing /Users/karenwang/anaconda3/envs/airflow_sqlite_env/lib/python3.9/site-packages/airflow/example_dags/example_branch_operator.py took 0.433 seconds
[2024-10-12T14:58:31.221-0400] {processor.py:186} INFO - Started process (PID=98067) to work on /Users/karenwang/anaconda3/envs/airflow_sqlite_env/lib/python3.9/site-packages/airflow/example_dags/example_branch_operator.py
[2024-10-12T14:58:31.222-0400] {processor.py:914} INFO - Processing file /Users/karenwang/anaconda3/envs/airflow_sqlite_env/lib/python3.9/site-packages/airflow/example_dags/example_branch_operator.py for tasks to queue
[2024-10-12T14:58:31.223-0400] {logging_mixin.py:190} INFO - [2024-10-12T14:58:31.223-0400] {dagbag.py:588} INFO - Filling up the DagBag from /Users/karenwang/anaconda3/envs/airflow_sqlite_env/lib/python3.9/site-packages/airflow/example_dags/example_branch_operator.py
[2024-10-12T14:58:31.315-0400] {processor.py:925} INFO - DAG(s) 'example_branch_operator' retrieved from /Users/karenwang/anaconda3/envs/airflow_sqlite_env/lib/python3.9/site-packages/airflow/example_dags/example_branch_operator.py
[2024-10-12T14:58:31.599-0400] {logging_mixin.py:190} INFO - [2024-10-12T14:58:31.598-0400] {dag.py:3239} INFO - Sync 1 DAGs
[2024-10-12T14:58:31.627-0400] {logging_mixin.py:190} INFO - [2024-10-12T14:58:31.627-0400] {dag.py:4180} INFO - Setting next_dagrun for example_branch_operator to 2024-10-11 00:00:00+00:00, run_after=2024-10-12 00:00:00+00:00
[2024-10-12T14:58:31.651-0400] {processor.py:208} INFO - Processing /Users/karenwang/anaconda3/envs/airflow_sqlite_env/lib/python3.9/site-packages/airflow/example_dags/example_branch_operator.py took 0.436 seconds
[2024-10-12T15:05:39.353-0400] {processor.py:186} INFO - Started process (PID=770) to work on /Users/karenwang/anaconda3/envs/airflow_sqlite_env/lib/python3.9/site-packages/airflow/example_dags/example_branch_operator.py
[2024-10-12T15:05:39.354-0400] {processor.py:914} INFO - Processing file /Users/karenwang/anaconda3/envs/airflow_sqlite_env/lib/python3.9/site-packages/airflow/example_dags/example_branch_operator.py for tasks to queue
[2024-10-12T15:05:39.355-0400] {logging_mixin.py:190} INFO - [2024-10-12T15:05:39.355-0400] {dagbag.py:588} INFO - Filling up the DagBag from /Users/karenwang/anaconda3/envs/airflow_sqlite_env/lib/python3.9/site-packages/airflow/example_dags/example_branch_operator.py
[2024-10-12T15:05:39.442-0400] {processor.py:925} INFO - DAG(s) 'example_branch_operator' retrieved from /Users/karenwang/anaconda3/envs/airflow_sqlite_env/lib/python3.9/site-packages/airflow/example_dags/example_branch_operator.py
[2024-10-12T15:05:39.722-0400] {logging_mixin.py:190} INFO - [2024-10-12T15:05:39.722-0400] {dag.py:3239} INFO - Sync 1 DAGs
[2024-10-12T15:05:39.749-0400] {logging_mixin.py:190} INFO - [2024-10-12T15:05:39.748-0400] {dag.py:4180} INFO - Setting next_dagrun for example_branch_operator to 2024-10-11 00:00:00+00:00, run_after=2024-10-12 00:00:00+00:00
[2024-10-12T15:05:39.773-0400] {processor.py:208} INFO - Processing /Users/karenwang/anaconda3/envs/airflow_sqlite_env/lib/python3.9/site-packages/airflow/example_dags/example_branch_operator.py took 0.427 seconds
[2024-10-12T15:12:36.915-0400] {processor.py:186} INFO - Started process (PID=3087) to work on /Users/karenwang/anaconda3/envs/airflow_sqlite_env/lib/python3.9/site-packages/airflow/example_dags/example_branch_operator.py
[2024-10-12T15:12:36.916-0400] {processor.py:914} INFO - Processing file /Users/karenwang/anaconda3/envs/airflow_sqlite_env/lib/python3.9/site-packages/airflow/example_dags/example_branch_operator.py for tasks to queue
[2024-10-12T15:12:36.918-0400] {logging_mixin.py:190} INFO - [2024-10-12T15:12:36.918-0400] {dagbag.py:588} INFO - Filling up the DagBag from /Users/karenwang/anaconda3/envs/airflow_sqlite_env/lib/python3.9/site-packages/airflow/example_dags/example_branch_operator.py
[2024-10-12T15:12:37.008-0400] {processor.py:925} INFO - DAG(s) 'example_branch_operator' retrieved from /Users/karenwang/anaconda3/envs/airflow_sqlite_env/lib/python3.9/site-packages/airflow/example_dags/example_branch_operator.py
[2024-10-12T15:12:37.300-0400] {logging_mixin.py:190} INFO - [2024-10-12T15:12:37.299-0400] {dag.py:3239} INFO - Sync 1 DAGs
[2024-10-12T15:12:37.326-0400] {logging_mixin.py:190} INFO - [2024-10-12T15:12:37.326-0400] {dag.py:4180} INFO - Setting next_dagrun for example_branch_operator to 2024-10-11 00:00:00+00:00, run_after=2024-10-12 00:00:00+00:00
[2024-10-12T15:12:37.351-0400] {processor.py:208} INFO - Processing /Users/karenwang/anaconda3/envs/airflow_sqlite_env/lib/python3.9/site-packages/airflow/example_dags/example_branch_operator.py took 0.442 seconds
[2024-10-12T15:19:41.896-0400] {processor.py:186} INFO - Started process (PID=5238) to work on /Users/karenwang/anaconda3/envs/airflow_sqlite_env/lib/python3.9/site-packages/airflow/example_dags/example_branch_operator.py
[2024-10-12T15:19:41.898-0400] {processor.py:914} INFO - Processing file /Users/karenwang/anaconda3/envs/airflow_sqlite_env/lib/python3.9/site-packages/airflow/example_dags/example_branch_operator.py for tasks to queue
[2024-10-12T15:19:41.899-0400] {logging_mixin.py:190} INFO - [2024-10-12T15:19:41.899-0400] {dagbag.py:588} INFO - Filling up the DagBag from /Users/karenwang/anaconda3/envs/airflow_sqlite_env/lib/python3.9/site-packages/airflow/example_dags/example_branch_operator.py
[2024-10-12T15:19:41.988-0400] {processor.py:925} INFO - DAG(s) 'example_branch_operator' retrieved from /Users/karenwang/anaconda3/envs/airflow_sqlite_env/lib/python3.9/site-packages/airflow/example_dags/example_branch_operator.py
[2024-10-12T15:19:42.259-0400] {logging_mixin.py:190} INFO - [2024-10-12T15:19:42.258-0400] {dag.py:3239} INFO - Sync 1 DAGs
[2024-10-12T15:19:42.283-0400] {logging_mixin.py:190} INFO - [2024-10-12T15:19:42.283-0400] {dag.py:4180} INFO - Setting next_dagrun for example_branch_operator to 2024-10-11 00:00:00+00:00, run_after=2024-10-12 00:00:00+00:00
[2024-10-12T15:19:42.308-0400] {processor.py:208} INFO - Processing /Users/karenwang/anaconda3/envs/airflow_sqlite_env/lib/python3.9/site-packages/airflow/example_dags/example_branch_operator.py took 0.417 seconds
[2024-10-12T15:26:39.220-0400] {processor.py:186} INFO - Started process (PID=7356) to work on /Users/karenwang/anaconda3/envs/airflow_sqlite_env/lib/python3.9/site-packages/airflow/example_dags/example_branch_operator.py
[2024-10-12T15:26:39.222-0400] {processor.py:914} INFO - Processing file /Users/karenwang/anaconda3/envs/airflow_sqlite_env/lib/python3.9/site-packages/airflow/example_dags/example_branch_operator.py for tasks to queue
[2024-10-12T15:26:39.223-0400] {logging_mixin.py:190} INFO - [2024-10-12T15:26:39.222-0400] {dagbag.py:588} INFO - Filling up the DagBag from /Users/karenwang/anaconda3/envs/airflow_sqlite_env/lib/python3.9/site-packages/airflow/example_dags/example_branch_operator.py
[2024-10-12T15:26:39.310-0400] {processor.py:925} INFO - DAG(s) 'example_branch_operator' retrieved from /Users/karenwang/anaconda3/envs/airflow_sqlite_env/lib/python3.9/site-packages/airflow/example_dags/example_branch_operator.py
[2024-10-12T15:26:39.589-0400] {logging_mixin.py:190} INFO - [2024-10-12T15:26:39.589-0400] {dag.py:3239} INFO - Sync 1 DAGs
[2024-10-12T15:26:39.613-0400] {logging_mixin.py:190} INFO - [2024-10-12T15:26:39.613-0400] {dag.py:4180} INFO - Setting next_dagrun for example_branch_operator to 2024-10-11 00:00:00+00:00, run_after=2024-10-12 00:00:00+00:00
[2024-10-12T15:26:39.638-0400] {processor.py:208} INFO - Processing /Users/karenwang/anaconda3/envs/airflow_sqlite_env/lib/python3.9/site-packages/airflow/example_dags/example_branch_operator.py took 0.424 seconds
[2024-10-12T15:33:54.726-0400] {processor.py:186} INFO - Started process (PID=9591) to work on /Users/karenwang/anaconda3/envs/airflow_sqlite_env/lib/python3.9/site-packages/airflow/example_dags/example_branch_operator.py
[2024-10-12T15:33:54.727-0400] {processor.py:914} INFO - Processing file /Users/karenwang/anaconda3/envs/airflow_sqlite_env/lib/python3.9/site-packages/airflow/example_dags/example_branch_operator.py for tasks to queue
[2024-10-12T15:33:54.728-0400] {logging_mixin.py:190} INFO - [2024-10-12T15:33:54.728-0400] {dagbag.py:588} INFO - Filling up the DagBag from /Users/karenwang/anaconda3/envs/airflow_sqlite_env/lib/python3.9/site-packages/airflow/example_dags/example_branch_operator.py
[2024-10-12T15:33:54.816-0400] {processor.py:925} INFO - DAG(s) 'example_branch_operator' retrieved from /Users/karenwang/anaconda3/envs/airflow_sqlite_env/lib/python3.9/site-packages/airflow/example_dags/example_branch_operator.py
[2024-10-12T15:33:55.114-0400] {logging_mixin.py:190} INFO - [2024-10-12T15:33:55.113-0400] {dag.py:3239} INFO - Sync 1 DAGs
[2024-10-12T15:33:55.140-0400] {logging_mixin.py:190} INFO - [2024-10-12T15:33:55.140-0400] {dag.py:4180} INFO - Setting next_dagrun for example_branch_operator to 2024-10-11 00:00:00+00:00, run_after=2024-10-12 00:00:00+00:00
[2024-10-12T15:33:55.164-0400] {processor.py:208} INFO - Processing /Users/karenwang/anaconda3/envs/airflow_sqlite_env/lib/python3.9/site-packages/airflow/example_dags/example_branch_operator.py took 0.445 seconds
[2024-10-12T15:40:50.922-0400] {processor.py:186} INFO - Started process (PID=11706) to work on /Users/karenwang/anaconda3/envs/airflow_sqlite_env/lib/python3.9/site-packages/airflow/example_dags/example_branch_operator.py
[2024-10-12T15:40:50.924-0400] {processor.py:914} INFO - Processing file /Users/karenwang/anaconda3/envs/airflow_sqlite_env/lib/python3.9/site-packages/airflow/example_dags/example_branch_operator.py for tasks to queue
[2024-10-12T15:40:50.926-0400] {logging_mixin.py:190} INFO - [2024-10-12T15:40:50.925-0400] {dagbag.py:588} INFO - Filling up the DagBag from /Users/karenwang/anaconda3/envs/airflow_sqlite_env/lib/python3.9/site-packages/airflow/example_dags/example_branch_operator.py
[2024-10-12T15:40:51.019-0400] {processor.py:925} INFO - DAG(s) 'example_branch_operator' retrieved from /Users/karenwang/anaconda3/envs/airflow_sqlite_env/lib/python3.9/site-packages/airflow/example_dags/example_branch_operator.py
[2024-10-12T15:40:51.293-0400] {logging_mixin.py:190} INFO - [2024-10-12T15:40:51.292-0400] {dag.py:3239} INFO - Sync 1 DAGs
[2024-10-12T15:40:51.322-0400] {logging_mixin.py:190} INFO - [2024-10-12T15:40:51.322-0400] {dag.py:4180} INFO - Setting next_dagrun for example_branch_operator to 2024-10-11 00:00:00+00:00, run_after=2024-10-12 00:00:00+00:00
[2024-10-12T15:40:51.347-0400] {processor.py:208} INFO - Processing /Users/karenwang/anaconda3/envs/airflow_sqlite_env/lib/python3.9/site-packages/airflow/example_dags/example_branch_operator.py took 0.431 seconds
[2024-10-12T15:47:58.781-0400] {processor.py:186} INFO - Started process (PID=13898) to work on /Users/karenwang/anaconda3/envs/airflow_sqlite_env/lib/python3.9/site-packages/airflow/example_dags/example_branch_operator.py
[2024-10-12T15:47:58.783-0400] {processor.py:914} INFO - Processing file /Users/karenwang/anaconda3/envs/airflow_sqlite_env/lib/python3.9/site-packages/airflow/example_dags/example_branch_operator.py for tasks to queue
[2024-10-12T15:47:58.784-0400] {logging_mixin.py:190} INFO - [2024-10-12T15:47:58.784-0400] {dagbag.py:588} INFO - Filling up the DagBag from /Users/karenwang/anaconda3/envs/airflow_sqlite_env/lib/python3.9/site-packages/airflow/example_dags/example_branch_operator.py
[2024-10-12T15:47:58.882-0400] {processor.py:925} INFO - DAG(s) 'example_branch_operator' retrieved from /Users/karenwang/anaconda3/envs/airflow_sqlite_env/lib/python3.9/site-packages/airflow/example_dags/example_branch_operator.py
[2024-10-12T15:47:59.152-0400] {logging_mixin.py:190} INFO - [2024-10-12T15:47:59.152-0400] {dag.py:3239} INFO - Sync 1 DAGs
[2024-10-12T15:47:59.182-0400] {logging_mixin.py:190} INFO - [2024-10-12T15:47:59.181-0400] {dag.py:4180} INFO - Setting next_dagrun for example_branch_operator to 2024-10-11 00:00:00+00:00, run_after=2024-10-12 00:00:00+00:00
[2024-10-12T15:47:59.206-0400] {processor.py:208} INFO - Processing /Users/karenwang/anaconda3/envs/airflow_sqlite_env/lib/python3.9/site-packages/airflow/example_dags/example_branch_operator.py took 0.430 seconds
[2024-10-12T15:54:53.628-0400] {processor.py:186} INFO - Started process (PID=15988) to work on /Users/karenwang/anaconda3/envs/airflow_sqlite_env/lib/python3.9/site-packages/airflow/example_dags/example_branch_operator.py
[2024-10-12T15:54:53.630-0400] {processor.py:914} INFO - Processing file /Users/karenwang/anaconda3/envs/airflow_sqlite_env/lib/python3.9/site-packages/airflow/example_dags/example_branch_operator.py for tasks to queue
[2024-10-12T15:54:53.631-0400] {logging_mixin.py:190} INFO - [2024-10-12T15:54:53.631-0400] {dagbag.py:588} INFO - Filling up the DagBag from /Users/karenwang/anaconda3/envs/airflow_sqlite_env/lib/python3.9/site-packages/airflow/example_dags/example_branch_operator.py
[2024-10-12T15:54:53.720-0400] {processor.py:925} INFO - DAG(s) 'example_branch_operator' retrieved from /Users/karenwang/anaconda3/envs/airflow_sqlite_env/lib/python3.9/site-packages/airflow/example_dags/example_branch_operator.py
[2024-10-12T15:54:53.999-0400] {logging_mixin.py:190} INFO - [2024-10-12T15:54:53.999-0400] {dag.py:3239} INFO - Sync 1 DAGs
[2024-10-12T15:54:54.023-0400] {logging_mixin.py:190} INFO - [2024-10-12T15:54:54.023-0400] {dag.py:4180} INFO - Setting next_dagrun for example_branch_operator to 2024-10-11 00:00:00+00:00, run_after=2024-10-12 00:00:00+00:00
[2024-10-12T15:54:54.047-0400] {processor.py:208} INFO - Processing /Users/karenwang/anaconda3/envs/airflow_sqlite_env/lib/python3.9/site-packages/airflow/example_dags/example_branch_operator.py took 0.424 seconds
[2024-10-12T16:02:03.998-0400] {processor.py:186} INFO - Started process (PID=18181) to work on /Users/karenwang/anaconda3/envs/airflow_sqlite_env/lib/python3.9/site-packages/airflow/example_dags/example_branch_operator.py
[2024-10-12T16:02:04.000-0400] {processor.py:914} INFO - Processing file /Users/karenwang/anaconda3/envs/airflow_sqlite_env/lib/python3.9/site-packages/airflow/example_dags/example_branch_operator.py for tasks to queue
[2024-10-12T16:02:04.001-0400] {logging_mixin.py:190} INFO - [2024-10-12T16:02:04.001-0400] {dagbag.py:588} INFO - Filling up the DagBag from /Users/karenwang/anaconda3/envs/airflow_sqlite_env/lib/python3.9/site-packages/airflow/example_dags/example_branch_operator.py
[2024-10-12T16:02:04.095-0400] {processor.py:925} INFO - DAG(s) 'example_branch_operator' retrieved from /Users/karenwang/anaconda3/envs/airflow_sqlite_env/lib/python3.9/site-packages/airflow/example_dags/example_branch_operator.py
[2024-10-12T16:02:04.352-0400] {logging_mixin.py:190} INFO - [2024-10-12T16:02:04.351-0400] {dag.py:3239} INFO - Sync 1 DAGs
[2024-10-12T16:02:04.379-0400] {logging_mixin.py:190} INFO - [2024-10-12T16:02:04.379-0400] {dag.py:4180} INFO - Setting next_dagrun for example_branch_operator to 2024-10-11 00:00:00+00:00, run_after=2024-10-12 00:00:00+00:00
[2024-10-12T16:02:04.402-0400] {processor.py:208} INFO - Processing /Users/karenwang/anaconda3/envs/airflow_sqlite_env/lib/python3.9/site-packages/airflow/example_dags/example_branch_operator.py took 0.409 seconds
[2024-10-12T16:09:01.138-0400] {processor.py:186} INFO - Started process (PID=20299) to work on /Users/karenwang/anaconda3/envs/airflow_sqlite_env/lib/python3.9/site-packages/airflow/example_dags/example_branch_operator.py
[2024-10-12T16:09:01.139-0400] {processor.py:914} INFO - Processing file /Users/karenwang/anaconda3/envs/airflow_sqlite_env/lib/python3.9/site-packages/airflow/example_dags/example_branch_operator.py for tasks to queue
[2024-10-12T16:09:01.141-0400] {logging_mixin.py:190} INFO - [2024-10-12T16:09:01.140-0400] {dagbag.py:588} INFO - Filling up the DagBag from /Users/karenwang/anaconda3/envs/airflow_sqlite_env/lib/python3.9/site-packages/airflow/example_dags/example_branch_operator.py
[2024-10-12T16:09:01.229-0400] {processor.py:925} INFO - DAG(s) 'example_branch_operator' retrieved from /Users/karenwang/anaconda3/envs/airflow_sqlite_env/lib/python3.9/site-packages/airflow/example_dags/example_branch_operator.py
[2024-10-12T16:09:01.509-0400] {logging_mixin.py:190} INFO - [2024-10-12T16:09:01.509-0400] {dag.py:3239} INFO - Sync 1 DAGs
[2024-10-12T16:09:01.532-0400] {logging_mixin.py:190} INFO - [2024-10-12T16:09:01.532-0400] {dag.py:4180} INFO - Setting next_dagrun for example_branch_operator to 2024-10-11 00:00:00+00:00, run_after=2024-10-12 00:00:00+00:00
[2024-10-12T16:09:01.555-0400] {processor.py:208} INFO - Processing /Users/karenwang/anaconda3/envs/airflow_sqlite_env/lib/python3.9/site-packages/airflow/example_dags/example_branch_operator.py took 0.423 seconds
[2024-10-12T16:16:10.830-0400] {processor.py:186} INFO - Started process (PID=22473) to work on /Users/karenwang/anaconda3/envs/airflow_sqlite_env/lib/python3.9/site-packages/airflow/example_dags/example_branch_operator.py
[2024-10-12T16:16:10.832-0400] {processor.py:914} INFO - Processing file /Users/karenwang/anaconda3/envs/airflow_sqlite_env/lib/python3.9/site-packages/airflow/example_dags/example_branch_operator.py for tasks to queue
[2024-10-12T16:16:10.834-0400] {logging_mixin.py:190} INFO - [2024-10-12T16:16:10.834-0400] {dagbag.py:588} INFO - Filling up the DagBag from /Users/karenwang/anaconda3/envs/airflow_sqlite_env/lib/python3.9/site-packages/airflow/example_dags/example_branch_operator.py
[2024-10-12T16:16:10.942-0400] {processor.py:925} INFO - DAG(s) 'example_branch_operator' retrieved from /Users/karenwang/anaconda3/envs/airflow_sqlite_env/lib/python3.9/site-packages/airflow/example_dags/example_branch_operator.py
[2024-10-12T16:16:11.232-0400] {logging_mixin.py:190} INFO - [2024-10-12T16:16:11.231-0400] {dag.py:3239} INFO - Sync 1 DAGs
[2024-10-12T16:16:11.258-0400] {logging_mixin.py:190} INFO - [2024-10-12T16:16:11.257-0400] {dag.py:4180} INFO - Setting next_dagrun for example_branch_operator to 2024-10-11 00:00:00+00:00, run_after=2024-10-12 00:00:00+00:00
[2024-10-12T16:16:11.282-0400] {processor.py:208} INFO - Processing /Users/karenwang/anaconda3/envs/airflow_sqlite_env/lib/python3.9/site-packages/airflow/example_dags/example_branch_operator.py took 0.460 seconds
[2024-10-12T16:23:08.034-0400] {processor.py:186} INFO - Started process (PID=24601) to work on /Users/karenwang/anaconda3/envs/airflow_sqlite_env/lib/python3.9/site-packages/airflow/example_dags/example_branch_operator.py
[2024-10-12T16:23:08.036-0400] {processor.py:914} INFO - Processing file /Users/karenwang/anaconda3/envs/airflow_sqlite_env/lib/python3.9/site-packages/airflow/example_dags/example_branch_operator.py for tasks to queue
[2024-10-12T16:23:08.037-0400] {logging_mixin.py:190} INFO - [2024-10-12T16:23:08.037-0400] {dagbag.py:588} INFO - Filling up the DagBag from /Users/karenwang/anaconda3/envs/airflow_sqlite_env/lib/python3.9/site-packages/airflow/example_dags/example_branch_operator.py
[2024-10-12T16:23:08.126-0400] {processor.py:925} INFO - DAG(s) 'example_branch_operator' retrieved from /Users/karenwang/anaconda3/envs/airflow_sqlite_env/lib/python3.9/site-packages/airflow/example_dags/example_branch_operator.py
[2024-10-12T16:23:08.406-0400] {logging_mixin.py:190} INFO - [2024-10-12T16:23:08.406-0400] {dag.py:3239} INFO - Sync 1 DAGs
[2024-10-12T16:23:08.436-0400] {logging_mixin.py:190} INFO - [2024-10-12T16:23:08.436-0400] {dag.py:4180} INFO - Setting next_dagrun for example_branch_operator to 2024-10-11 00:00:00+00:00, run_after=2024-10-12 00:00:00+00:00
[2024-10-12T16:23:08.457-0400] {processor.py:208} INFO - Processing /Users/karenwang/anaconda3/envs/airflow_sqlite_env/lib/python3.9/site-packages/airflow/example_dags/example_branch_operator.py took 0.429 seconds
[2024-10-12T16:30:11.164-0400] {processor.py:186} INFO - Started process (PID=26775) to work on /Users/karenwang/anaconda3/envs/airflow_sqlite_env/lib/python3.9/site-packages/airflow/example_dags/example_branch_operator.py
[2024-10-12T16:30:11.166-0400] {processor.py:914} INFO - Processing file /Users/karenwang/anaconda3/envs/airflow_sqlite_env/lib/python3.9/site-packages/airflow/example_dags/example_branch_operator.py for tasks to queue
[2024-10-12T16:30:11.167-0400] {logging_mixin.py:190} INFO - [2024-10-12T16:30:11.167-0400] {dagbag.py:588} INFO - Filling up the DagBag from /Users/karenwang/anaconda3/envs/airflow_sqlite_env/lib/python3.9/site-packages/airflow/example_dags/example_branch_operator.py
[2024-10-12T16:30:11.256-0400] {processor.py:925} INFO - DAG(s) 'example_branch_operator' retrieved from /Users/karenwang/anaconda3/envs/airflow_sqlite_env/lib/python3.9/site-packages/airflow/example_dags/example_branch_operator.py
[2024-10-12T16:30:11.551-0400] {logging_mixin.py:190} INFO - [2024-10-12T16:30:11.550-0400] {dag.py:3239} INFO - Sync 1 DAGs
[2024-10-12T16:30:11.581-0400] {logging_mixin.py:190} INFO - [2024-10-12T16:30:11.580-0400] {dag.py:4180} INFO - Setting next_dagrun for example_branch_operator to 2024-10-11 00:00:00+00:00, run_after=2024-10-12 00:00:00+00:00
[2024-10-12T16:30:11.604-0400] {processor.py:208} INFO - Processing /Users/karenwang/anaconda3/envs/airflow_sqlite_env/lib/python3.9/site-packages/airflow/example_dags/example_branch_operator.py took 0.446 seconds
[2024-10-12T16:37:25.859-0400] {processor.py:186} INFO - Started process (PID=28982) to work on /Users/karenwang/anaconda3/envs/airflow_sqlite_env/lib/python3.9/site-packages/airflow/example_dags/example_branch_operator.py
[2024-10-12T16:37:25.860-0400] {processor.py:914} INFO - Processing file /Users/karenwang/anaconda3/envs/airflow_sqlite_env/lib/python3.9/site-packages/airflow/example_dags/example_branch_operator.py for tasks to queue
[2024-10-12T16:37:25.861-0400] {logging_mixin.py:190} INFO - [2024-10-12T16:37:25.861-0400] {dagbag.py:588} INFO - Filling up the DagBag from /Users/karenwang/anaconda3/envs/airflow_sqlite_env/lib/python3.9/site-packages/airflow/example_dags/example_branch_operator.py
[2024-10-12T16:37:25.953-0400] {processor.py:925} INFO - DAG(s) 'example_branch_operator' retrieved from /Users/karenwang/anaconda3/envs/airflow_sqlite_env/lib/python3.9/site-packages/airflow/example_dags/example_branch_operator.py
[2024-10-12T16:37:26.224-0400] {logging_mixin.py:190} INFO - [2024-10-12T16:37:26.223-0400] {dag.py:3239} INFO - Sync 1 DAGs
[2024-10-12T16:37:26.246-0400] {logging_mixin.py:190} INFO - [2024-10-12T16:37:26.245-0400] {dag.py:4180} INFO - Setting next_dagrun for example_branch_operator to 2024-10-11 00:00:00+00:00, run_after=2024-10-12 00:00:00+00:00
[2024-10-12T16:37:26.271-0400] {processor.py:208} INFO - Processing /Users/karenwang/anaconda3/envs/airflow_sqlite_env/lib/python3.9/site-packages/airflow/example_dags/example_branch_operator.py took 0.418 seconds
[2024-10-12T16:44:25.352-0400] {processor.py:186} INFO - Started process (PID=31132) to work on /Users/karenwang/anaconda3/envs/airflow_sqlite_env/lib/python3.9/site-packages/airflow/example_dags/example_branch_operator.py
[2024-10-12T16:44:25.354-0400] {processor.py:914} INFO - Processing file /Users/karenwang/anaconda3/envs/airflow_sqlite_env/lib/python3.9/site-packages/airflow/example_dags/example_branch_operator.py for tasks to queue
[2024-10-12T16:44:25.355-0400] {logging_mixin.py:190} INFO - [2024-10-12T16:44:25.355-0400] {dagbag.py:588} INFO - Filling up the DagBag from /Users/karenwang/anaconda3/envs/airflow_sqlite_env/lib/python3.9/site-packages/airflow/example_dags/example_branch_operator.py
[2024-10-12T16:44:25.453-0400] {processor.py:925} INFO - DAG(s) 'example_branch_operator' retrieved from /Users/karenwang/anaconda3/envs/airflow_sqlite_env/lib/python3.9/site-packages/airflow/example_dags/example_branch_operator.py
[2024-10-12T16:44:25.738-0400] {logging_mixin.py:190} INFO - [2024-10-12T16:44:25.738-0400] {dag.py:3239} INFO - Sync 1 DAGs
[2024-10-12T16:44:25.771-0400] {logging_mixin.py:190} INFO - [2024-10-12T16:44:25.770-0400] {dag.py:4180} INFO - Setting next_dagrun for example_branch_operator to 2024-10-11 00:00:00+00:00, run_after=2024-10-12 00:00:00+00:00
[2024-10-12T16:44:25.794-0400] {processor.py:208} INFO - Processing /Users/karenwang/anaconda3/envs/airflow_sqlite_env/lib/python3.9/site-packages/airflow/example_dags/example_branch_operator.py took 0.447 seconds
[2024-10-12T16:51:37.715-0400] {processor.py:186} INFO - Started process (PID=33352) to work on /Users/karenwang/anaconda3/envs/airflow_sqlite_env/lib/python3.9/site-packages/airflow/example_dags/example_branch_operator.py
[2024-10-12T16:51:37.716-0400] {processor.py:914} INFO - Processing file /Users/karenwang/anaconda3/envs/airflow_sqlite_env/lib/python3.9/site-packages/airflow/example_dags/example_branch_operator.py for tasks to queue
[2024-10-12T16:51:37.718-0400] {logging_mixin.py:190} INFO - [2024-10-12T16:51:37.717-0400] {dagbag.py:588} INFO - Filling up the DagBag from /Users/karenwang/anaconda3/envs/airflow_sqlite_env/lib/python3.9/site-packages/airflow/example_dags/example_branch_operator.py
[2024-10-12T16:51:37.807-0400] {processor.py:925} INFO - DAG(s) 'example_branch_operator' retrieved from /Users/karenwang/anaconda3/envs/airflow_sqlite_env/lib/python3.9/site-packages/airflow/example_dags/example_branch_operator.py
[2024-10-12T16:51:38.096-0400] {logging_mixin.py:190} INFO - [2024-10-12T16:51:38.096-0400] {dag.py:3239} INFO - Sync 1 DAGs
[2024-10-12T16:51:38.125-0400] {logging_mixin.py:190} INFO - [2024-10-12T16:51:38.124-0400] {dag.py:4180} INFO - Setting next_dagrun for example_branch_operator to 2024-10-11 00:00:00+00:00, run_after=2024-10-12 00:00:00+00:00
[2024-10-12T16:51:38.150-0400] {processor.py:208} INFO - Processing /Users/karenwang/anaconda3/envs/airflow_sqlite_env/lib/python3.9/site-packages/airflow/example_dags/example_branch_operator.py took 0.441 seconds
[2024-10-12T16:58:32.832-0400] {processor.py:186} INFO - Started process (PID=35458) to work on /Users/karenwang/anaconda3/envs/airflow_sqlite_env/lib/python3.9/site-packages/airflow/example_dags/example_branch_operator.py
[2024-10-12T16:58:32.833-0400] {processor.py:914} INFO - Processing file /Users/karenwang/anaconda3/envs/airflow_sqlite_env/lib/python3.9/site-packages/airflow/example_dags/example_branch_operator.py for tasks to queue
[2024-10-12T16:58:32.835-0400] {logging_mixin.py:190} INFO - [2024-10-12T16:58:32.834-0400] {dagbag.py:588} INFO - Filling up the DagBag from /Users/karenwang/anaconda3/envs/airflow_sqlite_env/lib/python3.9/site-packages/airflow/example_dags/example_branch_operator.py
[2024-10-12T16:58:32.925-0400] {processor.py:925} INFO - DAG(s) 'example_branch_operator' retrieved from /Users/karenwang/anaconda3/envs/airflow_sqlite_env/lib/python3.9/site-packages/airflow/example_dags/example_branch_operator.py
[2024-10-12T16:58:33.222-0400] {logging_mixin.py:190} INFO - [2024-10-12T16:58:33.222-0400] {dag.py:3239} INFO - Sync 1 DAGs
[2024-10-12T16:58:33.249-0400] {logging_mixin.py:190} INFO - [2024-10-12T16:58:33.249-0400] {dag.py:4180} INFO - Setting next_dagrun for example_branch_operator to 2024-10-11 00:00:00+00:00, run_after=2024-10-12 00:00:00+00:00
[2024-10-12T16:58:33.274-0400] {processor.py:208} INFO - Processing /Users/karenwang/anaconda3/envs/airflow_sqlite_env/lib/python3.9/site-packages/airflow/example_dags/example_branch_operator.py took 0.448 seconds
[2024-10-12T17:05:40.550-0400] {processor.py:186} INFO - Started process (PID=37621) to work on /Users/karenwang/anaconda3/envs/airflow_sqlite_env/lib/python3.9/site-packages/airflow/example_dags/example_branch_operator.py
[2024-10-12T17:05:40.551-0400] {processor.py:914} INFO - Processing file /Users/karenwang/anaconda3/envs/airflow_sqlite_env/lib/python3.9/site-packages/airflow/example_dags/example_branch_operator.py for tasks to queue
[2024-10-12T17:05:40.553-0400] {logging_mixin.py:190} INFO - [2024-10-12T17:05:40.552-0400] {dagbag.py:588} INFO - Filling up the DagBag from /Users/karenwang/anaconda3/envs/airflow_sqlite_env/lib/python3.9/site-packages/airflow/example_dags/example_branch_operator.py
[2024-10-12T17:05:40.648-0400] {processor.py:925} INFO - DAG(s) 'example_branch_operator' retrieved from /Users/karenwang/anaconda3/envs/airflow_sqlite_env/lib/python3.9/site-packages/airflow/example_dags/example_branch_operator.py
[2024-10-12T17:05:40.956-0400] {logging_mixin.py:190} INFO - [2024-10-12T17:05:40.956-0400] {dag.py:3239} INFO - Sync 1 DAGs
[2024-10-12T17:05:40.983-0400] {logging_mixin.py:190} INFO - [2024-10-12T17:05:40.983-0400] {dag.py:4180} INFO - Setting next_dagrun for example_branch_operator to 2024-10-11 00:00:00+00:00, run_after=2024-10-12 00:00:00+00:00
[2024-10-12T17:05:41.005-0400] {processor.py:208} INFO - Processing /Users/karenwang/anaconda3/envs/airflow_sqlite_env/lib/python3.9/site-packages/airflow/example_dags/example_branch_operator.py took 0.461 seconds
[2024-10-12T17:12:33.637-0400] {processor.py:186} INFO - Started process (PID=39713) to work on /Users/karenwang/anaconda3/envs/airflow_sqlite_env/lib/python3.9/site-packages/airflow/example_dags/example_branch_operator.py
[2024-10-12T17:12:33.638-0400] {processor.py:914} INFO - Processing file /Users/karenwang/anaconda3/envs/airflow_sqlite_env/lib/python3.9/site-packages/airflow/example_dags/example_branch_operator.py for tasks to queue
[2024-10-12T17:12:33.640-0400] {logging_mixin.py:190} INFO - [2024-10-12T17:12:33.640-0400] {dagbag.py:588} INFO - Filling up the DagBag from /Users/karenwang/anaconda3/envs/airflow_sqlite_env/lib/python3.9/site-packages/airflow/example_dags/example_branch_operator.py
[2024-10-12T17:12:33.733-0400] {processor.py:925} INFO - DAG(s) 'example_branch_operator' retrieved from /Users/karenwang/anaconda3/envs/airflow_sqlite_env/lib/python3.9/site-packages/airflow/example_dags/example_branch_operator.py
[2024-10-12T17:12:34.016-0400] {logging_mixin.py:190} INFO - [2024-10-12T17:12:34.016-0400] {dag.py:3239} INFO - Sync 1 DAGs
[2024-10-12T17:12:34.039-0400] {logging_mixin.py:190} INFO - [2024-10-12T17:12:34.039-0400] {dag.py:4180} INFO - Setting next_dagrun for example_branch_operator to 2024-10-11 00:00:00+00:00, run_after=2024-10-12 00:00:00+00:00
[2024-10-12T17:12:34.061-0400] {processor.py:208} INFO - Processing /Users/karenwang/anaconda3/envs/airflow_sqlite_env/lib/python3.9/site-packages/airflow/example_dags/example_branch_operator.py took 0.430 seconds
[2024-10-12T17:19:42.582-0400] {processor.py:186} INFO - Started process (PID=41889) to work on /Users/karenwang/anaconda3/envs/airflow_sqlite_env/lib/python3.9/site-packages/airflow/example_dags/example_branch_operator.py
[2024-10-12T17:19:42.584-0400] {processor.py:914} INFO - Processing file /Users/karenwang/anaconda3/envs/airflow_sqlite_env/lib/python3.9/site-packages/airflow/example_dags/example_branch_operator.py for tasks to queue
[2024-10-12T17:19:42.585-0400] {logging_mixin.py:190} INFO - [2024-10-12T17:19:42.585-0400] {dagbag.py:588} INFO - Filling up the DagBag from /Users/karenwang/anaconda3/envs/airflow_sqlite_env/lib/python3.9/site-packages/airflow/example_dags/example_branch_operator.py
[2024-10-12T17:19:42.681-0400] {processor.py:925} INFO - DAG(s) 'example_branch_operator' retrieved from /Users/karenwang/anaconda3/envs/airflow_sqlite_env/lib/python3.9/site-packages/airflow/example_dags/example_branch_operator.py
[2024-10-12T17:19:42.979-0400] {logging_mixin.py:190} INFO - [2024-10-12T17:19:42.979-0400] {dag.py:3239} INFO - Sync 1 DAGs
[2024-10-12T17:19:43.003-0400] {logging_mixin.py:190} INFO - [2024-10-12T17:19:43.002-0400] {dag.py:4180} INFO - Setting next_dagrun for example_branch_operator to 2024-10-11 00:00:00+00:00, run_after=2024-10-12 00:00:00+00:00
[2024-10-12T17:19:43.028-0400] {processor.py:208} INFO - Processing /Users/karenwang/anaconda3/envs/airflow_sqlite_env/lib/python3.9/site-packages/airflow/example_dags/example_branch_operator.py took 0.451 seconds
[2024-10-12T17:26:41.433-0400] {processor.py:186} INFO - Started process (PID=44016) to work on /Users/karenwang/anaconda3/envs/airflow_sqlite_env/lib/python3.9/site-packages/airflow/example_dags/example_branch_operator.py
[2024-10-12T17:26:41.435-0400] {processor.py:914} INFO - Processing file /Users/karenwang/anaconda3/envs/airflow_sqlite_env/lib/python3.9/site-packages/airflow/example_dags/example_branch_operator.py for tasks to queue
[2024-10-12T17:26:41.436-0400] {logging_mixin.py:190} INFO - [2024-10-12T17:26:41.436-0400] {dagbag.py:588} INFO - Filling up the DagBag from /Users/karenwang/anaconda3/envs/airflow_sqlite_env/lib/python3.9/site-packages/airflow/example_dags/example_branch_operator.py
[2024-10-12T17:26:41.530-0400] {processor.py:925} INFO - DAG(s) 'example_branch_operator' retrieved from /Users/karenwang/anaconda3/envs/airflow_sqlite_env/lib/python3.9/site-packages/airflow/example_dags/example_branch_operator.py
[2024-10-12T17:26:41.831-0400] {logging_mixin.py:190} INFO - [2024-10-12T17:26:41.831-0400] {dag.py:3239} INFO - Sync 1 DAGs
[2024-10-12T17:26:41.861-0400] {logging_mixin.py:190} INFO - [2024-10-12T17:26:41.860-0400] {dag.py:4180} INFO - Setting next_dagrun for example_branch_operator to 2024-10-11 00:00:00+00:00, run_after=2024-10-12 00:00:00+00:00
[2024-10-12T17:26:41.885-0400] {processor.py:208} INFO - Processing /Users/karenwang/anaconda3/envs/airflow_sqlite_env/lib/python3.9/site-packages/airflow/example_dags/example_branch_operator.py took 0.457 seconds
[2024-10-12T17:33:57.612-0400] {processor.py:186} INFO - Started process (PID=46253) to work on /Users/karenwang/anaconda3/envs/airflow_sqlite_env/lib/python3.9/site-packages/airflow/example_dags/example_branch_operator.py
[2024-10-12T17:33:57.613-0400] {processor.py:914} INFO - Processing file /Users/karenwang/anaconda3/envs/airflow_sqlite_env/lib/python3.9/site-packages/airflow/example_dags/example_branch_operator.py for tasks to queue
[2024-10-12T17:33:57.614-0400] {logging_mixin.py:190} INFO - [2024-10-12T17:33:57.614-0400] {dagbag.py:588} INFO - Filling up the DagBag from /Users/karenwang/anaconda3/envs/airflow_sqlite_env/lib/python3.9/site-packages/airflow/example_dags/example_branch_operator.py
[2024-10-12T17:33:57.706-0400] {processor.py:925} INFO - DAG(s) 'example_branch_operator' retrieved from /Users/karenwang/anaconda3/envs/airflow_sqlite_env/lib/python3.9/site-packages/airflow/example_dags/example_branch_operator.py
[2024-10-12T17:33:57.998-0400] {logging_mixin.py:190} INFO - [2024-10-12T17:33:57.997-0400] {dag.py:3239} INFO - Sync 1 DAGs
[2024-10-12T17:33:58.020-0400] {logging_mixin.py:190} INFO - [2024-10-12T17:33:58.019-0400] {dag.py:4180} INFO - Setting next_dagrun for example_branch_operator to 2024-10-11 00:00:00+00:00, run_after=2024-10-12 00:00:00+00:00
[2024-10-12T17:33:58.043-0400] {processor.py:208} INFO - Processing /Users/karenwang/anaconda3/envs/airflow_sqlite_env/lib/python3.9/site-packages/airflow/example_dags/example_branch_operator.py took 0.436 seconds
[2024-10-12T17:40:57.060-0400] {processor.py:186} INFO - Started process (PID=48376) to work on /Users/karenwang/anaconda3/envs/airflow_sqlite_env/lib/python3.9/site-packages/airflow/example_dags/example_branch_operator.py
[2024-10-12T17:40:57.061-0400] {processor.py:914} INFO - Processing file /Users/karenwang/anaconda3/envs/airflow_sqlite_env/lib/python3.9/site-packages/airflow/example_dags/example_branch_operator.py for tasks to queue
[2024-10-12T17:40:57.062-0400] {logging_mixin.py:190} INFO - [2024-10-12T17:40:57.062-0400] {dagbag.py:588} INFO - Filling up the DagBag from /Users/karenwang/anaconda3/envs/airflow_sqlite_env/lib/python3.9/site-packages/airflow/example_dags/example_branch_operator.py
[2024-10-12T17:40:57.151-0400] {processor.py:925} INFO - DAG(s) 'example_branch_operator' retrieved from /Users/karenwang/anaconda3/envs/airflow_sqlite_env/lib/python3.9/site-packages/airflow/example_dags/example_branch_operator.py
[2024-10-12T17:40:57.428-0400] {logging_mixin.py:190} INFO - [2024-10-12T17:40:57.428-0400] {dag.py:3239} INFO - Sync 1 DAGs
[2024-10-12T17:40:57.453-0400] {logging_mixin.py:190} INFO - [2024-10-12T17:40:57.453-0400] {dag.py:4180} INFO - Setting next_dagrun for example_branch_operator to 2024-10-11 00:00:00+00:00, run_after=2024-10-12 00:00:00+00:00
[2024-10-12T17:40:57.476-0400] {processor.py:208} INFO - Processing /Users/karenwang/anaconda3/envs/airflow_sqlite_env/lib/python3.9/site-packages/airflow/example_dags/example_branch_operator.py took 0.422 seconds
[2024-10-12T17:48:08.086-0400] {processor.py:186} INFO - Started process (PID=50629) to work on /Users/karenwang/anaconda3/envs/airflow_sqlite_env/lib/python3.9/site-packages/airflow/example_dags/example_branch_operator.py
[2024-10-12T17:48:08.087-0400] {processor.py:914} INFO - Processing file /Users/karenwang/anaconda3/envs/airflow_sqlite_env/lib/python3.9/site-packages/airflow/example_dags/example_branch_operator.py for tasks to queue
[2024-10-12T17:48:08.088-0400] {logging_mixin.py:190} INFO - [2024-10-12T17:48:08.088-0400] {dagbag.py:588} INFO - Filling up the DagBag from /Users/karenwang/anaconda3/envs/airflow_sqlite_env/lib/python3.9/site-packages/airflow/example_dags/example_branch_operator.py
[2024-10-12T17:48:08.180-0400] {processor.py:925} INFO - DAG(s) 'example_branch_operator' retrieved from /Users/karenwang/anaconda3/envs/airflow_sqlite_env/lib/python3.9/site-packages/airflow/example_dags/example_branch_operator.py
[2024-10-12T17:48:08.468-0400] {logging_mixin.py:190} INFO - [2024-10-12T17:48:08.467-0400] {dag.py:3239} INFO - Sync 1 DAGs
[2024-10-12T17:48:08.497-0400] {logging_mixin.py:190} INFO - [2024-10-12T17:48:08.497-0400] {dag.py:4180} INFO - Setting next_dagrun for example_branch_operator to 2024-10-11 00:00:00+00:00, run_after=2024-10-12 00:00:00+00:00
[2024-10-12T17:48:08.520-0400] {processor.py:208} INFO - Processing /Users/karenwang/anaconda3/envs/airflow_sqlite_env/lib/python3.9/site-packages/airflow/example_dags/example_branch_operator.py took 0.440 seconds
[2024-10-12T17:55:05.831-0400] {processor.py:186} INFO - Started process (PID=52751) to work on /Users/karenwang/anaconda3/envs/airflow_sqlite_env/lib/python3.9/site-packages/airflow/example_dags/example_branch_operator.py
[2024-10-12T17:55:05.832-0400] {processor.py:914} INFO - Processing file /Users/karenwang/anaconda3/envs/airflow_sqlite_env/lib/python3.9/site-packages/airflow/example_dags/example_branch_operator.py for tasks to queue
[2024-10-12T17:55:05.834-0400] {logging_mixin.py:190} INFO - [2024-10-12T17:55:05.834-0400] {dagbag.py:588} INFO - Filling up the DagBag from /Users/karenwang/anaconda3/envs/airflow_sqlite_env/lib/python3.9/site-packages/airflow/example_dags/example_branch_operator.py
[2024-10-12T17:55:05.925-0400] {processor.py:925} INFO - DAG(s) 'example_branch_operator' retrieved from /Users/karenwang/anaconda3/envs/airflow_sqlite_env/lib/python3.9/site-packages/airflow/example_dags/example_branch_operator.py
[2024-10-12T17:55:06.197-0400] {logging_mixin.py:190} INFO - [2024-10-12T17:55:06.197-0400] {dag.py:3239} INFO - Sync 1 DAGs
[2024-10-12T17:55:06.219-0400] {logging_mixin.py:190} INFO - [2024-10-12T17:55:06.219-0400] {dag.py:4180} INFO - Setting next_dagrun for example_branch_operator to 2024-10-11 00:00:00+00:00, run_after=2024-10-12 00:00:00+00:00
[2024-10-12T17:55:06.242-0400] {processor.py:208} INFO - Processing /Users/karenwang/anaconda3/envs/airflow_sqlite_env/lib/python3.9/site-packages/airflow/example_dags/example_branch_operator.py took 0.415 seconds
[2024-10-12T18:02:17.332-0400] {processor.py:186} INFO - Started process (PID=54938) to work on /Users/karenwang/anaconda3/envs/airflow_sqlite_env/lib/python3.9/site-packages/airflow/example_dags/example_branch_operator.py
[2024-10-12T18:02:17.334-0400] {processor.py:914} INFO - Processing file /Users/karenwang/anaconda3/envs/airflow_sqlite_env/lib/python3.9/site-packages/airflow/example_dags/example_branch_operator.py for tasks to queue
[2024-10-12T18:02:17.335-0400] {logging_mixin.py:190} INFO - [2024-10-12T18:02:17.335-0400] {dagbag.py:588} INFO - Filling up the DagBag from /Users/karenwang/anaconda3/envs/airflow_sqlite_env/lib/python3.9/site-packages/airflow/example_dags/example_branch_operator.py
[2024-10-12T18:02:17.428-0400] {processor.py:925} INFO - DAG(s) 'example_branch_operator' retrieved from /Users/karenwang/anaconda3/envs/airflow_sqlite_env/lib/python3.9/site-packages/airflow/example_dags/example_branch_operator.py
[2024-10-12T18:02:17.713-0400] {logging_mixin.py:190} INFO - [2024-10-12T18:02:17.713-0400] {dag.py:3239} INFO - Sync 1 DAGs
[2024-10-12T18:02:17.740-0400] {logging_mixin.py:190} INFO - [2024-10-12T18:02:17.740-0400] {dag.py:4180} INFO - Setting next_dagrun for example_branch_operator to 2024-10-11 00:00:00+00:00, run_after=2024-10-12 00:00:00+00:00
[2024-10-12T18:02:17.765-0400] {processor.py:208} INFO - Processing /Users/karenwang/anaconda3/envs/airflow_sqlite_env/lib/python3.9/site-packages/airflow/example_dags/example_branch_operator.py took 0.438 seconds
[2024-10-12T18:09:18.565-0400] {processor.py:186} INFO - Started process (PID=57106) to work on /Users/karenwang/anaconda3/envs/airflow_sqlite_env/lib/python3.9/site-packages/airflow/example_dags/example_branch_operator.py
[2024-10-12T18:09:18.566-0400] {processor.py:914} INFO - Processing file /Users/karenwang/anaconda3/envs/airflow_sqlite_env/lib/python3.9/site-packages/airflow/example_dags/example_branch_operator.py for tasks to queue
[2024-10-12T18:09:18.568-0400] {logging_mixin.py:190} INFO - [2024-10-12T18:09:18.567-0400] {dagbag.py:588} INFO - Filling up the DagBag from /Users/karenwang/anaconda3/envs/airflow_sqlite_env/lib/python3.9/site-packages/airflow/example_dags/example_branch_operator.py
[2024-10-12T18:09:18.658-0400] {processor.py:925} INFO - DAG(s) 'example_branch_operator' retrieved from /Users/karenwang/anaconda3/envs/airflow_sqlite_env/lib/python3.9/site-packages/airflow/example_dags/example_branch_operator.py
[2024-10-12T18:09:18.947-0400] {logging_mixin.py:190} INFO - [2024-10-12T18:09:18.946-0400] {dag.py:3239} INFO - Sync 1 DAGs
[2024-10-12T18:09:18.970-0400] {logging_mixin.py:190} INFO - [2024-10-12T18:09:18.970-0400] {dag.py:4180} INFO - Setting next_dagrun for example_branch_operator to 2024-10-11 00:00:00+00:00, run_after=2024-10-12 00:00:00+00:00
[2024-10-12T18:09:18.992-0400] {processor.py:208} INFO - Processing /Users/karenwang/anaconda3/envs/airflow_sqlite_env/lib/python3.9/site-packages/airflow/example_dags/example_branch_operator.py took 0.433 seconds
[2024-10-12T18:16:53.482-0400] {processor.py:186} INFO - Started process (PID=59442) to work on /Users/karenwang/anaconda3/envs/airflow_sqlite_env/lib/python3.9/site-packages/airflow/example_dags/example_branch_operator.py
[2024-10-12T18:16:53.483-0400] {processor.py:914} INFO - Processing file /Users/karenwang/anaconda3/envs/airflow_sqlite_env/lib/python3.9/site-packages/airflow/example_dags/example_branch_operator.py for tasks to queue
[2024-10-12T18:16:53.485-0400] {logging_mixin.py:190} INFO - [2024-10-12T18:16:53.485-0400] {dagbag.py:588} INFO - Filling up the DagBag from /Users/karenwang/anaconda3/envs/airflow_sqlite_env/lib/python3.9/site-packages/airflow/example_dags/example_branch_operator.py
[2024-10-12T18:16:53.585-0400] {processor.py:925} INFO - DAG(s) 'example_branch_operator' retrieved from /Users/karenwang/anaconda3/envs/airflow_sqlite_env/lib/python3.9/site-packages/airflow/example_dags/example_branch_operator.py
[2024-10-12T18:16:53.939-0400] {logging_mixin.py:190} INFO - [2024-10-12T18:16:53.939-0400] {dag.py:3239} INFO - Sync 1 DAGs
[2024-10-12T18:16:53.974-0400] {logging_mixin.py:190} INFO - [2024-10-12T18:16:53.973-0400] {dag.py:4180} INFO - Setting next_dagrun for example_branch_operator to 2024-10-11 00:00:00+00:00, run_after=2024-10-12 00:00:00+00:00
[2024-10-12T18:16:54.002-0400] {processor.py:208} INFO - Processing /Users/karenwang/anaconda3/envs/airflow_sqlite_env/lib/python3.9/site-packages/airflow/example_dags/example_branch_operator.py took 0.526 seconds
[2024-10-12T18:24:29.777-0400] {processor.py:186} INFO - Started process (PID=61762) to work on /Users/karenwang/anaconda3/envs/airflow_sqlite_env/lib/python3.9/site-packages/airflow/example_dags/example_branch_operator.py
[2024-10-12T18:24:29.778-0400] {processor.py:914} INFO - Processing file /Users/karenwang/anaconda3/envs/airflow_sqlite_env/lib/python3.9/site-packages/airflow/example_dags/example_branch_operator.py for tasks to queue
[2024-10-12T18:24:29.780-0400] {logging_mixin.py:190} INFO - [2024-10-12T18:24:29.779-0400] {dagbag.py:588} INFO - Filling up the DagBag from /Users/karenwang/anaconda3/envs/airflow_sqlite_env/lib/python3.9/site-packages/airflow/example_dags/example_branch_operator.py
[2024-10-12T18:24:29.878-0400] {processor.py:925} INFO - DAG(s) 'example_branch_operator' retrieved from /Users/karenwang/anaconda3/envs/airflow_sqlite_env/lib/python3.9/site-packages/airflow/example_dags/example_branch_operator.py
[2024-10-12T18:24:30.174-0400] {logging_mixin.py:190} INFO - [2024-10-12T18:24:30.174-0400] {dag.py:3239} INFO - Sync 1 DAGs
[2024-10-12T18:24:30.202-0400] {logging_mixin.py:190} INFO - [2024-10-12T18:24:30.201-0400] {dag.py:4180} INFO - Setting next_dagrun for example_branch_operator to 2024-10-11 00:00:00+00:00, run_after=2024-10-12 00:00:00+00:00
[2024-10-12T18:24:30.227-0400] {processor.py:208} INFO - Processing /Users/karenwang/anaconda3/envs/airflow_sqlite_env/lib/python3.9/site-packages/airflow/example_dags/example_branch_operator.py took 0.457 seconds
[2024-10-12T18:32:04.104-0400] {processor.py:186} INFO - Started process (PID=64080) to work on /Users/karenwang/anaconda3/envs/airflow_sqlite_env/lib/python3.9/site-packages/airflow/example_dags/example_branch_operator.py
[2024-10-12T18:32:04.105-0400] {processor.py:914} INFO - Processing file /Users/karenwang/anaconda3/envs/airflow_sqlite_env/lib/python3.9/site-packages/airflow/example_dags/example_branch_operator.py for tasks to queue
[2024-10-12T18:32:04.107-0400] {logging_mixin.py:190} INFO - [2024-10-12T18:32:04.106-0400] {dagbag.py:588} INFO - Filling up the DagBag from /Users/karenwang/anaconda3/envs/airflow_sqlite_env/lib/python3.9/site-packages/airflow/example_dags/example_branch_operator.py
[2024-10-12T18:32:04.200-0400] {processor.py:925} INFO - DAG(s) 'example_branch_operator' retrieved from /Users/karenwang/anaconda3/envs/airflow_sqlite_env/lib/python3.9/site-packages/airflow/example_dags/example_branch_operator.py
[2024-10-12T18:32:04.513-0400] {logging_mixin.py:190} INFO - [2024-10-12T18:32:04.512-0400] {dag.py:3239} INFO - Sync 1 DAGs
[2024-10-12T18:32:04.542-0400] {logging_mixin.py:190} INFO - [2024-10-12T18:32:04.542-0400] {dag.py:4180} INFO - Setting next_dagrun for example_branch_operator to 2024-10-11 00:00:00+00:00, run_after=2024-10-12 00:00:00+00:00
[2024-10-12T18:32:04.569-0400] {processor.py:208} INFO - Processing /Users/karenwang/anaconda3/envs/airflow_sqlite_env/lib/python3.9/site-packages/airflow/example_dags/example_branch_operator.py took 0.472 seconds
[2024-10-12T18:39:22.872-0400] {processor.py:186} INFO - Started process (PID=66297) to work on /Users/karenwang/anaconda3/envs/airflow_sqlite_env/lib/python3.9/site-packages/airflow/example_dags/example_branch_operator.py
[2024-10-12T18:39:22.873-0400] {processor.py:914} INFO - Processing file /Users/karenwang/anaconda3/envs/airflow_sqlite_env/lib/python3.9/site-packages/airflow/example_dags/example_branch_operator.py for tasks to queue
[2024-10-12T18:39:22.875-0400] {logging_mixin.py:190} INFO - [2024-10-12T18:39:22.874-0400] {dagbag.py:588} INFO - Filling up the DagBag from /Users/karenwang/anaconda3/envs/airflow_sqlite_env/lib/python3.9/site-packages/airflow/example_dags/example_branch_operator.py
[2024-10-12T18:39:22.980-0400] {processor.py:925} INFO - DAG(s) 'example_branch_operator' retrieved from /Users/karenwang/anaconda3/envs/airflow_sqlite_env/lib/python3.9/site-packages/airflow/example_dags/example_branch_operator.py
[2024-10-12T18:39:23.282-0400] {logging_mixin.py:190} INFO - [2024-10-12T18:39:23.282-0400] {dag.py:3239} INFO - Sync 1 DAGs
[2024-10-12T18:39:23.312-0400] {logging_mixin.py:190} INFO - [2024-10-12T18:39:23.312-0400] {dag.py:4180} INFO - Setting next_dagrun for example_branch_operator to 2024-10-11 00:00:00+00:00, run_after=2024-10-12 00:00:00+00:00
[2024-10-12T18:39:23.337-0400] {processor.py:208} INFO - Processing /Users/karenwang/anaconda3/envs/airflow_sqlite_env/lib/python3.9/site-packages/airflow/example_dags/example_branch_operator.py took 0.472 seconds
[2024-10-12T18:46:54.545-0400] {processor.py:186} INFO - Started process (PID=68596) to work on /Users/karenwang/anaconda3/envs/airflow_sqlite_env/lib/python3.9/site-packages/airflow/example_dags/example_branch_operator.py
[2024-10-12T18:46:54.546-0400] {processor.py:914} INFO - Processing file /Users/karenwang/anaconda3/envs/airflow_sqlite_env/lib/python3.9/site-packages/airflow/example_dags/example_branch_operator.py for tasks to queue
[2024-10-12T18:46:54.548-0400] {logging_mixin.py:190} INFO - [2024-10-12T18:46:54.548-0400] {dagbag.py:588} INFO - Filling up the DagBag from /Users/karenwang/anaconda3/envs/airflow_sqlite_env/lib/python3.9/site-packages/airflow/example_dags/example_branch_operator.py
[2024-10-12T18:46:54.639-0400] {processor.py:925} INFO - DAG(s) 'example_branch_operator' retrieved from /Users/karenwang/anaconda3/envs/airflow_sqlite_env/lib/python3.9/site-packages/airflow/example_dags/example_branch_operator.py
[2024-10-12T18:46:54.944-0400] {logging_mixin.py:190} INFO - [2024-10-12T18:46:54.943-0400] {dag.py:3239} INFO - Sync 1 DAGs
[2024-10-12T18:46:54.968-0400] {logging_mixin.py:190} INFO - [2024-10-12T18:46:54.968-0400] {dag.py:4180} INFO - Setting next_dagrun for example_branch_operator to 2024-10-11 00:00:00+00:00, run_after=2024-10-12 00:00:00+00:00
[2024-10-12T18:46:54.994-0400] {processor.py:208} INFO - Processing /Users/karenwang/anaconda3/envs/airflow_sqlite_env/lib/python3.9/site-packages/airflow/example_dags/example_branch_operator.py took 0.456 seconds
[2024-10-12T18:54:18.663-0400] {processor.py:186} INFO - Started process (PID=70836) to work on /Users/karenwang/anaconda3/envs/airflow_sqlite_env/lib/python3.9/site-packages/airflow/example_dags/example_branch_operator.py
[2024-10-12T18:54:18.664-0400] {processor.py:914} INFO - Processing file /Users/karenwang/anaconda3/envs/airflow_sqlite_env/lib/python3.9/site-packages/airflow/example_dags/example_branch_operator.py for tasks to queue
[2024-10-12T18:54:18.666-0400] {logging_mixin.py:190} INFO - [2024-10-12T18:54:18.666-0400] {dagbag.py:588} INFO - Filling up the DagBag from /Users/karenwang/anaconda3/envs/airflow_sqlite_env/lib/python3.9/site-packages/airflow/example_dags/example_branch_operator.py
[2024-10-12T18:54:18.764-0400] {processor.py:925} INFO - DAG(s) 'example_branch_operator' retrieved from /Users/karenwang/anaconda3/envs/airflow_sqlite_env/lib/python3.9/site-packages/airflow/example_dags/example_branch_operator.py
[2024-10-12T18:54:19.135-0400] {logging_mixin.py:190} INFO - [2024-10-12T18:54:19.134-0400] {dag.py:3239} INFO - Sync 1 DAGs
[2024-10-12T18:54:19.165-0400] {logging_mixin.py:190} INFO - [2024-10-12T18:54:19.165-0400] {dag.py:4180} INFO - Setting next_dagrun for example_branch_operator to 2024-10-11 00:00:00+00:00, run_after=2024-10-12 00:00:00+00:00
[2024-10-12T18:54:19.189-0400] {processor.py:208} INFO - Processing /Users/karenwang/anaconda3/envs/airflow_sqlite_env/lib/python3.9/site-packages/airflow/example_dags/example_branch_operator.py took 0.532 seconds
[2024-10-12T19:00:46.179-0400] {processor.py:186} INFO - Started process (PID=72827) to work on /Users/karenwang/anaconda3/envs/airflow_sqlite_env/lib/python3.9/site-packages/airflow/example_dags/example_branch_operator.py
[2024-10-12T19:00:46.180-0400] {processor.py:914} INFO - Processing file /Users/karenwang/anaconda3/envs/airflow_sqlite_env/lib/python3.9/site-packages/airflow/example_dags/example_branch_operator.py for tasks to queue
[2024-10-12T19:00:46.182-0400] {logging_mixin.py:190} INFO - [2024-10-12T19:00:46.182-0400] {dagbag.py:588} INFO - Filling up the DagBag from /Users/karenwang/anaconda3/envs/airflow_sqlite_env/lib/python3.9/site-packages/airflow/example_dags/example_branch_operator.py
[2024-10-12T19:00:46.279-0400] {processor.py:925} INFO - DAG(s) 'example_branch_operator' retrieved from /Users/karenwang/anaconda3/envs/airflow_sqlite_env/lib/python3.9/site-packages/airflow/example_dags/example_branch_operator.py
[2024-10-12T19:00:46.570-0400] {logging_mixin.py:190} INFO - [2024-10-12T19:00:46.570-0400] {dag.py:3239} INFO - Sync 1 DAGs
[2024-10-12T19:00:46.599-0400] {logging_mixin.py:190} INFO - [2024-10-12T19:00:46.598-0400] {dag.py:4180} INFO - Setting next_dagrun for example_branch_operator to 2024-10-11 00:00:00+00:00, run_after=2024-10-12 00:00:00+00:00
[2024-10-12T19:00:46.621-0400] {processor.py:208} INFO - Processing /Users/karenwang/anaconda3/envs/airflow_sqlite_env/lib/python3.9/site-packages/airflow/example_dags/example_branch_operator.py took 0.448 seconds
[2024-10-12T19:16:48.999-0400] {processor.py:186} INFO - Started process (PID=77744) to work on /Users/karenwang/anaconda3/envs/airflow_sqlite_env/lib/python3.9/site-packages/airflow/example_dags/example_branch_operator.py
[2024-10-12T19:16:49.000-0400] {processor.py:914} INFO - Processing file /Users/karenwang/anaconda3/envs/airflow_sqlite_env/lib/python3.9/site-packages/airflow/example_dags/example_branch_operator.py for tasks to queue
[2024-10-12T19:16:49.001-0400] {logging_mixin.py:190} INFO - [2024-10-12T19:16:49.001-0400] {dagbag.py:588} INFO - Filling up the DagBag from /Users/karenwang/anaconda3/envs/airflow_sqlite_env/lib/python3.9/site-packages/airflow/example_dags/example_branch_operator.py
[2024-10-12T19:16:49.098-0400] {processor.py:925} INFO - DAG(s) 'example_branch_operator' retrieved from /Users/karenwang/anaconda3/envs/airflow_sqlite_env/lib/python3.9/site-packages/airflow/example_dags/example_branch_operator.py
[2024-10-12T19:16:49.391-0400] {logging_mixin.py:190} INFO - [2024-10-12T19:16:49.391-0400] {dag.py:3239} INFO - Sync 1 DAGs
[2024-10-12T19:16:49.418-0400] {logging_mixin.py:190} INFO - [2024-10-12T19:16:49.417-0400] {dag.py:4180} INFO - Setting next_dagrun for example_branch_operator to 2024-10-11 00:00:00+00:00, run_after=2024-10-12 00:00:00+00:00
[2024-10-12T19:21:21.244-0400] {processor.py:186} INFO - Started process (PID=79124) to work on /Users/karenwang/anaconda3/envs/airflow_sqlite_env/lib/python3.9/site-packages/airflow/example_dags/example_branch_operator.py
[2024-10-12T19:21:21.246-0400] {processor.py:914} INFO - Processing file /Users/karenwang/anaconda3/envs/airflow_sqlite_env/lib/python3.9/site-packages/airflow/example_dags/example_branch_operator.py for tasks to queue
[2024-10-12T19:21:21.247-0400] {logging_mixin.py:190} INFO - [2024-10-12T19:21:21.247-0400] {dagbag.py:588} INFO - Filling up the DagBag from /Users/karenwang/anaconda3/envs/airflow_sqlite_env/lib/python3.9/site-packages/airflow/example_dags/example_branch_operator.py
[2024-10-12T19:21:21.351-0400] {processor.py:925} INFO - DAG(s) 'example_branch_operator' retrieved from /Users/karenwang/anaconda3/envs/airflow_sqlite_env/lib/python3.9/site-packages/airflow/example_dags/example_branch_operator.py
[2024-10-12T19:21:21.709-0400] {logging_mixin.py:190} INFO - [2024-10-12T19:21:21.709-0400] {dag.py:3239} INFO - Sync 1 DAGs
[2024-10-12T19:21:21.745-0400] {logging_mixin.py:190} INFO - [2024-10-12T19:21:21.745-0400] {dag.py:4180} INFO - Setting next_dagrun for example_branch_operator to 2024-10-11 00:00:00+00:00, run_after=2024-10-12 00:00:00+00:00
[2024-10-12T19:21:21.778-0400] {processor.py:208} INFO - Processing /Users/karenwang/anaconda3/envs/airflow_sqlite_env/lib/python3.9/site-packages/airflow/example_dags/example_branch_operator.py took 0.540 seconds
[2024-10-12T19:28:42.839-0400] {processor.py:186} INFO - Started process (PID=81381) to work on /Users/karenwang/anaconda3/envs/airflow_sqlite_env/lib/python3.9/site-packages/airflow/example_dags/example_branch_operator.py
[2024-10-12T19:28:42.841-0400] {processor.py:914} INFO - Processing file /Users/karenwang/anaconda3/envs/airflow_sqlite_env/lib/python3.9/site-packages/airflow/example_dags/example_branch_operator.py for tasks to queue
[2024-10-12T19:28:42.842-0400] {logging_mixin.py:190} INFO - [2024-10-12T19:28:42.842-0400] {dagbag.py:588} INFO - Filling up the DagBag from /Users/karenwang/anaconda3/envs/airflow_sqlite_env/lib/python3.9/site-packages/airflow/example_dags/example_branch_operator.py
[2024-10-12T19:28:42.934-0400] {processor.py:925} INFO - DAG(s) 'example_branch_operator' retrieved from /Users/karenwang/anaconda3/envs/airflow_sqlite_env/lib/python3.9/site-packages/airflow/example_dags/example_branch_operator.py
[2024-10-12T19:28:43.246-0400] {logging_mixin.py:190} INFO - [2024-10-12T19:28:43.246-0400] {dag.py:3239} INFO - Sync 1 DAGs
[2024-10-12T19:28:43.280-0400] {logging_mixin.py:190} INFO - [2024-10-12T19:28:43.280-0400] {dag.py:4180} INFO - Setting next_dagrun for example_branch_operator to 2024-10-11 00:00:00+00:00, run_after=2024-10-12 00:00:00+00:00
[2024-10-12T19:28:43.306-0400] {processor.py:208} INFO - Processing /Users/karenwang/anaconda3/envs/airflow_sqlite_env/lib/python3.9/site-packages/airflow/example_dags/example_branch_operator.py took 0.473 seconds
[2024-10-12T19:35:53.320-0400] {processor.py:186} INFO - Started process (PID=83554) to work on /Users/karenwang/anaconda3/envs/airflow_sqlite_env/lib/python3.9/site-packages/airflow/example_dags/example_branch_operator.py
[2024-10-12T19:35:53.322-0400] {processor.py:914} INFO - Processing file /Users/karenwang/anaconda3/envs/airflow_sqlite_env/lib/python3.9/site-packages/airflow/example_dags/example_branch_operator.py for tasks to queue
[2024-10-12T19:35:53.323-0400] {logging_mixin.py:190} INFO - [2024-10-12T19:35:53.323-0400] {dagbag.py:588} INFO - Filling up the DagBag from /Users/karenwang/anaconda3/envs/airflow_sqlite_env/lib/python3.9/site-packages/airflow/example_dags/example_branch_operator.py
[2024-10-12T19:35:53.424-0400] {processor.py:925} INFO - DAG(s) 'example_branch_operator' retrieved from /Users/karenwang/anaconda3/envs/airflow_sqlite_env/lib/python3.9/site-packages/airflow/example_dags/example_branch_operator.py
[2024-10-12T19:35:53.710-0400] {logging_mixin.py:190} INFO - [2024-10-12T19:35:53.710-0400] {dag.py:3239} INFO - Sync 1 DAGs
[2024-10-12T19:35:53.740-0400] {logging_mixin.py:190} INFO - [2024-10-12T19:35:53.740-0400] {dag.py:4180} INFO - Setting next_dagrun for example_branch_operator to 2024-10-11 00:00:00+00:00, run_after=2024-10-12 00:00:00+00:00
[2024-10-12T19:35:53.764-0400] {processor.py:208} INFO - Processing /Users/karenwang/anaconda3/envs/airflow_sqlite_env/lib/python3.9/site-packages/airflow/example_dags/example_branch_operator.py took 0.450 seconds
[2024-10-12T19:47:04.838-0400] {processor.py:186} INFO - Started process (PID=86993) to work on /Users/karenwang/anaconda3/envs/airflow_sqlite_env/lib/python3.9/site-packages/airflow/example_dags/example_branch_operator.py
[2024-10-12T19:47:04.840-0400] {processor.py:914} INFO - Processing file /Users/karenwang/anaconda3/envs/airflow_sqlite_env/lib/python3.9/site-packages/airflow/example_dags/example_branch_operator.py for tasks to queue
[2024-10-12T19:47:04.841-0400] {logging_mixin.py:190} INFO - [2024-10-12T19:47:04.841-0400] {dagbag.py:588} INFO - Filling up the DagBag from /Users/karenwang/anaconda3/envs/airflow_sqlite_env/lib/python3.9/site-packages/airflow/example_dags/example_branch_operator.py
[2024-10-12T19:47:04.933-0400] {processor.py:925} INFO - DAG(s) 'example_branch_operator' retrieved from /Users/karenwang/anaconda3/envs/airflow_sqlite_env/lib/python3.9/site-packages/airflow/example_dags/example_branch_operator.py
[2024-10-12T19:47:05.212-0400] {logging_mixin.py:190} INFO - [2024-10-12T19:47:05.212-0400] {dag.py:3239} INFO - Sync 1 DAGs
[2024-10-12T19:47:05.239-0400] {logging_mixin.py:190} INFO - [2024-10-12T19:47:05.239-0400] {dag.py:4180} INFO - Setting next_dagrun for example_branch_operator to 2024-10-11 00:00:00+00:00, run_after=2024-10-12 00:00:00+00:00
[2024-10-12T19:47:05.266-0400] {processor.py:208} INFO - Processing /Users/karenwang/anaconda3/envs/airflow_sqlite_env/lib/python3.9/site-packages/airflow/example_dags/example_branch_operator.py took 0.433 seconds
[2024-10-12T19:54:23.736-0400] {processor.py:186} INFO - Started process (PID=89257) to work on /Users/karenwang/anaconda3/envs/airflow_sqlite_env/lib/python3.9/site-packages/airflow/example_dags/example_branch_operator.py
[2024-10-12T19:54:23.738-0400] {processor.py:914} INFO - Processing file /Users/karenwang/anaconda3/envs/airflow_sqlite_env/lib/python3.9/site-packages/airflow/example_dags/example_branch_operator.py for tasks to queue
[2024-10-12T19:54:23.739-0400] {logging_mixin.py:190} INFO - [2024-10-12T19:54:23.739-0400] {dagbag.py:588} INFO - Filling up the DagBag from /Users/karenwang/anaconda3/envs/airflow_sqlite_env/lib/python3.9/site-packages/airflow/example_dags/example_branch_operator.py
[2024-10-12T19:54:23.832-0400] {processor.py:925} INFO - DAG(s) 'example_branch_operator' retrieved from /Users/karenwang/anaconda3/envs/airflow_sqlite_env/lib/python3.9/site-packages/airflow/example_dags/example_branch_operator.py
[2024-10-12T19:54:24.124-0400] {logging_mixin.py:190} INFO - [2024-10-12T19:54:24.123-0400] {dag.py:3239} INFO - Sync 1 DAGs
[2024-10-12T19:54:24.153-0400] {logging_mixin.py:190} INFO - [2024-10-12T19:54:24.152-0400] {dag.py:4180} INFO - Setting next_dagrun for example_branch_operator to 2024-10-11 00:00:00+00:00, run_after=2024-10-12 00:00:00+00:00
[2024-10-12T19:54:24.176-0400] {processor.py:208} INFO - Processing /Users/karenwang/anaconda3/envs/airflow_sqlite_env/lib/python3.9/site-packages/airflow/example_dags/example_branch_operator.py took 0.446 seconds
