[2024-10-12T00:00:09.211-0400] {processor.py:186} INFO - Started process (PID=33804) to work on /Users/karenwang/anaconda3/envs/airflow_sqlite_env/lib/python3.9/site-packages/airflow/example_dags/example_branch_labels.py
[2024-10-12T00:00:09.212-0400] {processor.py:914} INFO - Processing file /Users/karenwang/anaconda3/envs/airflow_sqlite_env/lib/python3.9/site-packages/airflow/example_dags/example_branch_labels.py for tasks to queue
[2024-10-12T00:00:09.214-0400] {logging_mixin.py:190} INFO - [2024-10-12T00:00:09.214-0400] {dagbag.py:588} INFO - Filling up the DagBag from /Users/karenwang/anaconda3/envs/airflow_sqlite_env/lib/python3.9/site-packages/airflow/example_dags/example_branch_labels.py
[2024-10-12T00:00:09.229-0400] {processor.py:925} INFO - DAG(s) 'example_branch_labels' retrieved from /Users/karenwang/anaconda3/envs/airflow_sqlite_env/lib/python3.9/site-packages/airflow/example_dags/example_branch_labels.py
[2024-10-12T00:00:09.637-0400] {logging_mixin.py:190} INFO - [2024-10-12T00:00:09.637-0400] {override.py:1900} INFO - Created Permission View: can edit on DAG:example_branch_labels
[2024-10-12T00:00:09.651-0400] {logging_mixin.py:190} INFO - [2024-10-12T00:00:09.651-0400] {override.py:1900} INFO - Created Permission View: can delete on DAG:example_branch_labels
[2024-10-12T00:00:09.665-0400] {logging_mixin.py:190} INFO - [2024-10-12T00:00:09.664-0400] {override.py:1900} INFO - Created Permission View: can read on DAG:example_branch_labels
[2024-10-12T00:00:09.678-0400] {logging_mixin.py:190} INFO - [2024-10-12T00:00:09.678-0400] {override.py:1900} INFO - Created Permission View: can delete on DAG Run:example_branch_labels
[2024-10-12T00:00:09.688-0400] {logging_mixin.py:190} INFO - [2024-10-12T00:00:09.688-0400] {override.py:1900} INFO - Created Permission View: can create on DAG Run:example_branch_labels
[2024-10-12T00:00:09.699-0400] {logging_mixin.py:190} INFO - [2024-10-12T00:00:09.698-0400] {override.py:1900} INFO - Created Permission View: can read on DAG Run:example_branch_labels
[2024-10-12T00:00:09.709-0400] {logging_mixin.py:190} INFO - [2024-10-12T00:00:09.709-0400] {override.py:1900} INFO - Created Permission View: menu access on DAG Run:example_branch_labels
[2024-10-12T00:00:09.710-0400] {logging_mixin.py:190} INFO - [2024-10-12T00:00:09.710-0400] {dag.py:3239} INFO - Sync 1 DAGs
[2024-10-12T00:00:09.734-0400] {logging_mixin.py:190} INFO - [2024-10-12T00:00:09.733-0400] {dag.py:3262} INFO - Creating ORM DAG for example_branch_labels
[2024-10-12T00:00:09.748-0400] {logging_mixin.py:190} INFO - [2024-10-12T00:00:09.747-0400] {dag.py:4180} INFO - Setting next_dagrun for example_branch_labels to 2024-10-11 00:00:00+00:00, run_after=2024-10-12 00:00:00+00:00
[2024-10-12T00:00:09.772-0400] {processor.py:208} INFO - Processing /Users/karenwang/anaconda3/envs/airflow_sqlite_env/lib/python3.9/site-packages/airflow/example_dags/example_branch_labels.py took 0.568 seconds
[2024-10-12T00:11:43.857-0400] {processor.py:186} INFO - Started process (PID=3632) to work on /Users/karenwang/anaconda3/envs/airflow_sqlite_env/lib/python3.9/site-packages/airflow/example_dags/example_branch_labels.py
[2024-10-12T00:11:43.859-0400] {processor.py:914} INFO - Processing file /Users/karenwang/anaconda3/envs/airflow_sqlite_env/lib/python3.9/site-packages/airflow/example_dags/example_branch_labels.py for tasks to queue
[2024-10-12T00:11:43.860-0400] {logging_mixin.py:190} INFO - [2024-10-12T00:11:43.859-0400] {dagbag.py:588} INFO - Filling up the DagBag from /Users/karenwang/anaconda3/envs/airflow_sqlite_env/lib/python3.9/site-packages/airflow/example_dags/example_branch_labels.py
[2024-10-12T00:11:43.870-0400] {processor.py:925} INFO - DAG(s) 'example_branch_labels' retrieved from /Users/karenwang/anaconda3/envs/airflow_sqlite_env/lib/python3.9/site-packages/airflow/example_dags/example_branch_labels.py
[2024-10-12T00:11:44.040-0400] {logging_mixin.py:190} INFO - [2024-10-12T00:11:44.040-0400] {dag.py:3239} INFO - Sync 1 DAGs
[2024-10-12T00:11:44.062-0400] {logging_mixin.py:190} INFO - [2024-10-12T00:11:44.062-0400] {dag.py:4180} INFO - Setting next_dagrun for example_branch_labels to 2024-10-11 00:00:00+00:00, run_after=2024-10-12 00:00:00+00:00
[2024-10-12T00:11:44.080-0400] {processor.py:208} INFO - Processing /Users/karenwang/anaconda3/envs/airflow_sqlite_env/lib/python3.9/site-packages/airflow/example_dags/example_branch_labels.py took 0.228 seconds
[2024-10-12T00:17:06.695-0400] {processor.py:186} INFO - Started process (PID=5365) to work on /Users/karenwang/anaconda3/envs/airflow_sqlite_env/lib/python3.9/site-packages/airflow/example_dags/example_branch_labels.py
[2024-10-12T00:17:06.696-0400] {processor.py:914} INFO - Processing file /Users/karenwang/anaconda3/envs/airflow_sqlite_env/lib/python3.9/site-packages/airflow/example_dags/example_branch_labels.py for tasks to queue
[2024-10-12T00:17:06.697-0400] {logging_mixin.py:190} INFO - [2024-10-12T00:17:06.696-0400] {dagbag.py:588} INFO - Filling up the DagBag from /Users/karenwang/anaconda3/envs/airflow_sqlite_env/lib/python3.9/site-packages/airflow/example_dags/example_branch_labels.py
[2024-10-12T00:17:06.707-0400] {processor.py:925} INFO - DAG(s) 'example_branch_labels' retrieved from /Users/karenwang/anaconda3/envs/airflow_sqlite_env/lib/python3.9/site-packages/airflow/example_dags/example_branch_labels.py
[2024-10-12T00:17:06.870-0400] {logging_mixin.py:190} INFO - [2024-10-12T00:17:06.870-0400] {dag.py:3239} INFO - Sync 1 DAGs
[2024-10-12T00:17:06.892-0400] {logging_mixin.py:190} INFO - [2024-10-12T00:17:06.891-0400] {dag.py:4180} INFO - Setting next_dagrun for example_branch_labels to 2024-10-11 00:00:00+00:00, run_after=2024-10-12 00:00:00+00:00
[2024-10-12T00:17:06.910-0400] {processor.py:208} INFO - Processing /Users/karenwang/anaconda3/envs/airflow_sqlite_env/lib/python3.9/site-packages/airflow/example_dags/example_branch_labels.py took 0.220 seconds
[2024-10-12T00:22:27.616-0400] {processor.py:186} INFO - Started process (PID=7026) to work on /Users/karenwang/anaconda3/envs/airflow_sqlite_env/lib/python3.9/site-packages/airflow/example_dags/example_branch_labels.py
[2024-10-12T00:22:27.617-0400] {processor.py:914} INFO - Processing file /Users/karenwang/anaconda3/envs/airflow_sqlite_env/lib/python3.9/site-packages/airflow/example_dags/example_branch_labels.py for tasks to queue
[2024-10-12T00:22:27.618-0400] {logging_mixin.py:190} INFO - [2024-10-12T00:22:27.618-0400] {dagbag.py:588} INFO - Filling up the DagBag from /Users/karenwang/anaconda3/envs/airflow_sqlite_env/lib/python3.9/site-packages/airflow/example_dags/example_branch_labels.py
[2024-10-12T00:22:27.629-0400] {processor.py:925} INFO - DAG(s) 'example_branch_labels' retrieved from /Users/karenwang/anaconda3/envs/airflow_sqlite_env/lib/python3.9/site-packages/airflow/example_dags/example_branch_labels.py
[2024-10-12T00:22:27.791-0400] {logging_mixin.py:190} INFO - [2024-10-12T00:22:27.791-0400] {dag.py:3239} INFO - Sync 1 DAGs
[2024-10-12T00:22:27.812-0400] {logging_mixin.py:190} INFO - [2024-10-12T00:22:27.812-0400] {dag.py:4180} INFO - Setting next_dagrun for example_branch_labels to 2024-10-11 00:00:00+00:00, run_after=2024-10-12 00:00:00+00:00
[2024-10-12T00:22:27.831-0400] {processor.py:208} INFO - Processing /Users/karenwang/anaconda3/envs/airflow_sqlite_env/lib/python3.9/site-packages/airflow/example_dags/example_branch_labels.py took 0.219 seconds
[2024-10-12T00:28:43.072-0400] {processor.py:186} INFO - Started process (PID=8985) to work on /Users/karenwang/anaconda3/envs/airflow_sqlite_env/lib/python3.9/site-packages/airflow/example_dags/example_branch_labels.py
[2024-10-12T00:28:43.073-0400] {processor.py:914} INFO - Processing file /Users/karenwang/anaconda3/envs/airflow_sqlite_env/lib/python3.9/site-packages/airflow/example_dags/example_branch_labels.py for tasks to queue
[2024-10-12T00:28:43.074-0400] {logging_mixin.py:190} INFO - [2024-10-12T00:28:43.073-0400] {dagbag.py:588} INFO - Filling up the DagBag from /Users/karenwang/anaconda3/envs/airflow_sqlite_env/lib/python3.9/site-packages/airflow/example_dags/example_branch_labels.py
[2024-10-12T00:28:43.084-0400] {processor.py:925} INFO - DAG(s) 'example_branch_labels' retrieved from /Users/karenwang/anaconda3/envs/airflow_sqlite_env/lib/python3.9/site-packages/airflow/example_dags/example_branch_labels.py
[2024-10-12T00:28:43.248-0400] {logging_mixin.py:190} INFO - [2024-10-12T00:28:43.247-0400] {dag.py:3239} INFO - Sync 1 DAGs
[2024-10-12T00:28:43.269-0400] {logging_mixin.py:190} INFO - [2024-10-12T00:28:43.269-0400] {dag.py:4180} INFO - Setting next_dagrun for example_branch_labels to 2024-10-11 00:00:00+00:00, run_after=2024-10-12 00:00:00+00:00
[2024-10-12T00:28:43.287-0400] {processor.py:208} INFO - Processing /Users/karenwang/anaconda3/envs/airflow_sqlite_env/lib/python3.9/site-packages/airflow/example_dags/example_branch_labels.py took 0.220 seconds
[2024-10-12T00:56:01.216-0400] {processor.py:186} INFO - Started process (PID=17250) to work on /Users/karenwang/anaconda3/envs/airflow_sqlite_env/lib/python3.9/site-packages/airflow/example_dags/example_branch_labels.py
[2024-10-12T00:56:01.218-0400] {processor.py:914} INFO - Processing file /Users/karenwang/anaconda3/envs/airflow_sqlite_env/lib/python3.9/site-packages/airflow/example_dags/example_branch_labels.py for tasks to queue
[2024-10-12T00:56:01.219-0400] {logging_mixin.py:190} INFO - [2024-10-12T00:56:01.218-0400] {dagbag.py:588} INFO - Filling up the DagBag from /Users/karenwang/anaconda3/envs/airflow_sqlite_env/lib/python3.9/site-packages/airflow/example_dags/example_branch_labels.py
[2024-10-12T00:56:01.229-0400] {processor.py:925} INFO - DAG(s) 'example_branch_labels' retrieved from /Users/karenwang/anaconda3/envs/airflow_sqlite_env/lib/python3.9/site-packages/airflow/example_dags/example_branch_labels.py
[2024-10-12T00:56:01.395-0400] {logging_mixin.py:190} INFO - [2024-10-12T00:56:01.395-0400] {dag.py:3239} INFO - Sync 1 DAGs
[2024-10-12T00:56:01.417-0400] {logging_mixin.py:190} INFO - [2024-10-12T00:56:01.417-0400] {dag.py:4180} INFO - Setting next_dagrun for example_branch_labels to 2024-10-11 00:00:00+00:00, run_after=2024-10-12 00:00:00+00:00
[2024-10-12T00:56:01.435-0400] {processor.py:208} INFO - Processing /Users/karenwang/anaconda3/envs/airflow_sqlite_env/lib/python3.9/site-packages/airflow/example_dags/example_branch_labels.py took 0.224 seconds
[2024-10-12T01:01:32.096-0400] {processor.py:186} INFO - Started process (PID=18974) to work on /Users/karenwang/anaconda3/envs/airflow_sqlite_env/lib/python3.9/site-packages/airflow/example_dags/example_branch_labels.py
[2024-10-12T01:01:32.097-0400] {processor.py:914} INFO - Processing file /Users/karenwang/anaconda3/envs/airflow_sqlite_env/lib/python3.9/site-packages/airflow/example_dags/example_branch_labels.py for tasks to queue
[2024-10-12T01:01:32.098-0400] {logging_mixin.py:190} INFO - [2024-10-12T01:01:32.098-0400] {dagbag.py:588} INFO - Filling up the DagBag from /Users/karenwang/anaconda3/envs/airflow_sqlite_env/lib/python3.9/site-packages/airflow/example_dags/example_branch_labels.py
[2024-10-12T01:01:32.110-0400] {processor.py:925} INFO - DAG(s) 'example_branch_labels' retrieved from /Users/karenwang/anaconda3/envs/airflow_sqlite_env/lib/python3.9/site-packages/airflow/example_dags/example_branch_labels.py
[2024-10-12T01:01:32.275-0400] {logging_mixin.py:190} INFO - [2024-10-12T01:01:32.275-0400] {dag.py:3239} INFO - Sync 1 DAGs
[2024-10-12T01:01:32.297-0400] {logging_mixin.py:190} INFO - [2024-10-12T01:01:32.296-0400] {dag.py:4180} INFO - Setting next_dagrun for example_branch_labels to 2024-10-11 00:00:00+00:00, run_after=2024-10-12 00:00:00+00:00
[2024-10-12T01:01:32.314-0400] {processor.py:208} INFO - Processing /Users/karenwang/anaconda3/envs/airflow_sqlite_env/lib/python3.9/site-packages/airflow/example_dags/example_branch_labels.py took 0.222 seconds
[2024-10-12T01:07:05.662-0400] {processor.py:186} INFO - Started process (PID=20750) to work on /Users/karenwang/anaconda3/envs/airflow_sqlite_env/lib/python3.9/site-packages/airflow/example_dags/example_branch_labels.py
[2024-10-12T01:07:05.663-0400] {processor.py:914} INFO - Processing file /Users/karenwang/anaconda3/envs/airflow_sqlite_env/lib/python3.9/site-packages/airflow/example_dags/example_branch_labels.py for tasks to queue
[2024-10-12T01:07:05.664-0400] {logging_mixin.py:190} INFO - [2024-10-12T01:07:05.663-0400] {dagbag.py:588} INFO - Filling up the DagBag from /Users/karenwang/anaconda3/envs/airflow_sqlite_env/lib/python3.9/site-packages/airflow/example_dags/example_branch_labels.py
[2024-10-12T01:07:05.674-0400] {processor.py:925} INFO - DAG(s) 'example_branch_labels' retrieved from /Users/karenwang/anaconda3/envs/airflow_sqlite_env/lib/python3.9/site-packages/airflow/example_dags/example_branch_labels.py
[2024-10-12T01:07:05.840-0400] {logging_mixin.py:190} INFO - [2024-10-12T01:07:05.839-0400] {dag.py:3239} INFO - Sync 1 DAGs
[2024-10-12T01:07:05.861-0400] {logging_mixin.py:190} INFO - [2024-10-12T01:07:05.861-0400] {dag.py:4180} INFO - Setting next_dagrun for example_branch_labels to 2024-10-11 00:00:00+00:00, run_after=2024-10-12 00:00:00+00:00
[2024-10-12T01:07:05.878-0400] {processor.py:208} INFO - Processing /Users/karenwang/anaconda3/envs/airflow_sqlite_env/lib/python3.9/site-packages/airflow/example_dags/example_branch_labels.py took 0.221 seconds
[2024-10-12T02:22:13.414-0400] {processor.py:186} INFO - Started process (PID=44317) to work on /Users/karenwang/anaconda3/envs/airflow_sqlite_env/lib/python3.9/site-packages/airflow/example_dags/example_branch_labels.py
[2024-10-12T02:22:13.416-0400] {processor.py:914} INFO - Processing file /Users/karenwang/anaconda3/envs/airflow_sqlite_env/lib/python3.9/site-packages/airflow/example_dags/example_branch_labels.py for tasks to queue
[2024-10-12T02:22:13.418-0400] {logging_mixin.py:190} INFO - [2024-10-12T02:22:13.417-0400] {dagbag.py:588} INFO - Filling up the DagBag from /Users/karenwang/anaconda3/envs/airflow_sqlite_env/lib/python3.9/site-packages/airflow/example_dags/example_branch_labels.py
[2024-10-12T02:22:13.432-0400] {processor.py:925} INFO - DAG(s) 'example_branch_labels' retrieved from /Users/karenwang/anaconda3/envs/airflow_sqlite_env/lib/python3.9/site-packages/airflow/example_dags/example_branch_labels.py
[2024-10-12T02:22:13.636-0400] {logging_mixin.py:190} INFO - [2024-10-12T02:22:13.636-0400] {dag.py:3239} INFO - Sync 1 DAGs
[2024-10-12T02:22:13.663-0400] {logging_mixin.py:190} INFO - [2024-10-12T02:22:13.663-0400] {dag.py:4180} INFO - Setting next_dagrun for example_branch_labels to 2024-10-11 00:00:00+00:00, run_after=2024-10-12 00:00:00+00:00
[2024-10-12T02:22:13.683-0400] {processor.py:208} INFO - Processing /Users/karenwang/anaconda3/envs/airflow_sqlite_env/lib/python3.9/site-packages/airflow/example_dags/example_branch_labels.py took 0.276 seconds
[2024-10-12T02:30:55.794-0400] {processor.py:186} INFO - Started process (PID=46993) to work on /Users/karenwang/anaconda3/envs/airflow_sqlite_env/lib/python3.9/site-packages/airflow/example_dags/example_branch_labels.py
[2024-10-12T02:30:55.795-0400] {processor.py:914} INFO - Processing file /Users/karenwang/anaconda3/envs/airflow_sqlite_env/lib/python3.9/site-packages/airflow/example_dags/example_branch_labels.py for tasks to queue
[2024-10-12T02:30:55.796-0400] {logging_mixin.py:190} INFO - [2024-10-12T02:30:55.796-0400] {dagbag.py:588} INFO - Filling up the DagBag from /Users/karenwang/anaconda3/envs/airflow_sqlite_env/lib/python3.9/site-packages/airflow/example_dags/example_branch_labels.py
[2024-10-12T02:30:55.807-0400] {processor.py:925} INFO - DAG(s) 'example_branch_labels' retrieved from /Users/karenwang/anaconda3/envs/airflow_sqlite_env/lib/python3.9/site-packages/airflow/example_dags/example_branch_labels.py
[2024-10-12T02:30:56.016-0400] {logging_mixin.py:190} INFO - [2024-10-12T02:30:56.015-0400] {dag.py:3239} INFO - Sync 1 DAGs
[2024-10-12T02:30:56.043-0400] {logging_mixin.py:190} INFO - [2024-10-12T02:30:56.042-0400] {dag.py:4180} INFO - Setting next_dagrun for example_branch_labels to 2024-10-11 00:00:00+00:00, run_after=2024-10-12 00:00:00+00:00
[2024-10-12T02:30:56.067-0400] {processor.py:208} INFO - Processing /Users/karenwang/anaconda3/envs/airflow_sqlite_env/lib/python3.9/site-packages/airflow/example_dags/example_branch_labels.py took 0.279 seconds
[2024-10-12T02:42:04.141-0400] {processor.py:186} INFO - Started process (PID=50424) to work on /Users/karenwang/anaconda3/envs/airflow_sqlite_env/lib/python3.9/site-packages/airflow/example_dags/example_branch_labels.py
[2024-10-12T02:42:04.142-0400] {processor.py:914} INFO - Processing file /Users/karenwang/anaconda3/envs/airflow_sqlite_env/lib/python3.9/site-packages/airflow/example_dags/example_branch_labels.py for tasks to queue
[2024-10-12T02:42:04.144-0400] {logging_mixin.py:190} INFO - [2024-10-12T02:42:04.143-0400] {dagbag.py:588} INFO - Filling up the DagBag from /Users/karenwang/anaconda3/envs/airflow_sqlite_env/lib/python3.9/site-packages/airflow/example_dags/example_branch_labels.py
[2024-10-12T02:42:04.158-0400] {processor.py:925} INFO - DAG(s) 'example_branch_labels' retrieved from /Users/karenwang/anaconda3/envs/airflow_sqlite_env/lib/python3.9/site-packages/airflow/example_dags/example_branch_labels.py
[2024-10-12T02:42:04.356-0400] {logging_mixin.py:190} INFO - [2024-10-12T02:42:04.356-0400] {dag.py:3239} INFO - Sync 1 DAGs
[2024-10-12T02:42:04.378-0400] {logging_mixin.py:190} INFO - [2024-10-12T02:42:04.378-0400] {dag.py:4180} INFO - Setting next_dagrun for example_branch_labels to 2024-10-11 00:00:00+00:00, run_after=2024-10-12 00:00:00+00:00
[2024-10-12T02:42:04.398-0400] {processor.py:208} INFO - Processing /Users/karenwang/anaconda3/envs/airflow_sqlite_env/lib/python3.9/site-packages/airflow/example_dags/example_branch_labels.py took 0.263 seconds
[2024-10-12T02:48:52.033-0400] {processor.py:186} INFO - Started process (PID=52493) to work on /Users/karenwang/anaconda3/envs/airflow_sqlite_env/lib/python3.9/site-packages/airflow/example_dags/example_branch_labels.py
[2024-10-12T02:48:52.035-0400] {processor.py:914} INFO - Processing file /Users/karenwang/anaconda3/envs/airflow_sqlite_env/lib/python3.9/site-packages/airflow/example_dags/example_branch_labels.py for tasks to queue
[2024-10-12T02:48:52.036-0400] {logging_mixin.py:190} INFO - [2024-10-12T02:48:52.036-0400] {dagbag.py:588} INFO - Filling up the DagBag from /Users/karenwang/anaconda3/envs/airflow_sqlite_env/lib/python3.9/site-packages/airflow/example_dags/example_branch_labels.py
[2024-10-12T02:48:52.049-0400] {processor.py:925} INFO - DAG(s) 'example_branch_labels' retrieved from /Users/karenwang/anaconda3/envs/airflow_sqlite_env/lib/python3.9/site-packages/airflow/example_dags/example_branch_labels.py
[2024-10-12T02:48:52.245-0400] {logging_mixin.py:190} INFO - [2024-10-12T02:48:52.244-0400] {dag.py:3239} INFO - Sync 1 DAGs
[2024-10-12T02:48:52.277-0400] {logging_mixin.py:190} INFO - [2024-10-12T02:48:52.277-0400] {dag.py:4180} INFO - Setting next_dagrun for example_branch_labels to 2024-10-11 00:00:00+00:00, run_after=2024-10-12 00:00:00+00:00
[2024-10-12T02:48:52.302-0400] {processor.py:208} INFO - Processing /Users/karenwang/anaconda3/envs/airflow_sqlite_env/lib/python3.9/site-packages/airflow/example_dags/example_branch_labels.py took 0.274 seconds
[2024-10-12T03:26:16.355-0400] {processor.py:186} INFO - Started process (PID=54879) to work on /Users/karenwang/anaconda3/envs/airflow_sqlite_env/lib/python3.9/site-packages/airflow/example_dags/example_branch_labels.py
[2024-10-12T03:26:16.357-0400] {processor.py:914} INFO - Processing file /Users/karenwang/anaconda3/envs/airflow_sqlite_env/lib/python3.9/site-packages/airflow/example_dags/example_branch_labels.py for tasks to queue
[2024-10-12T03:26:16.359-0400] {logging_mixin.py:190} INFO - [2024-10-12T03:26:16.358-0400] {dagbag.py:588} INFO - Filling up the DagBag from /Users/karenwang/anaconda3/envs/airflow_sqlite_env/lib/python3.9/site-packages/airflow/example_dags/example_branch_labels.py
[2024-10-12T03:26:16.375-0400] {processor.py:925} INFO - DAG(s) 'example_branch_labels' retrieved from /Users/karenwang/anaconda3/envs/airflow_sqlite_env/lib/python3.9/site-packages/airflow/example_dags/example_branch_labels.py
[2024-10-12T03:26:16.632-0400] {logging_mixin.py:190} INFO - [2024-10-12T03:26:16.631-0400] {dag.py:3239} INFO - Sync 1 DAGs
[2024-10-12T03:26:16.667-0400] {logging_mixin.py:190} INFO - [2024-10-12T03:26:16.666-0400] {dag.py:4180} INFO - Setting next_dagrun for example_branch_labels to 2024-10-11 00:00:00+00:00, run_after=2024-10-12 00:00:00+00:00
[2024-10-12T03:26:16.696-0400] {processor.py:208} INFO - Processing /Users/karenwang/anaconda3/envs/airflow_sqlite_env/lib/python3.9/site-packages/airflow/example_dags/example_branch_labels.py took 0.347 seconds
[2024-10-12T13:39:53.380-0400] {processor.py:186} INFO - Started process (PID=74010) to work on /Users/karenwang/anaconda3/envs/airflow_sqlite_env/lib/python3.9/site-packages/airflow/example_dags/example_branch_labels.py
[2024-10-12T13:39:53.382-0400] {processor.py:914} INFO - Processing file /Users/karenwang/anaconda3/envs/airflow_sqlite_env/lib/python3.9/site-packages/airflow/example_dags/example_branch_labels.py for tasks to queue
[2024-10-12T13:39:53.383-0400] {logging_mixin.py:190} INFO - [2024-10-12T13:39:53.383-0400] {dagbag.py:588} INFO - Filling up the DagBag from /Users/karenwang/anaconda3/envs/airflow_sqlite_env/lib/python3.9/site-packages/airflow/example_dags/example_branch_labels.py
[2024-10-12T13:39:53.397-0400] {processor.py:925} INFO - DAG(s) 'example_branch_labels' retrieved from /Users/karenwang/anaconda3/envs/airflow_sqlite_env/lib/python3.9/site-packages/airflow/example_dags/example_branch_labels.py
[2024-10-12T13:39:53.620-0400] {logging_mixin.py:190} INFO - [2024-10-12T13:39:53.619-0400] {dag.py:3239} INFO - Sync 1 DAGs
[2024-10-12T13:39:53.647-0400] {logging_mixin.py:190} INFO - [2024-10-12T13:39:53.647-0400] {dag.py:4180} INFO - Setting next_dagrun for example_branch_labels to 2024-10-11 00:00:00+00:00, run_after=2024-10-12 00:00:00+00:00
[2024-10-12T13:39:53.670-0400] {processor.py:208} INFO - Processing /Users/karenwang/anaconda3/envs/airflow_sqlite_env/lib/python3.9/site-packages/airflow/example_dags/example_branch_labels.py took 0.296 seconds
[2024-10-12T13:48:19.611-0400] {processor.py:186} INFO - Started process (PID=76658) to work on /Users/karenwang/anaconda3/envs/airflow_sqlite_env/lib/python3.9/site-packages/airflow/example_dags/example_branch_labels.py
[2024-10-12T13:48:19.613-0400] {processor.py:914} INFO - Processing file /Users/karenwang/anaconda3/envs/airflow_sqlite_env/lib/python3.9/site-packages/airflow/example_dags/example_branch_labels.py for tasks to queue
[2024-10-12T13:48:19.614-0400] {logging_mixin.py:190} INFO - [2024-10-12T13:48:19.614-0400] {dagbag.py:588} INFO - Filling up the DagBag from /Users/karenwang/anaconda3/envs/airflow_sqlite_env/lib/python3.9/site-packages/airflow/example_dags/example_branch_labels.py
[2024-10-12T13:48:19.629-0400] {processor.py:925} INFO - DAG(s) 'example_branch_labels' retrieved from /Users/karenwang/anaconda3/envs/airflow_sqlite_env/lib/python3.9/site-packages/airflow/example_dags/example_branch_labels.py
[2024-10-12T13:48:19.817-0400] {logging_mixin.py:190} INFO - [2024-10-12T13:48:19.816-0400] {dag.py:3239} INFO - Sync 1 DAGs
[2024-10-12T13:48:19.842-0400] {logging_mixin.py:190} INFO - [2024-10-12T13:48:19.841-0400] {dag.py:4180} INFO - Setting next_dagrun for example_branch_labels to 2024-10-11 00:00:00+00:00, run_after=2024-10-12 00:00:00+00:00
[2024-10-12T13:48:19.860-0400] {processor.py:208} INFO - Processing /Users/karenwang/anaconda3/envs/airflow_sqlite_env/lib/python3.9/site-packages/airflow/example_dags/example_branch_labels.py took 0.255 seconds
[2024-10-12T13:55:18.807-0400] {processor.py:186} INFO - Started process (PID=78798) to work on /Users/karenwang/anaconda3/envs/airflow_sqlite_env/lib/python3.9/site-packages/airflow/example_dags/example_branch_labels.py
[2024-10-12T13:55:18.808-0400] {processor.py:914} INFO - Processing file /Users/karenwang/anaconda3/envs/airflow_sqlite_env/lib/python3.9/site-packages/airflow/example_dags/example_branch_labels.py for tasks to queue
[2024-10-12T13:55:18.810-0400] {logging_mixin.py:190} INFO - [2024-10-12T13:55:18.810-0400] {dagbag.py:588} INFO - Filling up the DagBag from /Users/karenwang/anaconda3/envs/airflow_sqlite_env/lib/python3.9/site-packages/airflow/example_dags/example_branch_labels.py
[2024-10-12T13:55:18.824-0400] {processor.py:925} INFO - DAG(s) 'example_branch_labels' retrieved from /Users/karenwang/anaconda3/envs/airflow_sqlite_env/lib/python3.9/site-packages/airflow/example_dags/example_branch_labels.py
[2024-10-12T13:55:19.030-0400] {logging_mixin.py:190} INFO - [2024-10-12T13:55:19.029-0400] {dag.py:3239} INFO - Sync 1 DAGs
[2024-10-12T13:55:19.057-0400] {logging_mixin.py:190} INFO - [2024-10-12T13:55:19.056-0400] {dag.py:4180} INFO - Setting next_dagrun for example_branch_labels to 2024-10-11 00:00:00+00:00, run_after=2024-10-12 00:00:00+00:00
[2024-10-12T13:55:19.077-0400] {processor.py:208} INFO - Processing /Users/karenwang/anaconda3/envs/airflow_sqlite_env/lib/python3.9/site-packages/airflow/example_dags/example_branch_labels.py took 0.276 seconds
[2024-10-12T14:02:25.482-0400] {processor.py:186} INFO - Started process (PID=80960) to work on /Users/karenwang/anaconda3/envs/airflow_sqlite_env/lib/python3.9/site-packages/airflow/example_dags/example_branch_labels.py
[2024-10-12T14:02:25.483-0400] {processor.py:914} INFO - Processing file /Users/karenwang/anaconda3/envs/airflow_sqlite_env/lib/python3.9/site-packages/airflow/example_dags/example_branch_labels.py for tasks to queue
[2024-10-12T14:02:25.484-0400] {logging_mixin.py:190} INFO - [2024-10-12T14:02:25.484-0400] {dagbag.py:588} INFO - Filling up the DagBag from /Users/karenwang/anaconda3/envs/airflow_sqlite_env/lib/python3.9/site-packages/airflow/example_dags/example_branch_labels.py
[2024-10-12T14:02:25.499-0400] {processor.py:925} INFO - DAG(s) 'example_branch_labels' retrieved from /Users/karenwang/anaconda3/envs/airflow_sqlite_env/lib/python3.9/site-packages/airflow/example_dags/example_branch_labels.py
[2024-10-12T14:02:25.704-0400] {logging_mixin.py:190} INFO - [2024-10-12T14:02:25.703-0400] {dag.py:3239} INFO - Sync 1 DAGs
[2024-10-12T14:02:25.727-0400] {logging_mixin.py:190} INFO - [2024-10-12T14:02:25.727-0400] {dag.py:4180} INFO - Setting next_dagrun for example_branch_labels to 2024-10-11 00:00:00+00:00, run_after=2024-10-12 00:00:00+00:00
[2024-10-12T14:02:25.748-0400] {processor.py:208} INFO - Processing /Users/karenwang/anaconda3/envs/airflow_sqlite_env/lib/python3.9/site-packages/airflow/example_dags/example_branch_labels.py took 0.272 seconds
[2024-10-12T14:09:24.935-0400] {processor.py:186} INFO - Started process (PID=83086) to work on /Users/karenwang/anaconda3/envs/airflow_sqlite_env/lib/python3.9/site-packages/airflow/example_dags/example_branch_labels.py
[2024-10-12T14:09:24.936-0400] {processor.py:914} INFO - Processing file /Users/karenwang/anaconda3/envs/airflow_sqlite_env/lib/python3.9/site-packages/airflow/example_dags/example_branch_labels.py for tasks to queue
[2024-10-12T14:09:24.938-0400] {logging_mixin.py:190} INFO - [2024-10-12T14:09:24.938-0400] {dagbag.py:588} INFO - Filling up the DagBag from /Users/karenwang/anaconda3/envs/airflow_sqlite_env/lib/python3.9/site-packages/airflow/example_dags/example_branch_labels.py
[2024-10-12T14:09:24.951-0400] {processor.py:925} INFO - DAG(s) 'example_branch_labels' retrieved from /Users/karenwang/anaconda3/envs/airflow_sqlite_env/lib/python3.9/site-packages/airflow/example_dags/example_branch_labels.py
[2024-10-12T14:09:25.141-0400] {logging_mixin.py:190} INFO - [2024-10-12T14:09:25.140-0400] {dag.py:3239} INFO - Sync 1 DAGs
[2024-10-12T14:09:25.170-0400] {logging_mixin.py:190} INFO - [2024-10-12T14:09:25.170-0400] {dag.py:4180} INFO - Setting next_dagrun for example_branch_labels to 2024-10-11 00:00:00+00:00, run_after=2024-10-12 00:00:00+00:00
[2024-10-12T14:09:25.188-0400] {processor.py:208} INFO - Processing /Users/karenwang/anaconda3/envs/airflow_sqlite_env/lib/python3.9/site-packages/airflow/example_dags/example_branch_labels.py took 0.260 seconds
[2024-10-12T14:16:33.958-0400] {processor.py:186} INFO - Started process (PID=85248) to work on /Users/karenwang/anaconda3/envs/airflow_sqlite_env/lib/python3.9/site-packages/airflow/example_dags/example_branch_labels.py
[2024-10-12T14:16:33.959-0400] {processor.py:914} INFO - Processing file /Users/karenwang/anaconda3/envs/airflow_sqlite_env/lib/python3.9/site-packages/airflow/example_dags/example_branch_labels.py for tasks to queue
[2024-10-12T14:16:33.960-0400] {logging_mixin.py:190} INFO - [2024-10-12T14:16:33.960-0400] {dagbag.py:588} INFO - Filling up the DagBag from /Users/karenwang/anaconda3/envs/airflow_sqlite_env/lib/python3.9/site-packages/airflow/example_dags/example_branch_labels.py
[2024-10-12T14:16:33.974-0400] {processor.py:925} INFO - DAG(s) 'example_branch_labels' retrieved from /Users/karenwang/anaconda3/envs/airflow_sqlite_env/lib/python3.9/site-packages/airflow/example_dags/example_branch_labels.py
[2024-10-12T14:16:34.170-0400] {logging_mixin.py:190} INFO - [2024-10-12T14:16:34.169-0400] {dag.py:3239} INFO - Sync 1 DAGs
[2024-10-12T14:16:34.198-0400] {logging_mixin.py:190} INFO - [2024-10-12T14:16:34.198-0400] {dag.py:4180} INFO - Setting next_dagrun for example_branch_labels to 2024-10-11 00:00:00+00:00, run_after=2024-10-12 00:00:00+00:00
[2024-10-12T14:16:34.221-0400] {processor.py:208} INFO - Processing /Users/karenwang/anaconda3/envs/airflow_sqlite_env/lib/python3.9/site-packages/airflow/example_dags/example_branch_labels.py took 0.270 seconds
[2024-10-12T14:23:29.502-0400] {processor.py:186} INFO - Started process (PID=87384) to work on /Users/karenwang/anaconda3/envs/airflow_sqlite_env/lib/python3.9/site-packages/airflow/example_dags/example_branch_labels.py
[2024-10-12T14:23:29.504-0400] {processor.py:914} INFO - Processing file /Users/karenwang/anaconda3/envs/airflow_sqlite_env/lib/python3.9/site-packages/airflow/example_dags/example_branch_labels.py for tasks to queue
[2024-10-12T14:23:29.505-0400] {logging_mixin.py:190} INFO - [2024-10-12T14:23:29.505-0400] {dagbag.py:588} INFO - Filling up the DagBag from /Users/karenwang/anaconda3/envs/airflow_sqlite_env/lib/python3.9/site-packages/airflow/example_dags/example_branch_labels.py
[2024-10-12T14:23:29.519-0400] {processor.py:925} INFO - DAG(s) 'example_branch_labels' retrieved from /Users/karenwang/anaconda3/envs/airflow_sqlite_env/lib/python3.9/site-packages/airflow/example_dags/example_branch_labels.py
[2024-10-12T14:23:29.724-0400] {logging_mixin.py:190} INFO - [2024-10-12T14:23:29.724-0400] {dag.py:3239} INFO - Sync 1 DAGs
[2024-10-12T14:23:29.747-0400] {logging_mixin.py:190} INFO - [2024-10-12T14:23:29.747-0400] {dag.py:4180} INFO - Setting next_dagrun for example_branch_labels to 2024-10-11 00:00:00+00:00, run_after=2024-10-12 00:00:00+00:00
[2024-10-12T14:23:29.767-0400] {processor.py:208} INFO - Processing /Users/karenwang/anaconda3/envs/airflow_sqlite_env/lib/python3.9/site-packages/airflow/example_dags/example_branch_labels.py took 0.270 seconds
[2024-10-12T14:30:36.498-0400] {processor.py:186} INFO - Started process (PID=89532) to work on /Users/karenwang/anaconda3/envs/airflow_sqlite_env/lib/python3.9/site-packages/airflow/example_dags/example_branch_labels.py
[2024-10-12T14:30:36.500-0400] {processor.py:914} INFO - Processing file /Users/karenwang/anaconda3/envs/airflow_sqlite_env/lib/python3.9/site-packages/airflow/example_dags/example_branch_labels.py for tasks to queue
[2024-10-12T14:30:36.501-0400] {logging_mixin.py:190} INFO - [2024-10-12T14:30:36.501-0400] {dagbag.py:588} INFO - Filling up the DagBag from /Users/karenwang/anaconda3/envs/airflow_sqlite_env/lib/python3.9/site-packages/airflow/example_dags/example_branch_labels.py
[2024-10-12T14:30:36.516-0400] {processor.py:925} INFO - DAG(s) 'example_branch_labels' retrieved from /Users/karenwang/anaconda3/envs/airflow_sqlite_env/lib/python3.9/site-packages/airflow/example_dags/example_branch_labels.py
[2024-10-12T14:30:36.721-0400] {logging_mixin.py:190} INFO - [2024-10-12T14:30:36.720-0400] {dag.py:3239} INFO - Sync 1 DAGs
[2024-10-12T14:30:36.749-0400] {logging_mixin.py:190} INFO - [2024-10-12T14:30:36.749-0400] {dag.py:4180} INFO - Setting next_dagrun for example_branch_labels to 2024-10-11 00:00:00+00:00, run_after=2024-10-12 00:00:00+00:00
[2024-10-12T14:30:36.773-0400] {processor.py:208} INFO - Processing /Users/karenwang/anaconda3/envs/airflow_sqlite_env/lib/python3.9/site-packages/airflow/example_dags/example_branch_labels.py took 0.280 seconds
[2024-10-12T14:37:32.454-0400] {processor.py:186} INFO - Started process (PID=91640) to work on /Users/karenwang/anaconda3/envs/airflow_sqlite_env/lib/python3.9/site-packages/airflow/example_dags/example_branch_labels.py
[2024-10-12T14:37:32.456-0400] {processor.py:914} INFO - Processing file /Users/karenwang/anaconda3/envs/airflow_sqlite_env/lib/python3.9/site-packages/airflow/example_dags/example_branch_labels.py for tasks to queue
[2024-10-12T14:37:32.457-0400] {logging_mixin.py:190} INFO - [2024-10-12T14:37:32.457-0400] {dagbag.py:588} INFO - Filling up the DagBag from /Users/karenwang/anaconda3/envs/airflow_sqlite_env/lib/python3.9/site-packages/airflow/example_dags/example_branch_labels.py
[2024-10-12T14:37:32.469-0400] {processor.py:925} INFO - DAG(s) 'example_branch_labels' retrieved from /Users/karenwang/anaconda3/envs/airflow_sqlite_env/lib/python3.9/site-packages/airflow/example_dags/example_branch_labels.py
[2024-10-12T14:37:32.655-0400] {logging_mixin.py:190} INFO - [2024-10-12T14:37:32.655-0400] {dag.py:3239} INFO - Sync 1 DAGs
[2024-10-12T14:37:32.684-0400] {logging_mixin.py:190} INFO - [2024-10-12T14:37:32.683-0400] {dag.py:4180} INFO - Setting next_dagrun for example_branch_labels to 2024-10-11 00:00:00+00:00, run_after=2024-10-12 00:00:00+00:00
[2024-10-12T14:37:32.706-0400] {processor.py:208} INFO - Processing /Users/karenwang/anaconda3/envs/airflow_sqlite_env/lib/python3.9/site-packages/airflow/example_dags/example_branch_labels.py took 0.257 seconds
[2024-10-12T14:44:29.948-0400] {processor.py:186} INFO - Started process (PID=93791) to work on /Users/karenwang/anaconda3/envs/airflow_sqlite_env/lib/python3.9/site-packages/airflow/example_dags/example_branch_labels.py
[2024-10-12T14:44:29.950-0400] {processor.py:914} INFO - Processing file /Users/karenwang/anaconda3/envs/airflow_sqlite_env/lib/python3.9/site-packages/airflow/example_dags/example_branch_labels.py for tasks to queue
[2024-10-12T14:44:29.951-0400] {logging_mixin.py:190} INFO - [2024-10-12T14:44:29.951-0400] {dagbag.py:588} INFO - Filling up the DagBag from /Users/karenwang/anaconda3/envs/airflow_sqlite_env/lib/python3.9/site-packages/airflow/example_dags/example_branch_labels.py
[2024-10-12T14:44:29.967-0400] {processor.py:925} INFO - DAG(s) 'example_branch_labels' retrieved from /Users/karenwang/anaconda3/envs/airflow_sqlite_env/lib/python3.9/site-packages/airflow/example_dags/example_branch_labels.py
[2024-10-12T14:44:30.156-0400] {logging_mixin.py:190} INFO - [2024-10-12T14:44:30.155-0400] {dag.py:3239} INFO - Sync 1 DAGs
[2024-10-12T14:44:30.181-0400] {logging_mixin.py:190} INFO - [2024-10-12T14:44:30.181-0400] {dag.py:4180} INFO - Setting next_dagrun for example_branch_labels to 2024-10-11 00:00:00+00:00, run_after=2024-10-12 00:00:00+00:00
[2024-10-12T14:44:30.200-0400] {processor.py:208} INFO - Processing /Users/karenwang/anaconda3/envs/airflow_sqlite_env/lib/python3.9/site-packages/airflow/example_dags/example_branch_labels.py took 0.258 seconds
[2024-10-12T14:51:38.657-0400] {processor.py:186} INFO - Started process (PID=95985) to work on /Users/karenwang/anaconda3/envs/airflow_sqlite_env/lib/python3.9/site-packages/airflow/example_dags/example_branch_labels.py
[2024-10-12T14:51:38.659-0400] {processor.py:914} INFO - Processing file /Users/karenwang/anaconda3/envs/airflow_sqlite_env/lib/python3.9/site-packages/airflow/example_dags/example_branch_labels.py for tasks to queue
[2024-10-12T14:51:38.660-0400] {logging_mixin.py:190} INFO - [2024-10-12T14:51:38.660-0400] {dagbag.py:588} INFO - Filling up the DagBag from /Users/karenwang/anaconda3/envs/airflow_sqlite_env/lib/python3.9/site-packages/airflow/example_dags/example_branch_labels.py
[2024-10-12T14:51:38.674-0400] {processor.py:925} INFO - DAG(s) 'example_branch_labels' retrieved from /Users/karenwang/anaconda3/envs/airflow_sqlite_env/lib/python3.9/site-packages/airflow/example_dags/example_branch_labels.py
[2024-10-12T14:51:38.853-0400] {logging_mixin.py:190} INFO - [2024-10-12T14:51:38.852-0400] {dag.py:3239} INFO - Sync 1 DAGs
[2024-10-12T14:51:38.880-0400] {logging_mixin.py:190} INFO - [2024-10-12T14:51:38.880-0400] {dag.py:4180} INFO - Setting next_dagrun for example_branch_labels to 2024-10-11 00:00:00+00:00, run_after=2024-10-12 00:00:00+00:00
[2024-10-12T14:51:38.902-0400] {processor.py:208} INFO - Processing /Users/karenwang/anaconda3/envs/airflow_sqlite_env/lib/python3.9/site-packages/airflow/example_dags/example_branch_labels.py took 0.250 seconds
[2024-10-12T14:58:34.812-0400] {processor.py:186} INFO - Started process (PID=98088) to work on /Users/karenwang/anaconda3/envs/airflow_sqlite_env/lib/python3.9/site-packages/airflow/example_dags/example_branch_labels.py
[2024-10-12T14:58:34.814-0400] {processor.py:914} INFO - Processing file /Users/karenwang/anaconda3/envs/airflow_sqlite_env/lib/python3.9/site-packages/airflow/example_dags/example_branch_labels.py for tasks to queue
[2024-10-12T14:58:34.815-0400] {logging_mixin.py:190} INFO - [2024-10-12T14:58:34.815-0400] {dagbag.py:588} INFO - Filling up the DagBag from /Users/karenwang/anaconda3/envs/airflow_sqlite_env/lib/python3.9/site-packages/airflow/example_dags/example_branch_labels.py
[2024-10-12T14:58:34.827-0400] {processor.py:925} INFO - DAG(s) 'example_branch_labels' retrieved from /Users/karenwang/anaconda3/envs/airflow_sqlite_env/lib/python3.9/site-packages/airflow/example_dags/example_branch_labels.py
[2024-10-12T14:58:35.025-0400] {logging_mixin.py:190} INFO - [2024-10-12T14:58:35.025-0400] {dag.py:3239} INFO - Sync 1 DAGs
[2024-10-12T14:58:35.050-0400] {logging_mixin.py:190} INFO - [2024-10-12T14:58:35.050-0400] {dag.py:4180} INFO - Setting next_dagrun for example_branch_labels to 2024-10-11 00:00:00+00:00, run_after=2024-10-12 00:00:00+00:00
[2024-10-12T14:58:35.070-0400] {processor.py:208} INFO - Processing /Users/karenwang/anaconda3/envs/airflow_sqlite_env/lib/python3.9/site-packages/airflow/example_dags/example_branch_labels.py took 0.264 seconds
[2024-10-12T15:05:42.996-0400] {processor.py:186} INFO - Started process (PID=804) to work on /Users/karenwang/anaconda3/envs/airflow_sqlite_env/lib/python3.9/site-packages/airflow/example_dags/example_branch_labels.py
[2024-10-12T15:05:42.998-0400] {processor.py:914} INFO - Processing file /Users/karenwang/anaconda3/envs/airflow_sqlite_env/lib/python3.9/site-packages/airflow/example_dags/example_branch_labels.py for tasks to queue
[2024-10-12T15:05:42.999-0400] {logging_mixin.py:190} INFO - [2024-10-12T15:05:42.999-0400] {dagbag.py:588} INFO - Filling up the DagBag from /Users/karenwang/anaconda3/envs/airflow_sqlite_env/lib/python3.9/site-packages/airflow/example_dags/example_branch_labels.py
[2024-10-12T15:05:43.013-0400] {processor.py:925} INFO - DAG(s) 'example_branch_labels' retrieved from /Users/karenwang/anaconda3/envs/airflow_sqlite_env/lib/python3.9/site-packages/airflow/example_dags/example_branch_labels.py
[2024-10-12T15:05:43.216-0400] {logging_mixin.py:190} INFO - [2024-10-12T15:05:43.216-0400] {dag.py:3239} INFO - Sync 1 DAGs
[2024-10-12T15:05:43.239-0400] {logging_mixin.py:190} INFO - [2024-10-12T15:05:43.239-0400] {dag.py:4180} INFO - Setting next_dagrun for example_branch_labels to 2024-10-11 00:00:00+00:00, run_after=2024-10-12 00:00:00+00:00
[2024-10-12T15:05:43.261-0400] {processor.py:208} INFO - Processing /Users/karenwang/anaconda3/envs/airflow_sqlite_env/lib/python3.9/site-packages/airflow/example_dags/example_branch_labels.py took 0.271 seconds
[2024-10-12T15:12:40.504-0400] {processor.py:186} INFO - Started process (PID=3109) to work on /Users/karenwang/anaconda3/envs/airflow_sqlite_env/lib/python3.9/site-packages/airflow/example_dags/example_branch_labels.py
[2024-10-12T15:12:40.506-0400] {processor.py:914} INFO - Processing file /Users/karenwang/anaconda3/envs/airflow_sqlite_env/lib/python3.9/site-packages/airflow/example_dags/example_branch_labels.py for tasks to queue
[2024-10-12T15:12:40.507-0400] {logging_mixin.py:190} INFO - [2024-10-12T15:12:40.507-0400] {dagbag.py:588} INFO - Filling up the DagBag from /Users/karenwang/anaconda3/envs/airflow_sqlite_env/lib/python3.9/site-packages/airflow/example_dags/example_branch_labels.py
[2024-10-12T15:12:40.519-0400] {processor.py:925} INFO - DAG(s) 'example_branch_labels' retrieved from /Users/karenwang/anaconda3/envs/airflow_sqlite_env/lib/python3.9/site-packages/airflow/example_dags/example_branch_labels.py
[2024-10-12T15:12:40.730-0400] {logging_mixin.py:190} INFO - [2024-10-12T15:12:40.729-0400] {dag.py:3239} INFO - Sync 1 DAGs
[2024-10-12T15:12:40.756-0400] {logging_mixin.py:190} INFO - [2024-10-12T15:12:40.755-0400] {dag.py:4180} INFO - Setting next_dagrun for example_branch_labels to 2024-10-11 00:00:00+00:00, run_after=2024-10-12 00:00:00+00:00
[2024-10-12T15:12:40.774-0400] {processor.py:208} INFO - Processing /Users/karenwang/anaconda3/envs/airflow_sqlite_env/lib/python3.9/site-packages/airflow/example_dags/example_branch_labels.py took 0.275 seconds
[2024-10-12T15:19:45.517-0400] {processor.py:186} INFO - Started process (PID=5259) to work on /Users/karenwang/anaconda3/envs/airflow_sqlite_env/lib/python3.9/site-packages/airflow/example_dags/example_branch_labels.py
[2024-10-12T15:19:45.519-0400] {processor.py:914} INFO - Processing file /Users/karenwang/anaconda3/envs/airflow_sqlite_env/lib/python3.9/site-packages/airflow/example_dags/example_branch_labels.py for tasks to queue
[2024-10-12T15:19:45.520-0400] {logging_mixin.py:190} INFO - [2024-10-12T15:19:45.519-0400] {dagbag.py:588} INFO - Filling up the DagBag from /Users/karenwang/anaconda3/envs/airflow_sqlite_env/lib/python3.9/site-packages/airflow/example_dags/example_branch_labels.py
[2024-10-12T15:19:45.530-0400] {processor.py:925} INFO - DAG(s) 'example_branch_labels' retrieved from /Users/karenwang/anaconda3/envs/airflow_sqlite_env/lib/python3.9/site-packages/airflow/example_dags/example_branch_labels.py
[2024-10-12T15:19:45.736-0400] {logging_mixin.py:190} INFO - [2024-10-12T15:19:45.736-0400] {dag.py:3239} INFO - Sync 1 DAGs
[2024-10-12T15:19:45.766-0400] {logging_mixin.py:190} INFO - [2024-10-12T15:19:45.766-0400] {dag.py:4180} INFO - Setting next_dagrun for example_branch_labels to 2024-10-11 00:00:00+00:00, run_after=2024-10-12 00:00:00+00:00
[2024-10-12T15:19:45.786-0400] {processor.py:208} INFO - Processing /Users/karenwang/anaconda3/envs/airflow_sqlite_env/lib/python3.9/site-packages/airflow/example_dags/example_branch_labels.py took 0.275 seconds
[2024-10-12T15:26:42.795-0400] {processor.py:186} INFO - Started process (PID=7377) to work on /Users/karenwang/anaconda3/envs/airflow_sqlite_env/lib/python3.9/site-packages/airflow/example_dags/example_branch_labels.py
[2024-10-12T15:26:42.797-0400] {processor.py:914} INFO - Processing file /Users/karenwang/anaconda3/envs/airflow_sqlite_env/lib/python3.9/site-packages/airflow/example_dags/example_branch_labels.py for tasks to queue
[2024-10-12T15:26:42.798-0400] {logging_mixin.py:190} INFO - [2024-10-12T15:26:42.798-0400] {dagbag.py:588} INFO - Filling up the DagBag from /Users/karenwang/anaconda3/envs/airflow_sqlite_env/lib/python3.9/site-packages/airflow/example_dags/example_branch_labels.py
[2024-10-12T15:26:42.810-0400] {processor.py:925} INFO - DAG(s) 'example_branch_labels' retrieved from /Users/karenwang/anaconda3/envs/airflow_sqlite_env/lib/python3.9/site-packages/airflow/example_dags/example_branch_labels.py
[2024-10-12T15:26:43.017-0400] {logging_mixin.py:190} INFO - [2024-10-12T15:26:43.016-0400] {dag.py:3239} INFO - Sync 1 DAGs
[2024-10-12T15:26:43.042-0400] {logging_mixin.py:190} INFO - [2024-10-12T15:26:43.041-0400] {dag.py:4180} INFO - Setting next_dagrun for example_branch_labels to 2024-10-11 00:00:00+00:00, run_after=2024-10-12 00:00:00+00:00
[2024-10-12T15:26:43.063-0400] {processor.py:208} INFO - Processing /Users/karenwang/anaconda3/envs/airflow_sqlite_env/lib/python3.9/site-packages/airflow/example_dags/example_branch_labels.py took 0.274 seconds
[2024-10-12T15:33:58.252-0400] {processor.py:186} INFO - Started process (PID=9612) to work on /Users/karenwang/anaconda3/envs/airflow_sqlite_env/lib/python3.9/site-packages/airflow/example_dags/example_branch_labels.py
[2024-10-12T15:33:58.253-0400] {processor.py:914} INFO - Processing file /Users/karenwang/anaconda3/envs/airflow_sqlite_env/lib/python3.9/site-packages/airflow/example_dags/example_branch_labels.py for tasks to queue
[2024-10-12T15:33:58.255-0400] {logging_mixin.py:190} INFO - [2024-10-12T15:33:58.254-0400] {dagbag.py:588} INFO - Filling up the DagBag from /Users/karenwang/anaconda3/envs/airflow_sqlite_env/lib/python3.9/site-packages/airflow/example_dags/example_branch_labels.py
[2024-10-12T15:33:58.266-0400] {processor.py:925} INFO - DAG(s) 'example_branch_labels' retrieved from /Users/karenwang/anaconda3/envs/airflow_sqlite_env/lib/python3.9/site-packages/airflow/example_dags/example_branch_labels.py
[2024-10-12T15:33:58.458-0400] {logging_mixin.py:190} INFO - [2024-10-12T15:33:58.457-0400] {dag.py:3239} INFO - Sync 1 DAGs
[2024-10-12T15:33:58.485-0400] {logging_mixin.py:190} INFO - [2024-10-12T15:33:58.485-0400] {dag.py:4180} INFO - Setting next_dagrun for example_branch_labels to 2024-10-11 00:00:00+00:00, run_after=2024-10-12 00:00:00+00:00
[2024-10-12T15:33:58.507-0400] {processor.py:208} INFO - Processing /Users/karenwang/anaconda3/envs/airflow_sqlite_env/lib/python3.9/site-packages/airflow/example_dags/example_branch_labels.py took 0.261 seconds
[2024-10-12T15:40:54.552-0400] {processor.py:186} INFO - Started process (PID=11727) to work on /Users/karenwang/anaconda3/envs/airflow_sqlite_env/lib/python3.9/site-packages/airflow/example_dags/example_branch_labels.py
[2024-10-12T15:40:54.553-0400] {processor.py:914} INFO - Processing file /Users/karenwang/anaconda3/envs/airflow_sqlite_env/lib/python3.9/site-packages/airflow/example_dags/example_branch_labels.py for tasks to queue
[2024-10-12T15:40:54.555-0400] {logging_mixin.py:190} INFO - [2024-10-12T15:40:54.555-0400] {dagbag.py:588} INFO - Filling up the DagBag from /Users/karenwang/anaconda3/envs/airflow_sqlite_env/lib/python3.9/site-packages/airflow/example_dags/example_branch_labels.py
[2024-10-12T15:40:54.571-0400] {processor.py:925} INFO - DAG(s) 'example_branch_labels' retrieved from /Users/karenwang/anaconda3/envs/airflow_sqlite_env/lib/python3.9/site-packages/airflow/example_dags/example_branch_labels.py
[2024-10-12T15:40:54.787-0400] {logging_mixin.py:190} INFO - [2024-10-12T15:40:54.786-0400] {dag.py:3239} INFO - Sync 1 DAGs
[2024-10-12T15:40:54.813-0400] {logging_mixin.py:190} INFO - [2024-10-12T15:40:54.813-0400] {dag.py:4180} INFO - Setting next_dagrun for example_branch_labels to 2024-10-11 00:00:00+00:00, run_after=2024-10-12 00:00:00+00:00
[2024-10-12T15:40:54.834-0400] {processor.py:208} INFO - Processing /Users/karenwang/anaconda3/envs/airflow_sqlite_env/lib/python3.9/site-packages/airflow/example_dags/example_branch_labels.py took 0.289 seconds
[2024-10-12T15:48:02.436-0400] {processor.py:186} INFO - Started process (PID=13919) to work on /Users/karenwang/anaconda3/envs/airflow_sqlite_env/lib/python3.9/site-packages/airflow/example_dags/example_branch_labels.py
[2024-10-12T15:48:02.437-0400] {processor.py:914} INFO - Processing file /Users/karenwang/anaconda3/envs/airflow_sqlite_env/lib/python3.9/site-packages/airflow/example_dags/example_branch_labels.py for tasks to queue
[2024-10-12T15:48:02.439-0400] {logging_mixin.py:190} INFO - [2024-10-12T15:48:02.438-0400] {dagbag.py:588} INFO - Filling up the DagBag from /Users/karenwang/anaconda3/envs/airflow_sqlite_env/lib/python3.9/site-packages/airflow/example_dags/example_branch_labels.py
[2024-10-12T15:48:02.454-0400] {processor.py:925} INFO - DAG(s) 'example_branch_labels' retrieved from /Users/karenwang/anaconda3/envs/airflow_sqlite_env/lib/python3.9/site-packages/airflow/example_dags/example_branch_labels.py
[2024-10-12T15:48:02.657-0400] {logging_mixin.py:190} INFO - [2024-10-12T15:48:02.656-0400] {dag.py:3239} INFO - Sync 1 DAGs
[2024-10-12T15:48:02.686-0400] {logging_mixin.py:190} INFO - [2024-10-12T15:48:02.686-0400] {dag.py:4180} INFO - Setting next_dagrun for example_branch_labels to 2024-10-11 00:00:00+00:00, run_after=2024-10-12 00:00:00+00:00
[2024-10-12T15:48:02.709-0400] {processor.py:208} INFO - Processing /Users/karenwang/anaconda3/envs/airflow_sqlite_env/lib/python3.9/site-packages/airflow/example_dags/example_branch_labels.py took 0.279 seconds
[2024-10-12T15:54:57.215-0400] {processor.py:186} INFO - Started process (PID=16009) to work on /Users/karenwang/anaconda3/envs/airflow_sqlite_env/lib/python3.9/site-packages/airflow/example_dags/example_branch_labels.py
[2024-10-12T15:54:57.216-0400] {processor.py:914} INFO - Processing file /Users/karenwang/anaconda3/envs/airflow_sqlite_env/lib/python3.9/site-packages/airflow/example_dags/example_branch_labels.py for tasks to queue
[2024-10-12T15:54:57.218-0400] {logging_mixin.py:190} INFO - [2024-10-12T15:54:57.217-0400] {dagbag.py:588} INFO - Filling up the DagBag from /Users/karenwang/anaconda3/envs/airflow_sqlite_env/lib/python3.9/site-packages/airflow/example_dags/example_branch_labels.py
[2024-10-12T15:54:57.233-0400] {processor.py:925} INFO - DAG(s) 'example_branch_labels' retrieved from /Users/karenwang/anaconda3/envs/airflow_sqlite_env/lib/python3.9/site-packages/airflow/example_dags/example_branch_labels.py
[2024-10-12T15:54:57.428-0400] {logging_mixin.py:190} INFO - [2024-10-12T15:54:57.428-0400] {dag.py:3239} INFO - Sync 1 DAGs
[2024-10-12T15:54:57.455-0400] {logging_mixin.py:190} INFO - [2024-10-12T15:54:57.454-0400] {dag.py:4180} INFO - Setting next_dagrun for example_branch_labels to 2024-10-11 00:00:00+00:00, run_after=2024-10-12 00:00:00+00:00
[2024-10-12T15:54:57.476-0400] {processor.py:208} INFO - Processing /Users/karenwang/anaconda3/envs/airflow_sqlite_env/lib/python3.9/site-packages/airflow/example_dags/example_branch_labels.py took 0.268 seconds
[2024-10-12T16:02:07.546-0400] {processor.py:186} INFO - Started process (PID=18202) to work on /Users/karenwang/anaconda3/envs/airflow_sqlite_env/lib/python3.9/site-packages/airflow/example_dags/example_branch_labels.py
[2024-10-12T16:02:07.548-0400] {processor.py:914} INFO - Processing file /Users/karenwang/anaconda3/envs/airflow_sqlite_env/lib/python3.9/site-packages/airflow/example_dags/example_branch_labels.py for tasks to queue
[2024-10-12T16:02:07.550-0400] {logging_mixin.py:190} INFO - [2024-10-12T16:02:07.549-0400] {dagbag.py:588} INFO - Filling up the DagBag from /Users/karenwang/anaconda3/envs/airflow_sqlite_env/lib/python3.9/site-packages/airflow/example_dags/example_branch_labels.py
[2024-10-12T16:02:07.561-0400] {processor.py:925} INFO - DAG(s) 'example_branch_labels' retrieved from /Users/karenwang/anaconda3/envs/airflow_sqlite_env/lib/python3.9/site-packages/airflow/example_dags/example_branch_labels.py
[2024-10-12T16:02:07.758-0400] {logging_mixin.py:190} INFO - [2024-10-12T16:02:07.757-0400] {dag.py:3239} INFO - Sync 1 DAGs
[2024-10-12T16:02:07.781-0400] {logging_mixin.py:190} INFO - [2024-10-12T16:02:07.780-0400] {dag.py:4180} INFO - Setting next_dagrun for example_branch_labels to 2024-10-11 00:00:00+00:00, run_after=2024-10-12 00:00:00+00:00
[2024-10-12T16:02:07.803-0400] {processor.py:208} INFO - Processing /Users/karenwang/anaconda3/envs/airflow_sqlite_env/lib/python3.9/site-packages/airflow/example_dags/example_branch_labels.py took 0.262 seconds
[2024-10-12T16:09:04.764-0400] {processor.py:186} INFO - Started process (PID=20320) to work on /Users/karenwang/anaconda3/envs/airflow_sqlite_env/lib/python3.9/site-packages/airflow/example_dags/example_branch_labels.py
[2024-10-12T16:09:04.765-0400] {processor.py:914} INFO - Processing file /Users/karenwang/anaconda3/envs/airflow_sqlite_env/lib/python3.9/site-packages/airflow/example_dags/example_branch_labels.py for tasks to queue
[2024-10-12T16:09:04.767-0400] {logging_mixin.py:190} INFO - [2024-10-12T16:09:04.767-0400] {dagbag.py:588} INFO - Filling up the DagBag from /Users/karenwang/anaconda3/envs/airflow_sqlite_env/lib/python3.9/site-packages/airflow/example_dags/example_branch_labels.py
[2024-10-12T16:09:04.779-0400] {processor.py:925} INFO - DAG(s) 'example_branch_labels' retrieved from /Users/karenwang/anaconda3/envs/airflow_sqlite_env/lib/python3.9/site-packages/airflow/example_dags/example_branch_labels.py
[2024-10-12T16:09:04.974-0400] {logging_mixin.py:190} INFO - [2024-10-12T16:09:04.973-0400] {dag.py:3239} INFO - Sync 1 DAGs
[2024-10-12T16:09:05.000-0400] {logging_mixin.py:190} INFO - [2024-10-12T16:09:05.000-0400] {dag.py:4180} INFO - Setting next_dagrun for example_branch_labels to 2024-10-11 00:00:00+00:00, run_after=2024-10-12 00:00:00+00:00
[2024-10-12T16:09:05.023-0400] {processor.py:208} INFO - Processing /Users/karenwang/anaconda3/envs/airflow_sqlite_env/lib/python3.9/site-packages/airflow/example_dags/example_branch_labels.py took 0.265 seconds
[2024-10-12T16:16:14.457-0400] {processor.py:186} INFO - Started process (PID=22494) to work on /Users/karenwang/anaconda3/envs/airflow_sqlite_env/lib/python3.9/site-packages/airflow/example_dags/example_branch_labels.py
[2024-10-12T16:16:14.458-0400] {processor.py:914} INFO - Processing file /Users/karenwang/anaconda3/envs/airflow_sqlite_env/lib/python3.9/site-packages/airflow/example_dags/example_branch_labels.py for tasks to queue
[2024-10-12T16:16:14.459-0400] {logging_mixin.py:190} INFO - [2024-10-12T16:16:14.459-0400] {dagbag.py:588} INFO - Filling up the DagBag from /Users/karenwang/anaconda3/envs/airflow_sqlite_env/lib/python3.9/site-packages/airflow/example_dags/example_branch_labels.py
[2024-10-12T16:16:14.471-0400] {processor.py:925} INFO - DAG(s) 'example_branch_labels' retrieved from /Users/karenwang/anaconda3/envs/airflow_sqlite_env/lib/python3.9/site-packages/airflow/example_dags/example_branch_labels.py
[2024-10-12T16:16:14.667-0400] {logging_mixin.py:190} INFO - [2024-10-12T16:16:14.667-0400] {dag.py:3239} INFO - Sync 1 DAGs
[2024-10-12T16:16:14.694-0400] {logging_mixin.py:190} INFO - [2024-10-12T16:16:14.694-0400] {dag.py:4180} INFO - Setting next_dagrun for example_branch_labels to 2024-10-11 00:00:00+00:00, run_after=2024-10-12 00:00:00+00:00
[2024-10-12T16:16:14.715-0400] {processor.py:208} INFO - Processing /Users/karenwang/anaconda3/envs/airflow_sqlite_env/lib/python3.9/site-packages/airflow/example_dags/example_branch_labels.py took 0.263 seconds
[2024-10-12T16:23:11.620-0400] {processor.py:186} INFO - Started process (PID=24622) to work on /Users/karenwang/anaconda3/envs/airflow_sqlite_env/lib/python3.9/site-packages/airflow/example_dags/example_branch_labels.py
[2024-10-12T16:23:11.621-0400] {processor.py:914} INFO - Processing file /Users/karenwang/anaconda3/envs/airflow_sqlite_env/lib/python3.9/site-packages/airflow/example_dags/example_branch_labels.py for tasks to queue
[2024-10-12T16:23:11.622-0400] {logging_mixin.py:190} INFO - [2024-10-12T16:23:11.622-0400] {dagbag.py:588} INFO - Filling up the DagBag from /Users/karenwang/anaconda3/envs/airflow_sqlite_env/lib/python3.9/site-packages/airflow/example_dags/example_branch_labels.py
[2024-10-12T16:23:11.637-0400] {processor.py:925} INFO - DAG(s) 'example_branch_labels' retrieved from /Users/karenwang/anaconda3/envs/airflow_sqlite_env/lib/python3.9/site-packages/airflow/example_dags/example_branch_labels.py
[2024-10-12T16:23:11.844-0400] {logging_mixin.py:190} INFO - [2024-10-12T16:23:11.843-0400] {dag.py:3239} INFO - Sync 1 DAGs
[2024-10-12T16:23:11.870-0400] {logging_mixin.py:190} INFO - [2024-10-12T16:23:11.870-0400] {dag.py:4180} INFO - Setting next_dagrun for example_branch_labels to 2024-10-11 00:00:00+00:00, run_after=2024-10-12 00:00:00+00:00
[2024-10-12T16:23:11.891-0400] {processor.py:208} INFO - Processing /Users/karenwang/anaconda3/envs/airflow_sqlite_env/lib/python3.9/site-packages/airflow/example_dags/example_branch_labels.py took 0.278 seconds
[2024-10-12T16:30:20.183-0400] {processor.py:186} INFO - Started process (PID=26828) to work on /Users/karenwang/anaconda3/envs/airflow_sqlite_env/lib/python3.9/site-packages/airflow/example_dags/example_branch_labels.py
[2024-10-12T16:30:20.185-0400] {processor.py:914} INFO - Processing file /Users/karenwang/anaconda3/envs/airflow_sqlite_env/lib/python3.9/site-packages/airflow/example_dags/example_branch_labels.py for tasks to queue
[2024-10-12T16:30:20.187-0400] {logging_mixin.py:190} INFO - [2024-10-12T16:30:20.187-0400] {dagbag.py:588} INFO - Filling up the DagBag from /Users/karenwang/anaconda3/envs/airflow_sqlite_env/lib/python3.9/site-packages/airflow/example_dags/example_branch_labels.py
[2024-10-12T16:30:20.201-0400] {processor.py:925} INFO - DAG(s) 'example_branch_labels' retrieved from /Users/karenwang/anaconda3/envs/airflow_sqlite_env/lib/python3.9/site-packages/airflow/example_dags/example_branch_labels.py
[2024-10-12T16:30:20.418-0400] {logging_mixin.py:190} INFO - [2024-10-12T16:30:20.417-0400] {dag.py:3239} INFO - Sync 1 DAGs
[2024-10-12T16:30:20.446-0400] {logging_mixin.py:190} INFO - [2024-10-12T16:30:20.446-0400] {dag.py:4180} INFO - Setting next_dagrun for example_branch_labels to 2024-10-11 00:00:00+00:00, run_after=2024-10-12 00:00:00+00:00
[2024-10-12T16:30:20.470-0400] {processor.py:208} INFO - Processing /Users/karenwang/anaconda3/envs/airflow_sqlite_env/lib/python3.9/site-packages/airflow/example_dags/example_branch_labels.py took 0.293 seconds
[2024-10-12T16:37:29.450-0400] {processor.py:186} INFO - Started process (PID=29003) to work on /Users/karenwang/anaconda3/envs/airflow_sqlite_env/lib/python3.9/site-packages/airflow/example_dags/example_branch_labels.py
[2024-10-12T16:37:29.452-0400] {processor.py:914} INFO - Processing file /Users/karenwang/anaconda3/envs/airflow_sqlite_env/lib/python3.9/site-packages/airflow/example_dags/example_branch_labels.py for tasks to queue
[2024-10-12T16:37:29.453-0400] {logging_mixin.py:190} INFO - [2024-10-12T16:37:29.453-0400] {dagbag.py:588} INFO - Filling up the DagBag from /Users/karenwang/anaconda3/envs/airflow_sqlite_env/lib/python3.9/site-packages/airflow/example_dags/example_branch_labels.py
[2024-10-12T16:37:29.468-0400] {processor.py:925} INFO - DAG(s) 'example_branch_labels' retrieved from /Users/karenwang/anaconda3/envs/airflow_sqlite_env/lib/python3.9/site-packages/airflow/example_dags/example_branch_labels.py
[2024-10-12T16:37:29.658-0400] {logging_mixin.py:190} INFO - [2024-10-12T16:37:29.657-0400] {dag.py:3239} INFO - Sync 1 DAGs
[2024-10-12T16:37:29.681-0400] {logging_mixin.py:190} INFO - [2024-10-12T16:37:29.681-0400] {dag.py:4180} INFO - Setting next_dagrun for example_branch_labels to 2024-10-11 00:00:00+00:00, run_after=2024-10-12 00:00:00+00:00
[2024-10-12T16:37:29.705-0400] {processor.py:208} INFO - Processing /Users/karenwang/anaconda3/envs/airflow_sqlite_env/lib/python3.9/site-packages/airflow/example_dags/example_branch_labels.py took 0.261 seconds
[2024-10-12T16:44:29.071-0400] {processor.py:186} INFO - Started process (PID=31153) to work on /Users/karenwang/anaconda3/envs/airflow_sqlite_env/lib/python3.9/site-packages/airflow/example_dags/example_branch_labels.py
[2024-10-12T16:44:29.072-0400] {processor.py:914} INFO - Processing file /Users/karenwang/anaconda3/envs/airflow_sqlite_env/lib/python3.9/site-packages/airflow/example_dags/example_branch_labels.py for tasks to queue
[2024-10-12T16:44:29.073-0400] {logging_mixin.py:190} INFO - [2024-10-12T16:44:29.073-0400] {dagbag.py:588} INFO - Filling up the DagBag from /Users/karenwang/anaconda3/envs/airflow_sqlite_env/lib/python3.9/site-packages/airflow/example_dags/example_branch_labels.py
[2024-10-12T16:44:29.085-0400] {processor.py:925} INFO - DAG(s) 'example_branch_labels' retrieved from /Users/karenwang/anaconda3/envs/airflow_sqlite_env/lib/python3.9/site-packages/airflow/example_dags/example_branch_labels.py
[2024-10-12T16:44:29.305-0400] {logging_mixin.py:190} INFO - [2024-10-12T16:44:29.304-0400] {dag.py:3239} INFO - Sync 1 DAGs
[2024-10-12T16:44:29.337-0400] {logging_mixin.py:190} INFO - [2024-10-12T16:44:29.337-0400] {dag.py:4180} INFO - Setting next_dagrun for example_branch_labels to 2024-10-11 00:00:00+00:00, run_after=2024-10-12 00:00:00+00:00
[2024-10-12T16:44:29.361-0400] {processor.py:208} INFO - Processing /Users/karenwang/anaconda3/envs/airflow_sqlite_env/lib/python3.9/site-packages/airflow/example_dags/example_branch_labels.py took 0.296 seconds
[2024-10-12T16:51:40.777-0400] {processor.py:186} INFO - Started process (PID=33363) to work on /Users/karenwang/anaconda3/envs/airflow_sqlite_env/lib/python3.9/site-packages/airflow/example_dags/example_branch_labels.py
[2024-10-12T16:51:40.778-0400] {processor.py:914} INFO - Processing file /Users/karenwang/anaconda3/envs/airflow_sqlite_env/lib/python3.9/site-packages/airflow/example_dags/example_branch_labels.py for tasks to queue
[2024-10-12T16:51:40.779-0400] {logging_mixin.py:190} INFO - [2024-10-12T16:51:40.779-0400] {dagbag.py:588} INFO - Filling up the DagBag from /Users/karenwang/anaconda3/envs/airflow_sqlite_env/lib/python3.9/site-packages/airflow/example_dags/example_branch_labels.py
[2024-10-12T16:51:40.791-0400] {processor.py:925} INFO - DAG(s) 'example_branch_labels' retrieved from /Users/karenwang/anaconda3/envs/airflow_sqlite_env/lib/python3.9/site-packages/airflow/example_dags/example_branch_labels.py
[2024-10-12T16:51:40.977-0400] {logging_mixin.py:190} INFO - [2024-10-12T16:51:40.977-0400] {dag.py:3239} INFO - Sync 1 DAGs
[2024-10-12T16:51:41.003-0400] {logging_mixin.py:190} INFO - [2024-10-12T16:51:41.002-0400] {dag.py:4180} INFO - Setting next_dagrun for example_branch_labels to 2024-10-11 00:00:00+00:00, run_after=2024-10-12 00:00:00+00:00
[2024-10-12T16:51:41.026-0400] {processor.py:208} INFO - Processing /Users/karenwang/anaconda3/envs/airflow_sqlite_env/lib/python3.9/site-packages/airflow/example_dags/example_branch_labels.py took 0.255 seconds
[2024-10-12T16:58:36.450-0400] {processor.py:186} INFO - Started process (PID=35470) to work on /Users/karenwang/anaconda3/envs/airflow_sqlite_env/lib/python3.9/site-packages/airflow/example_dags/example_branch_labels.py
[2024-10-12T16:58:36.451-0400] {processor.py:914} INFO - Processing file /Users/karenwang/anaconda3/envs/airflow_sqlite_env/lib/python3.9/site-packages/airflow/example_dags/example_branch_labels.py for tasks to queue
[2024-10-12T16:58:36.453-0400] {logging_mixin.py:190} INFO - [2024-10-12T16:58:36.452-0400] {dagbag.py:588} INFO - Filling up the DagBag from /Users/karenwang/anaconda3/envs/airflow_sqlite_env/lib/python3.9/site-packages/airflow/example_dags/example_branch_labels.py
[2024-10-12T16:58:36.468-0400] {processor.py:925} INFO - DAG(s) 'example_branch_labels' retrieved from /Users/karenwang/anaconda3/envs/airflow_sqlite_env/lib/python3.9/site-packages/airflow/example_dags/example_branch_labels.py
[2024-10-12T16:58:36.677-0400] {logging_mixin.py:190} INFO - [2024-10-12T16:58:36.676-0400] {dag.py:3239} INFO - Sync 1 DAGs
[2024-10-12T16:58:36.702-0400] {logging_mixin.py:190} INFO - [2024-10-12T16:58:36.702-0400] {dag.py:4180} INFO - Setting next_dagrun for example_branch_labels to 2024-10-11 00:00:00+00:00, run_after=2024-10-12 00:00:00+00:00
[2024-10-12T16:58:36.721-0400] {processor.py:208} INFO - Processing /Users/karenwang/anaconda3/envs/airflow_sqlite_env/lib/python3.9/site-packages/airflow/example_dags/example_branch_labels.py took 0.277 seconds
[2024-10-12T17:05:44.227-0400] {processor.py:186} INFO - Started process (PID=37642) to work on /Users/karenwang/anaconda3/envs/airflow_sqlite_env/lib/python3.9/site-packages/airflow/example_dags/example_branch_labels.py
[2024-10-12T17:05:44.228-0400] {processor.py:914} INFO - Processing file /Users/karenwang/anaconda3/envs/airflow_sqlite_env/lib/python3.9/site-packages/airflow/example_dags/example_branch_labels.py for tasks to queue
[2024-10-12T17:05:44.230-0400] {logging_mixin.py:190} INFO - [2024-10-12T17:05:44.229-0400] {dagbag.py:588} INFO - Filling up the DagBag from /Users/karenwang/anaconda3/envs/airflow_sqlite_env/lib/python3.9/site-packages/airflow/example_dags/example_branch_labels.py
[2024-10-12T17:05:44.243-0400] {processor.py:925} INFO - DAG(s) 'example_branch_labels' retrieved from /Users/karenwang/anaconda3/envs/airflow_sqlite_env/lib/python3.9/site-packages/airflow/example_dags/example_branch_labels.py
[2024-10-12T17:05:44.443-0400] {logging_mixin.py:190} INFO - [2024-10-12T17:05:44.442-0400] {dag.py:3239} INFO - Sync 1 DAGs
[2024-10-12T17:05:44.473-0400] {logging_mixin.py:190} INFO - [2024-10-12T17:05:44.472-0400] {dag.py:4180} INFO - Setting next_dagrun for example_branch_labels to 2024-10-11 00:00:00+00:00, run_after=2024-10-12 00:00:00+00:00
[2024-10-12T17:05:44.493-0400] {processor.py:208} INFO - Processing /Users/karenwang/anaconda3/envs/airflow_sqlite_env/lib/python3.9/site-packages/airflow/example_dags/example_branch_labels.py took 0.272 seconds
[2024-10-12T17:12:37.273-0400] {processor.py:186} INFO - Started process (PID=39733) to work on /Users/karenwang/anaconda3/envs/airflow_sqlite_env/lib/python3.9/site-packages/airflow/example_dags/example_branch_labels.py
[2024-10-12T17:12:37.274-0400] {processor.py:914} INFO - Processing file /Users/karenwang/anaconda3/envs/airflow_sqlite_env/lib/python3.9/site-packages/airflow/example_dags/example_branch_labels.py for tasks to queue
[2024-10-12T17:12:37.275-0400] {logging_mixin.py:190} INFO - [2024-10-12T17:12:37.275-0400] {dagbag.py:588} INFO - Filling up the DagBag from /Users/karenwang/anaconda3/envs/airflow_sqlite_env/lib/python3.9/site-packages/airflow/example_dags/example_branch_labels.py
[2024-10-12T17:12:37.288-0400] {processor.py:925} INFO - DAG(s) 'example_branch_labels' retrieved from /Users/karenwang/anaconda3/envs/airflow_sqlite_env/lib/python3.9/site-packages/airflow/example_dags/example_branch_labels.py
[2024-10-12T17:12:37.494-0400] {logging_mixin.py:190} INFO - [2024-10-12T17:12:37.494-0400] {dag.py:3239} INFO - Sync 1 DAGs
[2024-10-12T17:12:37.522-0400] {logging_mixin.py:190} INFO - [2024-10-12T17:12:37.522-0400] {dag.py:4180} INFO - Setting next_dagrun for example_branch_labels to 2024-10-11 00:00:00+00:00, run_after=2024-10-12 00:00:00+00:00
[2024-10-12T17:12:37.544-0400] {processor.py:208} INFO - Processing /Users/karenwang/anaconda3/envs/airflow_sqlite_env/lib/python3.9/site-packages/airflow/example_dags/example_branch_labels.py took 0.278 seconds
[2024-10-12T17:19:46.210-0400] {processor.py:186} INFO - Started process (PID=41910) to work on /Users/karenwang/anaconda3/envs/airflow_sqlite_env/lib/python3.9/site-packages/airflow/example_dags/example_branch_labels.py
[2024-10-12T17:19:46.212-0400] {processor.py:914} INFO - Processing file /Users/karenwang/anaconda3/envs/airflow_sqlite_env/lib/python3.9/site-packages/airflow/example_dags/example_branch_labels.py for tasks to queue
[2024-10-12T17:19:46.213-0400] {logging_mixin.py:190} INFO - [2024-10-12T17:19:46.213-0400] {dagbag.py:588} INFO - Filling up the DagBag from /Users/karenwang/anaconda3/envs/airflow_sqlite_env/lib/python3.9/site-packages/airflow/example_dags/example_branch_labels.py
[2024-10-12T17:19:46.228-0400] {processor.py:925} INFO - DAG(s) 'example_branch_labels' retrieved from /Users/karenwang/anaconda3/envs/airflow_sqlite_env/lib/python3.9/site-packages/airflow/example_dags/example_branch_labels.py
[2024-10-12T17:19:46.421-0400] {logging_mixin.py:190} INFO - [2024-10-12T17:19:46.421-0400] {dag.py:3239} INFO - Sync 1 DAGs
[2024-10-12T17:19:46.449-0400] {logging_mixin.py:190} INFO - [2024-10-12T17:19:46.448-0400] {dag.py:4180} INFO - Setting next_dagrun for example_branch_labels to 2024-10-11 00:00:00+00:00, run_after=2024-10-12 00:00:00+00:00
[2024-10-12T17:19:46.467-0400] {processor.py:208} INFO - Processing /Users/karenwang/anaconda3/envs/airflow_sqlite_env/lib/python3.9/site-packages/airflow/example_dags/example_branch_labels.py took 0.263 seconds
[2024-10-12T17:26:45.175-0400] {processor.py:186} INFO - Started process (PID=44039) to work on /Users/karenwang/anaconda3/envs/airflow_sqlite_env/lib/python3.9/site-packages/airflow/example_dags/example_branch_labels.py
[2024-10-12T17:26:45.177-0400] {processor.py:914} INFO - Processing file /Users/karenwang/anaconda3/envs/airflow_sqlite_env/lib/python3.9/site-packages/airflow/example_dags/example_branch_labels.py for tasks to queue
[2024-10-12T17:26:45.178-0400] {logging_mixin.py:190} INFO - [2024-10-12T17:26:45.178-0400] {dagbag.py:588} INFO - Filling up the DagBag from /Users/karenwang/anaconda3/envs/airflow_sqlite_env/lib/python3.9/site-packages/airflow/example_dags/example_branch_labels.py
[2024-10-12T17:26:45.191-0400] {processor.py:925} INFO - DAG(s) 'example_branch_labels' retrieved from /Users/karenwang/anaconda3/envs/airflow_sqlite_env/lib/python3.9/site-packages/airflow/example_dags/example_branch_labels.py
[2024-10-12T17:26:45.397-0400] {logging_mixin.py:190} INFO - [2024-10-12T17:26:45.397-0400] {dag.py:3239} INFO - Sync 1 DAGs
[2024-10-12T17:26:45.421-0400] {logging_mixin.py:190} INFO - [2024-10-12T17:26:45.421-0400] {dag.py:4180} INFO - Setting next_dagrun for example_branch_labels to 2024-10-11 00:00:00+00:00, run_after=2024-10-12 00:00:00+00:00
[2024-10-12T17:26:45.442-0400] {processor.py:208} INFO - Processing /Users/karenwang/anaconda3/envs/airflow_sqlite_env/lib/python3.9/site-packages/airflow/example_dags/example_branch_labels.py took 0.273 seconds
[2024-10-12T17:34:01.132-0400] {processor.py:186} INFO - Started process (PID=46274) to work on /Users/karenwang/anaconda3/envs/airflow_sqlite_env/lib/python3.9/site-packages/airflow/example_dags/example_branch_labels.py
[2024-10-12T17:34:01.133-0400] {processor.py:914} INFO - Processing file /Users/karenwang/anaconda3/envs/airflow_sqlite_env/lib/python3.9/site-packages/airflow/example_dags/example_branch_labels.py for tasks to queue
[2024-10-12T17:34:01.135-0400] {logging_mixin.py:190} INFO - [2024-10-12T17:34:01.134-0400] {dagbag.py:588} INFO - Filling up the DagBag from /Users/karenwang/anaconda3/envs/airflow_sqlite_env/lib/python3.9/site-packages/airflow/example_dags/example_branch_labels.py
[2024-10-12T17:34:01.149-0400] {processor.py:925} INFO - DAG(s) 'example_branch_labels' retrieved from /Users/karenwang/anaconda3/envs/airflow_sqlite_env/lib/python3.9/site-packages/airflow/example_dags/example_branch_labels.py
[2024-10-12T17:34:01.346-0400] {logging_mixin.py:190} INFO - [2024-10-12T17:34:01.346-0400] {dag.py:3239} INFO - Sync 1 DAGs
[2024-10-12T17:34:01.369-0400] {logging_mixin.py:190} INFO - [2024-10-12T17:34:01.369-0400] {dag.py:4180} INFO - Setting next_dagrun for example_branch_labels to 2024-10-11 00:00:00+00:00, run_after=2024-10-12 00:00:00+00:00
[2024-10-12T17:34:01.390-0400] {processor.py:208} INFO - Processing /Users/karenwang/anaconda3/envs/airflow_sqlite_env/lib/python3.9/site-packages/airflow/example_dags/example_branch_labels.py took 0.264 seconds
[2024-10-12T17:41:00.848-0400] {processor.py:186} INFO - Started process (PID=48396) to work on /Users/karenwang/anaconda3/envs/airflow_sqlite_env/lib/python3.9/site-packages/airflow/example_dags/example_branch_labels.py
[2024-10-12T17:41:00.849-0400] {processor.py:914} INFO - Processing file /Users/karenwang/anaconda3/envs/airflow_sqlite_env/lib/python3.9/site-packages/airflow/example_dags/example_branch_labels.py for tasks to queue
[2024-10-12T17:41:00.851-0400] {logging_mixin.py:190} INFO - [2024-10-12T17:41:00.850-0400] {dagbag.py:588} INFO - Filling up the DagBag from /Users/karenwang/anaconda3/envs/airflow_sqlite_env/lib/python3.9/site-packages/airflow/example_dags/example_branch_labels.py
[2024-10-12T17:41:00.863-0400] {processor.py:925} INFO - DAG(s) 'example_branch_labels' retrieved from /Users/karenwang/anaconda3/envs/airflow_sqlite_env/lib/python3.9/site-packages/airflow/example_dags/example_branch_labels.py
[2024-10-12T17:41:01.087-0400] {logging_mixin.py:190} INFO - [2024-10-12T17:41:01.087-0400] {dag.py:3239} INFO - Sync 1 DAGs
[2024-10-12T17:41:01.114-0400] {logging_mixin.py:190} INFO - [2024-10-12T17:41:01.113-0400] {dag.py:4180} INFO - Setting next_dagrun for example_branch_labels to 2024-10-11 00:00:00+00:00, run_after=2024-10-12 00:00:00+00:00
[2024-10-12T17:41:01.134-0400] {processor.py:208} INFO - Processing /Users/karenwang/anaconda3/envs/airflow_sqlite_env/lib/python3.9/site-packages/airflow/example_dags/example_branch_labels.py took 0.292 seconds
[2024-10-12T17:48:11.750-0400] {processor.py:186} INFO - Started process (PID=50650) to work on /Users/karenwang/anaconda3/envs/airflow_sqlite_env/lib/python3.9/site-packages/airflow/example_dags/example_branch_labels.py
[2024-10-12T17:48:11.752-0400] {processor.py:914} INFO - Processing file /Users/karenwang/anaconda3/envs/airflow_sqlite_env/lib/python3.9/site-packages/airflow/example_dags/example_branch_labels.py for tasks to queue
[2024-10-12T17:48:11.753-0400] {logging_mixin.py:190} INFO - [2024-10-12T17:48:11.753-0400] {dagbag.py:588} INFO - Filling up the DagBag from /Users/karenwang/anaconda3/envs/airflow_sqlite_env/lib/python3.9/site-packages/airflow/example_dags/example_branch_labels.py
[2024-10-12T17:48:11.765-0400] {processor.py:925} INFO - DAG(s) 'example_branch_labels' retrieved from /Users/karenwang/anaconda3/envs/airflow_sqlite_env/lib/python3.9/site-packages/airflow/example_dags/example_branch_labels.py
[2024-10-12T17:48:11.966-0400] {logging_mixin.py:190} INFO - [2024-10-12T17:48:11.966-0400] {dag.py:3239} INFO - Sync 1 DAGs
[2024-10-12T17:48:11.993-0400] {logging_mixin.py:190} INFO - [2024-10-12T17:48:11.993-0400] {dag.py:4180} INFO - Setting next_dagrun for example_branch_labels to 2024-10-11 00:00:00+00:00, run_after=2024-10-12 00:00:00+00:00
[2024-10-12T17:48:12.016-0400] {processor.py:208} INFO - Processing /Users/karenwang/anaconda3/envs/airflow_sqlite_env/lib/python3.9/site-packages/airflow/example_dags/example_branch_labels.py took 0.271 seconds
[2024-10-12T17:55:09.401-0400] {processor.py:186} INFO - Started process (PID=52772) to work on /Users/karenwang/anaconda3/envs/airflow_sqlite_env/lib/python3.9/site-packages/airflow/example_dags/example_branch_labels.py
[2024-10-12T17:55:09.402-0400] {processor.py:914} INFO - Processing file /Users/karenwang/anaconda3/envs/airflow_sqlite_env/lib/python3.9/site-packages/airflow/example_dags/example_branch_labels.py for tasks to queue
[2024-10-12T17:55:09.403-0400] {logging_mixin.py:190} INFO - [2024-10-12T17:55:09.403-0400] {dagbag.py:588} INFO - Filling up the DagBag from /Users/karenwang/anaconda3/envs/airflow_sqlite_env/lib/python3.9/site-packages/airflow/example_dags/example_branch_labels.py
[2024-10-12T17:55:09.416-0400] {processor.py:925} INFO - DAG(s) 'example_branch_labels' retrieved from /Users/karenwang/anaconda3/envs/airflow_sqlite_env/lib/python3.9/site-packages/airflow/example_dags/example_branch_labels.py
[2024-10-12T17:55:09.601-0400] {logging_mixin.py:190} INFO - [2024-10-12T17:55:09.600-0400] {dag.py:3239} INFO - Sync 1 DAGs
[2024-10-12T17:55:09.628-0400] {logging_mixin.py:190} INFO - [2024-10-12T17:55:09.628-0400] {dag.py:4180} INFO - Setting next_dagrun for example_branch_labels to 2024-10-11 00:00:00+00:00, run_after=2024-10-12 00:00:00+00:00
[2024-10-12T17:55:09.650-0400] {processor.py:208} INFO - Processing /Users/karenwang/anaconda3/envs/airflow_sqlite_env/lib/python3.9/site-packages/airflow/example_dags/example_branch_labels.py took 0.255 seconds
[2024-10-12T18:02:20.996-0400] {processor.py:186} INFO - Started process (PID=54959) to work on /Users/karenwang/anaconda3/envs/airflow_sqlite_env/lib/python3.9/site-packages/airflow/example_dags/example_branch_labels.py
[2024-10-12T18:02:20.998-0400] {processor.py:914} INFO - Processing file /Users/karenwang/anaconda3/envs/airflow_sqlite_env/lib/python3.9/site-packages/airflow/example_dags/example_branch_labels.py for tasks to queue
[2024-10-12T18:02:20.999-0400] {logging_mixin.py:190} INFO - [2024-10-12T18:02:20.999-0400] {dagbag.py:588} INFO - Filling up the DagBag from /Users/karenwang/anaconda3/envs/airflow_sqlite_env/lib/python3.9/site-packages/airflow/example_dags/example_branch_labels.py
[2024-10-12T18:02:21.011-0400] {processor.py:925} INFO - DAG(s) 'example_branch_labels' retrieved from /Users/karenwang/anaconda3/envs/airflow_sqlite_env/lib/python3.9/site-packages/airflow/example_dags/example_branch_labels.py
[2024-10-12T18:02:21.213-0400] {logging_mixin.py:190} INFO - [2024-10-12T18:02:21.212-0400] {dag.py:3239} INFO - Sync 1 DAGs
[2024-10-12T18:02:21.235-0400] {logging_mixin.py:190} INFO - [2024-10-12T18:02:21.235-0400] {dag.py:4180} INFO - Setting next_dagrun for example_branch_labels to 2024-10-11 00:00:00+00:00, run_after=2024-10-12 00:00:00+00:00
[2024-10-12T18:02:21.258-0400] {processor.py:208} INFO - Processing /Users/karenwang/anaconda3/envs/airflow_sqlite_env/lib/python3.9/site-packages/airflow/example_dags/example_branch_labels.py took 0.267 seconds
[2024-10-12T18:09:22.127-0400] {processor.py:186} INFO - Started process (PID=57127) to work on /Users/karenwang/anaconda3/envs/airflow_sqlite_env/lib/python3.9/site-packages/airflow/example_dags/example_branch_labels.py
[2024-10-12T18:09:22.129-0400] {processor.py:914} INFO - Processing file /Users/karenwang/anaconda3/envs/airflow_sqlite_env/lib/python3.9/site-packages/airflow/example_dags/example_branch_labels.py for tasks to queue
[2024-10-12T18:09:22.130-0400] {logging_mixin.py:190} INFO - [2024-10-12T18:09:22.130-0400] {dagbag.py:588} INFO - Filling up the DagBag from /Users/karenwang/anaconda3/envs/airflow_sqlite_env/lib/python3.9/site-packages/airflow/example_dags/example_branch_labels.py
[2024-10-12T18:09:22.143-0400] {processor.py:925} INFO - DAG(s) 'example_branch_labels' retrieved from /Users/karenwang/anaconda3/envs/airflow_sqlite_env/lib/python3.9/site-packages/airflow/example_dags/example_branch_labels.py
[2024-10-12T18:09:22.330-0400] {logging_mixin.py:190} INFO - [2024-10-12T18:09:22.330-0400] {dag.py:3239} INFO - Sync 1 DAGs
[2024-10-12T18:09:22.356-0400] {logging_mixin.py:190} INFO - [2024-10-12T18:09:22.356-0400] {dag.py:4180} INFO - Setting next_dagrun for example_branch_labels to 2024-10-11 00:00:00+00:00, run_after=2024-10-12 00:00:00+00:00
[2024-10-12T18:09:22.377-0400] {processor.py:208} INFO - Processing /Users/karenwang/anaconda3/envs/airflow_sqlite_env/lib/python3.9/site-packages/airflow/example_dags/example_branch_labels.py took 0.255 seconds
[2024-10-12T18:16:57.262-0400] {processor.py:186} INFO - Started process (PID=59463) to work on /Users/karenwang/anaconda3/envs/airflow_sqlite_env/lib/python3.9/site-packages/airflow/example_dags/example_branch_labels.py
[2024-10-12T18:16:57.263-0400] {processor.py:914} INFO - Processing file /Users/karenwang/anaconda3/envs/airflow_sqlite_env/lib/python3.9/site-packages/airflow/example_dags/example_branch_labels.py for tasks to queue
[2024-10-12T18:16:57.264-0400] {logging_mixin.py:190} INFO - [2024-10-12T18:16:57.264-0400] {dagbag.py:588} INFO - Filling up the DagBag from /Users/karenwang/anaconda3/envs/airflow_sqlite_env/lib/python3.9/site-packages/airflow/example_dags/example_branch_labels.py
[2024-10-12T18:16:57.276-0400] {processor.py:925} INFO - DAG(s) 'example_branch_labels' retrieved from /Users/karenwang/anaconda3/envs/airflow_sqlite_env/lib/python3.9/site-packages/airflow/example_dags/example_branch_labels.py
[2024-10-12T18:16:57.475-0400] {logging_mixin.py:190} INFO - [2024-10-12T18:16:57.475-0400] {dag.py:3239} INFO - Sync 1 DAGs
[2024-10-12T18:16:57.502-0400] {logging_mixin.py:190} INFO - [2024-10-12T18:16:57.502-0400] {dag.py:4180} INFO - Setting next_dagrun for example_branch_labels to 2024-10-11 00:00:00+00:00, run_after=2024-10-12 00:00:00+00:00
[2024-10-12T18:16:57.522-0400] {processor.py:208} INFO - Processing /Users/karenwang/anaconda3/envs/airflow_sqlite_env/lib/python3.9/site-packages/airflow/example_dags/example_branch_labels.py took 0.266 seconds
[2024-10-12T18:24:33.546-0400] {processor.py:186} INFO - Started process (PID=61783) to work on /Users/karenwang/anaconda3/envs/airflow_sqlite_env/lib/python3.9/site-packages/airflow/example_dags/example_branch_labels.py
[2024-10-12T18:24:33.547-0400] {processor.py:914} INFO - Processing file /Users/karenwang/anaconda3/envs/airflow_sqlite_env/lib/python3.9/site-packages/airflow/example_dags/example_branch_labels.py for tasks to queue
[2024-10-12T18:24:33.549-0400] {logging_mixin.py:190} INFO - [2024-10-12T18:24:33.549-0400] {dagbag.py:588} INFO - Filling up the DagBag from /Users/karenwang/anaconda3/envs/airflow_sqlite_env/lib/python3.9/site-packages/airflow/example_dags/example_branch_labels.py
[2024-10-12T18:24:33.568-0400] {processor.py:925} INFO - DAG(s) 'example_branch_labels' retrieved from /Users/karenwang/anaconda3/envs/airflow_sqlite_env/lib/python3.9/site-packages/airflow/example_dags/example_branch_labels.py
[2024-10-12T18:24:33.786-0400] {logging_mixin.py:190} INFO - [2024-10-12T18:24:33.786-0400] {dag.py:3239} INFO - Sync 1 DAGs
[2024-10-12T18:24:33.817-0400] {logging_mixin.py:190} INFO - [2024-10-12T18:24:33.816-0400] {dag.py:4180} INFO - Setting next_dagrun for example_branch_labels to 2024-10-11 00:00:00+00:00, run_after=2024-10-12 00:00:00+00:00
[2024-10-12T18:24:33.843-0400] {processor.py:208} INFO - Processing /Users/karenwang/anaconda3/envs/airflow_sqlite_env/lib/python3.9/site-packages/airflow/example_dags/example_branch_labels.py took 0.303 seconds
[2024-10-12T18:32:07.975-0400] {processor.py:186} INFO - Started process (PID=64101) to work on /Users/karenwang/anaconda3/envs/airflow_sqlite_env/lib/python3.9/site-packages/airflow/example_dags/example_branch_labels.py
[2024-10-12T18:32:07.976-0400] {processor.py:914} INFO - Processing file /Users/karenwang/anaconda3/envs/airflow_sqlite_env/lib/python3.9/site-packages/airflow/example_dags/example_branch_labels.py for tasks to queue
[2024-10-12T18:32:07.978-0400] {logging_mixin.py:190} INFO - [2024-10-12T18:32:07.978-0400] {dagbag.py:588} INFO - Filling up the DagBag from /Users/karenwang/anaconda3/envs/airflow_sqlite_env/lib/python3.9/site-packages/airflow/example_dags/example_branch_labels.py
[2024-10-12T18:32:07.991-0400] {processor.py:925} INFO - DAG(s) 'example_branch_labels' retrieved from /Users/karenwang/anaconda3/envs/airflow_sqlite_env/lib/python3.9/site-packages/airflow/example_dags/example_branch_labels.py
[2024-10-12T18:32:08.219-0400] {logging_mixin.py:190} INFO - [2024-10-12T18:32:08.219-0400] {dag.py:3239} INFO - Sync 1 DAGs
[2024-10-12T18:32:08.248-0400] {logging_mixin.py:190} INFO - [2024-10-12T18:32:08.248-0400] {dag.py:4180} INFO - Setting next_dagrun for example_branch_labels to 2024-10-11 00:00:00+00:00, run_after=2024-10-12 00:00:00+00:00
[2024-10-12T18:32:08.272-0400] {processor.py:208} INFO - Processing /Users/karenwang/anaconda3/envs/airflow_sqlite_env/lib/python3.9/site-packages/airflow/example_dags/example_branch_labels.py took 0.303 seconds
[2024-10-12T18:39:26.674-0400] {processor.py:186} INFO - Started process (PID=66308) to work on /Users/karenwang/anaconda3/envs/airflow_sqlite_env/lib/python3.9/site-packages/airflow/example_dags/example_branch_labels.py
[2024-10-12T18:39:26.675-0400] {processor.py:914} INFO - Processing file /Users/karenwang/anaconda3/envs/airflow_sqlite_env/lib/python3.9/site-packages/airflow/example_dags/example_branch_labels.py for tasks to queue
[2024-10-12T18:39:26.676-0400] {logging_mixin.py:190} INFO - [2024-10-12T18:39:26.676-0400] {dagbag.py:588} INFO - Filling up the DagBag from /Users/karenwang/anaconda3/envs/airflow_sqlite_env/lib/python3.9/site-packages/airflow/example_dags/example_branch_labels.py
[2024-10-12T18:39:26.691-0400] {processor.py:925} INFO - DAG(s) 'example_branch_labels' retrieved from /Users/karenwang/anaconda3/envs/airflow_sqlite_env/lib/python3.9/site-packages/airflow/example_dags/example_branch_labels.py
[2024-10-12T18:39:26.927-0400] {logging_mixin.py:190} INFO - [2024-10-12T18:39:26.927-0400] {dag.py:3239} INFO - Sync 1 DAGs
[2024-10-12T18:39:26.963-0400] {logging_mixin.py:190} INFO - [2024-10-12T18:39:26.962-0400] {dag.py:4180} INFO - Setting next_dagrun for example_branch_labels to 2024-10-11 00:00:00+00:00, run_after=2024-10-12 00:00:00+00:00
[2024-10-12T18:39:26.987-0400] {processor.py:208} INFO - Processing /Users/karenwang/anaconda3/envs/airflow_sqlite_env/lib/python3.9/site-packages/airflow/example_dags/example_branch_labels.py took 0.320 seconds
[2024-10-12T18:46:58.318-0400] {processor.py:186} INFO - Started process (PID=68617) to work on /Users/karenwang/anaconda3/envs/airflow_sqlite_env/lib/python3.9/site-packages/airflow/example_dags/example_branch_labels.py
[2024-10-12T18:46:58.320-0400] {processor.py:914} INFO - Processing file /Users/karenwang/anaconda3/envs/airflow_sqlite_env/lib/python3.9/site-packages/airflow/example_dags/example_branch_labels.py for tasks to queue
[2024-10-12T18:46:58.321-0400] {logging_mixin.py:190} INFO - [2024-10-12T18:46:58.321-0400] {dagbag.py:588} INFO - Filling up the DagBag from /Users/karenwang/anaconda3/envs/airflow_sqlite_env/lib/python3.9/site-packages/airflow/example_dags/example_branch_labels.py
[2024-10-12T18:46:58.334-0400] {processor.py:925} INFO - DAG(s) 'example_branch_labels' retrieved from /Users/karenwang/anaconda3/envs/airflow_sqlite_env/lib/python3.9/site-packages/airflow/example_dags/example_branch_labels.py
[2024-10-12T18:46:58.549-0400] {logging_mixin.py:190} INFO - [2024-10-12T18:46:58.549-0400] {dag.py:3239} INFO - Sync 1 DAGs
[2024-10-12T18:46:58.575-0400] {logging_mixin.py:190} INFO - [2024-10-12T18:46:58.575-0400] {dag.py:4180} INFO - Setting next_dagrun for example_branch_labels to 2024-10-11 00:00:00+00:00, run_after=2024-10-12 00:00:00+00:00
[2024-10-12T18:46:58.599-0400] {processor.py:208} INFO - Processing /Users/karenwang/anaconda3/envs/airflow_sqlite_env/lib/python3.9/site-packages/airflow/example_dags/example_branch_labels.py took 0.287 seconds
[2024-10-12T18:54:22.766-0400] {processor.py:186} INFO - Started process (PID=70857) to work on /Users/karenwang/anaconda3/envs/airflow_sqlite_env/lib/python3.9/site-packages/airflow/example_dags/example_branch_labels.py
[2024-10-12T18:54:22.768-0400] {processor.py:914} INFO - Processing file /Users/karenwang/anaconda3/envs/airflow_sqlite_env/lib/python3.9/site-packages/airflow/example_dags/example_branch_labels.py for tasks to queue
[2024-10-12T18:54:22.769-0400] {logging_mixin.py:190} INFO - [2024-10-12T18:54:22.769-0400] {dagbag.py:588} INFO - Filling up the DagBag from /Users/karenwang/anaconda3/envs/airflow_sqlite_env/lib/python3.9/site-packages/airflow/example_dags/example_branch_labels.py
[2024-10-12T18:54:22.782-0400] {processor.py:925} INFO - DAG(s) 'example_branch_labels' retrieved from /Users/karenwang/anaconda3/envs/airflow_sqlite_env/lib/python3.9/site-packages/airflow/example_dags/example_branch_labels.py
[2024-10-12T18:54:22.981-0400] {logging_mixin.py:190} INFO - [2024-10-12T18:54:22.981-0400] {dag.py:3239} INFO - Sync 1 DAGs
[2024-10-12T18:54:23.005-0400] {logging_mixin.py:190} INFO - [2024-10-12T18:54:23.005-0400] {dag.py:4180} INFO - Setting next_dagrun for example_branch_labels to 2024-10-11 00:00:00+00:00, run_after=2024-10-12 00:00:00+00:00
[2024-10-12T18:54:23.025-0400] {processor.py:208} INFO - Processing /Users/karenwang/anaconda3/envs/airflow_sqlite_env/lib/python3.9/site-packages/airflow/example_dags/example_branch_labels.py took 0.264 seconds
[2024-10-12T19:00:49.759-0400] {processor.py:186} INFO - Started process (PID=72847) to work on /Users/karenwang/anaconda3/envs/airflow_sqlite_env/lib/python3.9/site-packages/airflow/example_dags/example_branch_labels.py
[2024-10-12T19:00:49.760-0400] {processor.py:914} INFO - Processing file /Users/karenwang/anaconda3/envs/airflow_sqlite_env/lib/python3.9/site-packages/airflow/example_dags/example_branch_labels.py for tasks to queue
[2024-10-12T19:00:49.762-0400] {logging_mixin.py:190} INFO - [2024-10-12T19:00:49.762-0400] {dagbag.py:588} INFO - Filling up the DagBag from /Users/karenwang/anaconda3/envs/airflow_sqlite_env/lib/python3.9/site-packages/airflow/example_dags/example_branch_labels.py
[2024-10-12T19:00:49.776-0400] {processor.py:925} INFO - DAG(s) 'example_branch_labels' retrieved from /Users/karenwang/anaconda3/envs/airflow_sqlite_env/lib/python3.9/site-packages/airflow/example_dags/example_branch_labels.py
[2024-10-12T19:00:49.983-0400] {logging_mixin.py:190} INFO - [2024-10-12T19:00:49.982-0400] {dag.py:3239} INFO - Sync 1 DAGs
[2024-10-12T19:00:50.012-0400] {logging_mixin.py:190} INFO - [2024-10-12T19:00:50.012-0400] {dag.py:4180} INFO - Setting next_dagrun for example_branch_labels to 2024-10-11 00:00:00+00:00, run_after=2024-10-12 00:00:00+00:00
[2024-10-12T19:00:50.037-0400] {processor.py:208} INFO - Processing /Users/karenwang/anaconda3/envs/airflow_sqlite_env/lib/python3.9/site-packages/airflow/example_dags/example_branch_labels.py took 0.284 seconds
[2024-10-12T19:21:25.335-0400] {processor.py:186} INFO - Started process (PID=79145) to work on /Users/karenwang/anaconda3/envs/airflow_sqlite_env/lib/python3.9/site-packages/airflow/example_dags/example_branch_labels.py
[2024-10-12T19:21:25.337-0400] {processor.py:914} INFO - Processing file /Users/karenwang/anaconda3/envs/airflow_sqlite_env/lib/python3.9/site-packages/airflow/example_dags/example_branch_labels.py for tasks to queue
[2024-10-12T19:21:25.338-0400] {logging_mixin.py:190} INFO - [2024-10-12T19:21:25.338-0400] {dagbag.py:588} INFO - Filling up the DagBag from /Users/karenwang/anaconda3/envs/airflow_sqlite_env/lib/python3.9/site-packages/airflow/example_dags/example_branch_labels.py
[2024-10-12T19:21:25.352-0400] {processor.py:925} INFO - DAG(s) 'example_branch_labels' retrieved from /Users/karenwang/anaconda3/envs/airflow_sqlite_env/lib/python3.9/site-packages/airflow/example_dags/example_branch_labels.py
[2024-10-12T19:21:25.572-0400] {logging_mixin.py:190} INFO - [2024-10-12T19:21:25.571-0400] {dag.py:3239} INFO - Sync 1 DAGs
[2024-10-12T19:21:25.601-0400] {logging_mixin.py:190} INFO - [2024-10-12T19:21:25.600-0400] {dag.py:4180} INFO - Setting next_dagrun for example_branch_labels to 2024-10-11 00:00:00+00:00, run_after=2024-10-12 00:00:00+00:00
[2024-10-12T19:21:25.623-0400] {processor.py:208} INFO - Processing /Users/karenwang/anaconda3/envs/airflow_sqlite_env/lib/python3.9/site-packages/airflow/example_dags/example_branch_labels.py took 0.294 seconds
[2024-10-12T19:28:46.598-0400] {processor.py:186} INFO - Started process (PID=81402) to work on /Users/karenwang/anaconda3/envs/airflow_sqlite_env/lib/python3.9/site-packages/airflow/example_dags/example_branch_labels.py
[2024-10-12T19:28:46.600-0400] {processor.py:914} INFO - Processing file /Users/karenwang/anaconda3/envs/airflow_sqlite_env/lib/python3.9/site-packages/airflow/example_dags/example_branch_labels.py for tasks to queue
[2024-10-12T19:28:46.601-0400] {logging_mixin.py:190} INFO - [2024-10-12T19:28:46.600-0400] {dagbag.py:588} INFO - Filling up the DagBag from /Users/karenwang/anaconda3/envs/airflow_sqlite_env/lib/python3.9/site-packages/airflow/example_dags/example_branch_labels.py
[2024-10-12T19:28:46.612-0400] {processor.py:925} INFO - DAG(s) 'example_branch_labels' retrieved from /Users/karenwang/anaconda3/envs/airflow_sqlite_env/lib/python3.9/site-packages/airflow/example_dags/example_branch_labels.py
[2024-10-12T19:28:46.845-0400] {logging_mixin.py:190} INFO - [2024-10-12T19:28:46.844-0400] {dag.py:3239} INFO - Sync 1 DAGs
[2024-10-12T19:28:46.871-0400] {logging_mixin.py:190} INFO - [2024-10-12T19:28:46.871-0400] {dag.py:4180} INFO - Setting next_dagrun for example_branch_labels to 2024-10-11 00:00:00+00:00, run_after=2024-10-12 00:00:00+00:00
[2024-10-12T19:28:46.896-0400] {processor.py:208} INFO - Processing /Users/karenwang/anaconda3/envs/airflow_sqlite_env/lib/python3.9/site-packages/airflow/example_dags/example_branch_labels.py took 0.303 seconds
[2024-10-12T19:35:56.859-0400] {processor.py:186} INFO - Started process (PID=83575) to work on /Users/karenwang/anaconda3/envs/airflow_sqlite_env/lib/python3.9/site-packages/airflow/example_dags/example_branch_labels.py
[2024-10-12T19:35:56.860-0400] {processor.py:914} INFO - Processing file /Users/karenwang/anaconda3/envs/airflow_sqlite_env/lib/python3.9/site-packages/airflow/example_dags/example_branch_labels.py for tasks to queue
[2024-10-12T19:35:56.862-0400] {logging_mixin.py:190} INFO - [2024-10-12T19:35:56.862-0400] {dagbag.py:588} INFO - Filling up the DagBag from /Users/karenwang/anaconda3/envs/airflow_sqlite_env/lib/python3.9/site-packages/airflow/example_dags/example_branch_labels.py
[2024-10-12T19:35:56.875-0400] {processor.py:925} INFO - DAG(s) 'example_branch_labels' retrieved from /Users/karenwang/anaconda3/envs/airflow_sqlite_env/lib/python3.9/site-packages/airflow/example_dags/example_branch_labels.py
[2024-10-12T19:35:57.087-0400] {logging_mixin.py:190} INFO - [2024-10-12T19:35:57.087-0400] {dag.py:3239} INFO - Sync 1 DAGs
[2024-10-12T19:35:57.113-0400] {logging_mixin.py:190} INFO - [2024-10-12T19:35:57.113-0400] {dag.py:4180} INFO - Setting next_dagrun for example_branch_labels to 2024-10-11 00:00:00+00:00, run_after=2024-10-12 00:00:00+00:00
[2024-10-12T19:35:57.137-0400] {processor.py:208} INFO - Processing /Users/karenwang/anaconda3/envs/airflow_sqlite_env/lib/python3.9/site-packages/airflow/example_dags/example_branch_labels.py took 0.284 seconds
[2024-10-12T19:47:07.587-0400] {processor.py:186} INFO - Started process (PID=87004) to work on /Users/karenwang/anaconda3/envs/airflow_sqlite_env/lib/python3.9/site-packages/airflow/example_dags/example_branch_labels.py
[2024-10-12T19:47:07.588-0400] {processor.py:914} INFO - Processing file /Users/karenwang/anaconda3/envs/airflow_sqlite_env/lib/python3.9/site-packages/airflow/example_dags/example_branch_labels.py for tasks to queue
[2024-10-12T19:47:07.590-0400] {logging_mixin.py:190} INFO - [2024-10-12T19:47:07.589-0400] {dagbag.py:588} INFO - Filling up the DagBag from /Users/karenwang/anaconda3/envs/airflow_sqlite_env/lib/python3.9/site-packages/airflow/example_dags/example_branch_labels.py
[2024-10-12T19:47:07.602-0400] {processor.py:925} INFO - DAG(s) 'example_branch_labels' retrieved from /Users/karenwang/anaconda3/envs/airflow_sqlite_env/lib/python3.9/site-packages/airflow/example_dags/example_branch_labels.py
[2024-10-12T19:47:07.806-0400] {logging_mixin.py:190} INFO - [2024-10-12T19:47:07.806-0400] {dag.py:3239} INFO - Sync 1 DAGs
[2024-10-12T19:47:07.830-0400] {logging_mixin.py:190} INFO - [2024-10-12T19:47:07.830-0400] {dag.py:4180} INFO - Setting next_dagrun for example_branch_labels to 2024-10-11 00:00:00+00:00, run_after=2024-10-12 00:00:00+00:00
[2024-10-12T19:47:07.851-0400] {processor.py:208} INFO - Processing /Users/karenwang/anaconda3/envs/airflow_sqlite_env/lib/python3.9/site-packages/airflow/example_dags/example_branch_labels.py took 0.270 seconds
[2024-10-12T19:54:27.433-0400] {processor.py:186} INFO - Started process (PID=89268) to work on /Users/karenwang/anaconda3/envs/airflow_sqlite_env/lib/python3.9/site-packages/airflow/example_dags/example_branch_labels.py
[2024-10-12T19:54:27.435-0400] {processor.py:914} INFO - Processing file /Users/karenwang/anaconda3/envs/airflow_sqlite_env/lib/python3.9/site-packages/airflow/example_dags/example_branch_labels.py for tasks to queue
[2024-10-12T19:54:27.436-0400] {logging_mixin.py:190} INFO - [2024-10-12T19:54:27.436-0400] {dagbag.py:588} INFO - Filling up the DagBag from /Users/karenwang/anaconda3/envs/airflow_sqlite_env/lib/python3.9/site-packages/airflow/example_dags/example_branch_labels.py
[2024-10-12T19:54:27.448-0400] {processor.py:925} INFO - DAG(s) 'example_branch_labels' retrieved from /Users/karenwang/anaconda3/envs/airflow_sqlite_env/lib/python3.9/site-packages/airflow/example_dags/example_branch_labels.py
[2024-10-12T19:54:27.662-0400] {logging_mixin.py:190} INFO - [2024-10-12T19:54:27.662-0400] {dag.py:3239} INFO - Sync 1 DAGs
[2024-10-12T19:54:27.689-0400] {logging_mixin.py:190} INFO - [2024-10-12T19:54:27.688-0400] {dag.py:4180} INFO - Setting next_dagrun for example_branch_labels to 2024-10-11 00:00:00+00:00, run_after=2024-10-12 00:00:00+00:00
[2024-10-12T19:54:27.709-0400] {processor.py:208} INFO - Processing /Users/karenwang/anaconda3/envs/airflow_sqlite_env/lib/python3.9/site-packages/airflow/example_dags/example_branch_labels.py took 0.282 seconds
