[2024-10-11T23:59:52.506-0400] {processor.py:186} INFO - Started process (PID=33682) to work on /Users/karenwang/anaconda3/envs/airflow_sqlite_env/lib/python3.9/site-packages/airflow/example_dags/example_complex.py
[2024-10-11T23:59:52.508-0400] {processor.py:914} INFO - Processing file /Users/karenwang/anaconda3/envs/airflow_sqlite_env/lib/python3.9/site-packages/airflow/example_dags/example_complex.py for tasks to queue
[2024-10-11T23:59:52.509-0400] {logging_mixin.py:190} INFO - [2024-10-11T23:59:52.509-0400] {dagbag.py:588} INFO - Filling up the DagBag from /Users/karenwang/anaconda3/envs/airflow_sqlite_env/lib/python3.9/site-packages/airflow/example_dags/example_complex.py
[2024-10-11T23:59:52.534-0400] {processor.py:925} INFO - DAG(s) 'example_complex' retrieved from /Users/karenwang/anaconda3/envs/airflow_sqlite_env/lib/python3.9/site-packages/airflow/example_dags/example_complex.py
[2024-10-11T23:59:52.954-0400] {logging_mixin.py:190} INFO - [2024-10-11T23:59:52.954-0400] {override.py:1900} INFO - Created Permission View: can edit on DAG:example_complex
[2024-10-11T23:59:52.968-0400] {logging_mixin.py:190} INFO - [2024-10-11T23:59:52.968-0400] {override.py:1900} INFO - Created Permission View: can read on DAG:example_complex
[2024-10-11T23:59:52.978-0400] {logging_mixin.py:190} INFO - [2024-10-11T23:59:52.977-0400] {override.py:1900} INFO - Created Permission View: can delete on DAG:example_complex
[2024-10-11T23:59:52.990-0400] {logging_mixin.py:190} INFO - [2024-10-11T23:59:52.989-0400] {override.py:1900} INFO - Created Permission View: menu access on DAG Run:example_complex
[2024-10-11T23:59:52.999-0400] {logging_mixin.py:190} INFO - [2024-10-11T23:59:52.999-0400] {override.py:1900} INFO - Created Permission View: can read on DAG Run:example_complex
[2024-10-11T23:59:53.007-0400] {logging_mixin.py:190} INFO - [2024-10-11T23:59:53.007-0400] {override.py:1900} INFO - Created Permission View: can create on DAG Run:example_complex
[2024-10-11T23:59:53.018-0400] {logging_mixin.py:190} INFO - [2024-10-11T23:59:53.017-0400] {override.py:1900} INFO - Created Permission View: can delete on DAG Run:example_complex
[2024-10-11T23:59:53.018-0400] {logging_mixin.py:190} INFO - [2024-10-11T23:59:53.018-0400] {dag.py:3239} INFO - Sync 1 DAGs
[2024-10-11T23:59:53.036-0400] {logging_mixin.py:190} INFO - [2024-10-11T23:59:53.036-0400] {dag.py:3262} INFO - Creating ORM DAG for example_complex
[2024-10-11T23:59:53.037-0400] {logging_mixin.py:190} INFO - [2024-10-11T23:59:53.037-0400] {dag.py:4180} INFO - Setting next_dagrun for example_complex to None, run_after=None
[2024-10-11T23:59:53.063-0400] {processor.py:208} INFO - Processing /Users/karenwang/anaconda3/envs/airflow_sqlite_env/lib/python3.9/site-packages/airflow/example_dags/example_complex.py took 0.563 seconds
[2024-10-12T00:11:31.729-0400] {processor.py:186} INFO - Started process (PID=3555) to work on /Users/karenwang/anaconda3/envs/airflow_sqlite_env/lib/python3.9/site-packages/airflow/example_dags/example_complex.py
[2024-10-12T00:11:31.731-0400] {processor.py:914} INFO - Processing file /Users/karenwang/anaconda3/envs/airflow_sqlite_env/lib/python3.9/site-packages/airflow/example_dags/example_complex.py for tasks to queue
[2024-10-12T00:11:31.732-0400] {logging_mixin.py:190} INFO - [2024-10-12T00:11:31.731-0400] {dagbag.py:588} INFO - Filling up the DagBag from /Users/karenwang/anaconda3/envs/airflow_sqlite_env/lib/python3.9/site-packages/airflow/example_dags/example_complex.py
[2024-10-12T00:11:31.750-0400] {processor.py:925} INFO - DAG(s) 'example_complex' retrieved from /Users/karenwang/anaconda3/envs/airflow_sqlite_env/lib/python3.9/site-packages/airflow/example_dags/example_complex.py
[2024-10-12T00:11:31.943-0400] {logging_mixin.py:190} INFO - [2024-10-12T00:11:31.943-0400] {dag.py:3239} INFO - Sync 1 DAGs
[2024-10-12T00:11:31.958-0400] {logging_mixin.py:190} INFO - [2024-10-12T00:11:31.957-0400] {dag.py:4180} INFO - Setting next_dagrun for example_complex to None, run_after=None
[2024-10-12T00:11:31.977-0400] {processor.py:208} INFO - Processing /Users/karenwang/anaconda3/envs/airflow_sqlite_env/lib/python3.9/site-packages/airflow/example_dags/example_complex.py took 0.252 seconds
[2024-10-12T00:16:55.107-0400] {processor.py:186} INFO - Started process (PID=5300) to work on /Users/karenwang/anaconda3/envs/airflow_sqlite_env/lib/python3.9/site-packages/airflow/example_dags/example_complex.py
[2024-10-12T00:16:55.108-0400] {processor.py:914} INFO - Processing file /Users/karenwang/anaconda3/envs/airflow_sqlite_env/lib/python3.9/site-packages/airflow/example_dags/example_complex.py for tasks to queue
[2024-10-12T00:16:55.109-0400] {logging_mixin.py:190} INFO - [2024-10-12T00:16:55.109-0400] {dagbag.py:588} INFO - Filling up the DagBag from /Users/karenwang/anaconda3/envs/airflow_sqlite_env/lib/python3.9/site-packages/airflow/example_dags/example_complex.py
[2024-10-12T00:16:55.125-0400] {processor.py:925} INFO - DAG(s) 'example_complex' retrieved from /Users/karenwang/anaconda3/envs/airflow_sqlite_env/lib/python3.9/site-packages/airflow/example_dags/example_complex.py
[2024-10-12T00:16:55.307-0400] {logging_mixin.py:190} INFO - [2024-10-12T00:16:55.307-0400] {dag.py:3239} INFO - Sync 1 DAGs
[2024-10-12T00:16:55.321-0400] {logging_mixin.py:190} INFO - [2024-10-12T00:16:55.320-0400] {dag.py:4180} INFO - Setting next_dagrun for example_complex to None, run_after=None
[2024-10-12T00:16:55.339-0400] {processor.py:208} INFO - Processing /Users/karenwang/anaconda3/envs/airflow_sqlite_env/lib/python3.9/site-packages/airflow/example_dags/example_complex.py took 0.236 seconds
[2024-10-12T00:22:15.490-0400] {processor.py:186} INFO - Started process (PID=6961) to work on /Users/karenwang/anaconda3/envs/airflow_sqlite_env/lib/python3.9/site-packages/airflow/example_dags/example_complex.py
[2024-10-12T00:22:15.491-0400] {processor.py:914} INFO - Processing file /Users/karenwang/anaconda3/envs/airflow_sqlite_env/lib/python3.9/site-packages/airflow/example_dags/example_complex.py for tasks to queue
[2024-10-12T00:22:15.492-0400] {logging_mixin.py:190} INFO - [2024-10-12T00:22:15.491-0400] {dagbag.py:588} INFO - Filling up the DagBag from /Users/karenwang/anaconda3/envs/airflow_sqlite_env/lib/python3.9/site-packages/airflow/example_dags/example_complex.py
[2024-10-12T00:22:15.506-0400] {processor.py:925} INFO - DAG(s) 'example_complex' retrieved from /Users/karenwang/anaconda3/envs/airflow_sqlite_env/lib/python3.9/site-packages/airflow/example_dags/example_complex.py
[2024-10-12T00:22:15.683-0400] {logging_mixin.py:190} INFO - [2024-10-12T00:22:15.683-0400] {dag.py:3239} INFO - Sync 1 DAGs
[2024-10-12T00:22:15.696-0400] {logging_mixin.py:190} INFO - [2024-10-12T00:22:15.696-0400] {dag.py:4180} INFO - Setting next_dagrun for example_complex to None, run_after=None
[2024-10-12T00:22:15.715-0400] {processor.py:208} INFO - Processing /Users/karenwang/anaconda3/envs/airflow_sqlite_env/lib/python3.9/site-packages/airflow/example_dags/example_complex.py took 0.230 seconds
[2024-10-12T00:28:31.016-0400] {processor.py:186} INFO - Started process (PID=8920) to work on /Users/karenwang/anaconda3/envs/airflow_sqlite_env/lib/python3.9/site-packages/airflow/example_dags/example_complex.py
[2024-10-12T00:28:31.017-0400] {processor.py:914} INFO - Processing file /Users/karenwang/anaconda3/envs/airflow_sqlite_env/lib/python3.9/site-packages/airflow/example_dags/example_complex.py for tasks to queue
[2024-10-12T00:28:31.018-0400] {logging_mixin.py:190} INFO - [2024-10-12T00:28:31.017-0400] {dagbag.py:588} INFO - Filling up the DagBag from /Users/karenwang/anaconda3/envs/airflow_sqlite_env/lib/python3.9/site-packages/airflow/example_dags/example_complex.py
[2024-10-12T00:28:31.032-0400] {processor.py:925} INFO - DAG(s) 'example_complex' retrieved from /Users/karenwang/anaconda3/envs/airflow_sqlite_env/lib/python3.9/site-packages/airflow/example_dags/example_complex.py
[2024-10-12T00:28:31.218-0400] {logging_mixin.py:190} INFO - [2024-10-12T00:28:31.217-0400] {dag.py:3239} INFO - Sync 1 DAGs
[2024-10-12T00:28:31.231-0400] {logging_mixin.py:190} INFO - [2024-10-12T00:28:31.231-0400] {dag.py:4180} INFO - Setting next_dagrun for example_complex to None, run_after=None
[2024-10-12T00:28:31.250-0400] {processor.py:208} INFO - Processing /Users/karenwang/anaconda3/envs/airflow_sqlite_env/lib/python3.9/site-packages/airflow/example_dags/example_complex.py took 0.239 seconds
[2024-10-12T00:55:49.151-0400] {processor.py:186} INFO - Started process (PID=17186) to work on /Users/karenwang/anaconda3/envs/airflow_sqlite_env/lib/python3.9/site-packages/airflow/example_dags/example_complex.py
[2024-10-12T00:55:49.152-0400] {processor.py:914} INFO - Processing file /Users/karenwang/anaconda3/envs/airflow_sqlite_env/lib/python3.9/site-packages/airflow/example_dags/example_complex.py for tasks to queue
[2024-10-12T00:55:49.153-0400] {logging_mixin.py:190} INFO - [2024-10-12T00:55:49.152-0400] {dagbag.py:588} INFO - Filling up the DagBag from /Users/karenwang/anaconda3/envs/airflow_sqlite_env/lib/python3.9/site-packages/airflow/example_dags/example_complex.py
[2024-10-12T00:55:49.168-0400] {processor.py:925} INFO - DAG(s) 'example_complex' retrieved from /Users/karenwang/anaconda3/envs/airflow_sqlite_env/lib/python3.9/site-packages/airflow/example_dags/example_complex.py
[2024-10-12T00:55:49.347-0400] {logging_mixin.py:190} INFO - [2024-10-12T00:55:49.347-0400] {dag.py:3239} INFO - Sync 1 DAGs
[2024-10-12T00:55:49.360-0400] {logging_mixin.py:190} INFO - [2024-10-12T00:55:49.360-0400] {dag.py:4180} INFO - Setting next_dagrun for example_complex to None, run_after=None
[2024-10-12T00:55:49.378-0400] {processor.py:208} INFO - Processing /Users/karenwang/anaconda3/envs/airflow_sqlite_env/lib/python3.9/site-packages/airflow/example_dags/example_complex.py took 0.232 seconds
[2024-10-12T01:01:20.003-0400] {processor.py:186} INFO - Started process (PID=18920) to work on /Users/karenwang/anaconda3/envs/airflow_sqlite_env/lib/python3.9/site-packages/airflow/example_dags/example_complex.py
[2024-10-12T01:01:20.005-0400] {processor.py:914} INFO - Processing file /Users/karenwang/anaconda3/envs/airflow_sqlite_env/lib/python3.9/site-packages/airflow/example_dags/example_complex.py for tasks to queue
[2024-10-12T01:01:20.006-0400] {logging_mixin.py:190} INFO - [2024-10-12T01:01:20.006-0400] {dagbag.py:588} INFO - Filling up the DagBag from /Users/karenwang/anaconda3/envs/airflow_sqlite_env/lib/python3.9/site-packages/airflow/example_dags/example_complex.py
[2024-10-12T01:01:20.023-0400] {processor.py:925} INFO - DAG(s) 'example_complex' retrieved from /Users/karenwang/anaconda3/envs/airflow_sqlite_env/lib/python3.9/site-packages/airflow/example_dags/example_complex.py
[2024-10-12T01:01:20.210-0400] {logging_mixin.py:190} INFO - [2024-10-12T01:01:20.210-0400] {dag.py:3239} INFO - Sync 1 DAGs
[2024-10-12T01:01:20.225-0400] {logging_mixin.py:190} INFO - [2024-10-12T01:01:20.224-0400] {dag.py:4180} INFO - Setting next_dagrun for example_complex to None, run_after=None
[2024-10-12T01:01:20.244-0400] {processor.py:208} INFO - Processing /Users/karenwang/anaconda3/envs/airflow_sqlite_env/lib/python3.9/site-packages/airflow/example_dags/example_complex.py took 0.246 seconds
[2024-10-12T01:06:53.535-0400] {processor.py:186} INFO - Started process (PID=20686) to work on /Users/karenwang/anaconda3/envs/airflow_sqlite_env/lib/python3.9/site-packages/airflow/example_dags/example_complex.py
[2024-10-12T01:06:53.554-0400] {processor.py:914} INFO - Processing file /Users/karenwang/anaconda3/envs/airflow_sqlite_env/lib/python3.9/site-packages/airflow/example_dags/example_complex.py for tasks to queue
[2024-10-12T01:06:53.555-0400] {logging_mixin.py:190} INFO - [2024-10-12T01:06:53.555-0400] {dagbag.py:588} INFO - Filling up the DagBag from /Users/karenwang/anaconda3/envs/airflow_sqlite_env/lib/python3.9/site-packages/airflow/example_dags/example_complex.py
[2024-10-12T01:06:53.571-0400] {processor.py:925} INFO - DAG(s) 'example_complex' retrieved from /Users/karenwang/anaconda3/envs/airflow_sqlite_env/lib/python3.9/site-packages/airflow/example_dags/example_complex.py
[2024-10-12T01:06:53.768-0400] {logging_mixin.py:190} INFO - [2024-10-12T01:06:53.768-0400] {dag.py:3239} INFO - Sync 1 DAGs
[2024-10-12T01:06:53.783-0400] {logging_mixin.py:190} INFO - [2024-10-12T01:06:53.783-0400] {dag.py:4180} INFO - Setting next_dagrun for example_complex to None, run_after=None
[2024-10-12T01:06:53.803-0400] {processor.py:208} INFO - Processing /Users/karenwang/anaconda3/envs/airflow_sqlite_env/lib/python3.9/site-packages/airflow/example_dags/example_complex.py took 0.274 seconds
[2024-10-12T02:21:59.598-0400] {processor.py:186} INFO - Started process (PID=44242) to work on /Users/karenwang/anaconda3/envs/airflow_sqlite_env/lib/python3.9/site-packages/airflow/example_dags/example_complex.py
[2024-10-12T02:21:59.600-0400] {processor.py:914} INFO - Processing file /Users/karenwang/anaconda3/envs/airflow_sqlite_env/lib/python3.9/site-packages/airflow/example_dags/example_complex.py for tasks to queue
[2024-10-12T02:21:59.602-0400] {logging_mixin.py:190} INFO - [2024-10-12T02:21:59.601-0400] {dagbag.py:588} INFO - Filling up the DagBag from /Users/karenwang/anaconda3/envs/airflow_sqlite_env/lib/python3.9/site-packages/airflow/example_dags/example_complex.py
[2024-10-12T02:21:59.627-0400] {processor.py:925} INFO - DAG(s) 'example_complex' retrieved from /Users/karenwang/anaconda3/envs/airflow_sqlite_env/lib/python3.9/site-packages/airflow/example_dags/example_complex.py
[2024-10-12T02:21:59.849-0400] {logging_mixin.py:190} INFO - [2024-10-12T02:21:59.848-0400] {dag.py:3239} INFO - Sync 1 DAGs
[2024-10-12T02:21:59.866-0400] {logging_mixin.py:190} INFO - [2024-10-12T02:21:59.866-0400] {dag.py:4180} INFO - Setting next_dagrun for example_complex to None, run_after=None
[2024-10-12T02:21:59.892-0400] {processor.py:208} INFO - Processing /Users/karenwang/anaconda3/envs/airflow_sqlite_env/lib/python3.9/site-packages/airflow/example_dags/example_complex.py took 0.299 seconds
[2024-10-12T02:30:41.033-0400] {processor.py:186} INFO - Started process (PID=46918) to work on /Users/karenwang/anaconda3/envs/airflow_sqlite_env/lib/python3.9/site-packages/airflow/example_dags/example_complex.py
[2024-10-12T02:30:41.035-0400] {processor.py:914} INFO - Processing file /Users/karenwang/anaconda3/envs/airflow_sqlite_env/lib/python3.9/site-packages/airflow/example_dags/example_complex.py for tasks to queue
[2024-10-12T02:30:41.036-0400] {logging_mixin.py:190} INFO - [2024-10-12T02:30:41.036-0400] {dagbag.py:588} INFO - Filling up the DagBag from /Users/karenwang/anaconda3/envs/airflow_sqlite_env/lib/python3.9/site-packages/airflow/example_dags/example_complex.py
[2024-10-12T02:30:41.053-0400] {processor.py:925} INFO - DAG(s) 'example_complex' retrieved from /Users/karenwang/anaconda3/envs/airflow_sqlite_env/lib/python3.9/site-packages/airflow/example_dags/example_complex.py
[2024-10-12T02:30:41.272-0400] {logging_mixin.py:190} INFO - [2024-10-12T02:30:41.271-0400] {dag.py:3239} INFO - Sync 1 DAGs
[2024-10-12T02:30:41.290-0400] {logging_mixin.py:190} INFO - [2024-10-12T02:30:41.290-0400] {dag.py:4180} INFO - Setting next_dagrun for example_complex to None, run_after=None
[2024-10-12T02:30:41.311-0400] {processor.py:208} INFO - Processing /Users/karenwang/anaconda3/envs/airflow_sqlite_env/lib/python3.9/site-packages/airflow/example_dags/example_complex.py took 0.284 seconds
[2024-10-12T02:41:50.133-0400] {processor.py:186} INFO - Started process (PID=50350) to work on /Users/karenwang/anaconda3/envs/airflow_sqlite_env/lib/python3.9/site-packages/airflow/example_dags/example_complex.py
[2024-10-12T02:41:50.134-0400] {processor.py:914} INFO - Processing file /Users/karenwang/anaconda3/envs/airflow_sqlite_env/lib/python3.9/site-packages/airflow/example_dags/example_complex.py for tasks to queue
[2024-10-12T02:41:50.136-0400] {logging_mixin.py:190} INFO - [2024-10-12T02:41:50.136-0400] {dagbag.py:588} INFO - Filling up the DagBag from /Users/karenwang/anaconda3/envs/airflow_sqlite_env/lib/python3.9/site-packages/airflow/example_dags/example_complex.py
[2024-10-12T02:41:50.153-0400] {processor.py:925} INFO - DAG(s) 'example_complex' retrieved from /Users/karenwang/anaconda3/envs/airflow_sqlite_env/lib/python3.9/site-packages/airflow/example_dags/example_complex.py
[2024-10-12T02:41:50.369-0400] {logging_mixin.py:190} INFO - [2024-10-12T02:41:50.369-0400] {dag.py:3239} INFO - Sync 1 DAGs
[2024-10-12T02:41:50.382-0400] {logging_mixin.py:190} INFO - [2024-10-12T02:41:50.382-0400] {dag.py:4180} INFO - Setting next_dagrun for example_complex to None, run_after=None
[2024-10-12T02:41:50.404-0400] {processor.py:208} INFO - Processing /Users/karenwang/anaconda3/envs/airflow_sqlite_env/lib/python3.9/site-packages/airflow/example_dags/example_complex.py took 0.277 seconds
[2024-10-12T02:48:37.108-0400] {processor.py:186} INFO - Started process (PID=52417) to work on /Users/karenwang/anaconda3/envs/airflow_sqlite_env/lib/python3.9/site-packages/airflow/example_dags/example_complex.py
[2024-10-12T02:48:37.110-0400] {processor.py:914} INFO - Processing file /Users/karenwang/anaconda3/envs/airflow_sqlite_env/lib/python3.9/site-packages/airflow/example_dags/example_complex.py for tasks to queue
[2024-10-12T02:48:37.111-0400] {logging_mixin.py:190} INFO - [2024-10-12T02:48:37.111-0400] {dagbag.py:588} INFO - Filling up the DagBag from /Users/karenwang/anaconda3/envs/airflow_sqlite_env/lib/python3.9/site-packages/airflow/example_dags/example_complex.py
[2024-10-12T02:48:37.131-0400] {processor.py:925} INFO - DAG(s) 'example_complex' retrieved from /Users/karenwang/anaconda3/envs/airflow_sqlite_env/lib/python3.9/site-packages/airflow/example_dags/example_complex.py
[2024-10-12T02:48:37.352-0400] {logging_mixin.py:190} INFO - [2024-10-12T02:48:37.352-0400] {dag.py:3239} INFO - Sync 1 DAGs
[2024-10-12T02:48:37.371-0400] {logging_mixin.py:190} INFO - [2024-10-12T02:48:37.371-0400] {dag.py:4180} INFO - Setting next_dagrun for example_complex to None, run_after=None
[2024-10-12T02:48:37.393-0400] {processor.py:208} INFO - Processing /Users/karenwang/anaconda3/envs/airflow_sqlite_env/lib/python3.9/site-packages/airflow/example_dags/example_complex.py took 0.290 seconds
[2024-10-12T02:52:44.034-0400] {processor.py:186} INFO - Started process (PID=53680) to work on /Users/karenwang/anaconda3/envs/airflow_sqlite_env/lib/python3.9/site-packages/airflow/example_dags/example_complex.py
[2024-10-12T02:52:44.035-0400] {processor.py:914} INFO - Processing file /Users/karenwang/anaconda3/envs/airflow_sqlite_env/lib/python3.9/site-packages/airflow/example_dags/example_complex.py for tasks to queue
[2024-10-12T02:52:44.037-0400] {logging_mixin.py:190} INFO - [2024-10-12T02:52:44.037-0400] {dagbag.py:588} INFO - Filling up the DagBag from /Users/karenwang/anaconda3/envs/airflow_sqlite_env/lib/python3.9/site-packages/airflow/example_dags/example_complex.py
[2024-10-12T02:52:44.058-0400] {processor.py:925} INFO - DAG(s) 'example_complex' retrieved from /Users/karenwang/anaconda3/envs/airflow_sqlite_env/lib/python3.9/site-packages/airflow/example_dags/example_complex.py
[2024-10-12T02:52:44.282-0400] {logging_mixin.py:190} INFO - [2024-10-12T02:52:44.282-0400] {dag.py:3239} INFO - Sync 1 DAGs
[2024-10-12T02:52:44.302-0400] {logging_mixin.py:190} INFO - [2024-10-12T02:52:44.302-0400] {dag.py:4180} INFO - Setting next_dagrun for example_complex to None, run_after=None
[2024-10-12T02:52:44.325-0400] {processor.py:208} INFO - Processing /Users/karenwang/anaconda3/envs/airflow_sqlite_env/lib/python3.9/site-packages/airflow/example_dags/example_complex.py took 0.297 seconds
[2024-10-12T03:30:20.080-0400] {processor.py:186} INFO - Started process (PID=56167) to work on /Users/karenwang/anaconda3/envs/airflow_sqlite_env/lib/python3.9/site-packages/airflow/example_dags/example_complex.py
[2024-10-12T03:30:20.083-0400] {processor.py:914} INFO - Processing file /Users/karenwang/anaconda3/envs/airflow_sqlite_env/lib/python3.9/site-packages/airflow/example_dags/example_complex.py for tasks to queue
[2024-10-12T03:30:20.084-0400] {logging_mixin.py:190} INFO - [2024-10-12T03:30:20.084-0400] {dagbag.py:588} INFO - Filling up the DagBag from /Users/karenwang/anaconda3/envs/airflow_sqlite_env/lib/python3.9/site-packages/airflow/example_dags/example_complex.py
[2024-10-12T03:30:20.103-0400] {processor.py:925} INFO - DAG(s) 'example_complex' retrieved from /Users/karenwang/anaconda3/envs/airflow_sqlite_env/lib/python3.9/site-packages/airflow/example_dags/example_complex.py
[2024-10-12T03:30:20.331-0400] {logging_mixin.py:190} INFO - [2024-10-12T03:30:20.331-0400] {dag.py:3239} INFO - Sync 1 DAGs
[2024-10-12T03:30:20.346-0400] {logging_mixin.py:190} INFO - [2024-10-12T03:30:20.346-0400] {dag.py:4180} INFO - Setting next_dagrun for example_complex to None, run_after=None
[2024-10-12T03:30:20.375-0400] {processor.py:208} INFO - Processing /Users/karenwang/anaconda3/envs/airflow_sqlite_env/lib/python3.9/site-packages/airflow/example_dags/example_complex.py took 0.300 seconds
[2024-10-12T13:39:39.639-0400] {processor.py:186} INFO - Started process (PID=73935) to work on /Users/karenwang/anaconda3/envs/airflow_sqlite_env/lib/python3.9/site-packages/airflow/example_dags/example_complex.py
[2024-10-12T13:39:39.641-0400] {processor.py:914} INFO - Processing file /Users/karenwang/anaconda3/envs/airflow_sqlite_env/lib/python3.9/site-packages/airflow/example_dags/example_complex.py for tasks to queue
[2024-10-12T13:39:39.642-0400] {logging_mixin.py:190} INFO - [2024-10-12T13:39:39.642-0400] {dagbag.py:588} INFO - Filling up the DagBag from /Users/karenwang/anaconda3/envs/airflow_sqlite_env/lib/python3.9/site-packages/airflow/example_dags/example_complex.py
[2024-10-12T13:39:39.662-0400] {processor.py:925} INFO - DAG(s) 'example_complex' retrieved from /Users/karenwang/anaconda3/envs/airflow_sqlite_env/lib/python3.9/site-packages/airflow/example_dags/example_complex.py
[2024-10-12T13:39:39.875-0400] {logging_mixin.py:190} INFO - [2024-10-12T13:39:39.875-0400] {dag.py:3239} INFO - Sync 1 DAGs
[2024-10-12T13:39:39.891-0400] {logging_mixin.py:190} INFO - [2024-10-12T13:39:39.891-0400] {dag.py:4180} INFO - Setting next_dagrun for example_complex to None, run_after=None
[2024-10-12T13:39:39.913-0400] {processor.py:208} INFO - Processing /Users/karenwang/anaconda3/envs/airflow_sqlite_env/lib/python3.9/site-packages/airflow/example_dags/example_complex.py took 0.280 seconds
[2024-10-12T13:48:05.776-0400] {processor.py:186} INFO - Started process (PID=76594) to work on /Users/karenwang/anaconda3/envs/airflow_sqlite_env/lib/python3.9/site-packages/airflow/example_dags/example_complex.py
[2024-10-12T13:48:05.778-0400] {processor.py:914} INFO - Processing file /Users/karenwang/anaconda3/envs/airflow_sqlite_env/lib/python3.9/site-packages/airflow/example_dags/example_complex.py for tasks to queue
[2024-10-12T13:48:05.779-0400] {logging_mixin.py:190} INFO - [2024-10-12T13:48:05.778-0400] {dagbag.py:588} INFO - Filling up the DagBag from /Users/karenwang/anaconda3/envs/airflow_sqlite_env/lib/python3.9/site-packages/airflow/example_dags/example_complex.py
[2024-10-12T13:48:05.800-0400] {processor.py:925} INFO - DAG(s) 'example_complex' retrieved from /Users/karenwang/anaconda3/envs/airflow_sqlite_env/lib/python3.9/site-packages/airflow/example_dags/example_complex.py
[2024-10-12T13:48:06.050-0400] {logging_mixin.py:190} INFO - [2024-10-12T13:48:06.049-0400] {dag.py:3239} INFO - Sync 1 DAGs
[2024-10-12T13:48:06.065-0400] {logging_mixin.py:190} INFO - [2024-10-12T13:48:06.065-0400] {dag.py:4180} INFO - Setting next_dagrun for example_complex to None, run_after=None
[2024-10-12T13:48:06.088-0400] {processor.py:208} INFO - Processing /Users/karenwang/anaconda3/envs/airflow_sqlite_env/lib/python3.9/site-packages/airflow/example_dags/example_complex.py took 0.318 seconds
[2024-10-12T13:55:04.531-0400] {processor.py:186} INFO - Started process (PID=78721) to work on /Users/karenwang/anaconda3/envs/airflow_sqlite_env/lib/python3.9/site-packages/airflow/example_dags/example_complex.py
[2024-10-12T13:55:04.532-0400] {processor.py:914} INFO - Processing file /Users/karenwang/anaconda3/envs/airflow_sqlite_env/lib/python3.9/site-packages/airflow/example_dags/example_complex.py for tasks to queue
[2024-10-12T13:55:04.534-0400] {logging_mixin.py:190} INFO - [2024-10-12T13:55:04.533-0400] {dagbag.py:588} INFO - Filling up the DagBag from /Users/karenwang/anaconda3/envs/airflow_sqlite_env/lib/python3.9/site-packages/airflow/example_dags/example_complex.py
[2024-10-12T13:55:04.555-0400] {processor.py:925} INFO - DAG(s) 'example_complex' retrieved from /Users/karenwang/anaconda3/envs/airflow_sqlite_env/lib/python3.9/site-packages/airflow/example_dags/example_complex.py
[2024-10-12T13:55:04.781-0400] {logging_mixin.py:190} INFO - [2024-10-12T13:55:04.781-0400] {dag.py:3239} INFO - Sync 1 DAGs
[2024-10-12T13:55:04.795-0400] {logging_mixin.py:190} INFO - [2024-10-12T13:55:04.795-0400] {dag.py:4180} INFO - Setting next_dagrun for example_complex to None, run_after=None
[2024-10-12T13:55:04.818-0400] {processor.py:208} INFO - Processing /Users/karenwang/anaconda3/envs/airflow_sqlite_env/lib/python3.9/site-packages/airflow/example_dags/example_complex.py took 0.293 seconds
[2024-10-12T14:02:11.343-0400] {processor.py:186} INFO - Started process (PID=80884) to work on /Users/karenwang/anaconda3/envs/airflow_sqlite_env/lib/python3.9/site-packages/airflow/example_dags/example_complex.py
[2024-10-12T14:02:11.345-0400] {processor.py:914} INFO - Processing file /Users/karenwang/anaconda3/envs/airflow_sqlite_env/lib/python3.9/site-packages/airflow/example_dags/example_complex.py for tasks to queue
[2024-10-12T14:02:11.347-0400] {logging_mixin.py:190} INFO - [2024-10-12T14:02:11.346-0400] {dagbag.py:588} INFO - Filling up the DagBag from /Users/karenwang/anaconda3/envs/airflow_sqlite_env/lib/python3.9/site-packages/airflow/example_dags/example_complex.py
[2024-10-12T14:02:11.365-0400] {processor.py:925} INFO - DAG(s) 'example_complex' retrieved from /Users/karenwang/anaconda3/envs/airflow_sqlite_env/lib/python3.9/site-packages/airflow/example_dags/example_complex.py
[2024-10-12T14:02:11.587-0400] {logging_mixin.py:190} INFO - [2024-10-12T14:02:11.586-0400] {dag.py:3239} INFO - Sync 1 DAGs
[2024-10-12T14:02:11.602-0400] {logging_mixin.py:190} INFO - [2024-10-12T14:02:11.602-0400] {dag.py:4180} INFO - Setting next_dagrun for example_complex to None, run_after=None
[2024-10-12T14:02:11.621-0400] {processor.py:208} INFO - Processing /Users/karenwang/anaconda3/envs/airflow_sqlite_env/lib/python3.9/site-packages/airflow/example_dags/example_complex.py took 0.284 seconds
[2024-10-12T14:09:10.583-0400] {processor.py:186} INFO - Started process (PID=83012) to work on /Users/karenwang/anaconda3/envs/airflow_sqlite_env/lib/python3.9/site-packages/airflow/example_dags/example_complex.py
[2024-10-12T14:09:10.585-0400] {processor.py:914} INFO - Processing file /Users/karenwang/anaconda3/envs/airflow_sqlite_env/lib/python3.9/site-packages/airflow/example_dags/example_complex.py for tasks to queue
[2024-10-12T14:09:10.586-0400] {logging_mixin.py:190} INFO - [2024-10-12T14:09:10.586-0400] {dagbag.py:588} INFO - Filling up the DagBag from /Users/karenwang/anaconda3/envs/airflow_sqlite_env/lib/python3.9/site-packages/airflow/example_dags/example_complex.py
[2024-10-12T14:09:10.605-0400] {processor.py:925} INFO - DAG(s) 'example_complex' retrieved from /Users/karenwang/anaconda3/envs/airflow_sqlite_env/lib/python3.9/site-packages/airflow/example_dags/example_complex.py
[2024-10-12T14:09:10.815-0400] {logging_mixin.py:190} INFO - [2024-10-12T14:09:10.815-0400] {dag.py:3239} INFO - Sync 1 DAGs
[2024-10-12T14:09:10.831-0400] {logging_mixin.py:190} INFO - [2024-10-12T14:09:10.831-0400] {dag.py:4180} INFO - Setting next_dagrun for example_complex to None, run_after=None
[2024-10-12T14:09:10.852-0400] {processor.py:208} INFO - Processing /Users/karenwang/anaconda3/envs/airflow_sqlite_env/lib/python3.9/site-packages/airflow/example_dags/example_complex.py took 0.276 seconds
[2024-10-12T14:16:19.812-0400] {processor.py:186} INFO - Started process (PID=85174) to work on /Users/karenwang/anaconda3/envs/airflow_sqlite_env/lib/python3.9/site-packages/airflow/example_dags/example_complex.py
[2024-10-12T14:16:19.814-0400] {processor.py:914} INFO - Processing file /Users/karenwang/anaconda3/envs/airflow_sqlite_env/lib/python3.9/site-packages/airflow/example_dags/example_complex.py for tasks to queue
[2024-10-12T14:16:19.815-0400] {logging_mixin.py:190} INFO - [2024-10-12T14:16:19.815-0400] {dagbag.py:588} INFO - Filling up the DagBag from /Users/karenwang/anaconda3/envs/airflow_sqlite_env/lib/python3.9/site-packages/airflow/example_dags/example_complex.py
[2024-10-12T14:16:19.834-0400] {processor.py:925} INFO - DAG(s) 'example_complex' retrieved from /Users/karenwang/anaconda3/envs/airflow_sqlite_env/lib/python3.9/site-packages/airflow/example_dags/example_complex.py
[2024-10-12T14:16:20.041-0400] {logging_mixin.py:190} INFO - [2024-10-12T14:16:20.041-0400] {dag.py:3239} INFO - Sync 1 DAGs
[2024-10-12T14:16:20.057-0400] {logging_mixin.py:190} INFO - [2024-10-12T14:16:20.057-0400] {dag.py:4180} INFO - Setting next_dagrun for example_complex to None, run_after=None
[2024-10-12T14:16:20.081-0400] {processor.py:208} INFO - Processing /Users/karenwang/anaconda3/envs/airflow_sqlite_env/lib/python3.9/site-packages/airflow/example_dags/example_complex.py took 0.275 seconds
[2024-10-12T14:23:15.107-0400] {processor.py:186} INFO - Started process (PID=87310) to work on /Users/karenwang/anaconda3/envs/airflow_sqlite_env/lib/python3.9/site-packages/airflow/example_dags/example_complex.py
[2024-10-12T14:23:15.108-0400] {processor.py:914} INFO - Processing file /Users/karenwang/anaconda3/envs/airflow_sqlite_env/lib/python3.9/site-packages/airflow/example_dags/example_complex.py for tasks to queue
[2024-10-12T14:23:15.110-0400] {logging_mixin.py:190} INFO - [2024-10-12T14:23:15.110-0400] {dagbag.py:588} INFO - Filling up the DagBag from /Users/karenwang/anaconda3/envs/airflow_sqlite_env/lib/python3.9/site-packages/airflow/example_dags/example_complex.py
[2024-10-12T14:23:15.129-0400] {processor.py:925} INFO - DAG(s) 'example_complex' retrieved from /Users/karenwang/anaconda3/envs/airflow_sqlite_env/lib/python3.9/site-packages/airflow/example_dags/example_complex.py
[2024-10-12T14:23:15.353-0400] {logging_mixin.py:190} INFO - [2024-10-12T14:23:15.352-0400] {dag.py:3239} INFO - Sync 1 DAGs
[2024-10-12T14:23:15.366-0400] {logging_mixin.py:190} INFO - [2024-10-12T14:23:15.366-0400] {dag.py:4180} INFO - Setting next_dagrun for example_complex to None, run_after=None
[2024-10-12T14:23:15.387-0400] {processor.py:208} INFO - Processing /Users/karenwang/anaconda3/envs/airflow_sqlite_env/lib/python3.9/site-packages/airflow/example_dags/example_complex.py took 0.285 seconds
[2024-10-12T14:30:22.206-0400] {processor.py:186} INFO - Started process (PID=89458) to work on /Users/karenwang/anaconda3/envs/airflow_sqlite_env/lib/python3.9/site-packages/airflow/example_dags/example_complex.py
[2024-10-12T14:30:22.207-0400] {processor.py:914} INFO - Processing file /Users/karenwang/anaconda3/envs/airflow_sqlite_env/lib/python3.9/site-packages/airflow/example_dags/example_complex.py for tasks to queue
[2024-10-12T14:30:22.209-0400] {logging_mixin.py:190} INFO - [2024-10-12T14:30:22.209-0400] {dagbag.py:588} INFO - Filling up the DagBag from /Users/karenwang/anaconda3/envs/airflow_sqlite_env/lib/python3.9/site-packages/airflow/example_dags/example_complex.py
[2024-10-12T14:30:22.230-0400] {processor.py:925} INFO - DAG(s) 'example_complex' retrieved from /Users/karenwang/anaconda3/envs/airflow_sqlite_env/lib/python3.9/site-packages/airflow/example_dags/example_complex.py
[2024-10-12T14:30:22.426-0400] {logging_mixin.py:190} INFO - [2024-10-12T14:30:22.426-0400] {dag.py:3239} INFO - Sync 1 DAGs
[2024-10-12T14:30:22.440-0400] {logging_mixin.py:190} INFO - [2024-10-12T14:30:22.440-0400] {dag.py:4180} INFO - Setting next_dagrun for example_complex to None, run_after=None
[2024-10-12T14:30:22.460-0400] {processor.py:208} INFO - Processing /Users/karenwang/anaconda3/envs/airflow_sqlite_env/lib/python3.9/site-packages/airflow/example_dags/example_complex.py took 0.260 seconds
[2024-10-12T14:37:18.459-0400] {processor.py:186} INFO - Started process (PID=91566) to work on /Users/karenwang/anaconda3/envs/airflow_sqlite_env/lib/python3.9/site-packages/airflow/example_dags/example_complex.py
[2024-10-12T14:37:18.461-0400] {processor.py:914} INFO - Processing file /Users/karenwang/anaconda3/envs/airflow_sqlite_env/lib/python3.9/site-packages/airflow/example_dags/example_complex.py for tasks to queue
[2024-10-12T14:37:18.462-0400] {logging_mixin.py:190} INFO - [2024-10-12T14:37:18.462-0400] {dagbag.py:588} INFO - Filling up the DagBag from /Users/karenwang/anaconda3/envs/airflow_sqlite_env/lib/python3.9/site-packages/airflow/example_dags/example_complex.py
[2024-10-12T14:37:18.484-0400] {processor.py:925} INFO - DAG(s) 'example_complex' retrieved from /Users/karenwang/anaconda3/envs/airflow_sqlite_env/lib/python3.9/site-packages/airflow/example_dags/example_complex.py
[2024-10-12T14:37:18.718-0400] {logging_mixin.py:190} INFO - [2024-10-12T14:37:18.718-0400] {dag.py:3239} INFO - Sync 1 DAGs
[2024-10-12T14:37:18.735-0400] {logging_mixin.py:190} INFO - [2024-10-12T14:37:18.735-0400] {dag.py:4180} INFO - Setting next_dagrun for example_complex to None, run_after=None
[2024-10-12T14:37:18.759-0400] {processor.py:208} INFO - Processing /Users/karenwang/anaconda3/envs/airflow_sqlite_env/lib/python3.9/site-packages/airflow/example_dags/example_complex.py took 0.305 seconds
[2024-10-12T14:44:15.905-0400] {processor.py:186} INFO - Started process (PID=93706) to work on /Users/karenwang/anaconda3/envs/airflow_sqlite_env/lib/python3.9/site-packages/airflow/example_dags/example_complex.py
[2024-10-12T14:44:15.906-0400] {processor.py:914} INFO - Processing file /Users/karenwang/anaconda3/envs/airflow_sqlite_env/lib/python3.9/site-packages/airflow/example_dags/example_complex.py for tasks to queue
[2024-10-12T14:44:15.907-0400] {logging_mixin.py:190} INFO - [2024-10-12T14:44:15.907-0400] {dagbag.py:588} INFO - Filling up the DagBag from /Users/karenwang/anaconda3/envs/airflow_sqlite_env/lib/python3.9/site-packages/airflow/example_dags/example_complex.py
[2024-10-12T14:44:15.926-0400] {processor.py:925} INFO - DAG(s) 'example_complex' retrieved from /Users/karenwang/anaconda3/envs/airflow_sqlite_env/lib/python3.9/site-packages/airflow/example_dags/example_complex.py
[2024-10-12T14:44:16.151-0400] {logging_mixin.py:190} INFO - [2024-10-12T14:44:16.150-0400] {dag.py:3239} INFO - Sync 1 DAGs
[2024-10-12T14:44:16.168-0400] {logging_mixin.py:190} INFO - [2024-10-12T14:44:16.168-0400] {dag.py:4180} INFO - Setting next_dagrun for example_complex to None, run_after=None
[2024-10-12T14:44:16.188-0400] {processor.py:208} INFO - Processing /Users/karenwang/anaconda3/envs/airflow_sqlite_env/lib/python3.9/site-packages/airflow/example_dags/example_complex.py took 0.288 seconds
[2024-10-12T14:51:23.856-0400] {processor.py:186} INFO - Started process (PID=95887) to work on /Users/karenwang/anaconda3/envs/airflow_sqlite_env/lib/python3.9/site-packages/airflow/example_dags/example_complex.py
[2024-10-12T14:51:23.857-0400] {processor.py:914} INFO - Processing file /Users/karenwang/anaconda3/envs/airflow_sqlite_env/lib/python3.9/site-packages/airflow/example_dags/example_complex.py for tasks to queue
[2024-10-12T14:51:23.858-0400] {logging_mixin.py:190} INFO - [2024-10-12T14:51:23.858-0400] {dagbag.py:588} INFO - Filling up the DagBag from /Users/karenwang/anaconda3/envs/airflow_sqlite_env/lib/python3.9/site-packages/airflow/example_dags/example_complex.py
[2024-10-12T14:51:23.879-0400] {processor.py:925} INFO - DAG(s) 'example_complex' retrieved from /Users/karenwang/anaconda3/envs/airflow_sqlite_env/lib/python3.9/site-packages/airflow/example_dags/example_complex.py
[2024-10-12T14:51:24.110-0400] {logging_mixin.py:190} INFO - [2024-10-12T14:51:24.110-0400] {dag.py:3239} INFO - Sync 1 DAGs
[2024-10-12T14:51:24.130-0400] {logging_mixin.py:190} INFO - [2024-10-12T14:51:24.130-0400] {dag.py:4180} INFO - Setting next_dagrun for example_complex to None, run_after=None
[2024-10-12T14:51:24.153-0400] {processor.py:208} INFO - Processing /Users/karenwang/anaconda3/envs/airflow_sqlite_env/lib/python3.9/site-packages/airflow/example_dags/example_complex.py took 0.304 seconds
[2024-10-12T14:58:20.846-0400] {processor.py:186} INFO - Started process (PID=98013) to work on /Users/karenwang/anaconda3/envs/airflow_sqlite_env/lib/python3.9/site-packages/airflow/example_dags/example_complex.py
[2024-10-12T14:58:20.848-0400] {processor.py:914} INFO - Processing file /Users/karenwang/anaconda3/envs/airflow_sqlite_env/lib/python3.9/site-packages/airflow/example_dags/example_complex.py for tasks to queue
[2024-10-12T14:58:20.850-0400] {logging_mixin.py:190} INFO - [2024-10-12T14:58:20.849-0400] {dagbag.py:588} INFO - Filling up the DagBag from /Users/karenwang/anaconda3/envs/airflow_sqlite_env/lib/python3.9/site-packages/airflow/example_dags/example_complex.py
[2024-10-12T14:58:20.870-0400] {processor.py:925} INFO - DAG(s) 'example_complex' retrieved from /Users/karenwang/anaconda3/envs/airflow_sqlite_env/lib/python3.9/site-packages/airflow/example_dags/example_complex.py
[2024-10-12T14:58:21.085-0400] {logging_mixin.py:190} INFO - [2024-10-12T14:58:21.085-0400] {dag.py:3239} INFO - Sync 1 DAGs
[2024-10-12T14:58:21.099-0400] {logging_mixin.py:190} INFO - [2024-10-12T14:58:21.098-0400] {dag.py:4180} INFO - Setting next_dagrun for example_complex to None, run_after=None
[2024-10-12T14:58:21.120-0400] {processor.py:208} INFO - Processing /Users/karenwang/anaconda3/envs/airflow_sqlite_env/lib/python3.9/site-packages/airflow/example_dags/example_complex.py took 0.280 seconds
[2024-10-12T15:05:28.707-0400] {processor.py:186} INFO - Started process (PID=657) to work on /Users/karenwang/anaconda3/envs/airflow_sqlite_env/lib/python3.9/site-packages/airflow/example_dags/example_complex.py
[2024-10-12T15:05:28.709-0400] {processor.py:914} INFO - Processing file /Users/karenwang/anaconda3/envs/airflow_sqlite_env/lib/python3.9/site-packages/airflow/example_dags/example_complex.py for tasks to queue
[2024-10-12T15:05:28.711-0400] {logging_mixin.py:190} INFO - [2024-10-12T15:05:28.710-0400] {dagbag.py:588} INFO - Filling up the DagBag from /Users/karenwang/anaconda3/envs/airflow_sqlite_env/lib/python3.9/site-packages/airflow/example_dags/example_complex.py
[2024-10-12T15:05:28.727-0400] {processor.py:925} INFO - DAG(s) 'example_complex' retrieved from /Users/karenwang/anaconda3/envs/airflow_sqlite_env/lib/python3.9/site-packages/airflow/example_dags/example_complex.py
[2024-10-12T15:05:28.943-0400] {logging_mixin.py:190} INFO - [2024-10-12T15:05:28.943-0400] {dag.py:3239} INFO - Sync 1 DAGs
[2024-10-12T15:05:28.956-0400] {logging_mixin.py:190} INFO - [2024-10-12T15:05:28.956-0400] {dag.py:4180} INFO - Setting next_dagrun for example_complex to None, run_after=None
[2024-10-12T15:05:28.976-0400] {processor.py:208} INFO - Processing /Users/karenwang/anaconda3/envs/airflow_sqlite_env/lib/python3.9/site-packages/airflow/example_dags/example_complex.py took 0.275 seconds
[2024-10-12T15:12:26.499-0400] {processor.py:186} INFO - Started process (PID=3034) to work on /Users/karenwang/anaconda3/envs/airflow_sqlite_env/lib/python3.9/site-packages/airflow/example_dags/example_complex.py
[2024-10-12T15:12:26.500-0400] {processor.py:914} INFO - Processing file /Users/karenwang/anaconda3/envs/airflow_sqlite_env/lib/python3.9/site-packages/airflow/example_dags/example_complex.py for tasks to queue
[2024-10-12T15:12:26.502-0400] {logging_mixin.py:190} INFO - [2024-10-12T15:12:26.501-0400] {dagbag.py:588} INFO - Filling up the DagBag from /Users/karenwang/anaconda3/envs/airflow_sqlite_env/lib/python3.9/site-packages/airflow/example_dags/example_complex.py
[2024-10-12T15:12:26.517-0400] {processor.py:925} INFO - DAG(s) 'example_complex' retrieved from /Users/karenwang/anaconda3/envs/airflow_sqlite_env/lib/python3.9/site-packages/airflow/example_dags/example_complex.py
[2024-10-12T15:12:26.741-0400] {logging_mixin.py:190} INFO - [2024-10-12T15:12:26.740-0400] {dag.py:3239} INFO - Sync 1 DAGs
[2024-10-12T15:12:26.760-0400] {logging_mixin.py:190} INFO - [2024-10-12T15:12:26.760-0400] {dag.py:4180} INFO - Setting next_dagrun for example_complex to None, run_after=None
[2024-10-12T15:12:26.782-0400] {processor.py:208} INFO - Processing /Users/karenwang/anaconda3/envs/airflow_sqlite_env/lib/python3.9/site-packages/airflow/example_dags/example_complex.py took 0.289 seconds
[2024-10-12T15:19:31.197-0400] {processor.py:186} INFO - Started process (PID=5185) to work on /Users/karenwang/anaconda3/envs/airflow_sqlite_env/lib/python3.9/site-packages/airflow/example_dags/example_complex.py
[2024-10-12T15:19:31.198-0400] {processor.py:914} INFO - Processing file /Users/karenwang/anaconda3/envs/airflow_sqlite_env/lib/python3.9/site-packages/airflow/example_dags/example_complex.py for tasks to queue
[2024-10-12T15:19:31.200-0400] {logging_mixin.py:190} INFO - [2024-10-12T15:19:31.200-0400] {dagbag.py:588} INFO - Filling up the DagBag from /Users/karenwang/anaconda3/envs/airflow_sqlite_env/lib/python3.9/site-packages/airflow/example_dags/example_complex.py
[2024-10-12T15:19:31.220-0400] {processor.py:925} INFO - DAG(s) 'example_complex' retrieved from /Users/karenwang/anaconda3/envs/airflow_sqlite_env/lib/python3.9/site-packages/airflow/example_dags/example_complex.py
[2024-10-12T15:19:31.437-0400] {logging_mixin.py:190} INFO - [2024-10-12T15:19:31.436-0400] {dag.py:3239} INFO - Sync 1 DAGs
[2024-10-12T15:19:31.452-0400] {logging_mixin.py:190} INFO - [2024-10-12T15:19:31.451-0400] {dag.py:4180} INFO - Setting next_dagrun for example_complex to None, run_after=None
[2024-10-12T15:19:31.475-0400] {processor.py:208} INFO - Processing /Users/karenwang/anaconda3/envs/airflow_sqlite_env/lib/python3.9/site-packages/airflow/example_dags/example_complex.py took 0.284 seconds
[2024-10-12T15:26:28.863-0400] {processor.py:186} INFO - Started process (PID=7303) to work on /Users/karenwang/anaconda3/envs/airflow_sqlite_env/lib/python3.9/site-packages/airflow/example_dags/example_complex.py
[2024-10-12T15:26:28.865-0400] {processor.py:914} INFO - Processing file /Users/karenwang/anaconda3/envs/airflow_sqlite_env/lib/python3.9/site-packages/airflow/example_dags/example_complex.py for tasks to queue
[2024-10-12T15:26:28.866-0400] {logging_mixin.py:190} INFO - [2024-10-12T15:26:28.865-0400] {dagbag.py:588} INFO - Filling up the DagBag from /Users/karenwang/anaconda3/envs/airflow_sqlite_env/lib/python3.9/site-packages/airflow/example_dags/example_complex.py
[2024-10-12T15:26:28.886-0400] {processor.py:925} INFO - DAG(s) 'example_complex' retrieved from /Users/karenwang/anaconda3/envs/airflow_sqlite_env/lib/python3.9/site-packages/airflow/example_dags/example_complex.py
[2024-10-12T15:26:29.090-0400] {logging_mixin.py:190} INFO - [2024-10-12T15:26:29.090-0400] {dag.py:3239} INFO - Sync 1 DAGs
[2024-10-12T15:26:29.107-0400] {logging_mixin.py:190} INFO - [2024-10-12T15:26:29.107-0400] {dag.py:4180} INFO - Setting next_dagrun for example_complex to None, run_after=None
[2024-10-12T15:26:29.128-0400] {processor.py:208} INFO - Processing /Users/karenwang/anaconda3/envs/airflow_sqlite_env/lib/python3.9/site-packages/airflow/example_dags/example_complex.py took 0.271 seconds
[2024-10-12T15:33:44.275-0400] {processor.py:186} INFO - Started process (PID=9538) to work on /Users/karenwang/anaconda3/envs/airflow_sqlite_env/lib/python3.9/site-packages/airflow/example_dags/example_complex.py
[2024-10-12T15:33:44.277-0400] {processor.py:914} INFO - Processing file /Users/karenwang/anaconda3/envs/airflow_sqlite_env/lib/python3.9/site-packages/airflow/example_dags/example_complex.py for tasks to queue
[2024-10-12T15:33:44.278-0400] {logging_mixin.py:190} INFO - [2024-10-12T15:33:44.278-0400] {dagbag.py:588} INFO - Filling up the DagBag from /Users/karenwang/anaconda3/envs/airflow_sqlite_env/lib/python3.9/site-packages/airflow/example_dags/example_complex.py
[2024-10-12T15:33:44.295-0400] {processor.py:925} INFO - DAG(s) 'example_complex' retrieved from /Users/karenwang/anaconda3/envs/airflow_sqlite_env/lib/python3.9/site-packages/airflow/example_dags/example_complex.py
[2024-10-12T15:33:44.510-0400] {logging_mixin.py:190} INFO - [2024-10-12T15:33:44.509-0400] {dag.py:3239} INFO - Sync 1 DAGs
[2024-10-12T15:33:44.525-0400] {logging_mixin.py:190} INFO - [2024-10-12T15:33:44.525-0400] {dag.py:4180} INFO - Setting next_dagrun for example_complex to None, run_after=None
[2024-10-12T15:33:44.545-0400] {processor.py:208} INFO - Processing /Users/karenwang/anaconda3/envs/airflow_sqlite_env/lib/python3.9/site-packages/airflow/example_dags/example_complex.py took 0.276 seconds
[2024-10-12T15:40:40.228-0400] {processor.py:186} INFO - Started process (PID=11653) to work on /Users/karenwang/anaconda3/envs/airflow_sqlite_env/lib/python3.9/site-packages/airflow/example_dags/example_complex.py
[2024-10-12T15:40:40.230-0400] {processor.py:914} INFO - Processing file /Users/karenwang/anaconda3/envs/airflow_sqlite_env/lib/python3.9/site-packages/airflow/example_dags/example_complex.py for tasks to queue
[2024-10-12T15:40:40.231-0400] {logging_mixin.py:190} INFO - [2024-10-12T15:40:40.231-0400] {dagbag.py:588} INFO - Filling up the DagBag from /Users/karenwang/anaconda3/envs/airflow_sqlite_env/lib/python3.9/site-packages/airflow/example_dags/example_complex.py
[2024-10-12T15:40:40.250-0400] {processor.py:925} INFO - DAG(s) 'example_complex' retrieved from /Users/karenwang/anaconda3/envs/airflow_sqlite_env/lib/python3.9/site-packages/airflow/example_dags/example_complex.py
[2024-10-12T15:40:40.469-0400] {logging_mixin.py:190} INFO - [2024-10-12T15:40:40.468-0400] {dag.py:3239} INFO - Sync 1 DAGs
[2024-10-12T15:40:40.482-0400] {logging_mixin.py:190} INFO - [2024-10-12T15:40:40.482-0400] {dag.py:4180} INFO - Setting next_dagrun for example_complex to None, run_after=None
[2024-10-12T15:40:40.502-0400] {processor.py:208} INFO - Processing /Users/karenwang/anaconda3/envs/airflow_sqlite_env/lib/python3.9/site-packages/airflow/example_dags/example_complex.py took 0.280 seconds
[2024-10-12T15:47:48.241-0400] {processor.py:186} INFO - Started process (PID=13845) to work on /Users/karenwang/anaconda3/envs/airflow_sqlite_env/lib/python3.9/site-packages/airflow/example_dags/example_complex.py
[2024-10-12T15:47:48.242-0400] {processor.py:914} INFO - Processing file /Users/karenwang/anaconda3/envs/airflow_sqlite_env/lib/python3.9/site-packages/airflow/example_dags/example_complex.py for tasks to queue
[2024-10-12T15:47:48.244-0400] {logging_mixin.py:190} INFO - [2024-10-12T15:47:48.243-0400] {dagbag.py:588} INFO - Filling up the DagBag from /Users/karenwang/anaconda3/envs/airflow_sqlite_env/lib/python3.9/site-packages/airflow/example_dags/example_complex.py
[2024-10-12T15:47:48.261-0400] {processor.py:925} INFO - DAG(s) 'example_complex' retrieved from /Users/karenwang/anaconda3/envs/airflow_sqlite_env/lib/python3.9/site-packages/airflow/example_dags/example_complex.py
[2024-10-12T15:47:48.489-0400] {logging_mixin.py:190} INFO - [2024-10-12T15:47:48.488-0400] {dag.py:3239} INFO - Sync 1 DAGs
[2024-10-12T15:47:48.506-0400] {logging_mixin.py:190} INFO - [2024-10-12T15:47:48.506-0400] {dag.py:4180} INFO - Setting next_dagrun for example_complex to None, run_after=None
[2024-10-12T15:47:48.527-0400] {processor.py:208} INFO - Processing /Users/karenwang/anaconda3/envs/airflow_sqlite_env/lib/python3.9/site-packages/airflow/example_dags/example_complex.py took 0.292 seconds
[2024-10-12T15:54:43.145-0400] {processor.py:186} INFO - Started process (PID=15935) to work on /Users/karenwang/anaconda3/envs/airflow_sqlite_env/lib/python3.9/site-packages/airflow/example_dags/example_complex.py
[2024-10-12T15:54:43.147-0400] {processor.py:914} INFO - Processing file /Users/karenwang/anaconda3/envs/airflow_sqlite_env/lib/python3.9/site-packages/airflow/example_dags/example_complex.py for tasks to queue
[2024-10-12T15:54:43.149-0400] {logging_mixin.py:190} INFO - [2024-10-12T15:54:43.148-0400] {dagbag.py:588} INFO - Filling up the DagBag from /Users/karenwang/anaconda3/envs/airflow_sqlite_env/lib/python3.9/site-packages/airflow/example_dags/example_complex.py
[2024-10-12T15:54:43.165-0400] {processor.py:925} INFO - DAG(s) 'example_complex' retrieved from /Users/karenwang/anaconda3/envs/airflow_sqlite_env/lib/python3.9/site-packages/airflow/example_dags/example_complex.py
[2024-10-12T15:54:43.376-0400] {logging_mixin.py:190} INFO - [2024-10-12T15:54:43.376-0400] {dag.py:3239} INFO - Sync 1 DAGs
[2024-10-12T15:54:43.392-0400] {logging_mixin.py:190} INFO - [2024-10-12T15:54:43.391-0400] {dag.py:4180} INFO - Setting next_dagrun for example_complex to None, run_after=None
[2024-10-12T15:54:43.412-0400] {processor.py:208} INFO - Processing /Users/karenwang/anaconda3/envs/airflow_sqlite_env/lib/python3.9/site-packages/airflow/example_dags/example_complex.py took 0.272 seconds
[2024-10-12T16:01:53.435-0400] {processor.py:186} INFO - Started process (PID=18119) to work on /Users/karenwang/anaconda3/envs/airflow_sqlite_env/lib/python3.9/site-packages/airflow/example_dags/example_complex.py
[2024-10-12T16:01:53.436-0400] {processor.py:914} INFO - Processing file /Users/karenwang/anaconda3/envs/airflow_sqlite_env/lib/python3.9/site-packages/airflow/example_dags/example_complex.py for tasks to queue
[2024-10-12T16:01:53.437-0400] {logging_mixin.py:190} INFO - [2024-10-12T16:01:53.437-0400] {dagbag.py:588} INFO - Filling up the DagBag from /Users/karenwang/anaconda3/envs/airflow_sqlite_env/lib/python3.9/site-packages/airflow/example_dags/example_complex.py
[2024-10-12T16:01:53.460-0400] {processor.py:925} INFO - DAG(s) 'example_complex' retrieved from /Users/karenwang/anaconda3/envs/airflow_sqlite_env/lib/python3.9/site-packages/airflow/example_dags/example_complex.py
[2024-10-12T16:01:53.690-0400] {logging_mixin.py:190} INFO - [2024-10-12T16:01:53.690-0400] {dag.py:3239} INFO - Sync 1 DAGs
[2024-10-12T16:01:53.708-0400] {logging_mixin.py:190} INFO - [2024-10-12T16:01:53.708-0400] {dag.py:4180} INFO - Setting next_dagrun for example_complex to None, run_after=None
[2024-10-12T16:01:53.729-0400] {processor.py:208} INFO - Processing /Users/karenwang/anaconda3/envs/airflow_sqlite_env/lib/python3.9/site-packages/airflow/example_dags/example_complex.py took 0.300 seconds
[2024-10-12T16:08:50.788-0400] {processor.py:186} INFO - Started process (PID=20246) to work on /Users/karenwang/anaconda3/envs/airflow_sqlite_env/lib/python3.9/site-packages/airflow/example_dags/example_complex.py
[2024-10-12T16:08:50.789-0400] {processor.py:914} INFO - Processing file /Users/karenwang/anaconda3/envs/airflow_sqlite_env/lib/python3.9/site-packages/airflow/example_dags/example_complex.py for tasks to queue
[2024-10-12T16:08:50.790-0400] {logging_mixin.py:190} INFO - [2024-10-12T16:08:50.790-0400] {dagbag.py:588} INFO - Filling up the DagBag from /Users/karenwang/anaconda3/envs/airflow_sqlite_env/lib/python3.9/site-packages/airflow/example_dags/example_complex.py
[2024-10-12T16:08:50.809-0400] {processor.py:925} INFO - DAG(s) 'example_complex' retrieved from /Users/karenwang/anaconda3/envs/airflow_sqlite_env/lib/python3.9/site-packages/airflow/example_dags/example_complex.py
[2024-10-12T16:08:51.010-0400] {logging_mixin.py:190} INFO - [2024-10-12T16:08:51.009-0400] {dag.py:3239} INFO - Sync 1 DAGs
[2024-10-12T16:08:51.025-0400] {logging_mixin.py:190} INFO - [2024-10-12T16:08:51.025-0400] {dag.py:4180} INFO - Setting next_dagrun for example_complex to None, run_after=None
[2024-10-12T16:08:51.047-0400] {processor.py:208} INFO - Processing /Users/karenwang/anaconda3/envs/airflow_sqlite_env/lib/python3.9/site-packages/airflow/example_dags/example_complex.py took 0.265 seconds
[2024-10-12T16:16:00.320-0400] {processor.py:186} INFO - Started process (PID=22420) to work on /Users/karenwang/anaconda3/envs/airflow_sqlite_env/lib/python3.9/site-packages/airflow/example_dags/example_complex.py
[2024-10-12T16:16:00.321-0400] {processor.py:914} INFO - Processing file /Users/karenwang/anaconda3/envs/airflow_sqlite_env/lib/python3.9/site-packages/airflow/example_dags/example_complex.py for tasks to queue
[2024-10-12T16:16:00.323-0400] {logging_mixin.py:190} INFO - [2024-10-12T16:16:00.322-0400] {dagbag.py:588} INFO - Filling up the DagBag from /Users/karenwang/anaconda3/envs/airflow_sqlite_env/lib/python3.9/site-packages/airflow/example_dags/example_complex.py
[2024-10-12T16:16:00.341-0400] {processor.py:925} INFO - DAG(s) 'example_complex' retrieved from /Users/karenwang/anaconda3/envs/airflow_sqlite_env/lib/python3.9/site-packages/airflow/example_dags/example_complex.py
[2024-10-12T16:16:00.554-0400] {logging_mixin.py:190} INFO - [2024-10-12T16:16:00.554-0400] {dag.py:3239} INFO - Sync 1 DAGs
[2024-10-12T16:16:00.568-0400] {logging_mixin.py:190} INFO - [2024-10-12T16:16:00.567-0400] {dag.py:4180} INFO - Setting next_dagrun for example_complex to None, run_after=None
[2024-10-12T16:16:00.588-0400] {processor.py:208} INFO - Processing /Users/karenwang/anaconda3/envs/airflow_sqlite_env/lib/python3.9/site-packages/airflow/example_dags/example_complex.py took 0.274 seconds
[2024-10-12T16:22:57.978-0400] {processor.py:186} INFO - Started process (PID=24547) to work on /Users/karenwang/anaconda3/envs/airflow_sqlite_env/lib/python3.9/site-packages/airflow/example_dags/example_complex.py
[2024-10-12T16:22:57.980-0400] {processor.py:914} INFO - Processing file /Users/karenwang/anaconda3/envs/airflow_sqlite_env/lib/python3.9/site-packages/airflow/example_dags/example_complex.py for tasks to queue
[2024-10-12T16:22:57.981-0400] {logging_mixin.py:190} INFO - [2024-10-12T16:22:57.981-0400] {dagbag.py:588} INFO - Filling up the DagBag from /Users/karenwang/anaconda3/envs/airflow_sqlite_env/lib/python3.9/site-packages/airflow/example_dags/example_complex.py
[2024-10-12T16:22:58.002-0400] {processor.py:925} INFO - DAG(s) 'example_complex' retrieved from /Users/karenwang/anaconda3/envs/airflow_sqlite_env/lib/python3.9/site-packages/airflow/example_dags/example_complex.py
[2024-10-12T16:22:58.221-0400] {logging_mixin.py:190} INFO - [2024-10-12T16:22:58.221-0400] {dag.py:3239} INFO - Sync 1 DAGs
[2024-10-12T16:22:58.241-0400] {logging_mixin.py:190} INFO - [2024-10-12T16:22:58.241-0400] {dag.py:4180} INFO - Setting next_dagrun for example_complex to None, run_after=None
[2024-10-12T16:22:58.264-0400] {processor.py:208} INFO - Processing /Users/karenwang/anaconda3/envs/airflow_sqlite_env/lib/python3.9/site-packages/airflow/example_dags/example_complex.py took 0.292 seconds
[2024-10-12T16:29:54.953-0400] {processor.py:186} INFO - Started process (PID=26699) to work on /Users/karenwang/anaconda3/envs/airflow_sqlite_env/lib/python3.9/site-packages/airflow/example_dags/example_complex.py
[2024-10-12T16:29:54.955-0400] {processor.py:914} INFO - Processing file /Users/karenwang/anaconda3/envs/airflow_sqlite_env/lib/python3.9/site-packages/airflow/example_dags/example_complex.py for tasks to queue
[2024-10-12T16:29:54.956-0400] {logging_mixin.py:190} INFO - [2024-10-12T16:29:54.955-0400] {dagbag.py:588} INFO - Filling up the DagBag from /Users/karenwang/anaconda3/envs/airflow_sqlite_env/lib/python3.9/site-packages/airflow/example_dags/example_complex.py
[2024-10-12T16:29:54.976-0400] {processor.py:925} INFO - DAG(s) 'example_complex' retrieved from /Users/karenwang/anaconda3/envs/airflow_sqlite_env/lib/python3.9/site-packages/airflow/example_dags/example_complex.py
[2024-10-12T16:29:55.192-0400] {logging_mixin.py:190} INFO - [2024-10-12T16:29:55.191-0400] {dag.py:3239} INFO - Sync 1 DAGs
[2024-10-12T16:29:55.210-0400] {logging_mixin.py:190} INFO - [2024-10-12T16:29:55.210-0400] {dag.py:4180} INFO - Setting next_dagrun for example_complex to None, run_after=None
[2024-10-12T16:29:55.230-0400] {processor.py:208} INFO - Processing /Users/karenwang/anaconda3/envs/airflow_sqlite_env/lib/python3.9/site-packages/airflow/example_dags/example_complex.py took 0.283 seconds
[2024-10-12T16:34:06.967-0400] {processor.py:186} INFO - Started process (PID=27976) to work on /Users/karenwang/anaconda3/envs/airflow_sqlite_env/lib/python3.9/site-packages/airflow/example_dags/example_complex.py
[2024-10-12T16:34:06.968-0400] {processor.py:914} INFO - Processing file /Users/karenwang/anaconda3/envs/airflow_sqlite_env/lib/python3.9/site-packages/airflow/example_dags/example_complex.py for tasks to queue
[2024-10-12T16:34:06.969-0400] {logging_mixin.py:190} INFO - [2024-10-12T16:34:06.969-0400] {dagbag.py:588} INFO - Filling up the DagBag from /Users/karenwang/anaconda3/envs/airflow_sqlite_env/lib/python3.9/site-packages/airflow/example_dags/example_complex.py
[2024-10-12T16:34:06.986-0400] {processor.py:925} INFO - DAG(s) 'example_complex' retrieved from /Users/karenwang/anaconda3/envs/airflow_sqlite_env/lib/python3.9/site-packages/airflow/example_dags/example_complex.py
[2024-10-12T16:34:07.184-0400] {logging_mixin.py:190} INFO - [2024-10-12T16:34:07.184-0400] {dag.py:3239} INFO - Sync 1 DAGs
[2024-10-12T16:34:07.206-0400] {logging_mixin.py:190} INFO - [2024-10-12T16:34:07.206-0400] {dag.py:4180} INFO - Setting next_dagrun for example_complex to None, run_after=None
[2024-10-12T16:34:07.228-0400] {processor.py:208} INFO - Processing /Users/karenwang/anaconda3/envs/airflow_sqlite_env/lib/python3.9/site-packages/airflow/example_dags/example_complex.py took 0.268 seconds
[2024-10-12T16:41:06.233-0400] {processor.py:186} INFO - Started process (PID=30104) to work on /Users/karenwang/anaconda3/envs/airflow_sqlite_env/lib/python3.9/site-packages/airflow/example_dags/example_complex.py
[2024-10-12T16:41:06.235-0400] {processor.py:914} INFO - Processing file /Users/karenwang/anaconda3/envs/airflow_sqlite_env/lib/python3.9/site-packages/airflow/example_dags/example_complex.py for tasks to queue
[2024-10-12T16:41:06.235-0400] {logging_mixin.py:190} INFO - [2024-10-12T16:41:06.235-0400] {dagbag.py:588} INFO - Filling up the DagBag from /Users/karenwang/anaconda3/envs/airflow_sqlite_env/lib/python3.9/site-packages/airflow/example_dags/example_complex.py
[2024-10-12T16:41:06.252-0400] {processor.py:925} INFO - DAG(s) 'example_complex' retrieved from /Users/karenwang/anaconda3/envs/airflow_sqlite_env/lib/python3.9/site-packages/airflow/example_dags/example_complex.py
[2024-10-12T16:41:06.468-0400] {logging_mixin.py:190} INFO - [2024-10-12T16:41:06.468-0400] {dag.py:3239} INFO - Sync 1 DAGs
[2024-10-12T16:41:06.483-0400] {logging_mixin.py:190} INFO - [2024-10-12T16:41:06.483-0400] {dag.py:4180} INFO - Setting next_dagrun for example_complex to None, run_after=None
[2024-10-12T16:41:06.505-0400] {processor.py:208} INFO - Processing /Users/karenwang/anaconda3/envs/airflow_sqlite_env/lib/python3.9/site-packages/airflow/example_dags/example_complex.py took 0.278 seconds
[2024-10-12T16:48:16.252-0400] {processor.py:186} INFO - Started process (PID=32319) to work on /Users/karenwang/anaconda3/envs/airflow_sqlite_env/lib/python3.9/site-packages/airflow/example_dags/example_complex.py
[2024-10-12T16:48:16.254-0400] {processor.py:914} INFO - Processing file /Users/karenwang/anaconda3/envs/airflow_sqlite_env/lib/python3.9/site-packages/airflow/example_dags/example_complex.py for tasks to queue
[2024-10-12T16:48:16.255-0400] {logging_mixin.py:190} INFO - [2024-10-12T16:48:16.255-0400] {dagbag.py:588} INFO - Filling up the DagBag from /Users/karenwang/anaconda3/envs/airflow_sqlite_env/lib/python3.9/site-packages/airflow/example_dags/example_complex.py
[2024-10-12T16:48:16.272-0400] {processor.py:925} INFO - DAG(s) 'example_complex' retrieved from /Users/karenwang/anaconda3/envs/airflow_sqlite_env/lib/python3.9/site-packages/airflow/example_dags/example_complex.py
[2024-10-12T16:48:16.487-0400] {logging_mixin.py:190} INFO - [2024-10-12T16:48:16.486-0400] {dag.py:3239} INFO - Sync 1 DAGs
[2024-10-12T16:48:16.501-0400] {logging_mixin.py:190} INFO - [2024-10-12T16:48:16.501-0400] {dag.py:4180} INFO - Setting next_dagrun for example_complex to None, run_after=None
[2024-10-12T16:48:16.521-0400] {processor.py:208} INFO - Processing /Users/karenwang/anaconda3/envs/airflow_sqlite_env/lib/python3.9/site-packages/airflow/example_dags/example_complex.py took 0.275 seconds
[2024-10-12T16:55:15.400-0400] {processor.py:186} INFO - Started process (PID=34456) to work on /Users/karenwang/anaconda3/envs/airflow_sqlite_env/lib/python3.9/site-packages/airflow/example_dags/example_complex.py
[2024-10-12T16:55:15.401-0400] {processor.py:914} INFO - Processing file /Users/karenwang/anaconda3/envs/airflow_sqlite_env/lib/python3.9/site-packages/airflow/example_dags/example_complex.py for tasks to queue
[2024-10-12T16:55:15.403-0400] {logging_mixin.py:190} INFO - [2024-10-12T16:55:15.403-0400] {dagbag.py:588} INFO - Filling up the DagBag from /Users/karenwang/anaconda3/envs/airflow_sqlite_env/lib/python3.9/site-packages/airflow/example_dags/example_complex.py
[2024-10-12T16:55:15.420-0400] {processor.py:925} INFO - DAG(s) 'example_complex' retrieved from /Users/karenwang/anaconda3/envs/airflow_sqlite_env/lib/python3.9/site-packages/airflow/example_dags/example_complex.py
[2024-10-12T16:55:15.649-0400] {logging_mixin.py:190} INFO - [2024-10-12T16:55:15.648-0400] {dag.py:3239} INFO - Sync 1 DAGs
[2024-10-12T16:55:15.665-0400] {logging_mixin.py:190} INFO - [2024-10-12T16:55:15.664-0400] {dag.py:4180} INFO - Setting next_dagrun for example_complex to None, run_after=None
[2024-10-12T16:55:15.688-0400] {processor.py:208} INFO - Processing /Users/karenwang/anaconda3/envs/airflow_sqlite_env/lib/python3.9/site-packages/airflow/example_dags/example_complex.py took 0.294 seconds
[2024-10-12T17:02:23.079-0400] {processor.py:186} INFO - Started process (PID=36618) to work on /Users/karenwang/anaconda3/envs/airflow_sqlite_env/lib/python3.9/site-packages/airflow/example_dags/example_complex.py
[2024-10-12T17:02:23.080-0400] {processor.py:914} INFO - Processing file /Users/karenwang/anaconda3/envs/airflow_sqlite_env/lib/python3.9/site-packages/airflow/example_dags/example_complex.py for tasks to queue
[2024-10-12T17:02:23.082-0400] {logging_mixin.py:190} INFO - [2024-10-12T17:02:23.082-0400] {dagbag.py:588} INFO - Filling up the DagBag from /Users/karenwang/anaconda3/envs/airflow_sqlite_env/lib/python3.9/site-packages/airflow/example_dags/example_complex.py
[2024-10-12T17:02:23.100-0400] {processor.py:925} INFO - DAG(s) 'example_complex' retrieved from /Users/karenwang/anaconda3/envs/airflow_sqlite_env/lib/python3.9/site-packages/airflow/example_dags/example_complex.py
[2024-10-12T17:02:23.334-0400] {logging_mixin.py:190} INFO - [2024-10-12T17:02:23.334-0400] {dag.py:3239} INFO - Sync 1 DAGs
[2024-10-12T17:02:23.350-0400] {logging_mixin.py:190} INFO - [2024-10-12T17:02:23.350-0400] {dag.py:4180} INFO - Setting next_dagrun for example_complex to None, run_after=None
[2024-10-12T17:02:23.372-0400] {processor.py:208} INFO - Processing /Users/karenwang/anaconda3/envs/airflow_sqlite_env/lib/python3.9/site-packages/airflow/example_dags/example_complex.py took 0.299 seconds
[2024-10-12T17:09:18.632-0400] {processor.py:186} INFO - Started process (PID=38731) to work on /Users/karenwang/anaconda3/envs/airflow_sqlite_env/lib/python3.9/site-packages/airflow/example_dags/example_complex.py
[2024-10-12T17:09:18.634-0400] {processor.py:914} INFO - Processing file /Users/karenwang/anaconda3/envs/airflow_sqlite_env/lib/python3.9/site-packages/airflow/example_dags/example_complex.py for tasks to queue
[2024-10-12T17:09:18.635-0400] {logging_mixin.py:190} INFO - [2024-10-12T17:09:18.635-0400] {dagbag.py:588} INFO - Filling up the DagBag from /Users/karenwang/anaconda3/envs/airflow_sqlite_env/lib/python3.9/site-packages/airflow/example_dags/example_complex.py
[2024-10-12T17:09:18.653-0400] {processor.py:925} INFO - DAG(s) 'example_complex' retrieved from /Users/karenwang/anaconda3/envs/airflow_sqlite_env/lib/python3.9/site-packages/airflow/example_dags/example_complex.py
[2024-10-12T17:09:18.861-0400] {logging_mixin.py:190} INFO - [2024-10-12T17:09:18.860-0400] {dag.py:3239} INFO - Sync 1 DAGs
[2024-10-12T17:09:18.878-0400] {logging_mixin.py:190} INFO - [2024-10-12T17:09:18.878-0400] {dag.py:4180} INFO - Setting next_dagrun for example_complex to None, run_after=None
[2024-10-12T17:09:18.899-0400] {processor.py:208} INFO - Processing /Users/karenwang/anaconda3/envs/airflow_sqlite_env/lib/python3.9/site-packages/airflow/example_dags/example_complex.py took 0.273 seconds
[2024-10-12T17:16:24.157-0400] {processor.py:186} INFO - Started process (PID=40892) to work on /Users/karenwang/anaconda3/envs/airflow_sqlite_env/lib/python3.9/site-packages/airflow/example_dags/example_complex.py
[2024-10-12T17:16:24.158-0400] {processor.py:914} INFO - Processing file /Users/karenwang/anaconda3/envs/airflow_sqlite_env/lib/python3.9/site-packages/airflow/example_dags/example_complex.py for tasks to queue
[2024-10-12T17:16:24.159-0400] {logging_mixin.py:190} INFO - [2024-10-12T17:16:24.159-0400] {dagbag.py:588} INFO - Filling up the DagBag from /Users/karenwang/anaconda3/envs/airflow_sqlite_env/lib/python3.9/site-packages/airflow/example_dags/example_complex.py
[2024-10-12T17:16:24.179-0400] {processor.py:925} INFO - DAG(s) 'example_complex' retrieved from /Users/karenwang/anaconda3/envs/airflow_sqlite_env/lib/python3.9/site-packages/airflow/example_dags/example_complex.py
[2024-10-12T17:16:24.404-0400] {logging_mixin.py:190} INFO - [2024-10-12T17:16:24.404-0400] {dag.py:3239} INFO - Sync 1 DAGs
[2024-10-12T17:16:24.421-0400] {logging_mixin.py:190} INFO - [2024-10-12T17:16:24.421-0400] {dag.py:4180} INFO - Setting next_dagrun for example_complex to None, run_after=None
[2024-10-12T17:16:24.443-0400] {processor.py:208} INFO - Processing /Users/karenwang/anaconda3/envs/airflow_sqlite_env/lib/python3.9/site-packages/airflow/example_dags/example_complex.py took 0.292 seconds
[2024-10-12T17:23:23.483-0400] {processor.py:186} INFO - Started process (PID=43016) to work on /Users/karenwang/anaconda3/envs/airflow_sqlite_env/lib/python3.9/site-packages/airflow/example_dags/example_complex.py
[2024-10-12T17:23:23.484-0400] {processor.py:914} INFO - Processing file /Users/karenwang/anaconda3/envs/airflow_sqlite_env/lib/python3.9/site-packages/airflow/example_dags/example_complex.py for tasks to queue
[2024-10-12T17:23:23.486-0400] {logging_mixin.py:190} INFO - [2024-10-12T17:23:23.486-0400] {dagbag.py:588} INFO - Filling up the DagBag from /Users/karenwang/anaconda3/envs/airflow_sqlite_env/lib/python3.9/site-packages/airflow/example_dags/example_complex.py
[2024-10-12T17:23:23.508-0400] {processor.py:925} INFO - DAG(s) 'example_complex' retrieved from /Users/karenwang/anaconda3/envs/airflow_sqlite_env/lib/python3.9/site-packages/airflow/example_dags/example_complex.py
[2024-10-12T17:23:23.713-0400] {logging_mixin.py:190} INFO - [2024-10-12T17:23:23.713-0400] {dag.py:3239} INFO - Sync 1 DAGs
[2024-10-12T17:23:23.731-0400] {logging_mixin.py:190} INFO - [2024-10-12T17:23:23.730-0400] {dag.py:4180} INFO - Setting next_dagrun for example_complex to None, run_after=None
[2024-10-12T17:23:23.753-0400] {processor.py:208} INFO - Processing /Users/karenwang/anaconda3/envs/airflow_sqlite_env/lib/python3.9/site-packages/airflow/example_dags/example_complex.py took 0.276 seconds
[2024-10-12T17:30:32.571-0400] {processor.py:186} INFO - Started process (PID=45209) to work on /Users/karenwang/anaconda3/envs/airflow_sqlite_env/lib/python3.9/site-packages/airflow/example_dags/example_complex.py
[2024-10-12T17:30:32.572-0400] {processor.py:914} INFO - Processing file /Users/karenwang/anaconda3/envs/airflow_sqlite_env/lib/python3.9/site-packages/airflow/example_dags/example_complex.py for tasks to queue
[2024-10-12T17:30:32.574-0400] {logging_mixin.py:190} INFO - [2024-10-12T17:30:32.573-0400] {dagbag.py:588} INFO - Filling up the DagBag from /Users/karenwang/anaconda3/envs/airflow_sqlite_env/lib/python3.9/site-packages/airflow/example_dags/example_complex.py
[2024-10-12T17:30:32.592-0400] {processor.py:925} INFO - DAG(s) 'example_complex' retrieved from /Users/karenwang/anaconda3/envs/airflow_sqlite_env/lib/python3.9/site-packages/airflow/example_dags/example_complex.py
[2024-10-12T17:30:32.813-0400] {logging_mixin.py:190} INFO - [2024-10-12T17:30:32.813-0400] {dag.py:3239} INFO - Sync 1 DAGs
[2024-10-12T17:30:32.832-0400] {logging_mixin.py:190} INFO - [2024-10-12T17:30:32.832-0400] {dag.py:4180} INFO - Setting next_dagrun for example_complex to None, run_after=None
[2024-10-12T17:30:32.855-0400] {processor.py:208} INFO - Processing /Users/karenwang/anaconda3/envs/airflow_sqlite_env/lib/python3.9/site-packages/airflow/example_dags/example_complex.py took 0.290 seconds
[2024-10-12T17:37:38.493-0400] {processor.py:186} INFO - Started process (PID=47362) to work on /Users/karenwang/anaconda3/envs/airflow_sqlite_env/lib/python3.9/site-packages/airflow/example_dags/example_complex.py
[2024-10-12T17:37:38.494-0400] {processor.py:914} INFO - Processing file /Users/karenwang/anaconda3/envs/airflow_sqlite_env/lib/python3.9/site-packages/airflow/example_dags/example_complex.py for tasks to queue
[2024-10-12T17:37:38.495-0400] {logging_mixin.py:190} INFO - [2024-10-12T17:37:38.495-0400] {dagbag.py:588} INFO - Filling up the DagBag from /Users/karenwang/anaconda3/envs/airflow_sqlite_env/lib/python3.9/site-packages/airflow/example_dags/example_complex.py
[2024-10-12T17:37:38.513-0400] {processor.py:925} INFO - DAG(s) 'example_complex' retrieved from /Users/karenwang/anaconda3/envs/airflow_sqlite_env/lib/python3.9/site-packages/airflow/example_dags/example_complex.py
[2024-10-12T17:37:38.730-0400] {logging_mixin.py:190} INFO - [2024-10-12T17:37:38.730-0400] {dag.py:3239} INFO - Sync 1 DAGs
[2024-10-12T17:37:38.747-0400] {logging_mixin.py:190} INFO - [2024-10-12T17:37:38.747-0400] {dag.py:4180} INFO - Setting next_dagrun for example_complex to None, run_after=None
[2024-10-12T17:37:38.769-0400] {processor.py:208} INFO - Processing /Users/karenwang/anaconda3/envs/airflow_sqlite_env/lib/python3.9/site-packages/airflow/example_dags/example_complex.py took 0.282 seconds
[2024-10-12T17:44:38.355-0400] {processor.py:186} INFO - Started process (PID=49563) to work on /Users/karenwang/anaconda3/envs/airflow_sqlite_env/lib/python3.9/site-packages/airflow/example_dags/example_complex.py
[2024-10-12T17:44:38.357-0400] {processor.py:914} INFO - Processing file /Users/karenwang/anaconda3/envs/airflow_sqlite_env/lib/python3.9/site-packages/airflow/example_dags/example_complex.py for tasks to queue
[2024-10-12T17:44:38.358-0400] {logging_mixin.py:190} INFO - [2024-10-12T17:44:38.358-0400] {dagbag.py:588} INFO - Filling up the DagBag from /Users/karenwang/anaconda3/envs/airflow_sqlite_env/lib/python3.9/site-packages/airflow/example_dags/example_complex.py
[2024-10-12T17:44:38.375-0400] {processor.py:925} INFO - DAG(s) 'example_complex' retrieved from /Users/karenwang/anaconda3/envs/airflow_sqlite_env/lib/python3.9/site-packages/airflow/example_dags/example_complex.py
[2024-10-12T17:44:38.595-0400] {logging_mixin.py:190} INFO - [2024-10-12T17:44:38.595-0400] {dag.py:3239} INFO - Sync 1 DAGs
[2024-10-12T17:44:38.614-0400] {logging_mixin.py:190} INFO - [2024-10-12T17:44:38.613-0400] {dag.py:4180} INFO - Setting next_dagrun for example_complex to None, run_after=None
[2024-10-12T17:44:38.638-0400] {processor.py:208} INFO - Processing /Users/karenwang/anaconda3/envs/airflow_sqlite_env/lib/python3.9/site-packages/airflow/example_dags/example_complex.py took 0.287 seconds
[2024-10-12T17:51:46.629-0400] {processor.py:186} INFO - Started process (PID=51733) to work on /Users/karenwang/anaconda3/envs/airflow_sqlite_env/lib/python3.9/site-packages/airflow/example_dags/example_complex.py
[2024-10-12T17:51:46.631-0400] {processor.py:914} INFO - Processing file /Users/karenwang/anaconda3/envs/airflow_sqlite_env/lib/python3.9/site-packages/airflow/example_dags/example_complex.py for tasks to queue
[2024-10-12T17:51:46.632-0400] {logging_mixin.py:190} INFO - [2024-10-12T17:51:46.632-0400] {dagbag.py:588} INFO - Filling up the DagBag from /Users/karenwang/anaconda3/envs/airflow_sqlite_env/lib/python3.9/site-packages/airflow/example_dags/example_complex.py
[2024-10-12T17:51:46.652-0400] {processor.py:925} INFO - DAG(s) 'example_complex' retrieved from /Users/karenwang/anaconda3/envs/airflow_sqlite_env/lib/python3.9/site-packages/airflow/example_dags/example_complex.py
[2024-10-12T17:51:46.866-0400] {logging_mixin.py:190} INFO - [2024-10-12T17:51:46.866-0400] {dag.py:3239} INFO - Sync 1 DAGs
[2024-10-12T17:51:46.888-0400] {logging_mixin.py:190} INFO - [2024-10-12T17:51:46.887-0400] {dag.py:4180} INFO - Setting next_dagrun for example_complex to None, run_after=None
[2024-10-12T17:51:46.910-0400] {processor.py:208} INFO - Processing /Users/karenwang/anaconda3/envs/airflow_sqlite_env/lib/python3.9/site-packages/airflow/example_dags/example_complex.py took 0.287 seconds
[2024-10-12T17:58:46.063-0400] {processor.py:186} INFO - Started process (PID=53861) to work on /Users/karenwang/anaconda3/envs/airflow_sqlite_env/lib/python3.9/site-packages/airflow/example_dags/example_complex.py
[2024-10-12T17:58:46.064-0400] {processor.py:914} INFO - Processing file /Users/karenwang/anaconda3/envs/airflow_sqlite_env/lib/python3.9/site-packages/airflow/example_dags/example_complex.py for tasks to queue
[2024-10-12T17:58:46.066-0400] {logging_mixin.py:190} INFO - [2024-10-12T17:58:46.065-0400] {dagbag.py:588} INFO - Filling up the DagBag from /Users/karenwang/anaconda3/envs/airflow_sqlite_env/lib/python3.9/site-packages/airflow/example_dags/example_complex.py
[2024-10-12T17:58:46.081-0400] {processor.py:925} INFO - DAG(s) 'example_complex' retrieved from /Users/karenwang/anaconda3/envs/airflow_sqlite_env/lib/python3.9/site-packages/airflow/example_dags/example_complex.py
[2024-10-12T17:58:46.286-0400] {logging_mixin.py:190} INFO - [2024-10-12T17:58:46.285-0400] {dag.py:3239} INFO - Sync 1 DAGs
[2024-10-12T17:58:46.302-0400] {logging_mixin.py:190} INFO - [2024-10-12T17:58:46.302-0400] {dag.py:4180} INFO - Setting next_dagrun for example_complex to None, run_after=None
[2024-10-12T17:58:46.328-0400] {processor.py:208} INFO - Processing /Users/karenwang/anaconda3/envs/airflow_sqlite_env/lib/python3.9/site-packages/airflow/example_dags/example_complex.py took 0.271 seconds
[2024-10-12T18:06:00.371-0400] {processor.py:186} INFO - Started process (PID=56109) to work on /Users/karenwang/anaconda3/envs/airflow_sqlite_env/lib/python3.9/site-packages/airflow/example_dags/example_complex.py
[2024-10-12T18:06:00.373-0400] {processor.py:914} INFO - Processing file /Users/karenwang/anaconda3/envs/airflow_sqlite_env/lib/python3.9/site-packages/airflow/example_dags/example_complex.py for tasks to queue
[2024-10-12T18:06:00.374-0400] {logging_mixin.py:190} INFO - [2024-10-12T18:06:00.374-0400] {dagbag.py:588} INFO - Filling up the DagBag from /Users/karenwang/anaconda3/envs/airflow_sqlite_env/lib/python3.9/site-packages/airflow/example_dags/example_complex.py
[2024-10-12T18:06:00.394-0400] {processor.py:925} INFO - DAG(s) 'example_complex' retrieved from /Users/karenwang/anaconda3/envs/airflow_sqlite_env/lib/python3.9/site-packages/airflow/example_dags/example_complex.py
[2024-10-12T18:06:00.605-0400] {logging_mixin.py:190} INFO - [2024-10-12T18:06:00.605-0400] {dag.py:3239} INFO - Sync 1 DAGs
[2024-10-12T18:06:00.620-0400] {logging_mixin.py:190} INFO - [2024-10-12T18:06:00.619-0400] {dag.py:4180} INFO - Setting next_dagrun for example_complex to None, run_after=None
[2024-10-12T18:06:00.642-0400] {processor.py:208} INFO - Processing /Users/karenwang/anaconda3/envs/airflow_sqlite_env/lib/python3.9/site-packages/airflow/example_dags/example_complex.py took 0.277 seconds
[2024-10-12T18:13:12.752-0400] {processor.py:186} INFO - Started process (PID=58310) to work on /Users/karenwang/anaconda3/envs/airflow_sqlite_env/lib/python3.9/site-packages/airflow/example_dags/example_complex.py
[2024-10-12T18:13:12.754-0400] {processor.py:914} INFO - Processing file /Users/karenwang/anaconda3/envs/airflow_sqlite_env/lib/python3.9/site-packages/airflow/example_dags/example_complex.py for tasks to queue
[2024-10-12T18:13:12.756-0400] {logging_mixin.py:190} INFO - [2024-10-12T18:13:12.756-0400] {dagbag.py:588} INFO - Filling up the DagBag from /Users/karenwang/anaconda3/envs/airflow_sqlite_env/lib/python3.9/site-packages/airflow/example_dags/example_complex.py
[2024-10-12T18:13:12.785-0400] {processor.py:925} INFO - DAG(s) 'example_complex' retrieved from /Users/karenwang/anaconda3/envs/airflow_sqlite_env/lib/python3.9/site-packages/airflow/example_dags/example_complex.py
[2024-10-12T18:13:13.077-0400] {logging_mixin.py:190} INFO - [2024-10-12T18:13:13.077-0400] {dag.py:3239} INFO - Sync 1 DAGs
[2024-10-12T18:13:13.094-0400] {logging_mixin.py:190} INFO - [2024-10-12T18:13:13.093-0400] {dag.py:4180} INFO - Setting next_dagrun for example_complex to None, run_after=None
[2024-10-12T18:13:13.122-0400] {processor.py:208} INFO - Processing /Users/karenwang/anaconda3/envs/airflow_sqlite_env/lib/python3.9/site-packages/airflow/example_dags/example_complex.py took 0.378 seconds
[2024-10-12T18:20:57.055-0400] {processor.py:186} INFO - Started process (PID=60681) to work on /Users/karenwang/anaconda3/envs/airflow_sqlite_env/lib/python3.9/site-packages/airflow/example_dags/example_complex.py
[2024-10-12T18:20:57.056-0400] {processor.py:914} INFO - Processing file /Users/karenwang/anaconda3/envs/airflow_sqlite_env/lib/python3.9/site-packages/airflow/example_dags/example_complex.py for tasks to queue
[2024-10-12T18:20:57.057-0400] {logging_mixin.py:190} INFO - [2024-10-12T18:20:57.057-0400] {dagbag.py:588} INFO - Filling up the DagBag from /Users/karenwang/anaconda3/envs/airflow_sqlite_env/lib/python3.9/site-packages/airflow/example_dags/example_complex.py
[2024-10-12T18:20:57.079-0400] {processor.py:925} INFO - DAG(s) 'example_complex' retrieved from /Users/karenwang/anaconda3/envs/airflow_sqlite_env/lib/python3.9/site-packages/airflow/example_dags/example_complex.py
[2024-10-12T18:20:57.297-0400] {logging_mixin.py:190} INFO - [2024-10-12T18:20:57.297-0400] {dag.py:3239} INFO - Sync 1 DAGs
[2024-10-12T18:20:57.319-0400] {logging_mixin.py:190} INFO - [2024-10-12T18:20:57.318-0400] {dag.py:4180} INFO - Setting next_dagrun for example_complex to None, run_after=None
[2024-10-12T18:20:57.344-0400] {processor.py:208} INFO - Processing /Users/karenwang/anaconda3/envs/airflow_sqlite_env/lib/python3.9/site-packages/airflow/example_dags/example_complex.py took 0.295 seconds
[2024-10-12T18:28:17.299-0400] {processor.py:186} INFO - Started process (PID=62938) to work on /Users/karenwang/anaconda3/envs/airflow_sqlite_env/lib/python3.9/site-packages/airflow/example_dags/example_complex.py
[2024-10-12T18:28:17.300-0400] {processor.py:914} INFO - Processing file /Users/karenwang/anaconda3/envs/airflow_sqlite_env/lib/python3.9/site-packages/airflow/example_dags/example_complex.py for tasks to queue
[2024-10-12T18:28:17.302-0400] {logging_mixin.py:190} INFO - [2024-10-12T18:28:17.302-0400] {dagbag.py:588} INFO - Filling up the DagBag from /Users/karenwang/anaconda3/envs/airflow_sqlite_env/lib/python3.9/site-packages/airflow/example_dags/example_complex.py
[2024-10-12T18:28:17.321-0400] {processor.py:925} INFO - DAG(s) 'example_complex' retrieved from /Users/karenwang/anaconda3/envs/airflow_sqlite_env/lib/python3.9/site-packages/airflow/example_dags/example_complex.py
[2024-10-12T18:28:17.544-0400] {logging_mixin.py:190} INFO - [2024-10-12T18:28:17.544-0400] {dag.py:3239} INFO - Sync 1 DAGs
[2024-10-12T18:28:17.561-0400] {logging_mixin.py:190} INFO - [2024-10-12T18:28:17.561-0400] {dag.py:4180} INFO - Setting next_dagrun for example_complex to None, run_after=None
[2024-10-12T18:28:17.588-0400] {processor.py:208} INFO - Processing /Users/karenwang/anaconda3/envs/airflow_sqlite_env/lib/python3.9/site-packages/airflow/example_dags/example_complex.py took 0.295 seconds
[2024-10-12T18:35:49.553-0400] {processor.py:186} INFO - Started process (PID=65214) to work on /Users/karenwang/anaconda3/envs/airflow_sqlite_env/lib/python3.9/site-packages/airflow/example_dags/example_complex.py
[2024-10-12T18:35:49.555-0400] {processor.py:914} INFO - Processing file /Users/karenwang/anaconda3/envs/airflow_sqlite_env/lib/python3.9/site-packages/airflow/example_dags/example_complex.py for tasks to queue
[2024-10-12T18:35:49.556-0400] {logging_mixin.py:190} INFO - [2024-10-12T18:35:49.556-0400] {dagbag.py:588} INFO - Filling up the DagBag from /Users/karenwang/anaconda3/envs/airflow_sqlite_env/lib/python3.9/site-packages/airflow/example_dags/example_complex.py
[2024-10-12T18:35:49.575-0400] {processor.py:925} INFO - DAG(s) 'example_complex' retrieved from /Users/karenwang/anaconda3/envs/airflow_sqlite_env/lib/python3.9/site-packages/airflow/example_dags/example_complex.py
[2024-10-12T18:35:49.816-0400] {logging_mixin.py:190} INFO - [2024-10-12T18:35:49.816-0400] {dag.py:3239} INFO - Sync 1 DAGs
[2024-10-12T18:35:49.832-0400] {logging_mixin.py:190} INFO - [2024-10-12T18:35:49.831-0400] {dag.py:4180} INFO - Setting next_dagrun for example_complex to None, run_after=None
[2024-10-12T18:35:49.856-0400] {processor.py:208} INFO - Processing /Users/karenwang/anaconda3/envs/airflow_sqlite_env/lib/python3.9/site-packages/airflow/example_dags/example_complex.py took 0.309 seconds
[2024-10-12T18:43:07.796-0400] {processor.py:186} INFO - Started process (PID=67419) to work on /Users/karenwang/anaconda3/envs/airflow_sqlite_env/lib/python3.9/site-packages/airflow/example_dags/example_complex.py
[2024-10-12T18:43:07.797-0400] {processor.py:914} INFO - Processing file /Users/karenwang/anaconda3/envs/airflow_sqlite_env/lib/python3.9/site-packages/airflow/example_dags/example_complex.py for tasks to queue
[2024-10-12T18:43:07.799-0400] {logging_mixin.py:190} INFO - [2024-10-12T18:43:07.799-0400] {dagbag.py:588} INFO - Filling up the DagBag from /Users/karenwang/anaconda3/envs/airflow_sqlite_env/lib/python3.9/site-packages/airflow/example_dags/example_complex.py
[2024-10-12T18:43:07.831-0400] {processor.py:925} INFO - DAG(s) 'example_complex' retrieved from /Users/karenwang/anaconda3/envs/airflow_sqlite_env/lib/python3.9/site-packages/airflow/example_dags/example_complex.py
[2024-10-12T18:43:08.086-0400] {logging_mixin.py:190} INFO - [2024-10-12T18:43:08.086-0400] {dag.py:3239} INFO - Sync 1 DAGs
[2024-10-12T18:43:08.103-0400] {logging_mixin.py:190} INFO - [2024-10-12T18:43:08.103-0400] {dag.py:4180} INFO - Setting next_dagrun for example_complex to None, run_after=None
[2024-10-12T18:43:08.128-0400] {processor.py:208} INFO - Processing /Users/karenwang/anaconda3/envs/airflow_sqlite_env/lib/python3.9/site-packages/airflow/example_dags/example_complex.py took 0.339 seconds
[2024-10-12T18:50:38.297-0400] {processor.py:186} INFO - Started process (PID=69741) to work on /Users/karenwang/anaconda3/envs/airflow_sqlite_env/lib/python3.9/site-packages/airflow/example_dags/example_complex.py
[2024-10-12T18:50:38.299-0400] {processor.py:914} INFO - Processing file /Users/karenwang/anaconda3/envs/airflow_sqlite_env/lib/python3.9/site-packages/airflow/example_dags/example_complex.py for tasks to queue
[2024-10-12T18:50:38.300-0400] {logging_mixin.py:190} INFO - [2024-10-12T18:50:38.300-0400] {dagbag.py:588} INFO - Filling up the DagBag from /Users/karenwang/anaconda3/envs/airflow_sqlite_env/lib/python3.9/site-packages/airflow/example_dags/example_complex.py
[2024-10-12T18:50:38.325-0400] {processor.py:925} INFO - DAG(s) 'example_complex' retrieved from /Users/karenwang/anaconda3/envs/airflow_sqlite_env/lib/python3.9/site-packages/airflow/example_dags/example_complex.py
[2024-10-12T18:50:38.576-0400] {logging_mixin.py:190} INFO - [2024-10-12T18:50:38.576-0400] {dag.py:3239} INFO - Sync 1 DAGs
[2024-10-12T18:50:38.594-0400] {logging_mixin.py:190} INFO - [2024-10-12T18:50:38.594-0400] {dag.py:4180} INFO - Setting next_dagrun for example_complex to None, run_after=None
[2024-10-12T18:50:38.620-0400] {processor.py:208} INFO - Processing /Users/karenwang/anaconda3/envs/airflow_sqlite_env/lib/python3.9/site-packages/airflow/example_dags/example_complex.py took 0.329 seconds
[2024-10-12T19:00:36.488-0400] {processor.py:186} INFO - Started process (PID=72774) to work on /Users/karenwang/anaconda3/envs/airflow_sqlite_env/lib/python3.9/site-packages/airflow/example_dags/example_complex.py
[2024-10-12T19:00:36.490-0400] {processor.py:914} INFO - Processing file /Users/karenwang/anaconda3/envs/airflow_sqlite_env/lib/python3.9/site-packages/airflow/example_dags/example_complex.py for tasks to queue
[2024-10-12T19:00:36.492-0400] {logging_mixin.py:190} INFO - [2024-10-12T19:00:36.491-0400] {dagbag.py:588} INFO - Filling up the DagBag from /Users/karenwang/anaconda3/envs/airflow_sqlite_env/lib/python3.9/site-packages/airflow/example_dags/example_complex.py
[2024-10-12T19:00:36.509-0400] {processor.py:925} INFO - DAG(s) 'example_complex' retrieved from /Users/karenwang/anaconda3/envs/airflow_sqlite_env/lib/python3.9/site-packages/airflow/example_dags/example_complex.py
[2024-10-12T19:00:36.745-0400] {logging_mixin.py:190} INFO - [2024-10-12T19:00:36.744-0400] {dag.py:3239} INFO - Sync 1 DAGs
[2024-10-12T19:00:36.762-0400] {logging_mixin.py:190} INFO - [2024-10-12T19:00:36.762-0400] {dag.py:4180} INFO - Setting next_dagrun for example_complex to None, run_after=None
[2024-10-12T19:00:36.787-0400] {processor.py:208} INFO - Processing /Users/karenwang/anaconda3/envs/airflow_sqlite_env/lib/python3.9/site-packages/airflow/example_dags/example_complex.py took 0.305 seconds
[2024-10-12T19:16:38.990-0400] {processor.py:186} INFO - Started process (PID=77688) to work on /Users/karenwang/anaconda3/envs/airflow_sqlite_env/lib/python3.9/site-packages/airflow/example_dags/example_complex.py
[2024-10-12T19:16:38.991-0400] {processor.py:914} INFO - Processing file /Users/karenwang/anaconda3/envs/airflow_sqlite_env/lib/python3.9/site-packages/airflow/example_dags/example_complex.py for tasks to queue
[2024-10-12T19:16:38.993-0400] {logging_mixin.py:190} INFO - [2024-10-12T19:16:38.993-0400] {dagbag.py:588} INFO - Filling up the DagBag from /Users/karenwang/anaconda3/envs/airflow_sqlite_env/lib/python3.9/site-packages/airflow/example_dags/example_complex.py
[2024-10-12T19:16:39.011-0400] {processor.py:925} INFO - DAG(s) 'example_complex' retrieved from /Users/karenwang/anaconda3/envs/airflow_sqlite_env/lib/python3.9/site-packages/airflow/example_dags/example_complex.py
[2024-10-12T19:16:39.229-0400] {logging_mixin.py:190} INFO - [2024-10-12T19:16:39.228-0400] {dag.py:3239} INFO - Sync 1 DAGs
[2024-10-12T19:16:39.247-0400] {logging_mixin.py:190} INFO - [2024-10-12T19:16:39.246-0400] {dag.py:4180} INFO - Setting next_dagrun for example_complex to None, run_after=None
[2024-10-12T19:16:39.268-0400] {processor.py:208} INFO - Processing /Users/karenwang/anaconda3/envs/airflow_sqlite_env/lib/python3.9/site-packages/airflow/example_dags/example_complex.py took 0.284 seconds
[2024-10-12T19:21:10.532-0400] {processor.py:186} INFO - Started process (PID=79071) to work on /Users/karenwang/anaconda3/envs/airflow_sqlite_env/lib/python3.9/site-packages/airflow/example_dags/example_complex.py
[2024-10-12T19:21:10.533-0400] {processor.py:914} INFO - Processing file /Users/karenwang/anaconda3/envs/airflow_sqlite_env/lib/python3.9/site-packages/airflow/example_dags/example_complex.py for tasks to queue
[2024-10-12T19:21:10.535-0400] {logging_mixin.py:190} INFO - [2024-10-12T19:21:10.534-0400] {dagbag.py:588} INFO - Filling up the DagBag from /Users/karenwang/anaconda3/envs/airflow_sqlite_env/lib/python3.9/site-packages/airflow/example_dags/example_complex.py
[2024-10-12T19:21:10.556-0400] {processor.py:925} INFO - DAG(s) 'example_complex' retrieved from /Users/karenwang/anaconda3/envs/airflow_sqlite_env/lib/python3.9/site-packages/airflow/example_dags/example_complex.py
[2024-10-12T19:21:10.803-0400] {logging_mixin.py:190} INFO - [2024-10-12T19:21:10.802-0400] {dag.py:3239} INFO - Sync 1 DAGs
[2024-10-12T19:21:10.820-0400] {logging_mixin.py:190} INFO - [2024-10-12T19:21:10.820-0400] {dag.py:4180} INFO - Setting next_dagrun for example_complex to None, run_after=None
[2024-10-12T19:21:10.847-0400] {processor.py:208} INFO - Processing /Users/karenwang/anaconda3/envs/airflow_sqlite_env/lib/python3.9/site-packages/airflow/example_dags/example_complex.py took 0.320 seconds
[2024-10-12T19:25:23.903-0400] {processor.py:186} INFO - Started process (PID=80377) to work on /Users/karenwang/anaconda3/envs/airflow_sqlite_env/lib/python3.9/site-packages/airflow/example_dags/example_complex.py
[2024-10-12T19:25:23.905-0400] {processor.py:914} INFO - Processing file /Users/karenwang/anaconda3/envs/airflow_sqlite_env/lib/python3.9/site-packages/airflow/example_dags/example_complex.py for tasks to queue
[2024-10-12T19:25:23.906-0400] {logging_mixin.py:190} INFO - [2024-10-12T19:25:23.906-0400] {dagbag.py:588} INFO - Filling up the DagBag from /Users/karenwang/anaconda3/envs/airflow_sqlite_env/lib/python3.9/site-packages/airflow/example_dags/example_complex.py
[2024-10-12T19:25:23.928-0400] {processor.py:925} INFO - DAG(s) 'example_complex' retrieved from /Users/karenwang/anaconda3/envs/airflow_sqlite_env/lib/python3.9/site-packages/airflow/example_dags/example_complex.py
[2024-10-12T19:25:24.127-0400] {logging_mixin.py:190} INFO - [2024-10-12T19:25:24.127-0400] {dag.py:3239} INFO - Sync 1 DAGs
[2024-10-12T19:25:24.144-0400] {logging_mixin.py:190} INFO - [2024-10-12T19:25:24.144-0400] {dag.py:4180} INFO - Setting next_dagrun for example_complex to None, run_after=None
[2024-10-12T19:25:24.167-0400] {processor.py:208} INFO - Processing /Users/karenwang/anaconda3/envs/airflow_sqlite_env/lib/python3.9/site-packages/airflow/example_dags/example_complex.py took 0.270 seconds
[2024-10-12T19:32:38.899-0400] {processor.py:186} INFO - Started process (PID=82573) to work on /Users/karenwang/anaconda3/envs/airflow_sqlite_env/lib/python3.9/site-packages/airflow/example_dags/example_complex.py
[2024-10-12T19:32:38.900-0400] {processor.py:914} INFO - Processing file /Users/karenwang/anaconda3/envs/airflow_sqlite_env/lib/python3.9/site-packages/airflow/example_dags/example_complex.py for tasks to queue
[2024-10-12T19:32:38.901-0400] {logging_mixin.py:190} INFO - [2024-10-12T19:32:38.901-0400] {dagbag.py:588} INFO - Filling up the DagBag from /Users/karenwang/anaconda3/envs/airflow_sqlite_env/lib/python3.9/site-packages/airflow/example_dags/example_complex.py
[2024-10-12T19:32:38.923-0400] {processor.py:925} INFO - DAG(s) 'example_complex' retrieved from /Users/karenwang/anaconda3/envs/airflow_sqlite_env/lib/python3.9/site-packages/airflow/example_dags/example_complex.py
[2024-10-12T19:32:39.148-0400] {logging_mixin.py:190} INFO - [2024-10-12T19:32:39.147-0400] {dag.py:3239} INFO - Sync 1 DAGs
[2024-10-12T19:32:39.164-0400] {logging_mixin.py:190} INFO - [2024-10-12T19:32:39.163-0400] {dag.py:4180} INFO - Setting next_dagrun for example_complex to None, run_after=None
[2024-10-12T19:32:39.187-0400] {processor.py:208} INFO - Processing /Users/karenwang/anaconda3/envs/airflow_sqlite_env/lib/python3.9/site-packages/airflow/example_dags/example_complex.py took 0.294 seconds
[2024-10-12T19:39:42.598-0400] {processor.py:186} INFO - Started process (PID=84716) to work on /Users/karenwang/anaconda3/envs/airflow_sqlite_env/lib/python3.9/site-packages/airflow/example_dags/example_complex.py
[2024-10-12T19:39:42.599-0400] {processor.py:914} INFO - Processing file /Users/karenwang/anaconda3/envs/airflow_sqlite_env/lib/python3.9/site-packages/airflow/example_dags/example_complex.py for tasks to queue
[2024-10-12T19:39:42.600-0400] {logging_mixin.py:190} INFO - [2024-10-12T19:39:42.600-0400] {dagbag.py:588} INFO - Filling up the DagBag from /Users/karenwang/anaconda3/envs/airflow_sqlite_env/lib/python3.9/site-packages/airflow/example_dags/example_complex.py
[2024-10-12T19:39:42.623-0400] {processor.py:925} INFO - DAG(s) 'example_complex' retrieved from /Users/karenwang/anaconda3/envs/airflow_sqlite_env/lib/python3.9/site-packages/airflow/example_dags/example_complex.py
[2024-10-12T19:39:42.839-0400] {logging_mixin.py:190} INFO - [2024-10-12T19:39:42.839-0400] {dag.py:3239} INFO - Sync 1 DAGs
[2024-10-12T19:39:42.855-0400] {logging_mixin.py:190} INFO - [2024-10-12T19:39:42.854-0400] {dag.py:4180} INFO - Setting next_dagrun for example_complex to None, run_after=None
[2024-10-12T19:39:42.876-0400] {processor.py:208} INFO - Processing /Users/karenwang/anaconda3/envs/airflow_sqlite_env/lib/python3.9/site-packages/airflow/example_dags/example_complex.py took 0.284 seconds
[2024-10-12T19:46:55.131-0400] {processor.py:186} INFO - Started process (PID=86940) to work on /Users/karenwang/anaconda3/envs/airflow_sqlite_env/lib/python3.9/site-packages/airflow/example_dags/example_complex.py
[2024-10-12T19:46:55.133-0400] {processor.py:914} INFO - Processing file /Users/karenwang/anaconda3/envs/airflow_sqlite_env/lib/python3.9/site-packages/airflow/example_dags/example_complex.py for tasks to queue
[2024-10-12T19:46:55.134-0400] {logging_mixin.py:190} INFO - [2024-10-12T19:46:55.134-0400] {dagbag.py:588} INFO - Filling up the DagBag from /Users/karenwang/anaconda3/envs/airflow_sqlite_env/lib/python3.9/site-packages/airflow/example_dags/example_complex.py
[2024-10-12T19:46:55.153-0400] {processor.py:925} INFO - DAG(s) 'example_complex' retrieved from /Users/karenwang/anaconda3/envs/airflow_sqlite_env/lib/python3.9/site-packages/airflow/example_dags/example_complex.py
[2024-10-12T19:46:55.367-0400] {logging_mixin.py:190} INFO - [2024-10-12T19:46:55.367-0400] {dag.py:3239} INFO - Sync 1 DAGs
[2024-10-12T19:46:55.382-0400] {logging_mixin.py:190} INFO - [2024-10-12T19:46:55.382-0400] {dag.py:4180} INFO - Setting next_dagrun for example_complex to None, run_after=None
[2024-10-12T19:46:55.406-0400] {processor.py:208} INFO - Processing /Users/karenwang/anaconda3/envs/airflow_sqlite_env/lib/python3.9/site-packages/airflow/example_dags/example_complex.py took 0.280 seconds
[2024-10-12T19:54:13.332-0400] {processor.py:186} INFO - Started process (PID=89193) to work on /Users/karenwang/anaconda3/envs/airflow_sqlite_env/lib/python3.9/site-packages/airflow/example_dags/example_complex.py
[2024-10-12T19:54:13.334-0400] {processor.py:914} INFO - Processing file /Users/karenwang/anaconda3/envs/airflow_sqlite_env/lib/python3.9/site-packages/airflow/example_dags/example_complex.py for tasks to queue
[2024-10-12T19:54:13.335-0400] {logging_mixin.py:190} INFO - [2024-10-12T19:54:13.335-0400] {dagbag.py:588} INFO - Filling up the DagBag from /Users/karenwang/anaconda3/envs/airflow_sqlite_env/lib/python3.9/site-packages/airflow/example_dags/example_complex.py
[2024-10-12T19:54:13.354-0400] {processor.py:925} INFO - DAG(s) 'example_complex' retrieved from /Users/karenwang/anaconda3/envs/airflow_sqlite_env/lib/python3.9/site-packages/airflow/example_dags/example_complex.py
[2024-10-12T19:54:13.568-0400] {logging_mixin.py:190} INFO - [2024-10-12T19:54:13.568-0400] {dag.py:3239} INFO - Sync 1 DAGs
[2024-10-12T19:54:13.582-0400] {logging_mixin.py:190} INFO - [2024-10-12T19:54:13.581-0400] {dag.py:4180} INFO - Setting next_dagrun for example_complex to None, run_after=None
[2024-10-12T19:54:13.601-0400] {processor.py:208} INFO - Processing /Users/karenwang/anaconda3/envs/airflow_sqlite_env/lib/python3.9/site-packages/airflow/example_dags/example_complex.py took 0.275 seconds
