[2024-10-13T17:27:59.626-0400] {local_task_job_runner.py:123} INFO - ::group::Pre task execution logs
[2024-10-13T17:27:59.641-0400] {taskinstance.py:2612} INFO - Dependencies all met for dep_context=non-requeueable deps ti=<TaskInstance: bixi_etl_pipeline.transform_task manual__2024-10-13T21:27:28.383720+00:00 [queued]>
[2024-10-13T17:27:59.648-0400] {taskinstance.py:2612} INFO - Dependencies all met for dep_context=requeueable deps ti=<TaskInstance: bixi_etl_pipeline.transform_task manual__2024-10-13T21:27:28.383720+00:00 [queued]>
[2024-10-13T17:27:59.648-0400] {taskinstance.py:2865} INFO - Starting attempt 1 of 1
[2024-10-13T17:27:59.663-0400] {taskinstance.py:2888} INFO - Executing <Task(PythonOperator): transform_task> on 2024-10-13 21:27:28.383720+00:00
[2024-10-13T17:27:59.673-0400] {standard_task_runner.py:72} INFO - Started process 76440 to run task
[2024-10-13T17:27:59.678-0400] {clientserver.py:543} INFO - Closing down clientserver connection
[2024-10-13T17:27:59.688-0400] {standard_task_runner.py:104} INFO - Running: ['airflow', 'tasks', 'run', 'bixi_etl_pipeline', 'transform_task', 'manual__2024-10-13T21:27:28.383720+00:00', '--job-id', '184', '--raw', '--subdir', 'DAGS_FOLDER/bixi_etl_pipeline.py', '--cfg-path', '/var/folders/bj/4z3t139j7xj2qng4wk4y16ym0000gn/T/tmpdazx7j72']
[2024-10-13T17:27:59.689-0400] {standard_task_runner.py:105} INFO - Job 184: Subtask transform_task
[2024-10-13T17:27:59.761-0400] {task_command.py:467} INFO - Running <TaskInstance: bixi_etl_pipeline.transform_task manual__2024-10-13T21:27:28.383720+00:00 [running]> on host karendembp.home
[2024-10-13T17:28:00.054-0400] {taskinstance.py:3131} INFO - Exporting env vars: AIRFLOW_CTX_DAG_OWNER='airflow' AIRFLOW_CTX_DAG_ID='bixi_etl_pipeline' AIRFLOW_CTX_TASK_ID='transform_task' AIRFLOW_CTX_EXECUTION_DATE='2024-10-13T21:27:28.383720+00:00' AIRFLOW_CTX_TRY_NUMBER='1' AIRFLOW_CTX_DAG_RUN_ID='manual__2024-10-13T21:27:28.383720+00:00'
[2024-10-13T17:28:00.055-0400] {logging_mixin.py:190} INFO - Task instance is in running state
[2024-10-13T17:28:00.056-0400] {logging_mixin.py:190} INFO -  Previous state of the Task instance: queued
[2024-10-13T17:28:00.056-0400] {logging_mixin.py:190} INFO - Current task name:transform_task state:running start_date:2024-10-13 21:27:59.641343+00:00
[2024-10-13T17:28:00.057-0400] {logging_mixin.py:190} INFO - Dag name:bixi_etl_pipeline and current dag run status:running
[2024-10-13T17:28:00.058-0400] {taskinstance.py:731} INFO - ::endgroup::
[2024-10-13T17:28:04.877-0400] {logging_mixin.py:190} INFO - Station Info Columns: ['capacity', 'eightd_has_key_dispenser', 'electric_bike_surcharge_waiver', 'external_id', 'has_kiosk', 'is_charging', 'lat', 'lon', 'name', 'rental_methods', 'short_name', 'station_id', 'eightd_station_services']
[2024-10-13T17:28:04.879-0400] {logging_mixin.py:190} INFO - Station Status Columns: ['eightd_has_available_keys', 'is_charging', 'is_installed', 'is_renting', 'is_returning', 'last_reported', 'num_bikes_available', 'num_bikes_disabled', 'num_docks_available', 'num_docks_disabled', 'num_ebikes_available', 'station_id', 'eightd_active_station_services']
[2024-10-13T17:28:13.154-0400] {python.py:240} INFO - Done. Returned value was: None
[2024-10-13T17:28:13.163-0400] {taskinstance.py:340} INFO - ::group::Post task execution logs
[2024-10-13T17:28:13.165-0400] {taskinstance.py:352} INFO - Marking task as SUCCESS. dag_id=bixi_etl_pipeline, task_id=transform_task, run_id=manual__2024-10-13T21:27:28.383720+00:00, execution_date=20241013T212728, start_date=20241013T212759, end_date=20241013T212813
[2024-10-13T17:28:13.178-0400] {logging_mixin.py:190} INFO - Task instance in success state
[2024-10-13T17:28:13.179-0400] {logging_mixin.py:190} INFO -  Previous state of the Task instance: running
[2024-10-13T17:28:13.180-0400] {logging_mixin.py:190} INFO - Dag name:bixi_etl_pipeline queued_at:2024-10-13 21:27:28.428022+00:00
[2024-10-13T17:28:13.181-0400] {logging_mixin.py:190} INFO - Task hostname:karendembp.home operator:PythonOperator
[2024-10-13T17:28:13.204-0400] {local_task_job_runner.py:266} INFO - Task exited with return code 0
[2024-10-13T17:28:13.232-0400] {taskinstance.py:3900} INFO - 1 downstream tasks scheduled from follow-on schedule check
[2024-10-13T17:28:13.234-0400] {local_task_job_runner.py:245} INFO - ::endgroup::
