[2024-10-13T03:50:27.513-0400] {local_task_job_runner.py:123} INFO - ::group::Pre task execution logs
[2024-10-13T03:50:27.534-0400] {taskinstance.py:2612} INFO - Dependencies all met for dep_context=non-requeueable deps ti=<TaskInstance: bixi_etl_pipeline.load_task manual__2024-10-13T07:49:22.361449+00:00 [queued]>
[2024-10-13T03:50:27.544-0400] {taskinstance.py:2612} INFO - Dependencies all met for dep_context=requeueable deps ti=<TaskInstance: bixi_etl_pipeline.load_task manual__2024-10-13T07:49:22.361449+00:00 [queued]>
[2024-10-13T03:50:27.544-0400] {taskinstance.py:2865} INFO - Starting attempt 1 of 1
[2024-10-13T03:50:27.557-0400] {taskinstance.py:2888} INFO - Executing <Task(PythonOperator): load_task> on 2024-10-13 07:49:22.361449+00:00
[2024-10-13T03:50:27.566-0400] {standard_task_runner.py:72} INFO - Started process 35190 to run task
[2024-10-13T03:50:27.572-0400] {clientserver.py:543} INFO - Closing down clientserver connection
[2024-10-13T03:50:27.585-0400] {standard_task_runner.py:104} INFO - Running: ['airflow', 'tasks', 'run', 'bixi_etl_pipeline', 'load_task', 'manual__2024-10-13T07:49:22.361449+00:00', '--job-id', '170', '--raw', '--subdir', 'DAGS_FOLDER/bixi_etl_pipeline.py', '--cfg-path', '/var/folders/bj/4z3t139j7xj2qng4wk4y16ym0000gn/T/tmpsxes7_2x']
[2024-10-13T03:50:27.586-0400] {standard_task_runner.py:105} INFO - Job 170: Subtask load_task
[2024-10-13T03:50:27.657-0400] {task_command.py:467} INFO - Running <TaskInstance: bixi_etl_pipeline.load_task manual__2024-10-13T07:49:22.361449+00:00 [running]> on host karendembp.home
[2024-10-13T03:50:27.944-0400] {taskinstance.py:3131} INFO - Exporting env vars: AIRFLOW_CTX_DAG_OWNER='airflow' AIRFLOW_CTX_DAG_ID='bixi_etl_pipeline' AIRFLOW_CTX_TASK_ID='load_task' AIRFLOW_CTX_EXECUTION_DATE='2024-10-13T07:49:22.361449+00:00' AIRFLOW_CTX_TRY_NUMBER='1' AIRFLOW_CTX_DAG_RUN_ID='manual__2024-10-13T07:49:22.361449+00:00'
[2024-10-13T03:50:27.946-0400] {logging_mixin.py:190} INFO - Task instance is in running state
[2024-10-13T03:50:27.947-0400] {logging_mixin.py:190} INFO -  Previous state of the Task instance: queued
[2024-10-13T03:50:27.948-0400] {logging_mixin.py:190} INFO - Current task name:load_task state:running start_date:2024-10-13 07:50:27.535190+00:00
[2024-10-13T03:50:27.948-0400] {logging_mixin.py:190} INFO - Dag name:bixi_etl_pipeline and current dag run status:running
[2024-10-13T03:50:27.949-0400] {taskinstance.py:731} INFO - ::endgroup::
[2024-10-13T03:50:46.021-0400] {python.py:240} INFO - Done. Returned value was: None
[2024-10-13T03:50:46.031-0400] {taskinstance.py:340} INFO - ::group::Post task execution logs
[2024-10-13T03:50:46.033-0400] {taskinstance.py:352} INFO - Marking task as SUCCESS. dag_id=bixi_etl_pipeline, task_id=load_task, run_id=manual__2024-10-13T07:49:22.361449+00:00, execution_date=20241013T074922, start_date=20241013T075027, end_date=20241013T075046
[2024-10-13T03:50:46.044-0400] {logging_mixin.py:190} INFO - Task instance in success state
[2024-10-13T03:50:46.045-0400] {logging_mixin.py:190} INFO -  Previous state of the Task instance: running
[2024-10-13T03:50:46.046-0400] {logging_mixin.py:190} INFO - Dag name:bixi_etl_pipeline queued_at:2024-10-13 07:49:22.387382+00:00
[2024-10-13T03:50:46.047-0400] {logging_mixin.py:190} INFO - Task hostname:karendembp.home operator:PythonOperator
[2024-10-13T03:50:46.090-0400] {local_task_job_runner.py:266} INFO - Task exited with return code 0
[2024-10-13T03:50:46.107-0400] {taskinstance.py:3900} INFO - 0 downstream tasks scheduled from follow-on schedule check
[2024-10-13T03:50:46.108-0400] {local_task_job_runner.py:245} INFO - ::endgroup::
