[2024-10-13T18:05:25.214-0400] {local_task_job_runner.py:123} INFO - ::group::Pre task execution logs
[2024-10-13T18:05:25.225-0400] {taskinstance.py:2612} INFO - Dependencies all met for dep_context=non-requeueable deps ti=<TaskInstance: bixi_etl_pipeline.extract_task manual__2024-10-13T22:05:10.645062+00:00 [queued]>
[2024-10-13T18:05:25.234-0400] {taskinstance.py:2612} INFO - Dependencies all met for dep_context=requeueable deps ti=<TaskInstance: bixi_etl_pipeline.extract_task manual__2024-10-13T22:05:10.645062+00:00 [queued]>
[2024-10-13T18:05:25.234-0400] {taskinstance.py:2865} INFO - Starting attempt 1 of 1
[2024-10-13T18:05:25.252-0400] {taskinstance.py:2888} INFO - Executing <Task(PythonOperator): extract_task> on 2024-10-13 22:05:10.645062+00:00
[2024-10-13T18:05:25.261-0400] {standard_task_runner.py:72} INFO - Started process 88267 to run task
[2024-10-13T18:05:25.267-0400] {clientserver.py:543} INFO - Closing down clientserver connection
[2024-10-13T18:05:25.277-0400] {standard_task_runner.py:104} INFO - Running: ['airflow', 'tasks', 'run', 'bixi_etl_pipeline', 'extract_task', 'manual__2024-10-13T22:05:10.645062+00:00', '--job-id', '197', '--raw', '--subdir', 'DAGS_FOLDER/bixi_etl_pipeline.py', '--cfg-path', '/var/folders/bj/4z3t139j7xj2qng4wk4y16ym0000gn/T/tmph4o7mvk1']
[2024-10-13T18:05:25.278-0400] {standard_task_runner.py:105} INFO - Job 197: Subtask extract_task
[2024-10-13T18:05:25.343-0400] {task_command.py:467} INFO - Running <TaskInstance: bixi_etl_pipeline.extract_task manual__2024-10-13T22:05:10.645062+00:00 [running]> on host karendembp.home
[2024-10-13T18:05:25.633-0400] {taskinstance.py:3131} INFO - Exporting env vars: AIRFLOW_CTX_DAG_OWNER='airflow' AIRFLOW_CTX_DAG_ID='bixi_etl_pipeline' AIRFLOW_CTX_TASK_ID='extract_task' AIRFLOW_CTX_EXECUTION_DATE='2024-10-13T22:05:10.645062+00:00' AIRFLOW_CTX_TRY_NUMBER='1' AIRFLOW_CTX_DAG_RUN_ID='manual__2024-10-13T22:05:10.645062+00:00'
[2024-10-13T18:05:25.635-0400] {logging_mixin.py:190} INFO - Task instance is in running state
[2024-10-13T18:05:25.636-0400] {logging_mixin.py:190} INFO -  Previous state of the Task instance: queued
[2024-10-13T18:05:25.637-0400] {logging_mixin.py:190} INFO - Current task name:extract_task state:running start_date:2024-10-13 22:05:25.226390+00:00
[2024-10-13T18:05:25.638-0400] {logging_mixin.py:190} INFO - Dag name:bixi_etl_pipeline and current dag run status:running
[2024-10-13T18:05:25.639-0400] {taskinstance.py:731} INFO - ::endgroup::
[2024-10-13T18:05:26.046-0400] {logging_mixin.py:190} INFO - 1 1728856872
[2024-10-13T18:05:26.047-0400] {logging_mixin.py:190} INFO - 2 1728856890
[2024-10-13T18:05:26.048-0400] {logging_mixin.py:190} INFO - 3 1728856827
[2024-10-13T18:05:26.049-0400] {logging_mixin.py:190} INFO - 4 1728855843
[2024-10-13T18:05:26.049-0400] {logging_mixin.py:190} INFO - 5 1728853785
[2024-10-13T18:05:26.050-0400] {logging_mixin.py:190} INFO - 6 1728856648
[2024-10-13T18:05:26.051-0400] {logging_mixin.py:190} INFO - 7 1728856752
[2024-10-13T18:05:26.052-0400] {logging_mixin.py:190} INFO - 8 1728857084
[2024-10-13T18:05:26.052-0400] {logging_mixin.py:190} INFO - 9 1728857054
[2024-10-13T18:05:26.053-0400] {logging_mixin.py:190} INFO - 10 1728853478
[2024-10-13T18:05:26.054-0400] {logging_mixin.py:190} INFO - 11 1728856506
[2024-10-13T18:05:26.055-0400] {logging_mixin.py:190} INFO - 12 1728856990
[2024-10-13T18:05:26.056-0400] {logging_mixin.py:190} INFO - 13 1728856911
[2024-10-13T18:05:26.056-0400] {logging_mixin.py:190} INFO - 14 1728856975
[2024-10-13T18:05:26.057-0400] {logging_mixin.py:190} INFO - 15 1728856510
[2024-10-13T18:05:26.058-0400] {logging_mixin.py:190} INFO - 16 1728852968
[2024-10-13T18:05:26.059-0400] {logging_mixin.py:190} INFO - 17 1728856640
[2024-10-13T18:05:26.060-0400] {logging_mixin.py:190} INFO - 18 1728856821
[2024-10-13T18:05:26.060-0400] {logging_mixin.py:190} INFO - 19 1728857039
[2024-10-13T18:05:26.061-0400] {logging_mixin.py:190} INFO - 20 1728856878
[2024-10-13T18:05:26.062-0400] {logging_mixin.py:190} INFO - 21 1728856372
[2024-10-13T18:05:26.063-0400] {logging_mixin.py:190} INFO - 22 1728857016
[2024-10-13T18:05:26.064-0400] {logging_mixin.py:190} INFO - 24 1728856053
[2024-10-13T18:05:26.065-0400] {logging_mixin.py:190} INFO - 25 1728856752
[2024-10-13T18:05:26.066-0400] {logging_mixin.py:190} INFO - 26 1728856095
[2024-10-13T18:05:26.067-0400] {logging_mixin.py:190} INFO - 28 1728856012
[2024-10-13T18:05:26.068-0400] {logging_mixin.py:190} INFO - 30 1728857086
[2024-10-13T18:05:26.069-0400] {logging_mixin.py:190} INFO - 31 1728857038
[2024-10-13T18:05:26.070-0400] {logging_mixin.py:190} INFO - 32 1728856972
[2024-10-13T18:05:26.071-0400] {logging_mixin.py:190} INFO - 34 1728856500
[2024-10-13T18:05:26.072-0400] {logging_mixin.py:190} INFO - 35 1728856909
[2024-10-13T18:05:26.073-0400] {logging_mixin.py:190} INFO - 36 1728857025
[2024-10-13T18:05:26.074-0400] {logging_mixin.py:190} INFO - 37 1728856979
[2024-10-13T18:05:26.075-0400] {logging_mixin.py:190} INFO - 38 1728856820
[2024-10-13T18:05:26.076-0400] {logging_mixin.py:190} INFO - 39 1728857008
[2024-10-13T18:05:26.077-0400] {logging_mixin.py:190} INFO - 40 1728855986
[2024-10-13T18:05:26.078-0400] {logging_mixin.py:190} INFO - 41 1728855189
[2024-10-13T18:05:26.078-0400] {logging_mixin.py:190} INFO - 43 1728855397
[2024-10-13T18:05:26.079-0400] {logging_mixin.py:190} INFO - 45 1728857008
[2024-10-13T18:05:26.080-0400] {logging_mixin.py:190} INFO - 46 1728856943
[2024-10-13T18:05:26.081-0400] {logging_mixin.py:190} INFO - 47 1728856094
[2024-10-13T18:05:26.081-0400] {logging_mixin.py:190} INFO - 48 1728855146
[2024-10-13T18:05:26.082-0400] {logging_mixin.py:190} INFO - 49 1728856283
[2024-10-13T18:05:26.083-0400] {logging_mixin.py:190} INFO - 50 1728857093
[2024-10-13T18:05:26.083-0400] {logging_mixin.py:190} INFO - 51 1728856310
[2024-10-13T18:05:26.084-0400] {logging_mixin.py:190} INFO - 52 1728855902
[2024-10-13T18:05:26.085-0400] {logging_mixin.py:190} INFO - 55 1728855430
[2024-10-13T18:05:26.085-0400] {logging_mixin.py:190} INFO - 56 1728856973
[2024-10-13T18:05:26.086-0400] {logging_mixin.py:190} INFO - 57 1728857062
[2024-10-13T18:05:26.087-0400] {logging_mixin.py:190} INFO - 59 1728856790
[2024-10-13T18:05:26.088-0400] {logging_mixin.py:190} INFO - 60 1728856837
[2024-10-13T18:05:26.088-0400] {logging_mixin.py:190} INFO - 61 1728856971
[2024-10-13T18:05:26.090-0400] {logging_mixin.py:190} INFO - 62 1728856881
[2024-10-13T18:05:26.091-0400] {logging_mixin.py:190} INFO - 63 1728856085
[2024-10-13T18:05:26.092-0400] {logging_mixin.py:190} INFO - 64 1728856955
[2024-10-13T18:05:26.093-0400] {logging_mixin.py:190} INFO - 65 1728856113
[2024-10-13T18:05:26.094-0400] {logging_mixin.py:190} INFO - 67 1728856980
[2024-10-13T18:05:26.095-0400] {logging_mixin.py:190} INFO - 68 1728856662
[2024-10-13T18:05:26.095-0400] {logging_mixin.py:190} INFO - 69 1728856943
[2024-10-13T18:05:26.096-0400] {logging_mixin.py:190} INFO - 71 1728856038
[2024-10-13T18:05:26.096-0400] {logging_mixin.py:190} INFO - 72 1728856625
[2024-10-13T18:05:26.097-0400] {logging_mixin.py:190} INFO - 73 1728857048
[2024-10-13T18:05:26.098-0400] {logging_mixin.py:190} INFO - 74 1728855728
[2024-10-13T18:05:26.098-0400] {logging_mixin.py:190} INFO - 75 1728854046
[2024-10-13T18:05:26.099-0400] {logging_mixin.py:190} INFO - 76 1728854620
[2024-10-13T18:05:26.100-0400] {logging_mixin.py:190} INFO - 77 1728856631
[2024-10-13T18:05:26.101-0400] {logging_mixin.py:190} INFO - 78 1728857107
[2024-10-13T18:05:26.102-0400] {logging_mixin.py:190} INFO - 79 1728856389
[2024-10-13T18:05:26.103-0400] {logging_mixin.py:190} INFO - 80 1728854804
[2024-10-13T18:05:26.104-0400] {logging_mixin.py:190} INFO - 81 1728856942
[2024-10-13T18:05:26.105-0400] {logging_mixin.py:190} INFO - 82 1728857037
[2024-10-13T18:05:26.106-0400] {logging_mixin.py:190} INFO - 83 1728857090
[2024-10-13T18:05:26.107-0400] {logging_mixin.py:190} INFO - 84 1728856748
[2024-10-13T18:05:26.107-0400] {logging_mixin.py:190} INFO - 85 1728856037
[2024-10-13T18:05:26.108-0400] {logging_mixin.py:190} INFO - 86 1728856559
[2024-10-13T18:05:26.108-0400] {logging_mixin.py:190} INFO - 87 1728856725
[2024-10-13T18:05:26.109-0400] {logging_mixin.py:190} INFO - 88 1728857091
[2024-10-13T18:05:26.110-0400] {logging_mixin.py:190} INFO - 89 1728857055
[2024-10-13T18:05:26.110-0400] {logging_mixin.py:190} INFO - 91 1728856746
[2024-10-13T18:05:26.111-0400] {logging_mixin.py:190} INFO - 92 1728856939
[2024-10-13T18:05:26.112-0400] {logging_mixin.py:190} INFO - 93 1728855432
[2024-10-13T18:05:26.113-0400] {logging_mixin.py:190} INFO - 94 1728856404
[2024-10-13T18:05:26.114-0400] {logging_mixin.py:190} INFO - 95 1728856565
[2024-10-13T18:05:26.115-0400] {logging_mixin.py:190} INFO - 96 1728857049
[2024-10-13T18:05:26.116-0400] {logging_mixin.py:190} INFO - 97 1728856974
[2024-10-13T18:05:26.117-0400] {logging_mixin.py:190} INFO - 99 1728856866
[2024-10-13T18:05:26.118-0400] {logging_mixin.py:190} INFO - 100 1728856802
[2024-10-13T18:05:26.118-0400] {logging_mixin.py:190} INFO - 101 1728857112
[2024-10-13T18:05:26.119-0400] {logging_mixin.py:190} INFO - 102 1728856071
[2024-10-13T18:05:26.120-0400] {logging_mixin.py:190} INFO - 103 1728857079
[2024-10-13T18:05:26.120-0400] {logging_mixin.py:190} INFO - 105 1728856971
[2024-10-13T18:05:26.122-0400] {logging_mixin.py:190} INFO - 106 1728856624
[2024-10-13T18:05:26.123-0400] {logging_mixin.py:190} INFO - 107 1728856915
[2024-10-13T18:05:26.124-0400] {logging_mixin.py:190} INFO - 108 1728856870
[2024-10-13T18:05:26.124-0400] {logging_mixin.py:190} INFO - 109 1728856844
[2024-10-13T18:05:26.125-0400] {logging_mixin.py:190} INFO - 110 1728855805
[2024-10-13T18:05:26.126-0400] {logging_mixin.py:190} INFO - 111 1728857076
[2024-10-13T18:05:26.127-0400] {logging_mixin.py:190} INFO - 112 1728854550
[2024-10-13T18:05:26.128-0400] {logging_mixin.py:190} INFO - 113 1728856934
[2024-10-13T18:05:26.129-0400] {logging_mixin.py:190} INFO - 114 1728854967
[2024-10-13T18:05:26.129-0400] {logging_mixin.py:190} INFO - 115 1728857011
[2024-10-13T18:05:26.130-0400] {logging_mixin.py:190} INFO - 116 1728855340
[2024-10-13T18:05:26.131-0400] {logging_mixin.py:190} INFO - 118 1728856115
[2024-10-13T18:05:26.132-0400] {logging_mixin.py:190} INFO - 119 1728857055
[2024-10-13T18:05:26.133-0400] {logging_mixin.py:190} INFO - 120 1728856936
[2024-10-13T18:05:26.134-0400] {logging_mixin.py:190} INFO - 121 1728856825
[2024-10-13T18:05:26.135-0400] {logging_mixin.py:190} INFO - 122 1728856880
[2024-10-13T18:05:26.136-0400] {logging_mixin.py:190} INFO - 123 1728856792
[2024-10-13T18:05:26.136-0400] {logging_mixin.py:190} INFO - 124 1728856828
[2024-10-13T18:05:26.137-0400] {logging_mixin.py:190} INFO - 125 1728856419
[2024-10-13T18:05:26.138-0400] {logging_mixin.py:190} INFO - 126 1728856740
[2024-10-13T18:05:26.139-0400] {logging_mixin.py:190} INFO - 127 1728857013
[2024-10-13T18:05:26.140-0400] {logging_mixin.py:190} INFO - 128 1728856781
[2024-10-13T18:05:26.140-0400] {logging_mixin.py:190} INFO - 129 1728856910
[2024-10-13T18:05:26.141-0400] {logging_mixin.py:190} INFO - 131 1728855583
[2024-10-13T18:05:26.142-0400] {logging_mixin.py:190} INFO - 132 1728856393
[2024-10-13T18:05:26.143-0400] {logging_mixin.py:190} INFO - 133 1728856637
[2024-10-13T18:05:26.144-0400] {logging_mixin.py:190} INFO - 134 1728856956
[2024-10-13T18:05:26.145-0400] {logging_mixin.py:190} INFO - 135 1728856752
[2024-10-13T18:05:26.146-0400] {logging_mixin.py:190} INFO - 136 1728854406
[2024-10-13T18:05:26.147-0400] {logging_mixin.py:190} INFO - 137 1728857075
[2024-10-13T18:05:26.147-0400] {logging_mixin.py:190} INFO - 138 1728857013
[2024-10-13T18:05:26.148-0400] {logging_mixin.py:190} INFO - 139 1728856872
[2024-10-13T18:05:26.149-0400] {logging_mixin.py:190} INFO - 140 1728856908
[2024-10-13T18:05:26.150-0400] {logging_mixin.py:190} INFO - 141 1728856624
[2024-10-13T18:05:26.151-0400] {logging_mixin.py:190} INFO - 142 1728857085
[2024-10-13T18:05:26.151-0400] {logging_mixin.py:190} INFO - 143 1728857031
[2024-10-13T18:05:26.152-0400] {logging_mixin.py:190} INFO - 144 1728856741
[2024-10-13T18:05:26.153-0400] {logging_mixin.py:190} INFO - 145 1728857094
[2024-10-13T18:05:26.154-0400] {logging_mixin.py:190} INFO - 146 1728856080
[2024-10-13T18:05:26.155-0400] {logging_mixin.py:190} INFO - 147 1728856686
[2024-10-13T18:05:26.156-0400] {logging_mixin.py:190} INFO - 148 1728856823
[2024-10-13T18:05:26.156-0400] {logging_mixin.py:190} INFO - 149 1728857069
[2024-10-13T18:05:26.157-0400] {logging_mixin.py:190} INFO - 150 1728856897
[2024-10-13T18:05:26.158-0400] {logging_mixin.py:190} INFO - 151 1728857091
[2024-10-13T18:05:26.159-0400] {logging_mixin.py:190} INFO - 152 1728856928
[2024-10-13T18:05:26.160-0400] {logging_mixin.py:190} INFO - 153 1728857047
[2024-10-13T18:05:26.161-0400] {logging_mixin.py:190} INFO - 154 1728857111
[2024-10-13T18:05:26.161-0400] {logging_mixin.py:190} INFO - 155 1728856462
[2024-10-13T18:05:26.162-0400] {logging_mixin.py:190} INFO - 156 1728856851
[2024-10-13T18:05:26.163-0400] {logging_mixin.py:190} INFO - 157 1728856692
[2024-10-13T18:05:26.163-0400] {logging_mixin.py:190} INFO - 158 1728857069
[2024-10-13T18:05:26.164-0400] {logging_mixin.py:190} INFO - 159 1728855617
[2024-10-13T18:05:26.164-0400] {logging_mixin.py:190} INFO - 160 1728857068
[2024-10-13T18:05:26.165-0400] {logging_mixin.py:190} INFO - 161 1728856707
[2024-10-13T18:05:26.165-0400] {logging_mixin.py:190} INFO - 162 1728857073
[2024-10-13T18:05:26.166-0400] {logging_mixin.py:190} INFO - 163 1728856943
[2024-10-13T18:05:26.167-0400] {logging_mixin.py:190} INFO - 164 1728856739
[2024-10-13T18:05:26.168-0400] {logging_mixin.py:190} INFO - 165 1728856854
[2024-10-13T18:05:26.169-0400] {logging_mixin.py:190} INFO - 166 1728857099
[2024-10-13T18:05:26.170-0400] {logging_mixin.py:190} INFO - 167 1728856992
[2024-10-13T18:05:26.171-0400] {logging_mixin.py:190} INFO - 168 1728857003
[2024-10-13T18:05:26.172-0400] {logging_mixin.py:190} INFO - 169 1728856979
[2024-10-13T18:05:26.173-0400] {logging_mixin.py:190} INFO - 170 1728856637
[2024-10-13T18:05:26.174-0400] {logging_mixin.py:190} INFO - 171 1728856715
[2024-10-13T18:05:26.175-0400] {logging_mixin.py:190} INFO - 173 1728856755
[2024-10-13T18:05:26.176-0400] {logging_mixin.py:190} INFO - 174 1728857101
[2024-10-13T18:05:26.177-0400] {logging_mixin.py:190} INFO - 176 1728857047
[2024-10-13T18:05:26.177-0400] {logging_mixin.py:190} INFO - 177 1728856878
[2024-10-13T18:05:26.178-0400] {logging_mixin.py:190} INFO - 178 1728857063
[2024-10-13T18:05:26.179-0400] {logging_mixin.py:190} INFO - 179 1728856707
[2024-10-13T18:05:26.180-0400] {logging_mixin.py:190} INFO - 180 1728852932
[2024-10-13T18:05:26.180-0400] {logging_mixin.py:190} INFO - 181 1728857032
[2024-10-13T18:05:26.181-0400] {logging_mixin.py:190} INFO - 182 1728857099
[2024-10-13T18:05:26.182-0400] {logging_mixin.py:190} INFO - 183 1728857090
[2024-10-13T18:05:26.183-0400] {logging_mixin.py:190} INFO - 184 1728857112
[2024-10-13T18:05:26.184-0400] {logging_mixin.py:190} INFO - 185 1728854879
[2024-10-13T18:05:26.185-0400] {logging_mixin.py:190} INFO - 186 1728857044
[2024-10-13T18:05:26.185-0400] {logging_mixin.py:190} INFO - 187 1728857087
[2024-10-13T18:05:26.186-0400] {logging_mixin.py:190} INFO - 188 1728855700
[2024-10-13T18:05:26.187-0400] {logging_mixin.py:190} INFO - 189 1728856630
[2024-10-13T18:05:26.188-0400] {logging_mixin.py:190} INFO - 190 1728856612
[2024-10-13T18:05:26.189-0400] {logging_mixin.py:190} INFO - 191 1728856141
[2024-10-13T18:05:26.190-0400] {logging_mixin.py:190} INFO - 192 1728856597
[2024-10-13T18:05:26.191-0400] {logging_mixin.py:190} INFO - 193 1728856968
[2024-10-13T18:05:26.192-0400] {logging_mixin.py:190} INFO - 194 1728856887
[2024-10-13T18:05:26.192-0400] {logging_mixin.py:190} INFO - 195 1728856191
[2024-10-13T18:05:26.193-0400] {logging_mixin.py:190} INFO - 196 1728856880
[2024-10-13T18:05:26.194-0400] {logging_mixin.py:190} INFO - 197 1728856317
[2024-10-13T18:05:26.194-0400] {logging_mixin.py:190} INFO - 198 1728855125
[2024-10-13T18:05:26.195-0400] {logging_mixin.py:190} INFO - 199 1728857078
[2024-10-13T18:05:26.196-0400] {logging_mixin.py:190} INFO - 200 1728855801
[2024-10-13T18:05:26.196-0400] {logging_mixin.py:190} INFO - 201 1728856557
[2024-10-13T18:05:26.197-0400] {logging_mixin.py:190} INFO - 202 1728854252
[2024-10-13T18:05:26.197-0400] {logging_mixin.py:190} INFO - 203 1728856722
[2024-10-13T18:05:26.198-0400] {logging_mixin.py:190} INFO - 204 1728857110
[2024-10-13T18:05:26.199-0400] {logging_mixin.py:190} INFO - 205 1728856646
[2024-10-13T18:05:26.200-0400] {logging_mixin.py:190} INFO - 206 1728857077
[2024-10-13T18:05:26.201-0400] {logging_mixin.py:190} INFO - 207 1728857061
[2024-10-13T18:05:26.202-0400] {logging_mixin.py:190} INFO - 208 1728856698
[2024-10-13T18:05:26.203-0400] {logging_mixin.py:190} INFO - 209 1728857056
[2024-10-13T18:05:26.205-0400] {logging_mixin.py:190} INFO - 210 1728856988
[2024-10-13T18:05:26.205-0400] {logging_mixin.py:190} INFO - 211 1728856966
[2024-10-13T18:05:26.225-0400] {logging_mixin.py:190} INFO - 212 1728391856
[2024-10-13T18:05:26.226-0400] {logging_mixin.py:190} INFO - 213 1728856770
[2024-10-13T18:05:26.227-0400] {logging_mixin.py:190} INFO - 214 1728856866
[2024-10-13T18:05:26.228-0400] {logging_mixin.py:190} INFO - 215 1728857072
[2024-10-13T18:05:26.229-0400] {logging_mixin.py:190} INFO - 216 1728856272
[2024-10-13T18:05:26.230-0400] {logging_mixin.py:190} INFO - 217 1728856956
[2024-10-13T18:05:26.231-0400] {logging_mixin.py:190} INFO - 218 1728857119
[2024-10-13T18:05:26.232-0400] {logging_mixin.py:190} INFO - 219 1728856550
[2024-10-13T18:05:26.233-0400] {logging_mixin.py:190} INFO - 220 1728857064
[2024-10-13T18:05:26.234-0400] {logging_mixin.py:190} INFO - 221 1728856978
[2024-10-13T18:05:26.234-0400] {logging_mixin.py:190} INFO - 222 1728856927
[2024-10-13T18:05:26.235-0400] {logging_mixin.py:190} INFO - 223 1728856678
[2024-10-13T18:05:26.236-0400] {logging_mixin.py:190} INFO - 224 1728857102
[2024-10-13T18:05:26.237-0400] {logging_mixin.py:190} INFO - 225 1728856587
[2024-10-13T18:05:26.238-0400] {logging_mixin.py:190} INFO - 226 1728856993
[2024-10-13T18:05:26.238-0400] {logging_mixin.py:190} INFO - 227 1728856632
[2024-10-13T18:05:26.239-0400] {logging_mixin.py:190} INFO - 228 1728856629
[2024-10-13T18:05:26.240-0400] {logging_mixin.py:190} INFO - 229 1728856685
[2024-10-13T18:05:26.240-0400] {logging_mixin.py:190} INFO - 230 1728857059
[2024-10-13T18:05:26.241-0400] {logging_mixin.py:190} INFO - 232 1728857062
[2024-10-13T18:05:26.242-0400] {logging_mixin.py:190} INFO - 233 1728856334
[2024-10-13T18:05:26.242-0400] {logging_mixin.py:190} INFO - 234 1728857076
[2024-10-13T18:05:26.243-0400] {logging_mixin.py:190} INFO - 236 1728856676
[2024-10-13T18:05:26.244-0400] {logging_mixin.py:190} INFO - 237 1728857073
[2024-10-13T18:05:26.244-0400] {logging_mixin.py:190} INFO - 239 1728856466
[2024-10-13T18:05:26.245-0400] {logging_mixin.py:190} INFO - 241 1728856997
[2024-10-13T18:05:26.245-0400] {logging_mixin.py:190} INFO - 242 1728857021
[2024-10-13T18:05:26.246-0400] {logging_mixin.py:190} INFO - 243 1728857023
[2024-10-13T18:05:26.247-0400] {logging_mixin.py:190} INFO - 244 1728856967
[2024-10-13T18:05:26.247-0400] {logging_mixin.py:190} INFO - 245 1728659352
[2024-10-13T18:05:26.248-0400] {logging_mixin.py:190} INFO - 246 1728857075
[2024-10-13T18:05:26.249-0400] {logging_mixin.py:190} INFO - 247 1728854599
[2024-10-13T18:05:26.249-0400] {logging_mixin.py:190} INFO - 248 1728857110
[2024-10-13T18:05:26.250-0400] {logging_mixin.py:190} INFO - 249 1728857057
[2024-10-13T18:05:26.251-0400] {logging_mixin.py:190} INFO - 250 1728856667
[2024-10-13T18:05:26.252-0400] {logging_mixin.py:190} INFO - 251 1728857120
[2024-10-13T18:05:26.253-0400] {logging_mixin.py:190} INFO - 253 1728857053
[2024-10-13T18:05:26.253-0400] {logging_mixin.py:190} INFO - 254 1728857121
[2024-10-13T18:05:26.254-0400] {logging_mixin.py:190} INFO - 255 1728852846
[2024-10-13T18:05:26.255-0400] {logging_mixin.py:190} INFO - 256 1728857084
[2024-10-13T18:05:26.255-0400] {logging_mixin.py:190} INFO - 257 1728857059
[2024-10-13T18:05:26.256-0400] {logging_mixin.py:190} INFO - 258 1728856996
[2024-10-13T18:05:26.257-0400] {logging_mixin.py:190} INFO - 259 1728856768
[2024-10-13T18:05:26.258-0400] {logging_mixin.py:190} INFO - 260 1728856803
[2024-10-13T18:05:26.258-0400] {logging_mixin.py:190} INFO - 261 1728848862
[2024-10-13T18:05:26.259-0400] {logging_mixin.py:190} INFO - 262 1728857075
[2024-10-13T18:05:26.260-0400] {logging_mixin.py:190} INFO - 263 1728856773
[2024-10-13T18:05:26.260-0400] {logging_mixin.py:190} INFO - 264 1728856409
[2024-10-13T18:05:26.261-0400] {logging_mixin.py:190} INFO - 265 1728856539
[2024-10-13T18:05:26.262-0400] {logging_mixin.py:190} INFO - 266 1728856928
[2024-10-13T18:05:26.262-0400] {logging_mixin.py:190} INFO - 267 1728854175
[2024-10-13T18:05:26.263-0400] {logging_mixin.py:190} INFO - 268 1728853556
[2024-10-13T18:05:26.264-0400] {logging_mixin.py:190} INFO - 269 1728857112
[2024-10-13T18:05:26.265-0400] {logging_mixin.py:190} INFO - 270 1728856722
[2024-10-13T18:05:26.266-0400] {logging_mixin.py:190} INFO - 271 1728855292
[2024-10-13T18:05:26.267-0400] {logging_mixin.py:190} INFO - 272 1728856257
[2024-10-13T18:05:26.267-0400] {logging_mixin.py:190} INFO - 273 1728857052
[2024-10-13T18:05:26.268-0400] {logging_mixin.py:190} INFO - 274 1728854709
[2024-10-13T18:05:26.268-0400] {logging_mixin.py:190} INFO - 275 1728856220
[2024-10-13T18:05:26.269-0400] {logging_mixin.py:190} INFO - 276 1728856817
[2024-10-13T18:05:26.270-0400] {logging_mixin.py:190} INFO - 277 1728856749
[2024-10-13T18:05:26.270-0400] {logging_mixin.py:190} INFO - 278 1728857005
[2024-10-13T18:05:26.271-0400] {logging_mixin.py:190} INFO - 279 1728856949
[2024-10-13T18:05:26.271-0400] {logging_mixin.py:190} INFO - 280 1728856565
[2024-10-13T18:05:26.272-0400] {logging_mixin.py:190} INFO - 281 1728855071
[2024-10-13T18:05:26.273-0400] {logging_mixin.py:190} INFO - 282 1728854866
[2024-10-13T18:05:26.273-0400] {logging_mixin.py:190} INFO - 283 1728856834
[2024-10-13T18:05:26.274-0400] {logging_mixin.py:190} INFO - 284 1728853153
[2024-10-13T18:05:26.274-0400] {logging_mixin.py:190} INFO - 285 1728856000
[2024-10-13T18:05:26.275-0400] {logging_mixin.py:190} INFO - 286 1728856181
[2024-10-13T18:05:26.275-0400] {logging_mixin.py:190} INFO - 287 1728855962
[2024-10-13T18:05:26.276-0400] {logging_mixin.py:190} INFO - 288 1728854950
[2024-10-13T18:05:26.277-0400] {logging_mixin.py:190} INFO - 289 1728857098
[2024-10-13T18:05:26.277-0400] {logging_mixin.py:190} INFO - 290 1728856874
[2024-10-13T18:05:26.278-0400] {logging_mixin.py:190} INFO - 291 1728856995
[2024-10-13T18:05:26.278-0400] {logging_mixin.py:190} INFO - 292 1728855744
[2024-10-13T18:05:26.279-0400] {logging_mixin.py:190} INFO - 293 1728857050
[2024-10-13T18:05:26.280-0400] {logging_mixin.py:190} INFO - 294 1728856501
[2024-10-13T18:05:26.281-0400] {logging_mixin.py:190} INFO - 297 1728856836
[2024-10-13T18:05:26.281-0400] {logging_mixin.py:190} INFO - 301 1728856762
[2024-10-13T18:05:26.282-0400] {logging_mixin.py:190} INFO - 302 1728851739
[2024-10-13T18:05:26.282-0400] {logging_mixin.py:190} INFO - 303 1728857064
[2024-10-13T18:05:26.283-0400] {logging_mixin.py:190} INFO - 304 1728846249
[2024-10-13T18:05:26.284-0400] {logging_mixin.py:190} INFO - 305 1728857069
[2024-10-13T18:05:26.285-0400] {logging_mixin.py:190} INFO - 306 1728854718
[2024-10-13T18:05:26.285-0400] {logging_mixin.py:190} INFO - 307 1728857028
[2024-10-13T18:05:26.286-0400] {logging_mixin.py:190} INFO - 308 1728857105
[2024-10-13T18:05:26.287-0400] {logging_mixin.py:190} INFO - 309 1728856951
[2024-10-13T18:05:26.288-0400] {logging_mixin.py:190} INFO - 311 1728856361
[2024-10-13T18:05:26.289-0400] {logging_mixin.py:190} INFO - 312 1728856027
[2024-10-13T18:05:26.289-0400] {logging_mixin.py:190} INFO - 313 1728853123
[2024-10-13T18:05:26.290-0400] {logging_mixin.py:190} INFO - 314 1728856544
[2024-10-13T18:05:26.291-0400] {logging_mixin.py:190} INFO - 315 1728856893
[2024-10-13T18:05:26.291-0400] {logging_mixin.py:190} INFO - 316 1728857037
[2024-10-13T18:05:26.292-0400] {logging_mixin.py:190} INFO - 317 1728856666
[2024-10-13T18:05:26.293-0400] {logging_mixin.py:190} INFO - 318 1728856647
[2024-10-13T18:05:26.293-0400] {logging_mixin.py:190} INFO - 319 1728856989
[2024-10-13T18:05:26.294-0400] {logging_mixin.py:190} INFO - 320 1728856502
[2024-10-13T18:05:26.294-0400] {logging_mixin.py:190} INFO - 321 1728809832
[2024-10-13T18:05:26.295-0400] {logging_mixin.py:190} INFO - 322 1728856075
[2024-10-13T18:05:26.296-0400] {logging_mixin.py:190} INFO - 323 1728856362
[2024-10-13T18:05:26.296-0400] {logging_mixin.py:190} INFO - 324 1728856977
[2024-10-13T18:05:26.297-0400] {logging_mixin.py:190} INFO - 325 1728856912
[2024-10-13T18:05:26.297-0400] {logging_mixin.py:190} INFO - 327 1728855424
[2024-10-13T18:05:26.298-0400] {logging_mixin.py:190} INFO - 328 1728857079
[2024-10-13T18:05:26.298-0400] {logging_mixin.py:190} INFO - 329 1728855683
[2024-10-13T18:05:26.299-0400] {logging_mixin.py:190} INFO - 330 1728856519
[2024-10-13T18:05:26.300-0400] {logging_mixin.py:190} INFO - 331 1728856102
[2024-10-13T18:05:26.300-0400] {logging_mixin.py:190} INFO - 332 1728856205
[2024-10-13T18:05:26.301-0400] {logging_mixin.py:190} INFO - 333 1728856815
[2024-10-13T18:05:26.302-0400] {logging_mixin.py:190} INFO - 334 1728856416
[2024-10-13T18:05:26.302-0400] {logging_mixin.py:190} INFO - 335 1728854465
[2024-10-13T18:05:26.303-0400] {logging_mixin.py:190} INFO - 336 1728857061
[2024-10-13T18:05:26.304-0400] {logging_mixin.py:190} INFO - 337 1728856677
[2024-10-13T18:05:26.305-0400] {logging_mixin.py:190} INFO - 338 1728856917
[2024-10-13T18:05:26.306-0400] {logging_mixin.py:190} INFO - 339 1728857079
[2024-10-13T18:05:26.307-0400] {logging_mixin.py:190} INFO - 340 1728856963
[2024-10-13T18:05:26.308-0400] {logging_mixin.py:190} INFO - 341 1728857085
[2024-10-13T18:05:26.309-0400] {logging_mixin.py:190} INFO - 342 1728857071
[2024-10-13T18:05:26.309-0400] {logging_mixin.py:190} INFO - 343 1728857022
[2024-10-13T18:05:26.310-0400] {logging_mixin.py:190} INFO - 344 1728856576
[2024-10-13T18:05:26.310-0400] {logging_mixin.py:190} INFO - 345 1728856854
[2024-10-13T18:05:26.311-0400] {logging_mixin.py:190} INFO - 346 1728856010
[2024-10-13T18:05:26.312-0400] {logging_mixin.py:190} INFO - 347 1728857065
[2024-10-13T18:05:26.312-0400] {logging_mixin.py:190} INFO - 348 1728857096
[2024-10-13T18:05:26.313-0400] {logging_mixin.py:190} INFO - 349 1728853925
[2024-10-13T18:05:26.313-0400] {logging_mixin.py:190} INFO - 350 1728856440
[2024-10-13T18:05:26.314-0400] {logging_mixin.py:190} INFO - 351 1728854415
[2024-10-13T18:05:26.315-0400] {logging_mixin.py:190} INFO - 355 1728856614
[2024-10-13T18:05:26.316-0400] {logging_mixin.py:190} INFO - 356 1728856038
[2024-10-13T18:05:26.316-0400] {logging_mixin.py:190} INFO - 357 1728665345
[2024-10-13T18:05:26.317-0400] {logging_mixin.py:190} INFO - 358 1728855034
[2024-10-13T18:05:26.318-0400] {logging_mixin.py:190} INFO - 359 1728856811
[2024-10-13T18:05:26.318-0400] {logging_mixin.py:190} INFO - 360 1728857009
[2024-10-13T18:05:26.320-0400] {logging_mixin.py:190} INFO - 361 1728856985
[2024-10-13T18:05:26.320-0400] {logging_mixin.py:190} INFO - 362 1728856528
[2024-10-13T18:05:26.321-0400] {logging_mixin.py:190} INFO - 363 1728856740
[2024-10-13T18:05:26.322-0400] {logging_mixin.py:190} INFO - 364 1728856597
[2024-10-13T18:05:26.322-0400] {logging_mixin.py:190} INFO - 365 1728856693
[2024-10-13T18:05:26.323-0400] {logging_mixin.py:190} INFO - 366 1728856711
[2024-10-13T18:05:26.323-0400] {logging_mixin.py:190} INFO - 367 1728857057
[2024-10-13T18:05:26.324-0400] {logging_mixin.py:190} INFO - 368 1728856510
[2024-10-13T18:05:26.325-0400] {logging_mixin.py:190} INFO - 370 1728857092
[2024-10-13T18:05:26.325-0400] {logging_mixin.py:190} INFO - 371 1728856863
[2024-10-13T18:05:26.326-0400] {logging_mixin.py:190} INFO - 372 1728856936
[2024-10-13T18:05:26.327-0400] {logging_mixin.py:190} INFO - 373 1728856677
[2024-10-13T18:05:26.327-0400] {logging_mixin.py:190} INFO - 374 1728857089
[2024-10-13T18:05:26.328-0400] {logging_mixin.py:190} INFO - 375 1728856302
[2024-10-13T18:05:26.329-0400] {logging_mixin.py:190} INFO - 376 1728856953
[2024-10-13T18:05:26.329-0400] {logging_mixin.py:190} INFO - 377 1728857116
[2024-10-13T18:05:26.330-0400] {logging_mixin.py:190} INFO - 378 1728856249
[2024-10-13T18:05:26.331-0400] {logging_mixin.py:190} INFO - 379 1728855397
[2024-10-13T18:05:26.332-0400] {logging_mixin.py:190} INFO - 380 1728855449
[2024-10-13T18:05:26.333-0400] {logging_mixin.py:190} INFO - 381 1728856968
[2024-10-13T18:05:26.333-0400] {logging_mixin.py:190} INFO - 383 1728856197
[2024-10-13T18:05:26.334-0400] {logging_mixin.py:190} INFO - 384 1728856528
[2024-10-13T18:05:26.335-0400] {logging_mixin.py:190} INFO - 385 1728856874
[2024-10-13T18:05:26.336-0400] {logging_mixin.py:190} INFO - 387 1728854563
[2024-10-13T18:05:26.337-0400] {logging_mixin.py:190} INFO - 388 1728854775
[2024-10-13T18:05:26.337-0400] {logging_mixin.py:190} INFO - 389 1728854795
[2024-10-13T18:05:26.338-0400] {logging_mixin.py:190} INFO - 390 1728857052
[2024-10-13T18:05:26.339-0400] {logging_mixin.py:190} INFO - 391 1728856150
[2024-10-13T18:05:26.340-0400] {logging_mixin.py:190} INFO - 392 1728856451
[2024-10-13T18:05:26.340-0400] {logging_mixin.py:190} INFO - 393 1728856181
[2024-10-13T18:05:26.341-0400] {logging_mixin.py:190} INFO - 394 1728855840
[2024-10-13T18:05:26.342-0400] {logging_mixin.py:190} INFO - 396 1728856345
[2024-10-13T18:05:26.343-0400] {logging_mixin.py:190} INFO - 397 1728857049
[2024-10-13T18:05:26.344-0400] {logging_mixin.py:190} INFO - 399 1728856873
[2024-10-13T18:05:26.345-0400] {logging_mixin.py:190} INFO - 400 1728857046
[2024-10-13T18:05:26.346-0400] {logging_mixin.py:190} INFO - 401 1728856730
[2024-10-13T18:05:26.347-0400] {logging_mixin.py:190} INFO - 403 1728857101
[2024-10-13T18:05:26.348-0400] {logging_mixin.py:190} INFO - 404 1728856697
[2024-10-13T18:05:26.349-0400] {logging_mixin.py:190} INFO - 406 1728857051
[2024-10-13T18:05:26.350-0400] {logging_mixin.py:190} INFO - 407 1728856832
[2024-10-13T18:05:26.351-0400] {logging_mixin.py:190} INFO - 408 1728856879
[2024-10-13T18:05:26.351-0400] {logging_mixin.py:190} INFO - 409 1728856140
[2024-10-13T18:05:26.352-0400] {logging_mixin.py:190} INFO - 413 1728856366
[2024-10-13T18:05:26.353-0400] {logging_mixin.py:190} INFO - 414 1728856158
[2024-10-13T18:05:26.354-0400] {logging_mixin.py:190} INFO - 417 1728854908
[2024-10-13T18:05:26.354-0400] {logging_mixin.py:190} INFO - 418 1728857000
[2024-10-13T18:05:26.355-0400] {logging_mixin.py:190} INFO - 419 1728853773
[2024-10-13T18:05:26.356-0400] {logging_mixin.py:190} INFO - 421 1728857041
[2024-10-13T18:05:26.356-0400] {logging_mixin.py:190} INFO - 422 1728856025
[2024-10-13T18:05:26.357-0400] {logging_mixin.py:190} INFO - 423 1728855897
[2024-10-13T18:05:26.358-0400] {logging_mixin.py:190} INFO - 424 1728856640
[2024-10-13T18:05:26.358-0400] {logging_mixin.py:190} INFO - 425 1728857067
[2024-10-13T18:05:26.359-0400] {logging_mixin.py:190} INFO - 426 1728856992
[2024-10-13T18:05:26.360-0400] {logging_mixin.py:190} INFO - 427 1728855144
[2024-10-13T18:05:26.361-0400] {logging_mixin.py:190} INFO - 428 1728856945
[2024-10-13T18:05:26.362-0400] {logging_mixin.py:190} INFO - 429 1728857047
[2024-10-13T18:05:26.362-0400] {logging_mixin.py:190} INFO - 430 1728855677
[2024-10-13T18:05:26.363-0400] {logging_mixin.py:190} INFO - 431 1728856955
[2024-10-13T18:05:26.364-0400] {logging_mixin.py:190} INFO - 432 1728857109
[2024-10-13T18:05:26.364-0400] {logging_mixin.py:190} INFO - 433 1728856725
[2024-10-13T18:05:26.365-0400] {logging_mixin.py:190} INFO - 437 1728856599
[2024-10-13T18:05:26.365-0400] {logging_mixin.py:190} INFO - 438 1728855648
[2024-10-13T18:05:26.366-0400] {logging_mixin.py:190} INFO - 439 1728856792
[2024-10-13T18:05:26.367-0400] {logging_mixin.py:190} INFO - 440 1728855791
[2024-10-13T18:05:26.368-0400] {logging_mixin.py:190} INFO - 441 1728856193
[2024-10-13T18:05:26.369-0400] {logging_mixin.py:190} INFO - 442 1728856348
[2024-10-13T18:05:26.370-0400] {logging_mixin.py:190} INFO - 443 1728853989
[2024-10-13T18:05:26.371-0400] {logging_mixin.py:190} INFO - 444 1728840483
[2024-10-13T18:05:26.372-0400] {logging_mixin.py:190} INFO - 445 1728853218
[2024-10-13T18:05:26.373-0400] {logging_mixin.py:190} INFO - 446 1728856170
[2024-10-13T18:05:26.373-0400] {logging_mixin.py:190} INFO - 447 1728856679
[2024-10-13T18:05:26.374-0400] {logging_mixin.py:190} INFO - 448 1728854859
[2024-10-13T18:05:26.375-0400] {logging_mixin.py:190} INFO - 452 1728856794
[2024-10-13T18:05:26.376-0400] {logging_mixin.py:190} INFO - 453 1728856859
[2024-10-13T18:05:26.377-0400] {logging_mixin.py:190} INFO - 454 1728856558
[2024-10-13T18:05:26.378-0400] {logging_mixin.py:190} INFO - 455 1728856759
[2024-10-13T18:05:26.379-0400] {logging_mixin.py:190} INFO - 456 1728857081
[2024-10-13T18:05:26.379-0400] {logging_mixin.py:190} INFO - 457 1728857084
[2024-10-13T18:05:26.380-0400] {logging_mixin.py:190} INFO - 458 1728856994
[2024-10-13T18:05:26.381-0400] {logging_mixin.py:190} INFO - 459 1728856275
[2024-10-13T18:05:26.381-0400] {logging_mixin.py:190} INFO - 460 1728856099
[2024-10-13T18:05:26.382-0400] {logging_mixin.py:190} INFO - 461 1728856988
[2024-10-13T18:05:26.383-0400] {logging_mixin.py:190} INFO - 462 1728661129
[2024-10-13T18:05:26.384-0400] {logging_mixin.py:190} INFO - 463 1728852776
[2024-10-13T18:05:26.385-0400] {logging_mixin.py:190} INFO - 464 1728855962
[2024-10-13T18:05:26.385-0400] {logging_mixin.py:190} INFO - 465 1728856678
[2024-10-13T18:05:26.386-0400] {logging_mixin.py:190} INFO - 466 1728857039
[2024-10-13T18:05:26.387-0400] {logging_mixin.py:190} INFO - 467 1728854363
[2024-10-13T18:05:26.388-0400] {logging_mixin.py:190} INFO - 468 1728850964
[2024-10-13T18:05:26.388-0400] {logging_mixin.py:190} INFO - 469 1728856632
[2024-10-13T18:05:26.389-0400] {logging_mixin.py:190} INFO - 470 1728857045
[2024-10-13T18:05:26.389-0400] {logging_mixin.py:190} INFO - 471 1728855803
[2024-10-13T18:05:26.390-0400] {logging_mixin.py:190} INFO - 472 1728856759
[2024-10-13T18:05:26.391-0400] {logging_mixin.py:190} INFO - 473 1728855528
[2024-10-13T18:05:26.391-0400] {logging_mixin.py:190} INFO - 474 1728856921
[2024-10-13T18:05:26.392-0400] {logging_mixin.py:190} INFO - 475 1728856546
[2024-10-13T18:05:26.392-0400] {logging_mixin.py:190} INFO - 476 1728854742
[2024-10-13T18:05:26.393-0400] {logging_mixin.py:190} INFO - 477 1728856269
[2024-10-13T18:05:26.394-0400] {logging_mixin.py:190} INFO - 478 1728856872
[2024-10-13T18:05:26.394-0400] {logging_mixin.py:190} INFO - 479 1728856072
[2024-10-13T18:05:26.395-0400] {logging_mixin.py:190} INFO - 480 1728855057
[2024-10-13T18:05:26.395-0400] {logging_mixin.py:190} INFO - 481 1728856332
[2024-10-13T18:05:26.396-0400] {logging_mixin.py:190} INFO - 482 1728855728
[2024-10-13T18:05:26.396-0400] {logging_mixin.py:190} INFO - 483 1728856943
[2024-10-13T18:05:26.397-0400] {logging_mixin.py:190} INFO - 484 1728856931
[2024-10-13T18:05:26.398-0400] {logging_mixin.py:190} INFO - 485 1728856917
[2024-10-13T18:05:26.398-0400] {logging_mixin.py:190} INFO - 486 1728855588
[2024-10-13T18:05:26.399-0400] {logging_mixin.py:190} INFO - 487 1728855745
[2024-10-13T18:05:26.400-0400] {logging_mixin.py:190} INFO - 489 1728857037
[2024-10-13T18:05:26.401-0400] {logging_mixin.py:190} INFO - 490 1728856734
[2024-10-13T18:05:26.402-0400] {logging_mixin.py:190} INFO - 491 1728854152
[2024-10-13T18:05:26.403-0400] {logging_mixin.py:190} INFO - 492 1728853818
[2024-10-13T18:05:26.404-0400] {logging_mixin.py:190} INFO - 493 1728857095
[2024-10-13T18:05:26.405-0400] {logging_mixin.py:190} INFO - 495 1728855808
[2024-10-13T18:05:26.406-0400] {logging_mixin.py:190} INFO - 496 1728856821
[2024-10-13T18:05:26.406-0400] {logging_mixin.py:190} INFO - 497 1728855366
[2024-10-13T18:05:26.407-0400] {logging_mixin.py:190} INFO - 498 1728856350
[2024-10-13T18:05:26.408-0400] {logging_mixin.py:190} INFO - 499 1728853886
[2024-10-13T18:05:26.409-0400] {logging_mixin.py:190} INFO - 500 1728856572
[2024-10-13T18:05:26.410-0400] {logging_mixin.py:190} INFO - 501 1728855639
[2024-10-13T18:05:26.411-0400] {logging_mixin.py:190} INFO - 502 1728855157
[2024-10-13T18:05:26.412-0400] {logging_mixin.py:190} INFO - 503 1728856862
[2024-10-13T18:05:26.412-0400] {logging_mixin.py:190} INFO - 504 1728856753
[2024-10-13T18:05:26.413-0400] {logging_mixin.py:190} INFO - 505 1728856642
[2024-10-13T18:05:26.414-0400] {logging_mixin.py:190} INFO - 508 1728857062
[2024-10-13T18:05:26.414-0400] {logging_mixin.py:190} INFO - 511 1728857114
[2024-10-13T18:05:26.415-0400] {logging_mixin.py:190} INFO - 512 1728857084
[2024-10-13T18:05:26.416-0400] {logging_mixin.py:190} INFO - 514 1728856618
[2024-10-13T18:05:26.416-0400] {logging_mixin.py:190} INFO - 515 1728856000
[2024-10-13T18:05:26.417-0400] {logging_mixin.py:190} INFO - 516 1728856531
[2024-10-13T18:05:26.418-0400] {logging_mixin.py:190} INFO - 517 1728856884
[2024-10-13T18:05:26.419-0400] {logging_mixin.py:190} INFO - 518 1728852465
[2024-10-13T18:05:26.420-0400] {logging_mixin.py:190} INFO - 519 1728854810
[2024-10-13T18:05:26.421-0400] {logging_mixin.py:190} INFO - 520 1728855703
[2024-10-13T18:05:26.422-0400] {logging_mixin.py:190} INFO - 521 1728856987
[2024-10-13T18:05:26.422-0400] {logging_mixin.py:190} INFO - 522 1728856043
[2024-10-13T18:05:26.423-0400] {logging_mixin.py:190} INFO - 523 1728854718
[2024-10-13T18:05:26.424-0400] {logging_mixin.py:190} INFO - 524 1728856887
[2024-10-13T18:05:26.424-0400] {logging_mixin.py:190} INFO - 525 1728855809
[2024-10-13T18:05:26.425-0400] {logging_mixin.py:190} INFO - 526 1728857089
[2024-10-13T18:05:26.425-0400] {logging_mixin.py:190} INFO - 527 1728856072
[2024-10-13T18:05:26.426-0400] {logging_mixin.py:190} INFO - 528 1728856128
[2024-10-13T18:05:26.427-0400] {logging_mixin.py:190} INFO - 529 1728853971
[2024-10-13T18:05:26.429-0400] {logging_mixin.py:190} INFO - 530 1728856744
[2024-10-13T18:05:26.430-0400] {logging_mixin.py:190} INFO - 531 1728856725
[2024-10-13T18:05:26.430-0400] {logging_mixin.py:190} INFO - 532 1728855747
[2024-10-13T18:05:26.431-0400] {logging_mixin.py:190} INFO - 533 1728856076
[2024-10-13T18:05:26.432-0400] {logging_mixin.py:190} INFO - 534 1728856969
[2024-10-13T18:05:26.433-0400] {logging_mixin.py:190} INFO - 535 1728856576
[2024-10-13T18:05:26.434-0400] {logging_mixin.py:190} INFO - 536 1728853772
[2024-10-13T18:05:26.435-0400] {logging_mixin.py:190} INFO - 537 1728856246
[2024-10-13T18:05:26.436-0400] {logging_mixin.py:190} INFO - 538 1728857113
[2024-10-13T18:05:26.437-0400] {logging_mixin.py:190} INFO - 539 1728857010
[2024-10-13T18:05:26.438-0400] {logging_mixin.py:190} INFO - 540 1728857017
[2024-10-13T18:05:26.439-0400] {logging_mixin.py:190} INFO - 541 1728856623
[2024-10-13T18:05:26.440-0400] {logging_mixin.py:190} INFO - 542 1728855976
[2024-10-13T18:05:26.440-0400] {logging_mixin.py:190} INFO - 543 1728857081
[2024-10-13T18:05:26.441-0400] {logging_mixin.py:190} INFO - 544 1728852234
[2024-10-13T18:05:26.441-0400] {logging_mixin.py:190} INFO - 545 1728857059
[2024-10-13T18:05:26.442-0400] {logging_mixin.py:190} INFO - 546 1728857033
[2024-10-13T18:05:26.443-0400] {logging_mixin.py:190} INFO - 547 1728857050
[2024-10-13T18:05:26.444-0400] {logging_mixin.py:190} INFO - 548 1728856907
[2024-10-13T18:05:26.444-0400] {logging_mixin.py:190} INFO - 549 1728856920
[2024-10-13T18:05:26.445-0400] {logging_mixin.py:190} INFO - 550 1728855520
[2024-10-13T18:05:26.446-0400] {logging_mixin.py:190} INFO - 551 1728854916
[2024-10-13T18:05:26.446-0400] {logging_mixin.py:190} INFO - 552 1728856425
[2024-10-13T18:05:26.447-0400] {logging_mixin.py:190} INFO - 553 1728857117
[2024-10-13T18:05:26.448-0400] {logging_mixin.py:190} INFO - 554 1728856406
[2024-10-13T18:05:26.449-0400] {logging_mixin.py:190} INFO - 555 1728856893
[2024-10-13T18:05:26.450-0400] {logging_mixin.py:190} INFO - 556 1728856957
[2024-10-13T18:05:26.451-0400] {logging_mixin.py:190} INFO - 557 1728857067
[2024-10-13T18:05:26.451-0400] {logging_mixin.py:190} INFO - 558 1728856866
[2024-10-13T18:05:26.452-0400] {logging_mixin.py:190} INFO - 559 1728852098
[2024-10-13T18:05:26.452-0400] {logging_mixin.py:190} INFO - 560 1728857084
[2024-10-13T18:05:26.453-0400] {logging_mixin.py:190} INFO - 561 1728856911
[2024-10-13T18:05:26.454-0400] {logging_mixin.py:190} INFO - 562 1728857003
[2024-10-13T18:05:26.454-0400] {logging_mixin.py:190} INFO - 563 1728856289
[2024-10-13T18:05:26.455-0400] {logging_mixin.py:190} INFO - 564 1728851862
[2024-10-13T18:05:26.456-0400] {logging_mixin.py:190} INFO - 565 1728856485
[2024-10-13T18:05:26.456-0400] {logging_mixin.py:190} INFO - 566 1728857118
[2024-10-13T18:05:26.457-0400] {logging_mixin.py:190} INFO - 567 1728851805
[2024-10-13T18:05:26.458-0400] {logging_mixin.py:190} INFO - 568 1728854667
[2024-10-13T18:05:26.458-0400] {logging_mixin.py:190} INFO - 569 1728853252
[2024-10-13T18:05:26.459-0400] {logging_mixin.py:190} INFO - 570 1728854052
[2024-10-13T18:05:26.460-0400] {logging_mixin.py:190} INFO - 571 1728855967
[2024-10-13T18:05:26.461-0400] {logging_mixin.py:190} INFO - 572 1728856143
[2024-10-13T18:05:26.461-0400] {logging_mixin.py:190} INFO - 573 1728856146
[2024-10-13T18:05:26.462-0400] {logging_mixin.py:190} INFO - 574 1728855893
[2024-10-13T18:05:26.462-0400] {logging_mixin.py:190} INFO - 575 1728857120
[2024-10-13T18:05:26.463-0400] {logging_mixin.py:190} INFO - 576 1728854965
[2024-10-13T18:05:26.464-0400] {logging_mixin.py:190} INFO - 577 1728856352
[2024-10-13T18:05:26.464-0400] {logging_mixin.py:190} INFO - 578 1728856783
[2024-10-13T18:05:26.465-0400] {logging_mixin.py:190} INFO - 579 1728857047
[2024-10-13T18:05:26.465-0400] {logging_mixin.py:190} INFO - 580 1728850749
[2024-10-13T18:05:26.466-0400] {logging_mixin.py:190} INFO - 581 1728856531
[2024-10-13T18:05:26.467-0400] {logging_mixin.py:190} INFO - 582 1728856685
[2024-10-13T18:05:26.467-0400] {logging_mixin.py:190} INFO - 583 1728855977
[2024-10-13T18:05:26.468-0400] {logging_mixin.py:190} INFO - 584 1728857117
[2024-10-13T18:05:26.469-0400] {logging_mixin.py:190} INFO - 585 1728856526
[2024-10-13T18:05:26.470-0400] {logging_mixin.py:190} INFO - 586 1728855706
[2024-10-13T18:05:26.470-0400] {logging_mixin.py:190} INFO - 587 1728854546
[2024-10-13T18:05:26.471-0400] {logging_mixin.py:190} INFO - 588 1728855606
[2024-10-13T18:05:26.472-0400] {logging_mixin.py:190} INFO - 589 1728853476
[2024-10-13T18:05:26.473-0400] {logging_mixin.py:190} INFO - 590 1728856956
[2024-10-13T18:05:26.474-0400] {logging_mixin.py:190} INFO - 591 1728856893
[2024-10-13T18:05:26.474-0400] {logging_mixin.py:190} INFO - 592 1728855668
[2024-10-13T18:05:26.475-0400] {logging_mixin.py:190} INFO - 593 1728857006
[2024-10-13T18:05:26.476-0400] {logging_mixin.py:190} INFO - 594 1728856707
[2024-10-13T18:05:26.477-0400] {logging_mixin.py:190} INFO - 595 1728856866
[2024-10-13T18:05:26.478-0400] {logging_mixin.py:190} INFO - 605 1728857029
[2024-10-13T18:05:26.479-0400] {logging_mixin.py:190} INFO - 606 1728856373
[2024-10-13T18:05:26.479-0400] {logging_mixin.py:190} INFO - 607 1728857036
[2024-10-13T18:05:26.480-0400] {logging_mixin.py:190} INFO - 608 1728856871
[2024-10-13T18:05:26.481-0400] {logging_mixin.py:190} INFO - 609 1728856886
[2024-10-13T18:05:26.481-0400] {logging_mixin.py:190} INFO - 610 1728855952
[2024-10-13T18:05:26.482-0400] {logging_mixin.py:190} INFO - 611 1728857066
[2024-10-13T18:05:26.483-0400] {logging_mixin.py:190} INFO - 612 1728854419
[2024-10-13T18:05:26.483-0400] {logging_mixin.py:190} INFO - 613 1728853870
[2024-10-13T18:05:26.484-0400] {logging_mixin.py:190} INFO - 614 1728856956
[2024-10-13T18:05:26.485-0400] {logging_mixin.py:190} INFO - 617 1728855093
[2024-10-13T18:05:26.486-0400] {logging_mixin.py:190} INFO - 618 1728850468
[2024-10-13T18:05:26.486-0400] {logging_mixin.py:190} INFO - 619 1728857022
[2024-10-13T18:05:26.487-0400] {logging_mixin.py:190} INFO - 620 1728855538
[2024-10-13T18:05:26.488-0400] {logging_mixin.py:190} INFO - 621 1728856463
[2024-10-13T18:05:26.488-0400] {logging_mixin.py:190} INFO - 622 1728855793
[2024-10-13T18:05:26.489-0400] {logging_mixin.py:190} INFO - 623 1728857069
[2024-10-13T18:05:26.490-0400] {logging_mixin.py:190} INFO - 624 1728854326
[2024-10-13T18:05:26.490-0400] {logging_mixin.py:190} INFO - 625 1728856524
[2024-10-13T18:05:26.491-0400] {logging_mixin.py:190} INFO - 626 1728857101
[2024-10-13T18:05:26.492-0400] {logging_mixin.py:190} INFO - 627 1728853073
[2024-10-13T18:05:26.493-0400] {logging_mixin.py:190} INFO - 628 1728857054
[2024-10-13T18:05:26.494-0400] {logging_mixin.py:190} INFO - 629 1728855256
[2024-10-13T18:05:26.494-0400] {logging_mixin.py:190} INFO - 630 1728851660
[2024-10-13T18:05:26.495-0400] {logging_mixin.py:190} INFO - 631 1728852912
[2024-10-13T18:05:26.496-0400] {logging_mixin.py:190} INFO - 632 1728856089
[2024-10-13T18:05:26.497-0400] {logging_mixin.py:190} INFO - 633 1728850624
[2024-10-13T18:05:26.498-0400] {logging_mixin.py:190} INFO - 634 1728852865
[2024-10-13T18:05:26.499-0400] {logging_mixin.py:190} INFO - 635 1728856951
[2024-10-13T18:05:26.500-0400] {logging_mixin.py:190} INFO - 636 1728855842
[2024-10-13T18:05:26.501-0400] {logging_mixin.py:190} INFO - 637 1728846385
[2024-10-13T18:05:26.502-0400] {logging_mixin.py:190} INFO - 638 1728855805
[2024-10-13T18:05:26.503-0400] {logging_mixin.py:190} INFO - 639 1728856590
[2024-10-13T18:05:26.504-0400] {logging_mixin.py:190} INFO - 640 1728856936
[2024-10-13T18:05:26.505-0400] {logging_mixin.py:190} INFO - 641 1728856955
[2024-10-13T18:05:26.506-0400] {logging_mixin.py:190} INFO - 642 1728856952
[2024-10-13T18:05:26.507-0400] {logging_mixin.py:190} INFO - 643 1728856665
[2024-10-13T18:05:26.508-0400] {logging_mixin.py:190} INFO - 644 1728852452
[2024-10-13T18:05:26.508-0400] {logging_mixin.py:190} INFO - 645 1728855258
[2024-10-13T18:05:26.509-0400] {logging_mixin.py:190} INFO - 646 1728857101
[2024-10-13T18:05:26.510-0400] {logging_mixin.py:190} INFO - 647 1728856956
[2024-10-13T18:05:26.510-0400] {logging_mixin.py:190} INFO - 648 1728853203
[2024-10-13T18:05:26.511-0400] {logging_mixin.py:190} INFO - 649 1728857068
[2024-10-13T18:05:26.511-0400] {logging_mixin.py:190} INFO - 650 1728851653
[2024-10-13T18:05:26.512-0400] {logging_mixin.py:190} INFO - 651 1728856949
[2024-10-13T18:05:26.513-0400] {logging_mixin.py:190} INFO - 652 1728855506
[2024-10-13T18:05:26.514-0400] {logging_mixin.py:190} INFO - 653 1728856270
[2024-10-13T18:05:26.515-0400] {logging_mixin.py:190} INFO - 654 1728856927
[2024-10-13T18:05:26.516-0400] {logging_mixin.py:190} INFO - 655 1728853640
[2024-10-13T18:05:26.516-0400] {logging_mixin.py:190} INFO - 656 1728857001
[2024-10-13T18:05:26.517-0400] {logging_mixin.py:190} INFO - 657 1728854324
[2024-10-13T18:05:26.518-0400] {logging_mixin.py:190} INFO - 658 1728856164
[2024-10-13T18:05:26.519-0400] {logging_mixin.py:190} INFO - 659 1728854077
[2024-10-13T18:05:26.520-0400] {logging_mixin.py:190} INFO - 660 1728856614
[2024-10-13T18:05:26.521-0400] {logging_mixin.py:190} INFO - 661 1728856654
[2024-10-13T18:05:26.521-0400] {logging_mixin.py:190} INFO - 662 1728827473
[2024-10-13T18:05:26.522-0400] {logging_mixin.py:190} INFO - 663 1728857078
[2024-10-13T18:05:26.522-0400] {logging_mixin.py:190} INFO - 664 1728856860
[2024-10-13T18:05:26.523-0400] {logging_mixin.py:190} INFO - 665 1728854008
[2024-10-13T18:05:26.524-0400] {logging_mixin.py:190} INFO - 666 1728852528
[2024-10-13T18:05:26.524-0400] {logging_mixin.py:190} INFO - 667 1728856633
[2024-10-13T18:05:26.525-0400] {logging_mixin.py:190} INFO - 668 1728856818
[2024-10-13T18:05:26.526-0400] {logging_mixin.py:190} INFO - 669 1728852449
[2024-10-13T18:05:26.526-0400] {logging_mixin.py:190} INFO - 670 1728856790
[2024-10-13T18:05:26.527-0400] {logging_mixin.py:190} INFO - 671 1728855311
[2024-10-13T18:05:26.528-0400] {logging_mixin.py:190} INFO - 672 1728855412
[2024-10-13T18:05:26.529-0400] {logging_mixin.py:190} INFO - 673 1728856881
[2024-10-13T18:05:26.530-0400] {logging_mixin.py:190} INFO - 674 1728854959
[2024-10-13T18:05:26.531-0400] {logging_mixin.py:190} INFO - 675 1728855192
[2024-10-13T18:05:26.532-0400] {logging_mixin.py:190} INFO - 676 1728856830
[2024-10-13T18:05:26.532-0400] {logging_mixin.py:190} INFO - 681 1728856775
[2024-10-13T18:05:26.533-0400] {logging_mixin.py:190} INFO - 682 1728854077
[2024-10-13T18:05:26.533-0400] {logging_mixin.py:190} INFO - 683 1728841475
[2024-10-13T18:05:26.534-0400] {logging_mixin.py:190} INFO - 684 1728856351
[2024-10-13T18:05:26.535-0400] {logging_mixin.py:190} INFO - 685 1728856310
[2024-10-13T18:05:26.536-0400] {logging_mixin.py:190} INFO - 686 1728843635
[2024-10-13T18:05:26.537-0400] {logging_mixin.py:190} INFO - 687 1728853205
[2024-10-13T18:05:26.538-0400] {logging_mixin.py:190} INFO - 688 1728856620
[2024-10-13T18:05:26.539-0400] {logging_mixin.py:190} INFO - 692 1728856849
[2024-10-13T18:05:26.539-0400] {logging_mixin.py:190} INFO - 693 1728791696
[2024-10-13T18:05:26.540-0400] {logging_mixin.py:190} INFO - 694 1728856903
[2024-10-13T18:05:26.542-0400] {logging_mixin.py:190} INFO - 695 1728856891
[2024-10-13T18:05:26.543-0400] {logging_mixin.py:190} INFO - 696 1728856820
[2024-10-13T18:05:26.544-0400] {logging_mixin.py:190} INFO - 697 1728857089
[2024-10-13T18:05:26.544-0400] {logging_mixin.py:190} INFO - 698 1728856934
[2024-10-13T18:05:26.545-0400] {logging_mixin.py:190} INFO - 699 1728856930
[2024-10-13T18:05:26.546-0400] {logging_mixin.py:190} INFO - 700 1728857079
[2024-10-13T18:05:26.547-0400] {logging_mixin.py:190} INFO - 701 1728856985
[2024-10-13T18:05:26.548-0400] {logging_mixin.py:190} INFO - 702 1728857066
[2024-10-13T18:05:26.548-0400] {logging_mixin.py:190} INFO - 703 1728857112
[2024-10-13T18:05:26.549-0400] {logging_mixin.py:190} INFO - 704 1728856943
[2024-10-13T18:05:26.550-0400] {logging_mixin.py:190} INFO - 705 1728856978
[2024-10-13T18:05:26.551-0400] {logging_mixin.py:190} INFO - 706 1728857017
[2024-10-13T18:05:26.551-0400] {logging_mixin.py:190} INFO - 707 1728857032
[2024-10-13T18:05:26.552-0400] {logging_mixin.py:190} INFO - 708 1728856920
[2024-10-13T18:05:26.553-0400] {logging_mixin.py:190} INFO - 709 1728856868
[2024-10-13T18:05:26.553-0400] {logging_mixin.py:190} INFO - 710 1728856973
[2024-10-13T18:05:26.554-0400] {logging_mixin.py:190} INFO - 711 1728856985
[2024-10-13T18:05:26.554-0400] {logging_mixin.py:190} INFO - 712 1728856836
[2024-10-13T18:05:26.555-0400] {logging_mixin.py:190} INFO - 716 1728857063
[2024-10-13T18:05:26.556-0400] {logging_mixin.py:190} INFO - 717 1728856954
[2024-10-13T18:05:26.556-0400] {logging_mixin.py:190} INFO - 718 1728856812
[2024-10-13T18:05:26.557-0400] {logging_mixin.py:190} INFO - 719 1728856811
[2024-10-13T18:05:26.557-0400] {logging_mixin.py:190} INFO - 720 1728857052
[2024-10-13T18:05:26.558-0400] {logging_mixin.py:190} INFO - 721 1728857077
[2024-10-13T18:05:26.559-0400] {logging_mixin.py:190} INFO - 722 1728856932
[2024-10-13T18:05:26.559-0400] {logging_mixin.py:190} INFO - 723 1728856856
[2024-10-13T18:05:26.560-0400] {logging_mixin.py:190} INFO - 724 1728857101
[2024-10-13T18:05:26.561-0400] {logging_mixin.py:190} INFO - 725 1728856885
[2024-10-13T18:05:26.561-0400] {logging_mixin.py:190} INFO - 726 1728856981
[2024-10-13T18:05:26.562-0400] {logging_mixin.py:190} INFO - 727 1728857053
[2024-10-13T18:05:26.562-0400] {logging_mixin.py:190} INFO - 728 1728856978
[2024-10-13T18:05:26.563-0400] {logging_mixin.py:190} INFO - 729 1728856942
[2024-10-13T18:05:26.564-0400] {logging_mixin.py:190} INFO - 730 1728857083
[2024-10-13T18:05:26.564-0400] {logging_mixin.py:190} INFO - 731 1728857023
[2024-10-13T18:05:26.565-0400] {logging_mixin.py:190} INFO - 732 1728857042
[2024-10-13T18:05:26.565-0400] {logging_mixin.py:190} INFO - 733 1728857068
[2024-10-13T18:05:26.566-0400] {logging_mixin.py:190} INFO - 734 1728856737
[2024-10-13T18:05:26.567-0400] {logging_mixin.py:190} INFO - 735 1728856876
[2024-10-13T18:05:26.568-0400] {logging_mixin.py:190} INFO - 736 1728856834
[2024-10-13T18:05:26.569-0400] {logging_mixin.py:190} INFO - 737 1728856956
[2024-10-13T18:05:26.570-0400] {logging_mixin.py:190} INFO - 738 1728856942
[2024-10-13T18:05:26.571-0400] {logging_mixin.py:190} INFO - 739 1728856857
[2024-10-13T18:05:26.572-0400] {logging_mixin.py:190} INFO - 740 1728857033
[2024-10-13T18:05:26.572-0400] {logging_mixin.py:190} INFO - 741 1728857067
[2024-10-13T18:05:26.573-0400] {logging_mixin.py:190} INFO - 742 1728857078
[2024-10-13T18:05:26.574-0400] {logging_mixin.py:190} INFO - 743 1728856942
[2024-10-13T18:05:26.574-0400] {logging_mixin.py:190} INFO - 744 1728856954
[2024-10-13T18:05:26.575-0400] {logging_mixin.py:190} INFO - 745 1728857041
[2024-10-13T18:05:26.576-0400] {logging_mixin.py:190} INFO - 746 1728856964
[2024-10-13T18:05:26.576-0400] {logging_mixin.py:190} INFO - 747 1728857050
[2024-10-13T18:05:26.577-0400] {logging_mixin.py:190} INFO - 748 1728856875
[2024-10-13T18:05:26.578-0400] {logging_mixin.py:190} INFO - 749 1728856974
[2024-10-13T18:05:26.578-0400] {logging_mixin.py:190} INFO - 750 1728856947
[2024-10-13T18:05:26.579-0400] {logging_mixin.py:190} INFO - 751 1728856898
[2024-10-13T18:05:26.580-0400] {logging_mixin.py:190} INFO - 752 1728856889
[2024-10-13T18:05:26.581-0400] {logging_mixin.py:190} INFO - 753 1728857117
[2024-10-13T18:05:26.581-0400] {logging_mixin.py:190} INFO - 754 1728857085
[2024-10-13T18:05:26.582-0400] {logging_mixin.py:190} INFO - 755 1728856857
[2024-10-13T18:05:26.583-0400] {logging_mixin.py:190} INFO - 756 1728856846
[2024-10-13T18:05:26.583-0400] {logging_mixin.py:190} INFO - 757 1728856901
[2024-10-13T18:05:26.584-0400] {logging_mixin.py:190} INFO - 758 1728856920
[2024-10-13T18:05:26.584-0400] {logging_mixin.py:190} INFO - 759 1728857107
[2024-10-13T18:05:26.585-0400] {logging_mixin.py:190} INFO - 760 1728856818
[2024-10-13T18:05:26.586-0400] {logging_mixin.py:190} INFO - 761 1728857120
[2024-10-13T18:05:26.587-0400] {logging_mixin.py:190} INFO - 762 1728856883
[2024-10-13T18:05:26.587-0400] {logging_mixin.py:190} INFO - 768 1728857084
[2024-10-13T18:05:26.588-0400] {logging_mixin.py:190} INFO - 769 1728856954
[2024-10-13T18:05:26.589-0400] {logging_mixin.py:190} INFO - 770 1728856982
[2024-10-13T18:05:26.589-0400] {logging_mixin.py:190} INFO - 771 1728857030
[2024-10-13T18:05:26.590-0400] {logging_mixin.py:190} INFO - 772 1728857014
[2024-10-13T18:05:26.590-0400] {logging_mixin.py:190} INFO - 773 1728856859
[2024-10-13T18:05:26.591-0400] {logging_mixin.py:190} INFO - 774 1728856994
[2024-10-13T18:05:26.592-0400] {logging_mixin.py:190} INFO - 775 1728856854
[2024-10-13T18:05:26.592-0400] {logging_mixin.py:190} INFO - 776 1728857094
[2024-10-13T18:05:26.593-0400] {logging_mixin.py:190} INFO - 777 1728856867
[2024-10-13T18:05:26.593-0400] {logging_mixin.py:190} INFO - 778 1728857097
[2024-10-13T18:05:26.594-0400] {logging_mixin.py:190} INFO - 779 1728857097
[2024-10-13T18:05:26.595-0400] {logging_mixin.py:190} INFO - 780 1728857087
[2024-10-13T18:05:26.595-0400] {logging_mixin.py:190} INFO - 781 1728856934
[2024-10-13T18:05:26.596-0400] {logging_mixin.py:190} INFO - 782 1728856889
[2024-10-13T18:05:26.597-0400] {logging_mixin.py:190} INFO - 783 1728856812
[2024-10-13T18:05:26.597-0400] {logging_mixin.py:190} INFO - 784 1728856948
[2024-10-13T18:05:26.598-0400] {logging_mixin.py:190} INFO - 785 1728857016
[2024-10-13T18:05:26.598-0400] {logging_mixin.py:190} INFO - 786 1728857009
[2024-10-13T18:05:26.599-0400] {logging_mixin.py:190} INFO - 787 1728856876
[2024-10-13T18:05:26.600-0400] {logging_mixin.py:190} INFO - 788 1728856981
[2024-10-13T18:05:26.601-0400] {logging_mixin.py:190} INFO - 789 1728857077
[2024-10-13T18:05:26.601-0400] {logging_mixin.py:190} INFO - 790 1728857043
[2024-10-13T18:05:26.602-0400] {logging_mixin.py:190} INFO - 791 1728856997
[2024-10-13T18:05:26.603-0400] {logging_mixin.py:190} INFO - 793 1728856895
[2024-10-13T18:05:26.604-0400] {logging_mixin.py:190} INFO - 794 1728856894
[2024-10-13T18:05:26.605-0400] {logging_mixin.py:190} INFO - 795 1728857003
[2024-10-13T18:05:26.605-0400] {logging_mixin.py:190} INFO - 796 1728857115
[2024-10-13T18:05:26.606-0400] {logging_mixin.py:190} INFO - 797 1728856949
[2024-10-13T18:05:26.607-0400] {logging_mixin.py:190} INFO - 798 1728856965
[2024-10-13T18:05:26.607-0400] {logging_mixin.py:190} INFO - 799 1728856952
[2024-10-13T18:05:26.608-0400] {logging_mixin.py:190} INFO - 800 1728857119
[2024-10-13T18:05:26.609-0400] {logging_mixin.py:190} INFO - 801 1728857015
[2024-10-13T18:05:26.610-0400] {logging_mixin.py:190} INFO - 802 1728857069
[2024-10-13T18:05:26.610-0400] {logging_mixin.py:190} INFO - 803 1728857006
[2024-10-13T18:05:26.611-0400] {logging_mixin.py:190} INFO - 806 1728857087
[2024-10-13T18:05:26.611-0400] {logging_mixin.py:190} INFO - 807 1728856881
[2024-10-13T18:05:26.612-0400] {logging_mixin.py:190} INFO - 808 1728857078
[2024-10-13T18:05:26.613-0400] {logging_mixin.py:190} INFO - 809 1728856858
[2024-10-13T18:05:26.613-0400] {logging_mixin.py:190} INFO - 810 1728857030
[2024-10-13T18:05:26.614-0400] {logging_mixin.py:190} INFO - 815 1728856886
[2024-10-13T18:05:26.615-0400] {logging_mixin.py:190} INFO - 816 1728856870
[2024-10-13T18:05:26.615-0400] {logging_mixin.py:190} INFO - 817 1728856839
[2024-10-13T18:05:26.616-0400] {logging_mixin.py:190} INFO - 818 1728856960
[2024-10-13T18:05:26.616-0400] {logging_mixin.py:190} INFO - 819 1728857094
[2024-10-13T18:05:26.617-0400] {logging_mixin.py:190} INFO - 820 1728857069
[2024-10-13T18:05:26.618-0400] {logging_mixin.py:190} INFO - 821 1728856869
[2024-10-13T18:05:26.618-0400] {logging_mixin.py:190} INFO - 822 1728856946
[2024-10-13T18:05:26.619-0400] {logging_mixin.py:190} INFO - 823 1728856953
[2024-10-13T18:05:26.620-0400] {logging_mixin.py:190} INFO - 824 1728857051
[2024-10-13T18:05:26.620-0400] {logging_mixin.py:190} INFO - 825 1728856962
[2024-10-13T18:05:26.621-0400] {logging_mixin.py:190} INFO - 826 1728857064
[2024-10-13T18:05:26.621-0400] {logging_mixin.py:190} INFO - 827 1728857014
[2024-10-13T18:05:26.622-0400] {logging_mixin.py:190} INFO - 828 1728856893
[2024-10-13T18:05:26.622-0400] {logging_mixin.py:190} INFO - 829 1728857022
[2024-10-13T18:05:26.623-0400] {logging_mixin.py:190} INFO - 830 1728856942
[2024-10-13T18:05:26.624-0400] {logging_mixin.py:190} INFO - 831 1728857089
[2024-10-13T18:05:26.624-0400] {logging_mixin.py:190} INFO - 832 1728856879
[2024-10-13T18:05:26.625-0400] {logging_mixin.py:190} INFO - 833 1728856978
[2024-10-13T18:05:26.626-0400] {logging_mixin.py:190} INFO - 834 1728856934
[2024-10-13T18:05:26.627-0400] {logging_mixin.py:190} INFO - 835 1728823460
[2024-10-13T18:05:26.628-0400] {logging_mixin.py:190} INFO - 836 1728856876
[2024-10-13T18:05:26.628-0400] {logging_mixin.py:190} INFO - 837 1728857088
[2024-10-13T18:05:26.629-0400] {logging_mixin.py:190} INFO - 838 1728856902
[2024-10-13T18:05:26.629-0400] {logging_mixin.py:190} INFO - 839 1728857063
[2024-10-13T18:05:26.630-0400] {logging_mixin.py:190} INFO - 840 1728856866
[2024-10-13T18:05:26.630-0400] {logging_mixin.py:190} INFO - 841 1728857113
[2024-10-13T18:05:26.631-0400] {logging_mixin.py:190} INFO - 842 1728856959
[2024-10-13T18:05:26.632-0400] {logging_mixin.py:190} INFO - 843 1728856865
[2024-10-13T18:05:26.632-0400] {logging_mixin.py:190} INFO - 844 1728857008
[2024-10-13T18:05:26.633-0400] {logging_mixin.py:190} INFO - 845 1728856912
[2024-10-13T18:05:26.633-0400] {logging_mixin.py:190} INFO - 846 1728855135
[2024-10-13T18:05:26.634-0400] {logging_mixin.py:190} INFO - 847 1728856893
[2024-10-13T18:05:26.635-0400] {logging_mixin.py:190} INFO - 848 1728857049
[2024-10-13T18:05:26.635-0400] {logging_mixin.py:190} INFO - 849 1728856989
[2024-10-13T18:05:26.636-0400] {logging_mixin.py:190} INFO - 850 1728857093
[2024-10-13T18:05:26.637-0400] {logging_mixin.py:190} INFO - 851 1728856852
[2024-10-13T18:05:26.637-0400] {logging_mixin.py:190} INFO - 852 1728857106
[2024-10-13T18:05:26.638-0400] {logging_mixin.py:190} INFO - 853 1728705308
[2024-10-13T18:05:26.639-0400] {logging_mixin.py:190} INFO - 854 1728857034
[2024-10-13T18:05:26.640-0400] {logging_mixin.py:190} INFO - 855 1728856866
[2024-10-13T18:05:26.641-0400] {logging_mixin.py:190} INFO - 857 1728857112
[2024-10-13T18:05:26.641-0400] {logging_mixin.py:190} INFO - 858 1728857030
[2024-10-13T18:05:26.642-0400] {logging_mixin.py:190} INFO - 859 1728856860
[2024-10-13T18:05:26.642-0400] {logging_mixin.py:190} INFO - 860 1728857103
[2024-10-13T18:05:26.643-0400] {logging_mixin.py:190} INFO - 861 1728856977
[2024-10-13T18:05:26.644-0400] {logging_mixin.py:190} INFO - 862 1728856866
[2024-10-13T18:05:26.645-0400] {logging_mixin.py:190} INFO - 863 1728856971
[2024-10-13T18:05:26.646-0400] {logging_mixin.py:190} INFO - 866 1728856895
[2024-10-13T18:05:26.647-0400] {logging_mixin.py:190} INFO - 867 1728791982
[2024-10-13T18:05:26.648-0400] {logging_mixin.py:190} INFO - 868 1728856987
[2024-10-13T18:05:26.649-0400] {logging_mixin.py:190} INFO - 870 1728856900
[2024-10-13T18:05:26.649-0400] {logging_mixin.py:190} INFO - 871 1728619102
[2024-10-13T18:05:26.650-0400] {logging_mixin.py:190} INFO - 872 1728856886
[2024-10-13T18:05:26.651-0400] {logging_mixin.py:190} INFO - 873 1728856974
[2024-10-13T18:05:26.652-0400] {logging_mixin.py:190} INFO - 874 1728857070
[2024-10-13T18:05:26.653-0400] {logging_mixin.py:190} INFO - 875 1728856932
[2024-10-13T18:05:26.654-0400] {logging_mixin.py:190} INFO - 877 1728857049
[2024-10-13T18:05:26.655-0400] {logging_mixin.py:190} INFO - 878 1728856838
[2024-10-13T18:05:26.656-0400] {logging_mixin.py:190} INFO - 879 1728857062
[2024-10-13T18:05:26.657-0400] {logging_mixin.py:190} INFO - 880 1728856868
[2024-10-13T18:05:26.658-0400] {logging_mixin.py:190} INFO - 881 1728856883
[2024-10-13T18:05:26.659-0400] {logging_mixin.py:190} INFO - 882 1728857016
[2024-10-13T18:05:26.659-0400] {logging_mixin.py:190} INFO - 883 1728857063
[2024-10-13T18:05:26.660-0400] {logging_mixin.py:190} INFO - 884 1728857034
[2024-10-13T18:05:26.661-0400] {logging_mixin.py:190} INFO - 885 1728856905
[2024-10-13T18:05:26.661-0400] {logging_mixin.py:190} INFO - 886 1728856846
[2024-10-13T18:05:26.662-0400] {logging_mixin.py:190} INFO - 887 1728857033
[2024-10-13T18:05:26.662-0400] {logging_mixin.py:190} INFO - 888 1728857067
[2024-10-13T18:05:26.663-0400] {logging_mixin.py:190} INFO - 889 1728856825
[2024-10-13T18:05:26.664-0400] {logging_mixin.py:190} INFO - 890 1728856826
[2024-10-13T18:05:26.664-0400] {logging_mixin.py:190} INFO - 891 1728857071
[2024-10-13T18:05:26.665-0400] {logging_mixin.py:190} INFO - 892 1728856860
[2024-10-13T18:05:26.666-0400] {logging_mixin.py:190} INFO - 895 1728856968
[2024-10-13T18:05:26.667-0400] {logging_mixin.py:190} INFO - 896 1728857058
[2024-10-13T18:05:26.668-0400] {logging_mixin.py:190} INFO - 897 1728856953
[2024-10-13T18:05:26.669-0400] {logging_mixin.py:190} INFO - 898 1728856885
[2024-10-13T18:05:26.670-0400] {logging_mixin.py:190} INFO - 899 1728857063
[2024-10-13T18:05:26.671-0400] {logging_mixin.py:190} INFO - 900 1728857111
[2024-10-13T18:05:26.672-0400] {logging_mixin.py:190} INFO - 901 1728856890
[2024-10-13T18:05:26.673-0400] {logging_mixin.py:190} INFO - 902 1728857081
[2024-10-13T18:05:26.674-0400] {logging_mixin.py:190} INFO - 903 1728857029
[2024-10-13T18:05:26.675-0400] {logging_mixin.py:190} INFO - 904 1728856868
[2024-10-13T18:05:26.676-0400] {logging_mixin.py:190} INFO - 905 1728857058
[2024-10-13T18:05:26.677-0400] {logging_mixin.py:190} INFO - 906 1728857084
[2024-10-13T18:05:26.677-0400] {logging_mixin.py:190} INFO - 907 1728856829
[2024-10-13T18:05:26.678-0400] {logging_mixin.py:190} INFO - 908 1728856848
[2024-10-13T18:05:26.678-0400] {logging_mixin.py:190} INFO - 909 1728856999
[2024-10-13T18:05:26.680-0400] {logging_mixin.py:190} INFO - 910 1728857115
[2024-10-13T18:05:26.680-0400] {logging_mixin.py:190} INFO - 911 1728856919
[2024-10-13T18:05:26.682-0400] {logging_mixin.py:190} INFO - 912 1728856865
[2024-10-13T18:05:26.683-0400] {logging_mixin.py:190} INFO - 913 1728856917
[2024-10-13T18:05:26.684-0400] {logging_mixin.py:190} INFO - 914 1728857108
[2024-10-13T18:05:26.684-0400] {logging_mixin.py:190} INFO - 915 1728857096
[2024-10-13T18:05:26.685-0400] {logging_mixin.py:190} INFO - 916 1728857035
[2024-10-13T18:05:26.686-0400] {logging_mixin.py:190} INFO - 917 1728856908
[2024-10-13T18:05:26.687-0400] {logging_mixin.py:190} INFO - 918 1728857105
[2024-10-13T18:05:26.688-0400] {logging_mixin.py:190} INFO - 919 1728856862
[2024-10-13T18:05:26.689-0400] {logging_mixin.py:190} INFO - 920 1728857107
[2024-10-13T18:05:26.689-0400] {logging_mixin.py:190} INFO - 921 1728856906
[2024-10-13T18:05:26.690-0400] {logging_mixin.py:190} INFO - 922 1728856896
[2024-10-13T18:05:26.691-0400] {logging_mixin.py:190} INFO - 923 1728856979
[2024-10-13T18:05:26.692-0400] {logging_mixin.py:190} INFO - 924 1728856972
[2024-10-13T18:05:26.693-0400] {logging_mixin.py:190} INFO - 925 1728856864
[2024-10-13T18:05:26.694-0400] {logging_mixin.py:190} INFO - 926 1728856882
[2024-10-13T18:05:26.694-0400] {logging_mixin.py:190} INFO - 927 1728857094
[2024-10-13T18:05:26.695-0400] {logging_mixin.py:190} INFO - 928 1728857098
[2024-10-13T18:05:26.695-0400] {logging_mixin.py:190} INFO - 929 1728857117
[2024-10-13T18:05:26.696-0400] {logging_mixin.py:190} INFO - 930 1728856851
[2024-10-13T18:05:26.697-0400] {logging_mixin.py:190} INFO - 931 1728857082
[2024-10-13T18:05:26.697-0400] {logging_mixin.py:190} INFO - 932 1728856987
[2024-10-13T18:05:26.698-0400] {logging_mixin.py:190} INFO - 933 1728857055
[2024-10-13T18:05:26.699-0400] {logging_mixin.py:190} INFO - 934 1728857040
[2024-10-13T18:05:26.699-0400] {logging_mixin.py:190} INFO - 935 1728857052
[2024-10-13T18:05:26.700-0400] {logging_mixin.py:190} INFO - 936 1728857007
[2024-10-13T18:05:26.701-0400] {logging_mixin.py:190} INFO - 940 1728856763
[2024-10-13T18:05:26.702-0400] {logging_mixin.py:190} INFO - 941 1728856963
[2024-10-13T18:05:26.702-0400] {logging_mixin.py:190} INFO - 942 1728856848
[2024-10-13T18:05:26.703-0400] {logging_mixin.py:190} INFO - 943 1728857068
[2024-10-13T18:05:26.704-0400] {logging_mixin.py:190} INFO - 944 1728856953
[2024-10-13T18:05:26.705-0400] {logging_mixin.py:190} INFO - 945 1728857076
[2024-10-13T18:05:26.705-0400] {logging_mixin.py:190} INFO - 946 1728856851
[2024-10-13T18:05:26.706-0400] {logging_mixin.py:190} INFO - 947 1728856819
[2024-10-13T18:05:26.707-0400] {logging_mixin.py:190} INFO - 948 1728856867
[2024-10-13T18:05:26.708-0400] {logging_mixin.py:190} INFO - 949 1728857074
[2024-10-13T18:05:26.708-0400] {logging_mixin.py:190} INFO - 950 1728856954
[2024-10-13T18:05:26.709-0400] {logging_mixin.py:190} INFO - 951 1728856987
[2024-10-13T18:05:26.709-0400] {logging_mixin.py:190} INFO - 952 1728857040
[2024-10-13T18:05:26.710-0400] {logging_mixin.py:190} INFO - 953 1728857086
[2024-10-13T18:05:26.711-0400] {logging_mixin.py:190} INFO - 954 1728856931
[2024-10-13T18:05:26.711-0400] {logging_mixin.py:190} INFO - 955 1728857045
[2024-10-13T18:05:26.712-0400] {logging_mixin.py:190} INFO - 956 1728857043
[2024-10-13T18:05:26.712-0400] {logging_mixin.py:190} INFO - 957 1728857011
[2024-10-13T18:05:26.713-0400] {logging_mixin.py:190} INFO - 958 1728857106
[2024-10-13T18:05:26.714-0400] {logging_mixin.py:190} INFO - 959 1728856972
[2024-10-13T18:05:26.714-0400] {logging_mixin.py:190} INFO - 960 1728856913
[2024-10-13T18:05:26.715-0400] {logging_mixin.py:190} INFO - 961 1728857010
[2024-10-13T18:05:26.716-0400] {logging_mixin.py:190} INFO - 962 1728857108
[2024-10-13T18:05:26.716-0400] {logging_mixin.py:190} INFO - 963 1728857067
[2024-10-13T18:05:26.717-0400] {logging_mixin.py:190} INFO - 964 1728857032
[2024-10-13T18:05:26.718-0400] {logging_mixin.py:190} INFO - 965 1728856996
[2024-10-13T18:05:26.718-0400] {logging_mixin.py:190} INFO - 966 1728856935
[2024-10-13T18:05:26.720-0400] {logging_mixin.py:190} INFO - 967 1728857088
[2024-10-13T18:05:26.720-0400] {logging_mixin.py:190} INFO - 968 1728856870
[2024-10-13T18:05:26.721-0400] {logging_mixin.py:190} INFO - 969 1728856840
[2024-10-13T18:05:26.722-0400] {logging_mixin.py:190} INFO - 970 1728856914
[2024-10-13T18:05:26.723-0400] {logging_mixin.py:190} INFO - 971 1728856991
[2024-10-13T18:05:26.724-0400] {logging_mixin.py:190} INFO - 977 1728857067
[2024-10-13T18:05:26.725-0400] {logging_mixin.py:190} INFO - 978 1728857033
[2024-10-13T18:05:26.726-0400] {logging_mixin.py:190} INFO - 979 1728856967
[2024-10-13T18:05:26.726-0400] {logging_mixin.py:190} INFO - 980 1728856995
[2024-10-13T18:05:26.727-0400] {logging_mixin.py:190} INFO - 981 1728856978
[2024-10-13T18:05:26.728-0400] {logging_mixin.py:190} INFO - 982 1728856982
[2024-10-13T18:05:26.729-0400] {logging_mixin.py:190} INFO - 983 1728857106
[2024-10-13T18:05:26.730-0400] {logging_mixin.py:190} INFO - 984 1728791847
[2024-10-13T18:05:26.731-0400] {logging_mixin.py:190} INFO - 985 1728857081
[2024-10-13T18:05:26.732-0400] {logging_mixin.py:190} INFO - 986 1728857038
[2024-10-13T18:05:26.733-0400] {logging_mixin.py:190} INFO - 987 1728856873
[2024-10-13T18:05:26.733-0400] {logging_mixin.py:190} INFO - 988 1728857073
[2024-10-13T18:05:26.734-0400] {logging_mixin.py:190} INFO - 989 1728857078
[2024-10-13T18:05:26.735-0400] {logging_mixin.py:190} INFO - 990 1727957747
[2024-10-13T18:05:26.736-0400] {logging_mixin.py:190} INFO - 991 1727957013
[2024-10-13T18:05:26.737-0400] {logging_mixin.py:190} INFO - 992 1728791897
[2024-10-13T18:05:26.737-0400] {logging_mixin.py:190} INFO - 993 1728856921
[2024-10-13T18:05:26.738-0400] {logging_mixin.py:190} INFO - 994 86400
[2024-10-13T18:05:26.772-0400] {python.py:240} INFO - Done. Returned value was: None
[2024-10-13T18:05:26.779-0400] {taskinstance.py:340} INFO - ::group::Post task execution logs
[2024-10-13T18:05:26.781-0400] {taskinstance.py:352} INFO - Marking task as SUCCESS. dag_id=bixi_etl_pipeline, task_id=extract_task, run_id=manual__2024-10-13T22:05:10.645062+00:00, execution_date=20241013T220510, start_date=20241013T220525, end_date=20241013T220526
[2024-10-13T18:05:26.791-0400] {logging_mixin.py:190} INFO - Task instance in success state
[2024-10-13T18:05:26.792-0400] {logging_mixin.py:190} INFO -  Previous state of the Task instance: running
[2024-10-13T18:05:26.793-0400] {logging_mixin.py:190} INFO - Dag name:bixi_etl_pipeline queued_at:2024-10-13 22:05:10.689954+00:00
[2024-10-13T18:05:26.794-0400] {logging_mixin.py:190} INFO - Task hostname:karendembp.home operator:PythonOperator
[2024-10-13T18:05:26.825-0400] {local_task_job_runner.py:266} INFO - Task exited with return code 0
[2024-10-13T18:05:26.857-0400] {taskinstance.py:3900} INFO - 1 downstream tasks scheduled from follow-on schedule check
[2024-10-13T18:05:26.859-0400] {local_task_job_runner.py:245} INFO - ::endgroup::
