[2024-10-13T20:03:52.729-0400] {processor.py:186} INFO - Started process (PID=26331) to work on /Users/karenwang/airflow/dags/bixi_mvp_pipeline.py
[2024-10-13T20:03:52.731-0400] {processor.py:914} INFO - Processing file /Users/karenwang/airflow/dags/bixi_mvp_pipeline.py for tasks to queue
[2024-10-13T20:03:52.732-0400] {logging_mixin.py:190} INFO - [2024-10-13T20:03:52.732-0400] {dagbag.py:588} INFO - Filling up the DagBag from /Users/karenwang/airflow/dags/bixi_mvp_pipeline.py
[2024-10-13T20:03:56.590-0400] {logging_mixin.py:190} INFO - [2024-10-13T20:03:56.590-0400] {utils.py:148} INFO - Note: NumExpr detected 16 cores but "NUMEXPR_MAX_THREADS" not set, so enforcing safe limit of 8.
[2024-10-13T20:03:56.590-0400] {logging_mixin.py:190} INFO - [2024-10-13T20:03:56.590-0400] {utils.py:160} INFO - NumExpr defaulting to 8 threads.
[2024-10-13T20:03:56.887-0400] {processor.py:925} INFO - DAG(s) 'api_fetch_dag' retrieved from /Users/karenwang/airflow/dags/bixi_mvp_pipeline.py
[2024-10-13T20:03:57.114-0400] {logging_mixin.py:190} INFO - [2024-10-13T20:03:57.114-0400] {dag.py:3239} INFO - Sync 1 DAGs
[2024-10-13T20:03:57.130-0400] {logging_mixin.py:190} INFO - [2024-10-13T20:03:57.130-0400] {dag.py:4180} INFO - Setting next_dagrun for api_fetch_dag to None, run_after=None
[2024-10-13T20:03:57.155-0400] {processor.py:208} INFO - Processing /Users/karenwang/airflow/dags/bixi_mvp_pipeline.py took 4.433 seconds
[2024-10-13T20:07:58.302-0400] {processor.py:186} INFO - Started process (PID=27594) to work on /Users/karenwang/airflow/dags/bixi_mvp_pipeline.py
[2024-10-13T20:07:58.304-0400] {processor.py:914} INFO - Processing file /Users/karenwang/airflow/dags/bixi_mvp_pipeline.py for tasks to queue
[2024-10-13T20:07:58.305-0400] {logging_mixin.py:190} INFO - [2024-10-13T20:07:58.305-0400] {dagbag.py:588} INFO - Filling up the DagBag from /Users/karenwang/airflow/dags/bixi_mvp_pipeline.py
[2024-10-13T20:08:02.262-0400] {logging_mixin.py:190} INFO - [2024-10-13T20:08:02.262-0400] {utils.py:148} INFO - Note: NumExpr detected 16 cores but "NUMEXPR_MAX_THREADS" not set, so enforcing safe limit of 8.
[2024-10-13T20:08:02.263-0400] {logging_mixin.py:190} INFO - [2024-10-13T20:08:02.263-0400] {utils.py:160} INFO - NumExpr defaulting to 8 threads.
[2024-10-13T20:08:02.584-0400] {processor.py:925} INFO - DAG(s) 'api_fetch_dag' retrieved from /Users/karenwang/airflow/dags/bixi_mvp_pipeline.py
[2024-10-13T20:08:02.822-0400] {logging_mixin.py:190} INFO - [2024-10-13T20:08:02.821-0400] {dag.py:3239} INFO - Sync 1 DAGs
[2024-10-13T20:08:02.836-0400] {logging_mixin.py:190} INFO - [2024-10-13T20:08:02.836-0400] {dag.py:4180} INFO - Setting next_dagrun for api_fetch_dag to None, run_after=None
[2024-10-13T20:08:02.860-0400] {processor.py:208} INFO - Processing /Users/karenwang/airflow/dags/bixi_mvp_pipeline.py took 4.564 seconds
[2024-10-13T20:11:49.774-0400] {processor.py:186} INFO - Started process (PID=28769) to work on /Users/karenwang/airflow/dags/bixi_mvp_pipeline.py
[2024-10-13T20:11:49.776-0400] {processor.py:914} INFO - Processing file /Users/karenwang/airflow/dags/bixi_mvp_pipeline.py for tasks to queue
[2024-10-13T20:11:49.777-0400] {logging_mixin.py:190} INFO - [2024-10-13T20:11:49.777-0400] {dagbag.py:588} INFO - Filling up the DagBag from /Users/karenwang/airflow/dags/bixi_mvp_pipeline.py
[2024-10-13T20:11:53.771-0400] {logging_mixin.py:190} INFO - [2024-10-13T20:11:53.771-0400] {utils.py:148} INFO - Note: NumExpr detected 16 cores but "NUMEXPR_MAX_THREADS" not set, so enforcing safe limit of 8.
[2024-10-13T20:11:53.772-0400] {logging_mixin.py:190} INFO - [2024-10-13T20:11:53.772-0400] {utils.py:160} INFO - NumExpr defaulting to 8 threads.
[2024-10-13T20:11:54.081-0400] {processor.py:925} INFO - DAG(s) 'api_fetch_dag' retrieved from /Users/karenwang/airflow/dags/bixi_mvp_pipeline.py
[2024-10-13T20:11:54.311-0400] {logging_mixin.py:190} INFO - [2024-10-13T20:11:54.311-0400] {dag.py:3239} INFO - Sync 1 DAGs
[2024-10-13T20:11:54.327-0400] {logging_mixin.py:190} INFO - [2024-10-13T20:11:54.327-0400] {dag.py:4180} INFO - Setting next_dagrun for api_fetch_dag to None, run_after=None
[2024-10-13T20:11:54.350-0400] {processor.py:208} INFO - Processing /Users/karenwang/airflow/dags/bixi_mvp_pipeline.py took 4.582 seconds
[2024-10-13T20:16:01.473-0400] {processor.py:186} INFO - Started process (PID=30048) to work on /Users/karenwang/airflow/dags/bixi_mvp_pipeline.py
[2024-10-13T20:16:01.475-0400] {processor.py:914} INFO - Processing file /Users/karenwang/airflow/dags/bixi_mvp_pipeline.py for tasks to queue
[2024-10-13T20:16:01.476-0400] {logging_mixin.py:190} INFO - [2024-10-13T20:16:01.476-0400] {dagbag.py:588} INFO - Filling up the DagBag from /Users/karenwang/airflow/dags/bixi_mvp_pipeline.py
[2024-10-13T20:16:05.255-0400] {logging_mixin.py:190} INFO - [2024-10-13T20:16:05.254-0400] {utils.py:148} INFO - Note: NumExpr detected 16 cores but "NUMEXPR_MAX_THREADS" not set, so enforcing safe limit of 8.
[2024-10-13T20:16:05.255-0400] {logging_mixin.py:190} INFO - [2024-10-13T20:16:05.255-0400] {utils.py:160} INFO - NumExpr defaulting to 8 threads.
[2024-10-13T20:16:05.547-0400] {processor.py:925} INFO - DAG(s) 'api_fetch_dag' retrieved from /Users/karenwang/airflow/dags/bixi_mvp_pipeline.py
[2024-10-13T20:16:05.750-0400] {logging_mixin.py:190} INFO - [2024-10-13T20:16:05.749-0400] {dag.py:3239} INFO - Sync 1 DAGs
[2024-10-13T20:16:05.772-0400] {logging_mixin.py:190} INFO - [2024-10-13T20:16:05.772-0400] {dag.py:4180} INFO - Setting next_dagrun for api_fetch_dag to None, run_after=None
[2024-10-13T20:16:05.794-0400] {processor.py:208} INFO - Processing /Users/karenwang/airflow/dags/bixi_mvp_pipeline.py took 4.328 seconds
[2024-10-13T20:20:13.911-0400] {processor.py:186} INFO - Started process (PID=31348) to work on /Users/karenwang/airflow/dags/bixi_mvp_pipeline.py
[2024-10-13T20:20:13.912-0400] {processor.py:914} INFO - Processing file /Users/karenwang/airflow/dags/bixi_mvp_pipeline.py for tasks to queue
[2024-10-13T20:20:13.914-0400] {logging_mixin.py:190} INFO - [2024-10-13T20:20:13.914-0400] {dagbag.py:588} INFO - Filling up the DagBag from /Users/karenwang/airflow/dags/bixi_mvp_pipeline.py
[2024-10-13T20:20:17.796-0400] {logging_mixin.py:190} INFO - [2024-10-13T20:20:17.796-0400] {utils.py:148} INFO - Note: NumExpr detected 16 cores but "NUMEXPR_MAX_THREADS" not set, so enforcing safe limit of 8.
[2024-10-13T20:20:17.797-0400] {logging_mixin.py:190} INFO - [2024-10-13T20:20:17.796-0400] {utils.py:160} INFO - NumExpr defaulting to 8 threads.
[2024-10-13T20:20:18.111-0400] {processor.py:925} INFO - DAG(s) 'api_fetch_dag' retrieved from /Users/karenwang/airflow/dags/bixi_mvp_pipeline.py
[2024-10-13T20:20:18.363-0400] {logging_mixin.py:190} INFO - [2024-10-13T20:20:18.362-0400] {dag.py:3239} INFO - Sync 1 DAGs
[2024-10-13T20:20:18.384-0400] {logging_mixin.py:190} INFO - [2024-10-13T20:20:18.384-0400] {dag.py:4180} INFO - Setting next_dagrun for api_fetch_dag to None, run_after=None
[2024-10-13T20:20:18.409-0400] {processor.py:208} INFO - Processing /Users/karenwang/airflow/dags/bixi_mvp_pipeline.py took 4.504 seconds
[2024-10-13T20:24:36.195-0400] {processor.py:186} INFO - Started process (PID=32834) to work on /Users/karenwang/airflow/dags/bixi_mvp_pipeline.py
[2024-10-13T20:24:36.197-0400] {processor.py:914} INFO - Processing file /Users/karenwang/airflow/dags/bixi_mvp_pipeline.py for tasks to queue
[2024-10-13T20:24:36.198-0400] {logging_mixin.py:190} INFO - [2024-10-13T20:24:36.198-0400] {dagbag.py:588} INFO - Filling up the DagBag from /Users/karenwang/airflow/dags/bixi_mvp_pipeline.py
[2024-10-13T20:24:40.083-0400] {logging_mixin.py:190} INFO - [2024-10-13T20:24:40.083-0400] {utils.py:148} INFO - Note: NumExpr detected 16 cores but "NUMEXPR_MAX_THREADS" not set, so enforcing safe limit of 8.
[2024-10-13T20:24:40.084-0400] {logging_mixin.py:190} INFO - [2024-10-13T20:24:40.084-0400] {utils.py:160} INFO - NumExpr defaulting to 8 threads.
[2024-10-13T20:24:40.422-0400] {processor.py:925} INFO - DAG(s) 'api_fetch_dag' retrieved from /Users/karenwang/airflow/dags/bixi_mvp_pipeline.py
[2024-10-13T20:24:40.658-0400] {logging_mixin.py:190} INFO - [2024-10-13T20:24:40.658-0400] {dag.py:3239} INFO - Sync 1 DAGs
[2024-10-13T20:24:40.678-0400] {logging_mixin.py:190} INFO - [2024-10-13T20:24:40.678-0400] {dag.py:4180} INFO - Setting next_dagrun for api_fetch_dag to None, run_after=None
[2024-10-13T20:24:40.699-0400] {processor.py:208} INFO - Processing /Users/karenwang/airflow/dags/bixi_mvp_pipeline.py took 4.509 seconds
[2024-10-13T20:25:53.931-0400] {processor.py:186} INFO - Started process (PID=33244) to work on /Users/karenwang/airflow/dags/bixi_mvp_pipeline.py
[2024-10-13T20:25:53.933-0400] {processor.py:914} INFO - Processing file /Users/karenwang/airflow/dags/bixi_mvp_pipeline.py for tasks to queue
[2024-10-13T20:25:53.935-0400] {logging_mixin.py:190} INFO - [2024-10-13T20:25:53.935-0400] {dagbag.py:588} INFO - Filling up the DagBag from /Users/karenwang/airflow/dags/bixi_mvp_pipeline.py
[2024-10-13T20:25:57.852-0400] {logging_mixin.py:190} INFO - [2024-10-13T20:25:57.852-0400] {utils.py:148} INFO - Note: NumExpr detected 16 cores but "NUMEXPR_MAX_THREADS" not set, so enforcing safe limit of 8.
[2024-10-13T20:25:57.852-0400] {logging_mixin.py:190} INFO - [2024-10-13T20:25:57.852-0400] {utils.py:160} INFO - NumExpr defaulting to 8 threads.
[2024-10-13T20:25:58.171-0400] {processor.py:925} INFO - DAG(s) 'api_fetch_dag' retrieved from /Users/karenwang/airflow/dags/bixi_mvp_pipeline.py
[2024-10-13T20:25:58.406-0400] {logging_mixin.py:190} INFO - [2024-10-13T20:25:58.405-0400] {dag.py:3239} INFO - Sync 1 DAGs
[2024-10-13T20:25:58.423-0400] {logging_mixin.py:190} INFO - [2024-10-13T20:25:58.422-0400] {dag.py:4180} INFO - Setting next_dagrun for api_fetch_dag to None, run_after=None
[2024-10-13T20:25:58.448-0400] {processor.py:208} INFO - Processing /Users/karenwang/airflow/dags/bixi_mvp_pipeline.py took 4.523 seconds
[2024-10-13T20:30:49.154-0400] {processor.py:186} INFO - Started process (PID=34960) to work on /Users/karenwang/airflow/dags/bixi_mvp_pipeline.py
[2024-10-13T20:30:49.156-0400] {processor.py:914} INFO - Processing file /Users/karenwang/airflow/dags/bixi_mvp_pipeline.py for tasks to queue
[2024-10-13T20:30:49.157-0400] {logging_mixin.py:190} INFO - [2024-10-13T20:30:49.157-0400] {dagbag.py:588} INFO - Filling up the DagBag from /Users/karenwang/airflow/dags/bixi_mvp_pipeline.py
[2024-10-13T20:30:52.803-0400] {logging_mixin.py:190} INFO - [2024-10-13T20:30:52.803-0400] {utils.py:148} INFO - Note: NumExpr detected 16 cores but "NUMEXPR_MAX_THREADS" not set, so enforcing safe limit of 8.
[2024-10-13T20:30:52.804-0400] {logging_mixin.py:190} INFO - [2024-10-13T20:30:52.804-0400] {utils.py:160} INFO - NumExpr defaulting to 8 threads.
[2024-10-13T20:30:53.052-0400] {processor.py:925} INFO - DAG(s) 'api_fetch_dag' retrieved from /Users/karenwang/airflow/dags/bixi_mvp_pipeline.py
[2024-10-13T20:30:53.264-0400] {logging_mixin.py:190} INFO - [2024-10-13T20:30:53.264-0400] {dag.py:3239} INFO - Sync 1 DAGs
[2024-10-13T20:30:53.277-0400] {logging_mixin.py:190} INFO - [2024-10-13T20:30:53.277-0400] {dag.py:4180} INFO - Setting next_dagrun for api_fetch_dag to None, run_after=None
[2024-10-13T20:30:53.299-0400] {processor.py:208} INFO - Processing /Users/karenwang/airflow/dags/bixi_mvp_pipeline.py took 4.150 seconds
[2024-10-13T20:34:27.779-0400] {processor.py:186} INFO - Started process (PID=36081) to work on /Users/karenwang/airflow/dags/bixi_mvp_pipeline.py
[2024-10-13T20:34:27.781-0400] {processor.py:914} INFO - Processing file /Users/karenwang/airflow/dags/bixi_mvp_pipeline.py for tasks to queue
[2024-10-13T20:34:27.782-0400] {logging_mixin.py:190} INFO - [2024-10-13T20:34:27.782-0400] {dagbag.py:588} INFO - Filling up the DagBag from /Users/karenwang/airflow/dags/bixi_mvp_pipeline.py
[2024-10-13T20:34:31.281-0400] {logging_mixin.py:190} INFO - [2024-10-13T20:34:31.280-0400] {utils.py:148} INFO - Note: NumExpr detected 16 cores but "NUMEXPR_MAX_THREADS" not set, so enforcing safe limit of 8.
[2024-10-13T20:34:31.281-0400] {logging_mixin.py:190} INFO - [2024-10-13T20:34:31.281-0400] {utils.py:160} INFO - NumExpr defaulting to 8 threads.
[2024-10-13T20:34:31.568-0400] {processor.py:925} INFO - DAG(s) 'api_fetch_dag' retrieved from /Users/karenwang/airflow/dags/bixi_mvp_pipeline.py
[2024-10-13T20:34:31.760-0400] {logging_mixin.py:190} INFO - [2024-10-13T20:34:31.760-0400] {dag.py:3239} INFO - Sync 1 DAGs
[2024-10-13T20:34:31.774-0400] {logging_mixin.py:190} INFO - [2024-10-13T20:34:31.773-0400] {dag.py:4180} INFO - Setting next_dagrun for api_fetch_dag to None, run_after=None
[2024-10-13T20:34:31.794-0400] {processor.py:208} INFO - Processing /Users/karenwang/airflow/dags/bixi_mvp_pipeline.py took 4.020 seconds
[2024-10-13T20:38:08.932-0400] {processor.py:186} INFO - Started process (PID=37252) to work on /Users/karenwang/airflow/dags/bixi_mvp_pipeline.py
[2024-10-13T20:38:08.933-0400] {processor.py:914} INFO - Processing file /Users/karenwang/airflow/dags/bixi_mvp_pipeline.py for tasks to queue
[2024-10-13T20:38:08.935-0400] {logging_mixin.py:190} INFO - [2024-10-13T20:38:08.934-0400] {dagbag.py:588} INFO - Filling up the DagBag from /Users/karenwang/airflow/dags/bixi_mvp_pipeline.py
[2024-10-13T20:38:12.536-0400] {logging_mixin.py:190} INFO - [2024-10-13T20:38:12.536-0400] {utils.py:148} INFO - Note: NumExpr detected 16 cores but "NUMEXPR_MAX_THREADS" not set, so enforcing safe limit of 8.
[2024-10-13T20:38:12.537-0400] {logging_mixin.py:190} INFO - [2024-10-13T20:38:12.536-0400] {utils.py:160} INFO - NumExpr defaulting to 8 threads.
[2024-10-13T20:38:12.818-0400] {processor.py:925} INFO - DAG(s) 'api_fetch_dag' retrieved from /Users/karenwang/airflow/dags/bixi_mvp_pipeline.py
[2024-10-13T20:38:13.030-0400] {logging_mixin.py:190} INFO - [2024-10-13T20:38:13.029-0400] {dag.py:3239} INFO - Sync 1 DAGs
[2024-10-13T20:38:13.043-0400] {logging_mixin.py:190} INFO - [2024-10-13T20:38:13.042-0400] {dag.py:4180} INFO - Setting next_dagrun for api_fetch_dag to None, run_after=None
[2024-10-13T20:38:13.063-0400] {processor.py:208} INFO - Processing /Users/karenwang/airflow/dags/bixi_mvp_pipeline.py took 4.138 seconds
[2024-10-13T20:41:48.535-0400] {processor.py:186} INFO - Started process (PID=38387) to work on /Users/karenwang/airflow/dags/bixi_mvp_pipeline.py
[2024-10-13T20:41:48.536-0400] {processor.py:914} INFO - Processing file /Users/karenwang/airflow/dags/bixi_mvp_pipeline.py for tasks to queue
[2024-10-13T20:41:48.538-0400] {logging_mixin.py:190} INFO - [2024-10-13T20:41:48.537-0400] {dagbag.py:588} INFO - Filling up the DagBag from /Users/karenwang/airflow/dags/bixi_mvp_pipeline.py
[2024-10-13T20:41:52.093-0400] {logging_mixin.py:190} INFO - [2024-10-13T20:41:52.093-0400] {utils.py:148} INFO - Note: NumExpr detected 16 cores but "NUMEXPR_MAX_THREADS" not set, so enforcing safe limit of 8.
[2024-10-13T20:41:52.094-0400] {logging_mixin.py:190} INFO - [2024-10-13T20:41:52.094-0400] {utils.py:160} INFO - NumExpr defaulting to 8 threads.
[2024-10-13T20:41:52.408-0400] {processor.py:925} INFO - DAG(s) 'api_fetch_dag' retrieved from /Users/karenwang/airflow/dags/bixi_mvp_pipeline.py
[2024-10-13T20:41:52.617-0400] {logging_mixin.py:190} INFO - [2024-10-13T20:41:52.617-0400] {dag.py:3239} INFO - Sync 1 DAGs
[2024-10-13T20:41:52.633-0400] {logging_mixin.py:190} INFO - [2024-10-13T20:41:52.633-0400] {dag.py:4180} INFO - Setting next_dagrun for api_fetch_dag to None, run_after=None
[2024-10-13T20:41:52.654-0400] {processor.py:208} INFO - Processing /Users/karenwang/airflow/dags/bixi_mvp_pipeline.py took 4.125 seconds
[2024-10-13T20:45:27.503-0400] {processor.py:186} INFO - Started process (PID=39506) to work on /Users/karenwang/airflow/dags/bixi_mvp_pipeline.py
[2024-10-13T20:45:27.504-0400] {processor.py:914} INFO - Processing file /Users/karenwang/airflow/dags/bixi_mvp_pipeline.py for tasks to queue
[2024-10-13T20:45:27.505-0400] {logging_mixin.py:190} INFO - [2024-10-13T20:45:27.505-0400] {dagbag.py:588} INFO - Filling up the DagBag from /Users/karenwang/airflow/dags/bixi_mvp_pipeline.py
[2024-10-13T20:45:31.020-0400] {logging_mixin.py:190} INFO - [2024-10-13T20:45:31.019-0400] {utils.py:148} INFO - Note: NumExpr detected 16 cores but "NUMEXPR_MAX_THREADS" not set, so enforcing safe limit of 8.
[2024-10-13T20:45:31.020-0400] {logging_mixin.py:190} INFO - [2024-10-13T20:45:31.020-0400] {utils.py:160} INFO - NumExpr defaulting to 8 threads.
[2024-10-13T20:45:31.304-0400] {processor.py:925} INFO - DAG(s) 'api_fetch_dag' retrieved from /Users/karenwang/airflow/dags/bixi_mvp_pipeline.py
[2024-10-13T20:45:31.523-0400] {logging_mixin.py:190} INFO - [2024-10-13T20:45:31.523-0400] {dag.py:3239} INFO - Sync 1 DAGs
[2024-10-13T20:45:31.536-0400] {logging_mixin.py:190} INFO - [2024-10-13T20:45:31.536-0400] {dag.py:4180} INFO - Setting next_dagrun for api_fetch_dag to None, run_after=None
[2024-10-13T20:45:31.556-0400] {processor.py:208} INFO - Processing /Users/karenwang/airflow/dags/bixi_mvp_pipeline.py took 4.060 seconds
[2024-10-13T20:49:08.231-0400] {processor.py:186} INFO - Started process (PID=40666) to work on /Users/karenwang/airflow/dags/bixi_mvp_pipeline.py
[2024-10-13T20:49:08.232-0400] {processor.py:914} INFO - Processing file /Users/karenwang/airflow/dags/bixi_mvp_pipeline.py for tasks to queue
[2024-10-13T20:49:08.233-0400] {logging_mixin.py:190} INFO - [2024-10-13T20:49:08.233-0400] {dagbag.py:588} INFO - Filling up the DagBag from /Users/karenwang/airflow/dags/bixi_mvp_pipeline.py
[2024-10-13T20:49:11.761-0400] {logging_mixin.py:190} INFO - [2024-10-13T20:49:11.761-0400] {utils.py:148} INFO - Note: NumExpr detected 16 cores but "NUMEXPR_MAX_THREADS" not set, so enforcing safe limit of 8.
[2024-10-13T20:49:11.761-0400] {logging_mixin.py:190} INFO - [2024-10-13T20:49:11.761-0400] {utils.py:160} INFO - NumExpr defaulting to 8 threads.
[2024-10-13T20:49:12.079-0400] {processor.py:925} INFO - DAG(s) 'api_fetch_dag' retrieved from /Users/karenwang/airflow/dags/bixi_mvp_pipeline.py
[2024-10-13T20:49:12.280-0400] {logging_mixin.py:190} INFO - [2024-10-13T20:49:12.280-0400] {dag.py:3239} INFO - Sync 1 DAGs
[2024-10-13T20:49:12.293-0400] {logging_mixin.py:190} INFO - [2024-10-13T20:49:12.293-0400] {dag.py:4180} INFO - Setting next_dagrun for api_fetch_dag to None, run_after=None
[2024-10-13T20:49:12.313-0400] {processor.py:208} INFO - Processing /Users/karenwang/airflow/dags/bixi_mvp_pipeline.py took 4.088 seconds
[2024-10-13T20:52:46.346-0400] {processor.py:186} INFO - Started process (PID=41809) to work on /Users/karenwang/airflow/dags/bixi_mvp_pipeline.py
[2024-10-13T20:52:46.348-0400] {processor.py:914} INFO - Processing file /Users/karenwang/airflow/dags/bixi_mvp_pipeline.py for tasks to queue
[2024-10-13T20:52:46.349-0400] {logging_mixin.py:190} INFO - [2024-10-13T20:52:46.349-0400] {dagbag.py:588} INFO - Filling up the DagBag from /Users/karenwang/airflow/dags/bixi_mvp_pipeline.py
[2024-10-13T20:52:49.891-0400] {logging_mixin.py:190} INFO - [2024-10-13T20:52:49.891-0400] {utils.py:148} INFO - Note: NumExpr detected 16 cores but "NUMEXPR_MAX_THREADS" not set, so enforcing safe limit of 8.
[2024-10-13T20:52:49.891-0400] {logging_mixin.py:190} INFO - [2024-10-13T20:52:49.891-0400] {utils.py:160} INFO - NumExpr defaulting to 8 threads.
[2024-10-13T20:52:50.163-0400] {processor.py:925} INFO - DAG(s) 'api_fetch_dag' retrieved from /Users/karenwang/airflow/dags/bixi_mvp_pipeline.py
[2024-10-13T20:52:50.380-0400] {logging_mixin.py:190} INFO - [2024-10-13T20:52:50.380-0400] {dag.py:3239} INFO - Sync 1 DAGs
[2024-10-13T20:52:50.399-0400] {logging_mixin.py:190} INFO - [2024-10-13T20:52:50.398-0400] {dag.py:4180} INFO - Setting next_dagrun for api_fetch_dag to None, run_after=None
[2024-10-13T20:52:50.421-0400] {processor.py:208} INFO - Processing /Users/karenwang/airflow/dags/bixi_mvp_pipeline.py took 4.081 seconds
[2024-10-13T20:56:25.841-0400] {processor.py:186} INFO - Started process (PID=42943) to work on /Users/karenwang/airflow/dags/bixi_mvp_pipeline.py
[2024-10-13T20:56:25.843-0400] {processor.py:914} INFO - Processing file /Users/karenwang/airflow/dags/bixi_mvp_pipeline.py for tasks to queue
[2024-10-13T20:56:25.844-0400] {logging_mixin.py:190} INFO - [2024-10-13T20:56:25.844-0400] {dagbag.py:588} INFO - Filling up the DagBag from /Users/karenwang/airflow/dags/bixi_mvp_pipeline.py
[2024-10-13T20:56:29.404-0400] {logging_mixin.py:190} INFO - [2024-10-13T20:56:29.404-0400] {utils.py:148} INFO - Note: NumExpr detected 16 cores but "NUMEXPR_MAX_THREADS" not set, so enforcing safe limit of 8.
[2024-10-13T20:56:29.405-0400] {logging_mixin.py:190} INFO - [2024-10-13T20:56:29.405-0400] {utils.py:160} INFO - NumExpr defaulting to 8 threads.
[2024-10-13T20:56:29.697-0400] {processor.py:925} INFO - DAG(s) 'api_fetch_dag' retrieved from /Users/karenwang/airflow/dags/bixi_mvp_pipeline.py
[2024-10-13T20:56:29.888-0400] {logging_mixin.py:190} INFO - [2024-10-13T20:56:29.888-0400] {dag.py:3239} INFO - Sync 1 DAGs
[2024-10-13T20:56:29.902-0400] {logging_mixin.py:190} INFO - [2024-10-13T20:56:29.901-0400] {dag.py:4180} INFO - Setting next_dagrun for api_fetch_dag to None, run_after=None
[2024-10-13T20:56:29.923-0400] {processor.py:208} INFO - Processing /Users/karenwang/airflow/dags/bixi_mvp_pipeline.py took 4.087 seconds
[2024-10-13T21:00:05.914-0400] {processor.py:186} INFO - Started process (PID=44084) to work on /Users/karenwang/airflow/dags/bixi_mvp_pipeline.py
[2024-10-13T21:00:05.915-0400] {processor.py:914} INFO - Processing file /Users/karenwang/airflow/dags/bixi_mvp_pipeline.py for tasks to queue
[2024-10-13T21:00:05.917-0400] {logging_mixin.py:190} INFO - [2024-10-13T21:00:05.916-0400] {dagbag.py:588} INFO - Filling up the DagBag from /Users/karenwang/airflow/dags/bixi_mvp_pipeline.py
[2024-10-13T21:00:09.613-0400] {logging_mixin.py:190} INFO - [2024-10-13T21:00:09.613-0400] {utils.py:148} INFO - Note: NumExpr detected 16 cores but "NUMEXPR_MAX_THREADS" not set, so enforcing safe limit of 8.
[2024-10-13T21:00:09.614-0400] {logging_mixin.py:190} INFO - [2024-10-13T21:00:09.613-0400] {utils.py:160} INFO - NumExpr defaulting to 8 threads.
[2024-10-13T21:00:09.887-0400] {processor.py:925} INFO - DAG(s) 'api_fetch_dag' retrieved from /Users/karenwang/airflow/dags/bixi_mvp_pipeline.py
[2024-10-13T21:00:10.101-0400] {logging_mixin.py:190} INFO - [2024-10-13T21:00:10.100-0400] {dag.py:3239} INFO - Sync 1 DAGs
[2024-10-13T21:00:10.115-0400] {logging_mixin.py:190} INFO - [2024-10-13T21:00:10.114-0400] {dag.py:4180} INFO - Setting next_dagrun for api_fetch_dag to None, run_after=None
[2024-10-13T21:00:10.136-0400] {processor.py:208} INFO - Processing /Users/karenwang/airflow/dags/bixi_mvp_pipeline.py took 4.228 seconds
[2024-10-13T21:03:46.969-0400] {processor.py:186} INFO - Started process (PID=45227) to work on /Users/karenwang/airflow/dags/bixi_mvp_pipeline.py
[2024-10-13T21:03:46.971-0400] {processor.py:914} INFO - Processing file /Users/karenwang/airflow/dags/bixi_mvp_pipeline.py for tasks to queue
[2024-10-13T21:03:46.972-0400] {logging_mixin.py:190} INFO - [2024-10-13T21:03:46.971-0400] {dagbag.py:588} INFO - Filling up the DagBag from /Users/karenwang/airflow/dags/bixi_mvp_pipeline.py
[2024-10-13T21:03:50.571-0400] {logging_mixin.py:190} INFO - [2024-10-13T21:03:50.570-0400] {utils.py:148} INFO - Note: NumExpr detected 16 cores but "NUMEXPR_MAX_THREADS" not set, so enforcing safe limit of 8.
[2024-10-13T21:03:50.571-0400] {logging_mixin.py:190} INFO - [2024-10-13T21:03:50.571-0400] {utils.py:160} INFO - NumExpr defaulting to 8 threads.
[2024-10-13T21:03:50.844-0400] {processor.py:925} INFO - DAG(s) 'api_fetch_dag' retrieved from /Users/karenwang/airflow/dags/bixi_mvp_pipeline.py
[2024-10-13T21:03:51.051-0400] {logging_mixin.py:190} INFO - [2024-10-13T21:03:51.051-0400] {dag.py:3239} INFO - Sync 1 DAGs
[2024-10-13T21:03:51.071-0400] {logging_mixin.py:190} INFO - [2024-10-13T21:03:51.070-0400] {dag.py:4180} INFO - Setting next_dagrun for api_fetch_dag to None, run_after=None
[2024-10-13T21:03:51.090-0400] {processor.py:208} INFO - Processing /Users/karenwang/airflow/dags/bixi_mvp_pipeline.py took 4.127 seconds
[2024-10-13T21:07:48.834-0400] {processor.py:186} INFO - Started process (PID=46473) to work on /Users/karenwang/airflow/dags/bixi_mvp_pipeline.py
[2024-10-13T21:07:48.836-0400] {processor.py:914} INFO - Processing file /Users/karenwang/airflow/dags/bixi_mvp_pipeline.py for tasks to queue
[2024-10-13T21:07:48.845-0400] {logging_mixin.py:190} INFO - [2024-10-13T21:07:48.844-0400] {dagbag.py:588} INFO - Filling up the DagBag from /Users/karenwang/airflow/dags/bixi_mvp_pipeline.py
[2024-10-13T21:07:53.295-0400] {logging_mixin.py:190} INFO - [2024-10-13T21:07:53.294-0400] {utils.py:148} INFO - Note: NumExpr detected 16 cores but "NUMEXPR_MAX_THREADS" not set, so enforcing safe limit of 8.
[2024-10-13T21:07:53.296-0400] {logging_mixin.py:190} INFO - [2024-10-13T21:07:53.295-0400] {utils.py:160} INFO - NumExpr defaulting to 8 threads.
[2024-10-13T21:07:53.605-0400] {processor.py:925} INFO - DAG(s) 'api_fetch_dag' retrieved from /Users/karenwang/airflow/dags/bixi_mvp_pipeline.py
[2024-10-13T21:07:53.842-0400] {logging_mixin.py:190} INFO - [2024-10-13T21:07:53.841-0400] {dag.py:3239} INFO - Sync 1 DAGs
[2024-10-13T21:07:53.862-0400] {logging_mixin.py:190} INFO - [2024-10-13T21:07:53.862-0400] {dag.py:4180} INFO - Setting next_dagrun for api_fetch_dag to None, run_after=None
[2024-10-13T21:07:53.888-0400] {processor.py:208} INFO - Processing /Users/karenwang/airflow/dags/bixi_mvp_pipeline.py took 5.062 seconds
[2024-10-13T21:13:35.235-0400] {processor.py:186} INFO - Started process (PID=48343) to work on /Users/karenwang/airflow/dags/bixi_mvp_pipeline.py
[2024-10-13T21:13:35.237-0400] {processor.py:914} INFO - Processing file /Users/karenwang/airflow/dags/bixi_mvp_pipeline.py for tasks to queue
[2024-10-13T21:13:35.238-0400] {logging_mixin.py:190} INFO - [2024-10-13T21:13:35.238-0400] {dagbag.py:588} INFO - Filling up the DagBag from /Users/karenwang/airflow/dags/bixi_mvp_pipeline.py
[2024-10-13T21:13:39.029-0400] {logging_mixin.py:190} INFO - [2024-10-13T21:13:39.029-0400] {utils.py:148} INFO - Note: NumExpr detected 16 cores but "NUMEXPR_MAX_THREADS" not set, so enforcing safe limit of 8.
[2024-10-13T21:13:39.029-0400] {logging_mixin.py:190} INFO - [2024-10-13T21:13:39.029-0400] {utils.py:160} INFO - NumExpr defaulting to 8 threads.
[2024-10-13T21:13:39.342-0400] {processor.py:925} INFO - DAG(s) 'api_fetch_dag' retrieved from /Users/karenwang/airflow/dags/bixi_mvp_pipeline.py
[2024-10-13T21:13:39.545-0400] {logging_mixin.py:190} INFO - [2024-10-13T21:13:39.545-0400] {dag.py:3239} INFO - Sync 1 DAGs
[2024-10-13T21:13:39.563-0400] {logging_mixin.py:190} INFO - [2024-10-13T21:13:39.563-0400] {dag.py:4180} INFO - Setting next_dagrun for api_fetch_dag to None, run_after=None
[2024-10-13T21:13:39.586-0400] {processor.py:208} INFO - Processing /Users/karenwang/airflow/dags/bixi_mvp_pipeline.py took 4.356 seconds
[2024-10-13T21:17:35.905-0400] {processor.py:186} INFO - Started process (PID=49830) to work on /Users/karenwang/airflow/dags/bixi_mvp_pipeline.py
[2024-10-13T21:17:35.907-0400] {processor.py:914} INFO - Processing file /Users/karenwang/airflow/dags/bixi_mvp_pipeline.py for tasks to queue
[2024-10-13T21:17:35.908-0400] {logging_mixin.py:190} INFO - [2024-10-13T21:17:35.908-0400] {dagbag.py:588} INFO - Filling up the DagBag from /Users/karenwang/airflow/dags/bixi_mvp_pipeline.py
[2024-10-13T21:17:39.516-0400] {logging_mixin.py:190} INFO - [2024-10-13T21:17:39.516-0400] {utils.py:148} INFO - Note: NumExpr detected 16 cores but "NUMEXPR_MAX_THREADS" not set, so enforcing safe limit of 8.
[2024-10-13T21:17:39.516-0400] {logging_mixin.py:190} INFO - [2024-10-13T21:17:39.516-0400] {utils.py:160} INFO - NumExpr defaulting to 8 threads.
[2024-10-13T21:17:39.788-0400] {processor.py:925} INFO - DAG(s) 'api_fetch_dag' retrieved from /Users/karenwang/airflow/dags/bixi_mvp_pipeline.py
[2024-10-13T21:17:39.987-0400] {logging_mixin.py:190} INFO - [2024-10-13T21:17:39.987-0400] {dag.py:3239} INFO - Sync 1 DAGs
[2024-10-13T21:17:40.004-0400] {logging_mixin.py:190} INFO - [2024-10-13T21:17:40.004-0400] {dag.py:4180} INFO - Setting next_dagrun for api_fetch_dag to None, run_after=None
[2024-10-13T21:17:40.026-0400] {processor.py:208} INFO - Processing /Users/karenwang/airflow/dags/bixi_mvp_pipeline.py took 4.126 seconds
[2024-10-13T21:21:17.266-0400] {processor.py:186} INFO - Started process (PID=50969) to work on /Users/karenwang/airflow/dags/bixi_mvp_pipeline.py
[2024-10-13T21:21:17.268-0400] {processor.py:914} INFO - Processing file /Users/karenwang/airflow/dags/bixi_mvp_pipeline.py for tasks to queue
[2024-10-13T21:21:17.269-0400] {logging_mixin.py:190} INFO - [2024-10-13T21:21:17.269-0400] {dagbag.py:588} INFO - Filling up the DagBag from /Users/karenwang/airflow/dags/bixi_mvp_pipeline.py
[2024-10-13T21:21:20.866-0400] {logging_mixin.py:190} INFO - [2024-10-13T21:21:20.865-0400] {utils.py:148} INFO - Note: NumExpr detected 16 cores but "NUMEXPR_MAX_THREADS" not set, so enforcing safe limit of 8.
[2024-10-13T21:21:20.866-0400] {logging_mixin.py:190} INFO - [2024-10-13T21:21:20.866-0400] {utils.py:160} INFO - NumExpr defaulting to 8 threads.
[2024-10-13T21:21:21.127-0400] {processor.py:925} INFO - DAG(s) 'api_fetch_dag' retrieved from /Users/karenwang/airflow/dags/bixi_mvp_pipeline.py
[2024-10-13T21:21:21.321-0400] {logging_mixin.py:190} INFO - [2024-10-13T21:21:21.320-0400] {dag.py:3239} INFO - Sync 1 DAGs
[2024-10-13T21:21:21.339-0400] {logging_mixin.py:190} INFO - [2024-10-13T21:21:21.339-0400] {dag.py:4180} INFO - Setting next_dagrun for api_fetch_dag to None, run_after=None
[2024-10-13T21:21:21.362-0400] {processor.py:208} INFO - Processing /Users/karenwang/airflow/dags/bixi_mvp_pipeline.py took 4.101 seconds
[2024-10-13T21:24:58.980-0400] {processor.py:186} INFO - Started process (PID=52111) to work on /Users/karenwang/airflow/dags/bixi_mvp_pipeline.py
[2024-10-13T21:24:58.981-0400] {processor.py:914} INFO - Processing file /Users/karenwang/airflow/dags/bixi_mvp_pipeline.py for tasks to queue
[2024-10-13T21:24:58.982-0400] {logging_mixin.py:190} INFO - [2024-10-13T21:24:58.982-0400] {dagbag.py:588} INFO - Filling up the DagBag from /Users/karenwang/airflow/dags/bixi_mvp_pipeline.py
[2024-10-13T21:25:02.581-0400] {logging_mixin.py:190} INFO - [2024-10-13T21:25:02.581-0400] {utils.py:148} INFO - Note: NumExpr detected 16 cores but "NUMEXPR_MAX_THREADS" not set, so enforcing safe limit of 8.
[2024-10-13T21:25:02.581-0400] {logging_mixin.py:190} INFO - [2024-10-13T21:25:02.581-0400] {utils.py:160} INFO - NumExpr defaulting to 8 threads.
[2024-10-13T21:25:02.868-0400] {processor.py:925} INFO - DAG(s) 'api_fetch_dag' retrieved from /Users/karenwang/airflow/dags/bixi_mvp_pipeline.py
[2024-10-13T21:25:03.076-0400] {logging_mixin.py:190} INFO - [2024-10-13T21:25:03.075-0400] {dag.py:3239} INFO - Sync 1 DAGs
[2024-10-13T21:25:03.092-0400] {logging_mixin.py:190} INFO - [2024-10-13T21:25:03.091-0400] {dag.py:4180} INFO - Setting next_dagrun for api_fetch_dag to None, run_after=None
[2024-10-13T21:25:03.114-0400] {processor.py:208} INFO - Processing /Users/karenwang/airflow/dags/bixi_mvp_pipeline.py took 4.139 seconds
[2024-10-13T21:28:38.347-0400] {processor.py:186} INFO - Started process (PID=53240) to work on /Users/karenwang/airflow/dags/bixi_mvp_pipeline.py
[2024-10-13T21:28:38.348-0400] {processor.py:914} INFO - Processing file /Users/karenwang/airflow/dags/bixi_mvp_pipeline.py for tasks to queue
[2024-10-13T21:28:38.350-0400] {logging_mixin.py:190} INFO - [2024-10-13T21:28:38.350-0400] {dagbag.py:588} INFO - Filling up the DagBag from /Users/karenwang/airflow/dags/bixi_mvp_pipeline.py
[2024-10-13T21:28:42.103-0400] {logging_mixin.py:190} INFO - [2024-10-13T21:28:42.102-0400] {utils.py:148} INFO - Note: NumExpr detected 16 cores but "NUMEXPR_MAX_THREADS" not set, so enforcing safe limit of 8.
[2024-10-13T21:28:42.103-0400] {logging_mixin.py:190} INFO - [2024-10-13T21:28:42.103-0400] {utils.py:160} INFO - NumExpr defaulting to 8 threads.
[2024-10-13T21:28:42.429-0400] {processor.py:925} INFO - DAG(s) 'api_fetch_dag' retrieved from /Users/karenwang/airflow/dags/bixi_mvp_pipeline.py
[2024-10-13T21:28:42.645-0400] {logging_mixin.py:190} INFO - [2024-10-13T21:28:42.644-0400] {dag.py:3239} INFO - Sync 1 DAGs
[2024-10-13T21:28:42.662-0400] {logging_mixin.py:190} INFO - [2024-10-13T21:28:42.662-0400] {dag.py:4180} INFO - Setting next_dagrun for api_fetch_dag to None, run_after=None
[2024-10-13T21:28:42.684-0400] {processor.py:208} INFO - Processing /Users/karenwang/airflow/dags/bixi_mvp_pipeline.py took 4.343 seconds
[2024-10-13T21:32:42.126-0400] {processor.py:186} INFO - Started process (PID=54521) to work on /Users/karenwang/airflow/dags/bixi_mvp_pipeline.py
[2024-10-13T21:32:42.128-0400] {processor.py:914} INFO - Processing file /Users/karenwang/airflow/dags/bixi_mvp_pipeline.py for tasks to queue
[2024-10-13T21:32:42.129-0400] {logging_mixin.py:190} INFO - [2024-10-13T21:32:42.129-0400] {dagbag.py:588} INFO - Filling up the DagBag from /Users/karenwang/airflow/dags/bixi_mvp_pipeline.py
[2024-10-13T21:32:46.043-0400] {logging_mixin.py:190} INFO - [2024-10-13T21:32:46.042-0400] {utils.py:148} INFO - Note: NumExpr detected 16 cores but "NUMEXPR_MAX_THREADS" not set, so enforcing safe limit of 8.
[2024-10-13T21:32:46.043-0400] {logging_mixin.py:190} INFO - [2024-10-13T21:32:46.043-0400] {utils.py:160} INFO - NumExpr defaulting to 8 threads.
[2024-10-13T21:32:46.365-0400] {processor.py:925} INFO - DAG(s) 'api_fetch_dag' retrieved from /Users/karenwang/airflow/dags/bixi_mvp_pipeline.py
[2024-10-13T21:32:46.596-0400] {logging_mixin.py:190} INFO - [2024-10-13T21:32:46.596-0400] {dag.py:3239} INFO - Sync 1 DAGs
[2024-10-13T21:32:46.612-0400] {logging_mixin.py:190} INFO - [2024-10-13T21:32:46.612-0400] {dag.py:4180} INFO - Setting next_dagrun for api_fetch_dag to None, run_after=None
[2024-10-13T21:32:46.635-0400] {processor.py:208} INFO - Processing /Users/karenwang/airflow/dags/bixi_mvp_pipeline.py took 4.515 seconds
[2024-10-13T21:36:35.864-0400] {processor.py:186} INFO - Started process (PID=55765) to work on /Users/karenwang/airflow/dags/bixi_mvp_pipeline.py
[2024-10-13T21:36:35.866-0400] {processor.py:914} INFO - Processing file /Users/karenwang/airflow/dags/bixi_mvp_pipeline.py for tasks to queue
[2024-10-13T21:36:35.868-0400] {logging_mixin.py:190} INFO - [2024-10-13T21:36:35.868-0400] {dagbag.py:588} INFO - Filling up the DagBag from /Users/karenwang/airflow/dags/bixi_mvp_pipeline.py
[2024-10-13T21:36:39.767-0400] {logging_mixin.py:190} INFO - [2024-10-13T21:36:39.767-0400] {utils.py:148} INFO - Note: NumExpr detected 16 cores but "NUMEXPR_MAX_THREADS" not set, so enforcing safe limit of 8.
[2024-10-13T21:36:39.767-0400] {logging_mixin.py:190} INFO - [2024-10-13T21:36:39.767-0400] {utils.py:160} INFO - NumExpr defaulting to 8 threads.
[2024-10-13T21:36:40.069-0400] {processor.py:925} INFO - DAG(s) 'api_fetch_dag' retrieved from /Users/karenwang/airflow/dags/bixi_mvp_pipeline.py
[2024-10-13T21:36:40.282-0400] {logging_mixin.py:190} INFO - [2024-10-13T21:36:40.281-0400] {dag.py:3239} INFO - Sync 1 DAGs
[2024-10-13T21:36:40.300-0400] {logging_mixin.py:190} INFO - [2024-10-13T21:36:40.300-0400] {dag.py:4180} INFO - Setting next_dagrun for api_fetch_dag to None, run_after=None
[2024-10-13T21:36:40.324-0400] {processor.py:208} INFO - Processing /Users/karenwang/airflow/dags/bixi_mvp_pipeline.py took 4.465 seconds
[2024-10-13T21:40:29.604-0400] {processor.py:186} INFO - Started process (PID=56960) to work on /Users/karenwang/airflow/dags/bixi_mvp_pipeline.py
[2024-10-13T21:40:29.606-0400] {processor.py:914} INFO - Processing file /Users/karenwang/airflow/dags/bixi_mvp_pipeline.py for tasks to queue
[2024-10-13T21:40:29.607-0400] {logging_mixin.py:190} INFO - [2024-10-13T21:40:29.607-0400] {dagbag.py:588} INFO - Filling up the DagBag from /Users/karenwang/airflow/dags/bixi_mvp_pipeline.py
[2024-10-13T21:40:33.578-0400] {logging_mixin.py:190} INFO - [2024-10-13T21:40:33.578-0400] {utils.py:148} INFO - Note: NumExpr detected 16 cores but "NUMEXPR_MAX_THREADS" not set, so enforcing safe limit of 8.
[2024-10-13T21:40:33.579-0400] {logging_mixin.py:190} INFO - [2024-10-13T21:40:33.579-0400] {utils.py:160} INFO - NumExpr defaulting to 8 threads.
[2024-10-13T21:40:33.907-0400] {processor.py:925} INFO - DAG(s) 'api_fetch_dag' retrieved from /Users/karenwang/airflow/dags/bixi_mvp_pipeline.py
[2024-10-13T21:40:34.156-0400] {logging_mixin.py:190} INFO - [2024-10-13T21:40:34.155-0400] {dag.py:3239} INFO - Sync 1 DAGs
[2024-10-13T21:40:34.177-0400] {logging_mixin.py:190} INFO - [2024-10-13T21:40:34.176-0400] {dag.py:4180} INFO - Setting next_dagrun for api_fetch_dag to None, run_after=None
[2024-10-13T21:40:34.204-0400] {processor.py:208} INFO - Processing /Users/karenwang/airflow/dags/bixi_mvp_pipeline.py took 4.606 seconds
[2024-10-13T21:44:20.521-0400] {processor.py:186} INFO - Started process (PID=58152) to work on /Users/karenwang/airflow/dags/bixi_mvp_pipeline.py
[2024-10-13T21:44:20.523-0400] {processor.py:914} INFO - Processing file /Users/karenwang/airflow/dags/bixi_mvp_pipeline.py for tasks to queue
[2024-10-13T21:44:20.524-0400] {logging_mixin.py:190} INFO - [2024-10-13T21:44:20.524-0400] {dagbag.py:588} INFO - Filling up the DagBag from /Users/karenwang/airflow/dags/bixi_mvp_pipeline.py
[2024-10-13T21:44:24.471-0400] {logging_mixin.py:190} INFO - [2024-10-13T21:44:24.471-0400] {utils.py:148} INFO - Note: NumExpr detected 16 cores but "NUMEXPR_MAX_THREADS" not set, so enforcing safe limit of 8.
[2024-10-13T21:44:24.472-0400] {logging_mixin.py:190} INFO - [2024-10-13T21:44:24.472-0400] {utils.py:160} INFO - NumExpr defaulting to 8 threads.
[2024-10-13T21:44:24.779-0400] {processor.py:925} INFO - DAG(s) 'api_fetch_dag' retrieved from /Users/karenwang/airflow/dags/bixi_mvp_pipeline.py
[2024-10-13T21:44:25.021-0400] {logging_mixin.py:190} INFO - [2024-10-13T21:44:25.020-0400] {dag.py:3239} INFO - Sync 1 DAGs
[2024-10-13T21:44:25.039-0400] {logging_mixin.py:190} INFO - [2024-10-13T21:44:25.038-0400] {dag.py:4180} INFO - Setting next_dagrun for api_fetch_dag to None, run_after=None
[2024-10-13T21:44:25.063-0400] {processor.py:208} INFO - Processing /Users/karenwang/airflow/dags/bixi_mvp_pipeline.py took 4.548 seconds
[2024-10-13T21:48:21.966-0400] {processor.py:186} INFO - Started process (PID=59384) to work on /Users/karenwang/airflow/dags/bixi_mvp_pipeline.py
[2024-10-13T21:48:21.967-0400] {processor.py:914} INFO - Processing file /Users/karenwang/airflow/dags/bixi_mvp_pipeline.py for tasks to queue
[2024-10-13T21:48:21.969-0400] {logging_mixin.py:190} INFO - [2024-10-13T21:48:21.968-0400] {dagbag.py:588} INFO - Filling up the DagBag from /Users/karenwang/airflow/dags/bixi_mvp_pipeline.py
[2024-10-13T21:48:25.911-0400] {logging_mixin.py:190} INFO - [2024-10-13T21:48:25.911-0400] {utils.py:148} INFO - Note: NumExpr detected 16 cores but "NUMEXPR_MAX_THREADS" not set, so enforcing safe limit of 8.
[2024-10-13T21:48:25.912-0400] {logging_mixin.py:190} INFO - [2024-10-13T21:48:25.911-0400] {utils.py:160} INFO - NumExpr defaulting to 8 threads.
[2024-10-13T21:48:26.222-0400] {processor.py:925} INFO - DAG(s) 'api_fetch_dag' retrieved from /Users/karenwang/airflow/dags/bixi_mvp_pipeline.py
[2024-10-13T21:48:26.452-0400] {logging_mixin.py:190} INFO - [2024-10-13T21:48:26.452-0400] {dag.py:3239} INFO - Sync 1 DAGs
[2024-10-13T21:48:26.467-0400] {logging_mixin.py:190} INFO - [2024-10-13T21:48:26.466-0400] {dag.py:4180} INFO - Setting next_dagrun for api_fetch_dag to None, run_after=None
[2024-10-13T21:48:26.489-0400] {processor.py:208} INFO - Processing /Users/karenwang/airflow/dags/bixi_mvp_pipeline.py took 4.529 seconds
[2024-10-13T21:52:23.709-0400] {processor.py:186} INFO - Started process (PID=60657) to work on /Users/karenwang/airflow/dags/bixi_mvp_pipeline.py
[2024-10-13T21:52:23.710-0400] {processor.py:914} INFO - Processing file /Users/karenwang/airflow/dags/bixi_mvp_pipeline.py for tasks to queue
[2024-10-13T21:52:23.712-0400] {logging_mixin.py:190} INFO - [2024-10-13T21:52:23.711-0400] {dagbag.py:588} INFO - Filling up the DagBag from /Users/karenwang/airflow/dags/bixi_mvp_pipeline.py
[2024-10-13T21:52:27.612-0400] {logging_mixin.py:190} INFO - [2024-10-13T21:52:27.611-0400] {utils.py:148} INFO - Note: NumExpr detected 16 cores but "NUMEXPR_MAX_THREADS" not set, so enforcing safe limit of 8.
[2024-10-13T21:52:27.612-0400] {logging_mixin.py:190} INFO - [2024-10-13T21:52:27.612-0400] {utils.py:160} INFO - NumExpr defaulting to 8 threads.
[2024-10-13T21:52:27.927-0400] {processor.py:925} INFO - DAG(s) 'api_fetch_dag' retrieved from /Users/karenwang/airflow/dags/bixi_mvp_pipeline.py
[2024-10-13T21:52:28.141-0400] {logging_mixin.py:190} INFO - [2024-10-13T21:52:28.141-0400] {dag.py:3239} INFO - Sync 1 DAGs
[2024-10-13T21:52:28.156-0400] {logging_mixin.py:190} INFO - [2024-10-13T21:52:28.156-0400] {dag.py:4180} INFO - Setting next_dagrun for api_fetch_dag to None, run_after=None
[2024-10-13T21:52:28.178-0400] {processor.py:208} INFO - Processing /Users/karenwang/airflow/dags/bixi_mvp_pipeline.py took 4.476 seconds
[2024-10-13T21:56:23.965-0400] {processor.py:186} INFO - Started process (PID=61893) to work on /Users/karenwang/airflow/dags/bixi_mvp_pipeline.py
[2024-10-13T21:56:23.966-0400] {processor.py:914} INFO - Processing file /Users/karenwang/airflow/dags/bixi_mvp_pipeline.py for tasks to queue
[2024-10-13T21:56:23.968-0400] {logging_mixin.py:190} INFO - [2024-10-13T21:56:23.968-0400] {dagbag.py:588} INFO - Filling up the DagBag from /Users/karenwang/airflow/dags/bixi_mvp_pipeline.py
[2024-10-13T21:56:27.802-0400] {logging_mixin.py:190} INFO - [2024-10-13T21:56:27.802-0400] {utils.py:148} INFO - Note: NumExpr detected 16 cores but "NUMEXPR_MAX_THREADS" not set, so enforcing safe limit of 8.
[2024-10-13T21:56:27.803-0400] {logging_mixin.py:190} INFO - [2024-10-13T21:56:27.802-0400] {utils.py:160} INFO - NumExpr defaulting to 8 threads.
[2024-10-13T21:56:28.121-0400] {processor.py:925} INFO - DAG(s) 'api_fetch_dag' retrieved from /Users/karenwang/airflow/dags/bixi_mvp_pipeline.py
[2024-10-13T21:56:28.336-0400] {logging_mixin.py:190} INFO - [2024-10-13T21:56:28.336-0400] {dag.py:3239} INFO - Sync 1 DAGs
[2024-10-13T21:56:28.353-0400] {logging_mixin.py:190} INFO - [2024-10-13T21:56:28.352-0400] {dag.py:4180} INFO - Setting next_dagrun for api_fetch_dag to None, run_after=None
[2024-10-13T21:56:28.377-0400] {processor.py:208} INFO - Processing /Users/karenwang/airflow/dags/bixi_mvp_pipeline.py took 4.418 seconds
[2024-10-13T22:00:09.326-0400] {processor.py:186} INFO - Started process (PID=63050) to work on /Users/karenwang/airflow/dags/bixi_mvp_pipeline.py
[2024-10-13T22:00:09.327-0400] {processor.py:914} INFO - Processing file /Users/karenwang/airflow/dags/bixi_mvp_pipeline.py for tasks to queue
[2024-10-13T22:00:09.329-0400] {logging_mixin.py:190} INFO - [2024-10-13T22:00:09.328-0400] {dagbag.py:588} INFO - Filling up the DagBag from /Users/karenwang/airflow/dags/bixi_mvp_pipeline.py
[2024-10-13T22:00:13.209-0400] {logging_mixin.py:190} INFO - [2024-10-13T22:00:13.209-0400] {utils.py:148} INFO - Note: NumExpr detected 16 cores but "NUMEXPR_MAX_THREADS" not set, so enforcing safe limit of 8.
[2024-10-13T22:00:13.210-0400] {logging_mixin.py:190} INFO - [2024-10-13T22:00:13.210-0400] {utils.py:160} INFO - NumExpr defaulting to 8 threads.
[2024-10-13T22:00:13.505-0400] {processor.py:925} INFO - DAG(s) 'api_fetch_dag' retrieved from /Users/karenwang/airflow/dags/bixi_mvp_pipeline.py
[2024-10-13T22:00:13.746-0400] {logging_mixin.py:190} INFO - [2024-10-13T22:00:13.746-0400] {dag.py:3239} INFO - Sync 1 DAGs
[2024-10-13T22:00:13.762-0400] {logging_mixin.py:190} INFO - [2024-10-13T22:00:13.761-0400] {dag.py:4180} INFO - Setting next_dagrun for api_fetch_dag to None, run_after=None
[2024-10-13T22:00:13.785-0400] {processor.py:208} INFO - Processing /Users/karenwang/airflow/dags/bixi_mvp_pipeline.py took 4.465 seconds
[2024-10-13T22:04:09.607-0400] {processor.py:186} INFO - Started process (PID=64296) to work on /Users/karenwang/airflow/dags/bixi_mvp_pipeline.py
[2024-10-13T22:04:09.608-0400] {processor.py:914} INFO - Processing file /Users/karenwang/airflow/dags/bixi_mvp_pipeline.py for tasks to queue
[2024-10-13T22:04:09.610-0400] {logging_mixin.py:190} INFO - [2024-10-13T22:04:09.609-0400] {dagbag.py:588} INFO - Filling up the DagBag from /Users/karenwang/airflow/dags/bixi_mvp_pipeline.py
[2024-10-13T22:04:13.266-0400] {logging_mixin.py:190} INFO - [2024-10-13T22:04:13.265-0400] {utils.py:148} INFO - Note: NumExpr detected 16 cores but "NUMEXPR_MAX_THREADS" not set, so enforcing safe limit of 8.
[2024-10-13T22:04:13.266-0400] {logging_mixin.py:190} INFO - [2024-10-13T22:04:13.266-0400] {utils.py:160} INFO - NumExpr defaulting to 8 threads.
[2024-10-13T22:04:13.529-0400] {processor.py:925} INFO - DAG(s) 'api_fetch_dag' retrieved from /Users/karenwang/airflow/dags/bixi_mvp_pipeline.py
[2024-10-13T22:04:13.726-0400] {logging_mixin.py:190} INFO - [2024-10-13T22:04:13.726-0400] {dag.py:3239} INFO - Sync 1 DAGs
[2024-10-13T22:04:13.743-0400] {logging_mixin.py:190} INFO - [2024-10-13T22:04:13.743-0400] {dag.py:4180} INFO - Setting next_dagrun for api_fetch_dag to None, run_after=None
[2024-10-13T22:04:13.764-0400] {processor.py:208} INFO - Processing /Users/karenwang/airflow/dags/bixi_mvp_pipeline.py took 4.163 seconds
[2024-10-13T22:08:00.724-0400] {processor.py:186} INFO - Started process (PID=65479) to work on /Users/karenwang/airflow/dags/bixi_mvp_pipeline.py
[2024-10-13T22:08:00.726-0400] {processor.py:914} INFO - Processing file /Users/karenwang/airflow/dags/bixi_mvp_pipeline.py for tasks to queue
[2024-10-13T22:08:00.727-0400] {logging_mixin.py:190} INFO - [2024-10-13T22:08:00.727-0400] {dagbag.py:588} INFO - Filling up the DagBag from /Users/karenwang/airflow/dags/bixi_mvp_pipeline.py
[2024-10-13T22:08:04.584-0400] {logging_mixin.py:190} INFO - [2024-10-13T22:08:04.584-0400] {utils.py:148} INFO - Note: NumExpr detected 16 cores but "NUMEXPR_MAX_THREADS" not set, so enforcing safe limit of 8.
[2024-10-13T22:08:04.585-0400] {logging_mixin.py:190} INFO - [2024-10-13T22:08:04.585-0400] {utils.py:160} INFO - NumExpr defaulting to 8 threads.
[2024-10-13T22:08:04.888-0400] {processor.py:925} INFO - DAG(s) 'api_fetch_dag' retrieved from /Users/karenwang/airflow/dags/bixi_mvp_pipeline.py
[2024-10-13T22:08:05.104-0400] {logging_mixin.py:190} INFO - [2024-10-13T22:08:05.103-0400] {dag.py:3239} INFO - Sync 1 DAGs
[2024-10-13T22:08:05.121-0400] {logging_mixin.py:190} INFO - [2024-10-13T22:08:05.120-0400] {dag.py:4180} INFO - Setting next_dagrun for api_fetch_dag to None, run_after=None
[2024-10-13T22:08:05.147-0400] {processor.py:208} INFO - Processing /Users/karenwang/airflow/dags/bixi_mvp_pipeline.py took 4.428 seconds
[2024-10-13T22:11:54.512-0400] {processor.py:186} INFO - Started process (PID=66685) to work on /Users/karenwang/airflow/dags/bixi_mvp_pipeline.py
[2024-10-13T22:11:54.514-0400] {processor.py:914} INFO - Processing file /Users/karenwang/airflow/dags/bixi_mvp_pipeline.py for tasks to queue
[2024-10-13T22:11:54.515-0400] {logging_mixin.py:190} INFO - [2024-10-13T22:11:54.515-0400] {dagbag.py:588} INFO - Filling up the DagBag from /Users/karenwang/airflow/dags/bixi_mvp_pipeline.py
[2024-10-13T22:11:58.328-0400] {logging_mixin.py:190} INFO - [2024-10-13T22:11:58.328-0400] {utils.py:148} INFO - Note: NumExpr detected 16 cores but "NUMEXPR_MAX_THREADS" not set, so enforcing safe limit of 8.
[2024-10-13T22:11:58.329-0400] {logging_mixin.py:190} INFO - [2024-10-13T22:11:58.328-0400] {utils.py:160} INFO - NumExpr defaulting to 8 threads.
[2024-10-13T22:11:58.640-0400] {processor.py:925} INFO - DAG(s) 'api_fetch_dag' retrieved from /Users/karenwang/airflow/dags/bixi_mvp_pipeline.py
[2024-10-13T22:11:58.864-0400] {logging_mixin.py:190} INFO - [2024-10-13T22:11:58.863-0400] {dag.py:3239} INFO - Sync 1 DAGs
[2024-10-13T22:11:58.880-0400] {logging_mixin.py:190} INFO - [2024-10-13T22:11:58.880-0400] {dag.py:4180} INFO - Setting next_dagrun for api_fetch_dag to None, run_after=None
[2024-10-13T22:11:58.901-0400] {processor.py:208} INFO - Processing /Users/karenwang/airflow/dags/bixi_mvp_pipeline.py took 4.395 seconds
[2024-10-13T22:15:53.154-0400] {processor.py:186} INFO - Started process (PID=67912) to work on /Users/karenwang/airflow/dags/bixi_mvp_pipeline.py
[2024-10-13T22:15:53.156-0400] {processor.py:914} INFO - Processing file /Users/karenwang/airflow/dags/bixi_mvp_pipeline.py for tasks to queue
[2024-10-13T22:15:53.157-0400] {logging_mixin.py:190} INFO - [2024-10-13T22:15:53.157-0400] {dagbag.py:588} INFO - Filling up the DagBag from /Users/karenwang/airflow/dags/bixi_mvp_pipeline.py
[2024-10-13T22:15:57.252-0400] {logging_mixin.py:190} INFO - [2024-10-13T22:15:57.252-0400] {utils.py:148} INFO - Note: NumExpr detected 16 cores but "NUMEXPR_MAX_THREADS" not set, so enforcing safe limit of 8.
[2024-10-13T22:15:57.253-0400] {logging_mixin.py:190} INFO - [2024-10-13T22:15:57.253-0400] {utils.py:160} INFO - NumExpr defaulting to 8 threads.
[2024-10-13T22:15:57.596-0400] {processor.py:925} INFO - DAG(s) 'api_fetch_dag' retrieved from /Users/karenwang/airflow/dags/bixi_mvp_pipeline.py
[2024-10-13T22:15:57.858-0400] {logging_mixin.py:190} INFO - [2024-10-13T22:15:57.858-0400] {dag.py:3239} INFO - Sync 1 DAGs
[2024-10-13T22:15:57.878-0400] {logging_mixin.py:190} INFO - [2024-10-13T22:15:57.877-0400] {dag.py:4180} INFO - Setting next_dagrun for api_fetch_dag to None, run_after=None
[2024-10-13T22:15:57.900-0400] {processor.py:208} INFO - Processing /Users/karenwang/airflow/dags/bixi_mvp_pipeline.py took 4.753 seconds
[2024-10-13T22:19:51.617-0400] {processor.py:186} INFO - Started process (PID=69130) to work on /Users/karenwang/airflow/dags/bixi_mvp_pipeline.py
[2024-10-13T22:19:51.618-0400] {processor.py:914} INFO - Processing file /Users/karenwang/airflow/dags/bixi_mvp_pipeline.py for tasks to queue
[2024-10-13T22:19:51.620-0400] {logging_mixin.py:190} INFO - [2024-10-13T22:19:51.620-0400] {dagbag.py:588} INFO - Filling up the DagBag from /Users/karenwang/airflow/dags/bixi_mvp_pipeline.py
[2024-10-13T22:19:56.518-0400] {logging_mixin.py:190} INFO - [2024-10-13T22:19:56.518-0400] {utils.py:148} INFO - Note: NumExpr detected 16 cores but "NUMEXPR_MAX_THREADS" not set, so enforcing safe limit of 8.
[2024-10-13T22:19:56.519-0400] {logging_mixin.py:190} INFO - [2024-10-13T22:19:56.519-0400] {utils.py:160} INFO - NumExpr defaulting to 8 threads.
[2024-10-13T22:19:56.885-0400] {processor.py:925} INFO - DAG(s) 'api_fetch_dag' retrieved from /Users/karenwang/airflow/dags/bixi_mvp_pipeline.py
[2024-10-13T22:19:57.144-0400] {logging_mixin.py:190} INFO - [2024-10-13T22:19:57.143-0400] {dag.py:3239} INFO - Sync 1 DAGs
[2024-10-13T22:19:57.165-0400] {logging_mixin.py:190} INFO - [2024-10-13T22:19:57.165-0400] {dag.py:4180} INFO - Setting next_dagrun for api_fetch_dag to None, run_after=None
[2024-10-13T22:19:57.195-0400] {processor.py:208} INFO - Processing /Users/karenwang/airflow/dags/bixi_mvp_pipeline.py took 5.584 seconds
[2024-10-13T22:24:00.686-0400] {processor.py:186} INFO - Started process (PID=70454) to work on /Users/karenwang/airflow/dags/bixi_mvp_pipeline.py
[2024-10-13T22:24:00.688-0400] {processor.py:914} INFO - Processing file /Users/karenwang/airflow/dags/bixi_mvp_pipeline.py for tasks to queue
[2024-10-13T22:24:00.689-0400] {logging_mixin.py:190} INFO - [2024-10-13T22:24:00.689-0400] {dagbag.py:588} INFO - Filling up the DagBag from /Users/karenwang/airflow/dags/bixi_mvp_pipeline.py
[2024-10-13T22:24:04.903-0400] {logging_mixin.py:190} INFO - [2024-10-13T22:24:04.902-0400] {utils.py:148} INFO - Note: NumExpr detected 16 cores but "NUMEXPR_MAX_THREADS" not set, so enforcing safe limit of 8.
[2024-10-13T22:24:04.903-0400] {logging_mixin.py:190} INFO - [2024-10-13T22:24:04.903-0400] {utils.py:160} INFO - NumExpr defaulting to 8 threads.
[2024-10-13T22:24:05.252-0400] {processor.py:925} INFO - DAG(s) 'api_fetch_dag' retrieved from /Users/karenwang/airflow/dags/bixi_mvp_pipeline.py
[2024-10-13T22:24:05.510-0400] {logging_mixin.py:190} INFO - [2024-10-13T22:24:05.510-0400] {dag.py:3239} INFO - Sync 1 DAGs
[2024-10-13T22:24:05.527-0400] {logging_mixin.py:190} INFO - [2024-10-13T22:24:05.527-0400] {dag.py:4180} INFO - Setting next_dagrun for api_fetch_dag to None, run_after=None
[2024-10-13T22:24:05.551-0400] {processor.py:208} INFO - Processing /Users/karenwang/airflow/dags/bixi_mvp_pipeline.py took 4.871 seconds
[2024-10-13T22:29:22.972-0400] {processor.py:186} INFO - Started process (PID=72223) to work on /Users/karenwang/airflow/dags/bixi_mvp_pipeline.py
[2024-10-13T22:29:22.973-0400] {processor.py:914} INFO - Processing file /Users/karenwang/airflow/dags/bixi_mvp_pipeline.py for tasks to queue
[2024-10-13T22:29:22.975-0400] {logging_mixin.py:190} INFO - [2024-10-13T22:29:22.974-0400] {dagbag.py:588} INFO - Filling up the DagBag from /Users/karenwang/airflow/dags/bixi_mvp_pipeline.py
[2024-10-13T22:29:26.841-0400] {logging_mixin.py:190} INFO - [2024-10-13T22:29:26.841-0400] {utils.py:148} INFO - Note: NumExpr detected 16 cores but "NUMEXPR_MAX_THREADS" not set, so enforcing safe limit of 8.
[2024-10-13T22:29:26.841-0400] {logging_mixin.py:190} INFO - [2024-10-13T22:29:26.841-0400] {utils.py:160} INFO - NumExpr defaulting to 8 threads.
[2024-10-13T22:29:27.148-0400] {processor.py:925} INFO - DAG(s) 'api_fetch_dag' retrieved from /Users/karenwang/airflow/dags/bixi_mvp_pipeline.py
[2024-10-13T22:29:27.406-0400] {logging_mixin.py:190} INFO - [2024-10-13T22:29:27.405-0400] {dag.py:3239} INFO - Sync 1 DAGs
[2024-10-13T22:29:27.425-0400] {logging_mixin.py:190} INFO - [2024-10-13T22:29:27.424-0400] {dag.py:4180} INFO - Setting next_dagrun for api_fetch_dag to None, run_after=None
[2024-10-13T22:29:27.451-0400] {processor.py:208} INFO - Processing /Users/karenwang/airflow/dags/bixi_mvp_pipeline.py took 4.485 seconds
[2024-10-13T22:31:46.907-0400] {processor.py:186} INFO - Started process (PID=73059) to work on /Users/karenwang/airflow/dags/bixi_mvp_pipeline.py
[2024-10-13T22:31:46.909-0400] {processor.py:914} INFO - Processing file /Users/karenwang/airflow/dags/bixi_mvp_pipeline.py for tasks to queue
[2024-10-13T22:31:46.911-0400] {logging_mixin.py:190} INFO - [2024-10-13T22:31:46.910-0400] {dagbag.py:588} INFO - Filling up the DagBag from /Users/karenwang/airflow/dags/bixi_mvp_pipeline.py
[2024-10-13T22:31:51.325-0400] {logging_mixin.py:190} INFO - [2024-10-13T22:31:51.325-0400] {utils.py:148} INFO - Note: NumExpr detected 16 cores but "NUMEXPR_MAX_THREADS" not set, so enforcing safe limit of 8.
[2024-10-13T22:31:51.326-0400] {logging_mixin.py:190} INFO - [2024-10-13T22:31:51.326-0400] {utils.py:160} INFO - NumExpr defaulting to 8 threads.
[2024-10-13T22:31:51.674-0400] {processor.py:925} INFO - DAG(s) 'api_fetch_dag' retrieved from /Users/karenwang/airflow/dags/bixi_mvp_pipeline.py
[2024-10-13T22:31:51.928-0400] {logging_mixin.py:190} INFO - [2024-10-13T22:31:51.928-0400] {dag.py:3239} INFO - Sync 1 DAGs
[2024-10-13T22:31:51.950-0400] {logging_mixin.py:190} INFO - [2024-10-13T22:31:51.950-0400] {dag.py:4180} INFO - Setting next_dagrun for api_fetch_dag to None, run_after=None
[2024-10-13T22:31:51.977-0400] {processor.py:208} INFO - Processing /Users/karenwang/airflow/dags/bixi_mvp_pipeline.py took 5.077 seconds
[2024-10-13T22:38:33.618-0400] {processor.py:186} INFO - Started process (PID=75287) to work on /Users/karenwang/airflow/dags/bixi_mvp_pipeline.py
[2024-10-13T22:38:33.625-0400] {processor.py:914} INFO - Processing file /Users/karenwang/airflow/dags/bixi_mvp_pipeline.py for tasks to queue
[2024-10-13T22:38:33.627-0400] {logging_mixin.py:190} INFO - [2024-10-13T22:38:33.627-0400] {dagbag.py:588} INFO - Filling up the DagBag from /Users/karenwang/airflow/dags/bixi_mvp_pipeline.py
[2024-10-13T22:38:37.946-0400] {logging_mixin.py:190} INFO - [2024-10-13T22:38:37.946-0400] {utils.py:148} INFO - Note: NumExpr detected 16 cores but "NUMEXPR_MAX_THREADS" not set, so enforcing safe limit of 8.
[2024-10-13T22:38:37.947-0400] {logging_mixin.py:190} INFO - [2024-10-13T22:38:37.947-0400] {utils.py:160} INFO - NumExpr defaulting to 8 threads.
[2024-10-13T22:38:38.373-0400] {processor.py:925} INFO - DAG(s) 'api_fetch_dag' retrieved from /Users/karenwang/airflow/dags/bixi_mvp_pipeline.py
[2024-10-13T22:38:38.660-0400] {logging_mixin.py:190} INFO - [2024-10-13T22:38:38.660-0400] {dag.py:3239} INFO - Sync 1 DAGs
[2024-10-13T22:38:38.682-0400] {logging_mixin.py:190} INFO - [2024-10-13T22:38:38.681-0400] {dag.py:4180} INFO - Setting next_dagrun for api_fetch_dag to None, run_after=None
[2024-10-13T22:38:38.713-0400] {processor.py:208} INFO - Processing /Users/karenwang/airflow/dags/bixi_mvp_pipeline.py took 5.102 seconds
